#Software: Microsoft Internet Information Services 8.0
#Version: 1.0
#Date: 2017-08-23 11:35:43
#Fields: date time s-ip cs-method cs-uri-stem cs-uri-query s-port cs-username c-ip cs(User-Agent) cs(Referer) sc-status sc-substatus sc-win32-status time-taken
2017-08-23 11:35:42 ::1 POST /Service_Mobile.svc - 52898 - ::1 - - 401 2 5 15769
2017-08-23 11:35:42 ::1 POST /Service_Mobile.svc/mex - 52898 - ::1 - - 401 2 5 3
2017-08-23 11:35:42 ::1 GET /Service_Mobile.svc - 52898 - ::1 Mozilla/4.0+(compatible;+MSIE+6.0;+MS+Web+Services+Client+Protocol+4.0.30319.42000) - 401 2 5 3
2017-08-23 11:35:42 ::1 POST /Service_Mobile.svc - 52898 - ::1 - - 401 2 5 3
2017-08-23 11:35:42 ::1 POST /Service_Mobile.svc/mex - 52898 - ::1 - - 401 2 5 6
2017-08-23 11:35:42 ::1 GET /Service_Mobile.svc - 52898 - ::1 Mozilla/4.0+(compatible;+MSIE+6.0;+MS+Web+Services+Client+Protocol+4.0.30319.42000) - 401 2 5 9
#Software: Microsoft Internet Information Services 8.0
#Version: 1.0
#Date: 2017-08-23 11:39:44
#Fields: date time s-ip cs-method cs-uri-stem cs-uri-query s-port cs-username c-ip cs(User-Agent) cs(Referer) sc-status sc-substatus sc-win32-status time-taken
2017-08-23 11:39:44 ::1 POST /Service_Mobile.svc - 52898 - ::1 - - 401 2 5 11722
2017-08-23 11:39:44 ::1 POST /Service_Mobile.svc/mex - 52898 - ::1 - - 401 2 5 7
2017-08-23 11:39:44 ::1 GET /Service_Mobile.svc - 52898 - ::1 Mozilla/4.0+(compatible;+MSIE+6.0;+MS+Web+Services+Client+Protocol+4.0.30319.42000) - 401 2 5 8
2017-08-23 11:39:44 ::1 POST /Service_Mobile.svc - 52898 - ::1 - - 401 2 5 3
2017-08-23 11:39:44 ::1 GET /Service_Mobile.svc - 52898 - ::1 Mozilla/4.0+(compatible;+MSIE+6.0;+MS+Web+Services+Client+Protocol+4.0.30319.42000) - 401 2 5 11
2017-08-23 11:39:44 ::1 POST /Service_Mobile.svc/mex - 52898 - ::1 - - 401 2 5 15
#Software: Microsoft Internet Information Services 8.0
#Version: 1.0
#Date: 2017-08-23 11:42:44
#Fields: date time s-ip cs-method cs-uri-stem cs-uri-query s-port cs-username c-ip cs(User-Agent) cs(Referer) sc-status sc-substatus sc-win32-status time-taken
2017-08-23 11:42:44 ::1 POST /Service_Mobile.svc - 52898 - ::1 - - 500 0 0 8364
2017-08-23 11:42:44 ::1 POST /Service_Mobile.svc/mex - 52898 - ::1 - - 500 0 0 51
2017-08-23 11:42:44 ::1 GET /Service_Mobile.svc - 52898 - ::1 Mozilla/4.0+(compatible;+MSIE+6.0;+MS+Web+Services+Client+Protocol+4.0.30319.42000) - 500 0 0 68
2017-08-23 11:42:44 ::1 POST /Service_Mobile.svc - 52898 - ::1 - - 500 0 0 31
2017-08-23 11:42:44 ::1 POST /Service_Mobile.svc/mex - 52898 - ::1 - - 500 0 0 88
2017-08-23 11:42:44 ::1 GET /Service_Mobile.svc - 52898 - ::1 Mozilla/4.0+(compatible;+MSIE+6.0;+MS+Web+Services+Client+Protocol+4.0.30319.42000) - 500 0 0 93
#Software: Microsoft Internet Information Services 8.0
#Version: 1.0
#Date: 2017-08-23 11:43:58
#Fields: date time s-ip cs-method cs-uri-stem cs-uri-query s-port cs-username c-ip cs(User-Agent) cs(Referer) sc-status sc-substatus sc-win32-status time-taken
2017-08-23 11:43:58 ::1 GET /Service_Mobile.svc - 52898 - ::1 Mozilla/5.0+(Windows+NT+10.0;+Win64;+x64)+AppleWebKit/537.36+(KHTML,+like+Gecko)+Chrome/60.0.3112.101+Safari/537.36 - 401 2 5 8088
2017-08-23 11:43:58 ::1 GET /favicon.ico - 52898 - ::1 Mozilla/5.0+(Windows+NT+10.0;+Win64;+x64)+AppleWebKit/537.36+(KHTML,+like+Gecko)+Chrome/60.0.3112.101+Safari/537.36 http://localhost:52898/Service_Mobile.svc 401 2 5 15
#Software: Microsoft Internet Information Services 8.0
#Version: 1.0
#Date: 2017-08-23 12:44:02
#Fields: date time s-ip cs-method cs-uri-stem cs-uri-query s-port cs-username c-ip cs(User-Agent) cs(Referer) sc-status sc-substatus sc-win32-status time-taken
2017-08-23 12:44:02 ::1 POST /Service_Mobile.svc - 52898 - ::1 - - 401 2 5 11774
2017-08-23 12:44:02 ::1 POST /Service_Mobile.svc/mex - 52898 - ::1 - - 401 2 5 5
2017-08-23 12:44:02 ::1 GET /Service_Mobile.svc - 52898 - ::1 Mozilla/4.0+(compatible;+MSIE+6.0;+MS+Web+Services+Client+Protocol+4.0.30319.42000) - 401 2 5 7
2017-08-23 12:44:02 ::1 POST /Service_Mobile.svc - 52898 - ::1 - - 401 2 5 4
2017-08-23 12:44:02 ::1 POST /Service_Mobile.svc/mex - 52898 - ::1 - - 401 2 5 6
2017-08-23 12:44:02 ::1 GET /Service_Mobile.svc - 52898 - ::1 Mozilla/4.0+(compatible;+MSIE+6.0;+MS+Web+Services+Client+Protocol+4.0.30319.42000) - 401 2 5 6
#Software: Microsoft Internet Information Services 8.0
#Version: 1.0
#Date: 2017-08-23 12:45:45
#Fields: date time s-ip cs-method cs-uri-stem cs-uri-query s-port cs-username c-ip cs(User-Agent) cs(Referer) sc-status sc-substatus sc-win32-status time-taken
2017-08-23 12:45:45 ::1 GET /Service_Mobile.svc - 52898 - ::1 Mozilla/5.0+(Windows+NT+10.0;+Win64;+x64)+AppleWebKit/537.36+(KHTML,+like+Gecko)+Chrome/60.0.3112.101+Safari/537.36 - 401 2 5 14602
2017-08-23 12:45:45 ::1 GET /favicon.ico - 52898 - ::1 Mozilla/5.0+(Windows+NT+10.0;+Win64;+x64)+AppleWebKit/537.36+(KHTML,+like+Gecko)+Chrome/60.0.3112.101+Safari/537.36 http://localhost:52898/Service_Mobile.svc 401 2 5 4
2017-08-23 12:48:26 ::1 GET / - 52898 - ::1 Mozilla/5.0+(Windows+NT+10.0;+Win64;+x64)+AppleWebKit/537.36+(KHTML,+like+Gecko)+Chrome/42.0.2311.135+Safari/537.36+Edge/12.10240 - 401 2 5 13
2017-08-23 12:49:27 ::1 GET /Service_Mobile.svc - 52898 - ::1 Mozilla/5.0+(Windows+NT+10.0;+Win64;+x64)+AppleWebKit/537.36+(KHTML,+like+Gecko)+Chrome/60.0.3112.101+Safari/537.36 - 401 2 5 5
2017-08-23 12:49:27 ::1 GET /favicon.ico - 52898 - ::1 Mozilla/5.0+(Windows+NT+10.0;+Win64;+x64)+AppleWebKit/537.36+(KHTML,+like+Gecko)+Chrome/60.0.3112.101+Safari/537.36 http://localhost:52898/Service_Mobile.svc 401 2 5 7
#Software: Microsoft Internet Information Services 8.0
#Version: 1.0
#Date: 2017-08-23 12:50:28
#Fields: date time s-ip cs-method cs-uri-stem cs-uri-query s-port cs-username c-ip cs(User-Agent) cs(Referer) sc-status sc-substatus sc-win32-status time-taken
2017-08-23 12:50:28 ::1 GET /Service_Mobile.svc - 52898 - ::1 Mozilla/5.0+(Windows+NT+10.0;+Win64;+x64)+AppleWebKit/537.36+(KHTML,+like+Gecko)+Chrome/60.0.3112.101+Safari/537.36 - 401 2 5 456
2017-08-23 12:50:28 ::1 GET /favicon.ico - 52898 - ::1 Mozilla/5.0+(Windows+NT+10.0;+Win64;+x64)+AppleWebKit/537.36+(KHTML,+like+Gecko)+Chrome/60.0.3112.101+Safari/537.36 http://localhost:52898/Service_Mobile.svc 401 2 5 7
2017-08-23 12:52:32 ::1 GET /Service_Mobile.svc - 52898 - ::1 Mozilla/5.0+(Windows+NT+10.0;+Win64;+x64)+AppleWebKit/537.36+(KHTML,+like+Gecko)+Chrome/60.0.3112.101+Safari/537.36 - 401 2 5 4
2017-08-23 12:52:32 ::1 GET /favicon.ico - 52898 - ::1 Mozilla/5.0+(Windows+NT+10.0;+Win64;+x64)+AppleWebKit/537.36+(KHTML,+like+Gecko)+Chrome/60.0.3112.101+Safari/537.36 http://localhost:52898/Service_Mobile.svc 401 2 5 5
2017-08-23 12:57:24 ::1 GET /Service_Mobile.svc - 52898 - ::1 Mozilla/5.0+(Windows+NT+10.0;+Win64;+x64)+AppleWebKit/537.36+(KHTML,+like+Gecko)+Chrome/60.0.3112.101+Safari/537.36 - 401 2 5 5
2017-08-23 12:57:24 ::1 GET /favicon.ico - 52898 - ::1 Mozilla/5.0+(Windows+NT+10.0;+Win64;+x64)+AppleWebKit/537.36+(KHTML,+like+Gecko)+Chrome/60.0.3112.101+Safari/537.36 http://localhost:52898/Service_Mobile.svc 401 2 5 6
2017-08-23 12:58:45 ::1 GET /Service_Mobile.svc - 52898 - ::1 Mozilla/5.0+(Windows+NT+10.0;+Win64;+x64)+AppleWebKit/537.36+(KHTML,+like+Gecko)+Chrome/60.0.3112.101+Safari/537.36 - 401 2 5 9313
2017-08-23 12:58:45 ::1 GET /favicon.ico - 52898 - ::1 Mozilla/5.0+(Windows+NT+10.0;+Win64;+x64)+AppleWebKit/537.36+(KHTML,+like+Gecko)+Chrome/60.0.3112.101+Safari/537.36 http://localhost:52898/Service_Mobile.svc 401 2 5 4
#Software: Microsoft Internet Information Services 8.0
#Version: 1.0
#Date: 2017-08-23 13:01:34
#Fields: date time s-ip cs-method cs-uri-stem cs-uri-query s-port cs-username c-ip cs(User-Agent) cs(Referer) sc-status sc-substatus sc-win32-status time-taken
2017-08-23 13:01:34 ::1 POST /Service_Mobile.svc - 52898 - ::1 - - 401 2 5 1222
2017-08-23 13:01:34 ::1 POST /Service_Mobile.svc/mex - 52898 - ::1 - - 401 2 5 37
2017-08-23 13:01:34 ::1 GET /Service_Mobile.svc - 52898 - ::1 Mozilla/4.0+(compatible;+MSIE+6.0;+MS+Web+Services+Client+Protocol+4.0.30319.42000) - 401 2 5 43
2017-08-23 13:01:34 ::1 POST /Service_Mobile.svc - 52898 - ::1 - - 401 2 5 3
2017-08-23 13:01:34 ::1 GET /Service_Mobile.svc - 52898 - ::1 Mozilla/4.0+(compatible;+MSIE+6.0;+MS+Web+Services+Client+Protocol+4.0.30319.42000) - 401 2 5 4
2017-08-23 13:01:34 ::1 POST /Service_Mobile.svc/mex - 52898 - ::1 - - 401 2 5 6
