#Software: Microsoft Internet Information Services 8.0
#Version: 1.0
#Date: 2017-03-01 11:01:18
#Fields: date time s-ip cs-method cs-uri-stem cs-uri-query s-port cs-username c-ip cs(User-Agent) cs(Referer) sc-status sc-substatus sc-win32-status time-taken
2017-03-01 11:01:18 ::1 GET / - 52898 - ::1 Mozilla/5.0+(Windows+NT+10.0;+WOW64)+AppleWebKit/537.36+(KHTML,+like+Gecko)+Chrome/56.0.2924.87+Safari/537.36 - 401 2 5 15033
2017-03-01 11:01:18 ::1 GET /favicon.ico - 52898 - ::1 Mozilla/5.0+(Windows+NT+10.0;+WOW64)+AppleWebKit/537.36+(KHTML,+like+Gecko)+Chrome/56.0.2924.87+Safari/537.36 http://localhost:52898/ 401 2 5 6
2017-03-01 11:01:37 ::1 GET /service_mobile.svc - 52898 - ::1 Mozilla/5.0+(Windows+NT+10.0;+WOW64)+AppleWebKit/537.36+(KHTML,+like+Gecko)+Chrome/56.0.2924.87+Safari/537.36 - 401 2 5 21
2017-03-01 11:01:37 ::1 GET /favicon.ico - 52898 - ::1 Mozilla/5.0+(Windows+NT+10.0;+WOW64)+AppleWebKit/537.36+(KHTML,+like+Gecko)+Chrome/56.0.2924.87+Safari/537.36 http://localhost:52898/service_mobile.svc 401 2 5 22
2017-03-01 11:01:43 ::1 GET /service_mobile.svc - 52898 - ::1 Mozilla/5.0+(Windows+NT+10.0;+WOW64)+AppleWebKit/537.36+(KHTML,+like+Gecko)+Chrome/56.0.2924.87+Safari/537.36 - 401 2 5 22
2017-03-01 11:01:43 ::1 GET /favicon.ico - 52898 - ::1 Mozilla/5.0+(Windows+NT+10.0;+WOW64)+AppleWebKit/537.36+(KHTML,+like+Gecko)+Chrome/56.0.2924.87+Safari/537.36 http://localhost:52898/service_mobile.svc 401 2 5 1
2017-03-01 11:01:56 ::1 GET /Service_Mobile.svc - 52898 - ::1 Mozilla/5.0+(Windows+NT+10.0;+WOW64)+AppleWebKit/537.36+(KHTML,+like+Gecko)+Chrome/56.0.2924.87+Safari/537.36 - 401 2 5 20
2017-03-01 11:01:56 ::1 GET /favicon.ico - 52898 - ::1 Mozilla/5.0+(Windows+NT+10.0;+WOW64)+AppleWebKit/537.36+(KHTML,+like+Gecko)+Chrome/56.0.2924.87+Safari/537.36 http://localhost:52898/Service_Mobile.svc 401 2 5 15
#Software: Microsoft Internet Information Services 8.0
#Version: 1.0
#Date: 2017-03-01 11:02:32
#Fields: date time s-ip cs-method cs-uri-stem cs-uri-query s-port cs-username c-ip cs(User-Agent) cs(Referer) sc-status sc-substatus sc-win32-status time-taken
2017-03-01 11:02:32 ::1 GET /Service_Mobile.svc - 52898 - ::1 Mozilla/5.0+(Windows+NT+10.0;+WOW64)+AppleWebKit/537.36+(KHTML,+like+Gecko)+Chrome/56.0.2924.87+Safari/537.36 - 401 2 5 5261
2017-03-01 11:02:32 ::1 GET /favicon.ico - 52898 - ::1 Mozilla/5.0+(Windows+NT+10.0;+WOW64)+AppleWebKit/537.36+(KHTML,+like+Gecko)+Chrome/56.0.2924.87+Safari/537.36 http://localhost:52898/Service_Mobile.svc 401 2 5 16
#Software: Microsoft Internet Information Services 8.0
#Version: 1.0
#Date: 2017-03-01 11:31:42
#Fields: date time s-ip cs-method cs-uri-stem cs-uri-query s-port cs-username c-ip cs(User-Agent) cs(Referer) sc-status sc-substatus sc-win32-status time-taken
2017-03-01 11:31:42 ::1 GET /Service_Mobile.svc - 52898 - ::1 Mozilla/5.0+(Windows+NT+10.0;+WOW64)+AppleWebKit/537.36+(KHTML,+like+Gecko)+Chrome/56.0.2924.87+Safari/537.36 - 401 2 5 7441
2017-03-01 11:31:42 ::1 GET /favicon.ico - 52898 - ::1 Mozilla/5.0+(Windows+NT+10.0;+WOW64)+AppleWebKit/537.36+(KHTML,+like+Gecko)+Chrome/56.0.2924.87+Safari/537.36 http://localhost:52898/Service_Mobile.svc 401 2 5 10
#Software: Microsoft Internet Information Services 8.0
#Version: 1.0
#Date: 2017-03-01 11:32:21
#Fields: date time s-ip cs-method cs-uri-stem cs-uri-query s-port cs-username c-ip cs(User-Agent) cs(Referer) sc-status sc-substatus sc-win32-status time-taken
2017-03-01 11:32:21 ::1 GET / - 52898 - ::1 Mozilla/5.0+(Windows+NT+10.0;+WOW64)+AppleWebKit/537.36+(KHTML,+like+Gecko)+Chrome/56.0.2924.87+Safari/537.36 - 401 2 5 7414
2017-03-01 11:32:21 ::1 GET /favicon.ico - 52898 - ::1 Mozilla/5.0+(Windows+NT+10.0;+WOW64)+AppleWebKit/537.36+(KHTML,+like+Gecko)+Chrome/56.0.2924.87+Safari/537.36 http://localhost:52898/ 401 2 5 13
2017-03-01 11:36:06 ::1 GET /Service_Mobile.svc - 52898 - ::1 Mozilla/5.0+(Windows+NT+10.0;+WOW64)+AppleWebKit/537.36+(KHTML,+like+Gecko)+Chrome/56.0.2924.87+Safari/537.36 - 401 2 5 7
2017-03-01 11:36:06 ::1 GET /favicon.ico - 52898 - ::1 Mozilla/5.0+(Windows+NT+10.0;+WOW64)+AppleWebKit/537.36+(KHTML,+like+Gecko)+Chrome/56.0.2924.87+Safari/537.36 http://localhost:52898/Service_Mobile.svc 401 2 5 7
2017-03-01 11:36:13 ::1 POST /Service_Mobile.svc - 52898 - ::1 - - 401 2 5 4
2017-03-01 11:36:13 ::1 POST /Service_Mobile.svc/mex - 52898 - ::1 - - 401 2 5 5
2017-03-01 11:36:13 ::1 GET /Service_Mobile.svc - 52898 - ::1 Mozilla/4.0+(compatible;+MSIE+6.0;+MS+Web+Services+Client+Protocol+4.0.30319.42000) - 401 2 5 4
2017-03-01 11:36:13 ::1 POST /Service_Mobile.svc - 52898 - ::1 - - 401 2 5 3
2017-03-01 11:36:13 ::1 POST /Service_Mobile.svc/mex - 52898 - ::1 - - 401 2 5 6
2017-03-01 11:36:13 ::1 GET /Service_Mobile.svc - 52898 - ::1 Mozilla/4.0+(compatible;+MSIE+6.0;+MS+Web+Services+Client+Protocol+4.0.30319.42000) - 401 2 5 7
