#Software: Microsoft Internet Information Services 8.0
#Version: 1.0
#Date: 2017-05-15 14:03:23
#Fields: date time s-ip cs-method cs-uri-stem cs-uri-query s-port cs-username c-ip cs(User-Agent) cs(Referer) sc-status sc-substatus sc-win32-status time-taken
2017-05-15 14:03:23 ::1 POST /Service_Mobile.svc - 52898 - ::1 - - 401 2 5 8838
2017-05-15 14:03:23 ::1 GET /Service_Mobile.svc - 52898 - ::1 Mozilla/4.0+(compatible;+MSIE+6.0;+MS+Web+Services+Client+Protocol+4.0.30319.42000) - 401 2 5 11
2017-05-15 14:03:23 ::1 POST /Service_Mobile.svc/mex - 52898 - ::1 - - 401 2 5 10
2017-05-15 14:03:23 ::1 POST /Service_Mobile.svc - 52898 - ::1 - - 401 2 5 5
2017-05-15 14:03:23 ::1 POST /Service_Mobile.svc/mex - 52898 - ::1 - - 401 2 5 30
2017-05-15 14:03:23 ::1 GET /Service_Mobile.svc - 52898 - ::1 Mozilla/4.0+(compatible;+MSIE+6.0;+MS+Web+Services+Client+Protocol+4.0.30319.42000) - 401 2 5 30
#Software: Microsoft Internet Information Services 8.0
#Version: 1.0
#Date: 2017-05-15 14:11:05
#Fields: date time s-ip cs-method cs-uri-stem cs-uri-query s-port cs-username c-ip cs(User-Agent) cs(Referer) sc-status sc-substatus sc-win32-status time-taken
2017-05-15 14:11:05 ::1 GET / - 52898 - ::1 Mozilla/5.0+(Windows+NT+10.0;+Win64;+x64)+AppleWebKit/537.36+(KHTML,+like+Gecko)+Chrome/58.0.3029.110+Safari/537.36 - 401 2 5 938
2017-05-15 14:11:05 ::1 GET /favicon.ico - 52898 - ::1 Mozilla/5.0+(Windows+NT+10.0;+Win64;+x64)+AppleWebKit/537.36+(KHTML,+like+Gecko)+Chrome/58.0.3029.110+Safari/537.36 http://localhost:52898/ 401 2 5 23
#Software: Microsoft Internet Information Services 8.0
#Version: 1.0
#Date: 2017-05-15 14:13:02
#Fields: date time s-ip cs-method cs-uri-stem cs-uri-query s-port cs-username c-ip cs(User-Agent) cs(Referer) sc-status sc-substatus sc-win32-status time-taken
2017-05-15 14:13:02 ::1 GET / - 52898 - ::1 Mozilla/5.0+(Windows+NT+10.0;+Win64;+x64)+AppleWebKit/537.36+(KHTML,+like+Gecko)+Chrome/58.0.3029.110+Safari/537.36 - 401 2 5 5397
2017-05-15 14:13:02 ::1 GET /favicon.ico - 52898 - ::1 Mozilla/5.0+(Windows+NT+10.0;+Win64;+x64)+AppleWebKit/537.36+(KHTML,+like+Gecko)+Chrome/58.0.3029.110+Safari/537.36 http://localhost:52898/ 401 2 5 4
