#Software: Microsoft Internet Information Services 8.0
#Version: 1.0
#Date: 2018-03-13 10:06:37
#Fields: date time s-ip cs-method cs-uri-stem cs-uri-query s-port cs-username c-ip cs(User-Agent) cs(Referer) sc-status sc-substatus sc-win32-status time-taken
2018-03-13 10:06:37 ::1 GET /Service_Mobile.svc - 52898 - ::1 Mozilla/5.0+(Windows+NT+10.0;+Win64;+x64)+AppleWebKit/537.36+(KHTML,+like+Gecko)+Chrome/64.0.3282.186+Safari/537.36 - 401 2 5 24482
2018-03-13 10:06:37 ::1 GET /favicon.ico - 52898 - ::1 Mozilla/5.0+(Windows+NT+10.0;+Win64;+x64)+AppleWebKit/537.36+(KHTML,+like+Gecko)+Chrome/64.0.3282.186+Safari/537.36 http://localhost:52898/Service_Mobile.svc 401 2 5 12
2018-03-13 10:12:13 ::1 GET /Service_Mobile.svc - 52898 - ::1 Mozilla/5.0+(Windows+NT+10.0;+Win64;+x64)+AppleWebKit/537.36+(KHTML,+like+Gecko)+Chrome/64.0.3282.186+Safari/537.36 - 200 0 0 20780
2018-03-13 10:12:13 ::1 GET /favicon.ico - 52898 - ::1 Mozilla/5.0+(Windows+NT+10.0;+Win64;+x64)+AppleWebKit/537.36+(KHTML,+like+Gecko)+Chrome/64.0.3282.186+Safari/537.36 http://localhost:52898/Service_Mobile.svc 404 0 2 8
#Software: Microsoft Internet Information Services 8.0
#Version: 1.0
#Date: 2018-03-13 10:13:42
#Fields: date time s-ip cs-method cs-uri-stem cs-uri-query s-port cs-username c-ip cs(User-Agent) cs(Referer) sc-status sc-substatus sc-win32-status time-taken
2018-03-13 10:13:42 ::1 POST /Service_Mobile.svc - 52898 - ::1 - - 415 0 0 18196
2018-03-13 10:13:45 ::1 GET /Service_Mobile.svc - 52898 - ::1 Mozilla/4.0+(compatible;+MSIE+6.0;+MS+Web+Services+Client+Protocol+4.0.30319.42000) - 200 0 0 3471
2018-03-13 10:13:45 ::1 GET /Service_Mobile.svc disco 52898 - ::1 Mozilla/4.0+(compatible;+MSIE+6.0;+MS+Web+Services+Client+Protocol+4.0.30319.42000) - 200 0 0 214
2018-03-13 10:13:45 ::1 GET /Service_Mobile.svc wsdl 52898 - ::1 Mozilla/4.0+(compatible;+MSIE+6.0;+MS+Web+Services+Client+Protocol+4.0.30319.42000) - 200 0 0 68
2018-03-13 10:13:45 ::1 GET /Service_Mobile.svc xsd=xsd0 52898 - ::1 Mozilla/4.0+(compatible;+MSIE+6.0;+MS+Web+Services+Client+Protocol+4.0.30319.42000) - 200 0 0 255
2018-03-13 10:13:45 ::1 GET /Service_Mobile.svc xsd=xsd2 52898 - ::1 Mozilla/4.0+(compatible;+MSIE+6.0;+MS+Web+Services+Client+Protocol+4.0.30319.42000) - 200 0 0 61
2018-03-13 10:13:45 ::1 GET /Service_Mobile.svc xsd=xsd3 52898 - ::1 Mozilla/4.0+(compatible;+MSIE+6.0;+MS+Web+Services+Client+Protocol+4.0.30319.42000) - 200 0 0 98
2018-03-13 10:13:45 ::1 GET /Service_Mobile.svc xsd=xsd1 52898 - ::1 Mozilla/4.0+(compatible;+MSIE+6.0;+MS+Web+Services+Client+Protocol+4.0.30319.42000) - 200 0 0 67
2018-03-13 10:13:45 ::1 GET /Service_Mobile.svc xsd=xsd4 52898 - ::1 Mozilla/4.0+(compatible;+MSIE+6.0;+MS+Web+Services+Client+Protocol+4.0.30319.42000) - 200 0 0 9
2018-03-13 10:13:45 ::1 GET /Service_Mobile.svc xsd=xsd5 52898 - ::1 Mozilla/4.0+(compatible;+MSIE+6.0;+MS+Web+Services+Client+Protocol+4.0.30319.42000) - 200 0 0 10
2018-03-13 10:13:45 ::1 GET /Service_Mobile.svc xsd=xsd6 52898 - ::1 Mozilla/4.0+(compatible;+MSIE+6.0;+MS+Web+Services+Client+Protocol+4.0.30319.42000) - 200 0 0 8
2018-03-13 10:13:45 ::1 GET /Service_Mobile.svc xsd=xsd7 52898 - ::1 Mozilla/4.0+(compatible;+MSIE+6.0;+MS+Web+Services+Client+Protocol+4.0.30319.42000) - 200 0 0 19
2018-03-13 10:13:45 ::1 GET /Service_Mobile.svc xsd=xsd8 52898 - ::1 Mozilla/4.0+(compatible;+MSIE+6.0;+MS+Web+Services+Client+Protocol+4.0.30319.42000) - 200 0 0 9
2018-03-13 10:13:46 ::1 GET /Service_Mobile.svc xsd=xsd9 52898 - ::1 Mozilla/4.0+(compatible;+MSIE+6.0;+MS+Web+Services+Client+Protocol+4.0.30319.42000) - 200 0 0 46
2018-03-13 10:13:46 ::1 POST /Service_Mobile.svc/mex - 52898 - ::1 - - 200 0 0 4487
#Software: Microsoft Internet Information Services 8.0
#Version: 1.0
#Date: 2018-03-13 10:35:00
#Fields: date time s-ip cs-method cs-uri-stem cs-uri-query s-port cs-username c-ip cs(User-Agent) cs(Referer) sc-status sc-substatus sc-win32-status time-taken
2018-03-13 10:35:00 ::1 POST /Service_Mobile.svc - 52898 - ::1 - - 200 0 64 1172116
#Software: Microsoft Internet Information Services 8.0
#Version: 1.0
#Date: 2018-03-13 10:38:56
#Fields: date time s-ip cs-method cs-uri-stem cs-uri-query s-port cs-username c-ip cs(User-Agent) cs(Referer) sc-status sc-substatus sc-win32-status time-taken
2018-03-13 10:38:56 ::1 POST /Service_Mobile.svc - 52898 - ::1 - - 415 0 0 25727
2018-03-13 10:39:02 ::1 GET /Service_Mobile.svc - 52898 - ::1 Mozilla/4.0+(compatible;+MSIE+6.0;+MS+Web+Services+Client+Protocol+4.0.30319.42000) - 200 0 0 5589
2018-03-13 10:39:02 ::1 GET /Service_Mobile.svc disco 52898 - ::1 Mozilla/4.0+(compatible;+MSIE+6.0;+MS+Web+Services+Client+Protocol+4.0.30319.42000) - 200 0 0 17
2018-03-13 10:39:02 ::1 GET /Service_Mobile.svc wsdl 52898 - ::1 Mozilla/4.0+(compatible;+MSIE+6.0;+MS+Web+Services+Client+Protocol+4.0.30319.42000) - 200 0 0 163
2018-03-13 10:39:02 ::1 GET /Service_Mobile.svc xsd=xsd0 52898 - ::1 Mozilla/4.0+(compatible;+MSIE+6.0;+MS+Web+Services+Client+Protocol+4.0.30319.42000) - 200 0 0 54
2018-03-13 10:39:02 ::1 POST /Service_Mobile.svc/mex - 52898 - ::1 - - 200 0 0 6442
2018-03-13 10:39:02 ::1 GET /Service_Mobile.svc xsd=xsd2 52898 - ::1 Mozilla/4.0+(compatible;+MSIE+6.0;+MS+Web+Services+Client+Protocol+4.0.30319.42000) - 200 0 0 20
2018-03-13 10:39:02 ::1 GET /Service_Mobile.svc xsd=xsd3 52898 - ::1 Mozilla/4.0+(compatible;+MSIE+6.0;+MS+Web+Services+Client+Protocol+4.0.30319.42000) - 200 0 0 7
2018-03-13 10:39:02 ::1 GET /Service_Mobile.svc xsd=xsd1 52898 - ::1 Mozilla/4.0+(compatible;+MSIE+6.0;+MS+Web+Services+Client+Protocol+4.0.30319.42000) - 200 0 0 8
2018-03-13 10:39:02 ::1 GET /Service_Mobile.svc xsd=xsd4 52898 - ::1 Mozilla/4.0+(compatible;+MSIE+6.0;+MS+Web+Services+Client+Protocol+4.0.30319.42000) - 200 0 0 14
2018-03-13 10:39:02 ::1 GET /Service_Mobile.svc xsd=xsd5 52898 - ::1 Mozilla/4.0+(compatible;+MSIE+6.0;+MS+Web+Services+Client+Protocol+4.0.30319.42000) - 200 0 0 12
2018-03-13 10:39:02 ::1 GET /Service_Mobile.svc xsd=xsd6 52898 - ::1 Mozilla/4.0+(compatible;+MSIE+6.0;+MS+Web+Services+Client+Protocol+4.0.30319.42000) - 200 0 0 19
2018-03-13 10:39:02 ::1 GET /Service_Mobile.svc xsd=xsd7 52898 - ::1 Mozilla/4.0+(compatible;+MSIE+6.0;+MS+Web+Services+Client+Protocol+4.0.30319.42000) - 200 0 0 43
2018-03-13 10:39:03 ::1 GET /Service_Mobile.svc xsd=xsd8 52898 - ::1 Mozilla/4.0+(compatible;+MSIE+6.0;+MS+Web+Services+Client+Protocol+4.0.30319.42000) - 200 0 0 40
2018-03-13 10:39:03 ::1 GET /Service_Mobile.svc xsd=xsd9 52898 - ::1 Mozilla/4.0+(compatible;+MSIE+6.0;+MS+Web+Services+Client+Protocol+4.0.30319.42000) - 200 0 0 10
2018-03-13 10:40:00 ::1 POST /Service_Mobile.svc - 52898 - ::1 - - 200 0 0 24357
2018-03-13 10:48:54 ::1 POST /Service_Mobile.svc - 52898 - ::1 - - 200 0 64 516596
2018-03-13 10:49:13 ::1 POST /Service_Mobile.svc - 52898 - ::1 - - 200 0 0 17808
#Software: Microsoft Internet Information Services 8.0
#Version: 1.0
#Date: 2018-03-13 10:49:56
#Fields: date time s-ip cs-method cs-uri-stem cs-uri-query s-port cs-username c-ip cs(User-Agent) cs(Referer) sc-status sc-substatus sc-win32-status time-taken
2018-03-13 10:49:56 ::1 POST /Service_Mobile.svc - 52898 - ::1 - - 415 0 0 26639
2018-03-13 10:50:01 ::1 GET /Service_Mobile.svc - 52898 - ::1 Mozilla/4.0+(compatible;+MSIE+6.0;+MS+Web+Services+Client+Protocol+4.0.30319.42000) - 200 0 0 3669
2018-03-13 10:50:01 ::1 GET /Service_Mobile.svc disco 52898 - ::1 Mozilla/4.0+(compatible;+MSIE+6.0;+MS+Web+Services+Client+Protocol+4.0.30319.42000) - 200 0 0 20
2018-03-13 10:50:01 ::1 GET /Service_Mobile.svc wsdl 52898 - ::1 Mozilla/4.0+(compatible;+MSIE+6.0;+MS+Web+Services+Client+Protocol+4.0.30319.42000) - 200 0 0 43
2018-03-13 10:50:01 ::1 GET /Service_Mobile.svc xsd=xsd0 52898 - ::1 Mozilla/4.0+(compatible;+MSIE+6.0;+MS+Web+Services+Client+Protocol+4.0.30319.42000) - 200 0 0 117
2018-03-13 10:50:01 ::1 GET /Service_Mobile.svc xsd=xsd2 52898 - ::1 Mozilla/4.0+(compatible;+MSIE+6.0;+MS+Web+Services+Client+Protocol+4.0.30319.42000) - 200 0 0 93
2018-03-13 10:50:01 ::1 GET /Service_Mobile.svc xsd=xsd3 52898 - ::1 Mozilla/4.0+(compatible;+MSIE+6.0;+MS+Web+Services+Client+Protocol+4.0.30319.42000) - 200 0 0 12
2018-03-13 10:50:01 ::1 GET /Service_Mobile.svc xsd=xsd1 52898 - ::1 Mozilla/4.0+(compatible;+MSIE+6.0;+MS+Web+Services+Client+Protocol+4.0.30319.42000) - 200 0 0 16
2018-03-13 10:50:01 ::1 GET /Service_Mobile.svc xsd=xsd4 52898 - ::1 Mozilla/4.0+(compatible;+MSIE+6.0;+MS+Web+Services+Client+Protocol+4.0.30319.42000) - 200 0 0 11
2018-03-13 10:50:01 ::1 GET /Service_Mobile.svc xsd=xsd5 52898 - ::1 Mozilla/4.0+(compatible;+MSIE+6.0;+MS+Web+Services+Client+Protocol+4.0.30319.42000) - 200 0 0 9
2018-03-13 10:50:01 ::1 GET /Service_Mobile.svc xsd=xsd6 52898 - ::1 Mozilla/4.0+(compatible;+MSIE+6.0;+MS+Web+Services+Client+Protocol+4.0.30319.42000) - 200 0 0 254
2018-03-13 10:50:01 ::1 POST /Service_Mobile.svc/mex - 52898 - ::1 - - 200 0 0 4537
2018-03-13 10:50:01 ::1 GET /Service_Mobile.svc xsd=xsd7 52898 - ::1 Mozilla/4.0+(compatible;+MSIE+6.0;+MS+Web+Services+Client+Protocol+4.0.30319.42000) - 200 0 0 14
2018-03-13 10:50:01 ::1 GET /Service_Mobile.svc xsd=xsd8 52898 - ::1 Mozilla/4.0+(compatible;+MSIE+6.0;+MS+Web+Services+Client+Protocol+4.0.30319.42000) - 200 0 0 7
2018-03-13 10:50:01 ::1 GET /Service_Mobile.svc xsd=xsd9 52898 - ::1 Mozilla/4.0+(compatible;+MSIE+6.0;+MS+Web+Services+Client+Protocol+4.0.30319.42000) - 200 0 0 5
#Software: Microsoft Internet Information Services 8.0
#Version: 1.0
#Date: 2018-03-13 11:02:32
#Fields: date time s-ip cs-method cs-uri-stem cs-uri-query s-port cs-username c-ip cs(User-Agent) cs(Referer) sc-status sc-substatus sc-win32-status time-taken
2018-03-13 11:02:32 ::1 POST /Service_Mobile.svc - 52898 - ::1 - - 415 0 0 18745
2018-03-13 11:02:37 ::1 GET /Service_Mobile.svc - 52898 - ::1 Mozilla/4.0+(compatible;+MSIE+6.0;+MS+Web+Services+Client+Protocol+4.0.30319.42000) - 200 0 0 4905
2018-03-13 11:02:37 ::1 GET /Service_Mobile.svc disco 52898 - ::1 Mozilla/4.0+(compatible;+MSIE+6.0;+MS+Web+Services+Client+Protocol+4.0.30319.42000) - 200 0 0 18
2018-03-13 11:02:37 ::1 GET /Service_Mobile.svc wsdl 52898 - ::1 Mozilla/4.0+(compatible;+MSIE+6.0;+MS+Web+Services+Client+Protocol+4.0.30319.42000) - 200 0 0 37
2018-03-13 11:02:37 ::1 GET /Service_Mobile.svc xsd=xsd0 52898 - ::1 Mozilla/4.0+(compatible;+MSIE+6.0;+MS+Web+Services+Client+Protocol+4.0.30319.42000) - 200 0 0 306
2018-03-13 11:02:37 ::1 GET /Service_Mobile.svc xsd=xsd2 52898 - ::1 Mozilla/4.0+(compatible;+MSIE+6.0;+MS+Web+Services+Client+Protocol+4.0.30319.42000) - 200 0 0 35
2018-03-13 11:02:37 ::1 GET /Service_Mobile.svc xsd=xsd3 52898 - ::1 Mozilla/4.0+(compatible;+MSIE+6.0;+MS+Web+Services+Client+Protocol+4.0.30319.42000) - 200 0 0 59
2018-03-13 11:02:37 ::1 POST /Service_Mobile.svc/mex - 52898 - ::1 - - 200 0 0 5398
2018-03-13 11:02:37 ::1 GET /Service_Mobile.svc xsd=xsd1 52898 - ::1 Mozilla/4.0+(compatible;+MSIE+6.0;+MS+Web+Services+Client+Protocol+4.0.30319.42000) - 200 0 0 37
2018-03-13 11:02:37 ::1 GET /Service_Mobile.svc xsd=xsd4 52898 - ::1 Mozilla/4.0+(compatible;+MSIE+6.0;+MS+Web+Services+Client+Protocol+4.0.30319.42000) - 200 0 0 10
2018-03-13 11:02:37 ::1 GET /Service_Mobile.svc xsd=xsd5 52898 - ::1 Mozilla/4.0+(compatible;+MSIE+6.0;+MS+Web+Services+Client+Protocol+4.0.30319.42000) - 200 0 0 8
2018-03-13 11:02:37 ::1 GET /Service_Mobile.svc xsd=xsd6 52898 - ::1 Mozilla/4.0+(compatible;+MSIE+6.0;+MS+Web+Services+Client+Protocol+4.0.30319.42000) - 200 0 0 25
2018-03-13 11:02:37 ::1 GET /Service_Mobile.svc xsd=xsd7 52898 - ::1 Mozilla/4.0+(compatible;+MSIE+6.0;+MS+Web+Services+Client+Protocol+4.0.30319.42000) - 200 0 0 12
2018-03-13 11:02:37 ::1 GET /Service_Mobile.svc xsd=xsd8 52898 - ::1 Mozilla/4.0+(compatible;+MSIE+6.0;+MS+Web+Services+Client+Protocol+4.0.30319.42000) - 200 0 0 11
2018-03-13 11:02:37 ::1 GET /Service_Mobile.svc xsd=xsd9 52898 - ::1 Mozilla/4.0+(compatible;+MSIE+6.0;+MS+Web+Services+Client+Protocol+4.0.30319.42000) - 200 0 0 8
2018-03-13 11:04:25 ::1 POST /Service_Mobile.svc - 52898 - ::1 - - 500 0 0 23310
2018-03-13 11:05:38 ::1 POST /Service_Mobile.svc - 52898 - ::1 - - 200 0 0 53009
