#Software: Microsoft Internet Information Services 8.0
#Version: 1.0
#Date: 2017-02-15 16:16:15
#Fields: date time s-ip cs-method cs-uri-stem cs-uri-query s-port cs-username c-ip cs(User-Agent) cs(Referer) sc-status sc-substatus sc-win32-status time-taken
2017-02-15 16:16:15 ::1 GET /Service_Expense.svc - 2831 - ::1 Mozilla/5.0+(Windows+NT+10.0;+WOW64)+AppleWebKit/537.36+(KHTML,+like+Gecko)+Chrome/55.0.2883.87+Safari/537.36 - 200 0 0 17525
2017-02-15 16:18:00 ::1 POST /Service_Login.svc - 2831 - ::1 - - 200 0 0 2354
2017-02-15 16:18:00 ::1 POST /Service_Login.svc - 2831 - ::1 - - 200 0 0 125
2017-02-15 16:18:01 ::1 POST /Service_Expense.svc - 2831 - ::1 - - 200 0 0 147
2017-02-15 16:18:26 ::1 POST /Service_Expense.svc - 2831 - ::1 - - 200 0 0 110
2017-02-15 16:18:26 ::1 POST /Service_Expense.svc - 2831 - ::1 - - 200 0 0 218
2017-02-15 16:18:28 ::1 POST /Service_Expense.svc - 2831 - ::1 - - 200 0 0 1021
2017-02-15 16:18:31 ::1 POST /Service_Expense.svc - 2831 - ::1 - - 200 0 0 39
2017-02-15 16:21:57 ::1 POST /Service_Expense.svc - 2831 - ::1 - - 200 0 0 42
2017-02-15 16:21:57 ::1 POST /Service_Expense.svc - 2831 - ::1 - - 200 0 0 73
2017-02-15 16:21:57 ::1 POST /Service_Expense.svc - 2831 - ::1 - - 200 0 0 558
2017-02-15 16:21:57 ::1 POST /Service_Expense.svc - 2831 - ::1 - - 200 0 0 40
2017-02-15 16:22:16 ::1 POST /Service_Expense.svc - 2831 - ::1 - - 200 0 0 111
2017-02-15 16:22:45 ::1 POST /Service_Expense.svc - 2831 - ::1 - - 200 0 0 5653
2017-02-15 16:23:05 ::1 POST /Service_Expense.svc - 2831 - ::1 - - 200 0 0 52
2017-02-15 16:23:09 ::1 POST /Service_Expense.svc - 2831 - ::1 - - 200 0 0 3466
2017-02-15 16:23:14 ::1 POST /Service_Expense.svc - 2831 - ::1 - - 200 0 0 56
2017-02-15 16:23:18 ::1 POST /Service_Expense.svc - 2831 - ::1 - - 200 0 0 3559
2017-02-15 16:23:19 ::1 POST /Service_Expense.svc - 2831 - ::1 - - 200 0 0 35
2017-02-15 16:23:22 ::1 POST /Service_Expense.svc - 2831 - ::1 - - 200 0 0 3303
2017-02-15 16:24:40 ::1 POST /Service_Expense.svc - 2831 - ::1 - - 200 0 0 38
2017-02-15 16:24:40 ::1 POST /Service_Expense.svc - 2831 - ::1 - - 200 0 0 31
2017-02-15 16:24:40 ::1 POST /Service_Expense.svc - 2831 - ::1 - - 200 0 0 144
2017-02-15 16:24:40 ::1 POST /Service_Expense.svc - 2831 - ::1 - - 200 0 0 22
2017-02-15 16:24:51 ::1 POST /Service_Expense.svc - 2831 - ::1 - - 200 0 0 42
2017-02-15 16:24:54 ::1 POST /Service_Expense.svc - 2831 - ::1 - - 200 0 0 3470
2017-02-15 16:27:10 ::1 POST /Service_Login.svc - 2831 - ::1 - - 200 0 0 34
2017-02-15 16:27:10 ::1 POST /Service_Login.svc - 2831 - ::1 - - 200 0 0 30
2017-02-15 16:27:10 ::1 POST /Service_Expense.svc - 2831 - ::1 - - 200 0 0 61
2017-02-15 16:27:15 ::1 POST /Service_Expense.svc - 2831 - ::1 - - 200 0 0 27
2017-02-15 16:27:15 ::1 POST /Service_Expense.svc - 2831 - ::1 - - 200 0 0 27
2017-02-15 16:27:15 ::1 POST /Service_Expense.svc - 2831 - ::1 - - 200 0 0 120
2017-02-15 16:27:15 ::1 POST /Service_Expense.svc - 2831 - ::1 - - 200 0 0 23
2017-02-15 16:27:26 ::1 POST /Service_Expense.svc - 2831 - ::1 - - 200 0 0 26
2017-02-15 16:27:51 ::1 POST /Service_Expense.svc - 2831 - ::1 - - 200 0 0 3213
2017-02-15 16:28:27 ::1 POST /Service_Expense.svc - 2831 - ::1 - - 200 0 0 57
2017-02-15 16:29:26 ::1 GET /Service_Expense.svc - 2831 - ::1 Mozilla/4.0+(compatible;+MSIE+6.0;+MS+Web+Services+Client+Protocol+4.0.30319.42000) - 200 0 0 41
2017-02-15 16:29:26 ::1 GET /Service_Expense.svc disco 2831 - ::1 Mozilla/4.0+(compatible;+MSIE+6.0;+MS+Web+Services+Client+Protocol+4.0.30319.42000) - 200 0 0 5
2017-02-15 16:29:26 ::1 OPTIONS /Service_Expense.svc/_vti_bin/ListData.svc/$metadata - 2831 - ::1 - - 400 0 0 164
2017-02-15 16:29:26 ::1 GET /Service_Expense.svc/$metadata - 2831 - ::1 Mozilla/4.0+(compatible;+MSIE+6.0;+MS+Web+Services+Client+Protocol+4.0.30319.42000) - 400 0 0 164
2017-02-15 16:29:26 ::1 GET /Service_Expense.svc/_vti_bin/ListData.svc/$metadata - 2831 - ::1 Mozilla/4.0+(compatible;+MSIE+6.0;+MS+Web+Services+Client+Protocol+4.0.30319.42000) - 400 0 0 164
2017-02-15 16:29:26 ::1 GET /Service_Expense.svc wsdl 2831 - ::1 Mozilla/4.0+(compatible;+MSIE+6.0;+MS+Web+Services+Client+Protocol+4.0.30319.42000) - 200 0 0 182
2017-02-15 16:29:26 ::1 GET /Service_Expense.svc wsdl=wsdl0 2831 - ::1 Mozilla/4.0+(compatible;+MSIE+6.0;+MS+Web+Services+Client+Protocol+4.0.30319.42000) - 200 0 0 27
2017-02-15 16:29:26 ::1 GET /Service_Expense.svc xsd=xsd0 2831 - ::1 Mozilla/4.0+(compatible;+MSIE+6.0;+MS+Web+Services+Client+Protocol+4.0.30319.42000) - 200 0 0 254
2017-02-15 16:29:26 ::1 GET /Service_Expense.svc xsd=xsd2 2831 - ::1 Mozilla/4.0+(compatible;+MSIE+6.0;+MS+Web+Services+Client+Protocol+4.0.30319.42000) - 200 0 0 19
2017-02-15 16:29:26 ::1 GET /Service_Expense.svc xsd=xsd1 2831 - ::1 Mozilla/4.0+(compatible;+MSIE+6.0;+MS+Web+Services+Client+Protocol+4.0.30319.42000) - 200 0 0 11
2017-02-15 16:29:26 ::1 GET /Service_Expense.svc xsd=xsd4 2831 - ::1 Mozilla/4.0+(compatible;+MSIE+6.0;+MS+Web+Services+Client+Protocol+4.0.30319.42000) - 200 0 0 4
2017-02-15 16:29:26 ::1 GET /Service_Expense.svc xsd=xsd3 2831 - ::1 Mozilla/4.0+(compatible;+MSIE+6.0;+MS+Web+Services+Client+Protocol+4.0.30319.42000) - 200 0 0 13
2017-02-15 16:29:26 ::1 GET /Service_Expense.svc xsd=xsd5 2831 - ::1 Mozilla/4.0+(compatible;+MSIE+6.0;+MS+Web+Services+Client+Protocol+4.0.30319.42000) - 200 0 0 9
2017-02-15 16:29:26 ::1 GET /Service_Expense.svc xsd=xsd6 2831 - ::1 Mozilla/4.0+(compatible;+MSIE+6.0;+MS+Web+Services+Client+Protocol+4.0.30319.42000) - 200 0 0 11
2017-02-15 16:29:26 ::1 GET /Service_Expense.svc xsd=xsd7 2831 - ::1 Mozilla/4.0+(compatible;+MSIE+6.0;+MS+Web+Services+Client+Protocol+4.0.30319.42000) - 200 0 0 3
2017-02-15 16:29:28 ::1 POST /Service_Expense.svc - 2831 - ::1 - - 415 0 0 74
2017-02-15 16:29:28 ::1 POST /Service_Expense.svc/mex - 2831 - ::1 - - 200 0 0 204
2017-02-15 16:39:37 ::1 POST /Service_Login.svc - 2831 - ::1 - - 200 0 0 37
2017-02-15 16:39:37 ::1 POST /Service_Login.svc - 2831 - ::1 - - 200 0 0 31
2017-02-15 16:39:37 ::1 POST /Service_Expense.svc - 2831 - ::1 - - 200 0 0 63
2017-02-15 16:39:43 ::1 POST /Service_Expense.svc - 2831 - ::1 - - 200 0 0 46
2017-02-15 16:39:43 ::1 POST /Service_Expense.svc - 2831 - ::1 - - 200 0 0 33
2017-02-15 16:39:43 ::1 POST /Service_Expense.svc - 2831 - ::1 - - 200 0 0 116
2017-02-15 16:39:43 ::1 POST /Service_Expense.svc - 2831 - ::1 - - 200 0 0 24
2017-02-15 16:40:13 ::1 POST /Service_Expense.svc - 2831 - ::1 - - 200 0 0 63
2017-02-15 16:40:44 ::1 POST /Service_Expense.svc - 2831 - ::1 - - 200 0 0 3332
2017-02-15 16:41:26 ::1 POST /Service_Expense.svc - 2831 - ::1 - - 200 0 0 52
2017-02-15 16:41:32 ::1 POST /Service_Expense.svc - 2831 - ::1 - - 200 0 0 33
2017-02-15 16:41:36 ::1 POST /Service_Expense.svc - 2831 - ::1 - - 200 0 0 3428
2017-02-15 16:42:03 ::1 POST /Service_Expense.svc - 2831 - ::1 - - 200 0 0 65
#Software: Microsoft Internet Information Services 8.0
#Version: 1.0
#Date: 2017-02-15 16:58:43
#Fields: date time s-ip cs-method cs-uri-stem cs-uri-query s-port cs-username c-ip cs(User-Agent) cs(Referer) sc-status sc-substatus sc-win32-status time-taken
2017-02-15 16:58:43 ::1 POST /Service_Expense.svc - 2831 - ::1 - - 200 0 0 19600
2017-02-15 16:58:43 ::1 POST /Service_Expense.svc - 2831 - ::1 - - 200 0 0 157
2017-02-15 16:58:45 ::1 POST /Service_Expense.svc - 2831 - ::1 - - 200 0 0 1616
2017-02-15 16:58:45 ::1 POST /Service_Expense.svc - 2831 - ::1 - - 200 0 0 31
2017-02-15 16:58:57 ::1 POST /Service_Expense.svc - 2831 - ::1 - - 200 0 0 139
2017-02-15 16:59:03 ::1 POST /Service_Expense.svc - 2831 - ::1 - - 200 0 0 5737
2017-02-15 17:02:07 ::1 GET /Service_Expense.svc - 2831 - ::1 Mozilla/5.0+(Windows+NT+10.0;+WOW64)+AppleWebKit/537.36+(KHTML,+like+Gecko)+Chrome/55.0.2883.87+Safari/537.36 - 200 0 0 1682
2017-02-15 17:02:07 ::1 GET /favicon.ico - 2831 - ::1 Mozilla/5.0+(Windows+NT+10.0;+WOW64)+AppleWebKit/537.36+(KHTML,+like+Gecko)+Chrome/55.0.2883.87+Safari/537.36 http://localhost:2831/Service_Expense.svc 404 0 2 76
#Software: Microsoft Internet Information Services 8.0
#Version: 1.0
#Date: 2017-02-15 17:02:38
#Fields: date time s-ip cs-method cs-uri-stem cs-uri-query s-port cs-username c-ip cs(User-Agent) cs(Referer) sc-status sc-substatus sc-win32-status time-taken
2017-02-15 17:02:38 ::1 GET /Service_Expense.svc - 2831 - ::1 Mozilla/5.0+(Windows+NT+10.0;+WOW64)+AppleWebKit/537.36+(KHTML,+like+Gecko)+Chrome/55.0.2883.87+Safari/537.36 - 200 0 64 5557
#Software: Microsoft Internet Information Services 8.0
#Version: 1.0
#Date: 2017-02-15 17:03:06
#Fields: date time s-ip cs-method cs-uri-stem cs-uri-query s-port cs-username c-ip cs(User-Agent) cs(Referer) sc-status sc-substatus sc-win32-status time-taken
2017-02-15 17:03:06 ::1 GET / - 2831 - ::1 Mozilla/5.0+(Windows+NT+10.0;+WOW64)+AppleWebKit/537.36+(KHTML,+like+Gecko)+Chrome/55.0.2883.87+Safari/537.36 - 403 14 0 13352
2017-02-15 17:03:33 ::1 POST /Service_Login.svc - 2831 - ::1 - - 200 0 0 6032
2017-02-15 17:03:33 ::1 POST /Service_Login.svc - 2831 - ::1 - - 200 0 0 693
2017-02-15 17:03:36 ::1 POST /Service_Expense.svc - 2831 - ::1 - - 200 0 0 349
2017-02-15 17:04:31 ::1 POST /Service_Expense.svc - 2831 - ::1 - - 200 0 0 161
2017-02-15 17:04:44 ::1 POST /Service_Expense.svc - 2831 - ::1 - - 200 0 0 586
#Software: Microsoft Internet Information Services 8.0
#Version: 1.0
#Date: 2017-02-15 17:06:38
#Fields: date time s-ip cs-method cs-uri-stem cs-uri-query s-port cs-username c-ip cs(User-Agent) cs(Referer) sc-status sc-substatus sc-win32-status time-taken
2017-02-15 17:06:38 ::1 GET / - 2831 - ::1 Mozilla/5.0+(Windows+NT+10.0;+WOW64)+AppleWebKit/537.36+(KHTML,+like+Gecko)+Chrome/55.0.2883.87+Safari/537.36 - 403 14 0 2389
#Software: Microsoft Internet Information Services 8.0
#Version: 1.0
#Date: 2017-02-15 17:12:21
#Fields: date time s-ip cs-method cs-uri-stem cs-uri-query s-port cs-username c-ip cs(User-Agent) cs(Referer) sc-status sc-substatus sc-win32-status time-taken
2017-02-15 17:12:21 ::1 GET / - 2831 - ::1 Mozilla/5.0+(Windows+NT+10.0;+WOW64)+AppleWebKit/537.36+(KHTML,+like+Gecko)+Chrome/55.0.2883.87+Safari/537.36 - 403 14 0 7999
2017-02-15 17:13:13 ::1 POST /Service_Login.svc - 2831 - ::1 - - 200 0 0 2611
2017-02-15 17:13:13 ::1 POST /Service_Login.svc - 2831 - ::1 - - 200 0 0 186
2017-02-15 17:13:14 ::1 POST /Service_Expense.svc - 2831 - ::1 - - 200 0 0 183
2017-02-15 17:13:20 ::1 POST /Service_Expense.svc - 2831 - ::1 - - 200 0 0 104
2017-02-15 17:13:20 ::1 POST /Service_Expense.svc - 2831 - ::1 - - 200 0 0 132
2017-02-15 17:14:33 ::1 POST /Service_Expense.svc - 2831 - ::1 - - 200 0 0 73232
2017-02-15 17:14:33 ::1 POST /Service_Expense.svc - 2831 - ::1 - - 200 0 0 92
2017-02-15 17:14:43 ::1 POST /Service_Expense.svc - 2831 - ::1 - - 200 0 0 142
2017-02-15 17:15:13 ::1 POST /Service_Expense.svc - 2831 - ::1 - - 200 0 0 6266
