#Software: Microsoft Internet Information Services 8.0
#Version: 1.0
#Date: 2017-01-20 08:19:52
#Fields: date time s-ip cs-method cs-uri-stem cs-uri-query s-port cs-username c-ip cs(User-Agent) cs(Referer) sc-status sc-substatus sc-win32-status time-taken
2017-01-20 08:19:52 ::1 GET / - 2831 - ::1 Mozilla/5.0+(Windows+NT+10.0;+WOW64)+AppleWebKit/537.36+(KHTML,+like+Gecko)+Chrome/55.0.2883.87+Safari/537.36 - 403 14 0 24117
2017-01-20 08:19:52 ::1 GET /favicon.ico - 2831 - ::1 Mozilla/5.0+(Windows+NT+10.0;+WOW64)+AppleWebKit/537.36+(KHTML,+like+Gecko)+Chrome/55.0.2883.87+Safari/537.36 http://localhost:2831/ 404 0 2 1
2017-01-20 08:24:14 ::1 POST /Service_Login.svc - 2831 - ::1 - - 200 0 0 18395
2017-01-20 08:24:14 ::1 POST /Service_Login.svc - 2831 - ::1 - - 200 0 0 564
2017-01-20 08:24:17 ::1 POST /Service_Expense.svc - 2831 - ::1 - - 200 0 0 741
2017-01-20 08:24:24 ::1 POST /Service_Expense.svc - 2831 - ::1 - - 200 0 0 505
2017-01-20 08:24:36 ::1 POST /Service_Expense.svc - 2831 - ::1 - - 200 0 0 11573
2017-01-20 08:24:36 ::1 POST /Service_Expense.svc - 2831 - ::1 - - 200 0 0 242
2017-01-20 08:24:43 ::1 POST /Service_Expense.svc - 2831 - ::1 - - 200 0 0 359
2017-01-20 08:24:43 ::1 POST /Service_Expense.svc - 2831 - ::1 - - 200 0 0 98
2017-01-20 08:24:45 ::1 POST /Service_Expense.svc - 2831 - ::1 - - 200 0 0 54
2017-01-20 08:24:45 ::1 POST /Service_Expense.svc - 2831 - ::1 - - 200 0 0 53
2017-01-20 08:24:45 ::1 POST /Service_Expense.svc - 2831 - ::1 - - 200 0 0 57
2017-01-20 08:24:45 ::1 POST /Service_Expense.svc - 2831 - ::1 - - 200 0 0 231
#Software: Microsoft Internet Information Services 8.0
#Version: 1.0
#Date: 2017-01-20 08:58:01
#Fields: date time s-ip cs-method cs-uri-stem cs-uri-query s-port cs-username c-ip cs(User-Agent) cs(Referer) sc-status sc-substatus sc-win32-status time-taken
2017-01-20 08:58:01 ::1 POST /Service_Login.svc - 2831 - ::1 - - 200 0 0 93
2017-01-20 08:58:01 ::1 POST /Service_Login.svc - 2831 - ::1 - - 200 0 0 218
2017-01-20 08:58:02 ::1 POST /Service_Expense.svc - 2831 - ::1 - - 200 0 0 124
2017-01-20 08:58:05 ::1 POST /Service_Expense.svc - 2831 - ::1 - - 200 0 0 46
2017-01-20 08:58:07 ::1 POST /Service_Expense.svc - 2831 - ::1 - - 200 0 0 2434
2017-01-20 08:58:07 ::1 POST /Service_Expense.svc - 2831 - ::1 - - 200 0 0 59
2017-01-20 08:58:23 ::1 POST /Service_Expense.svc - 2831 - ::1 - - 200 0 0 36
2017-01-20 08:58:45 ::1 POST /Service_Expense.svc - 2831 - ::1 - - 200 0 0 68
2017-01-20 08:58:54 ::1 POST /Service_Expense.svc - 2831 - ::1 - - 200 0 0 8817
2017-01-20 08:58:54 ::1 POST /Service_Expense.svc - 2831 - ::1 - - 200 0 0 75
2017-01-20 08:58:54 ::1 POST /Service_Expense.svc - 2831 - ::1 - - 200 0 0 44
2017-01-20 08:58:58 ::1 POST /Service_Expense.svc - 2831 - ::1 - - 200 0 0 4157
2017-01-20 08:58:58 ::1 POST /Service_Expense.svc - 2831 - ::1 - - 200 0 0 55
2017-01-20 08:58:58 ::1 POST /Service_Expense.svc - 2831 - ::1 - - 200 0 0 49
2017-01-20 08:59:02 ::1 POST /Service_Expense.svc - 2831 - ::1 - - 200 0 0 3979
2017-01-20 09:02:08 ::1 POST /Service_Login.svc - 2831 - ::1 - - 200 0 0 63
2017-01-20 09:02:08 ::1 POST /Service_Login.svc - 2831 - ::1 - - 200 0 0 124
2017-01-20 09:02:08 ::1 POST /Service_Expense.svc - 2831 - ::1 - - 200 0 0 78
2017-01-20 09:02:58 ::1 POST /Service_Expense.svc - 2831 - ::1 - - 200 0 0 48
2017-01-20 09:03:02 ::1 POST /Service_Expense.svc - 2831 - ::1 - - 200 0 0 3534
2017-01-20 09:03:02 ::1 POST /Service_Expense.svc - 2831 - ::1 - - 200 0 0 62
2017-01-20 09:03:13 ::1 POST /Service_Expense.svc - 2831 - ::1 - - 200 0 0 46
2017-01-20 09:03:34 ::1 POST /Service_Expense.svc - 2831 - ::1 - - 200 0 0 62
2017-01-20 09:03:39 ::1 POST /Service_Expense.svc - 2831 - ::1 - - 200 0 0 4268
2017-01-20 09:03:39 ::1 POST /Service_Expense.svc - 2831 - ::1 - - 200 0 0 38
2017-01-20 09:03:39 ::1 POST /Service_Expense.svc - 2831 - ::1 - - 200 0 0 78
2017-01-20 09:03:43 ::1 POST /Service_Expense.svc - 2831 - ::1 - - 200 0 0 3889
2017-01-20 09:03:43 ::1 POST /Service_Expense.svc - 2831 - ::1 - - 200 0 0 39
2017-01-20 09:03:43 ::1 POST /Service_Expense.svc - 2831 - ::1 - - 200 0 0 62
2017-01-20 09:03:47 ::1 POST /Service_Expense.svc - 2831 - ::1 - - 200 0 0 3638
#Software: Microsoft Internet Information Services 8.0
#Version: 1.0
#Date: 2017-01-20 09:21:35
#Fields: date time s-ip cs-method cs-uri-stem cs-uri-query s-port cs-username c-ip cs(User-Agent) cs(Referer) sc-status sc-substatus sc-win32-status time-taken
2017-01-20 09:21:35 ::1 GET / - 2831 - ::1 Mozilla/5.0+(Windows+NT+10.0;+WOW64)+AppleWebKit/537.36+(KHTML,+like+Gecko)+Chrome/55.0.2883.87+Safari/537.36 - 403 14 0 1640
2017-01-20 09:21:55 ::1 POST /Service_Login.svc - 2831 - ::1 - - 200 0 0 8858
2017-01-20 09:21:55 ::1 POST /Service_Login.svc - 2831 - ::1 - - 200 0 0 146
2017-01-20 09:21:56 ::1 POST /Service_Expense.svc - 2831 - ::1 - - 200 0 0 215
2017-01-20 09:22:27 ::1 POST /Service_Login.svc - 2831 - ::1 - - 200 0 0 20
2017-01-20 09:22:27 ::1 POST /Service_Login.svc - 2831 - ::1 - - 200 0 0 92
2017-01-20 09:22:27 ::1 POST /Service_Expense.svc - 2831 - ::1 - - 200 0 0 106
2017-01-20 09:23:08 ::1 POST /Service_Login.svc - 2831 - ::1 - - 200 0 0 21
2017-01-20 09:23:08 ::1 POST /Service_Login.svc - 2831 - ::1 - - 200 0 0 93
2017-01-20 09:23:08 ::1 POST /Service_Expense.svc - 2831 - ::1 - - 200 0 0 115
2017-01-20 09:26:46 ::1 POST /Service_Login.svc - 2831 - ::1 - - 200 0 0 23
2017-01-20 09:26:46 ::1 POST /Service_Login.svc - 2831 - ::1 - - 200 0 0 94
2017-01-20 09:26:46 ::1 POST /Service_Expense.svc - 2831 - ::1 - - 200 0 0 100
2017-01-20 09:28:54 ::1 POST /Service_Login.svc - 2831 - ::1 - - 200 0 0 35
2017-01-20 09:28:54 ::1 POST /Service_Login.svc - 2831 - ::1 - - 200 0 0 97
2017-01-20 09:28:54 ::1 POST /Service_Expense.svc - 2831 - ::1 - - 200 0 0 99
2017-01-20 09:28:57 ::1 POST /Service_Expense.svc - 2831 - ::1 - - 200 0 0 65
2017-01-20 09:28:57 ::1 POST /Service_Expense.svc - 2831 - ::1 - - 200 0 0 246
2017-01-20 09:29:01 ::1 POST /Service_Expense.svc - 2831 - ::1 - - 200 0 0 3627
2017-01-20 09:29:01 ::1 POST /Service_Expense.svc - 2831 - ::1 - - 200 0 0 53
2017-01-20 09:32:13 ::1 POST /Service_Login.svc - 2831 - ::1 - - 200 0 0 35
2017-01-20 09:32:13 ::1 POST /Service_Login.svc - 2831 - ::1 - - 200 0 0 107
2017-01-20 09:32:13 ::1 POST /Service_Expense.svc - 2831 - ::1 - - 200 0 0 179
2017-01-20 09:32:16 ::1 POST /Service_Expense.svc - 2831 - ::1 - - 200 0 0 55
2017-01-20 09:32:16 ::1 POST /Service_Expense.svc - 2831 - ::1 - - 200 0 0 80
2017-01-20 09:32:17 ::1 POST /Service_Expense.svc - 2831 - ::1 - - 200 0 0 1745
2017-01-20 09:32:17 ::1 POST /Service_Expense.svc - 2831 - ::1 - - 200 0 0 60
2017-01-20 09:32:32 ::1 POST /Service_Expense.svc - 2831 - ::1 - - 200 0 0 53
2017-01-20 09:32:32 ::1 POST /Service_Expense.svc - 2831 - ::1 - - 200 0 0 60
2017-01-20 09:32:34 ::1 POST /Service_Expense.svc - 2831 - ::1 - - 200 0 0 2010
2017-01-20 09:32:34 ::1 POST /Service_Expense.svc - 2831 - ::1 - - 200 0 0 54
2017-01-20 09:32:50 ::1 POST /Service_Expense.svc - 2831 - ::1 - - 200 0 0 156
2017-01-20 09:33:11 ::1 POST /Service_Expense.svc - 2831 - ::1 - - 200 0 0 131
2017-01-20 09:33:18 ::1 POST /Service_Expense.svc - 2831 - ::1 - - 200 0 0 5821
2017-01-20 09:33:18 ::1 POST /Service_Expense.svc - 2831 - ::1 - - 200 0 0 42
2017-01-20 09:33:18 ::1 POST /Service_Expense.svc - 2831 - ::1 - - 200 0 0 77
2017-01-20 09:33:23 ::1 POST /Service_Expense.svc - 2831 - ::1 - - 200 0 0 3958
2017-01-20 09:33:23 ::1 POST /Service_Expense.svc - 2831 - ::1 - - 200 0 0 49
2017-01-20 09:33:23 ::1 POST /Service_Expense.svc - 2831 - ::1 - - 200 0 0 108
2017-01-20 09:33:27 ::1 POST /Service_Expense.svc - 2831 - ::1 - - 200 0 0 3759
2017-01-20 09:37:15 ::1 POST /Service_Login.svc - 2831 - ::1 - - 200 0 0 40
2017-01-20 09:37:15 ::1 POST /Service_Login.svc - 2831 - ::1 - - 200 0 0 97
2017-01-20 09:37:15 ::1 POST /Service_Expense.svc - 2831 - ::1 - - 200 0 0 74
2017-01-20 09:37:22 ::1 POST /Service_Expense.svc - 2831 - ::1 - - 200 0 0 54
2017-01-20 09:37:22 ::1 POST /Service_Expense.svc - 2831 - ::1 - - 200 0 0 69
2017-01-20 09:37:24 ::1 POST /Service_Expense.svc - 2831 - ::1 - - 200 0 0 2101
2017-01-20 09:37:24 ::1 POST /Service_Expense.svc - 2831 - ::1 - - 200 0 0 53
2017-01-20 09:37:46 ::1 POST /Service_Expense.svc - 2831 - ::1 - - 200 0 0 35
2017-01-20 09:38:11 ::1 POST /Service_Expense.svc - 2831 - ::1 - - 200 0 0 3760
2017-01-20 09:38:11 ::1 POST /Service_Expense.svc - 2831 - ::1 - - 200 0 0 71
2017-01-20 09:38:11 ::1 POST /Service_Expense.svc - 2831 - ::1 - - 200 0 0 34
2017-01-20 09:38:15 ::1 POST /Service_Expense.svc - 2831 - ::1 - - 200 0 0 3943
2017-01-20 09:38:15 ::1 POST /Service_Expense.svc - 2831 - ::1 - - 200 0 0 99
2017-01-20 09:38:15 ::1 POST /Service_Expense.svc - 2831 - ::1 - - 200 0 0 56
2017-01-20 09:38:20 ::1 POST /Service_Expense.svc - 2831 - ::1 - - 200 0 0 4008
2017-01-20 09:38:20 ::1 POST /Service_Expense.svc - 2831 - ::1 - - 200 0 0 88
2017-01-20 09:38:20 ::1 POST /Service_Expense.svc - 2831 - ::1 - - 200 0 0 71
2017-01-20 09:38:24 ::1 POST /Service_Expense.svc - 2831 - ::1 - - 200 0 0 3710
2017-01-20 09:38:24 ::1 POST /Service_Expense.svc - 2831 - ::1 - - 200 0 0 105
#Software: Microsoft Internet Information Services 8.0
#Version: 1.0
#Date: 2017-01-20 09:38:48
#Fields: date time s-ip cs-method cs-uri-stem cs-uri-query s-port cs-username c-ip cs(User-Agent) cs(Referer) sc-status sc-substatus sc-win32-status time-taken
2017-01-20 09:38:48 ::1 GET / - 2831 - ::1 Mozilla/5.0+(Windows+NT+10.0;+WOW64)+AppleWebKit/537.36+(KHTML,+like+Gecko)+Chrome/55.0.2883.87+Safari/537.36 - 403 14 0 825
2017-01-20 09:40:26 ::1 POST /Service_Login.svc - 2831 - ::1 - - 200 0 0 6379
2017-01-20 09:40:26 ::1 POST /Service_Login.svc - 2831 - ::1 - - 200 0 0 142
2017-01-20 09:40:26 ::1 POST /Service_Expense.svc - 2831 - ::1 - - 200 0 0 185
2017-01-20 09:40:33 ::1 POST /Service_Expense.svc - 2831 - ::1 - - 200 0 0 64
2017-01-20 09:40:33 ::1 POST /Service_Expense.svc - 2831 - ::1 - - 200 0 0 116
2017-01-20 09:40:36 ::1 POST /Service_Expense.svc - 2831 - ::1 - - 200 0 0 2966
2017-01-20 09:40:36 ::1 POST /Service_Expense.svc - 2831 - ::1 - - 200 0 0 53
2017-01-20 09:40:39 ::1 POST /Service_Expense.svc - 2831 - ::1 - - 200 0 0 50
2017-01-20 09:40:39 ::1 POST /Service_Expense.svc - 2831 - ::1 - - 200 0 0 50
2017-01-20 09:40:41 ::1 POST /Service_Expense.svc - 2831 - ::1 - - 200 0 0 1979
2017-01-20 09:40:41 ::1 POST /Service_Expense.svc - 2831 - ::1 - - 200 0 0 59
2017-01-20 09:50:18 ::1 POST /Service_Login.svc - 2831 - ::1 - - 200 0 0 26
2017-01-20 09:50:18 ::1 POST /Service_Login.svc - 2831 - ::1 - - 200 0 0 93
2017-01-20 09:50:18 ::1 POST /Service_Expense.svc - 2831 - ::1 - - 200 0 0 83
2017-01-20 09:50:21 ::1 POST /Service_Expense.svc - 2831 - ::1 - - 200 0 0 55
2017-01-20 09:50:21 ::1 POST /Service_Expense.svc - 2831 - ::1 - - 200 0 0 55
2017-01-20 09:50:23 ::1 POST /Service_Expense.svc - 2831 - ::1 - - 200 0 0 2174
2017-01-20 09:50:23 ::1 POST /Service_Expense.svc - 2831 - ::1 - - 200 0 0 50
2017-01-20 09:50:43 ::1 POST /Service_Timesheet.svc - 2831 - ::1 - - 200 0 0 499
2017-01-20 09:50:43 ::1 POST /Service_Timesheet.svc - 2831 - ::1 - - 200 0 0 456
2017-01-20 09:52:17 ::1 POST /Service_Login.svc - 2831 - ::1 - - 200 0 0 31
2017-01-20 09:52:17 ::1 POST /Service_Login.svc - 2831 - ::1 - - 200 0 0 93
2017-01-20 09:52:17 ::1 POST /Service_Expense.svc - 2831 - ::1 - - 200 0 0 109
2017-01-20 09:52:20 ::1 POST /Service_Expense.svc - 2831 - ::1 - - 200 0 0 53
2017-01-20 09:52:20 ::1 POST /Service_Expense.svc - 2831 - ::1 - - 200 0 0 57
2017-01-20 09:52:22 ::1 POST /Service_Expense.svc - 2831 - ::1 - - 200 0 0 2007
2017-01-20 09:52:22 ::1 POST /Service_Expense.svc - 2831 - ::1 - - 200 0 0 54
#Software: Microsoft Internet Information Services 8.0
#Version: 1.0
#Date: 2017-01-20 09:53:03
#Fields: date time s-ip cs-method cs-uri-stem cs-uri-query s-port cs-username c-ip cs(User-Agent) cs(Referer) sc-status sc-substatus sc-win32-status time-taken
2017-01-20 09:53:03 ::1 GET / - 2831 - ::1 Mozilla/5.0+(Windows+NT+10.0;+WOW64)+AppleWebKit/537.36+(KHTML,+like+Gecko)+Chrome/55.0.2883.87+Safari/537.36 - 403 14 0 783
2017-01-20 09:55:34 ::1 POST /Service_Login.svc - 2831 - ::1 - - 200 0 0 10244
2017-01-20 09:55:34 ::1 POST /Service_Login.svc - 2831 - ::1 - - 200 0 0 163
2017-01-20 09:55:35 ::1 POST /Service_Expense.svc - 2831 - ::1 - - 200 0 0 184
2017-01-20 09:55:38 ::1 POST /Service_Expense.svc - 2831 - ::1 - - 200 0 0 72
2017-01-20 09:55:38 ::1 POST /Service_Expense.svc - 2831 - ::1 - - 200 0 0 136
2017-01-20 09:55:41 ::1 POST /Service_Expense.svc - 2831 - ::1 - - 200 0 0 3216
2017-01-20 09:55:41 ::1 POST /Service_Expense.svc - 2831 - ::1 - - 200 0 0 56
2017-01-20 09:56:40 ::1 POST /Service_Login.svc - 2831 - ::1 - - 200 0 0 21
2017-01-20 09:56:40 ::1 POST /Service_Login.svc - 2831 - ::1 - - 200 0 0 98
2017-01-20 09:56:40 ::1 POST /Service_Expense.svc - 2831 - ::1 - - 200 0 0 88
2017-01-20 09:56:43 ::1 POST /Service_Expense.svc - 2831 - ::1 - - 200 0 0 52
2017-01-20 09:56:43 ::1 POST /Service_Expense.svc - 2831 - ::1 - - 200 0 0 60
2017-01-20 09:56:45 ::1 POST /Service_Expense.svc - 2831 - ::1 - - 200 0 0 1958
2017-01-20 09:56:45 ::1 POST /Service_Expense.svc - 2831 - ::1 - - 200 0 0 52
2017-01-20 09:56:57 ::1 POST /Service_Expense.svc - 2831 - ::1 - - 200 0 0 50
2017-01-20 09:57:23 ::1 POST /Service_Expense.svc - 2831 - ::1 - - 200 0 0 5127
2017-01-20 09:57:23 ::1 POST /Service_Expense.svc - 2831 - ::1 - - 200 0 0 70
2017-01-20 09:57:23 ::1 POST /Service_Expense.svc - 2831 - ::1 - - 200 0 0 42
2017-01-20 09:57:28 ::1 POST /Service_Expense.svc - 2831 - ::1 - - 200 0 0 3828
2017-01-20 09:57:28 ::1 POST /Service_Expense.svc - 2831 - ::1 - - 200 0 0 91
2017-01-20 09:57:28 ::1 POST /Service_Expense.svc - 2831 - ::1 - - 200 0 0 30
2017-01-20 09:57:32 ::1 POST /Service_Expense.svc - 2831 - ::1 - - 200 0 0 3531
2017-01-20 09:57:32 ::1 POST /Service_Expense.svc - 2831 - ::1 - - 200 0 0 105
2017-01-20 09:57:32 ::1 POST /Service_Expense.svc - 2831 - ::1 - - 200 0 0 48
2017-01-20 09:57:36 ::1 POST /Service_Expense.svc - 2831 - ::1 - - 200 0 0 3750
2017-01-20 09:57:36 ::1 POST /Service_Expense.svc - 2831 - ::1 - - 200 0 0 113
#Software: Microsoft Internet Information Services 8.0
#Version: 1.0
#Date: 2017-01-20 10:43:22
#Fields: date time s-ip cs-method cs-uri-stem cs-uri-query s-port cs-username c-ip cs(User-Agent) cs(Referer) sc-status sc-substatus sc-win32-status time-taken
2017-01-20 10:43:22 ::1 GET / - 2831 - ::1 Mozilla/5.0+(Windows+NT+10.0;+WOW64)+AppleWebKit/537.36+(KHTML,+like+Gecko)+Chrome/55.0.2883.87+Safari/537.36 - 403 14 0 15734
#Software: Microsoft Internet Information Services 8.0
#Version: 1.0
#Date: 2017-01-20 10:53:30
#Fields: date time s-ip cs-method cs-uri-stem cs-uri-query s-port cs-username c-ip cs(User-Agent) cs(Referer) sc-status sc-substatus sc-win32-status time-taken
2017-01-20 10:53:30 ::1 GET / - 2831 - ::1 Mozilla/5.0+(Windows+NT+10.0;+WOW64)+AppleWebKit/537.36+(KHTML,+like+Gecko)+Chrome/55.0.2883.87+Safari/537.36 - 403 14 0 823
#Software: Microsoft Internet Information Services 8.0
#Version: 1.0
#Date: 2017-01-20 10:56:57
#Fields: date time s-ip cs-method cs-uri-stem cs-uri-query s-port cs-username c-ip cs(User-Agent) cs(Referer) sc-status sc-substatus sc-win32-status time-taken
2017-01-20 10:56:57 ::1 GET / - 2831 - ::1 Mozilla/5.0+(Windows+NT+10.0;+WOW64)+AppleWebKit/537.36+(KHTML,+like+Gecko)+Chrome/55.0.2883.87+Safari/537.36 - 403 14 0 901
#Software: Microsoft Internet Information Services 8.0
#Version: 1.0
#Date: 2017-01-20 11:17:38
#Fields: date time s-ip cs-method cs-uri-stem cs-uri-query s-port cs-username c-ip cs(User-Agent) cs(Referer) sc-status sc-substatus sc-win32-status time-taken
2017-01-20 11:17:38 ::1 GET /Service_Expense.svc - 2831 - ::1 Mozilla/5.0+(Windows+NT+10.0;+WOW64)+AppleWebKit/537.36+(KHTML,+like+Gecko)+Chrome/55.0.2883.87+Safari/537.36 - 200 0 0 5832
#Software: Microsoft Internet Information Services 8.0
#Version: 1.0
#Date: 2017-01-20 11:58:11
#Fields: date time s-ip cs-method cs-uri-stem cs-uri-query s-port cs-username c-ip cs(User-Agent) cs(Referer) sc-status sc-substatus sc-win32-status time-taken
2017-01-20 11:58:11 ::1 POST /Service_Expense.svc - 2831 - ::1 - - 415 0 0 2630
2017-01-20 11:58:13 ::1 GET /Service_Expense.svc - 2831 - ::1 Mozilla/4.0+(compatible;+MSIE+6.0;+MS+Web+Services+Client+Protocol+4.0.30319.42000) - 200 0 0 2123
2017-01-20 11:58:13 ::1 GET /Service_Expense.svc disco 2831 - ::1 Mozilla/4.0+(compatible;+MSIE+6.0;+MS+Web+Services+Client+Protocol+4.0.30319.42000) - 200 0 0 41
2017-01-20 11:58:13 ::1 GET /Service_Expense.svc wsdl 2831 - ::1 Mozilla/4.0+(compatible;+MSIE+6.0;+MS+Web+Services+Client+Protocol+4.0.30319.42000) - 200 0 0 227
2017-01-20 11:58:13 ::1 GET /Service_Expense.svc wsdl=wsdl0 2831 - ::1 Mozilla/4.0+(compatible;+MSIE+6.0;+MS+Web+Services+Client+Protocol+4.0.30319.42000) - 200 0 0 132
2017-01-20 11:58:13 ::1 POST /Service_Expense.svc/mex - 2831 - ::1 - - 200 0 0 2908
2017-01-20 11:58:13 ::1 GET /Service_Expense.svc xsd=xsd0 2831 - ::1 Mozilla/4.0+(compatible;+MSIE+6.0;+MS+Web+Services+Client+Protocol+4.0.30319.42000) - 200 0 0 307
2017-01-20 11:58:13 ::1 GET /Service_Expense.svc xsd=xsd2 2831 - ::1 Mozilla/4.0+(compatible;+MSIE+6.0;+MS+Web+Services+Client+Protocol+4.0.30319.42000) - 200 0 0 93
2017-01-20 11:58:13 ::1 GET /Service_Expense.svc xsd=xsd1 2831 - ::1 Mozilla/4.0+(compatible;+MSIE+6.0;+MS+Web+Services+Client+Protocol+4.0.30319.42000) - 200 0 0 91
2017-01-20 11:58:14 ::1 GET /Service_Expense.svc xsd=xsd3 2831 - ::1 Mozilla/4.0+(compatible;+MSIE+6.0;+MS+Web+Services+Client+Protocol+4.0.30319.42000) - 200 0 0 118
2017-01-20 11:58:14 ::1 GET /Service_Expense.svc xsd=xsd4 2831 - ::1 Mozilla/4.0+(compatible;+MSIE+6.0;+MS+Web+Services+Client+Protocol+4.0.30319.42000) - 200 0 0 120
2017-01-20 11:58:14 ::1 GET /Service_Expense.svc xsd=xsd5 2831 - ::1 Mozilla/4.0+(compatible;+MSIE+6.0;+MS+Web+Services+Client+Protocol+4.0.30319.42000) - 200 0 0 102
2017-01-20 11:58:14 ::1 GET /Service_Expense.svc xsd=xsd6 2831 - ::1 Mozilla/4.0+(compatible;+MSIE+6.0;+MS+Web+Services+Client+Protocol+4.0.30319.42000) - 200 0 0 7
2017-01-20 11:59:56 ::1 POST /Service_Expense.svc - 2831 - ::1 - - 200 0 0 38535
2017-01-20 12:00:32 ::1 POST /Service_Expense.svc - 2831 - ::1 - - 200 0 0 20817
2017-01-20 12:01:07 ::1 POST /Service_Expense.svc - 2831 - ::1 - - 200 0 0 23674
2017-01-20 12:08:11 ::1 POST /Service_Expense.svc - 2831 - ::1 - - 200 0 0 9314
2017-01-20 12:08:15 ::1 POST /Service_Expense.svc - 2831 - ::1 - - 200 0 0 64
2017-01-20 12:08:25 ::1 POST /Service_Expense.svc - 2831 - ::1 - - 200 0 0 69
2017-01-20 12:08:33 ::1 POST /Service_Expense.svc - 2831 - ::1 - - 200 0 0 78
2017-01-20 12:08:38 ::1 POST /Service_Expense.svc - 2831 - ::1 - - 200 0 0 87
2017-01-20 12:08:43 ::1 POST /Service_Expense.svc - 2831 - ::1 - - 200 0 0 72
2017-01-20 12:08:47 ::1 POST /Service_Expense.svc - 2831 - ::1 - - 200 0 0 56
2017-01-20 12:10:02 ::1 POST /Service_Expense.svc - 2831 - ::1 - - 200 0 0 24691
2017-01-20 12:10:45 ::1 POST /Service_Expense.svc - 2831 - ::1 - - 200 0 0 78
2017-01-20 12:11:00 ::1 POST /Service_Expense.svc - 2831 - ::1 - - 200 0 0 73
2017-01-20 12:11:12 ::1 POST /Service_Expense.svc - 2831 - ::1 - - 200 0 0 63
2017-01-20 12:12:21 ::1 POST /Service_Expense.svc - 2831 - ::1 - - 200 0 0 75
2017-01-20 12:12:26 ::1 POST /Service_Expense.svc - 2831 - ::1 - - 200 0 0 53
2017-01-20 12:12:30 ::1 POST /Service_Expense.svc - 2831 - ::1 - - 200 0 0 52
#Software: Microsoft Internet Information Services 8.0
#Version: 1.0
#Date: 2017-01-20 13:13:51
#Fields: date time s-ip cs-method cs-uri-stem cs-uri-query s-port cs-username c-ip cs(User-Agent) cs(Referer) sc-status sc-substatus sc-win32-status time-taken
2017-01-20 13:13:51 ::1 POST /Service_Expense.svc - 2831 - ::1 - - 200 0 0 169
2017-01-20 13:14:05 ::1 POST /Service_Expense.svc - 2831 - ::1 - - 200 0 0 132
#Software: Microsoft Internet Information Services 8.0
#Version: 1.0
#Date: 2017-01-20 13:49:01
#Fields: date time s-ip cs-method cs-uri-stem cs-uri-query s-port cs-username c-ip cs(User-Agent) cs(Referer) sc-status sc-substatus sc-win32-status time-taken
2017-01-20 13:49:01 ::1 POST /Service_Expense.svc - 2831 - ::1 - - 200 0 0 9434
2017-01-20 13:49:01 ::1 POST /Service_Expense.svc - 2831 - ::1 - - 200 0 0 152
2017-01-20 13:49:01 ::1 POST /Service_Expense.svc - 2831 - ::1 - - 200 0 0 38
2017-01-20 13:49:10 ::1 POST /Service_Expense.svc - 2831 - ::1 - - 200 0 0 49
2017-01-20 13:49:14 ::1 POST /Service_Expense.svc - 2831 - ::1 - - 200 0 0 58
2017-01-20 13:49:18 ::1 POST /Service_Expense.svc - 2831 - ::1 - - 200 0 0 47
2017-01-20 13:49:22 ::1 POST /Service_Expense.svc - 2831 - ::1 - - 200 0 0 42
2017-01-20 13:49:27 ::1 POST /Service_Expense.svc - 2831 - ::1 - - 200 0 0 49
2017-01-20 13:50:50 ::1 POST /Service_Expense.svc - 2831 - ::1 - - 200 0 0 546
2017-01-20 13:50:50 ::1 POST /Service_Expense.svc - 2831 - ::1 - - 200 0 0 78
2017-01-20 13:50:50 ::1 POST /Service_Expense.svc - 2831 - ::1 - - 200 0 0 52
2017-01-20 13:57:30 ::1 POST /Service_Expense.svc - 2831 - ::1 - - 200 0 0 571
2017-01-20 13:57:30 ::1 POST /Service_Expense.svc - 2831 - ::1 - - 200 0 0 69
2017-01-20 13:57:30 ::1 POST /Service_Expense.svc - 2831 - ::1 - - 200 0 0 74
2017-01-20 13:57:51 ::1 POST /Service_Expense.svc - 2831 - ::1 - - 200 0 0 90
2017-01-20 13:57:58 ::1 POST /Service_Expense.svc - 2831 - ::1 - - 200 0 0 102
2017-01-20 13:58:03 ::1 POST /Service_Expense.svc - 2831 - ::1 - - 200 0 0 49
2017-01-20 13:58:07 ::1 POST /Service_Expense.svc - 2831 - ::1 - - 200 0 0 64
2017-01-20 13:58:11 ::1 POST /Service_Expense.svc - 2831 - ::1 - - 200 0 0 51
2017-01-20 13:59:53 ::1 POST /Service_Expense.svc - 2831 - ::1 - - 200 0 0 544
2017-01-20 13:59:53 ::1 POST /Service_Expense.svc - 2831 - ::1 - - 200 0 0 52
2017-01-20 13:59:53 ::1 POST /Service_Expense.svc - 2831 - ::1 - - 200 0 0 45
2017-01-20 14:00:01 ::1 POST /Service_Expense.svc - 2831 - ::1 - - 200 0 0 71
2017-01-20 14:00:05 ::1 POST /Service_Expense.svc - 2831 - ::1 - - 200 0 0 77
2017-01-20 14:00:09 ::1 POST /Service_Expense.svc - 2831 - ::1 - - 200 0 0 73
2017-01-20 14:00:13 ::1 POST /Service_Expense.svc - 2831 - ::1 - - 200 0 0 76
2017-01-20 14:00:17 ::1 POST /Service_Expense.svc - 2831 - ::1 - - 200 0 0 45
2017-01-20 14:02:21 ::1 POST /Service_Expense.svc - 2831 - ::1 - - 200 0 0 506
2017-01-20 14:02:21 ::1 POST /Service_Expense.svc - 2831 - ::1 - - 200 0 0 85
2017-01-20 14:02:21 ::1 POST /Service_Expense.svc - 2831 - ::1 - - 200 0 0 54
2017-01-20 14:02:29 ::1 POST /Service_Expense.svc - 2831 - ::1 - - 200 0 0 57
2017-01-20 14:02:33 ::1 POST /Service_Expense.svc - 2831 - ::1 - - 200 0 0 47
2017-01-20 14:02:38 ::1 POST /Service_Expense.svc - 2831 - ::1 - - 200 0 0 58
2017-01-20 14:02:42 ::1 POST /Service_Expense.svc - 2831 - ::1 - - 200 0 0 58
2017-01-20 14:02:47 ::1 POST /Service_Expense.svc - 2831 - ::1 - - 200 0 0 67
2017-01-20 14:05:31 ::1 POST /Service_Expense.svc - 2831 - ::1 - - 200 0 0 77
2017-01-20 14:05:55 ::1 POST /Service_Expense.svc - 2831 - ::1 - - 200 0 0 80
2017-01-20 14:06:28 ::1 POST /Service_Expense.svc - 2831 - ::1 - - 200 0 0 49
2017-01-20 14:06:36 ::1 POST /Service_Expense.svc - 2831 - ::1 - - 200 0 0 103
2017-01-20 14:06:41 ::1 POST /Service_Expense.svc - 2831 - ::1 - - 200 0 0 76
2017-01-20 14:06:54 ::1 POST /Service_Expense.svc - 2831 - ::1 - - 200 0 0 63
2017-01-20 14:13:06 ::1 POST /Service_Expense.svc - 2831 - ::1 - - 200 0 0 482
2017-01-20 14:13:06 ::1 POST /Service_Expense.svc - 2831 - ::1 - - 200 0 0 72
2017-01-20 14:13:06 ::1 POST /Service_Expense.svc - 2831 - ::1 - - 200 0 0 55
2017-01-20 14:13:50 ::1 POST /Service_Expense.svc - 2831 - ::1 - - 200 0 0 68
2017-01-20 14:16:05 ::1 POST /Service_Expense.svc - 2831 - ::1 - - 200 0 0 504
2017-01-20 14:16:05 ::1 POST /Service_Expense.svc - 2831 - ::1 - - 200 0 0 53
2017-01-20 14:16:05 ::1 POST /Service_Expense.svc - 2831 - ::1 - - 200 0 0 51
2017-01-20 14:16:12 ::1 POST /Service_Expense.svc - 2831 - ::1 - - 200 0 0 110
2017-01-20 14:16:17 ::1 POST /Service_Expense.svc - 2831 - ::1 - - 200 0 0 76
2017-01-20 14:16:21 ::1 POST /Service_Expense.svc - 2831 - ::1 - - 200 0 0 56
2017-01-20 14:16:25 ::1 POST /Service_Expense.svc - 2831 - ::1 - - 200 0 0 71
2017-01-20 14:16:30 ::1 POST /Service_Expense.svc - 2831 - ::1 - - 200 0 0 70
