#Software: Microsoft Internet Information Services 8.0
#Version: 1.0
#Date: 2017-01-19 09:32:31
#Fields: date time s-ip cs-method cs-uri-stem cs-uri-query s-port cs-username c-ip cs(User-Agent) cs(Referer) sc-status sc-substatus sc-win32-status time-taken
2017-01-19 09:32:31 ::1 GET / - 2831 - ::1 Mozilla/5.0+(Windows+NT+10.0;+WOW64)+AppleWebKit/537.36+(KHTML,+like+Gecko)+Chrome/55.0.2883.87+Safari/537.36 - 403 14 0 9686
2017-01-19 09:35:36 ::1 GET /Service_Expense.svc/_vti_bin/ListData.svc/$metadata - 2831 - ::1 Mozilla/4.0+(compatible;+MSIE+6.0;+MS+Web+Services+Client+Protocol+4.0.30319.42000) - 400 0 0 1694
2017-01-19 09:35:36 ::1 OPTIONS /Service_Expense.svc/_vti_bin/ListData.svc/$metadata - 2831 - ::1 - - 400 0 0 1729
2017-01-19 09:35:36 ::1 GET /Service_Expense.svc/$metadata - 2831 - ::1 Mozilla/4.0+(compatible;+MSIE+6.0;+MS+Web+Services+Client+Protocol+4.0.30319.42000) - 400 0 0 1690
2017-01-19 09:35:36 ::1 POST /Service_Expense.svc - 2831 - ::1 - - 415 0 0 1577
2017-01-19 09:35:38 ::1 GET /Service_Expense.svc - 2831 - ::1 Mozilla/4.0+(compatible;+MSIE+6.0;+MS+Web+Services+Client+Protocol+4.0.30319.42000) - 200 0 0 3707
2017-01-19 09:35:38 ::1 GET /Service_Expense.svc disco 2831 - ::1 Mozilla/4.0+(compatible;+MSIE+6.0;+MS+Web+Services+Client+Protocol+4.0.30319.42000) - 200 0 0 55
2017-01-19 09:35:38 ::1 GET /Service_Expense.svc wsdl 2831 - ::1 Mozilla/4.0+(compatible;+MSIE+6.0;+MS+Web+Services+Client+Protocol+4.0.30319.42000) - 200 0 0 179
2017-01-19 09:35:38 ::1 GET /Service_Expense.svc wsdl=wsdl0 2831 - ::1 Mozilla/4.0+(compatible;+MSIE+6.0;+MS+Web+Services+Client+Protocol+4.0.30319.42000) - 200 0 0 134
2017-01-19 09:35:38 ::1 POST /Service_Expense.svc/mex - 2831 - ::1 - - 200 0 0 4234
2017-01-19 09:35:38 ::1 GET /Service_Expense.svc xsd=xsd0 2831 - ::1 Mozilla/4.0+(compatible;+MSIE+6.0;+MS+Web+Services+Client+Protocol+4.0.30319.42000) - 200 0 0 353
2017-01-19 09:35:38 ::1 GET /Service_Expense.svc xsd=xsd2 2831 - ::1 Mozilla/4.0+(compatible;+MSIE+6.0;+MS+Web+Services+Client+Protocol+4.0.30319.42000) - 200 0 0 75
2017-01-19 09:35:38 ::1 GET /Service_Expense.svc xsd=xsd1 2831 - ::1 Mozilla/4.0+(compatible;+MSIE+6.0;+MS+Web+Services+Client+Protocol+4.0.30319.42000) - 200 0 0 72
2017-01-19 09:35:38 ::1 GET /Service_Expense.svc xsd=xsd3 2831 - ::1 Mozilla/4.0+(compatible;+MSIE+6.0;+MS+Web+Services+Client+Protocol+4.0.30319.42000) - 200 0 0 76
2017-01-19 09:35:39 ::1 GET /Service_Expense.svc xsd=xsd4 2831 - ::1 Mozilla/4.0+(compatible;+MSIE+6.0;+MS+Web+Services+Client+Protocol+4.0.30319.42000) - 200 0 0 72
2017-01-19 09:35:39 ::1 GET /Service_Expense.svc xsd=xsd5 2831 - ::1 Mozilla/4.0+(compatible;+MSIE+6.0;+MS+Web+Services+Client+Protocol+4.0.30319.42000) - 200 0 0 70
2017-01-19 09:35:39 ::1 GET /Service_Expense.svc xsd=xsd6 2831 - ::1 Mozilla/4.0+(compatible;+MSIE+6.0;+MS+Web+Services+Client+Protocol+4.0.30319.42000) - 200 0 0 5
2017-01-19 09:50:57 ::1 GET /Service_Expense.svc xsd=xsd2 2831 - ::1 - - 200 0 995 102
2017-01-19 09:50:57 ::1 GET /Service_Expense.svc xsd=xsd3 2831 - ::1 - - 200 0 0 105
2017-01-19 09:50:57 ::1 GET /Service_Expense.svc xsd=xsd5 2831 - ::1 - - 200 0 0 93
2017-01-19 09:50:57 ::1 GET /Service_Expense.svc xsd=xsd6 2831 - ::1 - - 200 0 0 6
2017-01-19 09:50:57 ::1 GET /Service_Expense.svc xsd=xsd4 2831 - ::1 - - 200 0 0 95
2017-01-19 09:50:57 ::1 GET /Service_Expense.svc xsd=xsd7 2831 - ::1 - - 200 0 0 38
2017-01-19 09:50:57 ::1 GET /Service_Expense.svc xsd=xsd2 2831 - ::1 - - 200 0 995 77
2017-01-19 09:50:57 ::1 GET /Service_Expense.svc xsd=xsd3 2831 - ::1 - - 200 0 0 77
2017-01-19 09:50:57 ::1 GET /Service_Expense.svc xsd=xsd5 2831 - ::1 - - 200 0 0 84
2017-01-19 09:50:57 ::1 GET /Service_Expense.svc xsd=xsd6 2831 - ::1 - - 200 0 0 6
2017-01-19 09:50:59 ::1 GET /Service_Expense.svc xsd=xsd4 2831 - ::1 - - 200 0 0 89
2017-01-19 09:50:59 ::1 GET /Service_Expense.svc xsd=xsd7 2831 - ::1 - - 200 0 0 27
2017-01-19 09:51:09 ::1 GET /Service_Expense.svc xsd=xsd2 2831 - ::1 - - 200 0 995 95
2017-01-19 09:51:09 ::1 GET /Service_Expense.svc xsd=xsd3 2831 - ::1 - - 200 0 0 94
2017-01-19 09:51:09 ::1 GET /Service_Expense.svc xsd=xsd5 2831 - ::1 - - 200 0 0 92
2017-01-19 09:51:09 ::1 GET /Service_Expense.svc xsd=xsd6 2831 - ::1 - - 200 0 0 8
2017-01-19 09:51:09 ::1 GET /Service_Expense.svc xsd=xsd4 2831 - ::1 - - 200 0 0 92
2017-01-19 09:51:09 ::1 GET /Service_Expense.svc xsd=xsd7 2831 - ::1 - - 200 0 0 32
2017-01-19 09:51:27 ::1 GET /Service_Expense.svc xsd=xsd2 2831 - ::1 - - 200 0 995 81
2017-01-19 09:51:27 ::1 GET /Service_Expense.svc xsd=xsd3 2831 - ::1 - - 200 0 0 166
2017-01-19 09:51:27 ::1 GET /Service_Expense.svc xsd=xsd5 2831 - ::1 - - 200 0 0 208
2017-01-19 09:51:27 ::1 GET /Service_Expense.svc xsd=xsd6 2831 - ::1 - - 200 0 0 16
2017-01-19 09:51:27 ::1 GET /Service_Expense.svc xsd=xsd4 2831 - ::1 - - 200 0 0 78
2017-01-19 09:51:27 ::1 GET /Service_Expense.svc xsd=xsd7 2831 - ::1 - - 200 0 0 26
2017-01-19 09:51:52 ::1 GET /Service_Expense.svc xsd=xsd2 2831 - ::1 - - 200 0 995 76
2017-01-19 09:51:52 ::1 GET /Service_Expense.svc xsd=xsd3 2831 - ::1 - - 200 0 0 83
2017-01-19 09:51:52 ::1 GET /Service_Expense.svc xsd=xsd5 2831 - ::1 - - 200 0 0 81
2017-01-19 09:51:52 ::1 GET /Service_Expense.svc xsd=xsd6 2831 - ::1 - - 200 0 0 6
2017-01-19 09:51:52 ::1 GET /Service_Expense.svc xsd=xsd4 2831 - ::1 - - 200 0 0 91
2017-01-19 09:51:52 ::1 GET /Service_Expense.svc xsd=xsd7 2831 - ::1 - - 200 0 0 27
2017-01-19 09:52:44 ::1 GET /Service_Expense.svc xsd=xsd2 2831 - ::1 - - 200 0 995 83
2017-01-19 09:52:44 ::1 GET /Service_Expense.svc xsd=xsd3 2831 - ::1 - - 200 0 0 100
2017-01-19 09:52:44 ::1 GET /Service_Expense.svc xsd=xsd5 2831 - ::1 - - 200 0 0 89
2017-01-19 09:52:44 ::1 GET /Service_Expense.svc xsd=xsd6 2831 - ::1 - - 200 0 0 6
2017-01-19 09:52:44 ::1 GET /Service_Expense.svc xsd=xsd4 2831 - ::1 - - 200 0 0 92
2017-01-19 09:52:44 ::1 GET /Service_Expense.svc xsd=xsd7 2831 - ::1 - - 200 0 0 27
2017-01-19 09:52:46 ::1 GET /Service_Expense.svc xsd=xsd2 2831 - ::1 - - 200 0 995 74
2017-01-19 09:52:46 ::1 GET /Service_Expense.svc xsd=xsd3 2831 - ::1 - - 200 0 0 81
2017-01-19 09:52:46 ::1 GET /Service_Expense.svc xsd=xsd5 2831 - ::1 - - 200 0 0 69
2017-01-19 09:52:46 ::1 GET /Service_Expense.svc xsd=xsd6 2831 - ::1 - - 200 0 0 19
2017-01-19 09:52:46 ::1 GET /Service_Expense.svc xsd=xsd4 2831 - ::1 - - 200 0 0 65
2017-01-19 09:52:46 ::1 GET /Service_Expense.svc xsd=xsd7 2831 - ::1 - - 200 0 0 26
2017-01-19 09:52:48 ::1 GET /Service_Expense.svc xsd=xsd2 2831 - ::1 - - 200 0 995 88
2017-01-19 09:52:48 ::1 GET /Service_Expense.svc xsd=xsd3 2831 - ::1 - - 200 0 0 97
2017-01-19 09:52:48 ::1 GET /Service_Expense.svc xsd=xsd5 2831 - ::1 - - 200 0 0 65
2017-01-19 09:52:48 ::1 GET /Service_Expense.svc xsd=xsd6 2831 - ::1 - - 200 0 0 7
2017-01-19 09:52:48 ::1 GET /Service_Expense.svc xsd=xsd4 2831 - ::1 - - 200 0 0 66
2017-01-19 09:52:48 ::1 GET /Service_Expense.svc xsd=xsd7 2831 - ::1 - - 200 0 0 22
2017-01-19 09:58:55 ::1 POST /Service_Login.svc - 2831 - ::1 - - 200 0 0 3246
2017-01-19 09:58:55 ::1 POST /Service_Login.svc - 2831 - ::1 - - 200 0 0 277
2017-01-19 09:58:56 ::1 POST /Service_Expense.svc - 2831 - ::1 - - 200 0 0 250
2017-01-19 09:59:13 ::1 POST /Service_Expense.svc - 2831 - ::1 - - 200 0 0 197
2017-01-19 09:59:15 ::1 POST /Service_Expense.svc - 2831 - ::1 - - 200 0 0 1639
2017-01-19 09:59:15 ::1 POST /Service_Expense.svc - 2831 - ::1 - - 200 0 0 73
2017-01-19 09:59:20 ::1 POST /Service_Expense.svc - 2831 - ::1 - - 200 0 0 109
2017-01-19 09:59:35 ::1 POST /Service_Expense.svc - 2831 - ::1 - - 200 0 0 31
2017-01-19 09:59:35 ::1 POST /Service_Expense.svc - 2831 - ::1 - - 200 0 0 72
2017-01-19 09:59:46 ::1 POST /Service_Expense.svc - 2831 - ::1 - - 200 0 0 35
2017-01-19 09:59:55 ::1 POST /Service_Expense.svc - 2831 - ::1 - - 200 0 0 52
2017-01-19 10:00:04 ::1 POST /Service_Expense.svc - 2831 - ::1 - - 200 0 0 29
2017-01-19 10:00:08 ::1 POST /Service_Expense.svc - 2831 - ::1 - - 200 0 0 31
2017-01-19 10:00:08 ::1 POST /Service_Expense.svc - 2831 - ::1 - - 200 0 0 40
2017-01-19 10:00:08 ::1 POST /Service_Expense.svc - 2831 - ::1 - - 200 0 0 61
2017-01-19 10:00:08 ::1 POST /Service_Expense.svc - 2831 - ::1 - - 200 0 0 83
2017-01-19 10:00:08 ::1 POST /Service_Expense.svc - 2831 - ::1 - - 200 0 0 75
2017-01-19 10:00:08 ::1 POST /Service_Expense.svc - 2831 - ::1 - - 200 0 0 60
2017-01-19 10:00:10 ::1 POST /Service_Expense.svc - 2831 - ::1 - - 200 0 0 86
2017-01-19 10:00:10 ::1 POST /Service_Expense.svc - 2831 - ::1 - - 200 0 0 80
2017-01-19 10:00:10 ::1 POST /Service_Expense.svc - 2831 - ::1 - - 200 0 0 81
2017-01-19 10:00:10 ::1 POST /Service_Expense.svc - 2831 - ::1 - - 200 0 0 59
2017-01-19 10:00:10 ::1 POST /Service_Expense.svc - 2831 - ::1 - - 200 0 0 87
2017-01-19 10:00:11 ::1 POST /Service_Expense.svc - 2831 - ::1 - - 200 0 0 89
2017-01-19 10:00:11 ::1 POST /Service_Expense.svc - 2831 - ::1 - - 200 0 0 62
2017-01-19 10:00:47 ::1 POST /Service_Expense.svc - 2831 - ::1 - - 200 0 0 47
2017-01-19 10:00:47 ::1 POST /Service_Expense.svc - 2831 - ::1 - - 200 0 0 29
2017-01-19 10:00:47 ::1 POST /Service_Expense.svc - 2831 - ::1 - - 200 0 0 33
2017-01-19 10:00:47 ::1 POST /Service_Expense.svc - 2831 - ::1 - - 200 0 0 31
2017-01-19 10:00:47 ::1 POST /Service_Expense.svc - 2831 - ::1 - - 200 0 0 33
2017-01-19 10:00:47 ::1 POST /Service_Expense.svc - 2831 - ::1 - - 200 0 0 32
2017-01-19 10:00:47 ::1 POST /Service_Expense.svc - 2831 - ::1 - - 200 0 0 30
2017-01-19 10:00:48 ::1 POST /Service_Expense.svc - 2831 - ::1 - - 200 0 0 32
2017-01-19 10:00:48 ::1 POST /Service_Expense.svc - 2831 - ::1 - - 200 0 0 37
2017-01-19 10:00:48 ::1 POST /Service_Expense.svc - 2831 - ::1 - - 200 0 0 40
2017-01-19 10:00:48 ::1 POST /Service_Expense.svc - 2831 - ::1 - - 200 0 0 28
2017-01-19 10:00:48 ::1 POST /Service_Expense.svc - 2831 - ::1 - - 200 0 0 35
2017-01-19 10:00:48 ::1 POST /Service_Expense.svc - 2831 - ::1 - - 200 0 0 30
2017-01-19 10:00:48 ::1 POST /Service_Expense.svc - 2831 - ::1 - - 200 0 0 32
2017-01-19 10:01:25 ::1 POST /Service_Expense.svc - 2831 - ::1 - - 200 0 0 47
2017-01-19 10:04:25 ::1 POST /Service_Expense.svc - 2831 - ::1 - - 200 0 0 63
2017-01-19 10:04:27 ::1 POST /Service_Expense.svc - 2831 - ::1 - - 200 0 0 64
2017-01-19 10:04:30 ::1 POST /Service_Expense.svc - 2831 - ::1 - - 200 0 0 69
2017-01-19 10:04:30 ::1 POST /Service_Expense.svc - 2831 - ::1 - - 200 0 0 30
2017-01-19 10:04:30 ::1 POST /Service_Expense.svc - 2831 - ::1 - - 200 0 0 34
2017-01-19 10:04:30 ::1 POST /Service_Expense.svc - 2831 - ::1 - - 200 0 0 32
2017-01-19 10:04:30 ::1 POST /Service_Expense.svc - 2831 - ::1 - - 200 0 0 30
2017-01-19 10:04:30 ::1 POST /Service_Expense.svc - 2831 - ::1 - - 200 0 0 41
2017-01-19 10:04:31 ::1 POST /Service_Expense.svc - 2831 - ::1 - - 200 0 0 73
2017-01-19 10:04:31 ::1 POST /Service_Expense.svc - 2831 - ::1 - - 200 0 0 42
2017-01-19 10:04:31 ::1 POST /Service_Expense.svc - 2831 - ::1 - - 200 0 0 37
2017-01-19 10:04:31 ::1 POST /Service_Expense.svc - 2831 - ::1 - - 200 0 0 35
2017-01-19 10:04:31 ::1 POST /Service_Expense.svc - 2831 - ::1 - - 200 0 0 35
2017-01-19 10:04:34 ::1 POST /Service_Expense.svc - 2831 - ::1 - - 200 0 0 97
2017-01-19 10:07:20 ::1 POST /Service_Expense.svc - 2831 - ::1 - - 200 0 0 165663
2017-01-19 10:07:20 ::1 POST /Service_Expense.svc - 2831 - ::1 - - 200 0 0 99
2017-01-19 10:07:22 ::1 POST /Service_Expense.svc - 2831 - ::1 - - 200 0 0 57
#Software: Microsoft Internet Information Services 8.0
#Version: 1.0
#Date: 2017-01-19 10:11:25
#Fields: date time s-ip cs-method cs-uri-stem cs-uri-query s-port cs-username c-ip cs(User-Agent) cs(Referer) sc-status sc-substatus sc-win32-status time-taken
2017-01-19 10:11:25 ::1 GET / - 2831 - ::1 Mozilla/5.0+(Windows+NT+10.0;+WOW64)+AppleWebKit/537.36+(KHTML,+like+Gecko)+Chrome/55.0.2883.87+Safari/537.36 - 403 14 0 6538
2017-01-19 10:11:30 ::1 GET /Service_Login.svc - 2831 - ::1 Mozilla/5.0+(Windows+NT+10.0;+WOW64)+AppleWebKit/537.36+(KHTML,+like+Gecko)+Chrome/55.0.2883.87+Safari/537.36 - 200 0 0 381
2017-01-19 10:11:32 ::1 GET /Service_Login.svc - 2831 - ::1 Mozilla/5.0+(Windows+NT+10.0;+WOW64)+AppleWebKit/537.36+(KHTML,+like+Gecko)+Chrome/55.0.2883.87+Safari/537.36 - 200 0 0 38
2017-01-19 10:11:56 ::1 POST /Service_Login.svc - 2831 - ::1 - - 200 0 0 1466
2017-01-19 10:11:56 ::1 POST /Service_Login.svc - 2831 - ::1 - - 200 0 0 270
2017-01-19 10:11:57 ::1 POST /Service_Expense.svc - 2831 - ::1 - - 200 0 0 292
2017-01-19 10:11:59 ::1 POST /Service_Expense.svc - 2831 - ::1 - - 200 0 0 122
2017-01-19 10:12:03 ::1 POST /Service_Expense.svc - 2831 - ::1 - - 200 0 0 4073
2017-01-19 10:12:03 ::1 POST /Service_Expense.svc - 2831 - ::1 - - 200 0 0 63
2017-01-19 10:12:08 ::1 POST /Service_Expense.svc - 2831 - ::1 - - 200 0 0 56
2017-01-19 10:14:20 ::1 POST /Service_Expense.svc - 2831 - ::1 - - 200 0 0 84
2017-01-19 10:14:23 ::1 POST /Service_Expense.svc - 2831 - ::1 - - 200 0 0 2510
2017-01-19 10:14:23 ::1 POST /Service_Expense.svc - 2831 - ::1 - - 200 0 0 64
2017-01-19 10:14:29 ::1 POST /Service_Expense.svc - 2831 - ::1 - - 200 0 0 39
2017-01-19 10:14:39 ::1 POST /Service_Expense.svc - 2831 - ::1 - - 200 0 0 55
2017-01-19 10:14:45 ::1 POST /Service_Expense.svc - 2831 - ::1 - - 200 0 0 69
2017-01-19 10:14:45 ::1 POST /Service_Expense.svc - 2831 - ::1 - - 200 0 0 41
2017-01-19 10:14:49 ::1 POST /Service_Expense.svc - 2831 - ::1 - - 200 0 0 61
#Software: Microsoft Internet Information Services 8.0
#Version: 1.0
#Date: 2017-01-19 11:17:48
#Fields: date time s-ip cs-method cs-uri-stem cs-uri-query s-port cs-username c-ip cs(User-Agent) cs(Referer) sc-status sc-substatus sc-win32-status time-taken
2017-01-19 11:17:48 ::1 POST /Service_Login.svc - 2831 - ::1 - - 200 0 0 197
2017-01-19 11:17:48 ::1 POST /Service_Login.svc - 2831 - ::1 - - 200 0 0 178
2017-01-19 11:17:48 ::1 POST /Service_Expense.svc - 2831 - ::1 - - 200 0 0 190
2017-01-19 11:22:04 ::1 POST /Service_Timesheet.svc - 2831 - ::1 - - 200 0 0 387
2017-01-19 11:22:04 ::1 POST /Service_Timesheet.svc - 2831 - ::1 - - 200 0 0 442
2017-01-19 11:22:09 ::1 POST /Service_Timesheet.svc - 2831 - ::1 - - 200 0 0 34
2017-01-19 11:22:09 ::1 POST /Service_Timesheet.svc - 2831 - ::1 - - 200 0 0 36
2017-01-19 11:22:26 ::1 POST /Service_Timesheet.svc - 2831 - ::1 - - 200 0 0 40
2017-01-19 11:22:26 ::1 POST /Service_Timesheet.svc - 2831 - ::1 - - 200 0 0 66
2017-01-19 11:22:38 ::1 POST /Service_Timesheet.svc - 2831 - ::1 - - 200 0 0 31
2017-01-19 11:22:38 ::1 POST /Service_Timesheet.svc - 2831 - ::1 - - 200 0 0 42
#Software: Microsoft Internet Information Services 8.0
#Version: 1.0
#Date: 2017-01-19 12:07:24
#Fields: date time s-ip cs-method cs-uri-stem cs-uri-query s-port cs-username c-ip cs(User-Agent) cs(Referer) sc-status sc-substatus sc-win32-status time-taken
2017-01-19 12:07:24 ::1 POST /Service_Login.svc - 2831 - ::1 - - 200 0 0 120
2017-01-19 12:07:24 ::1 POST /Service_Login.svc - 2831 - ::1 - - 200 0 0 131
2017-01-19 12:07:25 ::1 POST /Service_Expense.svc - 2831 - ::1 - - 200 0 0 120
2017-01-19 12:07:29 ::1 POST /Service_Expense.svc - 2831 - ::1 - - 200 0 0 136
2017-01-19 12:07:31 ::1 POST /Service_Expense.svc - 2831 - ::1 - - 200 0 0 2297
2017-01-19 12:07:31 ::1 POST /Service_Expense.svc - 2831 - ::1 - - 200 0 0 93
2017-01-19 12:07:40 ::1 POST /Service_Expense.svc - 2831 - ::1 - - 200 0 0 55
2017-01-19 12:07:45 ::1 POST /Service_Expense.svc - 2831 - ::1 - - 200 0 0 91
2017-01-19 12:07:45 ::1 POST /Service_Expense.svc - 2831 - ::1 - - 200 0 0 60
2017-01-19 12:07:45 ::1 POST /Service_Expense.svc - 2831 - ::1 - - 200 0 0 94
2017-01-19 12:07:46 ::1 POST /Service_Expense.svc - 2831 - ::1 - - 200 0 0 56
2017-01-19 12:07:46 ::1 POST /Service_Expense.svc - 2831 - ::1 - - 200 0 0 84
2017-01-19 12:07:46 ::1 POST /Service_Expense.svc - 2831 - ::1 - - 200 0 0 48
2017-01-19 12:07:46 ::1 POST /Service_Expense.svc - 2831 - ::1 - - 200 0 0 86
2017-01-19 12:07:46 ::1 POST /Service_Expense.svc - 2831 - ::1 - - 200 0 0 48
2017-01-19 12:07:47 ::1 POST /Service_Expense.svc - 2831 - ::1 - - 200 0 0 82
2017-01-19 12:07:47 ::1 POST /Service_Expense.svc - 2831 - ::1 - - 200 0 0 45
2017-01-19 12:07:47 ::1 POST /Service_Expense.svc - 2831 - ::1 - - 200 0 0 57
2017-01-19 12:07:47 ::1 POST /Service_Expense.svc - 2831 - ::1 - - 200 0 0 49
2017-01-19 12:07:47 ::1 POST /Service_Expense.svc - 2831 - ::1 - - 200 0 0 64
2017-01-19 12:07:48 ::1 POST /Service_Expense.svc - 2831 - ::1 - - 200 0 0 43
2017-01-19 12:07:48 ::1 POST /Service_Expense.svc - 2831 - ::1 - - 200 0 0 55
2017-01-19 12:07:48 ::1 POST /Service_Expense.svc - 2831 - ::1 - - 200 0 0 47
2017-01-19 12:07:48 ::1 POST /Service_Expense.svc - 2831 - ::1 - - 200 0 0 54
2017-01-19 12:07:48 ::1 POST /Service_Expense.svc - 2831 - ::1 - - 200 0 0 39
2017-01-19 12:07:48 ::1 POST /Service_Expense.svc - 2831 - ::1 - - 200 0 0 76
2017-01-19 12:07:49 ::1 POST /Service_Expense.svc - 2831 - ::1 - - 200 0 0 44
2017-01-19 12:07:49 ::1 POST /Service_Expense.svc - 2831 - ::1 - - 200 0 0 51
2017-01-19 12:07:49 ::1 POST /Service_Expense.svc - 2831 - ::1 - - 200 0 0 48
2017-01-19 12:07:49 ::1 POST /Service_Expense.svc - 2831 - ::1 - - 200 0 0 58
2017-01-19 12:07:49 ::1 POST /Service_Expense.svc - 2831 - ::1 - - 200 0 0 45
2017-01-19 12:07:49 ::1 POST /Service_Expense.svc - 2831 - ::1 - - 200 0 0 57
2017-01-19 12:07:50 ::1 POST /Service_Expense.svc - 2831 - ::1 - - 200 0 0 42
2017-01-19 12:07:50 ::1 POST /Service_Expense.svc - 2831 - ::1 - - 200 0 0 69
#Software: Microsoft Internet Information Services 8.0
#Version: 1.0
#Date: 2017-01-19 12:29:37
#Fields: date time s-ip cs-method cs-uri-stem cs-uri-query s-port cs-username c-ip cs(User-Agent) cs(Referer) sc-status sc-substatus sc-win32-status time-taken
2017-01-19 12:29:37 ::1 OPTIONS /Service_Expense.svc/_vti_bin/ListData.svc/$metadata - 2831 - ::1 - - 400 0 0 150
2017-01-19 12:29:37 ::1 GET /Service_Expense.svc/$metadata - 2831 - ::1 Mozilla/4.0+(compatible;+MSIE+6.0;+MS+Web+Services+Client+Protocol+4.0.30319.42000) - 400 0 0 154
2017-01-19 12:29:37 ::1 GET /Service_Expense.svc/_vti_bin/ListData.svc/$metadata - 2831 - ::1 Mozilla/4.0+(compatible;+MSIE+6.0;+MS+Web+Services+Client+Protocol+4.0.30319.42000) - 400 0 0 206
2017-01-19 12:29:38 ::1 POST /Service_Expense.svc - 2831 - ::1 - - 415 0 0 59
2017-01-19 12:29:38 ::1 GET /Service_Expense.svc - 2831 - ::1 Mozilla/4.0+(compatible;+MSIE+6.0;+MS+Web+Services+Client+Protocol+4.0.30319.42000) - 200 0 0 2182
2017-01-19 12:29:38 ::1 GET /Service_Expense.svc disco 2831 - ::1 Mozilla/4.0+(compatible;+MSIE+6.0;+MS+Web+Services+Client+Protocol+4.0.30319.42000) - 200 0 0 36
2017-01-19 12:29:38 ::1 GET /Service_Expense.svc wsdl 2831 - ::1 Mozilla/4.0+(compatible;+MSIE+6.0;+MS+Web+Services+Client+Protocol+4.0.30319.42000) - 200 0 0 51
2017-01-19 12:29:38 ::1 GET /Service_Expense.svc wsdl=wsdl0 2831 - ::1 Mozilla/4.0+(compatible;+MSIE+6.0;+MS+Web+Services+Client+Protocol+4.0.30319.42000) - 200 0 0 57
2017-01-19 12:29:39 ::1 GET /Service_Expense.svc xsd=xsd0 2831 - ::1 Mozilla/4.0+(compatible;+MSIE+6.0;+MS+Web+Services+Client+Protocol+4.0.30319.42000) - 200 0 0 135
2017-01-19 12:29:39 ::1 POST /Service_Expense.svc/mex - 2831 - ::1 - - 200 0 0 1138
2017-01-19 12:29:39 ::1 GET /Service_Expense.svc xsd=xsd2 2831 - ::1 Mozilla/4.0+(compatible;+MSIE+6.0;+MS+Web+Services+Client+Protocol+4.0.30319.42000) - 200 0 0 83
2017-01-19 12:29:39 ::1 GET /Service_Expense.svc xsd=xsd1 2831 - ::1 Mozilla/4.0+(compatible;+MSIE+6.0;+MS+Web+Services+Client+Protocol+4.0.30319.42000) - 200 0 0 80
2017-01-19 12:29:39 ::1 GET /Service_Expense.svc xsd=xsd3 2831 - ::1 Mozilla/4.0+(compatible;+MSIE+6.0;+MS+Web+Services+Client+Protocol+4.0.30319.42000) - 200 0 0 63
2017-01-19 12:29:39 ::1 GET /Service_Expense.svc xsd=xsd4 2831 - ::1 Mozilla/4.0+(compatible;+MSIE+6.0;+MS+Web+Services+Client+Protocol+4.0.30319.42000) - 200 0 0 78
2017-01-19 12:29:39 ::1 GET /Service_Expense.svc xsd=xsd5 2831 - ::1 Mozilla/4.0+(compatible;+MSIE+6.0;+MS+Web+Services+Client+Protocol+4.0.30319.42000) - 200 0 0 66
2017-01-19 12:29:39 ::1 GET /Service_Expense.svc xsd=xsd6 2831 - ::1 Mozilla/4.0+(compatible;+MSIE+6.0;+MS+Web+Services+Client+Protocol+4.0.30319.42000) - 200 0 0 4
#Software: Microsoft Internet Information Services 8.0
#Version: 1.0
#Date: 2017-01-19 13:05:07
#Fields: date time s-ip cs-method cs-uri-stem cs-uri-query s-port cs-username c-ip cs(User-Agent) cs(Referer) sc-status sc-substatus sc-win32-status time-taken
2017-01-19 13:05:06 ::1 GET / - 2831 - ::1 Mozilla/5.0+(Windows+NT+10.0;+WOW64)+AppleWebKit/537.36+(KHTML,+like+Gecko)+Chrome/55.0.2883.87+Safari/537.36 - 403 14 0 36841
2017-01-19 13:05:14 ::1 GET /Service_Login.svc - 2831 - ::1 Mozilla/5.0+(Windows+NT+10.0;+WOW64)+AppleWebKit/537.36+(KHTML,+like+Gecko)+Chrome/55.0.2883.87+Safari/537.36 - 200 0 0 35508
2017-01-19 13:05:17 ::1 GET /Service_Expense.svc/_vti_bin/ListData.svc/$metadata - 2831 - ::1 Mozilla/4.0+(compatible;+MSIE+6.0;+MS+Web+Services+Client+Protocol+4.0.30319.42000) - 400 0 0 398
2017-01-19 13:05:17 ::1 GET /Service_Expense.svc/$metadata - 2831 - ::1 Mozilla/4.0+(compatible;+MSIE+6.0;+MS+Web+Services+Client+Protocol+4.0.30319.42000) - 400 0 0 402
2017-01-19 13:05:17 ::1 OPTIONS /Service_Expense.svc/_vti_bin/ListData.svc/$metadata - 2831 - ::1 - - 400 0 0 904
2017-01-19 13:05:17 ::1 POST /Service_Expense.svc - 2831 - ::1 - - 415 0 0 145
2017-01-19 13:05:20 ::1 GET /Service_Expense.svc - 2831 - ::1 Mozilla/4.0+(compatible;+MSIE+6.0;+MS+Web+Services+Client+Protocol+4.0.30319.42000) - 200 0 0 2776
2017-01-19 13:05:20 ::1 GET /Service_Expense.svc disco 2831 - ::1 Mozilla/4.0+(compatible;+MSIE+6.0;+MS+Web+Services+Client+Protocol+4.0.30319.42000) - 200 0 0 186
2017-01-19 13:05:20 ::1 GET /Service_Expense.svc wsdl 2831 - ::1 Mozilla/4.0+(compatible;+MSIE+6.0;+MS+Web+Services+Client+Protocol+4.0.30319.42000) - 200 0 0 514
2017-01-19 13:05:20 ::1 GET /Service_Expense.svc wsdl=wsdl0 2831 - ::1 Mozilla/4.0+(compatible;+MSIE+6.0;+MS+Web+Services+Client+Protocol+4.0.30319.42000) - 200 0 0 166
2017-01-19 13:05:21 ::1 POST /Service_Expense.svc/mex - 2831 - ::1 - - 200 0 0 3313
2017-01-19 13:05:21 ::1 GET /Service_Expense.svc xsd=xsd0 2831 - ::1 Mozilla/4.0+(compatible;+MSIE+6.0;+MS+Web+Services+Client+Protocol+4.0.30319.42000) - 200 0 0 569
2017-01-19 13:05:21 ::1 GET /Service_Expense.svc xsd=xsd2 2831 - ::1 Mozilla/4.0+(compatible;+MSIE+6.0;+MS+Web+Services+Client+Protocol+4.0.30319.42000) - 200 0 0 101
2017-01-19 13:05:21 ::1 GET /Service_Expense.svc xsd=xsd1 2831 - ::1 Mozilla/4.0+(compatible;+MSIE+6.0;+MS+Web+Services+Client+Protocol+4.0.30319.42000) - 200 0 0 105
2017-01-19 13:05:21 ::1 GET /Service_Expense.svc xsd=xsd3 2831 - ::1 Mozilla/4.0+(compatible;+MSIE+6.0;+MS+Web+Services+Client+Protocol+4.0.30319.42000) - 200 0 0 93
2017-01-19 13:05:21 ::1 GET /Service_Expense.svc xsd=xsd4 2831 - ::1 Mozilla/4.0+(compatible;+MSIE+6.0;+MS+Web+Services+Client+Protocol+4.0.30319.42000) - 200 0 0 88
2017-01-19 13:05:21 ::1 GET /Service_Expense.svc xsd=xsd5 2831 - ::1 Mozilla/4.0+(compatible;+MSIE+6.0;+MS+Web+Services+Client+Protocol+4.0.30319.42000) - 200 0 0 89
2017-01-19 13:05:21 ::1 GET /Service_Expense.svc xsd=xsd6 2831 - ::1 Mozilla/4.0+(compatible;+MSIE+6.0;+MS+Web+Services+Client+Protocol+4.0.30319.42000) - 200 0 0 39
#Software: Microsoft Internet Information Services 8.0
#Version: 1.0
#Date: 2017-01-19 14:07:17
#Fields: date time s-ip cs-method cs-uri-stem cs-uri-query s-port cs-username c-ip cs(User-Agent) cs(Referer) sc-status sc-substatus sc-win32-status time-taken
2017-01-19 14:07:17 ::1 POST /Service_Login.svc - 2831 - ::1 - - 200 0 0 3266
2017-01-19 14:07:17 ::1 POST /Service_Login.svc - 2831 - ::1 - - 200 0 0 310
2017-01-19 14:07:18 ::1 POST /Service_Expense.svc - 2831 - ::1 - - 200 0 0 233
2017-01-19 14:07:21 ::1 POST /Service_Expense.svc - 2831 - ::1 - - 200 0 0 177
2017-01-19 14:07:28 ::1 POST /Service_Expense.svc - 2831 - ::1 - - 200 0 0 7131
2017-01-19 14:07:28 ::1 POST /Service_Expense.svc - 2831 - ::1 - - 200 0 0 169
2017-01-19 14:07:34 ::1 POST /Service_Expense.svc - 2831 - ::1 - - 200 0 0 75
2017-01-19 14:07:34 ::1 POST /Service_Expense.svc - 2831 - ::1 - - 200 0 0 59
2017-01-19 14:07:35 ::1 POST /Service_Expense.svc - 2831 - ::1 - - 200 0 0 45
2017-01-19 14:07:35 ::1 POST /Service_Expense.svc - 2831 - ::1 - - 200 0 0 53
2017-01-19 14:07:35 ::1 POST /Service_Expense.svc - 2831 - ::1 - - 200 0 0 47
2017-01-19 14:07:35 ::1 POST /Service_Expense.svc - 2831 - ::1 - - 200 0 0 55
2017-01-19 14:07:57 ::1 POST /Service_Expense.svc - 2831 - ::1 - - 200 0 0 28
2017-01-19 14:08:30 ::1 POST /Service_Expense.svc - 2831 - ::1 - - 200 0 0 6368
2017-01-19 14:08:30 ::1 POST /Service_Expense.svc - 2831 - ::1 - - 200 0 0 63
2017-01-19 14:08:34 ::1 POST /Service_Expense.svc - 2831 - ::1 - - 200 0 0 3573
2017-01-19 14:08:40 ::1 POST /Service_Expense.svc - 2831 - ::1 - - 200 0 0 33
2017-01-19 14:08:40 ::1 POST /Service_Expense.svc - 2831 - ::1 - - 200 0 0 54
2017-01-19 14:08:40 ::1 POST /Service_Expense.svc - 2831 - ::1 - - 200 0 0 31
2017-01-19 14:08:40 ::1 POST /Service_Expense.svc - 2831 - ::1 - - 200 0 0 58
#Software: Microsoft Internet Information Services 8.0
#Version: 1.0
#Date: 2017-01-19 14:26:30
#Fields: date time s-ip cs-method cs-uri-stem cs-uri-query s-port cs-username c-ip cs(User-Agent) cs(Referer) sc-status sc-substatus sc-win32-status time-taken
2017-01-19 14:26:30 ::1 OPTIONS /Service_Expense.svc/_vti_bin/ListData.svc/$metadata - 2831 - ::1 - - 400 0 0 197
2017-01-19 14:26:30 ::1 POST /Service_Expense.svc - 2831 - ::1 - - 415 0 0 215
2017-01-19 14:26:30 ::1 GET /Service_Expense.svc/_vti_bin/ListData.svc/$metadata - 2831 - ::1 Mozilla/4.0+(compatible;+MSIE+6.0;+MS+Web+Services+Client+Protocol+4.0.30319.42000) - 400 0 0 301
2017-01-19 14:26:30 ::1 GET /Service_Expense.svc/$metadata - 2831 - ::1 Mozilla/4.0+(compatible;+MSIE+6.0;+MS+Web+Services+Client+Protocol+4.0.30319.42000) - 400 0 0 302
2017-01-19 14:26:30 ::1 GET /Service_Expense.svc - 2831 - ::1 Mozilla/4.0+(compatible;+MSIE+6.0;+MS+Web+Services+Client+Protocol+4.0.30319.42000) - 200 0 0 346
2017-01-19 14:26:30 ::1 GET /Service_Expense.svc disco 2831 - ::1 Mozilla/4.0+(compatible;+MSIE+6.0;+MS+Web+Services+Client+Protocol+4.0.30319.42000) - 200 0 0 14
2017-01-19 14:26:30 ::1 POST /Service_Expense.svc/mex - 2831 - ::1 - - 200 0 0 332
2017-01-19 14:26:30 ::1 GET /Service_Expense.svc wsdl 2831 - ::1 Mozilla/4.0+(compatible;+MSIE+6.0;+MS+Web+Services+Client+Protocol+4.0.30319.42000) - 200 0 0 78
2017-01-19 14:26:30 ::1 GET /Service_Expense.svc wsdl=wsdl0 2831 - ::1 Mozilla/4.0+(compatible;+MSIE+6.0;+MS+Web+Services+Client+Protocol+4.0.30319.42000) - 200 0 0 67
2017-01-19 14:26:30 ::1 GET /Service_Expense.svc xsd=xsd0 2831 - ::1 Mozilla/4.0+(compatible;+MSIE+6.0;+MS+Web+Services+Client+Protocol+4.0.30319.42000) - 200 0 0 83
2017-01-19 14:26:30 ::1 GET /Service_Expense.svc xsd=xsd2 2831 - ::1 Mozilla/4.0+(compatible;+MSIE+6.0;+MS+Web+Services+Client+Protocol+4.0.30319.42000) - 200 0 0 86
2017-01-19 14:26:30 ::1 GET /Service_Expense.svc xsd=xsd1 2831 - ::1 Mozilla/4.0+(compatible;+MSIE+6.0;+MS+Web+Services+Client+Protocol+4.0.30319.42000) - 200 0 0 83
2017-01-19 14:26:30 ::1 GET /Service_Expense.svc xsd=xsd3 2831 - ::1 Mozilla/4.0+(compatible;+MSIE+6.0;+MS+Web+Services+Client+Protocol+4.0.30319.42000) - 200 0 0 85
2017-01-19 14:26:30 ::1 GET /Service_Expense.svc xsd=xsd4 2831 - ::1 Mozilla/4.0+(compatible;+MSIE+6.0;+MS+Web+Services+Client+Protocol+4.0.30319.42000) - 200 0 0 93
2017-01-19 14:26:30 ::1 GET /Service_Expense.svc xsd=xsd5 2831 - ::1 Mozilla/4.0+(compatible;+MSIE+6.0;+MS+Web+Services+Client+Protocol+4.0.30319.42000) - 200 0 0 85
2017-01-19 14:26:30 ::1 GET /Service_Expense.svc xsd=xsd6 2831 - ::1 Mozilla/4.0+(compatible;+MSIE+6.0;+MS+Web+Services+Client+Protocol+4.0.30319.42000) - 200 0 0 7
