#Software: Microsoft Internet Information Services 8.0
#Version: 1.0
#Date: 2017-08-30 13:29:08
#Fields: date time s-ip cs-method cs-uri-stem cs-uri-query s-port cs-username c-ip cs(User-Agent) cs(Referer) sc-status sc-substatus sc-win32-status time-taken
2017-08-30 13:29:08 ::1 GET /Service_Expense.svc - 2831 - ::1 Mozilla/5.0+(Windows+NT+10.0;+Win64;+x64)+AppleWebKit/537.36+(KHTML,+like+Gecko)+Chrome/60.0.3112.113+Safari/537.36 - 200 0 0 23722
2017-08-30 13:29:08 ::1 GET /favicon.ico - 2831 - ::1 Mozilla/5.0+(Windows+NT+10.0;+Win64;+x64)+AppleWebKit/537.36+(KHTML,+like+Gecko)+Chrome/60.0.3112.113+Safari/537.36 http://localhost:2831/Service_Expense.svc 404 0 2 4
2017-08-30 13:31:51 ::1 POST /Service_Login.svc - 2831 - ::1 - - 500 0 0 16281
2017-08-30 13:32:48 ::1 GET /Service_Expense.svc - 2831 - ::1 Mozilla/5.0+(Windows+NT+10.0;+Win64;+x64)+AppleWebKit/537.36+(KHTML,+like+Gecko)+Chrome/60.0.3112.113+Safari/537.36 - 200 0 0 36
2017-08-30 13:33:33 ::1 POST /Service_Login.svc - 2831 - ::1 - - 500 0 0 15163
2017-08-30 13:34:50 ::1 GET /Service_Expense.svc - 2831 - ::1 Mozilla/5.0+(Windows+NT+10.0;+Win64;+x64)+AppleWebKit/537.36+(KHTML,+like+Gecko)+Chrome/60.0.3112.113+Safari/537.36 - 200 0 0 51
2017-08-30 13:35:15 ::1 GET / - 2831 - ::1 Mozilla/5.0+(Windows+NT+10.0;+Win64;+x64)+AppleWebKit/537.36+(KHTML,+like+Gecko)+Chrome/42.0.2311.135+Safari/537.36+Edge/12.10240 - 403 14 64 166
2017-08-30 13:35:59 ::1 POST /Service_Login.svc - 2831 - ::1 - - 500 0 0 14075
2017-08-30 13:37:31 ::1 POST /Service_Login.svc - 2831 - ::1 - - 500 0 0 14123
2017-08-30 13:39:03 ::1 POST /Service_Login.svc - 2831 - ::1 - - 500 0 64 65453
2017-08-30 13:39:38 ::1 POST /Service_Login.svc - 2831 - ::1 - - 500 0 0 14076
2017-08-30 13:42:09 ::1 GET /Service_Expense.svc - 2831 - ::1 Mozilla/5.0+(Windows+NT+10.0;+Win64;+x64)+AppleWebKit/537.36+(KHTML,+like+Gecko)+Chrome/60.0.3112.113+Safari/537.36 - 200 0 0 21506
2017-08-30 13:43:05 ::1 POST /Service_Login.svc - 2831 - ::1 - - 200 0 0 24076
2017-08-30 13:43:26 ::1 POST /Service_Login.svc - 2831 - ::1 - - 200 0 0 21056
2017-08-30 13:43:38 ::1 POST /Service_Expense.svc - 2831 - ::1 - - 200 0 0 10937
2017-08-30 13:43:53 ::1 POST /Service_Expense.svc - 2831 - ::1 - - 200 0 0 10784
2017-08-30 13:44:09 ::1 POST /Service_Expense.svc - 2831 - ::1 - - 200 0 0 11314
2017-08-30 13:47:59 ::1 POST /Service_Expense.svc - 2831 - ::1 - - 200 0 0 230382
2017-08-30 13:48:19 ::1 POST /Service_Expense.svc - 2831 - ::1 - - 200 0 0 19603
2017-08-30 13:49:58 ::1 POST /Service_Expense.svc - 2831 - ::1 - - 200 0 0 10756
2017-08-30 13:50:37 ::1 POST /Service_Expense.svc - 2831 - ::1 - - 200 0 0 19477
2017-08-30 13:56:01 ::1 POST /Service_Expense.svc - 2831 - ::1 - - 200 0 0 21937
2017-08-30 13:56:36 ::1 POST /Service_Expense.svc - 2831 - ::1 - - 200 0 0 30604
2017-08-30 14:01:32 ::1 POST /Service_Expense.svc - 2831 - ::1 - - 200 0 0 296009
2017-08-30 14:01:43 ::1 POST /Service_Expense.svc - 2831 - ::1 - - 200 0 0 10577
#Software: Microsoft Internet Information Services 8.0
#Version: 1.0
#Date: 2017-08-30 15:11:34
#Fields: date time s-ip cs-method cs-uri-stem cs-uri-query s-port cs-username c-ip cs(User-Agent) cs(Referer) sc-status sc-substatus sc-win32-status time-taken
2017-08-30 15:11:34 ::1 POST /Service_Expense.svc - 2831 - ::1 - - 200 0 0 25455
2017-08-30 15:12:04 ::1 POST /Service_Expense.svc - 2831 - ::1 - - 200 0 0 29749
2017-08-30 15:13:29 ::1 POST /Service_Expense.svc - 2831 - ::1 - - 200 0 0 21921
2017-08-30 15:13:54 ::1 POST /Service_Expense.svc - 2831 - ::1 - - 200 0 0 24517
2017-08-30 15:14:32 ::1 POST /Service_Expense.svc - 2831 - ::1 - - 200 0 0 18222
2017-08-30 15:14:52 ::1 POST /Service_Expense.svc - 2831 - ::1 - - 200 0 0 19506
2017-08-30 15:21:59 ::1 POST /Service_Expense.svc - 2831 - ::1 - - 200 0 0 16145
2017-08-30 15:22:29 ::1 POST /Service_Expense.svc - 2831 - ::1 - - 200 0 0 11958
2017-08-30 15:23:50 ::1 POST /Service_Expense.svc - 2831 - ::1 - - 200 0 0 18256
2017-08-30 15:24:04 ::1 POST /Service_Expense.svc - 2831 - ::1 - - 200 0 0 12378
2017-08-30 15:30:06 ::1 POST /Service_Login.svc - 2831 - ::1 - - 200 0 64 66687
