#Software: Microsoft Internet Information Services 8.0
#Version: 1.0
#Date: 2017-01-17 09:44:18
#Fields: date time s-ip cs-method cs-uri-stem cs-uri-query s-port cs-username c-ip cs(User-Agent) cs(Referer) sc-status sc-substatus sc-win32-status time-taken
2017-01-17 09:44:18 ::1 GET /Service_Login.svc - 2831 - ::1 Mozilla/5.0+(Windows+NT+10.0;+WOW64)+AppleWebKit/537.36+(KHTML,+like+Gecko)+Chrome/55.0.2883.87+Safari/537.36 - 200 0 0 7565
2017-01-17 09:44:18 ::1 GET /favicon.ico - 2831 - ::1 Mozilla/5.0+(Windows+NT+10.0;+WOW64)+AppleWebKit/537.36+(KHTML,+like+Gecko)+Chrome/55.0.2883.87+Safari/537.36 http://localhost:2831/Service_Login.svc 404 0 2 20
#Software: Microsoft Internet Information Services 8.0
#Version: 1.0
#Date: 2017-01-17 10:08:15
#Fields: date time s-ip cs-method cs-uri-stem cs-uri-query s-port cs-username c-ip cs(User-Agent) cs(Referer) sc-status sc-substatus sc-win32-status time-taken
2017-01-17 10:08:15 ::1 POST /Service_Login.svc - 2831 - ::1 - - 500 0 0 29881
#Software: Microsoft Internet Information Services 8.0
#Version: 1.0
#Date: 2017-01-17 10:14:36
#Fields: date time s-ip cs-method cs-uri-stem cs-uri-query s-port cs-username c-ip cs(User-Agent) cs(Referer) sc-status sc-substatus sc-win32-status time-taken
2017-01-17 10:14:36 ::1 POST /Service_Login.svc - 2831 - ::1 - - 200 0 0 8343
2017-01-17 10:14:36 ::1 POST /Service_Login.svc - 2831 - ::1 - - 200 0 0 298
2017-01-17 10:14:38 ::1 POST /Service_Expense.svc - 2831 - ::1 - - 200 0 0 254
2017-01-17 10:17:16 ::1 GET /Service_Login.svc - 2831 - ::1 Mozilla/5.0+(Windows+NT+10.0;+WOW64)+AppleWebKit/537.36+(KHTML,+like+Gecko)+Chrome/55.0.2883.87+Safari/537.36 - 200 0 0 9843
2017-01-17 10:17:55 ::1 POST /Service_Expense.svc - 2831 - ::1 - - 200 0 0 4181
2017-01-17 10:17:57 ::1 POST /Service_Expense.svc - 2831 - ::1 - - 200 0 0 1658
2017-01-17 10:17:57 ::1 POST /Service_Expense.svc - 2831 - ::1 - - 200 0 0 25
2017-01-17 10:22:38 ::1 POST /Service_Expense.svc - 2831 - ::1 - - 200 0 0 32
2017-01-17 10:22:38 ::1 POST /Service_Expense.svc - 2831 - ::1 - - 200 0 0 103
2017-01-17 10:22:38 ::1 POST /Service_Expense.svc - 2831 - ::1 - - 200 0 0 20
2017-01-17 10:23:45 ::1 POST /Service_Expense.svc - 2831 - ::1 - - 200 0 0 169
2017-01-17 10:24:10 ::1 POST /Service_Expense.svc - 2831 - ::1 - - 200 0 0 44
2017-01-17 10:24:10 ::1 POST /Service_Expense.svc - 2831 - ::1 - - 200 0 0 111
2017-01-17 10:24:10 ::1 POST /Service_Expense.svc - 2831 - ::1 - - 200 0 0 64
2017-01-17 10:24:10 ::1 POST /Service_Expense.svc - 2831 - ::1 - - 200 0 0 65
2017-01-17 10:24:10 ::1 POST /Service_Expense.svc - 2831 - ::1 - - 200 0 0 60
2017-01-17 10:24:10 ::1 POST /Service_Expense.svc - 2831 - ::1 - - 200 0 0 64
2017-01-17 10:24:10 ::1 POST /Service_Expense.svc - 2831 - ::1 - - 200 0 0 122
2017-01-17 10:24:10 ::1 POST /Service_Expense.svc - 2831 - ::1 - - 200 0 0 82
2017-01-17 10:24:10 ::1 POST /Service_Expense.svc - 2831 - ::1 - - 200 0 0 46
2017-01-17 10:24:10 ::1 POST /Service_Expense.svc - 2831 - ::1 - - 200 0 0 18
2017-01-17 10:24:10 ::1 POST /Service_Expense.svc - 2831 - ::1 - - 200 0 0 17
#Software: Microsoft Internet Information Services 8.0
#Version: 1.0
#Date: 2017-01-17 10:49:39
#Fields: date time s-ip cs-method cs-uri-stem cs-uri-query s-port cs-username c-ip cs(User-Agent) cs(Referer) sc-status sc-substatus sc-win32-status time-taken
2017-01-17 10:49:39 ::1 POST /Service_Expense.svc - 2831 - ::1 - - 200 0 0 40
2017-01-17 10:49:39 ::1 POST /Service_Expense.svc - 2831 - ::1 - - 200 0 0 120
2017-01-17 10:49:39 ::1 POST /Service_Expense.svc - 2831 - ::1 - - 200 0 0 24
2017-01-17 10:50:56 ::1 POST /Service_Expense.svc - 2831 - ::1 - - 200 0 0 34
2017-01-17 10:50:56 ::1 POST /Service_Expense.svc - 2831 - ::1 - - 200 0 0 113
2017-01-17 10:50:56 ::1 POST /Service_Expense.svc - 2831 - ::1 - - 200 0 0 23
2017-01-17 10:52:42 ::1 POST /Service_Expense.svc - 2831 - ::1 - - 200 0 0 34
2017-01-17 10:52:42 ::1 POST /Service_Expense.svc - 2831 - ::1 - - 200 0 0 110
2017-01-17 10:52:42 ::1 POST /Service_Expense.svc - 2831 - ::1 - - 200 0 0 24
2017-01-17 10:53:38 ::1 POST /Service_Expense.svc - 2831 - ::1 - - 200 0 0 39
2017-01-17 10:53:43 ::1 POST /Service_Expense.svc - 2831 - ::1 - - 200 0 0 5218
2017-01-17 10:53:43 ::1 POST /Service_Expense.svc - 2831 - ::1 - - 200 0 0 32
2017-01-17 10:53:47 ::1 POST /Service_Expense.svc - 2831 - ::1 - - 200 0 0 3300
#Software: Microsoft Internet Information Services 8.0
#Version: 1.0
#Date: 2017-01-17 11:09:32
#Fields: date time s-ip cs-method cs-uri-stem cs-uri-query s-port cs-username c-ip cs(User-Agent) cs(Referer) sc-status sc-substatus sc-win32-status time-taken
2017-01-17 11:09:32 ::1 POST /Service_Login.svc - 2831 - ::1 - - 200 0 0 56
2017-01-17 11:09:32 ::1 POST /Service_Login.svc - 2831 - ::1 - - 200 0 0 84
2017-01-17 11:09:32 ::1 POST /Service_Expense.svc - 2831 - ::1 - - 200 0 0 45
2017-01-17 11:10:30 ::1 POST /Service_Expense.svc - 2831 - ::1 - - 200 0 0 30
2017-01-17 11:10:30 ::1 POST /Service_Expense.svc - 2831 - ::1 - - 200 0 0 92
2017-01-17 11:10:30 ::1 POST /Service_Expense.svc - 2831 - ::1 - - 200 0 0 18
2017-01-17 11:10:57 ::1 POST /Service_Expense.svc - 2831 - ::1 - - 200 0 0 37
2017-01-17 11:10:57 ::1 POST /Service_Expense.svc - 2831 - ::1 - - 200 0 0 111
2017-01-17 11:10:57 ::1 POST /Service_Expense.svc - 2831 - ::1 - - 200 0 0 37
#Software: Microsoft Internet Information Services 8.0
#Version: 1.0
#Date: 2017-01-17 11:33:10
#Fields: date time s-ip cs-method cs-uri-stem cs-uri-query s-port cs-username c-ip cs(User-Agent) cs(Referer) sc-status sc-substatus sc-win32-status time-taken
2017-01-17 11:33:10 ::1 POST /Service_Login.svc - 2831 - ::1 - - 200 0 0 43
2017-01-17 11:33:10 ::1 POST /Service_Login.svc - 2831 - ::1 - - 200 0 0 40
2017-01-17 11:33:10 ::1 POST /Service_Expense.svc - 2831 - ::1 - - 200 0 0 47
2017-01-17 11:33:24 ::1 POST /Service_Expense.svc - 2831 - ::1 - - 200 0 0 25
2017-01-17 11:33:31 ::1 POST /Service_Expense.svc - 2831 - ::1 - - 200 0 0 107
2017-01-17 11:35:15 ::1 POST /Service_Expense.svc - 2831 - ::1 - - 200 0 0 53
2017-01-17 11:40:15 ::1 POST /Service_Login.svc - 2831 - ::1 - - 200 0 0 37
2017-01-17 11:40:15 ::1 POST /Service_Login.svc - 2831 - ::1 - - 200 0 0 24
2017-01-17 11:40:15 ::1 POST /Service_Expense.svc - 2831 - ::1 - - 200 0 0 31
2017-01-17 11:40:18 ::1 POST /Service_Expense.svc - 2831 - ::1 - - 200 0 0 18
2017-01-17 11:40:18 ::1 POST /Service_Expense.svc - 2831 - ::1 - - 200 0 0 295
2017-01-17 11:40:18 ::1 POST /Service_Expense.svc - 2831 - ::1 - - 200 0 0 21
2017-01-17 11:41:38 ::1 POST /Service_Login.svc - 2831 - ::1 - - 200 0 0 30
2017-01-17 11:41:38 ::1 POST /Service_Login.svc - 2831 - ::1 - - 200 0 0 27
2017-01-17 11:41:38 ::1 POST /Service_Expense.svc - 2831 - ::1 - - 200 0 0 40
2017-01-17 11:41:41 ::1 POST /Service_Expense.svc - 2831 - ::1 - - 200 0 0 48
2017-01-17 11:41:41 ::1 POST /Service_Expense.svc - 2831 - ::1 - - 200 0 0 204
2017-01-17 11:41:41 ::1 POST /Service_Expense.svc - 2831 - ::1 - - 200 0 0 55
2017-01-17 11:42:18 ::1 POST /Service_Login.svc - 2831 - ::1 - - 200 0 0 30
2017-01-17 11:42:18 ::1 POST /Service_Login.svc - 2831 - ::1 - - 200 0 0 28
2017-01-17 11:42:18 ::1 POST /Service_Expense.svc - 2831 - ::1 - - 200 0 0 35
2017-01-17 11:42:20 ::1 POST /Service_Expense.svc - 2831 - ::1 - - 200 0 0 19
2017-01-17 11:42:20 ::1 POST /Service_Expense.svc - 2831 - ::1 - - 200 0 0 86
2017-01-17 11:42:20 ::1 POST /Service_Expense.svc - 2831 - ::1 - - 200 0 0 18
2017-01-17 11:43:21 ::1 POST /Service_Login.svc - 2831 - ::1 - - 200 0 0 29
2017-01-17 11:43:21 ::1 POST /Service_Login.svc - 2831 - ::1 - - 200 0 0 29
2017-01-17 11:43:21 ::1 POST /Service_Expense.svc - 2831 - ::1 - - 200 0 0 43
2017-01-17 11:43:24 ::1 POST /Service_Expense.svc - 2831 - ::1 - - 200 0 0 33
2017-01-17 11:43:24 ::1 POST /Service_Expense.svc - 2831 - ::1 - - 200 0 0 94
2017-01-17 11:43:24 ::1 POST /Service_Expense.svc - 2831 - ::1 - - 200 0 0 21
2017-01-17 11:44:07 ::1 POST /Service_Login.svc - 2831 - ::1 - - 200 0 0 29
2017-01-17 11:44:07 ::1 POST /Service_Login.svc - 2831 - ::1 - - 200 0 0 33
2017-01-17 11:44:07 ::1 POST /Service_Expense.svc - 2831 - ::1 - - 200 0 0 68
2017-01-17 11:44:15 ::1 POST /Service_Expense.svc - 2831 - ::1 - - 200 0 0 27
2017-01-17 11:44:15 ::1 POST /Service_Expense.svc - 2831 - ::1 - - 200 0 0 103
2017-01-17 11:44:45 ::1 POST /Service_Expense.svc - 2831 - ::1 - - 200 0 0 42
2017-01-17 11:46:03 ::1 POST /Service_Login.svc - 2831 - ::1 - - 200 0 0 32
2017-01-17 11:46:03 ::1 POST /Service_Login.svc - 2831 - ::1 - - 200 0 0 32
2017-01-17 11:46:03 ::1 POST /Service_Expense.svc - 2831 - ::1 - - 200 0 0 54
2017-01-17 11:46:07 ::1 POST /Service_Expense.svc - 2831 - ::1 - - 200 0 0 34
2017-01-17 11:46:07 ::1 POST /Service_Expense.svc - 2831 - ::1 - - 200 0 0 163
2017-01-17 11:46:09 ::1 POST /Service_Expense.svc - 2831 - ::1 - - 200 0 0 36
2017-01-17 11:52:25 ::1 POST /Service_Login.svc - 2831 - ::1 - - 200 0 0 37
2017-01-17 11:52:25 ::1 POST /Service_Login.svc - 2831 - ::1 - - 200 0 0 28
2017-01-17 11:52:25 ::1 POST /Service_Expense.svc - 2831 - ::1 - - 200 0 0 46
2017-01-17 11:52:34 ::1 POST /Service_Expense.svc - 2831 - ::1 - - 200 0 0 22
2017-01-17 11:52:34 ::1 POST /Service_Expense.svc - 2831 - ::1 - - 200 0 0 94
2017-01-17 11:52:35 ::1 POST /Service_Expense.svc - 2831 - ::1 - - 200 0 0 22
#Software: Microsoft Internet Information Services 8.0
#Version: 1.0
#Date: 2017-01-17 14:03:11
#Fields: date time s-ip cs-method cs-uri-stem cs-uri-query s-port cs-username c-ip cs(User-Agent) cs(Referer) sc-status sc-substatus sc-win32-status time-taken
2017-01-17 14:03:11 ::1 POST /Service_Login.svc - 2831 - ::1 - - 200 0 0 7135
2017-01-17 14:03:11 ::1 POST /Service_Login.svc - 2831 - ::1 - - 200 0 0 141
2017-01-17 14:03:12 ::1 POST /Service_Expense.svc - 2831 - ::1 - - 200 0 0 130
2017-01-17 14:04:06 ::1 POST /Service_Login.svc - 2831 - ::1 - - 200 0 0 29
2017-01-17 14:04:06 ::1 POST /Service_Login.svc - 2831 - ::1 - - 200 0 0 31
2017-01-17 14:04:06 ::1 POST /Service_Expense.svc - 2831 - ::1 - - 200 0 0 38
2017-01-17 14:04:13 ::1 POST /Service_Expense.svc - 2831 - ::1 - - 200 0 0 96
2017-01-17 14:04:13 ::1 POST /Service_Expense.svc - 2831 - ::1 - - 200 0 0 808
2017-01-17 14:04:16 ::1 POST /Service_Expense.svc - 2831 - ::1 - - 200 0 0 42
2017-01-17 14:06:17 ::1 POST /Service_Login.svc - 2831 - ::1 - - 200 0 0 31
2017-01-17 14:06:17 ::1 POST /Service_Login.svc - 2831 - ::1 - - 200 0 0 35
2017-01-17 14:06:17 ::1 POST /Service_Expense.svc - 2831 - ::1 - - 200 0 0 49
2017-01-17 14:06:22 ::1 POST /Service_Expense.svc - 2831 - ::1 - - 200 0 0 28
2017-01-17 14:06:22 ::1 POST /Service_Expense.svc - 2831 - ::1 - - 200 0 0 106
2017-01-17 14:06:24 ::1 POST /Service_Expense.svc - 2831 - ::1 - - 200 0 0 27
2017-01-17 14:07:43 ::1 POST /Service_Login.svc - 2831 - ::1 - - 200 0 0 37
2017-01-17 14:07:43 ::1 POST /Service_Login.svc - 2831 - ::1 - - 200 0 0 36
2017-01-17 14:07:43 ::1 POST /Service_Expense.svc - 2831 - ::1 - - 200 0 0 51
2017-01-17 14:07:47 ::1 POST /Service_Expense.svc - 2831 - ::1 - - 200 0 0 20
2017-01-17 14:07:47 ::1 POST /Service_Expense.svc - 2831 - ::1 - - 200 0 0 107
2017-01-17 14:07:49 ::1 POST /Service_Expense.svc - 2831 - ::1 - - 200 0 0 22
2017-01-17 14:09:11 ::1 POST /Service_Expense.svc - 2831 - ::1 - - 200 0 0 88
2017-01-17 14:09:41 ::1 POST /Service_Expense.svc - 2831 - ::1 - - 200 0 0 80
2017-01-17 14:09:43 ::1 POST /Service_Expense.svc - 2831 - ::1 - - 200 0 0 21
2017-01-17 14:10:12 ::1 POST /Service_Expense.svc - 2831 - ::1 - - 200 0 0 42
2017-01-17 14:10:12 ::1 POST /Service_Expense.svc - 2831 - ::1 - - 200 0 0 26
2017-01-17 14:10:13 ::1 POST /Service_Expense.svc - 2831 - ::1 - - 200 0 0 30
