#Software: Microsoft Internet Information Services 8.0
#Version: 1.0
#Date: 2017-01-23 13:22:09
#Fields: date time s-ip cs-method cs-uri-stem cs-uri-query s-port cs-username c-ip cs(User-Agent) cs(Referer) sc-status sc-substatus sc-win32-status time-taken
2017-01-23 13:22:09 ::1 GET / - 2831 - ::1 Mozilla/5.0+(Windows+NT+10.0;+WOW64)+AppleWebKit/537.36+(KHTML,+like+Gecko)+Chrome/55.0.2883.87+Safari/537.36 - 403 14 0 11920
2017-01-23 13:22:25 ::1 GET /Service_Expense.svc/$metadata - 2831 - ::1 Mozilla/4.0+(compatible;+MSIE+6.0;+MS+Web+Services+Client+Protocol+4.0.30319.42000) - 400 0 0 1972
2017-01-23 13:22:25 ::1 GET /Service_Expense.svc/_vti_bin/ListData.svc/$metadata - 2831 - ::1 Mozilla/4.0+(compatible;+MSIE+6.0;+MS+Web+Services+Client+Protocol+4.0.30319.42000) - 400 0 0 1975
2017-01-23 13:22:25 ::1 OPTIONS /Service_Expense.svc/_vti_bin/ListData.svc/$metadata - 2831 - ::1 - - 400 0 0 2034
2017-01-23 13:22:25 ::1 POST /Service_Expense.svc - 2831 - ::1 - - 415 0 0 2018
2017-01-23 13:22:28 ::1 GET /Service_Expense.svc - 2831 - ::1 Mozilla/4.0+(compatible;+MSIE+6.0;+MS+Web+Services+Client+Protocol+4.0.30319.42000) - 200 0 0 4194
2017-01-23 13:22:28 ::1 GET /Service_Expense.svc disco 2831 - ::1 Mozilla/4.0+(compatible;+MSIE+6.0;+MS+Web+Services+Client+Protocol+4.0.30319.42000) - 200 0 0 8
2017-01-23 13:22:28 ::1 GET /Service_Expense.svc wsdl 2831 - ::1 Mozilla/4.0+(compatible;+MSIE+6.0;+MS+Web+Services+Client+Protocol+4.0.30319.42000) - 200 0 0 76
2017-01-23 13:22:28 ::1 GET /Service_Expense.svc wsdl=wsdl0 2831 - ::1 Mozilla/4.0+(compatible;+MSIE+6.0;+MS+Web+Services+Client+Protocol+4.0.30319.42000) - 200 0 0 48
2017-01-23 13:22:28 ::1 POST /Service_Expense.svc/mex - 2831 - ::1 - - 200 0 0 4528
2017-01-23 13:22:28 ::1 GET /Service_Expense.svc xsd=xsd0 2831 - ::1 Mozilla/4.0+(compatible;+MSIE+6.0;+MS+Web+Services+Client+Protocol+4.0.30319.42000) - 200 0 0 210
2017-01-23 13:22:28 ::1 GET /Service_Expense.svc xsd=xsd2 2831 - ::1 Mozilla/4.0+(compatible;+MSIE+6.0;+MS+Web+Services+Client+Protocol+4.0.30319.42000) - 200 0 0 89
2017-01-23 13:22:28 ::1 GET /Service_Expense.svc xsd=xsd1 2831 - ::1 Mozilla/4.0+(compatible;+MSIE+6.0;+MS+Web+Services+Client+Protocol+4.0.30319.42000) - 200 0 0 71
2017-01-23 13:22:28 ::1 GET /Service_Expense.svc xsd=xsd4 2831 - ::1 Mozilla/4.0+(compatible;+MSIE+6.0;+MS+Web+Services+Client+Protocol+4.0.30319.42000) - 200 0 0 6
2017-01-23 13:22:28 ::1 GET /Service_Expense.svc xsd=xsd3 2831 - ::1 Mozilla/4.0+(compatible;+MSIE+6.0;+MS+Web+Services+Client+Protocol+4.0.30319.42000) - 200 0 0 73
2017-01-23 13:22:28 ::1 GET /Service_Expense.svc xsd=xsd5 2831 - ::1 Mozilla/4.0+(compatible;+MSIE+6.0;+MS+Web+Services+Client+Protocol+4.0.30319.42000) - 200 0 0 77
2017-01-23 13:22:28 ::1 GET /Service_Expense.svc xsd=xsd6 2831 - ::1 Mozilla/4.0+(compatible;+MSIE+6.0;+MS+Web+Services+Client+Protocol+4.0.30319.42000) - 200 0 0 85
2017-01-23 13:22:28 ::1 GET /Service_Expense.svc xsd=xsd7 2831 - ::1 Mozilla/4.0+(compatible;+MSIE+6.0;+MS+Web+Services+Client+Protocol+4.0.30319.42000) - 200 0 0 5
2017-01-23 13:23:47 ::1 GET /Service_Expense.svc/_vti_bin/ListData.svc/$metadata - 2831 - ::1 Mozilla/4.0+(compatible;+MSIE+6.0;+MS+Web+Services+Client+Protocol+4.0.30319.42000) - 400 0 0 146
2017-01-23 13:23:47 ::1 GET /Service_Expense.svc - 2831 - ::1 Mozilla/4.0+(compatible;+MSIE+6.0;+MS+Web+Services+Client+Protocol+4.0.30319.42000) - 200 0 0 150
2017-01-23 13:23:47 ::1 GET /Service_Expense.svc/$metadata - 2831 - ::1 Mozilla/4.0+(compatible;+MSIE+6.0;+MS+Web+Services+Client+Protocol+4.0.30319.42000) - 400 0 0 156
2017-01-23 13:23:47 ::1 OPTIONS /Service_Expense.svc/_vti_bin/ListData.svc/$metadata - 2831 - ::1 - - 400 0 0 169
2017-01-23 13:23:47 ::1 GET /Service_Expense.svc disco 2831 - ::1 Mozilla/4.0+(compatible;+MSIE+6.0;+MS+Web+Services+Client+Protocol+4.0.30319.42000) - 200 0 0 15
2017-01-23 13:23:47 ::1 GET /Service_Expense.svc wsdl 2831 - ::1 Mozilla/4.0+(compatible;+MSIE+6.0;+MS+Web+Services+Client+Protocol+4.0.30319.42000) - 200 0 0 67
2017-01-23 13:23:47 ::1 POST /Service_Expense.svc - 2831 - ::1 - - 415 0 0 90
2017-01-23 13:23:47 ::1 GET /Service_Expense.svc wsdl=wsdl0 2831 - ::1 Mozilla/4.0+(compatible;+MSIE+6.0;+MS+Web+Services+Client+Protocol+4.0.30319.42000) - 200 0 0 176
2017-01-23 13:23:47 ::1 POST /Service_Expense.svc/mex - 2831 - ::1 - - 200 0 0 324
2017-01-23 13:23:47 ::1 GET /Service_Expense.svc xsd=xsd0 2831 - ::1 Mozilla/4.0+(compatible;+MSIE+6.0;+MS+Web+Services+Client+Protocol+4.0.30319.42000) - 200 0 0 99
2017-01-23 13:23:47 ::1 GET /Service_Expense.svc xsd=xsd2 2831 - ::1 Mozilla/4.0+(compatible;+MSIE+6.0;+MS+Web+Services+Client+Protocol+4.0.30319.42000) - 200 0 0 71
2017-01-23 13:23:47 ::1 GET /Service_Expense.svc xsd=xsd1 2831 - ::1 Mozilla/4.0+(compatible;+MSIE+6.0;+MS+Web+Services+Client+Protocol+4.0.30319.42000) - 200 0 0 62
2017-01-23 13:23:47 ::1 GET /Service_Expense.svc xsd=xsd4 2831 - ::1 Mozilla/4.0+(compatible;+MSIE+6.0;+MS+Web+Services+Client+Protocol+4.0.30319.42000) - 200 0 0 5
2017-01-23 13:23:47 ::1 GET /Service_Expense.svc xsd=xsd3 2831 - ::1 Mozilla/4.0+(compatible;+MSIE+6.0;+MS+Web+Services+Client+Protocol+4.0.30319.42000) - 200 0 0 70
2017-01-23 13:23:47 ::1 GET /Service_Expense.svc xsd=xsd5 2831 - ::1 Mozilla/4.0+(compatible;+MSIE+6.0;+MS+Web+Services+Client+Protocol+4.0.30319.42000) - 200 0 0 72
2017-01-23 13:23:47 ::1 GET /Service_Expense.svc xsd=xsd6 2831 - ::1 Mozilla/4.0+(compatible;+MSIE+6.0;+MS+Web+Services+Client+Protocol+4.0.30319.42000) - 200 0 0 67
2017-01-23 13:23:47 ::1 GET /Service_Expense.svc xsd=xsd7 2831 - ::1 Mozilla/4.0+(compatible;+MSIE+6.0;+MS+Web+Services+Client+Protocol+4.0.30319.42000) - 200 0 0 6
#Software: Microsoft Internet Information Services 8.0
#Version: 1.0
#Date: 2017-01-23 14:51:50
#Fields: date time s-ip cs-method cs-uri-stem cs-uri-query s-port cs-username c-ip cs(User-Agent) cs(Referer) sc-status sc-substatus sc-win32-status time-taken
2017-01-23 14:51:50 ::1 GET /Service_Expense.svc/_vti_bin/ListData.svc/$metadata - 2831 - ::1 Mozilla/4.0+(compatible;+MSIE+6.0;+MS+Web+Services+Client+Protocol+4.0.30319.42000) - 400 0 0 3277
2017-01-23 14:51:50 ::1 POST /Service_Expense.svc - 2831 - ::1 - - 415 0 0 3062
2017-01-23 14:51:50 ::1 GET /Service_Expense.svc/$metadata - 2831 - ::1 Mozilla/4.0+(compatible;+MSIE+6.0;+MS+Web+Services+Client+Protocol+4.0.30319.42000) - 400 0 0 3370
2017-01-23 14:51:50 ::1 OPTIONS /Service_Expense.svc/_vti_bin/ListData.svc/$metadata - 2831 - ::1 - - 400 0 0 3390
2017-01-23 14:51:52 ::1 GET /Service_Expense.svc - 2831 - ::1 Mozilla/4.0+(compatible;+MSIE+6.0;+MS+Web+Services+Client+Protocol+4.0.30319.42000) - 200 0 0 4896
2017-01-23 14:51:52 ::1 GET /Service_Expense.svc disco 2831 - ::1 Mozilla/4.0+(compatible;+MSIE+6.0;+MS+Web+Services+Client+Protocol+4.0.30319.42000) - 200 0 0 42
2017-01-23 14:51:52 ::1 GET /Service_Expense.svc wsdl 2831 - ::1 Mozilla/4.0+(compatible;+MSIE+6.0;+MS+Web+Services+Client+Protocol+4.0.30319.42000) - 200 0 0 77
2017-01-23 14:51:52 ::1 GET /Service_Expense.svc wsdl=wsdl0 2831 - ::1 Mozilla/4.0+(compatible;+MSIE+6.0;+MS+Web+Services+Client+Protocol+4.0.30319.42000) - 200 0 0 56
2017-01-23 14:51:52 ::1 POST /Service_Expense.svc/mex - 2831 - ::1 - - 200 0 0 5214
2017-01-23 14:51:52 ::1 GET /Service_Expense.svc xsd=xsd0 2831 - ::1 Mozilla/4.0+(compatible;+MSIE+6.0;+MS+Web+Services+Client+Protocol+4.0.30319.42000) - 200 0 0 257
2017-01-23 14:51:52 ::1 GET /Service_Expense.svc xsd=xsd2 2831 - ::1 Mozilla/4.0+(compatible;+MSIE+6.0;+MS+Web+Services+Client+Protocol+4.0.30319.42000) - 200 0 0 84
2017-01-23 14:51:52 ::1 GET /Service_Expense.svc xsd=xsd1 2831 - ::1 Mozilla/4.0+(compatible;+MSIE+6.0;+MS+Web+Services+Client+Protocol+4.0.30319.42000) - 200 0 0 68
2017-01-23 14:51:52 ::1 GET /Service_Expense.svc xsd=xsd4 2831 - ::1 Mozilla/4.0+(compatible;+MSIE+6.0;+MS+Web+Services+Client+Protocol+4.0.30319.42000) - 200 0 0 5
2017-01-23 14:51:52 ::1 GET /Service_Expense.svc xsd=xsd3 2831 - ::1 Mozilla/4.0+(compatible;+MSIE+6.0;+MS+Web+Services+Client+Protocol+4.0.30319.42000) - 200 0 0 69
2017-01-23 14:51:52 ::1 GET /Service_Expense.svc xsd=xsd5 2831 - ::1 Mozilla/4.0+(compatible;+MSIE+6.0;+MS+Web+Services+Client+Protocol+4.0.30319.42000) - 200 0 0 69
2017-01-23 14:51:52 ::1 GET /Service_Expense.svc xsd=xsd6 2831 - ::1 Mozilla/4.0+(compatible;+MSIE+6.0;+MS+Web+Services+Client+Protocol+4.0.30319.42000) - 200 0 0 71
2017-01-23 14:51:52 ::1 GET /Service_Expense.svc xsd=xsd7 2831 - ::1 Mozilla/4.0+(compatible;+MSIE+6.0;+MS+Web+Services+Client+Protocol+4.0.30319.42000) - 200 0 0 6
2017-01-23 14:54:52 ::1 GET /Service_Expense.svc xsd=xsd2 2831 - ::1 - - 200 0 995 76
2017-01-23 14:54:52 ::1 GET /Service_Expense.svc xsd=xsd3 2831 - ::1 - - 200 0 0 72
2017-01-23 14:54:52 ::1 GET /Service_Expense.svc xsd=xsd4 2831 - ::1 - - 200 0 0 7
2017-01-23 14:54:52 ::1 GET /Service_Expense.svc xsd=xsd5 2831 - ::1 - - 200 0 0 67
2017-01-23 14:54:52 ::1 GET /Service_Expense.svc xsd=xsd6 2831 - ::1 - - 200 0 0 66
2017-01-23 15:01:56 ::1 GET /Service_Expense.svc - 2831 - ::1 Mozilla/4.0+(compatible;+MSIE+6.0;+MS+Web+Services+Client+Protocol+4.0.30319.42000) - 200 0 0 113
2017-01-23 15:01:56 ::1 OPTIONS /Service_Expense.svc/_vti_bin/ListData.svc/$metadata - 2831 - ::1 - - 400 0 0 163
2017-01-23 15:01:56 ::1 GET /Service_Expense.svc/$metadata - 2831 - ::1 Mozilla/4.0+(compatible;+MSIE+6.0;+MS+Web+Services+Client+Protocol+4.0.30319.42000) - 400 0 0 175
2017-01-23 15:01:56 ::1 GET /Service_Expense.svc/_vti_bin/ListData.svc/$metadata - 2831 - ::1 Mozilla/4.0+(compatible;+MSIE+6.0;+MS+Web+Services+Client+Protocol+4.0.30319.42000) - 400 0 0 177
2017-01-23 15:01:56 ::1 GET /Service_Expense.svc disco 2831 - ::1 Mozilla/4.0+(compatible;+MSIE+6.0;+MS+Web+Services+Client+Protocol+4.0.30319.42000) - 200 0 0 75
2017-01-23 15:01:56 ::1 POST /Service_Expense.svc - 2831 - ::1 - - 415 0 0 173
2017-01-23 15:01:56 ::1 GET /Service_Expense.svc wsdl 2831 - ::1 Mozilla/4.0+(compatible;+MSIE+6.0;+MS+Web+Services+Client+Protocol+4.0.30319.42000) - 200 0 0 258
2017-01-23 15:01:56 ::1 GET /Service_Expense.svc wsdl=wsdl0 2831 - ::1 Mozilla/4.0+(compatible;+MSIE+6.0;+MS+Web+Services+Client+Protocol+4.0.30319.42000) - 200 0 0 56
2017-01-23 15:01:56 ::1 POST /Service_Expense.svc/mex - 2831 - ::1 - - 200 0 0 298
2017-01-23 15:01:56 ::1 GET /Service_Expense.svc xsd=xsd0 2831 - ::1 Mozilla/4.0+(compatible;+MSIE+6.0;+MS+Web+Services+Client+Protocol+4.0.30319.42000) - 200 0 0 80
2017-01-23 15:01:56 ::1 GET /Service_Expense.svc xsd=xsd2 2831 - ::1 Mozilla/4.0+(compatible;+MSIE+6.0;+MS+Web+Services+Client+Protocol+4.0.30319.42000) - 200 0 0 77
2017-01-23 15:01:56 ::1 GET /Service_Expense.svc xsd=xsd1 2831 - ::1 Mozilla/4.0+(compatible;+MSIE+6.0;+MS+Web+Services+Client+Protocol+4.0.30319.42000) - 200 0 0 68
2017-01-23 15:01:56 ::1 GET /Service_Expense.svc xsd=xsd4 2831 - ::1 Mozilla/4.0+(compatible;+MSIE+6.0;+MS+Web+Services+Client+Protocol+4.0.30319.42000) - 200 0 0 6
2017-01-23 15:01:56 ::1 GET /Service_Expense.svc xsd=xsd3 2831 - ::1 Mozilla/4.0+(compatible;+MSIE+6.0;+MS+Web+Services+Client+Protocol+4.0.30319.42000) - 200 0 0 64
2017-01-23 15:01:56 ::1 GET /Service_Expense.svc xsd=xsd5 2831 - ::1 Mozilla/4.0+(compatible;+MSIE+6.0;+MS+Web+Services+Client+Protocol+4.0.30319.42000) - 200 0 0 66
2017-01-23 15:01:56 ::1 GET /Service_Expense.svc xsd=xsd6 2831 - ::1 Mozilla/4.0+(compatible;+MSIE+6.0;+MS+Web+Services+Client+Protocol+4.0.30319.42000) - 200 0 0 72
2017-01-23 15:01:56 ::1 GET /Service_Expense.svc xsd=xsd7 2831 - ::1 Mozilla/4.0+(compatible;+MSIE+6.0;+MS+Web+Services+Client+Protocol+4.0.30319.42000) - 200 0 0 5
2017-01-23 15:10:16 ::1 OPTIONS /Service_Expense.svc/_vti_bin/ListData.svc/$metadata - 2831 - ::1 - - 400 0 0 50
2017-01-23 15:10:16 ::1 GET /Service_Expense.svc/_vti_bin/ListData.svc/$metadata - 2831 - ::1 Mozilla/4.0+(compatible;+MSIE+6.0;+MS+Web+Services+Client+Protocol+4.0.30319.42000) - 400 0 0 90
2017-01-23 15:10:16 ::1 GET /Service_Expense.svc/$metadata - 2831 - ::1 Mozilla/4.0+(compatible;+MSIE+6.0;+MS+Web+Services+Client+Protocol+4.0.30319.42000) - 400 0 0 146
2017-01-23 15:10:16 ::1 GET /Service_Expense.svc - 2831 - ::1 Mozilla/4.0+(compatible;+MSIE+6.0;+MS+Web+Services+Client+Protocol+4.0.30319.42000) - 200 0 0 147
2017-01-23 15:10:16 ::1 GET /Service_Expense.svc disco 2831 - ::1 Mozilla/4.0+(compatible;+MSIE+6.0;+MS+Web+Services+Client+Protocol+4.0.30319.42000) - 200 0 0 10
2017-01-23 15:10:16 ::1 GET /Service_Expense.svc wsdl 2831 - ::1 Mozilla/4.0+(compatible;+MSIE+6.0;+MS+Web+Services+Client+Protocol+4.0.30319.42000) - 200 0 0 73
2017-01-23 15:10:16 ::1 GET /Service_Expense.svc wsdl=wsdl0 2831 - ::1 Mozilla/4.0+(compatible;+MSIE+6.0;+MS+Web+Services+Client+Protocol+4.0.30319.42000) - 200 0 0 63
2017-01-23 15:10:16 ::1 GET /Service_Expense.svc xsd=xsd0 2831 - ::1 Mozilla/4.0+(compatible;+MSIE+6.0;+MS+Web+Services+Client+Protocol+4.0.30319.42000) - 200 0 0 88
2017-01-23 15:10:16 ::1 GET /Service_Expense.svc xsd=xsd2 2831 - ::1 Mozilla/4.0+(compatible;+MSIE+6.0;+MS+Web+Services+Client+Protocol+4.0.30319.42000) - 200 0 0 88
2017-01-23 15:10:16 ::1 GET /Service_Expense.svc xsd=xsd1 2831 - ::1 Mozilla/4.0+(compatible;+MSIE+6.0;+MS+Web+Services+Client+Protocol+4.0.30319.42000) - 200 0 0 86
2017-01-23 15:10:16 ::1 GET /Service_Expense.svc xsd=xsd4 2831 - ::1 Mozilla/4.0+(compatible;+MSIE+6.0;+MS+Web+Services+Client+Protocol+4.0.30319.42000) - 200 0 0 7
2017-01-23 15:10:16 ::1 GET /Service_Expense.svc xsd=xsd3 2831 - ::1 Mozilla/4.0+(compatible;+MSIE+6.0;+MS+Web+Services+Client+Protocol+4.0.30319.42000) - 200 0 0 100
2017-01-23 15:10:16 ::1 GET /Service_Expense.svc xsd=xsd5 2831 - ::1 Mozilla/4.0+(compatible;+MSIE+6.0;+MS+Web+Services+Client+Protocol+4.0.30319.42000) - 200 0 0 86
2017-01-23 15:10:16 ::1 GET /Service_Expense.svc xsd=xsd6 2831 - ::1 Mozilla/4.0+(compatible;+MSIE+6.0;+MS+Web+Services+Client+Protocol+4.0.30319.42000) - 200 0 0 76
2017-01-23 15:10:16 ::1 GET /Service_Expense.svc xsd=xsd7 2831 - ::1 Mozilla/4.0+(compatible;+MSIE+6.0;+MS+Web+Services+Client+Protocol+4.0.30319.42000) - 200 0 0 12
2017-01-23 15:10:18 ::1 POST /Service_Expense.svc - 2831 - ::1 - - 415 0 0 62
2017-01-23 15:10:18 ::1 POST /Service_Expense.svc/mex - 2831 - ::1 - - 200 0 0 117
2017-01-23 15:12:03 ::1 GET /Service_Expense.svc/$metadata - 2831 - ::1 Mozilla/4.0+(compatible;+MSIE+6.0;+MS+Web+Services+Client+Protocol+4.0.30319.42000) - 400 0 0 76
2017-01-23 15:12:03 ::1 OPTIONS /Service_Expense.svc/_vti_bin/ListData.svc/$metadata - 2831 - ::1 - - 400 0 0 136
2017-01-23 15:12:03 ::1 POST /Service_Expense.svc - 2831 - ::1 - - 415 0 0 164
2017-01-23 15:12:03 ::1 GET /Service_Expense.svc/_vti_bin/ListData.svc/$metadata - 2831 - ::1 Mozilla/4.0+(compatible;+MSIE+6.0;+MS+Web+Services+Client+Protocol+4.0.30319.42000) - 400 0 0 182
2017-01-23 15:12:03 ::1 GET /Service_Expense.svc - 2831 - ::1 Mozilla/4.0+(compatible;+MSIE+6.0;+MS+Web+Services+Client+Protocol+4.0.30319.42000) - 200 0 0 219
2017-01-23 15:12:03 ::1 GET /Service_Expense.svc disco 2831 - ::1 Mozilla/4.0+(compatible;+MSIE+6.0;+MS+Web+Services+Client+Protocol+4.0.30319.42000) - 200 0 0 5
2017-01-23 15:12:03 ::1 GET /Service_Expense.svc wsdl 2831 - ::1 Mozilla/4.0+(compatible;+MSIE+6.0;+MS+Web+Services+Client+Protocol+4.0.30319.42000) - 200 0 0 69
2017-01-23 15:12:03 ::1 POST /Service_Expense.svc/mex - 2831 - ::1 - - 200 0 0 284
2017-01-23 15:12:03 ::1 GET /Service_Expense.svc wsdl=wsdl0 2831 - ::1 Mozilla/4.0+(compatible;+MSIE+6.0;+MS+Web+Services+Client+Protocol+4.0.30319.42000) - 200 0 0 61
2017-01-23 15:12:03 ::1 GET /Service_Expense.svc xsd=xsd0 2831 - ::1 Mozilla/4.0+(compatible;+MSIE+6.0;+MS+Web+Services+Client+Protocol+4.0.30319.42000) - 200 0 0 72
2017-01-23 15:12:03 ::1 GET /Service_Expense.svc xsd=xsd2 2831 - ::1 Mozilla/4.0+(compatible;+MSIE+6.0;+MS+Web+Services+Client+Protocol+4.0.30319.42000) - 200 0 0 125
2017-01-23 15:12:03 ::1 GET /Service_Expense.svc xsd=xsd1 2831 - ::1 Mozilla/4.0+(compatible;+MSIE+6.0;+MS+Web+Services+Client+Protocol+4.0.30319.42000) - 200 0 0 66
2017-01-23 15:12:03 ::1 GET /Service_Expense.svc xsd=xsd4 2831 - ::1 Mozilla/4.0+(compatible;+MSIE+6.0;+MS+Web+Services+Client+Protocol+4.0.30319.42000) - 200 0 0 5
2017-01-23 15:12:03 ::1 GET /Service_Expense.svc xsd=xsd3 2831 - ::1 Mozilla/4.0+(compatible;+MSIE+6.0;+MS+Web+Services+Client+Protocol+4.0.30319.42000) - 200 0 0 74
2017-01-23 15:12:03 ::1 GET /Service_Expense.svc xsd=xsd5 2831 - ::1 Mozilla/4.0+(compatible;+MSIE+6.0;+MS+Web+Services+Client+Protocol+4.0.30319.42000) - 200 0 0 77
2017-01-23 15:12:03 ::1 GET /Service_Expense.svc xsd=xsd6 2831 - ::1 Mozilla/4.0+(compatible;+MSIE+6.0;+MS+Web+Services+Client+Protocol+4.0.30319.42000) - 200 0 0 85
2017-01-23 15:12:03 ::1 GET /Service_Expense.svc xsd=xsd7 2831 - ::1 Mozilla/4.0+(compatible;+MSIE+6.0;+MS+Web+Services+Client+Protocol+4.0.30319.42000) - 200 0 0 7
2017-01-23 15:15:03 ::1 GET /Service_Expense.svc/$metadata - 2831 - ::1 Mozilla/4.0+(compatible;+MSIE+6.0;+MS+Web+Services+Client+Protocol+4.0.30319.42000) - 400 0 0 32
2017-01-23 15:15:03 ::1 OPTIONS /Service_Expense.svc/_vti_bin/ListData.svc/$metadata - 2831 - ::1 - - 400 0 0 33
2017-01-23 15:15:03 ::1 GET /Service_Expense.svc/_vti_bin/ListData.svc/$metadata - 2831 - ::1 Mozilla/4.0+(compatible;+MSIE+6.0;+MS+Web+Services+Client+Protocol+4.0.30319.42000) - 400 0 0 106
2017-01-23 15:15:03 ::1 GET /Service_Expense.svc - 2831 - ::1 Mozilla/4.0+(compatible;+MSIE+6.0;+MS+Web+Services+Client+Protocol+4.0.30319.42000) - 200 0 0 107
2017-01-23 15:15:03 ::1 GET /Service_Expense.svc disco 2831 - ::1 Mozilla/4.0+(compatible;+MSIE+6.0;+MS+Web+Services+Client+Protocol+4.0.30319.42000) - 200 0 0 76
2017-01-23 15:15:03 ::1 POST /Service_Expense.svc - 2831 - ::1 - - 415 0 0 217
2017-01-23 15:15:03 ::1 GET /Service_Expense.svc wsdl 2831 - ::1 Mozilla/4.0+(compatible;+MSIE+6.0;+MS+Web+Services+Client+Protocol+4.0.30319.42000) - 200 0 0 116
2017-01-23 15:15:03 ::1 POST /Service_Expense.svc/mex - 2831 - ::1 - - 200 0 0 294
2017-01-23 15:15:03 ::1 GET /Service_Expense.svc wsdl=wsdl0 2831 - ::1 Mozilla/4.0+(compatible;+MSIE+6.0;+MS+Web+Services+Client+Protocol+4.0.30319.42000) - 200 0 0 50
2017-01-23 15:15:03 ::1 GET /Service_Expense.svc xsd=xsd0 2831 - ::1 Mozilla/4.0+(compatible;+MSIE+6.0;+MS+Web+Services+Client+Protocol+4.0.30319.42000) - 200 0 0 65
2017-01-23 15:15:03 ::1 GET /Service_Expense.svc xsd=xsd2 2831 - ::1 Mozilla/4.0+(compatible;+MSIE+6.0;+MS+Web+Services+Client+Protocol+4.0.30319.42000) - 200 0 0 72
2017-01-23 15:15:03 ::1 GET /Service_Expense.svc xsd=xsd1 2831 - ::1 Mozilla/4.0+(compatible;+MSIE+6.0;+MS+Web+Services+Client+Protocol+4.0.30319.42000) - 200 0 0 59
2017-01-23 15:15:03 ::1 GET /Service_Expense.svc xsd=xsd4 2831 - ::1 Mozilla/4.0+(compatible;+MSIE+6.0;+MS+Web+Services+Client+Protocol+4.0.30319.42000) - 200 0 0 5
2017-01-23 15:15:03 ::1 GET /Service_Expense.svc xsd=xsd3 2831 - ::1 Mozilla/4.0+(compatible;+MSIE+6.0;+MS+Web+Services+Client+Protocol+4.0.30319.42000) - 200 0 0 63
2017-01-23 15:15:03 ::1 GET /Service_Expense.svc xsd=xsd5 2831 - ::1 Mozilla/4.0+(compatible;+MSIE+6.0;+MS+Web+Services+Client+Protocol+4.0.30319.42000) - 200 0 0 69
2017-01-23 15:15:03 ::1 GET /Service_Expense.svc xsd=xsd6 2831 - ::1 Mozilla/4.0+(compatible;+MSIE+6.0;+MS+Web+Services+Client+Protocol+4.0.30319.42000) - 200 0 0 66
2017-01-23 15:15:03 ::1 GET /Service_Expense.svc xsd=xsd7 2831 - ::1 Mozilla/4.0+(compatible;+MSIE+6.0;+MS+Web+Services+Client+Protocol+4.0.30319.42000) - 200 0 0 5
#Software: Microsoft Internet Information Services 8.0
#Version: 1.0
#Date: 2017-01-23 15:51:19
#Fields: date time s-ip cs-method cs-uri-stem cs-uri-query s-port cs-username c-ip cs(User-Agent) cs(Referer) sc-status sc-substatus sc-win32-status time-taken
2017-01-23 15:51:19 ::1 GET /Service_Expense.svc/$metadata - 2831 - ::1 Mozilla/4.0+(compatible;+MSIE+6.0;+MS+Web+Services+Client+Protocol+4.0.30319.42000) - 400 0 0 132
2017-01-23 15:51:19 ::1 OPTIONS /Service_Expense.svc/_vti_bin/ListData.svc/$metadata - 2831 - ::1 - - 400 0 0 188
2017-01-23 15:51:19 ::1 GET /Service_Expense.svc/_vti_bin/ListData.svc/$metadata - 2831 - ::1 Mozilla/4.0+(compatible;+MSIE+6.0;+MS+Web+Services+Client+Protocol+4.0.30319.42000) - 400 0 0 195
2017-01-23 15:51:19 ::1 GET /Service_Expense.svc - 2831 - ::1 Mozilla/4.0+(compatible;+MSIE+6.0;+MS+Web+Services+Client+Protocol+4.0.30319.42000) - 200 0 0 226
2017-01-23 15:51:19 ::1 POST /Service_Expense.svc - 2831 - ::1 - - 415 0 0 215
2017-01-23 15:51:19 ::1 GET /Service_Expense.svc disco 2831 - ::1 Mozilla/4.0+(compatible;+MSIE+6.0;+MS+Web+Services+Client+Protocol+4.0.30319.42000) - 200 0 0 116
2017-01-23 15:51:19 ::1 GET /Service_Expense.svc wsdl 2831 - ::1 Mozilla/4.0+(compatible;+MSIE+6.0;+MS+Web+Services+Client+Protocol+4.0.30319.42000) - 200 0 0 61
2017-01-23 15:51:19 ::1 POST /Service_Expense.svc/mex - 2831 - ::1 - - 200 0 0 401
2017-01-23 15:51:19 ::1 GET /Service_Expense.svc wsdl=wsdl0 2831 - ::1 Mozilla/4.0+(compatible;+MSIE+6.0;+MS+Web+Services+Client+Protocol+4.0.30319.42000) - 200 0 0 62
2017-01-23 15:51:19 ::1 GET /Service_Expense.svc xsd=xsd0 2831 - ::1 Mozilla/4.0+(compatible;+MSIE+6.0;+MS+Web+Services+Client+Protocol+4.0.30319.42000) - 200 0 0 71
2017-01-23 15:51:19 ::1 GET /Service_Expense.svc xsd=xsd2 2831 - ::1 Mozilla/4.0+(compatible;+MSIE+6.0;+MS+Web+Services+Client+Protocol+4.0.30319.42000) - 200 0 0 79
2017-01-23 15:51:19 ::1 GET /Service_Expense.svc xsd=xsd1 2831 - ::1 Mozilla/4.0+(compatible;+MSIE+6.0;+MS+Web+Services+Client+Protocol+4.0.30319.42000) - 200 0 0 73
2017-01-23 15:51:19 ::1 GET /Service_Expense.svc xsd=xsd4 2831 - ::1 Mozilla/4.0+(compatible;+MSIE+6.0;+MS+Web+Services+Client+Protocol+4.0.30319.42000) - 200 0 0 6
2017-01-23 15:51:19 ::1 GET /Service_Expense.svc xsd=xsd3 2831 - ::1 Mozilla/4.0+(compatible;+MSIE+6.0;+MS+Web+Services+Client+Protocol+4.0.30319.42000) - 200 0 0 78
2017-01-23 15:51:19 ::1 GET /Service_Expense.svc xsd=xsd5 2831 - ::1 Mozilla/4.0+(compatible;+MSIE+6.0;+MS+Web+Services+Client+Protocol+4.0.30319.42000) - 200 0 0 72
2017-01-23 15:51:19 ::1 GET /Service_Expense.svc xsd=xsd6 2831 - ::1 Mozilla/4.0+(compatible;+MSIE+6.0;+MS+Web+Services+Client+Protocol+4.0.30319.42000) - 200 0 0 76
2017-01-23 15:51:19 ::1 GET /Service_Expense.svc xsd=xsd7 2831 - ::1 Mozilla/4.0+(compatible;+MSIE+6.0;+MS+Web+Services+Client+Protocol+4.0.30319.42000) - 200 0 0 6
#Software: Microsoft Internet Information Services 8.0
#Version: 1.0
#Date: 2017-01-23 16:37:01
#Fields: date time s-ip cs-method cs-uri-stem cs-uri-query s-port cs-username c-ip cs(User-Agent) cs(Referer) sc-status sc-substatus sc-win32-status time-taken
2017-01-23 16:37:01 ::1 POST /Service_Login.svc - 2831 - ::1 - - 200 0 0 11566
2017-01-23 16:37:01 ::1 POST /Service_Login.svc - 2831 - ::1 - - 200 0 0 647
2017-01-23 16:37:03 ::1 POST /Service_Expense.svc - 2831 - ::1 - - 200 0 0 473
2017-01-23 16:37:09 ::1 POST /Service_Expense.svc - 2831 - ::1 - - 200 0 0 261
2017-01-23 16:37:09 ::1 POST /Service_Expense.svc - 2831 - ::1 - - 200 0 0 361
#Software: Microsoft Internet Information Services 8.0
#Version: 1.0
#Date: 2017-01-23 16:43:45
#Fields: date time s-ip cs-method cs-uri-stem cs-uri-query s-port cs-username c-ip cs(User-Agent) cs(Referer) sc-status sc-substatus sc-win32-status time-taken
2017-01-23 16:43:45 ::1 GET / - 2831 - ::1 Mozilla/5.0+(Windows+NT+10.0;+WOW64)+AppleWebKit/537.36+(KHTML,+like+Gecko)+Chrome/55.0.2883.87+Safari/537.36 - 403 14 0 1563
2017-01-23 16:44:30 ::1 POST /Service_Login.svc - 2831 - ::1 - - 200 0 0 6506
2017-01-23 16:44:30 ::1 POST /Service_Login.svc - 2831 - ::1 - - 200 0 0 209
2017-01-23 16:44:32 ::1 POST /Service_Expense.svc - 2831 - ::1 - - 200 0 0 506
2017-01-23 16:44:33 ::1 POST /Service_Expense.svc - 2831 - ::1 - - 200 0 0 71
2017-01-23 16:44:33 ::1 POST /Service_Expense.svc - 2831 - ::1 - - 200 0 0 222
2017-01-23 16:44:40 ::1 POST /Service_Expense.svc - 2831 - ::1 - - 500 0 0 6852
