#Software: Microsoft Internet Information Services 8.0
#Version: 1.0
#Date: 2017-04-10 08:49:35
#Fields: date time s-ip cs-method cs-uri-stem cs-uri-query s-port cs-username c-ip cs(User-Agent) cs(Referer) sc-status sc-substatus sc-win32-status time-taken
2017-04-10 08:49:35 ::1 GET / - 51723 - ::1 Mozilla/5.0+(Windows+NT+10.0;+WOW64)+AppleWebKit/537.36+(KHTML,+like+Gecko)+Chrome/56.0.2924.87+Safari/537.36 - 302 0 0 41787
2017-04-10 08:49:52 ::1 GET /User/LogOn - 51723 - ::1 Mozilla/5.0+(Windows+NT+10.0;+WOW64)+AppleWebKit/537.36+(KHTML,+like+Gecko)+Chrome/56.0.2924.87+Safari/537.36 - 200 0 0 17528
2017-04-10 08:49:55 ::1 GET /__browserLink/requestData/0af35aab951e492eb292a47bde586390 version=2 51723 - ::1 Mozilla/5.0+(Windows+NT+10.0;+WOW64)+AppleWebKit/537.36+(KHTML,+like+Gecko)+Chrome/56.0.2924.87+Safari/537.36 http://localhost:51723/User/LogOn 200 0 0 213
2017-04-10 08:50:13 ::1 POST /User/LogOn - 51723 - ::1 Mozilla/5.0+(Windows+NT+10.0;+WOW64)+AppleWebKit/537.36+(KHTML,+like+Gecko)+Chrome/56.0.2924.87+Safari/537.36 http://localhost:51723/User/LogOn 302 0 0 17062
2017-04-10 08:50:13 ::1 GET / - 51723 - ::1 Mozilla/5.0+(Windows+NT+10.0;+WOW64)+AppleWebKit/537.36+(KHTML,+like+Gecko)+Chrome/56.0.2924.87+Safari/537.36 http://localhost:51723/User/LogOn 302 0 0 39
2017-04-10 08:50:26 ::1 GET /Dashboard/ViewDashboard - 51723 - ::1 Mozilla/5.0+(Windows+NT+10.0;+WOW64)+AppleWebKit/537.36+(KHTML,+like+Gecko)+Chrome/56.0.2924.87+Safari/537.36 http://localhost:51723/User/LogOn 200 0 0 13138
2017-04-10 08:50:27 ::1 GET /Dashboard/getAjaxTab/1 sDate=null&eDate=null 51723 - ::1 Mozilla/5.0+(Windows+NT+10.0;+WOW64)+AppleWebKit/537.36+(KHTML,+like+Gecko)+Chrome/56.0.2924.87+Safari/537.36 http://localhost:51723/Dashboard/ViewDashboard 200 0 0 539
2017-04-10 08:50:27 ::1 GET /__browserLink/requestData/048af5e713a3432d8f73c59198afa0a6 version=2 51723 - ::1 Mozilla/5.0+(Windows+NT+10.0;+WOW64)+AppleWebKit/537.36+(KHTML,+like+Gecko)+Chrome/56.0.2924.87+Safari/537.36 http://localhost:51723/Dashboard/ViewDashboard 200 0 0 176
2017-04-10 08:50:27 ::1 GET /Scripts/v2/easy.pie.chart/jquery.easing.1.3.js _=1491814227893 51723 - ::1 Mozilla/5.0+(Windows+NT+10.0;+WOW64)+AppleWebKit/537.36+(KHTML,+like+Gecko)+Chrome/56.0.2924.87+Safari/537.36 http://localhost:51723/Dashboard/ViewDashboard 200 0 0 171
2017-04-10 08:50:27 ::1 GET /Scripts/v2/easy.pie.chart/jquery.easypiechart.min.js _=1491814228069 51723 - ::1 Mozilla/5.0+(Windows+NT+10.0;+WOW64)+AppleWebKit/537.36+(KHTML,+like+Gecko)+Chrome/56.0.2924.87+Safari/537.36 http://localhost:51723/Dashboard/ViewDashboard 200 0 0 67
2017-04-10 08:50:27 ::1 GET /Scripts/v2/morris.charts/morris.min.js _=1491814228163 51723 - ::1 Mozilla/5.0+(Windows+NT+10.0;+WOW64)+AppleWebKit/537.36+(KHTML,+like+Gecko)+Chrome/56.0.2924.87+Safari/537.36 http://localhost:51723/Dashboard/ViewDashboard 200 0 0 79
2017-04-10 08:50:27 ::1 GET /Scripts/v2/morris.charts/raphael.min.js _=1491814228252 51723 - ::1 Mozilla/5.0+(Windows+NT+10.0;+WOW64)+AppleWebKit/537.36+(KHTML,+like+Gecko)+Chrome/56.0.2924.87+Safari/537.36 http://localhost:51723/Dashboard/ViewDashboard 200 0 0 199
2017-04-10 08:50:32 ::1 GET /Dashboard/GetExpenseSubmissions/ sDate=null&eDate=null 51723 - ::1 Mozilla/5.0+(Windows+NT+10.0;+WOW64)+AppleWebKit/537.36+(KHTML,+like+Gecko)+Chrome/56.0.2924.87+Safari/537.36 http://localhost:51723/Dashboard/ViewDashboard 200 0 0 3481
2017-04-10 08:50:33 ::1 GET /Dashboard/GetExpensePostings/ sDate=null&eDate=null 51723 - ::1 Mozilla/5.0+(Windows+NT+10.0;+WOW64)+AppleWebKit/537.36+(KHTML,+like+Gecko)+Chrome/56.0.2924.87+Safari/537.36 http://localhost:51723/Dashboard/ViewDashboard 200 0 0 5323
2017-04-10 08:50:35 ::1 GET /Dashboard/GetPayMethodsAmount/ sDate=null&eDate=null 51723 - ::1 Mozilla/5.0+(Windows+NT+10.0;+WOW64)+AppleWebKit/537.36+(KHTML,+like+Gecko)+Chrome/56.0.2924.87+Safari/537.36 http://localhost:51723/Dashboard/ViewDashboard 200 0 0 6615
2017-04-10 08:50:35 ::1 GET /Dashboard/GetExpenseApprovals/ sDate=null&eDate=null 51723 - ::1 Mozilla/5.0+(Windows+NT+10.0;+WOW64)+AppleWebKit/537.36+(KHTML,+like+Gecko)+Chrome/56.0.2924.87+Safari/537.36 http://localhost:51723/Dashboard/ViewDashboard 200 0 0 7561
2017-04-10 08:50:37 ::1 GET /Dashboard/GetExpenseTypesAmount/ sDate=null&eDate=null 51723 - ::1 Mozilla/5.0+(Windows+NT+10.0;+WOW64)+AppleWebKit/537.36+(KHTML,+like+Gecko)+Chrome/56.0.2924.87+Safari/537.36 http://localhost:51723/Dashboard/ViewDashboard 200 0 0 9041
2017-04-10 08:50:47 ::1 GET /User - 51723 - ::1 Mozilla/5.0+(Windows+NT+10.0;+WOW64)+AppleWebKit/537.36+(KHTML,+like+Gecko)+Chrome/56.0.2924.87+Safari/537.36 http://localhost:51723/Dashboard/ViewDashboard 200 0 0 2277
2017-04-10 08:50:47 ::1 GET /AjaxCall/GetCompanyList/ - 51723 - ::1 Mozilla/5.0+(Windows+NT+10.0;+WOW64)+AppleWebKit/537.36+(KHTML,+like+Gecko)+Chrome/56.0.2924.87+Safari/537.36 http://localhost:51723/User 200 0 0 524
2017-04-10 08:50:48 ::1 GET /__browserLink/requestData/abfcbd42119a443fa549ba21f0db94ac version=2 51723 - ::1 Mozilla/5.0+(Windows+NT+10.0;+WOW64)+AppleWebKit/537.36+(KHTML,+like+Gecko)+Chrome/56.0.2924.87+Safari/537.36 http://localhost:51723/User 200 0 0 277
2017-04-10 08:50:48 ::1 GET /AjaxCall/GetBusinessUnitList/ CompanyId=0 51723 - ::1 Mozilla/5.0+(Windows+NT+10.0;+WOW64)+AppleWebKit/537.36+(KHTML,+like+Gecko)+Chrome/56.0.2924.87+Safari/537.36 http://localhost:51723/User 200 0 0 1502
2017-04-10 08:50:49 ::1 GET /AjaxCall/GetBusinessUnitList/ CompanyId=0 51723 - ::1 Mozilla/5.0+(Windows+NT+10.0;+WOW64)+AppleWebKit/537.36+(KHTML,+like+Gecko)+Chrome/56.0.2924.87+Safari/537.36 http://localhost:51723/User 200 0 0 62
2017-04-10 08:50:53 ::1 GET /User/Edit/277 - 51723 - ::1 Mozilla/5.0+(Windows+NT+10.0;+WOW64)+AppleWebKit/537.36+(KHTML,+like+Gecko)+Chrome/56.0.2924.87+Safari/537.36 http://localhost:51723/User 200 0 0 2357
2017-04-10 08:50:53 ::1 GET /User/GetAllEnabledTransactionMappingAccorssAllRoles _=1491814253408 51723 - ::1 Mozilla/5.0+(Windows+NT+10.0;+WOW64)+AppleWebKit/537.36+(KHTML,+like+Gecko)+Chrome/56.0.2924.87+Safari/537.36 http://localhost:51723/User/Edit/277 200 0 0 126
2017-04-10 08:50:53 ::1 GET /AjaxCall/GetCompanyList/ _=1491814253538 51723 - ::1 Mozilla/5.0+(Windows+NT+10.0;+WOW64)+AppleWebKit/537.36+(KHTML,+like+Gecko)+Chrome/56.0.2924.87+Safari/537.36 http://localhost:51723/User/Edit/277 200 0 0 111
2017-04-10 08:50:53 ::1 GET /AjaxCall/GetBusinessUnitList/ CompanyId=11&_=1491814253695 51723 - ::1 Mozilla/5.0+(Windows+NT+10.0;+WOW64)+AppleWebKit/537.36+(KHTML,+like+Gecko)+Chrome/56.0.2924.87+Safari/537.36 http://localhost:51723/User/Edit/277 200 0 0 250
2017-04-10 08:50:53 ::1 GET /__browserLink/requestData/c9e5cdf6e92b43d3879812b42da33f1e version=2 51723 - ::1 Mozilla/5.0+(Windows+NT+10.0;+WOW64)+AppleWebKit/537.36+(KHTML,+like+Gecko)+Chrome/56.0.2924.87+Safari/537.36 http://localhost:51723/User/Edit/277 200 0 0 207
2017-04-10 08:50:54 ::1 GET /User/GetProjectConfigurationLabelInfo RoleId=41&_=1491814253545 51723 - ::1 Mozilla/5.0+(Windows+NT+10.0;+WOW64)+AppleWebKit/537.36+(KHTML,+like+Gecko)+Chrome/56.0.2924.87+Safari/537.36 http://localhost:51723/User/Edit/277 200 0 0 691
2017-04-10 08:50:54 ::1 GET /AjaxCall/GetCostCenterList/ CompanyId=11&BusinessUnitId=34&_=1491814253944 51723 - ::1 Mozilla/5.0+(Windows+NT+10.0;+WOW64)+AppleWebKit/537.36+(KHTML,+like+Gecko)+Chrome/56.0.2924.87+Safari/537.36 http://localhost:51723/User/Edit/277 200 0 0 909
2017-04-10 08:51:17 ::1 GET /User/PartialUserReimbursableProfile UserId=277&_=1491814259243 51723 - ::1 Mozilla/5.0+(Windows+NT+10.0;+WOW64)+AppleWebKit/537.36+(KHTML,+like+Gecko)+Chrome/56.0.2924.87+Safari/537.36 http://localhost:51723/User/Edit/277 200 0 0 18141
#Software: Microsoft Internet Information Services 8.0
#Version: 1.0
#Date: 2017-04-10 08:55:42
#Fields: date time s-ip cs-method cs-uri-stem cs-uri-query s-port cs-username c-ip cs(User-Agent) cs(Referer) sc-status sc-substatus sc-win32-status time-taken
2017-04-10 08:55:42 ::1 GET / - 51723 - ::1 Mozilla/5.0+(Windows+NT+10.0;+WOW64)+AppleWebKit/537.36+(KHTML,+like+Gecko)+Chrome/56.0.2924.87+Safari/537.36 - 302 0 0 6730
2017-04-10 08:55:45 ::1 GET /User/LogOn - 51723 - ::1 Mozilla/5.0+(Windows+NT+10.0;+WOW64)+AppleWebKit/537.36+(KHTML,+like+Gecko)+Chrome/56.0.2924.87+Safari/537.36 - 200 0 0 3377
2017-04-10 08:55:46 ::1 GET /__browserLink/requestData/9d5852c5524041bd9674cd0d48a13c55 version=2 51723 - ::1 Mozilla/5.0+(Windows+NT+10.0;+WOW64)+AppleWebKit/537.36+(KHTML,+like+Gecko)+Chrome/56.0.2924.87+Safari/537.36 http://localhost:51723/User/LogOn 200 0 0 50
2017-04-10 08:56:02 ::1 POST /User/LogOn - 51723 - ::1 Mozilla/5.0+(Windows+NT+10.0;+WOW64)+AppleWebKit/537.36+(KHTML,+like+Gecko)+Chrome/56.0.2924.87+Safari/537.36 http://localhost:51723/User/LogOn 302 0 0 10808
2017-04-10 08:56:02 ::1 GET / - 51723 - ::1 Mozilla/5.0+(Windows+NT+10.0;+WOW64)+AppleWebKit/537.36+(KHTML,+like+Gecko)+Chrome/56.0.2924.87+Safari/537.36 http://localhost:51723/User/LogOn 302 0 0 52
2017-04-10 08:56:05 ::1 GET /Dashboard/ViewDashboard - 51723 - ::1 Mozilla/5.0+(Windows+NT+10.0;+WOW64)+AppleWebKit/537.36+(KHTML,+like+Gecko)+Chrome/56.0.2924.87+Safari/537.36 http://localhost:51723/User/LogOn 200 0 0 2700
2017-04-10 08:56:05 ::1 GET /__browserLink/requestData/be80f837c32b472aa678b01785f2bd35 version=2 51723 - ::1 Mozilla/5.0+(Windows+NT+10.0;+WOW64)+AppleWebKit/537.36+(KHTML,+like+Gecko)+Chrome/56.0.2924.87+Safari/537.36 http://localhost:51723/Dashboard/ViewDashboard 200 0 0 134
2017-04-10 08:56:05 ::1 GET /Dashboard/getAjaxTab/1 sDate=null&eDate=null 51723 - ::1 Mozilla/5.0+(Windows+NT+10.0;+WOW64)+AppleWebKit/537.36+(KHTML,+like+Gecko)+Chrome/56.0.2924.87+Safari/537.36 http://localhost:51723/Dashboard/ViewDashboard 200 0 0 438
2017-04-10 08:56:05 ::1 GET /Scripts/v2/easy.pie.chart/jquery.easing.1.3.js _=1491814566240 51723 - ::1 Mozilla/5.0+(Windows+NT+10.0;+WOW64)+AppleWebKit/537.36+(KHTML,+like+Gecko)+Chrome/56.0.2924.87+Safari/537.36 http://localhost:51723/Dashboard/ViewDashboard 200 0 0 90
2017-04-10 08:56:05 ::1 GET /Scripts/v2/easy.pie.chart/jquery.easypiechart.min.js _=1491814566337 51723 - ::1 Mozilla/5.0+(Windows+NT+10.0;+WOW64)+AppleWebKit/537.36+(KHTML,+like+Gecko)+Chrome/56.0.2924.87+Safari/537.36 http://localhost:51723/Dashboard/ViewDashboard 200 0 0 43
2017-04-10 08:56:05 ::1 GET /Scripts/v2/morris.charts/morris.min.js _=1491814566425 51723 - ::1 Mozilla/5.0+(Windows+NT+10.0;+WOW64)+AppleWebKit/537.36+(KHTML,+like+Gecko)+Chrome/56.0.2924.87+Safari/537.36 http://localhost:51723/Dashboard/ViewDashboard 200 0 0 60
2017-04-10 08:56:06 ::1 GET /Scripts/v2/morris.charts/raphael.min.js _=1491814566504 51723 - ::1 Mozilla/5.0+(Windows+NT+10.0;+WOW64)+AppleWebKit/537.36+(KHTML,+like+Gecko)+Chrome/56.0.2924.87+Safari/537.36 http://localhost:51723/Dashboard/ViewDashboard 200 0 0 147
2017-04-10 08:56:07 ::1 GET /Dashboard/GetExpensePostings/ sDate=null&eDate=null 51723 - ::1 Mozilla/5.0+(Windows+NT+10.0;+WOW64)+AppleWebKit/537.36+(KHTML,+like+Gecko)+Chrome/56.0.2924.87+Safari/537.36 http://localhost:51723/Dashboard/ViewDashboard 200 0 0 1054
2017-04-10 08:56:07 ::1 GET /Dashboard/GetPayMethodsAmount/ sDate=null&eDate=null 51723 - ::1 Mozilla/5.0+(Windows+NT+10.0;+WOW64)+AppleWebKit/537.36+(KHTML,+like+Gecko)+Chrome/56.0.2924.87+Safari/537.36 http://localhost:51723/Dashboard/ViewDashboard 200 0 0 1775
2017-04-10 08:56:10 ::1 GET /User - 51723 - ::1 Mozilla/5.0+(Windows+NT+10.0;+WOW64)+AppleWebKit/537.36+(KHTML,+like+Gecko)+Chrome/56.0.2924.87+Safari/537.36 http://localhost:51723/Dashboard/ViewDashboard 200 0 0 1811
2017-04-10 08:56:10 ::1 GET /AjaxCall/GetCompanyList/ - 51723 - ::1 Mozilla/5.0+(Windows+NT+10.0;+WOW64)+AppleWebKit/537.36+(KHTML,+like+Gecko)+Chrome/56.0.2924.87+Safari/537.36 http://localhost:51723/User 200 0 0 250
2017-04-10 08:56:10 ::1 GET /__browserLink/requestData/91ad4853b590453cb8fdb40c9cfadcb7 version=2 51723 - ::1 Mozilla/5.0+(Windows+NT+10.0;+WOW64)+AppleWebKit/537.36+(KHTML,+like+Gecko)+Chrome/56.0.2924.87+Safari/537.36 http://localhost:51723/User 200 0 0 413
2017-04-10 08:56:12 ::1 GET /Dashboard/GetExpenseApprovals/ sDate=null&eDate=null 51723 - ::1 Mozilla/5.0+(Windows+NT+10.0;+WOW64)+AppleWebKit/537.36+(KHTML,+like+Gecko)+Chrome/56.0.2924.87+Safari/537.36 http://localhost:51723/Dashboard/ViewDashboard 200 0 64 5317
2017-04-10 08:56:12 ::1 GET /Dashboard/GetExpenseTypesAmount/ sDate=null&eDate=null 51723 - ::1 Mozilla/5.0+(Windows+NT+10.0;+WOW64)+AppleWebKit/537.36+(KHTML,+like+Gecko)+Chrome/56.0.2924.87+Safari/537.36 http://localhost:51723/Dashboard/ViewDashboard 200 0 64 5846
2017-04-10 08:56:13 ::1 GET /AjaxCall/GetBusinessUnitList/ CompanyId=0 51723 - ::1 Mozilla/5.0+(Windows+NT+10.0;+WOW64)+AppleWebKit/537.36+(KHTML,+like+Gecko)+Chrome/56.0.2924.87+Safari/537.36 http://localhost:51723/User 200 0 0 2807
2017-04-10 08:56:13 ::1 GET /AjaxCall/GetBusinessUnitList/ CompanyId=0 51723 - ::1 Mozilla/5.0+(Windows+NT+10.0;+WOW64)+AppleWebKit/537.36+(KHTML,+like+Gecko)+Chrome/56.0.2924.87+Safari/537.36 http://localhost:51723/User 200 0 0 64
2017-04-10 08:56:13 ::1 GET /Dashboard/GetExpenseSubmissions/ sDate=null&eDate=null 51723 - ::1 Mozilla/5.0+(Windows+NT+10.0;+WOW64)+AppleWebKit/537.36+(KHTML,+like+Gecko)+Chrome/56.0.2924.87+Safari/537.36 http://localhost:51723/Dashboard/ViewDashboard 200 0 64 7673
2017-04-10 08:56:20 ::1 GET /User/Edit/277 - 51723 - ::1 Mozilla/5.0+(Windows+NT+10.0;+WOW64)+AppleWebKit/537.36+(KHTML,+like+Gecko)+Chrome/56.0.2924.87+Safari/537.36 http://localhost:51723/User 200 0 0 1411
2017-04-10 08:56:20 ::1 GET /User/GetAllEnabledTransactionMappingAccorssAllRoles _=1491814580632 51723 - ::1 Mozilla/5.0+(Windows+NT+10.0;+WOW64)+AppleWebKit/537.36+(KHTML,+like+Gecko)+Chrome/56.0.2924.87+Safari/537.36 http://localhost:51723/User/Edit/277 200 0 0 57
2017-04-10 08:56:20 ::1 GET /User/GetProjectConfigurationLabelInfo RoleId=41&_=1491814580722 51723 - ::1 Mozilla/5.0+(Windows+NT+10.0;+WOW64)+AppleWebKit/537.36+(KHTML,+like+Gecko)+Chrome/56.0.2924.87+Safari/537.36 http://localhost:51723/User/Edit/277 200 0 0 122
2017-04-10 08:56:20 ::1 GET /__browserLink/requestData/4a37bd1d16a64dceb4e5e37076bc7bd9 version=2 51723 - ::1 Mozilla/5.0+(Windows+NT+10.0;+WOW64)+AppleWebKit/537.36+(KHTML,+like+Gecko)+Chrome/56.0.2924.87+Safari/537.36 http://localhost:51723/User/Edit/277 200 0 0 103
2017-04-10 08:56:21 ::1 GET /AjaxCall/GetCompanyList/ _=1491814580720 51723 - ::1 Mozilla/5.0+(Windows+NT+10.0;+WOW64)+AppleWebKit/537.36+(KHTML,+like+Gecko)+Chrome/56.0.2924.87+Safari/537.36 http://localhost:51723/User/Edit/277 200 0 0 627
2017-04-10 08:56:21 ::1 GET /AjaxCall/GetBusinessUnitList/ CompanyId=11&_=1491814581356 51723 - ::1 Mozilla/5.0+(Windows+NT+10.0;+WOW64)+AppleWebKit/537.36+(KHTML,+like+Gecko)+Chrome/56.0.2924.87+Safari/537.36 http://localhost:51723/User/Edit/277 200 0 0 51
2017-04-10 08:56:21 ::1 GET /AjaxCall/GetCostCenterList/ CompanyId=11&BusinessUnitId=34&_=1491814581414 51723 - ::1 Mozilla/5.0+(Windows+NT+10.0;+WOW64)+AppleWebKit/537.36+(KHTML,+like+Gecko)+Chrome/56.0.2924.87+Safari/537.36 http://localhost:51723/User/Edit/277 200 0 0 97
2017-04-10 08:56:29 ::1 GET /User/PartialUserReimbursableProfile UserId=277&_=1491814583558 51723 - ::1 Mozilla/5.0+(Windows+NT+10.0;+WOW64)+AppleWebKit/537.36+(KHTML,+like+Gecko)+Chrome/56.0.2924.87+Safari/537.36 http://localhost:51723/User/Edit/277 200 0 0 5979
2017-04-10 08:58:20 ::1 POST /User/PartialUserReimbursableProfile UserId=277&_=1491814583558 51723 - ::1 Mozilla/5.0+(Windows+NT+10.0;+WOW64)+AppleWebKit/537.36+(KHTML,+like+Gecko)+Chrome/56.0.2924.87+Safari/537.36 http://localhost:51723/User/Edit/277 302 0 0 103506
2017-04-10 08:58:20 ::1 GET /User/Edit/277 - 51723 - ::1 Mozilla/5.0+(Windows+NT+10.0;+WOW64)+AppleWebKit/537.36+(KHTML,+like+Gecko)+Chrome/56.0.2924.87+Safari/537.36 http://localhost:51723/User/Edit/277 200 0 0 960
2017-04-10 08:58:21 ::1 GET /User/GetAllEnabledTransactionMappingAccorssAllRoles _=1491814701320 51723 - ::1 Mozilla/5.0+(Windows+NT+10.0;+WOW64)+AppleWebKit/537.36+(KHTML,+like+Gecko)+Chrome/56.0.2924.87+Safari/537.36 http://localhost:51723/User/Edit/277 200 0 0 38
2017-04-10 08:58:21 ::1 GET /AjaxCall/GetCompanyList/ _=1491814701364 51723 - ::1 Mozilla/5.0+(Windows+NT+10.0;+WOW64)+AppleWebKit/537.36+(KHTML,+like+Gecko)+Chrome/56.0.2924.87+Safari/537.36 http://localhost:51723/User/Edit/277 200 0 0 244
2017-04-10 08:58:21 ::1 GET /User/GetProjectConfigurationLabelInfo RoleId=41&_=1491814701366 51723 - ::1 Mozilla/5.0+(Windows+NT+10.0;+WOW64)+AppleWebKit/537.36+(KHTML,+like+Gecko)+Chrome/56.0.2924.87+Safari/537.36 http://localhost:51723/User/Edit/277 200 0 0 634
2017-04-10 08:58:21 ::1 GET /AjaxCall/GetBusinessUnitList/ CompanyId=11&_=1491814701631 51723 - ::1 Mozilla/5.0+(Windows+NT+10.0;+WOW64)+AppleWebKit/537.36+(KHTML,+like+Gecko)+Chrome/56.0.2924.87+Safari/537.36 http://localhost:51723/User/Edit/277 200 0 0 417
2017-04-10 08:58:21 ::1 GET /__browserLink/requestData/03345981be074dceae70d7f8114f8b31 version=2 51723 - ::1 Mozilla/5.0+(Windows+NT+10.0;+WOW64)+AppleWebKit/537.36+(KHTML,+like+Gecko)+Chrome/56.0.2924.87+Safari/537.36 http://localhost:51723/User/Edit/277 200 0 0 349
2017-04-10 08:58:21 ::1 GET /AjaxCall/GetCostCenterList/ CompanyId=11&BusinessUnitId=34&_=1491814702069 51723 - ::1 Mozilla/5.0+(Windows+NT+10.0;+WOW64)+AppleWebKit/537.36+(KHTML,+like+Gecko)+Chrome/56.0.2924.87+Safari/537.36 http://localhost:51723/User/Edit/277 200 0 0 84
2017-04-10 08:58:30 ::1 GET /User/PartialUserReimbursableProfile UserId=277&_=1491814703909 51723 - ::1 Mozilla/5.0+(Windows+NT+10.0;+WOW64)+AppleWebKit/537.36+(KHTML,+like+Gecko)+Chrome/56.0.2924.87+Safari/537.36 http://localhost:51723/User/Edit/277 200 0 0 6811
#Software: Microsoft Internet Information Services 8.0
#Version: 1.0
#Date: 2017-04-10 12:06:31
#Fields: date time s-ip cs-method cs-uri-stem cs-uri-query s-port cs-username c-ip cs(User-Agent) cs(Referer) sc-status sc-substatus sc-win32-status time-taken
2017-04-10 12:06:31 ::1 GET / - 51723 - ::1 Mozilla/5.0+(Windows+NT+10.0;+WOW64)+AppleWebKit/537.36+(KHTML,+like+Gecko)+Chrome/56.0.2924.87+Safari/537.36 - 500 0 0 71338
#Software: Microsoft Internet Information Services 8.0
#Version: 1.0
#Date: 2017-04-10 12:08:58
#Fields: date time s-ip cs-method cs-uri-stem cs-uri-query s-port cs-username c-ip cs(User-Agent) cs(Referer) sc-status sc-substatus sc-win32-status time-taken
2017-04-10 12:08:58 127.0.0.1 GET / - 51723 - 127.0.0.1 Mozilla/5.0+(Windows+NT+10.0;+WOW64)+AppleWebKit/537.36+(KHTML,+like+Gecko)+Chrome/56.0.2924.87+Safari/537.36 - 500 0 0 44095
#Software: Microsoft Internet Information Services 8.0
#Version: 1.0
#Date: 2017-04-10 12:12:51
#Fields: date time s-ip cs-method cs-uri-stem cs-uri-query s-port cs-username c-ip cs(User-Agent) cs(Referer) sc-status sc-substatus sc-win32-status time-taken
2017-04-10 12:12:51 ::1 GET / - 51723 - ::1 Mozilla/5.0+(Windows+NT+10.0;+WOW64)+AppleWebKit/537.36+(KHTML,+like+Gecko)+Chrome/56.0.2924.87+Safari/537.36 - 302 0 0 81953
2017-04-10 12:13:04 ::1 GET /User/LogOn - 51723 - ::1 Mozilla/5.0+(Windows+NT+10.0;+WOW64)+AppleWebKit/537.36+(KHTML,+like+Gecko)+Chrome/56.0.2924.87+Safari/537.36 - 200 0 0 12554
2017-04-10 12:13:04 ::1 GET /__browserLink/requestData/ec7bf799eba2418abe9f2eb29bb8a4c9 version=2 51723 - ::1 Mozilla/5.0+(Windows+NT+10.0;+WOW64)+AppleWebKit/537.36+(KHTML,+like+Gecko)+Chrome/56.0.2924.87+Safari/537.36 http://localhost:51723/User/LogOn 200 0 0 68
2017-04-10 12:14:18 ::1 POST /User/LogOn - 51723 - ::1 Mozilla/5.0+(Windows+NT+10.0;+WOW64)+AppleWebKit/537.36+(KHTML,+like+Gecko)+Chrome/56.0.2924.87+Safari/537.36 http://localhost:51723/User/LogOn 302 0 0 33670
2017-04-10 12:14:18 ::1 GET / - 51723 - ::1 Mozilla/5.0+(Windows+NT+10.0;+WOW64)+AppleWebKit/537.36+(KHTML,+like+Gecko)+Chrome/56.0.2924.87+Safari/537.36 http://localhost:51723/User/LogOn 302 0 0 36
2017-04-10 12:14:30 ::1 GET /Dashboard/ViewDashboard - 51723 - ::1 Mozilla/5.0+(Windows+NT+10.0;+WOW64)+AppleWebKit/537.36+(KHTML,+like+Gecko)+Chrome/56.0.2924.87+Safari/537.36 http://localhost:51723/User/LogOn 200 0 0 12057
2017-04-10 12:14:30 ::1 GET /__browserLink/requestData/f0bb150dde2949e3bd6de0e71d1d23a1 version=2 51723 - ::1 Mozilla/5.0+(Windows+NT+10.0;+WOW64)+AppleWebKit/537.36+(KHTML,+like+Gecko)+Chrome/56.0.2924.87+Safari/537.36 http://localhost:51723/Dashboard/ViewDashboard 200 0 0 162
2017-04-10 12:14:30 ::1 GET /Dashboard/getAjaxTab/1 sDate=null&eDate=null 51723 - ::1 Mozilla/5.0+(Windows+NT+10.0;+WOW64)+AppleWebKit/537.36+(KHTML,+like+Gecko)+Chrome/56.0.2924.87+Safari/537.36 http://localhost:51723/Dashboard/ViewDashboard 200 0 0 522
2017-04-10 12:14:30 ::1 GET /Scripts/v2/easy.pie.chart/jquery.easing.1.3.js _=1491826471564 51723 - ::1 Mozilla/5.0+(Windows+NT+10.0;+WOW64)+AppleWebKit/537.36+(KHTML,+like+Gecko)+Chrome/56.0.2924.87+Safari/537.36 http://localhost:51723/Dashboard/ViewDashboard 200 0 0 30
2017-04-10 12:14:30 ::1 GET /Scripts/v2/easy.pie.chart/jquery.easypiechart.min.js _=1491826471616 51723 - ::1 Mozilla/5.0+(Windows+NT+10.0;+WOW64)+AppleWebKit/537.36+(KHTML,+like+Gecko)+Chrome/56.0.2924.87+Safari/537.36 http://localhost:51723/Dashboard/ViewDashboard 200 0 0 14
2017-04-10 12:14:31 ::1 GET /Scripts/v2/morris.charts/morris.min.js _=1491826471648 51723 - ::1 Mozilla/5.0+(Windows+NT+10.0;+WOW64)+AppleWebKit/537.36+(KHTML,+like+Gecko)+Chrome/56.0.2924.87+Safari/537.36 http://localhost:51723/Dashboard/ViewDashboard 200 0 0 25
2017-04-10 12:14:31 ::1 GET /Scripts/v2/morris.charts/raphael.min.js _=1491826471685 51723 - ::1 Mozilla/5.0+(Windows+NT+10.0;+WOW64)+AppleWebKit/537.36+(KHTML,+like+Gecko)+Chrome/56.0.2924.87+Safari/537.36 http://localhost:51723/Dashboard/ViewDashboard 200 0 0 30
2017-04-10 12:14:34 ::1 GET /Dashboard/GetExpenseSubmissions/ sDate=null&eDate=null 51723 - ::1 Mozilla/5.0+(Windows+NT+10.0;+WOW64)+AppleWebKit/537.36+(KHTML,+like+Gecko)+Chrome/56.0.2924.87+Safari/537.36 http://localhost:51723/Dashboard/ViewDashboard 200 0 0 2444
2017-04-10 12:14:35 ::1 GET /Dashboard/GetExpenseTypesAmount/ sDate=null&eDate=null 51723 - ::1 Mozilla/5.0+(Windows+NT+10.0;+WOW64)+AppleWebKit/537.36+(KHTML,+like+Gecko)+Chrome/56.0.2924.87+Safari/537.36 http://localhost:51723/Dashboard/ViewDashboard 200 0 0 3732
2017-04-10 12:14:38 ::1 GET /User - 51723 - ::1 Mozilla/5.0+(Windows+NT+10.0;+WOW64)+AppleWebKit/537.36+(KHTML,+like+Gecko)+Chrome/56.0.2924.87+Safari/537.36 http://localhost:51723/Dashboard/ViewDashboard 200 0 0 4789
2017-04-10 12:14:39 ::1 GET /__browserLink/requestData/7c39a9f279fa41eeb8144aa8dbe704bd version=2 51723 - ::1 Mozilla/5.0+(Windows+NT+10.0;+WOW64)+AppleWebKit/537.36+(KHTML,+like+Gecko)+Chrome/56.0.2924.87+Safari/537.36 http://localhost:51723/User 200 0 0 380
2017-04-10 12:14:39 ::1 GET /Dashboard/GetExpenseApprovals/ sDate=null&eDate=null 51723 - ::1 Mozilla/5.0+(Windows+NT+10.0;+WOW64)+AppleWebKit/537.36+(KHTML,+like+Gecko)+Chrome/56.0.2924.87+Safari/537.36 http://localhost:51723/Dashboard/ViewDashboard 200 0 64 8269
2017-04-10 12:14:41 ::1 GET /Dashboard/GetExpensePostings/ sDate=null&eDate=null 51723 - ::1 Mozilla/5.0+(Windows+NT+10.0;+WOW64)+AppleWebKit/537.36+(KHTML,+like+Gecko)+Chrome/56.0.2924.87+Safari/537.36 http://localhost:51723/Dashboard/ViewDashboard 200 0 64 9210
2017-04-10 12:14:41 ::1 GET /AjaxCall/GetBusinessUnitList/ CompanyId=0 51723 - ::1 Mozilla/5.0+(Windows+NT+10.0;+WOW64)+AppleWebKit/537.36+(KHTML,+like+Gecko)+Chrome/56.0.2924.87+Safari/537.36 http://localhost:51723/User 200 0 0 2730
2017-04-10 12:14:43 ::1 GET /Dashboard/GetPayMethodsAmount/ sDate=null&eDate=null 51723 - ::1 Mozilla/5.0+(Windows+NT+10.0;+WOW64)+AppleWebKit/537.36+(KHTML,+like+Gecko)+Chrome/56.0.2924.87+Safari/537.36 http://localhost:51723/Dashboard/ViewDashboard 200 0 64 11248
2017-04-10 12:14:43 ::1 GET /AjaxCall/GetCompanyList/ - 51723 - ::1 Mozilla/5.0+(Windows+NT+10.0;+WOW64)+AppleWebKit/537.36+(KHTML,+like+Gecko)+Chrome/56.0.2924.87+Safari/537.36 http://localhost:51723/User 200 0 0 4368
2017-04-10 12:14:43 ::1 GET /AjaxCall/GetBusinessUnitList/ CompanyId=0 51723 - ::1 Mozilla/5.0+(Windows+NT+10.0;+WOW64)+AppleWebKit/537.36+(KHTML,+like+Gecko)+Chrome/56.0.2924.87+Safari/537.36 http://localhost:51723/User 200 0 0 72
2017-04-10 12:14:46 ::1 GET /User/Edit/277 - 51723 - ::1 Mozilla/5.0+(Windows+NT+10.0;+WOW64)+AppleWebKit/537.36+(KHTML,+like+Gecko)+Chrome/56.0.2924.87+Safari/537.36 http://localhost:51723/User 200 0 0 1514
2017-04-10 12:14:46 ::1 GET /User/GetAllEnabledTransactionMappingAccorssAllRoles _=1491826486940 51723 - ::1 Mozilla/5.0+(Windows+NT+10.0;+WOW64)+AppleWebKit/537.36+(KHTML,+like+Gecko)+Chrome/56.0.2924.87+Safari/537.36 http://localhost:51723/User/Edit/277 200 0 0 57
2017-04-10 12:14:46 ::1 GET /AjaxCall/GetCompanyList/ _=1491826487003 51723 - ::1 Mozilla/5.0+(Windows+NT+10.0;+WOW64)+AppleWebKit/537.36+(KHTML,+like+Gecko)+Chrome/56.0.2924.87+Safari/537.36 http://localhost:51723/User/Edit/277 200 0 0 121
2017-04-10 12:14:46 ::1 GET /AjaxCall/GetBusinessUnitList/ CompanyId=11&_=1491826487160 51723 - ::1 Mozilla/5.0+(Windows+NT+10.0;+WOW64)+AppleWebKit/537.36+(KHTML,+like+Gecko)+Chrome/56.0.2924.87+Safari/537.36 http://localhost:51723/User/Edit/277 200 0 0 249
2017-04-10 12:14:47 ::1 GET /__browserLink/requestData/0f9d8f3bd71549f49ac77597c29b3606 version=2 51723 - ::1 Mozilla/5.0+(Windows+NT+10.0;+WOW64)+AppleWebKit/537.36+(KHTML,+like+Gecko)+Chrome/56.0.2924.87+Safari/537.36 http://localhost:51723/User/Edit/277 200 0 0 248
2017-04-10 12:14:47 ::1 GET /AjaxCall/GetCostCenterList/ CompanyId=11&BusinessUnitId=34&_=1491826487410 51723 - ::1 Mozilla/5.0+(Windows+NT+10.0;+WOW64)+AppleWebKit/537.36+(KHTML,+like+Gecko)+Chrome/56.0.2924.87+Safari/537.36 http://localhost:51723/User/Edit/277 200 0 0 396
2017-04-10 12:14:47 ::1 GET /User/GetProjectConfigurationLabelInfo RoleId=41&_=1491826487005 51723 - ::1 Mozilla/5.0+(Windows+NT+10.0;+WOW64)+AppleWebKit/537.36+(KHTML,+like+Gecko)+Chrome/56.0.2924.87+Safari/537.36 http://localhost:51723/User/Edit/277 200 0 0 1101
2017-04-10 12:14:59 ::1 GET /User/PartialUserReimbursableProfile UserId=277&_=1491826490894 51723 - ::1 Mozilla/5.0+(Windows+NT+10.0;+WOW64)+AppleWebKit/537.36+(KHTML,+like+Gecko)+Chrome/56.0.2924.87+Safari/537.36 http://localhost:51723/User/Edit/277 200 0 0 8211
#Software: Microsoft Internet Information Services 8.0
#Version: 1.0
#Date: 2017-04-10 12:34:25
#Fields: date time s-ip cs-method cs-uri-stem cs-uri-query s-port cs-username c-ip cs(User-Agent) cs(Referer) sc-status sc-substatus sc-win32-status time-taken
2017-04-10 12:34:25 ::1 GET / - 51723 - ::1 Mozilla/5.0+(Windows+NT+10.0;+WOW64)+AppleWebKit/537.36+(KHTML,+like+Gecko)+Chrome/56.0.2924.87+Safari/537.36 - 302 0 0 25379
2017-04-10 12:34:36 ::1 GET /User/LogOn - 51723 - ::1 Mozilla/5.0+(Windows+NT+10.0;+WOW64)+AppleWebKit/537.36+(KHTML,+like+Gecko)+Chrome/56.0.2924.87+Safari/537.36 - 200 0 0 10741
2017-04-10 12:34:36 ::1 GET /__browserLink/requestData/369518c39a1b4861b20a59237bcf312f version=2 51723 - ::1 Mozilla/5.0+(Windows+NT+10.0;+WOW64)+AppleWebKit/537.36+(KHTML,+like+Gecko)+Chrome/56.0.2924.87+Safari/537.36 http://localhost:51723/User/LogOn 200 0 0 61
#Software: Microsoft Internet Information Services 8.0
#Version: 1.0
#Date: 2017-04-10 12:45:30
#Fields: date time s-ip cs-method cs-uri-stem cs-uri-query s-port cs-username c-ip cs(User-Agent) cs(Referer) sc-status sc-substatus sc-win32-status time-taken
2017-04-10 12:45:30 ::1 GET / - 51723 - ::1 Mozilla/5.0+(Windows+NT+10.0;+WOW64)+AppleWebKit/537.36+(KHTML,+like+Gecko)+Chrome/56.0.2924.87+Safari/537.36 - 302 0 0 96838
2017-04-10 12:45:42 ::1 GET /User/LogOn - 51723 - ::1 Mozilla/5.0+(Windows+NT+10.0;+WOW64)+AppleWebKit/537.36+(KHTML,+like+Gecko)+Chrome/56.0.2924.87+Safari/537.36 - 200 0 0 11726
2017-04-10 12:45:42 ::1 GET /__browserLink/requestData/4a4ddd7be64c49b6aabe3f8275a1d2a8 version=2 51723 - ::1 Mozilla/5.0+(Windows+NT+10.0;+WOW64)+AppleWebKit/537.36+(KHTML,+like+Gecko)+Chrome/56.0.2924.87+Safari/537.36 http://localhost:51723/User/LogOn 200 0 0 37
2017-04-10 12:46:01 ::1 POST /User/LogOn - 51723 - ::1 Mozilla/5.0+(Windows+NT+10.0;+WOW64)+AppleWebKit/537.36+(KHTML,+like+Gecko)+Chrome/56.0.2924.87+Safari/537.36 http://localhost:51723/User/LogOn 302 0 0 12160
2017-04-10 12:46:01 ::1 GET / - 51723 - ::1 Mozilla/5.0+(Windows+NT+10.0;+WOW64)+AppleWebKit/537.36+(KHTML,+like+Gecko)+Chrome/56.0.2924.87+Safari/537.36 http://localhost:51723/User/LogOn 302 0 0 39
2017-04-10 12:46:16 ::1 GET /Dashboard/ViewDashboard - 51723 - ::1 Mozilla/5.0+(Windows+NT+10.0;+WOW64)+AppleWebKit/537.36+(KHTML,+like+Gecko)+Chrome/56.0.2924.87+Safari/537.36 http://localhost:51723/User/LogOn 200 0 0 14280
2017-04-10 12:46:16 ::1 GET /__browserLink/requestData/7e872242df86494a8f54023b5387bc34 version=2 51723 - ::1 Mozilla/5.0+(Windows+NT+10.0;+WOW64)+AppleWebKit/537.36+(KHTML,+like+Gecko)+Chrome/56.0.2924.87+Safari/537.36 http://localhost:51723/Dashboard/ViewDashboard 200 0 0 138
2017-04-10 12:46:16 ::1 GET /Dashboard/getAjaxTab/1 sDate=null&eDate=null 51723 - ::1 Mozilla/5.0+(Windows+NT+10.0;+WOW64)+AppleWebKit/537.36+(KHTML,+like+Gecko)+Chrome/56.0.2924.87+Safari/537.36 http://localhost:51723/Dashboard/ViewDashboard 200 0 0 503
2017-04-10 12:46:16 ::1 GET /Scripts/v2/easy.pie.chart/jquery.easing.1.3.js _=1491828377134 51723 - ::1 Mozilla/5.0+(Windows+NT+10.0;+WOW64)+AppleWebKit/537.36+(KHTML,+like+Gecko)+Chrome/56.0.2924.87+Safari/537.36 http://localhost:51723/Dashboard/ViewDashboard 200 0 0 22
2017-04-10 12:46:16 ::1 GET /Scripts/v2/easy.pie.chart/jquery.easypiechart.min.js _=1491828377162 51723 - ::1 Mozilla/5.0+(Windows+NT+10.0;+WOW64)+AppleWebKit/537.36+(KHTML,+like+Gecko)+Chrome/56.0.2924.87+Safari/537.36 http://localhost:51723/Dashboard/ViewDashboard 200 0 0 22
2017-04-10 12:46:16 ::1 GET /Scripts/v2/morris.charts/morris.min.js _=1491828377211 51723 - ::1 Mozilla/5.0+(Windows+NT+10.0;+WOW64)+AppleWebKit/537.36+(KHTML,+like+Gecko)+Chrome/56.0.2924.87+Safari/537.36 http://localhost:51723/Dashboard/ViewDashboard 200 0 0 21
2017-04-10 12:46:17 ::1 GET /Scripts/v2/morris.charts/raphael.min.js _=1491828377240 51723 - ::1 Mozilla/5.0+(Windows+NT+10.0;+WOW64)+AppleWebKit/537.36+(KHTML,+like+Gecko)+Chrome/56.0.2924.87+Safari/537.36 http://localhost:51723/Dashboard/ViewDashboard 200 0 0 22
2017-04-10 12:46:19 ::1 GET /Dashboard/GetExpensePostings/ sDate=null&eDate=null 51723 - ::1 Mozilla/5.0+(Windows+NT+10.0;+WOW64)+AppleWebKit/537.36+(KHTML,+like+Gecko)+Chrome/56.0.2924.87+Safari/537.36 http://localhost:51723/Dashboard/ViewDashboard 200 0 0 1884
2017-04-10 12:46:19 ::1 GET /Dashboard/GetExpenseTypesAmount/ sDate=null&eDate=null 51723 - ::1 Mozilla/5.0+(Windows+NT+10.0;+WOW64)+AppleWebKit/537.36+(KHTML,+like+Gecko)+Chrome/56.0.2924.87+Safari/537.36 http://localhost:51723/Dashboard/ViewDashboard 200 0 0 2768
2017-04-10 12:46:21 ::1 GET /Dashboard/GetExpenseApprovals/ sDate=null&eDate=null 51723 - ::1 Mozilla/5.0+(Windows+NT+10.0;+WOW64)+AppleWebKit/537.36+(KHTML,+like+Gecko)+Chrome/56.0.2924.87+Safari/537.36 http://localhost:51723/Dashboard/ViewDashboard 200 0 0 3716
2017-04-10 12:46:21 ::1 GET /Dashboard/GetExpenseSubmissions/ sDate=null&eDate=null 51723 - ::1 Mozilla/5.0+(Windows+NT+10.0;+WOW64)+AppleWebKit/537.36+(KHTML,+like+Gecko)+Chrome/56.0.2924.87+Safari/537.36 http://localhost:51723/Dashboard/ViewDashboard 200 0 0 4053
2017-04-10 12:46:22 ::1 GET /Dashboard/GetPayMethodsAmount/ sDate=null&eDate=null 51723 - ::1 Mozilla/5.0+(Windows+NT+10.0;+WOW64)+AppleWebKit/537.36+(KHTML,+like+Gecko)+Chrome/56.0.2924.87+Safari/537.36 http://localhost:51723/Dashboard/ViewDashboard 200 0 0 4764
2017-04-10 12:47:23 ::1 GET /User - 51723 - ::1 Mozilla/5.0+(Windows+NT+10.0;+WOW64)+AppleWebKit/537.36+(KHTML,+like+Gecko)+Chrome/56.0.2924.87+Safari/537.36 http://localhost:51723/Dashboard/ViewDashboard 200 0 0 2118
2017-04-10 12:47:23 ::1 GET /__browserLink/requestData/4c763322598d43f1b4ae07d45da4e3d6 version=2 51723 - ::1 Mozilla/5.0+(Windows+NT+10.0;+WOW64)+AppleWebKit/537.36+(KHTML,+like+Gecko)+Chrome/56.0.2924.87+Safari/537.36 http://localhost:51723/User 200 0 0 215
2017-04-10 12:47:25 ::1 GET /AjaxCall/GetBusinessUnitList/ CompanyId=0 51723 - ::1 Mozilla/5.0+(Windows+NT+10.0;+WOW64)+AppleWebKit/537.36+(KHTML,+like+Gecko)+Chrome/56.0.2924.87+Safari/537.36 http://localhost:51723/User 200 0 0 1175
2017-04-10 12:47:25 ::1 GET /AjaxCall/GetCompanyList/ - 51723 - ::1 Mozilla/5.0+(Windows+NT+10.0;+WOW64)+AppleWebKit/537.36+(KHTML,+like+Gecko)+Chrome/56.0.2924.87+Safari/537.36 http://localhost:51723/User 200 0 0 1648
2017-04-10 12:47:25 ::1 GET /AjaxCall/GetBusinessUnitList/ CompanyId=0 51723 - ::1 Mozilla/5.0+(Windows+NT+10.0;+WOW64)+AppleWebKit/537.36+(KHTML,+like+Gecko)+Chrome/56.0.2924.87+Safari/537.36 http://localhost:51723/User 200 0 0 47
2017-04-10 12:47:29 ::1 GET /User/Edit/277 - 51723 - ::1 Mozilla/5.0+(Windows+NT+10.0;+WOW64)+AppleWebKit/537.36+(KHTML,+like+Gecko)+Chrome/56.0.2924.87+Safari/537.36 http://localhost:51723/User 200 0 0 1659
2017-04-10 12:47:29 ::1 GET /User/GetAllEnabledTransactionMappingAccorssAllRoles _=1491828449330 51723 - ::1 Mozilla/5.0+(Windows+NT+10.0;+WOW64)+AppleWebKit/537.36+(KHTML,+like+Gecko)+Chrome/56.0.2924.87+Safari/537.36 http://localhost:51723/User/Edit/277 200 0 0 139
2017-04-10 12:47:29 ::1 GET /User/GetProjectConfigurationLabelInfo RoleId=41&_=1491828449468 51723 - ::1 Mozilla/5.0+(Windows+NT+10.0;+WOW64)+AppleWebKit/537.36+(KHTML,+like+Gecko)+Chrome/56.0.2924.87+Safari/537.36 http://localhost:51723/User/Edit/277 200 0 0 390
2017-04-10 12:47:30 ::1 GET /__browserLink/requestData/f4fb8bd35bd4495681c803b634bd0b5f version=2 51723 - ::1 Mozilla/5.0+(Windows+NT+10.0;+WOW64)+AppleWebKit/537.36+(KHTML,+like+Gecko)+Chrome/56.0.2924.87+Safari/537.36 http://localhost:51723/User/Edit/277 200 0 0 185
2017-04-10 12:47:30 ::1 GET /AjaxCall/GetCompanyList/ _=1491828449462 51723 - ::1 Mozilla/5.0+(Windows+NT+10.0;+WOW64)+AppleWebKit/537.36+(KHTML,+like+Gecko)+Chrome/56.0.2924.87+Safari/537.36 http://localhost:51723/User/Edit/277 200 0 0 676
2017-04-10 12:47:30 ::1 GET /AjaxCall/GetBusinessUnitList/ CompanyId=11&_=1491828450157 51723 - ::1 Mozilla/5.0+(Windows+NT+10.0;+WOW64)+AppleWebKit/537.36+(KHTML,+like+Gecko)+Chrome/56.0.2924.87+Safari/537.36 http://localhost:51723/User/Edit/277 200 0 0 76
2017-04-10 12:47:30 ::1 GET /AjaxCall/GetCostCenterList/ CompanyId=11&BusinessUnitId=34&_=1491828450236 51723 - ::1 Mozilla/5.0+(Windows+NT+10.0;+WOW64)+AppleWebKit/537.36+(KHTML,+like+Gecko)+Chrome/56.0.2924.87+Safari/537.36 http://localhost:51723/User/Edit/277 200 0 0 121
2017-04-10 12:47:38 ::1 GET /User/PartialUserReimbursableProfile UserId=277&_=1491828451041 51723 - ::1 Mozilla/5.0+(Windows+NT+10.0;+WOW64)+AppleWebKit/537.36+(KHTML,+like+Gecko)+Chrome/56.0.2924.87+Safari/537.36 http://localhost:51723/User/Edit/277 200 0 0 7754
#Software: Microsoft Internet Information Services 8.0
#Version: 1.0
#Date: 2017-04-10 12:49:59
#Fields: date time s-ip cs-method cs-uri-stem cs-uri-query s-port cs-username c-ip cs(User-Agent) cs(Referer) sc-status sc-substatus sc-win32-status time-taken
2017-04-10 12:49:59 ::1 GET / - 51723 - ::1 Mozilla/5.0+(Windows+NT+10.0;+WOW64)+AppleWebKit/537.36+(KHTML,+like+Gecko)+Chrome/56.0.2924.87+Safari/537.36 - 302 0 0 31147
2017-04-10 12:50:01 ::1 GET /User/LogOn - 51723 - ::1 Mozilla/5.0+(Windows+NT+10.0;+WOW64)+AppleWebKit/537.36+(KHTML,+like+Gecko)+Chrome/56.0.2924.87+Safari/537.36 - 200 0 0 2436
2017-04-10 12:50:01 ::1 GET /__browserLink/requestData/3c42fcbf5f094d95a5d14a0151091175 version=2 51723 - ::1 Mozilla/5.0+(Windows+NT+10.0;+WOW64)+AppleWebKit/537.36+(KHTML,+like+Gecko)+Chrome/56.0.2924.87+Safari/537.36 http://localhost:51723/User/LogOn 200 0 0 47
2017-04-10 12:50:09 ::1 POST /User/LogOn - 51723 - ::1 Mozilla/5.0+(Windows+NT+10.0;+WOW64)+AppleWebKit/537.36+(KHTML,+like+Gecko)+Chrome/56.0.2924.87+Safari/537.36 http://localhost:51723/User/LogOn 302 0 0 5007
2017-04-10 12:50:09 ::1 GET / - 51723 - ::1 Mozilla/5.0+(Windows+NT+10.0;+WOW64)+AppleWebKit/537.36+(KHTML,+like+Gecko)+Chrome/56.0.2924.87+Safari/537.36 http://localhost:51723/User/LogOn 302 0 0 90
2017-04-10 12:50:12 ::1 GET /Dashboard/ViewDashboard - 51723 - ::1 Mozilla/5.0+(Windows+NT+10.0;+WOW64)+AppleWebKit/537.36+(KHTML,+like+Gecko)+Chrome/56.0.2924.87+Safari/537.36 http://localhost:51723/User/LogOn 200 0 0 3299
2017-04-10 12:50:12 ::1 GET /__browserLink/requestData/bd9ed25a88f546fd95948f2b94cd3cb8 version=2 51723 - ::1 Mozilla/5.0+(Windows+NT+10.0;+WOW64)+AppleWebKit/537.36+(KHTML,+like+Gecko)+Chrome/56.0.2924.87+Safari/537.36 http://localhost:51723/Dashboard/ViewDashboard 200 0 0 214
2017-04-10 12:50:14 ::1 GET /Dashboard/getAjaxTab/1 sDate=null&eDate=null 51723 - ::1 Mozilla/5.0+(Windows+NT+10.0;+WOW64)+AppleWebKit/537.36+(KHTML,+like+Gecko)+Chrome/56.0.2924.87+Safari/537.36 http://localhost:51723/Dashboard/ViewDashboard 200 0 0 767
2017-04-10 12:50:14 ::1 GET /Scripts/v2/easy.pie.chart/jquery.easing.1.3.js _=1491828614047 51723 - ::1 Mozilla/5.0+(Windows+NT+10.0;+WOW64)+AppleWebKit/537.36+(KHTML,+like+Gecko)+Chrome/56.0.2924.87+Safari/537.36 http://localhost:51723/Dashboard/ViewDashboard 200 0 0 298
2017-04-10 12:50:14 ::1 GET /Scripts/v2/easy.pie.chart/jquery.easypiechart.min.js _=1491828614349 51723 - ::1 Mozilla/5.0+(Windows+NT+10.0;+WOW64)+AppleWebKit/537.36+(KHTML,+like+Gecko)+Chrome/56.0.2924.87+Safari/537.36 http://localhost:51723/Dashboard/ViewDashboard 200 0 0 45
2017-04-10 12:50:14 ::1 GET /Scripts/v2/morris.charts/morris.min.js _=1491828614595 51723 - ::1 Mozilla/5.0+(Windows+NT+10.0;+WOW64)+AppleWebKit/537.36+(KHTML,+like+Gecko)+Chrome/56.0.2924.87+Safari/537.36 http://localhost:51723/Dashboard/ViewDashboard 200 0 0 155
2017-04-10 12:50:15 ::1 GET /Scripts/v2/morris.charts/raphael.min.js _=1491828614879 51723 - ::1 Mozilla/5.0+(Windows+NT+10.0;+WOW64)+AppleWebKit/537.36+(KHTML,+like+Gecko)+Chrome/56.0.2924.87+Safari/537.36 http://localhost:51723/Dashboard/ViewDashboard 200 0 0 277
2017-04-10 12:50:16 ::1 GET /Dashboard/GetPayMethodsAmount/ sDate=null&eDate=null 51723 - ::1 Mozilla/5.0+(Windows+NT+10.0;+WOW64)+AppleWebKit/537.36+(KHTML,+like+Gecko)+Chrome/56.0.2924.87+Safari/537.36 http://localhost:51723/Dashboard/ViewDashboard 200 0 0 1402
2017-04-10 12:50:19 ::1 GET /User - 51723 - ::1 Mozilla/5.0+(Windows+NT+10.0;+WOW64)+AppleWebKit/537.36+(KHTML,+like+Gecko)+Chrome/56.0.2924.87+Safari/537.36 http://localhost:51723/Dashboard/ViewDashboard 200 0 0 2953
2017-04-10 12:50:20 ::1 GET /__browserLink/requestData/6c24b21123cb454eb6e91fcf815e6286 version=2 51723 - ::1 Mozilla/5.0+(Windows+NT+10.0;+WOW64)+AppleWebKit/537.36+(KHTML,+like+Gecko)+Chrome/56.0.2924.87+Safari/537.36 http://localhost:51723/User 200 0 0 319
2017-04-10 12:50:20 ::1 GET /Dashboard/GetExpenseTypesAmount/ sDate=null&eDate=null 51723 - ::1 Mozilla/5.0+(Windows+NT+10.0;+WOW64)+AppleWebKit/537.36+(KHTML,+like+Gecko)+Chrome/56.0.2924.87+Safari/537.36 http://localhost:51723/Dashboard/ViewDashboard 200 0 64 6170
2017-04-10 12:50:22 ::1 GET /AjaxCall/GetBusinessUnitList/ CompanyId=0 51723 - ::1 Mozilla/5.0+(Windows+NT+10.0;+WOW64)+AppleWebKit/537.36+(KHTML,+like+Gecko)+Chrome/56.0.2924.87+Safari/537.36 http://localhost:51723/User 200 0 0 1804
2017-04-10 12:50:22 ::1 GET /AjaxCall/GetCompanyList/ - 51723 - ::1 Mozilla/5.0+(Windows+NT+10.0;+WOW64)+AppleWebKit/537.36+(KHTML,+like+Gecko)+Chrome/56.0.2924.87+Safari/537.36 http://localhost:51723/User 200 0 0 1880
2017-04-10 12:50:22 ::1 GET /Dashboard/GetExpenseSubmissions/ sDate=null&eDate=null 51723 - ::1 Mozilla/5.0+(Windows+NT+10.0;+WOW64)+AppleWebKit/537.36+(KHTML,+like+Gecko)+Chrome/56.0.2924.87+Safari/537.36 http://localhost:51723/Dashboard/ViewDashboard 200 0 64 7155
2017-04-10 12:50:23 ::1 GET /Dashboard/GetExpensePostings/ sDate=null&eDate=null 51723 - ::1 Mozilla/5.0+(Windows+NT+10.0;+WOW64)+AppleWebKit/537.36+(KHTML,+like+Gecko)+Chrome/56.0.2924.87+Safari/537.36 http://localhost:51723/Dashboard/ViewDashboard 200 0 64 8040
2017-04-10 12:50:24 ::1 GET /Dashboard/GetExpenseApprovals/ sDate=null&eDate=null 51723 - ::1 Mozilla/5.0+(Windows+NT+10.0;+WOW64)+AppleWebKit/537.36+(KHTML,+like+Gecko)+Chrome/56.0.2924.87+Safari/537.36 http://localhost:51723/Dashboard/ViewDashboard 200 0 64 9074
2017-04-10 12:50:26 ::1 GET /User/Edit/277 - 51723 - ::1 Mozilla/5.0+(Windows+NT+10.0;+WOW64)+AppleWebKit/537.36+(KHTML,+like+Gecko)+Chrome/56.0.2924.87+Safari/537.36 http://localhost:51723/User 200 0 0 3214
2017-04-10 12:50:26 ::1 GET /AjaxCall/GetBusinessUnitList/ CompanyId=0 51723 - ::1 Mozilla/5.0+(Windows+NT+10.0;+WOW64)+AppleWebKit/537.36+(KHTML,+like+Gecko)+Chrome/56.0.2924.87+Safari/537.36 http://localhost:51723/User 200 0 64 5201
2017-04-10 12:50:26 ::1 GET /User/GetAllEnabledTransactionMappingAccorssAllRoles _=1491828627241 51723 - ::1 Mozilla/5.0+(Windows+NT+10.0;+WOW64)+AppleWebKit/537.36+(KHTML,+like+Gecko)+Chrome/56.0.2924.87+Safari/537.36 http://localhost:51723/User/Edit/277 200 0 0 581
2017-04-10 12:50:27 ::1 GET /User/GetProjectConfigurationLabelInfo RoleId=41&_=1491828627828 51723 - ::1 Mozilla/5.0+(Windows+NT+10.0;+WOW64)+AppleWebKit/537.36+(KHTML,+like+Gecko)+Chrome/56.0.2924.87+Safari/537.36 http://localhost:51723/User/Edit/277 200 0 0 156
2017-04-10 12:50:27 ::1 GET /__browserLink/requestData/22d6ec461edb4c769c2023954c42be3b version=2 51723 - ::1 Mozilla/5.0+(Windows+NT+10.0;+WOW64)+AppleWebKit/537.36+(KHTML,+like+Gecko)+Chrome/56.0.2924.87+Safari/537.36 http://localhost:51723/User/Edit/277 200 0 0 195
2017-04-10 12:50:27 ::1 GET /AjaxCall/GetCompanyList/ _=1491828627826 51723 - ::1 Mozilla/5.0+(Windows+NT+10.0;+WOW64)+AppleWebKit/537.36+(KHTML,+like+Gecko)+Chrome/56.0.2924.87+Safari/537.36 http://localhost:51723/User/Edit/277 200 0 0 649
2017-04-10 12:50:27 ::1 GET /AjaxCall/GetBusinessUnitList/ CompanyId=11&_=1491828628487 51723 - ::1 Mozilla/5.0+(Windows+NT+10.0;+WOW64)+AppleWebKit/537.36+(KHTML,+like+Gecko)+Chrome/56.0.2924.87+Safari/537.36 http://localhost:51723/User/Edit/277 200 0 0 80
2017-04-10 12:50:27 ::1 GET /AjaxCall/GetCostCenterList/ CompanyId=11&BusinessUnitId=34&_=1491828628594 51723 - ::1 Mozilla/5.0+(Windows+NT+10.0;+WOW64)+AppleWebKit/537.36+(KHTML,+like+Gecko)+Chrome/56.0.2924.87+Safari/537.36 http://localhost:51723/User/Edit/277 200 0 0 244
2017-04-10 12:50:36 ::1 GET /User/PartialUserReimbursableProfile UserId=277&_=1491828630003 51723 - ::1 Mozilla/5.0+(Windows+NT+10.0;+WOW64)+AppleWebKit/537.36+(KHTML,+like+Gecko)+Chrome/56.0.2924.87+Safari/537.36 http://localhost:51723/User/Edit/277 200 0 0 6751
#Software: Microsoft Internet Information Services 8.0
#Version: 1.0
#Date: 2017-04-10 13:35:30
#Fields: date time s-ip cs-method cs-uri-stem cs-uri-query s-port cs-username c-ip cs(User-Agent) cs(Referer) sc-status sc-substatus sc-win32-status time-taken
2017-04-10 13:35:30 ::1 GET / - 51723 - ::1 Mozilla/5.0+(Windows+NT+10.0;+WOW64)+AppleWebKit/537.36+(KHTML,+like+Gecko)+Chrome/56.0.2924.87+Safari/537.36 - 302 0 0 47346
2017-04-10 13:35:48 ::1 GET /User/LogOn - 51723 - ::1 Mozilla/5.0+(Windows+NT+10.0;+WOW64)+AppleWebKit/537.36+(KHTML,+like+Gecko)+Chrome/56.0.2924.87+Safari/537.36 - 200 0 0 17109
2017-04-10 13:35:49 ::1 GET /__browserLink/requestData/e6b762a7669e4c26920a400032ecd21a version=2 51723 - ::1 Mozilla/5.0+(Windows+NT+10.0;+WOW64)+AppleWebKit/537.36+(KHTML,+like+Gecko)+Chrome/56.0.2924.87+Safari/537.36 http://localhost:51723/User/LogOn 200 0 0 97
#Software: Microsoft Internet Information Services 8.0
#Version: 1.0
#Date: 2017-04-10 13:58:12
#Fields: date time s-ip cs-method cs-uri-stem cs-uri-query s-port cs-username c-ip cs(User-Agent) cs(Referer) sc-status sc-substatus sc-win32-status time-taken
2017-04-10 13:58:12 ::1 POST /User/LogOn - 51723 - ::1 Mozilla/5.0+(Windows+NT+10.0;+WOW64)+AppleWebKit/537.36+(KHTML,+like+Gecko)+Chrome/56.0.2924.87+Safari/537.36 http://localhost:51723/User/LogOn 302 0 0 7740
2017-04-10 13:58:40 ::1 GET / - 51723 - ::1 Mozilla/5.0+(Windows+NT+10.0;+WOW64)+AppleWebKit/537.36+(KHTML,+like+Gecko)+Chrome/56.0.2924.87+Safari/537.36 http://localhost:51723/User/LogOn 200 0 0 28364
2017-04-10 13:58:40 ::1 GET /__browserLink/requestData/b7ab0a9c24454fbe8863acfbb2c4e468 version=2 51723 - ::1 Mozilla/5.0+(Windows+NT+10.0;+WOW64)+AppleWebKit/537.36+(KHTML,+like+Gecko)+Chrome/56.0.2924.87+Safari/537.36 http://localhost:51723/ 200 0 0 51
2017-04-10 13:58:54 ::1 GET /Expense/Create - 51723 - ::1 Mozilla/5.0+(Windows+NT+10.0;+WOW64)+AppleWebKit/537.36+(KHTML,+like+Gecko)+Chrome/56.0.2924.87+Safari/537.36 http://localhost:51723/ 200 0 0 4787
2017-04-10 13:58:56 ::1 GET /TravelType/IsSubTravelCashAdvanced TravelTypeId=17 51723 - ::1 Mozilla/5.0+(Windows+NT+10.0;+WOW64)+AppleWebKit/537.36+(KHTML,+like+Gecko)+Chrome/56.0.2924.87+Safari/537.36 http://localhost:51723/Expense/Create 200 0 0 748
2017-04-10 13:58:56 ::1 GET /__browserLink/requestData/5a0b76e3ff6344ccab11d61ed4684a79 version=2 51723 - ::1 Mozilla/5.0+(Windows+NT+10.0;+WOW64)+AppleWebKit/537.36+(KHTML,+like+Gecko)+Chrome/56.0.2924.87+Safari/537.36 http://localhost:51723/Expense/Create 200 0 0 143
2017-04-10 13:58:56 ::1 GET /Expense/GetTravelTypeHeaderMapping TravelTypeId=17 51723 - ::1 Mozilla/5.0+(Windows+NT+10.0;+WOW64)+AppleWebKit/537.36+(KHTML,+like+Gecko)+Chrome/56.0.2924.87+Safari/537.36 http://localhost:51723/Expense/Create 200 0 0 1247
2017-04-10 13:58:59 ::1 GET /images/ui-bg_glass_75_e6e6e6_1x400.png - 51723 - ::1 Mozilla/5.0+(Windows+NT+10.0;+WOW64)+AppleWebKit/537.36+(KHTML,+like+Gecko)+Chrome/56.0.2924.87+Safari/537.36 http://localhost:51723/css/site-home-css?v=AqCR0tX5sBhH20ewK0EPCDcrTk628Pi6iulHxyYTIc41 200 0 0 41
2017-04-10 13:59:08 ::1 POST /Expense/Create - 51723 - ::1 Mozilla/5.0+(Windows+NT+10.0;+WOW64)+AppleWebKit/537.36+(KHTML,+like+Gecko)+Chrome/56.0.2924.87+Safari/537.36 http://localhost:51723/Expense/Create 302 0 0 3264
2017-04-10 13:59:16 ::1 GET /Expense/AddTransactionToReport ExpenseId=1127 51723 - ::1 Mozilla/5.0+(Windows+NT+10.0;+WOW64)+AppleWebKit/537.36+(KHTML,+like+Gecko)+Chrome/56.0.2924.87+Safari/537.36 http://localhost:51723/Expense/Create 200 0 0 7795
2017-04-10 13:59:16 ::1 GET /Expense/GetTravelTypeHeaderMapping TravelTypeId=17 51723 - ::1 Mozilla/5.0+(Windows+NT+10.0;+WOW64)+AppleWebKit/537.36+(KHTML,+like+Gecko)+Chrome/56.0.2924.87+Safari/537.36 http://localhost:51723/Expense/AddTransactionToReport?ExpenseId=1127 200 0 0 80
2017-04-10 13:59:16 ::1 GET /__browserLink/requestData/50e90953599e4331a87f9ac4b50ddfc0 version=2 51723 - ::1 Mozilla/5.0+(Windows+NT+10.0;+WOW64)+AppleWebKit/537.36+(KHTML,+like+Gecko)+Chrome/56.0.2924.87+Safari/537.36 http://localhost:51723/Expense/AddTransactionToReport?ExpenseId=1127 200 0 0 85
2017-04-10 13:59:17 ::1 GET /TravelType/IsSubTravelCashAdvanced TravelTypeId=17 51723 - ::1 Mozilla/5.0+(Windows+NT+10.0;+WOW64)+AppleWebKit/537.36+(KHTML,+like+Gecko)+Chrome/56.0.2924.87+Safari/537.36 http://localhost:51723/Expense/AddTransactionToReport?ExpenseId=1127 200 0 0 598
2017-04-10 13:59:22 ::1 GET /Expense/PrepareExpenseApprovalProgressBar/ ExpenseId=1127&UserId=277&_=1491832756511 51723 - ::1 Mozilla/5.0+(Windows+NT+10.0;+WOW64)+AppleWebKit/537.36+(KHTML,+like+Gecko)+Chrome/56.0.2924.87+Safari/537.36 http://localhost:51723/Expense/AddTransactionToReport?ExpenseId=1127 200 0 0 6068
2017-04-10 13:59:47 ::1 GET /Expense/AddNewTransaction ExpenseId=1127 51723 - ::1 Mozilla/5.0+(Windows+NT+10.0;+WOW64)+AppleWebKit/537.36+(KHTML,+like+Gecko)+Chrome/56.0.2924.87+Safari/537.36 http://localhost:51723/Expense/AddTransactionToReport?ExpenseId=1127 200 0 0 21853
2017-04-10 13:59:47 ::1 GET /User/GetEmployees - 51723 - ::1 Mozilla/5.0+(Windows+NT+10.0;+WOW64)+AppleWebKit/537.36+(KHTML,+like+Gecko)+Chrome/56.0.2924.87+Safari/537.36 http://localhost:51723/Expense/AddTransactionToReport?ExpenseId=1127 200 0 0 386
2017-04-10 13:59:47 ::1 GET /PayMethod/GetPayMethodIsReimbursable MethodId=2 51723 - ::1 Mozilla/5.0+(Windows+NT+10.0;+WOW64)+AppleWebKit/537.36+(KHTML,+like+Gecko)+Chrome/56.0.2924.87+Safari/537.36 http://localhost:51723/Expense/AddTransactionToReport?ExpenseId=1127 200 0 0 619
2017-04-10 13:59:53 ::1 GET /Expense/GetViolationReasonsList/ ExpenseTypeId=481 51723 - ::1 Mozilla/5.0+(Windows+NT+10.0;+WOW64)+AppleWebKit/537.36+(KHTML,+like+Gecko)+Chrome/56.0.2924.87+Safari/537.36 http://localhost:51723/Expense/AddTransactionToReport?ExpenseId=1127 200 0 0 427
2017-04-10 13:59:56 ::1 GET /AjaxCall/FindAndApplyCodeCombinationRule/ ProjectId=undefined&ExpenseTypeId=481&ExpenseDate=4/10/2017 51723 - ::1 Mozilla/5.0+(Windows+NT+10.0;+WOW64)+AppleWebKit/537.36+(KHTML,+like+Gecko)+Chrome/56.0.2924.87+Safari/537.36 http://localhost:51723/Expense/AddTransactionToReport?ExpenseId=1127 200 0 0 2746
2017-04-10 13:59:56 ::1 GET /Expense/GetReceiptViolationReasonsList/ ExpenseTypeId=481 51723 - ::1 Mozilla/5.0+(Windows+NT+10.0;+WOW64)+AppleWebKit/537.36+(KHTML,+like+Gecko)+Chrome/56.0.2924.87+Safari/537.36 http://localhost:51723/Expense/AddTransactionToReport?ExpenseId=1127 200 0 0 3289
2017-04-10 13:59:56 ::1 GET /ExpenseDetail/GetExpenseTypePolicyAmount ExpenseTypeId=481 51723 - ::1 Mozilla/5.0+(Windows+NT+10.0;+WOW64)+AppleWebKit/537.36+(KHTML,+like+Gecko)+Chrome/56.0.2924.87+Safari/537.36 http://localhost:51723/Expense/AddTransactionToReport?ExpenseId=1127 200 0 0 3468
2017-04-10 13:59:56 ::1 GET /ExpenseDetail/GetCurrencyRate currencyId=168&transactionDate=4/10/2017 51723 - ::1 Mozilla/5.0+(Windows+NT+10.0;+WOW64)+AppleWebKit/537.36+(KHTML,+like+Gecko)+Chrome/56.0.2924.87+Safari/537.36 http://localhost:51723/Expense/AddTransactionToReport?ExpenseId=1127 200 0 0 145
2017-04-10 13:59:57 ::1 GET /AjaxCall/GetReferenceList/ - 51723 - ::1 Mozilla/5.0+(Windows+NT+10.0;+WOW64)+AppleWebKit/537.36+(KHTML,+like+Gecko)+Chrome/56.0.2924.87+Safari/537.36 http://localhost:51723/Expense/AddTransactionToReport?ExpenseId=1127 200 0 0 1069
2017-04-10 13:59:57 ::1 GET /AjaxCall/GetBusinessActivityList/ - 51723 - ::1 Mozilla/5.0+(Windows+NT+10.0;+WOW64)+AppleWebKit/537.36+(KHTML,+like+Gecko)+Chrome/56.0.2924.87+Safari/537.36 http://localhost:51723/Expense/AddTransactionToReport?ExpenseId=1127 200 0 0 1430
2017-04-10 13:59:59 ::1 GET /ExpenseDetail/GetMileageRate transactionDate=4/7/2017&UserId=277 51723 - ::1 Mozilla/5.0+(Windows+NT+10.0;+WOW64)+AppleWebKit/537.36+(KHTML,+like+Gecko)+Chrome/56.0.2924.87+Safari/537.36 http://localhost:51723/Expense/AddTransactionToReport?ExpenseId=1127 200 0 0 170
2017-04-10 13:59:59 ::1 GET /ExpenseDetail/GetCurrencyRate currencyId=168&transactionDate=4/7/2017 51723 - ::1 Mozilla/5.0+(Windows+NT+10.0;+WOW64)+AppleWebKit/537.36+(KHTML,+like+Gecko)+Chrome/56.0.2924.87+Safari/537.36 http://localhost:51723/Expense/AddTransactionToReport?ExpenseId=1127 200 0 0 103
2017-04-10 14:01:42 ::1 POST /Expense/AddNewTransaction - 51723 - ::1 Mozilla/5.0+(Windows+NT+10.0;+WOW64)+AppleWebKit/537.36+(KHTML,+like+Gecko)+Chrome/56.0.2924.87+Safari/537.36 http://localhost:51723/Expense/AddTransactionToReport?ExpenseId=1127 302 0 0 49681
2017-04-10 14:01:46 ::1 GET /Expense/AddTransactionToReport ExpenseId=1127 51723 - ::1 Mozilla/5.0+(Windows+NT+10.0;+WOW64)+AppleWebKit/537.36+(KHTML,+like+Gecko)+Chrome/56.0.2924.87+Safari/537.36 http://localhost:51723/Expense/AddTransactionToReport?ExpenseId=1127 200 0 0 4807
2017-04-10 14:01:46 ::1 GET /TravelType/IsSubTravelCashAdvanced TravelTypeId=17 51723 - ::1 Mozilla/5.0+(Windows+NT+10.0;+WOW64)+AppleWebKit/537.36+(KHTML,+like+Gecko)+Chrome/56.0.2924.87+Safari/537.36 http://localhost:51723/Expense/AddTransactionToReport?ExpenseId=1127 200 0 0 166
2017-04-10 14:01:46 ::1 GET /__browserLink/requestData/c8d5e35e187e40d7a802a2fdcd3a940f version=2 51723 - ::1 Mozilla/5.0+(Windows+NT+10.0;+WOW64)+AppleWebKit/537.36+(KHTML,+like+Gecko)+Chrome/56.0.2924.87+Safari/537.36 http://localhost:51723/Expense/AddTransactionToReport?ExpenseId=1127 200 0 0 35
2017-04-10 14:01:51 ::1 GET /Expense/PrepareExpenseApprovalProgressBar/ ExpenseId=1127&UserId=277&_=1491832907416 51723 - ::1 Mozilla/5.0+(Windows+NT+10.0;+WOW64)+AppleWebKit/537.36+(KHTML,+like+Gecko)+Chrome/56.0.2924.87+Safari/537.36 http://localhost:51723/Expense/AddTransactionToReport?ExpenseId=1127 200 0 0 3877
2017-04-10 14:01:51 ::1 GET /Expense/GetTravelTypeHeaderMapping TravelTypeId=17 51723 - ::1 Mozilla/5.0+(Windows+NT+10.0;+WOW64)+AppleWebKit/537.36+(KHTML,+like+Gecko)+Chrome/56.0.2924.87+Safari/537.36 http://localhost:51723/Expense/AddTransactionToReport?ExpenseId=1127 200 0 0 4445
2017-04-10 14:02:33 ::1 GET /ExpenseDetail/DisplayReceipt ExpenseDetailId=11623&_=1491832915979 51723 - ::1 Mozilla/5.0+(Windows+NT+10.0;+WOW64)+AppleWebKit/537.36+(KHTML,+like+Gecko)+Chrome/56.0.2924.87+Safari/537.36 http://localhost:51723/Expense/AddTransactionToReport?ExpenseId=1127 200 0 0 38000
2017-04-10 14:02:33 ::1 GET /css/displayreceipt-css v=JFCQ7nhC5vdHG-j8zcKZ5EKoJ5APArU35BEMxZa96js1 51723 - ::1 Mozilla/5.0+(Windows+NT+10.0;+WOW64)+AppleWebKit/537.36+(KHTML,+like+Gecko)+Chrome/56.0.2924.87+Safari/537.36 http://localhost:51723/Expense/AddTransactionToReport?ExpenseId=1127 200 0 0 45
2017-04-10 14:02:33 ::1 GET /Scripts/displayreceipt-js v=2AlxdAYRlyg_4qrIwaOxfz6Y81AbcAqGH-bMVM7WxRg1&_=1491832953993 51723 - ::1 Mozilla/5.0+(Windows+NT+10.0;+WOW64)+AppleWebKit/537.36+(KHTML,+like+Gecko)+Chrome/56.0.2924.87+Safari/537.36 http://localhost:51723/Expense/AddTransactionToReport?ExpenseId=1127 200 0 0 50
