#Software: Microsoft Internet Information Services 8.0
#Version: 1.0
#Date: 2017-03-09 13:11:07
#Fields: date time s-ip cs-method cs-uri-stem cs-uri-query s-port cs-username c-ip cs(User-Agent) cs(Referer) sc-status sc-substatus sc-win32-status time-taken
2017-03-09 13:11:07 ::1 GET / - 3315 - ::1 Mozilla/5.0+(Windows+NT+10.0;+WOW64)+AppleWebKit/537.36+(KHTML,+like+Gecko)+Chrome/56.0.2924.87+Safari/537.36 - 500 0 0 14492
2017-03-09 13:11:21 ::1 GET /account/ - 3315 - ::1 Mozilla/5.0+(Windows+NT+10.0;+WOW64)+AppleWebKit/537.36+(KHTML,+like+Gecko)+Chrome/56.0.2924.87+Safari/537.36 - 404 0 0 82
2017-03-09 13:11:46 ::1 GET /home/index - 3315 - ::1 Mozilla/5.0+(Windows+NT+10.0;+WOW64)+AppleWebKit/537.36+(KHTML,+like+Gecko)+Chrome/56.0.2924.87+Safari/537.36 - 500 0 0 7773
2017-03-09 13:13:10 ::1 GET /home/index - 3315 - ::1 Mozilla/5.0+(Windows+NT+10.0;+WOW64)+AppleWebKit/537.36+(KHTML,+like+Gecko)+Chrome/56.0.2924.87+Safari/537.36 - 500 0 0 5702
2017-03-09 13:13:10 ::1 GET /favicon.ico - 3315 - ::1 Mozilla/5.0+(Windows+NT+10.0;+WOW64)+AppleWebKit/537.36+(KHTML,+like+Gecko)+Chrome/56.0.2924.87+Safari/537.36 http://localhost:3315/home/index 200 0 0 50
2017-03-09 13:13:15 ::1 GET /account/login - 3315 - ::1 Mozilla/5.0+(Windows+NT+10.0;+WOW64)+AppleWebKit/537.36+(KHTML,+like+Gecko)+Chrome/56.0.2924.87+Safari/537.36 - 200 0 64 19939
2017-03-09 13:13:21 ::1 GET /Account/Login - 3315 - ::1 Mozilla/5.0+(Windows+NT+10.0;+WOW64)+AppleWebKit/537.36+(KHTML,+like+Gecko)+Chrome/56.0.2924.87+Safari/537.36 - 200 0 0 262
2017-03-09 13:13:22 ::1 GET /__browserLink/requestData/bfdde51f20e7423babe2151ab6aee893 version=2 3315 - ::1 Mozilla/5.0+(Windows+NT+10.0;+WOW64)+AppleWebKit/537.36+(KHTML,+like+Gecko)+Chrome/56.0.2924.87+Safari/537.36 http://localhost:3315/Account/Login 200 0 0 56
2017-03-09 13:14:16 ::1 POST /Account/Login - 3315 - ::1 Mozilla/5.0+(Windows+NT+10.0;+WOW64)+AppleWebKit/537.36+(KHTML,+like+Gecko)+Chrome/56.0.2924.87+Safari/537.36 http://localhost:3315/Account/Login 200 0 0 32705
2017-03-09 13:14:16 ::1 GET /__browserLink/requestData/2193661883c440b8b364dec77d7a2764 version=2 3315 - ::1 Mozilla/5.0+(Windows+NT+10.0;+WOW64)+AppleWebKit/537.36+(KHTML,+like+Gecko)+Chrome/56.0.2924.87+Safari/537.36 http://localhost:3315/Account/Login 200 0 0 7
#Software: Microsoft Internet Information Services 8.0
#Version: 1.0
#Date: 2017-03-09 13:52:06
#Fields: date time s-ip cs-method cs-uri-stem cs-uri-query s-port cs-username c-ip cs(User-Agent) cs(Referer) sc-status sc-substatus sc-win32-status time-taken
2017-03-09 13:52:06 ::1 GET / - 3315 - ::1 Mozilla/5.0+(Windows+NT+10.0;+WOW64)+AppleWebKit/537.36+(KHTML,+like+Gecko)+Chrome/56.0.2924.87+Safari/537.36 - 500 0 0 23759
#Software: Microsoft Internet Information Services 8.0
#Version: 1.0
#Date: 2017-03-09 13:54:50
#Fields: date time s-ip cs-method cs-uri-stem cs-uri-query s-port cs-username c-ip cs(User-Agent) cs(Referer) sc-status sc-substatus sc-win32-status time-taken
2017-03-09 13:54:50 ::1 GET / - 3315 - ::1 Mozilla/5.0+(Windows+NT+10.0;+WOW64)+AppleWebKit/537.36+(KHTML,+like+Gecko)+Chrome/56.0.2924.87+Safari/537.36 - 500 0 0 33600
#Software: Microsoft Internet Information Services 8.0
#Version: 1.0
#Date: 2017-03-09 14:01:11
#Fields: date time s-ip cs-method cs-uri-stem cs-uri-query s-port cs-username c-ip cs(User-Agent) cs(Referer) sc-status sc-substatus sc-win32-status time-taken
2017-03-09 14:01:11 ::1 GET / - 3315 - ::1 Mozilla/5.0+(Windows+NT+10.0;+WOW64)+AppleWebKit/537.36+(KHTML,+like+Gecko)+Chrome/56.0.2924.87+Safari/537.36 - 500 0 0 37647
#Software: Microsoft Internet Information Services 8.0
#Version: 1.0
#Date: 2017-03-09 14:02:36
#Fields: date time s-ip cs-method cs-uri-stem cs-uri-query s-port cs-username c-ip cs(User-Agent) cs(Referer) sc-status sc-substatus sc-win32-status time-taken
2017-03-09 14:02:36 ::1 GET / - 3315 - ::1 Mozilla/5.0+(Windows+NT+10.0;+WOW64)+AppleWebKit/537.36+(KHTML,+like+Gecko)+Chrome/56.0.2924.87+Safari/537.36 - 500 0 0 26134
2017-03-09 14:02:53 ::1 GET /Account/Login - 3315 - ::1 Mozilla/5.0+(Windows+NT+10.0;+WOW64)+AppleWebKit/537.36+(KHTML,+like+Gecko)+Chrome/56.0.2924.87+Safari/537.36 - 200 0 0 10540
2017-03-09 14:02:57 ::1 GET /__browserLink/requestData/9fd877cc9793442d8b106b891398f7bb version=2 3315 - ::1 Mozilla/5.0+(Windows+NT+10.0;+WOW64)+AppleWebKit/537.36+(KHTML,+like+Gecko)+Chrome/56.0.2924.87+Safari/537.36 http://localhost:3315/Account/Login 200 0 0 180
2017-03-09 14:03:35 ::1 POST /Account/Login - 3315 - ::1 Mozilla/5.0+(Windows+NT+10.0;+WOW64)+AppleWebKit/537.36+(KHTML,+like+Gecko)+Chrome/56.0.2924.87+Safari/537.36 http://localhost:3315/Account/Login 200 0 0 16835
2017-03-09 14:03:35 ::1 GET /__browserLink/requestData/1874d93dbb2f4ed8866836d202f91ab3 version=2 3315 - ::1 Mozilla/5.0+(Windows+NT+10.0;+WOW64)+AppleWebKit/537.36+(KHTML,+like+Gecko)+Chrome/56.0.2924.87+Safari/537.36 http://localhost:3315/Account/Login 200 0 0 17
