#Software: Microsoft Internet Information Services 8.0
#Version: 1.0
#Date: 2017-01-12 08:23:07
#Fields: date time s-ip cs-method cs-uri-stem cs-uri-query s-port cs-username c-ip cs(User-Agent) cs(Referer) sc-status sc-substatus sc-win32-status time-taken
2017-01-12 08:23:07 ::1 GET / - 3315 - ::1 Mozilla/5.0+(Windows+NT+10.0;+WOW64)+AppleWebKit/537.36+(KHTML,+like+Gecko)+Chrome/55.0.2883.87+Safari/537.36 - 200 0 0 49599
2017-01-12 08:23:07 ::1 GET /Scripts/modernizr-2.6.2.js - 3315 - ::1 Mozilla/5.0+(Windows+NT+10.0;+WOW64)+AppleWebKit/537.36+(KHTML,+like+Gecko)+Chrome/55.0.2883.87+Safari/537.36 http://localhost:3315/ 200 0 0 43
2017-01-12 08:23:07 ::1 GET /Content/site.css - 3315 - ::1 Mozilla/5.0+(Windows+NT+10.0;+WOW64)+AppleWebKit/537.36+(KHTML,+like+Gecko)+Chrome/55.0.2883.87+Safari/537.36 http://localhost:3315/ 200 0 0 50
2017-01-12 08:23:07 ::1 GET /Scripts/jquery-1.8.2.js - 3315 - ::1 Mozilla/5.0+(Windows+NT+10.0;+WOW64)+AppleWebKit/537.36+(KHTML,+like+Gecko)+Chrome/55.0.2883.87+Safari/537.36 http://localhost:3315/ 200 0 0 49
2017-01-12 08:23:07 ::1 GET /Images/heroAccent.png - 3315 - ::1 Mozilla/5.0+(Windows+NT+10.0;+WOW64)+AppleWebKit/537.36+(KHTML,+like+Gecko)+Chrome/55.0.2883.87+Safari/537.36 http://localhost:3315/Content/site.css 200 0 0 4
2017-01-12 08:23:07 ::1 GET /favicon.ico - 3315 - ::1 Mozilla/5.0+(Windows+NT+10.0;+WOW64)+AppleWebKit/537.36+(KHTML,+like+Gecko)+Chrome/55.0.2883.87+Safari/537.36 http://localhost:3315/ 200 0 0 14
2017-01-12 08:23:09 ::1 GET /__browserLink/requestData/6abc5940952b48d3a313de9300e77f83 version=2 3315 - ::1 Mozilla/5.0+(Windows+NT+10.0;+WOW64)+AppleWebKit/537.36+(KHTML,+like+Gecko)+Chrome/55.0.2883.87+Safari/537.36 http://localhost:3315/ 200 0 0 132
#Software: Microsoft Internet Information Services 8.0
#Version: 1.0
#Date: 2017-01-12 10:03:48
#Fields: date time s-ip cs-method cs-uri-stem cs-uri-query s-port cs-username c-ip cs(User-Agent) cs(Referer) sc-status sc-substatus sc-win32-status time-taken
2017-01-12 10:03:48 ::1 GET / - 3315 - ::1 Mozilla/5.0+(Windows+NT+10.0;+WOW64)+AppleWebKit/537.36+(KHTML,+like+Gecko)+Chrome/55.0.2883.87+Safari/537.36 - 200 0 0 26320
2017-01-12 10:03:48 ::1 GET /Content/site.css - 3315 - ::1 Mozilla/5.0+(Windows+NT+10.0;+WOW64)+AppleWebKit/537.36+(KHTML,+like+Gecko)+Chrome/55.0.2883.87+Safari/537.36 http://localhost:3315/ 200 0 0 26
2017-01-12 10:03:48 ::1 GET /Images/heroAccent.png - 3315 - ::1 Mozilla/5.0+(Windows+NT+10.0;+WOW64)+AppleWebKit/537.36+(KHTML,+like+Gecko)+Chrome/55.0.2883.87+Safari/537.36 http://localhost:3315/Content/site.css 200 0 0 3
2017-01-12 10:03:48 ::1 GET /__browserLink/requestData/7d6d2f20d1874f61a4e1aa3a9bb5fe7b version=2 3315 - ::1 Mozilla/5.0+(Windows+NT+10.0;+WOW64)+AppleWebKit/537.36+(KHTML,+like+Gecko)+Chrome/55.0.2883.87+Safari/537.36 http://localhost:3315/ 200 0 0 20
#Software: Microsoft Internet Information Services 8.0
#Version: 1.0
#Date: 2017-01-12 10:04:33
#Fields: date time s-ip cs-method cs-uri-stem cs-uri-query s-port cs-username c-ip cs(User-Agent) cs(Referer) sc-status sc-substatus sc-win32-status time-taken
2017-01-12 10:04:33 ::1 GET / - 3315 - ::1 Mozilla/5.0+(Windows+NT+10.0;+WOW64)+AppleWebKit/537.36+(KHTML,+like+Gecko)+Chrome/55.0.2883.87+Safari/537.36 - 200 0 0 24167
2017-01-12 10:04:33 ::1 GET /__browserLink/requestData/768a8b6c760f49da90271861c3670c21 version=2 3315 - ::1 Mozilla/5.0+(Windows+NT+10.0;+WOW64)+AppleWebKit/537.36+(KHTML,+like+Gecko)+Chrome/55.0.2883.87+Safari/537.36 http://localhost:3315/ 200 0 0 71
#Software: Microsoft Internet Information Services 8.0
#Version: 1.0
#Date: 2017-01-12 10:10:53
#Fields: date time s-ip cs-method cs-uri-stem cs-uri-query s-port cs-username c-ip cs(User-Agent) cs(Referer) sc-status sc-substatus sc-win32-status time-taken
2017-01-12 10:10:53 ::1 GET / - 3315 - ::1 Mozilla/5.0+(Windows+NT+10.0;+WOW64)+AppleWebKit/537.36+(KHTML,+like+Gecko)+Chrome/55.0.2883.87+Safari/537.36 - 500 0 0 13106
#Software: Microsoft Internet Information Services 8.0
#Version: 1.0
#Date: 2017-01-12 12:37:52
#Fields: date time s-ip cs-method cs-uri-stem cs-uri-query s-port cs-username c-ip cs(User-Agent) cs(Referer) sc-status sc-substatus sc-win32-status time-taken
2017-01-12 12:37:52 ::1 GET / - 3315 - ::1 Mozilla/5.0+(Windows+NT+10.0;+WOW64)+AppleWebKit/537.36+(KHTML,+like+Gecko)+Chrome/55.0.2883.87+Safari/537.36 - 200 0 0 19385
2017-01-12 12:37:53 ::1 GET /__browserLink/requestData/db1fde77c6bd433aa9bbd727016f6db2 version=2 3315 - ::1 Mozilla/5.0+(Windows+NT+10.0;+WOW64)+AppleWebKit/537.36+(KHTML,+like+Gecko)+Chrome/55.0.2883.87+Safari/537.36 http://localhost:3315/ 200 0 0 118
2017-01-12 12:38:10 ::1 GET /home/ - 3315 - ::1 Mozilla/5.0+(Windows+NT+10.0;+WOW64)+AppleWebKit/537.36+(KHTML,+like+Gecko)+Chrome/55.0.2883.87+Safari/537.36 - 200 0 0 3508
2017-01-12 12:38:10 ::1 GET /__browserLink/requestData/9f24932b335b453da076531e115cedcc version=2 3315 - ::1 Mozilla/5.0+(Windows+NT+10.0;+WOW64)+AppleWebKit/537.36+(KHTML,+like+Gecko)+Chrome/55.0.2883.87+Safari/537.36 http://localhost:3315/home/ 200 0 0 8
#Software: Microsoft Internet Information Services 8.0
#Version: 1.0
#Date: 2017-01-12 12:58:51
#Fields: date time s-ip cs-method cs-uri-stem cs-uri-query s-port cs-username c-ip cs(User-Agent) cs(Referer) sc-status sc-substatus sc-win32-status time-taken
2017-01-12 12:58:51 ::1 GET / - 3315 - ::1 Mozilla/5.0+(Windows+NT+10.0;+WOW64)+AppleWebKit/537.36+(KHTML,+like+Gecko)+Chrome/55.0.2883.87+Safari/537.36 - 200 0 0 40467
2017-01-12 12:58:51 ::1 GET /__browserLink/requestData/632ed055a68a4270ace77da1dfa89658 version=2 3315 - ::1 Mozilla/5.0+(Windows+NT+10.0;+WOW64)+AppleWebKit/537.36+(KHTML,+like+Gecko)+Chrome/55.0.2883.87+Safari/537.36 http://localhost:3315/ 200 0 0 34
