#Software: Microsoft Internet Information Services 8.0
#Version: 1.0
#Date: 2017-03-20 16:37:50
#Fields: date time s-ip cs-method cs-uri-stem cs-uri-query s-port cs-username c-ip cs(User-Agent) cs(Referer) sc-status sc-substatus sc-win32-status time-taken
2017-03-20 16:37:50 ::1 GET / - 3315 - ::1 Mozilla/5.0+(Windows+NT+10.0;+WOW64)+AppleWebKit/537.36+(KHTML,+like+Gecko)+Chrome/56.0.2924.87+Safari/537.36 - 500 0 0 58775
2017-03-20 16:37:50 ::1 GET /favicon.ico - 3315 - ::1 Mozilla/5.0+(Windows+NT+10.0;+WOW64)+AppleWebKit/537.36+(KHTML,+like+Gecko)+Chrome/56.0.2924.87+Safari/537.36 http://localhost:3315/ 200 0 0 188
#Software: Microsoft Internet Information Services 8.0
#Version: 1.0
#Date: 2017-03-20 16:41:06
#Fields: date time s-ip cs-method cs-uri-stem cs-uri-query s-port cs-username c-ip cs(User-Agent) cs(Referer) sc-status sc-substatus sc-win32-status time-taken
2017-03-20 16:41:06 ::1 GET / - 3315 - ::1 Mozilla/5.0+(Windows+NT+10.0;+WOW64)+AppleWebKit/537.36+(KHTML,+like+Gecko)+Chrome/56.0.2924.87+Safari/537.36 - 200 0 0 63631
2017-03-20 16:41:06 ::1 GET /Scripts/modernizr-2.6.2.js - 3315 - ::1 Mozilla/5.0+(Windows+NT+10.0;+WOW64)+AppleWebKit/537.36+(KHTML,+like+Gecko)+Chrome/56.0.2924.87+Safari/537.36 http://localhost:3315/ 200 0 0 11
2017-03-20 16:41:06 ::1 GET /Content/site.css - 3315 - ::1 Mozilla/5.0+(Windows+NT+10.0;+WOW64)+AppleWebKit/537.36+(KHTML,+like+Gecko)+Chrome/56.0.2924.87+Safari/537.36 http://localhost:3315/ 200 0 0 12
2017-03-20 16:41:06 ::1 GET /Scripts/jquery-1.8.2.js - 3315 - ::1 Mozilla/5.0+(Windows+NT+10.0;+WOW64)+AppleWebKit/537.36+(KHTML,+like+Gecko)+Chrome/56.0.2924.87+Safari/537.36 http://localhost:3315/ 200 0 0 56
2017-03-20 16:41:07 ::1 GET /Images/heroAccent.png - 3315 - ::1 Mozilla/5.0+(Windows+NT+10.0;+WOW64)+AppleWebKit/537.36+(KHTML,+like+Gecko)+Chrome/56.0.2924.87+Safari/537.36 http://localhost:3315/Content/site.css 200 0 0 6
2017-03-20 16:41:11 ::1 GET /__browserLink/requestData/4e2cf02c104d4833b446a3bf6c3ec390 version=2 3315 - ::1 Mozilla/5.0+(Windows+NT+10.0;+WOW64)+AppleWebKit/537.36+(KHTML,+like+Gecko)+Chrome/56.0.2924.87+Safari/537.36 http://localhost:3315/ 200 0 0 323
#Software: Microsoft Internet Information Services 8.0
#Version: 1.0
#Date: 2017-03-20 16:46:59
#Fields: date time s-ip cs-method cs-uri-stem cs-uri-query s-port cs-username c-ip cs(User-Agent) cs(Referer) sc-status sc-substatus sc-win32-status time-taken
2017-03-20 16:46:59 ::1 GET / - 3315 - ::1 Mozilla/5.0+(Windows+NT+10.0;+WOW64)+AppleWebKit/537.36+(KHTML,+like+Gecko)+Chrome/56.0.2924.87+Safari/537.36 - 500 0 0 75908
#Software: Microsoft Internet Information Services 8.0
#Version: 1.0
#Date: 2017-03-20 16:48:05
#Fields: date time s-ip cs-method cs-uri-stem cs-uri-query s-port cs-username c-ip cs(User-Agent) cs(Referer) sc-status sc-substatus sc-win32-status time-taken
2017-03-20 16:48:05 ::1 GET / - 3315 - ::1 Mozilla/5.0+(Windows+NT+10.0;+WOW64)+AppleWebKit/537.36+(KHTML,+like+Gecko)+Chrome/56.0.2924.87+Safari/537.36 - 500 0 0 19564
