#Software: Microsoft Internet Information Services 8.0
#Version: 1.0
#Date: 2017-07-04 09:10:19
#Fields: date time s-ip cs-method cs-uri-stem cs-uri-query s-port cs-username c-ip cs(User-Agent) cs(Referer) sc-status sc-substatus sc-win32-status time-taken
2017-07-04 09:10:19 ::1 GET / - 44302 - ::1 Mozilla/5.0+(Windows+NT+10.0;+Win64;+x64)+AppleWebKit/537.36+(KHTML,+like+Gecko)+Chrome/59.0.3071.115+Safari/537.36 - 200 0 0 170112
2017-07-04 09:10:19 ::1 GET /Scripts/modernizr-2.8.3.js - 44302 - ::1 Mozilla/5.0+(Windows+NT+10.0;+Win64;+x64)+AppleWebKit/537.36+(KHTML,+like+Gecko)+Chrome/59.0.3071.115+Safari/537.36 http://localhost:44302/ 304 0 0 20
2017-07-04 09:10:19 ::1 GET /Content/bootstrap.css - 44302 - ::1 Mozilla/5.0+(Windows+NT+10.0;+Win64;+x64)+AppleWebKit/537.36+(KHTML,+like+Gecko)+Chrome/59.0.3071.115+Safari/537.36 http://localhost:44302/ 304 0 0 21
2017-07-04 09:10:19 ::1 GET /Content/site.css - 44302 - ::1 Mozilla/5.0+(Windows+NT+10.0;+Win64;+x64)+AppleWebKit/537.36+(KHTML,+like+Gecko)+Chrome/59.0.3071.115+Safari/537.36 http://localhost:44302/ 304 0 0 21
2017-07-04 09:10:19 ::1 GET /Scripts/jquery-2.1.1.js - 44302 - ::1 Mozilla/5.0+(Windows+NT+10.0;+Win64;+x64)+AppleWebKit/537.36+(KHTML,+like+Gecko)+Chrome/59.0.3071.115+Safari/537.36 http://localhost:44302/ 304 0 0 25
2017-07-04 09:10:19 ::1 GET /Scripts/respond.js - 44302 - ::1 Mozilla/5.0+(Windows+NT+10.0;+Win64;+x64)+AppleWebKit/537.36+(KHTML,+like+Gecko)+Chrome/59.0.3071.115+Safari/537.36 http://localhost:44302/ 304 0 0 26
2017-07-04 09:10:19 ::1 GET /Scripts/bootstrap.js - 44302 - ::1 Mozilla/5.0+(Windows+NT+10.0;+Win64;+x64)+AppleWebKit/537.36+(KHTML,+like+Gecko)+Chrome/59.0.3071.115+Safari/537.36 http://localhost:44302/ 304 0 0 30
2017-07-04 09:10:20 ::1 GET /__browserLink/requestData/1b82bae00dca4df28270c0f5c3441afa version=2 44302 - ::1 Mozilla/5.0+(Windows+NT+10.0;+Win64;+x64)+AppleWebKit/537.36+(KHTML,+like+Gecko)+Chrome/59.0.3071.115+Safari/537.36 http://localhost:44302/ 200 0 0 59
2017-07-04 09:10:41 ::1 GET /Account/SignIn - 44302 - ::1 Mozilla/5.0+(Windows+NT+10.0;+Win64;+x64)+AppleWebKit/537.36+(KHTML,+like+Gecko)+Chrome/59.0.3071.115+Safari/537.36 http://localhost:44302/ 302 0 0 1367
2017-07-04 09:11:42 ::1 POST / - 44302 - ::1 Mozilla/5.0+(Windows+NT+10.0;+Win64;+x64)+AppleWebKit/537.36+(KHTML,+like+Gecko)+Chrome/59.0.3071.115+Safari/537.36 - 302 0 0 11720
2017-07-04 09:11:42 ::1 GET / - 44302 ganesh.kumbhar@gorillaexpense.com ::1 Mozilla/5.0+(Windows+NT+10.0;+Win64;+x64)+AppleWebKit/537.36+(KHTML,+like+Gecko)+Chrome/59.0.3071.115+Safari/537.36 - 200 0 0 210
2017-07-04 09:11:42 ::1 GET /__browserLink/requestData/fb071005cc1e46968aa39107a1280d7e version=2 44302 ganesh.kumbhar@gorillaexpense.com ::1 Mozilla/5.0+(Windows+NT+10.0;+Win64;+x64)+AppleWebKit/537.36+(KHTML,+like+Gecko)+Chrome/59.0.3071.115+Safari/537.36 http://localhost:44302/ 200 0 0 15
#Software: Microsoft Internet Information Services 8.0
#Version: 1.0
#Date: 2017-07-04 09:17:29
#Fields: date time s-ip cs-method cs-uri-stem cs-uri-query s-port cs-username c-ip cs(User-Agent) cs(Referer) sc-status sc-substatus sc-win32-status time-taken
2017-07-04 09:17:29 ::1 GET / - 44302 ganesh.kumbhar@gorillaexpense.com ::1 Mozilla/5.0+(Windows+NT+10.0;+Win64;+x64)+AppleWebKit/537.36+(KHTML,+like+Gecko)+Chrome/59.0.3071.115+Safari/537.36 - 200 0 0 52327
2017-07-04 09:17:29 ::1 GET /__browserLink/requestData/828c778a49f7419cbf27397a94dbf2e8 version=2 44302 ganesh.kumbhar@gorillaexpense.com ::1 Mozilla/5.0+(Windows+NT+10.0;+Win64;+x64)+AppleWebKit/537.36+(KHTML,+like+Gecko)+Chrome/59.0.3071.115+Safari/537.36 http://localhost:44302/ 200 0 0 140
#Software: Microsoft Internet Information Services 8.0
#Version: 1.0
#Date: 2017-07-04 11:52:53
#Fields: date time s-ip cs-method cs-uri-stem cs-uri-query s-port cs-username c-ip cs(User-Agent) cs(Referer) sc-status sc-substatus sc-win32-status time-taken
2017-07-04 11:52:53 ::1 GET / - 44302 - ::1 Mozilla/5.0+(Windows+NT+10.0;+Win64;+x64)+AppleWebKit/537.36+(KHTML,+like+Gecko)+Chrome/59.0.3071.115+Safari/537.36 - 200 0 0 33913
2017-07-04 11:52:53 ::1 GET /__browserLink/requestData/cb30e367fd884f008316a1c0439809e2 version=2 44302 - ::1 Mozilla/5.0+(Windows+NT+10.0;+Win64;+x64)+AppleWebKit/537.36+(KHTML,+like+Gecko)+Chrome/59.0.3071.115+Safari/537.36 http://localhost:44302/ 200 0 0 24
2017-07-04 11:52:58 ::1 GET /Account/SignIn - 44302 - ::1 Mozilla/5.0+(Windows+NT+10.0;+Win64;+x64)+AppleWebKit/537.36+(KHTML,+like+Gecko)+Chrome/59.0.3071.115+Safari/537.36 http://localhost:44302/ 302 0 0 1670
2017-07-04 11:53:05 ::1 POST / - 44302 - ::1 Mozilla/5.0+(Windows+NT+10.0;+Win64;+x64)+AppleWebKit/537.36+(KHTML,+like+Gecko)+Chrome/59.0.3071.115+Safari/537.36 - 302 0 0 5358
2017-07-04 11:53:05 ::1 GET / - 44302 ganesh.kumbhar@gorillaexpense.com ::1 Mozilla/5.0+(Windows+NT+10.0;+Win64;+x64)+AppleWebKit/537.36+(KHTML,+like+Gecko)+Chrome/59.0.3071.115+Safari/537.36 - 200 0 0 62
2017-07-04 11:53:05 ::1 GET /__browserLink/requestData/b87cb99093c54cf78b66dfd8448bbb88 version=2 44302 ganesh.kumbhar@gorillaexpense.com ::1 Mozilla/5.0+(Windows+NT+10.0;+Win64;+x64)+AppleWebKit/537.36+(KHTML,+like+Gecko)+Chrome/59.0.3071.115+Safari/537.36 http://localhost:44302/ 200 0 0 7
2017-07-04 11:53:08 ::1 GET /Account/SignOut - 44302 ganesh.kumbhar@gorillaexpense.com ::1 Mozilla/5.0+(Windows+NT+10.0;+Win64;+x64)+AppleWebKit/537.36+(KHTML,+like+Gecko)+Chrome/59.0.3071.115+Safari/537.36 http://localhost:44302/ 302 0 0 18
2017-07-04 11:53:16 ::1 GET / - 44302 - ::1 Mozilla/5.0+(Windows+NT+10.0;+Win64;+x64)+AppleWebKit/537.36+(KHTML,+like+Gecko)+Chrome/59.0.3071.115+Safari/537.36 - 200 0 0 7
2017-07-04 11:53:16 ::1 GET /__browserLink/requestData/eb0f2aca308b4b2cb5160232c94da292 version=2 44302 - ::1 Mozilla/5.0+(Windows+NT+10.0;+Win64;+x64)+AppleWebKit/537.36+(KHTML,+like+Gecko)+Chrome/59.0.3071.115+Safari/537.36 http://localhost:44302/ 200 0 0 14
2017-07-04 11:53:21 ::1 GET /Account/SignIn - 44302 - ::1 Mozilla/5.0+(Windows+NT+10.0;+Win64;+x64)+AppleWebKit/537.36+(KHTML,+like+Gecko)+Chrome/59.0.3071.115+Safari/537.36 http://localhost:44302/ 302 0 0 15
2017-07-04 11:54:20 ::1 POST / - 44302 - ::1 Mozilla/5.0+(Windows+NT+10.0;+Win64;+x64)+AppleWebKit/537.36+(KHTML,+like+Gecko)+Chrome/59.0.3071.115+Safari/537.36 - 200 0 0 35
2017-07-04 11:54:20 ::1 GET /__browserLink/requestData/9bcf905f309a466e8d6e8a60519be79e version=2 44302 - ::1 Mozilla/5.0+(Windows+NT+10.0;+Win64;+x64)+AppleWebKit/537.36+(KHTML,+like+Gecko)+Chrome/59.0.3071.115+Safari/537.36 http://localhost:44302/ 200 0 0 9
2017-07-04 11:54:25 ::1 GET /Onboarding/SignUp - 44302 - ::1 Mozilla/5.0+(Windows+NT+10.0;+Win64;+x64)+AppleWebKit/537.36+(KHTML,+like+Gecko)+Chrome/59.0.3071.115+Safari/537.36 http://localhost:44302/ 200 0 0 410
2017-07-04 11:54:25 ::1 GET /bundles/jqueryval - 44302 - ::1 Mozilla/5.0+(Windows+NT+10.0;+Win64;+x64)+AppleWebKit/537.36+(KHTML,+like+Gecko)+Chrome/59.0.3071.115+Safari/537.36 http://localhost:44302/Onboarding/SignUp 404 0 0 312
2017-07-04 11:54:25 ::1 GET /__browserLink/requestData/45f98c0d919e4d188cb1200ad89df319 version=2 44302 - ::1 Mozilla/5.0+(Windows+NT+10.0;+Win64;+x64)+AppleWebKit/537.36+(KHTML,+like+Gecko)+Chrome/59.0.3071.115+Safari/537.36 http://localhost:44302/Onboarding/SignUp 200 0 0 7
2017-07-04 11:54:32 ::1 POST /Onboarding/SignUp - 44302 - ::1 Mozilla/5.0+(Windows+NT+10.0;+Win64;+x64)+AppleWebKit/537.36+(KHTML,+like+Gecko)+Chrome/59.0.3071.115+Safari/537.36 http://localhost:44302/Onboarding/SignUp 302 0 0 2934
2017-07-04 11:55:17 ::1 GET /Onboarding/ProcessCode code=AQABAAIAAABnfiG-mA6NTae7CdWW7QfdY_RItMf1vvxE8lzQpnPm6eICJe3aDcpAJpL7nyKaVGKuetACdr1h0GG3DT_2Ww0FZgaxfiAO9578A_4IelM5zKJXHNesS0m5mZwBFhwIvNoKhaAjzPT4ZUe9nYRXQdYWzjTzrV-jpWq1WUqCqfPozDR246taZ857MI5T9OLSnDYjdV0uL7Ttmb4gEnb_77B6W2rwdN6vnZCMi_yK7LQ4-MRmUXe5p_Vr-KEvkGIdrR27Mi-DASMSvKOW2vqDfJ87Uh3aPW_U7WpAa3jLHiCY0IXBsUQz98zlSn8RkDn1IEWVsx03WJrVYMx1jdmyTKtAL3T-c5xPkoQSuncIR4HzF260Xh4-y3sKPkvKPyRfj67h9B4Axh-dkjsxeveWC-uStO-gW2OpdoTMFukFVhlpIZmb1K4cESmdlQTVZNGXY4j-MirjxFJFG1MkL8Hjwfo6-Uoybbtu6Ru0VsWuNFVAGRGs3sj15jvvVN1Qq7zn6xlqQ24zrKx5NyLecUUXBf2wxAqA3hRgXl9QxdVyj-UFakJMD4I3ICmcHQsZa_SjhKBeE1JwTwqpGU0tF3B0id-pIAA&state=e2a4a62e-2e8f-49de-8c18-69c63e096142&session_state=7fc21ea9-1e23-4d28-8503-41129ceeeb3f 44302 - ::1 Mozilla/5.0+(Windows+NT+10.0;+Win64;+x64)+AppleWebKit/537.36+(KHTML,+like+Gecko)+Chrome/59.0.3071.115+Safari/537.36 - 200 0 0 1979
2017-07-04 11:55:17 ::1 GET /__browserLink/requestData/d7163380767642dba45a291eda42f37d version=2 44302 - ::1 Mozilla/5.0+(Windows+NT+10.0;+Win64;+x64)+AppleWebKit/537.36+(KHTML,+like+Gecko)+Chrome/59.0.3071.115+Safari/537.36 http://localhost:44302/Onboarding/ProcessCode?code=AQABAAIAAABnfiG-mA6NTae7CdWW7QfdY_RItMf1vvxE8lzQpnPm6eICJe3aDcpAJpL7nyKaVGKuetACdr1h0GG3DT_2Ww0FZgaxfiAO9578A_4IelM5zKJXHNesS0m5mZwBFhwIvNoKhaAjzPT4ZUe9nYRXQdYWzjTzrV-jpWq1WUqCqfPozDR246taZ857MI5T9OLSnDYjdV0uL7Ttmb4gEnb_77B6W2rwdN6vnZCMi_yK7LQ4-MRmUXe5p_Vr-KEvkGIdrR27Mi-DASMSvKOW2vqDfJ87Uh3aPW_U7WpAa3jLHiCY0IXBsUQz98zlSn8RkDn1IEWVsx03WJrVYMx1jdmyTKtAL3T-c5xPkoQSuncIR4HzF260Xh4-y3sKPkvKPyRfj67h9B4Axh-dkjsxeveWC-uStO-gW2OpdoTMFukFVhlpIZmb1K4cESmdlQTVZNGXY4j-MirjxFJFG1MkL8Hjwfo6-Uoybbtu6Ru0VsWuNFVAGRGs3sj15jvvVN1Qq7zn6xlqQ24zrKx5NyLecUUXBf2wxAqA3hRgXl9QxdVyj-UFakJMD4I3ICmcHQsZa_SjhKBeE1JwTwqpGU0tF3B0id-pIAA&state=e2a4a62e-2e8f-49de-8c18-69c63e096142&session_state=7fc21ea9-1e23-4d28-8503-41129ceeeb3f 200 0 0 6
2017-07-04 11:55:28 ::1 GET / - 44302 - ::1 Mozilla/5.0+(Windows+NT+10.0;+Win64;+x64)+AppleWebKit/537.36+(KHTML,+like+Gecko)+Chrome/59.0.3071.115+Safari/537.36 http://localhost:44302/Onboarding/ProcessCode?code=AQABAAIAAABnfiG-mA6NTae7CdWW7QfdY_RItMf1vvxE8lzQpnPm6eICJe3aDcpAJpL7nyKaVGKuetACdr1h0GG3DT_2Ww0FZgaxfiAO9578A_4IelM5zKJXHNesS0m5mZwBFhwIvNoKhaAjzPT4ZUe9nYRXQdYWzjTzrV-jpWq1WUqCqfPozDR246taZ857MI5T9OLSnDYjdV0uL7Ttmb4gEnb_77B6W2rwdN6vnZCMi_yK7LQ4-MRmUXe5p_Vr-KEvkGIdrR27Mi-DASMSvKOW2vqDfJ87Uh3aPW_U7WpAa3jLHiCY0IXBsUQz98zlSn8RkDn1IEWVsx03WJrVYMx1jdmyTKtAL3T-c5xPkoQSuncIR4HzF260Xh4-y3sKPkvKPyRfj67h9B4Axh-dkjsxeveWC-uStO-gW2OpdoTMFukFVhlpIZmb1K4cESmdlQTVZNGXY4j-MirjxFJFG1MkL8Hjwfo6-Uoybbtu6Ru0VsWuNFVAGRGs3sj15jvvVN1Qq7zn6xlqQ24zrKx5NyLecUUXBf2wxAqA3hRgXl9QxdVyj-UFakJMD4I3ICmcHQsZa_SjhKBeE1JwTwqpGU0tF3B0id-pIAA&state=e2a4a62e-2e8f-49de-8c18-69c63e096142&session_state=7fc21ea9-1e23-4d28-8503-41129ceeeb3f 200 0 0 17
2017-07-04 11:55:28 ::1 GET /__browserLink/requestData/91e70425e4324275919327e831d249a7 version=2 44302 - ::1 Mozilla/5.0+(Windows+NT+10.0;+Win64;+x64)+AppleWebKit/537.36+(KHTML,+like+Gecko)+Chrome/59.0.3071.115+Safari/537.36 http://localhost:44302/ 200 0 0 10
2017-07-04 11:55:33 ::1 GET /Todo - 44302 - ::1 Mozilla/5.0+(Windows+NT+10.0;+Win64;+x64)+AppleWebKit/537.36+(KHTML,+like+Gecko)+Chrome/59.0.3071.115+Safari/537.36 http://localhost:44302/ 302 0 0 17
2017-07-04 11:55:33 ::1 POST / - 44302 - ::1 Mozilla/5.0+(Windows+NT+10.0;+Win64;+x64)+AppleWebKit/537.36+(KHTML,+like+Gecko)+Chrome/59.0.3071.115+Safari/537.36 - 302 0 0 50
2017-07-04 11:55:33 ::1 GET /Todo - 44302 ganesh.kumbhar@gorillaexpense.com ::1 Mozilla/5.0+(Windows+NT+10.0;+Win64;+x64)+AppleWebKit/537.36+(KHTML,+like+Gecko)+Chrome/59.0.3071.115+Safari/537.36 - 200 0 0 222
2017-07-04 11:55:34 ::1 GET /__browserLink/requestData/ce95760b685143dc83e13bf4e73a16a7 version=2 44302 ganesh.kumbhar@gorillaexpense.com ::1 Mozilla/5.0+(Windows+NT+10.0;+Win64;+x64)+AppleWebKit/537.36+(KHTML,+like+Gecko)+Chrome/59.0.3071.115+Safari/537.36 http://localhost:44302/Todo 200 0 0 7
2017-07-04 11:55:41 ::1 GET /Account/Manage - 44302 ganesh.kumbhar@gorillaexpense.com ::1 Mozilla/5.0+(Windows+NT+10.0;+Win64;+x64)+AppleWebKit/537.36+(KHTML,+like+Gecko)+Chrome/59.0.3071.115+Safari/537.36 http://localhost:44302/Todo 404 0 0 42
2017-07-04 11:55:44 ::1 GET /Account/SignOut - 44302 ganesh.kumbhar@gorillaexpense.com ::1 Mozilla/5.0+(Windows+NT+10.0;+Win64;+x64)+AppleWebKit/537.36+(KHTML,+like+Gecko)+Chrome/59.0.3071.115+Safari/537.36 http://localhost:44302/Todo 302 0 0 12
2017-07-04 11:55:51 ::1 GET / - 44302 - ::1 Mozilla/5.0+(Windows+NT+10.0;+Win64;+x64)+AppleWebKit/537.36+(KHTML,+like+Gecko)+Chrome/59.0.3071.115+Safari/537.36 - 200 0 0 37
2017-07-04 11:55:51 ::1 GET /__browserLink/requestData/bc768e6aebfa454696414184141e4abe version=2 44302 - ::1 Mozilla/5.0+(Windows+NT+10.0;+Win64;+x64)+AppleWebKit/537.36+(KHTML,+like+Gecko)+Chrome/59.0.3071.115+Safari/537.36 http://localhost:44302/ 200 0 0 6
2017-07-04 11:55:53 ::1 GET /Account/SignIn - 44302 - ::1 Mozilla/5.0+(Windows+NT+10.0;+Win64;+x64)+AppleWebKit/537.36+(KHTML,+like+Gecko)+Chrome/59.0.3071.115+Safari/537.36 http://localhost:44302/ 302 0 0 13
2017-07-04 11:56:45 ::1 POST / - 44302 - ::1 Mozilla/5.0+(Windows+NT+10.0;+Win64;+x64)+AppleWebKit/537.36+(KHTML,+like+Gecko)+Chrome/59.0.3071.115+Safari/537.36 - 200 0 0 31
2017-07-04 11:56:45 ::1 GET /__browserLink/requestData/e0126c4b4e564f90af36888139a49fad version=2 44302 - ::1 Mozilla/5.0+(Windows+NT+10.0;+Win64;+x64)+AppleWebKit/537.36+(KHTML,+like+Gecko)+Chrome/59.0.3071.115+Safari/537.36 http://localhost:44302/ 200 0 0 7
2017-07-04 11:56:54 ::1 GET /Onboarding/SignUp - 44302 - ::1 Mozilla/5.0+(Windows+NT+10.0;+Win64;+x64)+AppleWebKit/537.36+(KHTML,+like+Gecko)+Chrome/59.0.3071.115+Safari/537.36 http://localhost:44302/ 200 0 0 82
2017-07-04 11:56:54 ::1 GET /bundles/jqueryval - 44302 - ::1 Mozilla/5.0+(Windows+NT+10.0;+Win64;+x64)+AppleWebKit/537.36+(KHTML,+like+Gecko)+Chrome/59.0.3071.115+Safari/537.36 http://localhost:44302/Onboarding/SignUp 404 0 0 72
2017-07-04 11:56:54 ::1 GET /__browserLink/requestData/703db898281f457088fd987e12a04f1e version=2 44302 - ::1 Mozilla/5.0+(Windows+NT+10.0;+Win64;+x64)+AppleWebKit/537.36+(KHTML,+like+Gecko)+Chrome/59.0.3071.115+Safari/537.36 http://localhost:44302/Onboarding/SignUp 200 0 0 15
2017-07-04 11:56:59 ::1 POST /Onboarding/SignUp - 44302 - ::1 Mozilla/5.0+(Windows+NT+10.0;+Win64;+x64)+AppleWebKit/537.36+(KHTML,+like+Gecko)+Chrome/59.0.3071.115+Safari/537.36 http://localhost:44302/Onboarding/SignUp 302 0 0 1536
2017-07-04 11:57:08 ::1 GET /Onboarding/ProcessCode code=AQABAAIAAABnfiG-mA6NTae7CdWW7QfdsxRamDk0Po4SJBR5nWnsSCxEfNG8qcwYPvF6v3Vd0dgEN9AdM_sTl371c5o2ELU09-MT9Sem-IqhjF-Kd87JQy0rgpJc6uVoLpvZs8xJwsDm4I1rGBofY45cdTwwZW_G1fgL6R2tRrrqd53L479tQm-DCHaBYyfpusQ05XRYKtzu9ltog9zE5r8QXdwzN-GDODOP_029KA11nJUbQfWuy_NP3u0_rk4DDx7wCaWeoOqAaF4KNo46e7PeMNAosrqfkt_GPqSyRbU0zCQ7HujTq5SGD5CbvtYf3jGf0yfsqXaeRs3L5UJYE4t-y6_761DFklETs1fvAxjovlYOY2cutzCA5KlXPEP-w4ysaLa-vb_tBl6SRAVpaEXkD212Ry7i2NiGjlI9S5IjV-dxBylGHx-Hzb69nVDIv5wBJx-cmQmYkv-QVLNLRFRVVGeT062uJh4AMwjFlaAZCskYl_cSEGjo_1vKMEG38ZbFxgyxyWFc-auBdGfeuOe-ZPKJ8as9RT20lBTV8EuXgVhF567xgkkkVi157vpUY_7Ws6bY-uH2gW_ebXg0BFA0t0xBZtkvIAA&state=5c6da5b4-6076-4d2d-984a-5d49921f0428&session_state=88706b5e-afe3-492b-ad8b-a3a4c536aea1 44302 - ::1 Mozilla/5.0+(Windows+NT+10.0;+Win64;+x64)+AppleWebKit/537.36+(KHTML,+like+Gecko)+Chrome/59.0.3071.115+Safari/537.36 - 200 0 0 992
2017-07-04 11:57:08 ::1 GET /__browserLink/requestData/a68f6ceda6394f82828242e166bdbedf version=2 44302 - ::1 Mozilla/5.0+(Windows+NT+10.0;+Win64;+x64)+AppleWebKit/537.36+(KHTML,+like+Gecko)+Chrome/59.0.3071.115+Safari/537.36 http://localhost:44302/Onboarding/ProcessCode?code=AQABAAIAAABnfiG-mA6NTae7CdWW7QfdsxRamDk0Po4SJBR5nWnsSCxEfNG8qcwYPvF6v3Vd0dgEN9AdM_sTl371c5o2ELU09-MT9Sem-IqhjF-Kd87JQy0rgpJc6uVoLpvZs8xJwsDm4I1rGBofY45cdTwwZW_G1fgL6R2tRrrqd53L479tQm-DCHaBYyfpusQ05XRYKtzu9ltog9zE5r8QXdwzN-GDODOP_029KA11nJUbQfWuy_NP3u0_rk4DDx7wCaWeoOqAaF4KNo46e7PeMNAosrqfkt_GPqSyRbU0zCQ7HujTq5SGD5CbvtYf3jGf0yfsqXaeRs3L5UJYE4t-y6_761DFklETs1fvAxjovlYOY2cutzCA5KlXPEP-w4ysaLa-vb_tBl6SRAVpaEXkD212Ry7i2NiGjlI9S5IjV-dxBylGHx-Hzb69nVDIv5wBJx-cmQmYkv-QVLNLRFRVVGeT062uJh4AMwjFlaAZCskYl_cSEGjo_1vKMEG38ZbFxgyxyWFc-auBdGfeuOe-ZPKJ8as9RT20lBTV8EuXgVhF567xgkkkVi157vpUY_7Ws6bY-uH2gW_ebXg0BFA0t0xBZtkvIAA&state=5c6da5b4-6076-4d2d-984a-5d49921f0428&session_state=88706b5e-afe3-492b-ad8b-a3a4c536aea1 200 0 0 6
2017-07-04 11:57:11 ::1 GET /Account/SignIn - 44302 - ::1 Mozilla/5.0+(Windows+NT+10.0;+Win64;+x64)+AppleWebKit/537.36+(KHTML,+like+Gecko)+Chrome/59.0.3071.115+Safari/537.36 http://localhost:44302/Onboarding/ProcessCode?code=AQABAAIAAABnfiG-mA6NTae7CdWW7QfdsxRamDk0Po4SJBR5nWnsSCxEfNG8qcwYPvF6v3Vd0dgEN9AdM_sTl371c5o2ELU09-MT9Sem-IqhjF-Kd87JQy0rgpJc6uVoLpvZs8xJwsDm4I1rGBofY45cdTwwZW_G1fgL6R2tRrrqd53L479tQm-DCHaBYyfpusQ05XRYKtzu9ltog9zE5r8QXdwzN-GDODOP_029KA11nJUbQfWuy_NP3u0_rk4DDx7wCaWeoOqAaF4KNo46e7PeMNAosrqfkt_GPqSyRbU0zCQ7HujTq5SGD5CbvtYf3jGf0yfsqXaeRs3L5UJYE4t-y6_761DFklETs1fvAxjovlYOY2cutzCA5KlXPEP-w4ysaLa-vb_tBl6SRAVpaEXkD212Ry7i2NiGjlI9S5IjV-dxBylGHx-Hzb69nVDIv5wBJx-cmQmYkv-QVLNLRFRVVGeT062uJh4AMwjFlaAZCskYl_cSEGjo_1vKMEG38ZbFxgyxyWFc-auBdGfeuOe-ZPKJ8as9RT20lBTV8EuXgVhF567xgkkkVi157vpUY_7Ws6bY-uH2gW_ebXg0BFA0t0xBZtkvIAA&state=5c6da5b4-6076-4d2d-984a-5d49921f0428&session_state=88706b5e-afe3-492b-ad8b-a3a4c536aea1 302 0 0 14
2017-07-04 11:57:11 ::1 POST / - 44302 - ::1 Mozilla/5.0+(Windows+NT+10.0;+Win64;+x64)+AppleWebKit/537.36+(KHTML,+like+Gecko)+Chrome/59.0.3071.115+Safari/537.36 - 302 0 0 46
2017-07-04 11:57:11 ::1 GET / - 44302 ganesh.kumbhar@gorillaexpense.com ::1 Mozilla/5.0+(Windows+NT+10.0;+Win64;+x64)+AppleWebKit/537.36+(KHTML,+like+Gecko)+Chrome/59.0.3071.115+Safari/537.36 - 200 0 0 10
2017-07-04 11:57:11 ::1 GET /__browserLink/requestData/2631f81acba14f27bb4c0caf9ac490a8 version=2 44302 ganesh.kumbhar@gorillaexpense.com ::1 Mozilla/5.0+(Windows+NT+10.0;+Win64;+x64)+AppleWebKit/537.36+(KHTML,+like+Gecko)+Chrome/59.0.3071.115+Safari/537.36 http://localhost:44302/ 200 0 0 7
2017-07-04 11:57:13 ::1 GET /Account/SignOut - 44302 ganesh.kumbhar@gorillaexpense.com ::1 Mozilla/5.0+(Windows+NT+10.0;+Win64;+x64)+AppleWebKit/537.36+(KHTML,+like+Gecko)+Chrome/59.0.3071.115+Safari/537.36 http://localhost:44302/ 302 0 0 20
2017-07-04 11:57:21 ::1 GET / - 44302 - ::1 Mozilla/5.0+(Windows+NT+10.0;+Win64;+x64)+AppleWebKit/537.36+(KHTML,+like+Gecko)+Chrome/59.0.3071.115+Safari/537.36 - 200 0 0 19
2017-07-04 11:57:21 ::1 GET /__browserLink/requestData/2a729bc000424064b993b07a8a949f9c version=2 44302 - ::1 Mozilla/5.0+(Windows+NT+10.0;+Win64;+x64)+AppleWebKit/537.36+(KHTML,+like+Gecko)+Chrome/59.0.3071.115+Safari/537.36 http://localhost:44302/ 200 0 0 23
2017-07-04 11:59:30 ::1 GET /Account/SignIn - 44302 - ::1 Mozilla/5.0+(Windows+NT+10.0;+Win64;+x64)+AppleWebKit/537.36+(KHTML,+like+Gecko)+Chrome/59.0.3071.115+Safari/537.36 http://localhost:44302/ 302 0 0 14
2017-07-04 11:59:30 ::1 POST / - 44302 - ::1 Mozilla/5.0+(Windows+NT+10.0;+Win64;+x64)+AppleWebKit/537.36+(KHTML,+like+Gecko)+Chrome/59.0.3071.115+Safari/537.36 - 302 0 0 53
2017-07-04 11:59:30 ::1 GET / - 44302 ganesh.kumbhar@gorillaexpense.com ::1 Mozilla/5.0+(Windows+NT+10.0;+Win64;+x64)+AppleWebKit/537.36+(KHTML,+like+Gecko)+Chrome/59.0.3071.115+Safari/537.36 - 200 0 0 15
2017-07-04 11:59:31 ::1 GET /__browserLink/requestData/a40867c73085424b819504cd2cf1d273 version=2 44302 ganesh.kumbhar@gorillaexpense.com ::1 Mozilla/5.0+(Windows+NT+10.0;+Win64;+x64)+AppleWebKit/537.36+(KHTML,+like+Gecko)+Chrome/59.0.3071.115+Safari/537.36 http://localhost:44302/ 200 0 0 9
2017-07-04 11:59:33 ::1 GET /Account/SignOut - 44302 ganesh.kumbhar@gorillaexpense.com ::1 Mozilla/5.0+(Windows+NT+10.0;+Win64;+x64)+AppleWebKit/537.36+(KHTML,+like+Gecko)+Chrome/59.0.3071.115+Safari/537.36 http://localhost:44302/ 302 0 0 16
2017-07-04 11:59:40 ::1 GET / - 44302 - ::1 Mozilla/5.0+(Windows+NT+10.0;+Win64;+x64)+AppleWebKit/537.36+(KHTML,+like+Gecko)+Chrome/59.0.3071.115+Safari/537.36 - 200 0 0 17
2017-07-04 11:59:40 ::1 GET /__browserLink/requestData/c6f6193ca49248eab21eab24f3fda860 version=2 44302 - ::1 Mozilla/5.0+(Windows+NT+10.0;+Win64;+x64)+AppleWebKit/537.36+(KHTML,+like+Gecko)+Chrome/59.0.3071.115+Safari/537.36 http://localhost:44302/ 200 0 0 11
2017-07-04 11:59:41 ::1 GET /Account/SignIn - 44302 - ::1 Mozilla/5.0+(Windows+NT+10.0;+Win64;+x64)+AppleWebKit/537.36+(KHTML,+like+Gecko)+Chrome/59.0.3071.115+Safari/537.36 http://localhost:44302/ 302 0 0 10
2017-07-04 11:59:46 ::1 POST / - 44302 - ::1 Mozilla/5.0+(Windows+NT+10.0;+Win64;+x64)+AppleWebKit/537.36+(KHTML,+like+Gecko)+Chrome/59.0.3071.115+Safari/537.36 - 302 0 0 52
2017-07-04 11:59:46 ::1 GET / - 44302 ganesh.kumbhar@gorillaexpense.com ::1 Mozilla/5.0+(Windows+NT+10.0;+Win64;+x64)+AppleWebKit/537.36+(KHTML,+like+Gecko)+Chrome/59.0.3071.115+Safari/537.36 - 200 0 0 15
2017-07-04 11:59:46 ::1 GET /__browserLink/requestData/15d2bbb8514f4465bcf498de9ede2123 version=2 44302 ganesh.kumbhar@gorillaexpense.com ::1 Mozilla/5.0+(Windows+NT+10.0;+Win64;+x64)+AppleWebKit/537.36+(KHTML,+like+Gecko)+Chrome/59.0.3071.115+Safari/537.36 http://localhost:44302/ 200 0 0 8
#Software: Microsoft Internet Information Services 8.0
#Version: 1.0
#Date: 2017-07-04 12:00:06
#Fields: date time s-ip cs-method cs-uri-stem cs-uri-query s-port cs-username c-ip cs(User-Agent) cs(Referer) sc-status sc-substatus sc-win32-status time-taken
2017-07-04 12:00:06 ::1 GET / - 44302 ganesh.kumbhar@gorillaexpense.com ::1 Mozilla/5.0+(Windows+NT+10.0;+Win64;+x64)+AppleWebKit/537.36+(KHTML,+like+Gecko)+Chrome/59.0.3071.115+Safari/537.36 - 200 0 0 10487
2017-07-04 12:00:06 ::1 GET /__browserLink/requestData/87324b4069164dbd883cac184a8a7e97 version=2 44302 ganesh.kumbhar@gorillaexpense.com ::1 Mozilla/5.0+(Windows+NT+10.0;+Win64;+x64)+AppleWebKit/537.36+(KHTML,+like+Gecko)+Chrome/59.0.3071.115+Safari/537.36 http://localhost:44302/ 200 0 0 40
2017-07-04 12:00:11 ::1 GET /Account/SignOut - 44302 ganesh.kumbhar@gorillaexpense.com ::1 Mozilla/5.0+(Windows+NT+10.0;+Win64;+x64)+AppleWebKit/537.36+(KHTML,+like+Gecko)+Chrome/59.0.3071.115+Safari/537.36 http://localhost:44302/ 302 0 0 761
2017-07-04 12:00:19 ::1 GET /Account/SignOut - 44302 - ::1 Mozilla/5.0+(Windows+NT+10.0;+Win64;+x64)+AppleWebKit/537.36+(KHTML,+like+Gecko)+Chrome/59.0.3071.115+Safari/537.36 http://localhost:44302/ 302 0 0 13
#Software: Microsoft Internet Information Services 8.0
#Version: 1.0
#Date: 2017-07-04 12:00:47
#Fields: date time s-ip cs-method cs-uri-stem cs-uri-query s-port cs-username c-ip cs(User-Agent) cs(Referer) sc-status sc-substatus sc-win32-status time-taken
2017-07-04 12:00:47 ::1 GET / - 44302 - ::1 Mozilla/5.0+(Windows+NT+10.0;+Win64;+x64)+AppleWebKit/537.36+(KHTML,+like+Gecko)+Chrome/59.0.3071.115+Safari/537.36 - 200 0 0 10201
2017-07-04 12:00:47 ::1 GET /__browserLink/requestData/9c53c41489a14e2081bf0b307d57265d version=2 44302 - ::1 Mozilla/5.0+(Windows+NT+10.0;+Win64;+x64)+AppleWebKit/537.36+(KHTML,+like+Gecko)+Chrome/59.0.3071.115+Safari/537.36 http://localhost:44302/ 200 0 0 91
2017-07-04 12:01:03 ::1 GET /Onboarding/SignUp - 44302 - ::1 Mozilla/5.0+(Windows+NT+10.0;+Win64;+x64)+AppleWebKit/537.36+(KHTML,+like+Gecko)+Chrome/59.0.3071.115+Safari/537.36 http://localhost:44302/ 200 0 0 366
2017-07-04 12:01:03 ::1 GET /bundles/jqueryval - 44302 - ::1 Mozilla/5.0+(Windows+NT+10.0;+Win64;+x64)+AppleWebKit/537.36+(KHTML,+like+Gecko)+Chrome/59.0.3071.115+Safari/537.36 http://localhost:44302/Onboarding/SignUp 404 0 0 73
2017-07-04 12:01:03 ::1 GET /__browserLink/requestData/7a08a86c28b64bd1a4232a07d4de4cb1 version=2 44302 - ::1 Mozilla/5.0+(Windows+NT+10.0;+Win64;+x64)+AppleWebKit/537.36+(KHTML,+like+Gecko)+Chrome/59.0.3071.115+Safari/537.36 http://localhost:44302/Onboarding/SignUp 200 0 0 7
2017-07-04 12:01:13 ::1 POST /Onboarding/SignUp - 44302 - ::1 Mozilla/5.0+(Windows+NT+10.0;+Win64;+x64)+AppleWebKit/537.36+(KHTML,+like+Gecko)+Chrome/59.0.3071.115+Safari/537.36 http://localhost:44302/Onboarding/SignUp 302 0 0 6467
2017-07-04 12:01:19 ::1 GET /Onboarding/SignUp - 44302 - ::1 Mozilla/5.0+(Windows+NT+10.0;+Win64;+x64)+AppleWebKit/537.36+(KHTML,+like+Gecko)+Chrome/59.0.3071.115+Safari/537.36 http://localhost:44302/ 200 0 0 77
2017-07-04 12:01:19 ::1 GET /__browserLink/requestData/9d12f92cd6db49608b8589469b85e5f7 version=2 44302 - ::1 Mozilla/5.0+(Windows+NT+10.0;+Win64;+x64)+AppleWebKit/537.36+(KHTML,+like+Gecko)+Chrome/59.0.3071.115+Safari/537.36 http://localhost:44302/Onboarding/SignUp 200 0 0 7
2017-07-04 12:01:23 ::1 POST /Onboarding/SignUp - 44302 - ::1 Mozilla/5.0+(Windows+NT+10.0;+Win64;+x64)+AppleWebKit/537.36+(KHTML,+like+Gecko)+Chrome/59.0.3071.115+Safari/537.36 http://localhost:44302/Onboarding/SignUp 302 0 0 1558
#Software: Microsoft Internet Information Services 8.0
#Version: 1.0
#Date: 2017-07-04 12:12:34
#Fields: date time s-ip cs-method cs-uri-stem cs-uri-query s-port cs-username c-ip cs(User-Agent) cs(Referer) sc-status sc-substatus sc-win32-status time-taken
2017-07-04 12:12:34 ::1 GET / - 44302 - ::1 Mozilla/5.0+(Windows+NT+10.0;+Win64;+x64)+AppleWebKit/537.36+(KHTML,+like+Gecko)+Chrome/59.0.3071.115+Safari/537.36 - 200 0 0 12304
2017-07-04 12:12:34 ::1 GET /__browserLink/requestData/101ebe3d5bfa496f9fdab2b9f5812dc5 version=2 44302 - ::1 Mozilla/5.0+(Windows+NT+10.0;+Win64;+x64)+AppleWebKit/537.36+(KHTML,+like+Gecko)+Chrome/59.0.3071.115+Safari/537.36 http://localhost:44302/ 200 0 0 47
2017-07-04 12:12:37 ::1 GET /Account/SignIn - 44302 - ::1 Mozilla/5.0+(Windows+NT+10.0;+Win64;+x64)+AppleWebKit/537.36+(KHTML,+like+Gecko)+Chrome/59.0.3071.115+Safari/537.36 http://localhost:44302/ 302 0 0 535
2017-07-04 12:12:46 ::1 POST / - 44302 - ::1 Mozilla/5.0+(Windows+NT+10.0;+Win64;+x64)+AppleWebKit/537.36+(KHTML,+like+Gecko)+Chrome/59.0.3071.115+Safari/537.36 - 302 0 0 4200
2017-07-04 12:12:46 ::1 GET / - 44302 ganesh.kumbhar@gorillaexpense.com ::1 Mozilla/5.0+(Windows+NT+10.0;+Win64;+x64)+AppleWebKit/537.36+(KHTML,+like+Gecko)+Chrome/59.0.3071.115+Safari/537.36 - 200 0 0 57
2017-07-04 12:12:46 ::1 GET /__browserLink/requestData/5f2fa4429fda485b9cd7239d1f19fd38 version=2 44302 ganesh.kumbhar@gorillaexpense.com ::1 Mozilla/5.0+(Windows+NT+10.0;+Win64;+x64)+AppleWebKit/537.36+(KHTML,+like+Gecko)+Chrome/59.0.3071.115+Safari/537.36 http://localhost:44302/ 200 0 0 8
2017-07-04 12:12:50 ::1 GET / - 44302 ganesh.kumbhar@gorillaexpense.com ::1 Mozilla/5.0+(Windows+NT+10.0;+Win64;+x64)+AppleWebKit/537.36+(KHTML,+like+Gecko)+Chrome/59.0.3071.115+Safari/537.36 http://localhost:44302/ 200 0 0 15
2017-07-04 12:12:50 ::1 GET /__browserLink/requestData/106f7eb8cd2d42b9a35a04d328f4e4f5 version=2 44302 ganesh.kumbhar@gorillaexpense.com ::1 Mozilla/5.0+(Windows+NT+10.0;+Win64;+x64)+AppleWebKit/537.36+(KHTML,+like+Gecko)+Chrome/59.0.3071.115+Safari/537.36 http://localhost:44302/ 200 0 0 60
