#Software: Microsoft Internet Information Services 8.0
#Version: 1.0
#Date: 2017-07-03 11:54:22
#Fields: date time s-ip cs-method cs-uri-stem cs-uri-query s-port cs-username c-ip cs(User-Agent) cs(Referer) sc-status sc-substatus sc-win32-status time-taken
2017-07-03 11:54:22 ::1 GET / - 44302 - ::1 Mozilla/5.0+(Windows+NT+10.0;+Win64;+x64)+AppleWebKit/537.36+(KHTML,+like+Gecko)+Chrome/59.0.3071.115+Safari/537.36 - 200 0 0 20178
2017-07-03 11:54:22 ::1 GET /Scripts/modernizr-2.8.3.js - 44302 - ::1 Mozilla/5.0+(Windows+NT+10.0;+Win64;+x64)+AppleWebKit/537.36+(KHTML,+like+Gecko)+Chrome/59.0.3071.115+Safari/537.36 http://localhost:44302/ 200 0 0 36
2017-07-03 11:54:22 ::1 GET /Content/site.css - 44302 - ::1 Mozilla/5.0+(Windows+NT+10.0;+Win64;+x64)+AppleWebKit/537.36+(KHTML,+like+Gecko)+Chrome/59.0.3071.115+Safari/537.36 http://localhost:44302/ 200 0 0 41
2017-07-03 11:54:22 ::1 GET /Scripts/jquery-2.1.1.js - 44302 - ::1 Mozilla/5.0+(Windows+NT+10.0;+Win64;+x64)+AppleWebKit/537.36+(KHTML,+like+Gecko)+Chrome/59.0.3071.115+Safari/537.36 http://localhost:44302/ 200 0 0 51
2017-07-03 11:54:22 ::1 GET /Scripts/bootstrap.js - 44302 - ::1 Mozilla/5.0+(Windows+NT+10.0;+Win64;+x64)+AppleWebKit/537.36+(KHTML,+like+Gecko)+Chrome/59.0.3071.115+Safari/537.36 http://localhost:44302/ 200 0 0 54
2017-07-03 11:54:22 ::1 GET /Scripts/respond.js - 44302 - ::1 Mozilla/5.0+(Windows+NT+10.0;+Win64;+x64)+AppleWebKit/537.36+(KHTML,+like+Gecko)+Chrome/59.0.3071.115+Safari/537.36 http://localhost:44302/ 200 0 0 52
2017-07-03 11:54:22 ::1 GET /Content/bootstrap.css - 44302 - ::1 Mozilla/5.0+(Windows+NT+10.0;+Win64;+x64)+AppleWebKit/537.36+(KHTML,+like+Gecko)+Chrome/59.0.3071.115+Safari/537.36 http://localhost:44302/ 200 0 0 164
2017-07-03 11:54:24 ::1 GET /favicon.ico - 44302 - ::1 Mozilla/5.0+(Windows+NT+10.0;+Win64;+x64)+AppleWebKit/537.36+(KHTML,+like+Gecko)+Chrome/59.0.3071.115+Safari/537.36 http://localhost:44302/ 200 0 0 30
2017-07-03 11:54:24 ::1 GET /__browserLink/requestData/f4852606581d40a7bd8bf7cb90af7e8a version=2 44302 - ::1 Mozilla/5.0+(Windows+NT+10.0;+Win64;+x64)+AppleWebKit/537.36+(KHTML,+like+Gecko)+Chrome/59.0.3071.115+Safari/537.36 http://localhost:44302/ 200 0 0 68
2017-07-03 11:54:33 ::1 GET /Onboarding/SignUp - 44302 - ::1 Mozilla/5.0+(Windows+NT+10.0;+Win64;+x64)+AppleWebKit/537.36+(KHTML,+like+Gecko)+Chrome/59.0.3071.115+Safari/537.36 http://localhost:44302/ 200 0 0 1464
2017-07-03 11:54:33 ::1 GET /bundles/jqueryval - 44302 - ::1 Mozilla/5.0+(Windows+NT+10.0;+Win64;+x64)+AppleWebKit/537.36+(KHTML,+like+Gecko)+Chrome/59.0.3071.115+Safari/537.36 http://localhost:44302/Onboarding/SignUp 404 0 0 229
2017-07-03 11:54:33 ::1 GET /__browserLink/requestData/55ab9db8daf849328fcde21a1973370b version=2 44302 - ::1 Mozilla/5.0+(Windows+NT+10.0;+Win64;+x64)+AppleWebKit/537.36+(KHTML,+like+Gecko)+Chrome/59.0.3071.115+Safari/537.36 http://localhost:44302/Onboarding/SignUp 200 0 0 7
2017-07-03 11:55:05 ::1 POST /Onboarding/SignUp - 44302 - ::1 Mozilla/5.0+(Windows+NT+10.0;+Win64;+x64)+AppleWebKit/537.36+(KHTML,+like+Gecko)+Chrome/59.0.3071.115+Safari/537.36 http://localhost:44302/Onboarding/SignUp 302 0 0 9003
#Software: Microsoft Internet Information Services 8.0
#Version: 1.0
#Date: 2017-07-03 12:27:25
#Fields: date time s-ip cs-method cs-uri-stem cs-uri-query s-port cs-username c-ip cs(User-Agent) cs(Referer) sc-status sc-substatus sc-win32-status time-taken
2017-07-03 12:27:25 ::1 GET / - 44302 - ::1 Mozilla/5.0+(Windows+NT+10.0;+Win64;+x64)+AppleWebKit/537.36+(KHTML,+like+Gecko)+Chrome/59.0.3071.115+Safari/537.36 - 200 0 0 5500
2017-07-03 12:27:25 ::1 GET /__browserLink/requestData/a752301edde343e98a8f908145eb2b81 version=2 44302 - ::1 Mozilla/5.0+(Windows+NT+10.0;+Win64;+x64)+AppleWebKit/537.36+(KHTML,+like+Gecko)+Chrome/59.0.3071.115+Safari/537.36 http://localhost:44302/ 200 0 0 24
2017-07-03 12:27:30 ::1 GET /Onboarding/SignUp - 44302 - ::1 Mozilla/5.0+(Windows+NT+10.0;+Win64;+x64)+AppleWebKit/537.36+(KHTML,+like+Gecko)+Chrome/59.0.3071.115+Safari/537.36 http://localhost:44302/ 200 0 0 340
2017-07-03 12:27:30 ::1 GET /bundles/jqueryval - 44302 - ::1 Mozilla/5.0+(Windows+NT+10.0;+Win64;+x64)+AppleWebKit/537.36+(KHTML,+like+Gecko)+Chrome/59.0.3071.115+Safari/537.36 http://localhost:44302/Onboarding/SignUp 404 0 0 147
2017-07-03 12:27:30 ::1 GET /__browserLink/requestData/83783aea423c46b9b8292d0cd9b0f0a9 version=2 44302 - ::1 Mozilla/5.0+(Windows+NT+10.0;+Win64;+x64)+AppleWebKit/537.36+(KHTML,+like+Gecko)+Chrome/59.0.3071.115+Safari/537.36 http://localhost:44302/Onboarding/SignUp 200 0 0 9
2017-07-03 12:27:43 ::1 POST /Onboarding/SignUp - 44302 - ::1 Mozilla/5.0+(Windows+NT+10.0;+Win64;+x64)+AppleWebKit/537.36+(KHTML,+like+Gecko)+Chrome/59.0.3071.115+Safari/537.36 http://localhost:44302/Onboarding/SignUp 302 0 0 4943
#Software: Microsoft Internet Information Services 8.0
#Version: 1.0
#Date: 2017-07-03 12:33:46
#Fields: date time s-ip cs-method cs-uri-stem cs-uri-query s-port cs-username c-ip cs(User-Agent) cs(Referer) sc-status sc-substatus sc-win32-status time-taken
2017-07-03 12:33:46 ::1 GET / - 44302 - ::1 Mozilla/5.0+(Windows+NT+10.0;+Win64;+x64)+AppleWebKit/537.36+(KHTML,+like+Gecko)+Chrome/59.0.3071.115+Safari/537.36 - 200 0 0 5447
2017-07-03 12:33:46 ::1 GET /__browserLink/requestData/7206e3b9e5e341679e7f21917a9668f5 version=2 44302 - ::1 Mozilla/5.0+(Windows+NT+10.0;+Win64;+x64)+AppleWebKit/537.36+(KHTML,+like+Gecko)+Chrome/59.0.3071.115+Safari/537.36 http://localhost:44302/ 200 0 0 21
2017-07-03 12:33:49 ::1 GET /Onboarding/SignUp - 44302 - ::1 Mozilla/5.0+(Windows+NT+10.0;+Win64;+x64)+AppleWebKit/537.36+(KHTML,+like+Gecko)+Chrome/59.0.3071.115+Safari/537.36 http://localhost:44302/ 200 0 0 393
2017-07-03 12:33:49 ::1 GET /bundles/jqueryval - 44302 - ::1 Mozilla/5.0+(Windows+NT+10.0;+Win64;+x64)+AppleWebKit/537.36+(KHTML,+like+Gecko)+Chrome/59.0.3071.115+Safari/537.36 http://localhost:44302/Onboarding/SignUp 404 0 0 111
2017-07-03 12:33:49 ::1 GET /__browserLink/requestData/3ae698c550494fbfaad13a75ed819a91 version=2 44302 - ::1 Mozilla/5.0+(Windows+NT+10.0;+Win64;+x64)+AppleWebKit/537.36+(KHTML,+like+Gecko)+Chrome/59.0.3071.115+Safari/537.36 http://localhost:44302/Onboarding/SignUp 200 0 0 10
2017-07-03 12:34:22 ::1 POST /Onboarding/SignUp - 44302 - ::1 Mozilla/5.0+(Windows+NT+10.0;+Win64;+x64)+AppleWebKit/537.36+(KHTML,+like+Gecko)+Chrome/59.0.3071.115+Safari/537.36 http://localhost:44302/Onboarding/SignUp 302 0 0 2647
2017-07-03 12:34:36 ::1 GET /Onboarding/SignUp - 44302 - ::1 Mozilla/5.0+(Windows+NT+10.0;+Win64;+x64)+AppleWebKit/537.36+(KHTML,+like+Gecko)+Chrome/59.0.3071.115+Safari/537.36 http://localhost:44302/ 200 0 0 77
2017-07-03 12:34:36 ::1 GET /__browserLink/requestData/833884fa3f9f4084b81cdde835c24c0d version=2 44302 - ::1 Mozilla/5.0+(Windows+NT+10.0;+Win64;+x64)+AppleWebKit/537.36+(KHTML,+like+Gecko)+Chrome/59.0.3071.115+Safari/537.36 http://localhost:44302/Onboarding/SignUp 200 0 0 6
2017-07-03 12:34:39 ::1 POST /Onboarding/SignUp - 44302 - ::1 Mozilla/5.0+(Windows+NT+10.0;+Win64;+x64)+AppleWebKit/537.36+(KHTML,+like+Gecko)+Chrome/59.0.3071.115+Safari/537.36 http://localhost:44302/Onboarding/SignUp 302 0 0 53
2017-07-03 12:34:56 ::1 GET /Onboarding/SignUp - 44302 - ::1 Mozilla/5.0+(Windows+NT+10.0;+Win64;+x64)+AppleWebKit/537.36+(KHTML,+like+Gecko)+Chrome/59.0.3071.115+Safari/537.36 http://localhost:44302/ 200 0 0 82
2017-07-03 12:34:56 ::1 GET /__browserLink/requestData/90264f89f98747af89a3b00acdbd1498 version=2 44302 - ::1 Mozilla/5.0+(Windows+NT+10.0;+Win64;+x64)+AppleWebKit/537.36+(KHTML,+like+Gecko)+Chrome/59.0.3071.115+Safari/537.36 http://localhost:44302/Onboarding/SignUp 200 0 0 9
2017-07-03 12:35:01 ::1 POST /Onboarding/SignUp - 44302 - ::1 Mozilla/5.0+(Windows+NT+10.0;+Win64;+x64)+AppleWebKit/537.36+(KHTML,+like+Gecko)+Chrome/59.0.3071.115+Safari/537.36 http://localhost:44302/Onboarding/SignUp 302 0 0 81
2017-07-03 12:35:05 ::1 GET /Onboarding/SignUp - 44302 - ::1 Mozilla/5.0+(Windows+NT+10.0;+Win64;+x64)+AppleWebKit/537.36+(KHTML,+like+Gecko)+Chrome/59.0.3071.115+Safari/537.36 http://localhost:44302/ 200 0 0 77
2017-07-03 12:35:05 ::1 GET /__browserLink/requestData/6095186252624710ba0535b95cdbac5e version=2 44302 - ::1 Mozilla/5.0+(Windows+NT+10.0;+Win64;+x64)+AppleWebKit/537.36+(KHTML,+like+Gecko)+Chrome/59.0.3071.115+Safari/537.36 http://localhost:44302/Onboarding/SignUp 200 0 0 7
2017-07-03 12:35:06 ::1 GET / - 44302 - ::1 Mozilla/5.0+(Windows+NT+10.0;+Win64;+x64)+AppleWebKit/537.36+(KHTML,+like+Gecko)+Chrome/59.0.3071.115+Safari/537.36 http://localhost:44302/Onboarding/SignUp 200 0 0 17
2017-07-03 12:35:06 ::1 GET /__browserLink/requestData/5067e2067c144e60a4bf2fff2e1b24cd version=2 44302 - ::1 Mozilla/5.0+(Windows+NT+10.0;+Win64;+x64)+AppleWebKit/537.36+(KHTML,+like+Gecko)+Chrome/59.0.3071.115+Safari/537.36 http://localhost:44302/ 200 0 0 6
2017-07-03 12:35:10 ::1 GET /Account/SignIn - 44302 - ::1 Mozilla/5.0+(Windows+NT+10.0;+Win64;+x64)+AppleWebKit/537.36+(KHTML,+like+Gecko)+Chrome/59.0.3071.115+Safari/537.36 http://localhost:44302/ 302 0 0 773
#Software: Microsoft Internet Information Services 8.0
#Version: 1.0
#Date: 2017-07-03 12:39:51
#Fields: date time s-ip cs-method cs-uri-stem cs-uri-query s-port cs-username c-ip cs(User-Agent) cs(Referer) sc-status sc-substatus sc-win32-status time-taken
2017-07-03 12:39:51 ::1 GET / - 44302 - ::1 Mozilla/5.0+(Windows+NT+10.0;+Win64;+x64)+AppleWebKit/537.36+(KHTML,+like+Gecko)+Chrome/59.0.3071.115+Safari/537.36 - 200 0 0 5142
2017-07-03 12:39:51 ::1 GET /__browserLink/requestData/9657c16cc8df44d9ab708a9e5c0f1984 version=2 44302 - ::1 Mozilla/5.0+(Windows+NT+10.0;+Win64;+x64)+AppleWebKit/537.36+(KHTML,+like+Gecko)+Chrome/59.0.3071.115+Safari/537.36 http://localhost:44302/ 200 0 0 22
2017-07-03 12:39:54 ::1 GET /Onboarding/SignUp - 44302 - ::1 Mozilla/5.0+(Windows+NT+10.0;+Win64;+x64)+AppleWebKit/537.36+(KHTML,+like+Gecko)+Chrome/59.0.3071.115+Safari/537.36 http://localhost:44302/ 200 0 0 348
2017-07-03 12:39:54 ::1 GET /bundles/jqueryval - 44302 - ::1 Mozilla/5.0+(Windows+NT+10.0;+Win64;+x64)+AppleWebKit/537.36+(KHTML,+like+Gecko)+Chrome/59.0.3071.115+Safari/537.36 http://localhost:44302/Onboarding/SignUp 404 0 0 78
2017-07-03 12:39:54 ::1 GET /__browserLink/requestData/8fc8d4d53d9344ddac1535f2b290c168 version=2 44302 - ::1 Mozilla/5.0+(Windows+NT+10.0;+Win64;+x64)+AppleWebKit/537.36+(KHTML,+like+Gecko)+Chrome/59.0.3071.115+Safari/537.36 http://localhost:44302/Onboarding/SignUp 200 0 0 14
2017-07-03 12:40:00 ::1 POST /Onboarding/SignUp - 44302 - ::1 Mozilla/5.0+(Windows+NT+10.0;+Win64;+x64)+AppleWebKit/537.36+(KHTML,+like+Gecko)+Chrome/59.0.3071.115+Safari/537.36 http://localhost:44302/Onboarding/SignUp 302 0 0 2225
2017-07-03 12:40:46 ::1 GET /Onboarding/SignUp - 44302 - ::1 Mozilla/5.0+(Windows+NT+10.0;+Win64;+x64)+AppleWebKit/537.36+(KHTML,+like+Gecko)+Chrome/59.0.3071.115+Safari/537.36 http://localhost:44302/ 200 0 0 86
2017-07-03 12:40:46 ::1 GET /__browserLink/requestData/0a4e09d8288e4ae581e145a0ed6e635f version=2 44302 - ::1 Mozilla/5.0+(Windows+NT+10.0;+Win64;+x64)+AppleWebKit/537.36+(KHTML,+like+Gecko)+Chrome/59.0.3071.115+Safari/537.36 http://localhost:44302/Onboarding/SignUp 200 0 0 8
2017-07-03 12:41:12 ::1 POST /Onboarding/SignUp - 44302 - ::1 Mozilla/5.0+(Windows+NT+10.0;+Win64;+x64)+AppleWebKit/537.36+(KHTML,+like+Gecko)+Chrome/59.0.3071.115+Safari/537.36 http://localhost:44302/Onboarding/SignUp 302 0 0 23632
2017-07-03 12:42:26 ::1 GET /Onboarding/SignUp - 44302 - ::1 Mozilla/5.0+(Windows+NT+10.0;+Win64;+x64)+AppleWebKit/537.36+(KHTML,+like+Gecko)+Chrome/59.0.3071.115+Safari/537.36 http://localhost:44302/ 200 0 0 7608
2017-07-03 12:42:26 ::1 GET /__browserLink/requestData/16146b83af2c4519a16d405cc01ccc16 version=2 44302 - ::1 Mozilla/5.0+(Windows+NT+10.0;+Win64;+x64)+AppleWebKit/537.36+(KHTML,+like+Gecko)+Chrome/59.0.3071.115+Safari/537.36 http://localhost:44302/Onboarding/SignUp 200 0 0 8
2017-07-03 12:43:00 ::1 POST /Onboarding/SignUp - 44302 - ::1 Mozilla/5.0+(Windows+NT+10.0;+Win64;+x64)+AppleWebKit/537.36+(KHTML,+like+Gecko)+Chrome/59.0.3071.115+Safari/537.36 http://localhost:44302/Onboarding/SignUp 302 0 0 31645
2017-07-03 12:44:29 ::1 GET /Onboarding/ProcessCode - 44302 - ::1 Mozilla/5.0+(Windows+NT+10.0;+Win64;+x64)+AppleWebKit/537.36+(KHTML,+like+Gecko)+Chrome/59.0.3071.115+Safari/537.36 - 200 0 0 256
#Software: Microsoft Internet Information Services 8.0
#Version: 1.0
#Date: 2017-07-03 12:45:06
#Fields: date time s-ip cs-method cs-uri-stem cs-uri-query s-port cs-username c-ip cs(User-Agent) cs(Referer) sc-status sc-substatus sc-win32-status time-taken
2017-07-03 12:45:06 ::1 GET / - 44302 - ::1 Mozilla/5.0+(Windows+NT+10.0;+Win64;+x64)+AppleWebKit/537.36+(KHTML,+like+Gecko)+Chrome/59.0.3071.115+Safari/537.36 - 200 0 0 5628
2017-07-03 12:45:06 ::1 GET /__browserLink/requestData/e70b634d8bd84144a8f32a239033a3d5 version=2 44302 - ::1 Mozilla/5.0+(Windows+NT+10.0;+Win64;+x64)+AppleWebKit/537.36+(KHTML,+like+Gecko)+Chrome/59.0.3071.115+Safari/537.36 http://localhost:44302/ 200 0 0 22
2017-07-03 12:45:14 ::1 GET /Onboarding/SignUp - 44302 - ::1 Mozilla/5.0+(Windows+NT+10.0;+Win64;+x64)+AppleWebKit/537.36+(KHTML,+like+Gecko)+Chrome/59.0.3071.115+Safari/537.36 http://localhost:44302/ 200 0 0 354
2017-07-03 12:45:14 ::1 GET /bundles/jqueryval - 44302 - ::1 Mozilla/5.0+(Windows+NT+10.0;+Win64;+x64)+AppleWebKit/537.36+(KHTML,+like+Gecko)+Chrome/59.0.3071.115+Safari/537.36 http://localhost:44302/Onboarding/SignUp 404 0 0 124
2017-07-03 12:45:14 ::1 GET /__browserLink/requestData/bbf50678e4024fabbc9f166d1ee1f78c version=2 44302 - ::1 Mozilla/5.0+(Windows+NT+10.0;+Win64;+x64)+AppleWebKit/537.36+(KHTML,+like+Gecko)+Chrome/59.0.3071.115+Safari/537.36 http://localhost:44302/Onboarding/SignUp 200 0 0 8
2017-07-03 12:45:38 ::1 POST /Onboarding/SignUp - 44302 - ::1 Mozilla/5.0+(Windows+NT+10.0;+Win64;+x64)+AppleWebKit/537.36+(KHTML,+like+Gecko)+Chrome/59.0.3071.115+Safari/537.36 http://localhost:44302/Onboarding/SignUp 302 0 0 20857
2017-07-03 12:45:40 ::1 GET /Onboarding/ProcessCode code=AQABAAIAAABnfiG-mA6NTae7CdWW7QfdsGIwqKrIaxClvNbzXApF7YepFR-6sB0CjUx05BH_GFmDXSjH0Y98Fe5z_J6WvUv5s5uhh7jzVVL9v0Giu3LJpsB_HOcVlOKoD7V3Mvqa33SYrGdH22iXXK2H2YdpvfudRayuAyc3Pz7GG8aB4d8ijLYDtyIgQ28odxpG9U8kddKydsktqOG1e0KAi3hcwYvmcKtlhqLZff8aGkHp2cvGGyGJjlaXsmSaPRM1OS_AiyVf8sATw7YjwaFKqxcGRUEhP0Sd41JKkng3nz_GuJfUrOJnwfGVOSSirYoUbIRUGWUVkAEdziHLfKrkXGd_G_PptuMIGqzQg76MhmcIPqFkv0xKdY6QGJDr0RLO3gt0tJWbFzTGGxDFMDAjFdciqgQCRV_7gqB-EyaCRYI7J9nOCMVxhv2iBuALQ4lJ--nH6j3C1r05xGQARM5kAacmYOYYa9RtZ-76CW3prqy1TYGQji9et4qluDQibO8FsTxKgKUpBH5AHGp6Panq_wDVb8y-ZfbPBP0996gI6aIIvi2C3nZoX3YCkgHdyhiNW-MdA5_1akihmIPoIjYTBOWdNZKyIAA&state=4e183d9c-0514-4f09-803c-8235048a02e7&session_state=9e9d3c09-7783-4b4a-9916-c65123815f72 44302 - ::1 Mozilla/5.0+(Windows+NT+10.0;+Win64;+x64)+AppleWebKit/537.36+(KHTML,+like+Gecko)+Chrome/59.0.3071.115+Safari/537.36 http://localhost:44302/Onboarding/SignUp 200 0 0 1389
2017-07-03 12:45:40 ::1 GET /__browserLink/requestData/6e7be6fd345d49eba7887fe1d4441cca version=2 44302 - ::1 Mozilla/5.0+(Windows+NT+10.0;+Win64;+x64)+AppleWebKit/537.36+(KHTML,+like+Gecko)+Chrome/59.0.3071.115+Safari/537.36 http://localhost:44302/Onboarding/ProcessCode?code=AQABAAIAAABnfiG-mA6NTae7CdWW7QfdsGIwqKrIaxClvNbzXApF7YepFR-6sB0CjUx05BH_GFmDXSjH0Y98Fe5z_J6WvUv5s5uhh7jzVVL9v0Giu3LJpsB_HOcVlOKoD7V3Mvqa33SYrGdH22iXXK2H2YdpvfudRayuAyc3Pz7GG8aB4d8ijLYDtyIgQ28odxpG9U8kddKydsktqOG1e0KAi3hcwYvmcKtlhqLZff8aGkHp2cvGGyGJjlaXsmSaPRM1OS_AiyVf8sATw7YjwaFKqxcGRUEhP0Sd41JKkng3nz_GuJfUrOJnwfGVOSSirYoUbIRUGWUVkAEdziHLfKrkXGd_G_PptuMIGqzQg76MhmcIPqFkv0xKdY6QGJDr0RLO3gt0tJWbFzTGGxDFMDAjFdciqgQCRV_7gqB-EyaCRYI7J9nOCMVxhv2iBuALQ4lJ--nH6j3C1r05xGQARM5kAacmYOYYa9RtZ-76CW3prqy1TYGQji9et4qluDQibO8FsTxKgKUpBH5AHGp6Panq_wDVb8y-ZfbPBP0996gI6aIIvi2C3nZoX3YCkgHdyhiNW-MdA5_1akihmIPoIjYTBOWdNZKyIAA&state=4e183d9c-0514-4f09-803c-8235048a02e7&session_state=9e9d3c09-7783-4b4a-9916-c65123815f72 200 0 0 7
2017-07-03 12:45:46 ::1 GET /Account/SignIn - 44302 - ::1 Mozilla/5.0+(Windows+NT+10.0;+Win64;+x64)+AppleWebKit/537.36+(KHTML,+like+Gecko)+Chrome/59.0.3071.115+Safari/537.36 http://localhost:44302/Onboarding/ProcessCode?code=AQABAAIAAABnfiG-mA6NTae7CdWW7QfdsGIwqKrIaxClvNbzXApF7YepFR-6sB0CjUx05BH_GFmDXSjH0Y98Fe5z_J6WvUv5s5uhh7jzVVL9v0Giu3LJpsB_HOcVlOKoD7V3Mvqa33SYrGdH22iXXK2H2YdpvfudRayuAyc3Pz7GG8aB4d8ijLYDtyIgQ28odxpG9U8kddKydsktqOG1e0KAi3hcwYvmcKtlhqLZff8aGkHp2cvGGyGJjlaXsmSaPRM1OS_AiyVf8sATw7YjwaFKqxcGRUEhP0Sd41JKkng3nz_GuJfUrOJnwfGVOSSirYoUbIRUGWUVkAEdziHLfKrkXGd_G_PptuMIGqzQg76MhmcIPqFkv0xKdY6QGJDr0RLO3gt0tJWbFzTGGxDFMDAjFdciqgQCRV_7gqB-EyaCRYI7J9nOCMVxhv2iBuALQ4lJ--nH6j3C1r05xGQARM5kAacmYOYYa9RtZ-76CW3prqy1TYGQji9et4qluDQibO8FsTxKgKUpBH5AHGp6Panq_wDVb8y-ZfbPBP0996gI6aIIvi2C3nZoX3YCkgHdyhiNW-MdA5_1akihmIPoIjYTBOWdNZKyIAA&state=4e183d9c-0514-4f09-803c-8235048a02e7&session_state=9e9d3c09-7783-4b4a-9916-c65123815f72 302 0 0 296
2017-07-03 12:45:46 ::1 POST / - 44302 - ::1 Mozilla/5.0+(Windows+NT+10.0;+Win64;+x64)+AppleWebKit/537.36+(KHTML,+like+Gecko)+Chrome/59.0.3071.115+Safari/537.36 - 302 0 0 331
2017-07-03 12:45:47 ::1 GET / - 44302 ganesh.kumbhar@gorillaexpense.com ::1 Mozilla/5.0+(Windows+NT+10.0;+Win64;+x64)+AppleWebKit/537.36+(KHTML,+like+Gecko)+Chrome/59.0.3071.115+Safari/537.36 - 200 0 0 38
2017-07-03 12:45:47 ::1 GET /__browserLink/requestData/e83acd906e6a4786963cfca82232b8fb version=2 44302 ganesh.kumbhar@gorillaexpense.com ::1 Mozilla/5.0+(Windows+NT+10.0;+Win64;+x64)+AppleWebKit/537.36+(KHTML,+like+Gecko)+Chrome/59.0.3071.115+Safari/537.36 http://localhost:44302/ 200 0 0 22
2017-07-03 12:45:56 ::1 GET / - 44302 ganesh.kumbhar@gorillaexpense.com ::1 Mozilla/5.0+(Windows+NT+10.0;+Win64;+x64)+AppleWebKit/537.36+(KHTML,+like+Gecko)+Chrome/59.0.3071.115+Safari/537.36 http://localhost:44302/ 200 0 0 40
2017-07-03 12:45:56 ::1 GET /__browserLink/requestData/6df17f705e1f4b4aae0a96e0616c6e13 version=2 44302 ganesh.kumbhar@gorillaexpense.com ::1 Mozilla/5.0+(Windows+NT+10.0;+Win64;+x64)+AppleWebKit/537.36+(KHTML,+like+Gecko)+Chrome/59.0.3071.115+Safari/537.36 http://localhost:44302/ 200 0 0 8
2017-07-03 12:46:40 ::1 GET / - 44302 ganesh.kumbhar@gorillaexpense.com ::1 Mozilla/5.0+(Windows+NT+10.0;+Win64;+x64)+AppleWebKit/537.36+(KHTML,+like+Gecko)+Chrome/59.0.3071.115+Safari/537.36 - 200 0 0 11
2017-07-03 12:46:40 ::1 GET /__browserLink/requestData/a143583ba18e4831b5eeaf1af6e402f8 version=2 44302 ganesh.kumbhar@gorillaexpense.com ::1 Mozilla/5.0+(Windows+NT+10.0;+Win64;+x64)+AppleWebKit/537.36+(KHTML,+like+Gecko)+Chrome/59.0.3071.115+Safari/537.36 http://localhost:44302/ 200 0 0 7
2017-07-03 12:47:00 ::1 GET / - 44302 ganesh.kumbhar@gorillaexpense.com ::1 Mozilla/5.0+(Windows+NT+10.0;+Win64;+x64)+AppleWebKit/537.36+(KHTML,+like+Gecko)+Chrome/59.0.3071.115+Safari/537.36 http://localhost:44302/ 200 0 0 14
2017-07-03 12:47:00 ::1 GET /__browserLink/requestData/9890192a9fbb49cb8c489964613b3cfd version=2 44302 ganesh.kumbhar@gorillaexpense.com ::1 Mozilla/5.0+(Windows+NT+10.0;+Win64;+x64)+AppleWebKit/537.36+(KHTML,+like+Gecko)+Chrome/59.0.3071.115+Safari/537.36 http://localhost:44302/ 200 0 0 8
2017-07-03 12:47:11 ::1 GET /Todo - 44302 ganesh.kumbhar@gorillaexpense.com ::1 Mozilla/5.0+(Windows+NT+10.0;+Win64;+x64)+AppleWebKit/537.36+(KHTML,+like+Gecko)+Chrome/59.0.3071.115+Safari/537.36 http://localhost:44302/ 200 0 0 1416
2017-07-03 12:47:11 ::1 GET /__browserLink/requestData/191cb47f5fbf45bdb76da270a22a6d37 version=2 44302 ganesh.kumbhar@gorillaexpense.com ::1 Mozilla/5.0+(Windows+NT+10.0;+Win64;+x64)+AppleWebKit/537.36+(KHTML,+like+Gecko)+Chrome/59.0.3071.115+Safari/537.36 http://localhost:44302/Todo 200 0 0 7
2017-07-03 12:47:13 ::1 GET /Todo/Create - 44302 ganesh.kumbhar@gorillaexpense.com ::1 Mozilla/5.0+(Windows+NT+10.0;+Win64;+x64)+AppleWebKit/537.36+(KHTML,+like+Gecko)+Chrome/59.0.3071.115+Safari/537.36 http://localhost:44302/Todo 200 0 0 128
2017-07-03 12:47:13 ::1 GET /__browserLink/requestData/5080e62900264d6ebcb53a8aa5a635f0 version=2 44302 ganesh.kumbhar@gorillaexpense.com ::1 Mozilla/5.0+(Windows+NT+10.0;+Win64;+x64)+AppleWebKit/537.36+(KHTML,+like+Gecko)+Chrome/59.0.3071.115+Safari/537.36 http://localhost:44302/Todo/Create 200 0 0 7
2017-07-03 12:47:18 ::1 POST /Todo/Create - 44302 ganesh.kumbhar@gorillaexpense.com ::1 Mozilla/5.0+(Windows+NT+10.0;+Win64;+x64)+AppleWebKit/537.36+(KHTML,+like+Gecko)+Chrome/59.0.3071.115+Safari/537.36 http://localhost:44302/Todo/Create 302 0 0 52
2017-07-03 12:47:18 ::1 GET /Todo - 44302 ganesh.kumbhar@gorillaexpense.com ::1 Mozilla/5.0+(Windows+NT+10.0;+Win64;+x64)+AppleWebKit/537.36+(KHTML,+like+Gecko)+Chrome/59.0.3071.115+Safari/537.36 http://localhost:44302/Todo/Create 200 0 0 87
2017-07-03 12:47:18 ::1 GET /__browserLink/requestData/fb75bf48a3654511bb1d5f12319f9ab5 version=2 44302 ganesh.kumbhar@gorillaexpense.com ::1 Mozilla/5.0+(Windows+NT+10.0;+Win64;+x64)+AppleWebKit/537.36+(KHTML,+like+Gecko)+Chrome/59.0.3071.115+Safari/537.36 http://localhost:44302/Todo 200 0 0 9
2017-07-03 12:47:23 ::1 GET / - 44302 ganesh.kumbhar@gorillaexpense.com ::1 Mozilla/5.0+(Windows+NT+10.0;+Win64;+x64)+AppleWebKit/537.36+(KHTML,+like+Gecko)+Chrome/59.0.3071.115+Safari/537.36 http://localhost:44302/Todo 200 0 0 19
2017-07-03 12:47:23 ::1 GET /__browserLink/requestData/48f4acacca6543bc978ef9963d0f76ff version=2 44302 ganesh.kumbhar@gorillaexpense.com ::1 Mozilla/5.0+(Windows+NT+10.0;+Win64;+x64)+AppleWebKit/537.36+(KHTML,+like+Gecko)+Chrome/59.0.3071.115+Safari/537.36 http://localhost:44302/ 200 0 0 7
2017-07-03 12:47:28 ::1 GET /Account/Manage - 44302 ganesh.kumbhar@gorillaexpense.com ::1 Mozilla/5.0+(Windows+NT+10.0;+Win64;+x64)+AppleWebKit/537.36+(KHTML,+like+Gecko)+Chrome/59.0.3071.115+Safari/537.36 http://localhost:44302/ 404 0 0 42
2017-07-03 12:47:32 ::1 GET /Account/SignOut - 44302 ganesh.kumbhar@gorillaexpense.com ::1 Mozilla/5.0+(Windows+NT+10.0;+Win64;+x64)+AppleWebKit/537.36+(KHTML,+like+Gecko)+Chrome/59.0.3071.115+Safari/537.36 http://localhost:44302/ 302 0 0 16
2017-07-03 12:47:39 ::1 GET / - 44302 - ::1 Mozilla/5.0+(Windows+NT+10.0;+Win64;+x64)+AppleWebKit/537.36+(KHTML,+like+Gecko)+Chrome/59.0.3071.115+Safari/537.36 - 200 0 0 24
2017-07-03 12:47:39 ::1 GET /__browserLink/requestData/fb98e384d3654641a281132d8dd2a56b version=2 44302 - ::1 Mozilla/5.0+(Windows+NT+10.0;+Win64;+x64)+AppleWebKit/537.36+(KHTML,+like+Gecko)+Chrome/59.0.3071.115+Safari/537.36 http://localhost:44302/ 200 0 0 7
2017-07-03 12:47:59 ::1 GET / - 44302 - ::1 Mozilla/5.0+(Windows+NT+10.0;+Win64;+x64)+AppleWebKit/537.36+(KHTML,+like+Gecko)+Chrome/59.0.3071.115+Safari/537.36 - 200 0 0 7
2017-07-03 12:47:59 ::1 GET /__browserLink/requestData/16763cb1094145d49be8fdd690379d26 version=2 44302 - ::1 Mozilla/5.0+(Windows+NT+10.0;+Win64;+x64)+AppleWebKit/537.36+(KHTML,+like+Gecko)+Chrome/59.0.3071.115+Safari/537.36 http://localhost:44302/ 200 0 0 20
2017-07-03 12:48:05 ::1 GET /Account/SignIn - 44302 - ::1 Mozilla/5.0+(Windows+NT+10.0;+Win64;+x64)+AppleWebKit/537.36+(KHTML,+like+Gecko)+Chrome/59.0.3071.115+Safari/537.36 http://localhost:44302/ 302 0 0 13
2017-07-03 12:48:11 ::1 POST / - 44302 - ::1 Mozilla/5.0+(Windows+NT+10.0;+Win64;+x64)+AppleWebKit/537.36+(KHTML,+like+Gecko)+Chrome/59.0.3071.115+Safari/537.36 - 302 0 0 105
2017-07-03 12:48:11 ::1 GET / - 44302 ganesh.kumbhar@gorillaexpense.com ::1 Mozilla/5.0+(Windows+NT+10.0;+Win64;+x64)+AppleWebKit/537.36+(KHTML,+like+Gecko)+Chrome/59.0.3071.115+Safari/537.36 - 200 0 0 165
2017-07-03 12:48:11 ::1 GET /__browserLink/requestData/8aed22ac765a4323a741f0c172eb16b0 version=2 44302 ganesh.kumbhar@gorillaexpense.com ::1 Mozilla/5.0+(Windows+NT+10.0;+Win64;+x64)+AppleWebKit/537.36+(KHTML,+like+Gecko)+Chrome/59.0.3071.115+Safari/537.36 http://localhost:44302/ 200 0 0 7
2017-07-03 12:48:21 ::1 GET / - 44302 ganesh.kumbhar@gorillaexpense.com ::1 Mozilla/5.0+(Windows+NT+10.0;+Win64;+x64)+AppleWebKit/537.36+(KHTML,+like+Gecko)+Chrome/59.0.3071.115+Safari/537.36 http://localhost:44302/ 200 0 0 19
2017-07-03 12:48:21 ::1 GET /__browserLink/requestData/6a4d8331501b422dbc8b162c5b1093d7 version=2 44302 ganesh.kumbhar@gorillaexpense.com ::1 Mozilla/5.0+(Windows+NT+10.0;+Win64;+x64)+AppleWebKit/537.36+(KHTML,+like+Gecko)+Chrome/59.0.3071.115+Safari/537.36 http://localhost:44302/ 200 0 0 7
2017-07-03 12:48:25 ::1 GET /Todo - 44302 ganesh.kumbhar@gorillaexpense.com ::1 Mozilla/5.0+(Windows+NT+10.0;+Win64;+x64)+AppleWebKit/537.36+(KHTML,+like+Gecko)+Chrome/59.0.3071.115+Safari/537.36 http://localhost:44302/ 200 0 0 43
2017-07-03 12:48:25 ::1 GET /__browserLink/requestData/c53e073e1b0c4230b9b76e17cbfb911e version=2 44302 ganesh.kumbhar@gorillaexpense.com ::1 Mozilla/5.0+(Windows+NT+10.0;+Win64;+x64)+AppleWebKit/537.36+(KHTML,+like+Gecko)+Chrome/59.0.3071.115+Safari/537.36 http://localhost:44302/Todo 200 0 0 7
2017-07-03 12:48:40 ::1 GET /Account/SignOut - 44302 ganesh.kumbhar@gorillaexpense.com ::1 Mozilla/5.0+(Windows+NT+10.0;+Win64;+x64)+AppleWebKit/537.36+(KHTML,+like+Gecko)+Chrome/59.0.3071.115+Safari/537.36 http://localhost:44302/Todo 302 0 0 12
2017-07-03 12:48:52 ::1 GET / - 44302 - ::1 Mozilla/5.0+(Windows+NT+10.0;+Win64;+x64)+AppleWebKit/537.36+(KHTML,+like+Gecko)+Chrome/59.0.3071.115+Safari/537.36 - 200 0 0 12
2017-07-03 12:48:52 ::1 GET /__browserLink/requestData/8e7f90c1db0849fead39a3354f2d6ce8 version=2 44302 - ::1 Mozilla/5.0+(Windows+NT+10.0;+Win64;+x64)+AppleWebKit/537.36+(KHTML,+like+Gecko)+Chrome/59.0.3071.115+Safari/537.36 http://localhost:44302/ 200 0 0 9
2017-07-03 12:48:56 ::1 GET /Account/SignIn - 44302 - ::1 Mozilla/5.0+(Windows+NT+10.0;+Win64;+x64)+AppleWebKit/537.36+(KHTML,+like+Gecko)+Chrome/59.0.3071.115+Safari/537.36 http://localhost:44302/ 302 0 0 12
2017-07-03 12:48:56 ::1 POST / - 44302 - ::1 Mozilla/5.0+(Windows+NT+10.0;+Win64;+x64)+AppleWebKit/537.36+(KHTML,+like+Gecko)+Chrome/59.0.3071.115+Safari/537.36 - 302 0 0 50
2017-07-03 12:48:56 ::1 GET / - 44302 ganesh.kumbhar@gorillaexpense.com ::1 Mozilla/5.0+(Windows+NT+10.0;+Win64;+x64)+AppleWebKit/537.36+(KHTML,+like+Gecko)+Chrome/59.0.3071.115+Safari/537.36 - 200 0 0 10
2017-07-03 12:48:56 ::1 GET /__browserLink/requestData/d0c42de1bee941308b3631e3bbdf4e5e version=2 44302 ganesh.kumbhar@gorillaexpense.com ::1 Mozilla/5.0+(Windows+NT+10.0;+Win64;+x64)+AppleWebKit/537.36+(KHTML,+like+Gecko)+Chrome/59.0.3071.115+Safari/537.36 http://localhost:44302/ 200 0 0 7
2017-07-03 12:49:01 ::1 GET /Account/SignOut - 44302 ganesh.kumbhar@gorillaexpense.com ::1 Mozilla/5.0+(Windows+NT+10.0;+Win64;+x64)+AppleWebKit/537.36+(KHTML,+like+Gecko)+Chrome/59.0.3071.115+Safari/537.36 http://localhost:44302/ 302 0 0 11
2017-07-03 12:49:07 ::1 GET /Account/SignOut - 44302 - ::1 Mozilla/5.0+(Windows+NT+10.0;+Win64;+x64)+AppleWebKit/537.36+(KHTML,+like+Gecko)+Chrome/59.0.3071.115+Safari/537.36 http://localhost:44302/ 302 0 0 8
2017-07-03 12:51:02 ::1 GET / - 44302 - ::1 Mozilla/5.0+(Windows+NT+10.0;+Win64;+x64)+AppleWebKit/537.36+(KHTML,+like+Gecko)+Chrome/59.0.3071.115+Safari/537.36 - 200 0 0 11
2017-07-03 12:51:02 ::1 GET /__browserLink/requestData/fc91d42bff304d169c2a89d93a4c1c36 version=2 44302 - ::1 Mozilla/5.0+(Windows+NT+10.0;+Win64;+x64)+AppleWebKit/537.36+(KHTML,+like+Gecko)+Chrome/59.0.3071.115+Safari/537.36 http://localhost:44302/ 200 0 0 6
2017-07-03 12:51:07 ::1 GET /Account/SignIn - 44302 - ::1 Mozilla/5.0+(Windows+NT+10.0;+Win64;+x64)+AppleWebKit/537.36+(KHTML,+like+Gecko)+Chrome/59.0.3071.115+Safari/537.36 http://localhost:44302/ 302 0 0 14
2017-07-03 12:51:14 ::1 POST / - 44302 - ::1 Mozilla/5.0+(Windows+NT+10.0;+Win64;+x64)+AppleWebKit/537.36+(KHTML,+like+Gecko)+Chrome/59.0.3071.115+Safari/537.36 - 302 0 0 54
2017-07-03 12:51:14 ::1 GET / - 44302 ganesh.kumbhar@gorillaexpense.com ::1 Mozilla/5.0+(Windows+NT+10.0;+Win64;+x64)+AppleWebKit/537.36+(KHTML,+like+Gecko)+Chrome/59.0.3071.115+Safari/537.36 - 200 0 0 11
2017-07-03 12:51:14 ::1 GET /__browserLink/requestData/671d485c9e5e4a37b357aca4c8f0c9d2 version=2 44302 ganesh.kumbhar@gorillaexpense.com ::1 Mozilla/5.0+(Windows+NT+10.0;+Win64;+x64)+AppleWebKit/537.36+(KHTML,+like+Gecko)+Chrome/59.0.3071.115+Safari/537.36 http://localhost:44302/ 200 0 0 12
#Software: Microsoft Internet Information Services 8.0
#Version: 1.0
#Date: 2017-07-03 12:51:51
#Fields: date time s-ip cs-method cs-uri-stem cs-uri-query s-port cs-username c-ip cs(User-Agent) cs(Referer) sc-status sc-substatus sc-win32-status time-taken
2017-07-03 12:51:51 ::1 GET / - 44302 ganesh.kumbhar@gorillaexpense.com ::1 Mozilla/5.0+(Windows+NT+10.0;+Win64;+x64)+AppleWebKit/537.36+(KHTML,+like+Gecko)+Chrome/59.0.3071.115+Safari/537.36 - 200 0 0 20713
2017-07-03 12:51:51 ::1 GET /__browserLink/requestData/ba6b2abf65c345da9aa9667fefd88e5f version=2 44302 ganesh.kumbhar@gorillaexpense.com ::1 Mozilla/5.0+(Windows+NT+10.0;+Win64;+x64)+AppleWebKit/537.36+(KHTML,+like+Gecko)+Chrome/59.0.3071.115+Safari/537.36 http://localhost:44302/ 200 0 0 22
2017-07-03 13:03:37 ::1 GET /Todo - 44302 ganesh.kumbhar@gorillaexpense.com ::1 Mozilla/5.0+(Windows+NT+10.0;+Win64;+x64)+AppleWebKit/537.36+(KHTML,+like+Gecko)+Chrome/59.0.3071.115+Safari/537.36 http://localhost:44302/ 200 0 0 4112
2017-07-03 13:03:37 ::1 GET /__browserLink/requestData/2ea82e9d0e88474dbd849cb40a7a5c46 version=2 44302 ganesh.kumbhar@gorillaexpense.com ::1 Mozilla/5.0+(Windows+NT+10.0;+Win64;+x64)+AppleWebKit/537.36+(KHTML,+like+Gecko)+Chrome/59.0.3071.115+Safari/537.36 http://localhost:44302/Todo 200 0 0 7
2017-07-03 13:03:41 ::1 GET /Todo/Edit/1 - 44302 ganesh.kumbhar@gorillaexpense.com ::1 Mozilla/5.0+(Windows+NT+10.0;+Win64;+x64)+AppleWebKit/537.36+(KHTML,+like+Gecko)+Chrome/59.0.3071.115+Safari/537.36 http://localhost:44302/Todo 200 0 0 280
2017-07-03 13:03:41 ::1 GET /__browserLink/requestData/47508600c8a04331bcc41a46416f18a4 version=2 44302 ganesh.kumbhar@gorillaexpense.com ::1 Mozilla/5.0+(Windows+NT+10.0;+Win64;+x64)+AppleWebKit/537.36+(KHTML,+like+Gecko)+Chrome/59.0.3071.115+Safari/537.36 http://localhost:44302/Todo/Edit/1 200 0 0 13
2017-07-03 13:03:43 ::1 GET /Todo - 44302 ganesh.kumbhar@gorillaexpense.com ::1 Mozilla/5.0+(Windows+NT+10.0;+Win64;+x64)+AppleWebKit/537.36+(KHTML,+like+Gecko)+Chrome/59.0.3071.115+Safari/537.36 http://localhost:44302/Todo/Edit/1 200 0 0 37
2017-07-03 13:03:43 ::1 GET /__browserLink/requestData/f72469ebbff040b9b4f8cb5ba6a2245f version=2 44302 ganesh.kumbhar@gorillaexpense.com ::1 Mozilla/5.0+(Windows+NT+10.0;+Win64;+x64)+AppleWebKit/537.36+(KHTML,+like+Gecko)+Chrome/59.0.3071.115+Safari/537.36 http://localhost:44302/Todo 200 0 0 7
2017-07-03 13:03:45 ::1 GET / - 44302 ganesh.kumbhar@gorillaexpense.com ::1 Mozilla/5.0+(Windows+NT+10.0;+Win64;+x64)+AppleWebKit/537.36+(KHTML,+like+Gecko)+Chrome/59.0.3071.115+Safari/537.36 http://localhost:44302/Todo 200 0 0 23
2017-07-03 13:03:45 ::1 GET /__browserLink/requestData/8448b94bcf884d2cb74df2c7db268199 version=2 44302 ganesh.kumbhar@gorillaexpense.com ::1 Mozilla/5.0+(Windows+NT+10.0;+Win64;+x64)+AppleWebKit/537.36+(KHTML,+like+Gecko)+Chrome/59.0.3071.115+Safari/537.36 http://localhost:44302/ 200 0 0 12
#Software: Microsoft Internet Information Services 8.0
#Version: 1.0
#Date: 2017-07-03 13:19:03
#Fields: date time s-ip cs-method cs-uri-stem cs-uri-query s-port cs-username c-ip cs(User-Agent) cs(Referer) sc-status sc-substatus sc-win32-status time-taken
2017-07-03 13:19:03 ::1 GET /Account/SignOut - 44302 ganesh.kumbhar@gorillaexpense.com ::1 Mozilla/5.0+(Windows+NT+10.0;+Win64;+x64)+AppleWebKit/537.36+(KHTML,+like+Gecko)+Chrome/59.0.3071.115+Safari/537.36 http://localhost:44302/ 302 0 0 458
2017-07-03 13:19:10 ::1 GET / - 44302 - ::1 Mozilla/5.0+(Windows+NT+10.0;+Win64;+x64)+AppleWebKit/537.36+(KHTML,+like+Gecko)+Chrome/59.0.3071.115+Safari/537.36 - 200 0 0 36
2017-07-03 13:19:10 ::1 GET /__browserLink/requestData/decab57b86ab405fbcca9751bd68dd69 version=2 44302 - ::1 Mozilla/5.0+(Windows+NT+10.0;+Win64;+x64)+AppleWebKit/537.36+(KHTML,+like+Gecko)+Chrome/59.0.3071.115+Safari/537.36 http://localhost:44302/ 200 0 0 8
2017-07-03 13:19:12 ::1 GET /Account/SignIn - 44302 - ::1 Mozilla/5.0+(Windows+NT+10.0;+Win64;+x64)+AppleWebKit/537.36+(KHTML,+like+Gecko)+Chrome/59.0.3071.115+Safari/537.36 http://localhost:44302/ 302 0 0 27
2017-07-03 13:22:04 ::1 POST / - 44302 - ::1 Mozilla/5.0+(Windows+NT+10.0;+Win64;+x64)+AppleWebKit/537.36+(KHTML,+like+Gecko)+Chrome/59.0.3071.115+Safari/537.36 - 200 0 0 35
2017-07-03 13:22:04 ::1 GET /__browserLink/requestData/7875826687ea4a5985a81408bcb4e71f version=2 44302 - ::1 Mozilla/5.0+(Windows+NT+10.0;+Win64;+x64)+AppleWebKit/537.36+(KHTML,+like+Gecko)+Chrome/59.0.3071.115+Safari/537.36 http://localhost:44302/ 200 0 0 10
2017-07-03 13:22:11 ::1 GET /Account/SignIn - 44302 - ::1 Mozilla/5.0+(Windows+NT+10.0;+Win64;+x64)+AppleWebKit/537.36+(KHTML,+like+Gecko)+Chrome/59.0.3071.115+Safari/537.36 http://localhost:44302/ 302 0 0 16
2017-07-03 13:22:57 ::1 GET /Account/SignIn - 44302 - ::1 Mozilla/5.0+(Windows+NT+10.0;+Win64;+x64)+AppleWebKit/537.36+(KHTML,+like+Gecko)+Chrome/59.0.3071.115+Safari/537.36 http://localhost:44302/ 302 0 0 13
2017-07-03 13:23:07 ::1 GET /Onboarding/SignUp - 44302 - ::1 Mozilla/5.0+(Windows+NT+10.0;+Win64;+x64)+AppleWebKit/537.36+(KHTML,+like+Gecko)+Chrome/59.0.3071.115+Safari/537.36 http://localhost:44302/ 200 0 0 219
2017-07-03 13:23:07 ::1 GET /bundles/jqueryval - 44302 - ::1 Mozilla/5.0+(Windows+NT+10.0;+Win64;+x64)+AppleWebKit/537.36+(KHTML,+like+Gecko)+Chrome/59.0.3071.115+Safari/537.36 http://localhost:44302/Onboarding/SignUp 404 0 0 122
2017-07-03 13:23:07 ::1 GET /__browserLink/requestData/32d14a143d1a49cf844ea57da23dea07 version=2 44302 - ::1 Mozilla/5.0+(Windows+NT+10.0;+Win64;+x64)+AppleWebKit/537.36+(KHTML,+like+Gecko)+Chrome/59.0.3071.115+Safari/537.36 http://localhost:44302/Onboarding/SignUp 200 0 0 9
2017-07-03 13:23:30 ::1 POST /Onboarding/SignUp - 44302 - ::1 Mozilla/5.0+(Windows+NT+10.0;+Win64;+x64)+AppleWebKit/537.36+(KHTML,+like+Gecko)+Chrome/59.0.3071.115+Safari/537.36 http://localhost:44302/Onboarding/SignUp 302 0 0 4839
