#Software: Microsoft Internet Information Services 8.0
#Version: 1.0
#Date: 2017-04-15 12:10:12
#Fields: date time s-ip cs-method cs-uri-stem cs-uri-query s-port cs-username c-ip cs(User-Agent) cs(Referer) sc-status sc-substatus sc-win32-status time-taken
2017-04-15 12:10:12 ::1 GET / - 51722 - ::1 Mozilla/5.0+(Windows+NT+10.0;+WOW64)+AppleWebKit/537.36+(KHTML,+like+Gecko)+Chrome/57.0.2987.133+Safari/537.36 - 500 0 0 29887
2017-04-15 12:10:55 ::1 GET /User/LogOn - 51722 - ::1 Mozilla/5.0+(Windows+NT+10.0;+WOW64)+AppleWebKit/537.36+(KHTML,+like+Gecko)+Chrome/57.0.2987.133+Safari/537.36 - 200 0 0 32207
2017-04-15 12:10:57 ::1 GET /__browserLink/requestData/66cbb686c3fe4202b70e025bd1080014 version=2 51722 - ::1 Mozilla/5.0+(Windows+NT+10.0;+WOW64)+AppleWebKit/537.36+(KHTML,+like+Gecko)+Chrome/57.0.2987.133+Safari/537.36 http://localhost:51722/User/LogOn 200 0 0 118
#Software: Microsoft Internet Information Services 8.0
#Version: 1.0
#Date: 2017-04-15 12:13:22
#Fields: date time s-ip cs-method cs-uri-stem cs-uri-query s-port cs-username c-ip cs(User-Agent) cs(Referer) sc-status sc-substatus sc-win32-status time-taken
2017-04-15 12:13:22 ::1 GET / - 51722 - ::1 Mozilla/5.0+(Windows+NT+10.0;+WOW64)+AppleWebKit/537.36+(KHTML,+like+Gecko)+Chrome/57.0.2987.133+Safari/537.36 - 302 0 0 13037
2017-04-15 12:13:33 ::1 GET /User/LogOn - 51722 - ::1 Mozilla/5.0+(Windows+NT+10.0;+WOW64)+AppleWebKit/537.36+(KHTML,+like+Gecko)+Chrome/57.0.2987.133+Safari/537.36 - 200 0 0 11714
2017-04-15 12:13:34 ::1 GET /__browserLink/requestData/e0304f2612924821a3bf8803ee307ae2 version=2 51722 - ::1 Mozilla/5.0+(Windows+NT+10.0;+WOW64)+AppleWebKit/537.36+(KHTML,+like+Gecko)+Chrome/57.0.2987.133+Safari/537.36 http://localhost:51722/User/LogOn 200 0 0 94
2017-04-15 12:14:25 ::1 POST /User/LogOn - 51722 - ::1 Mozilla/5.0+(Windows+NT+10.0;+WOW64)+AppleWebKit/537.36+(KHTML,+like+Gecko)+Chrome/57.0.2987.133+Safari/537.36 http://localhost:51722/User/LogOn 200 0 0 36584
2017-04-15 12:14:25 ::1 GET /__browserLink/requestData/f24c3e2cb5624078988b556d48df8909 version=2 51722 - ::1 Mozilla/5.0+(Windows+NT+10.0;+WOW64)+AppleWebKit/537.36+(KHTML,+like+Gecko)+Chrome/57.0.2987.133+Safari/537.36 http://localhost:51722/User/LogOn 200 0 0 26
2017-04-15 12:16:03 ::1 POST /User/LogOn - 51722 - ::1 Mozilla/5.0+(Windows+NT+10.0;+WOW64)+AppleWebKit/537.36+(KHTML,+like+Gecko)+Chrome/57.0.2987.133+Safari/537.36 http://localhost:51722/User/LogOn 200 0 0 91527
2017-04-15 12:16:03 ::1 GET /__browserLink/requestData/7e4937aca69d489ab9fe51bb808c42ea version=2 51722 - ::1 Mozilla/5.0+(Windows+NT+10.0;+WOW64)+AppleWebKit/537.36+(KHTML,+like+Gecko)+Chrome/57.0.2987.133+Safari/537.36 http://localhost:51722/User/LogOn 200 0 0 18
2017-04-15 12:16:20 ::1 POST /User/LogOn - 51722 - ::1 Mozilla/5.0+(Windows+NT+10.0;+WOW64)+AppleWebKit/537.36+(KHTML,+like+Gecko)+Chrome/57.0.2987.133+Safari/537.36 http://localhost:51722/User/LogOn 200 0 0 3432
2017-04-15 12:16:20 ::1 GET /__browserLink/requestData/963de95e77b744a097a7a2d8f5097327 version=2 51722 - ::1 Mozilla/5.0+(Windows+NT+10.0;+WOW64)+AppleWebKit/537.36+(KHTML,+like+Gecko)+Chrome/57.0.2987.133+Safari/537.36 http://localhost:51722/User/LogOn 200 0 0 25
2017-04-15 12:16:49 ::1 POST /User/LogOn - 51722 - ::1 Mozilla/5.0+(Windows+NT+10.0;+WOW64)+AppleWebKit/537.36+(KHTML,+like+Gecko)+Chrome/57.0.2987.133+Safari/537.36 http://localhost:51722/User/LogOn 302 0 0 17446
2017-04-15 12:16:49 ::1 GET / - 51722 - ::1 Mozilla/5.0+(Windows+NT+10.0;+WOW64)+AppleWebKit/537.36+(KHTML,+like+Gecko)+Chrome/57.0.2987.133+Safari/537.36 http://localhost:51722/User/LogOn 302 0 0 43
2017-04-15 12:17:01 ::1 GET /Dashboard/ViewDashboard - 51722 - ::1 Mozilla/5.0+(Windows+NT+10.0;+WOW64)+AppleWebKit/537.36+(KHTML,+like+Gecko)+Chrome/57.0.2987.133+Safari/537.36 http://localhost:51722/User/LogOn 200 0 0 11793
2017-04-15 12:17:02 ::1 GET /__browserLink/requestData/0ef3a272e79e4822a3152734b6d40286 version=2 51722 - ::1 Mozilla/5.0+(Windows+NT+10.0;+WOW64)+AppleWebKit/537.36+(KHTML,+like+Gecko)+Chrome/57.0.2987.133+Safari/537.36 http://localhost:51722/Dashboard/ViewDashboard 200 0 0 161
2017-04-15 12:17:02 ::1 GET /Dashboard/getAjaxTab/1 sDate=null&eDate=null 51722 - ::1 Mozilla/5.0+(Windows+NT+10.0;+WOW64)+AppleWebKit/537.36+(KHTML,+like+Gecko)+Chrome/57.0.2987.133+Safari/537.36 http://localhost:51722/Dashboard/ViewDashboard 200 0 0 733
2017-04-15 12:17:02 ::1 GET /Scripts/v2/easy.pie.chart/jquery.easing.1.3.js _=1492258622864 51722 - ::1 Mozilla/5.0+(Windows+NT+10.0;+WOW64)+AppleWebKit/537.36+(KHTML,+like+Gecko)+Chrome/57.0.2987.133+Safari/537.36 http://localhost:51722/Dashboard/ViewDashboard 200 0 0 25
2017-04-15 12:17:02 ::1 GET /Scripts/v2/easy.pie.chart/jquery.easypiechart.min.js _=1492258622940 51722 - ::1 Mozilla/5.0+(Windows+NT+10.0;+WOW64)+AppleWebKit/537.36+(KHTML,+like+Gecko)+Chrome/57.0.2987.133+Safari/537.36 http://localhost:51722/Dashboard/ViewDashboard 200 0 0 14
2017-04-15 12:17:02 ::1 GET /Scripts/v2/morris.charts/morris.min.js _=1492258622972 51722 - ::1 Mozilla/5.0+(Windows+NT+10.0;+WOW64)+AppleWebKit/537.36+(KHTML,+like+Gecko)+Chrome/57.0.2987.133+Safari/537.36 http://localhost:51722/Dashboard/ViewDashboard 200 0 0 18
2017-04-15 12:17:02 ::1 GET /Scripts/v2/morris.charts/raphael.min.js _=1492258623064 51722 - ::1 Mozilla/5.0+(Windows+NT+10.0;+WOW64)+AppleWebKit/537.36+(KHTML,+like+Gecko)+Chrome/57.0.2987.133+Safari/537.36 http://localhost:51722/Dashboard/ViewDashboard 200 0 0 33
2017-04-15 12:17:05 ::1 GET /Dashboard/GetExpenseApprovals/ sDate=null&eDate=null 51722 - ::1 Mozilla/5.0+(Windows+NT+10.0;+WOW64)+AppleWebKit/537.36+(KHTML,+like+Gecko)+Chrome/57.0.2987.133+Safari/537.36 http://localhost:51722/Dashboard/ViewDashboard 200 0 0 1948
2017-04-15 12:17:05 ::1 GET /Dashboard/GetExpenseSubmissions/ sDate=null&eDate=null 51722 - ::1 Mozilla/5.0+(Windows+NT+10.0;+WOW64)+AppleWebKit/537.36+(KHTML,+like+Gecko)+Chrome/57.0.2987.133+Safari/537.36 http://localhost:51722/Dashboard/ViewDashboard 200 0 0 2423
2017-04-15 12:17:06 ::1 GET /Dashboard/GetPayMethodsAmount/ sDate=null&eDate=null 51722 - ::1 Mozilla/5.0+(Windows+NT+10.0;+WOW64)+AppleWebKit/537.36+(KHTML,+like+Gecko)+Chrome/57.0.2987.133+Safari/537.36 http://localhost:51722/Dashboard/ViewDashboard 200 0 0 3550
2017-04-15 12:17:07 ::1 GET /Dashboard/GetExpenseTypesAmount/ sDate=null&eDate=null 51722 - ::1 Mozilla/5.0+(Windows+NT+10.0;+WOW64)+AppleWebKit/537.36+(KHTML,+like+Gecko)+Chrome/57.0.2987.133+Safari/537.36 http://localhost:51722/Dashboard/ViewDashboard 200 0 0 4699
2017-04-15 12:17:09 ::1 GET /Dashboard/GetExpensePostings/ sDate=null&eDate=null 51722 - ::1 Mozilla/5.0+(Windows+NT+10.0;+WOW64)+AppleWebKit/537.36+(KHTML,+like+Gecko)+Chrome/57.0.2987.133+Safari/537.36 http://localhost:51722/Dashboard/ViewDashboard 200 0 0 5842
