#Software: Microsoft Internet Information Services 8.0
#Version: 1.0
#Date: 2017-06-20 11:08:18
#Fields: date time s-ip cs-method cs-uri-stem cs-uri-query s-port cs-username c-ip cs(User-Agent) cs(Referer) sc-status sc-substatus sc-win32-status time-taken
2017-06-20 11:08:18 ::1 GET / - 51722 - ::1 Mozilla/5.0+(Windows+NT+10.0;+Win64;+x64)+AppleWebKit/537.36+(KHTML,+like+Gecko)+Chrome/58.0.3029.110+Safari/537.36 - 302 0 0 34981
2017-06-20 11:08:32 ::1 GET /User/LogOn - 51722 - ::1 Mozilla/5.0+(Windows+NT+10.0;+Win64;+x64)+AppleWebKit/537.36+(KHTML,+like+Gecko)+Chrome/58.0.3029.110+Safari/537.36 - 200 0 0 14190
2017-06-20 11:08:32 ::1 GET /User/assets/pages/img/login/bg1.jpg - 51722 - ::1 Mozilla/5.0+(Windows+NT+10.0;+Win64;+x64)+AppleWebKit/537.36+(KHTML,+like+Gecko)+Chrome/58.0.3029.110+Safari/537.36 http://localhost:51722/User/LogOn 404 0 2 57
2017-06-20 11:10:33 ::1 POST /User/LogOn - 51722 - ::1 Mozilla/5.0+(Windows+NT+10.0;+Win64;+x64)+AppleWebKit/537.36+(KHTML,+like+Gecko)+Chrome/58.0.3029.110+Safari/537.36 http://localhost:51722/User/LogOn 302 0 0 89319
2017-06-20 11:10:33 ::1 GET / - 51722 - ::1 Mozilla/5.0+(Windows+NT+10.0;+Win64;+x64)+AppleWebKit/537.36+(KHTML,+like+Gecko)+Chrome/58.0.3029.110+Safari/537.36 http://localhost:51722/User/LogOn 302 0 0 48
2017-06-20 11:10:50 ::1 GET /Dashboard/ViewDashboard - 51722 - ::1 Mozilla/5.0+(Windows+NT+10.0;+Win64;+x64)+AppleWebKit/537.36+(KHTML,+like+Gecko)+Chrome/58.0.3029.110+Safari/537.36 http://localhost:51722/User/LogOn 200 0 0 16823
2017-06-20 11:10:51 ::1 GET /__browserLink/requestData/8d99cca6deaa406488a2deec078c1b92 version=2 51722 - ::1 Mozilla/5.0+(Windows+NT+10.0;+Win64;+x64)+AppleWebKit/537.36+(KHTML,+like+Gecko)+Chrome/58.0.3029.110+Safari/537.36 http://localhost:51722/Dashboard/ViewDashboard 200 0 0 376
2017-06-20 11:10:53 ::1 GET /Dashboard/getAjaxTab/1 sDate=null&eDate=null 51722 - ::1 Mozilla/5.0+(Windows+NT+10.0;+Win64;+x64)+AppleWebKit/537.36+(KHTML,+like+Gecko)+Chrome/58.0.3029.110+Safari/537.36 http://localhost:51722/Dashboard/ViewDashboard 200 0 0 2573
2017-06-20 11:10:53 ::1 GET /Scripts/v2/easy.pie.chart/jquery.easing.1.3.js _=1497957053873 51722 - ::1 Mozilla/5.0+(Windows+NT+10.0;+Win64;+x64)+AppleWebKit/537.36+(KHTML,+like+Gecko)+Chrome/58.0.3029.110+Safari/537.36 http://localhost:51722/Dashboard/ViewDashboard 200 0 0 39
2017-06-20 11:10:53 ::1 GET /Scripts/v2/easy.pie.chart/jquery.easypiechart.min.js _=1497957053938 51722 - ::1 Mozilla/5.0+(Windows+NT+10.0;+Win64;+x64)+AppleWebKit/537.36+(KHTML,+like+Gecko)+Chrome/58.0.3029.110+Safari/537.36 http://localhost:51722/Dashboard/ViewDashboard 200 0 0 18
2017-06-20 11:10:53 ::1 GET /Scripts/v2/morris.charts/morris.min.js _=1497957053968 51722 - ::1 Mozilla/5.0+(Windows+NT+10.0;+Win64;+x64)+AppleWebKit/537.36+(KHTML,+like+Gecko)+Chrome/58.0.3029.110+Safari/537.36 http://localhost:51722/Dashboard/ViewDashboard 200 0 0 29
2017-06-20 11:10:53 ::1 GET /Scripts/v2/morris.charts/raphael.min.js _=1497957054005 51722 - ::1 Mozilla/5.0+(Windows+NT+10.0;+Win64;+x64)+AppleWebKit/537.36+(KHTML,+like+Gecko)+Chrome/58.0.3029.110+Safari/537.36 http://localhost:51722/Dashboard/ViewDashboard 200 0 0 35
2017-06-20 11:11:05 ::1 GET /Dashboard/GetExpenseApprovals/ sDate=null&eDate=null 51722 - ::1 Mozilla/5.0+(Windows+NT+10.0;+Win64;+x64)+AppleWebKit/537.36+(KHTML,+like+Gecko)+Chrome/58.0.3029.110+Safari/537.36 http://localhost:51722/Dashboard/ViewDashboard 200 0 0 11190
2017-06-20 11:11:14 ::1 GET /Dashboard/GetExpenseTypesAmount/ sDate=null&eDate=null 51722 - ::1 Mozilla/5.0+(Windows+NT+10.0;+Win64;+x64)+AppleWebKit/537.36+(KHTML,+like+Gecko)+Chrome/58.0.3029.110+Safari/537.36 http://localhost:51722/Dashboard/ViewDashboard 200 0 0 20303
2017-06-20 11:11:25 ::1 GET /Dashboard/GetPayMethodsAmount/ sDate=null&eDate=null 51722 - ::1 Mozilla/5.0+(Windows+NT+10.0;+Win64;+x64)+AppleWebKit/537.36+(KHTML,+like+Gecko)+Chrome/58.0.3029.110+Safari/537.36 http://localhost:51722/Dashboard/ViewDashboard 200 0 0 30987
2017-06-20 11:12:02 ::1 GET /User - 51722 - ::1 Mozilla/5.0+(Windows+NT+10.0;+Win64;+x64)+AppleWebKit/537.36+(KHTML,+like+Gecko)+Chrome/58.0.3029.110+Safari/537.36 http://localhost:51722/Dashboard/ViewDashboard 200 0 0 66382
2017-06-20 11:12:02 ::1 GET /__browserLink/requestData/8bdc3b4cf1a940aa848158440a91986c version=2 51722 - ::1 Mozilla/5.0+(Windows+NT+10.0;+Win64;+x64)+AppleWebKit/537.36+(KHTML,+like+Gecko)+Chrome/58.0.3029.110+Safari/537.36 http://localhost:51722/User 200 0 64 229
2017-06-20 11:12:09 ::1 GET /Dashboard/GetExpenseSubmissions/ sDate=null&eDate=null 51722 - ::1 Mozilla/5.0+(Windows+NT+10.0;+Win64;+x64)+AppleWebKit/537.36+(KHTML,+like+Gecko)+Chrome/58.0.3029.110+Safari/537.36 http://localhost:51722/Dashboard/ViewDashboard 200 0 64 75780
2017-06-20 11:12:11 ::1 GET /AjaxCall/GetBusinessUnitList/ CompanyId=0 51722 - ::1 Mozilla/5.0+(Windows+NT+10.0;+Win64;+x64)+AppleWebKit/537.36+(KHTML,+like+Gecko)+Chrome/58.0.3029.110+Safari/537.36 http://localhost:51722/User 200 0 64 8143
2017-06-20 11:12:22 ::1 GET /Dashboard/GetExpensePostings/ sDate=null&eDate=null 51722 - ::1 Mozilla/5.0+(Windows+NT+10.0;+Win64;+x64)+AppleWebKit/537.36+(KHTML,+like+Gecko)+Chrome/58.0.3029.110+Safari/537.36 http://localhost:51722/Dashboard/ViewDashboard 200 0 64 88057
2017-06-20 11:12:22 ::1 GET /AjaxCall/GetCompanyList/ - 51722 - ::1 Mozilla/5.0+(Windows+NT+10.0;+Win64;+x64)+AppleWebKit/537.36+(KHTML,+like+Gecko)+Chrome/58.0.3029.110+Safari/537.36 http://localhost:51722/User 200 0 64 19710
#Software: Microsoft Internet Information Services 8.0
#Version: 1.0
#Date: 2017-06-20 11:16:49
#Fields: date time s-ip cs-method cs-uri-stem cs-uri-query s-port cs-username c-ip cs(User-Agent) cs(Referer) sc-status sc-substatus sc-win32-status time-taken
2017-06-20 11:16:49 ::1 GET / - 51722 - ::1 Mozilla/5.0+(Windows+NT+10.0;+Win64;+x64)+AppleWebKit/537.36+(KHTML,+like+Gecko)+Chrome/58.0.3029.110+Safari/537.36 - 302 0 0 13353
2017-06-20 11:16:56 ::1 GET /User/LogOn - 51722 - ::1 Mozilla/5.0+(Windows+NT+10.0;+Win64;+x64)+AppleWebKit/537.36+(KHTML,+like+Gecko)+Chrome/58.0.3029.110+Safari/537.36 - 200 0 0 6907
2017-06-20 11:16:56 ::1 GET /User/assets/pages/img/login/bg1.jpg - 51722 - ::1 Mozilla/5.0+(Windows+NT+10.0;+Win64;+x64)+AppleWebKit/537.36+(KHTML,+like+Gecko)+Chrome/58.0.3029.110+Safari/537.36 http://localhost:51722/User/LogOn 404 0 2 14
2017-06-20 11:17:32 ::1 POST /User/LogOn - 51722 - ::1 Mozilla/5.0+(Windows+NT+10.0;+Win64;+x64)+AppleWebKit/537.36+(KHTML,+like+Gecko)+Chrome/58.0.3029.110+Safari/537.36 http://localhost:51722/User/LogOn 302 0 0 20061
2017-06-20 11:17:32 ::1 GET / - 51722 - ::1 Mozilla/5.0+(Windows+NT+10.0;+Win64;+x64)+AppleWebKit/537.36+(KHTML,+like+Gecko)+Chrome/58.0.3029.110+Safari/537.36 http://localhost:51722/User/LogOn 302 0 0 9
2017-06-20 11:17:46 ::1 GET /Dashboard/ViewDashboard - 51722 - ::1 Mozilla/5.0+(Windows+NT+10.0;+Win64;+x64)+AppleWebKit/537.36+(KHTML,+like+Gecko)+Chrome/58.0.3029.110+Safari/537.36 http://localhost:51722/User/LogOn 200 0 0 13191
2017-06-20 11:17:46 ::1 GET /__browserLink/requestData/beae24d418be4824a7bafbbb422bf522 version=2 51722 - ::1 Mozilla/5.0+(Windows+NT+10.0;+Win64;+x64)+AppleWebKit/537.36+(KHTML,+like+Gecko)+Chrome/58.0.3029.110+Safari/537.36 http://localhost:51722/Dashboard/ViewDashboard 200 0 0 26
2017-06-20 11:17:48 ::1 GET /Dashboard/getAjaxTab/1 sDate=null&eDate=null 51722 - ::1 Mozilla/5.0+(Windows+NT+10.0;+Win64;+x64)+AppleWebKit/537.36+(KHTML,+like+Gecko)+Chrome/58.0.3029.110+Safari/537.36 http://localhost:51722/Dashboard/ViewDashboard 200 0 0 2100
2017-06-20 11:17:48 ::1 GET /Scripts/v2/easy.pie.chart/jquery.easing.1.3.js _=1497957468644 51722 - ::1 Mozilla/5.0+(Windows+NT+10.0;+Win64;+x64)+AppleWebKit/537.36+(KHTML,+like+Gecko)+Chrome/58.0.3029.110+Safari/537.36 http://localhost:51722/Dashboard/ViewDashboard 200 0 0 22
2017-06-20 11:17:48 ::1 GET /Scripts/v2/easy.pie.chart/jquery.easypiechart.min.js _=1497957468671 51722 - ::1 Mozilla/5.0+(Windows+NT+10.0;+Win64;+x64)+AppleWebKit/537.36+(KHTML,+like+Gecko)+Chrome/58.0.3029.110+Safari/537.36 http://localhost:51722/Dashboard/ViewDashboard 200 0 0 18
2017-06-20 11:17:48 ::1 GET /Scripts/v2/morris.charts/morris.min.js _=1497957468701 51722 - ::1 Mozilla/5.0+(Windows+NT+10.0;+Win64;+x64)+AppleWebKit/537.36+(KHTML,+like+Gecko)+Chrome/58.0.3029.110+Safari/537.36 http://localhost:51722/Dashboard/ViewDashboard 200 0 0 19
2017-06-20 11:17:48 ::1 GET /Scripts/v2/morris.charts/raphael.min.js _=1497957468738 51722 - ::1 Mozilla/5.0+(Windows+NT+10.0;+Win64;+x64)+AppleWebKit/537.36+(KHTML,+like+Gecko)+Chrome/58.0.3029.110+Safari/537.36 http://localhost:51722/Dashboard/ViewDashboard 200 0 0 27
2017-06-20 11:18:00 ::1 GET /Dashboard/GetExpenseApprovals/ sDate=null&eDate=null 51722 - ::1 Mozilla/5.0+(Windows+NT+10.0;+Win64;+x64)+AppleWebKit/537.36+(KHTML,+like+Gecko)+Chrome/58.0.3029.110+Safari/537.36 http://localhost:51722/Dashboard/ViewDashboard 200 0 0 11862
2017-06-20 11:18:00 ::1 GET /User/LogOff - 51722 - ::1 Mozilla/5.0+(Windows+NT+10.0;+Win64;+x64)+AppleWebKit/537.36+(KHTML,+like+Gecko)+Chrome/58.0.3029.110+Safari/537.36 http://localhost:51722/Dashboard/ViewDashboard 302 0 0 9132
2017-06-20 11:18:00 ::1 GET / - 51722 - ::1 Mozilla/5.0+(Windows+NT+10.0;+Win64;+x64)+AppleWebKit/537.36+(KHTML,+like+Gecko)+Chrome/58.0.3029.110+Safari/537.36 http://localhost:51722/Dashboard/ViewDashboard 302 0 0 45
2017-06-20 11:18:02 ::1 GET /User/LogOn - 51722 - ::1 Mozilla/5.0+(Windows+NT+10.0;+Win64;+x64)+AppleWebKit/537.36+(KHTML,+like+Gecko)+Chrome/58.0.3029.110+Safari/537.36 http://localhost:51722/Dashboard/ViewDashboard 200 0 0 1812
2017-06-20 11:18:02 ::1 GET /User/assets/pages/img/login/bg1.jpg - 51722 - ::1 Mozilla/5.0+(Windows+NT+10.0;+Win64;+x64)+AppleWebKit/537.36+(KHTML,+like+Gecko)+Chrome/58.0.3029.110+Safari/537.36 http://localhost:51722/User/LogOn 404 0 2 10
2017-06-20 11:18:11 ::1 POST /User/LogOn - 51722 - ::1 Mozilla/5.0+(Windows+NT+10.0;+Win64;+x64)+AppleWebKit/537.36+(KHTML,+like+Gecko)+Chrome/58.0.3029.110+Safari/537.36 http://localhost:51722/User/LogOn 302 0 0 5434
2017-06-20 11:18:11 ::1 GET / - 51722 - ::1 Mozilla/5.0+(Windows+NT+10.0;+Win64;+x64)+AppleWebKit/537.36+(KHTML,+like+Gecko)+Chrome/58.0.3029.110+Safari/537.36 http://localhost:51722/User/LogOn 302 0 0 7
2017-06-20 11:18:16 ::1 GET /Dashboard/GetExpensePostings/ sDate=null&eDate=null 51722 - ::1 Mozilla/5.0+(Windows+NT+10.0;+Win64;+x64)+AppleWebKit/537.36+(KHTML,+like+Gecko)+Chrome/58.0.3029.110+Safari/537.36 http://localhost:51722/Dashboard/ViewDashboard 302 0 64 27178
2017-06-20 11:18:16 ::1 GET /Dashboard/GetExpenseTypesAmount/ sDate=null&eDate=null 51722 - ::1 Mozilla/5.0+(Windows+NT+10.0;+Win64;+x64)+AppleWebKit/537.36+(KHTML,+like+Gecko)+Chrome/58.0.3029.110+Safari/537.36 http://localhost:51722/Dashboard/ViewDashboard 302 0 64 27190
2017-06-20 11:18:16 ::1 GET /Dashboard/GetPayMethodsAmount/ sDate=null&eDate=null 51722 - ::1 Mozilla/5.0+(Windows+NT+10.0;+Win64;+x64)+AppleWebKit/537.36+(KHTML,+like+Gecko)+Chrome/58.0.3029.110+Safari/537.36 http://localhost:51722/Dashboard/ViewDashboard 302 0 64 27689
2017-06-20 11:18:17 ::1 GET /Dashboard/GetExpenseSubmissions/ sDate=null&eDate=null 51722 - ::1 Mozilla/5.0+(Windows+NT+10.0;+Win64;+x64)+AppleWebKit/537.36+(KHTML,+like+Gecko)+Chrome/58.0.3029.110+Safari/537.36 http://localhost:51722/Dashboard/ViewDashboard 302 0 64 28202
2017-06-20 11:18:17 ::1 GET /Dashboard/ViewDashboard - 51722 - ::1 Mozilla/5.0+(Windows+NT+10.0;+Win64;+x64)+AppleWebKit/537.36+(KHTML,+like+Gecko)+Chrome/58.0.3029.110+Safari/537.36 http://localhost:51722/User/LogOn 200 0 0 6238
2017-06-20 11:18:17 ::1 GET /__browserLink/requestData/cd8ded06133f4736b29a08ae71b3070c version=2 51722 - ::1 Mozilla/5.0+(Windows+NT+10.0;+Win64;+x64)+AppleWebKit/537.36+(KHTML,+like+Gecko)+Chrome/58.0.3029.110+Safari/537.36 http://localhost:51722/Dashboard/ViewDashboard 200 0 0 13
2017-06-20 11:18:19 ::1 GET /Dashboard/getAjaxTab/1 sDate=null&eDate=null 51722 - ::1 Mozilla/5.0+(Windows+NT+10.0;+Win64;+x64)+AppleWebKit/537.36+(KHTML,+like+Gecko)+Chrome/58.0.3029.110+Safari/537.36 http://localhost:51722/Dashboard/ViewDashboard 200 0 0 2182
2017-06-20 11:18:19 ::1 GET /Scripts/v2/easy.pie.chart/jquery.easing.1.3.js _=1497957499844 51722 - ::1 Mozilla/5.0+(Windows+NT+10.0;+Win64;+x64)+AppleWebKit/537.36+(KHTML,+like+Gecko)+Chrome/58.0.3029.110+Safari/537.36 http://localhost:51722/Dashboard/ViewDashboard 200 0 0 16
2017-06-20 11:18:19 ::1 GET /Scripts/v2/easy.pie.chart/jquery.easypiechart.min.js _=1497957499866 51722 - ::1 Mozilla/5.0+(Windows+NT+10.0;+Win64;+x64)+AppleWebKit/537.36+(KHTML,+like+Gecko)+Chrome/58.0.3029.110+Safari/537.36 http://localhost:51722/Dashboard/ViewDashboard 200 0 0 17
2017-06-20 11:18:19 ::1 GET /Scripts/v2/morris.charts/morris.min.js _=1497957499896 51722 - ::1 Mozilla/5.0+(Windows+NT+10.0;+Win64;+x64)+AppleWebKit/537.36+(KHTML,+like+Gecko)+Chrome/58.0.3029.110+Safari/537.36 http://localhost:51722/Dashboard/ViewDashboard 200 0 0 19
2017-06-20 11:18:19 ::1 GET /Scripts/v2/morris.charts/raphael.min.js _=1497957499925 51722 - ::1 Mozilla/5.0+(Windows+NT+10.0;+Win64;+x64)+AppleWebKit/537.36+(KHTML,+like+Gecko)+Chrome/58.0.3029.110+Safari/537.36 http://localhost:51722/Dashboard/ViewDashboard 200 0 0 18
#Software: Microsoft Internet Information Services 8.0
#Version: 1.0
#Date: 2017-06-20 11:18:37
#Fields: date time s-ip cs-method cs-uri-stem cs-uri-query s-port cs-username c-ip cs(User-Agent) cs(Referer) sc-status sc-substatus sc-win32-status time-taken
2017-06-20 11:18:37 ::1 GET / - 51722 - ::1 Mozilla/5.0+(Windows+NT+10.0;+Win64;+x64)+AppleWebKit/537.36+(KHTML,+like+Gecko)+Chrome/58.0.3029.110+Safari/537.36 - 302 0 0 6265
2017-06-20 11:18:42 ::1 GET /User/LogOn - 51722 - ::1 Mozilla/5.0+(Windows+NT+10.0;+Win64;+x64)+AppleWebKit/537.36+(KHTML,+like+Gecko)+Chrome/58.0.3029.110+Safari/537.36 - 200 0 0 5210
2017-06-20 11:18:42 ::1 GET /User/assets/pages/img/login/bg1.jpg - 51722 - ::1 Mozilla/5.0+(Windows+NT+10.0;+Win64;+x64)+AppleWebKit/537.36+(KHTML,+like+Gecko)+Chrome/58.0.3029.110+Safari/537.36 http://localhost:51722/User/LogOn 404 0 2 10
2017-06-20 11:20:05 ::1 POST /User/LogOn - 51722 - ::1 Mozilla/5.0+(Windows+NT+10.0;+Win64;+x64)+AppleWebKit/537.36+(KHTML,+like+Gecko)+Chrome/58.0.3029.110+Safari/537.36 http://localhost:51722/User/LogOn 302 0 0 79696
2017-06-20 11:20:05 ::1 GET / - 51722 - ::1 Mozilla/5.0+(Windows+NT+10.0;+Win64;+x64)+AppleWebKit/537.36+(KHTML,+like+Gecko)+Chrome/58.0.3029.110+Safari/537.36 http://localhost:51722/User/LogOn 302 0 0 67
2017-06-20 11:20:14 ::1 GET /Dashboard/ViewDashboard - 51722 - ::1 Mozilla/5.0+(Windows+NT+10.0;+Win64;+x64)+AppleWebKit/537.36+(KHTML,+like+Gecko)+Chrome/58.0.3029.110+Safari/537.36 http://localhost:51722/User/LogOn 200 0 0 8482
2017-06-20 11:20:14 ::1 GET /__browserLink/requestData/58facd7ffb4f4e2992734390c7fd3113 version=2 51722 - ::1 Mozilla/5.0+(Windows+NT+10.0;+Win64;+x64)+AppleWebKit/537.36+(KHTML,+like+Gecko)+Chrome/58.0.3029.110+Safari/537.36 http://localhost:51722/Dashboard/ViewDashboard 200 0 0 57
2017-06-20 11:20:17 ::1 GET /Dashboard/getAjaxTab/1 sDate=null&eDate=null 51722 - ::1 Mozilla/5.0+(Windows+NT+10.0;+Win64;+x64)+AppleWebKit/537.36+(KHTML,+like+Gecko)+Chrome/58.0.3029.110+Safari/537.36 http://localhost:51722/Dashboard/ViewDashboard 200 0 0 2485
2017-06-20 11:20:17 ::1 GET /Scripts/v2/easy.pie.chart/jquery.easing.1.3.js _=1497957617364 51722 - ::1 Mozilla/5.0+(Windows+NT+10.0;+Win64;+x64)+AppleWebKit/537.36+(KHTML,+like+Gecko)+Chrome/58.0.3029.110+Safari/537.36 http://localhost:51722/Dashboard/ViewDashboard 200 0 0 19
2017-06-20 11:20:17 ::1 GET /Scripts/v2/easy.pie.chart/jquery.easypiechart.min.js _=1497957617387 51722 - ::1 Mozilla/5.0+(Windows+NT+10.0;+Win64;+x64)+AppleWebKit/537.36+(KHTML,+like+Gecko)+Chrome/58.0.3029.110+Safari/537.36 http://localhost:51722/Dashboard/ViewDashboard 200 0 0 19
2017-06-20 11:20:17 ::1 GET /Scripts/v2/morris.charts/morris.min.js _=1497957617409 51722 - ::1 Mozilla/5.0+(Windows+NT+10.0;+Win64;+x64)+AppleWebKit/537.36+(KHTML,+like+Gecko)+Chrome/58.0.3029.110+Safari/537.36 http://localhost:51722/Dashboard/ViewDashboard 200 0 0 19
2017-06-20 11:20:17 ::1 GET /Scripts/v2/morris.charts/raphael.min.js _=1497957617446 51722 - ::1 Mozilla/5.0+(Windows+NT+10.0;+Win64;+x64)+AppleWebKit/537.36+(KHTML,+like+Gecko)+Chrome/58.0.3029.110+Safari/537.36 http://localhost:51722/Dashboard/ViewDashboard 200 0 0 35
2017-06-20 11:20:29 ::1 GET /Dashboard/GetExpenseTypesAmount/ sDate=null&eDate=null 51722 - ::1 Mozilla/5.0+(Windows+NT+10.0;+Win64;+x64)+AppleWebKit/537.36+(KHTML,+like+Gecko)+Chrome/58.0.3029.110+Safari/537.36 http://localhost:51722/Dashboard/ViewDashboard 200 0 0 11767
2017-06-20 11:20:41 ::1 GET /Dashboard/GetExpenseApprovals/ sDate=null&eDate=null 51722 - ::1 Mozilla/5.0+(Windows+NT+10.0;+Win64;+x64)+AppleWebKit/537.36+(KHTML,+like+Gecko)+Chrome/58.0.3029.110+Safari/537.36 http://localhost:51722/Dashboard/ViewDashboard 200 0 0 23624
2017-06-20 11:20:54 ::1 GET /Dashboard/GetPayMethodsAmount/ sDate=null&eDate=null 51722 - ::1 Mozilla/5.0+(Windows+NT+10.0;+Win64;+x64)+AppleWebKit/537.36+(KHTML,+like+Gecko)+Chrome/58.0.3029.110+Safari/537.36 http://localhost:51722/Dashboard/ViewDashboard 200 0 0 36992
2017-06-20 11:21:09 ::1 GET /Dashboard/GetExpensePostings/ sDate=null&eDate=null 51722 - ::1 Mozilla/5.0+(Windows+NT+10.0;+Win64;+x64)+AppleWebKit/537.36+(KHTML,+like+Gecko)+Chrome/58.0.3029.110+Safari/537.36 http://localhost:51722/Dashboard/ViewDashboard 200 0 0 52065
2017-06-20 11:21:23 ::1 GET /Dashboard/GetExpenseSubmissions/ sDate=null&eDate=null 51722 - ::1 Mozilla/5.0+(Windows+NT+10.0;+Win64;+x64)+AppleWebKit/537.36+(KHTML,+like+Gecko)+Chrome/58.0.3029.110+Safari/537.36 http://localhost:51722/Dashboard/ViewDashboard 200 0 0 65469
