#Software: Microsoft Internet Information Services 8.0
#Version: 1.0
#Date: 2017-06-28 07:59:04
#Fields: date time s-ip cs-method cs-uri-stem cs-uri-query s-port cs-username c-ip cs(User-Agent) cs(Referer) sc-status sc-substatus sc-win32-status time-taken
2017-06-28 07:59:04 ::1 GET / - 51722 - ::1 Mozilla/5.0+(Windows+NT+10.0;+Win64;+x64)+AppleWebKit/537.36+(KHTML,+like+Gecko)+Chrome/58.0.3029.110+Safari/537.36 - 302 0 0 30104
2017-06-28 07:59:16 ::1 GET /User/LogOn - 51722 - ::1 Mozilla/5.0+(Windows+NT+10.0;+Win64;+x64)+AppleWebKit/537.36+(KHTML,+like+Gecko)+Chrome/58.0.3029.110+Safari/537.36 - 200 0 0 12094
2017-06-28 07:59:16 ::1 GET /User/assets/pages/img/login/bg1.jpg - 51722 - ::1 Mozilla/5.0+(Windows+NT+10.0;+Win64;+x64)+AppleWebKit/537.36+(KHTML,+like+Gecko)+Chrome/58.0.3029.110+Safari/537.36 http://localhost:51722/User/LogOn 404 0 2 44
2017-06-28 07:59:43 ::1 POST /User/LogOn - 51722 - ::1 Mozilla/5.0+(Windows+NT+10.0;+Win64;+x64)+AppleWebKit/537.36+(KHTML,+like+Gecko)+Chrome/58.0.3029.110+Safari/537.36 http://localhost:51722/User/LogOn 302 0 0 22310
2017-06-28 07:59:43 ::1 GET / - 51722 - ::1 Mozilla/5.0+(Windows+NT+10.0;+Win64;+x64)+AppleWebKit/537.36+(KHTML,+like+Gecko)+Chrome/58.0.3029.110+Safari/537.36 http://localhost:51722/User/LogOn 302 0 0 62
2017-06-28 07:59:52 ::1 GET /Dashboard/ViewDashboard - 51722 - ::1 Mozilla/5.0+(Windows+NT+10.0;+Win64;+x64)+AppleWebKit/537.36+(KHTML,+like+Gecko)+Chrome/58.0.3029.110+Safari/537.36 http://localhost:51722/User/LogOn 200 0 0 9319
2017-06-28 07:59:54 ::1 GET /Dashboard/getAjaxTab/1 sDate=null&eDate=null 51722 - ::1 Mozilla/5.0+(Windows+NT+10.0;+Win64;+x64)+AppleWebKit/537.36+(KHTML,+like+Gecko)+Chrome/58.0.3029.110+Safari/537.36 http://localhost:51722/Dashboard/ViewDashboard 200 0 0 833
2017-06-28 07:59:54 ::1 GET /Scripts/v2/easy.pie.chart/jquery.easing.1.3.js _=1498636794131 51722 - ::1 Mozilla/5.0+(Windows+NT+10.0;+Win64;+x64)+AppleWebKit/537.36+(KHTML,+like+Gecko)+Chrome/58.0.3029.110+Safari/537.36 http://localhost:51722/Dashboard/ViewDashboard 200 0 0 33
2017-06-28 07:59:54 ::1 GET /Scripts/v2/easy.pie.chart/jquery.easypiechart.min.js _=1498636794172 51722 - ::1 Mozilla/5.0+(Windows+NT+10.0;+Win64;+x64)+AppleWebKit/537.36+(KHTML,+like+Gecko)+Chrome/58.0.3029.110+Safari/537.36 http://localhost:51722/Dashboard/ViewDashboard 200 0 0 29
2017-06-28 07:59:54 ::1 GET /Scripts/v2/morris.charts/morris.min.js _=1498636794204 51722 - ::1 Mozilla/5.0+(Windows+NT+10.0;+Win64;+x64)+AppleWebKit/537.36+(KHTML,+like+Gecko)+Chrome/58.0.3029.110+Safari/537.36 http://localhost:51722/Dashboard/ViewDashboard 200 0 0 28
2017-06-28 07:59:54 ::1 GET /Scripts/v2/morris.charts/raphael.min.js _=1498636794255 51722 - ::1 Mozilla/5.0+(Windows+NT+10.0;+Win64;+x64)+AppleWebKit/537.36+(KHTML,+like+Gecko)+Chrome/58.0.3029.110+Safari/537.36 http://localhost:51722/Dashboard/ViewDashboard 200 0 0 31
2017-06-28 07:59:54 ::1 GET /__browserLink/requestData/b6c7a12c2cf14e7b95eef1193277dbed version=2 51722 - ::1 Mozilla/5.0+(Windows+NT+10.0;+Win64;+x64)+AppleWebKit/537.36+(KHTML,+like+Gecko)+Chrome/58.0.3029.110+Safari/537.36 http://localhost:51722/Dashboard/ViewDashboard 200 0 0 692
2017-06-28 07:59:56 ::1 GET /Dashboard/GetExpenseTypesAmount/ sDate=null&eDate=null 51722 - ::1 Mozilla/5.0+(Windows+NT+10.0;+Win64;+x64)+AppleWebKit/537.36+(KHTML,+like+Gecko)+Chrome/58.0.3029.110+Safari/537.36 http://localhost:51722/Dashboard/ViewDashboard 200 0 0 2409
2017-06-28 07:59:57 ::1 GET /Dashboard/GetExpensePostings/ sDate=null&eDate=null 51722 - ::1 Mozilla/5.0+(Windows+NT+10.0;+Win64;+x64)+AppleWebKit/537.36+(KHTML,+like+Gecko)+Chrome/58.0.3029.110+Safari/537.36 http://localhost:51722/Dashboard/ViewDashboard 200 0 0 3553
2017-06-28 07:59:57 ::1 GET /Dashboard/GetExpenseSubmissions/ sDate=null&eDate=null 51722 - ::1 Mozilla/5.0+(Windows+NT+10.0;+Win64;+x64)+AppleWebKit/537.36+(KHTML,+like+Gecko)+Chrome/58.0.3029.110+Safari/537.36 http://localhost:51722/Dashboard/ViewDashboard 200 0 0 4105
2017-06-28 07:59:59 ::1 GET /Dashboard/GetPayMethodsAmount/ sDate=null&eDate=null 51722 - ::1 Mozilla/5.0+(Windows+NT+10.0;+Win64;+x64)+AppleWebKit/537.36+(KHTML,+like+Gecko)+Chrome/58.0.3029.110+Safari/537.36 http://localhost:51722/Dashboard/ViewDashboard 200 0 0 4714
2017-06-28 07:59:59 ::1 GET /Dashboard/GetExpenseApprovals/ sDate=null&eDate=null 51722 - ::1 Mozilla/5.0+(Windows+NT+10.0;+Win64;+x64)+AppleWebKit/537.36+(KHTML,+like+Gecko)+Chrome/58.0.3029.110+Safari/537.36 http://localhost:51722/Dashboard/ViewDashboard 200 0 0 5315
2017-06-28 08:00:05 ::1 GET /User/ChangePassword - 51722 - ::1 Mozilla/5.0+(Windows+NT+10.0;+Win64;+x64)+AppleWebKit/537.36+(KHTML,+like+Gecko)+Chrome/58.0.3029.110+Safari/537.36 http://localhost:51722/Dashboard/ViewDashboard 200 0 0 4596
2017-06-28 08:00:06 ::1 GET /__browserLink/requestData/97fa88fc874c4a22a49ac2782b42281f version=2 51722 - ::1 Mozilla/5.0+(Windows+NT+10.0;+Win64;+x64)+AppleWebKit/537.36+(KHTML,+like+Gecko)+Chrome/58.0.3029.110+Safari/537.36 http://localhost:51722/User/ChangePassword 200 0 0 94
2017-06-28 08:01:24 ::1 POST /User/ChangePassword - 51722 - ::1 Mozilla/5.0+(Windows+NT+10.0;+Win64;+x64)+AppleWebKit/537.36+(KHTML,+like+Gecko)+Chrome/58.0.3029.110+Safari/537.36 http://localhost:51722/User/ChangePassword 200 0 0 9406
2017-06-28 08:01:24 ::1 GET /__browserLink/requestData/1487c30a2f7f439686098f2334e6e0c6 version=2 51722 - ::1 Mozilla/5.0+(Windows+NT+10.0;+Win64;+x64)+AppleWebKit/537.36+(KHTML,+like+Gecko)+Chrome/58.0.3029.110+Safari/537.36 http://localhost:51722/User/ChangePassword 200 0 0 38
2017-06-28 08:03:04 ::1 POST /User/ChangePassword - 51722 - ::1 Mozilla/5.0+(Windows+NT+10.0;+Win64;+x64)+AppleWebKit/537.36+(KHTML,+like+Gecko)+Chrome/58.0.3029.110+Safari/537.36 http://localhost:51722/User/ChangePassword 200 0 0 45661
2017-06-28 08:03:04 ::1 GET /__browserLink/requestData/71aef630d5ca419ca5b59254f03899e7 version=2 51722 - ::1 Mozilla/5.0+(Windows+NT+10.0;+Win64;+x64)+AppleWebKit/537.36+(KHTML,+like+Gecko)+Chrome/58.0.3029.110+Safari/537.36 http://localhost:51722/User/ChangePassword 200 0 0 41
2017-06-28 08:03:30 ::1 POST /User/ChangePassword - 51722 - ::1 Mozilla/5.0+(Windows+NT+10.0;+Win64;+x64)+AppleWebKit/537.36+(KHTML,+like+Gecko)+Chrome/58.0.3029.110+Safari/537.36 http://localhost:51722/User/ChangePassword 200 0 0 2360
2017-06-28 08:03:30 ::1 GET /__browserLink/requestData/a1289281daa94c1d9e7c4d05461e1ca4 version=2 51722 - ::1 Mozilla/5.0+(Windows+NT+10.0;+Win64;+x64)+AppleWebKit/537.36+(KHTML,+like+Gecko)+Chrome/58.0.3029.110+Safari/537.36 http://localhost:51722/User/ChangePassword 200 0 0 39
2017-06-28 08:03:56 ::1 POST /User/ChangePassword - 51722 - ::1 Mozilla/5.0+(Windows+NT+10.0;+Win64;+x64)+AppleWebKit/537.36+(KHTML,+like+Gecko)+Chrome/58.0.3029.110+Safari/537.36 http://localhost:51722/User/ChangePassword 200 0 0 6117
2017-06-28 08:03:56 ::1 GET /__browserLink/requestData/0ea7594e90c64699b095ada12c83e4c7 version=2 51722 - ::1 Mozilla/5.0+(Windows+NT+10.0;+Win64;+x64)+AppleWebKit/537.36+(KHTML,+like+Gecko)+Chrome/58.0.3029.110+Safari/537.36 http://localhost:51722/User/ChangePassword 200 0 0 38
2017-06-28 08:06:09 ::1 GET /User/LogOn - 51722 - ::1 Mozilla/5.0+(Windows+NT+10.0;+Win64;+x64)+AppleWebKit/537.36+(KHTML,+like+Gecko)+Chrome/58.0.3029.110+Safari/537.36 http://localhost:51722/User/ChangePassword 200 0 0 1745
2017-06-28 08:06:09 ::1 GET /User/assets/pages/img/login/bg1.jpg - 51722 - ::1 Mozilla/5.0+(Windows+NT+10.0;+Win64;+x64)+AppleWebKit/537.36+(KHTML,+like+Gecko)+Chrome/58.0.3029.110+Safari/537.36 http://localhost:51722/User/LogOn 404 0 2 4
2017-06-28 08:06:15 ::1 POST /User/ChangePassword - 51722 - ::1 Mozilla/5.0+(Windows+NT+10.0;+Win64;+x64)+AppleWebKit/537.36+(KHTML,+like+Gecko)+Chrome/58.0.3029.110+Safari/537.36 http://localhost:51722/User/ChangePassword 302 0 0 25119
2017-06-28 08:06:50 ::1 POST /User/LogOn - 51722 - ::1 Mozilla/5.0+(Windows+NT+10.0;+Win64;+x64)+AppleWebKit/537.36+(KHTML,+like+Gecko)+Chrome/58.0.3029.110+Safari/537.36 http://localhost:51722/User/LogOn 302 0 0 16838
2017-06-28 08:06:50 ::1 GET / - 51722 - ::1 Mozilla/5.0+(Windows+NT+10.0;+Win64;+x64)+AppleWebKit/537.36+(KHTML,+like+Gecko)+Chrome/58.0.3029.110+Safari/537.36 http://localhost:51722/User/LogOn 302 0 0 55
2017-06-28 08:06:52 ::1 GET /Dashboard/ViewDashboard - 51722 - ::1 Mozilla/5.0+(Windows+NT+10.0;+Win64;+x64)+AppleWebKit/537.36+(KHTML,+like+Gecko)+Chrome/58.0.3029.110+Safari/537.36 http://localhost:51722/User/LogOn 200 0 0 1349
2017-06-28 08:06:52 ::1 GET /__browserLink/requestData/8aff28885a29436f851d407fc0c06280 version=2 51722 - ::1 Mozilla/5.0+(Windows+NT+10.0;+Win64;+x64)+AppleWebKit/537.36+(KHTML,+like+Gecko)+Chrome/58.0.3029.110+Safari/537.36 http://localhost:51722/Dashboard/ViewDashboard 200 0 0 196
2017-06-28 08:06:52 ::1 GET /Dashboard/getAjaxTab/1 sDate=null&eDate=null 51722 - ::1 Mozilla/5.0+(Windows+NT+10.0;+Win64;+x64)+AppleWebKit/537.36+(KHTML,+like+Gecko)+Chrome/58.0.3029.110+Safari/537.36 http://localhost:51722/Dashboard/ViewDashboard 200 0 0 430
2017-06-28 08:06:52 ::1 GET /Scripts/v2/easy.pie.chart/jquery.easing.1.3.js _=1498637212897 51722 - ::1 Mozilla/5.0+(Windows+NT+10.0;+Win64;+x64)+AppleWebKit/537.36+(KHTML,+like+Gecko)+Chrome/58.0.3029.110+Safari/537.36 http://localhost:51722/Dashboard/ViewDashboard 200 0 0 23
2017-06-28 08:06:52 ::1 GET /Scripts/v2/easy.pie.chart/jquery.easypiechart.min.js _=1498637212926 51722 - ::1 Mozilla/5.0+(Windows+NT+10.0;+Win64;+x64)+AppleWebKit/537.36+(KHTML,+like+Gecko)+Chrome/58.0.3029.110+Safari/537.36 http://localhost:51722/Dashboard/ViewDashboard 200 0 0 17
2017-06-28 08:06:52 ::1 GET /Scripts/v2/morris.charts/morris.min.js _=1498637212957 51722 - ::1 Mozilla/5.0+(Windows+NT+10.0;+Win64;+x64)+AppleWebKit/537.36+(KHTML,+like+Gecko)+Chrome/58.0.3029.110+Safari/537.36 http://localhost:51722/Dashboard/ViewDashboard 200 0 0 11
2017-06-28 08:06:52 ::1 GET /Scripts/v2/morris.charts/raphael.min.js _=1498637212977 51722 - ::1 Mozilla/5.0+(Windows+NT+10.0;+Win64;+x64)+AppleWebKit/537.36+(KHTML,+like+Gecko)+Chrome/58.0.3029.110+Safari/537.36 http://localhost:51722/Dashboard/ViewDashboard 200 0 0 31
2017-06-28 08:06:53 ::1 GET /Dashboard/GetExpenseSubmissions/ sDate=null&eDate=null 51722 - ::1 Mozilla/5.0+(Windows+NT+10.0;+Win64;+x64)+AppleWebKit/537.36+(KHTML,+like+Gecko)+Chrome/58.0.3029.110+Safari/537.36 http://localhost:51722/Dashboard/ViewDashboard 200 0 0 803
2017-06-28 08:06:53 ::1 GET /Dashboard/GetPayMethodsAmount/ sDate=null&eDate=null 51722 - ::1 Mozilla/5.0+(Windows+NT+10.0;+Win64;+x64)+AppleWebKit/537.36+(KHTML,+like+Gecko)+Chrome/58.0.3029.110+Safari/537.36 http://localhost:51722/Dashboard/ViewDashboard 200 0 0 1754
2017-06-28 08:06:55 ::1 GET /Dashboard/GetExpenseTypesAmount/ sDate=null&eDate=null 51722 - ::1 Mozilla/5.0+(Windows+NT+10.0;+Win64;+x64)+AppleWebKit/537.36+(KHTML,+like+Gecko)+Chrome/58.0.3029.110+Safari/537.36 http://localhost:51722/Dashboard/ViewDashboard 200 0 0 2174
2017-06-28 08:06:55 ::1 GET /Dashboard/GetExpensePostings/ sDate=null&eDate=null 51722 - ::1 Mozilla/5.0+(Windows+NT+10.0;+Win64;+x64)+AppleWebKit/537.36+(KHTML,+like+Gecko)+Chrome/58.0.3029.110+Safari/537.36 http://localhost:51722/Dashboard/ViewDashboard 200 0 0 2701
2017-06-28 08:06:55 ::1 GET /Dashboard/GetExpenseApprovals/ sDate=null&eDate=null 51722 - ::1 Mozilla/5.0+(Windows+NT+10.0;+Win64;+x64)+AppleWebKit/537.36+(KHTML,+like+Gecko)+Chrome/58.0.3029.110+Safari/537.36 http://localhost:51722/Dashboard/ViewDashboard 200 0 0 3113
2017-06-28 08:07:37 ::1 GET /User/ChangePassword - 51722 - ::1 Mozilla/5.0+(Windows+NT+10.0;+Win64;+x64)+AppleWebKit/537.36+(KHTML,+like+Gecko)+Chrome/58.0.3029.110+Safari/537.36 http://localhost:51722/Dashboard/ViewDashboard 200 0 0 16703
2017-06-28 08:07:37 ::1 GET /__browserLink/requestData/526a2d1174934246b9c02b8d48f567c9 version=2 51722 - ::1 Mozilla/5.0+(Windows+NT+10.0;+Win64;+x64)+AppleWebKit/537.36+(KHTML,+like+Gecko)+Chrome/58.0.3029.110+Safari/537.36 http://localhost:51722/User/ChangePassword 200 0 0 39
2017-06-28 08:09:23 ::1 GET /User/ChangePassword - 51722 - ::1 Mozilla/5.0+(Windows+NT+10.0;+Win64;+x64)+AppleWebKit/537.36+(KHTML,+like+Gecko)+Chrome/58.0.3029.110+Safari/537.36 http://localhost:51722/Dashboard/ViewDashboard 200 0 64 6069
2017-06-28 08:09:34 ::1 POST /User/ChangePassword - 51722 - ::1 Mozilla/5.0+(Windows+NT+10.0;+Win64;+x64)+AppleWebKit/537.36+(KHTML,+like+Gecko)+Chrome/58.0.3029.110+Safari/537.36 http://localhost:51722/User/ChangePassword 200 0 0 17072
2017-06-28 08:09:36 ::1 GET /__browserLink/requestData/9345d4b4ff5d439bbb02851d231d5e6a version=2 51722 - ::1 Mozilla/5.0+(Windows+NT+10.0;+Win64;+x64)+AppleWebKit/537.36+(KHTML,+like+Gecko)+Chrome/58.0.3029.110+Safari/537.36 http://localhost:51722/User/ChangePassword 200 0 0 93
2017-06-28 08:10:08 ::1 POST /User/ChangePassword - 51722 - ::1 Mozilla/5.0+(Windows+NT+10.0;+Win64;+x64)+AppleWebKit/537.36+(KHTML,+like+Gecko)+Chrome/58.0.3029.110+Safari/537.36 http://localhost:51722/User/ChangePassword 200 0 0 7273
2017-06-28 08:10:08 ::1 GET /__browserLink/requestData/fc7eb3ff3feb4418b42fbb6b7e5d9522 version=2 51722 - ::1 Mozilla/5.0+(Windows+NT+10.0;+Win64;+x64)+AppleWebKit/537.36+(KHTML,+like+Gecko)+Chrome/58.0.3029.110+Safari/537.36 http://localhost:51722/User/ChangePassword 200 0 0 33
#Software: Microsoft Internet Information Services 8.0
#Version: 1.0
#Date: 2017-06-28 12:33:39
#Fields: date time s-ip cs-method cs-uri-stem cs-uri-query s-port cs-username c-ip cs(User-Agent) cs(Referer) sc-status sc-substatus sc-win32-status time-taken
2017-06-28 12:33:39 ::1 GET / - 51722 - ::1 Mozilla/5.0+(Windows+NT+10.0;+Win64;+x64)+AppleWebKit/537.36+(KHTML,+like+Gecko)+Chrome/59.0.3071.115+Safari/537.36 - 302 0 0 29990
2017-06-28 12:37:03 ::1 GET /User/LogOn - 51722 - ::1 Mozilla/5.0+(Windows+NT+10.0;+Win64;+x64)+AppleWebKit/537.36+(KHTML,+like+Gecko)+Chrome/59.0.3071.115+Safari/537.36 - 200 0 0 204002
2017-06-28 12:37:03 ::1 GET /assets/pages/css/font.css - 51722 - ::1 Mozilla/5.0+(Windows+NT+10.0;+Win64;+x64)+AppleWebKit/537.36+(KHTML,+like+Gecko)+Chrome/59.0.3071.115+Safari/537.36 http://localhost:51722/User/LogOn 200 0 0 24
2017-06-28 12:37:03 ::1 GET /assets/global/plugins/simple-line-icons/simple-line-icons.min.css - 51722 - ::1 Mozilla/5.0+(Windows+NT+10.0;+Win64;+x64)+AppleWebKit/537.36+(KHTML,+like+Gecko)+Chrome/59.0.3071.115+Safari/537.36 http://localhost:51722/User/LogOn 200 0 0 35
2017-06-28 12:37:03 ::1 GET /assets/global/plugins/select2/css/select2-bootstrap.min.css - 51722 - ::1 Mozilla/5.0+(Windows+NT+10.0;+Win64;+x64)+AppleWebKit/537.36+(KHTML,+like+Gecko)+Chrome/59.0.3071.115+Safari/537.36 http://localhost:51722/User/LogOn 200 0 0 42
2017-06-28 12:37:03 ::1 GET /assets/global/plugins/bootstrap-switch/css/bootstrap-switch.min.css - 51722 - ::1 Mozilla/5.0+(Windows+NT+10.0;+Win64;+x64)+AppleWebKit/537.36+(KHTML,+like+Gecko)+Chrome/59.0.3071.115+Safari/537.36 http://localhost:51722/User/LogOn 200 0 0 61
2017-06-28 12:37:03 ::1 GET /assets/global/plugins/select2/css/select2.min.css - 51722 - ::1 Mozilla/5.0+(Windows+NT+10.0;+Win64;+x64)+AppleWebKit/537.36+(KHTML,+like+Gecko)+Chrome/59.0.3071.115+Safari/537.36 http://localhost:51722/User/LogOn 200 0 0 125
2017-06-28 12:37:03 ::1 GET /assets/pages/css/login-5.min.css - 51722 - ::1 Mozilla/5.0+(Windows+NT+10.0;+Win64;+x64)+AppleWebKit/537.36+(KHTML,+like+Gecko)+Chrome/59.0.3071.115+Safari/537.36 http://localhost:51722/User/LogOn 200 0 0 124
2017-06-28 12:37:03 ::1 GET /User/LogOut - 51722 - ::1 Mozilla/5.0+(Windows+NT+10.0;+Win64;+x64)+AppleWebKit/537.36+(KHTML,+like+Gecko)+Chrome/59.0.3071.115+Safari/537.36 - 200 0 64 186890
2017-06-28 12:37:03 ::1 GET /assets/global/plugins/bootstrap/css/bootstrap.min.css - 51722 - ::1 Mozilla/5.0+(Windows+NT+10.0;+Win64;+x64)+AppleWebKit/537.36+(KHTML,+like+Gecko)+Chrome/59.0.3071.115+Safari/537.36 http://localhost:51722/User/LogOn 200 0 0 213
2017-06-28 12:37:03 ::1 GET /assets/global/css/plugins.min.css - 51722 - ::1 Mozilla/5.0+(Windows+NT+10.0;+Win64;+x64)+AppleWebKit/537.36+(KHTML,+like+Gecko)+Chrome/59.0.3071.115+Safari/537.36 http://localhost:51722/User/LogOn 200 0 0 254
2017-06-28 12:37:03 ::1 GET /assets/global/plugins/jquery.min.js - 51722 - ::1 Mozilla/5.0+(Windows+NT+10.0;+Win64;+x64)+AppleWebKit/537.36+(KHTML,+like+Gecko)+Chrome/59.0.3071.115+Safari/537.36 http://localhost:51722/User/LogOn 200 0 0 14
2017-06-28 12:37:03 ::1 GET /assets/global/plugins/bootstrap/js/bootstrap.min.js - 51722 - ::1 Mozilla/5.0+(Windows+NT+10.0;+Win64;+x64)+AppleWebKit/537.36+(KHTML,+like+Gecko)+Chrome/59.0.3071.115+Safari/537.36 http://localhost:51722/User/LogOn 200 0 0 19
2017-06-28 12:37:03 ::1 GET /assets/global/plugins/js.cookie.min.js - 51722 - ::1 Mozilla/5.0+(Windows+NT+10.0;+Win64;+x64)+AppleWebKit/537.36+(KHTML,+like+Gecko)+Chrome/59.0.3071.115+Safari/537.36 http://localhost:51722/User/LogOn 200 0 0 26
2017-06-28 12:37:03 ::1 GET /assets/global/plugins/jquery-slimscroll/jquery.slimscroll.min.js - 51722 - ::1 Mozilla/5.0+(Windows+NT+10.0;+Win64;+x64)+AppleWebKit/537.36+(KHTML,+like+Gecko)+Chrome/59.0.3071.115+Safari/537.36 http://localhost:51722/User/LogOn 200 0 0 31
2017-06-28 12:37:03 ::1 GET /assets/global/plugins/jquery.blockui.min.js - 51722 - ::1 Mozilla/5.0+(Windows+NT+10.0;+Win64;+x64)+AppleWebKit/537.36+(KHTML,+like+Gecko)+Chrome/59.0.3071.115+Safari/537.36 http://localhost:51722/User/LogOn 200 0 0 123
2017-06-28 12:37:03 ::1 GET /assets/global/plugins/bootstrap-switch/js/bootstrap-switch.min.js - 51722 - ::1 Mozilla/5.0+(Windows+NT+10.0;+Win64;+x64)+AppleWebKit/537.36+(KHTML,+like+Gecko)+Chrome/59.0.3071.115+Safari/537.36 http://localhost:51722/User/LogOn 200 0 0 9
2017-06-28 12:37:03 ::1 GET /assets/global/plugins/jquery-validation/js/jquery.validate.min.js - 51722 - ::1 Mozilla/5.0+(Windows+NT+10.0;+Win64;+x64)+AppleWebKit/537.36+(KHTML,+like+Gecko)+Chrome/59.0.3071.115+Safari/537.36 http://localhost:51722/User/LogOn 200 0 0 24
2017-06-28 12:37:03 ::1 GET /assets/global/plugins/jquery-validation/js/additional-methods.min.js - 51722 - ::1 Mozilla/5.0+(Windows+NT+10.0;+Win64;+x64)+AppleWebKit/537.36+(KHTML,+like+Gecko)+Chrome/59.0.3071.115+Safari/537.36 http://localhost:51722/User/LogOn 200 0 0 17
2017-06-28 12:37:03 ::1 GET /assets/global/plugins/select2/js/select2.full.min.js - 51722 - ::1 Mozilla/5.0+(Windows+NT+10.0;+Win64;+x64)+AppleWebKit/537.36+(KHTML,+like+Gecko)+Chrome/59.0.3071.115+Safari/537.36 http://localhost:51722/User/LogOn 200 0 0 19
2017-06-28 12:37:03 ::1 GET /assets/global/plugins/backstretch/jquery.backstretch.min.js - 51722 - ::1 Mozilla/5.0+(Windows+NT+10.0;+Win64;+x64)+AppleWebKit/537.36+(KHTML,+like+Gecko)+Chrome/59.0.3071.115+Safari/537.36 http://localhost:51722/User/LogOn 200 0 0 22
2017-06-28 12:37:03 ::1 GET /assets/global/scripts/app.min.js - 51722 - ::1 Mozilla/5.0+(Windows+NT+10.0;+Win64;+x64)+AppleWebKit/537.36+(KHTML,+like+Gecko)+Chrome/59.0.3071.115+Safari/537.36 http://localhost:51722/User/LogOn 200 0 0 30
2017-06-28 12:37:03 ::1 GET /assets/pages/scripts/login-5.min.js - 51722 - ::1 Mozilla/5.0+(Windows+NT+10.0;+Win64;+x64)+AppleWebKit/537.36+(KHTML,+like+Gecko)+Chrome/59.0.3071.115+Safari/537.36 http://localhost:51722/User/LogOn 200 0 0 32
2017-06-28 12:37:03 ::1 GET /images/logo_1.png - 51722 - ::1 Mozilla/5.0+(Windows+NT+10.0;+Win64;+x64)+AppleWebKit/537.36+(KHTML,+like+Gecko)+Chrome/59.0.3071.115+Safari/537.36 http://localhost:51722/User/LogOn 200 0 0 14
2017-06-28 12:37:03 ::1 GET /assets/global/css/components.min.css - 51722 - ::1 Mozilla/5.0+(Windows+NT+10.0;+Win64;+x64)+AppleWebKit/537.36+(KHTML,+like+Gecko)+Chrome/59.0.3071.115+Safari/537.36 http://localhost:51722/User/LogOn 200 0 0 762
2017-06-28 12:37:03 ::1 GET /User/assets/pages/img/login/bg1.jpg - 51722 - ::1 Mozilla/5.0+(Windows+NT+10.0;+Win64;+x64)+AppleWebKit/537.36+(KHTML,+like+Gecko)+Chrome/59.0.3071.115+Safari/537.36 http://localhost:51722/User/LogOn 404 0 2 30
2017-06-28 12:37:04 ::1 GET /assets/pages/img/login/bg1.jpg - 51722 - ::1 Mozilla/5.0+(Windows+NT+10.0;+Win64;+x64)+AppleWebKit/537.36+(KHTML,+like+Gecko)+Chrome/59.0.3071.115+Safari/537.36 http://localhost:51722/User/LogOn 200 0 0 188
2017-06-28 12:37:25 ::1 POST /User/LogOn - 51722 - ::1 Mozilla/5.0+(Windows+NT+10.0;+Win64;+x64)+AppleWebKit/537.36+(KHTML,+like+Gecko)+Chrome/59.0.3071.115+Safari/537.36 http://localhost:51722/User/LogOn 200 0 0 15815
2017-06-28 12:37:25 ::1 GET /User/assets/pages/img/login/bg1.jpg - 51722 - ::1 Mozilla/5.0+(Windows+NT+10.0;+Win64;+x64)+AppleWebKit/537.36+(KHTML,+like+Gecko)+Chrome/59.0.3071.115+Safari/537.36 http://localhost:51722/User/LogOn 404 0 2 1
2017-06-28 12:38:00 ::1 POST /User/LogOn - 51722 - ::1 Mozilla/5.0+(Windows+NT+10.0;+Win64;+x64)+AppleWebKit/537.36+(KHTML,+like+Gecko)+Chrome/59.0.3071.115+Safari/537.36 http://localhost:51722/User/LogOn 302 0 0 21569
2017-06-28 12:38:00 ::1 GET / - 51722 - ::1 Mozilla/5.0+(Windows+NT+10.0;+Win64;+x64)+AppleWebKit/537.36+(KHTML,+like+Gecko)+Chrome/59.0.3071.115+Safari/537.36 http://localhost:51722/User/LogOn 302 0 0 57
2017-06-28 12:38:08 ::1 GET /Dashboard/ViewDashboard - 51722 - ::1 Mozilla/5.0+(Windows+NT+10.0;+Win64;+x64)+AppleWebKit/537.36+(KHTML,+like+Gecko)+Chrome/59.0.3071.115+Safari/537.36 http://localhost:51722/User/LogOn 200 0 0 7898
2017-06-28 12:38:08 ::1 GET /css/SiteLayoutPageForMasters-css v=TlQFZmKEzB1eKkPRL_WBp6ITJBhCr4u8E5caFIZ23aw1 51722 - ::1 Mozilla/5.0+(Windows+NT+10.0;+Win64;+x64)+AppleWebKit/537.36+(KHTML,+like+Gecko)+Chrome/59.0.3071.115+Safari/537.36 http://localhost:51722/Dashboard/ViewDashboard 200 0 0 126
2017-06-28 12:38:08 ::1 GET /Scripts/SiteLayoutPageForMasters-js v=3-GxG_Xjij141D4jwzNa4pb8w7b8UpqawGtg8uOhHTs1 51722 - ::1 Mozilla/5.0+(Windows+NT+10.0;+Win64;+x64)+AppleWebKit/537.36+(KHTML,+like+Gecko)+Chrome/59.0.3071.115+Safari/537.36 http://localhost:51722/Dashboard/ViewDashboard 200 0 0 146
2017-06-28 12:38:08 ::1 GET /images/icons/home_48.png - 51722 - ::1 Mozilla/5.0+(Windows+NT+10.0;+Win64;+x64)+AppleWebKit/537.36+(KHTML,+like+Gecko)+Chrome/59.0.3071.115+Safari/537.36 http://localhost:51722/Dashboard/ViewDashboard 200 0 0 47
2017-06-28 12:38:08 ::1 GET /images/icons/users_two_48.png - 51722 - ::1 Mozilla/5.0+(Windows+NT+10.0;+Win64;+x64)+AppleWebKit/537.36+(KHTML,+like+Gecko)+Chrome/59.0.3071.115+Safari/537.36 http://localhost:51722/Dashboard/ViewDashboard 200 0 0 37
2017-06-28 12:38:08 ::1 GET /images/ui-bg_flat_75_ffffff_40x100.png - 51722 - ::1 Mozilla/5.0+(Windows+NT+10.0;+Win64;+x64)+AppleWebKit/537.36+(KHTML,+like+Gecko)+Chrome/59.0.3071.115+Safari/537.36 http://localhost:51722/css/SiteLayoutPageForMasters-css?v=TlQFZmKEzB1eKkPRL_WBp6ITJBhCr4u8E5caFIZ23aw1 200 0 0 2
2017-06-28 12:38:08 ::1 GET /images/ui-icons_222222_256x240.png - 51722 - ::1 Mozilla/5.0+(Windows+NT+10.0;+Win64;+x64)+AppleWebKit/537.36+(KHTML,+like+Gecko)+Chrome/59.0.3071.115+Safari/537.36 http://localhost:51722/css/SiteLayoutPageForMasters-css?v=TlQFZmKEzB1eKkPRL_WBp6ITJBhCr4u8E5caFIZ23aw1 200 0 0 23
2017-06-28 12:38:08 ::1 GET /images/icons/pie_chart_48.png - 51722 - ::1 Mozilla/5.0+(Windows+NT+10.0;+Win64;+x64)+AppleWebKit/537.36+(KHTML,+like+Gecko)+Chrome/59.0.3071.115+Safari/537.36 http://localhost:51722/Dashboard/ViewDashboard 200 0 0 29
2017-06-28 12:38:08 ::1 GET /images/shortcut-button-bg.gif - 51722 - ::1 Mozilla/5.0+(Windows+NT+10.0;+Win64;+x64)+AppleWebKit/537.36+(KHTML,+like+Gecko)+Chrome/59.0.3071.115+Safari/537.36 http://localhost:51722/css/SiteLayoutPageForMasters-css?v=TlQFZmKEzB1eKkPRL_WBp6ITJBhCr4u8E5caFIZ23aw1 200 0 0 20
2017-06-28 12:38:08 ::1 GET /Dashboard/getAjaxTab/1 sDate=null&eDate=null 51722 - ::1 Mozilla/5.0+(Windows+NT+10.0;+Win64;+x64)+AppleWebKit/537.36+(KHTML,+like+Gecko)+Chrome/59.0.3071.115+Safari/537.36 http://localhost:51722/Dashboard/ViewDashboard 200 0 0 355
2017-06-28 12:38:08 ::1 GET /Scripts/v2/morris.charts/morris.css - 51722 - ::1 Mozilla/5.0+(Windows+NT+10.0;+Win64;+x64)+AppleWebKit/537.36+(KHTML,+like+Gecko)+Chrome/59.0.3071.115+Safari/537.36 http://localhost:51722/Dashboard/ViewDashboard 200 0 0 4
2017-06-28 12:38:08 ::1 GET /Scripts/v2/easy.pie.chart/style.css - 51722 - ::1 Mozilla/5.0+(Windows+NT+10.0;+Win64;+x64)+AppleWebKit/537.36+(KHTML,+like+Gecko)+Chrome/59.0.3071.115+Safari/537.36 http://localhost:51722/Dashboard/ViewDashboard 200 0 0 21
2017-06-28 12:38:08 ::1 GET /Scripts/v2/easy.pie.chart/jquery.easing.1.3.js _=1498653488884 51722 - ::1 Mozilla/5.0+(Windows+NT+10.0;+Win64;+x64)+AppleWebKit/537.36+(KHTML,+like+Gecko)+Chrome/59.0.3071.115+Safari/537.36 http://localhost:51722/Dashboard/ViewDashboard 200 0 0 35
2017-06-28 12:38:08 ::1 GET /Scripts/v2/easy.pie.chart/jquery.easypiechart.min.js _=1498653488926 51722 - ::1 Mozilla/5.0+(Windows+NT+10.0;+Win64;+x64)+AppleWebKit/537.36+(KHTML,+like+Gecko)+Chrome/59.0.3071.115+Safari/537.36 http://localhost:51722/Dashboard/ViewDashboard 200 0 0 11
2017-06-28 12:38:08 ::1 GET /Scripts/v2/morris.charts/morris.min.js _=1498653488940 51722 - ::1 Mozilla/5.0+(Windows+NT+10.0;+Win64;+x64)+AppleWebKit/537.36+(KHTML,+like+Gecko)+Chrome/59.0.3071.115+Safari/537.36 http://localhost:51722/Dashboard/ViewDashboard 200 0 0 20
2017-06-28 12:38:08 ::1 GET /Scripts/v2/morris.charts/raphael.min.js _=1498653488966 51722 - ::1 Mozilla/5.0+(Windows+NT+10.0;+Win64;+x64)+AppleWebKit/537.36+(KHTML,+like+Gecko)+Chrome/59.0.3071.115+Safari/537.36 http://localhost:51722/Dashboard/ViewDashboard 200 0 0 20
2017-06-28 12:38:09 ::1 GET /css/chosen-sprite.png - 51722 - ::1 Mozilla/5.0+(Windows+NT+10.0;+Win64;+x64)+AppleWebKit/537.36+(KHTML,+like+Gecko)+Chrome/59.0.3071.115+Safari/537.36 http://localhost:51722/css/SiteLayoutPageForMasters-css?v=TlQFZmKEzB1eKkPRL_WBp6ITJBhCr4u8E5caFIZ23aw1 200 0 0 13
2017-06-28 12:38:09 ::1 GET /Images/loading.gif - 51722 - ::1 Mozilla/5.0+(Windows+NT+10.0;+Win64;+x64)+AppleWebKit/537.36+(KHTML,+like+Gecko)+Chrome/59.0.3071.115+Safari/537.36 http://localhost:51722/Dashboard/ViewDashboard 200 0 0 25
2017-06-28 12:38:09 ::1 GET /__browserLink/requestData/c60436b7d00e4eaeacdd065fe84ac446 version=2 51722 - ::1 Mozilla/5.0+(Windows+NT+10.0;+Win64;+x64)+AppleWebKit/537.36+(KHTML,+like+Gecko)+Chrome/59.0.3071.115+Safari/537.36 http://localhost:51722/Dashboard/ViewDashboard 200 0 0 66
2017-06-28 12:38:10 ::1 GET /Dashboard/GetExpenseSubmissions/ sDate=null&eDate=null 51722 - ::1 Mozilla/5.0+(Windows+NT+10.0;+Win64;+x64)+AppleWebKit/537.36+(KHTML,+like+Gecko)+Chrome/59.0.3071.115+Safari/537.36 http://localhost:51722/Dashboard/ViewDashboard 200 0 0 1640
2017-06-28 12:38:11 ::1 GET /Dashboard/GetPayMethodsAmount/ sDate=null&eDate=null 51722 - ::1 Mozilla/5.0+(Windows+NT+10.0;+Win64;+x64)+AppleWebKit/537.36+(KHTML,+like+Gecko)+Chrome/59.0.3071.115+Safari/537.36 http://localhost:51722/Dashboard/ViewDashboard 200 0 0 2845
2017-06-28 12:38:11 ::1 GET /Dashboard/GetExpenseApprovals/ sDate=null&eDate=null 51722 - ::1 Mozilla/5.0+(Windows+NT+10.0;+Win64;+x64)+AppleWebKit/537.36+(KHTML,+like+Gecko)+Chrome/59.0.3071.115+Safari/537.36 http://localhost:51722/Dashboard/ViewDashboard 200 0 0 3433
2017-06-28 12:38:13 ::1 GET /Dashboard/GetExpenseTypesAmount/ sDate=null&eDate=null 51722 - ::1 Mozilla/5.0+(Windows+NT+10.0;+Win64;+x64)+AppleWebKit/537.36+(KHTML,+like+Gecko)+Chrome/59.0.3071.115+Safari/537.36 http://localhost:51722/Dashboard/ViewDashboard 200 0 0 3967
2017-06-28 12:38:13 ::1 GET /Dashboard/GetExpensePostings/ sDate=null&eDate=null 51722 - ::1 Mozilla/5.0+(Windows+NT+10.0;+Win64;+x64)+AppleWebKit/537.36+(KHTML,+like+Gecko)+Chrome/59.0.3071.115+Safari/537.36 http://localhost:51722/Dashboard/ViewDashboard 200 0 0 4563
2017-06-28 12:38:22 ::1 GET /User/ChangePassword - 51722 - ::1 Mozilla/5.0+(Windows+NT+10.0;+Win64;+x64)+AppleWebKit/537.36+(KHTML,+like+Gecko)+Chrome/59.0.3071.115+Safari/537.36 http://localhost:51722/Dashboard/ViewDashboard 200 0 0 6945
2017-06-28 12:38:22 ::1 GET /Scripts/chosen/chosen.css - 51722 - ::1 Mozilla/5.0+(Windows+NT+10.0;+Win64;+x64)+AppleWebKit/537.36+(KHTML,+like+Gecko)+Chrome/59.0.3071.115+Safari/537.36 http://localhost:51722/User/ChangePassword 200 0 0 27
2017-06-28 12:38:22 ::1 GET /Scripts/chosen/chosen.jquery.js - 51722 - ::1 Mozilla/5.0+(Windows+NT+10.0;+Win64;+x64)+AppleWebKit/537.36+(KHTML,+like+Gecko)+Chrome/59.0.3071.115+Safari/537.36 http://localhost:51722/User/ChangePassword 200 0 0 35
2017-06-28 12:38:22 ::1 GET /Scripts/tranx-gorilla-js v=HEb0gldBuIh13UEztM3sMgRRLx67H1ZOvkNsIMGR_Ng1 51722 - ::1 Mozilla/5.0+(Windows+NT+10.0;+Win64;+x64)+AppleWebKit/537.36+(KHTML,+like+Gecko)+Chrome/59.0.3071.115+Safari/537.36 http://localhost:51722/User/ChangePassword 200 0 0 40
2017-06-28 12:38:22 ::1 GET /images/bg-form-field.gif - 51722 - ::1 Mozilla/5.0+(Windows+NT+10.0;+Win64;+x64)+AppleWebKit/537.36+(KHTML,+like+Gecko)+Chrome/59.0.3071.115+Safari/537.36 http://localhost:51722/css/SiteLayoutPageForMasters-css?v=TlQFZmKEzB1eKkPRL_WBp6ITJBhCr4u8E5caFIZ23aw1 200 0 0 5
2017-06-28 12:38:22 ::1 GET /images/icons/information.png - 51722 - ::1 Mozilla/5.0+(Windows+NT+10.0;+Win64;+x64)+AppleWebKit/537.36+(KHTML,+like+Gecko)+Chrome/59.0.3071.115+Safari/537.36 http://localhost:51722/css/SiteLayoutPageForMasters-css?v=TlQFZmKEzB1eKkPRL_WBp6ITJBhCr4u8E5caFIZ23aw1 200 0 0 22
2017-06-28 12:38:22 ::1 GET /__browserLink/requestData/89a4129c926645ecbba16caf38b459ae version=2 51722 - ::1 Mozilla/5.0+(Windows+NT+10.0;+Win64;+x64)+AppleWebKit/537.36+(KHTML,+like+Gecko)+Chrome/59.0.3071.115+Safari/537.36 http://localhost:51722/User/ChangePassword 200 0 0 31
2017-06-28 12:38:29 ::1 GET /images/icons/cross_circle.png - 51722 - ::1 Mozilla/5.0+(Windows+NT+10.0;+Win64;+x64)+AppleWebKit/537.36+(KHTML,+like+Gecko)+Chrome/59.0.3071.115+Safari/537.36 http://localhost:51722/css/SiteLayoutPageForMasters-css?v=TlQFZmKEzB1eKkPRL_WBp6ITJBhCr4u8E5caFIZ23aw1 200 0 0 50
2017-06-28 12:39:02 ::1 POST /User/ChangePassword - 51722 - ::1 Mozilla/5.0+(Windows+NT+10.0;+Win64;+x64)+AppleWebKit/537.36+(KHTML,+like+Gecko)+Chrome/59.0.3071.115+Safari/537.36 http://localhost:51722/User/ChangePassword 200 0 0 12517
2017-06-28 12:39:02 ::1 GET /__browserLink/requestData/64300aaf41e647c7a2855cb8212ef54b version=2 51722 - ::1 Mozilla/5.0+(Windows+NT+10.0;+Win64;+x64)+AppleWebKit/537.36+(KHTML,+like+Gecko)+Chrome/59.0.3071.115+Safari/537.36 http://localhost:51722/User/ChangePassword 200 0 0 38
#Software: Microsoft Internet Information Services 8.0
#Version: 1.0
#Date: 2017-06-28 12:42:55
#Fields: date time s-ip cs-method cs-uri-stem cs-uri-query s-port cs-username c-ip cs(User-Agent) cs(Referer) sc-status sc-substatus sc-win32-status time-taken
2017-06-28 12:42:55 ::1 GET /User/PartialChangePassword - 51722 - ::1 Mozilla/5.0+(Windows+NT+10.0;+Win64;+x64)+AppleWebKit/537.36+(KHTML,+like+Gecko)+Chrome/59.0.3071.115+Safari/537.36 - 302 0 0 10135
2017-06-28 12:43:06 ::1 GET /User/LogOn - 51722 - ::1 Mozilla/5.0+(Windows+NT+10.0;+Win64;+x64)+AppleWebKit/537.36+(KHTML,+like+Gecko)+Chrome/59.0.3071.115+Safari/537.36 - 200 0 0 3811
2017-06-28 12:43:06 ::1 GET /User/assets/pages/img/login/bg1.jpg - 51722 - ::1 Mozilla/5.0+(Windows+NT+10.0;+Win64;+x64)+AppleWebKit/537.36+(KHTML,+like+Gecko)+Chrome/59.0.3071.115+Safari/537.36 http://localhost:51722/User/LogOn 404 0 2 4
2017-06-28 12:43:16 ::1 GET /Error/NotFound aspxerrorpath=/User/PartialChangePassword 51722 - ::1 Mozilla/5.0+(Windows+NT+10.0;+Win64;+x64)+AppleWebKit/537.36+(KHTML,+like+Gecko)+Chrome/59.0.3071.115+Safari/537.36 - 302 0 0 20970
2017-06-28 12:43:39 ::1 POST /User/LogOn - 51722 - ::1 Mozilla/5.0+(Windows+NT+10.0;+Win64;+x64)+AppleWebKit/537.36+(KHTML,+like+Gecko)+Chrome/59.0.3071.115+Safari/537.36 http://localhost:51722/User/LogOn 302 0 0 17253
2017-06-28 12:43:39 ::1 GET / - 51722 - ::1 Mozilla/5.0+(Windows+NT+10.0;+Win64;+x64)+AppleWebKit/537.36+(KHTML,+like+Gecko)+Chrome/59.0.3071.115+Safari/537.36 http://localhost:51722/User/LogOn 302 0 0 72
2017-06-28 12:43:41 ::1 GET /Dashboard/ViewDashboard - 51722 - ::1 Mozilla/5.0+(Windows+NT+10.0;+Win64;+x64)+AppleWebKit/537.36+(KHTML,+like+Gecko)+Chrome/59.0.3071.115+Safari/537.36 http://localhost:51722/User/LogOn 200 0 0 2418
2017-06-28 12:43:41 ::1 GET /__browserLink/requestData/baa51aa3f7924bedaaad3890b0805057 version=2 51722 - ::1 Mozilla/5.0+(Windows+NT+10.0;+Win64;+x64)+AppleWebKit/537.36+(KHTML,+like+Gecko)+Chrome/59.0.3071.115+Safari/537.36 http://localhost:51722/Dashboard/ViewDashboard 200 0 0 240
2017-06-28 12:43:41 ::1 GET /Dashboard/getAjaxTab/1 sDate=null&eDate=null 51722 - ::1 Mozilla/5.0+(Windows+NT+10.0;+Win64;+x64)+AppleWebKit/537.36+(KHTML,+like+Gecko)+Chrome/59.0.3071.115+Safari/537.36 http://localhost:51722/Dashboard/ViewDashboard 200 0 0 499
2017-06-28 12:43:41 ::1 GET /Scripts/v2/easy.pie.chart/jquery.easing.1.3.js _=1498653822728 51722 - ::1 Mozilla/5.0+(Windows+NT+10.0;+Win64;+x64)+AppleWebKit/537.36+(KHTML,+like+Gecko)+Chrome/59.0.3071.115+Safari/537.36 http://localhost:51722/Dashboard/ViewDashboard 200 0 0 18
2017-06-28 12:43:41 ::1 GET /Scripts/v2/easy.pie.chart/jquery.easypiechart.min.js _=1498653822750 51722 - ::1 Mozilla/5.0+(Windows+NT+10.0;+Win64;+x64)+AppleWebKit/537.36+(KHTML,+like+Gecko)+Chrome/59.0.3071.115+Safari/537.36 http://localhost:51722/Dashboard/ViewDashboard 200 0 0 11
2017-06-28 12:43:41 ::1 GET /Scripts/v2/morris.charts/morris.min.js _=1498653822789 51722 - ::1 Mozilla/5.0+(Windows+NT+10.0;+Win64;+x64)+AppleWebKit/537.36+(KHTML,+like+Gecko)+Chrome/59.0.3071.115+Safari/537.36 http://localhost:51722/Dashboard/ViewDashboard 200 0 0 12
2017-06-28 12:43:41 ::1 GET /Scripts/v2/morris.charts/raphael.min.js _=1498653822808 51722 - ::1 Mozilla/5.0+(Windows+NT+10.0;+Win64;+x64)+AppleWebKit/537.36+(KHTML,+like+Gecko)+Chrome/59.0.3071.115+Safari/537.36 http://localhost:51722/Dashboard/ViewDashboard 200 0 0 20
2017-06-28 12:43:43 ::1 GET /Dashboard/GetExpenseSubmissions/ sDate=null&eDate=null 51722 - ::1 Mozilla/5.0+(Windows+NT+10.0;+Win64;+x64)+AppleWebKit/537.36+(KHTML,+like+Gecko)+Chrome/59.0.3071.115+Safari/537.36 http://localhost:51722/Dashboard/ViewDashboard 200 0 0 847
2017-06-28 12:43:43 ::1 GET /Dashboard/GetExpensePostings/ sDate=null&eDate=null 51722 - ::1 Mozilla/5.0+(Windows+NT+10.0;+Win64;+x64)+AppleWebKit/537.36+(KHTML,+like+Gecko)+Chrome/59.0.3071.115+Safari/537.36 http://localhost:51722/Dashboard/ViewDashboard 200 0 0 1581
2017-06-28 12:43:45 ::1 GET /Dashboard/GetExpenseApprovals/ sDate=null&eDate=null 51722 - ::1 Mozilla/5.0+(Windows+NT+10.0;+Win64;+x64)+AppleWebKit/537.36+(KHTML,+like+Gecko)+Chrome/59.0.3071.115+Safari/537.36 http://localhost:51722/Dashboard/ViewDashboard 200 0 0 2225
2017-06-28 12:43:45 ::1 GET /Dashboard/GetPayMethodsAmount/ sDate=null&eDate=null 51722 - ::1 Mozilla/5.0+(Windows+NT+10.0;+Win64;+x64)+AppleWebKit/537.36+(KHTML,+like+Gecko)+Chrome/59.0.3071.115+Safari/537.36 http://localhost:51722/Dashboard/ViewDashboard 200 0 0 2939
2017-06-28 12:43:46 ::1 GET /Dashboard/GetExpenseTypesAmount/ sDate=null&eDate=null 51722 - ::1 Mozilla/5.0+(Windows+NT+10.0;+Win64;+x64)+AppleWebKit/537.36+(KHTML,+like+Gecko)+Chrome/59.0.3071.115+Safari/537.36 http://localhost:51722/Dashboard/ViewDashboard 200 0 0 3876
2017-06-28 12:43:58 ::1 GET /User/ChangePassword - 51722 - ::1 Mozilla/5.0+(Windows+NT+10.0;+Win64;+x64)+AppleWebKit/537.36+(KHTML,+like+Gecko)+Chrome/59.0.3071.115+Safari/537.36 http://localhost:51722/Dashboard/ViewDashboard 200 0 0 10477
2017-06-28 12:43:58 ::1 GET /__browserLink/requestData/1d914ada1ae34960ab11d5663094a72a version=2 51722 - ::1 Mozilla/5.0+(Windows+NT+10.0;+Win64;+x64)+AppleWebKit/537.36+(KHTML,+like+Gecko)+Chrome/59.0.3071.115+Safari/537.36 http://localhost:51722/User/ChangePassword 200 0 0 41
2017-06-28 12:46:04 ::1 GET /User/ChangePassword - 51722 - ::1 Mozilla/5.0+(Windows+NT+10.0;+Win64;+x64)+AppleWebKit/537.36+(KHTML,+like+Gecko)+Chrome/59.0.3071.115+Safari/537.36 http://localhost:51722/Dashboard/ViewDashboard 200 0 0 6166
2017-06-28 12:46:04 ::1 GET /__browserLink/requestData/6edaa570ecb14690921edaf11f2b83a7 version=2 51722 - ::1 Mozilla/5.0+(Windows+NT+10.0;+Win64;+x64)+AppleWebKit/537.36+(KHTML,+like+Gecko)+Chrome/59.0.3071.115+Safari/537.36 http://localhost:51722/User/ChangePassword 200 0 0 58
2017-06-28 12:48:20 ::1 GET /User/ChangePassword - 51722 - ::1 Mozilla/5.0+(Windows+NT+10.0;+Win64;+x64)+AppleWebKit/537.36+(KHTML,+like+Gecko)+Chrome/59.0.3071.115+Safari/537.36 http://localhost:51722/Dashboard/ViewDashboard 200 0 0 5856
2017-06-28 12:48:20 ::1 GET /__browserLink/requestData/55d4e34d47e44e87b572ca35ca38b875 version=2 51722 - ::1 Mozilla/5.0+(Windows+NT+10.0;+Win64;+x64)+AppleWebKit/537.36+(KHTML,+like+Gecko)+Chrome/59.0.3071.115+Safari/537.36 http://localhost:51722/User/ChangePassword 200 0 0 47
2017-06-28 12:51:52 ::1 GET /User/ChangePassword - 51722 - ::1 Mozilla/5.0+(Windows+NT+10.0;+Win64;+x64)+AppleWebKit/537.36+(KHTML,+like+Gecko)+Chrome/59.0.3071.115+Safari/537.36 http://localhost:51722/Dashboard/ViewDashboard 200 0 0 19768
2017-06-28 12:51:52 ::1 GET /__browserLink/requestData/339f9312d7dc49179a09a50f1c5e9893 version=2 51722 - ::1 Mozilla/5.0+(Windows+NT+10.0;+Win64;+x64)+AppleWebKit/537.36+(KHTML,+like+Gecko)+Chrome/59.0.3071.115+Safari/537.36 http://localhost:51722/User/ChangePassword 200 0 0 73
2017-06-28 12:52:10 ::1 GET /User/ChangePassword - 51722 - ::1 Mozilla/5.0+(Windows+NT+10.0;+Win64;+x64)+AppleWebKit/537.36+(KHTML,+like+Gecko)+Chrome/59.0.3071.115+Safari/537.36 http://localhost:51722/Dashboard/ViewDashboard 200 0 0 4754
2017-06-28 12:52:10 ::1 GET /__browserLink/requestData/0126c756168e4ea7a6ac7d86692d4e77 version=2 51722 - ::1 Mozilla/5.0+(Windows+NT+10.0;+Win64;+x64)+AppleWebKit/537.36+(KHTML,+like+Gecko)+Chrome/59.0.3071.115+Safari/537.36 http://localhost:51722/User/ChangePassword 200 0 0 49
2017-06-28 12:52:21 ::1 GET /User/ChangePassword - 51722 - ::1 Mozilla/5.0+(Windows+NT+10.0;+Win64;+x64)+AppleWebKit/537.36+(KHTML,+like+Gecko)+Chrome/59.0.3071.115+Safari/537.36 http://localhost:51722/Dashboard/ViewDashboard 200 0 0 5290
2017-06-28 12:52:21 ::1 GET /__browserLink/requestData/b9b6c70ed5cc405e98e845fb25117c46 version=2 51722 - ::1 Mozilla/5.0+(Windows+NT+10.0;+Win64;+x64)+AppleWebKit/537.36+(KHTML,+like+Gecko)+Chrome/59.0.3071.115+Safari/537.36 http://localhost:51722/User/ChangePassword 200 0 0 60
2017-06-28 12:53:37 ::1 GET /User/ChangePassword - 51722 - ::1 Mozilla/5.0+(Windows+NT+10.0;+Win64;+x64)+AppleWebKit/537.36+(KHTML,+like+Gecko)+Chrome/59.0.3071.115+Safari/537.36 http://localhost:51722/Dashboard/ViewDashboard 200 0 0 7370
2017-06-28 12:53:37 ::1 GET /__browserLink/requestData/9937199991b74c95bb4577ff84a5061a version=2 51722 - ::1 Mozilla/5.0+(Windows+NT+10.0;+Win64;+x64)+AppleWebKit/537.36+(KHTML,+like+Gecko)+Chrome/59.0.3071.115+Safari/537.36 http://localhost:51722/User/ChangePassword 200 0 0 49
2017-06-28 12:55:41 ::1 GET /User/ChangePassword - 51722 - ::1 Mozilla/5.0+(Windows+NT+10.0;+Win64;+x64)+AppleWebKit/537.36+(KHTML,+like+Gecko)+Chrome/59.0.3071.115+Safari/537.36 http://localhost:51722/Dashboard/ViewDashboard 200 0 0 7275
2017-06-28 12:55:41 ::1 GET /__browserLink/requestData/abd47c56c45042ec9cd1b33f14385e36 version=2 51722 - ::1 Mozilla/5.0+(Windows+NT+10.0;+Win64;+x64)+AppleWebKit/537.36+(KHTML,+like+Gecko)+Chrome/59.0.3071.115+Safari/537.36 http://localhost:51722/User/ChangePassword 200 0 0 59
2017-06-28 12:55:58 ::1 GET /User/ChangePassword - 51722 - ::1 Mozilla/5.0+(Windows+NT+10.0;+Win64;+x64)+AppleWebKit/537.36+(KHTML,+like+Gecko)+Chrome/59.0.3071.115+Safari/537.36 http://localhost:51722/Dashboard/ViewDashboard 200 0 0 4540
2017-06-28 12:55:58 ::1 GET /__browserLink/requestData/74098293418b4fa1ae24d453d60b5d9e version=2 51722 - ::1 Mozilla/5.0+(Windows+NT+10.0;+Win64;+x64)+AppleWebKit/537.36+(KHTML,+like+Gecko)+Chrome/59.0.3071.115+Safari/537.36 http://localhost:51722/User/ChangePassword 200 0 0 52
#Software: Microsoft Internet Information Services 8.0
#Version: 1.0
#Date: 2017-06-28 12:58:05
#Fields: date time s-ip cs-method cs-uri-stem cs-uri-query s-port cs-username c-ip cs(User-Agent) cs(Referer) sc-status sc-substatus sc-win32-status time-taken
2017-06-28 12:58:05 ::1 GET /User/PartialChangePassword - 51722 - ::1 Mozilla/5.0+(Windows+NT+10.0;+Win64;+x64)+AppleWebKit/537.36+(KHTML,+like+Gecko)+Chrome/59.0.3071.115+Safari/537.36 - 302 0 0 9005
2017-06-28 12:58:16 ::1 GET /User/LogOn - 51722 - ::1 Mozilla/5.0+(Windows+NT+10.0;+Win64;+x64)+AppleWebKit/537.36+(KHTML,+like+Gecko)+Chrome/59.0.3071.115+Safari/537.36 - 200 0 0 10787
2017-06-28 12:58:16 ::1 GET /User/assets/pages/img/login/bg1.jpg - 51722 - ::1 Mozilla/5.0+(Windows+NT+10.0;+Win64;+x64)+AppleWebKit/537.36+(KHTML,+like+Gecko)+Chrome/59.0.3071.115+Safari/537.36 http://localhost:51722/User/LogOn 404 0 2 6
2017-06-28 12:58:55 ::1 POST /User/LogOn - 51722 - ::1 Mozilla/5.0+(Windows+NT+10.0;+Win64;+x64)+AppleWebKit/537.36+(KHTML,+like+Gecko)+Chrome/59.0.3071.115+Safari/537.36 http://localhost:51722/User/LogOn 302 0 0 35995
2017-06-28 12:58:55 ::1 GET / - 51722 - ::1 Mozilla/5.0+(Windows+NT+10.0;+Win64;+x64)+AppleWebKit/537.36+(KHTML,+like+Gecko)+Chrome/59.0.3071.115+Safari/537.36 http://localhost:51722/User/LogOn 302 0 0 81
2017-06-28 12:59:03 ::1 GET /Error/NotFound aspxerrorpath=/User/PartialChangePassword 51722 - ::1 Mozilla/5.0+(Windows+NT+10.0;+Win64;+x64)+AppleWebKit/537.36+(KHTML,+like+Gecko)+Chrome/59.0.3071.115+Safari/537.36 - 302 0 0 58098
2017-06-28 12:59:04 ::1 GET /Dashboard/ViewDashboard - 51722 - ::1 Mozilla/5.0+(Windows+NT+10.0;+Win64;+x64)+AppleWebKit/537.36+(KHTML,+like+Gecko)+Chrome/59.0.3071.115+Safari/537.36 http://localhost:51722/User/LogOn 200 0 0 8735
2017-06-28 12:59:04 ::1 GET /__browserLink/requestData/445644417d614eba9af99d912408e878 version=2 51722 - ::1 Mozilla/5.0+(Windows+NT+10.0;+Win64;+x64)+AppleWebKit/537.36+(KHTML,+like+Gecko)+Chrome/59.0.3071.115+Safari/537.36 http://localhost:51722/Dashboard/ViewDashboard 200 0 0 179
2017-06-28 12:59:04 ::1 GET /Dashboard/getAjaxTab/1 sDate=null&eDate=null 51722 - ::1 Mozilla/5.0+(Windows+NT+10.0;+Win64;+x64)+AppleWebKit/537.36+(KHTML,+like+Gecko)+Chrome/59.0.3071.115+Safari/537.36 http://localhost:51722/Dashboard/ViewDashboard 200 0 0 428
2017-06-28 12:59:04 ::1 GET /Scripts/v2/easy.pie.chart/jquery.easing.1.3.js _=1498654745044 51722 - ::1 Mozilla/5.0+(Windows+NT+10.0;+Win64;+x64)+AppleWebKit/537.36+(KHTML,+like+Gecko)+Chrome/59.0.3071.115+Safari/537.36 http://localhost:51722/Dashboard/ViewDashboard 200 0 0 26
2017-06-28 12:59:04 ::1 GET /Scripts/v2/easy.pie.chart/jquery.easypiechart.min.js _=1498654745075 51722 - ::1 Mozilla/5.0+(Windows+NT+10.0;+Win64;+x64)+AppleWebKit/537.36+(KHTML,+like+Gecko)+Chrome/59.0.3071.115+Safari/537.36 http://localhost:51722/Dashboard/ViewDashboard 200 0 0 12
2017-06-28 12:59:04 ::1 GET /Scripts/v2/morris.charts/morris.min.js _=1498654745106 51722 - ::1 Mozilla/5.0+(Windows+NT+10.0;+Win64;+x64)+AppleWebKit/537.36+(KHTML,+like+Gecko)+Chrome/59.0.3071.115+Safari/537.36 http://localhost:51722/Dashboard/ViewDashboard 200 0 0 12
2017-06-28 12:59:04 ::1 GET /Scripts/v2/morris.charts/raphael.min.js _=1498654745125 51722 - ::1 Mozilla/5.0+(Windows+NT+10.0;+Win64;+x64)+AppleWebKit/537.36+(KHTML,+like+Gecko)+Chrome/59.0.3071.115+Safari/537.36 http://localhost:51722/Dashboard/ViewDashboard 200 0 0 21
2017-06-28 12:59:05 ::1 GET /Dashboard/GetExpenseSubmissions/ sDate=null&eDate=null 51722 - ::1 Mozilla/5.0+(Windows+NT+10.0;+Win64;+x64)+AppleWebKit/537.36+(KHTML,+like+Gecko)+Chrome/59.0.3071.115+Safari/537.36 http://localhost:51722/Dashboard/ViewDashboard 200 0 0 807
2017-06-28 12:59:05 ::1 GET /Dashboard/GetExpenseApprovals/ sDate=null&eDate=null 51722 - ::1 Mozilla/5.0+(Windows+NT+10.0;+Win64;+x64)+AppleWebKit/537.36+(KHTML,+like+Gecko)+Chrome/59.0.3071.115+Safari/537.36 http://localhost:51722/Dashboard/ViewDashboard 200 0 0 1717
2017-06-28 12:59:07 ::1 GET /Dashboard/GetPayMethodsAmount/ sDate=null&eDate=null 51722 - ::1 Mozilla/5.0+(Windows+NT+10.0;+Win64;+x64)+AppleWebKit/537.36+(KHTML,+like+Gecko)+Chrome/59.0.3071.115+Safari/537.36 http://localhost:51722/Dashboard/ViewDashboard 200 0 0 2300
2017-06-28 12:59:07 ::1 GET /Dashboard/GetExpenseTypesAmount/ sDate=null&eDate=null 51722 - ::1 Mozilla/5.0+(Windows+NT+10.0;+Win64;+x64)+AppleWebKit/537.36+(KHTML,+like+Gecko)+Chrome/59.0.3071.115+Safari/537.36 http://localhost:51722/Dashboard/ViewDashboard 200 0 0 3285
2017-06-28 12:59:09 ::1 GET /Dashboard/GetExpensePostings/ sDate=null&eDate=null 51722 - ::1 Mozilla/5.0+(Windows+NT+10.0;+Win64;+x64)+AppleWebKit/537.36+(KHTML,+like+Gecko)+Chrome/59.0.3071.115+Safari/537.36 http://localhost:51722/Dashboard/ViewDashboard 200 0 0 3862
2017-06-28 12:59:20 ::1 GET /User/ChangePassword - 51722 - ::1 Mozilla/5.0+(Windows+NT+10.0;+Win64;+x64)+AppleWebKit/537.36+(KHTML,+like+Gecko)+Chrome/59.0.3071.115+Safari/537.36 http://localhost:51722/Dashboard/ViewDashboard 200 0 0 9631
2017-06-28 12:59:20 ::1 GET /__browserLink/requestData/5844aa2242d846ea8ea2b9f813b281e9 version=2 51722 - ::1 Mozilla/5.0+(Windows+NT+10.0;+Win64;+x64)+AppleWebKit/537.36+(KHTML,+like+Gecko)+Chrome/59.0.3071.115+Safari/537.36 http://localhost:51722/User/ChangePassword 200 0 0 42
2017-06-28 12:59:36 ::1 GET /User/ChangePassword - 51722 - ::1 Mozilla/5.0+(Windows+NT+10.0;+Win64;+x64)+AppleWebKit/537.36+(KHTML,+like+Gecko)+Chrome/59.0.3071.115+Safari/537.36 http://localhost:51722/Dashboard/ViewDashboard 200 0 0 3905
2017-06-28 12:59:36 ::1 GET /__browserLink/requestData/77da8ad5197447fe8e9bb97c256221b3 version=2 51722 - ::1 Mozilla/5.0+(Windows+NT+10.0;+Win64;+x64)+AppleWebKit/537.36+(KHTML,+like+Gecko)+Chrome/59.0.3071.115+Safari/537.36 http://localhost:51722/User/ChangePassword 200 0 0 71
2017-06-28 13:02:32 ::1 GET /User/ChangePassword - 51722 - ::1 Mozilla/5.0+(Windows+NT+10.0;+Win64;+x64)+AppleWebKit/537.36+(KHTML,+like+Gecko)+Chrome/59.0.3071.115+Safari/537.36 http://localhost:51722/Dashboard/ViewDashboard 200 0 0 11109
2017-06-28 13:02:32 ::1 GET /__browserLink/requestData/4f2024bc0dd4422d8d2307cfd382c054 version=2 51722 - ::1 Mozilla/5.0+(Windows+NT+10.0;+Win64;+x64)+AppleWebKit/537.36+(KHTML,+like+Gecko)+Chrome/59.0.3071.115+Safari/537.36 http://localhost:51722/User/ChangePassword 200 0 0 47
2017-06-28 13:05:17 ::1 POST /User/ChangePassword - 51722 - ::1 Mozilla/5.0+(Windows+NT+10.0;+Win64;+x64)+AppleWebKit/537.36+(KHTML,+like+Gecko)+Chrome/59.0.3071.115+Safari/537.36 http://localhost:51722/User/ChangePassword 200 0 0 11503
2017-06-28 13:05:17 ::1 GET /__browserLink/requestData/0470a1c0794647aca771b6788d3fb2b5 version=2 51722 - ::1 Mozilla/5.0+(Windows+NT+10.0;+Win64;+x64)+AppleWebKit/537.36+(KHTML,+like+Gecko)+Chrome/59.0.3071.115+Safari/537.36 http://localhost:51722/User/ChangePassword 200 0 0 32
2017-06-28 13:06:12 ::1 POST /User/ChangePassword - 51722 - ::1 Mozilla/5.0+(Windows+NT+10.0;+Win64;+x64)+AppleWebKit/537.36+(KHTML,+like+Gecko)+Chrome/59.0.3071.115+Safari/537.36 http://localhost:51722/User/ChangePassword 200 0 0 27685
2017-06-28 13:06:16 ::1 GET /__browserLink/requestData/a74edb819f074511b1d04df10300bad0 version=2 51722 - ::1 Mozilla/5.0+(Windows+NT+10.0;+Win64;+x64)+AppleWebKit/537.36+(KHTML,+like+Gecko)+Chrome/59.0.3071.115+Safari/537.36 http://localhost:51722/User/ChangePassword 200 0 0 39
2017-06-28 13:08:51 ::1 POST /User/ChangePassword - 51722 - ::1 Mozilla/5.0+(Windows+NT+10.0;+Win64;+x64)+AppleWebKit/537.36+(KHTML,+like+Gecko)+Chrome/59.0.3071.115+Safari/537.36 http://localhost:51722/User/ChangePassword 200 0 0 10623
2017-06-28 13:08:51 ::1 GET /favicon.ico - 51722 - ::1 Mozilla/5.0+(Windows+NT+10.0;+Win64;+x64)+AppleWebKit/537.36+(KHTML,+like+Gecko)+Chrome/59.0.3071.115+Safari/537.36 http://localhost:51722/User/ChangePassword 200 0 0 27
2017-06-28 13:08:55 ::1 GET /__browserLink/requestData/64c05de9a027478680c13ed6c4ec31a6 version=2 51722 - ::1 Mozilla/5.0+(Windows+NT+10.0;+Win64;+x64)+AppleWebKit/537.36+(KHTML,+like+Gecko)+Chrome/59.0.3071.115+Safari/537.36 http://localhost:51722/User/ChangePassword 200 0 0 47
2017-06-28 13:10:09 ::1 POST /User/ChangePassword - 51722 - ::1 Mozilla/5.0+(Windows+NT+10.0;+Win64;+x64)+AppleWebKit/537.36+(KHTML,+like+Gecko)+Chrome/59.0.3071.115+Safari/537.36 http://localhost:51722/User/ChangePassword 200 0 0 59942
2017-06-28 13:10:09 ::1 GET /images/icons/cross_grey_small.png - 51722 - ::1 Mozilla/5.0+(Windows+NT+10.0;+Win64;+x64)+AppleWebKit/537.36+(KHTML,+like+Gecko)+Chrome/59.0.3071.115+Safari/537.36 http://localhost:51722/User/ChangePassword 200 0 0 28
2017-06-28 13:10:09 ::1 GET /images/icons/tick_circle.png - 51722 - ::1 Mozilla/5.0+(Windows+NT+10.0;+Win64;+x64)+AppleWebKit/537.36+(KHTML,+like+Gecko)+Chrome/59.0.3071.115+Safari/537.36 http://localhost:51722/css/SiteLayoutPageForMasters-css?v=TlQFZmKEzB1eKkPRL_WBp6ITJBhCr4u8E5caFIZ23aw1 200 0 0 20
2017-06-28 13:10:17 ::1 GET /__browserLink/requestData/849ad5974c2f4fd1b383567d57b24272 version=2 51722 - ::1 Mozilla/5.0+(Windows+NT+10.0;+Win64;+x64)+AppleWebKit/537.36+(KHTML,+like+Gecko)+Chrome/59.0.3071.115+Safari/537.36 http://localhost:51722/User/ChangePassword 200 0 0 38
2017-06-28 13:12:59 ::1 POST /User/ChangePassword - 51722 - ::1 Mozilla/5.0+(Windows+NT+10.0;+Win64;+x64)+AppleWebKit/537.36+(KHTML,+like+Gecko)+Chrome/59.0.3071.115+Safari/537.36 http://localhost:51722/User/ChangePassword 200 0 0 10044
2017-06-28 13:12:59 ::1 GET /__browserLink/requestData/186ae8a614f444758cc0f8376754dfab version=2 51722 - ::1 Mozilla/5.0+(Windows+NT+10.0;+Win64;+x64)+AppleWebKit/537.36+(KHTML,+like+Gecko)+Chrome/59.0.3071.115+Safari/537.36 http://localhost:51722/User/ChangePassword 200 0 0 32
#Software: Microsoft Internet Information Services 8.0
#Version: 1.0
#Date: 2017-06-28 13:37:33
#Fields: date time s-ip cs-method cs-uri-stem cs-uri-query s-port cs-username c-ip cs(User-Agent) cs(Referer) sc-status sc-substatus sc-win32-status time-taken
2017-06-28 13:37:33 ::1 GET /User/PartialChangePassword - 51722 - ::1 Mozilla/5.0+(Windows+NT+10.0;+Win64;+x64)+AppleWebKit/537.36+(KHTML,+like+Gecko)+Chrome/59.0.3071.115+Safari/537.36 - 302 0 0 9125
2017-06-28 13:37:37 ::1 GET /User/LogOn - 51722 - ::1 Mozilla/5.0+(Windows+NT+10.0;+Win64;+x64)+AppleWebKit/537.36+(KHTML,+like+Gecko)+Chrome/59.0.3071.115+Safari/537.36 - 200 0 0 3290
2017-06-28 13:37:37 ::1 GET /User/assets/pages/img/login/bg1.jpg - 51722 - ::1 Mozilla/5.0+(Windows+NT+10.0;+Win64;+x64)+AppleWebKit/537.36+(KHTML,+like+Gecko)+Chrome/59.0.3071.115+Safari/537.36 http://localhost:51722/User/LogOn 404 0 2 7
2017-06-28 13:37:58 ::1 POST /User/LogOn - 51722 - ::1 Mozilla/5.0+(Windows+NT+10.0;+Win64;+x64)+AppleWebKit/537.36+(KHTML,+like+Gecko)+Chrome/59.0.3071.115+Safari/537.36 http://localhost:51722/User/LogOn 302 0 0 17049
2017-06-28 13:37:58 ::1 GET / - 51722 - ::1 Mozilla/5.0+(Windows+NT+10.0;+Win64;+x64)+AppleWebKit/537.36+(KHTML,+like+Gecko)+Chrome/59.0.3071.115+Safari/537.36 http://localhost:51722/User/LogOn 302 0 0 63
2017-06-28 13:38:05 ::1 GET /Error/NotFound aspxerrorpath=/User/PartialChangePassword 51722 - ::1 Mozilla/5.0+(Windows+NT+10.0;+Win64;+x64)+AppleWebKit/537.36+(KHTML,+like+Gecko)+Chrome/59.0.3071.115+Safari/537.36 - 302 0 0 31886
2017-06-28 13:38:06 ::1 GET /Dashboard/ViewDashboard - 51722 - ::1 Mozilla/5.0+(Windows+NT+10.0;+Win64;+x64)+AppleWebKit/537.36+(KHTML,+like+Gecko)+Chrome/59.0.3071.115+Safari/537.36 http://localhost:51722/User/LogOn 200 0 0 8397
2017-06-28 13:38:06 ::1 GET /__browserLink/requestData/6ca1f5c1b56345429ed3aa3c5d9bf693 version=2 51722 - ::1 Mozilla/5.0+(Windows+NT+10.0;+Win64;+x64)+AppleWebKit/537.36+(KHTML,+like+Gecko)+Chrome/59.0.3071.115+Safari/537.36 http://localhost:51722/Dashboard/ViewDashboard 200 0 0 261
2017-06-28 13:38:06 ::1 GET /Dashboard/getAjaxTab/1 sDate=null&eDate=null 51722 - ::1 Mozilla/5.0+(Windows+NT+10.0;+Win64;+x64)+AppleWebKit/537.36+(KHTML,+like+Gecko)+Chrome/59.0.3071.115+Safari/537.36 http://localhost:51722/Dashboard/ViewDashboard 200 0 0 625
2017-06-28 13:38:06 ::1 GET /Scripts/v2/easy.pie.chart/jquery.easing.1.3.js _=1498657087778 51722 - ::1 Mozilla/5.0+(Windows+NT+10.0;+Win64;+x64)+AppleWebKit/537.36+(KHTML,+like+Gecko)+Chrome/59.0.3071.115+Safari/537.36 http://localhost:51722/Dashboard/ViewDashboard 200 0 0 18
2017-06-28 13:38:07 ::1 GET /Scripts/v2/easy.pie.chart/jquery.easypiechart.min.js _=1498657087839 51722 - ::1 Mozilla/5.0+(Windows+NT+10.0;+Win64;+x64)+AppleWebKit/537.36+(KHTML,+like+Gecko)+Chrome/59.0.3071.115+Safari/537.36 http://localhost:51722/Dashboard/ViewDashboard 200 0 0 12
2017-06-28 13:38:07 ::1 GET /Scripts/v2/morris.charts/morris.min.js _=1498657087871 51722 - ::1 Mozilla/5.0+(Windows+NT+10.0;+Win64;+x64)+AppleWebKit/537.36+(KHTML,+like+Gecko)+Chrome/59.0.3071.115+Safari/537.36 http://localhost:51722/Dashboard/ViewDashboard 200 0 0 25
2017-06-28 13:38:07 ::1 GET /Scripts/v2/morris.charts/raphael.min.js _=1498657087897 51722 - ::1 Mozilla/5.0+(Windows+NT+10.0;+Win64;+x64)+AppleWebKit/537.36+(KHTML,+like+Gecko)+Chrome/59.0.3071.115+Safari/537.36 http://localhost:51722/Dashboard/ViewDashboard 200 0 0 24
2017-06-28 13:38:09 ::1 GET /Dashboard/GetExpenseSubmissions/ sDate=null&eDate=null 51722 - ::1 Mozilla/5.0+(Windows+NT+10.0;+Win64;+x64)+AppleWebKit/537.36+(KHTML,+like+Gecko)+Chrome/59.0.3071.115+Safari/537.36 http://localhost:51722/Dashboard/ViewDashboard 200 0 0 1027
2017-06-28 13:38:09 ::1 GET /Dashboard/GetExpenseApprovals/ sDate=null&eDate=null 51722 - ::1 Mozilla/5.0+(Windows+NT+10.0;+Win64;+x64)+AppleWebKit/537.36+(KHTML,+like+Gecko)+Chrome/59.0.3071.115+Safari/537.36 http://localhost:51722/Dashboard/ViewDashboard 200 0 0 1968
2017-06-28 13:38:11 ::1 GET /Dashboard/GetExpenseTypesAmount/ sDate=null&eDate=null 51722 - ::1 Mozilla/5.0+(Windows+NT+10.0;+Win64;+x64)+AppleWebKit/537.36+(KHTML,+like+Gecko)+Chrome/59.0.3071.115+Safari/537.36 http://localhost:51722/Dashboard/ViewDashboard 200 0 0 3068
2017-06-28 13:38:11 ::1 GET /Dashboard/GetExpensePostings/ sDate=null&eDate=null 51722 - ::1 Mozilla/5.0+(Windows+NT+10.0;+Win64;+x64)+AppleWebKit/537.36+(KHTML,+like+Gecko)+Chrome/59.0.3071.115+Safari/537.36 http://localhost:51722/Dashboard/ViewDashboard 200 0 0 4051
2017-06-28 13:38:12 ::1 GET /Dashboard/GetPayMethodsAmount/ sDate=null&eDate=null 51722 - ::1 Mozilla/5.0+(Windows+NT+10.0;+Win64;+x64)+AppleWebKit/537.36+(KHTML,+like+Gecko)+Chrome/59.0.3071.115+Safari/537.36 http://localhost:51722/Dashboard/ViewDashboard 200 0 0 4975
2017-06-28 13:38:15 ::1 GET /User - 51722 - ::1 Mozilla/5.0+(Windows+NT+10.0;+Win64;+x64)+AppleWebKit/537.36+(KHTML,+like+Gecko)+Chrome/59.0.3071.115+Safari/537.36 http://localhost:51722/Dashboard/ViewDashboard 200 0 0 1380
2017-06-28 13:38:15 ::1 GET /images/icons/pencil.png - 51722 - ::1 Mozilla/5.0+(Windows+NT+10.0;+Win64;+x64)+AppleWebKit/537.36+(KHTML,+like+Gecko)+Chrome/59.0.3071.115+Safari/537.36 http://localhost:51722/User 200 0 0 8
2017-06-28 13:38:15 ::1 GET /Scripts/chosen/chosen-sprite.png - 51722 - ::1 Mozilla/5.0+(Windows+NT+10.0;+Win64;+x64)+AppleWebKit/537.36+(KHTML,+like+Gecko)+Chrome/59.0.3071.115+Safari/537.36 http://localhost:51722/Scripts/chosen/chosen.css 200 0 0 12
2017-06-28 13:38:15 ::1 GET /AjaxCall/GetCompanyList/ - 51722 - ::1 Mozilla/5.0+(Windows+NT+10.0;+Win64;+x64)+AppleWebKit/537.36+(KHTML,+like+Gecko)+Chrome/59.0.3071.115+Safari/537.36 http://localhost:51722/User 200 0 0 227
2017-06-28 13:38:15 ::1 GET /__browserLink/requestData/94468112dd724105aa8f30ce9fbda8e3 version=2 51722 - ::1 Mozilla/5.0+(Windows+NT+10.0;+Win64;+x64)+AppleWebKit/537.36+(KHTML,+like+Gecko)+Chrome/59.0.3071.115+Safari/537.36 http://localhost:51722/User 200 0 0 51
2017-06-28 13:38:16 ::1 GET /AjaxCall/GetBusinessUnitList/ CompanyId=0 51722 - ::1 Mozilla/5.0+(Windows+NT+10.0;+Win64;+x64)+AppleWebKit/537.36+(KHTML,+like+Gecko)+Chrome/59.0.3071.115+Safari/537.36 http://localhost:51722/User 200 0 0 1171
2017-06-28 13:38:16 ::1 GET /AjaxCall/GetBusinessUnitList/ CompanyId=0 51722 - ::1 Mozilla/5.0+(Windows+NT+10.0;+Win64;+x64)+AppleWebKit/537.36+(KHTML,+like+Gecko)+Chrome/59.0.3071.115+Safari/537.36 http://localhost:51722/User 200 0 0 57
2017-06-28 13:38:21 ::1 GET /User/Create - 51722 - ::1 Mozilla/5.0+(Windows+NT+10.0;+Win64;+x64)+AppleWebKit/537.36+(KHTML,+like+Gecko)+Chrome/59.0.3071.115+Safari/537.36 http://localhost:51722/User 200 0 0 1679
2017-06-28 13:38:21 ::1 GET /User/GetAllEnabledTransactionMappingAccorssAllRoles _=1498657101381 51722 - ::1 Mozilla/5.0+(Windows+NT+10.0;+Win64;+x64)+AppleWebKit/537.36+(KHTML,+like+Gecko)+Chrome/59.0.3071.115+Safari/537.36 http://localhost:51722/User/Create 200 0 0 96
2017-06-28 13:38:21 ::1 GET /AjaxCall/GetCompanyList/ _=1498657101481 51722 - ::1 Mozilla/5.0+(Windows+NT+10.0;+Win64;+x64)+AppleWebKit/537.36+(KHTML,+like+Gecko)+Chrome/59.0.3071.115+Safari/537.36 http://localhost:51722/User/Create 200 0 0 267
2017-06-28 13:38:21 ::1 GET /__browserLink/requestData/b4c90dc1b3ad4dc28b20edf3c7bdc8f5 version=2 51722 - ::1 Mozilla/5.0+(Windows+NT+10.0;+Win64;+x64)+AppleWebKit/537.36+(KHTML,+like+Gecko)+Chrome/59.0.3071.115+Safari/537.36 http://localhost:51722/User/Create 200 0 0 130
2017-06-28 13:38:21 ::1 GET /AjaxCall/GetCostCenterList/ _=1498657101489 51722 - ::1 Mozilla/5.0+(Windows+NT+10.0;+Win64;+x64)+AppleWebKit/537.36+(KHTML,+like+Gecko)+Chrome/59.0.3071.115+Safari/537.36 http://localhost:51722/User/Create 200 0 0 389
2017-06-28 13:38:22 ::1 GET /AjaxCall/GetBusinessUnitList/ _=1498657101488 51722 - ::1 Mozilla/5.0+(Windows+NT+10.0;+Win64;+x64)+AppleWebKit/537.36+(KHTML,+like+Gecko)+Chrome/59.0.3071.115+Safari/537.36 http://localhost:51722/User/Create 200 0 0 764
2017-06-28 13:39:09 ::1 GET /User/GetProjectConfigurationLabelInfo RoleId=41&_=1498657148983 51722 - ::1 Mozilla/5.0+(Windows+NT+10.0;+Win64;+x64)+AppleWebKit/537.36+(KHTML,+like+Gecko)+Chrome/59.0.3071.115+Safari/537.36 http://localhost:51722/User/Create 200 0 0 65
2017-06-28 13:39:13 ::1 GET /AjaxCall/GetCostCenterList/ CompanyId=0&BusinessUnitId=34&_=1498657153879 51722 - ::1 Mozilla/5.0+(Windows+NT+10.0;+Win64;+x64)+AppleWebKit/537.36+(KHTML,+like+Gecko)+Chrome/59.0.3071.115+Safari/537.36 http://localhost:51722/User/Create 200 0 0 89
2017-06-28 13:39:16 ::1 GET /AjaxCall/GetBusinessUnitList/ CompanyId=11&_=1498657156560 51722 - ::1 Mozilla/5.0+(Windows+NT+10.0;+Win64;+x64)+AppleWebKit/537.36+(KHTML,+like+Gecko)+Chrome/59.0.3071.115+Safari/537.36 http://localhost:51722/User/Create 200 0 0 60
2017-06-28 13:39:24 ::1 GET /AjaxCall/GetCostCenterList/ CompanyId=11&BusinessUnitId=34&_=1498657164161 51722 - ::1 Mozilla/5.0+(Windows+NT+10.0;+Win64;+x64)+AppleWebKit/537.36+(KHTML,+like+Gecko)+Chrome/59.0.3071.115+Safari/537.36 http://localhost:51722/User/Create 200 0 0 76
2017-06-28 13:39:38 ::1 POST /User/Create - 51722 - ::1 Mozilla/5.0+(Windows+NT+10.0;+Win64;+x64)+AppleWebKit/537.36+(KHTML,+like+Gecko)+Chrome/59.0.3071.115+Safari/537.36 http://localhost:51722/User/Create 200 0 0 11662
2017-06-28 13:39:38 ::1 GET /images/icons/exclamation.png - 51722 - ::1 Mozilla/5.0+(Windows+NT+10.0;+Win64;+x64)+AppleWebKit/537.36+(KHTML,+like+Gecko)+Chrome/59.0.3071.115+Safari/537.36 http://localhost:51722/css/SiteLayoutPageForMasters-css?v=TlQFZmKEzB1eKkPRL_WBp6ITJBhCr4u8E5caFIZ23aw1 200 0 0 47
2017-06-28 13:39:38 ::1 GET /AjaxCall/GetBusinessUnitList/ - 51722 - ::1 Mozilla/5.0+(Windows+NT+10.0;+Win64;+x64)+AppleWebKit/537.36+(KHTML,+like+Gecko)+Chrome/59.0.3071.115+Safari/537.36 http://localhost:51722/User/Create 200 0 0 180
2017-06-28 13:39:38 ::1 GET /__browserLink/requestData/ad9e747efbeb4cd3bd026c1a747c4eb5 version=2 51722 - ::1 Mozilla/5.0+(Windows+NT+10.0;+Win64;+x64)+AppleWebKit/537.36+(KHTML,+like+Gecko)+Chrome/59.0.3071.115+Safari/537.36 http://localhost:51722/User/Create 200 0 0 51
2017-06-28 13:39:38 ::1 GET /AjaxCall/GetCompanyList/ - 51722 - ::1 Mozilla/5.0+(Windows+NT+10.0;+Win64;+x64)+AppleWebKit/537.36+(KHTML,+like+Gecko)+Chrome/59.0.3071.115+Safari/537.36 http://localhost:51722/User/Create 200 0 0 665
2017-06-28 13:39:39 ::1 GET /AjaxCall/GetBusinessUnitList/ - 51722 - ::1 Mozilla/5.0+(Windows+NT+10.0;+Win64;+x64)+AppleWebKit/537.36+(KHTML,+like+Gecko)+Chrome/59.0.3071.115+Safari/537.36 http://localhost:51722/User/Create 200 0 0 62
#Software: Microsoft Internet Information Services 8.0
#Version: 1.0
#Date: 2017-06-28 14:13:30
#Fields: date time s-ip cs-method cs-uri-stem cs-uri-query s-port cs-username c-ip cs(User-Agent) cs(Referer) sc-status sc-substatus sc-win32-status time-taken
2017-06-28 14:13:30 ::1 GET /User/Create - 51722 - ::1 Mozilla/5.0+(Windows+NT+10.0;+Win64;+x64)+AppleWebKit/537.36+(KHTML,+like+Gecko)+Chrome/59.0.3071.115+Safari/537.36 http://localhost:51722/User/Create 200 0 0 1241
2017-06-28 14:13:30 ::1 GET /User/GetAllEnabledTransactionMappingAccorssAllRoles _=1498659210601 51722 - ::1 Mozilla/5.0+(Windows+NT+10.0;+Win64;+x64)+AppleWebKit/537.36+(KHTML,+like+Gecko)+Chrome/59.0.3071.115+Safari/537.36 http://localhost:51722/User/Create 200 0 0 53
2017-06-28 14:13:30 ::1 GET /AjaxCall/GetCompanyList/ _=1498659210661 51722 - ::1 Mozilla/5.0+(Windows+NT+10.0;+Win64;+x64)+AppleWebKit/537.36+(KHTML,+like+Gecko)+Chrome/59.0.3071.115+Safari/537.36 http://localhost:51722/User/Create 200 0 0 225
2017-06-28 14:13:30 ::1 GET /AjaxCall/GetCostCenterList/ _=1498659210664 51722 - ::1 Mozilla/5.0+(Windows+NT+10.0;+Win64;+x64)+AppleWebKit/537.36+(KHTML,+like+Gecko)+Chrome/59.0.3071.115+Safari/537.36 http://localhost:51722/User/Create 200 0 0 470
2017-06-28 14:13:30 ::1 GET /__browserLink/requestData/6e7b8022e7c94445aba55e17275bc5b8 version=2 51722 - ::1 Mozilla/5.0+(Windows+NT+10.0;+Win64;+x64)+AppleWebKit/537.36+(KHTML,+like+Gecko)+Chrome/59.0.3071.115+Safari/537.36 http://localhost:51722/User/Create 200 0 0 306
2017-06-28 14:13:31 ::1 GET /AjaxCall/GetBusinessUnitList/ _=1498659210663 51722 - ::1 Mozilla/5.0+(Windows+NT+10.0;+Win64;+x64)+AppleWebKit/537.36+(KHTML,+like+Gecko)+Chrome/59.0.3071.115+Safari/537.36 http://localhost:51722/User/Create 200 0 0 668
2017-06-28 14:14:14 ::1 GET /User/LogOn - 51722 - ::1 Mozilla/5.0+(Windows+NT+10.0;+Win64;+x64)+AppleWebKit/537.36+(KHTML,+like+Gecko)+Chrome/59.0.3071.115+Safari/537.36 http://localhost:51722/User/Create 200 0 0 4046
2017-06-28 14:14:14 ::1 GET /User/assets/pages/img/login/bg1.jpg - 51722 - ::1 Mozilla/5.0+(Windows+NT+10.0;+Win64;+x64)+AppleWebKit/537.36+(KHTML,+like+Gecko)+Chrome/59.0.3071.115+Safari/537.36 http://localhost:51722/User/LogOn 404 0 2 18
2017-06-28 14:14:21 ::1 GET /User/Create - 51722 - ::1 Mozilla/5.0+(Windows+NT+10.0;+Win64;+x64)+AppleWebKit/537.36+(KHTML,+like+Gecko)+Chrome/59.0.3071.115+Safari/537.36 http://localhost:51722/User/Create 302 0 0 25945
2017-06-28 14:16:08 ::1 POST /User/LogOn - 51722 - ::1 Mozilla/5.0+(Windows+NT+10.0;+Win64;+x64)+AppleWebKit/537.36+(KHTML,+like+Gecko)+Chrome/59.0.3071.115+Safari/537.36 http://localhost:51722/User/LogOn 302 0 0 16186
2017-06-28 14:16:08 ::1 GET / - 51722 - ::1 Mozilla/5.0+(Windows+NT+10.0;+Win64;+x64)+AppleWebKit/537.36+(KHTML,+like+Gecko)+Chrome/59.0.3071.115+Safari/537.36 http://localhost:51722/User/LogOn 302 0 0 68
2017-06-28 14:16:09 ::1 GET /Dashboard/ViewDashboard - 51722 - ::1 Mozilla/5.0+(Windows+NT+10.0;+Win64;+x64)+AppleWebKit/537.36+(KHTML,+like+Gecko)+Chrome/59.0.3071.115+Safari/537.36 http://localhost:51722/User/LogOn 200 0 0 1080
2017-06-28 14:16:09 ::1 GET /__browserLink/requestData/65bef2a0f0134ee4a7381a9943909431 version=2 51722 - ::1 Mozilla/5.0+(Windows+NT+10.0;+Win64;+x64)+AppleWebKit/537.36+(KHTML,+like+Gecko)+Chrome/59.0.3071.115+Safari/537.36 http://localhost:51722/Dashboard/ViewDashboard 200 0 0 178
2017-06-28 14:16:09 ::1 GET /Dashboard/getAjaxTab/1 sDate=null&eDate=null 51722 - ::1 Mozilla/5.0+(Windows+NT+10.0;+Win64;+x64)+AppleWebKit/537.36+(KHTML,+like+Gecko)+Chrome/59.0.3071.115+Safari/537.36 http://localhost:51722/Dashboard/ViewDashboard 200 0 0 377
2017-06-28 14:16:09 ::1 GET /Scripts/v2/easy.pie.chart/jquery.easing.1.3.js _=1498659369703 51722 - ::1 Mozilla/5.0+(Windows+NT+10.0;+Win64;+x64)+AppleWebKit/537.36+(KHTML,+like+Gecko)+Chrome/59.0.3071.115+Safari/537.36 http://localhost:51722/Dashboard/ViewDashboard 200 0 0 15
2017-06-28 14:16:09 ::1 GET /Scripts/v2/easy.pie.chart/jquery.easypiechart.min.js _=1498659369738 51722 - ::1 Mozilla/5.0+(Windows+NT+10.0;+Win64;+x64)+AppleWebKit/537.36+(KHTML,+like+Gecko)+Chrome/59.0.3071.115+Safari/537.36 http://localhost:51722/Dashboard/ViewDashboard 200 0 0 11
2017-06-28 14:16:09 ::1 GET /Scripts/v2/morris.charts/morris.min.js _=1498659369752 51722 - ::1 Mozilla/5.0+(Windows+NT+10.0;+Win64;+x64)+AppleWebKit/537.36+(KHTML,+like+Gecko)+Chrome/59.0.3071.115+Safari/537.36 http://localhost:51722/Dashboard/ViewDashboard 200 0 0 20
2017-06-28 14:16:09 ::1 GET /Scripts/v2/morris.charts/raphael.min.js _=1498659369780 51722 - ::1 Mozilla/5.0+(Windows+NT+10.0;+Win64;+x64)+AppleWebKit/537.36+(KHTML,+like+Gecko)+Chrome/59.0.3071.115+Safari/537.36 http://localhost:51722/Dashboard/ViewDashboard 200 0 0 28
2017-06-28 14:16:10 ::1 GET /Dashboard/GetExpenseSubmissions/ sDate=null&eDate=null 51722 - ::1 Mozilla/5.0+(Windows+NT+10.0;+Win64;+x64)+AppleWebKit/537.36+(KHTML,+like+Gecko)+Chrome/59.0.3071.115+Safari/537.36 http://localhost:51722/Dashboard/ViewDashboard 200 0 0 700
2017-06-28 14:16:10 ::1 GET /Dashboard/GetExpenseApprovals/ sDate=null&eDate=null 51722 - ::1 Mozilla/5.0+(Windows+NT+10.0;+Win64;+x64)+AppleWebKit/537.36+(KHTML,+like+Gecko)+Chrome/59.0.3071.115+Safari/537.36 http://localhost:51722/Dashboard/ViewDashboard 200 0 0 1359
2017-06-28 14:16:11 ::1 GET /Dashboard/GetExpenseTypesAmount/ sDate=null&eDate=null 51722 - ::1 Mozilla/5.0+(Windows+NT+10.0;+Win64;+x64)+AppleWebKit/537.36+(KHTML,+like+Gecko)+Chrome/59.0.3071.115+Safari/537.36 http://localhost:51722/Dashboard/ViewDashboard 200 0 0 1846
2017-06-28 14:16:11 ::1 GET /Dashboard/GetPayMethodsAmount/ sDate=null&eDate=null 51722 - ::1 Mozilla/5.0+(Windows+NT+10.0;+Win64;+x64)+AppleWebKit/537.36+(KHTML,+like+Gecko)+Chrome/59.0.3071.115+Safari/537.36 http://localhost:51722/Dashboard/ViewDashboard 200 0 0 2753
2017-06-28 14:16:13 ::1 GET /Dashboard/GetExpensePostings/ sDate=null&eDate=null 51722 - ::1 Mozilla/5.0+(Windows+NT+10.0;+Win64;+x64)+AppleWebKit/537.36+(KHTML,+like+Gecko)+Chrome/59.0.3071.115+Safari/537.36 http://localhost:51722/Dashboard/ViewDashboard 200 0 0 3251
2017-06-28 14:16:23 ::1 GET /User/ChangePassword - 51722 - ::1 Mozilla/5.0+(Windows+NT+10.0;+Win64;+x64)+AppleWebKit/537.36+(KHTML,+like+Gecko)+Chrome/59.0.3071.115+Safari/537.36 http://localhost:51722/Dashboard/ViewDashboard 200 0 0 5165
2017-06-28 14:16:23 ::1 GET /__browserLink/requestData/6d3d464496d54a50b1c8d3f7f38215a1 version=2 51722 - ::1 Mozilla/5.0+(Windows+NT+10.0;+Win64;+x64)+AppleWebKit/537.36+(KHTML,+like+Gecko)+Chrome/59.0.3071.115+Safari/537.36 http://localhost:51722/User/ChangePassword 200 0 0 44
#Software: Microsoft Internet Information Services 8.0
#Version: 1.0
#Date: 2017-06-28 14:37:38
#Fields: date time s-ip cs-method cs-uri-stem cs-uri-query s-port cs-username c-ip cs(User-Agent) cs(Referer) sc-status sc-substatus sc-win32-status time-taken
2017-06-28 14:37:38 ::1 GET /User/LogOn - 51722 - ::1 Mozilla/5.0+(Windows+NT+10.0;+Win64;+x64)+AppleWebKit/537.36+(KHTML,+like+Gecko)+Chrome/59.0.3071.115+Safari/537.36 http://localhost:51722/Dashboard/ViewDashboard 200 0 0 2635
2017-06-28 14:37:38 ::1 GET /User/assets/pages/img/login/bg1.jpg - 51722 - ::1 Mozilla/5.0+(Windows+NT+10.0;+Win64;+x64)+AppleWebKit/537.36+(KHTML,+like+Gecko)+Chrome/59.0.3071.115+Safari/537.36 http://localhost:51722/User/LogOn 404 0 2 2
2017-06-28 14:37:48 ::1 GET /User/ChangePassword - 51722 - ::1 Mozilla/5.0+(Windows+NT+10.0;+Win64;+x64)+AppleWebKit/537.36+(KHTML,+like+Gecko)+Chrome/59.0.3071.115+Safari/537.36 http://localhost:51722/Dashboard/ViewDashboard 302 0 0 18665
2017-06-28 14:38:24 ::1 POST /User/LogOn - 51722 - ::1 Mozilla/5.0+(Windows+NT+10.0;+Win64;+x64)+AppleWebKit/537.36+(KHTML,+like+Gecko)+Chrome/59.0.3071.115+Safari/537.36 http://localhost:51722/User/LogOn 302 0 0 23295
2017-06-28 14:38:24 ::1 GET / - 51722 - ::1 Mozilla/5.0+(Windows+NT+10.0;+Win64;+x64)+AppleWebKit/537.36+(KHTML,+like+Gecko)+Chrome/59.0.3071.115+Safari/537.36 http://localhost:51722/User/LogOn 302 0 0 57
2017-06-28 14:38:25 ::1 GET /Dashboard/ViewDashboard - 51722 - ::1 Mozilla/5.0+(Windows+NT+10.0;+Win64;+x64)+AppleWebKit/537.36+(KHTML,+like+Gecko)+Chrome/59.0.3071.115+Safari/537.36 http://localhost:51722/User/LogOn 200 0 0 1136
2017-06-28 14:38:25 ::1 GET /__browserLink/requestData/14a09f4642354d0d91edeb3fbb70edce version=2 51722 - ::1 Mozilla/5.0+(Windows+NT+10.0;+Win64;+x64)+AppleWebKit/537.36+(KHTML,+like+Gecko)+Chrome/59.0.3071.115+Safari/537.36 http://localhost:51722/Dashboard/ViewDashboard 200 0 0 159
2017-06-28 14:38:25 ::1 GET /Dashboard/getAjaxTab/1 sDate=null&eDate=null 51722 - ::1 Mozilla/5.0+(Windows+NT+10.0;+Win64;+x64)+AppleWebKit/537.36+(KHTML,+like+Gecko)+Chrome/59.0.3071.115+Safari/537.36 http://localhost:51722/Dashboard/ViewDashboard 200 0 0 390
2017-06-28 14:38:25 ::1 GET /Scripts/v2/easy.pie.chart/jquery.easing.1.3.js _=1498660705917 51722 - ::1 Mozilla/5.0+(Windows+NT+10.0;+Win64;+x64)+AppleWebKit/537.36+(KHTML,+like+Gecko)+Chrome/59.0.3071.115+Safari/537.36 http://localhost:51722/Dashboard/ViewDashboard 200 0 0 10
2017-06-28 14:38:25 ::1 GET /Scripts/v2/easy.pie.chart/jquery.easypiechart.min.js _=1498660705933 51722 - ::1 Mozilla/5.0+(Windows+NT+10.0;+Win64;+x64)+AppleWebKit/537.36+(KHTML,+like+Gecko)+Chrome/59.0.3071.115+Safari/537.36 http://localhost:51722/Dashboard/ViewDashboard 200 0 0 11
2017-06-28 14:38:25 ::1 GET /Scripts/v2/morris.charts/morris.min.js _=1498660705947 51722 - ::1 Mozilla/5.0+(Windows+NT+10.0;+Win64;+x64)+AppleWebKit/537.36+(KHTML,+like+Gecko)+Chrome/59.0.3071.115+Safari/537.36 http://localhost:51722/Dashboard/ViewDashboard 200 0 0 13
2017-06-28 14:38:25 ::1 GET /Scripts/v2/morris.charts/raphael.min.js _=1498660705969 51722 - ::1 Mozilla/5.0+(Windows+NT+10.0;+Win64;+x64)+AppleWebKit/537.36+(KHTML,+like+Gecko)+Chrome/59.0.3071.115+Safari/537.36 http://localhost:51722/Dashboard/ViewDashboard 200 0 0 16
2017-06-28 14:38:26 ::1 GET /Dashboard/GetExpenseSubmissions/ sDate=null&eDate=null 51722 - ::1 Mozilla/5.0+(Windows+NT+10.0;+Win64;+x64)+AppleWebKit/537.36+(KHTML,+like+Gecko)+Chrome/59.0.3071.115+Safari/537.36 http://localhost:51722/Dashboard/ViewDashboard 200 0 0 506
2017-06-28 14:38:26 ::1 GET /Dashboard/GetExpenseApprovals/ sDate=null&eDate=null 51722 - ::1 Mozilla/5.0+(Windows+NT+10.0;+Win64;+x64)+AppleWebKit/537.36+(KHTML,+like+Gecko)+Chrome/59.0.3071.115+Safari/537.36 http://localhost:51722/Dashboard/ViewDashboard 200 0 0 1055
2017-06-28 14:38:27 ::1 GET /Dashboard/GetPayMethodsAmount/ sDate=null&eDate=null 51722 - ::1 Mozilla/5.0+(Windows+NT+10.0;+Win64;+x64)+AppleWebKit/537.36+(KHTML,+like+Gecko)+Chrome/59.0.3071.115+Safari/537.36 http://localhost:51722/Dashboard/ViewDashboard 200 0 0 1622
2017-06-28 14:38:27 ::1 GET /Dashboard/GetExpenseTypesAmount/ sDate=null&eDate=null 51722 - ::1 Mozilla/5.0+(Windows+NT+10.0;+Win64;+x64)+AppleWebKit/537.36+(KHTML,+like+Gecko)+Chrome/59.0.3071.115+Safari/537.36 http://localhost:51722/Dashboard/ViewDashboard 200 0 0 2047
2017-06-28 14:38:27 ::1 GET /Dashboard/GetExpensePostings/ sDate=null&eDate=null 51722 - ::1 Mozilla/5.0+(Windows+NT+10.0;+Win64;+x64)+AppleWebKit/537.36+(KHTML,+like+Gecko)+Chrome/59.0.3071.115+Safari/537.36 http://localhost:51722/Dashboard/ViewDashboard 200 0 0 2583
2017-06-28 14:38:47 ::1 GET /User/ChangePassword - 51722 - ::1 Mozilla/5.0+(Windows+NT+10.0;+Win64;+x64)+AppleWebKit/537.36+(KHTML,+like+Gecko)+Chrome/59.0.3071.115+Safari/537.36 http://localhost:51722/Dashboard/ViewDashboard 200 0 0 10147
2017-06-28 14:38:47 ::1 GET /__browserLink/requestData/7b9fde842c4e4fa7b761127527122d6b version=2 51722 - ::1 Mozilla/5.0+(Windows+NT+10.0;+Win64;+x64)+AppleWebKit/537.36+(KHTML,+like+Gecko)+Chrome/59.0.3071.115+Safari/537.36 http://localhost:51722/User/ChangePassword 200 0 0 36
2017-06-28 14:40:30 ::1 GET /User/ChangePassword - 51722 - ::1 Mozilla/5.0+(Windows+NT+10.0;+Win64;+x64)+AppleWebKit/537.36+(KHTML,+like+Gecko)+Chrome/59.0.3071.115+Safari/537.36 http://localhost:51722/Dashboard/ViewDashboard 200 0 0 8526
2017-06-28 14:40:30 ::1 GET /__browserLink/requestData/780e9ccdee504c75bab1f40f3fe5b84a version=2 51722 - ::1 Mozilla/5.0+(Windows+NT+10.0;+Win64;+x64)+AppleWebKit/537.36+(KHTML,+like+Gecko)+Chrome/59.0.3071.115+Safari/537.36 http://localhost:51722/User/ChangePassword 200 0 0 44
2017-06-28 14:42:52 ::1 GET /User/ChangePassword - 51722 - ::1 Mozilla/5.0+(Windows+NT+10.0;+Win64;+x64)+AppleWebKit/537.36+(KHTML,+like+Gecko)+Chrome/59.0.3071.115+Safari/537.36 http://localhost:51722/Dashboard/ViewDashboard 200 0 0 8779
2017-06-28 14:42:52 ::1 GET /__browserLink/requestData/893d20ddb3e04edaab1bd8f5497f3b7f version=2 51722 - ::1 Mozilla/5.0+(Windows+NT+10.0;+Win64;+x64)+AppleWebKit/537.36+(KHTML,+like+Gecko)+Chrome/59.0.3071.115+Safari/537.36 http://localhost:51722/User/ChangePassword 200 0 0 49
2017-06-28 14:43:40 ::1 POST /User/ChangePassword - 51722 - ::1 Mozilla/5.0+(Windows+NT+10.0;+Win64;+x64)+AppleWebKit/537.36+(KHTML,+like+Gecko)+Chrome/59.0.3071.115+Safari/537.36 http://localhost:51722/User/ChangePassword 200 0 0 12343
2017-06-28 14:43:50 ::1 GET /__browserLink/requestData/6f11f286c2944d4dbd599941ccac5960 version=2 51722 - ::1 Mozilla/5.0+(Windows+NT+10.0;+Win64;+x64)+AppleWebKit/537.36+(KHTML,+like+Gecko)+Chrome/59.0.3071.115+Safari/537.36 http://localhost:51722/User/ChangePassword 200 0 0 51
2017-06-28 14:44:21 ::1 POST /User/ChangePassword - 51722 - ::1 Mozilla/5.0+(Windows+NT+10.0;+Win64;+x64)+AppleWebKit/537.36+(KHTML,+like+Gecko)+Chrome/59.0.3071.115+Safari/537.36 http://localhost:51722/User/ChangePassword 200 0 0 11805
2017-06-28 14:52:33 ::1 GET /Dashboard/ViewDashboard - 51722 - ::1 Mozilla/5.0+(Windows+NT+10.0;+Win64;+x64)+AppleWebKit/537.36+(KHTML,+like+Gecko)+Chrome/59.0.3071.115+Safari/537.36 http://localhost:51722/User/ChangePassword 200 0 0 780
2017-06-28 14:52:33 ::1 GET /__browserLink/requestData/c2f9d1b98fe14046a8718b1e1be09bcb version=2 51722 - ::1 Mozilla/5.0+(Windows+NT+10.0;+Win64;+x64)+AppleWebKit/537.36+(KHTML,+like+Gecko)+Chrome/59.0.3071.115+Safari/537.36 http://localhost:51722/Dashboard/ViewDashboard 200 0 0 201
2017-06-28 14:52:33 ::1 GET /Dashboard/getAjaxTab/1 sDate=null&eDate=null 51722 - ::1 Mozilla/5.0+(Windows+NT+10.0;+Win64;+x64)+AppleWebKit/537.36+(KHTML,+like+Gecko)+Chrome/59.0.3071.115+Safari/537.36 http://localhost:51722/Dashboard/ViewDashboard 200 0 0 402
2017-06-28 14:52:33 ::1 GET /Scripts/v2/easy.pie.chart/jquery.easing.1.3.js _=1498661554335 51722 - ::1 Mozilla/5.0+(Windows+NT+10.0;+Win64;+x64)+AppleWebKit/537.36+(KHTML,+like+Gecko)+Chrome/59.0.3071.115+Safari/537.36 http://localhost:51722/Dashboard/ViewDashboard 200 0 0 14
2017-06-28 14:52:33 ::1 GET /Scripts/v2/easy.pie.chart/jquery.easypiechart.min.js _=1498661554371 51722 - ::1 Mozilla/5.0+(Windows+NT+10.0;+Win64;+x64)+AppleWebKit/537.36+(KHTML,+like+Gecko)+Chrome/59.0.3071.115+Safari/537.36 http://localhost:51722/Dashboard/ViewDashboard 200 0 0 19
2017-06-28 14:52:33 ::1 GET /Scripts/v2/morris.charts/morris.min.js _=1498661554395 51722 - ::1 Mozilla/5.0+(Windows+NT+10.0;+Win64;+x64)+AppleWebKit/537.36+(KHTML,+like+Gecko)+Chrome/59.0.3071.115+Safari/537.36 http://localhost:51722/Dashboard/ViewDashboard 200 0 0 19
2017-06-28 14:52:33 ::1 GET /Scripts/v2/morris.charts/raphael.min.js _=1498661554421 51722 - ::1 Mozilla/5.0+(Windows+NT+10.0;+Win64;+x64)+AppleWebKit/537.36+(KHTML,+like+Gecko)+Chrome/59.0.3071.115+Safari/537.36 http://localhost:51722/Dashboard/ViewDashboard 200 0 0 36
2017-06-28 14:52:34 ::1 GET /Dashboard/GetExpenseSubmissions/ sDate=null&eDate=null 51722 - ::1 Mozilla/5.0+(Windows+NT+10.0;+Win64;+x64)+AppleWebKit/537.36+(KHTML,+like+Gecko)+Chrome/59.0.3071.115+Safari/537.36 http://localhost:51722/Dashboard/ViewDashboard 200 0 0 470
2017-06-28 14:52:34 ::1 GET /Dashboard/GetExpenseApprovals/ sDate=null&eDate=null 51722 - ::1 Mozilla/5.0+(Windows+NT+10.0;+Win64;+x64)+AppleWebKit/537.36+(KHTML,+like+Gecko)+Chrome/59.0.3071.115+Safari/537.36 http://localhost:51722/Dashboard/ViewDashboard 200 0 0 1006
2017-06-28 14:52:36 ::1 GET /Dashboard/GetExpenseTypesAmount/ sDate=null&eDate=null 51722 - ::1 Mozilla/5.0+(Windows+NT+10.0;+Win64;+x64)+AppleWebKit/537.36+(KHTML,+like+Gecko)+Chrome/59.0.3071.115+Safari/537.36 http://localhost:51722/Dashboard/ViewDashboard 200 0 0 1613
2017-06-28 14:52:36 ::1 GET /Dashboard/GetExpensePostings/ sDate=null&eDate=null 51722 - ::1 Mozilla/5.0+(Windows+NT+10.0;+Win64;+x64)+AppleWebKit/537.36+(KHTML,+like+Gecko)+Chrome/59.0.3071.115+Safari/537.36 http://localhost:51722/Dashboard/ViewDashboard 200 0 0 2113
2017-06-28 14:52:37 ::1 GET /Dashboard/GetPayMethodsAmount/ sDate=null&eDate=null 51722 - ::1 Mozilla/5.0+(Windows+NT+10.0;+Win64;+x64)+AppleWebKit/537.36+(KHTML,+like+Gecko)+Chrome/59.0.3071.115+Safari/537.36 http://localhost:51722/Dashboard/ViewDashboard 200 0 0 2715
2017-06-28 14:52:38 ::1 GET /User - 51722 - ::1 Mozilla/5.0+(Windows+NT+10.0;+Win64;+x64)+AppleWebKit/537.36+(KHTML,+like+Gecko)+Chrome/59.0.3071.115+Safari/537.36 http://localhost:51722/Dashboard/ViewDashboard 200 0 0 2653
2017-06-28 14:52:38 ::1 GET /__browserLink/requestData/b2e22a5750a94a53a6872bacc943dd9c version=2 51722 - ::1 Mozilla/5.0+(Windows+NT+10.0;+Win64;+x64)+AppleWebKit/537.36+(KHTML,+like+Gecko)+Chrome/59.0.3071.115+Safari/537.36 http://localhost:51722/User 200 0 0 75
2017-06-28 14:52:38 ::1 GET /AjaxCall/GetBusinessUnitList/ CompanyId=0 51722 - ::1 Mozilla/5.0+(Windows+NT+10.0;+Win64;+x64)+AppleWebKit/537.36+(KHTML,+like+Gecko)+Chrome/59.0.3071.115+Safari/537.36 http://localhost:51722/User 200 0 0 551
2017-06-28 14:52:38 ::1 GET /AjaxCall/GetCompanyList/ - 51722 - ::1 Mozilla/5.0+(Windows+NT+10.0;+Win64;+x64)+AppleWebKit/537.36+(KHTML,+like+Gecko)+Chrome/59.0.3071.115+Safari/537.36 http://localhost:51722/User 200 0 0 718
2017-06-28 14:52:38 ::1 GET /AjaxCall/GetBusinessUnitList/ CompanyId=0 51722 - ::1 Mozilla/5.0+(Windows+NT+10.0;+Win64;+x64)+AppleWebKit/537.36+(KHTML,+like+Gecko)+Chrome/59.0.3071.115+Safari/537.36 http://localhost:51722/User 200 0 0 62
2017-06-28 14:52:45 ::1 GET /User/Create - 51722 - ::1 Mozilla/5.0+(Windows+NT+10.0;+Win64;+x64)+AppleWebKit/537.36+(KHTML,+like+Gecko)+Chrome/59.0.3071.115+Safari/537.36 http://localhost:51722/User 200 0 0 4280
2017-06-28 14:52:45 ::1 GET /User/GetAllEnabledTransactionMappingAccorssAllRoles _=1498661565889 51722 - ::1 Mozilla/5.0+(Windows+NT+10.0;+Win64;+x64)+AppleWebKit/537.36+(KHTML,+like+Gecko)+Chrome/59.0.3071.115+Safari/537.36 http://localhost:51722/User/Create 200 0 0 67
2017-06-28 14:52:45 ::1 GET /AjaxCall/GetCompanyList/ _=1498661565958 51722 - ::1 Mozilla/5.0+(Windows+NT+10.0;+Win64;+x64)+AppleWebKit/537.36+(KHTML,+like+Gecko)+Chrome/59.0.3071.115+Safari/537.36 http://localhost:51722/User/Create 200 0 0 233
2017-06-28 14:52:45 ::1 GET /__browserLink/requestData/76792fb190e4478e8171e65f3b7d651a version=2 51722 - ::1 Mozilla/5.0+(Windows+NT+10.0;+Win64;+x64)+AppleWebKit/537.36+(KHTML,+like+Gecko)+Chrome/59.0.3071.115+Safari/537.36 http://localhost:51722/User/Create 200 0 0 81
2017-06-28 14:52:45 ::1 GET /AjaxCall/GetBusinessUnitList/ _=1498661565960 51722 - ::1 Mozilla/5.0+(Windows+NT+10.0;+Win64;+x64)+AppleWebKit/537.36+(KHTML,+like+Gecko)+Chrome/59.0.3071.115+Safari/537.36 http://localhost:51722/User/Create 200 0 0 745
2017-06-28 14:52:47 ::1 GET /AjaxCall/GetCostCenterList/ _=1498661565961 51722 - ::1 Mozilla/5.0+(Windows+NT+10.0;+Win64;+x64)+AppleWebKit/537.36+(KHTML,+like+Gecko)+Chrome/59.0.3071.115+Safari/537.36 http://localhost:51722/User/Create 200 0 0 1363
#Software: Microsoft Internet Information Services 8.0
#Version: 1.0
#Date: 2017-06-28 15:09:40
#Fields: date time s-ip cs-method cs-uri-stem cs-uri-query s-port cs-username c-ip cs(User-Agent) cs(Referer) sc-status sc-substatus sc-win32-status time-taken
2017-06-28 15:09:40 ::1 GET /User/Create - 51722 - ::1 Mozilla/5.0+(Windows+NT+10.0;+Win64;+x64)+AppleWebKit/537.36+(KHTML,+like+Gecko)+Chrome/59.0.3071.115+Safari/537.36 http://localhost:51722/User 200 0 0 4224
2017-06-28 15:09:40 ::1 GET /User/GetAllEnabledTransactionMappingAccorssAllRoles _=1498662581128 51722 - ::1 Mozilla/5.0+(Windows+NT+10.0;+Win64;+x64)+AppleWebKit/537.36+(KHTML,+like+Gecko)+Chrome/59.0.3071.115+Safari/537.36 http://localhost:51722/User/Create 200 0 0 50
2017-06-28 15:09:40 ::1 GET /favicon.ico - 51722 - ::1 Mozilla/5.0+(Windows+NT+10.0;+Win64;+x64)+AppleWebKit/537.36+(KHTML,+like+Gecko)+Chrome/59.0.3071.115+Safari/537.36 http://localhost:51722/User/Create 200 0 0 45
2017-06-28 15:09:40 ::1 GET /AjaxCall/GetBusinessUnitList/ _=1498662581185 51722 - ::1 Mozilla/5.0+(Windows+NT+10.0;+Win64;+x64)+AppleWebKit/537.36+(KHTML,+like+Gecko)+Chrome/59.0.3071.115+Safari/537.36 http://localhost:51722/User/Create 200 0 0 250
2017-06-28 15:09:40 ::1 GET /__browserLink/requestData/a40551c8ef5b495c93b655f617211bf8 version=2 51722 - ::1 Mozilla/5.0+(Windows+NT+10.0;+Win64;+x64)+AppleWebKit/537.36+(KHTML,+like+Gecko)+Chrome/59.0.3071.115+Safari/537.36 http://localhost:51722/User/Create 200 0 0 161
2017-06-28 15:09:40 ::1 GET /AjaxCall/GetCompanyList/ _=1498662581184 51722 - ::1 Mozilla/5.0+(Windows+NT+10.0;+Win64;+x64)+AppleWebKit/537.36+(KHTML,+like+Gecko)+Chrome/59.0.3071.115+Safari/537.36 http://localhost:51722/User/Create 200 0 0 678
2017-06-28 15:09:41 ::1 GET /AjaxCall/GetCostCenterList/ _=1498662581185 51722 - ::1 Mozilla/5.0+(Windows+NT+10.0;+Win64;+x64)+AppleWebKit/537.36+(KHTML,+like+Gecko)+Chrome/59.0.3071.115+Safari/537.36 http://localhost:51722/User/Create 200 0 0 723
2017-06-28 15:14:50 ::1 GET /User/Create - 51722 - ::1 Mozilla/5.0+(Windows+NT+10.0;+Win64;+x64)+AppleWebKit/537.36+(KHTML,+like+Gecko)+Chrome/59.0.3071.115+Safari/537.36 http://localhost:51722/User 200 0 0 4038
2017-06-28 15:14:50 ::1 GET /User/GetAllEnabledTransactionMappingAccorssAllRoles _=1498662891321 51722 - ::1 Mozilla/5.0+(Windows+NT+10.0;+Win64;+x64)+AppleWebKit/537.36+(KHTML,+like+Gecko)+Chrome/59.0.3071.115+Safari/537.36 http://localhost:51722/User/Create 200 0 0 88
2017-06-28 15:14:51 ::1 GET /AjaxCall/GetCompanyList/ _=1498662891419 51722 - ::1 Mozilla/5.0+(Windows+NT+10.0;+Win64;+x64)+AppleWebKit/537.36+(KHTML,+like+Gecko)+Chrome/59.0.3071.115+Safari/537.36 http://localhost:51722/User/Create 200 0 0 436
2017-06-28 15:14:51 ::1 GET /__browserLink/requestData/8693f5070d344e19b661d6b5b0ab5a8e version=2 51722 - ::1 Mozilla/5.0+(Windows+NT+10.0;+Win64;+x64)+AppleWebKit/537.36+(KHTML,+like+Gecko)+Chrome/59.0.3071.115+Safari/537.36 http://localhost:51722/User/Create 200 0 0 273
2017-06-28 15:14:51 ::1 GET /AjaxCall/GetCostCenterList/ _=1498662891422 51722 - ::1 Mozilla/5.0+(Windows+NT+10.0;+Win64;+x64)+AppleWebKit/537.36+(KHTML,+like+Gecko)+Chrome/59.0.3071.115+Safari/537.36 http://localhost:51722/User/Create 200 0 0 879
2017-06-28 15:14:51 ::1 GET /AjaxCall/GetBusinessUnitList/ _=1498662891420 51722 - ::1 Mozilla/5.0+(Windows+NT+10.0;+Win64;+x64)+AppleWebKit/537.36+(KHTML,+like+Gecko)+Chrome/59.0.3071.115+Safari/537.36 http://localhost:51722/User/Create 200 0 0 920
