#Software: Microsoft Internet Information Services 8.0
#Version: 1.0
#Date: 2017-07-20 12:53:50
#Fields: date time s-ip cs-method cs-uri-stem cs-uri-query s-port cs-username c-ip cs(User-Agent) cs(Referer) sc-status sc-substatus sc-win32-status time-taken
2017-07-20 12:53:50 ::1 GET / - 51722 - ::1 Mozilla/5.0+(Windows+NT+10.0;+Win64;+x64)+AppleWebKit/537.36+(KHTML,+like+Gecko)+Chrome/59.0.3071.115+Safari/537.36 - 302 0 0 40322
2017-07-20 12:54:16 ::1 GET /User/LogOn - 51722 - ::1 Mozilla/5.0+(Windows+NT+10.0;+Win64;+x64)+AppleWebKit/537.36+(KHTML,+like+Gecko)+Chrome/59.0.3071.115+Safari/537.36 - 200 0 0 25919
2017-07-20 12:54:16 ::1 GET /User/assets/pages/img/login/bg1.jpg - 51722 - ::1 Mozilla/5.0+(Windows+NT+10.0;+Win64;+x64)+AppleWebKit/537.36+(KHTML,+like+Gecko)+Chrome/59.0.3071.115+Safari/537.36 http://localhost:51722/User/LogOn 404 0 2 53
2017-07-20 12:55:07 ::1 POST /User/LogOn - 51722 - ::1 Mozilla/5.0+(Windows+NT+10.0;+Win64;+x64)+AppleWebKit/537.36+(KHTML,+like+Gecko)+Chrome/59.0.3071.115+Safari/537.36 http://localhost:51722/User/LogOn 302 0 0 40360
2017-07-20 12:55:07 ::1 GET / - 51722 qc1admin@gorillaexpense.com ::1 Mozilla/5.0+(Windows+NT+10.0;+Win64;+x64)+AppleWebKit/537.36+(KHTML,+like+Gecko)+Chrome/59.0.3071.115+Safari/537.36 http://localhost:51722/User/LogOn 302 0 0 33
2017-07-20 12:55:27 ::1 GET /Dashboard/ViewDashboard - 51722 qc1admin@gorillaexpense.com ::1 Mozilla/5.0+(Windows+NT+10.0;+Win64;+x64)+AppleWebKit/537.36+(KHTML,+like+Gecko)+Chrome/59.0.3071.115+Safari/537.36 http://localhost:51722/User/LogOn 200 0 0 20105
2017-07-20 12:55:30 ::1 GET /images/ui-bg_flat_0_aaaaaa_40x100.png - 51722 - ::1 Mozilla/5.0+(Windows+NT+10.0;+Win64;+x64)+AppleWebKit/537.36+(KHTML,+like+Gecko)+Chrome/59.0.3071.115+Safari/537.36 http://localhost:51722/css/SiteLayoutPageForMasters-css?v=k7uoWcy0aS_V0SwcNQTao7-vJ8CseX9TIwRndGM8u2s1 200 0 0 59
2017-07-20 12:55:30 ::1 GET /Dashboard/getAjaxTab/1 sDate=null&eDate=null 51722 qc1admin@gorillaexpense.com ::1 Mozilla/5.0+(Windows+NT+10.0;+Win64;+x64)+AppleWebKit/537.36+(KHTML,+like+Gecko)+Chrome/59.0.3071.115+Safari/537.36 http://localhost:51722/Dashboard/ViewDashboard 200 0 0 3388
2017-07-20 12:55:30 ::1 GET /Scripts/v2/easy.pie.chart/jquery.easing.1.3.js _=1500555331223 51722 - ::1 Mozilla/5.0+(Windows+NT+10.0;+Win64;+x64)+AppleWebKit/537.36+(KHTML,+like+Gecko)+Chrome/59.0.3071.115+Safari/537.36 http://localhost:51722/Dashboard/ViewDashboard 200 0 0 22
2017-07-20 12:55:30 ::1 GET /Scripts/v2/easy.pie.chart/jquery.easypiechart.min.js _=1500555331253 51722 - ::1 Mozilla/5.0+(Windows+NT+10.0;+Win64;+x64)+AppleWebKit/537.36+(KHTML,+like+Gecko)+Chrome/59.0.3071.115+Safari/537.36 http://localhost:51722/Dashboard/ViewDashboard 200 0 0 17
2017-07-20 12:55:30 ::1 GET /Scripts/v2/morris.charts/morris.min.js _=1500555331276 51722 - ::1 Mozilla/5.0+(Windows+NT+10.0;+Win64;+x64)+AppleWebKit/537.36+(KHTML,+like+Gecko)+Chrome/59.0.3071.115+Safari/537.36 http://localhost:51722/Dashboard/ViewDashboard 200 0 0 14
2017-07-20 12:55:30 ::1 GET /Scripts/v2/morris.charts/raphael.min.js _=1500555331319 51722 - ::1 Mozilla/5.0+(Windows+NT+10.0;+Win64;+x64)+AppleWebKit/537.36+(KHTML,+like+Gecko)+Chrome/59.0.3071.115+Safari/537.36 http://localhost:51722/Dashboard/ViewDashboard 200 0 0 14
2017-07-20 12:55:47 ::1 GET /Dashboard/GetExpensePostings/ sDate=null&eDate=null 51722 qc1admin@gorillaexpense.com ::1 Mozilla/5.0+(Windows+NT+10.0;+Win64;+x64)+AppleWebKit/537.36+(KHTML,+like+Gecko)+Chrome/59.0.3071.115+Safari/537.36 http://localhost:51722/Dashboard/ViewDashboard 200 0 0 16218
2017-07-20 12:56:06 ::1 GET /Dashboard/GetExpenseTypesAmount/ sDate=null&eDate=null 51722 qc1admin@gorillaexpense.com ::1 Mozilla/5.0+(Windows+NT+10.0;+Win64;+x64)+AppleWebKit/537.36+(KHTML,+like+Gecko)+Chrome/59.0.3071.115+Safari/537.36 http://localhost:51722/Dashboard/ViewDashboard 200 0 0 35141
2017-07-20 12:56:32 ::1 GET /Dashboard/GetPayMethodsAmount/ sDate=null&eDate=null 51722 qc1admin@gorillaexpense.com ::1 Mozilla/5.0+(Windows+NT+10.0;+Win64;+x64)+AppleWebKit/537.36+(KHTML,+like+Gecko)+Chrome/59.0.3071.115+Safari/537.36 http://localhost:51722/Dashboard/ViewDashboard 200 0 0 61512
2017-07-20 12:56:42 ::1 GET /Dashboard/GetExpenseSubmissions/ sDate=null&eDate=null 51722 qc1admin@gorillaexpense.com ::1 Mozilla/5.0+(Windows+NT+10.0;+Win64;+x64)+AppleWebKit/537.36+(KHTML,+like+Gecko)+Chrome/59.0.3071.115+Safari/537.36 http://localhost:51722/Dashboard/ViewDashboard 200 0 0 71548
2017-07-20 12:56:42 ::1 GET /User/LogOut - 51722 qc1admin@gorillaexpense.com ::1 Mozilla/5.0+(Windows+NT+10.0;+Win64;+x64)+AppleWebKit/537.36+(KHTML,+like+Gecko)+Chrome/59.0.3071.115+Safari/537.36 http://localhost:51722/Dashboard/ViewDashboard 302 0 0 45773
2017-07-20 12:56:42 ::1 GET / - 51722 - ::1 Mozilla/5.0+(Windows+NT+10.0;+Win64;+x64)+AppleWebKit/537.36+(KHTML,+like+Gecko)+Chrome/59.0.3071.115+Safari/537.36 http://localhost:51722/Dashboard/ViewDashboard 302 0 0 48
2017-07-20 12:57:15 ::1 GET /User/LogOn - 51722 - ::1 Mozilla/5.0+(Windows+NT+10.0;+Win64;+x64)+AppleWebKit/537.36+(KHTML,+like+Gecko)+Chrome/59.0.3071.115+Safari/537.36 http://localhost:51722/Dashboard/ViewDashboard 200 0 64 32150
2017-07-20 12:57:15 ::1 GET /User/LogOut - 51722 - ::1 Mozilla/5.0+(Windows+NT+10.0;+Win64;+x64)+AppleWebKit/537.36+(KHTML,+like+Gecko)+Chrome/59.0.3071.115+Safari/537.36 http://localhost:51722/Dashboard/ViewDashboard 302 0 0 12542
2017-07-20 12:57:15 ::1 GET / - 51722 - ::1 Mozilla/5.0+(Windows+NT+10.0;+Win64;+x64)+AppleWebKit/537.36+(KHTML,+like+Gecko)+Chrome/59.0.3071.115+Safari/537.36 http://localhost:51722/Dashboard/ViewDashboard 302 0 0 18
2017-07-20 12:57:17 ::1 POST /Home/Index _=1500555412285 51722 - ::1 Mozilla/5.0+(Windows+NT+10.0;+Win64;+x64)+AppleWebKit/537.36+(KHTML,+like+Gecko)+Chrome/59.0.3071.115+Safari/537.36 http://localhost:51722/Dashboard/ViewDashboard 302 0 0 25378
2017-07-20 12:57:18 ::1 POST /Home/Index _=1500555419405 51722 - ::1 Mozilla/5.0+(Windows+NT+10.0;+Win64;+x64)+AppleWebKit/537.36+(KHTML,+like+Gecko)+Chrome/59.0.3071.115+Safari/537.36 http://localhost:51722/Dashboard/ViewDashboard 302 0 0 19346
2017-07-20 12:57:18 ::1 GET /User/LogOn - 51722 - ::1 Mozilla/5.0+(Windows+NT+10.0;+Win64;+x64)+AppleWebKit/537.36+(KHTML,+like+Gecko)+Chrome/59.0.3071.115+Safari/537.36 http://localhost:51722/Dashboard/ViewDashboard 200 0 0 2629
2017-07-20 12:57:18 ::1 GET /User/assets/pages/img/login/bg1.jpg - 51722 - ::1 Mozilla/5.0+(Windows+NT+10.0;+Win64;+x64)+AppleWebKit/537.36+(KHTML,+like+Gecko)+Chrome/59.0.3071.115+Safari/537.36 http://localhost:51722/User/LogOn 404 0 2 10
2017-07-20 12:57:21 ::1 GET /User/LogOn - 51722 - ::1 Mozilla/5.0+(Windows+NT+10.0;+Win64;+x64)+AppleWebKit/537.36+(KHTML,+like+Gecko)+Chrome/59.0.3071.115+Safari/537.36 http://localhost:51722/Dashboard/ViewDashboard 200 0 64 2330
2017-07-20 12:57:57 ::1 GET /Dashboard/GetExpenseApprovals/ sDate=null&eDate=null 51722 qc1admin@gorillaexpense.com ::1 Mozilla/5.0+(Windows+NT+10.0;+Win64;+x64)+AppleWebKit/537.36+(KHTML,+like+Gecko)+Chrome/59.0.3071.115+Safari/537.36 http://localhost:51722/Dashboard/ViewDashboard 500 0 64 146214
2017-07-20 13:01:37 ::1 POST /User/LogOn - 51722 - ::1 Mozilla/5.0+(Windows+NT+10.0;+Win64;+x64)+AppleWebKit/537.36+(KHTML,+like+Gecko)+Chrome/59.0.3071.115+Safari/537.36 http://localhost:51722/User/LogOn 302 0 0 217924
2017-07-20 13:01:37 ::1 GET / - 51722 qc1admin@gorillaexpense.com ::1 Mozilla/5.0+(Windows+NT+10.0;+Win64;+x64)+AppleWebKit/537.36+(KHTML,+like+Gecko)+Chrome/59.0.3071.115+Safari/537.36 http://localhost:51722/User/LogOn 302 0 0 28
2017-07-20 13:01:54 ::1 GET /Dashboard/ViewDashboard - 51722 qc1admin@gorillaexpense.com ::1 Mozilla/5.0+(Windows+NT+10.0;+Win64;+x64)+AppleWebKit/537.36+(KHTML,+like+Gecko)+Chrome/59.0.3071.115+Safari/537.36 http://localhost:51722/User/LogOn 200 0 0 16480
2017-07-20 13:01:57 ::1 GET /Dashboard/getAjaxTab/1 sDate=null&eDate=null 51722 qc1admin@gorillaexpense.com ::1 Mozilla/5.0+(Windows+NT+10.0;+Win64;+x64)+AppleWebKit/537.36+(KHTML,+like+Gecko)+Chrome/59.0.3071.115+Safari/537.36 http://localhost:51722/Dashboard/ViewDashboard 200 0 0 2873
2017-07-20 13:01:57 ::1 GET /Scripts/v2/easy.pie.chart/jquery.easing.1.3.js _=1500555717208 51722 - ::1 Mozilla/5.0+(Windows+NT+10.0;+Win64;+x64)+AppleWebKit/537.36+(KHTML,+like+Gecko)+Chrome/59.0.3071.115+Safari/537.36 http://localhost:51722/Dashboard/ViewDashboard 200 0 0 19
2017-07-20 13:01:57 ::1 GET /Scripts/v2/easy.pie.chart/jquery.easypiechart.min.js _=1500555717237 51722 - ::1 Mozilla/5.0+(Windows+NT+10.0;+Win64;+x64)+AppleWebKit/537.36+(KHTML,+like+Gecko)+Chrome/59.0.3071.115+Safari/537.36 http://localhost:51722/Dashboard/ViewDashboard 200 0 0 15
2017-07-20 13:01:57 ::1 GET /Scripts/v2/morris.charts/morris.min.js _=1500555717258 51722 - ::1 Mozilla/5.0+(Windows+NT+10.0;+Win64;+x64)+AppleWebKit/537.36+(KHTML,+like+Gecko)+Chrome/59.0.3071.115+Safari/537.36 http://localhost:51722/Dashboard/ViewDashboard 200 0 0 17
2017-07-20 13:01:57 ::1 GET /Scripts/v2/morris.charts/raphael.min.js _=1500555717291 51722 - ::1 Mozilla/5.0+(Windows+NT+10.0;+Win64;+x64)+AppleWebKit/537.36+(KHTML,+like+Gecko)+Chrome/59.0.3071.115+Safari/537.36 http://localhost:51722/Dashboard/ViewDashboard 200 0 0 27
2017-07-20 13:02:08 ::1 GET /Dashboard/GetExpenseSubmissions/ sDate=null&eDate=null 51722 qc1admin@gorillaexpense.com ::1 Mozilla/5.0+(Windows+NT+10.0;+Win64;+x64)+AppleWebKit/537.36+(KHTML,+like+Gecko)+Chrome/59.0.3071.115+Safari/537.36 http://localhost:51722/Dashboard/ViewDashboard 200 0 0 10701
2017-07-20 13:02:20 ::1 GET /Dashboard/GetExpenseApprovals/ sDate=null&eDate=null 51722 qc1admin@gorillaexpense.com ::1 Mozilla/5.0+(Windows+NT+10.0;+Win64;+x64)+AppleWebKit/537.36+(KHTML,+like+Gecko)+Chrome/59.0.3071.115+Safari/537.36 http://localhost:51722/Dashboard/ViewDashboard 200 0 0 22699
2017-07-20 13:02:33 ::1 GET /Dashboard/GetExpensePostings/ sDate=null&eDate=null 51722 qc1admin@gorillaexpense.com ::1 Mozilla/5.0+(Windows+NT+10.0;+Win64;+x64)+AppleWebKit/537.36+(KHTML,+like+Gecko)+Chrome/59.0.3071.115+Safari/537.36 http://localhost:51722/Dashboard/ViewDashboard 200 0 0 36567
2017-07-20 13:02:46 ::1 GET /Dashboard/GetPayMethodsAmount/ sDate=null&eDate=null 51722 qc1admin@gorillaexpense.com ::1 Mozilla/5.0+(Windows+NT+10.0;+Win64;+x64)+AppleWebKit/537.36+(KHTML,+like+Gecko)+Chrome/59.0.3071.115+Safari/537.36 http://localhost:51722/Dashboard/ViewDashboard 200 0 0 49489
2017-07-20 13:02:46 ::1 GET /User/LogOut - 51722 qc1admin@gorillaexpense.com ::1 Mozilla/5.0+(Windows+NT+10.0;+Win64;+x64)+AppleWebKit/537.36+(KHTML,+like+Gecko)+Chrome/59.0.3071.115+Safari/537.36 http://localhost:51722/Dashboard/ViewDashboard 302 0 0 19754
2017-07-20 13:02:46 ::1 GET / - 51722 - ::1 Mozilla/5.0+(Windows+NT+10.0;+Win64;+x64)+AppleWebKit/537.36+(KHTML,+like+Gecko)+Chrome/59.0.3071.115+Safari/537.36 http://localhost:51722/Dashboard/ViewDashboard 302 0 0 32
2017-07-20 13:03:01 ::1 GET /User/LogOn - 51722 - ::1 Mozilla/5.0+(Windows+NT+10.0;+Win64;+x64)+AppleWebKit/537.36+(KHTML,+like+Gecko)+Chrome/59.0.3071.115+Safari/537.36 http://localhost:51722/Dashboard/ViewDashboard 200 0 0 13737
2017-07-20 13:03:01 ::1 GET /User/assets/pages/img/login/bg1.jpg - 51722 - ::1 Mozilla/5.0+(Windows+NT+10.0;+Win64;+x64)+AppleWebKit/537.36+(KHTML,+like+Gecko)+Chrome/59.0.3071.115+Safari/537.36 http://localhost:51722/User/LogOn 404 0 2 28
2017-07-20 13:03:12 ::1 GET /Dashboard/GetExpenseTypesAmount/ sDate=null&eDate=null 51722 qc1admin@gorillaexpense.com ::1 Mozilla/5.0+(Windows+NT+10.0;+Win64;+x64)+AppleWebKit/537.36+(KHTML,+like+Gecko)+Chrome/59.0.3071.115+Safari/537.36 http://localhost:51722/Dashboard/ViewDashboard 500 0 64 75123
2017-07-20 13:11:42 ::1 POST /User/LogOn - 51722 - ::1 Mozilla/5.0+(Windows+NT+10.0;+Win64;+x64)+AppleWebKit/537.36+(KHTML,+like+Gecko)+Chrome/59.0.3071.115+Safari/537.36 http://localhost:51722/User/LogOn 302 0 0 73657
2017-07-20 13:11:42 ::1 GET / - 51722 qc1admin@gorillaexpense.com ::1 Mozilla/5.0+(Windows+NT+10.0;+Win64;+x64)+AppleWebKit/537.36+(KHTML,+like+Gecko)+Chrome/59.0.3071.115+Safari/537.36 http://localhost:51722/User/LogOn 302 0 0 34
#Software: Microsoft Internet Information Services 8.0
#Version: 1.0
#Date: 2017-07-20 13:29:41
#Fields: date time s-ip cs-method cs-uri-stem cs-uri-query s-port cs-username c-ip cs(User-Agent) cs(Referer) sc-status sc-substatus sc-win32-status time-taken
2017-07-20 13:29:41 ::1 GET /User/PartialChangePassword - 51722 qc1admin@gorillaexpense.com ::1 Mozilla/5.0+(Windows+NT+10.0;+Win64;+x64)+AppleWebKit/537.36+(KHTML,+like+Gecko)+Chrome/59.0.3071.115+Safari/537.36 - 404 0 0 23638
2017-07-20 13:29:53 ::1 GET /User/LogOn - 51722 qc1admin@gorillaexpense.com ::1 Mozilla/5.0+(Windows+NT+10.0;+Win64;+x64)+AppleWebKit/537.36+(KHTML,+like+Gecko)+Chrome/59.0.3071.115+Safari/537.36 - 200 0 0 7028
2017-07-20 13:29:53 ::1 GET /User/assets/pages/img/login/bg1.jpg - 51722 - ::1 Mozilla/5.0+(Windows+NT+10.0;+Win64;+x64)+AppleWebKit/537.36+(KHTML,+like+Gecko)+Chrome/59.0.3071.115+Safari/537.36 http://localhost:51722/User/LogOn 404 0 2 7
2017-07-20 13:30:40 ::1 POST /User/LogOn - 51722 qc1admin@gorillaexpense.com ::1 Mozilla/5.0+(Windows+NT+10.0;+Win64;+x64)+AppleWebKit/537.36+(KHTML,+like+Gecko)+Chrome/59.0.3071.115+Safari/537.36 http://localhost:51722/User/LogOn 302 0 0 38695
2017-07-20 13:30:40 ::1 GET / - 51722 qc1admin@gorillaexpense.com ::1 Mozilla/5.0+(Windows+NT+10.0;+Win64;+x64)+AppleWebKit/537.36+(KHTML,+like+Gecko)+Chrome/59.0.3071.115+Safari/537.36 http://localhost:51722/User/LogOn 302 0 0 32
2017-07-20 13:31:04 ::1 GET /Dashboard/ViewDashboard - 51722 qc1admin@gorillaexpense.com ::1 Mozilla/5.0+(Windows+NT+10.0;+Win64;+x64)+AppleWebKit/537.36+(KHTML,+like+Gecko)+Chrome/59.0.3071.115+Safari/537.36 http://localhost:51722/User/LogOn 200 0 0 23973
2017-07-20 13:31:07 ::1 GET /Dashboard/getAjaxTab/1 sDate=null&eDate=null 51722 qc1admin@gorillaexpense.com ::1 Mozilla/5.0+(Windows+NT+10.0;+Win64;+x64)+AppleWebKit/537.36+(KHTML,+like+Gecko)+Chrome/59.0.3071.115+Safari/537.36 http://localhost:51722/Dashboard/ViewDashboard 200 0 0 2737
2017-07-20 13:31:07 ::1 GET /Scripts/v2/easy.pie.chart/jquery.easing.1.3.js _=1500557467991 51722 - ::1 Mozilla/5.0+(Windows+NT+10.0;+Win64;+x64)+AppleWebKit/537.36+(KHTML,+like+Gecko)+Chrome/59.0.3071.115+Safari/537.36 http://localhost:51722/Dashboard/ViewDashboard 200 0 0 95
2017-07-20 13:31:07 ::1 GET /Scripts/v2/easy.pie.chart/jquery.easypiechart.min.js _=1500557468094 51722 - ::1 Mozilla/5.0+(Windows+NT+10.0;+Win64;+x64)+AppleWebKit/537.36+(KHTML,+like+Gecko)+Chrome/59.0.3071.115+Safari/537.36 http://localhost:51722/Dashboard/ViewDashboard 200 0 0 48
2017-07-20 13:31:07 ::1 GET /Scripts/v2/morris.charts/morris.min.js _=1500557468185 51722 - ::1 Mozilla/5.0+(Windows+NT+10.0;+Win64;+x64)+AppleWebKit/537.36+(KHTML,+like+Gecko)+Chrome/59.0.3071.115+Safari/537.36 http://localhost:51722/Dashboard/ViewDashboard 200 0 0 19
2017-07-20 13:31:07 ::1 GET /Scripts/v2/morris.charts/raphael.min.js _=1500557468246 51722 - ::1 Mozilla/5.0+(Windows+NT+10.0;+Win64;+x64)+AppleWebKit/537.36+(KHTML,+like+Gecko)+Chrome/59.0.3071.115+Safari/537.36 http://localhost:51722/Dashboard/ViewDashboard 200 0 0 19
2017-07-20 13:31:22 ::1 GET /Dashboard/GetExpenseApprovals/ sDate=null&eDate=null 51722 qc1admin@gorillaexpense.com ::1 Mozilla/5.0+(Windows+NT+10.0;+Win64;+x64)+AppleWebKit/537.36+(KHTML,+like+Gecko)+Chrome/59.0.3071.115+Safari/537.36 http://localhost:51722/Dashboard/ViewDashboard 200 0 0 13811
2017-07-20 13:31:42 ::1 GET /User/ChangePassword - 51722 qc1admin@gorillaexpense.com ::1 Mozilla/5.0+(Windows+NT+10.0;+Win64;+x64)+AppleWebKit/537.36+(KHTML,+like+Gecko)+Chrome/59.0.3071.115+Safari/537.36 http://localhost:51722/Dashboard/ViewDashboard 200 0 0 20421
2017-07-20 13:31:42 ::1 POST /Home/Index _=1500557490816 51722 qc1admin@gorillaexpense.com ::1 Mozilla/5.0+(Windows+NT+10.0;+Win64;+x64)+AppleWebKit/537.36+(KHTML,+like+Gecko)+Chrome/59.0.3071.115+Safari/537.36 http://localhost:51722/Dashboard/ViewDashboard 302 0 64 80
2017-07-20 13:31:42 ::1 POST /Home/Index _=1500557472852 51722 qc1admin@gorillaexpense.com ::1 Mozilla/5.0+(Windows+NT+10.0;+Win64;+x64)+AppleWebKit/537.36+(KHTML,+like+Gecko)+Chrome/59.0.3071.115+Safari/537.36 http://localhost:51722/Dashboard/ViewDashboard 302 0 64 30160
2017-07-20 13:31:53 ::1 GET /Dashboard/GetExpenseSubmissions/ sDate=null&eDate=null 51722 qc1admin@gorillaexpense.com ::1 Mozilla/5.0+(Windows+NT+10.0;+Win64;+x64)+AppleWebKit/537.36+(KHTML,+like+Gecko)+Chrome/59.0.3071.115+Safari/537.36 http://localhost:51722/Dashboard/ViewDashboard 200 0 64 44908
2017-07-20 13:31:53 ::1 POST /Home/Index _=1500557510312 51722 qc1admin@gorillaexpense.com ::1 Mozilla/5.0+(Windows+NT+10.0;+Win64;+x64)+AppleWebKit/537.36+(KHTML,+like+Gecko)+Chrome/59.0.3071.115+Safari/537.36 http://localhost:51722/User/ChangePassword 302 0 0 3071
2017-07-20 13:32:09 ::1 GET /Dashboard/ViewDashboard - 51722 qc1admin@gorillaexpense.com ::1 Mozilla/5.0+(Windows+NT+10.0;+Win64;+x64)+AppleWebKit/537.36+(KHTML,+like+Gecko)+Chrome/59.0.3071.115+Safari/537.36 http://localhost:51722/User/ChangePassword 200 0 0 15677
2017-07-20 13:32:09 ::1 POST /Home/Index _=1500557514522 51722 qc1admin@gorillaexpense.com ::1 Mozilla/5.0+(Windows+NT+10.0;+Win64;+x64)+AppleWebKit/537.36+(KHTML,+like+Gecko)+Chrome/59.0.3071.115+Safari/537.36 http://localhost:51722/User/ChangePassword 302 0 0 14766
2017-07-20 13:32:23 ::1 GET /Dashboard/ViewDashboard - 51722 qc1admin@gorillaexpense.com ::1 Mozilla/5.0+(Windows+NT+10.0;+Win64;+x64)+AppleWebKit/537.36+(KHTML,+like+Gecko)+Chrome/59.0.3071.115+Safari/537.36 http://localhost:51722/User/ChangePassword 200 0 0 14450
2017-07-20 13:32:35 ::1 GET /Dashboard/GetPayMethodsAmount/ sDate=null&eDate=null 51722 qc1admin@gorillaexpense.com ::1 Mozilla/5.0+(Windows+NT+10.0;+Win64;+x64)+AppleWebKit/537.36+(KHTML,+like+Gecko)+Chrome/59.0.3071.115+Safari/537.36 http://localhost:51722/Dashboard/ViewDashboard 200 0 64 87542
#Software: Microsoft Internet Information Services 8.0
#Version: 1.0
#Date: 2017-07-20 13:33:10
#Fields: date time s-ip cs-method cs-uri-stem cs-uri-query s-port cs-username c-ip cs(User-Agent) cs(Referer) sc-status sc-substatus sc-win32-status time-taken
2017-07-20 13:33:10 ::1 GET / - 51722 qc1admin@gorillaexpense.com ::1 Mozilla/5.0+(Windows+NT+10.0;+Win64;+x64)+AppleWebKit/537.36+(KHTML,+like+Gecko)+Chrome/59.0.3071.115+Safari/537.36 - 302 0 0 21331
2017-07-20 13:33:20 ::1 GET /User/LogOn - 51722 qc1admin@gorillaexpense.com ::1 Mozilla/5.0+(Windows+NT+10.0;+Win64;+x64)+AppleWebKit/537.36+(KHTML,+like+Gecko)+Chrome/59.0.3071.115+Safari/537.36 - 200 0 0 10158
2017-07-20 13:33:20 ::1 GET /User/assets/pages/img/login/bg1.jpg - 51722 - ::1 Mozilla/5.0+(Windows+NT+10.0;+Win64;+x64)+AppleWebKit/537.36+(KHTML,+like+Gecko)+Chrome/59.0.3071.115+Safari/537.36 http://localhost:51722/User/LogOn 404 0 2 19
2017-07-20 13:35:07 ::1 POST /User/LogOn - 51722 qc1admin@gorillaexpense.com ::1 Mozilla/5.0+(Windows+NT+10.0;+Win64;+x64)+AppleWebKit/537.36+(KHTML,+like+Gecko)+Chrome/59.0.3071.115+Safari/537.36 http://localhost:51722/User/LogOn 302 0 0 37746
2017-07-20 13:35:07 ::1 GET / - 51722 qc1admin@gorillaexpense.com ::1 Mozilla/5.0+(Windows+NT+10.0;+Win64;+x64)+AppleWebKit/537.36+(KHTML,+like+Gecko)+Chrome/59.0.3071.115+Safari/537.36 http://localhost:51722/User/LogOn 302 0 0 34
2017-07-20 13:35:40 ::1 GET /Dashboard/ViewDashboard - 51722 qc1admin@gorillaexpense.com ::1 Mozilla/5.0+(Windows+NT+10.0;+Win64;+x64)+AppleWebKit/537.36+(KHTML,+like+Gecko)+Chrome/59.0.3071.115+Safari/537.36 http://localhost:51722/User/LogOn 200 0 0 33701
2017-07-20 13:35:44 ::1 GET /Dashboard/getAjaxTab/1 sDate=null&eDate=null 51722 qc1admin@gorillaexpense.com ::1 Mozilla/5.0+(Windows+NT+10.0;+Win64;+x64)+AppleWebKit/537.36+(KHTML,+like+Gecko)+Chrome/59.0.3071.115+Safari/537.36 http://localhost:51722/Dashboard/ViewDashboard 200 0 0 2589
2017-07-20 13:35:44 ::1 GET /Scripts/v2/easy.pie.chart/jquery.easing.1.3.js _=1500557744041 51722 - ::1 Mozilla/5.0+(Windows+NT+10.0;+Win64;+x64)+AppleWebKit/537.36+(KHTML,+like+Gecko)+Chrome/59.0.3071.115+Safari/537.36 http://localhost:51722/Dashboard/ViewDashboard 200 0 0 57
2017-07-20 13:35:44 ::1 GET /Scripts/v2/easy.pie.chart/jquery.easypiechart.min.js _=1500557744108 51722 - ::1 Mozilla/5.0+(Windows+NT+10.0;+Win64;+x64)+AppleWebKit/537.36+(KHTML,+like+Gecko)+Chrome/59.0.3071.115+Safari/537.36 http://localhost:51722/Dashboard/ViewDashboard 200 0 0 20
2017-07-20 13:35:44 ::1 GET /Scripts/v2/morris.charts/morris.min.js _=1500557744131 51722 - ::1 Mozilla/5.0+(Windows+NT+10.0;+Win64;+x64)+AppleWebKit/537.36+(KHTML,+like+Gecko)+Chrome/59.0.3071.115+Safari/537.36 http://localhost:51722/Dashboard/ViewDashboard 200 0 0 19
2017-07-20 13:35:44 ::1 GET /Scripts/v2/morris.charts/raphael.min.js _=1500557744159 51722 - ::1 Mozilla/5.0+(Windows+NT+10.0;+Win64;+x64)+AppleWebKit/537.36+(KHTML,+like+Gecko)+Chrome/59.0.3071.115+Safari/537.36 http://localhost:51722/Dashboard/ViewDashboard 200 0 0 16
2017-07-20 13:35:54 ::1 GET /Dashboard/GetExpenseApprovals/ sDate=null&eDate=null 51722 qc1admin@gorillaexpense.com ::1 Mozilla/5.0+(Windows+NT+10.0;+Win64;+x64)+AppleWebKit/537.36+(KHTML,+like+Gecko)+Chrome/59.0.3071.115+Safari/537.36 http://localhost:51722/Dashboard/ViewDashboard 200 0 0 10093
2017-07-20 13:36:07 ::1 GET /Dashboard/GetPayMethodsAmount/ sDate=null&eDate=null 51722 qc1admin@gorillaexpense.com ::1 Mozilla/5.0+(Windows+NT+10.0;+Win64;+x64)+AppleWebKit/537.36+(KHTML,+like+Gecko)+Chrome/59.0.3071.115+Safari/537.36 http://localhost:51722/Dashboard/ViewDashboard 200 0 0 23110
2017-07-20 13:36:18 ::1 GET /Dashboard/GetExpenseTypesAmount/ sDate=null&eDate=null 51722 qc1admin@gorillaexpense.com ::1 Mozilla/5.0+(Windows+NT+10.0;+Win64;+x64)+AppleWebKit/537.36+(KHTML,+like+Gecko)+Chrome/59.0.3071.115+Safari/537.36 http://localhost:51722/Dashboard/ViewDashboard 200 0 0 34424
2017-07-20 13:36:26 ::1 GET /Dashboard/GetExpenseSubmissions/ sDate=null&eDate=null 51722 qc1admin@gorillaexpense.com ::1 Mozilla/5.0+(Windows+NT+10.0;+Win64;+x64)+AppleWebKit/537.36+(KHTML,+like+Gecko)+Chrome/59.0.3071.115+Safari/537.36 http://localhost:51722/Dashboard/ViewDashboard 200 0 0 41855
2017-07-20 13:36:38 ::1 GET /Dashboard/GetExpensePostings/ sDate=null&eDate=null 51722 qc1admin@gorillaexpense.com ::1 Mozilla/5.0+(Windows+NT+10.0;+Win64;+x64)+AppleWebKit/537.36+(KHTML,+like+Gecko)+Chrome/59.0.3071.115+Safari/537.36 http://localhost:51722/Dashboard/ViewDashboard 200 0 0 54635
2017-07-20 13:37:41 ::1 GET /User/ChangePassword - 51722 qc1admin@gorillaexpense.com ::1 Mozilla/5.0+(Windows+NT+10.0;+Win64;+x64)+AppleWebKit/537.36+(KHTML,+like+Gecko)+Chrome/59.0.3071.115+Safari/537.36 http://localhost:51722/Dashboard/ViewDashboard 200 0 64 51145
2017-07-20 13:37:41 ::1 GET /User/LogOut - 51722 qc1admin@gorillaexpense.com ::1 Mozilla/5.0+(Windows+NT+10.0;+Win64;+x64)+AppleWebKit/537.36+(KHTML,+like+Gecko)+Chrome/59.0.3071.115+Safari/537.36 http://localhost:51722/Dashboard/ViewDashboard 302 0 0 33085
2017-07-20 13:37:41 ::1 GET / - 51722 - ::1 Mozilla/5.0+(Windows+NT+10.0;+Win64;+x64)+AppleWebKit/537.36+(KHTML,+like+Gecko)+Chrome/59.0.3071.115+Safari/537.36 http://localhost:51722/Dashboard/ViewDashboard 302 0 0 21
2017-07-20 13:37:49 ::1 GET /User/LogOn - 51722 - ::1 Mozilla/5.0+(Windows+NT+10.0;+Win64;+x64)+AppleWebKit/537.36+(KHTML,+like+Gecko)+Chrome/59.0.3071.115+Safari/537.36 http://localhost:51722/Dashboard/ViewDashboard 200 0 0 7203
2017-07-20 13:37:49 ::1 GET /User/assets/pages/img/login/bg1.jpg - 51722 - ::1 Mozilla/5.0+(Windows+NT+10.0;+Win64;+x64)+AppleWebKit/537.36+(KHTML,+like+Gecko)+Chrome/59.0.3071.115+Safari/537.36 http://localhost:51722/User/LogOn 404 0 2 4
#Software: Microsoft Internet Information Services 8.0
#Version: 1.0
#Date: 2017-07-20 13:39:03
#Fields: date time s-ip cs-method cs-uri-stem cs-uri-query s-port cs-username c-ip cs(User-Agent) cs(Referer) sc-status sc-substatus sc-win32-status time-taken
2017-07-20 13:39:03 ::1 GET / - 51722 - ::1 Mozilla/5.0+(Windows+NT+10.0;+Win64;+x64)+AppleWebKit/537.36+(KHTML,+like+Gecko)+Chrome/59.0.3071.115+Safari/537.36 - 302 0 0 17065
2017-07-20 13:39:32 ::1 GET /User/LogOn - 51722 - ::1 Mozilla/5.0+(Windows+NT+10.0;+Win64;+x64)+AppleWebKit/537.36+(KHTML,+like+Gecko)+Chrome/59.0.3071.115+Safari/537.36 - 200 0 0 29273
2017-07-20 13:39:32 ::1 GET /User/assets/pages/img/login/bg1.jpg - 51722 - ::1 Mozilla/5.0+(Windows+NT+10.0;+Win64;+x64)+AppleWebKit/537.36+(KHTML,+like+Gecko)+Chrome/59.0.3071.115+Safari/537.36 http://localhost:51722/User/LogOn 404 0 2 8
2017-07-20 13:40:35 ::1 POST /User/LogOn - 51722 - ::1 Mozilla/5.0+(Windows+NT+10.0;+Win64;+x64)+AppleWebKit/537.36+(KHTML,+like+Gecko)+Chrome/59.0.3071.115+Safari/537.36 http://localhost:51722/User/LogOn 302 0 0 49696
2017-07-20 13:40:35 ::1 GET / - 51722 qc1admin@gorillaexpense.com ::1 Mozilla/5.0+(Windows+NT+10.0;+Win64;+x64)+AppleWebKit/537.36+(KHTML,+like+Gecko)+Chrome/59.0.3071.115+Safari/537.36 http://localhost:51722/User/LogOn 302 0 0 31
2017-07-20 13:40:53 ::1 GET /Dashboard/ViewDashboard - 51722 qc1admin@gorillaexpense.com ::1 Mozilla/5.0+(Windows+NT+10.0;+Win64;+x64)+AppleWebKit/537.36+(KHTML,+like+Gecko)+Chrome/59.0.3071.115+Safari/537.36 http://localhost:51722/User/LogOn 200 0 0 18271
2017-07-20 13:40:56 ::1 GET /Dashboard/getAjaxTab/1 sDate=null&eDate=null 51722 qc1admin@gorillaexpense.com ::1 Mozilla/5.0+(Windows+NT+10.0;+Win64;+x64)+AppleWebKit/537.36+(KHTML,+like+Gecko)+Chrome/59.0.3071.115+Safari/537.36 http://localhost:51722/Dashboard/ViewDashboard 200 0 0 2460
2017-07-20 13:40:56 ::1 GET /Scripts/v2/easy.pie.chart/jquery.easing.1.3.js _=1500558056366 51722 - ::1 Mozilla/5.0+(Windows+NT+10.0;+Win64;+x64)+AppleWebKit/537.36+(KHTML,+like+Gecko)+Chrome/59.0.3071.115+Safari/537.36 http://localhost:51722/Dashboard/ViewDashboard 200 0 0 59
2017-07-20 13:40:56 ::1 GET /Scripts/v2/easy.pie.chart/jquery.easypiechart.min.js _=1500558056432 51722 - ::1 Mozilla/5.0+(Windows+NT+10.0;+Win64;+x64)+AppleWebKit/537.36+(KHTML,+like+Gecko)+Chrome/59.0.3071.115+Safari/537.36 http://localhost:51722/Dashboard/ViewDashboard 200 0 0 37
2017-07-20 13:40:56 ::1 GET /Scripts/v2/morris.charts/morris.min.js _=1500558056487 51722 - ::1 Mozilla/5.0+(Windows+NT+10.0;+Win64;+x64)+AppleWebKit/537.36+(KHTML,+like+Gecko)+Chrome/59.0.3071.115+Safari/537.36 http://localhost:51722/Dashboard/ViewDashboard 200 0 0 18
2017-07-20 13:40:56 ::1 GET /Scripts/v2/morris.charts/raphael.min.js _=1500558056516 51722 - ::1 Mozilla/5.0+(Windows+NT+10.0;+Win64;+x64)+AppleWebKit/537.36+(KHTML,+like+Gecko)+Chrome/59.0.3071.115+Safari/537.36 http://localhost:51722/Dashboard/ViewDashboard 200 0 0 14
2017-07-20 13:41:06 ::1 GET /Dashboard/GetExpensePostings/ sDate=null&eDate=null 51722 qc1admin@gorillaexpense.com ::1 Mozilla/5.0+(Windows+NT+10.0;+Win64;+x64)+AppleWebKit/537.36+(KHTML,+like+Gecko)+Chrome/59.0.3071.115+Safari/537.36 http://localhost:51722/Dashboard/ViewDashboard 200 0 0 9468
2017-07-20 13:41:13 ::1 GET /Dashboard/GetExpenseApprovals/ sDate=null&eDate=null 51722 qc1admin@gorillaexpense.com ::1 Mozilla/5.0+(Windows+NT+10.0;+Win64;+x64)+AppleWebKit/537.36+(KHTML,+like+Gecko)+Chrome/59.0.3071.115+Safari/537.36 http://localhost:51722/Dashboard/ViewDashboard 200 0 0 16820
2017-07-20 13:41:29 ::1 GET /User/ChangePassword - 51722 qc1admin@gorillaexpense.com ::1 Mozilla/5.0+(Windows+NT+10.0;+Win64;+x64)+AppleWebKit/537.36+(KHTML,+like+Gecko)+Chrome/59.0.3071.115+Safari/537.36 http://localhost:51722/Dashboard/ViewDashboard 200 0 0 16638
2017-07-20 13:41:45 ::1 GET /Dashboard/GetExpenseSubmissions/ sDate=null&eDate=null 51722 qc1admin@gorillaexpense.com ::1 Mozilla/5.0+(Windows+NT+10.0;+Win64;+x64)+AppleWebKit/537.36+(KHTML,+like+Gecko)+Chrome/59.0.3071.115+Safari/537.36 http://localhost:51722/Dashboard/ViewDashboard 200 0 64 48959
2017-07-20 13:41:58 ::1 GET /Dashboard/GetPayMethodsAmount/ sDate=null&eDate=null 51722 qc1admin@gorillaexpense.com ::1 Mozilla/5.0+(Windows+NT+10.0;+Win64;+x64)+AppleWebKit/537.36+(KHTML,+like+Gecko)+Chrome/59.0.3071.115+Safari/537.36 http://localhost:51722/Dashboard/ViewDashboard 200 0 64 61793
2017-07-20 13:42:10 ::1 GET /Dashboard/GetExpenseTypesAmount/ sDate=null&eDate=null 51722 qc1admin@gorillaexpense.com ::1 Mozilla/5.0+(Windows+NT+10.0;+Win64;+x64)+AppleWebKit/537.36+(KHTML,+like+Gecko)+Chrome/59.0.3071.115+Safari/537.36 http://localhost:51722/Dashboard/ViewDashboard 200 0 64 74064
#Software: Microsoft Internet Information Services 8.0
#Version: 1.0
#Date: 2017-07-20 14:55:31
#Fields: date time s-ip cs-method cs-uri-stem cs-uri-query s-port cs-username c-ip cs(User-Agent) cs(Referer) sc-status sc-substatus sc-win32-status time-taken
2017-07-20 14:55:31 127.0.0.1 GET /User/LogOut - 51722 qc1admin@gorillaexpense.com 127.0.0.1 Mozilla/5.0+(Windows+NT+10.0;+Win64;+x64)+AppleWebKit/537.36+(KHTML,+like+Gecko)+Chrome/59.0.3071.115+Safari/537.36 http://localhost:51722/User/ChangePassword 302 0 64 41942
2017-07-20 14:55:31 ::1 GET / - 51722 qc1admin@gorillaexpense.com ::1 Mozilla/5.0+(Windows+NT+10.0;+Win64;+x64)+AppleWebKit/537.36+(KHTML,+like+Gecko)+Chrome/59.0.3071.115+Safari/537.36 - 302 0 0 39301
2017-07-20 14:55:39 ::1 GET /User/LogOn - 51722 qc1admin@gorillaexpense.com ::1 Mozilla/5.0+(Windows+NT+10.0;+Win64;+x64)+AppleWebKit/537.36+(KHTML,+like+Gecko)+Chrome/59.0.3071.115+Safari/537.36 - 200 0 0 7507
2017-07-20 14:55:39 ::1 GET /User/assets/pages/img/login/bg1.jpg - 51722 - ::1 Mozilla/5.0+(Windows+NT+10.0;+Win64;+x64)+AppleWebKit/537.36+(KHTML,+like+Gecko)+Chrome/59.0.3071.115+Safari/537.36 http://localhost:51722/User/LogOn 404 0 2 17
2017-07-20 14:57:12 ::1 POST /User/LogOn - 51722 qc1admin@gorillaexpense.com ::1 Mozilla/5.0+(Windows+NT+10.0;+Win64;+x64)+AppleWebKit/537.36+(KHTML,+like+Gecko)+Chrome/59.0.3071.115+Safari/537.36 http://localhost:51722/User/LogOn 302 0 0 41499
2017-07-20 14:57:12 ::1 GET / - 51722 qc1admin@gorillaexpense.com ::1 Mozilla/5.0+(Windows+NT+10.0;+Win64;+x64)+AppleWebKit/537.36+(KHTML,+like+Gecko)+Chrome/59.0.3071.115+Safari/537.36 http://localhost:51722/User/LogOn 302 0 0 44
2017-07-20 14:57:25 ::1 GET /Dashboard/ViewDashboard - 51722 qc1admin@gorillaexpense.com ::1 Mozilla/5.0+(Windows+NT+10.0;+Win64;+x64)+AppleWebKit/537.36+(KHTML,+like+Gecko)+Chrome/59.0.3071.115+Safari/537.36 http://localhost:51722/User/LogOn 200 0 0 13280
2017-07-20 14:57:29 ::1 GET /Dashboard/getAjaxTab/1 sDate=null&eDate=null 51722 qc1admin@gorillaexpense.com ::1 Mozilla/5.0+(Windows+NT+10.0;+Win64;+x64)+AppleWebKit/537.36+(KHTML,+like+Gecko)+Chrome/59.0.3071.115+Safari/537.36 http://localhost:51722/Dashboard/ViewDashboard 200 0 0 3775
2017-07-20 14:57:29 ::1 GET /Scripts/v2/easy.pie.chart/jquery.easing.1.3.js _=1500562649658 51722 - ::1 Mozilla/5.0+(Windows+NT+10.0;+Win64;+x64)+AppleWebKit/537.36+(KHTML,+like+Gecko)+Chrome/59.0.3071.115+Safari/537.36 http://localhost:51722/Dashboard/ViewDashboard 200 0 0 59
2017-07-20 14:57:29 ::1 GET /Scripts/v2/easy.pie.chart/jquery.easypiechart.min.js _=1500562649727 51722 - ::1 Mozilla/5.0+(Windows+NT+10.0;+Win64;+x64)+AppleWebKit/537.36+(KHTML,+like+Gecko)+Chrome/59.0.3071.115+Safari/537.36 http://localhost:51722/Dashboard/ViewDashboard 200 0 0 14
2017-07-20 14:57:29 ::1 GET /Scripts/v2/morris.charts/morris.min.js _=1500562649758 51722 - ::1 Mozilla/5.0+(Windows+NT+10.0;+Win64;+x64)+AppleWebKit/537.36+(KHTML,+like+Gecko)+Chrome/59.0.3071.115+Safari/537.36 http://localhost:51722/Dashboard/ViewDashboard 200 0 0 13
2017-07-20 14:57:29 ::1 GET /Scripts/v2/morris.charts/raphael.min.js _=1500562649800 51722 - ::1 Mozilla/5.0+(Windows+NT+10.0;+Win64;+x64)+AppleWebKit/537.36+(KHTML,+like+Gecko)+Chrome/59.0.3071.115+Safari/537.36 http://localhost:51722/Dashboard/ViewDashboard 200 0 0 46
2017-07-20 14:57:41 ::1 GET /Dashboard/GetExpenseSubmissions/ sDate=null&eDate=null 51722 qc1admin@gorillaexpense.com ::1 Mozilla/5.0+(Windows+NT+10.0;+Win64;+x64)+AppleWebKit/537.36+(KHTML,+like+Gecko)+Chrome/59.0.3071.115+Safari/537.36 http://localhost:51722/Dashboard/ViewDashboard 200 0 0 11193
2017-07-20 14:57:52 ::1 GET /Dashboard/GetExpenseTypesAmount/ sDate=null&eDate=null 51722 qc1admin@gorillaexpense.com ::1 Mozilla/5.0+(Windows+NT+10.0;+Win64;+x64)+AppleWebKit/537.36+(KHTML,+like+Gecko)+Chrome/59.0.3071.115+Safari/537.36 http://localhost:51722/Dashboard/ViewDashboard 200 0 0 22921
2017-07-20 14:57:58 ::1 GET /User/ChangePassword - 51722 qc1admin@gorillaexpense.com ::1 Mozilla/5.0+(Windows+NT+10.0;+Win64;+x64)+AppleWebKit/537.36+(KHTML,+like+Gecko)+Chrome/59.0.3071.115+Safari/537.36 http://localhost:51722/Dashboard/ViewDashboard 200 0 0 15641
2017-07-20 14:58:10 ::1 GET /Dashboard/GetExpensePostings/ sDate=null&eDate=null 51722 qc1admin@gorillaexpense.com ::1 Mozilla/5.0+(Windows+NT+10.0;+Win64;+x64)+AppleWebKit/537.36+(KHTML,+like+Gecko)+Chrome/59.0.3071.115+Safari/537.36 http://localhost:51722/Dashboard/ViewDashboard 200 0 64 40467
2017-07-20 14:58:24 ::1 GET /Dashboard/GetExpenseApprovals/ sDate=null&eDate=null 51722 qc1admin@gorillaexpense.com ::1 Mozilla/5.0+(Windows+NT+10.0;+Win64;+x64)+AppleWebKit/537.36+(KHTML,+like+Gecko)+Chrome/59.0.3071.115+Safari/537.36 http://localhost:51722/Dashboard/ViewDashboard 200 0 64 54131
2017-07-20 14:58:39 ::1 GET /Dashboard/GetPayMethodsAmount/ sDate=null&eDate=null 51722 qc1admin@gorillaexpense.com ::1 Mozilla/5.0+(Windows+NT+10.0;+Win64;+x64)+AppleWebKit/537.36+(KHTML,+like+Gecko)+Chrome/59.0.3071.115+Safari/537.36 http://localhost:51722/Dashboard/ViewDashboard 200 0 64 69817
2017-07-20 15:03:07 ::1 GET /User/ChangePassword - 51722 qc1admin@gorillaexpense.com ::1 Mozilla/5.0+(Windows+NT+10.0;+Win64;+x64)+AppleWebKit/537.36+(KHTML,+like+Gecko)+Chrome/59.0.3071.115+Safari/537.36 http://localhost:51722/Dashboard/ViewDashboard 200 0 0 16013
2017-07-20 15:08:10 ::1 GET /User/ChangePassword - 51722 qc1admin@gorillaexpense.com ::1 Mozilla/5.0+(Windows+NT+10.0;+Win64;+x64)+AppleWebKit/537.36+(KHTML,+like+Gecko)+Chrome/59.0.3071.115+Safari/537.36 http://localhost:51722/Dashboard/ViewDashboard 200 0 0 4196
#Software: Microsoft Internet Information Services 8.0
#Version: 1.0
#Date: 2017-07-20 15:48:10
#Fields: date time s-ip cs-method cs-uri-stem cs-uri-query s-port cs-username c-ip cs(User-Agent) cs(Referer) sc-status sc-substatus sc-win32-status time-taken
2017-07-20 15:48:10 ::1 GET /User/PartialChangePassword - 51722 qc1admin@gorillaexpense.com ::1 Mozilla/5.0+(Windows+NT+10.0;+Win64;+x64)+AppleWebKit/537.36+(KHTML,+like+Gecko)+Chrome/59.0.3071.115+Safari/537.36 - 404 0 0 23022
2017-07-20 15:48:20 ::1 GET /User/LogOn - 51722 qc1admin@gorillaexpense.com ::1 Mozilla/5.0+(Windows+NT+10.0;+Win64;+x64)+AppleWebKit/537.36+(KHTML,+like+Gecko)+Chrome/59.0.3071.115+Safari/537.36 - 200 0 0 2881
2017-07-20 15:48:20 ::1 GET /User/assets/pages/img/login/bg1.jpg - 51722 - ::1 Mozilla/5.0+(Windows+NT+10.0;+Win64;+x64)+AppleWebKit/537.36+(KHTML,+like+Gecko)+Chrome/59.0.3071.115+Safari/537.36 http://localhost:51722/User/LogOn 404 0 2 6
2017-07-20 15:53:06 ::1 POST /User/LogOn - 51722 qc1admin@gorillaexpense.com ::1 Mozilla/5.0+(Windows+NT+10.0;+Win64;+x64)+AppleWebKit/537.36+(KHTML,+like+Gecko)+Chrome/59.0.3071.115+Safari/537.36 http://localhost:51722/User/LogOn 302 0 0 22375
2017-07-20 15:53:06 ::1 GET / - 51722 qc1admin@gorillaexpense.com ::1 Mozilla/5.0+(Windows+NT+10.0;+Win64;+x64)+AppleWebKit/537.36+(KHTML,+like+Gecko)+Chrome/59.0.3071.115+Safari/537.36 http://localhost:51722/User/LogOn 302 0 0 23
2017-07-20 15:53:18 ::1 GET /Dashboard/ViewDashboard - 51722 qc1admin@gorillaexpense.com ::1 Mozilla/5.0+(Windows+NT+10.0;+Win64;+x64)+AppleWebKit/537.36+(KHTML,+like+Gecko)+Chrome/59.0.3071.115+Safari/537.36 http://localhost:51722/User/LogOn 200 0 0 11214
2017-07-20 15:53:24 ::1 GET /Dashboard/getAjaxTab/1 sDate=null&eDate=null 51722 qc1admin@gorillaexpense.com ::1 Mozilla/5.0+(Windows+NT+10.0;+Win64;+x64)+AppleWebKit/537.36+(KHTML,+like+Gecko)+Chrome/59.0.3071.115+Safari/537.36 http://localhost:51722/Dashboard/ViewDashboard 200 0 0 4553
2017-07-20 15:53:24 ::1 GET /Scripts/v2/easy.pie.chart/jquery.easing.1.3.js _=1500566004361 51722 - ::1 Mozilla/5.0+(Windows+NT+10.0;+Win64;+x64)+AppleWebKit/537.36+(KHTML,+like+Gecko)+Chrome/59.0.3071.115+Safari/537.36 http://localhost:51722/Dashboard/ViewDashboard 200 0 0 34
2017-07-20 15:53:24 ::1 GET /Scripts/v2/easy.pie.chart/jquery.easypiechart.min.js _=1500566004409 51722 - ::1 Mozilla/5.0+(Windows+NT+10.0;+Win64;+x64)+AppleWebKit/537.36+(KHTML,+like+Gecko)+Chrome/59.0.3071.115+Safari/537.36 http://localhost:51722/Dashboard/ViewDashboard 200 0 0 26
2017-07-20 15:53:24 ::1 GET /Scripts/v2/morris.charts/morris.min.js _=1500566004446 51722 - ::1 Mozilla/5.0+(Windows+NT+10.0;+Win64;+x64)+AppleWebKit/537.36+(KHTML,+like+Gecko)+Chrome/59.0.3071.115+Safari/537.36 http://localhost:51722/Dashboard/ViewDashboard 200 0 0 16
2017-07-20 15:53:24 ::1 GET /Scripts/v2/morris.charts/raphael.min.js _=1500566004496 51722 - ::1 Mozilla/5.0+(Windows+NT+10.0;+Win64;+x64)+AppleWebKit/537.36+(KHTML,+like+Gecko)+Chrome/59.0.3071.115+Safari/537.36 http://localhost:51722/Dashboard/ViewDashboard 200 0 0 30
2017-07-20 15:53:35 ::1 GET /Dashboard/GetExpenseSubmissions/ sDate=null&eDate=null 51722 qc1admin@gorillaexpense.com ::1 Mozilla/5.0+(Windows+NT+10.0;+Win64;+x64)+AppleWebKit/537.36+(KHTML,+like+Gecko)+Chrome/59.0.3071.115+Safari/537.36 http://localhost:51722/Dashboard/ViewDashboard 200 0 0 10442
2017-07-20 15:53:50 ::1 GET /Dashboard/GetExpenseApprovals/ sDate=null&eDate=null 51722 qc1admin@gorillaexpense.com ::1 Mozilla/5.0+(Windows+NT+10.0;+Win64;+x64)+AppleWebKit/537.36+(KHTML,+like+Gecko)+Chrome/59.0.3071.115+Safari/537.36 http://localhost:51722/Dashboard/ViewDashboard 200 0 0 26247
2017-07-20 15:54:05 ::1 GET /Dashboard/GetExpensePostings/ sDate=null&eDate=null 51722 qc1admin@gorillaexpense.com ::1 Mozilla/5.0+(Windows+NT+10.0;+Win64;+x64)+AppleWebKit/537.36+(KHTML,+like+Gecko)+Chrome/59.0.3071.115+Safari/537.36 http://localhost:51722/Dashboard/ViewDashboard 200 0 0 40919
2017-07-20 15:54:24 ::1 GET /Dashboard/GetPayMethodsAmount/ sDate=null&eDate=null 51722 qc1admin@gorillaexpense.com ::1 Mozilla/5.0+(Windows+NT+10.0;+Win64;+x64)+AppleWebKit/537.36+(KHTML,+like+Gecko)+Chrome/59.0.3071.115+Safari/537.36 http://localhost:51722/Dashboard/ViewDashboard 200 0 0 59849
2017-07-20 15:54:30 ::1 GET /User/ChangePassword - 51722 qc1admin@gorillaexpense.com ::1 Mozilla/5.0+(Windows+NT+10.0;+Win64;+x64)+AppleWebKit/537.36+(KHTML,+like+Gecko)+Chrome/59.0.3071.115+Safari/537.36 http://localhost:51722/Dashboard/ViewDashboard 200 0 0 33132
2017-07-20 15:54:45 ::1 GET /Dashboard/GetExpenseTypesAmount/ sDate=null&eDate=null 51722 qc1admin@gorillaexpense.com ::1 Mozilla/5.0+(Windows+NT+10.0;+Win64;+x64)+AppleWebKit/537.36+(KHTML,+like+Gecko)+Chrome/59.0.3071.115+Safari/537.36 http://localhost:51722/Dashboard/ViewDashboard 200 0 64 80946
#Software: Microsoft Internet Information Services 8.0
#Version: 1.0
#Date: 2017-07-20 16:26:13
#Fields: date time s-ip cs-method cs-uri-stem cs-uri-query s-port cs-username c-ip cs(User-Agent) cs(Referer) sc-status sc-substatus sc-win32-status time-taken
2017-07-20 16:26:13 ::1 GET /User/ChangePassword - 51722 qc1admin@gorillaexpense.com ::1 Mozilla/5.0+(Windows+NT+10.0;+Win64;+x64)+AppleWebKit/537.36+(KHTML,+like+Gecko)+Chrome/59.0.3071.115+Safari/537.36 http://localhost:51722/Dashboard/ViewDashboard 200 0 0 14375
2017-07-20 16:26:13 ::1 GET /Scripts/chosen/chosen.css - 51722 - ::1 Mozilla/5.0+(Windows+NT+10.0;+Win64;+x64)+AppleWebKit/537.36+(KHTML,+like+Gecko)+Chrome/59.0.3071.115+Safari/537.36 http://localhost:51722/User/ChangePassword 200 0 0 33
2017-07-20 16:26:13 ::1 GET /Scripts/chosen/chosen.jquery.js - 51722 - ::1 Mozilla/5.0+(Windows+NT+10.0;+Win64;+x64)+AppleWebKit/537.36+(KHTML,+like+Gecko)+Chrome/59.0.3071.115+Safari/537.36 http://localhost:51722/User/ChangePassword 200 0 0 39
2017-07-20 16:26:13 ::1 GET /css/SiteLayoutPageForMasters-css v=k7uoWcy0aS_V0SwcNQTao7-vJ8CseX9TIwRndGM8u2s1 51722 qc1admin@gorillaexpense.com ::1 Mozilla/5.0+(Windows+NT+10.0;+Win64;+x64)+AppleWebKit/537.36+(KHTML,+like+Gecko)+Chrome/59.0.3071.115+Safari/537.36 http://localhost:51722/User/ChangePassword 200 0 0 95
2017-07-20 16:26:13 ::1 GET /Scripts/SiteLayoutPageForMasters-js v=3-GxG_Xjij141D4jwzNa4pb8w7b8UpqawGtg8uOhHTs1 51722 qc1admin@gorillaexpense.com ::1 Mozilla/5.0+(Windows+NT+10.0;+Win64;+x64)+AppleWebKit/537.36+(KHTML,+like+Gecko)+Chrome/59.0.3071.115+Safari/537.36 http://localhost:51722/User/ChangePassword 200 0 0 92
2017-07-20 16:26:13 ::1 GET /Scripts/tranx-gorilla-js v=HEb0gldBuIh13UEztM3sMgRRLx67H1ZOvkNsIMGR_Ng1 51722 qc1admin@gorillaexpense.com ::1 Mozilla/5.0+(Windows+NT+10.0;+Win64;+x64)+AppleWebKit/537.36+(KHTML,+like+Gecko)+Chrome/59.0.3071.115+Safari/537.36 http://localhost:51722/User/ChangePassword 200 0 0 41
2017-07-20 16:26:13 ::1 GET /images/logo_1.png - 51722 - ::1 Mozilla/5.0+(Windows+NT+10.0;+Win64;+x64)+AppleWebKit/537.36+(KHTML,+like+Gecko)+Chrome/59.0.3071.115+Safari/537.36 http://localhost:51722/User/ChangePassword 200 0 0 40
2017-07-20 16:26:13 ::1 GET /images/ui-bg_flat_75_ffffff_40x100.png - 51722 - ::1 Mozilla/5.0+(Windows+NT+10.0;+Win64;+x64)+AppleWebKit/537.36+(KHTML,+like+Gecko)+Chrome/59.0.3071.115+Safari/537.36 http://localhost:51722/css/SiteLayoutPageForMasters-css?v=k7uoWcy0aS_V0SwcNQTao7-vJ8CseX9TIwRndGM8u2s1 200 0 0 8
2017-07-20 16:26:13 ::1 GET /images/ui-icons_222222_256x240.png - 51722 - ::1 Mozilla/5.0+(Windows+NT+10.0;+Win64;+x64)+AppleWebKit/537.36+(KHTML,+like+Gecko)+Chrome/59.0.3071.115+Safari/537.36 http://localhost:51722/css/SiteLayoutPageForMasters-css?v=k7uoWcy0aS_V0SwcNQTao7-vJ8CseX9TIwRndGM8u2s1 200 0 0 34
2017-07-20 16:26:13 ::1 GET /images/bg-form-field.gif - 51722 - ::1 Mozilla/5.0+(Windows+NT+10.0;+Win64;+x64)+AppleWebKit/537.36+(KHTML,+like+Gecko)+Chrome/59.0.3071.115+Safari/537.36 http://localhost:51722/css/SiteLayoutPageForMasters-css?v=k7uoWcy0aS_V0SwcNQTao7-vJ8CseX9TIwRndGM8u2s1 200 0 0 66
2017-07-20 16:26:13 ::1 GET /images/icons/information.png - 51722 - ::1 Mozilla/5.0+(Windows+NT+10.0;+Win64;+x64)+AppleWebKit/537.36+(KHTML,+like+Gecko)+Chrome/59.0.3071.115+Safari/537.36 http://localhost:51722/css/SiteLayoutPageForMasters-css?v=k7uoWcy0aS_V0SwcNQTao7-vJ8CseX9TIwRndGM8u2s1 200 0 0 66
2017-07-20 16:29:09 ::1 GET /User/ChangePassword - 51722 qc1admin@gorillaexpense.com ::1 Mozilla/5.0+(Windows+NT+10.0;+Win64;+x64)+AppleWebKit/537.36+(KHTML,+like+Gecko)+Chrome/59.0.3071.115+Safari/537.36 http://localhost:51722/Dashboard/ViewDashboard 200 0 0 4483
2017-07-20 16:29:09 ::1 GET /css/SiteLayoutPageForMasters-css v=k7uoWcy0aS_V0SwcNQTao7-vJ8CseX9TIwRndGM8u2s1 51722 qc1admin@gorillaexpense.com ::1 Mozilla/5.0+(Windows+NT+10.0;+Win64;+x64)+AppleWebKit/537.36+(KHTML,+like+Gecko)+Chrome/59.0.3071.115+Safari/537.36 http://localhost:51722/User/ChangePassword 200 0 0 44
2017-07-20 16:29:09 ::1 GET /Scripts/SiteLayoutPageForMasters-js v=3-GxG_Xjij141D4jwzNa4pb8w7b8UpqawGtg8uOhHTs1 51722 qc1admin@gorillaexpense.com ::1 Mozilla/5.0+(Windows+NT+10.0;+Win64;+x64)+AppleWebKit/537.36+(KHTML,+like+Gecko)+Chrome/59.0.3071.115+Safari/537.36 http://localhost:51722/User/ChangePassword 200 0 0 64
2017-07-20 16:29:09 ::1 GET /Scripts/chosen/chosen.jquery.js - 51722 - ::1 Mozilla/5.0+(Windows+NT+10.0;+Win64;+x64)+AppleWebKit/537.36+(KHTML,+like+Gecko)+Chrome/59.0.3071.115+Safari/537.36 http://localhost:51722/User/ChangePassword 200 0 0 72
2017-07-20 16:29:09 ::1 GET /Scripts/chosen/chosen.css - 51722 - ::1 Mozilla/5.0+(Windows+NT+10.0;+Win64;+x64)+AppleWebKit/537.36+(KHTML,+like+Gecko)+Chrome/59.0.3071.115+Safari/537.36 http://localhost:51722/User/ChangePassword 200 0 0 75
2017-07-20 16:29:09 ::1 GET /Scripts/tranx-gorilla-js v=HEb0gldBuIh13UEztM3sMgRRLx67H1ZOvkNsIMGR_Ng1 51722 qc1admin@gorillaexpense.com ::1 Mozilla/5.0+(Windows+NT+10.0;+Win64;+x64)+AppleWebKit/537.36+(KHTML,+like+Gecko)+Chrome/59.0.3071.115+Safari/537.36 http://localhost:51722/User/ChangePassword 200 0 0 10
2017-07-20 16:29:09 ::1 GET /images/logo_1.png - 51722 - ::1 Mozilla/5.0+(Windows+NT+10.0;+Win64;+x64)+AppleWebKit/537.36+(KHTML,+like+Gecko)+Chrome/59.0.3071.115+Safari/537.36 http://localhost:51722/User/ChangePassword 200 0 0 11
2017-07-20 16:29:09 ::1 GET /images/ui-bg_flat_75_ffffff_40x100.png - 51722 - ::1 Mozilla/5.0+(Windows+NT+10.0;+Win64;+x64)+AppleWebKit/537.36+(KHTML,+like+Gecko)+Chrome/59.0.3071.115+Safari/537.36 http://localhost:51722/css/SiteLayoutPageForMasters-css?v=k7uoWcy0aS_V0SwcNQTao7-vJ8CseX9TIwRndGM8u2s1 200 0 0 2
2017-07-20 16:29:09 ::1 GET /images/ui-icons_222222_256x240.png - 51722 - ::1 Mozilla/5.0+(Windows+NT+10.0;+Win64;+x64)+AppleWebKit/537.36+(KHTML,+like+Gecko)+Chrome/59.0.3071.115+Safari/537.36 http://localhost:51722/css/SiteLayoutPageForMasters-css?v=k7uoWcy0aS_V0SwcNQTao7-vJ8CseX9TIwRndGM8u2s1 200 0 0 8
2017-07-20 16:29:09 ::1 GET /images/bg-form-field.gif - 51722 - ::1 Mozilla/5.0+(Windows+NT+10.0;+Win64;+x64)+AppleWebKit/537.36+(KHTML,+like+Gecko)+Chrome/59.0.3071.115+Safari/537.36 http://localhost:51722/css/SiteLayoutPageForMasters-css?v=k7uoWcy0aS_V0SwcNQTao7-vJ8CseX9TIwRndGM8u2s1 200 0 0 5
2017-07-20 16:29:09 ::1 GET /images/icons/information.png - 51722 - ::1 Mozilla/5.0+(Windows+NT+10.0;+Win64;+x64)+AppleWebKit/537.36+(KHTML,+like+Gecko)+Chrome/59.0.3071.115+Safari/537.36 http://localhost:51722/css/SiteLayoutPageForMasters-css?v=k7uoWcy0aS_V0SwcNQTao7-vJ8CseX9TIwRndGM8u2s1 200 0 0 27
2017-07-20 16:29:09 ::1 GET /favicon.ico - 51722 - ::1 Mozilla/5.0+(Windows+NT+10.0;+Win64;+x64)+AppleWebKit/537.36+(KHTML,+like+Gecko)+Chrome/59.0.3071.115+Safari/537.36 http://localhost:51722/User/ChangePassword 200 0 0 19
2017-07-20 16:32:41 ::1 GET /User/ChangePassword - 51722 qc1admin@gorillaexpense.com ::1 Mozilla/5.0+(Windows+NT+10.0;+Win64;+x64)+AppleWebKit/537.36+(KHTML,+like+Gecko)+Chrome/59.0.3071.115+Safari/537.36 http://localhost:51722/Dashboard/ViewDashboard 200 0 0 11273
2017-07-20 16:32:41 ::1 GET /Scripts/chosen/chosen.css - 51722 - ::1 Mozilla/5.0+(Windows+NT+10.0;+Win64;+x64)+AppleWebKit/537.36+(KHTML,+like+Gecko)+Chrome/59.0.3071.115+Safari/537.36 http://localhost:51722/User/ChangePassword 200 0 0 14
2017-07-20 16:32:41 ::1 GET /css/SiteLayoutPageForMasters-css v=k7uoWcy0aS_V0SwcNQTao7-vJ8CseX9TIwRndGM8u2s1 51722 qc1admin@gorillaexpense.com ::1 Mozilla/5.0+(Windows+NT+10.0;+Win64;+x64)+AppleWebKit/537.36+(KHTML,+like+Gecko)+Chrome/59.0.3071.115+Safari/537.36 http://localhost:51722/User/ChangePassword 200 0 0 22
2017-07-20 16:32:41 ::1 GET /Scripts/chosen/chosen.jquery.js - 51722 - ::1 Mozilla/5.0+(Windows+NT+10.0;+Win64;+x64)+AppleWebKit/537.36+(KHTML,+like+Gecko)+Chrome/59.0.3071.115+Safari/537.36 http://localhost:51722/User/ChangePassword 200 0 0 23
2017-07-20 16:32:41 ::1 GET /Scripts/tranx-gorilla-js v=HEb0gldBuIh13UEztM3sMgRRLx67H1ZOvkNsIMGR_Ng1 51722 qc1admin@gorillaexpense.com ::1 Mozilla/5.0+(Windows+NT+10.0;+Win64;+x64)+AppleWebKit/537.36+(KHTML,+like+Gecko)+Chrome/59.0.3071.115+Safari/537.36 http://localhost:51722/User/ChangePassword 200 0 0 10
2017-07-20 16:32:41 ::1 GET /Scripts/SiteLayoutPageForMasters-js v=3-GxG_Xjij141D4jwzNa4pb8w7b8UpqawGtg8uOhHTs1 51722 qc1admin@gorillaexpense.com ::1 Mozilla/5.0+(Windows+NT+10.0;+Win64;+x64)+AppleWebKit/537.36+(KHTML,+like+Gecko)+Chrome/59.0.3071.115+Safari/537.36 http://localhost:51722/User/ChangePassword 200 0 0 47
2017-07-20 16:32:41 ::1 GET /images/logo_1.png - 51722 - ::1 Mozilla/5.0+(Windows+NT+10.0;+Win64;+x64)+AppleWebKit/537.36+(KHTML,+like+Gecko)+Chrome/59.0.3071.115+Safari/537.36 http://localhost:51722/User/ChangePassword 200 0 0 18
2017-07-20 16:32:41 ::1 GET /images/ui-bg_flat_75_ffffff_40x100.png - 51722 - ::1 Mozilla/5.0+(Windows+NT+10.0;+Win64;+x64)+AppleWebKit/537.36+(KHTML,+like+Gecko)+Chrome/59.0.3071.115+Safari/537.36 http://localhost:51722/css/SiteLayoutPageForMasters-css?v=k7uoWcy0aS_V0SwcNQTao7-vJ8CseX9TIwRndGM8u2s1 200 0 0 2
2017-07-20 16:32:41 ::1 GET /images/ui-icons_222222_256x240.png - 51722 - ::1 Mozilla/5.0+(Windows+NT+10.0;+Win64;+x64)+AppleWebKit/537.36+(KHTML,+like+Gecko)+Chrome/59.0.3071.115+Safari/537.36 http://localhost:51722/css/SiteLayoutPageForMasters-css?v=k7uoWcy0aS_V0SwcNQTao7-vJ8CseX9TIwRndGM8u2s1 200 0 0 13
2017-07-20 16:32:41 ::1 GET /images/bg-form-field.gif - 51722 - ::1 Mozilla/5.0+(Windows+NT+10.0;+Win64;+x64)+AppleWebKit/537.36+(KHTML,+like+Gecko)+Chrome/59.0.3071.115+Safari/537.36 http://localhost:51722/css/SiteLayoutPageForMasters-css?v=k7uoWcy0aS_V0SwcNQTao7-vJ8CseX9TIwRndGM8u2s1 200 0 0 10
2017-07-20 16:32:41 ::1 GET /images/icons/information.png - 51722 - ::1 Mozilla/5.0+(Windows+NT+10.0;+Win64;+x64)+AppleWebKit/537.36+(KHTML,+like+Gecko)+Chrome/59.0.3071.115+Safari/537.36 http://localhost:51722/css/SiteLayoutPageForMasters-css?v=k7uoWcy0aS_V0SwcNQTao7-vJ8CseX9TIwRndGM8u2s1 200 0 0 30
2017-07-20 16:32:41 ::1 GET /favicon.ico - 51722 - ::1 Mozilla/5.0+(Windows+NT+10.0;+Win64;+x64)+AppleWebKit/537.36+(KHTML,+like+Gecko)+Chrome/59.0.3071.115+Safari/537.36 http://localhost:51722/User/ChangePassword 200 0 0 27
2017-07-20 16:37:57 ::1 GET /User/ChangePassword - 51722 qc1admin@gorillaexpense.com ::1 Mozilla/5.0+(Windows+NT+10.0;+Win64;+x64)+AppleWebKit/537.36+(KHTML,+like+Gecko)+Chrome/59.0.3071.115+Safari/537.36 http://localhost:51722/Dashboard/ViewDashboard 200 0 0 11143
2017-07-20 16:37:57 ::1 GET /css/SiteLayoutPageForMasters-css v=k7uoWcy0aS_V0SwcNQTao7-vJ8CseX9TIwRndGM8u2s1 51722 qc1admin@gorillaexpense.com ::1 Mozilla/5.0+(Windows+NT+10.0;+Win64;+x64)+AppleWebKit/537.36+(KHTML,+like+Gecko)+Chrome/59.0.3071.115+Safari/537.36 http://localhost:51722/User/ChangePassword 200 0 0 29
2017-07-20 16:37:57 ::1 GET /Scripts/chosen/chosen.css - 51722 - ::1 Mozilla/5.0+(Windows+NT+10.0;+Win64;+x64)+AppleWebKit/537.36+(KHTML,+like+Gecko)+Chrome/59.0.3071.115+Safari/537.36 http://localhost:51722/User/ChangePassword 200 0 0 44
2017-07-20 16:37:57 ::1 GET /Scripts/chosen/chosen.jquery.js - 51722 - ::1 Mozilla/5.0+(Windows+NT+10.0;+Win64;+x64)+AppleWebKit/537.36+(KHTML,+like+Gecko)+Chrome/59.0.3071.115+Safari/537.36 http://localhost:51722/User/ChangePassword 200 0 0 60
2017-07-20 16:37:57 ::1 GET /Scripts/SiteLayoutPageForMasters-js v=3-GxG_Xjij141D4jwzNa4pb8w7b8UpqawGtg8uOhHTs1 51722 qc1admin@gorillaexpense.com ::1 Mozilla/5.0+(Windows+NT+10.0;+Win64;+x64)+AppleWebKit/537.36+(KHTML,+like+Gecko)+Chrome/59.0.3071.115+Safari/537.36 http://localhost:51722/User/ChangePassword 200 0 0 74
2017-07-20 16:37:57 ::1 GET /Scripts/tranx-gorilla-js v=HEb0gldBuIh13UEztM3sMgRRLx67H1ZOvkNsIMGR_Ng1 51722 qc1admin@gorillaexpense.com ::1 Mozilla/5.0+(Windows+NT+10.0;+Win64;+x64)+AppleWebKit/537.36+(KHTML,+like+Gecko)+Chrome/59.0.3071.115+Safari/537.36 http://localhost:51722/User/ChangePassword 200 0 0 28
2017-07-20 16:37:57 ::1 GET /images/logo_1.png - 51722 - ::1 Mozilla/5.0+(Windows+NT+10.0;+Win64;+x64)+AppleWebKit/537.36+(KHTML,+like+Gecko)+Chrome/59.0.3071.115+Safari/537.36 http://localhost:51722/User/ChangePassword 200 0 0 21
2017-07-20 16:37:57 ::1 GET /images/ui-bg_flat_75_ffffff_40x100.png - 51722 - ::1 Mozilla/5.0+(Windows+NT+10.0;+Win64;+x64)+AppleWebKit/537.36+(KHTML,+like+Gecko)+Chrome/59.0.3071.115+Safari/537.36 http://localhost:51722/css/SiteLayoutPageForMasters-css?v=k7uoWcy0aS_V0SwcNQTao7-vJ8CseX9TIwRndGM8u2s1 200 0 0 10
2017-07-20 16:37:57 ::1 GET /images/bg-form-field.gif - 51722 - ::1 Mozilla/5.0+(Windows+NT+10.0;+Win64;+x64)+AppleWebKit/537.36+(KHTML,+like+Gecko)+Chrome/59.0.3071.115+Safari/537.36 http://localhost:51722/css/SiteLayoutPageForMasters-css?v=k7uoWcy0aS_V0SwcNQTao7-vJ8CseX9TIwRndGM8u2s1 200 0 0 4
2017-07-20 16:37:57 ::1 GET /images/ui-icons_222222_256x240.png - 51722 - ::1 Mozilla/5.0+(Windows+NT+10.0;+Win64;+x64)+AppleWebKit/537.36+(KHTML,+like+Gecko)+Chrome/59.0.3071.115+Safari/537.36 http://localhost:51722/css/SiteLayoutPageForMasters-css?v=k7uoWcy0aS_V0SwcNQTao7-vJ8CseX9TIwRndGM8u2s1 200 0 0 47
2017-07-20 16:37:57 ::1 GET /images/icons/information.png - 51722 - ::1 Mozilla/5.0+(Windows+NT+10.0;+Win64;+x64)+AppleWebKit/537.36+(KHTML,+like+Gecko)+Chrome/59.0.3071.115+Safari/537.36 http://localhost:51722/css/SiteLayoutPageForMasters-css?v=k7uoWcy0aS_V0SwcNQTao7-vJ8CseX9TIwRndGM8u2s1 200 0 0 25
2017-07-20 16:37:57 ::1 GET /favicon.ico - 51722 - ::1 Mozilla/5.0+(Windows+NT+10.0;+Win64;+x64)+AppleWebKit/537.36+(KHTML,+like+Gecko)+Chrome/59.0.3071.115+Safari/537.36 http://localhost:51722/User/ChangePassword 200 0 0 54
2017-07-20 16:51:35 ::1 GET /User/ChangePassword - 51722 qc1admin@gorillaexpense.com ::1 Mozilla/5.0+(Windows+NT+10.0;+Win64;+x64)+AppleWebKit/537.36+(KHTML,+like+Gecko)+Chrome/59.0.3071.115+Safari/537.36 http://localhost:51722/Dashboard/ViewDashboard 200 0 0 11523
2017-07-20 16:51:35 ::1 GET /Scripts/chosen/chosen.css - 51722 - ::1 Mozilla/5.0+(Windows+NT+10.0;+Win64;+x64)+AppleWebKit/537.36+(KHTML,+like+Gecko)+Chrome/59.0.3071.115+Safari/537.36 http://localhost:51722/User/ChangePassword 200 0 0 17
2017-07-20 16:51:35 ::1 GET /Scripts/chosen/chosen.jquery.js - 51722 - ::1 Mozilla/5.0+(Windows+NT+10.0;+Win64;+x64)+AppleWebKit/537.36+(KHTML,+like+Gecko)+Chrome/59.0.3071.115+Safari/537.36 http://localhost:51722/User/ChangePassword 200 0 0 28
2017-07-20 16:51:35 ::1 GET /css/SiteLayoutPageForMasters-css v=k7uoWcy0aS_V0SwcNQTao7-vJ8CseX9TIwRndGM8u2s1 51722 qc1admin@gorillaexpense.com ::1 Mozilla/5.0+(Windows+NT+10.0;+Win64;+x64)+AppleWebKit/537.36+(KHTML,+like+Gecko)+Chrome/59.0.3071.115+Safari/537.36 http://localhost:51722/User/ChangePassword 200 0 0 43
2017-07-20 16:51:35 ::1 GET /Scripts/SiteLayoutPageForMasters-js v=3-GxG_Xjij141D4jwzNa4pb8w7b8UpqawGtg8uOhHTs1 51722 qc1admin@gorillaexpense.com ::1 Mozilla/5.0+(Windows+NT+10.0;+Win64;+x64)+AppleWebKit/537.36+(KHTML,+like+Gecko)+Chrome/59.0.3071.115+Safari/537.36 http://localhost:51722/User/ChangePassword 200 0 0 65
2017-07-20 16:51:35 ::1 GET /Scripts/tranx-gorilla-js v=HEb0gldBuIh13UEztM3sMgRRLx67H1ZOvkNsIMGR_Ng1 51722 qc1admin@gorillaexpense.com ::1 Mozilla/5.0+(Windows+NT+10.0;+Win64;+x64)+AppleWebKit/537.36+(KHTML,+like+Gecko)+Chrome/59.0.3071.115+Safari/537.36 http://localhost:51722/User/ChangePassword 200 0 0 17
2017-07-20 16:51:35 ::1 GET /images/logo_1.png - 51722 - ::1 Mozilla/5.0+(Windows+NT+10.0;+Win64;+x64)+AppleWebKit/537.36+(KHTML,+like+Gecko)+Chrome/59.0.3071.115+Safari/537.36 http://localhost:51722/User/ChangePassword 200 0 0 10
2017-07-20 16:51:35 ::1 GET /images/ui-bg_flat_75_ffffff_40x100.png - 51722 - ::1 Mozilla/5.0+(Windows+NT+10.0;+Win64;+x64)+AppleWebKit/537.36+(KHTML,+like+Gecko)+Chrome/59.0.3071.115+Safari/537.36 http://localhost:51722/css/SiteLayoutPageForMasters-css?v=k7uoWcy0aS_V0SwcNQTao7-vJ8CseX9TIwRndGM8u2s1 200 0 0 7
2017-07-20 16:51:35 ::1 GET /images/ui-icons_222222_256x240.png - 51722 - ::1 Mozilla/5.0+(Windows+NT+10.0;+Win64;+x64)+AppleWebKit/537.36+(KHTML,+like+Gecko)+Chrome/59.0.3071.115+Safari/537.36 http://localhost:51722/css/SiteLayoutPageForMasters-css?v=k7uoWcy0aS_V0SwcNQTao7-vJ8CseX9TIwRndGM8u2s1 200 0 0 13
2017-07-20 16:51:35 ::1 GET /images/bg-form-field.gif - 51722 - ::1 Mozilla/5.0+(Windows+NT+10.0;+Win64;+x64)+AppleWebKit/537.36+(KHTML,+like+Gecko)+Chrome/59.0.3071.115+Safari/537.36 http://localhost:51722/css/SiteLayoutPageForMasters-css?v=k7uoWcy0aS_V0SwcNQTao7-vJ8CseX9TIwRndGM8u2s1 200 0 0 3
2017-07-20 16:51:35 ::1 GET /images/icons/information.png - 51722 - ::1 Mozilla/5.0+(Windows+NT+10.0;+Win64;+x64)+AppleWebKit/537.36+(KHTML,+like+Gecko)+Chrome/59.0.3071.115+Safari/537.36 http://localhost:51722/css/SiteLayoutPageForMasters-css?v=k7uoWcy0aS_V0SwcNQTao7-vJ8CseX9TIwRndGM8u2s1 200 0 0 15
2017-07-20 16:51:35 ::1 GET /favicon.ico - 51722 - ::1 Mozilla/5.0+(Windows+NT+10.0;+Win64;+x64)+AppleWebKit/537.36+(KHTML,+like+Gecko)+Chrome/59.0.3071.115+Safari/537.36 http://localhost:51722/User/ChangePassword 200 0 0 23
2017-07-20 16:53:55 ::1 GET /User/ChangePassword - 51722 qc1admin@gorillaexpense.com ::1 Mozilla/5.0+(Windows+NT+10.0;+Win64;+x64)+AppleWebKit/537.36+(KHTML,+like+Gecko)+Chrome/59.0.3071.115+Safari/537.36 http://localhost:51722/Dashboard/ViewDashboard 200 0 0 11085
2017-07-20 16:53:55 ::1 GET /css/SiteLayoutPageForMasters-css v=k7uoWcy0aS_V0SwcNQTao7-vJ8CseX9TIwRndGM8u2s1 51722 qc1admin@gorillaexpense.com ::1 Mozilla/5.0+(Windows+NT+10.0;+Win64;+x64)+AppleWebKit/537.36+(KHTML,+like+Gecko)+Chrome/59.0.3071.115+Safari/537.36 http://localhost:51722/User/ChangePassword 200 0 0 23
2017-07-20 16:53:55 ::1 GET /Scripts/SiteLayoutPageForMasters-js v=3-GxG_Xjij141D4jwzNa4pb8w7b8UpqawGtg8uOhHTs1 51722 qc1admin@gorillaexpense.com ::1 Mozilla/5.0+(Windows+NT+10.0;+Win64;+x64)+AppleWebKit/537.36+(KHTML,+like+Gecko)+Chrome/59.0.3071.115+Safari/537.36 http://localhost:51722/User/ChangePassword 200 0 0 42
2017-07-20 16:53:55 ::1 GET /Scripts/chosen/chosen.css - 51722 - ::1 Mozilla/5.0+(Windows+NT+10.0;+Win64;+x64)+AppleWebKit/537.36+(KHTML,+like+Gecko)+Chrome/59.0.3071.115+Safari/537.36 http://localhost:51722/User/ChangePassword 200 0 0 61
2017-07-20 16:53:55 ::1 GET /Scripts/chosen/chosen.jquery.js - 51722 - ::1 Mozilla/5.0+(Windows+NT+10.0;+Win64;+x64)+AppleWebKit/537.36+(KHTML,+like+Gecko)+Chrome/59.0.3071.115+Safari/537.36 http://localhost:51722/User/ChangePassword 200 0 0 59
2017-07-20 16:53:55 ::1 GET /Scripts/tranx-gorilla-js v=HEb0gldBuIh13UEztM3sMgRRLx67H1ZOvkNsIMGR_Ng1 51722 qc1admin@gorillaexpense.com ::1 Mozilla/5.0+(Windows+NT+10.0;+Win64;+x64)+AppleWebKit/537.36+(KHTML,+like+Gecko)+Chrome/59.0.3071.115+Safari/537.36 http://localhost:51722/User/ChangePassword 200 0 0 11
2017-07-20 16:53:55 ::1 GET /images/logo_1.png - 51722 - ::1 Mozilla/5.0+(Windows+NT+10.0;+Win64;+x64)+AppleWebKit/537.36+(KHTML,+like+Gecko)+Chrome/59.0.3071.115+Safari/537.36 http://localhost:51722/User/ChangePassword 200 0 0 14
2017-07-20 16:53:55 ::1 GET /images/ui-bg_flat_75_ffffff_40x100.png - 51722 - ::1 Mozilla/5.0+(Windows+NT+10.0;+Win64;+x64)+AppleWebKit/537.36+(KHTML,+like+Gecko)+Chrome/59.0.3071.115+Safari/537.36 http://localhost:51722/css/SiteLayoutPageForMasters-css?v=k7uoWcy0aS_V0SwcNQTao7-vJ8CseX9TIwRndGM8u2s1 200 0 0 1
2017-07-20 16:53:55 ::1 GET /images/ui-icons_222222_256x240.png - 51722 - ::1 Mozilla/5.0+(Windows+NT+10.0;+Win64;+x64)+AppleWebKit/537.36+(KHTML,+like+Gecko)+Chrome/59.0.3071.115+Safari/537.36 http://localhost:51722/css/SiteLayoutPageForMasters-css?v=k7uoWcy0aS_V0SwcNQTao7-vJ8CseX9TIwRndGM8u2s1 200 0 0 11
2017-07-20 16:53:55 ::1 GET /images/bg-form-field.gif - 51722 - ::1 Mozilla/5.0+(Windows+NT+10.0;+Win64;+x64)+AppleWebKit/537.36+(KHTML,+like+Gecko)+Chrome/59.0.3071.115+Safari/537.36 http://localhost:51722/css/SiteLayoutPageForMasters-css?v=k7uoWcy0aS_V0SwcNQTao7-vJ8CseX9TIwRndGM8u2s1 200 0 0 2
2017-07-20 16:53:55 ::1 GET /images/icons/information.png - 51722 - ::1 Mozilla/5.0+(Windows+NT+10.0;+Win64;+x64)+AppleWebKit/537.36+(KHTML,+like+Gecko)+Chrome/59.0.3071.115+Safari/537.36 http://localhost:51722/css/SiteLayoutPageForMasters-css?v=k7uoWcy0aS_V0SwcNQTao7-vJ8CseX9TIwRndGM8u2s1 200 0 0 13
2017-07-20 16:53:55 ::1 GET /favicon.ico - 51722 - ::1 Mozilla/5.0+(Windows+NT+10.0;+Win64;+x64)+AppleWebKit/537.36+(KHTML,+like+Gecko)+Chrome/59.0.3071.115+Safari/537.36 http://localhost:51722/User/ChangePassword 200 0 0 17
2017-07-20 16:58:12 ::1 GET /User/ChangePassword - 51722 qc1admin@gorillaexpense.com ::1 Mozilla/5.0+(Windows+NT+10.0;+Win64;+x64)+AppleWebKit/537.36+(KHTML,+like+Gecko)+Chrome/59.0.3071.115+Safari/537.36 http://localhost:51722/Dashboard/ViewDashboard 200 0 0 9780
2017-07-20 16:58:12 ::1 GET /css/SiteLayoutPageForMasters-css v=k7uoWcy0aS_V0SwcNQTao7-vJ8CseX9TIwRndGM8u2s1 51722 qc1admin@gorillaexpense.com ::1 Mozilla/5.0+(Windows+NT+10.0;+Win64;+x64)+AppleWebKit/537.36+(KHTML,+like+Gecko)+Chrome/59.0.3071.115+Safari/537.36 http://localhost:51722/User/ChangePassword 200 0 0 31
2017-07-20 16:58:12 ::1 GET /Scripts/chosen/chosen.jquery.js - 51722 - ::1 Mozilla/5.0+(Windows+NT+10.0;+Win64;+x64)+AppleWebKit/537.36+(KHTML,+like+Gecko)+Chrome/59.0.3071.115+Safari/537.36 http://localhost:51722/User/ChangePassword 200 0 0 20
2017-07-20 16:58:12 ::1 GET /Scripts/chosen/chosen.css - 51722 - ::1 Mozilla/5.0+(Windows+NT+10.0;+Win64;+x64)+AppleWebKit/537.36+(KHTML,+like+Gecko)+Chrome/59.0.3071.115+Safari/537.36 http://localhost:51722/User/ChangePassword 200 0 0 32
2017-07-20 16:58:12 ::1 GET /Scripts/SiteLayoutPageForMasters-js v=3-GxG_Xjij141D4jwzNa4pb8w7b8UpqawGtg8uOhHTs1 51722 qc1admin@gorillaexpense.com ::1 Mozilla/5.0+(Windows+NT+10.0;+Win64;+x64)+AppleWebKit/537.36+(KHTML,+like+Gecko)+Chrome/59.0.3071.115+Safari/537.36 http://localhost:51722/User/ChangePassword 200 0 0 49
2017-07-20 16:58:12 ::1 GET /Scripts/tranx-gorilla-js v=HEb0gldBuIh13UEztM3sMgRRLx67H1ZOvkNsIMGR_Ng1 51722 qc1admin@gorillaexpense.com ::1 Mozilla/5.0+(Windows+NT+10.0;+Win64;+x64)+AppleWebKit/537.36+(KHTML,+like+Gecko)+Chrome/59.0.3071.115+Safari/537.36 http://localhost:51722/User/ChangePassword 200 0 0 17
2017-07-20 16:58:12 ::1 GET /images/logo_1.png - 51722 - ::1 Mozilla/5.0+(Windows+NT+10.0;+Win64;+x64)+AppleWebKit/537.36+(KHTML,+like+Gecko)+Chrome/59.0.3071.115+Safari/537.36 http://localhost:51722/User/ChangePassword 200 0 0 13
2017-07-20 16:58:12 ::1 GET /images/ui-bg_flat_75_ffffff_40x100.png - 51722 - ::1 Mozilla/5.0+(Windows+NT+10.0;+Win64;+x64)+AppleWebKit/537.36+(KHTML,+like+Gecko)+Chrome/59.0.3071.115+Safari/537.36 http://localhost:51722/css/SiteLayoutPageForMasters-css?v=k7uoWcy0aS_V0SwcNQTao7-vJ8CseX9TIwRndGM8u2s1 200 0 0 5
2017-07-20 16:58:12 ::1 GET /images/ui-icons_222222_256x240.png - 51722 - ::1 Mozilla/5.0+(Windows+NT+10.0;+Win64;+x64)+AppleWebKit/537.36+(KHTML,+like+Gecko)+Chrome/59.0.3071.115+Safari/537.36 http://localhost:51722/css/SiteLayoutPageForMasters-css?v=k7uoWcy0aS_V0SwcNQTao7-vJ8CseX9TIwRndGM8u2s1 200 0 0 25
2017-07-20 16:58:12 ::1 GET /images/bg-form-field.gif - 51722 - ::1 Mozilla/5.0+(Windows+NT+10.0;+Win64;+x64)+AppleWebKit/537.36+(KHTML,+like+Gecko)+Chrome/59.0.3071.115+Safari/537.36 http://localhost:51722/css/SiteLayoutPageForMasters-css?v=k7uoWcy0aS_V0SwcNQTao7-vJ8CseX9TIwRndGM8u2s1 200 0 0 11
2017-07-20 16:58:12 ::1 GET /images/icons/information.png - 51722 - ::1 Mozilla/5.0+(Windows+NT+10.0;+Win64;+x64)+AppleWebKit/537.36+(KHTML,+like+Gecko)+Chrome/59.0.3071.115+Safari/537.36 http://localhost:51722/css/SiteLayoutPageForMasters-css?v=k7uoWcy0aS_V0SwcNQTao7-vJ8CseX9TIwRndGM8u2s1 200 0 0 42
2017-07-20 16:58:12 ::1 GET /favicon.ico - 51722 - ::1 Mozilla/5.0+(Windows+NT+10.0;+Win64;+x64)+AppleWebKit/537.36+(KHTML,+like+Gecko)+Chrome/59.0.3071.115+Safari/537.36 http://localhost:51722/User/ChangePassword 200 0 0 36
2017-07-20 17:00:50 ::1 GET /User/ChangePassword - 51722 qc1admin@gorillaexpense.com ::1 Mozilla/5.0+(Windows+NT+10.0;+Win64;+x64)+AppleWebKit/537.36+(KHTML,+like+Gecko)+Chrome/59.0.3071.115+Safari/537.36 http://localhost:51722/Dashboard/ViewDashboard 200 0 0 10027
2017-07-20 17:00:50 ::1 GET /css/SiteLayoutPageForMasters-css v=k7uoWcy0aS_V0SwcNQTao7-vJ8CseX9TIwRndGM8u2s1 51722 qc1admin@gorillaexpense.com ::1 Mozilla/5.0+(Windows+NT+10.0;+Win64;+x64)+AppleWebKit/537.36+(KHTML,+like+Gecko)+Chrome/59.0.3071.115+Safari/537.36 http://localhost:51722/User/ChangePassword 200 0 0 46
2017-07-20 17:00:50 ::1 GET /Scripts/chosen/chosen.jquery.js - 51722 - ::1 Mozilla/5.0+(Windows+NT+10.0;+Win64;+x64)+AppleWebKit/537.36+(KHTML,+like+Gecko)+Chrome/59.0.3071.115+Safari/537.36 http://localhost:51722/User/ChangePassword 200 0 0 54
2017-07-20 17:00:50 ::1 GET /Scripts/SiteLayoutPageForMasters-js v=3-GxG_Xjij141D4jwzNa4pb8w7b8UpqawGtg8uOhHTs1 51722 qc1admin@gorillaexpense.com ::1 Mozilla/5.0+(Windows+NT+10.0;+Win64;+x64)+AppleWebKit/537.36+(KHTML,+like+Gecko)+Chrome/59.0.3071.115+Safari/537.36 http://localhost:51722/User/ChangePassword 200 0 0 65
2017-07-20 17:00:50 ::1 GET /Scripts/chosen/chosen.css - 51722 - ::1 Mozilla/5.0+(Windows+NT+10.0;+Win64;+x64)+AppleWebKit/537.36+(KHTML,+like+Gecko)+Chrome/59.0.3071.115+Safari/537.36 http://localhost:51722/User/ChangePassword 200 0 0 81
2017-07-20 17:00:50 ::1 GET /Scripts/tranx-gorilla-js v=HEb0gldBuIh13UEztM3sMgRRLx67H1ZOvkNsIMGR_Ng1 51722 qc1admin@gorillaexpense.com ::1 Mozilla/5.0+(Windows+NT+10.0;+Win64;+x64)+AppleWebKit/537.36+(KHTML,+like+Gecko)+Chrome/59.0.3071.115+Safari/537.36 http://localhost:51722/User/ChangePassword 200 0 0 14
2017-07-20 17:00:50 ::1 GET /images/logo_1.png - 51722 - ::1 Mozilla/5.0+(Windows+NT+10.0;+Win64;+x64)+AppleWebKit/537.36+(KHTML,+like+Gecko)+Chrome/59.0.3071.115+Safari/537.36 http://localhost:51722/User/ChangePassword 200 0 0 19
2017-07-20 17:00:50 ::1 GET /images/ui-bg_flat_75_ffffff_40x100.png - 51722 - ::1 Mozilla/5.0+(Windows+NT+10.0;+Win64;+x64)+AppleWebKit/537.36+(KHTML,+like+Gecko)+Chrome/59.0.3071.115+Safari/537.36 http://localhost:51722/css/SiteLayoutPageForMasters-css?v=k7uoWcy0aS_V0SwcNQTao7-vJ8CseX9TIwRndGM8u2s1 200 0 0 3
2017-07-20 17:00:50 ::1 GET /images/ui-icons_222222_256x240.png - 51722 - ::1 Mozilla/5.0+(Windows+NT+10.0;+Win64;+x64)+AppleWebKit/537.36+(KHTML,+like+Gecko)+Chrome/59.0.3071.115+Safari/537.36 http://localhost:51722/css/SiteLayoutPageForMasters-css?v=k7uoWcy0aS_V0SwcNQTao7-vJ8CseX9TIwRndGM8u2s1 200 0 0 13
2017-07-20 17:00:50 ::1 GET /images/bg-form-field.gif - 51722 - ::1 Mozilla/5.0+(Windows+NT+10.0;+Win64;+x64)+AppleWebKit/537.36+(KHTML,+like+Gecko)+Chrome/59.0.3071.115+Safari/537.36 http://localhost:51722/css/SiteLayoutPageForMasters-css?v=k7uoWcy0aS_V0SwcNQTao7-vJ8CseX9TIwRndGM8u2s1 200 0 0 14
2017-07-20 17:00:50 ::1 GET /images/icons/information.png - 51722 - ::1 Mozilla/5.0+(Windows+NT+10.0;+Win64;+x64)+AppleWebKit/537.36+(KHTML,+like+Gecko)+Chrome/59.0.3071.115+Safari/537.36 http://localhost:51722/css/SiteLayoutPageForMasters-css?v=k7uoWcy0aS_V0SwcNQTao7-vJ8CseX9TIwRndGM8u2s1 200 0 0 25
2017-07-20 17:00:50 ::1 GET /favicon.ico - 51722 - ::1 Mozilla/5.0+(Windows+NT+10.0;+Win64;+x64)+AppleWebKit/537.36+(KHTML,+like+Gecko)+Chrome/59.0.3071.115+Safari/537.36 http://localhost:51722/User/ChangePassword 200 0 0 24
2017-07-20 17:04:42 ::1 GET /User/ChangePassword - 51722 qc1admin@gorillaexpense.com ::1 Mozilla/5.0+(Windows+NT+10.0;+Win64;+x64)+AppleWebKit/537.36+(KHTML,+like+Gecko)+Chrome/59.0.3071.115+Safari/537.36 http://localhost:51722/Dashboard/ViewDashboard 200 0 0 10257
2017-07-20 17:04:42 ::1 GET /css/SiteLayoutPageForMasters-css v=k7uoWcy0aS_V0SwcNQTao7-vJ8CseX9TIwRndGM8u2s1 51722 qc1admin@gorillaexpense.com ::1 Mozilla/5.0+(Windows+NT+10.0;+Win64;+x64)+AppleWebKit/537.36+(KHTML,+like+Gecko)+Chrome/59.0.3071.115+Safari/537.36 http://localhost:51722/User/ChangePassword 200 0 0 26
2017-07-20 17:04:42 ::1 GET /Scripts/chosen/chosen.css - 51722 - ::1 Mozilla/5.0+(Windows+NT+10.0;+Win64;+x64)+AppleWebKit/537.36+(KHTML,+like+Gecko)+Chrome/59.0.3071.115+Safari/537.36 http://localhost:51722/User/ChangePassword 200 0 0 28
2017-07-20 17:04:42 ::1 GET /Scripts/chosen/chosen.jquery.js - 51722 - ::1 Mozilla/5.0+(Windows+NT+10.0;+Win64;+x64)+AppleWebKit/537.36+(KHTML,+like+Gecko)+Chrome/59.0.3071.115+Safari/537.36 http://localhost:51722/User/ChangePassword 200 0 0 31
2017-07-20 17:04:42 ::1 GET /Scripts/SiteLayoutPageForMasters-js v=3-GxG_Xjij141D4jwzNa4pb8w7b8UpqawGtg8uOhHTs1 51722 qc1admin@gorillaexpense.com ::1 Mozilla/5.0+(Windows+NT+10.0;+Win64;+x64)+AppleWebKit/537.36+(KHTML,+like+Gecko)+Chrome/59.0.3071.115+Safari/537.36 http://localhost:51722/User/ChangePassword 200 0 0 45
2017-07-20 17:04:42 ::1 GET /Scripts/tranx-gorilla-js v=HEb0gldBuIh13UEztM3sMgRRLx67H1ZOvkNsIMGR_Ng1 51722 qc1admin@gorillaexpense.com ::1 Mozilla/5.0+(Windows+NT+10.0;+Win64;+x64)+AppleWebKit/537.36+(KHTML,+like+Gecko)+Chrome/59.0.3071.115+Safari/537.36 http://localhost:51722/User/ChangePassword 200 0 0 20
2017-07-20 17:04:42 ::1 GET /images/logo_1.png - 51722 - ::1 Mozilla/5.0+(Windows+NT+10.0;+Win64;+x64)+AppleWebKit/537.36+(KHTML,+like+Gecko)+Chrome/59.0.3071.115+Safari/537.36 http://localhost:51722/User/ChangePassword 200 0 0 16
2017-07-20 17:04:42 ::1 GET /images/ui-bg_flat_75_ffffff_40x100.png - 51722 - ::1 Mozilla/5.0+(Windows+NT+10.0;+Win64;+x64)+AppleWebKit/537.36+(KHTML,+like+Gecko)+Chrome/59.0.3071.115+Safari/537.36 http://localhost:51722/css/SiteLayoutPageForMasters-css?v=k7uoWcy0aS_V0SwcNQTao7-vJ8CseX9TIwRndGM8u2s1 200 0 0 2
2017-07-20 17:04:42 ::1 GET /images/ui-icons_222222_256x240.png - 51722 - ::1 Mozilla/5.0+(Windows+NT+10.0;+Win64;+x64)+AppleWebKit/537.36+(KHTML,+like+Gecko)+Chrome/59.0.3071.115+Safari/537.36 http://localhost:51722/css/SiteLayoutPageForMasters-css?v=k7uoWcy0aS_V0SwcNQTao7-vJ8CseX9TIwRndGM8u2s1 200 0 0 27
2017-07-20 17:04:42 ::1 GET /images/bg-form-field.gif - 51722 - ::1 Mozilla/5.0+(Windows+NT+10.0;+Win64;+x64)+AppleWebKit/537.36+(KHTML,+like+Gecko)+Chrome/59.0.3071.115+Safari/537.36 http://localhost:51722/css/SiteLayoutPageForMasters-css?v=k7uoWcy0aS_V0SwcNQTao7-vJ8CseX9TIwRndGM8u2s1 200 0 0 21
2017-07-20 17:04:42 ::1 GET /images/icons/information.png - 51722 - ::1 Mozilla/5.0+(Windows+NT+10.0;+Win64;+x64)+AppleWebKit/537.36+(KHTML,+like+Gecko)+Chrome/59.0.3071.115+Safari/537.36 http://localhost:51722/css/SiteLayoutPageForMasters-css?v=k7uoWcy0aS_V0SwcNQTao7-vJ8CseX9TIwRndGM8u2s1 200 0 0 33
2017-07-20 17:04:42 ::1 GET /favicon.ico - 51722 - ::1 Mozilla/5.0+(Windows+NT+10.0;+Win64;+x64)+AppleWebKit/537.36+(KHTML,+like+Gecko)+Chrome/59.0.3071.115+Safari/537.36 http://localhost:51722/User/ChangePassword 200 0 0 35
2017-07-20 17:11:37 ::1 GET /User/ChangePassword - 51722 qc1admin@gorillaexpense.com ::1 Mozilla/5.0+(Windows+NT+10.0;+Win64;+x64)+AppleWebKit/537.36+(KHTML,+like+Gecko)+Chrome/59.0.3071.115+Safari/537.36 http://localhost:51722/Dashboard/ViewDashboard 200 0 0 12275
2017-07-20 17:11:37 ::1 GET /css/SiteLayoutPageForMasters-css v=k7uoWcy0aS_V0SwcNQTao7-vJ8CseX9TIwRndGM8u2s1 51722 qc1admin@gorillaexpense.com ::1 Mozilla/5.0+(Windows+NT+10.0;+Win64;+x64)+AppleWebKit/537.36+(KHTML,+like+Gecko)+Chrome/59.0.3071.115+Safari/537.36 http://localhost:51722/User/ChangePassword 200 0 0 24
2017-07-20 17:11:37 ::1 GET /Scripts/SiteLayoutPageForMasters-js v=3-GxG_Xjij141D4jwzNa4pb8w7b8UpqawGtg8uOhHTs1 51722 qc1admin@gorillaexpense.com ::1 Mozilla/5.0+(Windows+NT+10.0;+Win64;+x64)+AppleWebKit/537.36+(KHTML,+like+Gecko)+Chrome/59.0.3071.115+Safari/537.36 http://localhost:51722/User/ChangePassword 200 0 0 43
2017-07-20 17:11:37 ::1 GET /Scripts/chosen/chosen.css - 51722 - ::1 Mozilla/5.0+(Windows+NT+10.0;+Win64;+x64)+AppleWebKit/537.36+(KHTML,+like+Gecko)+Chrome/59.0.3071.115+Safari/537.36 http://localhost:51722/User/ChangePassword 200 0 0 53
2017-07-20 17:11:37 ::1 GET /Scripts/chosen/chosen.jquery.js - 51722 - ::1 Mozilla/5.0+(Windows+NT+10.0;+Win64;+x64)+AppleWebKit/537.36+(KHTML,+like+Gecko)+Chrome/59.0.3071.115+Safari/537.36 http://localhost:51722/User/ChangePassword 200 0 0 57
2017-07-20 17:11:37 ::1 GET /Scripts/tranx-gorilla-js v=HEb0gldBuIh13UEztM3sMgRRLx67H1ZOvkNsIMGR_Ng1 51722 qc1admin@gorillaexpense.com ::1 Mozilla/5.0+(Windows+NT+10.0;+Win64;+x64)+AppleWebKit/537.36+(KHTML,+like+Gecko)+Chrome/59.0.3071.115+Safari/537.36 http://localhost:51722/User/ChangePassword 200 0 0 23
2017-07-20 17:11:37 ::1 GET /images/logo_1.png - 51722 - ::1 Mozilla/5.0+(Windows+NT+10.0;+Win64;+x64)+AppleWebKit/537.36+(KHTML,+like+Gecko)+Chrome/59.0.3071.115+Safari/537.36 http://localhost:51722/User/ChangePassword 200 0 0 34
2017-07-20 17:11:37 ::1 GET /images/ui-bg_flat_75_ffffff_40x100.png - 51722 - ::1 Mozilla/5.0+(Windows+NT+10.0;+Win64;+x64)+AppleWebKit/537.36+(KHTML,+like+Gecko)+Chrome/59.0.3071.115+Safari/537.36 http://localhost:51722/css/SiteLayoutPageForMasters-css?v=k7uoWcy0aS_V0SwcNQTao7-vJ8CseX9TIwRndGM8u2s1 200 0 0 0
2017-07-20 17:11:37 ::1 GET /images/ui-icons_222222_256x240.png - 51722 - ::1 Mozilla/5.0+(Windows+NT+10.0;+Win64;+x64)+AppleWebKit/537.36+(KHTML,+like+Gecko)+Chrome/59.0.3071.115+Safari/537.36 http://localhost:51722/css/SiteLayoutPageForMasters-css?v=k7uoWcy0aS_V0SwcNQTao7-vJ8CseX9TIwRndGM8u2s1 200 0 0 15
2017-07-20 17:11:37 ::1 GET /images/bg-form-field.gif - 51722 - ::1 Mozilla/5.0+(Windows+NT+10.0;+Win64;+x64)+AppleWebKit/537.36+(KHTML,+like+Gecko)+Chrome/59.0.3071.115+Safari/537.36 http://localhost:51722/css/SiteLayoutPageForMasters-css?v=k7uoWcy0aS_V0SwcNQTao7-vJ8CseX9TIwRndGM8u2s1 200 0 0 3
2017-07-20 17:11:37 ::1 GET /images/icons/information.png - 51722 - ::1 Mozilla/5.0+(Windows+NT+10.0;+Win64;+x64)+AppleWebKit/537.36+(KHTML,+like+Gecko)+Chrome/59.0.3071.115+Safari/537.36 http://localhost:51722/css/SiteLayoutPageForMasters-css?v=k7uoWcy0aS_V0SwcNQTao7-vJ8CseX9TIwRndGM8u2s1 200 0 0 15
2017-07-20 17:11:37 ::1 GET /favicon.ico - 51722 - ::1 Mozilla/5.0+(Windows+NT+10.0;+Win64;+x64)+AppleWebKit/537.36+(KHTML,+like+Gecko)+Chrome/59.0.3071.115+Safari/537.36 http://localhost:51722/User/ChangePassword 200 0 0 16
