#Software: Microsoft Internet Information Services 8.0
#Version: 1.0
#Date: 2017-09-21 10:46:04
#Fields: date time s-ip cs-method cs-uri-stem cs-uri-query s-port cs-username c-ip cs(User-Agent) cs(Referer) sc-status sc-substatus sc-win32-status time-taken
2017-09-21 10:46:04 ::1 GET / - 51722 - ::1 Mozilla/5.0+(Windows+NT+10.0;+Win64;+x64)+AppleWebKit/537.36+(KHTML,+like+Gecko)+Chrome/60.0.3112.113+Safari/537.36 - 302 0 0 48041
2017-09-21 10:46:17 ::1 GET /User/LogOn - 51722 - ::1 Mozilla/5.0+(Windows+NT+10.0;+Win64;+x64)+AppleWebKit/537.36+(KHTML,+like+Gecko)+Chrome/60.0.3112.113+Safari/537.36 - 200 0 0 12794
2017-09-21 10:47:21 ::1 POST /User/LogOn - 51722 - ::1 Mozilla/5.0+(Windows+NT+10.0;+Win64;+x64)+AppleWebKit/537.36+(KHTML,+like+Gecko)+Chrome/60.0.3112.113+Safari/537.36 http://localhost:51722/User/LogOn 302 0 0 30295
2017-09-21 10:47:21 ::1 GET / - 51722 qc1admin@gorillaexpense.com ::1 Mozilla/5.0+(Windows+NT+10.0;+Win64;+x64)+AppleWebKit/537.36+(KHTML,+like+Gecko)+Chrome/60.0.3112.113+Safari/537.36 http://localhost:51722/User/LogOn 302 0 0 26
2017-09-21 10:47:39 ::1 GET /Dashboard/ViewDashboard - 51722 qc1admin@gorillaexpense.com ::1 Mozilla/5.0+(Windows+NT+10.0;+Win64;+x64)+AppleWebKit/537.36+(KHTML,+like+Gecko)+Chrome/60.0.3112.113+Safari/537.36 http://localhost:51722/User/LogOn 200 0 0 17526
2017-09-21 10:47:39 ::1 GET /Scripts/SiteLayoutPageForMasters-js v=RgiIhB43n0TiRSluS1uX4vWJHW0pNiWzk7NFFibI_cw1 51722 qc1admin@gorillaexpense.com ::1 Mozilla/5.0+(Windows+NT+10.0;+Win64;+x64)+AppleWebKit/537.36+(KHTML,+like+Gecko)+Chrome/60.0.3112.113+Safari/537.36 http://localhost:51722/Dashboard/ViewDashboard 200 0 0 55
2017-09-21 10:47:42 ::1 GET /Dashboard/getAjaxTab/1 sDate=null&eDate=null 51722 qc1admin@gorillaexpense.com ::1 Mozilla/5.0+(Windows+NT+10.0;+Win64;+x64)+AppleWebKit/537.36+(KHTML,+like+Gecko)+Chrome/60.0.3112.113+Safari/537.36 http://localhost:51722/Dashboard/ViewDashboard 200 0 0 2587
2017-09-21 10:47:42 ::1 GET /Scripts/v2/easy.pie.chart/jquery.easing.1.3.js _=1505990862511 51722 - ::1 Mozilla/5.0+(Windows+NT+10.0;+Win64;+x64)+AppleWebKit/537.36+(KHTML,+like+Gecko)+Chrome/60.0.3112.113+Safari/537.36 http://localhost:51722/Dashboard/ViewDashboard 200 0 0 23
2017-09-21 10:47:42 ::1 GET /Scripts/v2/easy.pie.chart/jquery.easypiechart.min.js _=1505990862565 51722 - ::1 Mozilla/5.0+(Windows+NT+10.0;+Win64;+x64)+AppleWebKit/537.36+(KHTML,+like+Gecko)+Chrome/60.0.3112.113+Safari/537.36 http://localhost:51722/Dashboard/ViewDashboard 200 0 0 13
2017-09-21 10:47:42 ::1 GET /Scripts/v2/morris.charts/morris.min.js _=1505990862598 51722 - ::1 Mozilla/5.0+(Windows+NT+10.0;+Win64;+x64)+AppleWebKit/537.36+(KHTML,+like+Gecko)+Chrome/60.0.3112.113+Safari/537.36 http://localhost:51722/Dashboard/ViewDashboard 200 0 0 18
2017-09-21 10:47:42 ::1 GET /Scripts/v2/morris.charts/raphael.min.js _=1505990862637 51722 - ::1 Mozilla/5.0+(Windows+NT+10.0;+Win64;+x64)+AppleWebKit/537.36+(KHTML,+like+Gecko)+Chrome/60.0.3112.113+Safari/537.36 http://localhost:51722/Dashboard/ViewDashboard 200 0 0 21
2017-09-21 10:48:00 ::1 GET /Dashboard/GetExpenseSubmissions/ sDate=null&eDate=null 51722 qc1admin@gorillaexpense.com ::1 Mozilla/5.0+(Windows+NT+10.0;+Win64;+x64)+AppleWebKit/537.36+(KHTML,+like+Gecko)+Chrome/60.0.3112.113+Safari/537.36 http://localhost:51722/Dashboard/ViewDashboard 200 0 0 18058
2017-09-21 10:48:22 ::1 GET /Dashboard/GetExpenseApprovals/ sDate=null&eDate=null 51722 qc1admin@gorillaexpense.com ::1 Mozilla/5.0+(Windows+NT+10.0;+Win64;+x64)+AppleWebKit/537.36+(KHTML,+like+Gecko)+Chrome/60.0.3112.113+Safari/537.36 http://localhost:51722/Dashboard/ViewDashboard 200 0 0 39590
2017-09-21 10:48:34 ::1 GET /Dashboard/GetExpenseTypesAmount/ sDate=null&eDate=null 51722 qc1admin@gorillaexpense.com ::1 Mozilla/5.0+(Windows+NT+10.0;+Win64;+x64)+AppleWebKit/537.36+(KHTML,+like+Gecko)+Chrome/60.0.3112.113+Safari/537.36 http://localhost:51722/Dashboard/ViewDashboard 200 0 0 51805
2017-09-21 10:48:46 ::1 GET /Dashboard/GetExpensePostings/ sDate=null&eDate=null 51722 qc1admin@gorillaexpense.com ::1 Mozilla/5.0+(Windows+NT+10.0;+Win64;+x64)+AppleWebKit/537.36+(KHTML,+like+Gecko)+Chrome/60.0.3112.113+Safari/537.36 http://localhost:51722/Dashboard/ViewDashboard 200 0 0 63522
2017-09-21 10:49:08 ::1 GET /Dashboard/GetPayMethodsAmount/ sDate=null&eDate=null 51722 qc1admin@gorillaexpense.com ::1 Mozilla/5.0+(Windows+NT+10.0;+Win64;+x64)+AppleWebKit/537.36+(KHTML,+like+Gecko)+Chrome/60.0.3112.113+Safari/537.36 http://localhost:51722/Dashboard/ViewDashboard 200 0 0 85607
2017-09-21 10:50:17 ::1 GET /Project - 51722 qc1admin@gorillaexpense.com ::1 Mozilla/5.0+(Windows+NT+10.0;+Win64;+x64)+AppleWebKit/537.36+(KHTML,+like+Gecko)+Chrome/60.0.3112.113+Safari/537.36 http://localhost:51722/Dashboard/ViewDashboard 200 0 0 13606
2017-09-21 10:50:37 ::1 GET /Project/Create - 51722 qc1admin@gorillaexpense.com ::1 Mozilla/5.0+(Windows+NT+10.0;+Win64;+x64)+AppleWebKit/537.36+(KHTML,+like+Gecko)+Chrome/60.0.3112.113+Safari/537.36 http://localhost:51722/Project 200 0 0 9735
2017-09-21 10:50:37 ::1 GET /Scripts/v2/chosen/chosen.css - 51722 - ::1 Mozilla/5.0+(Windows+NT+10.0;+Win64;+x64)+AppleWebKit/537.36+(KHTML,+like+Gecko)+Chrome/60.0.3112.113+Safari/537.36 http://localhost:51722/Project/Create 404 0 2 8
2017-09-21 10:50:37 ::1 GET /Scripts/v2/chosen/chosen.jquery.min.js - 51722 - ::1 Mozilla/5.0+(Windows+NT+10.0;+Win64;+x64)+AppleWebKit/537.36+(KHTML,+like+Gecko)+Chrome/60.0.3112.113+Safari/537.36 http://localhost:51722/Project/Create 404 0 2 5
2017-09-21 10:50:37 ::1 GET /Scripts/v2/chosen/chosen.css - 51722 - ::1 Mozilla/5.0+(Windows+NT+10.0;+Win64;+x64)+AppleWebKit/537.36+(KHTML,+like+Gecko)+Chrome/60.0.3112.113+Safari/537.36 http://localhost:51722/Project/Create 404 0 2 10
2017-09-21 10:50:37 ::1 GET /Scripts/v2/chosen/chosen.jquery.min.js - 51722 - ::1 Mozilla/5.0+(Windows+NT+10.0;+Win64;+x64)+AppleWebKit/537.36+(KHTML,+like+Gecko)+Chrome/60.0.3112.113+Safari/537.36 http://localhost:51722/Project/Create 404 0 2 10
#Software: Microsoft Internet Information Services 8.0
#Version: 1.0
#Date: 2017-09-21 11:04:59
#Fields: date time s-ip cs-method cs-uri-stem cs-uri-query s-port cs-username c-ip cs(User-Agent) cs(Referer) sc-status sc-substatus sc-win32-status time-taken
2017-09-21 11:04:59 ::1 GET / - 51722 qc1admin@gorillaexpense.com ::1 Mozilla/5.0+(Windows+NT+10.0;+Win64;+x64)+AppleWebKit/537.36+(KHTML,+like+Gecko)+Chrome/60.0.3112.113+Safari/537.36 - 302 0 0 30303
2017-09-21 11:05:12 ::1 GET /User/LogOn - 51722 qc1admin@gorillaexpense.com ::1 Mozilla/5.0+(Windows+NT+10.0;+Win64;+x64)+AppleWebKit/537.36+(KHTML,+like+Gecko)+Chrome/60.0.3112.113+Safari/537.36 - 200 0 0 13121
2017-09-21 11:06:09 ::1 POST /User/LogOn - 51722 qc1admin@gorillaexpense.com ::1 Mozilla/5.0+(Windows+NT+10.0;+Win64;+x64)+AppleWebKit/537.36+(KHTML,+like+Gecko)+Chrome/60.0.3112.113+Safari/537.36 http://localhost:51722/User/LogOn 302 0 0 42731
2017-09-21 11:06:09 ::1 GET / - 51722 qc1admin@gorillaexpense.com ::1 Mozilla/5.0+(Windows+NT+10.0;+Win64;+x64)+AppleWebKit/537.36+(KHTML,+like+Gecko)+Chrome/60.0.3112.113+Safari/537.36 http://localhost:51722/User/LogOn 302 0 0 22
2017-09-21 11:06:39 ::1 GET /Dashboard/ViewDashboard - 51722 qc1admin@gorillaexpense.com ::1 Mozilla/5.0+(Windows+NT+10.0;+Win64;+x64)+AppleWebKit/537.36+(KHTML,+like+Gecko)+Chrome/60.0.3112.113+Safari/537.36 http://localhost:51722/User/LogOn 200 0 0 29711
2017-09-21 11:06:43 ::1 GET /__browserLink/requestData/7b9b643f4d5c4af6815f07fecb33e437 version=2 51722 qc1admin@gorillaexpense.com ::1 Mozilla/5.0+(Windows+NT+10.0;+Win64;+x64)+AppleWebKit/537.36+(KHTML,+like+Gecko)+Chrome/60.0.3112.113+Safari/537.36 http://localhost:51722/Dashboard/ViewDashboard 200 0 0 458
2017-09-21 11:06:45 ::1 GET /Dashboard/getAjaxTab/1 sDate=null&eDate=null 51722 qc1admin@gorillaexpense.com ::1 Mozilla/5.0+(Windows+NT+10.0;+Win64;+x64)+AppleWebKit/537.36+(KHTML,+like+Gecko)+Chrome/60.0.3112.113+Safari/537.36 http://localhost:51722/Dashboard/ViewDashboard 200 0 0 3749
2017-09-21 11:06:45 ::1 GET /Scripts/v2/easy.pie.chart/jquery.easing.1.3.js _=1505992005950 51722 - ::1 Mozilla/5.0+(Windows+NT+10.0;+Win64;+x64)+AppleWebKit/537.36+(KHTML,+like+Gecko)+Chrome/60.0.3112.113+Safari/537.36 http://localhost:51722/Dashboard/ViewDashboard 200 0 0 70
2017-09-21 11:06:45 ::1 GET /Scripts/v2/easy.pie.chart/jquery.easypiechart.min.js _=1505992006036 51722 - ::1 Mozilla/5.0+(Windows+NT+10.0;+Win64;+x64)+AppleWebKit/537.36+(KHTML,+like+Gecko)+Chrome/60.0.3112.113+Safari/537.36 http://localhost:51722/Dashboard/ViewDashboard 200 0 0 21
2017-09-21 11:06:45 ::1 GET /Scripts/v2/morris.charts/morris.min.js _=1505992006075 51722 - ::1 Mozilla/5.0+(Windows+NT+10.0;+Win64;+x64)+AppleWebKit/537.36+(KHTML,+like+Gecko)+Chrome/60.0.3112.113+Safari/537.36 http://localhost:51722/Dashboard/ViewDashboard 200 0 0 30
2017-09-21 11:06:45 ::1 GET /Scripts/v2/morris.charts/raphael.min.js _=1505992006119 51722 - ::1 Mozilla/5.0+(Windows+NT+10.0;+Win64;+x64)+AppleWebKit/537.36+(KHTML,+like+Gecko)+Chrome/60.0.3112.113+Safari/537.36 http://localhost:51722/Dashboard/ViewDashboard 200 0 0 14
2017-09-21 11:07:05 ::1 GET /Dashboard/GetExpenseSubmissions/ sDate=null&eDate=null 51722 qc1admin@gorillaexpense.com ::1 Mozilla/5.0+(Windows+NT+10.0;+Win64;+x64)+AppleWebKit/537.36+(KHTML,+like+Gecko)+Chrome/60.0.3112.113+Safari/537.36 http://localhost:51722/Dashboard/ViewDashboard 200 0 0 19622
2017-09-21 11:07:23 ::1 GET /Dashboard/GetExpenseApprovals/ sDate=null&eDate=null 51722 qc1admin@gorillaexpense.com ::1 Mozilla/5.0+(Windows+NT+10.0;+Win64;+x64)+AppleWebKit/537.36+(KHTML,+like+Gecko)+Chrome/60.0.3112.113+Safari/537.36 http://localhost:51722/Dashboard/ViewDashboard 200 0 0 36702
2017-09-21 11:07:42 ::1 GET /Dashboard/GetPayMethodsAmount/ sDate=null&eDate=null 51722 qc1admin@gorillaexpense.com ::1 Mozilla/5.0+(Windows+NT+10.0;+Win64;+x64)+AppleWebKit/537.36+(KHTML,+like+Gecko)+Chrome/60.0.3112.113+Safari/537.36 http://localhost:51722/Dashboard/ViewDashboard 200 0 0 56481
2017-09-21 11:07:57 ::1 GET /Dashboard/GetExpensePostings/ sDate=null&eDate=null 51722 qc1admin@gorillaexpense.com ::1 Mozilla/5.0+(Windows+NT+10.0;+Win64;+x64)+AppleWebKit/537.36+(KHTML,+like+Gecko)+Chrome/60.0.3112.113+Safari/537.36 http://localhost:51722/Dashboard/ViewDashboard 200 0 0 70987
2017-09-21 11:08:12 ::1 GET /Dashboard/GetExpenseTypesAmount/ sDate=null&eDate=null 51722 qc1admin@gorillaexpense.com ::1 Mozilla/5.0+(Windows+NT+10.0;+Win64;+x64)+AppleWebKit/537.36+(KHTML,+like+Gecko)+Chrome/60.0.3112.113+Safari/537.36 http://localhost:51722/Dashboard/ViewDashboard 200 0 0 85994
2017-09-21 11:09:30 ::1 GET /Project - 51722 qc1admin@gorillaexpense.com ::1 Mozilla/5.0+(Windows+NT+10.0;+Win64;+x64)+AppleWebKit/537.36+(KHTML,+like+Gecko)+Chrome/60.0.3112.113+Safari/537.36 http://localhost:51722/Dashboard/ViewDashboard 200 0 0 12488
2017-09-21 11:10:00 ::1 GET /Project/Create - 51722 qc1admin@gorillaexpense.com ::1 Mozilla/5.0+(Windows+NT+10.0;+Win64;+x64)+AppleWebKit/537.36+(KHTML,+like+Gecko)+Chrome/60.0.3112.113+Safari/537.36 http://localhost:51722/Project 200 0 0 8654
2017-09-21 11:10:00 ::1 GET /Scripts/v2/chosen/chosen.jquery.min.js - 51722 - ::1 Mozilla/5.0+(Windows+NT+10.0;+Win64;+x64)+AppleWebKit/537.36+(KHTML,+like+Gecko)+Chrome/60.0.3112.113+Safari/537.36 http://localhost:51722/Project/Create 404 0 2 25
2017-09-21 11:10:00 ::1 GET /Scripts/v2/chosen/chosen.css - 51722 - ::1 Mozilla/5.0+(Windows+NT+10.0;+Win64;+x64)+AppleWebKit/537.36+(KHTML,+like+Gecko)+Chrome/60.0.3112.113+Safari/537.36 http://localhost:51722/Project/Create 404 0 2 26
2017-09-21 11:10:00 ::1 GET /Scripts/v2/chosen/chosen.jquery.min.js - 51722 - ::1 Mozilla/5.0+(Windows+NT+10.0;+Win64;+x64)+AppleWebKit/537.36+(KHTML,+like+Gecko)+Chrome/60.0.3112.113+Safari/537.36 http://localhost:51722/Project/Create 404 0 2 3
2017-09-21 11:10:00 ::1 GET /Scripts/v2/chosen/chosen.css - 51722 - ::1 Mozilla/5.0+(Windows+NT+10.0;+Win64;+x64)+AppleWebKit/537.36+(KHTML,+like+Gecko)+Chrome/60.0.3112.113+Safari/537.36 http://localhost:51722/Project/Create 404 0 2 3
2017-09-21 11:13:03 ::1 POST /Project/Create - 51722 qc1admin@gorillaexpense.com ::1 Mozilla/5.0+(Windows+NT+10.0;+Win64;+x64)+AppleWebKit/537.36+(KHTML,+like+Gecko)+Chrome/60.0.3112.113+Safari/537.36 http://localhost:51722/Project/Create 302 0 0 168794
2017-09-21 11:13:13 ::1 GET /Project - 51722 qc1admin@gorillaexpense.com ::1 Mozilla/5.0+(Windows+NT+10.0;+Win64;+x64)+AppleWebKit/537.36+(KHTML,+like+Gecko)+Chrome/60.0.3112.113+Safari/537.36 http://localhost:51722/Project/Create 200 0 0 10085
2017-09-21 11:13:26 ::1 POST /Project - 51722 qc1admin@gorillaexpense.com ::1 Mozilla/5.0+(Windows+NT+10.0;+Win64;+x64)+AppleWebKit/537.36+(KHTML,+like+Gecko)+Chrome/60.0.3112.113+Safari/537.36 http://localhost:51722/Project 200 0 0 7741
2017-09-21 11:13:35 ::1 GET /Project/Edit/213 title=Edit 51722 qc1admin@gorillaexpense.com ::1 Mozilla/5.0+(Windows+NT+10.0;+Win64;+x64)+AppleWebKit/537.36+(KHTML,+like+Gecko)+Chrome/60.0.3112.113+Safari/537.36 http://localhost:51722/Project 200 0 0 8107
2017-09-21 11:13:35 ::1 GET /Scripts/v2/chosen/chosen.css - 51722 - ::1 Mozilla/5.0+(Windows+NT+10.0;+Win64;+x64)+AppleWebKit/537.36+(KHTML,+like+Gecko)+Chrome/60.0.3112.113+Safari/537.36 http://localhost:51722/Project/Edit/213?title=Edit 404 0 2 9
2017-09-21 11:13:35 ::1 GET /Scripts/v2/chosen/chosen.jquery.min.js - 51722 - ::1 Mozilla/5.0+(Windows+NT+10.0;+Win64;+x64)+AppleWebKit/537.36+(KHTML,+like+Gecko)+Chrome/60.0.3112.113+Safari/537.36 http://localhost:51722/Project/Edit/213?title=Edit 404 0 2 3
2017-09-21 11:13:35 ::1 GET /Scripts/v2/chosen/chosen.jquery.min.js - 51722 - ::1 Mozilla/5.0+(Windows+NT+10.0;+Win64;+x64)+AppleWebKit/537.36+(KHTML,+like+Gecko)+Chrome/60.0.3112.113+Safari/537.36 http://localhost:51722/Project/Edit/213?title=Edit 404 0 2 1
2017-09-21 11:13:35 ::1 GET /Scripts/v2/chosen/chosen.css - 51722 - ::1 Mozilla/5.0+(Windows+NT+10.0;+Win64;+x64)+AppleWebKit/537.36+(KHTML,+like+Gecko)+Chrome/60.0.3112.113+Safari/537.36 http://localhost:51722/Project/Edit/213?title=Edit 404 0 2 4
2017-09-21 11:14:03 ::1 POST /Project/Edit/213 title=Edit 51722 qc1admin@gorillaexpense.com ::1 Mozilla/5.0+(Windows+NT+10.0;+Win64;+x64)+AppleWebKit/537.36+(KHTML,+like+Gecko)+Chrome/60.0.3112.113+Safari/537.36 http://localhost:51722/Project/Edit/213?title=Edit 302 0 0 7893
2017-09-21 11:14:12 ::1 GET /Project - 51722 qc1admin@gorillaexpense.com ::1 Mozilla/5.0+(Windows+NT+10.0;+Win64;+x64)+AppleWebKit/537.36+(KHTML,+like+Gecko)+Chrome/60.0.3112.113+Safari/537.36 http://localhost:51722/Project/Edit/213?title=Edit 200 0 0 8811
2017-09-21 11:14:21 ::1 GET /Project/Edit/213 title=Edit 51722 qc1admin@gorillaexpense.com ::1 Mozilla/5.0+(Windows+NT+10.0;+Win64;+x64)+AppleWebKit/537.36+(KHTML,+like+Gecko)+Chrome/60.0.3112.113+Safari/537.36 http://localhost:51722/Project 200 0 0 6704
2017-09-21 11:14:21 ::1 GET /Scripts/v2/chosen/chosen.css - 51722 - ::1 Mozilla/5.0+(Windows+NT+10.0;+Win64;+x64)+AppleWebKit/537.36+(KHTML,+like+Gecko)+Chrome/60.0.3112.113+Safari/537.36 http://localhost:51722/Project/Edit/213?title=Edit 404 0 2 5
2017-09-21 11:14:21 ::1 GET /Scripts/v2/chosen/chosen.jquery.min.js - 51722 - ::1 Mozilla/5.0+(Windows+NT+10.0;+Win64;+x64)+AppleWebKit/537.36+(KHTML,+like+Gecko)+Chrome/60.0.3112.113+Safari/537.36 http://localhost:51722/Project/Edit/213?title=Edit 404 0 2 6
2017-09-21 11:14:21 ::1 GET /Scripts/v2/chosen/chosen.jquery.min.js - 51722 - ::1 Mozilla/5.0+(Windows+NT+10.0;+Win64;+x64)+AppleWebKit/537.36+(KHTML,+like+Gecko)+Chrome/60.0.3112.113+Safari/537.36 http://localhost:51722/Project/Edit/213?title=Edit 404 0 2 5
2017-09-21 11:14:21 ::1 GET /Scripts/v2/chosen/chosen.css - 51722 - ::1 Mozilla/5.0+(Windows+NT+10.0;+Win64;+x64)+AppleWebKit/537.36+(KHTML,+like+Gecko)+Chrome/60.0.3112.113+Safari/537.36 http://localhost:51722/Project/Edit/213?title=Edit 404 0 2 5
#Software: Microsoft Internet Information Services 8.0
#Version: 1.0
#Date: 2017-09-21 16:54:12
#Fields: date time s-ip cs-method cs-uri-stem cs-uri-query s-port cs-username c-ip cs(User-Agent) cs(Referer) sc-status sc-substatus sc-win32-status time-taken
2017-09-21 16:54:12 ::1 GET / - 51722 - ::1 Mozilla/5.0+(Windows+NT+10.0;+Win64;+x64)+AppleWebKit/537.36+(KHTML,+like+Gecko)+Chrome/60.0.3112.113+Safari/537.36 - 302 0 0 23119
2017-09-21 16:54:24 ::1 GET /User/LogOn - 51722 - ::1 Mozilla/5.0+(Windows+NT+10.0;+Win64;+x64)+AppleWebKit/537.36+(KHTML,+like+Gecko)+Chrome/60.0.3112.113+Safari/537.36 - 200 0 0 12801
2017-09-21 16:54:39 ::1 GET /User/LogOn - 51722 - ::1 Mozilla/5.0+(Windows+NT+10.0;+Win64;+x64)+AppleWebKit/537.36+(KHTML,+like+Gecko)+Chrome/60.0.3112.113+Safari/537.36 - 200 0 0 2381
2017-09-21 16:54:39 ::1 GET /assets/global/plugins/select2/css/select2-bootstrap.min.css - 51722 - ::1 Mozilla/5.0+(Windows+NT+10.0;+Win64;+x64)+AppleWebKit/537.36+(KHTML,+like+Gecko)+Chrome/60.0.3112.113+Safari/537.36 http://localhost:51722/User/LogOn 200 0 0 82
2017-09-21 16:54:39 ::1 GET /assets/pages/css/font.css - 51722 - ::1 Mozilla/5.0+(Windows+NT+10.0;+Win64;+x64)+AppleWebKit/537.36+(KHTML,+like+Gecko)+Chrome/60.0.3112.113+Safari/537.36 http://localhost:51722/User/LogOn 200 0 0 97
2017-09-21 16:54:39 ::1 GET /assets/global/plugins/select2/css/select2.min.css - 51722 - ::1 Mozilla/5.0+(Windows+NT+10.0;+Win64;+x64)+AppleWebKit/537.36+(KHTML,+like+Gecko)+Chrome/60.0.3112.113+Safari/537.36 http://localhost:51722/User/LogOn 200 0 0 83
2017-09-21 16:54:39 ::1 GET /assets/global/plugins/simple-line-icons/simple-line-icons.min.css - 51722 - ::1 Mozilla/5.0+(Windows+NT+10.0;+Win64;+x64)+AppleWebKit/537.36+(KHTML,+like+Gecko)+Chrome/60.0.3112.113+Safari/537.36 http://localhost:51722/User/LogOn 200 0 0 101
2017-09-21 16:54:39 ::1 GET /assets/global/plugins/bootstrap-switch/css/bootstrap-switch.min.css - 51722 - ::1 Mozilla/5.0+(Windows+NT+10.0;+Win64;+x64)+AppleWebKit/537.36+(KHTML,+like+Gecko)+Chrome/60.0.3112.113+Safari/537.36 http://localhost:51722/User/LogOn 200 0 0 111
2017-09-21 16:54:39 ::1 GET /assets/global/css/plugins.min.css - 51722 - ::1 Mozilla/5.0+(Windows+NT+10.0;+Win64;+x64)+AppleWebKit/537.36+(KHTML,+like+Gecko)+Chrome/60.0.3112.113+Safari/537.36 http://localhost:51722/User/LogOn 200 0 0 122
2017-09-21 16:54:39 ::1 GET /assets/pages/css/login-5.min.css - 51722 - ::1 Mozilla/5.0+(Windows+NT+10.0;+Win64;+x64)+AppleWebKit/537.36+(KHTML,+like+Gecko)+Chrome/60.0.3112.113+Safari/537.36 http://localhost:51722/User/LogOn 200 0 0 148
2017-09-21 16:54:39 ::1 GET /assets/global/plugins/bootstrap/css/bootstrap.min.css - 51722 - ::1 Mozilla/5.0+(Windows+NT+10.0;+Win64;+x64)+AppleWebKit/537.36+(KHTML,+like+Gecko)+Chrome/60.0.3112.113+Safari/537.36 http://localhost:51722/User/LogOn 200 0 0 332
2017-09-21 16:54:39 ::1 GET /assets/global/plugins/jquery.min.js - 51722 - ::1 Mozilla/5.0+(Windows+NT+10.0;+Win64;+x64)+AppleWebKit/537.36+(KHTML,+like+Gecko)+Chrome/60.0.3112.113+Safari/537.36 http://localhost:51722/User/LogOn 200 0 0 24
2017-09-21 16:54:39 ::1 GET /assets/global/plugins/bootstrap/js/bootstrap.min.js - 51722 - ::1 Mozilla/5.0+(Windows+NT+10.0;+Win64;+x64)+AppleWebKit/537.36+(KHTML,+like+Gecko)+Chrome/60.0.3112.113+Safari/537.36 http://localhost:51722/User/LogOn 200 0 0 19
2017-09-21 16:54:39 ::1 GET /assets/global/plugins/js.cookie.min.js - 51722 - ::1 Mozilla/5.0+(Windows+NT+10.0;+Win64;+x64)+AppleWebKit/537.36+(KHTML,+like+Gecko)+Chrome/60.0.3112.113+Safari/537.36 http://localhost:51722/User/LogOn 200 0 0 31
2017-09-21 16:54:39 ::1 GET /assets/global/plugins/jquery-slimscroll/jquery.slimscroll.min.js - 51722 - ::1 Mozilla/5.0+(Windows+NT+10.0;+Win64;+x64)+AppleWebKit/537.36+(KHTML,+like+Gecko)+Chrome/60.0.3112.113+Safari/537.36 http://localhost:51722/User/LogOn 200 0 0 32
2017-09-21 16:54:39 ::1 GET /assets/global/plugins/jquery.blockui.min.js - 51722 - ::1 Mozilla/5.0+(Windows+NT+10.0;+Win64;+x64)+AppleWebKit/537.36+(KHTML,+like+Gecko)+Chrome/60.0.3112.113+Safari/537.36 http://localhost:51722/User/LogOn 200 0 0 30
2017-09-21 16:54:39 ::1 GET /assets/global/plugins/bootstrap-switch/js/bootstrap-switch.min.js - 51722 - ::1 Mozilla/5.0+(Windows+NT+10.0;+Win64;+x64)+AppleWebKit/537.36+(KHTML,+like+Gecko)+Chrome/60.0.3112.113+Safari/537.36 http://localhost:51722/User/LogOn 200 0 0 22
2017-09-21 16:54:39 ::1 GET /assets/global/plugins/jquery-validation/js/jquery.validate.min.js - 51722 - ::1 Mozilla/5.0+(Windows+NT+10.0;+Win64;+x64)+AppleWebKit/537.36+(KHTML,+like+Gecko)+Chrome/60.0.3112.113+Safari/537.36 http://localhost:51722/User/LogOn 200 0 0 22
2017-09-21 16:54:39 ::1 GET /assets/global/plugins/jquery-validation/js/additional-methods.min.js - 51722 - ::1 Mozilla/5.0+(Windows+NT+10.0;+Win64;+x64)+AppleWebKit/537.36+(KHTML,+like+Gecko)+Chrome/60.0.3112.113+Safari/537.36 http://localhost:51722/User/LogOn 200 0 0 29
2017-09-21 16:54:39 ::1 GET /assets/global/plugins/select2/js/select2.full.min.js - 51722 - ::1 Mozilla/5.0+(Windows+NT+10.0;+Win64;+x64)+AppleWebKit/537.36+(KHTML,+like+Gecko)+Chrome/60.0.3112.113+Safari/537.36 http://localhost:51722/User/LogOn 200 0 0 20
2017-09-21 16:54:39 ::1 GET /assets/global/plugins/backstretch/jquery.backstretch.min.js - 51722 - ::1 Mozilla/5.0+(Windows+NT+10.0;+Win64;+x64)+AppleWebKit/537.36+(KHTML,+like+Gecko)+Chrome/60.0.3112.113+Safari/537.36 http://localhost:51722/User/LogOn 200 0 0 20
2017-09-21 16:54:39 ::1 GET /assets/global/scripts/app.min.js - 51722 - ::1 Mozilla/5.0+(Windows+NT+10.0;+Win64;+x64)+AppleWebKit/537.36+(KHTML,+like+Gecko)+Chrome/60.0.3112.113+Safari/537.36 http://localhost:51722/User/LogOn 200 0 0 32
2017-09-21 16:54:39 ::1 GET /assets/pages/scripts/login-5.min.js - 51722 - ::1 Mozilla/5.0+(Windows+NT+10.0;+Win64;+x64)+AppleWebKit/537.36+(KHTML,+like+Gecko)+Chrome/60.0.3112.113+Safari/537.36 http://localhost:51722/User/LogOn 200 0 0 35
2017-09-21 16:54:39 ::1 GET /images/logo_1.png - 51722 - ::1 Mozilla/5.0+(Windows+NT+10.0;+Win64;+x64)+AppleWebKit/537.36+(KHTML,+like+Gecko)+Chrome/60.0.3112.113+Safari/537.36 http://localhost:51722/User/LogOn 200 0 0 22
2017-09-21 16:54:39 ::1 GET /Images/sign-in-light.png - 51722 - ::1 Mozilla/5.0+(Windows+NT+10.0;+Win64;+x64)+AppleWebKit/537.36+(KHTML,+like+Gecko)+Chrome/60.0.3112.113+Safari/537.36 http://localhost:51722/User/LogOn 200 0 0 18
2017-09-21 16:54:39 ::1 GET /assets/global/css/components.min.css - 51722 - ::1 Mozilla/5.0+(Windows+NT+10.0;+Win64;+x64)+AppleWebKit/537.36+(KHTML,+like+Gecko)+Chrome/60.0.3112.113+Safari/537.36 http://localhost:51722/User/LogOn 200 0 0 682
2017-09-21 16:54:39 ::1 GET /assets/pages/img/login/bg1.jpg - 51722 - ::1 Mozilla/5.0+(Windows+NT+10.0;+Win64;+x64)+AppleWebKit/537.36+(KHTML,+like+Gecko)+Chrome/60.0.3112.113+Safari/537.36 http://localhost:51722/User/LogOn 200 0 0 89
2017-09-21 16:54:40 ::1 GET /assets/pages/img/login/bg2.jpg - 51722 - ::1 Mozilla/5.0+(Windows+NT+10.0;+Win64;+x64)+AppleWebKit/537.36+(KHTML,+like+Gecko)+Chrome/60.0.3112.113+Safari/537.36 http://localhost:51722/User/LogOn 200 0 0 148
2017-09-21 16:58:01 ::1 POST /User/LogOn - 51722 - ::1 Mozilla/5.0+(Windows+NT+10.0;+Win64;+x64)+AppleWebKit/537.36+(KHTML,+like+Gecko)+Chrome/60.0.3112.113+Safari/537.36 http://localhost:51722/User/LogOn 302 0 0 155641
2017-09-21 16:58:01 ::1 GET / - 51722 qc1admin@gorillaexpense.com ::1 Mozilla/5.0+(Windows+NT+10.0;+Win64;+x64)+AppleWebKit/537.36+(KHTML,+like+Gecko)+Chrome/60.0.3112.113+Safari/537.36 http://localhost:51722/User/LogOn 302 0 0 54
2017-09-21 16:58:21 ::1 GET /Dashboard/ViewDashboard - 51722 qc1admin@gorillaexpense.com ::1 Mozilla/5.0+(Windows+NT+10.0;+Win64;+x64)+AppleWebKit/537.36+(KHTML,+like+Gecko)+Chrome/60.0.3112.113+Safari/537.36 http://localhost:51722/User/LogOn 200 0 0 19552
2017-09-21 16:58:21 ::1 GET /css/SiteLayoutPageForMasters-css v=k7uoWcy0aS_V0SwcNQTao7-vJ8CseX9TIwRndGM8u2s1 51722 qc1admin@gorillaexpense.com ::1 Mozilla/5.0+(Windows+NT+10.0;+Win64;+x64)+AppleWebKit/537.36+(KHTML,+like+Gecko)+Chrome/60.0.3112.113+Safari/537.36 http://localhost:51722/Dashboard/ViewDashboard 200 0 0 37
2017-09-21 16:58:21 ::1 GET /Scripts/SiteLayoutPageForMasters-js v=W0kkABa_IAfkOjnmhy9NTFb5vV_8wfBZDXkhUuSQjPo1 51722 qc1admin@gorillaexpense.com ::1 Mozilla/5.0+(Windows+NT+10.0;+Win64;+x64)+AppleWebKit/537.36+(KHTML,+like+Gecko)+Chrome/60.0.3112.113+Safari/537.36 http://localhost:51722/Dashboard/ViewDashboard 200 0 0 52
2017-09-21 16:58:21 ::1 GET /images/icons/home_48.png - 51722 - ::1 Mozilla/5.0+(Windows+NT+10.0;+Win64;+x64)+AppleWebKit/537.36+(KHTML,+like+Gecko)+Chrome/60.0.3112.113+Safari/537.36 http://localhost:51722/Dashboard/ViewDashboard 200 0 0 19
2017-09-21 16:58:21 ::1 GET /images/icons/users_two_48.png - 51722 - ::1 Mozilla/5.0+(Windows+NT+10.0;+Win64;+x64)+AppleWebKit/537.36+(KHTML,+like+Gecko)+Chrome/60.0.3112.113+Safari/537.36 http://localhost:51722/Dashboard/ViewDashboard 200 0 0 12
2017-09-21 16:58:21 ::1 GET /images/icons/pie_chart_48.png - 51722 - ::1 Mozilla/5.0+(Windows+NT+10.0;+Win64;+x64)+AppleWebKit/537.36+(KHTML,+like+Gecko)+Chrome/60.0.3112.113+Safari/537.36 http://localhost:51722/Dashboard/ViewDashboard 200 0 0 32
2017-09-21 16:58:21 ::1 GET /images/shortcut-button-bg.gif - 51722 - ::1 Mozilla/5.0+(Windows+NT+10.0;+Win64;+x64)+AppleWebKit/537.36+(KHTML,+like+Gecko)+Chrome/60.0.3112.113+Safari/537.36 http://localhost:51722/css/SiteLayoutPageForMasters-css?v=k7uoWcy0aS_V0SwcNQTao7-vJ8CseX9TIwRndGM8u2s1 200 0 0 43
2017-09-21 16:58:24 ::1 GET /Dashboard/getAjaxTab/1 sDate=null&eDate=null 51722 qc1admin@gorillaexpense.com ::1 Mozilla/5.0+(Windows+NT+10.0;+Win64;+x64)+AppleWebKit/537.36+(KHTML,+like+Gecko)+Chrome/60.0.3112.113+Safari/537.36 http://localhost:51722/Dashboard/ViewDashboard 200 0 0 2486
2017-09-21 16:58:24 ::1 GET /Scripts/v2/morris.charts/morris.css - 51722 - ::1 Mozilla/5.0+(Windows+NT+10.0;+Win64;+x64)+AppleWebKit/537.36+(KHTML,+like+Gecko)+Chrome/60.0.3112.113+Safari/537.36 http://localhost:51722/Dashboard/ViewDashboard 200 0 0 4
2017-09-21 16:58:24 ::1 GET /Scripts/v2/easy.pie.chart/jquery.easing.1.3.js _=1506013104065 51722 - ::1 Mozilla/5.0+(Windows+NT+10.0;+Win64;+x64)+AppleWebKit/537.36+(KHTML,+like+Gecko)+Chrome/60.0.3112.113+Safari/537.36 http://localhost:51722/Dashboard/ViewDashboard 200 0 0 26
2017-09-21 16:58:24 ::1 GET /Scripts/v2/easy.pie.chart/style.css - 51722 - ::1 Mozilla/5.0+(Windows+NT+10.0;+Win64;+x64)+AppleWebKit/537.36+(KHTML,+like+Gecko)+Chrome/60.0.3112.113+Safari/537.36 http://localhost:51722/Dashboard/ViewDashboard 200 0 0 37
2017-09-21 16:58:24 ::1 GET /Scripts/v2/easy.pie.chart/jquery.easypiechart.min.js _=1506013104099 51722 - ::1 Mozilla/5.0+(Windows+NT+10.0;+Win64;+x64)+AppleWebKit/537.36+(KHTML,+like+Gecko)+Chrome/60.0.3112.113+Safari/537.36 http://localhost:51722/Dashboard/ViewDashboard 200 0 0 17
2017-09-21 16:58:24 ::1 GET /Scripts/v2/morris.charts/morris.min.js _=1506013104119 51722 - ::1 Mozilla/5.0+(Windows+NT+10.0;+Win64;+x64)+AppleWebKit/537.36+(KHTML,+like+Gecko)+Chrome/60.0.3112.113+Safari/537.36 http://localhost:51722/Dashboard/ViewDashboard 200 0 0 15
2017-09-21 16:58:24 ::1 GET /Scripts/v2/morris.charts/raphael.min.js _=1506013104142 51722 - ::1 Mozilla/5.0+(Windows+NT+10.0;+Win64;+x64)+AppleWebKit/537.36+(KHTML,+like+Gecko)+Chrome/60.0.3112.113+Safari/537.36 http://localhost:51722/Dashboard/ViewDashboard 200 0 0 11
2017-09-21 16:58:24 ::1 GET /css/chosen-sprite.png - 51722 - ::1 Mozilla/5.0+(Windows+NT+10.0;+Win64;+x64)+AppleWebKit/537.36+(KHTML,+like+Gecko)+Chrome/60.0.3112.113+Safari/537.36 http://localhost:51722/css/SiteLayoutPageForMasters-css?v=k7uoWcy0aS_V0SwcNQTao7-vJ8CseX9TIwRndGM8u2s1 200 0 0 60
2017-09-21 16:58:24 ::1 GET /Images/loading.gif - 51722 - ::1 Mozilla/5.0+(Windows+NT+10.0;+Win64;+x64)+AppleWebKit/537.36+(KHTML,+like+Gecko)+Chrome/60.0.3112.113+Safari/537.36 http://localhost:51722/Dashboard/ViewDashboard 200 0 0 19
2017-09-21 16:58:36 ::1 GET /Dashboard/GetPayMethodsAmount/ sDate=null&eDate=null 51722 qc1admin@gorillaexpense.com ::1 Mozilla/5.0+(Windows+NT+10.0;+Win64;+x64)+AppleWebKit/537.36+(KHTML,+like+Gecko)+Chrome/60.0.3112.113+Safari/537.36 http://localhost:51722/Dashboard/ViewDashboard 200 0 0 11908
2017-09-21 16:58:36 ::1 GET /User/LogOut - 51722 qc1admin@gorillaexpense.com ::1 Mozilla/5.0+(Windows+NT+10.0;+Win64;+x64)+AppleWebKit/537.36+(KHTML,+like+Gecko)+Chrome/60.0.3112.113+Safari/537.36 http://localhost:51722/Dashboard/ViewDashboard 302 0 0 1573
2017-09-21 16:58:36 ::1 GET /User/LogOut - 51722 qc1admin@gorillaexpense.com ::1 Mozilla/5.0+(Windows+NT+10.0;+Win64;+x64)+AppleWebKit/537.36+(KHTML,+like+Gecko)+Chrome/60.0.3112.113+Safari/537.36 http://localhost:51722/Dashboard/ViewDashboard 302 0 64 5632
2017-09-21 16:58:36 ::1 GET /User/LogOut - 51722 qc1admin@gorillaexpense.com ::1 Mozilla/5.0+(Windows+NT+10.0;+Win64;+x64)+AppleWebKit/537.36+(KHTML,+like+Gecko)+Chrome/60.0.3112.113+Safari/537.36 http://localhost:51722/Dashboard/ViewDashboard 302 0 64 7677
2017-09-21 16:58:36 ::1 GET /User/LogOut - 51722 - ::1 Mozilla/5.0+(Windows+NT+10.0;+Win64;+x64)+AppleWebKit/537.36+(KHTML,+like+Gecko)+Chrome/60.0.3112.113+Safari/537.36 http://localhost:51722/Dashboard/ViewDashboard 302 0 0 53
2017-09-21 16:58:36 ::1 GET / - 51722 - ::1 Mozilla/5.0+(Windows+NT+10.0;+Win64;+x64)+AppleWebKit/537.36+(KHTML,+like+Gecko)+Chrome/60.0.3112.113+Safari/537.36 http://localhost:51722/Dashboard/ViewDashboard 302 0 0 26
2017-09-21 17:00:51 ::1 GET /User/LogOn - 51722 - ::1 Mozilla/5.0+(Windows+NT+10.0;+Win64;+x64)+AppleWebKit/537.36+(KHTML,+like+Gecko)+Chrome/60.0.3112.113+Safari/537.36 http://localhost:51722/Dashboard/ViewDashboard 200 0 64 134424
2017-09-21 17:00:51 ::1 GET /User/LogOut - 51722 - ::1 Mozilla/5.0+(Windows+NT+10.0;+Win64;+x64)+AppleWebKit/537.36+(KHTML,+like+Gecko)+Chrome/60.0.3112.113+Safari/537.36 http://localhost:51722/Dashboard/ViewDashboard 302 0 64 4638
2017-09-21 17:00:51 ::1 GET /User/LogOut - 51722 - ::1 Mozilla/5.0+(Windows+NT+10.0;+Win64;+x64)+AppleWebKit/537.36+(KHTML,+like+Gecko)+Chrome/60.0.3112.113+Safari/537.36 http://localhost:51722/Dashboard/ViewDashboard 302 0 0 688
2017-09-21 17:00:51 ::1 GET /Dashboard/GetExpensePostings/ sDate=null&eDate=null 51722 qc1admin@gorillaexpense.com ::1 Mozilla/5.0+(Windows+NT+10.0;+Win64;+x64)+AppleWebKit/537.36+(KHTML,+like+Gecko)+Chrome/60.0.3112.113+Safari/537.36 http://localhost:51722/Dashboard/ViewDashboard 302 0 0 147460
2017-09-21 17:00:51 ::1 GET / - 51722 - ::1 Mozilla/5.0+(Windows+NT+10.0;+Win64;+x64)+AppleWebKit/537.36+(KHTML,+like+Gecko)+Chrome/60.0.3112.113+Safari/537.36 http://localhost:51722/Dashboard/ViewDashboard 302 0 0 229
2017-09-21 17:01:04 ::1 GET /User/LogOut - 51722 - ::1 Mozilla/5.0+(Windows+NT+10.0;+Win64;+x64)+AppleWebKit/537.36+(KHTML,+like+Gecko)+Chrome/60.0.3112.113+Safari/537.36 http://localhost:51722/Dashboard/ViewDashboard 302 0 64 16069
2017-09-21 17:01:04 ::1 GET /User/LogOut - 51722 qc1admin@gorillaexpense.com ::1 Mozilla/5.0+(Windows+NT+10.0;+Win64;+x64)+AppleWebKit/537.36+(KHTML,+like+Gecko)+Chrome/60.0.3112.113+Safari/537.36 http://localhost:51722/Dashboard/ViewDashboard 302 0 64 158145
2017-09-21 17:01:04 ::1 GET /User/LogOut - 51722 - ::1 Mozilla/5.0+(Windows+NT+10.0;+Win64;+x64)+AppleWebKit/537.36+(KHTML,+like+Gecko)+Chrome/60.0.3112.113+Safari/537.36 http://localhost:51722/Dashboard/ViewDashboard 302 0 64 34410
2017-09-21 17:01:04 ::1 GET /User/LogOut - 51722 - ::1 Mozilla/5.0+(Windows+NT+10.0;+Win64;+x64)+AppleWebKit/537.36+(KHTML,+like+Gecko)+Chrome/60.0.3112.113+Safari/537.36 http://localhost:51722/Dashboard/ViewDashboard 302 0 64 20826
2017-09-21 17:01:06 ::1 GET /User/LogOut - 51722 - ::1 Mozilla/5.0+(Windows+NT+10.0;+Win64;+x64)+AppleWebKit/537.36+(KHTML,+like+Gecko)+Chrome/60.0.3112.113+Safari/537.36 http://localhost:51722/Dashboard/ViewDashboard 302 0 64 23332
2017-09-21 17:01:06 ::1 GET /User/LogOut - 51722 - ::1 Mozilla/5.0+(Windows+NT+10.0;+Win64;+x64)+AppleWebKit/537.36+(KHTML,+like+Gecko)+Chrome/60.0.3112.113+Safari/537.36 http://localhost:51722/Dashboard/ViewDashboard 302 0 64 26018
2017-09-21 17:01:06 ::1 GET /User/LogOn - 51722 - ::1 Mozilla/5.0+(Windows+NT+10.0;+Win64;+x64)+AppleWebKit/537.36+(KHTML,+like+Gecko)+Chrome/60.0.3112.113+Safari/537.36 http://localhost:51722/Dashboard/ViewDashboard 200 0 64 15357
2017-09-21 17:01:07 ::1 GET /User/LogOut - 51722 - ::1 Mozilla/5.0+(Windows+NT+10.0;+Win64;+x64)+AppleWebKit/537.36+(KHTML,+like+Gecko)+Chrome/60.0.3112.113+Safari/537.36 http://localhost:51722/Dashboard/ViewDashboard 302 0 64 54373
2017-09-21 17:01:07 ::1 GET /User/LogOut - 51722 - ::1 Mozilla/5.0+(Windows+NT+10.0;+Win64;+x64)+AppleWebKit/537.36+(KHTML,+like+Gecko)+Chrome/60.0.3112.113+Safari/537.36 http://localhost:51722/Dashboard/ViewDashboard 302 0 64 4419
2017-09-21 17:01:07 ::1 GET /User/LogOut - 51722 - ::1 Mozilla/5.0+(Windows+NT+10.0;+Win64;+x64)+AppleWebKit/537.36+(KHTML,+like+Gecko)+Chrome/60.0.3112.113+Safari/537.36 http://localhost:51722/Dashboard/ViewDashboard 302 0 0 527
2017-09-21 17:01:07 ::1 GET / - 51722 - ::1 Mozilla/5.0+(Windows+NT+10.0;+Win64;+x64)+AppleWebKit/537.36+(KHTML,+like+Gecko)+Chrome/60.0.3112.113+Safari/537.36 http://localhost:51722/Dashboard/ViewDashboard 302 0 0 26
2017-09-21 17:01:13 ::1 GET /User/LogOut - 51722 - ::1 Mozilla/5.0+(Windows+NT+10.0;+Win64;+x64)+AppleWebKit/537.36+(KHTML,+like+Gecko)+Chrome/60.0.3112.113+Safari/537.36 http://localhost:51722/Dashboard/ViewDashboard 302 0 64 8887
2017-09-21 17:01:13 ::1 GET /User/LogOut - 51722 - ::1 Mozilla/5.0+(Windows+NT+10.0;+Win64;+x64)+AppleWebKit/537.36+(KHTML,+like+Gecko)+Chrome/60.0.3112.113+Safari/537.36 http://localhost:51722/Dashboard/ViewDashboard 302 0 64 38999
2017-09-21 17:01:16 ::1 GET /User/LogOut - 51722 - ::1 Mozilla/5.0+(Windows+NT+10.0;+Win64;+x64)+AppleWebKit/537.36+(KHTML,+like+Gecko)+Chrome/60.0.3112.113+Safari/537.36 http://localhost:51722/Dashboard/ViewDashboard 302 0 64 37955
2017-09-21 17:01:16 ::1 GET /User/LogOut - 51722 - ::1 Mozilla/5.0+(Windows+NT+10.0;+Win64;+x64)+AppleWebKit/537.36+(KHTML,+like+Gecko)+Chrome/60.0.3112.113+Safari/537.36 http://localhost:51722/Dashboard/ViewDashboard 302 0 64 15945
2017-09-21 17:01:20 ::1 GET /User/LogOut - 51722 - ::1 Mozilla/5.0+(Windows+NT+10.0;+Win64;+x64)+AppleWebKit/537.36+(KHTML,+like+Gecko)+Chrome/60.0.3112.113+Safari/537.36 http://localhost:51722/Dashboard/ViewDashboard 302 0 64 26038
2017-09-21 17:01:20 ::1 GET /User/LogOut - 51722 - ::1 Mozilla/5.0+(Windows+NT+10.0;+Win64;+x64)+AppleWebKit/537.36+(KHTML,+like+Gecko)+Chrome/60.0.3112.113+Safari/537.36 http://localhost:51722/Dashboard/ViewDashboard 302 0 64 62129
2017-09-21 17:01:25 ::1 GET /User/LogOut - 51722 - ::1 Mozilla/5.0+(Windows+NT+10.0;+Win64;+x64)+AppleWebKit/537.36+(KHTML,+like+Gecko)+Chrome/60.0.3112.113+Safari/537.36 http://localhost:51722/Dashboard/ViewDashboard 302 0 64 32769
2017-09-21 17:01:25 ::1 GET /User/LogOut - 51722 - ::1 Mozilla/5.0+(Windows+NT+10.0;+Win64;+x64)+AppleWebKit/537.36+(KHTML,+like+Gecko)+Chrome/60.0.3112.113+Safari/537.36 http://localhost:51722/Dashboard/ViewDashboard 302 0 64 68801
2017-09-21 17:01:25 ::1 GET /User/LogOut - 51722 - ::1 Mozilla/5.0+(Windows+NT+10.0;+Win64;+x64)+AppleWebKit/537.36+(KHTML,+like+Gecko)+Chrome/60.0.3112.113+Safari/537.36 http://localhost:51722/Dashboard/ViewDashboard 302 0 64 27163
2017-09-21 17:01:25 ::1 GET /User/LogOut - 51722 - ::1 Mozilla/5.0+(Windows+NT+10.0;+Win64;+x64)+AppleWebKit/537.36+(KHTML,+like+Gecko)+Chrome/60.0.3112.113+Safari/537.36 http://localhost:51722/Dashboard/ViewDashboard 302 0 64 61177
2017-09-21 17:01:25 ::1 GET /User/LogOut - 51722 - ::1 Mozilla/5.0+(Windows+NT+10.0;+Win64;+x64)+AppleWebKit/537.36+(KHTML,+like+Gecko)+Chrome/60.0.3112.113+Safari/537.36 http://localhost:51722/Dashboard/ViewDashboard 302 0 64 29685
2017-09-21 17:01:25 ::1 GET /User/LogOut - 51722 - ::1 Mozilla/5.0+(Windows+NT+10.0;+Win64;+x64)+AppleWebKit/537.36+(KHTML,+like+Gecko)+Chrome/60.0.3112.113+Safari/537.36 http://localhost:51722/Dashboard/ViewDashboard 302 0 64 49692
2017-09-21 17:01:27 ::1 GET /User/LogOut - 51722 - ::1 Mozilla/5.0+(Windows+NT+10.0;+Win64;+x64)+AppleWebKit/537.36+(KHTML,+like+Gecko)+Chrome/60.0.3112.113+Safari/537.36 http://localhost:51722/Dashboard/ViewDashboard 302 0 64 66515
2017-09-21 17:01:27 ::1 GET /User/LogOn - 51722 - ::1 Mozilla/5.0+(Windows+NT+10.0;+Win64;+x64)+AppleWebKit/537.36+(KHTML,+like+Gecko)+Chrome/60.0.3112.113+Safari/537.36 http://localhost:51722/Dashboard/ViewDashboard 200 0 0 10780
2017-09-21 17:01:27 ::1 GET /assets/global/plugins/jquery.min.js _=1506013287576 51722 - ::1 Mozilla/5.0+(Windows+NT+10.0;+Win64;+x64)+AppleWebKit/537.36+(KHTML,+like+Gecko)+Chrome/60.0.3112.113+Safari/537.36 http://localhost:51722/Dashboard/ViewDashboard 200 0 0 26
2017-09-21 17:01:27 ::1 GET /User/LogOut - 51722 - ::1 Mozilla/5.0+(Windows+NT+10.0;+Win64;+x64)+AppleWebKit/537.36+(KHTML,+like+Gecko)+Chrome/60.0.3112.113+Safari/537.36 http://localhost:51722/Dashboard/ViewDashboard 302 0 64 54835
2017-09-21 17:01:27 ::1 GET /User/LogOn - 51722 - ::1 Mozilla/5.0+(Windows+NT+10.0;+Win64;+x64)+AppleWebKit/537.36+(KHTML,+like+Gecko)+Chrome/60.0.3112.113+Safari/537.36 http://localhost:51722/Dashboard/ViewDashboard 200 0 64 20269
2017-09-21 17:01:27 ::1 GET /User/LogOut - 51722 - ::1 Mozilla/5.0+(Windows+NT+10.0;+Win64;+x64)+AppleWebKit/537.36+(KHTML,+like+Gecko)+Chrome/60.0.3112.113+Safari/537.36 http://localhost:51722/Dashboard/ViewDashboard 302 0 64 2813
2017-09-21 17:01:27 ::1 GET /assets/global/plugins/bootstrap/js/bootstrap.min.js _=1506013287642 51722 - ::1 Mozilla/5.0+(Windows+NT+10.0;+Win64;+x64)+AppleWebKit/537.36+(KHTML,+like+Gecko)+Chrome/60.0.3112.113+Safari/537.36 http://localhost:51722/Dashboard/ViewDashboard 200 0 0 25
2017-09-21 17:01:27 ::1 GET /assets/global/plugins/js.cookie.min.js _=1506013287680 51722 - ::1 Mozilla/5.0+(Windows+NT+10.0;+Win64;+x64)+AppleWebKit/537.36+(KHTML,+like+Gecko)+Chrome/60.0.3112.113+Safari/537.36 http://localhost:51722/Dashboard/ViewDashboard 200 0 0 17
2017-09-21 17:01:27 ::1 GET /assets/global/plugins/jquery-slimscroll/jquery.slimscroll.min.js _=1506013287699 51722 - ::1 Mozilla/5.0+(Windows+NT+10.0;+Win64;+x64)+AppleWebKit/537.36+(KHTML,+like+Gecko)+Chrome/60.0.3112.113+Safari/537.36 http://localhost:51722/Dashboard/ViewDashboard 200 0 0 7
2017-09-21 17:01:27 ::1 GET /assets/global/plugins/jquery.blockui.min.js _=1506013287710 51722 - ::1 Mozilla/5.0+(Windows+NT+10.0;+Win64;+x64)+AppleWebKit/537.36+(KHTML,+like+Gecko)+Chrome/60.0.3112.113+Safari/537.36 http://localhost:51722/Dashboard/ViewDashboard 200 0 0 12
2017-09-21 17:01:27 ::1 GET /assets/global/plugins/bootstrap-switch/js/bootstrap-switch.min.js _=1506013287727 51722 - ::1 Mozilla/5.0+(Windows+NT+10.0;+Win64;+x64)+AppleWebKit/537.36+(KHTML,+like+Gecko)+Chrome/60.0.3112.113+Safari/537.36 http://localhost:51722/Dashboard/ViewDashboard 200 0 0 19
2017-09-21 17:01:27 ::1 GET /assets/global/plugins/jquery-validation/js/jquery.validate.min.js _=1506013287749 51722 - ::1 Mozilla/5.0+(Windows+NT+10.0;+Win64;+x64)+AppleWebKit/537.36+(KHTML,+like+Gecko)+Chrome/60.0.3112.113+Safari/537.36 http://localhost:51722/Dashboard/ViewDashboard 200 0 0 19
2017-09-21 17:01:27 ::1 GET /assets/global/plugins/jquery-validation/js/additional-methods.min.js _=1506013287778 51722 - ::1 Mozilla/5.0+(Windows+NT+10.0;+Win64;+x64)+AppleWebKit/537.36+(KHTML,+like+Gecko)+Chrome/60.0.3112.113+Safari/537.36 http://localhost:51722/Dashboard/ViewDashboard 200 0 0 12
2017-09-21 17:01:27 ::1 GET /assets/global/plugins/select2/js/select2.full.min.js _=1506013287797 51722 - ::1 Mozilla/5.0+(Windows+NT+10.0;+Win64;+x64)+AppleWebKit/537.36+(KHTML,+like+Gecko)+Chrome/60.0.3112.113+Safari/537.36 http://localhost:51722/Dashboard/ViewDashboard 200 0 0 14
2017-09-21 17:01:27 ::1 GET /assets/global/plugins/backstretch/jquery.backstretch.min.js _=1506013287831 51722 - ::1 Mozilla/5.0+(Windows+NT+10.0;+Win64;+x64)+AppleWebKit/537.36+(KHTML,+like+Gecko)+Chrome/60.0.3112.113+Safari/537.36 http://localhost:51722/Dashboard/ViewDashboard 200 0 0 18
2017-09-21 17:01:27 ::1 GET /assets/global/scripts/app.min.js _=1506013287852 51722 - ::1 Mozilla/5.0+(Windows+NT+10.0;+Win64;+x64)+AppleWebKit/537.36+(KHTML,+like+Gecko)+Chrome/60.0.3112.113+Safari/537.36 http://localhost:51722/Dashboard/ViewDashboard 200 0 0 13
2017-09-21 17:01:27 ::1 GET /User/LogOut - 51722 - ::1 Mozilla/5.0+(Windows+NT+10.0;+Win64;+x64)+AppleWebKit/537.36+(KHTML,+like+Gecko)+Chrome/60.0.3112.113+Safari/537.36 http://localhost:51722/Dashboard/ViewDashboard 302 0 0 1038
2017-09-21 17:01:27 ::1 GET /assets/pages/scripts/login-5.min.js _=1506013287873 51722 - ::1 Mozilla/5.0+(Windows+NT+10.0;+Win64;+x64)+AppleWebKit/537.36+(KHTML,+like+Gecko)+Chrome/60.0.3112.113+Safari/537.36 http://localhost:51722/Dashboard/ViewDashboard 200 0 0 18
2017-09-21 17:01:27 ::1 GET / - 51722 - ::1 Mozilla/5.0+(Windows+NT+10.0;+Win64;+x64)+AppleWebKit/537.36+(KHTML,+like+Gecko)+Chrome/60.0.3112.113+Safari/537.36 http://localhost:51722/Dashboard/ViewDashboard 302 0 0 48
2017-09-21 17:01:27 ::1 GET /User/LogOut - 51722 - ::1 Mozilla/5.0+(Windows+NT+10.0;+Win64;+x64)+AppleWebKit/537.36+(KHTML,+like+Gecko)+Chrome/60.0.3112.113+Safari/537.36 http://localhost:51722/Dashboard/ViewDashboard 302 0 64 65315
2017-09-21 17:01:27 ::1 GET /User/LogOut - 51722 - ::1 Mozilla/5.0+(Windows+NT+10.0;+Win64;+x64)+AppleWebKit/537.36+(KHTML,+like+Gecko)+Chrome/60.0.3112.113+Safari/537.36 http://localhost:51722/Dashboard/ViewDashboard 302 0 64 13285
2017-09-21 17:01:27 ::1 GET /User/LogOut - 51722 - ::1 Mozilla/5.0+(Windows+NT+10.0;+Win64;+x64)+AppleWebKit/537.36+(KHTML,+like+Gecko)+Chrome/60.0.3112.113+Safari/537.36 http://localhost:51722/Dashboard/ViewDashboard 302 0 64 7286
2017-09-21 17:01:34 ::1 GET /User/LogOut - 51722 - ::1 Mozilla/5.0+(Windows+NT+10.0;+Win64;+x64)+AppleWebKit/537.36+(KHTML,+like+Gecko)+Chrome/60.0.3112.113+Safari/537.36 http://localhost:51722/Dashboard/ViewDashboard 302 0 64 11979
2017-09-21 17:01:34 ::1 GET /User/LogOut - 51722 - ::1 Mozilla/5.0+(Windows+NT+10.0;+Win64;+x64)+AppleWebKit/537.36+(KHTML,+like+Gecko)+Chrome/60.0.3112.113+Safari/537.36 http://localhost:51722/Dashboard/ViewDashboard 302 0 64 68009
2017-09-21 17:01:34 ::1 GET /User/LogOut - 51722 - ::1 Mozilla/5.0+(Windows+NT+10.0;+Win64;+x64)+AppleWebKit/537.36+(KHTML,+like+Gecko)+Chrome/60.0.3112.113+Safari/537.36 http://localhost:51722/Dashboard/ViewDashboard 302 0 64 18402
2017-09-21 17:01:34 ::1 GET /User/LogOn - 51722 - ::1 Mozilla/5.0+(Windows+NT+10.0;+Win64;+x64)+AppleWebKit/537.36+(KHTML,+like+Gecko)+Chrome/60.0.3112.113+Safari/537.36 http://localhost:51722/Dashboard/ViewDashboard 200 0 64 7407
2017-09-21 17:01:34 ::1 GET /User/LogOut - 51722 - ::1 Mozilla/5.0+(Windows+NT+10.0;+Win64;+x64)+AppleWebKit/537.36+(KHTML,+like+Gecko)+Chrome/60.0.3112.113+Safari/537.36 http://localhost:51722/Dashboard/ViewDashboard 302 0 64 22704
2017-09-21 17:01:34 ::1 GET /User/LogOut - 51722 - ::1 Mozilla/5.0+(Windows+NT+10.0;+Win64;+x64)+AppleWebKit/537.36+(KHTML,+like+Gecko)+Chrome/60.0.3112.113+Safari/537.36 http://localhost:51722/Dashboard/ViewDashboard 302 0 64 84770
2017-09-21 17:01:34 ::1 GET /User/LogOut - 51722 - ::1 Mozilla/5.0+(Windows+NT+10.0;+Win64;+x64)+AppleWebKit/537.36+(KHTML,+like+Gecko)+Chrome/60.0.3112.113+Safari/537.36 http://localhost:51722/Dashboard/ViewDashboard 302 0 64 16737
2017-09-21 17:01:34 ::1 GET /User/LogOut - 51722 - ::1 Mozilla/5.0+(Windows+NT+10.0;+Win64;+x64)+AppleWebKit/537.36+(KHTML,+like+Gecko)+Chrome/60.0.3112.113+Safari/537.36 http://localhost:51722/Dashboard/ViewDashboard 302 0 64 24790
2017-09-21 17:01:34 ::1 GET /User/LogOut - 51722 - ::1 Mozilla/5.0+(Windows+NT+10.0;+Win64;+x64)+AppleWebKit/537.36+(KHTML,+like+Gecko)+Chrome/60.0.3112.113+Safari/537.36 http://localhost:51722/Dashboard/ViewDashboard 302 0 0 813
2017-09-21 17:01:38 ::1 GET /User/LogOut - 51722 - ::1 Mozilla/5.0+(Windows+NT+10.0;+Win64;+x64)+AppleWebKit/537.36+(KHTML,+like+Gecko)+Chrome/60.0.3112.113+Safari/537.36 http://localhost:51722/Dashboard/ViewDashboard 302 0 64 30026
2017-09-21 17:01:38 ::1 GET / - 51722 - ::1 Mozilla/5.0+(Windows+NT+10.0;+Win64;+x64)+AppleWebKit/537.36+(KHTML,+like+Gecko)+Chrome/60.0.3112.113+Safari/537.36 http://localhost:51722/Dashboard/ViewDashboard 302 0 64 3201
2017-09-21 17:01:38 ::1 GET /User/LogOut - 51722 - ::1 Mozilla/5.0+(Windows+NT+10.0;+Win64;+x64)+AppleWebKit/537.36+(KHTML,+like+Gecko)+Chrome/60.0.3112.113+Safari/537.36 http://localhost:51722/Dashboard/ViewDashboard 302 0 64 84062
2017-09-21 17:01:40 ::1 GET /User/LogOut - 51722 - ::1 Mozilla/5.0+(Windows+NT+10.0;+Win64;+x64)+AppleWebKit/537.36+(KHTML,+like+Gecko)+Chrome/60.0.3112.113+Safari/537.36 http://localhost:51722/Dashboard/ViewDashboard 302 0 0 1830
2017-09-21 17:01:40 ::1 GET /User/LogOut - 51722 - ::1 Mozilla/5.0+(Windows+NT+10.0;+Win64;+x64)+AppleWebKit/537.36+(KHTML,+like+Gecko)+Chrome/60.0.3112.113+Safari/537.36 http://localhost:51722/Dashboard/ViewDashboard 302 0 64 3838
2017-09-21 17:01:40 ::1 GET /User/LogOut - 51722 - ::1 Mozilla/5.0+(Windows+NT+10.0;+Win64;+x64)+AppleWebKit/537.36+(KHTML,+like+Gecko)+Chrome/60.0.3112.113+Safari/537.36 http://localhost:51722/Dashboard/ViewDashboard 302 0 64 11878
2017-09-21 17:01:40 ::1 GET /User/LogOut - 51722 - ::1 Mozilla/5.0+(Windows+NT+10.0;+Win64;+x64)+AppleWebKit/537.36+(KHTML,+like+Gecko)+Chrome/60.0.3112.113+Safari/537.36 http://localhost:51722/Dashboard/ViewDashboard 302 0 64 7927
2017-09-21 17:01:40 ::1 GET /User/LogOut - 51722 - ::1 Mozilla/5.0+(Windows+NT+10.0;+Win64;+x64)+AppleWebKit/537.36+(KHTML,+like+Gecko)+Chrome/60.0.3112.113+Safari/537.36 http://localhost:51722/Dashboard/ViewDashboard 302 0 64 71979
2017-09-21 17:01:45 ::1 GET / - 51722 - ::1 Mozilla/5.0+(Windows+NT+10.0;+Win64;+x64)+AppleWebKit/537.36+(KHTML,+like+Gecko)+Chrome/60.0.3112.113+Safari/537.36 http://localhost:51722/Dashboard/ViewDashboard 302 0 64 4639
2017-09-21 17:01:45 ::1 GET /User/LogOut - 51722 - ::1 Mozilla/5.0+(Windows+NT+10.0;+Win64;+x64)+AppleWebKit/537.36+(KHTML,+like+Gecko)+Chrome/60.0.3112.113+Safari/537.36 http://localhost:51722/Dashboard/ViewDashboard 302 0 64 2536
2017-09-21 17:01:48 ::1 GET /User/LogOut - 51722 - ::1 Mozilla/5.0+(Windows+NT+10.0;+Win64;+x64)+AppleWebKit/537.36+(KHTML,+like+Gecko)+Chrome/60.0.3112.113+Safari/537.36 http://localhost:51722/Dashboard/ViewDashboard 302 0 64 3382
2017-09-21 17:01:48 ::1 GET /User/LogOut - 51722 - ::1 Mozilla/5.0+(Windows+NT+10.0;+Win64;+x64)+AppleWebKit/537.36+(KHTML,+like+Gecko)+Chrome/60.0.3112.113+Safari/537.36 http://localhost:51722/Dashboard/ViewDashboard 302 0 64 7403
2017-09-21 17:01:48 ::1 GET /User/LogOut - 51722 - ::1 Mozilla/5.0+(Windows+NT+10.0;+Win64;+x64)+AppleWebKit/537.36+(KHTML,+like+Gecko)+Chrome/60.0.3112.113+Safari/537.36 http://localhost:51722/Dashboard/ViewDashboard 302 0 64 17508
2017-09-21 17:01:48 ::1 GET /User/LogOut - 51722 - ::1 Mozilla/5.0+(Windows+NT+10.0;+Win64;+x64)+AppleWebKit/537.36+(KHTML,+like+Gecko)+Chrome/60.0.3112.113+Safari/537.36 http://localhost:51722/Dashboard/ViewDashboard 302 0 64 99598
2017-09-21 17:01:48 ::1 GET /User/LogOut - 51722 - ::1 Mozilla/5.0+(Windows+NT+10.0;+Win64;+x64)+AppleWebKit/537.36+(KHTML,+like+Gecko)+Chrome/60.0.3112.113+Safari/537.36 http://localhost:51722/Dashboard/ViewDashboard 302 0 0 1555
2017-09-21 17:01:48 ::1 GET /User/LogOut - 51722 - ::1 Mozilla/5.0+(Windows+NT+10.0;+Win64;+x64)+AppleWebKit/537.36+(KHTML,+like+Gecko)+Chrome/60.0.3112.113+Safari/537.36 http://localhost:51722/Dashboard/ViewDashboard 302 0 64 129645
2017-09-21 17:01:48 ::1 GET / - 51722 - ::1 Mozilla/5.0+(Windows+NT+10.0;+Win64;+x64)+AppleWebKit/537.36+(KHTML,+like+Gecko)+Chrome/60.0.3112.113+Safari/537.36 http://localhost:51722/Dashboard/ViewDashboard 302 0 0 51
2017-09-21 17:01:52 ::1 GET /User/LogOut - 51722 - ::1 Mozilla/5.0+(Windows+NT+10.0;+Win64;+x64)+AppleWebKit/537.36+(KHTML,+like+Gecko)+Chrome/60.0.3112.113+Safari/537.36 http://localhost:51722/Dashboard/ViewDashboard 302 0 64 109668
2017-09-21 17:01:52 ::1 GET /User/LogOut - 51722 - ::1 Mozilla/5.0+(Windows+NT+10.0;+Win64;+x64)+AppleWebKit/537.36+(KHTML,+like+Gecko)+Chrome/60.0.3112.113+Safari/537.36 http://localhost:51722/Dashboard/ViewDashboard 302 0 64 132171
2017-09-21 17:01:52 ::1 GET /User/LogOut - 51722 - ::1 Mozilla/5.0+(Windows+NT+10.0;+Win64;+x64)+AppleWebKit/537.36+(KHTML,+like+Gecko)+Chrome/60.0.3112.113+Safari/537.36 http://localhost:51722/Dashboard/ViewDashboard 302 0 64 128670
2017-09-21 17:01:54 ::1 GET /User/LogOut - 51722 - ::1 Mozilla/5.0+(Windows+NT+10.0;+Win64;+x64)+AppleWebKit/537.36+(KHTML,+like+Gecko)+Chrome/60.0.3112.113+Safari/537.36 http://localhost:51722/Dashboard/ViewDashboard 302 0 64 131519
2017-09-21 17:01:54 ::1 GET /User/LogOn - 51722 - ::1 Mozilla/5.0+(Windows+NT+10.0;+Win64;+x64)+AppleWebKit/537.36+(KHTML,+like+Gecko)+Chrome/60.0.3112.113+Safari/537.36 http://localhost:51722/Dashboard/ViewDashboard 200 0 64 6089
2017-09-21 17:01:54 ::1 GET /User/LogOut - 51722 - ::1 Mozilla/5.0+(Windows+NT+10.0;+Win64;+x64)+AppleWebKit/537.36+(KHTML,+like+Gecko)+Chrome/60.0.3112.113+Safari/537.36 http://localhost:51722/Dashboard/ViewDashboard 302 0 64 107898
2017-09-21 17:01:54 ::1 GET /Dashboard/GetExpenseTypesAmount/ sDate=null&eDate=null 51722 qc1admin@gorillaexpense.com ::1 Mozilla/5.0+(Windows+NT+10.0;+Win64;+x64)+AppleWebKit/537.36+(KHTML,+like+Gecko)+Chrome/60.0.3112.113+Safari/537.36 http://localhost:51722/Dashboard/ViewDashboard 302 0 0 210647
2017-09-21 17:01:54 ::1 GET /User/LogOut - 51722 - ::1 Mozilla/5.0+(Windows+NT+10.0;+Win64;+x64)+AppleWebKit/537.36+(KHTML,+like+Gecko)+Chrome/60.0.3112.113+Safari/537.36 http://localhost:51722/Dashboard/ViewDashboard 302 0 0 133
2017-09-21 17:01:54 ::1 GET /User/LogOut - 51722 - ::1 Mozilla/5.0+(Windows+NT+10.0;+Win64;+x64)+AppleWebKit/537.36+(KHTML,+like+Gecko)+Chrome/60.0.3112.113+Safari/537.36 http://localhost:51722/Dashboard/ViewDashboard 302 0 64 128234
2017-09-21 17:01:54 ::1 GET /User/LogOut - 51722 qc1admin@gorillaexpense.com ::1 Mozilla/5.0+(Windows+NT+10.0;+Win64;+x64)+AppleWebKit/537.36+(KHTML,+like+Gecko)+Chrome/60.0.3112.113+Safari/537.36 http://localhost:51722/Dashboard/ViewDashboard 302 0 64 202318
2017-09-21 17:01:54 ::1 GET / - 51722 - ::1 Mozilla/5.0+(Windows+NT+10.0;+Win64;+x64)+AppleWebKit/537.36+(KHTML,+like+Gecko)+Chrome/60.0.3112.113+Safari/537.36 http://localhost:51722/Dashboard/ViewDashboard 302 0 0 117
#Software: Microsoft Internet Information Services 8.0
#Version: 1.0
#Date: 2017-09-21 17:02:24
#Fields: date time s-ip cs-method cs-uri-stem cs-uri-query s-port cs-username c-ip cs(User-Agent) cs(Referer) sc-status sc-substatus sc-win32-status time-taken
2017-09-21 17:02:24 ::1 GET / - 51722 - ::1 Mozilla/5.0+(Windows+NT+10.0;+Win64;+x64)+AppleWebKit/537.36+(KHTML,+like+Gecko)+Chrome/60.0.3112.113+Safari/537.36 - 302 0 0 14714
2017-09-21 17:02:35 ::1 GET /User/LogOn - 51722 - ::1 Mozilla/5.0+(Windows+NT+10.0;+Win64;+x64)+AppleWebKit/537.36+(KHTML,+like+Gecko)+Chrome/60.0.3112.113+Safari/537.36 - 200 0 0 11742
2017-09-21 17:02:35 ::1 GET /User/LogOut - 51722 - ::1 Mozilla/5.0+(Windows+NT+10.0;+Win64;+x64)+AppleWebKit/537.36+(KHTML,+like+Gecko)+Chrome/60.0.3112.113+Safari/537.36 - 302 0 0 37
2017-09-21 17:02:35 ::1 GET / - 51722 - ::1 Mozilla/5.0+(Windows+NT+10.0;+Win64;+x64)+AppleWebKit/537.36+(KHTML,+like+Gecko)+Chrome/60.0.3112.113+Safari/537.36 - 302 0 0 31
#Software: Microsoft Internet Information Services 8.0
#Version: 1.0
#Date: 2017-09-21 17:03:02
#Fields: date time s-ip cs-method cs-uri-stem cs-uri-query s-port cs-username c-ip cs(User-Agent) cs(Referer) sc-status sc-substatus sc-win32-status time-taken
2017-09-21 17:03:02 ::1 GET / - 51722 - ::1 Mozilla/5.0+(Windows+NT+10.0;+Win64;+x64)+AppleWebKit/537.36+(KHTML,+like+Gecko)+Chrome/60.0.3112.113+Safari/537.36 - 302 0 0 11023
2017-09-21 17:03:11 ::1 GET /User/LogOn - 51722 - ::1 Mozilla/5.0+(Windows+NT+10.0;+Win64;+x64)+AppleWebKit/537.36+(KHTML,+like+Gecko)+Chrome/60.0.3112.113+Safari/537.36 - 200 0 0 8214
2017-09-21 17:04:18 ::1 GET /User/LogOn - 51722 - ::1 Mozilla/5.0+(Windows+NT+10.0;+Win64;+x64)+AppleWebKit/537.36+(KHTML,+like+Gecko)+Chrome/60.0.3112.113+Safari/537.36 - 200 0 0 26013
2017-09-21 17:04:18 ::1 GET /favicon.ico - 51722 - ::1 Mozilla/5.0+(Windows+NT+10.0;+Win64;+x64)+AppleWebKit/537.36+(KHTML,+like+Gecko)+Chrome/60.0.3112.113+Safari/537.36 http://localhost:51722/User/LogOn 200 0 0 64
2017-09-21 17:04:58 ::1 POST /User/LogOn - 51722 - ::1 Mozilla/5.0+(Windows+NT+10.0;+Win64;+x64)+AppleWebKit/537.36+(KHTML,+like+Gecko)+Chrome/60.0.3112.113+Safari/537.36 http://localhost:51722/User/LogOn 302 0 0 21071
2017-09-21 17:04:58 ::1 GET / - 51722 qc1admin@gorillaexpense.com ::1 Mozilla/5.0+(Windows+NT+10.0;+Win64;+x64)+AppleWebKit/537.36+(KHTML,+like+Gecko)+Chrome/60.0.3112.113+Safari/537.36 http://localhost:51722/User/LogOn 302 0 0 39
2017-09-21 17:05:09 ::1 GET /Dashboard/ViewDashboard - 51722 qc1admin@gorillaexpense.com ::1 Mozilla/5.0+(Windows+NT+10.0;+Win64;+x64)+AppleWebKit/537.36+(KHTML,+like+Gecko)+Chrome/60.0.3112.113+Safari/537.36 http://localhost:51722/User/LogOn 200 0 0 10522
2017-09-21 17:05:09 ::1 GET /Scripts/SiteLayoutPageForMasters-js v=W0kkABa_IAfkOjnmhy9NTFb5vV_8wfBZDXkhUuSQjPo1 51722 qc1admin@gorillaexpense.com ::1 Mozilla/5.0+(Windows+NT+10.0;+Win64;+x64)+AppleWebKit/537.36+(KHTML,+like+Gecko)+Chrome/60.0.3112.113+Safari/537.36 http://localhost:51722/Dashboard/ViewDashboard 200 0 0 66
2017-09-21 17:05:12 ::1 GET /Dashboard/getAjaxTab/1 sDate=null&eDate=null 51722 qc1admin@gorillaexpense.com ::1 Mozilla/5.0+(Windows+NT+10.0;+Win64;+x64)+AppleWebKit/537.36+(KHTML,+like+Gecko)+Chrome/60.0.3112.113+Safari/537.36 http://localhost:51722/Dashboard/ViewDashboard 200 0 0 2772
2017-09-21 17:05:12 ::1 GET /Scripts/v2/easy.pie.chart/jquery.easing.1.3.js _=1506013512569 51722 - ::1 Mozilla/5.0+(Windows+NT+10.0;+Win64;+x64)+AppleWebKit/537.36+(KHTML,+like+Gecko)+Chrome/60.0.3112.113+Safari/537.36 http://localhost:51722/Dashboard/ViewDashboard 200 0 0 20
2017-09-21 17:05:12 ::1 GET /Scripts/v2/easy.pie.chart/jquery.easypiechart.min.js _=1506013512599 51722 - ::1 Mozilla/5.0+(Windows+NT+10.0;+Win64;+x64)+AppleWebKit/537.36+(KHTML,+like+Gecko)+Chrome/60.0.3112.113+Safari/537.36 http://localhost:51722/Dashboard/ViewDashboard 200 0 0 34
2017-09-21 17:05:12 ::1 GET /Scripts/v2/morris.charts/morris.min.js _=1506013512637 51722 - ::1 Mozilla/5.0+(Windows+NT+10.0;+Win64;+x64)+AppleWebKit/537.36+(KHTML,+like+Gecko)+Chrome/60.0.3112.113+Safari/537.36 http://localhost:51722/Dashboard/ViewDashboard 200 0 0 13
2017-09-21 17:05:12 ::1 GET /Scripts/v2/morris.charts/raphael.min.js _=1506013512672 51722 - ::1 Mozilla/5.0+(Windows+NT+10.0;+Win64;+x64)+AppleWebKit/537.36+(KHTML,+like+Gecko)+Chrome/60.0.3112.113+Safari/537.36 http://localhost:51722/Dashboard/ViewDashboard 200 0 0 12
2017-09-21 17:05:20 ::1 GET /Dashboard/GetExpenseSubmissions/ sDate=null&eDate=null 51722 qc1admin@gorillaexpense.com ::1 Mozilla/5.0+(Windows+NT+10.0;+Win64;+x64)+AppleWebKit/537.36+(KHTML,+like+Gecko)+Chrome/60.0.3112.113+Safari/537.36 http://localhost:51722/Dashboard/ViewDashboard 200 0 0 7274
2017-09-21 17:05:27 ::1 GET /Dashboard/GetExpenseApprovals/ sDate=null&eDate=null 51722 qc1admin@gorillaexpense.com ::1 Mozilla/5.0+(Windows+NT+10.0;+Win64;+x64)+AppleWebKit/537.36+(KHTML,+like+Gecko)+Chrome/60.0.3112.113+Safari/537.36 http://localhost:51722/Dashboard/ViewDashboard 200 0 0 15076
2017-09-21 17:05:35 ::1 GET /Dashboard/GetExpenseTypesAmount/ sDate=null&eDate=null 51722 qc1admin@gorillaexpense.com ::1 Mozilla/5.0+(Windows+NT+10.0;+Win64;+x64)+AppleWebKit/537.36+(KHTML,+like+Gecko)+Chrome/60.0.3112.113+Safari/537.36 http://localhost:51722/Dashboard/ViewDashboard 200 0 0 22823
2017-09-21 17:05:45 ::1 GET /Dashboard/GetExpensePostings/ sDate=null&eDate=null 51722 qc1admin@gorillaexpense.com ::1 Mozilla/5.0+(Windows+NT+10.0;+Win64;+x64)+AppleWebKit/537.36+(KHTML,+like+Gecko)+Chrome/60.0.3112.113+Safari/537.36 http://localhost:51722/Dashboard/ViewDashboard 200 0 0 32287
2017-09-21 17:05:54 ::1 GET /Dashboard/GetPayMethodsAmount/ sDate=null&eDate=null 51722 qc1admin@gorillaexpense.com ::1 Mozilla/5.0+(Windows+NT+10.0;+Win64;+x64)+AppleWebKit/537.36+(KHTML,+like+Gecko)+Chrome/60.0.3112.113+Safari/537.36 http://localhost:51722/Dashboard/ViewDashboard 200 0 0 42072
2017-09-21 17:06:56 ::1 GET /User/LogOut - 51722 qc1admin@gorillaexpense.com ::1 Mozilla/5.0+(Windows+NT+10.0;+Win64;+x64)+AppleWebKit/537.36+(KHTML,+like+Gecko)+Chrome/60.0.3112.113+Safari/537.36 http://localhost:51722/Dashboard/ViewDashboard 302 0 64 62905
2017-09-21 17:07:00 ::1 GET /User/LogOut - 51722 qc1admin@gorillaexpense.com ::1 Mozilla/5.0+(Windows+NT+10.0;+Win64;+x64)+AppleWebKit/537.36+(KHTML,+like+Gecko)+Chrome/60.0.3112.113+Safari/537.36 http://localhost:51722/Dashboard/ViewDashboard 302 0 64 10346
2017-09-21 17:07:01 ::1 GET /User/LogOut - 51722 qc1admin@gorillaexpense.com ::1 Mozilla/5.0+(Windows+NT+10.0;+Win64;+x64)+AppleWebKit/537.36+(KHTML,+like+Gecko)+Chrome/60.0.3112.113+Safari/537.36 http://localhost:51722/Dashboard/ViewDashboard 302 0 0 1639
2017-09-21 17:07:01 ::1 GET / - 51722 - ::1 Mozilla/5.0+(Windows+NT+10.0;+Win64;+x64)+AppleWebKit/537.36+(KHTML,+like+Gecko)+Chrome/60.0.3112.113+Safari/537.36 http://localhost:51722/Dashboard/ViewDashboard 302 0 0 19
