#Software: Microsoft Internet Information Services 8.0
#Version: 1.0
#Date: 2017-09-26 12:53:18
#Fields: date time s-ip cs-method cs-uri-stem cs-uri-query s-port cs-username c-ip cs(User-Agent) cs(Referer) sc-status sc-substatus sc-win32-status time-taken
2017-09-26 12:53:18 ::1 GET / - 51722 - ::1 Mozilla/5.0+(Windows+NT+10.0;+Win64;+x64)+AppleWebKit/537.36+(KHTML,+like+Gecko)+Chrome/60.0.3112.113+Safari/537.36 - 302 0 0 42583
2017-09-26 12:53:48 ::1 GET /User/LogOn - 51722 - ::1 Mozilla/5.0+(Windows+NT+10.0;+Win64;+x64)+AppleWebKit/537.36+(KHTML,+like+Gecko)+Chrome/60.0.3112.113+Safari/537.36 - 200 0 0 29652
2017-09-26 12:54:14 ::1 GET /User/LogOut - 51722 - ::1 Mozilla/5.0+(Windows+NT+10.0;+Win64;+x64)+AppleWebKit/537.36+(KHTML,+like+Gecko)+Chrome/60.0.3112.113+Safari/537.36 - 302 0 0 51384
2017-09-26 12:54:14 ::1 GET / - 51722 - ::1 Mozilla/5.0+(Windows+NT+10.0;+Win64;+x64)+AppleWebKit/537.36+(KHTML,+like+Gecko)+Chrome/60.0.3112.113+Safari/537.36 - 302 0 0 27
2017-09-26 12:54:25 ::1 GET /User/LogOn - 51722 - ::1 Mozilla/5.0+(Windows+NT+10.0;+Win64;+x64)+AppleWebKit/537.36+(KHTML,+like+Gecko)+Chrome/60.0.3112.113+Safari/537.36 - 200 0 0 11204
2017-09-26 12:55:50 ::1 POST /User/LogOn - 51722 - ::1 Mozilla/5.0+(Windows+NT+10.0;+Win64;+x64)+AppleWebKit/537.36+(KHTML,+like+Gecko)+Chrome/60.0.3112.113+Safari/537.36 http://localhost:51722/User/LogOn 302 0 0 35337
2017-09-26 12:56:25 ::1 GET / - 51722 preapprovaluser@gmail.com ::1 Mozilla/5.0+(Windows+NT+10.0;+Win64;+x64)+AppleWebKit/537.36+(KHTML,+like+Gecko)+Chrome/60.0.3112.113+Safari/537.36 http://localhost:51722/User/LogOn 500 0 0 35460
2017-09-26 12:56:27 ::1 GET /__browserLink/requestData/4f5fb2dba12941c7b8ec9bd9fc9f47b5 version=2 51722 preapprovaluser@gmail.com ::1 Mozilla/5.0+(Windows+NT+10.0;+Win64;+x64)+AppleWebKit/537.36+(KHTML,+like+Gecko)+Chrome/60.0.3112.113+Safari/537.36 http://localhost:51722/ 200 0 0 162
2017-09-26 12:56:38 ::1 GET /Expense ExpenseReportCategory=PreExpenseReport 51722 preapprovaluser@gmail.com ::1 Mozilla/5.0+(Windows+NT+10.0;+Win64;+x64)+AppleWebKit/537.36+(KHTML,+like+Gecko)+Chrome/60.0.3112.113+Safari/537.36 http://localhost:51722/ 302 0 0 3901
2017-09-26 12:56:39 ::1 GET /Expense - 51722 preapprovaluser@gmail.com ::1 Mozilla/5.0+(Windows+NT+10.0;+Win64;+x64)+AppleWebKit/537.36+(KHTML,+like+Gecko)+Chrome/60.0.3112.113+Safari/537.36 http://localhost:51722/ 302 0 0 1388
2017-09-26 12:56:41 ::1 GET /Expense - 51722 preapprovaluser@gmail.com ::1 Mozilla/5.0+(Windows+NT+10.0;+Win64;+x64)+AppleWebKit/537.36+(KHTML,+like+Gecko)+Chrome/60.0.3112.113+Safari/537.36 http://localhost:51722/ 302 0 0 1972
2017-09-26 12:56:44 ::1 GET /Expense - 51722 preapprovaluser@gmail.com ::1 Mozilla/5.0+(Windows+NT+10.0;+Win64;+x64)+AppleWebKit/537.36+(KHTML,+like+Gecko)+Chrome/60.0.3112.113+Safari/537.36 http://localhost:51722/ 302 0 0 2421
2017-09-26 12:56:46 ::1 GET /Expense - 51722 preapprovaluser@gmail.com ::1 Mozilla/5.0+(Windows+NT+10.0;+Win64;+x64)+AppleWebKit/537.36+(KHTML,+like+Gecko)+Chrome/60.0.3112.113+Safari/537.36 http://localhost:51722/ 302 0 0 2193
2017-09-26 12:56:47 ::1 GET /Expense - 51722 preapprovaluser@gmail.com ::1 Mozilla/5.0+(Windows+NT+10.0;+Win64;+x64)+AppleWebKit/537.36+(KHTML,+like+Gecko)+Chrome/60.0.3112.113+Safari/537.36 http://localhost:51722/ 302 0 0 1601
2017-09-26 12:56:49 ::1 GET /Expense - 51722 preapprovaluser@gmail.com ::1 Mozilla/5.0+(Windows+NT+10.0;+Win64;+x64)+AppleWebKit/537.36+(KHTML,+like+Gecko)+Chrome/60.0.3112.113+Safari/537.36 http://localhost:51722/ 302 0 0 1480
2017-09-26 12:56:52 ::1 GET /Expense - 51722 preapprovaluser@gmail.com ::1 Mozilla/5.0+(Windows+NT+10.0;+Win64;+x64)+AppleWebKit/537.36+(KHTML,+like+Gecko)+Chrome/60.0.3112.113+Safari/537.36 http://localhost:51722/ 302 0 0 2971
2017-09-26 12:56:53 ::1 GET /Expense - 51722 preapprovaluser@gmail.com ::1 Mozilla/5.0+(Windows+NT+10.0;+Win64;+x64)+AppleWebKit/537.36+(KHTML,+like+Gecko)+Chrome/60.0.3112.113+Safari/537.36 http://localhost:51722/ 302 0 0 1487
2017-09-26 12:56:55 ::1 GET /Expense - 51722 preapprovaluser@gmail.com ::1 Mozilla/5.0+(Windows+NT+10.0;+Win64;+x64)+AppleWebKit/537.36+(KHTML,+like+Gecko)+Chrome/60.0.3112.113+Safari/537.36 http://localhost:51722/ 302 0 0 1526
2017-09-26 12:56:56 ::1 GET /Expense - 51722 preapprovaluser@gmail.com ::1 Mozilla/5.0+(Windows+NT+10.0;+Win64;+x64)+AppleWebKit/537.36+(KHTML,+like+Gecko)+Chrome/60.0.3112.113+Safari/537.36 http://localhost:51722/ 302 0 0 1462
2017-09-26 12:56:58 ::1 GET /Expense - 51722 preapprovaluser@gmail.com ::1 Mozilla/5.0+(Windows+NT+10.0;+Win64;+x64)+AppleWebKit/537.36+(KHTML,+like+Gecko)+Chrome/60.0.3112.113+Safari/537.36 http://localhost:51722/ 302 0 0 1431
2017-09-26 12:56:59 ::1 GET /Expense - 51722 preapprovaluser@gmail.com ::1 Mozilla/5.0+(Windows+NT+10.0;+Win64;+x64)+AppleWebKit/537.36+(KHTML,+like+Gecko)+Chrome/60.0.3112.113+Safari/537.36 http://localhost:51722/ 302 0 0 1393
2017-09-26 12:57:01 ::1 GET /Expense - 51722 preapprovaluser@gmail.com ::1 Mozilla/5.0+(Windows+NT+10.0;+Win64;+x64)+AppleWebKit/537.36+(KHTML,+like+Gecko)+Chrome/60.0.3112.113+Safari/537.36 http://localhost:51722/ 302 0 0 1708
2017-09-26 12:57:02 ::1 GET /Expense - 51722 preapprovaluser@gmail.com ::1 Mozilla/5.0+(Windows+NT+10.0;+Win64;+x64)+AppleWebKit/537.36+(KHTML,+like+Gecko)+Chrome/60.0.3112.113+Safari/537.36 http://localhost:51722/ 302 0 0 1400
2017-09-26 12:57:04 ::1 GET /Expense - 51722 preapprovaluser@gmail.com ::1 Mozilla/5.0+(Windows+NT+10.0;+Win64;+x64)+AppleWebKit/537.36+(KHTML,+like+Gecko)+Chrome/60.0.3112.113+Safari/537.36 http://localhost:51722/ 302 0 0 1510
2017-09-26 12:57:05 ::1 GET /Expense - 51722 preapprovaluser@gmail.com ::1 Mozilla/5.0+(Windows+NT+10.0;+Win64;+x64)+AppleWebKit/537.36+(KHTML,+like+Gecko)+Chrome/60.0.3112.113+Safari/537.36 http://localhost:51722/ 302 0 0 1629
2017-09-26 12:57:07 ::1 GET /Expense - 51722 preapprovaluser@gmail.com ::1 Mozilla/5.0+(Windows+NT+10.0;+Win64;+x64)+AppleWebKit/537.36+(KHTML,+like+Gecko)+Chrome/60.0.3112.113+Safari/537.36 http://localhost:51722/ 302 0 0 1516
2017-09-26 12:57:09 ::1 GET /Expense - 51722 preapprovaluser@gmail.com ::1 Mozilla/5.0+(Windows+NT+10.0;+Win64;+x64)+AppleWebKit/537.36+(KHTML,+like+Gecko)+Chrome/60.0.3112.113+Safari/537.36 http://localhost:51722/ 302 0 0 1575
2017-09-26 12:57:10 ::1 GET /Expense - 51722 preapprovaluser@gmail.com ::1 Mozilla/5.0+(Windows+NT+10.0;+Win64;+x64)+AppleWebKit/537.36+(KHTML,+like+Gecko)+Chrome/60.0.3112.113+Safari/537.36 http://localhost:51722/ 302 0 0 1469
2017-09-26 12:57:12 ::1 GET /Expense - 51722 preapprovaluser@gmail.com ::1 Mozilla/5.0+(Windows+NT+10.0;+Win64;+x64)+AppleWebKit/537.36+(KHTML,+like+Gecko)+Chrome/60.0.3112.113+Safari/537.36 http://localhost:51722/ 302 0 0 1917
2017-09-26 12:57:14 ::1 GET /Expense - 51722 preapprovaluser@gmail.com ::1 Mozilla/5.0+(Windows+NT+10.0;+Win64;+x64)+AppleWebKit/537.36+(KHTML,+like+Gecko)+Chrome/60.0.3112.113+Safari/537.36 - 302 0 0 1502
2017-09-26 12:57:15 ::1 GET /Expense - 51722 preapprovaluser@gmail.com ::1 Mozilla/5.0+(Windows+NT+10.0;+Win64;+x64)+AppleWebKit/537.36+(KHTML,+like+Gecko)+Chrome/60.0.3112.113+Safari/537.36 - 302 0 0 1558
2017-09-26 12:57:17 ::1 GET /Expense - 51722 preapprovaluser@gmail.com ::1 Mozilla/5.0+(Windows+NT+10.0;+Win64;+x64)+AppleWebKit/537.36+(KHTML,+like+Gecko)+Chrome/60.0.3112.113+Safari/537.36 - 302 0 0 1450
2017-09-26 12:57:18 ::1 GET /Expense - 51722 preapprovaluser@gmail.com ::1 Mozilla/5.0+(Windows+NT+10.0;+Win64;+x64)+AppleWebKit/537.36+(KHTML,+like+Gecko)+Chrome/60.0.3112.113+Safari/537.36 - 302 0 0 1478
2017-09-26 12:57:20 ::1 GET /Expense - 51722 preapprovaluser@gmail.com ::1 Mozilla/5.0+(Windows+NT+10.0;+Win64;+x64)+AppleWebKit/537.36+(KHTML,+like+Gecko)+Chrome/60.0.3112.113+Safari/537.36 - 302 0 0 1585
2017-09-26 12:57:21 ::1 GET /Expense - 51722 preapprovaluser@gmail.com ::1 Mozilla/5.0+(Windows+NT+10.0;+Win64;+x64)+AppleWebKit/537.36+(KHTML,+like+Gecko)+Chrome/60.0.3112.113+Safari/537.36 - 302 0 64 1718
#Software: Microsoft Internet Information Services 8.0
#Version: 1.0
#Date: 2017-09-26 12:58:00
#Fields: date time s-ip cs-method cs-uri-stem cs-uri-query s-port cs-username c-ip cs(User-Agent) cs(Referer) sc-status sc-substatus sc-win32-status time-taken
2017-09-26 12:58:00 ::1 GET / - 51722 preapprovaluser@gmail.com ::1 Mozilla/5.0+(Windows+NT+10.0;+Win64;+x64)+AppleWebKit/537.36+(KHTML,+like+Gecko)+Chrome/60.0.3112.113+Safari/537.36 - 302 0 0 20405
2017-09-26 12:58:12 ::1 GET /User/LogOn - 51722 preapprovaluser@gmail.com ::1 Mozilla/5.0+(Windows+NT+10.0;+Win64;+x64)+AppleWebKit/537.36+(KHTML,+like+Gecko)+Chrome/60.0.3112.113+Safari/537.36 - 200 0 0 12813
2017-09-26 12:58:54 ::1 POST /User/LogOn - 51722 preapprovaluser@gmail.com ::1 Mozilla/5.0+(Windows+NT+10.0;+Win64;+x64)+AppleWebKit/537.36+(KHTML,+like+Gecko)+Chrome/60.0.3112.113+Safari/537.36 http://localhost:51722/User/LogOn 302 0 0 23365
2017-09-26 13:00:54 ::1 GET / - 51722 preapprovaluser@gmail.com ::1 Mozilla/5.0+(Windows+NT+10.0;+Win64;+x64)+AppleWebKit/537.36+(KHTML,+like+Gecko)+Chrome/60.0.3112.113+Safari/537.36 http://localhost:51722/User/LogOn 500 0 0 120258
2017-09-26 13:00:54 ::1 GET /__browserLink/requestData/253eabbf7f4f4e96b5a8834eba32192b version=2 51722 preapprovaluser@gmail.com ::1 Mozilla/5.0+(Windows+NT+10.0;+Win64;+x64)+AppleWebKit/537.36+(KHTML,+like+Gecko)+Chrome/60.0.3112.113+Safari/537.36 http://localhost:51722/ 200 0 0 29
#Software: Microsoft Internet Information Services 8.0
#Version: 1.0
#Date: 2017-09-26 13:02:25
#Fields: date time s-ip cs-method cs-uri-stem cs-uri-query s-port cs-username c-ip cs(User-Agent) cs(Referer) sc-status sc-substatus sc-win32-status time-taken
2017-09-26 13:02:25 ::1 GET /Home/Index - 51722 preapprovaluser@gmail.com ::1 Mozilla/5.0+(Windows+NT+10.0;+Win64;+x64)+AppleWebKit/537.36+(KHTML,+like+Gecko)+Chrome/60.0.3112.113+Safari/537.36 - 302 0 0 21112
2017-09-26 13:02:37 ::1 GET /User/LogOn - 51722 preapprovaluser@gmail.com ::1 Mozilla/5.0+(Windows+NT+10.0;+Win64;+x64)+AppleWebKit/537.36+(KHTML,+like+Gecko)+Chrome/60.0.3112.113+Safari/537.36 - 200 0 0 11639
2017-09-26 13:03:08 ::1 POST /User/LogOn - 51722 preapprovaluser@gmail.com ::1 Mozilla/5.0+(Windows+NT+10.0;+Win64;+x64)+AppleWebKit/537.36+(KHTML,+like+Gecko)+Chrome/60.0.3112.113+Safari/537.36 http://localhost:51722/User/LogOn 302 0 0 22436
#Software: Microsoft Internet Information Services 8.0
#Version: 1.0
#Date: 2017-09-26 13:10:18
#Fields: date time s-ip cs-method cs-uri-stem cs-uri-query s-port cs-username c-ip cs(User-Agent) cs(Referer) sc-status sc-substatus sc-win32-status time-taken
2017-09-26 13:10:18 ::1 GET / - 51722 preapprovaluser@gmail.com ::1 Mozilla/5.0+(Windows+NT+10.0;+Win64;+x64)+AppleWebKit/537.36+(KHTML,+like+Gecko)+Chrome/60.0.3112.113+Safari/537.36 - 302 0 0 22209
2017-09-26 13:10:25 ::1 GET /User/LogOn - 51722 preapprovaluser@gmail.com ::1 Mozilla/5.0+(Windows+NT+10.0;+Win64;+x64)+AppleWebKit/537.36+(KHTML,+like+Gecko)+Chrome/60.0.3112.113+Safari/537.36 - 200 0 0 6831
2017-09-26 13:10:58 ::1 POST /User/LogOn - 51722 preapprovaluser@gmail.com ::1 Mozilla/5.0+(Windows+NT+10.0;+Win64;+x64)+AppleWebKit/537.36+(KHTML,+like+Gecko)+Chrome/60.0.3112.113+Safari/537.36 http://localhost:51722/User/LogOn 302 0 0 21221
2017-09-26 13:11:49 ::1 GET / - 51722 preapprovaluser@gmail.com ::1 Mozilla/5.0+(Windows+NT+10.0;+Win64;+x64)+AppleWebKit/537.36+(KHTML,+like+Gecko)+Chrome/60.0.3112.113+Safari/537.36 http://localhost:51722/User/LogOn 200 0 0 50206
2017-09-26 13:11:49 ::1 GET /images/icons/paper_pencil_48.png - 51722 - ::1 Mozilla/5.0+(Windows+NT+10.0;+Win64;+x64)+AppleWebKit/537.36+(KHTML,+like+Gecko)+Chrome/60.0.3112.113+Safari/537.36 http://localhost:51722/ 200 0 0 40
2017-09-26 13:11:49 ::1 GET /images/icons/add_48.png - 51722 - ::1 Mozilla/5.0+(Windows+NT+10.0;+Win64;+x64)+AppleWebKit/537.36+(KHTML,+like+Gecko)+Chrome/60.0.3112.113+Safari/537.36 http://localhost:51722/ 200 0 0 13
2017-09-26 13:12:33 ::1 GET /Expense/AddTransactionToReport ExpenseId=202 51722 preapprovaluser@gmail.com ::1 Mozilla/5.0+(Windows+NT+10.0;+Win64;+x64)+AppleWebKit/537.36+(KHTML,+like+Gecko)+Chrome/60.0.3112.113+Safari/537.36 http://localhost:51722/ 200 0 0 35597
2017-09-26 13:12:33 ::1 GET /scripts/v2/progress.min.css - 51722 - ::1 Mozilla/5.0+(Windows+NT+10.0;+Win64;+x64)+AppleWebKit/537.36+(KHTML,+like+Gecko)+Chrome/60.0.3112.113+Safari/537.36 http://localhost:51722/Expense/AddTransactionToReport?ExpenseId=202 200 0 0 56
2017-09-26 13:12:33 ::1 GET /css/jquery.loading.1.6.css - 51722 - ::1 Mozilla/5.0+(Windows+NT+10.0;+Win64;+x64)+AppleWebKit/537.36+(KHTML,+like+Gecko)+Chrome/60.0.3112.113+Safari/537.36 http://localhost:51722/Expense/AddTransactionToReport?ExpenseId=202 200 0 0 29
2017-09-26 13:12:33 ::1 GET /Scripts/v2/common.js - 51722 - ::1 Mozilla/5.0+(Windows+NT+10.0;+Win64;+x64)+AppleWebKit/537.36+(KHTML,+like+Gecko)+Chrome/60.0.3112.113+Safari/537.36 http://localhost:51722/Expense/AddTransactionToReport?ExpenseId=202 200 0 0 23
2017-09-26 13:12:33 ::1 GET /Scripts/jquery.loading.1.6.4.min.js - 51722 - ::1 Mozilla/5.0+(Windows+NT+10.0;+Win64;+x64)+AppleWebKit/537.36+(KHTML,+like+Gecko)+Chrome/60.0.3112.113+Safari/537.36 http://localhost:51722/Expense/AddTransactionToReport?ExpenseId=202 200 0 0 17
2017-09-26 13:12:33 ::1 GET /images/icons/split.png - 51722 - ::1 Mozilla/5.0+(Windows+NT+10.0;+Win64;+x64)+AppleWebKit/537.36+(KHTML,+like+Gecko)+Chrome/60.0.3112.113+Safari/537.36 http://localhost:51722/Expense/AddTransactionToReport?ExpenseId=202 200 0 0 9
2017-09-26 13:12:35 ::1 GET /TravelType/IsSubTravelCashAdvanced TravelTypeId=1 51722 preapprovaluser@gmail.com ::1 Mozilla/5.0+(Windows+NT+10.0;+Win64;+x64)+AppleWebKit/537.36+(KHTML,+like+Gecko)+Chrome/60.0.3112.113+Safari/537.36 http://localhost:51722/Expense/AddTransactionToReport?ExpenseId=202 200 0 0 765
2017-09-26 13:12:35 ::1 GET /Expense/GetTravelTypeHeaderMapping TravelTypeId=1 51722 preapprovaluser@gmail.com ::1 Mozilla/5.0+(Windows+NT+10.0;+Win64;+x64)+AppleWebKit/537.36+(KHTML,+like+Gecko)+Chrome/60.0.3112.113+Safari/537.36 http://localhost:51722/Expense/AddTransactionToReport?ExpenseId=202 200 0 0 1336
2017-09-26 13:12:42 ::1 GET /Expense/PrepareExpenseApprovalProgressBar/ ExpenseId=202&UserId=59&_=1506431554444 51722 preapprovaluser@gmail.com ::1 Mozilla/5.0+(Windows+NT+10.0;+Win64;+x64)+AppleWebKit/537.36+(KHTML,+like+Gecko)+Chrome/60.0.3112.113+Safari/537.36 http://localhost:51722/Expense/AddTransactionToReport?ExpenseId=202 200 0 0 8300
2017-09-26 13:12:59 ::1 GET /Expense/DisplayReceipt/ ExpenseId=201&_=1506431577924 51722 preapprovaluser@gmail.com ::1 Mozilla/5.0+(Windows+NT+10.0;+Win64;+x64)+AppleWebKit/537.36+(KHTML,+like+Gecko)+Chrome/60.0.3112.113+Safari/537.36 http://localhost:51722/Expense/AddTransactionToReport?ExpenseId=202 200 0 0 1570
2017-09-26 13:12:59 ::1 GET /css/displayreceipt-css v=aORbXYJcHRQFtzbX0BgCVGqc1ZBclrGwcAegqH_VJLk1 51722 preapprovaluser@gmail.com ::1 Mozilla/5.0+(Windows+NT+10.0;+Win64;+x64)+AppleWebKit/537.36+(KHTML,+like+Gecko)+Chrome/60.0.3112.113+Safari/537.36 http://localhost:51722/Expense/AddTransactionToReport?ExpenseId=202 200 0 0 15
2017-09-26 13:12:59 ::1 GET /Scripts/displayreceipt-js v=2AlxdAYRlyg_4qrIwaOxfz6Y81AbcAqGH-bMVM7WxRg1&_=1506431579499 51722 preapprovaluser@gmail.com ::1 Mozilla/5.0+(Windows+NT+10.0;+Win64;+x64)+AppleWebKit/537.36+(KHTML,+like+Gecko)+Chrome/60.0.3112.113+Safari/537.36 http://localhost:51722/Expense/AddTransactionToReport?ExpenseId=202 200 0 0 20
2017-09-26 13:13:26 ::1 GET /Expense/Create ExpenseReportCategory=PreExpenseReport 51722 preapprovaluser@gmail.com ::1 Mozilla/5.0+(Windows+NT+10.0;+Win64;+x64)+AppleWebKit/537.36+(KHTML,+like+Gecko)+Chrome/60.0.3112.113+Safari/537.36 http://localhost:51722/Expense/AddTransactionToReport?ExpenseId=202 200 0 0 6849
2017-09-26 13:13:26 ::1 GET /TravelType/IsSubTravelCashAdvanced TravelTypeId=2 51722 preapprovaluser@gmail.com ::1 Mozilla/5.0+(Windows+NT+10.0;+Win64;+x64)+AppleWebKit/537.36+(KHTML,+like+Gecko)+Chrome/60.0.3112.113+Safari/537.36 http://localhost:51722/Expense/Create?ExpenseReportCategory=PreExpenseReport 200 0 0 499
2017-09-26 13:13:27 ::1 GET /Expense/GetTravelTypeHeaderMapping TravelTypeId=2 51722 preapprovaluser@gmail.com ::1 Mozilla/5.0+(Windows+NT+10.0;+Win64;+x64)+AppleWebKit/537.36+(KHTML,+like+Gecko)+Chrome/60.0.3112.113+Safari/537.36 http://localhost:51722/Expense/Create?ExpenseReportCategory=PreExpenseReport 200 0 0 801
2017-09-26 13:14:38 ::1 POST /Expense/Create - 51722 preapprovaluser@gmail.com ::1 Mozilla/5.0+(Windows+NT+10.0;+Win64;+x64)+AppleWebKit/537.36+(KHTML,+like+Gecko)+Chrome/60.0.3112.113+Safari/537.36 http://localhost:51722/Expense/Create?ExpenseReportCategory=PreExpenseReport 302 0 0 6778
2017-09-26 13:15:09 ::1 GET /Expense/AddTransactionToReport ExpenseId=204 51722 preapprovaluser@gmail.com ::1 Mozilla/5.0+(Windows+NT+10.0;+Win64;+x64)+AppleWebKit/537.36+(KHTML,+like+Gecko)+Chrome/60.0.3112.113+Safari/537.36 http://localhost:51722/Expense/Create?ExpenseReportCategory=PreExpenseReport 200 0 0 30965
2017-09-26 13:15:57 ::1 GET /Expense/PrepareExpenseApprovalProgressBar/ ExpenseId=204&UserId=59&_=1506431709865 51722 preapprovaluser@gmail.com ::1 Mozilla/5.0+(Windows+NT+10.0;+Win64;+x64)+AppleWebKit/537.36+(KHTML,+like+Gecko)+Chrome/60.0.3112.113+Safari/537.36 http://localhost:51722/Expense/AddTransactionToReport?ExpenseId=204 200 0 0 47516
2017-09-26 13:15:57 ::1 GET /TravelType/IsSubTravelCashAdvanced TravelTypeId=2 51722 preapprovaluser@gmail.com ::1 Mozilla/5.0+(Windows+NT+10.0;+Win64;+x64)+AppleWebKit/537.36+(KHTML,+like+Gecko)+Chrome/60.0.3112.113+Safari/537.36 http://localhost:51722/Expense/AddTransactionToReport?ExpenseId=204 302 0 0 48162
2017-09-26 13:16:35 ::1 GET /Error/NotFound aspxerrorpath=/TravelType/IsSubTravelCashAdvanced 51722 preapprovaluser@gmail.com ::1 Mozilla/5.0+(Windows+NT+10.0;+Win64;+x64)+AppleWebKit/537.36+(KHTML,+like+Gecko)+Chrome/60.0.3112.113+Safari/537.36 http://localhost:51722/Expense/AddTransactionToReport?ExpenseId=204 302 0 64 36998
2017-09-26 13:16:35 ::1 GET /Expense/GetTravelTypeHeaderMapping TravelTypeId=2 51722 preapprovaluser@gmail.com ::1 Mozilla/5.0+(Windows+NT+10.0;+Win64;+x64)+AppleWebKit/537.36+(KHTML,+like+Gecko)+Chrome/60.0.3112.113+Safari/537.36 http://localhost:51722/Expense/AddTransactionToReport?ExpenseId=204 302 0 64 85162
2017-09-26 13:16:35 ::1 GET /Expense/DisplayReceipt/ ExpenseId=204&_=1506431768194 51722 preapprovaluser@gmail.com ::1 Mozilla/5.0+(Windows+NT+10.0;+Win64;+x64)+AppleWebKit/537.36+(KHTML,+like+Gecko)+Chrome/60.0.3112.113+Safari/537.36 http://localhost:51722/Expense/AddTransactionToReport?ExpenseId=204 302 0 0 27305
#Software: Microsoft Internet Information Services 8.0
#Version: 1.0
#Date: 2017-09-26 13:18:06
#Fields: date time s-ip cs-method cs-uri-stem cs-uri-query s-port cs-username c-ip cs(User-Agent) cs(Referer) sc-status sc-substatus sc-win32-status time-taken
2017-09-26 13:18:06 ::1 GET / - 51722 preapprovaluser@gmail.com ::1 Mozilla/5.0+(Windows+NT+10.0;+Win64;+x64)+AppleWebKit/537.36+(KHTML,+like+Gecko)+Chrome/60.0.3112.113+Safari/537.36 - 302 0 0 14568
2017-09-26 13:18:55 ::1 GET /User/LogOn - 51722 preapprovaluser@gmail.com ::1 Mozilla/5.0+(Windows+NT+10.0;+Win64;+x64)+AppleWebKit/537.36+(KHTML,+like+Gecko)+Chrome/60.0.3112.113+Safari/537.36 - 200 0 0 49253
2017-09-26 13:19:38 ::1 POST /User/LogOn - 51722 preapprovaluser@gmail.com ::1 Mozilla/5.0+(Windows+NT+10.0;+Win64;+x64)+AppleWebKit/537.36+(KHTML,+like+Gecko)+Chrome/60.0.3112.113+Safari/537.36 http://localhost:51722/User/LogOn 302 0 0 19996
2017-09-26 13:20:12 ::1 GET / - 51722 preapprovaluser@gmail.com ::1 Mozilla/5.0+(Windows+NT+10.0;+Win64;+x64)+AppleWebKit/537.36+(KHTML,+like+Gecko)+Chrome/60.0.3112.113+Safari/537.36 http://localhost:51722/User/LogOn 200 0 0 34761
2017-09-26 13:20:24 ::1 GET /Home/PageIndexChangeMyExpense page=1&X-Requested-With=XMLHttpRequest&_=1506432020176 51722 preapprovaluser@gmail.com ::1 Mozilla/5.0+(Windows+NT+10.0;+Win64;+x64)+AppleWebKit/537.36+(KHTML,+like+Gecko)+Chrome/60.0.3112.113+Safari/537.36 http://localhost:51722/ 200 0 0 4210
2017-09-26 13:21:00 ::1 GET / page=2&tab=0 51722 preapprovaluser@gmail.com ::1 Mozilla/5.0+(Windows+NT+10.0;+Win64;+x64)+AppleWebKit/537.36+(KHTML,+like+Gecko)+Chrome/60.0.3112.113+Safari/537.36 http://localhost:51722/ 200 0 0 28647
2017-09-26 13:21:15 ::1 GET /Home/PageIndexChangeMyExpense page=1&X-Requested-With=XMLHttpRequest&_=1506432071438 51722 preapprovaluser@gmail.com ::1 Mozilla/5.0+(Windows+NT+10.0;+Win64;+x64)+AppleWebKit/537.36+(KHTML,+like+Gecko)+Chrome/60.0.3112.113+Safari/537.36 http://localhost:51722/?page=2&tab=0 200 0 0 4398
2017-09-26 13:22:35 ::1 GET /Expense/Create ExpenseReportCategory=PreExpenseReport 51722 preapprovaluser@gmail.com ::1 Mozilla/5.0+(Windows+NT+10.0;+Win64;+x64)+AppleWebKit/537.36+(KHTML,+like+Gecko)+Chrome/60.0.3112.113+Safari/537.36 http://localhost:51722/?page=2&tab=0 200 0 0 6611
2017-09-26 13:22:35 ::1 GET /TravelType/IsSubTravelCashAdvanced TravelTypeId=2 51722 preapprovaluser@gmail.com ::1 Mozilla/5.0+(Windows+NT+10.0;+Win64;+x64)+AppleWebKit/537.36+(KHTML,+like+Gecko)+Chrome/60.0.3112.113+Safari/537.36 http://localhost:51722/Expense/Create?ExpenseReportCategory=PreExpenseReport 200 0 0 601
2017-09-26 13:22:36 ::1 GET /Expense/GetTravelTypeHeaderMapping TravelTypeId=2 51722 preapprovaluser@gmail.com ::1 Mozilla/5.0+(Windows+NT+10.0;+Win64;+x64)+AppleWebKit/537.36+(KHTML,+like+Gecko)+Chrome/60.0.3112.113+Safari/537.36 http://localhost:51722/Expense/Create?ExpenseReportCategory=PreExpenseReport 200 0 0 1296
#Software: Microsoft Internet Information Services 8.0
#Version: 1.0
#Date: 2017-09-26 13:40:57
#Fields: date time s-ip cs-method cs-uri-stem cs-uri-query s-port cs-username c-ip cs(User-Agent) cs(Referer) sc-status sc-substatus sc-win32-status time-taken
2017-09-26 13:40:57 ::1 GET / - 51722 - ::1 Mozilla/5.0+(Windows+NT+10.0;+Win64;+x64)+AppleWebKit/537.36+(KHTML,+like+Gecko)+Chrome/60.0.3112.113+Safari/537.36 - 302 0 0 26878
2017-09-26 13:41:10 ::1 GET /User/LogOn - 51722 - ::1 Mozilla/5.0+(Windows+NT+10.0;+Win64;+x64)+AppleWebKit/537.36+(KHTML,+like+Gecko)+Chrome/60.0.3112.113+Safari/537.36 - 200 0 0 12760
2017-09-26 13:41:40 ::1 POST /User/LogOn - 51722 - ::1 Mozilla/5.0+(Windows+NT+10.0;+Win64;+x64)+AppleWebKit/537.36+(KHTML,+like+Gecko)+Chrome/60.0.3112.113+Safari/537.36 http://localhost:51722/User/LogOn 302 0 0 18851
2017-09-26 13:42:40 ::1 GET / - 51722 preapprovaluser@gmail.com ::1 Mozilla/5.0+(Windows+NT+10.0;+Win64;+x64)+AppleWebKit/537.36+(KHTML,+like+Gecko)+Chrome/60.0.3112.113+Safari/537.36 http://localhost:51722/User/LogOn 200 0 0 60465
2017-09-26 13:46:02 ::1 GET /Expense/AddTransactionToReport ExpenseId=202 51722 preapprovaluser@gmail.com ::1 Mozilla/5.0+(Windows+NT+10.0;+Win64;+x64)+AppleWebKit/537.36+(KHTML,+like+Gecko)+Chrome/60.0.3112.113+Safari/537.36 http://localhost:51722/ 200 0 0 125569
2017-09-26 13:46:02 ::1 GET /Expense/GetTravelTypeHeaderMapping TravelTypeId=1 51722 preapprovaluser@gmail.com ::1 Mozilla/5.0+(Windows+NT+10.0;+Win64;+x64)+AppleWebKit/537.36+(KHTML,+like+Gecko)+Chrome/60.0.3112.113+Safari/537.36 http://localhost:51722/Expense/AddTransactionToReport?ExpenseId=202 200 0 0 259
2017-09-26 13:46:04 ::1 GET /TravelType/IsSubTravelCashAdvanced TravelTypeId=1 51722 preapprovaluser@gmail.com ::1 Mozilla/5.0+(Windows+NT+10.0;+Win64;+x64)+AppleWebKit/537.36+(KHTML,+like+Gecko)+Chrome/60.0.3112.113+Safari/537.36 http://localhost:51722/Expense/AddTransactionToReport?ExpenseId=202 200 0 0 991
2017-09-26 13:46:10 ::1 GET /Expense/PrepareExpenseApprovalProgressBar/ ExpenseId=202&UserId=59&_=1506433563125 51722 preapprovaluser@gmail.com ::1 Mozilla/5.0+(Windows+NT+10.0;+Win64;+x64)+AppleWebKit/537.36+(KHTML,+like+Gecko)+Chrome/60.0.3112.113+Safari/537.36 http://localhost:51722/Expense/AddTransactionToReport?ExpenseId=202 200 0 0 7355
2017-09-26 13:46:50 ::1 GET /Expense/Create ExpenseReportCategory=PreExpenseReport 51722 preapprovaluser@gmail.com ::1 Mozilla/5.0+(Windows+NT+10.0;+Win64;+x64)+AppleWebKit/537.36+(KHTML,+like+Gecko)+Chrome/60.0.3112.113+Safari/537.36 http://localhost:51722/Expense/AddTransactionToReport?ExpenseId=202 200 0 0 7314
2017-09-26 13:46:50 ::1 GET /Expense/GetTravelTypeHeaderMapping TravelTypeId=2 51722 preapprovaluser@gmail.com ::1 Mozilla/5.0+(Windows+NT+10.0;+Win64;+x64)+AppleWebKit/537.36+(KHTML,+like+Gecko)+Chrome/60.0.3112.113+Safari/537.36 http://localhost:51722/Expense/Create?ExpenseReportCategory=PreExpenseReport 200 0 0 246
2017-09-26 13:46:51 ::1 GET /TravelType/IsSubTravelCashAdvanced TravelTypeId=2 51722 preapprovaluser@gmail.com ::1 Mozilla/5.0+(Windows+NT+10.0;+Win64;+x64)+AppleWebKit/537.36+(KHTML,+like+Gecko)+Chrome/60.0.3112.113+Safari/537.36 http://localhost:51722/Expense/Create?ExpenseReportCategory=PreExpenseReport 200 0 0 966
#Software: Microsoft Internet Information Services 8.0
#Version: 1.0
#Date: 2017-09-26 13:54:03
#Fields: date time s-ip cs-method cs-uri-stem cs-uri-query s-port cs-username c-ip cs(User-Agent) cs(Referer) sc-status sc-substatus sc-win32-status time-taken
2017-09-26 13:54:03 ::1 GET / - 51722 preapprovaluser@gmail.com ::1 Mozilla/5.0+(Windows+NT+10.0;+Win64;+x64)+AppleWebKit/537.36+(KHTML,+like+Gecko)+Chrome/60.0.3112.113+Safari/537.36 - 302 0 0 22934
2017-09-26 13:54:17 ::1 GET /User/LogOn - 51722 preapprovaluser@gmail.com ::1 Mozilla/5.0+(Windows+NT+10.0;+Win64;+x64)+AppleWebKit/537.36+(KHTML,+like+Gecko)+Chrome/60.0.3112.113+Safari/537.36 - 200 0 0 14226
2017-09-26 13:55:11 ::1 POST /User/LogOn - 51722 preapprovaluser@gmail.com ::1 Mozilla/5.0+(Windows+NT+10.0;+Win64;+x64)+AppleWebKit/537.36+(KHTML,+like+Gecko)+Chrome/60.0.3112.113+Safari/537.36 http://localhost:51722/User/LogOn 302 0 0 19246
2017-09-26 13:56:12 ::1 GET / - 51722 preapprovaluser@gmail.com ::1 Mozilla/5.0+(Windows+NT+10.0;+Win64;+x64)+AppleWebKit/537.36+(KHTML,+like+Gecko)+Chrome/60.0.3112.113+Safari/537.36 http://localhost:51722/User/LogOn 200 0 0 60825
2017-09-26 13:56:25 ::1 GET /Expense/Create - 51722 preapprovaluser@gmail.com ::1 Mozilla/5.0+(Windows+NT+10.0;+Win64;+x64)+AppleWebKit/537.36+(KHTML,+like+Gecko)+Chrome/60.0.3112.113+Safari/537.36 http://localhost:51722/ 200 0 0 8313
2017-09-26 13:56:25 ::1 GET /TravelType/IsSubTravelCashAdvanced TravelTypeId=1 51722 preapprovaluser@gmail.com ::1 Mozilla/5.0+(Windows+NT+10.0;+Win64;+x64)+AppleWebKit/537.36+(KHTML,+like+Gecko)+Chrome/60.0.3112.113+Safari/537.36 http://localhost:51722/Expense/Create 200 0 0 599
2017-09-26 13:56:26 ::1 GET /Expense/GetTravelTypeHeaderMapping TravelTypeId=1 51722 preapprovaluser@gmail.com ::1 Mozilla/5.0+(Windows+NT+10.0;+Win64;+x64)+AppleWebKit/537.36+(KHTML,+like+Gecko)+Chrome/60.0.3112.113+Safari/537.36 http://localhost:51722/Expense/Create 200 0 0 1293
2017-09-26 13:56:54 ::1 GET /Expense/Create ExpenseReportCategory=PreExpenseReport 51722 preapprovaluser@gmail.com ::1 Mozilla/5.0+(Windows+NT+10.0;+Win64;+x64)+AppleWebKit/537.36+(KHTML,+like+Gecko)+Chrome/60.0.3112.113+Safari/537.36 http://localhost:51722/Expense/Create 200 0 0 9211
2017-09-26 13:56:54 ::1 GET /TravelType/IsSubTravelCashAdvanced TravelTypeId=2 51722 preapprovaluser@gmail.com ::1 Mozilla/5.0+(Windows+NT+10.0;+Win64;+x64)+AppleWebKit/537.36+(KHTML,+like+Gecko)+Chrome/60.0.3112.113+Safari/537.36 http://localhost:51722/Expense/Create?ExpenseReportCategory=PreExpenseReport 200 0 0 519
2017-09-26 13:56:55 ::1 GET /Expense/GetTravelTypeHeaderMapping TravelTypeId=2 51722 preapprovaluser@gmail.com ::1 Mozilla/5.0+(Windows+NT+10.0;+Win64;+x64)+AppleWebKit/537.36+(KHTML,+like+Gecko)+Chrome/60.0.3112.113+Safari/537.36 http://localhost:51722/Expense/Create?ExpenseReportCategory=PreExpenseReport 200 0 0 792
2017-09-26 13:57:55 ::1 POST /Expense/Create - 51722 preapprovaluser@gmail.com ::1 Mozilla/5.0+(Windows+NT+10.0;+Win64;+x64)+AppleWebKit/537.36+(KHTML,+like+Gecko)+Chrome/60.0.3112.113+Safari/537.36 http://localhost:51722/Expense/Create?ExpenseReportCategory=PreExpenseReport 302 0 0 40033
2017-09-26 13:59:24 ::1 GET /Expense/AddTransactionToReport ExpenseId=205 51722 preapprovaluser@gmail.com ::1 Mozilla/5.0+(Windows+NT+10.0;+Win64;+x64)+AppleWebKit/537.36+(KHTML,+like+Gecko)+Chrome/60.0.3112.113+Safari/537.36 http://localhost:51722/Expense/Create?ExpenseReportCategory=PreExpenseReport 200 0 0 89072
2017-09-26 13:59:24 ::1 GET /images/icons/cross_grey_small.png - 51722 - ::1 Mozilla/5.0+(Windows+NT+10.0;+Win64;+x64)+AppleWebKit/537.36+(KHTML,+like+Gecko)+Chrome/60.0.3112.113+Safari/537.36 http://localhost:51722/Expense/AddTransactionToReport?ExpenseId=205 200 0 0 46
2017-09-26 13:59:24 ::1 GET /Expense/GetTravelTypeHeaderMapping TravelTypeId=2 51722 preapprovaluser@gmail.com ::1 Mozilla/5.0+(Windows+NT+10.0;+Win64;+x64)+AppleWebKit/537.36+(KHTML,+like+Gecko)+Chrome/60.0.3112.113+Safari/537.36 http://localhost:51722/Expense/AddTransactionToReport?ExpenseId=205 200 0 0 328
2017-09-26 13:59:33 ::1 GET /Expense/PrepareExpenseApprovalProgressBar/ ExpenseId=205&UserId=59&_=1506434365034 51722 preapprovaluser@gmail.com ::1 Mozilla/5.0+(Windows+NT+10.0;+Win64;+x64)+AppleWebKit/537.36+(KHTML,+like+Gecko)+Chrome/60.0.3112.113+Safari/537.36 http://localhost:51722/Expense/AddTransactionToReport?ExpenseId=205 200 0 0 8310
2017-09-26 13:59:33 ::1 GET /TravelType/IsSubTravelCashAdvanced TravelTypeId=2 51722 preapprovaluser@gmail.com ::1 Mozilla/5.0+(Windows+NT+10.0;+Win64;+x64)+AppleWebKit/537.36+(KHTML,+like+Gecko)+Chrome/60.0.3112.113+Safari/537.36 http://localhost:51722/Expense/AddTransactionToReport?ExpenseId=205 200 0 0 9137
2017-09-26 13:59:58 ::1 GET /Expense/Create ExpenseReportCategory=PreExpenseReport 51722 preapprovaluser@gmail.com ::1 Mozilla/5.0+(Windows+NT+10.0;+Win64;+x64)+AppleWebKit/537.36+(KHTML,+like+Gecko)+Chrome/60.0.3112.113+Safari/537.36 http://localhost:51722/Expense/AddTransactionToReport?ExpenseId=205 200 0 0 7847
2017-09-26 13:59:58 ::1 GET /TravelType/IsSubTravelCashAdvanced TravelTypeId=2 51722 preapprovaluser@gmail.com ::1 Mozilla/5.0+(Windows+NT+10.0;+Win64;+x64)+AppleWebKit/537.36+(KHTML,+like+Gecko)+Chrome/60.0.3112.113+Safari/537.36 http://localhost:51722/Expense/Create?ExpenseReportCategory=PreExpenseReport 200 0 0 487
2017-09-26 13:59:59 ::1 GET /Expense/GetTravelTypeHeaderMapping TravelTypeId=2 51722 preapprovaluser@gmail.com ::1 Mozilla/5.0+(Windows+NT+10.0;+Win64;+x64)+AppleWebKit/537.36+(KHTML,+like+Gecko)+Chrome/60.0.3112.113+Safari/537.36 http://localhost:51722/Expense/Create?ExpenseReportCategory=PreExpenseReport 200 0 0 795
2017-09-26 14:02:17 ::1 POST /Expense/Create - 51722 preapprovaluser@gmail.com ::1 Mozilla/5.0+(Windows+NT+10.0;+Win64;+x64)+AppleWebKit/537.36+(KHTML,+like+Gecko)+Chrome/60.0.3112.113+Safari/537.36 http://localhost:51722/Expense/Create?ExpenseReportCategory=PreExpenseReport 302 0 0 110757
2017-09-26 14:02:44 ::1 GET /Expense/AddTransactionToReport ExpenseId=206 51722 preapprovaluser@gmail.com ::1 Mozilla/5.0+(Windows+NT+10.0;+Win64;+x64)+AppleWebKit/537.36+(KHTML,+like+Gecko)+Chrome/60.0.3112.113+Safari/537.36 http://localhost:51722/Expense/Create?ExpenseReportCategory=PreExpenseReport 200 0 0 26520
2017-09-26 14:02:44 ::1 GET /TravelType/IsSubTravelCashAdvanced TravelTypeId=2 51722 preapprovaluser@gmail.com ::1 Mozilla/5.0+(Windows+NT+10.0;+Win64;+x64)+AppleWebKit/537.36+(KHTML,+like+Gecko)+Chrome/60.0.3112.113+Safari/537.36 http://localhost:51722/Expense/AddTransactionToReport?ExpenseId=206 200 0 0 500
2017-09-26 14:02:53 ::1 GET /Expense/PrepareExpenseApprovalProgressBar/ ExpenseId=206&UserId=59&_=1506434564325 51722 preapprovaluser@gmail.com ::1 Mozilla/5.0+(Windows+NT+10.0;+Win64;+x64)+AppleWebKit/537.36+(KHTML,+like+Gecko)+Chrome/60.0.3112.113+Safari/537.36 http://localhost:51722/Expense/AddTransactionToReport?ExpenseId=206 200 0 0 9113
2017-09-26 14:02:53 ::1 GET /Expense/GetTravelTypeHeaderMapping TravelTypeId=2 51722 preapprovaluser@gmail.com ::1 Mozilla/5.0+(Windows+NT+10.0;+Win64;+x64)+AppleWebKit/537.36+(KHTML,+like+Gecko)+Chrome/60.0.3112.113+Safari/537.36 http://localhost:51722/Expense/AddTransactionToReport?ExpenseId=206 200 0 0 9407
#Software: Microsoft Internet Information Services 8.0
#Version: 1.0
#Date: 2017-09-26 14:38:24
#Fields: date time s-ip cs-method cs-uri-stem cs-uri-query s-port cs-username c-ip cs(User-Agent) cs(Referer) sc-status sc-substatus sc-win32-status time-taken
2017-09-26 14:38:24 ::1 GET /User/LogOut - 51722 - ::1 Mozilla/5.0+(Windows+NT+10.0;+Win64;+x64)+AppleWebKit/537.36+(KHTML,+like+Gecko)+Chrome/60.0.3112.113+Safari/537.36 - 302 0 0 58705
2017-09-26 14:38:27 ::1 GET / - 51722 - ::1 Mozilla/5.0+(Windows+NT+10.0;+Win64;+x64)+AppleWebKit/537.36+(KHTML,+like+Gecko)+Chrome/60.0.3112.113+Safari/537.36 - 302 0 0 2434
2017-09-26 14:38:34 ::1 GET /Expense/PartialTravelQuoteItineraryLinks - 51722 - ::1 Mozilla/5.0+(Windows+NT+10.0;+Win64;+x64)+AppleWebKit/537.36+(KHTML,+like+Gecko)+Chrome/60.0.3112.113+Safari/537.36 - 302 0 0 82039
2017-09-26 14:38:41 ::1 GET /User/LogOn - 51722 - ::1 Mozilla/5.0+(Windows+NT+10.0;+Win64;+x64)+AppleWebKit/537.36+(KHTML,+like+Gecko)+Chrome/60.0.3112.113+Safari/537.36 - 200 0 0 13874
#Software: Microsoft Internet Information Services 8.0
#Version: 1.0
#Date: 2017-09-26 14:39:46
#Fields: date time s-ip cs-method cs-uri-stem cs-uri-query s-port cs-username c-ip cs(User-Agent) cs(Referer) sc-status sc-substatus sc-win32-status time-taken
2017-09-26 14:39:46 ::1 GET / - 51722 - ::1 Mozilla/5.0+(Windows+NT+10.0;+Win64;+x64)+AppleWebKit/537.36+(KHTML,+like+Gecko)+Chrome/60.0.3112.113+Safari/537.36 - 302 0 0 15813
2017-09-26 14:39:55 ::1 GET /User/LogOn - 51722 - ::1 Mozilla/5.0+(Windows+NT+10.0;+Win64;+x64)+AppleWebKit/537.36+(KHTML,+like+Gecko)+Chrome/60.0.3112.113+Safari/537.36 - 200 0 0 9151
2017-09-26 14:40:18 ::1 POST /User/LogOn - 51722 - ::1 Mozilla/5.0+(Windows+NT+10.0;+Win64;+x64)+AppleWebKit/537.36+(KHTML,+like+Gecko)+Chrome/60.0.3112.113+Safari/537.36 http://localhost:51722/User/LogOn 200 0 0 12472
2017-09-26 14:41:42 ::1 POST /User/LogOn - 51722 - ::1 Mozilla/5.0+(Windows+NT+10.0;+Win64;+x64)+AppleWebKit/537.36+(KHTML,+like+Gecko)+Chrome/60.0.3112.113+Safari/537.36 http://localhost:51722/User/LogOn 302 0 0 14117
2017-09-26 14:42:41 ::1 GET / - 51722 preapprovaluser@gmail.com ::1 Mozilla/5.0+(Windows+NT+10.0;+Win64;+x64)+AppleWebKit/537.36+(KHTML,+like+Gecko)+Chrome/60.0.3112.113+Safari/537.36 http://localhost:51722/User/LogOn 200 0 0 59425
2017-09-26 14:42:56 ::1 GET /Expense/Create ExpenseReportCategory=PreExpenseReport 51722 preapprovaluser@gmail.com ::1 Mozilla/5.0+(Windows+NT+10.0;+Win64;+x64)+AppleWebKit/537.36+(KHTML,+like+Gecko)+Chrome/60.0.3112.113+Safari/537.36 http://localhost:51722/ 200 0 0 8085
2017-09-26 14:42:56 ::1 GET /Expense/GetTravelTypeHeaderMapping TravelTypeId=2 51722 preapprovaluser@gmail.com ::1 Mozilla/5.0+(Windows+NT+10.0;+Win64;+x64)+AppleWebKit/537.36+(KHTML,+like+Gecko)+Chrome/60.0.3112.113+Safari/537.36 http://localhost:51722/Expense/Create?ExpenseReportCategory=PreExpenseReport 200 0 0 271
2017-09-26 14:42:57 ::1 GET /TravelType/IsSubTravelCashAdvanced TravelTypeId=2 51722 preapprovaluser@gmail.com ::1 Mozilla/5.0+(Windows+NT+10.0;+Win64;+x64)+AppleWebKit/537.36+(KHTML,+like+Gecko)+Chrome/60.0.3112.113+Safari/537.36 http://localhost:51722/Expense/Create?ExpenseReportCategory=PreExpenseReport 200 0 0 1188
2017-09-26 14:43:32 ::1 POST /Expense/Create - 51722 preapprovaluser@gmail.com ::1 Mozilla/5.0+(Windows+NT+10.0;+Win64;+x64)+AppleWebKit/537.36+(KHTML,+like+Gecko)+Chrome/60.0.3112.113+Safari/537.36 http://localhost:51722/Expense/Create?ExpenseReportCategory=PreExpenseReport 302 0 0 9477
2017-09-26 14:44:20 ::1 GET /Expense/AddTransactionToReport ExpenseId=207 51722 preapprovaluser@gmail.com ::1 Mozilla/5.0+(Windows+NT+10.0;+Win64;+x64)+AppleWebKit/537.36+(KHTML,+like+Gecko)+Chrome/60.0.3112.113+Safari/537.36 http://localhost:51722/Expense/Create?ExpenseReportCategory=PreExpenseReport 200 0 0 48361
2017-09-26 14:44:20 ::1 GET /TravelType/IsSubTravelCashAdvanced TravelTypeId=2 51722 preapprovaluser@gmail.com ::1 Mozilla/5.0+(Windows+NT+10.0;+Win64;+x64)+AppleWebKit/537.36+(KHTML,+like+Gecko)+Chrome/60.0.3112.113+Safari/537.36 http://localhost:51722/Expense/AddTransactionToReport?ExpenseId=207 200 0 0 502
2017-09-26 14:44:21 ::1 GET /Expense/GetTravelTypeHeaderMapping TravelTypeId=2 51722 preapprovaluser@gmail.com ::1 Mozilla/5.0+(Windows+NT+10.0;+Win64;+x64)+AppleWebKit/537.36+(KHTML,+like+Gecko)+Chrome/60.0.3112.113+Safari/537.36 http://localhost:51722/Expense/AddTransactionToReport?ExpenseId=207 200 0 0 759
2017-09-26 14:44:29 ::1 GET /Expense/PrepareExpenseApprovalProgressBar/ ExpenseId=207&UserId=59&_=1506437061202 51722 preapprovaluser@gmail.com ::1 Mozilla/5.0+(Windows+NT+10.0;+Win64;+x64)+AppleWebKit/537.36+(KHTML,+like+Gecko)+Chrome/60.0.3112.113+Safari/537.36 http://localhost:51722/Expense/AddTransactionToReport?ExpenseId=207 200 0 0 8121
2017-09-26 14:44:39 ::1 GET /Expense/DisplayReceipt/ ExpenseId=207 51722 preapprovaluser@gmail.com ::1 Mozilla/5.0+(Windows+NT+10.0;+Win64;+x64)+AppleWebKit/537.36+(KHTML,+like+Gecko)+Chrome/60.0.3112.113+Safari/537.36 http://localhost:51722/Expense/AddTransactionToReport?ExpenseId=207 200 0 0 1619
2017-09-26 14:44:39 ::1 GET /Scripts/displayreceipt-js v=2AlxdAYRlyg_4qrIwaOxfz6Y81AbcAqGH-bMVM7WxRg1 51722 preapprovaluser@gmail.com ::1 Mozilla/5.0+(Windows+NT+10.0;+Win64;+x64)+AppleWebKit/537.36+(KHTML,+like+Gecko)+Chrome/60.0.3112.113+Safari/537.36 http://localhost:51722/Expense/DisplayReceipt/?ExpenseId=207 200 0 0 29
2017-09-26 14:44:46 ::1 GET /Expense/DisplayReceipt/ ExpenseId=207&_=1506437084746 51722 preapprovaluser@gmail.com ::1 Mozilla/5.0+(Windows+NT+10.0;+Win64;+x64)+AppleWebKit/537.36+(KHTML,+like+Gecko)+Chrome/60.0.3112.113+Safari/537.36 http://localhost:51722/Expense/AddTransactionToReport?ExpenseId=207 200 0 0 1410
2017-09-26 14:44:46 ::1 GET /Scripts/displayreceipt-js v=2AlxdAYRlyg_4qrIwaOxfz6Y81AbcAqGH-bMVM7WxRg1&_=1506437086163 51722 preapprovaluser@gmail.com ::1 Mozilla/5.0+(Windows+NT+10.0;+Win64;+x64)+AppleWebKit/537.36+(KHTML,+like+Gecko)+Chrome/60.0.3112.113+Safari/537.36 http://localhost:51722/Expense/AddTransactionToReport?ExpenseId=207 200 0 0 10
2017-09-26 14:45:17 ::1 GET /Expense/DisplayReceipt/ ExpenseId=207 51722 preapprovaluser@gmail.com ::1 Mozilla/5.0+(Windows+NT+10.0;+Win64;+x64)+AppleWebKit/537.36+(KHTML,+like+Gecko)+Chrome/60.0.3112.113+Safari/537.36 http://localhost:51722/Expense/AddTransactionToReport?ExpenseId=207 200 0 0 1442
2017-09-26 14:45:27 ::1 GET /Expense/PrepareExpenseApprovalProgressBar/ ExpenseId=207&UserId=59&_=1506437120445 51722 preapprovaluser@gmail.com ::1 Mozilla/5.0+(Windows+NT+10.0;+Win64;+x64)+AppleWebKit/537.36+(KHTML,+like+Gecko)+Chrome/60.0.3112.113+Safari/537.36 http://localhost:51722/Expense/AddTransactionToReport?ExpenseId=207 200 0 0 7346
2017-09-26 14:49:05 ::1 GET /Expense/AddTransactionToReport ExpenseId=207 51722 preapprovaluser@gmail.com ::1 Mozilla/5.0+(Windows+NT+10.0;+Win64;+x64)+AppleWebKit/537.36+(KHTML,+like+Gecko)+Chrome/60.0.3112.113+Safari/537.36 http://localhost:51722/Expense/Create?ExpenseReportCategory=PreExpenseReport 200 0 0 103653
2017-09-26 14:49:05 ::1 GET /favicon.ico - 51722 - ::1 Mozilla/5.0+(Windows+NT+10.0;+Win64;+x64)+AppleWebKit/537.36+(KHTML,+like+Gecko)+Chrome/60.0.3112.113+Safari/537.36 http://localhost:51722/Expense/AddTransactionToReport?ExpenseId=207 200 0 0 17
2017-09-26 14:49:05 ::1 GET /TravelType/IsSubTravelCashAdvanced TravelTypeId=2 51722 preapprovaluser@gmail.com ::1 Mozilla/5.0+(Windows+NT+10.0;+Win64;+x64)+AppleWebKit/537.36+(KHTML,+like+Gecko)+Chrome/60.0.3112.113+Safari/537.36 http://localhost:51722/Expense/AddTransactionToReport?ExpenseId=207 200 0 0 560
2017-09-26 14:49:06 ::1 GET /Expense/GetTravelTypeHeaderMapping TravelTypeId=2 51722 preapprovaluser@gmail.com ::1 Mozilla/5.0+(Windows+NT+10.0;+Win64;+x64)+AppleWebKit/537.36+(KHTML,+like+Gecko)+Chrome/60.0.3112.113+Safari/537.36 http://localhost:51722/Expense/AddTransactionToReport?ExpenseId=207 200 0 0 815
2017-09-26 14:49:13 ::1 GET /Expense/PrepareExpenseApprovalProgressBar/ ExpenseId=207&UserId=59&_=1506437345473 51722 preapprovaluser@gmail.com ::1 Mozilla/5.0+(Windows+NT+10.0;+Win64;+x64)+AppleWebKit/537.36+(KHTML,+like+Gecko)+Chrome/60.0.3112.113+Safari/537.36 http://localhost:51722/Expense/AddTransactionToReport?ExpenseId=207 200 0 0 7816
2017-09-26 14:49:33 ::1 GET /Expense/DisplayReceipt/ ExpenseId=207&_=1506437371644 51722 preapprovaluser@gmail.com ::1 Mozilla/5.0+(Windows+NT+10.0;+Win64;+x64)+AppleWebKit/537.36+(KHTML,+like+Gecko)+Chrome/60.0.3112.113+Safari/537.36 http://localhost:51722/Expense/AddTransactionToReport?ExpenseId=207 200 0 0 1393
2017-09-26 14:49:33 ::1 GET /Scripts/displayreceipt-js v=2AlxdAYRlyg_4qrIwaOxfz6Y81AbcAqGH-bMVM7WxRg1&_=1506437373098 51722 preapprovaluser@gmail.com ::1 Mozilla/5.0+(Windows+NT+10.0;+Win64;+x64)+AppleWebKit/537.36+(KHTML,+like+Gecko)+Chrome/60.0.3112.113+Safari/537.36 http://localhost:51722/Expense/AddTransactionToReport?ExpenseId=207 200 0 0 14
2017-09-26 14:52:47 ::1 GET /Expense/AddTransactionToReport ExpenseId=207 51722 preapprovaluser@gmail.com ::1 Mozilla/5.0+(Windows+NT+10.0;+Win64;+x64)+AppleWebKit/537.36+(KHTML,+like+Gecko)+Chrome/60.0.3112.113+Safari/537.36 http://localhost:51722/Expense/Create?ExpenseReportCategory=PreExpenseReport 200 0 0 60163
2017-09-26 14:52:47 ::1 GET /favicon.ico - 51722 - ::1 Mozilla/5.0+(Windows+NT+10.0;+Win64;+x64)+AppleWebKit/537.36+(KHTML,+like+Gecko)+Chrome/60.0.3112.113+Safari/537.36 http://localhost:51722/Expense/AddTransactionToReport?ExpenseId=207 200 0 0 12
2017-09-26 14:52:47 ::1 GET /TravelType/IsSubTravelCashAdvanced TravelTypeId=2 51722 preapprovaluser@gmail.com ::1 Mozilla/5.0+(Windows+NT+10.0;+Win64;+x64)+AppleWebKit/537.36+(KHTML,+like+Gecko)+Chrome/60.0.3112.113+Safari/537.36 http://localhost:51722/Expense/AddTransactionToReport?ExpenseId=207 200 0 0 496
2017-09-26 14:52:49 ::1 GET /Expense/GetTravelTypeHeaderMapping TravelTypeId=2 51722 preapprovaluser@gmail.com ::1 Mozilla/5.0+(Windows+NT+10.0;+Win64;+x64)+AppleWebKit/537.36+(KHTML,+like+Gecko)+Chrome/60.0.3112.113+Safari/537.36 http://localhost:51722/Expense/AddTransactionToReport?ExpenseId=207 200 0 0 804
2017-09-26 14:52:57 ::1 GET /Expense/PrepareExpenseApprovalProgressBar/ ExpenseId=207&UserId=59&_=1506437568202 51722 preapprovaluser@gmail.com ::1 Mozilla/5.0+(Windows+NT+10.0;+Win64;+x64)+AppleWebKit/537.36+(KHTML,+like+Gecko)+Chrome/60.0.3112.113+Safari/537.36 http://localhost:51722/Expense/AddTransactionToReport?ExpenseId=207 200 0 0 9110
2017-09-26 14:53:42 ::1 GET /Expense/DisplayReceipt/ ExpenseId=207&_=1506437621407 51722 preapprovaluser@gmail.com ::1 Mozilla/5.0+(Windows+NT+10.0;+Win64;+x64)+AppleWebKit/537.36+(KHTML,+like+Gecko)+Chrome/60.0.3112.113+Safari/537.36 http://localhost:51722/Expense/AddTransactionToReport?ExpenseId=207 200 0 0 1488
2017-09-26 14:53:42 ::1 GET /Scripts/displayreceipt-js v=2AlxdAYRlyg_4qrIwaOxfz6Y81AbcAqGH-bMVM7WxRg1&_=1506437622901 51722 preapprovaluser@gmail.com ::1 Mozilla/5.0+(Windows+NT+10.0;+Win64;+x64)+AppleWebKit/537.36+(KHTML,+like+Gecko)+Chrome/60.0.3112.113+Safari/537.36 http://localhost:51722/Expense/AddTransactionToReport?ExpenseId=207 200 0 0 9
#Software: Microsoft Internet Information Services 8.0
#Version: 1.0
#Date: 2017-09-26 15:12:58
#Fields: date time s-ip cs-method cs-uri-stem cs-uri-query s-port cs-username c-ip cs(User-Agent) cs(Referer) sc-status sc-substatus sc-win32-status time-taken
2017-09-26 15:12:58 ::1 GET / - 51722 - ::1 Mozilla/5.0+(Windows+NT+10.0;+Win64;+x64)+AppleWebKit/537.36+(KHTML,+like+Gecko)+Chrome/60.0.3112.113+Safari/537.36 - 302 0 0 24817
2017-09-26 15:13:10 ::1 GET /User/LogOn - 51722 - ::1 Mozilla/5.0+(Windows+NT+10.0;+Win64;+x64)+AppleWebKit/537.36+(KHTML,+like+Gecko)+Chrome/60.0.3112.113+Safari/537.36 - 200 0 0 12103
2017-09-26 15:13:26 ::1 POST /User/LogOn - 51722 - ::1 Mozilla/5.0+(Windows+NT+10.0;+Win64;+x64)+AppleWebKit/537.36+(KHTML,+like+Gecko)+Chrome/60.0.3112.113+Safari/537.36 http://localhost:51722/User/LogOn 200 0 0 2175
2017-09-26 15:14:06 ::1 POST /User/LogOn - 51722 - ::1 Mozilla/5.0+(Windows+NT+10.0;+Win64;+x64)+AppleWebKit/537.36+(KHTML,+like+Gecko)+Chrome/60.0.3112.113+Safari/537.36 http://localhost:51722/User/LogOn 302 0 0 33544
2017-09-26 15:15:00 ::1 GET / - 51722 preapprovaluser@gmail.com ::1 Mozilla/5.0+(Windows+NT+10.0;+Win64;+x64)+AppleWebKit/537.36+(KHTML,+like+Gecko)+Chrome/60.0.3112.113+Safari/537.36 http://localhost:51722/User/LogOn 200 0 0 54074
2017-09-26 15:15:11 ::1 GET /Home/PageIndexChangeMyExpense page=1&X-Requested-With=XMLHttpRequest&_=1506438906972 51722 preapprovaluser@gmail.com ::1 Mozilla/5.0+(Windows+NT+10.0;+Win64;+x64)+AppleWebKit/537.36+(KHTML,+like+Gecko)+Chrome/60.0.3112.113+Safari/537.36 http://localhost:51722/ 200 0 0 4440
2017-09-26 15:15:43 ::1 GET / page=2&tab=0 51722 preapprovaluser@gmail.com ::1 Mozilla/5.0+(Windows+NT+10.0;+Win64;+x64)+AppleWebKit/537.36+(KHTML,+like+Gecko)+Chrome/60.0.3112.113+Safari/537.36 http://localhost:51722/ 200 0 0 28309
2017-09-26 15:16:34 ::1 GET /Expense/Create ExpenseReportCategory=PreExpenseReport 51722 preapprovaluser@gmail.com ::1 Mozilla/5.0+(Windows+NT+10.0;+Win64;+x64)+AppleWebKit/537.36+(KHTML,+like+Gecko)+Chrome/60.0.3112.113+Safari/537.36 http://localhost:51722/?page=2&tab=0 200 0 0 8129
2017-09-26 15:16:34 ::1 GET /TravelType/IsSubTravelCashAdvanced TravelTypeId=2 51722 preapprovaluser@gmail.com ::1 Mozilla/5.0+(Windows+NT+10.0;+Win64;+x64)+AppleWebKit/537.36+(KHTML,+like+Gecko)+Chrome/60.0.3112.113+Safari/537.36 http://localhost:51722/Expense/Create?ExpenseReportCategory=PreExpenseReport 200 0 0 606
2017-09-26 15:16:36 ::1 GET /Expense/GetTravelTypeHeaderMapping TravelTypeId=2 51722 preapprovaluser@gmail.com ::1 Mozilla/5.0+(Windows+NT+10.0;+Win64;+x64)+AppleWebKit/537.36+(KHTML,+like+Gecko)+Chrome/60.0.3112.113+Safari/537.36 http://localhost:51722/Expense/Create?ExpenseReportCategory=PreExpenseReport 200 0 0 1281
2017-09-26 15:18:31 ::1 POST /Expense/Create - 51722 preapprovaluser@gmail.com ::1 Mozilla/5.0+(Windows+NT+10.0;+Win64;+x64)+AppleWebKit/537.36+(KHTML,+like+Gecko)+Chrome/60.0.3112.113+Safari/537.36 http://localhost:51722/Expense/Create?ExpenseReportCategory=PreExpenseReport 302 0 0 10035
2017-09-26 15:19:49 ::1 GET /Expense/AddTransactionToReport ExpenseId=208 51722 preapprovaluser@gmail.com ::1 Mozilla/5.0+(Windows+NT+10.0;+Win64;+x64)+AppleWebKit/537.36+(KHTML,+like+Gecko)+Chrome/60.0.3112.113+Safari/537.36 http://localhost:51722/Expense/Create?ExpenseReportCategory=PreExpenseReport 200 0 0 78747
2017-09-26 15:19:49 ::1 GET /TravelType/IsSubTravelCashAdvanced TravelTypeId=2 51722 preapprovaluser@gmail.com ::1 Mozilla/5.0+(Windows+NT+10.0;+Win64;+x64)+AppleWebKit/537.36+(KHTML,+like+Gecko)+Chrome/60.0.3112.113+Safari/537.36 http://localhost:51722/Expense/AddTransactionToReport?ExpenseId=208 200 0 0 565
2017-09-26 15:19:51 ::1 GET /Expense/GetTravelTypeHeaderMapping TravelTypeId=2 51722 preapprovaluser@gmail.com ::1 Mozilla/5.0+(Windows+NT+10.0;+Win64;+x64)+AppleWebKit/537.36+(KHTML,+like+Gecko)+Chrome/60.0.3112.113+Safari/537.36 http://localhost:51722/Expense/AddTransactionToReport?ExpenseId=208 200 0 0 856
2017-09-26 15:19:58 ::1 GET /Expense/PrepareExpenseApprovalProgressBar/ ExpenseId=208&UserId=59&_=1506439190237 51722 preapprovaluser@gmail.com ::1 Mozilla/5.0+(Windows+NT+10.0;+Win64;+x64)+AppleWebKit/537.36+(KHTML,+like+Gecko)+Chrome/60.0.3112.113+Safari/537.36 http://localhost:51722/Expense/AddTransactionToReport?ExpenseId=208 200 0 0 8145
2017-09-26 15:20:18 ::1 GET /Expense/DisplayReceipt/ ExpenseId=208&_=1506439216889 51722 preapprovaluser@gmail.com ::1 Mozilla/5.0+(Windows+NT+10.0;+Win64;+x64)+AppleWebKit/537.36+(KHTML,+like+Gecko)+Chrome/60.0.3112.113+Safari/537.36 http://localhost:51722/Expense/AddTransactionToReport?ExpenseId=208 200 0 0 1623
2017-09-26 15:20:18 ::1 GET /Scripts/displayreceipt-js v=2AlxdAYRlyg_4qrIwaOxfz6Y81AbcAqGH-bMVM7WxRg1&_=1506439218518 51722 preapprovaluser@gmail.com ::1 Mozilla/5.0+(Windows+NT+10.0;+Win64;+x64)+AppleWebKit/537.36+(KHTML,+like+Gecko)+Chrome/60.0.3112.113+Safari/537.36 http://localhost:51722/Expense/AddTransactionToReport?ExpenseId=208 200 0 0 13
2017-09-26 15:20:46 ::1 GET /Expense/DisplayReceipt/ ExpenseId=208&_=1506439245448 51722 preapprovaluser@gmail.com ::1 Mozilla/5.0+(Windows+NT+10.0;+Win64;+x64)+AppleWebKit/537.36+(KHTML,+like+Gecko)+Chrome/60.0.3112.113+Safari/537.36 http://localhost:51722/Expense/AddTransactionToReport?ExpenseId=208 200 0 0 1407
2017-09-26 15:20:46 ::1 GET /Scripts/displayreceipt-js v=2AlxdAYRlyg_4qrIwaOxfz6Y81AbcAqGH-bMVM7WxRg1&_=1506439246859 51722 preapprovaluser@gmail.com ::1 Mozilla/5.0+(Windows+NT+10.0;+Win64;+x64)+AppleWebKit/537.36+(KHTML,+like+Gecko)+Chrome/60.0.3112.113+Safari/537.36 http://localhost:51722/Expense/AddTransactionToReport?ExpenseId=208 200 0 0 8
2017-09-26 15:21:06 ::1 GET /Expense/DisplayReceipt/ ExpenseId=208&_=1506439265441 51722 preapprovaluser@gmail.com ::1 Mozilla/5.0+(Windows+NT+10.0;+Win64;+x64)+AppleWebKit/537.36+(KHTML,+like+Gecko)+Chrome/60.0.3112.113+Safari/537.36 http://localhost:51722/Expense/AddTransactionToReport?ExpenseId=208 200 0 0 1396
2017-09-26 15:21:06 ::1 GET /Scripts/displayreceipt-js v=2AlxdAYRlyg_4qrIwaOxfz6Y81AbcAqGH-bMVM7WxRg1&_=1506439266843 51722 preapprovaluser@gmail.com ::1 Mozilla/5.0+(Windows+NT+10.0;+Win64;+x64)+AppleWebKit/537.36+(KHTML,+like+Gecko)+Chrome/60.0.3112.113+Safari/537.36 http://localhost:51722/Expense/AddTransactionToReport?ExpenseId=208 200 0 0 9
2017-09-26 15:22:15 ::1 GET /Expense/AddTransactionToReport ExpenseId=208 51722 preapprovaluser@gmail.com ::1 Mozilla/5.0+(Windows+NT+10.0;+Win64;+x64)+AppleWebKit/537.36+(KHTML,+like+Gecko)+Chrome/60.0.3112.113+Safari/537.36 http://localhost:51722/Expense/Create?ExpenseReportCategory=PreExpenseReport 200 0 0 31036
2017-09-26 15:22:15 ::1 GET /favicon.ico - 51722 - ::1 Mozilla/5.0+(Windows+NT+10.0;+Win64;+x64)+AppleWebKit/537.36+(KHTML,+like+Gecko)+Chrome/60.0.3112.113+Safari/537.36 http://localhost:51722/Expense/AddTransactionToReport?ExpenseId=208 200 0 0 53
2017-09-26 15:22:15 ::1 GET /TravelType/IsSubTravelCashAdvanced TravelTypeId=2 51722 preapprovaluser@gmail.com ::1 Mozilla/5.0+(Windows+NT+10.0;+Win64;+x64)+AppleWebKit/537.36+(KHTML,+like+Gecko)+Chrome/60.0.3112.113+Safari/537.36 http://localhost:51722/Expense/AddTransactionToReport?ExpenseId=208 200 0 0 542
2017-09-26 15:22:16 ::1 GET /Expense/GetTravelTypeHeaderMapping TravelTypeId=2 51722 preapprovaluser@gmail.com ::1 Mozilla/5.0+(Windows+NT+10.0;+Win64;+x64)+AppleWebKit/537.36+(KHTML,+like+Gecko)+Chrome/60.0.3112.113+Safari/537.36 http://localhost:51722/Expense/AddTransactionToReport?ExpenseId=208 200 0 0 859
2017-09-26 15:22:24 ::1 GET /Expense/PrepareExpenseApprovalProgressBar/ ExpenseId=208&UserId=59&_=1506439335973 51722 preapprovaluser@gmail.com ::1 Mozilla/5.0+(Windows+NT+10.0;+Win64;+x64)+AppleWebKit/537.36+(KHTML,+like+Gecko)+Chrome/60.0.3112.113+Safari/537.36 http://localhost:51722/Expense/AddTransactionToReport?ExpenseId=208 200 0 0 8321
2017-09-26 15:23:58 ::1 GET /Expense/DisplayReceipt/ ExpenseId=208&_=1506439340261 51722 preapprovaluser@gmail.com ::1 Mozilla/5.0+(Windows+NT+10.0;+Win64;+x64)+AppleWebKit/537.36+(KHTML,+like+Gecko)+Chrome/60.0.3112.113+Safari/537.36 http://localhost:51722/Expense/AddTransactionToReport?ExpenseId=208 200 0 0 98110
2017-09-26 15:23:58 ::1 GET /Scripts/displayreceipt-js v=2AlxdAYRlyg_4qrIwaOxfz6Y81AbcAqGH-bMVM7WxRg1&_=1506439438378 51722 preapprovaluser@gmail.com ::1 Mozilla/5.0+(Windows+NT+10.0;+Win64;+x64)+AppleWebKit/537.36+(KHTML,+like+Gecko)+Chrome/60.0.3112.113+Safari/537.36 http://localhost:51722/Expense/AddTransactionToReport?ExpenseId=208 200 0 0 42
2017-09-26 15:25:23 ::1 GET /Expense/AddTransactionToReport ExpenseId=208 51722 preapprovaluser@gmail.com ::1 Mozilla/5.0+(Windows+NT+10.0;+Win64;+x64)+AppleWebKit/537.36+(KHTML,+like+Gecko)+Chrome/60.0.3112.113+Safari/537.36 http://localhost:51722/Expense/Create?ExpenseReportCategory=PreExpenseReport 200 0 0 55232
2017-09-26 15:25:23 ::1 GET /favicon.ico - 51722 - ::1 Mozilla/5.0+(Windows+NT+10.0;+Win64;+x64)+AppleWebKit/537.36+(KHTML,+like+Gecko)+Chrome/60.0.3112.113+Safari/537.36 http://localhost:51722/Expense/AddTransactionToReport?ExpenseId=208 200 0 0 42
2017-09-26 15:25:23 ::1 GET /TravelType/IsSubTravelCashAdvanced TravelTypeId=2 51722 preapprovaluser@gmail.com ::1 Mozilla/5.0+(Windows+NT+10.0;+Win64;+x64)+AppleWebKit/537.36+(KHTML,+like+Gecko)+Chrome/60.0.3112.113+Safari/537.36 http://localhost:51722/Expense/AddTransactionToReport?ExpenseId=208 200 0 0 542
2017-09-26 15:25:31 ::1 GET /Expense/PrepareExpenseApprovalProgressBar/ ExpenseId=208&UserId=59&_=1506439523926 51722 preapprovaluser@gmail.com ::1 Mozilla/5.0+(Windows+NT+10.0;+Win64;+x64)+AppleWebKit/537.36+(KHTML,+like+Gecko)+Chrome/60.0.3112.113+Safari/537.36 http://localhost:51722/Expense/AddTransactionToReport?ExpenseId=208 200 0 0 7833
2017-09-26 15:25:48 ::1 GET /Expense/DisplayReceipt/ ExpenseId=208&_=1506439528552 51722 preapprovaluser@gmail.com ::1 Mozilla/5.0+(Windows+NT+10.0;+Win64;+x64)+AppleWebKit/537.36+(KHTML,+like+Gecko)+Chrome/60.0.3112.113+Safari/537.36 http://localhost:51722/Expense/AddTransactionToReport?ExpenseId=208 200 0 0 20152
2017-09-26 15:25:48 ::1 GET /Scripts/displayreceipt-js v=2AlxdAYRlyg_4qrIwaOxfz6Y81AbcAqGH-bMVM7WxRg1&_=1506439548708 51722 preapprovaluser@gmail.com ::1 Mozilla/5.0+(Windows+NT+10.0;+Win64;+x64)+AppleWebKit/537.36+(KHTML,+like+Gecko)+Chrome/60.0.3112.113+Safari/537.36 http://localhost:51722/Expense/AddTransactionToReport?ExpenseId=208 200 0 0 12
2017-09-26 15:25:48 ::1 GET /Expense/GetTravelTypeHeaderMapping TravelTypeId=2 51722 preapprovaluser@gmail.com ::1 Mozilla/5.0+(Windows+NT+10.0;+Win64;+x64)+AppleWebKit/537.36+(KHTML,+like+Gecko)+Chrome/60.0.3112.113+Safari/537.36 http://localhost:51722/Expense/AddTransactionToReport?ExpenseId=208 200 0 0 25524
2017-09-26 15:26:04 ::1 GET /Expense/DisplayReceipt/ ExpenseId=208 51722 preapprovaluser@gmail.com ::1 Mozilla/5.0+(Windows+NT+10.0;+Win64;+x64)+AppleWebKit/537.36+(KHTML,+like+Gecko)+Chrome/60.0.3112.113+Safari/537.36 http://localhost:51722/Expense/AddTransactionToReport?ExpenseId=208 200 0 0 8041
#Software: Microsoft Internet Information Services 8.0
#Version: 1.0
#Date: 2017-09-26 15:28:22
#Fields: date time s-ip cs-method cs-uri-stem cs-uri-query s-port cs-username c-ip cs(User-Agent) cs(Referer) sc-status sc-substatus sc-win32-status time-taken
2017-09-26 15:28:22 ::1 GET /Expense/PartialTravelQuoteItineraryLinks - 51722 preapprovaluser@gmail.com ::1 Mozilla/5.0+(Windows+NT+10.0;+Win64;+x64)+AppleWebKit/537.36+(KHTML,+like+Gecko)+Chrome/60.0.3112.113+Safari/537.36 - 302 0 0 16513
2017-09-26 15:28:57 ::1 GET /User/LogOn - 51722 preapprovaluser@gmail.com ::1 Mozilla/5.0+(Windows+NT+10.0;+Win64;+x64)+AppleWebKit/537.36+(KHTML,+like+Gecko)+Chrome/60.0.3112.113+Safari/537.36 - 200 0 0 31323
2017-09-26 15:29:27 ::1 GET /Error/NotFound aspxerrorpath=/Expense/PartialTravelQuoteItineraryLinks 51722 preapprovaluser@gmail.com ::1 Mozilla/5.0+(Windows+NT+10.0;+Win64;+x64)+AppleWebKit/537.36+(KHTML,+like+Gecko)+Chrome/60.0.3112.113+Safari/537.36 - 302 0 64 65340
2017-09-26 15:30:03 ::1 POST /User/LogOn - 51722 preapprovaluser@gmail.com ::1 Mozilla/5.0+(Windows+NT+10.0;+Win64;+x64)+AppleWebKit/537.36+(KHTML,+like+Gecko)+Chrome/60.0.3112.113+Safari/537.36 http://localhost:51722/User/LogOn 302 0 0 30318
2017-09-26 15:30:35 ::1 GET / - 51722 preapprovaluser@gmail.com ::1 Mozilla/5.0+(Windows+NT+10.0;+Win64;+x64)+AppleWebKit/537.36+(KHTML,+like+Gecko)+Chrome/60.0.3112.113+Safari/537.36 http://localhost:51722/User/LogOn 200 0 0 32034
2017-09-26 15:30:50 ::1 GET /Expense/Create - 51722 preapprovaluser@gmail.com ::1 Mozilla/5.0+(Windows+NT+10.0;+Win64;+x64)+AppleWebKit/537.36+(KHTML,+like+Gecko)+Chrome/60.0.3112.113+Safari/537.36 http://localhost:51722/ 200 0 0 7227
2017-09-26 15:30:50 ::1 GET /Expense/GetTravelTypeHeaderMapping TravelTypeId=1 51722 preapprovaluser@gmail.com ::1 Mozilla/5.0+(Windows+NT+10.0;+Win64;+x64)+AppleWebKit/537.36+(KHTML,+like+Gecko)+Chrome/60.0.3112.113+Safari/537.36 http://localhost:51722/Expense/Create 200 0 0 270
2017-09-26 15:30:52 ::1 GET /TravelType/IsSubTravelCashAdvanced TravelTypeId=1 51722 preapprovaluser@gmail.com ::1 Mozilla/5.0+(Windows+NT+10.0;+Win64;+x64)+AppleWebKit/537.36+(KHTML,+like+Gecko)+Chrome/60.0.3112.113+Safari/537.36 http://localhost:51722/Expense/Create 200 0 0 1030
2017-09-26 15:31:15 ::1 GET /Expense - 51722 preapprovaluser@gmail.com ::1 Mozilla/5.0+(Windows+NT+10.0;+Win64;+x64)+AppleWebKit/537.36+(KHTML,+like+Gecko)+Chrome/60.0.3112.113+Safari/537.36 http://localhost:51722/Expense/Create 200 0 64 14190
2017-09-26 15:31:23 ::1 GET /Expense/Create ExpenseReportCategory=PreExpenseReport 51722 preapprovaluser@gmail.com ::1 Mozilla/5.0+(Windows+NT+10.0;+Win64;+x64)+AppleWebKit/537.36+(KHTML,+like+Gecko)+Chrome/60.0.3112.113+Safari/537.36 http://localhost:51722/Expense/Create 200 0 0 7958
2017-09-26 15:31:23 ::1 GET /TravelType/IsSubTravelCashAdvanced TravelTypeId=2 51722 preapprovaluser@gmail.com ::1 Mozilla/5.0+(Windows+NT+10.0;+Win64;+x64)+AppleWebKit/537.36+(KHTML,+like+Gecko)+Chrome/60.0.3112.113+Safari/537.36 http://localhost:51722/Expense/Create?ExpenseReportCategory=PreExpenseReport 200 0 0 495
2017-09-26 15:31:23 ::1 GET /Expense/GetTravelTypeHeaderMapping TravelTypeId=2 51722 preapprovaluser@gmail.com ::1 Mozilla/5.0+(Windows+NT+10.0;+Win64;+x64)+AppleWebKit/537.36+(KHTML,+like+Gecko)+Chrome/60.0.3112.113+Safari/537.36 http://localhost:51722/Expense/Create?ExpenseReportCategory=PreExpenseReport 200 0 0 759
2017-09-26 15:32:32 ::1 POST /Expense/Create - 51722 preapprovaluser@gmail.com ::1 Mozilla/5.0+(Windows+NT+10.0;+Win64;+x64)+AppleWebKit/537.36+(KHTML,+like+Gecko)+Chrome/60.0.3112.113+Safari/537.36 http://localhost:51722/Expense/Create?ExpenseReportCategory=PreExpenseReport 302 0 0 24899
2017-09-26 15:34:01 ::1 GET /Expense/AddTransactionToReport ExpenseId=209 51722 preapprovaluser@gmail.com ::1 Mozilla/5.0+(Windows+NT+10.0;+Win64;+x64)+AppleWebKit/537.36+(KHTML,+like+Gecko)+Chrome/60.0.3112.113+Safari/537.36 http://localhost:51722/Expense/Create?ExpenseReportCategory=PreExpenseReport 200 0 0 89556
2017-09-26 15:34:01 ::1 GET /Expense/GetTravelTypeHeaderMapping TravelTypeId=2 51722 preapprovaluser@gmail.com ::1 Mozilla/5.0+(Windows+NT+10.0;+Win64;+x64)+AppleWebKit/537.36+(KHTML,+like+Gecko)+Chrome/60.0.3112.113+Safari/537.36 http://localhost:51722/Expense/AddTransactionToReport?ExpenseId=209 200 0 0 263
2017-09-26 15:34:11 ::1 GET /Expense/PrepareExpenseApprovalProgressBar/ ExpenseId=209&UserId=59&_=1506440042225 51722 preapprovaluser@gmail.com ::1 Mozilla/5.0+(Windows+NT+10.0;+Win64;+x64)+AppleWebKit/537.36+(KHTML,+like+Gecko)+Chrome/60.0.3112.113+Safari/537.36 http://localhost:51722/Expense/AddTransactionToReport?ExpenseId=209 200 0 0 8853
2017-09-26 15:34:11 ::1 GET /TravelType/IsSubTravelCashAdvanced TravelTypeId=2 51722 preapprovaluser@gmail.com ::1 Mozilla/5.0+(Windows+NT+10.0;+Win64;+x64)+AppleWebKit/537.36+(KHTML,+like+Gecko)+Chrome/60.0.3112.113+Safari/537.36 http://localhost:51722/Expense/AddTransactionToReport?ExpenseId=209 200 0 0 9545
2017-09-26 15:36:21 ::1 GET /Expense/AddTransactionToReport ExpenseId=209 51722 preapprovaluser@gmail.com ::1 Mozilla/5.0+(Windows+NT+10.0;+Win64;+x64)+AppleWebKit/537.36+(KHTML,+like+Gecko)+Chrome/60.0.3112.113+Safari/537.36 http://localhost:51722/Expense/Create?ExpenseReportCategory=PreExpenseReport 200 0 0 54361
2017-09-26 15:36:21 ::1 GET /favicon.ico - 51722 - ::1 Mozilla/5.0+(Windows+NT+10.0;+Win64;+x64)+AppleWebKit/537.36+(KHTML,+like+Gecko)+Chrome/60.0.3112.113+Safari/537.36 http://localhost:51722/Expense/AddTransactionToReport?ExpenseId=209 200 0 0 26
2017-09-26 15:36:21 ::1 GET /Expense/GetTravelTypeHeaderMapping TravelTypeId=2 51722 preapprovaluser@gmail.com ::1 Mozilla/5.0+(Windows+NT+10.0;+Win64;+x64)+AppleWebKit/537.36+(KHTML,+like+Gecko)+Chrome/60.0.3112.113+Safari/537.36 http://localhost:51722/Expense/AddTransactionToReport?ExpenseId=209 200 0 0 249
2017-09-26 15:36:29 ::1 GET /Expense/PrepareExpenseApprovalProgressBar/ ExpenseId=209&UserId=59&_=1506440181864 51722 preapprovaluser@gmail.com ::1 Mozilla/5.0+(Windows+NT+10.0;+Win64;+x64)+AppleWebKit/537.36+(KHTML,+like+Gecko)+Chrome/60.0.3112.113+Safari/537.36 http://localhost:51722/Expense/AddTransactionToReport?ExpenseId=209 200 0 0 7553
2017-09-26 15:36:29 ::1 GET /TravelType/IsSubTravelCashAdvanced TravelTypeId=2 51722 preapprovaluser@gmail.com ::1 Mozilla/5.0+(Windows+NT+10.0;+Win64;+x64)+AppleWebKit/537.36+(KHTML,+like+Gecko)+Chrome/60.0.3112.113+Safari/537.36 http://localhost:51722/Expense/AddTransactionToReport?ExpenseId=209 200 0 0 8069
2017-09-26 15:38:07 ::1 GET /Expense/AddTransactionToReport ExpenseId=209 51722 preapprovaluser@gmail.com ::1 Mozilla/5.0+(Windows+NT+10.0;+Win64;+x64)+AppleWebKit/537.36+(KHTML,+like+Gecko)+Chrome/60.0.3112.113+Safari/537.36 http://localhost:51722/Expense/Create?ExpenseReportCategory=PreExpenseReport 200 0 0 24550
2017-09-26 15:38:07 ::1 GET /favicon.ico - 51722 - ::1 Mozilla/5.0+(Windows+NT+10.0;+Win64;+x64)+AppleWebKit/537.36+(KHTML,+like+Gecko)+Chrome/60.0.3112.113+Safari/537.36 http://localhost:51722/Expense/AddTransactionToReport?ExpenseId=209 200 0 0 17
2017-09-26 15:38:07 ::1 GET /TravelType/IsSubTravelCashAdvanced TravelTypeId=2 51722 preapprovaluser@gmail.com ::1 Mozilla/5.0+(Windows+NT+10.0;+Win64;+x64)+AppleWebKit/537.36+(KHTML,+like+Gecko)+Chrome/60.0.3112.113+Safari/537.36 http://localhost:51722/Expense/AddTransactionToReport?ExpenseId=209 200 0 0 481
2017-09-26 15:38:07 ::1 GET /Expense/GetTravelTypeHeaderMapping TravelTypeId=2 51722 preapprovaluser@gmail.com ::1 Mozilla/5.0+(Windows+NT+10.0;+Win64;+x64)+AppleWebKit/537.36+(KHTML,+like+Gecko)+Chrome/60.0.3112.113+Safari/537.36 http://localhost:51722/Expense/AddTransactionToReport?ExpenseId=209 200 0 0 764
2017-09-26 15:38:16 ::1 GET /Expense/PrepareExpenseApprovalProgressBar/ ExpenseId=209&UserId=59&_=1506440287316 51722 preapprovaluser@gmail.com ::1 Mozilla/5.0+(Windows+NT+10.0;+Win64;+x64)+AppleWebKit/537.36+(KHTML,+like+Gecko)+Chrome/60.0.3112.113+Safari/537.36 http://localhost:51722/Expense/AddTransactionToReport?ExpenseId=209 200 0 0 9200
2017-09-26 15:38:24 ::1 GET /Expense/DisplayReceipt/ ExpenseId=209&ReceiptType=TravelQuoteReceipt&_=1506440293192 51722 preapprovaluser@gmail.com ::1 Mozilla/5.0+(Windows+NT+10.0;+Win64;+x64)+AppleWebKit/537.36+(KHTML,+like+Gecko)+Chrome/60.0.3112.113+Safari/537.36 http://localhost:51722/Expense/AddTransactionToReport?ExpenseId=209 200 0 0 8735
2017-09-26 15:38:24 ::1 GET /Scripts/displayreceipt-js v=2AlxdAYRlyg_4qrIwaOxfz6Y81AbcAqGH-bMVM7WxRg1&_=1506440304324 51722 preapprovaluser@gmail.com ::1 Mozilla/5.0+(Windows+NT+10.0;+Win64;+x64)+AppleWebKit/537.36+(KHTML,+like+Gecko)+Chrome/60.0.3112.113+Safari/537.36 http://localhost:51722/Expense/AddTransactionToReport?ExpenseId=209 200 0 0 13
2017-09-26 15:38:40 ::1 GET /Expense/DisplayReceipt/ ExpenseId=209 51722 preapprovaluser@gmail.com ::1 Mozilla/5.0+(Windows+NT+10.0;+Win64;+x64)+AppleWebKit/537.36+(KHTML,+like+Gecko)+Chrome/60.0.3112.113+Safari/537.36 http://localhost:51722/Expense/AddTransactionToReport?ExpenseId=209 200 0 0 9429
#Software: Microsoft Internet Information Services 8.0
#Version: 1.0
#Date: 2017-09-26 15:40:48
#Fields: date time s-ip cs-method cs-uri-stem cs-uri-query s-port cs-username c-ip cs(User-Agent) cs(Referer) sc-status sc-substatus sc-win32-status time-taken
2017-09-26 15:40:48 ::1 GET / - 51722 preapprovaluser@gmail.com ::1 Mozilla/5.0+(Windows+NT+10.0;+Win64;+x64)+AppleWebKit/537.36+(KHTML,+like+Gecko)+Chrome/60.0.3112.113+Safari/537.36 - 302 0 0 22370
2017-09-26 15:41:02 ::1 GET /User/LogOn - 51722 preapprovaluser@gmail.com ::1 Mozilla/5.0+(Windows+NT+10.0;+Win64;+x64)+AppleWebKit/537.36+(KHTML,+like+Gecko)+Chrome/60.0.3112.113+Safari/537.36 - 200 0 0 13388
2017-09-26 15:41:15 ::1 POST /User/LogOn - 51722 preapprovaluser@gmail.com ::1 Mozilla/5.0+(Windows+NT+10.0;+Win64;+x64)+AppleWebKit/537.36+(KHTML,+like+Gecko)+Chrome/60.0.3112.113+Safari/537.36 http://localhost:51722/User/LogOn 200 0 0 2104
2017-09-26 15:41:36 ::1 POST /User/LogOn - 51722 preapprovaluser@gmail.com ::1 Mozilla/5.0+(Windows+NT+10.0;+Win64;+x64)+AppleWebKit/537.36+(KHTML,+like+Gecko)+Chrome/60.0.3112.113+Safari/537.36 http://localhost:51722/User/LogOn 302 0 0 15438
2017-09-26 15:42:20 ::1 GET / - 51722 preapprovaluser@gmail.com ::1 Mozilla/5.0+(Windows+NT+10.0;+Win64;+x64)+AppleWebKit/537.36+(KHTML,+like+Gecko)+Chrome/60.0.3112.113+Safari/537.36 http://localhost:51722/User/LogOn 200 0 0 43337
2017-09-26 15:42:50 ::1 GET /Expense/Create ExpenseReportCategory=PreExpenseReport 51722 preapprovaluser@gmail.com ::1 Mozilla/5.0+(Windows+NT+10.0;+Win64;+x64)+AppleWebKit/537.36+(KHTML,+like+Gecko)+Chrome/60.0.3112.113+Safari/537.36 http://localhost:51722/ 200 0 0 7537
2017-09-26 15:42:50 ::1 GET /Expense/GetTravelTypeHeaderMapping TravelTypeId=2 51722 preapprovaluser@gmail.com ::1 Mozilla/5.0+(Windows+NT+10.0;+Win64;+x64)+AppleWebKit/537.36+(KHTML,+like+Gecko)+Chrome/60.0.3112.113+Safari/537.36 http://localhost:51722/Expense/Create?ExpenseReportCategory=PreExpenseReport 200 0 0 263
2017-09-26 15:42:51 ::1 GET /TravelType/IsSubTravelCashAdvanced TravelTypeId=2 51722 preapprovaluser@gmail.com ::1 Mozilla/5.0+(Windows+NT+10.0;+Win64;+x64)+AppleWebKit/537.36+(KHTML,+like+Gecko)+Chrome/60.0.3112.113+Safari/537.36 http://localhost:51722/Expense/Create?ExpenseReportCategory=PreExpenseReport 200 0 0 1090
2017-09-26 15:43:54 ::1 POST /Expense/Create - 51722 preapprovaluser@gmail.com ::1 Mozilla/5.0+(Windows+NT+10.0;+Win64;+x64)+AppleWebKit/537.36+(KHTML,+like+Gecko)+Chrome/60.0.3112.113+Safari/537.36 http://localhost:51722/Expense/Create?ExpenseReportCategory=PreExpenseReport 302 0 0 36713
2017-09-26 15:44:22 ::1 GET /Expense/AddTransactionToReport ExpenseId=210 51722 preapprovaluser@gmail.com ::1 Mozilla/5.0+(Windows+NT+10.0;+Win64;+x64)+AppleWebKit/537.36+(KHTML,+like+Gecko)+Chrome/60.0.3112.113+Safari/537.36 http://localhost:51722/Expense/Create?ExpenseReportCategory=PreExpenseReport 200 0 0 27542
2017-09-26 15:44:22 ::1 GET /TravelType/IsSubTravelCashAdvanced TravelTypeId=2 51722 preapprovaluser@gmail.com ::1 Mozilla/5.0+(Windows+NT+10.0;+Win64;+x64)+AppleWebKit/537.36+(KHTML,+like+Gecko)+Chrome/60.0.3112.113+Safari/537.36 http://localhost:51722/Expense/AddTransactionToReport?ExpenseId=210 200 0 0 528
2017-09-26 15:44:23 ::1 GET /Expense/GetTravelTypeHeaderMapping TravelTypeId=2 51722 preapprovaluser@gmail.com ::1 Mozilla/5.0+(Windows+NT+10.0;+Win64;+x64)+AppleWebKit/537.36+(KHTML,+like+Gecko)+Chrome/60.0.3112.113+Safari/537.36 http://localhost:51722/Expense/AddTransactionToReport?ExpenseId=210 200 0 0 803
2017-09-26 15:44:31 ::1 GET /Expense/PrepareExpenseApprovalProgressBar/ ExpenseId=210&UserId=59&_=1506440662815 51722 preapprovaluser@gmail.com ::1 Mozilla/5.0+(Windows+NT+10.0;+Win64;+x64)+AppleWebKit/537.36+(KHTML,+like+Gecko)+Chrome/60.0.3112.113+Safari/537.36 http://localhost:51722/Expense/AddTransactionToReport?ExpenseId=210 200 0 0 8833
2017-09-26 15:44:43 ::1 GET /Expense/DisplayReceipt/ ExpenseId=210 51722 preapprovaluser@gmail.com ::1 Mozilla/5.0+(Windows+NT+10.0;+Win64;+x64)+AppleWebKit/537.36+(KHTML,+like+Gecko)+Chrome/60.0.3112.113+Safari/537.36 http://localhost:51722/Expense/AddTransactionToReport?ExpenseId=210 200 0 0 7428
2017-09-26 15:44:57 ::1 GET /Expense/DisplayReceipt/ ExpenseId=210&ReceiptType=TravelQuoteReceipt&_=1506440691130 51722 preapprovaluser@gmail.com ::1 Mozilla/5.0+(Windows+NT+10.0;+Win64;+x64)+AppleWebKit/537.36+(KHTML,+like+Gecko)+Chrome/60.0.3112.113+Safari/537.36 http://localhost:51722/Expense/AddTransactionToReport?ExpenseId=210 200 0 0 5932
2017-09-26 15:44:57 ::1 GET /Scripts/displayreceipt-js v=2AlxdAYRlyg_4qrIwaOxfz6Y81AbcAqGH-bMVM7WxRg1&_=1506440697069 51722 preapprovaluser@gmail.com ::1 Mozilla/5.0+(Windows+NT+10.0;+Win64;+x64)+AppleWebKit/537.36+(KHTML,+like+Gecko)+Chrome/60.0.3112.113+Safari/537.36 http://localhost:51722/Expense/AddTransactionToReport?ExpenseId=210 200 0 0 13
2017-09-26 15:45:15 ::1 GET /Expense/DisplayReceipt/ ExpenseId=210 51722 preapprovaluser@gmail.com ::1 Mozilla/5.0+(Windows+NT+10.0;+Win64;+x64)+AppleWebKit/537.36+(KHTML,+like+Gecko)+Chrome/60.0.3112.113+Safari/537.36 http://localhost:51722/Expense/AddTransactionToReport?ExpenseId=210 200 0 0 6272
2017-09-26 15:49:53 ::1 GET /Expense/ExpensePdfPreview/210 - 51722 preapprovaluser@gmail.com ::1 Mozilla/5.0+(Windows+NT+10.0;+Win64;+x64)+AppleWebKit/537.36+(KHTML,+like+Gecko)+Chrome/60.0.3112.113+Safari/537.36 http://localhost:51722/Expense/AddTransactionToReport?ExpenseId=210 200 0 0 111088
#Software: Microsoft Internet Information Services 8.0
#Version: 1.0
#Date: 2017-09-26 16:21:16
#Fields: date time s-ip cs-method cs-uri-stem cs-uri-query s-port cs-username c-ip cs(User-Agent) cs(Referer) sc-status sc-substatus sc-win32-status time-taken
2017-09-26 16:21:16 ::1 GET / - 51722 - ::1 Mozilla/5.0+(Windows+NT+10.0;+Win64;+x64)+AppleWebKit/537.36+(KHTML,+like+Gecko)+Chrome/60.0.3112.113+Safari/537.36 - 302 0 0 35731
2017-09-26 16:21:39 ::1 GET /User/LogOn - 51722 - ::1 Mozilla/5.0+(Windows+NT+10.0;+Win64;+x64)+AppleWebKit/537.36+(KHTML,+like+Gecko)+Chrome/60.0.3112.113+Safari/537.36 - 200 0 0 22765
2017-09-26 16:22:19 ::1 POST /User/LogOn - 51722 - ::1 Mozilla/5.0+(Windows+NT+10.0;+Win64;+x64)+AppleWebKit/537.36+(KHTML,+like+Gecko)+Chrome/60.0.3112.113+Safari/537.36 http://localhost:51722/User/LogOn 302 0 0 24451
2017-09-26 16:23:21 ::1 GET / - 51722 preapprovaluser@gmail.com ::1 Mozilla/5.0+(Windows+NT+10.0;+Win64;+x64)+AppleWebKit/537.36+(KHTML,+like+Gecko)+Chrome/60.0.3112.113+Safari/537.36 http://localhost:51722/User/LogOn 200 0 0 61580
2017-09-26 16:23:51 ::1 GET /Home/PageIndexChangeMyExpense page=2&X-Requested-With=XMLHttpRequest&_=1506443028542 51722 preapprovaluser@gmail.com ::1 Mozilla/5.0+(Windows+NT+10.0;+Win64;+x64)+AppleWebKit/537.36+(KHTML,+like+Gecko)+Chrome/60.0.3112.113+Safari/537.36 http://localhost:51722/ 200 0 0 3313
2017-09-26 16:24:21 ::1 GET / page=1&tab=0 51722 preapprovaluser@gmail.com ::1 Mozilla/5.0+(Windows+NT+10.0;+Win64;+x64)+AppleWebKit/537.36+(KHTML,+like+Gecko)+Chrome/60.0.3112.113+Safari/537.36 http://localhost:51722/ 200 0 0 24054
2017-09-26 16:24:50 ::1 GET /Expense ExpenseReportCategory=PreExpenseReport 51722 preapprovaluser@gmail.com ::1 Mozilla/5.0+(Windows+NT+10.0;+Win64;+x64)+AppleWebKit/537.36+(KHTML,+like+Gecko)+Chrome/60.0.3112.113+Safari/537.36 http://localhost:51722/?page=1&tab=0 200 0 0 23702
2017-09-26 16:25:24 ::1 GET /Expense/AddTransactionToReport ExpenseId=210 51722 preapprovaluser@gmail.com ::1 Mozilla/5.0+(Windows+NT+10.0;+Win64;+x64)+AppleWebKit/537.36+(KHTML,+like+Gecko)+Chrome/60.0.3112.113+Safari/537.36 http://localhost:51722/Expense?ExpenseReportCategory=PreExpenseReport 200 0 0 25976
2017-09-26 16:25:24 ::1 GET /Expense/GetTravelTypeHeaderMapping TravelTypeId=2 51722 preapprovaluser@gmail.com ::1 Mozilla/5.0+(Windows+NT+10.0;+Win64;+x64)+AppleWebKit/537.36+(KHTML,+like+Gecko)+Chrome/60.0.3112.113+Safari/537.36 http://localhost:51722/Expense/AddTransactionToReport?ExpenseId=210 200 0 0 313
2017-09-26 16:25:25 ::1 GET /TravelType/IsSubTravelCashAdvanced TravelTypeId=2 51722 preapprovaluser@gmail.com ::1 Mozilla/5.0+(Windows+NT+10.0;+Win64;+x64)+AppleWebKit/537.36+(KHTML,+like+Gecko)+Chrome/60.0.3112.113+Safari/537.36 http://localhost:51722/Expense/AddTransactionToReport?ExpenseId=210 200 0 0 1064
2017-09-26 16:25:32 ::1 GET /Expense/PrepareExpenseApprovalProgressBar/ ExpenseId=210&UserId=59&_=1506443124492 51722 preapprovaluser@gmail.com ::1 Mozilla/5.0+(Windows+NT+10.0;+Win64;+x64)+AppleWebKit/537.36+(KHTML,+like+Gecko)+Chrome/60.0.3112.113+Safari/537.36 http://localhost:51722/Expense/AddTransactionToReport?ExpenseId=210 200 0 0 8206
2017-09-26 16:26:05 ::1 GET /Expense/ExpensePdfPreview/210 - 51722 preapprovaluser@gmail.com ::1 Mozilla/5.0+(Windows+NT+10.0;+Win64;+x64)+AppleWebKit/537.36+(KHTML,+like+Gecko)+Chrome/60.0.3112.113+Safari/537.36 http://localhost:51722/Expense/AddTransactionToReport?ExpenseId=210 200 0 0 33991
2017-09-26 16:27:38 ::1 GET /Expense/ExpensePdfPreview/210 - 51722 preapprovaluser@gmail.com ::1 Mozilla/5.0+(Windows+NT+10.0;+Win64;+x64)+AppleWebKit/537.36+(KHTML,+like+Gecko)+Chrome/60.0.3112.113+Safari/537.36 http://localhost:51722/Expense/AddTransactionToReport?ExpenseId=210 200 0 0 79582
#Software: Microsoft Internet Information Services 8.0
#Version: 1.0
#Date: 2017-09-26 16:34:15
#Fields: date time s-ip cs-method cs-uri-stem cs-uri-query s-port cs-username c-ip cs(User-Agent) cs(Referer) sc-status sc-substatus sc-win32-status time-taken
2017-09-26 16:34:15 127.0.0.1 GET / - 51722 preapprovaluser@gmail.com 127.0.0.1 Mozilla/5.0+(Windows+NT+10.0;+Win64;+x64)+AppleWebKit/537.36+(KHTML,+like+Gecko)+Chrome/60.0.3112.113+Safari/537.36 - 302 0 0 27185
2017-09-26 16:34:26 127.0.0.1 GET /User/LogOn - 51722 preapprovaluser@gmail.com 127.0.0.1 Mozilla/5.0+(Windows+NT+10.0;+Win64;+x64)+AppleWebKit/537.36+(KHTML,+like+Gecko)+Chrome/60.0.3112.113+Safari/537.36 - 200 0 0 11256
2017-09-26 16:34:26 127.0.0.1 GET /User/LogOn _=1506443625139 51722 preapprovaluser@gmail.com 127.0.0.1 Mozilla/5.0+(Windows+NT+10.0;+Win64;+x64)+AppleWebKit/537.36+(KHTML,+like+Gecko)+Chrome/60.0.3112.113+Safari/537.36 http://localhost:51722/Expense/AddTransactionToReport?ExpenseId=210 200 0 64 40094
2017-09-26 16:35:03 127.0.0.1 POST /User/LogOn - 51722 preapprovaluser@gmail.com 127.0.0.1 Mozilla/5.0+(Windows+NT+10.0;+Win64;+x64)+AppleWebKit/537.36+(KHTML,+like+Gecko)+Chrome/60.0.3112.113+Safari/537.36 http://localhost:51722/User/LogOn 302 0 0 21001
2017-09-26 16:35:45 ::1 GET / - 51722 preapprovaluser@gmail.com ::1 Mozilla/5.0+(Windows+NT+10.0;+Win64;+x64)+AppleWebKit/537.36+(KHTML,+like+Gecko)+Chrome/60.0.3112.113+Safari/537.36 http://localhost:51722/User/LogOn 200 0 0 42095
2017-09-26 16:36:27 ::1 GET /Expense ExpenseReportCategory=PreExpenseReport 51722 preapprovaluser@gmail.com ::1 Mozilla/5.0+(Windows+NT+10.0;+Win64;+x64)+AppleWebKit/537.36+(KHTML,+like+Gecko)+Chrome/60.0.3112.113+Safari/537.36 http://localhost:51722/ 200 0 0 26135
2017-09-26 16:36:59 ::1 GET /Expense/AddTransactionToReport ExpenseId=210 51722 preapprovaluser@gmail.com ::1 Mozilla/5.0+(Windows+NT+10.0;+Win64;+x64)+AppleWebKit/537.36+(KHTML,+like+Gecko)+Chrome/60.0.3112.113+Safari/537.36 http://localhost:51722/Expense?ExpenseReportCategory=PreExpenseReport 200 0 0 29629
2017-09-26 16:36:59 ::1 GET /TravelType/IsSubTravelCashAdvanced TravelTypeId=2 51722 preapprovaluser@gmail.com ::1 Mozilla/5.0+(Windows+NT+10.0;+Win64;+x64)+AppleWebKit/537.36+(KHTML,+like+Gecko)+Chrome/60.0.3112.113+Safari/537.36 http://localhost:51722/Expense/AddTransactionToReport?ExpenseId=210 200 0 0 611
2017-09-26 16:37:01 ::1 GET /Expense/GetTravelTypeHeaderMapping TravelTypeId=2 51722 preapprovaluser@gmail.com ::1 Mozilla/5.0+(Windows+NT+10.0;+Win64;+x64)+AppleWebKit/537.36+(KHTML,+like+Gecko)+Chrome/60.0.3112.113+Safari/537.36 http://localhost:51722/Expense/AddTransactionToReport?ExpenseId=210 200 0 0 1271
2017-09-26 16:37:08 ::1 GET /Expense/PrepareExpenseApprovalProgressBar/ ExpenseId=210&UserId=59&_=1506443819913 51722 preapprovaluser@gmail.com ::1 Mozilla/5.0+(Windows+NT+10.0;+Win64;+x64)+AppleWebKit/537.36+(KHTML,+like+Gecko)+Chrome/60.0.3112.113+Safari/537.36 http://localhost:51722/Expense/AddTransactionToReport?ExpenseId=210 200 0 0 8548
2017-09-26 16:37:45 ::1 GET /Expense/ExpensePdfPreview/210 - 51722 preapprovaluser@gmail.com ::1 Mozilla/5.0+(Windows+NT+10.0;+Win64;+x64)+AppleWebKit/537.36+(KHTML,+like+Gecko)+Chrome/60.0.3112.113+Safari/537.36 http://localhost:51722/Expense/AddTransactionToReport?ExpenseId=210 200 0 0 42629
2017-09-26 16:48:48 ::1 POST /Expense/EditExpenseHeader/210 - 51722 preapprovaluser@gmail.com ::1 Mozilla/5.0+(Windows+NT+10.0;+Win64;+x64)+AppleWebKit/537.36+(KHTML,+like+Gecko)+Chrome/60.0.3112.113+Safari/537.36 http://localhost:51722/Expense/AddTransactionToReport?ExpenseId=210 302 0 0 515848
2017-09-26 16:49:13 ::1 GET /Expense/AddTransactionToReport ExpenseId=210 51722 preapprovaluser@gmail.com ::1 Mozilla/5.0+(Windows+NT+10.0;+Win64;+x64)+AppleWebKit/537.36+(KHTML,+like+Gecko)+Chrome/60.0.3112.113+Safari/537.36 http://localhost:51722/Expense/AddTransactionToReport?ExpenseId=210 200 0 0 25323
2017-09-26 16:49:13 ::1 GET /Expense/GetTravelTypeHeaderMapping TravelTypeId=2 51722 preapprovaluser@gmail.com ::1 Mozilla/5.0+(Windows+NT+10.0;+Win64;+x64)+AppleWebKit/537.36+(KHTML,+like+Gecko)+Chrome/60.0.3112.113+Safari/537.36 http://localhost:51722/Expense/AddTransactionToReport?ExpenseId=210 200 0 0 260
2017-09-26 16:49:20 ::1 GET /Expense/PrepareExpenseApprovalProgressBar/ ExpenseId=210&UserId=59&_=1506444553667 51722 preapprovaluser@gmail.com ::1 Mozilla/5.0+(Windows+NT+10.0;+Win64;+x64)+AppleWebKit/537.36+(KHTML,+like+Gecko)+Chrome/60.0.3112.113+Safari/537.36 http://localhost:51722/Expense/AddTransactionToReport?ExpenseId=210 200 0 0 7269
2017-09-26 16:49:31 ::1 GET /User/LogOn _=1506444319904 51722 preapprovaluser@gmail.com ::1 Mozilla/5.0+(Windows+NT+10.0;+Win64;+x64)+AppleWebKit/537.36+(KHTML,+like+Gecko)+Chrome/60.0.3112.113+Safari/537.36 http://localhost:51722/Expense/AddTransactionToReport?ExpenseId=210 302 0 64 251102
2017-09-26 16:50:40 ::1 GET /Expense/DisplayReceipt/ ExpenseId=210 51722 preapprovaluser@gmail.com ::1 Mozilla/5.0+(Windows+NT+10.0;+Win64;+x64)+AppleWebKit/537.36+(KHTML,+like+Gecko)+Chrome/60.0.3112.113+Safari/537.36 http://localhost:51722/Expense/AddTransactionToReport?ExpenseId=210 200 0 0 78858
2017-09-26 16:50:40 ::1 GET /TravelType/IsSubTravelCashAdvanced TravelTypeId=2 51722 preapprovaluser@gmail.com ::1 Mozilla/5.0+(Windows+NT+10.0;+Win64;+x64)+AppleWebKit/537.36+(KHTML,+like+Gecko)+Chrome/60.0.3112.113+Safari/537.36 http://localhost:51722/Expense/AddTransactionToReport?ExpenseId=210 200 0 0 87587
2017-09-26 16:50:55 ::1 GET /Expense/DisplayReceipt/ ExpenseId=210&ReceiptType=TravelQuoteReceipt&_=1506444651004 51722 preapprovaluser@gmail.com ::1 Mozilla/5.0+(Windows+NT+10.0;+Win64;+x64)+AppleWebKit/537.36+(KHTML,+like+Gecko)+Chrome/60.0.3112.113+Safari/537.36 http://localhost:51722/Expense/AddTransactionToReport?ExpenseId=210 200 0 0 4384
2017-09-26 16:50:55 ::1 GET /Scripts/displayreceipt-js v=2AlxdAYRlyg_4qrIwaOxfz6Y81AbcAqGH-bMVM7WxRg1&_=1506444655395 51722 preapprovaluser@gmail.com ::1 Mozilla/5.0+(Windows+NT+10.0;+Win64;+x64)+AppleWebKit/537.36+(KHTML,+like+Gecko)+Chrome/60.0.3112.113+Safari/537.36 http://localhost:51722/Expense/AddTransactionToReport?ExpenseId=210 200 0 0 15
2017-09-26 16:51:15 ::1 POST /Expense/EditExpenseHeader/210 - 51722 preapprovaluser@gmail.com ::1 Mozilla/5.0+(Windows+NT+10.0;+Win64;+x64)+AppleWebKit/537.36+(KHTML,+like+Gecko)+Chrome/60.0.3112.113+Safari/537.36 http://localhost:51722/Expense/AddTransactionToReport?ExpenseId=210 302 0 0 6774
2017-09-26 16:51:43 ::1 GET /Expense/AddTransactionToReport ExpenseId=210 51722 preapprovaluser@gmail.com ::1 Mozilla/5.0+(Windows+NT+10.0;+Win64;+x64)+AppleWebKit/537.36+(KHTML,+like+Gecko)+Chrome/60.0.3112.113+Safari/537.36 http://localhost:51722/Expense/AddTransactionToReport?ExpenseId=210 200 0 0 28188
2017-09-26 16:51:43 ::1 GET /TravelType/IsSubTravelCashAdvanced TravelTypeId=2 51722 preapprovaluser@gmail.com ::1 Mozilla/5.0+(Windows+NT+10.0;+Win64;+x64)+AppleWebKit/537.36+(KHTML,+like+Gecko)+Chrome/60.0.3112.113+Safari/537.36 http://localhost:51722/Expense/AddTransactionToReport?ExpenseId=210 200 0 0 501
2017-09-26 16:51:51 ::1 GET /Expense/PrepareExpenseApprovalProgressBar/ ExpenseId=210&UserId=59&_=1506444703566 51722 preapprovaluser@gmail.com ::1 Mozilla/5.0+(Windows+NT+10.0;+Win64;+x64)+AppleWebKit/537.36+(KHTML,+like+Gecko)+Chrome/60.0.3112.113+Safari/537.36 http://localhost:51722/Expense/AddTransactionToReport?ExpenseId=210 200 0 0 7683
2017-09-26 16:52:25 ::1 GET /Expense/DisplayReceipt/ ExpenseId=210&_=1506444707332 51722 preapprovaluser@gmail.com ::1 Mozilla/5.0+(Windows+NT+10.0;+Win64;+x64)+AppleWebKit/537.36+(KHTML,+like+Gecko)+Chrome/60.0.3112.113+Safari/537.36 http://localhost:51722/Expense/AddTransactionToReport?ExpenseId=210 200 0 0 38520
2017-09-26 16:52:25 ::1 GET /Scripts/displayreceipt-js v=2AlxdAYRlyg_4qrIwaOxfz6Y81AbcAqGH-bMVM7WxRg1&_=1506444745858 51722 preapprovaluser@gmail.com ::1 Mozilla/5.0+(Windows+NT+10.0;+Win64;+x64)+AppleWebKit/537.36+(KHTML,+like+Gecko)+Chrome/60.0.3112.113+Safari/537.36 http://localhost:51722/Expense/AddTransactionToReport?ExpenseId=210 200 0 0 11
2017-09-26 16:52:25 ::1 GET /Expense/GetTravelTypeHeaderMapping TravelTypeId=2 51722 preapprovaluser@gmail.com ::1 Mozilla/5.0+(Windows+NT+10.0;+Win64;+x64)+AppleWebKit/537.36+(KHTML,+like+Gecko)+Chrome/60.0.3112.113+Safari/537.36 http://localhost:51722/Expense/AddTransactionToReport?ExpenseId=210 200 0 0 43025
2017-09-26 16:52:43 ::1 GET /Expense/DisplayReceipt/ ExpenseId=210&_=1506444757118 51722 preapprovaluser@gmail.com ::1 Mozilla/5.0+(Windows+NT+10.0;+Win64;+x64)+AppleWebKit/537.36+(KHTML,+like+Gecko)+Chrome/60.0.3112.113+Safari/537.36 http://localhost:51722/Expense/AddTransactionToReport?ExpenseId=210 200 0 0 6464
2017-09-26 16:52:43 ::1 GET /Scripts/displayreceipt-js v=2AlxdAYRlyg_4qrIwaOxfz6Y81AbcAqGH-bMVM7WxRg1&_=1506444763588 51722 preapprovaluser@gmail.com ::1 Mozilla/5.0+(Windows+NT+10.0;+Win64;+x64)+AppleWebKit/537.36+(KHTML,+like+Gecko)+Chrome/60.0.3112.113+Safari/537.36 http://localhost:51722/Expense/AddTransactionToReport?ExpenseId=210 200 0 0 8
2017-09-26 16:52:56 ::1 GET /Expense/DisplayReceipt/ ExpenseId=210&_=1506444771790 51722 preapprovaluser@gmail.com ::1 Mozilla/5.0+(Windows+NT+10.0;+Win64;+x64)+AppleWebKit/537.36+(KHTML,+like+Gecko)+Chrome/60.0.3112.113+Safari/537.36 http://localhost:51722/Expense/AddTransactionToReport?ExpenseId=210 200 0 0 4538
2017-09-26 16:52:56 ::1 GET /Scripts/displayreceipt-js v=2AlxdAYRlyg_4qrIwaOxfz6Y81AbcAqGH-bMVM7WxRg1&_=1506444776333 51722 preapprovaluser@gmail.com ::1 Mozilla/5.0+(Windows+NT+10.0;+Win64;+x64)+AppleWebKit/537.36+(KHTML,+like+Gecko)+Chrome/60.0.3112.113+Safari/537.36 http://localhost:51722/Expense/AddTransactionToReport?ExpenseId=210 200 0 0 11
2017-09-26 16:54:14 ::1 GET /Expense/DisplayReceipt/ ExpenseId=210&ReceiptType=TravelQuoteReceipt&_=1506444787515 51722 preapprovaluser@gmail.com ::1 Mozilla/5.0+(Windows+NT+10.0;+Win64;+x64)+AppleWebKit/537.36+(KHTML,+like+Gecko)+Chrome/60.0.3112.113+Safari/537.36 http://localhost:51722/Expense/AddTransactionToReport?ExpenseId=210 200 0 0 64727
2017-09-26 16:54:14 ::1 GET /Scripts/displayreceipt-js v=2AlxdAYRlyg_4qrIwaOxfz6Y81AbcAqGH-bMVM7WxRg1&_=1506444854121 51722 preapprovaluser@gmail.com ::1 Mozilla/5.0+(Windows+NT+10.0;+Win64;+x64)+AppleWebKit/537.36+(KHTML,+like+Gecko)+Chrome/60.0.3112.113+Safari/537.36 http://localhost:51722/Expense/AddTransactionToReport?ExpenseId=210 200 0 0 81
2017-09-26 16:54:30 ::1 GET /Expense/DisplayReceipt/ ExpenseId=210 51722 preapprovaluser@gmail.com ::1 Mozilla/5.0+(Windows+NT+10.0;+Win64;+x64)+AppleWebKit/537.36+(KHTML,+like+Gecko)+Chrome/60.0.3112.113+Safari/537.36 http://localhost:51722/Expense/AddTransactionToReport?ExpenseId=210 200 0 0 9031
#Software: Microsoft Internet Information Services 8.0
#Version: 1.0
#Date: 2017-09-26 16:55:38
#Fields: date time s-ip cs-method cs-uri-stem cs-uri-query s-port cs-username c-ip cs(User-Agent) cs(Referer) sc-status sc-substatus sc-win32-status time-taken
2017-09-26 16:55:38 ::1 GET / - 51722 preapprovaluser@gmail.com ::1 Mozilla/5.0+(Windows+NT+10.0;+Win64;+x64)+AppleWebKit/537.36+(KHTML,+like+Gecko)+Chrome/60.0.3112.113+Safari/537.36 - 302 0 0 44333
2017-09-26 16:55:51 ::1 GET /User/LogOn - 51722 preapprovaluser@gmail.com ::1 Mozilla/5.0+(Windows+NT+10.0;+Win64;+x64)+AppleWebKit/537.36+(KHTML,+like+Gecko)+Chrome/60.0.3112.113+Safari/537.36 - 200 0 0 13240
2017-09-26 16:56:21 ::1 POST /User/LogOn - 51722 preapprovaluser@gmail.com ::1 Mozilla/5.0+(Windows+NT+10.0;+Win64;+x64)+AppleWebKit/537.36+(KHTML,+like+Gecko)+Chrome/60.0.3112.113+Safari/537.36 http://localhost:51722/User/LogOn 302 0 0 14964
2017-09-26 16:57:04 ::1 GET / - 51722 preapprovaluser@gmail.com ::1 Mozilla/5.0+(Windows+NT+10.0;+Win64;+x64)+AppleWebKit/537.36+(KHTML,+like+Gecko)+Chrome/60.0.3112.113+Safari/537.36 http://localhost:51722/User/LogOn 200 0 0 42584
2017-09-26 17:10:02 ::1 GET /User/LogOn - 51722 preapprovaluser@gmail.com ::1 Mozilla/5.0+(Windows+NT+10.0;+Win64;+x64)+AppleWebKit/537.36+(KHTML,+like+Gecko)+Chrome/60.0.3112.113+Safari/537.36 http://localhost:51722/ 302 0 0 277934
2017-09-26 17:10:36 ::1 GET / - 51722 preapprovaluser@gmail.com ::1 Mozilla/5.0+(Windows+NT+10.0;+Win64;+x64)+AppleWebKit/537.36+(KHTML,+like+Gecko)+Chrome/60.0.3112.113+Safari/537.36 http://localhost:51722/ 200 0 0 33780
2017-09-26 17:11:02 ::1 GET /Expense ExpenseReportCategory=PreExpenseReport 51722 preapprovaluser@gmail.com ::1 Mozilla/5.0+(Windows+NT+10.0;+Win64;+x64)+AppleWebKit/537.36+(KHTML,+like+Gecko)+Chrome/60.0.3112.113+Safari/537.36 http://localhost:51722/ 200 0 0 46634
2017-09-26 17:12:34 ::1 GET /Expense/AddTransactionToReport ExpenseId=210 51722 preapprovaluser@gmail.com ::1 Mozilla/5.0+(Windows+NT+10.0;+Win64;+x64)+AppleWebKit/537.36+(KHTML,+like+Gecko)+Chrome/60.0.3112.113+Safari/537.36 http://localhost:51722/Expense?ExpenseReportCategory=PreExpenseReport 200 0 0 58131
2017-09-26 17:12:34 ::1 GET /TravelType/IsSubTravelCashAdvanced TravelTypeId=2 51722 preapprovaluser@gmail.com ::1 Mozilla/5.0+(Windows+NT+10.0;+Win64;+x64)+AppleWebKit/537.36+(KHTML,+like+Gecko)+Chrome/60.0.3112.113+Safari/537.36 http://localhost:51722/Expense/AddTransactionToReport?ExpenseId=210 200 0 0 613
2017-09-26 17:12:35 ::1 GET /Expense/GetTravelTypeHeaderMapping TravelTypeId=2 51722 preapprovaluser@gmail.com ::1 Mozilla/5.0+(Windows+NT+10.0;+Win64;+x64)+AppleWebKit/537.36+(KHTML,+like+Gecko)+Chrome/60.0.3112.113+Safari/537.36 http://localhost:51722/Expense/AddTransactionToReport?ExpenseId=210 200 0 0 1316
2017-09-26 17:12:46 ::1 GET /Expense/PrepareExpenseApprovalProgressBar/ ExpenseId=210&UserId=59&_=1506445954374 51722 preapprovaluser@gmail.com ::1 Mozilla/5.0+(Windows+NT+10.0;+Win64;+x64)+AppleWebKit/537.36+(KHTML,+like+Gecko)+Chrome/60.0.3112.113+Safari/537.36 http://localhost:51722/Expense/AddTransactionToReport?ExpenseId=210 200 0 0 12063
2017-09-26 17:12:52 ::1 GET /Expense/DisplayReceipt/ ExpenseId=210&_=1506445970546 51722 preapprovaluser@gmail.com ::1 Mozilla/5.0+(Windows+NT+10.0;+Win64;+x64)+AppleWebKit/537.36+(KHTML,+like+Gecko)+Chrome/60.0.3112.113+Safari/537.36 http://localhost:51722/Expense/AddTransactionToReport?ExpenseId=210 200 0 0 1948
2017-09-26 17:12:52 ::1 GET /Scripts/displayreceipt-js v=2AlxdAYRlyg_4qrIwaOxfz6Y81AbcAqGH-bMVM7WxRg1&_=1506445972559 51722 preapprovaluser@gmail.com ::1 Mozilla/5.0+(Windows+NT+10.0;+Win64;+x64)+AppleWebKit/537.36+(KHTML,+like+Gecko)+Chrome/60.0.3112.113+Safari/537.36 http://localhost:51722/Expense/AddTransactionToReport?ExpenseId=210 200 0 0 321
2017-09-26 17:12:59 ::1 GET /Expense/DisplayReceipt/ ExpenseId=210&ReceiptType=TravelQuoteReceipt&_=1506445977496 51722 preapprovaluser@gmail.com ::1 Mozilla/5.0+(Windows+NT+10.0;+Win64;+x64)+AppleWebKit/537.36+(KHTML,+like+Gecko)+Chrome/60.0.3112.113+Safari/537.36 http://localhost:51722/Expense/AddTransactionToReport?ExpenseId=210 200 0 0 2218
2017-09-26 17:12:59 ::1 GET /Scripts/displayreceipt-js v=2AlxdAYRlyg_4qrIwaOxfz6Y81AbcAqGH-bMVM7WxRg1&_=1506445979722 51722 preapprovaluser@gmail.com ::1 Mozilla/5.0+(Windows+NT+10.0;+Win64;+x64)+AppleWebKit/537.36+(KHTML,+like+Gecko)+Chrome/60.0.3112.113+Safari/537.36 http://localhost:51722/Expense/AddTransactionToReport?ExpenseId=210 200 0 0 9
2017-09-26 17:12:59 ::1 GET /https:/az727460.vo.msecnd.net/cdn/receiptuploads/waemsproqc3/preapprovaluser@gmailcom/26092017222111_26092017222111.jpg - 51722 - ::1 Mozilla/5.0+(Windows+NT+10.0;+Win64;+x64)+AppleWebKit/537.36+(KHTML,+like+Gecko)+Chrome/60.0.3112.113+Safari/537.36 http://localhost:51722/Expense/AddTransactionToReport?ExpenseId=210 404 0 2 87
2017-09-26 17:13:10 ::1 GET /Expense/DisplayReceipt/ ExpenseId=210 51722 preapprovaluser@gmail.com ::1 Mozilla/5.0+(Windows+NT+10.0;+Win64;+x64)+AppleWebKit/537.36+(KHTML,+like+Gecko)+Chrome/60.0.3112.113+Safari/537.36 http://localhost:51722/Expense/AddTransactionToReport?ExpenseId=210 200 0 0 2007
2017-09-26 17:13:22 ::1 GET /Expense/PrepareExpenseApprovalProgressBar/ ExpenseId=210&UserId=59&_=1506445993842 51722 preapprovaluser@gmail.com ::1 Mozilla/5.0+(Windows+NT+10.0;+Win64;+x64)+AppleWebKit/537.36+(KHTML,+like+Gecko)+Chrome/60.0.3112.113+Safari/537.36 http://localhost:51722/Expense/AddTransactionToReport?ExpenseId=210 200 0 0 8557
2017-09-26 17:13:25 ::1 GET /Expense/DisplayReceipt/ ExpenseId=210&ReceiptType=TravelQuoteReceipt&_=1506445995640 51722 preapprovaluser@gmail.com ::1 Mozilla/5.0+(Windows+NT+10.0;+Win64;+x64)+AppleWebKit/537.36+(KHTML,+like+Gecko)+Chrome/60.0.3112.113+Safari/537.36 http://localhost:51722/Expense/AddTransactionToReport?ExpenseId=210 200 0 0 9612
2017-09-26 17:13:25 ::1 GET /Scripts/displayreceipt-js v=2AlxdAYRlyg_4qrIwaOxfz6Y81AbcAqGH-bMVM7WxRg1&_=1506446005256 51722 preapprovaluser@gmail.com ::1 Mozilla/5.0+(Windows+NT+10.0;+Win64;+x64)+AppleWebKit/537.36+(KHTML,+like+Gecko)+Chrome/60.0.3112.113+Safari/537.36 http://localhost:51722/Expense/AddTransactionToReport?ExpenseId=210 200 0 0 9
2017-09-26 17:13:25 ::1 GET /https:/az727460.vo.msecnd.net/cdn/receiptuploads/waemsproqc3/preapprovaluser@gmailcom/26092017222111_26092017222111.jpg - 51722 - ::1 Mozilla/5.0+(Windows+NT+10.0;+Win64;+x64)+AppleWebKit/537.36+(KHTML,+like+Gecko)+Chrome/60.0.3112.113+Safari/537.36 http://localhost:51722/Expense/AddTransactionToReport?ExpenseId=210 404 0 2 4
2017-09-26 17:14:01 ::1 POST /Expense/EditExpenseHeader/210 - 51722 preapprovaluser@gmail.com ::1 Mozilla/5.0+(Windows+NT+10.0;+Win64;+x64)+AppleWebKit/537.36+(KHTML,+like+Gecko)+Chrome/60.0.3112.113+Safari/537.36 http://localhost:51722/Expense/AddTransactionToReport?ExpenseId=210 302 0 0 5935
2017-09-26 17:14:17 ::1 GET /Expense/AddTransactionToReport ExpenseId=210 51722 preapprovaluser@gmail.com ::1 Mozilla/5.0+(Windows+NT+10.0;+Win64;+x64)+AppleWebKit/537.36+(KHTML,+like+Gecko)+Chrome/60.0.3112.113+Safari/537.36 http://localhost:51722/Expense/AddTransactionToReport?ExpenseId=210 200 0 0 16025
2017-09-26 17:14:27 ::1 GET /Expense/PrepareExpenseApprovalProgressBar/ ExpenseId=210&UserId=59&_=1506446058318 51722 preapprovaluser@gmail.com ::1 Mozilla/5.0+(Windows+NT+10.0;+Win64;+x64)+AppleWebKit/537.36+(KHTML,+like+Gecko)+Chrome/60.0.3112.113+Safari/537.36 http://localhost:51722/Expense/AddTransactionToReport?ExpenseId=210 200 0 0 8046
2017-09-26 17:14:27 ::1 GET /Expense/GetTravelTypeHeaderMapping TravelTypeId=2 51722 preapprovaluser@gmail.com ::1 Mozilla/5.0+(Windows+NT+10.0;+Win64;+x64)+AppleWebKit/537.36+(KHTML,+like+Gecko)+Chrome/60.0.3112.113+Safari/537.36 http://localhost:51722/Expense/AddTransactionToReport?ExpenseId=210 200 0 0 8383
2017-09-26 17:14:28 ::1 GET /TravelType/IsSubTravelCashAdvanced TravelTypeId=2 51722 preapprovaluser@gmail.com ::1 Mozilla/5.0+(Windows+NT+10.0;+Win64;+x64)+AppleWebKit/537.36+(KHTML,+like+Gecko)+Chrome/60.0.3112.113+Safari/537.36 http://localhost:51722/Expense/AddTransactionToReport?ExpenseId=210 200 0 0 9045
2017-09-26 17:14:39 ::1 POST /Expense/EditExpenseHeader/210 - 51722 preapprovaluser@gmail.com ::1 Mozilla/5.0+(Windows+NT+10.0;+Win64;+x64)+AppleWebKit/537.36+(KHTML,+like+Gecko)+Chrome/60.0.3112.113+Safari/537.36 http://localhost:51722/Expense/AddTransactionToReport?ExpenseId=210 302 0 0 3548
2017-09-26 17:14:55 ::1 GET /Expense/AddTransactionToReport ExpenseId=210 51722 preapprovaluser@gmail.com ::1 Mozilla/5.0+(Windows+NT+10.0;+Win64;+x64)+AppleWebKit/537.36+(KHTML,+like+Gecko)+Chrome/60.0.3112.113+Safari/537.36 http://localhost:51722/Expense/AddTransactionToReport?ExpenseId=210 200 0 0 15996
2017-09-26 17:14:55 ::1 GET /TravelType/IsSubTravelCashAdvanced TravelTypeId=2 51722 preapprovaluser@gmail.com ::1 Mozilla/5.0+(Windows+NT+10.0;+Win64;+x64)+AppleWebKit/537.36+(KHTML,+like+Gecko)+Chrome/60.0.3112.113+Safari/537.36 http://localhost:51722/Expense/AddTransactionToReport?ExpenseId=210 200 0 0 516
2017-09-26 17:14:56 ::1 GET /Expense/GetTravelTypeHeaderMapping TravelTypeId=2 51722 preapprovaluser@gmail.com ::1 Mozilla/5.0+(Windows+NT+10.0;+Win64;+x64)+AppleWebKit/537.36+(KHTML,+like+Gecko)+Chrome/60.0.3112.113+Safari/537.36 http://localhost:51722/Expense/AddTransactionToReport?ExpenseId=210 200 0 0 776
2017-09-26 17:15:04 ::1 GET /Expense/PrepareExpenseApprovalProgressBar/ ExpenseId=210&UserId=59&_=1506446096037 51722 preapprovaluser@gmail.com ::1 Mozilla/5.0+(Windows+NT+10.0;+Win64;+x64)+AppleWebKit/537.36+(KHTML,+like+Gecko)+Chrome/60.0.3112.113+Safari/537.36 http://localhost:51722/Expense/AddTransactionToReport?ExpenseId=210 200 0 0 8161
2017-09-26 17:15:05 ::1 GET /Expense/DisplayReceipt/ ExpenseId=210 51722 preapprovaluser@gmail.com ::1 Mozilla/5.0+(Windows+NT+10.0;+Win64;+x64)+AppleWebKit/537.36+(KHTML,+like+Gecko)+Chrome/60.0.3112.113+Safari/537.36 http://localhost:51722/Expense/AddTransactionToReport?ExpenseId=210 200 0 0 4427
2017-09-26 17:15:14 ::1 GET /Expense/DisplayReceipt/ ExpenseId=210&ReceiptType=TravelQuoteReceipt&_=1506446112737 51722 preapprovaluser@gmail.com ::1 Mozilla/5.0+(Windows+NT+10.0;+Win64;+x64)+AppleWebKit/537.36+(KHTML,+like+Gecko)+Chrome/60.0.3112.113+Safari/537.36 http://localhost:51722/Expense/AddTransactionToReport?ExpenseId=210 200 0 0 1424
2017-09-26 17:15:14 ::1 GET /Scripts/displayreceipt-js v=2AlxdAYRlyg_4qrIwaOxfz6Y81AbcAqGH-bMVM7WxRg1&_=1506446114169 51722 preapprovaluser@gmail.com ::1 Mozilla/5.0+(Windows+NT+10.0;+Win64;+x64)+AppleWebKit/537.36+(KHTML,+like+Gecko)+Chrome/60.0.3112.113+Safari/537.36 http://localhost:51722/Expense/AddTransactionToReport?ExpenseId=210 200 0 0 33
2017-09-26 17:15:14 ::1 GET /https:/az727460.vo.msecnd.net/cdn/receiptuploads/waemsproqc3/preapprovaluser@gmailcom/26092017224436_26092017224436.jpg - 51722 - ::1 Mozilla/5.0+(Windows+NT+10.0;+Win64;+x64)+AppleWebKit/537.36+(KHTML,+like+Gecko)+Chrome/60.0.3112.113+Safari/537.36 http://localhost:51722/Expense/AddTransactionToReport?ExpenseId=210 404 0 2 3
2017-09-26 17:17:39 ::1 GET /Expense/DisplayReceipt/ ExpenseId=210 51722 preapprovaluser@gmail.com ::1 Mozilla/5.0+(Windows+NT+10.0;+Win64;+x64)+AppleWebKit/537.36+(KHTML,+like+Gecko)+Chrome/60.0.3112.113+Safari/537.36 http://localhost:51722/Expense/AddTransactionToReport?ExpenseId=210 200 0 0 85869
