#Software: Microsoft Internet Information Services 8.0
#Version: 1.0
#Date: 2017-04-26 09:36:09
#Fields: date time s-ip cs-method cs-uri-stem cs-uri-query s-port cs-username c-ip cs(User-Agent) cs(Referer) sc-status sc-substatus sc-win32-status time-taken
2017-04-26 09:36:09 ::1 GET / - 51722 - ::1 Mozilla/5.0+(Windows+NT+10.0;+WOW64;+rv:52.0)+Gecko/20100101+Firefox/52.0 - 302 0 0 26326
2017-04-26 09:38:09 ::1 GET /User/LogOn - 51722 - ::1 Mozilla/5.0+(Windows+NT+10.0;+WOW64;+rv:52.0)+Gecko/20100101+Firefox/52.0 - 200 0 0 120702
2017-04-26 09:38:09 ::1 GET /__browserLink/requestData/5af5015394ed4a6eb3c46b2fce34193b version=2 51722 - ::1 Mozilla/5.0+(Windows+NT+10.0;+WOW64;+rv:52.0)+Gecko/20100101+Firefox/52.0 http://localhost:51722/User/LogOn 200 0 0 119
#Software: Microsoft Internet Information Services 8.0
#Version: 1.0
#Date: 2017-04-26 09:39:07
#Fields: date time s-ip cs-method cs-uri-stem cs-uri-query s-port cs-username c-ip cs(User-Agent) cs(Referer) sc-status sc-substatus sc-win32-status time-taken
2017-04-26 09:39:07 ::1 GET / - 51722 - ::1 Mozilla/5.0+(Windows+NT+10.0;+WOW64;+rv:52.0)+Gecko/20100101+Firefox/52.0 - 302 0 0 21790
2017-04-26 09:39:12 ::1 GET /User/LogOn - 51722 - ::1 Mozilla/5.0+(Windows+NT+10.0;+WOW64;+rv:52.0)+Gecko/20100101+Firefox/52.0 - 200 0 0 5233
2017-04-26 09:39:12 ::1 GET /__browserLink/requestData/4b45128905a240c29c0b30d8b52ccfc2 version=2 51722 - ::1 Mozilla/5.0+(Windows+NT+10.0;+WOW64;+rv:52.0)+Gecko/20100101+Firefox/52.0 http://localhost:51722/User/LogOn 200 0 0 17
2017-04-26 09:39:22 ::1 POST /User/LogOn - 51722 - ::1 Mozilla/5.0+(Windows+NT+10.0;+WOW64;+rv:52.0)+Gecko/20100101+Firefox/52.0 http://localhost:51722/User/LogOn 302 0 0 4188
2017-04-26 09:39:22 ::1 GET / - 51722 - ::1 Mozilla/5.0+(Windows+NT+10.0;+WOW64;+rv:52.0)+Gecko/20100101+Firefox/52.0 http://localhost:51722/User/LogOn 302 0 0 9
2017-04-26 09:39:29 ::1 GET /Dashboard/ViewDashboard - 51722 - ::1 Mozilla/5.0+(Windows+NT+10.0;+WOW64;+rv:52.0)+Gecko/20100101+Firefox/52.0 http://localhost:51722/User/LogOn 200 0 0 6843
2017-04-26 09:39:29 ::1 GET /Dashboard/getAjaxTab/1 sDate=null&eDate=null 51722 - ::1 Mozilla/5.0+(Windows+NT+10.0;+WOW64;+rv:52.0)+Gecko/20100101+Firefox/52.0 http://localhost:51722/Dashboard/ViewDashboard 200 0 0 105
2017-04-26 09:39:29 ::1 GET /Scripts/v2/easy.pie.chart/jquery.easing.1.3.js _=1493199570475 51722 - ::1 Mozilla/5.0+(Windows+NT+10.0;+WOW64;+rv:52.0)+Gecko/20100101+Firefox/52.0 http://localhost:51722/Dashboard/ViewDashboard 200 0 0 77
2017-04-26 09:39:29 ::1 GET /__browserLink/requestData/ec7382181aa34c8ba7a115945f828b81 version=2 51722 - ::1 Mozilla/5.0+(Windows+NT+10.0;+WOW64;+rv:52.0)+Gecko/20100101+Firefox/52.0 http://localhost:51722/Dashboard/ViewDashboard 200 0 0 28
2017-04-26 09:39:30 ::1 GET /Scripts/v2/easy.pie.chart/jquery.easypiechart.min.js _=1493199570561 51722 - ::1 Mozilla/5.0+(Windows+NT+10.0;+WOW64;+rv:52.0)+Gecko/20100101+Firefox/52.0 http://localhost:51722/Dashboard/ViewDashboard 200 0 0 42
2017-04-26 09:39:30 ::1 GET /Scripts/v2/morris.charts/morris.min.js _=1493199570639 51722 - ::1 Mozilla/5.0+(Windows+NT+10.0;+WOW64;+rv:52.0)+Gecko/20100101+Firefox/52.0 http://localhost:51722/Dashboard/ViewDashboard 200 0 0 20
2017-04-26 09:39:30 ::1 GET /Scripts/v2/morris.charts/raphael.min.js _=1493199570683 51722 - ::1 Mozilla/5.0+(Windows+NT+10.0;+WOW64;+rv:52.0)+Gecko/20100101+Firefox/52.0 http://localhost:51722/Dashboard/ViewDashboard 200 0 0 21
2017-04-26 09:39:31 ::1 GET /Dashboard/GetExpenseSubmissions/ sDate=null&eDate=null 51722 - ::1 Mozilla/5.0+(Windows+NT+10.0;+WOW64;+rv:52.0)+Gecko/20100101+Firefox/52.0 http://localhost:51722/Dashboard/ViewDashboard 200 0 0 1195
2017-04-26 09:39:31 ::1 GET /Dashboard/GetExpenseApprovals/ sDate=null&eDate=null 51722 - ::1 Mozilla/5.0+(Windows+NT+10.0;+WOW64;+rv:52.0)+Gecko/20100101+Firefox/52.0 http://localhost:51722/Dashboard/ViewDashboard 200 0 0 1650
2017-04-26 09:39:33 ::1 GET /Dashboard/GetPayMethodsAmount/ sDate=null&eDate=null 51722 - ::1 Mozilla/5.0+(Windows+NT+10.0;+WOW64;+rv:52.0)+Gecko/20100101+Firefox/52.0 http://localhost:51722/Dashboard/ViewDashboard 200 0 0 2231
2017-04-26 09:39:33 ::1 GET /Dashboard/GetExpensePostings/ sDate=null&eDate=null 51722 - ::1 Mozilla/5.0+(Windows+NT+10.0;+WOW64;+rv:52.0)+Gecko/20100101+Firefox/52.0 http://localhost:51722/Dashboard/ViewDashboard 200 0 0 2742
2017-04-26 09:39:34 ::1 GET /Dashboard/GetExpenseTypesAmount/ sDate=null&eDate=null 51722 - ::1 Mozilla/5.0+(Windows+NT+10.0;+WOW64;+rv:52.0)+Gecko/20100101+Firefox/52.0 http://localhost:51722/Dashboard/ViewDashboard 200 0 0 3371
2017-04-26 09:39:51 ::1 GET /ExpenseDetail - 51722 - ::1 Mozilla/5.0+(Windows+NT+10.0;+WOW64;+rv:52.0)+Gecko/20100101+Firefox/52.0 http://localhost:51722/Dashboard/ViewDashboard 200 0 0 9805
2017-04-26 09:39:52 ::1 GET /__browserLink/requestData/3bd8969cec364d53b1add02e52dd126b version=2 51722 - ::1 Mozilla/5.0+(Windows+NT+10.0;+WOW64;+rv:52.0)+Gecko/20100101+Firefox/52.0 http://localhost:51722/ExpenseDetail 200 0 0 10
2017-04-26 09:39:57 ::1 GET /images/icons/cross_circle.png - 51722 - ::1 Mozilla/5.0+(Windows+NT+10.0;+WOW64;+rv:52.0)+Gecko/20100101+Firefox/52.0 http://localhost:51722/css/SiteLayoutPageForMasters-css?v=SIayMIpf48jja7LPRFcoqE-RIbRLEWdw90UBMijm8M01 200 0 0 31
2017-04-26 09:43:59 ::1 GET /ExpenseDetail - 51722 - ::1 Mozilla/5.0+(Windows+NT+10.0;+WOW64;+rv:52.0)+Gecko/20100101+Firefox/52.0 http://localhost:51722/ExpenseDetail 200 0 0 1669
2017-04-26 09:43:59 ::1 GET /__browserLink/requestData/5dfcf6a9c0b9497f86b18d60e229b621 version=2 51722 - ::1 Mozilla/5.0+(Windows+NT+10.0;+WOW64;+rv:52.0)+Gecko/20100101+Firefox/52.0 http://localhost:51722/ExpenseDetail 200 0 0 12
2017-04-26 09:44:03 ::1 GET /~/images/icons/cross_grey_small.png - 51722 - ::1 Mozilla/5.0+(Windows+NT+10.0;+WOW64;+rv:52.0)+Gecko/20100101+Firefox/52.0 http://localhost:51722/ExpenseDetail 404 0 2 15
2017-04-26 09:45:03 ::1 GET /ExpenseDetail - 51722 - ::1 Mozilla/5.0+(Windows+NT+10.0;+WOW64;+rv:52.0)+Gecko/20100101+Firefox/52.0 http://localhost:51722/ExpenseDetail 200 0 0 1755
2017-04-26 09:45:03 ::1 GET /Scripts/chosen/chosen.jquery.js - 51722 - ::1 Mozilla/5.0+(Windows+NT+10.0;+WOW64;+rv:52.0)+Gecko/20100101+Firefox/52.0 http://localhost:51722/ExpenseDetail 304 0 0 29
2017-04-26 09:45:03 ::1 GET /Scripts/SiteLayoutPageForMasters-js v=DirW9OyH9H8bJx5e09efMra6GF1GfmxaSxR-Uzl2eP81 51722 - ::1 Mozilla/5.0+(Windows+NT+10.0;+WOW64;+rv:52.0)+Gecko/20100101+Firefox/52.0 http://localhost:51722/ExpenseDetail 304 0 0 30
2017-04-26 09:45:03 ::1 GET /css/SiteLayoutPageForMasters-css v=SIayMIpf48jja7LPRFcoqE-RIbRLEWdw90UBMijm8M01 51722 - ::1 Mozilla/5.0+(Windows+NT+10.0;+WOW64;+rv:52.0)+Gecko/20100101+Firefox/52.0 http://localhost:51722/ExpenseDetail 304 0 0 29
2017-04-26 09:45:03 ::1 GET /Scripts/chosen/chosen.css - 51722 - ::1 Mozilla/5.0+(Windows+NT+10.0;+WOW64;+rv:52.0)+Gecko/20100101+Firefox/52.0 http://localhost:51722/ExpenseDetail 304 0 0 77
2017-04-26 09:45:03 ::1 GET /Scripts/tranx-gorilla-js v=HEb0gldBuIh13UEztM3sMgRRLx67H1ZOvkNsIMGR_Ng1 51722 - ::1 Mozilla/5.0+(Windows+NT+10.0;+WOW64;+rv:52.0)+Gecko/20100101+Firefox/52.0 http://localhost:51722/ExpenseDetail 304 0 0 85
2017-04-26 09:45:03 ::1 GET /css/tranx-gorilla-css v=1ee7wey9jOjuOBvePiFQfakhzxfcrOPyzTaAVzyYPO41 51722 - ::1 Mozilla/5.0+(Windows+NT+10.0;+WOW64;+rv:52.0)+Gecko/20100101+Firefox/52.0 http://localhost:51722/ExpenseDetail 304 0 0 111
2017-04-26 09:45:03 ::1 GET /images/logo_1.png - 51722 - ::1 Mozilla/5.0+(Windows+NT+10.0;+WOW64;+rv:52.0)+Gecko/20100101+Firefox/52.0 http://localhost:51722/ExpenseDetail 304 0 0 6
2017-04-26 09:45:03 ::1 GET /images/icons/copy.png - 51722 - ::1 Mozilla/5.0+(Windows+NT+10.0;+WOW64;+rv:52.0)+Gecko/20100101+Firefox/52.0 http://localhost:51722/ExpenseDetail 304 0 0 13
2017-04-26 09:45:03 ::1 GET /images/icons/pencil.png - 51722 - ::1 Mozilla/5.0+(Windows+NT+10.0;+WOW64;+rv:52.0)+Gecko/20100101+Firefox/52.0 http://localhost:51722/ExpenseDetail 304 0 0 29
2017-04-26 09:45:03 ::1 GET /Images/icons/cross.png - 51722 - ::1 Mozilla/5.0+(Windows+NT+10.0;+WOW64;+rv:52.0)+Gecko/20100101+Firefox/52.0 http://localhost:51722/ExpenseDetail 304 0 0 22
2017-04-26 09:45:03 ::1 GET /Images/next.png - 51722 - ::1 Mozilla/5.0+(Windows+NT+10.0;+WOW64;+rv:52.0)+Gecko/20100101+Firefox/52.0 http://localhost:51722/ExpenseDetail 304 0 0 6
2017-04-26 09:45:03 ::1 GET /Images/first.png - 51722 - ::1 Mozilla/5.0+(Windows+NT+10.0;+WOW64;+rv:52.0)+Gecko/20100101+Firefox/52.0 http://localhost:51722/ExpenseDetail 304 0 0 6
2017-04-26 09:45:03 ::1 GET /Images/prev.png - 51722 - ::1 Mozilla/5.0+(Windows+NT+10.0;+WOW64;+rv:52.0)+Gecko/20100101+Firefox/52.0 http://localhost:51722/ExpenseDetail 304 0 0 6
2017-04-26 09:45:03 ::1 GET /Images/last.png - 51722 - ::1 Mozilla/5.0+(Windows+NT+10.0;+WOW64;+rv:52.0)+Gecko/20100101+Firefox/52.0 http://localhost:51722/ExpenseDetail 304 0 0 10
2017-04-26 09:45:03 ::1 GET /images/ui-bg_flat_75_ffffff_40x100.png - 51722 - ::1 Mozilla/5.0+(Windows+NT+10.0;+WOW64;+rv:52.0)+Gecko/20100101+Firefox/52.0 http://localhost:51722/css/SiteLayoutPageForMasters-css?v=SIayMIpf48jja7LPRFcoqE-RIbRLEWdw90UBMijm8M01 304 0 0 3
2017-04-26 09:45:03 ::1 GET /images/bg-form-field.gif - 51722 - ::1 Mozilla/5.0+(Windows+NT+10.0;+WOW64;+rv:52.0)+Gecko/20100101+Firefox/52.0 http://localhost:51722/css/SiteLayoutPageForMasters-css?v=SIayMIpf48jja7LPRFcoqE-RIbRLEWdw90UBMijm8M01 304 0 0 4
2017-04-26 09:45:05 ::1 GET /__browserLink/requestData/a5e40dcdd7a94ee4a79214f95fad70b1 version=2 51722 - ::1 Mozilla/5.0+(Windows+NT+10.0;+WOW64;+rv:52.0)+Gecko/20100101+Firefox/52.0 http://localhost:51722/ExpenseDetail 200 0 0 17
2017-04-26 09:45:06 ::1 GET /~/images/icons/exclamation.png - 51722 - ::1 Mozilla/5.0+(Windows+NT+10.0;+WOW64;+rv:52.0)+Gecko/20100101+Firefox/52.0 http://localhost:51722/ExpenseDetail 404 0 2 4
2017-04-26 09:45:06 ::1 GET /images/icons/cross_circle.png - 51722 - ::1 Mozilla/5.0+(Windows+NT+10.0;+WOW64;+rv:52.0)+Gecko/20100101+Firefox/52.0 http://localhost:51722/css/SiteLayoutPageForMasters-css?v=SIayMIpf48jja7LPRFcoqE-RIbRLEWdw90UBMijm8M01 304 0 0 4
2017-04-26 09:45:47 ::1 GET /ExpenseDetail - 51722 - ::1 Mozilla/5.0+(Windows+NT+10.0;+WOW64)+AppleWebKit/537.36+(KHTML,+like+Gecko)+Chrome/57.0.2987.133+Safari/537.36 - 302 0 0 28
2017-04-26 09:45:47 ::1 GET /User/LogOn ReturnUrl=%2fExpenseDetail 51722 - ::1 Mozilla/5.0+(Windows+NT+10.0;+WOW64)+AppleWebKit/537.36+(KHTML,+like+Gecko)+Chrome/57.0.2987.133+Safari/537.36 - 302 0 0 13
2017-04-26 09:45:47 ::1 GET /User/LogOut - 51722 - ::1 Mozilla/5.0+(Windows+NT+10.0;+WOW64)+AppleWebKit/537.36+(KHTML,+like+Gecko)+Chrome/57.0.2987.133+Safari/537.36 - 200 0 0 58
2017-04-26 09:45:48 ::1 GET /__browserLink/requestData/e59d3ad2f61840d89a6ee5cdb6ce84eb version=2 51722 - ::1 Mozilla/5.0+(Windows+NT+10.0;+WOW64)+AppleWebKit/537.36+(KHTML,+like+Gecko)+Chrome/57.0.2987.133+Safari/537.36 http://localhost:51722/User/LogOut 200 0 0 4
2017-04-26 09:45:50 ::1 GET /User/LogOn - 51722 - ::1 Mozilla/5.0+(Windows+NT+10.0;+WOW64)+AppleWebKit/537.36+(KHTML,+like+Gecko)+Chrome/57.0.2987.133+Safari/537.36 http://localhost:51722/User/LogOut 200 0 0 56
2017-04-26 09:45:50 ::1 GET /__browserLink/requestData/1750d8f557334f0289f89a3345548915 version=2 51722 - ::1 Mozilla/5.0+(Windows+NT+10.0;+WOW64)+AppleWebKit/537.36+(KHTML,+like+Gecko)+Chrome/57.0.2987.133+Safari/537.36 http://localhost:51722/User/LogOn 200 0 0 4
2017-04-26 09:46:01 ::1 POST /User/LogOn - 51722 - ::1 Mozilla/5.0+(Windows+NT+10.0;+WOW64)+AppleWebKit/537.36+(KHTML,+like+Gecko)+Chrome/57.0.2987.133+Safari/537.36 http://localhost:51722/User/LogOn 302 0 0 550
2017-04-26 09:46:01 ::1 GET / - 51722 - ::1 Mozilla/5.0+(Windows+NT+10.0;+WOW64)+AppleWebKit/537.36+(KHTML,+like+Gecko)+Chrome/57.0.2987.133+Safari/537.36 http://localhost:51722/User/LogOn 302 0 0 7
2017-04-26 09:46:01 ::1 GET /Dashboard/ViewDashboard - 51722 - ::1 Mozilla/5.0+(Windows+NT+10.0;+WOW64)+AppleWebKit/537.36+(KHTML,+like+Gecko)+Chrome/57.0.2987.133+Safari/537.36 http://localhost:51722/User/LogOn 200 0 0 111
2017-04-26 09:46:01 ::1 GET /images/icons/users_two_48.png - 51722 - ::1 Mozilla/5.0+(Windows+NT+10.0;+WOW64)+AppleWebKit/537.36+(KHTML,+like+Gecko)+Chrome/57.0.2987.133+Safari/537.36 http://localhost:51722/Dashboard/ViewDashboard 200 0 0 25
2017-04-26 09:46:02 ::1 GET /Dashboard/getAjaxTab/1 sDate=null&eDate=null 51722 - ::1 Mozilla/5.0+(Windows+NT+10.0;+WOW64)+AppleWebKit/537.36+(KHTML,+like+Gecko)+Chrome/57.0.2987.133+Safari/537.36 http://localhost:51722/Dashboard/ViewDashboard 200 0 0 67
2017-04-26 09:46:02 ::1 GET /Scripts/v2/morris.charts/morris.css - 51722 - ::1 Mozilla/5.0+(Windows+NT+10.0;+WOW64)+AppleWebKit/537.36+(KHTML,+like+Gecko)+Chrome/57.0.2987.133+Safari/537.36 http://localhost:51722/Dashboard/ViewDashboard 200 0 0 3
2017-04-26 09:46:02 ::1 GET /Scripts/v2/easy.pie.chart/jquery.easing.1.3.js _=1493199962878 51722 - ::1 Mozilla/5.0+(Windows+NT+10.0;+WOW64)+AppleWebKit/537.36+(KHTML,+like+Gecko)+Chrome/57.0.2987.133+Safari/537.36 http://localhost:51722/Dashboard/ViewDashboard 200 0 0 15
2017-04-26 09:46:02 ::1 GET /Scripts/v2/easy.pie.chart/style.css - 51722 - ::1 Mozilla/5.0+(Windows+NT+10.0;+WOW64)+AppleWebKit/537.36+(KHTML,+like+Gecko)+Chrome/57.0.2987.133+Safari/537.36 http://localhost:51722/Dashboard/ViewDashboard 200 0 0 28
2017-04-26 09:46:02 ::1 GET /Scripts/v2/easy.pie.chart/jquery.easypiechart.min.js _=1493199962904 51722 - ::1 Mozilla/5.0+(Windows+NT+10.0;+WOW64)+AppleWebKit/537.36+(KHTML,+like+Gecko)+Chrome/57.0.2987.133+Safari/537.36 http://localhost:51722/Dashboard/ViewDashboard 200 0 0 50
2017-04-26 09:46:02 ::1 GET /Scripts/v2/morris.charts/morris.min.js _=1493199963104 51722 - ::1 Mozilla/5.0+(Windows+NT+10.0;+WOW64)+AppleWebKit/537.36+(KHTML,+like+Gecko)+Chrome/57.0.2987.133+Safari/537.36 http://localhost:51722/Dashboard/ViewDashboard 200 0 0 30
2017-04-26 09:46:02 ::1 GET /Scripts/v2/morris.charts/raphael.min.js _=1493199963151 51722 - ::1 Mozilla/5.0+(Windows+NT+10.0;+WOW64)+AppleWebKit/537.36+(KHTML,+like+Gecko)+Chrome/57.0.2987.133+Safari/537.36 http://localhost:51722/Dashboard/ViewDashboard 200 0 0 21
2017-04-26 09:46:02 ::1 GET /Images/loading.gif - 51722 - ::1 Mozilla/5.0+(Windows+NT+10.0;+WOW64)+AppleWebKit/537.36+(KHTML,+like+Gecko)+Chrome/57.0.2987.133+Safari/537.36 http://localhost:51722/Dashboard/ViewDashboard 200 0 0 79
2017-04-26 09:46:02 ::1 GET /Dashboard/GetExpenseSubmissions/ sDate=null&eDate=null 51722 - ::1 Mozilla/5.0+(Windows+NT+10.0;+WOW64)+AppleWebKit/537.36+(KHTML,+like+Gecko)+Chrome/57.0.2987.133+Safari/537.36 http://localhost:51722/Dashboard/ViewDashboard 200 0 0 309
2017-04-26 09:46:02 ::1 GET /__browserLink/requestData/6867352156d24be5ad49f38a6ca5386f version=2 51722 - ::1 Mozilla/5.0+(Windows+NT+10.0;+WOW64)+AppleWebKit/537.36+(KHTML,+like+Gecko)+Chrome/57.0.2987.133+Safari/537.36 http://localhost:51722/Dashboard/ViewDashboard 200 0 0 216
2017-04-26 09:46:03 ::1 GET /Dashboard/GetExpensePostings/ sDate=null&eDate=null 51722 - ::1 Mozilla/5.0+(Windows+NT+10.0;+WOW64)+AppleWebKit/537.36+(KHTML,+like+Gecko)+Chrome/57.0.2987.133+Safari/537.36 http://localhost:51722/Dashboard/ViewDashboard 200 0 0 381
2017-04-26 09:46:03 ::1 GET /Dashboard/GetExpenseApprovals/ sDate=null&eDate=null 51722 - ::1 Mozilla/5.0+(Windows+NT+10.0;+WOW64)+AppleWebKit/537.36+(KHTML,+like+Gecko)+Chrome/57.0.2987.133+Safari/537.36 http://localhost:51722/Dashboard/ViewDashboard 200 0 0 569
2017-04-26 09:46:03 ::1 GET /Dashboard/GetExpenseTypesAmount/ sDate=null&eDate=null 51722 - ::1 Mozilla/5.0+(Windows+NT+10.0;+WOW64)+AppleWebKit/537.36+(KHTML,+like+Gecko)+Chrome/57.0.2987.133+Safari/537.36 http://localhost:51722/Dashboard/ViewDashboard 200 0 0 1065
2017-04-26 09:46:05 ::1 GET /Dashboard/GetPayMethodsAmount/ sDate=null&eDate=null 51722 - ::1 Mozilla/5.0+(Windows+NT+10.0;+WOW64)+AppleWebKit/537.36+(KHTML,+like+Gecko)+Chrome/57.0.2987.133+Safari/537.36 http://localhost:51722/Dashboard/ViewDashboard 200 0 0 1549
2017-04-26 09:46:12 ::1 GET /ExpenseDetail - 51722 - ::1 Mozilla/5.0+(Windows+NT+10.0;+WOW64)+AppleWebKit/537.36+(KHTML,+like+Gecko)+Chrome/57.0.2987.133+Safari/537.36 http://localhost:51722/Dashboard/ViewDashboard 200 0 0 133
2017-04-26 09:46:12 ::1 GET /css/tranx-gorilla-css v=1ee7wey9jOjuOBvePiFQfakhzxfcrOPyzTaAVzyYPO41 51722 - ::1 Mozilla/5.0+(Windows+NT+10.0;+WOW64)+AppleWebKit/537.36+(KHTML,+like+Gecko)+Chrome/57.0.2987.133+Safari/537.36 http://localhost:51722/ExpenseDetail 200 0 0 14
2017-04-26 09:46:12 ::1 GET /Scripts/tranx-gorilla-js v=HEb0gldBuIh13UEztM3sMgRRLx67H1ZOvkNsIMGR_Ng1 51722 - ::1 Mozilla/5.0+(Windows+NT+10.0;+WOW64)+AppleWebKit/537.36+(KHTML,+like+Gecko)+Chrome/57.0.2987.133+Safari/537.36 http://localhost:51722/ExpenseDetail 200 0 0 3
2017-04-26 09:46:12 ::1 GET /images/icons/pencil.png - 51722 - ::1 Mozilla/5.0+(Windows+NT+10.0;+WOW64)+AppleWebKit/537.36+(KHTML,+like+Gecko)+Chrome/57.0.2987.133+Safari/537.36 http://localhost:51722/ExpenseDetail 200 0 0 2
2017-04-26 09:46:12 ::1 GET /images/icons/copy.png - 51722 - ::1 Mozilla/5.0+(Windows+NT+10.0;+WOW64)+AppleWebKit/537.36+(KHTML,+like+Gecko)+Chrome/57.0.2987.133+Safari/537.36 http://localhost:51722/ExpenseDetail 200 0 0 24
2017-04-26 09:46:12 ::1 GET /Images/first.png - 51722 - ::1 Mozilla/5.0+(Windows+NT+10.0;+WOW64)+AppleWebKit/537.36+(KHTML,+like+Gecko)+Chrome/57.0.2987.133+Safari/537.36 http://localhost:51722/ExpenseDetail 200 0 0 12
2017-04-26 09:46:12 ::1 GET /Images/prev.png - 51722 - ::1 Mozilla/5.0+(Windows+NT+10.0;+WOW64)+AppleWebKit/537.36+(KHTML,+like+Gecko)+Chrome/57.0.2987.133+Safari/537.36 http://localhost:51722/ExpenseDetail 200 0 0 10
2017-04-26 09:46:12 ::1 GET /Images/next.png - 51722 - ::1 Mozilla/5.0+(Windows+NT+10.0;+WOW64)+AppleWebKit/537.36+(KHTML,+like+Gecko)+Chrome/57.0.2987.133+Safari/537.36 http://localhost:51722/ExpenseDetail 200 0 0 10
2017-04-26 09:46:12 ::1 GET /Images/last.png - 51722 - ::1 Mozilla/5.0+(Windows+NT+10.0;+WOW64)+AppleWebKit/537.36+(KHTML,+like+Gecko)+Chrome/57.0.2987.133+Safari/537.36 http://localhost:51722/ExpenseDetail 200 0 0 3
2017-04-26 09:46:12 ::1 GET /__browserLink/requestData/863bac74ee0c4fb78116e842872f5269 version=2 51722 - ::1 Mozilla/5.0+(Windows+NT+10.0;+WOW64)+AppleWebKit/537.36+(KHTML,+like+Gecko)+Chrome/57.0.2987.133+Safari/537.36 http://localhost:51722/ExpenseDetail 200 0 0 10
2017-04-26 09:46:13 ::1 GET /~/images/icons/exclamation.png - 51722 - ::1 Mozilla/5.0+(Windows+NT+10.0;+WOW64)+AppleWebKit/537.36+(KHTML,+like+Gecko)+Chrome/57.0.2987.133+Safari/537.36 http://localhost:51722/ExpenseDetail 404 0 2 3
2017-04-26 09:46:13 ::1 GET /images/icons/cross_circle.png - 51722 - ::1 Mozilla/5.0+(Windows+NT+10.0;+WOW64)+AppleWebKit/537.36+(KHTML,+like+Gecko)+Chrome/57.0.2987.133+Safari/537.36 http://localhost:51722/css/SiteLayoutPageForMasters-css?v=SIayMIpf48jja7LPRFcoqE-RIbRLEWdw90UBMijm8M01 200 0 0 34
2017-04-26 09:46:55 ::1 GET /ExpenseDetail - 51722 - ::1 Mozilla/5.0+(Windows+NT+10.0;+WOW64;+rv:52.0)+Gecko/20100101+Firefox/52.0 http://localhost:51722/ExpenseDetail 302 0 0 4405
2017-04-26 09:46:56 ::1 GET /User/LogOn - 51722 - ::1 Mozilla/5.0+(Windows+NT+10.0;+WOW64;+rv:52.0)+Gecko/20100101+Firefox/52.0 http://localhost:51722/ExpenseDetail 200 0 0 1415
2017-04-26 09:46:56 ::1 GET /css/login-css v=79le8i1J1ahdg4meqLquFkKmIL9l8Cuju72EaVZN-6k1 51722 - ::1 Mozilla/5.0+(Windows+NT+10.0;+WOW64;+rv:52.0)+Gecko/20100101+Firefox/52.0 http://localhost:51722/User/LogOn 304 0 0 30
2017-04-26 09:46:56 ::1 GET /Scripts/login-js v=oGRG_oxR_ZHazTV6Mj7Ft23CnrW2uYg_pLBjp-7brhY1 51722 - ::1 Mozilla/5.0+(Windows+NT+10.0;+WOW64;+rv:52.0)+Gecko/20100101+Firefox/52.0 http://localhost:51722/User/LogOn 304 0 0 34
2017-04-26 09:46:56 ::1 GET /images/logo_color.png - 51722 - ::1 Mozilla/5.0+(Windows+NT+10.0;+WOW64;+rv:52.0)+Gecko/20100101+Firefox/52.0 http://localhost:51722/User/LogOn 304 0 0 15
2017-04-26 09:46:56 ::1 GET /images/bg-form-field.gif - 51722 - ::1 Mozilla/5.0+(Windows+NT+10.0;+WOW64;+rv:52.0)+Gecko/20100101+Firefox/52.0 http://localhost:51722/css/login-css?v=79le8i1J1ahdg4meqLquFkKmIL9l8Cuju72EaVZN-6k1 304 0 0 10
2017-04-26 09:46:56 ::1 GET /__browserLink/requestData/a22b07fa79d84543a4c37a5d544fe066 version=2 51722 - ::1 Mozilla/5.0+(Windows+NT+10.0;+WOW64;+rv:52.0)+Gecko/20100101+Firefox/52.0 http://localhost:51722/User/LogOn 200 0 0 14
2017-04-26 09:47:09 ::1 POST /User/LogOn - 51722 - ::1 Mozilla/5.0+(Windows+NT+10.0;+WOW64;+rv:52.0)+Gecko/20100101+Firefox/52.0 http://localhost:51722/User/LogOn 302 0 0 5231
2017-04-26 09:47:09 ::1 GET / - 51722 - ::1 Mozilla/5.0+(Windows+NT+10.0;+WOW64;+rv:52.0)+Gecko/20100101+Firefox/52.0 http://localhost:51722/User/LogOn 302 0 0 13
2017-04-26 09:47:10 ::1 GET /Dashboard/ViewDashboard - 51722 - ::1 Mozilla/5.0+(Windows+NT+10.0;+WOW64;+rv:52.0)+Gecko/20100101+Firefox/52.0 http://localhost:51722/User/LogOn 200 0 0 1104
2017-04-26 09:47:10 ::1 GET /Dashboard/getAjaxTab/1 sDate=null&eDate=null 51722 - ::1 Mozilla/5.0+(Windows+NT+10.0;+WOW64;+rv:52.0)+Gecko/20100101+Firefox/52.0 http://localhost:51722/Dashboard/ViewDashboard 200 0 0 62
2017-04-26 09:47:10 ::1 GET /Scripts/v2/easy.pie.chart/jquery.easing.1.3.js _=1493200030634 51722 - ::1 Mozilla/5.0+(Windows+NT+10.0;+WOW64;+rv:52.0)+Gecko/20100101+Firefox/52.0 http://localhost:51722/Dashboard/ViewDashboard 200 0 0 34
2017-04-26 09:47:10 ::1 GET /Scripts/v2/easy.pie.chart/jquery.easypiechart.min.js _=1493200030698 51722 - ::1 Mozilla/5.0+(Windows+NT+10.0;+WOW64;+rv:52.0)+Gecko/20100101+Firefox/52.0 http://localhost:51722/Dashboard/ViewDashboard 200 0 0 54
2017-04-26 09:47:10 ::1 GET /Scripts/v2/morris.charts/morris.min.js _=1493200030813 51722 - ::1 Mozilla/5.0+(Windows+NT+10.0;+WOW64;+rv:52.0)+Gecko/20100101+Firefox/52.0 http://localhost:51722/Dashboard/ViewDashboard 200 0 0 23
2017-04-26 09:47:10 ::1 GET /Scripts/v2/morris.charts/raphael.min.js _=1493200031051 51722 - ::1 Mozilla/5.0+(Windows+NT+10.0;+WOW64;+rv:52.0)+Gecko/20100101+Firefox/52.0 http://localhost:51722/Dashboard/ViewDashboard 200 0 0 23
2017-04-26 09:47:10 ::1 GET /__browserLink/requestData/2a21fc891d4e40788d7fa6721d48366e version=2 51722 - ::1 Mozilla/5.0+(Windows+NT+10.0;+WOW64;+rv:52.0)+Gecko/20100101+Firefox/52.0 http://localhost:51722/Dashboard/ViewDashboard 200 0 0 14
2017-04-26 09:47:11 ::1 GET /Dashboard/GetExpenseSubmissions/ sDate=null&eDate=null 51722 - ::1 Mozilla/5.0+(Windows+NT+10.0;+WOW64;+rv:52.0)+Gecko/20100101+Firefox/52.0 http://localhost:51722/Dashboard/ViewDashboard 200 0 0 294
2017-04-26 09:47:11 ::1 GET /Dashboard/GetPayMethodsAmount/ sDate=null&eDate=null 51722 - ::1 Mozilla/5.0+(Windows+NT+10.0;+WOW64;+rv:52.0)+Gecko/20100101+Firefox/52.0 http://localhost:51722/Dashboard/ViewDashboard 200 0 0 749
2017-04-26 09:47:11 ::1 GET /Dashboard/GetExpenseApprovals/ sDate=null&eDate=null 51722 - ::1 Mozilla/5.0+(Windows+NT+10.0;+WOW64;+rv:52.0)+Gecko/20100101+Firefox/52.0 http://localhost:51722/Dashboard/ViewDashboard 200 0 0 1222
2017-04-26 09:47:12 ::1 GET /Dashboard/GetExpenseTypesAmount/ sDate=null&eDate=null 51722 - ::1 Mozilla/5.0+(Windows+NT+10.0;+WOW64;+rv:52.0)+Gecko/20100101+Firefox/52.0 http://localhost:51722/Dashboard/ViewDashboard 200 0 0 1603
2017-04-26 09:47:12 ::1 GET /Dashboard/GetExpensePostings/ sDate=null&eDate=null 51722 - ::1 Mozilla/5.0+(Windows+NT+10.0;+WOW64;+rv:52.0)+Gecko/20100101+Firefox/52.0 http://localhost:51722/Dashboard/ViewDashboard 200 0 0 2102
2017-04-26 09:47:19 ::1 GET /ExpenseDetail - 51722 - ::1 Mozilla/5.0+(Windows+NT+10.0;+WOW64;+rv:52.0)+Gecko/20100101+Firefox/52.0 http://localhost:51722/Dashboard/ViewDashboard 200 0 0 2425
2017-04-26 09:47:20 ::1 GET /__browserLink/requestData/33c6a6b478da490daf8235889de6fd40 version=2 51722 - ::1 Mozilla/5.0+(Windows+NT+10.0;+WOW64;+rv:52.0)+Gecko/20100101+Firefox/52.0 http://localhost:51722/ExpenseDetail 200 0 0 16
2017-04-26 09:48:40 ::1 GET /ExpenseDetail - 51722 - ::1 Mozilla/5.0+(Windows+NT+10.0;+WOW64;+rv:52.0)+Gecko/20100101+Firefox/52.0 http://localhost:51722/Dashboard/ViewDashboard 302 0 0 2540
2017-04-26 09:48:41 ::1 GET /User/LogOn - 51722 - ::1 Mozilla/5.0+(Windows+NT+10.0;+WOW64;+rv:52.0)+Gecko/20100101+Firefox/52.0 http://localhost:51722/Dashboard/ViewDashboard 200 0 0 1331
2017-04-26 09:48:41 ::1 GET /Scripts/login-js v=oGRG_oxR_ZHazTV6Mj7Ft23CnrW2uYg_pLBjp-7brhY1 51722 - ::1 Mozilla/5.0+(Windows+NT+10.0;+WOW64;+rv:52.0)+Gecko/20100101+Firefox/52.0 http://localhost:51722/User/LogOn 304 0 0 40
2017-04-26 09:48:41 ::1 GET /css/login-css v=79le8i1J1ahdg4meqLquFkKmIL9l8Cuju72EaVZN-6k1 51722 - ::1 Mozilla/5.0+(Windows+NT+10.0;+WOW64;+rv:52.0)+Gecko/20100101+Firefox/52.0 http://localhost:51722/User/LogOn 304 0 0 52
2017-04-26 09:48:41 ::1 GET /images/logo_color.png - 51722 - ::1 Mozilla/5.0+(Windows+NT+10.0;+WOW64;+rv:52.0)+Gecko/20100101+Firefox/52.0 http://localhost:51722/User/LogOn 304 0 0 43
2017-04-26 09:48:41 ::1 GET /images/bg-form-field.gif - 51722 - ::1 Mozilla/5.0+(Windows+NT+10.0;+WOW64;+rv:52.0)+Gecko/20100101+Firefox/52.0 http://localhost:51722/css/login-css?v=79le8i1J1ahdg4meqLquFkKmIL9l8Cuju72EaVZN-6k1 304 0 0 38
2017-04-26 09:48:41 ::1 GET /__browserLink/requestData/2b297c777912474a918bb37787b9817c version=2 51722 - ::1 Mozilla/5.0+(Windows+NT+10.0;+WOW64;+rv:52.0)+Gecko/20100101+Firefox/52.0 http://localhost:51722/User/LogOn 200 0 0 17
2017-04-26 09:48:49 ::1 POST /User/LogOn - 51722 - ::1 Mozilla/5.0+(Windows+NT+10.0;+WOW64;+rv:52.0)+Gecko/20100101+Firefox/52.0 http://localhost:51722/User/LogOn 302 0 0 4213
2017-04-26 09:48:49 ::1 GET / - 51722 - ::1 Mozilla/5.0+(Windows+NT+10.0;+WOW64;+rv:52.0)+Gecko/20100101+Firefox/52.0 http://localhost:51722/User/LogOn 302 0 0 13
2017-04-26 09:48:49 ::1 GET /Dashboard/ViewDashboard - 51722 - ::1 Mozilla/5.0+(Windows+NT+10.0;+WOW64;+rv:52.0)+Gecko/20100101+Firefox/52.0 http://localhost:51722/User/LogOn 200 0 0 925
2017-04-26 09:48:51 ::1 GET /Dashboard/getAjaxTab/1 sDate=null&eDate=null 51722 - ::1 Mozilla/5.0+(Windows+NT+10.0;+WOW64;+rv:52.0)+Gecko/20100101+Firefox/52.0 http://localhost:51722/Dashboard/ViewDashboard 200 0 0 88
2017-04-26 09:48:51 ::1 GET /Scripts/v2/easy.pie.chart/jquery.easing.1.3.js _=1493200131089 51722 - ::1 Mozilla/5.0+(Windows+NT+10.0;+WOW64;+rv:52.0)+Gecko/20100101+Firefox/52.0 http://localhost:51722/Dashboard/ViewDashboard 200 0 0 39
2017-04-26 09:48:51 ::1 GET /Scripts/v2/easy.pie.chart/jquery.easypiechart.min.js _=1493200131147 51722 - ::1 Mozilla/5.0+(Windows+NT+10.0;+WOW64;+rv:52.0)+Gecko/20100101+Firefox/52.0 http://localhost:51722/Dashboard/ViewDashboard 200 0 0 14
2017-04-26 09:48:51 ::1 GET /Scripts/v2/morris.charts/morris.min.js _=1493200131171 51722 - ::1 Mozilla/5.0+(Windows+NT+10.0;+WOW64;+rv:52.0)+Gecko/20100101+Firefox/52.0 http://localhost:51722/Dashboard/ViewDashboard 200 0 0 20
2017-04-26 09:48:51 ::1 GET /__browserLink/requestData/9f904e071e6d4ca4acce1b4d83d1b9f6 version=2 51722 - ::1 Mozilla/5.0+(Windows+NT+10.0;+WOW64;+rv:52.0)+Gecko/20100101+Firefox/52.0 http://localhost:51722/Dashboard/ViewDashboard 200 0 0 8
2017-04-26 09:48:51 ::1 GET /Scripts/v2/morris.charts/raphael.min.js _=1493200131200 51722 - ::1 Mozilla/5.0+(Windows+NT+10.0;+WOW64;+rv:52.0)+Gecko/20100101+Firefox/52.0 http://localhost:51722/Dashboard/ViewDashboard 200 0 0 10
2017-04-26 09:48:51 ::1 GET /Dashboard/GetExpenseApprovals/ sDate=null&eDate=null 51722 - ::1 Mozilla/5.0+(Windows+NT+10.0;+WOW64;+rv:52.0)+Gecko/20100101+Firefox/52.0 http://localhost:51722/Dashboard/ViewDashboard 200 0 0 303
2017-04-26 09:48:51 ::1 GET /Dashboard/GetPayMethodsAmount/ sDate=null&eDate=null 51722 - ::1 Mozilla/5.0+(Windows+NT+10.0;+WOW64;+rv:52.0)+Gecko/20100101+Firefox/52.0 http://localhost:51722/Dashboard/ViewDashboard 200 0 0 652
2017-04-26 09:48:52 ::1 GET /Dashboard/GetExpenseTypesAmount/ sDate=null&eDate=null 51722 - ::1 Mozilla/5.0+(Windows+NT+10.0;+WOW64;+rv:52.0)+Gecko/20100101+Firefox/52.0 http://localhost:51722/Dashboard/ViewDashboard 200 0 0 1094
2017-04-26 09:48:52 ::1 GET /Dashboard/GetExpensePostings/ sDate=null&eDate=null 51722 - ::1 Mozilla/5.0+(Windows+NT+10.0;+WOW64;+rv:52.0)+Gecko/20100101+Firefox/52.0 http://localhost:51722/Dashboard/ViewDashboard 200 0 0 1605
2017-04-26 09:48:52 ::1 GET /Dashboard/GetExpenseSubmissions/ sDate=null&eDate=null 51722 - ::1 Mozilla/5.0+(Windows+NT+10.0;+WOW64;+rv:52.0)+Gecko/20100101+Firefox/52.0 http://localhost:51722/Dashboard/ViewDashboard 200 0 0 2081
2017-04-26 09:49:01 ::1 GET /ExpenseDetail - 51722 - ::1 Mozilla/5.0+(Windows+NT+10.0;+WOW64;+rv:52.0)+Gecko/20100101+Firefox/52.0 http://localhost:51722/Dashboard/ViewDashboard 200 0 0 2823
2017-04-26 09:49:01 ::1 GET /__browserLink/requestData/3101c09dd9824a3c9b7784c1bb06a61e version=2 51722 - ::1 Mozilla/5.0+(Windows+NT+10.0;+WOW64;+rv:52.0)+Gecko/20100101+Firefox/52.0 http://localhost:51722/ExpenseDetail 200 0 0 11
#Software: Microsoft Internet Information Services 8.0
#Version: 1.0
#Date: 2017-04-26 10:12:18
#Fields: date time s-ip cs-method cs-uri-stem cs-uri-query s-port cs-username c-ip cs(User-Agent) cs(Referer) sc-status sc-substatus sc-win32-status time-taken
2017-04-26 10:12:18 ::1 GET /User/LogOff - 51722 - ::1 Mozilla/5.0+(Windows+NT+10.0;+WOW64)+AppleWebKit/537.36+(KHTML,+like+Gecko)+Chrome/57.0.2987.133+Safari/537.36 http://localhost:51722/ExpenseDetail 302 0 0 64
2017-04-26 10:12:18 ::1 GET / - 51722 - ::1 Mozilla/5.0+(Windows+NT+10.0;+WOW64)+AppleWebKit/537.36+(KHTML,+like+Gecko)+Chrome/57.0.2987.133+Safari/537.36 http://localhost:51722/ExpenseDetail 302 0 0 28
2017-04-26 10:12:18 ::1 GET /User/LogOn - 51722 - ::1 Mozilla/5.0+(Windows+NT+10.0;+WOW64)+AppleWebKit/537.36+(KHTML,+like+Gecko)+Chrome/57.0.2987.133+Safari/537.36 http://localhost:51722/ExpenseDetail 200 0 0 62
2017-04-26 10:12:18 ::1 GET /__browserLink/requestData/519ee3b3c402410882bb484f23be60f9 version=2 51722 - ::1 Mozilla/5.0+(Windows+NT+10.0;+WOW64)+AppleWebKit/537.36+(KHTML,+like+Gecko)+Chrome/57.0.2987.133+Safari/537.36 http://localhost:51722/User/LogOn 200 0 0 18
2017-04-26 10:12:28 ::1 POST /User/LogOn - 51722 - ::1 Mozilla/5.0+(Windows+NT+10.0;+WOW64)+AppleWebKit/537.36+(KHTML,+like+Gecko)+Chrome/57.0.2987.133+Safari/537.36 http://localhost:51722/User/LogOn 302 0 0 2184
2017-04-26 10:12:37 ::1 GET / - 51722 - ::1 Mozilla/5.0+(Windows+NT+10.0;+WOW64)+AppleWebKit/537.36+(KHTML,+like+Gecko)+Chrome/57.0.2987.133+Safari/537.36 http://localhost:51722/User/LogOn 200 0 0 9130
2017-04-26 10:12:37 ::1 GET /__browserLink/requestData/172ec6b188b04be8a053d16646e1d30d version=2 51722 - ::1 Mozilla/5.0+(Windows+NT+10.0;+WOW64)+AppleWebKit/537.36+(KHTML,+like+Gecko)+Chrome/57.0.2987.133+Safari/537.36 http://localhost:51722/ 200 0 0 12
2017-04-26 10:12:46 ::1 GET /Timesheet - 51722 - ::1 Mozilla/5.0+(Windows+NT+10.0;+WOW64)+AppleWebKit/537.36+(KHTML,+like+Gecko)+Chrome/57.0.2987.133+Safari/537.36 http://localhost:51722/ 200 0 0 1815
2017-04-26 10:12:46 ::1 GET /__browserLink/requestData/70d2e6cf145543269827c40823f1ed02 version=2 51722 - ::1 Mozilla/5.0+(Windows+NT+10.0;+WOW64)+AppleWebKit/537.36+(KHTML,+like+Gecko)+Chrome/57.0.2987.133+Safari/537.36 http://localhost:51722/Timesheet 200 0 0 12
2017-04-26 10:13:04 ::1 GET /Timesheet/CreateUpdateTimesheet - 51722 - ::1 Mozilla/5.0+(Windows+NT+10.0;+WOW64)+AppleWebKit/537.36+(KHTML,+like+Gecko)+Chrome/57.0.2987.133+Safari/537.36 http://localhost:51722/Timesheet 200 0 0 2186
2017-04-26 10:13:04 ::1 GET /css/SiteLayoutPage-css v=xSTlOlXZCH1-dS-5mWdrYLE74iSV04T6EfLNVZY7w4E1 51722 - ::1 Mozilla/5.0+(Windows+NT+10.0;+WOW64)+AppleWebKit/537.36+(KHTML,+like+Gecko)+Chrome/57.0.2987.133+Safari/537.36 http://localhost:51722/Timesheet/CreateUpdateTimesheet 200 0 0 35
2017-04-26 10:13:04 ::1 GET /Timesheet/GetTimeSheet/ TimesheetHeaderId=0&pq_datatype=JSON&_=1493201585156 51722 - ::1 Mozilla/5.0+(Windows+NT+10.0;+WOW64)+AppleWebKit/537.36+(KHTML,+like+Gecko)+Chrome/57.0.2987.133+Safari/537.36 http://localhost:51722/Timesheet/CreateUpdateTimesheet 200 0 0 15
2017-04-26 10:13:05 ::1 GET /AjaxCall/GetProjectList/ UserId=0&ExpenseDate=4/26/2017 51722 - ::1 Mozilla/5.0+(Windows+NT+10.0;+WOW64)+AppleWebKit/537.36+(KHTML,+like+Gecko)+Chrome/57.0.2987.133+Safari/537.36 http://localhost:51722/Timesheet/CreateUpdateTimesheet 200 0 0 486
2017-04-26 10:13:05 ::1 GET /__browserLink/requestData/998bf5d222384f2dab222f31be0ade31 version=2 51722 - ::1 Mozilla/5.0+(Windows+NT+10.0;+WOW64)+AppleWebKit/537.36+(KHTML,+like+Gecko)+Chrome/57.0.2987.133+Safari/537.36 http://localhost:51722/Timesheet/CreateUpdateTimesheet 200 0 0 15
2017-04-26 10:13:05 ::1 GET /AjaxCall/GetCustomerList/ UserId=0 51722 - ::1 Mozilla/5.0+(Windows+NT+10.0;+WOW64)+AppleWebKit/537.36+(KHTML,+like+Gecko)+Chrome/57.0.2987.133+Safari/537.36 http://localhost:51722/Timesheet/CreateUpdateTimesheet 200 0 0 650
2017-04-26 10:13:13 ::1 GET /Timesheet/CreateTimesheetColModel/ StartDate=11-Jan-2015&EndDate=17-Jan-2015&SubordinateUserId=0 51722 - ::1 Mozilla/5.0+(Windows+NT+10.0;+WOW64)+AppleWebKit/537.36+(KHTML,+like+Gecko)+Chrome/57.0.2987.133+Safari/537.36 http://localhost:51722/Timesheet/CreateUpdateTimesheet 200 0 0 237
2017-04-26 10:13:13 ::1 GET /Timesheet/CreateTimesheetDataModelEmptyRow/ StartDate=11-Jan-2015&EndDate=17-Jan-2015&SubordinateUserId=0 51722 - ::1 Mozilla/5.0+(Windows+NT+10.0;+WOW64)+AppleWebKit/537.36+(KHTML,+like+Gecko)+Chrome/57.0.2987.133+Safari/537.36 http://localhost:51722/Timesheet/CreateUpdateTimesheet 200 0 0 72
2017-04-26 10:13:13 ::1 GET /Timesheet/GetNumberOfHrsPerTimesheet/ StartDate=11-Jan-2015&EndDate=17-Jan-2015 51722 - ::1 Mozilla/5.0+(Windows+NT+10.0;+WOW64)+AppleWebKit/537.36+(KHTML,+like+Gecko)+Chrome/57.0.2987.133+Safari/537.36 http://localhost:51722/Timesheet/CreateUpdateTimesheet 200 0 0 549
2017-04-26 10:13:15 ::1 GET /AjaxCall/GetCustomerList/ UserId=278 51722 - ::1 Mozilla/5.0+(Windows+NT+10.0;+WOW64)+AppleWebKit/537.36+(KHTML,+like+Gecko)+Chrome/57.0.2987.133+Safari/537.36 http://localhost:51722/Timesheet/CreateUpdateTimesheet 200 0 0 6
2017-04-26 10:13:16 ::1 GET /AjaxCall/GetCustomerList/ UserId=278 51722 - ::1 Mozilla/5.0+(Windows+NT+10.0;+WOW64)+AppleWebKit/537.36+(KHTML,+like+Gecko)+Chrome/57.0.2987.133+Safari/537.36 http://localhost:51722/Timesheet/CreateUpdateTimesheet 200 0 0 5
2017-04-26 10:13:20 ::1 GET /AjaxCall/GetProjectList/ CustomerId=0&UserId=278&ExpenseDate=4/26/2017 51722 - ::1 Mozilla/5.0+(Windows+NT+10.0;+WOW64)+AppleWebKit/537.36+(KHTML,+like+Gecko)+Chrome/57.0.2987.133+Safari/537.36 http://localhost:51722/Timesheet/CreateUpdateTimesheet 200 0 0 8
2017-04-26 10:13:27 ::1 GET /Timesheet/GetBilingCodes - 51722 - ::1 Mozilla/5.0+(Windows+NT+10.0;+WOW64)+AppleWebKit/537.36+(KHTML,+like+Gecko)+Chrome/57.0.2987.133+Safari/537.36 http://localhost:51722/Timesheet/CreateUpdateTimesheet 200 0 0 7
2017-04-26 10:13:28 ::1 GET /Timesheet/GetTimeTypeList - 51722 - ::1 Mozilla/5.0+(Windows+NT+10.0;+WOW64)+AppleWebKit/537.36+(KHTML,+like+Gecko)+Chrome/57.0.2987.133+Safari/537.36 http://localhost:51722/Timesheet/CreateUpdateTimesheet 200 0 0 19
2017-04-26 10:13:29 ::1 GET /Timesheet/GetBilingCodes - 51722 - ::1 Mozilla/5.0+(Windows+NT+10.0;+WOW64)+AppleWebKit/537.36+(KHTML,+like+Gecko)+Chrome/57.0.2987.133+Safari/537.36 http://localhost:51722/Timesheet/CreateUpdateTimesheet 200 0 0 23
2017-04-26 10:13:32 ::1 GET /Timesheet/GetTimeTypeList - 51722 - ::1 Mozilla/5.0+(Windows+NT+10.0;+WOW64)+AppleWebKit/537.36+(KHTML,+like+Gecko)+Chrome/57.0.2987.133+Safari/537.36 http://localhost:51722/Timesheet/CreateUpdateTimesheet 200 0 0 19
2017-04-26 10:13:47 ::1 POST /Timesheet/SaveTimesheet RemainingRowsTosave= 51722 - ::1 Mozilla/5.0+(Windows+NT+10.0;+WOW64)+AppleWebKit/537.36+(KHTML,+like+Gecko)+Chrome/57.0.2987.133+Safari/537.36 http://localhost:51722/Timesheet/CreateUpdateTimesheet 200 0 0 1032
2017-04-26 10:13:47 ::1 GET /Timesheet/CreateUpdateTimesheet/ TimesheetHeaderId=1&SubordinateUserId=0&ViewName=EDITTS 51722 - ::1 Mozilla/5.0+(Windows+NT+10.0;+WOW64)+AppleWebKit/537.36+(KHTML,+like+Gecko)+Chrome/57.0.2987.133+Safari/537.36 http://localhost:51722/Timesheet/CreateUpdateTimesheet 200 0 0 826
2017-04-26 10:13:47 ::1 GET /Scripts/v2/progress.min.css - 51722 - ::1 Mozilla/5.0+(Windows+NT+10.0;+WOW64)+AppleWebKit/537.36+(KHTML,+like+Gecko)+Chrome/57.0.2987.133+Safari/537.36 http://localhost:51722/Timesheet/CreateUpdateTimesheet/?TimesheetHeaderId=1&SubordinateUserId=0&ViewName=EDITTS 200 0 0 16
2017-04-26 10:13:48 ::1 GET /Timesheet/GetTimeSheet/ TimesheetHeaderId=1&pq_datatype=JSON&_=1493201628284 51722 - ::1 Mozilla/5.0+(Windows+NT+10.0;+WOW64)+AppleWebKit/537.36+(KHTML,+like+Gecko)+Chrome/57.0.2987.133+Safari/537.36 http://localhost:51722/Timesheet/CreateUpdateTimesheet/?TimesheetHeaderId=1&SubordinateUserId=0&ViewName=EDITTS 200 0 0 214
2017-04-26 10:13:48 ::1 GET /Timesheet/CreateTimesheetColModel/ StartDate=11-Jan-2015&EndDate=17-Jan-2015&SubordinateUserId=0&_=1493201628508 51722 - ::1 Mozilla/5.0+(Windows+NT+10.0;+WOW64)+AppleWebKit/537.36+(KHTML,+like+Gecko)+Chrome/57.0.2987.133+Safari/537.36 http://localhost:51722/Timesheet/CreateUpdateTimesheet/?TimesheetHeaderId=1&SubordinateUserId=0&ViewName=EDITTS 200 0 0 146
2017-04-26 10:13:48 ::1 GET /Timesheet/CreateTimesheetDataModelEmptyRow/ StartDate=11-Jan-2015&EndDate=17-Jan-2015&SubordinateUserId=0&_=1493201628679 51722 - ::1 Mozilla/5.0+(Windows+NT+10.0;+WOW64)+AppleWebKit/537.36+(KHTML,+like+Gecko)+Chrome/57.0.2987.133+Safari/537.36 http://localhost:51722/Timesheet/CreateUpdateTimesheet/?TimesheetHeaderId=1&SubordinateUserId=0&ViewName=EDITTS 200 0 0 12
2017-04-26 10:13:48 ::1 GET /Timesheet/GetNumberOfHrsPerTimesheet/ StartDate=11-Jan-2015&EndDate=17-Jan-2015&_=1493201628707 51722 - ::1 Mozilla/5.0+(Windows+NT+10.0;+WOW64)+AppleWebKit/537.36+(KHTML,+like+Gecko)+Chrome/57.0.2987.133+Safari/537.36 http://localhost:51722/Timesheet/CreateUpdateTimesheet/?TimesheetHeaderId=1&SubordinateUserId=0&ViewName=EDITTS 200 0 0 11
2017-04-26 10:13:48 ::1 GET /__browserLink/requestData/63f5ccd9018a460095055e33ba2eab1d version=2 51722 - ::1 Mozilla/5.0+(Windows+NT+10.0;+WOW64)+AppleWebKit/537.36+(KHTML,+like+Gecko)+Chrome/57.0.2987.133+Safari/537.36 http://localhost:51722/Timesheet/CreateUpdateTimesheet/?TimesheetHeaderId=1&SubordinateUserId=0&ViewName=EDITTS 200 0 0 20
2017-04-26 10:13:48 ::1 GET /AjaxCall/GetCustomerList/ UserId=0&_=1493201628305 51722 - ::1 Mozilla/5.0+(Windows+NT+10.0;+WOW64)+AppleWebKit/537.36+(KHTML,+like+Gecko)+Chrome/57.0.2987.133+Safari/537.36 http://localhost:51722/Timesheet/CreateUpdateTimesheet/?TimesheetHeaderId=1&SubordinateUserId=0&ViewName=EDITTS 200 0 0 534
#Software: Microsoft Internet Information Services 8.0
#Version: 1.0
#Date: 2017-04-26 10:14:42
#Fields: date time s-ip cs-method cs-uri-stem cs-uri-query s-port cs-username c-ip cs(User-Agent) cs(Referer) sc-status sc-substatus sc-win32-status time-taken
2017-04-26 10:14:42 ::1 GET /Timesheet/CopyTimesheet - 51722 - ::1 Mozilla/5.0+(Windows+NT+10.0;+WOW64;+rv:52.0)+Gecko/20100101+Firefox/52.0 - 500 0 0 4507
2017-04-26 10:14:57 ::1 GET / - 51722 - ::1 Mozilla/5.0+(Windows+NT+10.0;+WOW64;+rv:52.0)+Gecko/20100101+Firefox/52.0 - 302 0 0 1161
2017-04-26 10:14:59 ::1 GET /User/LogOn - 51722 - ::1 Mozilla/5.0+(Windows+NT+10.0;+WOW64;+rv:52.0)+Gecko/20100101+Firefox/52.0 - 200 0 0 1385
2017-04-26 10:14:59 ::1 GET /__browserLink/requestData/47d5769a174949918dae5bc44c50b50f version=2 51722 - ::1 Mozilla/5.0+(Windows+NT+10.0;+WOW64;+rv:52.0)+Gecko/20100101+Firefox/52.0 http://localhost:51722/User/LogOn 200 0 0 40
2017-04-26 10:15:15 ::1 POST /User/LogOn - 51722 - ::1 Mozilla/5.0+(Windows+NT+10.0;+WOW64;+rv:52.0)+Gecko/20100101+Firefox/52.0 http://localhost:51722/User/LogOn 302 0 0 5844
2017-04-26 10:15:18 ::1 GET / - 51722 - ::1 Mozilla/5.0+(Windows+NT+10.0;+WOW64;+rv:52.0)+Gecko/20100101+Firefox/52.0 http://localhost:51722/User/LogOn 200 0 0 2665
2017-04-26 10:15:18 ::1 GET /__browserLink/requestData/69204efead7e47388d6a099f8e436ab8 version=2 51722 - ::1 Mozilla/5.0+(Windows+NT+10.0;+WOW64;+rv:52.0)+Gecko/20100101+Firefox/52.0 http://localhost:51722/ 200 0 0 7
2017-04-26 10:15:26 ::1 GET /Timesheet - 51722 - ::1 Mozilla/5.0+(Windows+NT+10.0;+WOW64;+rv:52.0)+Gecko/20100101+Firefox/52.0 http://localhost:51722/ 200 0 0 950
2017-04-26 10:15:26 ::1 GET /__browserLink/requestData/db64405ac53146af8744e14f643e598e version=2 51722 - ::1 Mozilla/5.0+(Windows+NT+10.0;+WOW64;+rv:52.0)+Gecko/20100101+Firefox/52.0 http://localhost:51722/Timesheet 200 0 0 8
2017-04-26 10:15:30 ::1 GET /Timesheet/CopyTimesheet/ TimesheetHeaderId=1&ViewName=COPY 51722 - ::1 Mozilla/5.0+(Windows+NT+10.0;+WOW64;+rv:52.0)+Gecko/20100101+Firefox/52.0 http://localhost:51722/Timesheet 200 0 0 140
2017-04-26 10:17:37 ::1 GET /Timesheet/CopyTimesheet/ TimesheetHeaderId=1&ViewName=COPY 51722 - ::1 Mozilla/5.0+(Windows+NT+10.0;+WOW64;+rv:52.0)+Gecko/20100101+Firefox/52.0 http://localhost:51722/Timesheet 200 0 0 77
2017-04-26 10:18:05 ::1 GET /User/LogOn - 51722 - ::1 Mozilla/5.0+(Windows+NT+10.0;+WOW64;+rv:52.0)+Gecko/20100101+Firefox/52.0 - 200 0 0 848
2017-04-26 10:18:05 ::1 GET /Scripts/login-js v=oGRG_oxR_ZHazTV6Mj7Ft23CnrW2uYg_pLBjp-7brhY1 51722 - ::1 Mozilla/5.0+(Windows+NT+10.0;+WOW64;+rv:52.0)+Gecko/20100101+Firefox/52.0 http://localhost:51722/User/LogOn 304 0 0 49
2017-04-26 10:18:05 ::1 GET /css/login-css v=79le8i1J1ahdg4meqLquFkKmIL9l8Cuju72EaVZN-6k1 51722 - ::1 Mozilla/5.0+(Windows+NT+10.0;+WOW64;+rv:52.0)+Gecko/20100101+Firefox/52.0 http://localhost:51722/User/LogOn 304 0 0 49
2017-04-26 10:18:05 ::1 GET /images/bg-form-field.gif - 51722 - ::1 Mozilla/5.0+(Windows+NT+10.0;+WOW64;+rv:52.0)+Gecko/20100101+Firefox/52.0 http://localhost:51722/css/login-css?v=79le8i1J1ahdg4meqLquFkKmIL9l8Cuju72EaVZN-6k1 304 0 0 34
2017-04-26 10:18:05 ::1 GET /images/logo_color.png - 51722 - ::1 Mozilla/5.0+(Windows+NT+10.0;+WOW64;+rv:52.0)+Gecko/20100101+Firefox/52.0 http://localhost:51722/User/LogOn 304 0 0 34
2017-04-26 10:18:05 ::1 GET /__browserLink/requestData/1dae4026665a4b86ada880ed892bfd27 version=2 51722 - ::1 Mozilla/5.0+(Windows+NT+10.0;+WOW64;+rv:52.0)+Gecko/20100101+Firefox/52.0 http://localhost:51722/User/LogOn 200 0 0 12
2017-04-26 10:18:05 ::1 GET /Timesheet - 51722 - ::1 Mozilla/5.0+(Windows+NT+10.0;+WOW64;+rv:52.0)+Gecko/20100101+Firefox/52.0 - 302 0 0 8748
2017-04-26 10:18:09 ::1 POST /User/LogOn - 51722 - ::1 Mozilla/5.0+(Windows+NT+10.0;+WOW64;+rv:52.0)+Gecko/20100101+Firefox/52.0 http://localhost:51722/User/LogOn 302 0 0 1964
2017-04-26 10:18:11 ::1 GET / - 51722 - ::1 Mozilla/5.0+(Windows+NT+10.0;+WOW64;+rv:52.0)+Gecko/20100101+Firefox/52.0 http://localhost:51722/User/LogOn 200 0 0 1872
2017-04-26 10:18:11 ::1 GET /Scripts/SiteLayoutPageForMasters-js v=5gQH9EoF6HcF-q3-uDfJs5AHoZEQfvvd-dMgOierOJE1 51722 - ::1 Mozilla/5.0+(Windows+NT+10.0;+WOW64;+rv:52.0)+Gecko/20100101+Firefox/52.0 http://localhost:51722/ 200 0 0 20
2017-04-26 10:18:11 ::1 GET /__browserLink/requestData/c1f008eca6f64f599f717398f313a126 version=2 51722 - ::1 Mozilla/5.0+(Windows+NT+10.0;+WOW64;+rv:52.0)+Gecko/20100101+Firefox/52.0 http://localhost:51722/ 200 0 0 5
2017-04-26 10:18:20 ::1 GET /Timesheet - 51722 - ::1 Mozilla/5.0+(Windows+NT+10.0;+WOW64;+rv:52.0)+Gecko/20100101+Firefox/52.0 http://localhost:51722/ 200 0 0 625
2017-04-26 10:18:20 ::1 GET /__browserLink/requestData/981e3e5ce9c3407195cd0e0f6ae2fe7a version=2 51722 - ::1 Mozilla/5.0+(Windows+NT+10.0;+WOW64;+rv:52.0)+Gecko/20100101+Firefox/52.0 http://localhost:51722/Timesheet 200 0 0 10
2017-04-26 10:18:22 ::1 GET /Timesheet/CopyTimesheet/ TimesheetHeaderId=1&ViewName=COPY 51722 - ::1 Mozilla/5.0+(Windows+NT+10.0;+WOW64;+rv:52.0)+Gecko/20100101+Firefox/52.0 http://localhost:51722/Timesheet 200 0 0 104
2017-04-26 10:18:56 ::1 GET /Timesheet - 51722 - ::1 Mozilla/5.0+(Windows+NT+10.0;+WOW64;+rv:52.0)+Gecko/20100101+Firefox/52.0 - 200 0 0 736
2017-04-26 10:18:56 ::1 GET /css/SiteLayoutPageForMasters-css v=SIayMIpf48jja7LPRFcoqE-RIbRLEWdw90UBMijm8M01 51722 - ::1 Mozilla/5.0+(Windows+NT+10.0;+WOW64;+rv:52.0)+Gecko/20100101+Firefox/52.0 http://localhost:51722/Timesheet 304 0 0 22
2017-04-26 10:18:56 ::1 GET /Scripts/SiteLayoutPageForMasters-js v=r7P2UaHwmrNDzsecdHPXoFuefAMIZLCH3C7UPo_3vaA1 51722 - ::1 Mozilla/5.0+(Windows+NT+10.0;+WOW64;+rv:52.0)+Gecko/20100101+Firefox/52.0 http://localhost:51722/Timesheet 200 0 0 68
2017-04-26 10:18:56 ::1 GET /images/logo_1.png - 51722 - ::1 Mozilla/5.0+(Windows+NT+10.0;+WOW64;+rv:52.0)+Gecko/20100101+Firefox/52.0 http://localhost:51722/Timesheet 304 0 0 5
2017-04-26 10:18:56 ::1 GET /images/ui-bg_flat_75_ffffff_40x100.png - 51722 - ::1 Mozilla/5.0+(Windows+NT+10.0;+WOW64;+rv:52.0)+Gecko/20100101+Firefox/52.0 http://localhost:51722/css/SiteLayoutPageForMasters-css?v=SIayMIpf48jja7LPRFcoqE-RIbRLEWdw90UBMijm8M01 304 0 0 7
2017-04-26 10:18:56 ::1 GET /images/icons/copy.png - 51722 - ::1 Mozilla/5.0+(Windows+NT+10.0;+WOW64;+rv:52.0)+Gecko/20100101+Firefox/52.0 http://localhost:51722/Timesheet 304 0 0 11
2017-04-26 10:18:56 ::1 GET /images/icons/exclamation.png - 51722 - ::1 Mozilla/5.0+(Windows+NT+10.0;+WOW64;+rv:52.0)+Gecko/20100101+Firefox/52.0 http://localhost:51722/css/SiteLayoutPageForMasters-css?v=SIayMIpf48jja7LPRFcoqE-RIbRLEWdw90UBMijm8M01 304 0 0 15
2017-04-26 10:18:56 ::1 GET /__browserLink/requestData/f086095b42f040be8e9a69260c31434f version=2 51722 - ::1 Mozilla/5.0+(Windows+NT+10.0;+WOW64;+rv:52.0)+Gecko/20100101+Firefox/52.0 http://localhost:51722/Timesheet 200 0 0 10
2017-04-26 10:18:59 ::1 GET /images/ui-bg_flat_0_aaaaaa_40x100.png - 51722 - ::1 Mozilla/5.0+(Windows+NT+10.0;+WOW64;+rv:52.0)+Gecko/20100101+Firefox/52.0 http://localhost:51722/css/SiteLayoutPageForMasters-css?v=SIayMIpf48jja7LPRFcoqE-RIbRLEWdw90UBMijm8M01 304 0 0 4
2017-04-26 10:18:59 ::1 GET /images/ui-icons_222222_256x240.png - 51722 - ::1 Mozilla/5.0+(Windows+NT+10.0;+WOW64;+rv:52.0)+Gecko/20100101+Firefox/52.0 http://localhost:51722/css/SiteLayoutPageForMasters-css?v=SIayMIpf48jja7LPRFcoqE-RIbRLEWdw90UBMijm8M01 304 0 0 5
2017-04-26 10:18:59 ::1 GET /Timesheet/CopyTimesheet/ TimesheetHeaderId=1&ViewName=COPY 51722 - ::1 Mozilla/5.0+(Windows+NT+10.0;+WOW64;+rv:52.0)+Gecko/20100101+Firefox/52.0 http://localhost:51722/Timesheet 200 0 0 73
2017-04-26 10:18:59 ::1 GET /css/chosen-sprite.png - 51722 - ::1 Mozilla/5.0+(Windows+NT+10.0;+WOW64;+rv:52.0)+Gecko/20100101+Firefox/52.0 http://localhost:51722/css/SiteLayoutPageForMasters-css?v=SIayMIpf48jja7LPRFcoqE-RIbRLEWdw90UBMijm8M01 304 0 0 9
2017-04-26 10:19:04 ::1 GET /images/ui-icons_454545_256x240.png - 51722 - ::1 Mozilla/5.0+(Windows+NT+10.0;+WOW64;+rv:52.0)+Gecko/20100101+Firefox/52.0 http://localhost:51722/css/SiteLayoutPageForMasters-css?v=SIayMIpf48jja7LPRFcoqE-RIbRLEWdw90UBMijm8M01 304 0 0 11
2017-04-26 10:19:34 ::1 GET /Timesheet - 51722 - ::1 Mozilla/5.0+(Windows+NT+10.0;+WOW64;+rv:52.0)+Gecko/20100101+Firefox/52.0 - 200 0 0 690
2017-04-26 10:19:34 ::1 GET /css/SiteLayoutPageForMasters-css v=SIayMIpf48jja7LPRFcoqE-RIbRLEWdw90UBMijm8M01 51722 - ::1 Mozilla/5.0+(Windows+NT+10.0;+WOW64;+rv:52.0)+Gecko/20100101+Firefox/52.0 http://localhost:51722/Timesheet 304 0 0 13
2017-04-26 10:19:34 ::1 GET /Scripts/SiteLayoutPageForMasters-js v=wZVZLraH6ljJfdy3S9MGeOw8RgFtUwJVzz9eLn9Y5ew1 51722 - ::1 Mozilla/5.0+(Windows+NT+10.0;+WOW64;+rv:52.0)+Gecko/20100101+Firefox/52.0 http://localhost:51722/Timesheet 200 0 0 19
2017-04-26 10:19:34 ::1 GET /images/logo_1.png - 51722 - ::1 Mozilla/5.0+(Windows+NT+10.0;+WOW64;+rv:52.0)+Gecko/20100101+Firefox/52.0 http://localhost:51722/Timesheet 304 0 0 4
2017-04-26 10:19:34 ::1 GET /images/ui-bg_flat_75_ffffff_40x100.png - 51722 - ::1 Mozilla/5.0+(Windows+NT+10.0;+WOW64;+rv:52.0)+Gecko/20100101+Firefox/52.0 http://localhost:51722/css/SiteLayoutPageForMasters-css?v=SIayMIpf48jja7LPRFcoqE-RIbRLEWdw90UBMijm8M01 304 0 0 5
2017-04-26 10:19:34 ::1 GET /images/icons/copy.png - 51722 - ::1 Mozilla/5.0+(Windows+NT+10.0;+WOW64;+rv:52.0)+Gecko/20100101+Firefox/52.0 http://localhost:51722/Timesheet 304 0 0 2
2017-04-26 10:19:34 ::1 GET /images/icons/exclamation.png - 51722 - ::1 Mozilla/5.0+(Windows+NT+10.0;+WOW64;+rv:52.0)+Gecko/20100101+Firefox/52.0 http://localhost:51722/css/SiteLayoutPageForMasters-css?v=SIayMIpf48jja7LPRFcoqE-RIbRLEWdw90UBMijm8M01 304 0 0 5
2017-04-26 10:19:34 ::1 GET /__browserLink/requestData/b72083f12c114e2b95beaad6dd31d28d version=2 51722 - ::1 Mozilla/5.0+(Windows+NT+10.0;+WOW64;+rv:52.0)+Gecko/20100101+Firefox/52.0 http://localhost:51722/Timesheet 200 0 0 8
2017-04-26 10:19:49 ::1 GET /images/ui-bg_flat_0_aaaaaa_40x100.png - 51722 - ::1 Mozilla/5.0+(Windows+NT+10.0;+WOW64;+rv:52.0)+Gecko/20100101+Firefox/52.0 http://localhost:51722/css/SiteLayoutPageForMasters-css?v=SIayMIpf48jja7LPRFcoqE-RIbRLEWdw90UBMijm8M01 304 0 0 8
2017-04-26 10:19:49 ::1 GET /images/ui-icons_222222_256x240.png - 51722 - ::1 Mozilla/5.0+(Windows+NT+10.0;+WOW64;+rv:52.0)+Gecko/20100101+Firefox/52.0 http://localhost:51722/css/SiteLayoutPageForMasters-css?v=SIayMIpf48jja7LPRFcoqE-RIbRLEWdw90UBMijm8M01 304 0 0 6
2017-04-26 10:19:49 ::1 GET /Timesheet/CopyTimesheet/ TimesheetHeaderId=1&ViewName=COPY 51722 - ::1 Mozilla/5.0+(Windows+NT+10.0;+WOW64;+rv:52.0)+Gecko/20100101+Firefox/52.0 http://localhost:51722/Timesheet 200 0 0 71
2017-04-26 10:19:49 ::1 GET /css/chosen-sprite.png - 51722 - ::1 Mozilla/5.0+(Windows+NT+10.0;+WOW64;+rv:52.0)+Gecko/20100101+Firefox/52.0 http://localhost:51722/css/SiteLayoutPageForMasters-css?v=SIayMIpf48jja7LPRFcoqE-RIbRLEWdw90UBMijm8M01 304 0 0 2
2017-04-26 10:19:57 ::1 GET /images/ui-icons_454545_256x240.png - 51722 - ::1 Mozilla/5.0+(Windows+NT+10.0;+WOW64;+rv:52.0)+Gecko/20100101+Firefox/52.0 http://localhost:51722/css/SiteLayoutPageForMasters-css?v=SIayMIpf48jja7LPRFcoqE-RIbRLEWdw90UBMijm8M01 304 0 0 4
#Software: Microsoft Internet Information Services 8.0
#Version: 1.0
#Date: 2017-04-26 10:44:23
#Fields: date time s-ip cs-method cs-uri-stem cs-uri-query s-port cs-username c-ip cs(User-Agent) cs(Referer) sc-status sc-substatus sc-win32-status time-taken
2017-04-26 10:44:23 ::1 GET /User/LogOut - 51722 - ::1 Mozilla/5.0+(Windows+NT+10.0;+WOW64;+rv:52.0)+Gecko/20100101+Firefox/52.0 http://localhost:51722/ExpenseDetail 200 0 0 22292
2017-04-26 10:44:23 ::1 GET /__browserLink/requestData/4128ba4ebb8a40a9b9dbb48128e8ec5a version=2 51722 - ::1 Mozilla/5.0+(Windows+NT+10.0;+WOW64;+rv:52.0)+Gecko/20100101+Firefox/52.0 http://localhost:51722/User/LogOut 200 0 0 15
#Software: Microsoft Internet Information Services 8.0
#Version: 1.0
#Date: 2017-04-26 11:14:50
#Fields: date time s-ip cs-method cs-uri-stem cs-uri-query s-port cs-username c-ip cs(User-Agent) cs(Referer) sc-status sc-substatus sc-win32-status time-taken
2017-04-26 11:14:50 ::1 GET /User/LogOut - 51722 - ::1 Mozilla/5.0+(Windows+NT+10.0;+WOW64;+rv:52.0)+Gecko/20100101+Firefox/52.0 http://localhost:51722/Timesheet 200 0 0 11
2017-04-26 11:14:52 ::1 GET /__browserLink/requestData/dc78e3e1b13f4c6b90a1c42055b7aabd version=2 51722 - ::1 Mozilla/5.0+(Windows+NT+10.0;+WOW64;+rv:52.0)+Gecko/20100101+Firefox/52.0 http://localhost:51722/User/LogOut 200 0 0 283
#Software: Microsoft Internet Information Services 8.0
#Version: 1.0
#Date: 2017-04-26 12:43:17
#Fields: date time s-ip cs-method cs-uri-stem cs-uri-query s-port cs-username c-ip cs(User-Agent) cs(Referer) sc-status sc-substatus sc-win32-status time-taken
2017-04-26 12:43:17 ::1 GET /User/LogOn - 51722 - ::1 Mozilla/5.0+(Windows+NT+10.0;+WOW64;+rv:52.0)+Gecko/20100101+Firefox/52.0 http://localhost:51722/User/LogOut 200 0 0 2183
2017-04-26 12:43:17 ::1 GET /__browserLink/requestData/76f1fc0be0a243afb5680c1022e53fc4 version=2 51722 - ::1 Mozilla/5.0+(Windows+NT+10.0;+WOW64;+rv:52.0)+Gecko/20100101+Firefox/52.0 http://localhost:51722/User/LogOn 200 0 0 8
2017-04-26 12:43:25 ::1 POST /User/LogOn - 51722 - ::1 Mozilla/5.0+(Windows+NT+10.0;+WOW64;+rv:52.0)+Gecko/20100101+Firefox/52.0 http://localhost:51722/User/LogOn 302 0 0 4554
2017-04-26 12:43:41 ::1 GET / - 51722 - ::1 Mozilla/5.0+(Windows+NT+10.0;+WOW64;+rv:52.0)+Gecko/20100101+Firefox/52.0 http://localhost:51722/User/LogOn 200 0 0 16394
2017-04-26 12:43:41 ::1 GET /Scripts/SiteLayoutPageForMasters-js v=_AmO-B4ujCjt_xZP-C8w2bWLTMuf2nqgX7P1g9jxnSk1 51722 - ::1 Mozilla/5.0+(Windows+NT+10.0;+WOW64;+rv:52.0)+Gecko/20100101+Firefox/52.0 http://localhost:51722/ 200 0 0 179
2017-04-26 12:43:41 ::1 GET /__browserLink/requestData/12bd2a4e74fd46da8ea75454b0b06151 version=2 51722 - ::1 Mozilla/5.0+(Windows+NT+10.0;+WOW64;+rv:52.0)+Gecko/20100101+Firefox/52.0 http://localhost:51722/ 200 0 0 10
2017-04-26 12:44:41 ::1 GET /ExpenseDetail - 51722 - ::1 Mozilla/5.0+(Windows+NT+10.0;+WOW64;+rv:52.0)+Gecko/20100101+Firefox/52.0 http://localhost:51722/ 200 0 0 5639
2017-04-26 12:44:41 ::1 GET /__browserLink/requestData/91dff3ab505c4759b6ad7c0ea7bcb0fa version=2 51722 - ::1 Mozilla/5.0+(Windows+NT+10.0;+WOW64;+rv:52.0)+Gecko/20100101+Firefox/52.0 http://localhost:51722/ExpenseDetail 200 0 0 8
2017-04-26 12:44:56 ::1 GET /Timesheet - 51722 - ::1 Mozilla/5.0+(Windows+NT+10.0;+WOW64;+rv:52.0)+Gecko/20100101+Firefox/52.0 http://localhost:51722/ExpenseDetail 200 0 0 4007
2017-04-26 12:44:56 ::1 GET /__browserLink/requestData/71efbadca59646faace4343842b69ca0 version=2 51722 - ::1 Mozilla/5.0+(Windows+NT+10.0;+WOW64;+rv:52.0)+Gecko/20100101+Firefox/52.0 http://localhost:51722/Timesheet 200 0 0 6
2017-04-26 12:45:00 ::1 GET /Timesheet/CopyTimesheet/ TimesheetHeaderId=1&ViewName=COPY 51722 - ::1 Mozilla/5.0+(Windows+NT+10.0;+WOW64;+rv:52.0)+Gecko/20100101+Firefox/52.0 http://localhost:51722/Timesheet 200 0 0 148
2017-04-26 12:49:06 ::1 GET /Timesheet/CopyTimesheet/ TimesheetHeaderId=1&ViewName=COPY 51722 - ::1 Mozilla/5.0+(Windows+NT+10.0;+WOW64;+rv:52.0)+Gecko/20100101+Firefox/52.0 http://localhost:51722/Timesheet 200 0 0 102
2017-04-26 12:51:37 ::1 GET /Timesheet - 51722 - ::1 Mozilla/5.0+(Windows+NT+10.0;+WOW64;+rv:52.0)+Gecko/20100101+Firefox/52.0 - 200 0 0 600
2017-04-26 12:51:37 ::1 GET /css/SiteLayoutPageForMasters-css v=SIayMIpf48jja7LPRFcoqE-RIbRLEWdw90UBMijm8M01 51722 - ::1 Mozilla/5.0+(Windows+NT+10.0;+WOW64;+rv:52.0)+Gecko/20100101+Firefox/52.0 http://localhost:51722/Timesheet 304 0 0 10
2017-04-26 12:51:37 ::1 GET /Scripts/SiteLayoutPageForMasters-js v=DxAXS6m18KtMQyJudiQR269VxzS09X1UxCGdDL6FWpY1 51722 - ::1 Mozilla/5.0+(Windows+NT+10.0;+WOW64;+rv:52.0)+Gecko/20100101+Firefox/52.0 http://localhost:51722/Timesheet 200 0 0 24
2017-04-26 12:51:37 ::1 GET /images/ui-bg_flat_75_ffffff_40x100.png - 51722 - ::1 Mozilla/5.0+(Windows+NT+10.0;+WOW64;+rv:52.0)+Gecko/20100101+Firefox/52.0 http://localhost:51722/css/SiteLayoutPageForMasters-css?v=SIayMIpf48jja7LPRFcoqE-RIbRLEWdw90UBMijm8M01 304 0 0 102
2017-04-26 12:51:37 ::1 GET /images/logo_1.png - 51722 - ::1 Mozilla/5.0+(Windows+NT+10.0;+WOW64;+rv:52.0)+Gecko/20100101+Firefox/52.0 http://localhost:51722/Timesheet 304 0 0 113
2017-04-26 12:51:37 ::1 GET /images/icons/copy.png - 51722 - ::1 Mozilla/5.0+(Windows+NT+10.0;+WOW64;+rv:52.0)+Gecko/20100101+Firefox/52.0 http://localhost:51722/Timesheet 304 0 0 92
2017-04-26 12:51:37 ::1 GET /images/icons/exclamation.png - 51722 - ::1 Mozilla/5.0+(Windows+NT+10.0;+WOW64;+rv:52.0)+Gecko/20100101+Firefox/52.0 http://localhost:51722/css/SiteLayoutPageForMasters-css?v=SIayMIpf48jja7LPRFcoqE-RIbRLEWdw90UBMijm8M01 304 0 0 88
2017-04-26 12:51:37 ::1 GET /__browserLink/requestData/4a15b5b42cb648c7bcd752e0843356e8 version=2 51722 - ::1 Mozilla/5.0+(Windows+NT+10.0;+WOW64;+rv:52.0)+Gecko/20100101+Firefox/52.0 http://localhost:51722/Timesheet 200 0 0 8
2017-04-26 12:51:41 ::1 GET /images/ui-icons_222222_256x240.png - 51722 - ::1 Mozilla/5.0+(Windows+NT+10.0;+WOW64;+rv:52.0)+Gecko/20100101+Firefox/52.0 http://localhost:51722/css/SiteLayoutPageForMasters-css?v=SIayMIpf48jja7LPRFcoqE-RIbRLEWdw90UBMijm8M01 304 0 0 78
2017-04-26 12:51:41 ::1 GET /images/ui-bg_flat_0_aaaaaa_40x100.png - 51722 - ::1 Mozilla/5.0+(Windows+NT+10.0;+WOW64;+rv:52.0)+Gecko/20100101+Firefox/52.0 http://localhost:51722/css/SiteLayoutPageForMasters-css?v=SIayMIpf48jja7LPRFcoqE-RIbRLEWdw90UBMijm8M01 304 0 0 82
2017-04-26 12:51:41 ::1 GET /Timesheet/CopyTimesheet/ TimesheetHeaderId=1&ViewName=COPY 51722 - ::1 Mozilla/5.0+(Windows+NT+10.0;+WOW64;+rv:52.0)+Gecko/20100101+Firefox/52.0 http://localhost:51722/Timesheet 200 0 0 77
2017-04-26 12:51:41 ::1 GET /css/chosen-sprite.png - 51722 - ::1 Mozilla/5.0+(Windows+NT+10.0;+WOW64;+rv:52.0)+Gecko/20100101+Firefox/52.0 http://localhost:51722/css/SiteLayoutPageForMasters-css?v=SIayMIpf48jja7LPRFcoqE-RIbRLEWdw90UBMijm8M01 304 0 0 2
2017-04-26 12:52:45 ::1 GET /images/ui-icons_454545_256x240.png - 51722 - ::1 Mozilla/5.0+(Windows+NT+10.0;+WOW64;+rv:52.0)+Gecko/20100101+Firefox/52.0 http://localhost:51722/css/SiteLayoutPageForMasters-css?v=SIayMIpf48jja7LPRFcoqE-RIbRLEWdw90UBMijm8M01 304 0 0 50
2017-04-26 12:53:13 ::1 GET /Timesheet - 51722 - ::1 Mozilla/5.0+(Windows+NT+10.0;+WOW64;+rv:52.0)+Gecko/20100101+Firefox/52.0 - 200 0 0 678
2017-04-26 12:53:13 ::1 GET /css/SiteLayoutPageForMasters-css v=SIayMIpf48jja7LPRFcoqE-RIbRLEWdw90UBMijm8M01 51722 - ::1 Mozilla/5.0+(Windows+NT+10.0;+WOW64;+rv:52.0)+Gecko/20100101+Firefox/52.0 http://localhost:51722/Timesheet 304 0 0 18
2017-04-26 12:53:13 ::1 GET /Scripts/SiteLayoutPageForMasters-js v=kCkjSFlDFNnQsq96b5PQ-mrBkxMYeE59RW26qzkOWVs1 51722 - ::1 Mozilla/5.0+(Windows+NT+10.0;+WOW64;+rv:52.0)+Gecko/20100101+Firefox/52.0 http://localhost:51722/Timesheet 200 0 0 26
2017-04-26 12:53:13 ::1 GET /images/logo_1.png - 51722 - ::1 Mozilla/5.0+(Windows+NT+10.0;+WOW64;+rv:52.0)+Gecko/20100101+Firefox/52.0 http://localhost:51722/Timesheet 304 0 0 5
2017-04-26 12:53:13 ::1 GET /images/ui-bg_flat_75_ffffff_40x100.png - 51722 - ::1 Mozilla/5.0+(Windows+NT+10.0;+WOW64;+rv:52.0)+Gecko/20100101+Firefox/52.0 http://localhost:51722/css/SiteLayoutPageForMasters-css?v=SIayMIpf48jja7LPRFcoqE-RIbRLEWdw90UBMijm8M01 304 0 0 3
2017-04-26 12:53:13 ::1 GET /images/icons/copy.png - 51722 - ::1 Mozilla/5.0+(Windows+NT+10.0;+WOW64;+rv:52.0)+Gecko/20100101+Firefox/52.0 http://localhost:51722/Timesheet 304 0 0 6
2017-04-26 12:53:13 ::1 GET /images/icons/exclamation.png - 51722 - ::1 Mozilla/5.0+(Windows+NT+10.0;+WOW64;+rv:52.0)+Gecko/20100101+Firefox/52.0 http://localhost:51722/css/SiteLayoutPageForMasters-css?v=SIayMIpf48jja7LPRFcoqE-RIbRLEWdw90UBMijm8M01 304 0 0 4
2017-04-26 12:53:13 ::1 GET /__browserLink/requestData/7796f0f69ce94e82a9e63dea096f4524 version=2 51722 - ::1 Mozilla/5.0+(Windows+NT+10.0;+WOW64;+rv:52.0)+Gecko/20100101+Firefox/52.0 http://localhost:51722/Timesheet 200 0 0 11
2017-04-26 12:53:18 ::1 GET /images/ui-bg_flat_0_aaaaaa_40x100.png - 51722 - ::1 Mozilla/5.0+(Windows+NT+10.0;+WOW64;+rv:52.0)+Gecko/20100101+Firefox/52.0 http://localhost:51722/css/SiteLayoutPageForMasters-css?v=SIayMIpf48jja7LPRFcoqE-RIbRLEWdw90UBMijm8M01 304 0 0 4
2017-04-26 12:53:18 ::1 GET /images/ui-icons_222222_256x240.png - 51722 - ::1 Mozilla/5.0+(Windows+NT+10.0;+WOW64;+rv:52.0)+Gecko/20100101+Firefox/52.0 http://localhost:51722/css/SiteLayoutPageForMasters-css?v=SIayMIpf48jja7LPRFcoqE-RIbRLEWdw90UBMijm8M01 304 0 0 7
2017-04-26 12:53:18 ::1 GET /Timesheet/CopyTimesheet/ TimesheetHeaderId=1&ViewName=COPY 51722 - ::1 Mozilla/5.0+(Windows+NT+10.0;+WOW64;+rv:52.0)+Gecko/20100101+Firefox/52.0 http://localhost:51722/Timesheet 200 0 0 99
2017-04-26 12:53:18 ::1 GET /css/chosen-sprite.png - 51722 - ::1 Mozilla/5.0+(Windows+NT+10.0;+WOW64;+rv:52.0)+Gecko/20100101+Firefox/52.0 http://localhost:51722/css/SiteLayoutPageForMasters-css?v=SIayMIpf48jja7LPRFcoqE-RIbRLEWdw90UBMijm8M01 304 0 0 10
2017-04-26 12:53:22 ::1 GET /images/ui-icons_454545_256x240.png - 51722 - ::1 Mozilla/5.0+(Windows+NT+10.0;+WOW64;+rv:52.0)+Gecko/20100101+Firefox/52.0 http://localhost:51722/css/SiteLayoutPageForMasters-css?v=SIayMIpf48jja7LPRFcoqE-RIbRLEWdw90UBMijm8M01 304 0 0 1
2017-04-26 12:53:32 ::1 GET /Timesheet - 51722 - ::1 Mozilla/5.0+(Windows+NT+10.0;+WOW64;+rv:52.0)+Gecko/20100101+Firefox/52.0 - 200 0 0 609
2017-04-26 12:53:32 ::1 GET /css/SiteLayoutPageForMasters-css v=SIayMIpf48jja7LPRFcoqE-RIbRLEWdw90UBMijm8M01 51722 - ::1 Mozilla/5.0+(Windows+NT+10.0;+WOW64;+rv:52.0)+Gecko/20100101+Firefox/52.0 http://localhost:51722/Timesheet 304 0 0 14
2017-04-26 12:53:32 ::1 GET /Scripts/SiteLayoutPageForMasters-js v=1LHoVZ3LtoKYMd0bIWcnPea4txcydZSf2pL3fsE_4qI1 51722 - ::1 Mozilla/5.0+(Windows+NT+10.0;+WOW64;+rv:52.0)+Gecko/20100101+Firefox/52.0 http://localhost:51722/Timesheet 200 0 0 24
2017-04-26 12:53:32 ::1 GET /images/logo_1.png - 51722 - ::1 Mozilla/5.0+(Windows+NT+10.0;+WOW64;+rv:52.0)+Gecko/20100101+Firefox/52.0 http://localhost:51722/Timesheet 304 0 0 5
2017-04-26 12:53:32 ::1 GET /images/ui-bg_flat_75_ffffff_40x100.png - 51722 - ::1 Mozilla/5.0+(Windows+NT+10.0;+WOW64;+rv:52.0)+Gecko/20100101+Firefox/52.0 http://localhost:51722/css/SiteLayoutPageForMasters-css?v=SIayMIpf48jja7LPRFcoqE-RIbRLEWdw90UBMijm8M01 304 0 0 12
2017-04-26 12:53:32 ::1 GET /images/icons/copy.png - 51722 - ::1 Mozilla/5.0+(Windows+NT+10.0;+WOW64;+rv:52.0)+Gecko/20100101+Firefox/52.0 http://localhost:51722/Timesheet 304 0 0 23
2017-04-26 12:53:32 ::1 GET /images/icons/exclamation.png - 51722 - ::1 Mozilla/5.0+(Windows+NT+10.0;+WOW64;+rv:52.0)+Gecko/20100101+Firefox/52.0 http://localhost:51722/css/SiteLayoutPageForMasters-css?v=SIayMIpf48jja7LPRFcoqE-RIbRLEWdw90UBMijm8M01 304 0 0 12
2017-04-26 12:53:32 ::1 GET /__browserLink/requestData/2029252105e7430cadee9817c8f02fe3 version=2 51722 - ::1 Mozilla/5.0+(Windows+NT+10.0;+WOW64;+rv:52.0)+Gecko/20100101+Firefox/52.0 http://localhost:51722/Timesheet 200 0 0 7
2017-04-26 12:53:34 ::1 GET /images/ui-bg_flat_0_aaaaaa_40x100.png - 51722 - ::1 Mozilla/5.0+(Windows+NT+10.0;+WOW64;+rv:52.0)+Gecko/20100101+Firefox/52.0 http://localhost:51722/css/SiteLayoutPageForMasters-css?v=SIayMIpf48jja7LPRFcoqE-RIbRLEWdw90UBMijm8M01 304 0 0 8
2017-04-26 12:53:34 ::1 GET /images/ui-icons_222222_256x240.png - 51722 - ::1 Mozilla/5.0+(Windows+NT+10.0;+WOW64;+rv:52.0)+Gecko/20100101+Firefox/52.0 http://localhost:51722/css/SiteLayoutPageForMasters-css?v=SIayMIpf48jja7LPRFcoqE-RIbRLEWdw90UBMijm8M01 304 0 0 8
2017-04-26 12:53:34 ::1 GET /Timesheet/CopyTimesheet/ TimesheetHeaderId=1&ViewName=COPY 51722 - ::1 Mozilla/5.0+(Windows+NT+10.0;+WOW64;+rv:52.0)+Gecko/20100101+Firefox/52.0 http://localhost:51722/Timesheet 200 0 0 68
2017-04-26 12:53:34 ::1 GET /css/chosen-sprite.png - 51722 - ::1 Mozilla/5.0+(Windows+NT+10.0;+WOW64;+rv:52.0)+Gecko/20100101+Firefox/52.0 http://localhost:51722/css/SiteLayoutPageForMasters-css?v=SIayMIpf48jja7LPRFcoqE-RIbRLEWdw90UBMijm8M01 304 0 0 3
2017-04-26 13:06:15 ::1 GET / - 51722 - ::1 Mozilla/5.0+(Windows+NT+10.0;+WOW64)+AppleWebKit/537.36+(KHTML,+like+Gecko)+Chrome/57.0.2987.133+Safari/537.36 - 302 0 0 115
2017-04-26 13:06:15 ::1 GET /User/LogOn - 51722 - ::1 Mozilla/5.0+(Windows+NT+10.0;+WOW64)+AppleWebKit/537.36+(KHTML,+like+Gecko)+Chrome/57.0.2987.133+Safari/537.36 - 200 0 0 69
2017-04-26 13:06:15 ::1 GET /__browserLink/requestData/ff25fbc934a24f26ace4c43c90e60a32 version=2 51722 - ::1 Mozilla/5.0+(Windows+NT+10.0;+WOW64)+AppleWebKit/537.36+(KHTML,+like+Gecko)+Chrome/57.0.2987.133+Safari/537.36 http://localhost:51722/User/LogOn 200 0 0 5
2017-04-26 13:06:19 ::1 POST /User/LogOn - 51722 - ::1 Mozilla/5.0+(Windows+NT+10.0;+WOW64)+AppleWebKit/537.36+(KHTML,+like+Gecko)+Chrome/57.0.2987.133+Safari/537.36 http://localhost:51722/User/LogOn 302 0 0 302
2017-04-26 13:06:19 ::1 GET / - 51722 - ::1 Mozilla/5.0+(Windows+NT+10.0;+WOW64)+AppleWebKit/537.36+(KHTML,+like+Gecko)+Chrome/57.0.2987.133+Safari/537.36 http://localhost:51722/User/LogOn 200 0 0 754
2017-04-26 13:06:19 ::1 GET /Scripts/SiteLayoutPageForMasters-js v=kCkjSFlDFNnQsq96b5PQ-mrBkxMYeE59RW26qzkOWVs1 51722 - ::1 Mozilla/5.0+(Windows+NT+10.0;+WOW64)+AppleWebKit/537.36+(KHTML,+like+Gecko)+Chrome/57.0.2987.133+Safari/537.36 http://localhost:51722/ 200 0 0 25
2017-04-26 13:06:20 ::1 GET /__browserLink/requestData/7c0e43528b2d4dde8a67f52a210044a4 version=2 51722 - ::1 Mozilla/5.0+(Windows+NT+10.0;+WOW64)+AppleWebKit/537.36+(KHTML,+like+Gecko)+Chrome/57.0.2987.133+Safari/537.36 http://localhost:51722/ 200 0 0 6
2017-04-26 13:07:11 ::1 GET /Timesheet - 51722 - ::1 Mozilla/5.0+(Windows+NT+10.0;+WOW64)+AppleWebKit/537.36+(KHTML,+like+Gecko)+Chrome/57.0.2987.133+Safari/537.36 http://localhost:51722/ 200 0 0 388
2017-04-26 13:07:11 ::1 GET /__browserLink/requestData/896bb6956d7e4070a9b11332dad19152 version=2 51722 - ::1 Mozilla/5.0+(Windows+NT+10.0;+WOW64)+AppleWebKit/537.36+(KHTML,+like+Gecko)+Chrome/57.0.2987.133+Safari/537.36 http://localhost:51722/Timesheet 200 0 0 9
2017-04-26 13:07:18 ::1 GET /Timesheet/CopyTimesheet/ TimesheetHeaderId=1&ViewName=COPY 51722 - ::1 Mozilla/5.0+(Windows+NT+10.0;+WOW64)+AppleWebKit/537.36+(KHTML,+like+Gecko)+Chrome/57.0.2987.133+Safari/537.36 http://localhost:51722/Timesheet 200 0 0 66
2017-04-26 13:07:39 ::1 GET /images/ui-icons_454545_256x240.png - 51722 - ::1 Mozilla/5.0+(Windows+NT+10.0;+WOW64)+AppleWebKit/537.36+(KHTML,+like+Gecko)+Chrome/57.0.2987.133+Safari/537.36 http://localhost:51722/css/SiteLayoutPageForMasters-css?v=SIayMIpf48jja7LPRFcoqE-RIbRLEWdw90UBMijm8M01 200 0 0 62
2017-04-26 13:11:30 ::1 GET /Timesheet - 51722 - ::1 Mozilla/5.0+(Windows+NT+10.0;+WOW64)+AppleWebKit/537.36+(KHTML,+like+Gecko)+Chrome/57.0.2987.133+Safari/537.36 http://localhost:51722/ 200 0 0 678
2017-04-26 13:11:30 ::1 GET /Scripts/SiteLayoutPageForMasters-js v=wZVZLraH6ljJfdy3S9MGeOw8RgFtUwJVzz9eLn9Y5ew1 51722 - ::1 Mozilla/5.0+(Windows+NT+10.0;+WOW64)+AppleWebKit/537.36+(KHTML,+like+Gecko)+Chrome/57.0.2987.133+Safari/537.36 http://localhost:51722/Timesheet 200 0 0 35
2017-04-26 13:11:30 ::1 GET /favicon.ico - 51722 - ::1 Mozilla/5.0+(Windows+NT+10.0;+WOW64)+AppleWebKit/537.36+(KHTML,+like+Gecko)+Chrome/57.0.2987.133+Safari/537.36 http://localhost:51722/Timesheet 200 0 0 12
2017-04-26 13:11:30 ::1 GET /__browserLink/requestData/29c27cdf4fbe47e58d4888a2245c7903 version=2 51722 - ::1 Mozilla/5.0+(Windows+NT+10.0;+WOW64)+AppleWebKit/537.36+(KHTML,+like+Gecko)+Chrome/57.0.2987.133+Safari/537.36 http://localhost:51722/Timesheet 200 0 0 9
2017-04-26 13:11:33 ::1 GET /Timesheet/CopyTimesheet/ TimesheetHeaderId=1&ViewName=COPY 51722 - ::1 Mozilla/5.0+(Windows+NT+10.0;+WOW64)+AppleWebKit/537.36+(KHTML,+like+Gecko)+Chrome/57.0.2987.133+Safari/537.36 http://localhost:51722/Timesheet 200 0 0 128
#Software: Microsoft Internet Information Services 8.0
#Version: 1.0
#Date: 2017-04-26 13:48:34
#Fields: date time s-ip cs-method cs-uri-stem cs-uri-query s-port cs-username c-ip cs(User-Agent) cs(Referer) sc-status sc-substatus sc-win32-status time-taken
2017-04-26 13:48:34 ::1 GET /User/LogOut - 51722 - ::1 Mozilla/5.0+(Windows+NT+10.0;+WOW64;+rv:52.0)+Gecko/20100101+Firefox/52.0 http://localhost:51722/Timesheet 200 0 0 70
2017-04-26 13:48:34 ::1 GET /__browserLink/requestData/7a016efea9a54c9c9993159ffb797aa5 version=2 51722 - ::1 Mozilla/5.0+(Windows+NT+10.0;+WOW64;+rv:52.0)+Gecko/20100101+Firefox/52.0 http://localhost:51722/User/LogOut 200 0 0 6
#Software: Microsoft Internet Information Services 8.0
#Version: 1.0
#Date: 2017-04-26 14:06:36
#Fields: date time s-ip cs-method cs-uri-stem cs-uri-query s-port cs-username c-ip cs(User-Agent) cs(Referer) sc-status sc-substatus sc-win32-status time-taken
2017-04-26 14:06:35 ::1 GET /User/LogOut - 51722 - ::1 Mozilla/5.0+(Windows+NT+10.0;+WOW64)+AppleWebKit/537.36+(KHTML,+like+Gecko)+Chrome/57.0.2987.133+Safari/537.36 http://localhost:51722/Timesheet 200 0 0 1787
2017-04-26 14:06:45 ::1 GET /__browserLink/requestData/2e95d56fdebd408cac5992235c41fa9b version=2 51722 - ::1 Mozilla/5.0+(Windows+NT+10.0;+WOW64)+AppleWebKit/537.36+(KHTML,+like+Gecko)+Chrome/57.0.2987.133+Safari/537.36 http://localhost:51722/User/LogOut 200 0 0 1008
#Software: Microsoft Internet Information Services 8.0
#Version: 1.0
#Date: 2017-04-26 15:01:52
#Fields: date time s-ip cs-method cs-uri-stem cs-uri-query s-port cs-username c-ip cs(User-Agent) cs(Referer) sc-status sc-substatus sc-win32-status time-taken
2017-04-26 15:01:52 ::1 GET /User/LogOn - 51722 - ::1 Mozilla/5.0+(Windows+NT+10.0;+WOW64)+AppleWebKit/537.36+(KHTML,+like+Gecko)+Chrome/57.0.2987.133+Safari/537.36 http://localhost:51722/User/LogOut 200 0 0 178
2017-04-26 15:01:53 ::1 GET /__browserLink/requestData/f4d8cd9f4eb84845bb6614c4a2ebb4f9 version=2 51722 - ::1 Mozilla/5.0+(Windows+NT+10.0;+WOW64)+AppleWebKit/537.36+(KHTML,+like+Gecko)+Chrome/57.0.2987.133+Safari/537.36 http://localhost:51722/User/LogOn 200 0 0 90
2017-04-26 15:02:01 ::1 POST /User/LogOn - 51722 - ::1 Mozilla/5.0+(Windows+NT+10.0;+WOW64)+AppleWebKit/537.36+(KHTML,+like+Gecko)+Chrome/57.0.2987.133+Safari/537.36 http://localhost:51722/User/LogOn 302 0 0 646
2017-04-26 15:02:02 ::1 GET / - 51722 - ::1 Mozilla/5.0+(Windows+NT+10.0;+WOW64)+AppleWebKit/537.36+(KHTML,+like+Gecko)+Chrome/57.0.2987.133+Safari/537.36 http://localhost:51722/User/LogOn 200 0 0 1199
2017-04-26 15:02:03 ::1 GET /__browserLink/requestData/d7217808b8c044b1b6c6cf23f9333862 version=2 51722 - ::1 Mozilla/5.0+(Windows+NT+10.0;+WOW64)+AppleWebKit/537.36+(KHTML,+like+Gecko)+Chrome/57.0.2987.133+Safari/537.36 http://localhost:51722/ 200 0 0 15
#Software: Microsoft Internet Information Services 8.0
#Version: 1.0
#Date: 2017-04-26 15:57:06
#Fields: date time s-ip cs-method cs-uri-stem cs-uri-query s-port cs-username c-ip cs(User-Agent) cs(Referer) sc-status sc-substatus sc-win32-status time-taken
2017-04-26 15:57:04 ::1 GET /User/LogOut - 51722 - ::1 Mozilla/5.0+(Windows+NT+10.0;+WOW64)+AppleWebKit/537.36+(KHTML,+like+Gecko)+Chrome/57.0.2987.133+Safari/537.36 http://localhost:51722/ 200 0 0 1843
2017-04-26 15:57:15 ::1 GET /__browserLink/requestData/720c68d881ac475baf2f0ca40a69178c version=2 51722 - ::1 Mozilla/5.0+(Windows+NT+10.0;+WOW64)+AppleWebKit/537.36+(KHTML,+like+Gecko)+Chrome/57.0.2987.133+Safari/537.36 http://localhost:51722/User/LogOut 200 0 0 1012
#Software: Microsoft Internet Information Services 8.0
#Version: 1.0
#Date: 2017-04-26 16:50:47
#Fields: date time s-ip cs-method cs-uri-stem cs-uri-query s-port cs-username c-ip cs(User-Agent) cs(Referer) sc-status sc-substatus sc-win32-status time-taken
2017-04-26 16:50:47 ::1 GET /css/style.css __browserLink_refresh=da85388ac9454393b3bb8586198af5f2 51722 - ::1 Mozilla/5.0+(Windows+NT+10.0;+WOW64)+AppleWebKit/537.36+(KHTML,+like+Gecko)+Chrome/57.0.2987.133+Safari/537.36 http://localhost:51722/User/LogOut 200 0 0 194
2017-04-26 16:50:47 ::1 GET /css/style.css __browserLink_refresh=e444a9de5fc8435f8cf2c5424873d7a1 51722 - ::1 Mozilla/5.0+(Windows+NT+10.0;+WOW64;+rv:52.0)+Gecko/20100101+Firefox/52.0 http://localhost:51722/User/LogOut 200 0 0 254
2017-04-26 16:50:47 ::1 GET /css/style.css __browserLink_refresh=c7282f95b5424d86b181a976b1666949 51722 - ::1 Mozilla/5.0+(Windows+NT+10.0;+WOW64;+rv:52.0)+Gecko/20100101+Firefox/52.0 http://localhost:51722/User/LogOut 200 0 0 5
2017-04-26 16:51:58 ::1 GET / - 51722 - ::1 Mozilla/5.0+(Windows+NT+10.0;+WOW64;+rv:52.0)+Gecko/20100101+Firefox/52.0 - 302 0 0 23851
2017-04-26 16:52:10 ::1 GET /User/LogOn - 51722 - ::1 Mozilla/5.0+(Windows+NT+10.0;+WOW64;+rv:52.0)+Gecko/20100101+Firefox/52.0 - 200 0 0 11751
2017-04-26 16:52:10 ::1 GET /css/login-css v=HeESaP1V6uYP0aUnx8L9uoU2hg1H-80sgcTFRtUG34s1 51722 - ::1 Mozilla/5.0+(Windows+NT+10.0;+WOW64;+rv:52.0)+Gecko/20100101+Firefox/52.0 http://localhost:51722/User/LogOn 200 0 0 17
2017-04-26 16:52:10 ::1 GET /__browserLink/requestData/83b537b35a36492fa64614f12c67f1ec version=2 51722 - ::1 Mozilla/5.0+(Windows+NT+10.0;+WOW64;+rv:52.0)+Gecko/20100101+Firefox/52.0 http://localhost:51722/User/LogOn 200 0 0 34
2017-04-26 16:53:38 ::1 POST /User/LogOn - 51722 - ::1 Mozilla/5.0+(Windows+NT+10.0;+WOW64;+rv:52.0)+Gecko/20100101+Firefox/52.0 http://localhost:51722/User/LogOn 302 0 0 14197
2017-04-26 16:53:52 ::1 GET / - 51722 - ::1 Mozilla/5.0+(Windows+NT+10.0;+WOW64;+rv:52.0)+Gecko/20100101+Firefox/52.0 http://localhost:51722/User/LogOn 200 0 0 14931
2017-04-26 16:53:52 ::1 GET /css/SiteLayoutPageForMasters-css v=5hIgGy4-We5BPbbCZduKH5iKKiI-VixO4oJ8GuuWC0A1 51722 - ::1 Mozilla/5.0+(Windows+NT+10.0;+WOW64;+rv:52.0)+Gecko/20100101+Firefox/52.0 http://localhost:51722/ 200 0 0 49
2017-04-26 16:53:52 ::1 GET /__browserLink/requestData/cc20f8c83dae4b73b71ba4e689650fbd version=2 51722 - ::1 Mozilla/5.0+(Windows+NT+10.0;+WOW64;+rv:52.0)+Gecko/20100101+Firefox/52.0 http://localhost:51722/ 200 0 0 11
2017-04-26 23:59:59 ::1 GET /User/LogOut - 51722 - ::1 Mozilla/5.0+(Windows+NT+10.0;+WOW64;+rv:52.0)+Gecko/20100101+Firefox/52.0 http://localhost:51722/ 200 0 0 70324
2017-04-26 23:59:59 ::1 GET /__browserLink/requestData/42341900e9b84cbea7b6931372942d73 version=2 51722 - ::1 Mozilla/5.0+(Windows+NT+10.0;+WOW64;+rv:52.0)+Gecko/20100101+Firefox/52.0 http://localhost:51722/User/LogOut 200 0 0 15
