#Software: Microsoft Internet Information Services 8.0
#Version: 1.0
#Date: 2017-02-27 10:39:06
#Fields: date time s-ip cs-method cs-uri-stem cs-uri-query s-port cs-username c-ip cs(User-Agent) cs(Referer) sc-status sc-substatus sc-win32-status time-taken
2017-02-27 10:39:05 ::1 GET / - 51722 - ::1 Mozilla/5.0+(Windows+NT+10.0;+WOW64)+AppleWebKit/537.36+(KHTML,+like+Gecko)+Chrome/56.0.2924.87+Safari/537.36 - 302 0 0 8226
2017-02-27 10:39:09 ::1 GET /User/LogOn - 51722 - ::1 Mozilla/5.0+(Windows+NT+10.0;+WOW64)+AppleWebKit/537.36+(KHTML,+like+Gecko)+Chrome/56.0.2924.87+Safari/537.36 - 200 0 0 3539
2017-02-27 10:39:10 ::1 GET /__browserLink/requestData/eca76a9f87d942e2854d743a31015a4b version=2 51722 - ::1 Mozilla/5.0+(Windows+NT+10.0;+WOW64)+AppleWebKit/537.36+(KHTML,+like+Gecko)+Chrome/56.0.2924.87+Safari/537.36 http://localhost:51722/User/LogOn 200 0 0 165
2017-02-27 10:39:59 ::1 POST /User/LogOn - 51722 - ::1 Mozilla/5.0+(Windows+NT+10.0;+WOW64)+AppleWebKit/537.36+(KHTML,+like+Gecko)+Chrome/56.0.2924.87+Safari/537.36 http://localhost:51722/User/LogOn 200 0 0 7797
2017-02-27 10:39:59 ::1 GET /__browserLink/requestData/b34a24819904498f9b381a563cebd53f version=2 51722 - ::1 Mozilla/5.0+(Windows+NT+10.0;+WOW64)+AppleWebKit/537.36+(KHTML,+like+Gecko)+Chrome/56.0.2924.87+Safari/537.36 http://localhost:51722/User/LogOn 200 0 0 8
2017-02-27 10:40:11 ::1 POST /User/LogOn - 51722 - ::1 Mozilla/5.0+(Windows+NT+10.0;+WOW64)+AppleWebKit/537.36+(KHTML,+like+Gecko)+Chrome/56.0.2924.87+Safari/537.36 http://localhost:51722/User/LogOn 302 0 0 7999
2017-02-27 10:40:23 ::1 GET / - 51722 - ::1 Mozilla/5.0+(Windows+NT+10.0;+WOW64)+AppleWebKit/537.36+(KHTML,+like+Gecko)+Chrome/56.0.2924.87+Safari/537.36 http://localhost:51722/User/LogOn 200 0 0 11913
2017-02-27 10:40:23 ::1 GET /__browserLink/requestData/28074b0480c34b8d95c0e6b137dea5c2 version=2 51722 - ::1 Mozilla/5.0+(Windows+NT+10.0;+WOW64)+AppleWebKit/537.36+(KHTML,+like+Gecko)+Chrome/56.0.2924.87+Safari/537.36 http://localhost:51722/ 200 0 0 79
2017-02-27 10:40:48 ::1 GET /Expense/AddTransactionToReport ExpenseId=122 51722 - ::1 Mozilla/5.0+(Windows+NT+10.0;+WOW64)+AppleWebKit/537.36+(KHTML,+like+Gecko)+Chrome/56.0.2924.87+Safari/537.36 http://localhost:51722/ 200 0 0 9255
2017-02-27 10:40:48 ::1 GET /Expense/GetTravelTypeHeaderMapping TravelTypeId=17 51722 - ::1 Mozilla/5.0+(Windows+NT+10.0;+WOW64)+AppleWebKit/537.36+(KHTML,+like+Gecko)+Chrome/56.0.2924.87+Safari/537.36 http://localhost:51722/Expense/AddTransactionToReport?ExpenseId=122 200 0 0 164
2017-02-27 10:40:48 ::1 GET /__browserLink/requestData/0feff1b6b43a426180b6032ffc45c8db version=2 51722 - ::1 Mozilla/5.0+(Windows+NT+10.0;+WOW64)+AppleWebKit/537.36+(KHTML,+like+Gecko)+Chrome/56.0.2924.87+Safari/537.36 http://localhost:51722/Expense/AddTransactionToReport?ExpenseId=122 200 0 0 31
2017-02-27 10:40:50 ::1 GET /Expense/PrepareExpenseApprovalProgressBar/ ExpenseId=122&UserId=277&_=1488192048998 51722 - ::1 Mozilla/5.0+(Windows+NT+10.0;+WOW64)+AppleWebKit/537.36+(KHTML,+like+Gecko)+Chrome/56.0.2924.87+Safari/537.36 http://localhost:51722/Expense/AddTransactionToReport?ExpenseId=122 200 0 0 1582
2017-02-27 10:40:50 ::1 GET /TravelType/IsSubTravelCashAdvanced TravelTypeId=17 51722 - ::1 Mozilla/5.0+(Windows+NT+10.0;+WOW64)+AppleWebKit/537.36+(KHTML,+like+Gecko)+Chrome/56.0.2924.87+Safari/537.36 http://localhost:51722/Expense/AddTransactionToReport?ExpenseId=122 200 0 0 2181
2017-02-27 10:41:30 ::1 GET /ExpenseDetail/DisplayReceipt ExpenseDetailId=10617&_=1488192069118 51722 - ::1 Mozilla/5.0+(Windows+NT+10.0;+WOW64)+AppleWebKit/537.36+(KHTML,+like+Gecko)+Chrome/56.0.2924.87+Safari/537.36 http://localhost:51722/Expense/AddTransactionToReport?ExpenseId=122 200 0 0 21514
2017-02-27 10:41:30 ::1 GET /Scripts/displayreceipt-js v=2AlxdAYRlyg_4qrIwaOxfz6Y81AbcAqGH-bMVM7WxRg1&_=1488192090638 51722 - ::1 Mozilla/5.0+(Windows+NT+10.0;+WOW64)+AppleWebKit/537.36+(KHTML,+like+Gecko)+Chrome/56.0.2924.87+Safari/537.36 http://localhost:51722/Expense/AddTransactionToReport?ExpenseId=122 200 0 0 25
2017-02-27 10:41:50 ::1 GET /ExpenseDetail/PartialEdit id=10618&ExpenseId=122&_=1488192101051 51722 - ::1 Mozilla/5.0+(Windows+NT+10.0;+WOW64)+AppleWebKit/537.36+(KHTML,+like+Gecko)+Chrome/56.0.2924.87+Safari/537.36 http://localhost:51722/Expense/AddTransactionToReport?ExpenseId=122 200 0 0 9205
2017-02-27 10:41:50 ::1 GET /Scripts/v2/jquery.validate.unobtrusive.js _=1488192110269 51722 - ::1 Mozilla/5.0+(Windows+NT+10.0;+WOW64)+AppleWebKit/537.36+(KHTML,+like+Gecko)+Chrome/56.0.2924.87+Safari/537.36 http://localhost:51722/Expense/AddTransactionToReport?ExpenseId=122 200 0 0 30
2017-02-27 10:41:50 ::1 GET /Scripts/chosen/chosen.jquery.js _=1488192110312 51722 - ::1 Mozilla/5.0+(Windows+NT+10.0;+WOW64)+AppleWebKit/537.36+(KHTML,+like+Gecko)+Chrome/56.0.2924.87+Safari/537.36 http://localhost:51722/Expense/AddTransactionToReport?ExpenseId=122 200 0 0 15
2017-02-27 10:41:50 ::1 GET /ExpenseDetail/GetMileageRate transactionDate=2/24/2017&UserId=277&_=1488192110338 51722 - ::1 Mozilla/5.0+(Windows+NT+10.0;+WOW64)+AppleWebKit/537.36+(KHTML,+like+Gecko)+Chrome/56.0.2924.87+Safari/537.36 http://localhost:51722/Expense/AddTransactionToReport?ExpenseId=122 200 0 0 104
2017-02-27 10:41:50 ::1 GET /PayMethod/GetPayMethodIsReimbursable MethodId=2&_=1488192110479 51722 - ::1 Mozilla/5.0+(Windows+NT+10.0;+WOW64)+AppleWebKit/537.36+(KHTML,+like+Gecko)+Chrome/56.0.2924.87+Safari/537.36 http://localhost:51722/Expense/AddTransactionToReport?ExpenseId=122 200 0 0 67
2017-02-27 10:41:50 ::1 GET /ExpenseDetail/GetExpenseTypePolicyAmount ExpenseTypeId=481&_=1488192110481 51722 - ::1 Mozilla/5.0+(Windows+NT+10.0;+WOW64)+AppleWebKit/537.36+(KHTML,+like+Gecko)+Chrome/56.0.2924.87+Safari/537.36 http://localhost:51722/Expense/AddTransactionToReport?ExpenseId=122 200 0 0 589
2017-02-27 10:41:51 ::1 GET /AjaxCall/GetApproverList/ ProjectId=null&_=1488192111078 51722 - ::1 Mozilla/5.0+(Windows+NT+10.0;+WOW64)+AppleWebKit/537.36+(KHTML,+like+Gecko)+Chrome/56.0.2924.87+Safari/537.36 http://localhost:51722/Expense/AddTransactionToReport?ExpenseId=122 200 0 0 393
2017-02-27 10:41:51 ::1 GET /User/GetEmployees _=1488192111495 51722 - ::1 Mozilla/5.0+(Windows+NT+10.0;+WOW64)+AppleWebKit/537.36+(KHTML,+like+Gecko)+Chrome/56.0.2924.87+Safari/537.36 http://localhost:51722/Expense/AddTransactionToReport?ExpenseId=122 200 0 0 239
#Software: Microsoft Internet Information Services 8.0
#Version: 1.0
#Date: 2017-02-27 10:57:43
#Fields: date time s-ip cs-method cs-uri-stem cs-uri-query s-port cs-username c-ip cs(User-Agent) cs(Referer) sc-status sc-substatus sc-win32-status time-taken
2017-02-27 10:57:43 ::1 POST /ExpenseDetail/PartialEdit - 51722 - ::1 Mozilla/5.0+(Windows+NT+10.0;+WOW64)+AppleWebKit/537.36+(KHTML,+like+Gecko)+Chrome/56.0.2924.87+Safari/537.36 http://localhost:51722/Expense/AddTransactionToReport?ExpenseId=122 302 0 0 863742
2017-02-27 10:57:48 ::1 GET /Expense/AddTransactionToReport ExpenseId=122 51722 - ::1 Mozilla/5.0+(Windows+NT+10.0;+WOW64)+AppleWebKit/537.36+(KHTML,+like+Gecko)+Chrome/56.0.2924.87+Safari/537.36 http://localhost:51722/Expense/AddTransactionToReport?ExpenseId=122 200 0 0 4705
2017-02-27 10:57:48 ::1 GET /__browserLink/requestData/7321f838eabc4bf386a3c8d7456a42fc version=2 51722 - ::1 Mozilla/5.0+(Windows+NT+10.0;+WOW64)+AppleWebKit/537.36+(KHTML,+like+Gecko)+Chrome/56.0.2924.87+Safari/537.36 http://localhost:51722/Expense/AddTransactionToReport?ExpenseId=122 200 0 0 244
2017-02-27 10:57:49 ::1 GET /Expense/PrepareExpenseApprovalProgressBar/ ExpenseId=122&UserId=277&_=1488193068908 51722 - ::1 Mozilla/5.0+(Windows+NT+10.0;+WOW64)+AppleWebKit/537.36+(KHTML,+like+Gecko)+Chrome/56.0.2924.87+Safari/537.36 http://localhost:51722/Expense/AddTransactionToReport?ExpenseId=122 200 0 0 811
2017-02-27 10:57:49 ::1 GET /Expense/GetTravelTypeHeaderMapping TravelTypeId=17 51722 - ::1 Mozilla/5.0+(Windows+NT+10.0;+WOW64)+AppleWebKit/537.36+(KHTML,+like+Gecko)+Chrome/56.0.2924.87+Safari/537.36 http://localhost:51722/Expense/AddTransactionToReport?ExpenseId=122 200 0 0 1176
2017-02-27 10:57:49 ::1 GET /TravelType/IsSubTravelCashAdvanced TravelTypeId=17 51722 - ::1 Mozilla/5.0+(Windows+NT+10.0;+WOW64)+AppleWebKit/537.36+(KHTML,+like+Gecko)+Chrome/56.0.2924.87+Safari/537.36 http://localhost:51722/Expense/AddTransactionToReport?ExpenseId=122 200 0 0 1286
2017-02-27 10:58:03 ::1 GET /ExpenseDetail/PartialEdit id=10618&ExpenseId=122&_=1488193072739 51722 - ::1 Mozilla/5.0+(Windows+NT+10.0;+WOW64)+AppleWebKit/537.36+(KHTML,+like+Gecko)+Chrome/56.0.2924.87+Safari/537.36 http://localhost:51722/Expense/AddTransactionToReport?ExpenseId=122 200 0 0 10745
2017-02-27 10:58:03 ::1 GET /Scripts/v2/jquery.validate.unobtrusive.js _=1488193083497 51722 - ::1 Mozilla/5.0+(Windows+NT+10.0;+WOW64)+AppleWebKit/537.36+(KHTML,+like+Gecko)+Chrome/56.0.2924.87+Safari/537.36 http://localhost:51722/Expense/AddTransactionToReport?ExpenseId=122 200 0 0 6
2017-02-27 10:58:03 ::1 GET /Scripts/chosen/chosen.jquery.js _=1488193083537 51722 - ::1 Mozilla/5.0+(Windows+NT+10.0;+WOW64)+AppleWebKit/537.36+(KHTML,+like+Gecko)+Chrome/56.0.2924.87+Safari/537.36 http://localhost:51722/Expense/AddTransactionToReport?ExpenseId=122 200 0 0 14
2017-02-27 10:58:03 ::1 GET /ExpenseDetail/GetMileageRate transactionDate=2/24/2017&UserId=277&_=1488193083562 51722 - ::1 Mozilla/5.0+(Windows+NT+10.0;+WOW64)+AppleWebKit/537.36+(KHTML,+like+Gecko)+Chrome/56.0.2924.87+Safari/537.36 http://localhost:51722/Expense/AddTransactionToReport?ExpenseId=122 200 0 0 40
2017-02-27 10:58:03 ::1 GET /PayMethod/GetPayMethodIsReimbursable MethodId=2&_=1488193083617 51722 - ::1 Mozilla/5.0+(Windows+NT+10.0;+WOW64)+AppleWebKit/537.36+(KHTML,+like+Gecko)+Chrome/56.0.2924.87+Safari/537.36 http://localhost:51722/Expense/AddTransactionToReport?ExpenseId=122 200 0 0 24
2017-02-27 10:58:03 ::1 GET /ExpenseDetail/GetExpenseTypePolicyAmount ExpenseTypeId=481&_=1488193083619 51722 - ::1 Mozilla/5.0+(Windows+NT+10.0;+WOW64)+AppleWebKit/537.36+(KHTML,+like+Gecko)+Chrome/56.0.2924.87+Safari/537.36 http://localhost:51722/Expense/AddTransactionToReport?ExpenseId=122 200 0 0 570
2017-02-27 10:58:03 ::1 GET /AjaxCall/GetApproverList/ ProjectId=null&_=1488193084197 51722 - ::1 Mozilla/5.0+(Windows+NT+10.0;+WOW64)+AppleWebKit/537.36+(KHTML,+like+Gecko)+Chrome/56.0.2924.87+Safari/537.36 http://localhost:51722/Expense/AddTransactionToReport?ExpenseId=122 200 0 0 91
2017-02-27 10:58:04 ::1 GET /User/GetEmployees _=1488193084409 51722 - ::1 Mozilla/5.0+(Windows+NT+10.0;+WOW64)+AppleWebKit/537.36+(KHTML,+like+Gecko)+Chrome/56.0.2924.87+Safari/537.36 http://localhost:51722/Expense/AddTransactionToReport?ExpenseId=122 200 0 0 144
2017-02-27 11:05:02 ::1 GET /ExpenseDetail/PartialEdit id=10617&ExpenseId=122&_=1488193491511 51722 - ::1 Mozilla/5.0+(Windows+NT+10.0;+WOW64)+AppleWebKit/537.36+(KHTML,+like+Gecko)+Chrome/56.0.2924.87+Safari/537.36 http://localhost:51722/Expense/AddTransactionToReport?ExpenseId=122 200 0 0 11111
2017-02-27 11:05:02 ::1 GET /Scripts/v2/jquery.validate.unobtrusive.js _=1488193502633 51722 - ::1 Mozilla/5.0+(Windows+NT+10.0;+WOW64)+AppleWebKit/537.36+(KHTML,+like+Gecko)+Chrome/56.0.2924.87+Safari/537.36 http://localhost:51722/Expense/AddTransactionToReport?ExpenseId=122 200 0 0 9
2017-02-27 11:05:02 ::1 GET /Scripts/chosen/chosen.jquery.js _=1488193502652 51722 - ::1 Mozilla/5.0+(Windows+NT+10.0;+WOW64)+AppleWebKit/537.36+(KHTML,+like+Gecko)+Chrome/56.0.2924.87+Safari/537.36 http://localhost:51722/Expense/AddTransactionToReport?ExpenseId=122 200 0 0 15
#Software: Microsoft Internet Information Services 8.0
#Version: 1.0
#Date: 2017-02-27 12:03:18
#Fields: date time s-ip cs-method cs-uri-stem cs-uri-query s-port cs-username c-ip cs(User-Agent) cs(Referer) sc-status sc-substatus sc-win32-status time-taken
2017-02-27 12:03:18 ::1 GET /User/LogOut - 51722 - ::1 Mozilla/5.0+(Windows+NT+10.0;+WOW64)+AppleWebKit/537.36+(KHTML,+like+Gecko)+Chrome/56.0.2924.87+Safari/537.36 http://localhost:51722/Expense/AddTransactionToReport?ExpenseId=122 200 0 0 194277
2017-02-27 12:03:18 ::1 GET /__browserLink/requestData/1aff4abef4a74c0590aca2fcc060afb9 version=2 51722 - ::1 Mozilla/5.0+(Windows+NT+10.0;+WOW64)+AppleWebKit/537.36+(KHTML,+like+Gecko)+Chrome/56.0.2924.87+Safari/537.36 http://localhost:51722/User/LogOut 200 0 0 6
2017-02-27 12:03:26 ::1 POST /ExpenseDetail/PartialEdit - 51722 - ::1 Mozilla/5.0+(Windows+NT+10.0;+WOW64)+AppleWebKit/537.36+(KHTML,+like+Gecko)+Chrome/56.0.2924.87+Safari/537.36 http://localhost:51722/Expense/AddTransactionToReport?ExpenseId=122 200 0 64 3490399
