#Software: Microsoft Internet Information Services 8.0
#Version: 1.0
#Date: 2017-06-16 10:38:21
#Fields: date time s-ip cs-method cs-uri-stem cs-uri-query s-port cs-username c-ip cs(User-Agent) cs(Referer) sc-status sc-substatus sc-win32-status time-taken
2017-06-16 10:38:21 ::1 GET / - 51722 - ::1 Mozilla/5.0+(Windows+NT+10.0;+Win64;+x64)+AppleWebKit/537.36+(KHTML,+like+Gecko)+Chrome/58.0.3029.110+Safari/537.36 - 302 0 0 21302
2017-06-16 10:38:21 ::1 GET /CustomError.aspx aspxerrorpath=/ 51722 - ::1 Mozilla/5.0+(Windows+NT+10.0;+Win64;+x64)+AppleWebKit/537.36+(KHTML,+like+Gecko)+Chrome/58.0.3029.110+Safari/537.36 - 500 0 0 554
2017-06-16 10:40:15 ::1 GET /User/LogOn/ - 51722 - ::1 Mozilla/5.0+(Windows+NT+10.0;+Win64;+x64)+AppleWebKit/537.36+(KHTML,+like+Gecko)+Chrome/58.0.3029.110+Safari/537.36 - 200 0 0 97075
2017-06-16 10:40:15 ::1 GET /User/LogOn/assets/pages/img/login/bg1.jpg - 51722 - ::1 Mozilla/5.0+(Windows+NT+10.0;+Win64;+x64)+AppleWebKit/537.36+(KHTML,+like+Gecko)+Chrome/58.0.3029.110+Safari/537.36 http://localhost:51722/User/LogOn/ 404 0 2 59
2017-06-16 10:40:15 ::1 GET /User/assets/pages/img/login/bg1.jpg - 51722 - ::1 Mozilla/5.0+(Windows+NT+10.0;+Win64;+x64)+AppleWebKit/537.36+(KHTML,+like+Gecko)+Chrome/58.0.3029.110+Safari/537.36 http://localhost:51722/User/LogOn/ 404 0 2 68
2017-06-16 10:43:13 ::1 POST /User/LogOn - 51722 - ::1 Mozilla/5.0+(Windows+NT+10.0;+Win64;+x64)+AppleWebKit/537.36+(KHTML,+like+Gecko)+Chrome/58.0.3029.110+Safari/537.36 http://localhost:51722/User/LogOn/ 200 0 0 162083
2017-06-16 10:43:13 ::1 GET /User/assets/pages/img/login/bg1.jpg - 51722 - ::1 Mozilla/5.0+(Windows+NT+10.0;+Win64;+x64)+AppleWebKit/537.36+(KHTML,+like+Gecko)+Chrome/58.0.3029.110+Safari/537.36 http://localhost:51722/User/LogOn 404 0 2 20
2017-06-16 10:44:00 ::1 POST /User/LogOn - 51722 - ::1 Mozilla/5.0+(Windows+NT+10.0;+Win64;+x64)+AppleWebKit/537.36+(KHTML,+like+Gecko)+Chrome/58.0.3029.110+Safari/537.36 http://localhost:51722/User/LogOn 200 0 0 31182
2017-06-16 10:44:00 ::1 GET /User/assets/pages/img/login/bg1.jpg - 51722 - ::1 Mozilla/5.0+(Windows+NT+10.0;+Win64;+x64)+AppleWebKit/537.36+(KHTML,+like+Gecko)+Chrome/58.0.3029.110+Safari/537.36 http://localhost:51722/User/LogOn 404 0 2 4
2017-06-16 10:44:22 ::1 POST /User/LogOn - 51722 - ::1 Mozilla/5.0+(Windows+NT+10.0;+Win64;+x64)+AppleWebKit/537.36+(KHTML,+like+Gecko)+Chrome/58.0.3029.110+Safari/537.36 http://localhost:51722/User/LogOn 200 0 0 3346
2017-06-16 10:44:22 ::1 GET /User/assets/pages/img/login/bg1.jpg - 51722 - ::1 Mozilla/5.0+(Windows+NT+10.0;+Win64;+x64)+AppleWebKit/537.36+(KHTML,+like+Gecko)+Chrome/58.0.3029.110+Safari/537.36 http://localhost:51722/User/LogOn 404 0 2 3
2017-06-16 10:45:50 ::1 POST /User/LogOn - 51722 - ::1 Mozilla/5.0+(Windows+NT+10.0;+Win64;+x64)+AppleWebKit/537.36+(KHTML,+like+Gecko)+Chrome/58.0.3029.110+Safari/537.36 http://localhost:51722/User/LogOn 200 0 0 12839
2017-06-16 10:45:50 ::1 GET /User/assets/pages/img/login/bg1.jpg - 51722 - ::1 Mozilla/5.0+(Windows+NT+10.0;+Win64;+x64)+AppleWebKit/537.36+(KHTML,+like+Gecko)+Chrome/58.0.3029.110+Safari/537.36 http://localhost:51722/User/LogOn 404 0 2 5
#Software: Microsoft Internet Information Services 8.0
#Version: 1.0
#Date: 2017-06-16 13:08:17
#Fields: date time s-ip cs-method cs-uri-stem cs-uri-query s-port cs-username c-ip cs(User-Agent) cs(Referer) sc-status sc-substatus sc-win32-status time-taken
2017-06-16 13:08:17 ::1 GET / - 51722 - ::1 Mozilla/5.0+(Windows+NT+10.0;+Win64;+x64)+AppleWebKit/537.36+(KHTML,+like+Gecko)+Chrome/58.0.3029.110+Safari/537.36 - 302 0 0 36336
2017-06-16 13:08:38 ::1 GET /User/LogOn - 51722 - ::1 Mozilla/5.0+(Windows+NT+10.0;+Win64;+x64)+AppleWebKit/537.36+(KHTML,+like+Gecko)+Chrome/58.0.3029.110+Safari/537.36 - 200 0 0 20831
2017-06-16 13:08:38 ::1 GET /User/assets/pages/img/login/bg1.jpg - 51722 - ::1 Mozilla/5.0+(Windows+NT+10.0;+Win64;+x64)+AppleWebKit/537.36+(KHTML,+like+Gecko)+Chrome/58.0.3029.110+Safari/537.36 http://localhost:51722/User/LogOn 404 0 2 45
2017-06-16 13:10:13 ::1 POST /User/LogOn - 51722 - ::1 Mozilla/5.0+(Windows+NT+10.0;+Win64;+x64)+AppleWebKit/537.36+(KHTML,+like+Gecko)+Chrome/58.0.3029.110+Safari/537.36 http://localhost:51722/User/LogOn 302 0 0 76457
2017-06-16 13:10:13 ::1 GET / - 51722 - ::1 Mozilla/5.0+(Windows+NT+10.0;+Win64;+x64)+AppleWebKit/537.36+(KHTML,+like+Gecko)+Chrome/58.0.3029.110+Safari/537.36 http://localhost:51722/User/LogOn 302 0 0 72
2017-06-16 13:10:35 ::1 GET /Dashboard/ViewDashboard - 51722 - ::1 Mozilla/5.0+(Windows+NT+10.0;+Win64;+x64)+AppleWebKit/537.36+(KHTML,+like+Gecko)+Chrome/58.0.3029.110+Safari/537.36 http://localhost:51722/User/LogOn 200 0 0 21892
2017-06-16 13:10:35 ::1 GET /css/SiteLayoutPageForMasters-css v=TlQFZmKEzB1eKkPRL_WBp6ITJBhCr4u8E5caFIZ23aw1 51722 - ::1 Mozilla/5.0+(Windows+NT+10.0;+Win64;+x64)+AppleWebKit/537.36+(KHTML,+like+Gecko)+Chrome/58.0.3029.110+Safari/537.36 http://localhost:51722/Dashboard/ViewDashboard 200 0 0 205
2017-06-16 13:10:38 ::1 GET /__browserLink/requestData/03f004e33c204346933bd4672b59e759 version=2 51722 - ::1 Mozilla/5.0+(Windows+NT+10.0;+Win64;+x64)+AppleWebKit/537.36+(KHTML,+like+Gecko)+Chrome/58.0.3029.110+Safari/537.36 http://localhost:51722/Dashboard/ViewDashboard 200 0 0 296
2017-06-16 13:10:39 ::1 GET /Dashboard/getAjaxTab/1 sDate=null&eDate=null 51722 - ::1 Mozilla/5.0+(Windows+NT+10.0;+Win64;+x64)+AppleWebKit/537.36+(KHTML,+like+Gecko)+Chrome/58.0.3029.110+Safari/537.36 http://localhost:51722/Dashboard/ViewDashboard 200 0 0 3112
2017-06-16 13:10:39 ::1 GET /Scripts/v2/easy.pie.chart/jquery.easing.1.3.js _=1497618639248 51722 - ::1 Mozilla/5.0+(Windows+NT+10.0;+Win64;+x64)+AppleWebKit/537.36+(KHTML,+like+Gecko)+Chrome/58.0.3029.110+Safari/537.36 http://localhost:51722/Dashboard/ViewDashboard 200 0 0 29
2017-06-16 13:10:39 ::1 GET /Scripts/v2/easy.pie.chart/jquery.easypiechart.min.js _=1497618639310 51722 - ::1 Mozilla/5.0+(Windows+NT+10.0;+Win64;+x64)+AppleWebKit/537.36+(KHTML,+like+Gecko)+Chrome/58.0.3029.110+Safari/537.36 http://localhost:51722/Dashboard/ViewDashboard 200 0 0 17
2017-06-16 13:10:39 ::1 GET /Scripts/v2/morris.charts/morris.min.js _=1497618639358 51722 - ::1 Mozilla/5.0+(Windows+NT+10.0;+Win64;+x64)+AppleWebKit/537.36+(KHTML,+like+Gecko)+Chrome/58.0.3029.110+Safari/537.36 http://localhost:51722/Dashboard/ViewDashboard 200 0 0 13
2017-06-16 13:10:39 ::1 GET /Scripts/v2/morris.charts/raphael.min.js _=1497618639387 51722 - ::1 Mozilla/5.0+(Windows+NT+10.0;+Win64;+x64)+AppleWebKit/537.36+(KHTML,+like+Gecko)+Chrome/58.0.3029.110+Safari/537.36 http://localhost:51722/Dashboard/ViewDashboard 200 0 0 35
2017-06-16 13:10:51 ::1 GET /Dashboard/GetExpensePostings/ sDate=null&eDate=null 51722 - ::1 Mozilla/5.0+(Windows+NT+10.0;+Win64;+x64)+AppleWebKit/537.36+(KHTML,+like+Gecko)+Chrome/58.0.3029.110+Safari/537.36 http://localhost:51722/Dashboard/ViewDashboard 200 0 0 12083
2017-06-16 13:11:01 ::1 GET /Dashboard/GetPayMethodsAmount/ sDate=null&eDate=null 51722 - ::1 Mozilla/5.0+(Windows+NT+10.0;+Win64;+x64)+AppleWebKit/537.36+(KHTML,+like+Gecko)+Chrome/58.0.3029.110+Safari/537.36 http://localhost:51722/Dashboard/ViewDashboard 200 0 0 22177
2017-06-16 13:11:08 ::1 GET /Dashboard/GetExpenseTypesAmount/ sDate=null&eDate=null 51722 - ::1 Mozilla/5.0+(Windows+NT+10.0;+Win64;+x64)+AppleWebKit/537.36+(KHTML,+like+Gecko)+Chrome/58.0.3029.110+Safari/537.36 http://localhost:51722/Dashboard/ViewDashboard 200 0 0 29269
2017-06-16 13:11:08 ::1 GET /User/LogOff - 51722 - ::1 Mozilla/5.0+(Windows+NT+10.0;+Win64;+x64)+AppleWebKit/537.36+(KHTML,+like+Gecko)+Chrome/58.0.3029.110+Safari/537.36 http://localhost:51722/Dashboard/ViewDashboard 302 0 0 5657
2017-06-16 13:11:08 ::1 GET / - 51722 - ::1 Mozilla/5.0+(Windows+NT+10.0;+Win64;+x64)+AppleWebKit/537.36+(KHTML,+like+Gecko)+Chrome/58.0.3029.110+Safari/537.36 http://localhost:51722/Dashboard/ViewDashboard 302 0 0 67
#Software: Microsoft Internet Information Services 8.0
#Version: 1.0
#Date: 2017-06-16 15:53:48
#Fields: date time s-ip cs-method cs-uri-stem cs-uri-query s-port cs-username c-ip cs(User-Agent) cs(Referer) sc-status sc-substatus sc-win32-status time-taken
2017-06-16 15:53:48 ::1 GET / - 51722 - ::1 Mozilla/5.0+(Windows+NT+10.0;+Win64;+x64)+AppleWebKit/537.36+(KHTML,+like+Gecko)+Chrome/58.0.3029.110+Safari/537.36 - 302 0 0 14313
2017-06-16 15:54:01 ::1 GET /User/LogOn - 51722 - ::1 Mozilla/5.0+(Windows+NT+10.0;+Win64;+x64)+AppleWebKit/537.36+(KHTML,+like+Gecko)+Chrome/58.0.3029.110+Safari/537.36 - 200 0 0 13437
2017-06-16 15:54:01 ::1 GET /User/assets/pages/img/login/bg1.jpg - 51722 - ::1 Mozilla/5.0+(Windows+NT+10.0;+Win64;+x64)+AppleWebKit/537.36+(KHTML,+like+Gecko)+Chrome/58.0.3029.110+Safari/537.36 http://localhost:51722/User/LogOn 404 0 2 144
2017-06-16 15:54:57 ::1 POST /User/LogOn - 51722 - ::1 Mozilla/5.0+(Windows+NT+10.0;+Win64;+x64)+AppleWebKit/537.36+(KHTML,+like+Gecko)+Chrome/58.0.3029.110+Safari/537.36 http://localhost:51722/User/LogOn 302 0 0 29641
2017-06-16 15:54:57 ::1 GET / - 51722 - ::1 Mozilla/5.0+(Windows+NT+10.0;+Win64;+x64)+AppleWebKit/537.36+(KHTML,+like+Gecko)+Chrome/58.0.3029.110+Safari/537.36 http://localhost:51722/User/LogOn 302 0 0 52
2017-06-16 15:55:09 ::1 GET /Dashboard/ViewDashboard - 51722 - ::1 Mozilla/5.0+(Windows+NT+10.0;+Win64;+x64)+AppleWebKit/537.36+(KHTML,+like+Gecko)+Chrome/58.0.3029.110+Safari/537.36 http://localhost:51722/User/LogOn 200 0 0 11159
2017-06-16 15:55:11 ::1 GET /__browserLink/requestData/a3cd2261a54c4ba6a4ba20725d1091bf version=2 51722 - ::1 Mozilla/5.0+(Windows+NT+10.0;+Win64;+x64)+AppleWebKit/537.36+(KHTML,+like+Gecko)+Chrome/58.0.3029.110+Safari/537.36 http://localhost:51722/Dashboard/ViewDashboard 200 0 0 267
2017-06-16 15:55:12 ::1 GET /Dashboard/getAjaxTab/1 sDate=null&eDate=null 51722 - ::1 Mozilla/5.0+(Windows+NT+10.0;+Win64;+x64)+AppleWebKit/537.36+(KHTML,+like+Gecko)+Chrome/58.0.3029.110+Safari/537.36 http://localhost:51722/Dashboard/ViewDashboard 200 0 0 2688
2017-06-16 15:55:12 ::1 GET /Scripts/v2/easy.pie.chart/jquery.easing.1.3.js _=1497628512469 51722 - ::1 Mozilla/5.0+(Windows+NT+10.0;+Win64;+x64)+AppleWebKit/537.36+(KHTML,+like+Gecko)+Chrome/58.0.3029.110+Safari/537.36 http://localhost:51722/Dashboard/ViewDashboard 200 0 0 55
2017-06-16 15:55:12 ::1 GET /Scripts/v2/easy.pie.chart/jquery.easypiechart.min.js _=1497628512597 51722 - ::1 Mozilla/5.0+(Windows+NT+10.0;+Win64;+x64)+AppleWebKit/537.36+(KHTML,+like+Gecko)+Chrome/58.0.3029.110+Safari/537.36 http://localhost:51722/Dashboard/ViewDashboard 200 0 0 11
2017-06-16 15:55:12 ::1 GET /Scripts/v2/morris.charts/morris.min.js _=1497628512618 51722 - ::1 Mozilla/5.0+(Windows+NT+10.0;+Win64;+x64)+AppleWebKit/537.36+(KHTML,+like+Gecko)+Chrome/58.0.3029.110+Safari/537.36 http://localhost:51722/Dashboard/ViewDashboard 200 0 0 36
2017-06-16 15:55:12 ::1 GET /Scripts/v2/morris.charts/raphael.min.js _=1497628512704 51722 - ::1 Mozilla/5.0+(Windows+NT+10.0;+Win64;+x64)+AppleWebKit/537.36+(KHTML,+like+Gecko)+Chrome/58.0.3029.110+Safari/537.36 http://localhost:51722/Dashboard/ViewDashboard 200 0 0 43
2017-06-16 15:55:19 ::1 GET /Dashboard/GetExpenseSubmissions/ sDate=null&eDate=null 51722 - ::1 Mozilla/5.0+(Windows+NT+10.0;+Win64;+x64)+AppleWebKit/537.36+(KHTML,+like+Gecko)+Chrome/58.0.3029.110+Safari/537.36 http://localhost:51722/Dashboard/ViewDashboard 200 0 0 6798
2017-06-16 15:55:27 ::1 GET /Dashboard/GetExpenseApprovals/ sDate=null&eDate=null 51722 - ::1 Mozilla/5.0+(Windows+NT+10.0;+Win64;+x64)+AppleWebKit/537.36+(KHTML,+like+Gecko)+Chrome/58.0.3029.110+Safari/537.36 http://localhost:51722/Dashboard/ViewDashboard 200 0 0 14268
2017-06-16 15:55:35 ::1 GET /Dashboard/GetExpenseTypesAmount/ sDate=null&eDate=null 51722 - ::1 Mozilla/5.0+(Windows+NT+10.0;+Win64;+x64)+AppleWebKit/537.36+(KHTML,+like+Gecko)+Chrome/58.0.3029.110+Safari/537.36 http://localhost:51722/Dashboard/ViewDashboard 200 0 0 22622
2017-06-16 15:55:44 ::1 GET /Dashboard/GetPayMethodsAmount/ sDate=null&eDate=null 51722 - ::1 Mozilla/5.0+(Windows+NT+10.0;+Win64;+x64)+AppleWebKit/537.36+(KHTML,+like+Gecko)+Chrome/58.0.3029.110+Safari/537.36 http://localhost:51722/Dashboard/ViewDashboard 200 0 0 31764
2017-06-16 15:55:53 ::1 GET /Dashboard/GetExpensePostings/ sDate=null&eDate=null 51722 - ::1 Mozilla/5.0+(Windows+NT+10.0;+Win64;+x64)+AppleWebKit/537.36+(KHTML,+like+Gecko)+Chrome/58.0.3029.110+Safari/537.36 http://localhost:51722/Dashboard/ViewDashboard 200 0 0 40705
2017-06-16 15:57:37 ::1 GET /User - 51722 - ::1 Mozilla/5.0+(Windows+NT+10.0;+Win64;+x64)+AppleWebKit/537.36+(KHTML,+like+Gecko)+Chrome/58.0.3029.110+Safari/537.36 http://localhost:51722/Dashboard/ViewDashboard 200 0 0 35498
2017-06-16 15:57:37 ::1 GET /__browserLink/requestData/5465ebe5ef78498c8da3c2e1565ab41d version=2 51722 - ::1 Mozilla/5.0+(Windows+NT+10.0;+Win64;+x64)+AppleWebKit/537.36+(KHTML,+like+Gecko)+Chrome/58.0.3029.110+Safari/537.36 http://localhost:51722/User 200 0 0 51
2017-06-16 15:57:38 ::1 GET /AjaxCall/GetCompanyList/ - 51722 - ::1 Mozilla/5.0+(Windows+NT+10.0;+Win64;+x64)+AppleWebKit/537.36+(KHTML,+like+Gecko)+Chrome/58.0.3029.110+Safari/537.36 http://localhost:51722/User 200 0 0 484
2017-06-16 15:57:38 ::1 GET /AjaxCall/GetBusinessUnitList/ CompanyId=0 51722 - ::1 Mozilla/5.0+(Windows+NT+10.0;+Win64;+x64)+AppleWebKit/537.36+(KHTML,+like+Gecko)+Chrome/58.0.3029.110+Safari/537.36 http://localhost:51722/User 200 0 0 1135
2017-06-16 15:57:38 ::1 GET /AjaxCall/GetBusinessUnitList/ CompanyId=0 51722 - ::1 Mozilla/5.0+(Windows+NT+10.0;+Win64;+x64)+AppleWebKit/537.36+(KHTML,+like+Gecko)+Chrome/58.0.3029.110+Safari/537.36 http://localhost:51722/User 200 0 0 262
2017-06-16 15:59:10 ::1 POST /User - 51722 - ::1 Mozilla/5.0+(Windows+NT+10.0;+Win64;+x64)+AppleWebKit/537.36+(KHTML,+like+Gecko)+Chrome/58.0.3029.110+Safari/537.36 http://localhost:51722/User 200 0 0 31733
2017-06-16 15:59:10 ::1 GET /__browserLink/requestData/17b14fa0b100439ea508864fb5c2c3eb version=2 51722 - ::1 Mozilla/5.0+(Windows+NT+10.0;+Win64;+x64)+AppleWebKit/537.36+(KHTML,+like+Gecko)+Chrome/58.0.3029.110+Safari/537.36 http://localhost:51722/User 200 0 0 61
2017-06-16 15:59:10 ::1 GET /AjaxCall/GetCompanyList/ - 51722 - ::1 Mozilla/5.0+(Windows+NT+10.0;+Win64;+x64)+AppleWebKit/537.36+(KHTML,+like+Gecko)+Chrome/58.0.3029.110+Safari/537.36 http://localhost:51722/User 200 0 0 455
2017-06-16 15:59:11 ::1 GET /AjaxCall/GetBusinessUnitList/ CompanyId=0 51722 - ::1 Mozilla/5.0+(Windows+NT+10.0;+Win64;+x64)+AppleWebKit/537.36+(KHTML,+like+Gecko)+Chrome/58.0.3029.110+Safari/537.36 http://localhost:51722/User 200 0 0 1011
2017-06-16 15:59:11 ::1 GET /AjaxCall/GetBusinessUnitList/ CompanyId=0 51722 - ::1 Mozilla/5.0+(Windows+NT+10.0;+Win64;+x64)+AppleWebKit/537.36+(KHTML,+like+Gecko)+Chrome/58.0.3029.110+Safari/537.36 http://localhost:51722/User 200 0 0 347
2017-06-16 16:00:56 ::1 GET /User/Edit/119 - 51722 - ::1 Mozilla/5.0+(Windows+NT+10.0;+Win64;+x64)+AppleWebKit/537.36+(KHTML,+like+Gecko)+Chrome/58.0.3029.110+Safari/537.36 http://localhost:51722/User 200 0 0 30010
2017-06-16 16:00:57 ::1 GET /User/GetAllEnabledTransactionMappingAccorssAllRoles _=1497628856506 51722 - ::1 Mozilla/5.0+(Windows+NT+10.0;+Win64;+x64)+AppleWebKit/537.36+(KHTML,+like+Gecko)+Chrome/58.0.3029.110+Safari/537.36 http://localhost:51722/User/Edit/119 200 0 0 1332
2017-06-16 16:01:00 ::1 GET /__browserLink/requestData/c683324c6df842c489477b0e8e7188a0 version=2 51722 - ::1 Mozilla/5.0+(Windows+NT+10.0;+Win64;+x64)+AppleWebKit/537.36+(KHTML,+like+Gecko)+Chrome/58.0.3029.110+Safari/537.36 http://localhost:51722/User/Edit/119 200 0 0 2570
2017-06-16 16:01:05 ::1 GET /User/GetProjectConfigurationLabelInfo RoleId=41&_=1497628857846 51722 - ::1 Mozilla/5.0+(Windows+NT+10.0;+Win64;+x64)+AppleWebKit/537.36+(KHTML,+like+Gecko)+Chrome/58.0.3029.110+Safari/537.36 http://localhost:51722/User/Edit/119 200 0 0 7561
2017-06-16 16:01:05 ::1 GET /AjaxCall/GetCompanyList/ _=1497628857843 51722 - ::1 Mozilla/5.0+(Windows+NT+10.0;+Win64;+x64)+AppleWebKit/537.36+(KHTML,+like+Gecko)+Chrome/58.0.3029.110+Safari/537.36 http://localhost:51722/User/Edit/119 200 0 0 8077
2017-06-16 16:01:05 ::1 GET /AjaxCall/GetBusinessUnitList/ CompanyId=11&_=1497628865931 51722 - ::1 Mozilla/5.0+(Windows+NT+10.0;+Win64;+x64)+AppleWebKit/537.36+(KHTML,+like+Gecko)+Chrome/58.0.3029.110+Safari/537.36 http://localhost:51722/User/Edit/119 200 0 0 312
2017-06-16 16:01:08 ::1 GET /AjaxCall/GetCostCenterList/ CompanyId=11&BusinessUnitId=34&_=1497628866256 51722 - ::1 Mozilla/5.0+(Windows+NT+10.0;+Win64;+x64)+AppleWebKit/537.36+(KHTML,+like+Gecko)+Chrome/58.0.3029.110+Safari/537.36 http://localhost:51722/User/Edit/119 200 0 0 2424
2017-06-16 16:01:38 ::1 POST /User/Edit/119 - 51722 - ::1 Mozilla/5.0+(Windows+NT+10.0;+Win64;+x64)+AppleWebKit/537.36+(KHTML,+like+Gecko)+Chrome/58.0.3029.110+Safari/537.36 http://localhost:51722/User/Edit/119 302 0 0 22204
2017-06-16 16:01:47 ::1 GET /User/Edit/119 - 51722 - ::1 Mozilla/5.0+(Windows+NT+10.0;+Win64;+x64)+AppleWebKit/537.36+(KHTML,+like+Gecko)+Chrome/58.0.3029.110+Safari/537.36 http://localhost:51722/User/Edit/119 200 0 0 9488
2017-06-16 16:01:49 ::1 GET /User/GetAllEnabledTransactionMappingAccorssAllRoles _=1497628908182 51722 - ::1 Mozilla/5.0+(Windows+NT+10.0;+Win64;+x64)+AppleWebKit/537.36+(KHTML,+like+Gecko)+Chrome/58.0.3029.110+Safari/537.36 http://localhost:51722/User/Edit/119 200 0 0 1113
2017-06-16 16:01:49 ::1 GET /__browserLink/requestData/a93327a443c34b34980edbc092e4eb4c version=2 51722 - ::1 Mozilla/5.0+(Windows+NT+10.0;+Win64;+x64)+AppleWebKit/537.36+(KHTML,+like+Gecko)+Chrome/58.0.3029.110+Safari/537.36 http://localhost:51722/User/Edit/119 200 0 0 63
2017-06-16 16:01:49 ::1 GET /AjaxCall/GetCompanyList/ _=1497628909302 51722 - ::1 Mozilla/5.0+(Windows+NT+10.0;+Win64;+x64)+AppleWebKit/537.36+(KHTML,+like+Gecko)+Chrome/58.0.3029.110+Safari/537.36 http://localhost:51722/User/Edit/119 200 0 0 425
2017-06-16 16:01:49 ::1 GET /AjaxCall/GetBusinessUnitList/ CompanyId=11&_=1497628909736 51722 - ::1 Mozilla/5.0+(Windows+NT+10.0;+Win64;+x64)+AppleWebKit/537.36+(KHTML,+like+Gecko)+Chrome/58.0.3029.110+Safari/537.36 http://localhost:51722/User/Edit/119 200 0 0 269
2017-06-16 16:01:55 ::1 GET /User/GetProjectConfigurationLabelInfo RoleId=41&_=1497628909305 51722 - ::1 Mozilla/5.0+(Windows+NT+10.0;+Win64;+x64)+AppleWebKit/537.36+(KHTML,+like+Gecko)+Chrome/58.0.3029.110+Safari/537.36 http://localhost:51722/User/Edit/119 200 0 0 5716
2017-06-16 16:01:57 ::1 GET /AjaxCall/GetCostCenterList/ CompanyId=11&BusinessUnitId=34&_=1497628910012 51722 - ::1 Mozilla/5.0+(Windows+NT+10.0;+Win64;+x64)+AppleWebKit/537.36+(KHTML,+like+Gecko)+Chrome/58.0.3029.110+Safari/537.36 http://localhost:51722/User/Edit/119 200 0 0 7293
2017-06-16 16:01:57 ::1 GET /User/LogOff - 51722 - ::1 Mozilla/5.0+(Windows+NT+10.0;+Win64;+x64)+AppleWebKit/537.36+(KHTML,+like+Gecko)+Chrome/58.0.3029.110+Safari/537.36 http://localhost:51722/User/Edit/119 302 0 0 2083
2017-06-16 16:01:57 ::1 GET / - 51722 - ::1 Mozilla/5.0+(Windows+NT+10.0;+Win64;+x64)+AppleWebKit/537.36+(KHTML,+like+Gecko)+Chrome/58.0.3029.110+Safari/537.36 http://localhost:51722/User/Edit/119 302 0 0 48
2017-06-16 16:02:01 ::1 GET /User/LogOn - 51722 - ::1 Mozilla/5.0+(Windows+NT+10.0;+Win64;+x64)+AppleWebKit/537.36+(KHTML,+like+Gecko)+Chrome/58.0.3029.110+Safari/537.36 http://localhost:51722/User/Edit/119 200 0 0 3950
2017-06-16 16:02:01 ::1 GET /User/assets/pages/img/login/bg1.jpg - 51722 - ::1 Mozilla/5.0+(Windows+NT+10.0;+Win64;+x64)+AppleWebKit/537.36+(KHTML,+like+Gecko)+Chrome/58.0.3029.110+Safari/537.36 http://localhost:51722/User/LogOn 404 0 2 5
2017-06-16 16:02:14 ::1 POST /User/LogOn - 51722 - ::1 Mozilla/5.0+(Windows+NT+10.0;+Win64;+x64)+AppleWebKit/537.36+(KHTML,+like+Gecko)+Chrome/58.0.3029.110+Safari/537.36 http://localhost:51722/User/LogOn 302 0 0 8513
2017-06-16 16:02:54 ::1 GET / - 51722 - ::1 Mozilla/5.0+(Windows+NT+10.0;+Win64;+x64)+AppleWebKit/537.36+(KHTML,+like+Gecko)+Chrome/58.0.3029.110+Safari/537.36 http://localhost:51722/User/LogOn 200 0 0 40147
2017-06-16 16:02:54 ::1 GET /__browserLink/requestData/ccb4c0f41ee54f44b8307a2b13456588 version=2 51722 - ::1 Mozilla/5.0+(Windows+NT+10.0;+Win64;+x64)+AppleWebKit/537.36+(KHTML,+like+Gecko)+Chrome/58.0.3029.110+Safari/537.36 http://localhost:51722/ 200 0 0 79
2017-06-16 16:04:19 ::1 GET /Expense/Create - 51722 - ::1 Mozilla/5.0+(Windows+NT+10.0;+Win64;+x64)+AppleWebKit/537.36+(KHTML,+like+Gecko)+Chrome/58.0.3029.110+Safari/537.36 http://localhost:51722/ 200 0 0 4811
2017-06-16 16:04:19 ::1 GET /__browserLink/requestData/c72f9e3e43644f8fb8445afac054ce51 version=2 51722 - ::1 Mozilla/5.0+(Windows+NT+10.0;+Win64;+x64)+AppleWebKit/537.36+(KHTML,+like+Gecko)+Chrome/58.0.3029.110+Safari/537.36 http://localhost:51722/Expense/Create 200 0 0 56
2017-06-16 16:05:08 ::1 GET /TravelType/IsSubTravelCashAdvanced TravelTypeId=18 51722 - ::1 Mozilla/5.0+(Windows+NT+10.0;+Win64;+x64)+AppleWebKit/537.36+(KHTML,+like+Gecko)+Chrome/58.0.3029.110+Safari/537.36 http://localhost:51722/Expense/Create 200 0 0 685
2017-06-16 16:05:08 ::1 GET /Expense/GetTravelTypeHeaderMapping TravelTypeId=18 51722 - ::1 Mozilla/5.0+(Windows+NT+10.0;+Win64;+x64)+AppleWebKit/537.36+(KHTML,+like+Gecko)+Chrome/58.0.3029.110+Safari/537.36 http://localhost:51722/Expense/Create 200 0 0 1342
2017-06-16 16:05:12 ::1 GET /TravelType/IsSubTravelCashAdvanced TravelTypeId=21 51722 - ::1 Mozilla/5.0+(Windows+NT+10.0;+Win64;+x64)+AppleWebKit/537.36+(KHTML,+like+Gecko)+Chrome/58.0.3029.110+Safari/537.36 http://localhost:51722/Expense/Create 200 0 0 529
2017-06-16 16:05:12 ::1 GET /Expense/GetTravelTypeHeaderMapping TravelTypeId=21 51722 - ::1 Mozilla/5.0+(Windows+NT+10.0;+Win64;+x64)+AppleWebKit/537.36+(KHTML,+like+Gecko)+Chrome/58.0.3029.110+Safari/537.36 http://localhost:51722/Expense/Create 200 0 0 833
2017-06-16 16:05:12 ::1 GET /AjaxCall/GetProjects/ CustomerName=&_=1497629112458 51722 - ::1 Mozilla/5.0+(Windows+NT+10.0;+Win64;+x64)+AppleWebKit/537.36+(KHTML,+like+Gecko)+Chrome/58.0.3029.110+Safari/537.36 http://localhost:51722/Expense/Create 200 0 0 315
2017-06-16 16:05:13 ::1 GET /AjaxCall/GetCustomers/ _=1497629112959 51722 - ::1 Mozilla/5.0+(Windows+NT+10.0;+Win64;+x64)+AppleWebKit/537.36+(KHTML,+like+Gecko)+Chrome/58.0.3029.110+Safari/537.36 http://localhost:51722/Expense/Create 200 0 0 282
2017-06-16 16:05:19 ::1 GET /AjaxCall/GetProjects/ CustomerName=Gorilla%20Expense%20(Project%206%20&%207)&_=1497629118923 51722 - ::1 Mozilla/5.0+(Windows+NT+10.0;+Win64;+x64)+AppleWebKit/537.36+(KHTML,+like+Gecko)+Chrome/58.0.3029.110+Safari/537.36 http://localhost:51722/Expense/Create 200 0 0 351
2017-06-16 16:05:26 ::1 POST /Expense/Create - 51722 - ::1 Mozilla/5.0+(Windows+NT+10.0;+Win64;+x64)+AppleWebKit/537.36+(KHTML,+like+Gecko)+Chrome/58.0.3029.110+Safari/537.36 http://localhost:51722/Expense/Create 302 0 0 3556
2017-06-16 16:06:00 ::1 GET /Expense/AddTransactionToReport ExpenseId=1781 51722 - ::1 Mozilla/5.0+(Windows+NT+10.0;+Win64;+x64)+AppleWebKit/537.36+(KHTML,+like+Gecko)+Chrome/58.0.3029.110+Safari/537.36 http://localhost:51722/Expense/Create 200 0 0 34777
2017-06-16 16:06:00 ::1 GET /__browserLink/requestData/dd4363da3b964469ac84d6e5e917ea0e version=2 51722 - ::1 Mozilla/5.0+(Windows+NT+10.0;+Win64;+x64)+AppleWebKit/537.36+(KHTML,+like+Gecko)+Chrome/58.0.3029.110+Safari/537.36 http://localhost:51722/Expense/AddTransactionToReport?ExpenseId=1781 200 0 0 150
2017-06-16 16:06:00 ::1 GET /Expense/GetTravelTypeHeaderMapping TravelTypeId=21 51722 - ::1 Mozilla/5.0+(Windows+NT+10.0;+Win64;+x64)+AppleWebKit/537.36+(KHTML,+like+Gecko)+Chrome/58.0.3029.110+Safari/537.36 http://localhost:51722/Expense/AddTransactionToReport?ExpenseId=1781 200 0 0 555
2017-06-16 16:06:02 ::1 GET /AjaxCall/GetProjects/ CustomerName=GORILLA%20EXPENSE%20(PROJECT%206%20&%207)&_=1497629161764 51722 - ::1 Mozilla/5.0+(Windows+NT+10.0;+Win64;+x64)+AppleWebKit/537.36+(KHTML,+like+Gecko)+Chrome/58.0.3029.110+Safari/537.36 http://localhost:51722/Expense/AddTransactionToReport?ExpenseId=1781 200 0 0 272
2017-06-16 16:06:02 ::1 GET /TravelType/IsSubTravelCashAdvanced TravelTypeId=21 51722 - ::1 Mozilla/5.0+(Windows+NT+10.0;+Win64;+x64)+AppleWebKit/537.36+(KHTML,+like+Gecko)+Chrome/58.0.3029.110+Safari/537.36 http://localhost:51722/Expense/AddTransactionToReport?ExpenseId=1781 200 0 0 1680
2017-06-16 16:06:13 ::1 GET /Expense/PrepareExpenseApprovalProgressBar/ ExpenseId=1781&UserId=119&_=1497629161188 51722 - ::1 Mozilla/5.0+(Windows+NT+10.0;+Win64;+x64)+AppleWebKit/537.36+(KHTML,+like+Gecko)+Chrome/58.0.3029.110+Safari/537.36 http://localhost:51722/Expense/AddTransactionToReport?ExpenseId=1781 200 0 0 12470
2017-06-16 16:06:33 ::1 GET /Expense/AddNewTransaction ExpenseId=1781 51722 - ::1 Mozilla/5.0+(Windows+NT+10.0;+Win64;+x64)+AppleWebKit/537.36+(KHTML,+like+Gecko)+Chrome/58.0.3029.110+Safari/537.36 http://localhost:51722/Expense/AddTransactionToReport?ExpenseId=1781 200 0 0 26711
2017-06-16 16:06:33 ::1 GET /PayMethod/GetPayMethodIsReimbursable MethodId=0 51722 - ::1 Mozilla/5.0+(Windows+NT+10.0;+Win64;+x64)+AppleWebKit/537.36+(KHTML,+like+Gecko)+Chrome/58.0.3029.110+Safari/537.36 http://localhost:51722/Expense/AddTransactionToReport?ExpenseId=1781 200 0 0 123
2017-06-16 16:06:33 ::1 GET /AjaxCall/GetCompanyList/ - 51722 - ::1 Mozilla/5.0+(Windows+NT+10.0;+Win64;+x64)+AppleWebKit/537.36+(KHTML,+like+Gecko)+Chrome/58.0.3029.110+Safari/537.36 http://localhost:51722/Expense/AddTransactionToReport?ExpenseId=1781 200 0 0 807
2017-06-16 16:06:34 ::1 GET /AjaxCall/GetBusinessUnitList/ CompanyId=11 51722 - ::1 Mozilla/5.0+(Windows+NT+10.0;+Win64;+x64)+AppleWebKit/537.36+(KHTML,+like+Gecko)+Chrome/58.0.3029.110+Safari/537.36 http://localhost:51722/Expense/AddTransactionToReport?ExpenseId=1781 200 0 0 270
2017-06-16 16:06:37 ::1 GET /AjaxCall/GetCostCenterList/ CompanyId=11&BusinessUnitId=34 51722 - ::1 Mozilla/5.0+(Windows+NT+10.0;+Win64;+x64)+AppleWebKit/537.36+(KHTML,+like+Gecko)+Chrome/58.0.3029.110+Safari/537.36 http://localhost:51722/Expense/AddTransactionToReport?ExpenseId=1781 200 0 0 2221
2017-06-16 16:06:37 ::1 GET /AjaxCall/GetBillingCodeList/ - 51722 - ::1 Mozilla/5.0+(Windows+NT+10.0;+Win64;+x64)+AppleWebKit/537.36+(KHTML,+like+Gecko)+Chrome/58.0.3029.110+Safari/537.36 http://localhost:51722/Expense/AddTransactionToReport?ExpenseId=1781 200 0 0 489
2017-06-16 16:06:38 ::1 GET /AjaxCall/GetBusinessActivityList/ ProjectId=115 51722 - ::1 Mozilla/5.0+(Windows+NT+10.0;+Win64;+x64)+AppleWebKit/537.36+(KHTML,+like+Gecko)+Chrome/58.0.3029.110+Safari/537.36 http://localhost:51722/Expense/AddTransactionToReport?ExpenseId=1781 200 0 0 1222
2017-06-16 16:06:38 ::1 GET /AjaxCall/GetStaffMemberList - 51722 - ::1 Mozilla/5.0+(Windows+NT+10.0;+Win64;+x64)+AppleWebKit/537.36+(KHTML,+like+Gecko)+Chrome/58.0.3029.110+Safari/537.36 http://localhost:51722/Expense/AddTransactionToReport?ExpenseId=1781 200 0 0 332
2017-06-16 16:07:25 ::1 GET /User/GetEmployees - 51722 - ::1 Mozilla/5.0+(Windows+NT+10.0;+Win64;+x64)+AppleWebKit/537.36+(KHTML,+like+Gecko)+Chrome/58.0.3029.110+Safari/537.36 http://localhost:51722/Expense/AddTransactionToReport?ExpenseId=1781 200 0 0 47127
2017-06-16 16:07:25 ::1 GET /AjaxCall/GetReferenceList/ - 51722 - ::1 Mozilla/5.0+(Windows+NT+10.0;+Win64;+x64)+AppleWebKit/537.36+(KHTML,+like+Gecko)+Chrome/58.0.3029.110+Safari/537.36 http://localhost:51722/Expense/AddTransactionToReport?ExpenseId=1781 200 0 0 47930
2017-06-16 16:07:27 ::1 GET /AjaxCall/GetCustomerList/ UserId=119 51722 - ::1 Mozilla/5.0+(Windows+NT+10.0;+Win64;+x64)+AppleWebKit/537.36+(KHTML,+like+Gecko)+Chrome/58.0.3029.110+Safari/537.36 http://localhost:51722/Expense/AddTransactionToReport?ExpenseId=1781 200 0 0 50565
2017-06-16 16:07:29 ::1 GET /AjaxCall/GetProjectList/ CustomerId=0&UserId=119&ExpenseDate=6/16/2017 51722 - ::1 Mozilla/5.0+(Windows+NT+10.0;+Win64;+x64)+AppleWebKit/537.36+(KHTML,+like+Gecko)+Chrome/58.0.3029.110+Safari/537.36 http://localhost:51722/Expense/AddTransactionToReport?ExpenseId=1781 200 0 0 1482
2017-06-16 16:07:29 ::1 GET /AjaxCall/GetProjectTaskList/ ProjectId=115&ExpenseDate=6/16/2017&TaskType=Expense 51722 - ::1 Mozilla/5.0+(Windows+NT+10.0;+Win64;+x64)+AppleWebKit/537.36+(KHTML,+like+Gecko)+Chrome/58.0.3029.110+Safari/537.36 http://localhost:51722/Expense/AddTransactionToReport?ExpenseId=1781 200 0 0 901
2017-06-16 16:07:30 ::1 GET /AjaxCall/GetApproverList/ ProjectId=115 51722 - ::1 Mozilla/5.0+(Windows+NT+10.0;+Win64;+x64)+AppleWebKit/537.36+(KHTML,+like+Gecko)+Chrome/58.0.3029.110+Safari/537.36 http://localhost:51722/Expense/AddTransactionToReport?ExpenseId=1781 200 0 0 376
2017-06-16 16:07:30 ::1 GET /ExpenseDetail/GetVendorNamesJson UserId119&_=1497629245876 51722 - ::1 Mozilla/5.0+(Windows+NT+10.0;+Win64;+x64)+AppleWebKit/537.36+(KHTML,+like+Gecko)+Chrome/58.0.3029.110+Safari/537.36 http://localhost:51722/Expense/AddTransactionToReport?ExpenseId=1781 200 0 0 4986
2017-06-16 16:07:31 ::1 GET /AjaxCall/GetProjectExpenseTypeList/ ProjectId=115&UserId=119 51722 - ::1 Mozilla/5.0+(Windows+NT+10.0;+Win64;+x64)+AppleWebKit/537.36+(KHTML,+like+Gecko)+Chrome/58.0.3029.110+Safari/537.36 http://localhost:51722/Expense/AddTransactionToReport?ExpenseId=1781 200 0 0 2648
2017-06-16 16:08:59 ::1 GET /Expense/GetViolationReasonsList/ ExpenseTypeId=72 51722 - ::1 Mozilla/5.0+(Windows+NT+10.0;+Win64;+x64)+AppleWebKit/537.36+(KHTML,+like+Gecko)+Chrome/58.0.3029.110+Safari/537.36 http://localhost:51722/Expense/AddTransactionToReport?ExpenseId=1781 200 0 0 2689
2017-06-16 16:08:59 ::1 GET /ExpenseDetail/GetExpenseTypePolicyAmount ExpenseTypeId=72 51722 - ::1 Mozilla/5.0+(Windows+NT+10.0;+Win64;+x64)+AppleWebKit/537.36+(KHTML,+like+Gecko)+Chrome/58.0.3029.110+Safari/537.36 http://localhost:51722/Expense/AddTransactionToReport?ExpenseId=1781 200 0 0 3091
2017-06-16 16:09:00 ::1 GET /Expense/GetReceiptViolationReasonsList/ ExpenseTypeId=72 51722 - ::1 Mozilla/5.0+(Windows+NT+10.0;+Win64;+x64)+AppleWebKit/537.36+(KHTML,+like+Gecko)+Chrome/58.0.3029.110+Safari/537.36 http://localhost:51722/Expense/AddTransactionToReport?ExpenseId=1781 200 0 0 3811
2017-06-16 16:09:02 ::1 GET /AjaxCall/FindAndApplyCodeCombinationRule/ ProjectId=115&ExpenseTypeId=72&ExpenseDate=16/06/2017 51722 - ::1 Mozilla/5.0+(Windows+NT+10.0;+Win64;+x64)+AppleWebKit/537.36+(KHTML,+like+Gecko)+Chrome/58.0.3029.110+Safari/537.36 http://localhost:51722/Expense/AddTransactionToReport?ExpenseId=1781 200 0 0 5838
2017-06-16 16:09:02 ::1 GET /AjaxCall/GetBusinessActivityList/ - 51722 - ::1 Mozilla/5.0+(Windows+NT+10.0;+Win64;+x64)+AppleWebKit/537.36+(KHTML,+like+Gecko)+Chrome/58.0.3029.110+Safari/537.36 http://localhost:51722/Expense/AddTransactionToReport?ExpenseId=1781 200 0 0 291
2017-06-16 16:09:02 ::1 GET /ExpenseDetail/GetCurrencyRate currencyId=82&transactionDate=16/06/2017 51722 - ::1 Mozilla/5.0+(Windows+NT+10.0;+Win64;+x64)+AppleWebKit/537.36+(KHTML,+like+Gecko)+Chrome/58.0.3029.110+Safari/537.36 http://localhost:51722/Expense/AddTransactionToReport?ExpenseId=1781 200 0 0 3414
2017-06-16 16:09:17 ::1 GET /PayMethod/GetPayMethodIsReimbursable MethodId=2 51722 - ::1 Mozilla/5.0+(Windows+NT+10.0;+Win64;+x64)+AppleWebKit/537.36+(KHTML,+like+Gecko)+Chrome/58.0.3029.110+Safari/537.36 http://localhost:51722/Expense/AddTransactionToReport?ExpenseId=1781 200 0 0 382
2017-06-16 16:09:24 ::1 POST /Expense/AddNewTransaction - 51722 - ::1 Mozilla/5.0+(Windows+NT+10.0;+Win64;+x64)+AppleWebKit/537.36+(KHTML,+like+Gecko)+Chrome/58.0.3029.110+Safari/537.36 http://localhost:51722/Expense/AddTransactionToReport?ExpenseId=1781 302 0 0 3309
2017-06-16 16:09:58 ::1 GET /Expense/AddTransactionToReport ExpenseId=1781 51722 - ::1 Mozilla/5.0+(Windows+NT+10.0;+Win64;+x64)+AppleWebKit/537.36+(KHTML,+like+Gecko)+Chrome/58.0.3029.110+Safari/537.36 http://localhost:51722/Expense/AddTransactionToReport?ExpenseId=1781 200 0 0 33245
2017-06-16 16:09:59 ::1 GET /__browserLink/requestData/76d200e579304a5d8bbab04afba28f38 version=2 51722 - ::1 Mozilla/5.0+(Windows+NT+10.0;+Win64;+x64)+AppleWebKit/537.36+(KHTML,+like+Gecko)+Chrome/58.0.3029.110+Safari/537.36 http://localhost:51722/Expense/AddTransactionToReport?ExpenseId=1781 200 0 0 138
2017-06-16 16:09:59 ::1 GET /Expense/GetTravelTypeHeaderMapping TravelTypeId=21 51722 - ::1 Mozilla/5.0+(Windows+NT+10.0;+Win64;+x64)+AppleWebKit/537.36+(KHTML,+like+Gecko)+Chrome/58.0.3029.110+Safari/537.36 http://localhost:51722/Expense/AddTransactionToReport?ExpenseId=1781 200 0 0 539
2017-06-16 16:09:59 ::1 GET /TravelType/IsSubTravelCashAdvanced TravelTypeId=21 51722 - ::1 Mozilla/5.0+(Windows+NT+10.0;+Win64;+x64)+AppleWebKit/537.36+(KHTML,+like+Gecko)+Chrome/58.0.3029.110+Safari/537.36 http://localhost:51722/Expense/AddTransactionToReport?ExpenseId=1781 200 0 0 1220
2017-06-16 16:10:13 ::1 GET /Expense/PrepareExpenseApprovalProgressBar/ ExpenseId=1781&UserId=119&_=1497629398695 51722 - ::1 Mozilla/5.0+(Windows+NT+10.0;+Win64;+x64)+AppleWebKit/537.36+(KHTML,+like+Gecko)+Chrome/58.0.3029.110+Safari/537.36 http://localhost:51722/Expense/AddTransactionToReport?ExpenseId=1781 200 0 0 14309
2017-06-16 16:10:58 ::1 POST /Expense/AddTransactionToReport/1781 - 51722 - ::1 Mozilla/5.0+(Windows+NT+10.0;+Win64;+x64)+AppleWebKit/537.36+(KHTML,+like+Gecko)+Chrome/58.0.3029.110+Safari/537.36 http://localhost:51722/Expense/AddTransactionToReport?ExpenseId=1781 200 0 0 40818
2017-06-16 16:10:58 ::1 GET /__browserLink/requestData/60f638c7f27840cfadb817dc173ae91d version=2 51722 - ::1 Mozilla/5.0+(Windows+NT+10.0;+Win64;+x64)+AppleWebKit/537.36+(KHTML,+like+Gecko)+Chrome/58.0.3029.110+Safari/537.36 http://localhost:51722/Expense/AddTransactionToReport/1781 200 0 0 61
2017-06-16 16:10:59 ::1 GET /TravelType/IsSubTravelCashAdvanced TravelTypeId=21 51722 - ::1 Mozilla/5.0+(Windows+NT+10.0;+Win64;+x64)+AppleWebKit/537.36+(KHTML,+like+Gecko)+Chrome/58.0.3029.110+Safari/537.36 http://localhost:51722/Expense/AddTransactionToReport/1781 200 0 0 682
2017-06-16 16:11:11 ::1 GET /Expense/PrepareExpenseApprovalProgressBar/ ExpenseId=1781&UserId=119&_=1497629459118 51722 - ::1 Mozilla/5.0+(Windows+NT+10.0;+Win64;+x64)+AppleWebKit/537.36+(KHTML,+like+Gecko)+Chrome/58.0.3029.110+Safari/537.36 http://localhost:51722/Expense/AddTransactionToReport/1781 200 0 0 12232
2017-06-16 16:11:11 ::1 GET /Expense/GetTravelTypeHeaderMapping TravelTypeId=21 51722 - ::1 Mozilla/5.0+(Windows+NT+10.0;+Win64;+x64)+AppleWebKit/537.36+(KHTML,+like+Gecko)+Chrome/58.0.3029.110+Safari/537.36 http://localhost:51722/Expense/AddTransactionToReport/1781 200 0 0 12713
2017-06-16 16:11:58 ::1 POST /Expense/AddTransactionToReport/1781 - 51722 - ::1 Mozilla/5.0+(Windows+NT+10.0;+Win64;+x64)+AppleWebKit/537.36+(KHTML,+like+Gecko)+Chrome/58.0.3029.110+Safari/537.36 http://localhost:51722/Expense/AddTransactionToReport/1781 302 0 0 17435
2017-06-16 16:12:19 ::1 GET /Expense/ViewMyExpense/1781 - 51722 - ::1 Mozilla/5.0+(Windows+NT+10.0;+Win64;+x64)+AppleWebKit/537.36+(KHTML,+like+Gecko)+Chrome/58.0.3029.110+Safari/537.36 http://localhost:51722/Expense/AddTransactionToReport/1781 200 0 0 21132
2017-06-16 16:12:19 ::1 GET /__browserLink/requestData/f17969314892457da28b50fbd31d30a1 version=2 51722 - ::1 Mozilla/5.0+(Windows+NT+10.0;+Win64;+x64)+AppleWebKit/537.36+(KHTML,+like+Gecko)+Chrome/58.0.3029.110+Safari/537.36 http://localhost:51722/Expense/ViewMyExpense/1781 200 0 0 60
2017-06-16 16:12:33 ::1 GET /Expense/PrepareExpenseApprovalProgressBar/ ExpenseId=1781&UserId=119&_=1497629539439 51722 - ::1 Mozilla/5.0+(Windows+NT+10.0;+Win64;+x64)+AppleWebKit/537.36+(KHTML,+like+Gecko)+Chrome/58.0.3029.110+Safari/537.36 http://localhost:51722/Expense/ViewMyExpense/1781 200 0 0 13963
2017-06-16 16:12:33 ::1 GET /Expense/GetTravelTypeHeaderMapping TravelTypeId=21 51722 - ::1 Mozilla/5.0+(Windows+NT+10.0;+Win64;+x64)+AppleWebKit/537.36+(KHTML,+like+Gecko)+Chrome/58.0.3029.110+Safari/537.36 http://localhost:51722/Expense/ViewMyExpense/1781 200 0 0 14473
2017-06-16 16:13:33 ::1 GET /User/LogOff - 51722 - ::1 Mozilla/5.0+(Windows+NT+10.0;+Win64;+x64)+AppleWebKit/537.36+(KHTML,+like+Gecko)+Chrome/58.0.3029.110+Safari/537.36 http://localhost:51722/Expense/ViewMyExpense/1781 302 0 0 61
2017-06-16 16:13:33 ::1 GET / - 51722 - ::1 Mozilla/5.0+(Windows+NT+10.0;+Win64;+x64)+AppleWebKit/537.36+(KHTML,+like+Gecko)+Chrome/58.0.3029.110+Safari/537.36 http://localhost:51722/Expense/ViewMyExpense/1781 302 0 0 54
2017-06-16 16:13:37 ::1 GET /User/LogOn - 51722 - ::1 Mozilla/5.0+(Windows+NT+10.0;+Win64;+x64)+AppleWebKit/537.36+(KHTML,+like+Gecko)+Chrome/58.0.3029.110+Safari/537.36 http://localhost:51722/Expense/ViewMyExpense/1781 200 0 0 3829
2017-06-16 16:13:37 ::1 GET /User/assets/pages/img/login/bg1.jpg - 51722 - ::1 Mozilla/5.0+(Windows+NT+10.0;+Win64;+x64)+AppleWebKit/537.36+(KHTML,+like+Gecko)+Chrome/58.0.3029.110+Safari/537.36 http://localhost:51722/User/LogOn 404 0 2 11
2017-06-16 16:14:05 ::1 POST /User/LogOn - 51722 - ::1 Mozilla/5.0+(Windows+NT+10.0;+Win64;+x64)+AppleWebKit/537.36+(KHTML,+like+Gecko)+Chrome/58.0.3029.110+Safari/537.36 http://localhost:51722/User/LogOn 302 0 0 22159
2017-06-16 16:14:05 ::1 GET / - 51722 - ::1 Mozilla/5.0+(Windows+NT+10.0;+Win64;+x64)+AppleWebKit/537.36+(KHTML,+like+Gecko)+Chrome/58.0.3029.110+Safari/537.36 http://localhost:51722/User/LogOn 302 0 0 57
2017-06-16 16:14:12 ::1 GET /Dashboard/ViewDashboard - 51722 - ::1 Mozilla/5.0+(Windows+NT+10.0;+Win64;+x64)+AppleWebKit/537.36+(KHTML,+like+Gecko)+Chrome/58.0.3029.110+Safari/537.36 http://localhost:51722/User/LogOn 200 0 0 6786
2017-06-16 16:14:12 ::1 GET /__browserLink/requestData/bdf401a87b164fb3ab3fc4459cba5023 version=2 51722 - ::1 Mozilla/5.0+(Windows+NT+10.0;+Win64;+x64)+AppleWebKit/537.36+(KHTML,+like+Gecko)+Chrome/58.0.3029.110+Safari/537.36 http://localhost:51722/Dashboard/ViewDashboard 200 0 0 57
2017-06-16 16:14:14 ::1 GET /Dashboard/getAjaxTab/1 sDate=null&eDate=null 51722 - ::1 Mozilla/5.0+(Windows+NT+10.0;+Win64;+x64)+AppleWebKit/537.36+(KHTML,+like+Gecko)+Chrome/58.0.3029.110+Safari/537.36 http://localhost:51722/Dashboard/ViewDashboard 200 0 0 2376
2017-06-16 16:14:14 ::1 GET /Scripts/v2/easy.pie.chart/jquery.easing.1.3.js _=1497629654865 51722 - ::1 Mozilla/5.0+(Windows+NT+10.0;+Win64;+x64)+AppleWebKit/537.36+(KHTML,+like+Gecko)+Chrome/58.0.3029.110+Safari/537.36 http://localhost:51722/Dashboard/ViewDashboard 200 0 0 44
2017-06-16 16:14:14 ::1 GET /Scripts/v2/easy.pie.chart/jquery.easypiechart.min.js _=1497629654914 51722 - ::1 Mozilla/5.0+(Windows+NT+10.0;+Win64;+x64)+AppleWebKit/537.36+(KHTML,+like+Gecko)+Chrome/58.0.3029.110+Safari/537.36 http://localhost:51722/Dashboard/ViewDashboard 200 0 0 16
2017-06-16 16:14:14 ::1 GET /Scripts/v2/morris.charts/morris.min.js _=1497629654936 51722 - ::1 Mozilla/5.0+(Windows+NT+10.0;+Win64;+x64)+AppleWebKit/537.36+(KHTML,+like+Gecko)+Chrome/58.0.3029.110+Safari/537.36 http://localhost:51722/Dashboard/ViewDashboard 200 0 0 12
2017-06-16 16:14:14 ::1 GET /Scripts/v2/morris.charts/raphael.min.js _=1497629654958 51722 - ::1 Mozilla/5.0+(Windows+NT+10.0;+Win64;+x64)+AppleWebKit/537.36+(KHTML,+like+Gecko)+Chrome/58.0.3029.110+Safari/537.36 http://localhost:51722/Dashboard/ViewDashboard 200 0 0 18
2017-06-16 16:14:21 ::1 GET /Dashboard/GetExpenseSubmissions/ sDate=null&eDate=null 51722 - ::1 Mozilla/5.0+(Windows+NT+10.0;+Win64;+x64)+AppleWebKit/537.36+(KHTML,+like+Gecko)+Chrome/58.0.3029.110+Safari/537.36 http://localhost:51722/Dashboard/ViewDashboard 200 0 0 6974
2017-06-16 16:14:30 ::1 GET /Dashboard/GetExpensePostings/ sDate=null&eDate=null 51722 - ::1 Mozilla/5.0+(Windows+NT+10.0;+Win64;+x64)+AppleWebKit/537.36+(KHTML,+like+Gecko)+Chrome/58.0.3029.110+Safari/537.36 http://localhost:51722/Dashboard/ViewDashboard 200 0 0 15601
2017-06-16 16:14:37 ::1 GET /Dashboard/GetExpenseApprovals/ sDate=null&eDate=null 51722 - ::1 Mozilla/5.0+(Windows+NT+10.0;+Win64;+x64)+AppleWebKit/537.36+(KHTML,+like+Gecko)+Chrome/58.0.3029.110+Safari/537.36 http://localhost:51722/Dashboard/ViewDashboard 200 0 0 22180
2017-06-16 16:14:45 ::1 GET /Dashboard/GetExpenseTypesAmount/ sDate=null&eDate=null 51722 - ::1 Mozilla/5.0+(Windows+NT+10.0;+Win64;+x64)+AppleWebKit/537.36+(KHTML,+like+Gecko)+Chrome/58.0.3029.110+Safari/537.36 http://localhost:51722/Dashboard/ViewDashboard 200 0 0 30616
2017-06-16 16:14:53 ::1 GET /Dashboard/GetPayMethodsAmount/ sDate=null&eDate=null 51722 - ::1 Mozilla/5.0+(Windows+NT+10.0;+Win64;+x64)+AppleWebKit/537.36+(KHTML,+like+Gecko)+Chrome/58.0.3029.110+Safari/537.36 http://localhost:51722/Dashboard/ViewDashboard 200 0 0 38943
2017-06-16 16:14:59 ::1 GET /settings - 51722 - ::1 Mozilla/5.0+(Windows+NT+10.0;+Win64;+x64)+AppleWebKit/537.36+(KHTML,+like+Gecko)+Chrome/58.0.3029.110+Safari/537.36 - 200 0 0 5884
2017-06-16 16:14:59 ::1 GET /__browserLink/requestData/dde124df9461442a80ce35aa1d239254 version=2 51722 - ::1 Mozilla/5.0+(Windows+NT+10.0;+Win64;+x64)+AppleWebKit/537.36+(KHTML,+like+Gecko)+Chrome/58.0.3029.110+Safari/537.36 http://localhost:51722/settings 200 0 0 258
2017-06-16 16:15:33 ::1 GET /settings page=1 51722 - ::1 Mozilla/5.0+(Windows+NT+10.0;+Win64;+x64)+AppleWebKit/537.36+(KHTML,+like+Gecko)+Chrome/58.0.3029.110+Safari/537.36 http://localhost:51722/settings 200 0 0 3600
2017-06-16 16:15:33 ::1 GET /__browserLink/requestData/915e3a4810364f8b9446d5840a94fe39 version=2 51722 - ::1 Mozilla/5.0+(Windows+NT+10.0;+Win64;+x64)+AppleWebKit/537.36+(KHTML,+like+Gecko)+Chrome/58.0.3029.110+Safari/537.36 http://localhost:51722/settings?page=1 200 0 0 74
2017-06-16 16:15:58 ::1 GET /settings page=2 51722 - ::1 Mozilla/5.0+(Windows+NT+10.0;+Win64;+x64)+AppleWebKit/537.36+(KHTML,+like+Gecko)+Chrome/58.0.3029.110+Safari/537.36 http://localhost:51722/settings?page=1 200 0 0 3646
2017-06-16 16:15:58 ::1 GET /__browserLink/requestData/05d03b2ccac34bde9888eb081b764e08 version=2 51722 - ::1 Mozilla/5.0+(Windows+NT+10.0;+Win64;+x64)+AppleWebKit/537.36+(KHTML,+like+Gecko)+Chrome/58.0.3029.110+Safari/537.36 http://localhost:51722/settings?page=2 200 0 0 50
2017-06-16 16:16:14 ::1 GET /settings page=0 51722 - ::1 Mozilla/5.0+(Windows+NT+10.0;+Win64;+x64)+AppleWebKit/537.36+(KHTML,+like+Gecko)+Chrome/58.0.3029.110+Safari/537.36 http://localhost:51722/settings?page=2 200 0 0 3722
2017-06-16 16:16:14 ::1 GET /__browserLink/requestData/35cc2866cec54cbb8119df4255c4d96d version=2 51722 - ::1 Mozilla/5.0+(Windows+NT+10.0;+Win64;+x64)+AppleWebKit/537.36+(KHTML,+like+Gecko)+Chrome/58.0.3029.110+Safari/537.36 http://localhost:51722/settings?page=0 200 0 0 172
2017-06-16 16:17:26 ::1 GET /settings/Edit/108 - 51722 - ::1 Mozilla/5.0+(Windows+NT+10.0;+Win64;+x64)+AppleWebKit/537.36+(KHTML,+like+Gecko)+Chrome/58.0.3029.110+Safari/537.36 http://localhost:51722/settings?page=0 200 0 0 3531
2017-06-16 16:17:26 ::1 GET /__browserLink/requestData/e0fdfd41e2fe43888fa4944e75bd8439 version=2 51722 - ::1 Mozilla/5.0+(Windows+NT+10.0;+Win64;+x64)+AppleWebKit/537.36+(KHTML,+like+Gecko)+Chrome/58.0.3029.110+Safari/537.36 http://localhost:51722/settings/Edit/108 200 0 0 41
2017-06-16 16:17:34 ::1 POST /settings/Edit/108 - 51722 - ::1 Mozilla/5.0+(Windows+NT+10.0;+Win64;+x64)+AppleWebKit/537.36+(KHTML,+like+Gecko)+Chrome/58.0.3029.110+Safari/537.36 http://localhost:51722/settings/Edit/108 302 0 0 1444
2017-06-16 16:17:38 ::1 GET /settings - 51722 - ::1 Mozilla/5.0+(Windows+NT+10.0;+Win64;+x64)+AppleWebKit/537.36+(KHTML,+like+Gecko)+Chrome/58.0.3029.110+Safari/537.36 http://localhost:51722/settings/Edit/108 200 0 0 3602
2017-06-16 16:17:38 ::1 GET /__browserLink/requestData/8b478f5d87d14f75bb008707c9afdd7e version=2 51722 - ::1 Mozilla/5.0+(Windows+NT+10.0;+Win64;+x64)+AppleWebKit/537.36+(KHTML,+like+Gecko)+Chrome/58.0.3029.110+Safari/537.36 http://localhost:51722/settings 200 0 0 84
2017-06-16 16:17:42 ::1 GET /User/LogOff - 51722 - ::1 Mozilla/5.0+(Windows+NT+10.0;+Win64;+x64)+AppleWebKit/537.36+(KHTML,+like+Gecko)+Chrome/58.0.3029.110+Safari/537.36 http://localhost:51722/settings 302 0 0 64
2017-06-16 16:17:42 ::1 GET / - 51722 - ::1 Mozilla/5.0+(Windows+NT+10.0;+Win64;+x64)+AppleWebKit/537.36+(KHTML,+like+Gecko)+Chrome/58.0.3029.110+Safari/537.36 http://localhost:51722/settings 302 0 0 61
2017-06-16 16:17:46 ::1 GET /User/LogOn - 51722 - ::1 Mozilla/5.0+(Windows+NT+10.0;+Win64;+x64)+AppleWebKit/537.36+(KHTML,+like+Gecko)+Chrome/58.0.3029.110+Safari/537.36 http://localhost:51722/settings 200 0 0 4253
2017-06-16 16:17:46 ::1 GET /User/assets/pages/img/login/bg1.jpg - 51722 - ::1 Mozilla/5.0+(Windows+NT+10.0;+Win64;+x64)+AppleWebKit/537.36+(KHTML,+like+Gecko)+Chrome/58.0.3029.110+Safari/537.36 http://localhost:51722/User/LogOn 404 0 2 7
2017-06-16 16:18:05 ::1 POST /User/LogOn - 51722 - ::1 Mozilla/5.0+(Windows+NT+10.0;+Win64;+x64)+AppleWebKit/537.36+(KHTML,+like+Gecko)+Chrome/58.0.3029.110+Safari/537.36 http://localhost:51722/User/LogOn 200 0 0 2664
2017-06-16 16:18:05 ::1 GET /User/assets/pages/img/login/bg1.jpg - 51722 - ::1 Mozilla/5.0+(Windows+NT+10.0;+Win64;+x64)+AppleWebKit/537.36+(KHTML,+like+Gecko)+Chrome/58.0.3029.110+Safari/537.36 http://localhost:51722/User/LogOn 404 0 2 1
2017-06-16 16:18:32 ::1 POST /User/LogOn - 51722 - ::1 Mozilla/5.0+(Windows+NT+10.0;+Win64;+x64)+AppleWebKit/537.36+(KHTML,+like+Gecko)+Chrome/58.0.3029.110+Safari/537.36 http://localhost:51722/User/LogOn 302 0 0 7828
2017-06-16 16:18:32 ::1 GET / - 51722 - ::1 Mozilla/5.0+(Windows+NT+10.0;+Win64;+x64)+AppleWebKit/537.36+(KHTML,+like+Gecko)+Chrome/58.0.3029.110+Safari/537.36 http://localhost:51722/User/LogOn 302 0 0 66
2017-06-16 16:18:39 ::1 GET /Dashboard/ViewDashboard - 51722 - ::1 Mozilla/5.0+(Windows+NT+10.0;+Win64;+x64)+AppleWebKit/537.36+(KHTML,+like+Gecko)+Chrome/58.0.3029.110+Safari/537.36 http://localhost:51722/User/LogOn 200 0 0 6767
2017-06-16 16:18:39 ::1 GET /__browserLink/requestData/a2e657fd435e409fa1b70e81fc0995f5 version=2 51722 - ::1 Mozilla/5.0+(Windows+NT+10.0;+Win64;+x64)+AppleWebKit/537.36+(KHTML,+like+Gecko)+Chrome/58.0.3029.110+Safari/537.36 http://localhost:51722/Dashboard/ViewDashboard 200 0 0 57
2017-06-16 16:18:42 ::1 GET /Dashboard/getAjaxTab/1 sDate=null&eDate=null 51722 - ::1 Mozilla/5.0+(Windows+NT+10.0;+Win64;+x64)+AppleWebKit/537.36+(KHTML,+like+Gecko)+Chrome/58.0.3029.110+Safari/537.36 http://localhost:51722/Dashboard/ViewDashboard 200 0 0 2357
2017-06-16 16:18:42 ::1 GET /Scripts/v2/easy.pie.chart/jquery.easing.1.3.js _=1497629922251 51722 - ::1 Mozilla/5.0+(Windows+NT+10.0;+Win64;+x64)+AppleWebKit/537.36+(KHTML,+like+Gecko)+Chrome/58.0.3029.110+Safari/537.36 http://localhost:51722/Dashboard/ViewDashboard 200 0 0 32
2017-06-16 16:18:42 ::1 GET /Scripts/v2/easy.pie.chart/jquery.easypiechart.min.js _=1497629922289 51722 - ::1 Mozilla/5.0+(Windows+NT+10.0;+Win64;+x64)+AppleWebKit/537.36+(KHTML,+like+Gecko)+Chrome/58.0.3029.110+Safari/537.36 http://localhost:51722/Dashboard/ViewDashboard 200 0 0 13
2017-06-16 16:18:42 ::1 GET /Scripts/v2/morris.charts/morris.min.js _=1497629922311 51722 - ::1 Mozilla/5.0+(Windows+NT+10.0;+Win64;+x64)+AppleWebKit/537.36+(KHTML,+like+Gecko)+Chrome/58.0.3029.110+Safari/537.36 http://localhost:51722/Dashboard/ViewDashboard 200 0 0 37
2017-06-16 16:18:42 ::1 GET /Scripts/v2/morris.charts/raphael.min.js _=1497629922358 51722 - ::1 Mozilla/5.0+(Windows+NT+10.0;+Win64;+x64)+AppleWebKit/537.36+(KHTML,+like+Gecko)+Chrome/58.0.3029.110+Safari/537.36 http://localhost:51722/Dashboard/ViewDashboard 200 0 0 17
2017-06-16 16:19:16 ::1 GET /User - 51722 - ::1 Mozilla/5.0+(Windows+NT+10.0;+Win64;+x64)+AppleWebKit/537.36+(KHTML,+like+Gecko)+Chrome/58.0.3029.110+Safari/537.36 http://localhost:51722/Dashboard/ViewDashboard 200 0 0 34414
2017-06-16 16:19:16 ::1 GET /__browserLink/requestData/d520220e5ae547ce95669861ff379c10 version=2 51722 - ::1 Mozilla/5.0+(Windows+NT+10.0;+Win64;+x64)+AppleWebKit/537.36+(KHTML,+like+Gecko)+Chrome/58.0.3029.110+Safari/537.36 http://localhost:51722/User 200 0 0 178
2017-06-16 16:19:25 ::1 GET /Dashboard/GetPayMethodsAmount/ sDate=null&eDate=null 51722 - ::1 Mozilla/5.0+(Windows+NT+10.0;+Win64;+x64)+AppleWebKit/537.36+(KHTML,+like+Gecko)+Chrome/58.0.3029.110+Safari/537.36 http://localhost:51722/Dashboard/ViewDashboard 200 0 64 43095
2017-06-16 16:19:32 ::1 GET /Dashboard/GetExpenseApprovals/ sDate=null&eDate=null 51722 - ::1 Mozilla/5.0+(Windows+NT+10.0;+Win64;+x64)+AppleWebKit/537.36+(KHTML,+like+Gecko)+Chrome/58.0.3029.110+Safari/537.36 http://localhost:51722/Dashboard/ViewDashboard 200 0 64 49888
2017-06-16 16:19:40 ::1 GET /Dashboard/GetExpensePostings/ sDate=null&eDate=null 51722 - ::1 Mozilla/5.0+(Windows+NT+10.0;+Win64;+x64)+AppleWebKit/537.36+(KHTML,+like+Gecko)+Chrome/58.0.3029.110+Safari/537.36 http://localhost:51722/Dashboard/ViewDashboard 200 0 64 57750
2017-06-16 16:20:13 ::1 POST /User - 51722 - ::1 Mozilla/5.0+(Windows+NT+10.0;+Win64;+x64)+AppleWebKit/537.36+(KHTML,+like+Gecko)+Chrome/58.0.3029.110+Safari/537.36 http://localhost:51722/User 200 0 0 47334
2017-06-16 16:20:13 ::1 GET /AjaxCall/GetBusinessUnitList/ CompanyId=0 51722 - ::1 Mozilla/5.0+(Windows+NT+10.0;+Win64;+x64)+AppleWebKit/537.36+(KHTML,+like+Gecko)+Chrome/58.0.3029.110+Safari/537.36 http://localhost:51722/User 200 0 64 57529
2017-06-16 16:20:13 ::1 GET /__browserLink/requestData/eca8d26b0dae4a1fbb25fc0f07ba9f70 version=2 51722 - ::1 Mozilla/5.0+(Windows+NT+10.0;+Win64;+x64)+AppleWebKit/537.36+(KHTML,+like+Gecko)+Chrome/58.0.3029.110+Safari/537.36 http://localhost:51722/User 200 0 0 45
2017-06-16 16:20:13 ::1 GET /AjaxCall/GetCompanyList/ - 51722 - ::1 Mozilla/5.0+(Windows+NT+10.0;+Win64;+x64)+AppleWebKit/537.36+(KHTML,+like+Gecko)+Chrome/58.0.3029.110+Safari/537.36 http://localhost:51722/User 200 0 64 57996
2017-06-16 16:20:23 ::1 GET /Dashboard/GetExpenseTypesAmount/ sDate=null&eDate=null 51722 - ::1 Mozilla/5.0+(Windows+NT+10.0;+Win64;+x64)+AppleWebKit/537.36+(KHTML,+like+Gecko)+Chrome/58.0.3029.110+Safari/537.36 http://localhost:51722/Dashboard/ViewDashboard 200 0 64 100694
2017-06-16 16:20:23 ::1 GET /AjaxCall/GetCompanyList/ - 51722 - ::1 Mozilla/5.0+(Windows+NT+10.0;+Win64;+x64)+AppleWebKit/537.36+(KHTML,+like+Gecko)+Chrome/58.0.3029.110+Safari/537.36 http://localhost:51722/User 200 0 0 9333
2017-06-16 16:20:23 ::1 GET /AjaxCall/GetBusinessUnitList/ CompanyId=0 51722 - ::1 Mozilla/5.0+(Windows+NT+10.0;+Win64;+x64)+AppleWebKit/537.36+(KHTML,+like+Gecko)+Chrome/58.0.3029.110+Safari/537.36 http://localhost:51722/User 200 0 0 9813
2017-06-16 16:20:24 ::1 GET /AjaxCall/GetBusinessUnitList/ CompanyId=0 51722 - ::1 Mozilla/5.0+(Windows+NT+10.0;+Win64;+x64)+AppleWebKit/537.36+(KHTML,+like+Gecko)+Chrome/58.0.3029.110+Safari/537.36 http://localhost:51722/User 200 0 0 265
2017-06-16 16:20:30 ::1 GET /Dashboard/GetExpenseSubmissions/ sDate=null&eDate=null 51722 - ::1 Mozilla/5.0+(Windows+NT+10.0;+Win64;+x64)+AppleWebKit/537.36+(KHTML,+like+Gecko)+Chrome/58.0.3029.110+Safari/537.36 http://localhost:51722/Dashboard/ViewDashboard 200 0 64 107969
2017-06-16 16:20:55 ::1 GET /User/LogOff - 51722 - ::1 Mozilla/5.0+(Windows+NT+10.0;+Win64;+x64)+AppleWebKit/537.36+(KHTML,+like+Gecko)+Chrome/58.0.3029.110+Safari/537.36 http://localhost:51722/User 302 0 0 65
2017-06-16 16:20:55 ::1 GET / - 51722 - ::1 Mozilla/5.0+(Windows+NT+10.0;+Win64;+x64)+AppleWebKit/537.36+(KHTML,+like+Gecko)+Chrome/58.0.3029.110+Safari/537.36 http://localhost:51722/User 302 0 0 79
2017-06-16 16:20:57 ::1 GET /User/LogOn - 51722 - ::1 Mozilla/5.0+(Windows+NT+10.0;+Win64;+x64)+AppleWebKit/537.36+(KHTML,+like+Gecko)+Chrome/58.0.3029.110+Safari/537.36 http://localhost:51722/User 200 0 0 2294
2017-06-16 16:20:57 ::1 GET /User/assets/pages/img/login/bg1.jpg - 51722 - ::1 Mozilla/5.0+(Windows+NT+10.0;+Win64;+x64)+AppleWebKit/537.36+(KHTML,+like+Gecko)+Chrome/58.0.3029.110+Safari/537.36 http://localhost:51722/User/LogOn 404 0 2 8
2017-06-16 16:21:07 ::1 POST /User/LogOn - 51722 - ::1 Mozilla/5.0+(Windows+NT+10.0;+Win64;+x64)+AppleWebKit/537.36+(KHTML,+like+Gecko)+Chrome/58.0.3029.110+Safari/537.36 http://localhost:51722/User/LogOn 302 0 0 7520
2017-06-16 16:21:35 ::1 GET / - 51722 - ::1 Mozilla/5.0+(Windows+NT+10.0;+Win64;+x64)+AppleWebKit/537.36+(KHTML,+like+Gecko)+Chrome/58.0.3029.110+Safari/537.36 http://localhost:51722/User/LogOn 200 0 0 27289
2017-06-16 16:21:35 ::1 GET /__browserLink/requestData/752446f6a4ad4350a6710123b065de58 version=2 51722 - ::1 Mozilla/5.0+(Windows+NT+10.0;+Win64;+x64)+AppleWebKit/537.36+(KHTML,+like+Gecko)+Chrome/58.0.3029.110+Safari/537.36 http://localhost:51722/ 200 0 0 147
2017-06-16 16:21:52 ::1 GET /Expense/Create - 51722 - ::1 Mozilla/5.0+(Windows+NT+10.0;+Win64;+x64)+AppleWebKit/537.36+(KHTML,+like+Gecko)+Chrome/58.0.3029.110+Safari/537.36 http://localhost:51722/ 200 0 0 4444
2017-06-16 16:21:52 ::1 GET /__browserLink/requestData/37d88fb07e8c415d9ff68709b2a6644c version=2 51722 - ::1 Mozilla/5.0+(Windows+NT+10.0;+Win64;+x64)+AppleWebKit/537.36+(KHTML,+like+Gecko)+Chrome/58.0.3029.110+Safari/537.36 http://localhost:51722/Expense/Create 200 0 0 54
2017-06-16 16:21:59 ::1 GET /TravelType/IsSubTravelCashAdvanced TravelTypeId=18 51722 - ::1 Mozilla/5.0+(Windows+NT+10.0;+Win64;+x64)+AppleWebKit/537.36+(KHTML,+like+Gecko)+Chrome/58.0.3029.110+Safari/537.36 http://localhost:51722/Expense/Create 200 0 0 551
2017-06-16 16:21:59 ::1 GET /Expense/GetTravelTypeHeaderMapping TravelTypeId=18 51722 - ::1 Mozilla/5.0+(Windows+NT+10.0;+Win64;+x64)+AppleWebKit/537.36+(KHTML,+like+Gecko)+Chrome/58.0.3029.110+Safari/537.36 http://localhost:51722/Expense/Create 200 0 0 857
2017-06-16 16:22:05 ::1 POST /Expense/Create - 51722 - ::1 Mozilla/5.0+(Windows+NT+10.0;+Win64;+x64)+AppleWebKit/537.36+(KHTML,+like+Gecko)+Chrome/58.0.3029.110+Safari/537.36 http://localhost:51722/Expense/Create 302 0 0 2879
2017-06-16 16:22:23 ::1 GET /Expense/AddTransactionToReport ExpenseId=1782 51722 - ::1 Mozilla/5.0+(Windows+NT+10.0;+Win64;+x64)+AppleWebKit/537.36+(KHTML,+like+Gecko)+Chrome/58.0.3029.110+Safari/537.36 http://localhost:51722/Expense/Create 200 0 0 17568
2017-06-16 16:22:23 ::1 GET /__browserLink/requestData/d90f7a9f8b694a0ea50b0fa928b59892 version=2 51722 - ::1 Mozilla/5.0+(Windows+NT+10.0;+Win64;+x64)+AppleWebKit/537.36+(KHTML,+like+Gecko)+Chrome/58.0.3029.110+Safari/537.36 http://localhost:51722/Expense/AddTransactionToReport?ExpenseId=1782 200 0 0 167
2017-06-16 16:22:23 ::1 GET /Expense/GetTravelTypeHeaderMapping TravelTypeId=18 51722 - ::1 Mozilla/5.0+(Windows+NT+10.0;+Win64;+x64)+AppleWebKit/537.36+(KHTML,+like+Gecko)+Chrome/58.0.3029.110+Safari/537.36 http://localhost:51722/Expense/AddTransactionToReport?ExpenseId=1782 200 0 0 541
2017-06-16 16:22:25 ::1 GET /TravelType/IsSubTravelCashAdvanced TravelTypeId=18 51722 - ::1 Mozilla/5.0+(Windows+NT+10.0;+Win64;+x64)+AppleWebKit/537.36+(KHTML,+like+Gecko)+Chrome/58.0.3029.110+Safari/537.36 http://localhost:51722/Expense/AddTransactionToReport?ExpenseId=1782 200 0 0 1239
2017-06-16 16:22:33 ::1 GET /Expense/PrepareExpenseApprovalProgressBar/ ExpenseId=1782&UserId=119&_=1497630143815 51722 - ::1 Mozilla/5.0+(Windows+NT+10.0;+Win64;+x64)+AppleWebKit/537.36+(KHTML,+like+Gecko)+Chrome/58.0.3029.110+Safari/537.36 http://localhost:51722/Expense/AddTransactionToReport?ExpenseId=1782 200 0 0 9698
2017-06-16 16:22:47 ::1 GET /Expense/AddNewTransaction ExpenseId=1782 51722 - ::1 Mozilla/5.0+(Windows+NT+10.0;+Win64;+x64)+AppleWebKit/537.36+(KHTML,+like+Gecko)+Chrome/58.0.3029.110+Safari/537.36 http://localhost:51722/Expense/AddTransactionToReport?ExpenseId=1782 200 0 0 9530
2017-06-16 16:22:47 ::1 GET /ExpenseDetail/GetVendorNamesJson UserId119&_=1497630167150 51722 - ::1 Mozilla/5.0+(Windows+NT+10.0;+Win64;+x64)+AppleWebKit/537.36+(KHTML,+like+Gecko)+Chrome/58.0.3029.110+Safari/537.36 http://localhost:51722/Expense/AddTransactionToReport?ExpenseId=1782 200 0 0 335
2017-06-16 16:23:33 ::1 POST /Expense/AddNewTransaction - 51722 - ::1 Mozilla/5.0+(Windows+NT+10.0;+Win64;+x64)+AppleWebKit/537.36+(KHTML,+like+Gecko)+Chrome/58.0.3029.110+Safari/537.36 http://localhost:51722/Expense/AddTransactionToReport?ExpenseId=1782 302 0 0 3087
2017-06-16 16:23:57 ::1 GET /Expense/AddTransactionToReport ExpenseId=1782 51722 - ::1 Mozilla/5.0+(Windows+NT+10.0;+Win64;+x64)+AppleWebKit/537.36+(KHTML,+like+Gecko)+Chrome/58.0.3029.110+Safari/537.36 http://localhost:51722/Expense/AddTransactionToReport?ExpenseId=1782 200 0 0 23794
2017-06-16 16:23:57 ::1 GET /__browserLink/requestData/5ecba2398fdd42048e108780cb6330f2 version=2 51722 - ::1 Mozilla/5.0+(Windows+NT+10.0;+Win64;+x64)+AppleWebKit/537.36+(KHTML,+like+Gecko)+Chrome/58.0.3029.110+Safari/537.36 http://localhost:51722/Expense/AddTransactionToReport?ExpenseId=1782 200 0 0 57
2017-06-16 16:24:06 ::1 GET /Expense/PrepareExpenseApprovalProgressBar/ ExpenseId=1782&UserId=119&_=1497630237864 51722 - ::1 Mozilla/5.0+(Windows+NT+10.0;+Win64;+x64)+AppleWebKit/537.36+(KHTML,+like+Gecko)+Chrome/58.0.3029.110+Safari/537.36 http://localhost:51722/Expense/AddTransactionToReport?ExpenseId=1782 200 0 0 8405
2017-06-16 16:24:39 ::1 POST /Expense/AddTransactionToReport/1782 - 51722 - ::1 Mozilla/5.0+(Windows+NT+10.0;+Win64;+x64)+AppleWebKit/537.36+(KHTML,+like+Gecko)+Chrome/58.0.3029.110+Safari/537.36 http://localhost:51722/Expense/AddTransactionToReport?ExpenseId=1782 200 0 0 39313
2017-06-16 16:24:39 ::1 GET /__browserLink/requestData/557c34364a124fcd85985c150a04e3f4 version=2 51722 - ::1 Mozilla/5.0+(Windows+NT+10.0;+Win64;+x64)+AppleWebKit/537.36+(KHTML,+like+Gecko)+Chrome/58.0.3029.110+Safari/537.36 http://localhost:51722/Expense/AddTransactionToReport/1782 200 0 0 65
2017-06-16 16:24:39 ::1 GET /Expense/GetTravelTypeHeaderMapping TravelTypeId=18 51722 - ::1 Mozilla/5.0+(Windows+NT+10.0;+Win64;+x64)+AppleWebKit/537.36+(KHTML,+like+Gecko)+Chrome/58.0.3029.110+Safari/537.36 http://localhost:51722/Expense/AddTransactionToReport?ExpenseId=1782 200 0 64 42712
2017-06-16 16:24:41 ::1 GET /TravelType/IsSubTravelCashAdvanced TravelTypeId=18 51722 - ::1 Mozilla/5.0+(Windows+NT+10.0;+Win64;+x64)+AppleWebKit/537.36+(KHTML,+like+Gecko)+Chrome/58.0.3029.110+Safari/537.36 http://localhost:51722/Expense/AddTransactionToReport?ExpenseId=1782 200 0 64 43335
2017-06-16 16:24:56 ::1 GET /Expense/PrepareExpenseApprovalProgressBar/ ExpenseId=1782&UserId=119&_=1497630280137 51722 - ::1 Mozilla/5.0+(Windows+NT+10.0;+Win64;+x64)+AppleWebKit/537.36+(KHTML,+like+Gecko)+Chrome/58.0.3029.110+Safari/537.36 http://localhost:51722/Expense/AddTransactionToReport/1782 200 0 0 16268
2017-06-16 16:24:56 ::1 GET /TravelType/IsSubTravelCashAdvanced TravelTypeId=18 51722 - ::1 Mozilla/5.0+(Windows+NT+10.0;+Win64;+x64)+AppleWebKit/537.36+(KHTML,+like+Gecko)+Chrome/58.0.3029.110+Safari/537.36 http://localhost:51722/Expense/AddTransactionToReport/1782 200 0 0 16993
2017-06-16 16:34:11 ::1 POST /Expense/AddTransactionToReport/1782 - 51722 - ::1 Mozilla/5.0+(Windows+NT+10.0;+Win64;+x64)+AppleWebKit/537.36+(KHTML,+like+Gecko)+Chrome/58.0.3029.110+Safari/537.36 http://localhost:51722/Expense/AddTransactionToReport/1782 302 0 0 568044
2017-06-16 16:34:12 ::1 GET /Expense/GetTravelTypeHeaderMapping TravelTypeId=18 51722 - ::1 Mozilla/5.0+(Windows+NT+10.0;+Win64;+x64)+AppleWebKit/537.36+(KHTML,+like+Gecko)+Chrome/58.0.3029.110+Safari/537.36 http://localhost:51722/Expense/AddTransactionToReport/1782 200 0 0 572180
2017-06-16 16:34:44 ::1 GET /Expense/ViewMyExpense/1782 - 51722 - ::1 Mozilla/5.0+(Windows+NT+10.0;+Win64;+x64)+AppleWebKit/537.36+(KHTML,+like+Gecko)+Chrome/58.0.3029.110+Safari/537.36 http://localhost:51722/Expense/AddTransactionToReport/1782 200 0 0 33205
2017-06-16 16:34:46 ::1 GET /Expense/GetTravelTypeHeaderMapping TravelTypeId=18 51722 - ::1 Mozilla/5.0+(Windows+NT+10.0;+Win64;+x64)+AppleWebKit/537.36+(KHTML,+like+Gecko)+Chrome/58.0.3029.110+Safari/537.36 http://localhost:51722/Expense/ViewMyExpense/1782 200 0 0 388
2017-06-16 16:34:46 ::1 GET /__browserLink/requestData/d6e1fae9e7544cc18c90e8c14ca72819 version=2 51722 - ::1 Mozilla/5.0+(Windows+NT+10.0;+Win64;+x64)+AppleWebKit/537.36+(KHTML,+like+Gecko)+Chrome/58.0.3029.110+Safari/537.36 http://localhost:51722/Expense/ViewMyExpense/1782 200 0 0 83
2017-06-16 16:34:59 ::1 GET /Expense/PrepareExpenseApprovalProgressBar/ ExpenseId=1782&UserId=119&_=1497630886444 51722 - ::1 Mozilla/5.0+(Windows+NT+10.0;+Win64;+x64)+AppleWebKit/537.36+(KHTML,+like+Gecko)+Chrome/58.0.3029.110+Safari/537.36 http://localhost:51722/Expense/ViewMyExpense/1782 200 0 0 12779
2017-06-16 16:38:46 ::1 GET / - 51722 - ::1 Mozilla/5.0+(Windows+NT+10.0;+Win64;+x64)+AppleWebKit/537.36+(KHTML,+like+Gecko)+Chrome/58.0.3029.110+Safari/537.36 http://localhost:51722/Expense/ViewMyExpense/1782 200 0 0 26999
2017-06-16 16:38:46 ::1 GET /__browserLink/requestData/d85aae0c74534d3a85194dd723c3f30f version=2 51722 - ::1 Mozilla/5.0+(Windows+NT+10.0;+Win64;+x64)+AppleWebKit/537.36+(KHTML,+like+Gecko)+Chrome/58.0.3029.110+Safari/537.36 http://localhost:51722/ 200 0 0 70
2017-06-16 16:38:51 ::1 GET /QueryExpense/MyQueryExpense requestAction=OnclickOfTiles 51722 - ::1 Mozilla/5.0+(Windows+NT+10.0;+Win64;+x64)+AppleWebKit/537.36+(KHTML,+like+Gecko)+Chrome/58.0.3029.110+Safari/537.36 http://localhost:51722/ 302 0 0 169
2017-06-16 16:39:27 ::1 GET /QueryExpense/ShortcutTilesMyQueryExpense page=0&formcollection=System.Web.Mvc.FormCollection 51722 - ::1 Mozilla/5.0+(Windows+NT+10.0;+Win64;+x64)+AppleWebKit/537.36+(KHTML,+like+Gecko)+Chrome/58.0.3029.110+Safari/537.36 http://localhost:51722/ 200 0 0 35898
2017-06-16 16:39:27 ::1 GET /ExpenseDetail/GetCultureDateFormat - 51722 - ::1 Mozilla/5.0+(Windows+NT+10.0;+Win64;+x64)+AppleWebKit/537.36+(KHTML,+like+Gecko)+Chrome/58.0.3029.110+Safari/537.36 http://localhost:51722/QueryExpense/ShortcutTilesMyQueryExpense?page=0&formcollection=System.Web.Mvc.FormCollection 200 0 0 98
2017-06-16 16:39:29 ::1 GET /QueryExpense/GetProjectListForLineLevelReports/ UserId=119&currentAction=ShortcutTilesMyQueryExpense 51722 - ::1 Mozilla/5.0+(Windows+NT+10.0;+Win64;+x64)+AppleWebKit/537.36+(KHTML,+like+Gecko)+Chrome/58.0.3029.110+Safari/537.36 http://localhost:51722/QueryExpense/ShortcutTilesMyQueryExpense?page=0&formcollection=System.Web.Mvc.FormCollection 200 0 0 2080
2017-06-16 16:39:29 ::1 GET /__browserLink/requestData/b444823a1cd14816ba3a9ff73aa25749 version=2 51722 - ::1 Mozilla/5.0+(Windows+NT+10.0;+Win64;+x64)+AppleWebKit/537.36+(KHTML,+like+Gecko)+Chrome/58.0.3029.110+Safari/537.36 http://localhost:51722/QueryExpense/ShortcutTilesMyQueryExpense?page=0&formcollection=System.Web.Mvc.FormCollection 200 0 0 47
2017-06-16 16:40:33 ::1 GET /Expense - 51722 - ::1 Mozilla/5.0+(Windows+NT+10.0;+Win64;+x64)+AppleWebKit/537.36+(KHTML,+like+Gecko)+Chrome/58.0.3029.110+Safari/537.36 http://localhost:51722/QueryExpense/ShortcutTilesMyQueryExpense?page=0&formcollection=System.Web.Mvc.FormCollection 200 0 0 44684
2017-06-16 16:40:33 ::1 GET /__browserLink/requestData/22403828b1764b58b03734cf0b000aee version=2 51722 - ::1 Mozilla/5.0+(Windows+NT+10.0;+Win64;+x64)+AppleWebKit/537.36+(KHTML,+like+Gecko)+Chrome/58.0.3029.110+Safari/537.36 http://localhost:51722/Expense 200 0 0 50
2017-06-16 16:41:44 ::1 GET /Expense/ReviewExpense ExpenseId=1781 51722 - ::1 Mozilla/5.0+(Windows+NT+10.0;+Win64;+x64)+AppleWebKit/537.36+(KHTML,+like+Gecko)+Chrome/58.0.3029.110+Safari/537.36 http://localhost:51722/Expense 200 0 0 40174
2017-06-16 16:41:44 ::1 GET /__browserLink/requestData/62d9cfbdabc5434783ac429518e912c5 version=2 51722 - ::1 Mozilla/5.0+(Windows+NT+10.0;+Win64;+x64)+AppleWebKit/537.36+(KHTML,+like+Gecko)+Chrome/58.0.3029.110+Safari/537.36 http://localhost:51722/Expense/ReviewExpense?ExpenseId=1781 200 0 0 61
2017-06-16 16:41:55 ::1 GET /Expense/PrepareExpenseApprovalProgressBar/ ExpenseId=1781&UserId=119&_=1497631304959 51722 - ::1 Mozilla/5.0+(Windows+NT+10.0;+Win64;+x64)+AppleWebKit/537.36+(KHTML,+like+Gecko)+Chrome/58.0.3029.110+Safari/537.36 http://localhost:51722/Expense/ReviewExpense?ExpenseId=1781 200 0 0 10631
2017-06-16 16:43:20 ::1 POST /Expense/ReviewExpense - 51722 - ::1 Mozilla/5.0+(Windows+NT+10.0;+Win64;+x64)+AppleWebKit/537.36+(KHTML,+like+Gecko)+Chrome/58.0.3029.110+Safari/537.36 http://localhost:51722/Expense/ReviewExpense?ExpenseId=1781 302 0 0 82271
#Software: Microsoft Internet Information Services 8.0
#Version: 1.0
#Date: 2017-06-16 16:57:15
#Fields: date time s-ip cs-method cs-uri-stem cs-uri-query s-port cs-username c-ip cs(User-Agent) cs(Referer) sc-status sc-substatus sc-win32-status time-taken
2017-06-16 16:57:15 ::1 GET / - 51722 - ::1 Mozilla/5.0+(Windows+NT+10.0;+Win64;+x64)+AppleWebKit/537.36+(KHTML,+like+Gecko)+Chrome/58.0.3029.110+Safari/537.36 - 302 0 0 18600
2017-06-16 16:57:28 ::1 GET /User/LogOn - 51722 - ::1 Mozilla/5.0+(Windows+NT+10.0;+Win64;+x64)+AppleWebKit/537.36+(KHTML,+like+Gecko)+Chrome/58.0.3029.110+Safari/537.36 - 200 0 0 13038
2017-06-16 16:57:28 ::1 GET /User/assets/pages/img/login/bg1.jpg - 51722 - ::1 Mozilla/5.0+(Windows+NT+10.0;+Win64;+x64)+AppleWebKit/537.36+(KHTML,+like+Gecko)+Chrome/58.0.3029.110+Safari/537.36 http://localhost:51722/User/LogOn 404 0 2 39
2017-06-16 16:58:00 ::1 POST /User/LogOn - 51722 - ::1 Mozilla/5.0+(Windows+NT+10.0;+Win64;+x64)+AppleWebKit/537.36+(KHTML,+like+Gecko)+Chrome/58.0.3029.110+Safari/537.36 http://localhost:51722/User/LogOn 302 0 0 23003
2017-06-16 16:58:44 ::1 GET / - 51722 - ::1 Mozilla/5.0+(Windows+NT+10.0;+Win64;+x64)+AppleWebKit/537.36+(KHTML,+like+Gecko)+Chrome/58.0.3029.110+Safari/537.36 http://localhost:51722/User/LogOn 200 0 0 43430
2017-06-16 16:58:45 ::1 GET /__browserLink/requestData/ee1ebd380cf64b279c820fbba3ff05f8 version=2 51722 - ::1 Mozilla/5.0+(Windows+NT+10.0;+Win64;+x64)+AppleWebKit/537.36+(KHTML,+like+Gecko)+Chrome/58.0.3029.110+Safari/537.36 http://localhost:51722/ 200 0 0 129
2017-06-16 16:59:10 ::1 GET /Expense/Create - 51722 - ::1 Mozilla/5.0+(Windows+NT+10.0;+Win64;+x64)+AppleWebKit/537.36+(KHTML,+like+Gecko)+Chrome/58.0.3029.110+Safari/537.36 http://localhost:51722/ 200 0 0 10095
2017-06-16 16:59:10 ::1 GET /__browserLink/requestData/92ab4929f94446e6b41cace4e12509f4 version=2 51722 - ::1 Mozilla/5.0+(Windows+NT+10.0;+Win64;+x64)+AppleWebKit/537.36+(KHTML,+like+Gecko)+Chrome/58.0.3029.110+Safari/537.36 http://localhost:51722/Expense/Create 200 0 0 61
2017-06-16 16:59:17 ::1 GET /TravelType/IsSubTravelCashAdvanced TravelTypeId=18 51722 - ::1 Mozilla/5.0+(Windows+NT+10.0;+Win64;+x64)+AppleWebKit/537.36+(KHTML,+like+Gecko)+Chrome/58.0.3029.110+Safari/537.36 http://localhost:51722/Expense/Create 200 0 0 558
2017-06-16 16:59:17 ::1 GET /Expense/GetTravelTypeHeaderMapping TravelTypeId=18 51722 - ::1 Mozilla/5.0+(Windows+NT+10.0;+Win64;+x64)+AppleWebKit/537.36+(KHTML,+like+Gecko)+Chrome/58.0.3029.110+Safari/537.36 http://localhost:51722/Expense/Create 200 0 0 829
2017-06-16 16:59:23 ::1 POST /Expense/Create - 51722 - ::1 Mozilla/5.0+(Windows+NT+10.0;+Win64;+x64)+AppleWebKit/537.36+(KHTML,+like+Gecko)+Chrome/58.0.3029.110+Safari/537.36 http://localhost:51722/Expense/Create 302 0 0 3059
2017-06-16 17:00:06 ::1 GET /Expense/AddTransactionToReport ExpenseId=1783 51722 - ::1 Mozilla/5.0+(Windows+NT+10.0;+Win64;+x64)+AppleWebKit/537.36+(KHTML,+like+Gecko)+Chrome/58.0.3029.110+Safari/537.36 http://localhost:51722/Expense/Create 200 0 0 43214
2017-06-16 17:00:06 ::1 GET /__browserLink/requestData/f627e35ae6ba4e909f214b20a4a86e16 version=2 51722 - ::1 Mozilla/5.0+(Windows+NT+10.0;+Win64;+x64)+AppleWebKit/537.36+(KHTML,+like+Gecko)+Chrome/58.0.3029.110+Safari/537.36 http://localhost:51722/Expense/AddTransactionToReport?ExpenseId=1783 200 0 0 123
2017-06-16 17:00:08 ::1 GET /TravelType/IsSubTravelCashAdvanced TravelTypeId=18 51722 - ::1 Mozilla/5.0+(Windows+NT+10.0;+Win64;+x64)+AppleWebKit/537.36+(KHTML,+like+Gecko)+Chrome/58.0.3029.110+Safari/537.36 http://localhost:51722/Expense/AddTransactionToReport?ExpenseId=1783 200 0 0 749
2017-06-16 17:00:19 ::1 GET /Expense/PrepareExpenseApprovalProgressBar/ ExpenseId=1783&UserId=119&_=1497632407309 51722 - ::1 Mozilla/5.0+(Windows+NT+10.0;+Win64;+x64)+AppleWebKit/537.36+(KHTML,+like+Gecko)+Chrome/58.0.3029.110+Safari/537.36 http://localhost:51722/Expense/AddTransactionToReport?ExpenseId=1783 200 0 0 11890
2017-06-16 17:00:19 ::1 GET /Expense/GetTravelTypeHeaderMapping TravelTypeId=18 51722 - ::1 Mozilla/5.0+(Windows+NT+10.0;+Win64;+x64)+AppleWebKit/537.36+(KHTML,+like+Gecko)+Chrome/58.0.3029.110+Safari/537.36 http://localhost:51722/Expense/AddTransactionToReport?ExpenseId=1783 200 0 0 12332
2017-06-16 17:00:46 ::1 GET /Expense/AddNewTransaction ExpenseId=1783 51722 - ::1 Mozilla/5.0+(Windows+NT+10.0;+Win64;+x64)+AppleWebKit/537.36+(KHTML,+like+Gecko)+Chrome/58.0.3029.110+Safari/537.36 http://localhost:51722/Expense/AddTransactionToReport?ExpenseId=1783 200 0 0 19444
2017-06-16 17:00:46 ::1 GET /PayMethod/GetPayMethodIsReimbursable MethodId=0 51722 - ::1 Mozilla/5.0+(Windows+NT+10.0;+Win64;+x64)+AppleWebKit/537.36+(KHTML,+like+Gecko)+Chrome/58.0.3029.110+Safari/537.36 http://localhost:51722/Expense/AddTransactionToReport?ExpenseId=1783 200 0 0 82
2017-06-16 17:00:46 ::1 GET /AjaxCall/GetCompanyList/ - 51722 - ::1 Mozilla/5.0+(Windows+NT+10.0;+Win64;+x64)+AppleWebKit/537.36+(KHTML,+like+Gecko)+Chrome/58.0.3029.110+Safari/537.36 http://localhost:51722/Expense/AddTransactionToReport?ExpenseId=1783 200 0 0 835
2017-06-16 17:00:47 ::1 GET /AjaxCall/GetBusinessUnitList/ CompanyId=11 51722 - ::1 Mozilla/5.0+(Windows+NT+10.0;+Win64;+x64)+AppleWebKit/537.36+(KHTML,+like+Gecko)+Chrome/58.0.3029.110+Safari/537.36 http://localhost:51722/Expense/AddTransactionToReport?ExpenseId=1783 200 0 0 452
2017-06-16 17:00:50 ::1 GET /AjaxCall/GetCostCenterList/ CompanyId=11&BusinessUnitId=34 51722 - ::1 Mozilla/5.0+(Windows+NT+10.0;+Win64;+x64)+AppleWebKit/537.36+(KHTML,+like+Gecko)+Chrome/58.0.3029.110+Safari/537.36 http://localhost:51722/Expense/AddTransactionToReport?ExpenseId=1783 200 0 0 2327
2017-06-16 17:00:51 ::1 GET /AjaxCall/GetCustomerList/ UserId=119 51722 - ::1 Mozilla/5.0+(Windows+NT+10.0;+Win64;+x64)+AppleWebKit/537.36+(KHTML,+like+Gecko)+Chrome/58.0.3029.110+Safari/537.36 http://localhost:51722/Expense/AddTransactionToReport?ExpenseId=1783 200 0 0 1397
2017-06-16 17:00:51 ::1 GET /AjaxCall/GetBusinessActivityList/ ProjectId=115 51722 - ::1 Mozilla/5.0+(Windows+NT+10.0;+Win64;+x64)+AppleWebKit/537.36+(KHTML,+like+Gecko)+Chrome/58.0.3029.110+Safari/537.36 http://localhost:51722/Expense/AddTransactionToReport?ExpenseId=1783 200 0 0 2176
2017-06-16 17:00:52 ::1 GET /AjaxCall/GetBillingCodeList/ - 51722 - ::1 Mozilla/5.0+(Windows+NT+10.0;+Win64;+x64)+AppleWebKit/537.36+(KHTML,+like+Gecko)+Chrome/58.0.3029.110+Safari/537.36 http://localhost:51722/Expense/AddTransactionToReport?ExpenseId=1783 200 0 0 2441
2017-06-16 17:00:52 ::1 GET /AjaxCall/GetStaffMemberList - 51722 - ::1 Mozilla/5.0+(Windows+NT+10.0;+Win64;+x64)+AppleWebKit/537.36+(KHTML,+like+Gecko)+Chrome/58.0.3029.110+Safari/537.36 http://localhost:51722/Expense/AddTransactionToReport?ExpenseId=1783 200 0 0 861
2017-06-16 17:01:40 ::1 GET /User/GetEmployees - 51722 - ::1 Mozilla/5.0+(Windows+NT+10.0;+Win64;+x64)+AppleWebKit/537.36+(KHTML,+like+Gecko)+Chrome/58.0.3029.110+Safari/537.36 http://localhost:51722/Expense/AddTransactionToReport?ExpenseId=1783 200 0 0 47063
2017-06-16 17:01:40 ::1 GET /ExpenseDetail/GetVendorNamesJson UserId119&_=1497632500475 51722 - ::1 Mozilla/5.0+(Windows+NT+10.0;+Win64;+x64)+AppleWebKit/537.36+(KHTML,+like+Gecko)+Chrome/58.0.3029.110+Safari/537.36 http://localhost:51722/Expense/AddTransactionToReport?ExpenseId=1783 200 0 0 453
2017-06-16 17:01:42 ::1 GET /AjaxCall/GetProjectList/ CustomerId=0&UserId=119&ExpenseDate=6/16/2017 51722 - ::1 Mozilla/5.0+(Windows+NT+10.0;+Win64;+x64)+AppleWebKit/537.36+(KHTML,+like+Gecko)+Chrome/58.0.3029.110+Safari/537.36 http://localhost:51722/Expense/AddTransactionToReport?ExpenseId=1783 200 0 0 2110
2017-06-16 17:01:42 ::1 GET /AjaxCall/GetReferenceList/ - 51722 - ::1 Mozilla/5.0+(Windows+NT+10.0;+Win64;+x64)+AppleWebKit/537.36+(KHTML,+like+Gecko)+Chrome/58.0.3029.110+Safari/537.36 http://localhost:51722/Expense/AddTransactionToReport?ExpenseId=1783 200 0 0 50654
2017-06-16 17:01:43 ::1 GET /AjaxCall/GetProjectExpenseTypeList/ ProjectId=115&UserId=119 51722 - ::1 Mozilla/5.0+(Windows+NT+10.0;+Win64;+x64)+AppleWebKit/537.36+(KHTML,+like+Gecko)+Chrome/58.0.3029.110+Safari/537.36 http://localhost:51722/Expense/AddTransactionToReport?ExpenseId=1783 200 0 0 1144
2017-06-16 17:01:43 ::1 GET /AjaxCall/GetProjectTaskList/ ProjectId=115&ExpenseDate=6/16/2017&TaskType=Expense 51722 - ::1 Mozilla/5.0+(Windows+NT+10.0;+Win64;+x64)+AppleWebKit/537.36+(KHTML,+like+Gecko)+Chrome/58.0.3029.110+Safari/537.36 http://localhost:51722/Expense/AddTransactionToReport?ExpenseId=1783 200 0 0 1903
2017-06-16 17:01:44 ::1 GET /AjaxCall/GetApproverList/ ProjectId=115 51722 - ::1 Mozilla/5.0+(Windows+NT+10.0;+Win64;+x64)+AppleWebKit/537.36+(KHTML,+like+Gecko)+Chrome/58.0.3029.110+Safari/537.36 http://localhost:51722/Expense/AddTransactionToReport?ExpenseId=1783 200 0 0 296
2017-06-16 17:01:49 ::1 GET /Expense/GetReceiptViolationReasonsList/ ExpenseTypeId=72 51722 - ::1 Mozilla/5.0+(Windows+NT+10.0;+Win64;+x64)+AppleWebKit/537.36+(KHTML,+like+Gecko)+Chrome/58.0.3029.110+Safari/537.36 http://localhost:51722/Expense/AddTransactionToReport?ExpenseId=1783 200 0 0 886
2017-06-16 17:01:50 ::1 GET /AjaxCall/FindAndApplyCodeCombinationRule/ ProjectId=115&ExpenseTypeId=72&ExpenseDate=16/06/2017 51722 - ::1 Mozilla/5.0+(Windows+NT+10.0;+Win64;+x64)+AppleWebKit/537.36+(KHTML,+like+Gecko)+Chrome/58.0.3029.110+Safari/537.36 http://localhost:51722/Expense/AddTransactionToReport?ExpenseId=1783 200 0 0 2704
2017-06-16 17:01:50 ::1 GET /AjaxCall/GetBusinessActivityList/ - 51722 - ::1 Mozilla/5.0+(Windows+NT+10.0;+Win64;+x64)+AppleWebKit/537.36+(KHTML,+like+Gecko)+Chrome/58.0.3029.110+Safari/537.36 http://localhost:51722/Expense/AddTransactionToReport?ExpenseId=1783 200 0 0 348
2017-06-16 17:01:50 ::1 GET /ExpenseDetail/GetExpenseTypePolicyAmount ExpenseTypeId=72 51722 - ::1 Mozilla/5.0+(Windows+NT+10.0;+Win64;+x64)+AppleWebKit/537.36+(KHTML,+like+Gecko)+Chrome/58.0.3029.110+Safari/537.36 http://localhost:51722/Expense/AddTransactionToReport?ExpenseId=1783 200 0 0 3670
2017-06-16 17:01:54 ::1 GET /Expense/GetViolationReasonsList/ ExpenseTypeId=72 51722 - ::1 Mozilla/5.0+(Windows+NT+10.0;+Win64;+x64)+AppleWebKit/537.36+(KHTML,+like+Gecko)+Chrome/58.0.3029.110+Safari/537.36 http://localhost:51722/Expense/AddTransactionToReport?ExpenseId=1783 200 0 0 6646
2017-06-16 17:01:54 ::1 GET /ExpenseDetail/GetCurrencyRate currencyId=82&transactionDate=16/06/2017 51722 - ::1 Mozilla/5.0+(Windows+NT+10.0;+Win64;+x64)+AppleWebKit/537.36+(KHTML,+like+Gecko)+Chrome/58.0.3029.110+Safari/537.36 http://localhost:51722/Expense/AddTransactionToReport?ExpenseId=1783 200 0 0 3192
2017-06-16 17:02:04 ::1 GET /PayMethod/GetPayMethodIsReimbursable MethodId=2 51722 - ::1 Mozilla/5.0+(Windows+NT+10.0;+Win64;+x64)+AppleWebKit/537.36+(KHTML,+like+Gecko)+Chrome/58.0.3029.110+Safari/537.36 http://localhost:51722/Expense/AddTransactionToReport?ExpenseId=1783 200 0 0 299
2017-06-16 17:02:12 ::1 POST /Expense/AddNewTransaction - 51722 - ::1 Mozilla/5.0+(Windows+NT+10.0;+Win64;+x64)+AppleWebKit/537.36+(KHTML,+like+Gecko)+Chrome/58.0.3029.110+Safari/537.36 http://localhost:51722/Expense/AddTransactionToReport?ExpenseId=1783 302 0 0 3180
2017-06-16 17:02:44 ::1 GET /Expense/AddTransactionToReport ExpenseId=1783 51722 - ::1 Mozilla/5.0+(Windows+NT+10.0;+Win64;+x64)+AppleWebKit/537.36+(KHTML,+like+Gecko)+Chrome/58.0.3029.110+Safari/537.36 http://localhost:51722/Expense/AddTransactionToReport?ExpenseId=1783 200 0 0 31606
2017-06-16 17:02:44 ::1 GET /__browserLink/requestData/cfe4fca538a040e094bc4c43299b568a version=2 51722 - ::1 Mozilla/5.0+(Windows+NT+10.0;+Win64;+x64)+AppleWebKit/537.36+(KHTML,+like+Gecko)+Chrome/58.0.3029.110+Safari/537.36 http://localhost:51722/Expense/AddTransactionToReport?ExpenseId=1783 200 0 0 51
2017-06-16 17:02:55 ::1 GET /Expense/PrepareExpenseApprovalProgressBar/ ExpenseId=1783&UserId=119&_=1497632564610 51722 - ::1 Mozilla/5.0+(Windows+NT+10.0;+Win64;+x64)+AppleWebKit/537.36+(KHTML,+like+Gecko)+Chrome/58.0.3029.110+Safari/537.36 http://localhost:51722/Expense/AddTransactionToReport?ExpenseId=1783 200 0 0 10414
2017-06-16 17:02:55 ::1 GET /TravelType/IsSubTravelCashAdvanced TravelTypeId=18 51722 - ::1 Mozilla/5.0+(Windows+NT+10.0;+Win64;+x64)+AppleWebKit/537.36+(KHTML,+like+Gecko)+Chrome/58.0.3029.110+Safari/537.36 http://localhost:51722/Expense/AddTransactionToReport?ExpenseId=1783 200 0 0 11151
2017-06-16 17:02:55 ::1 GET /Expense/GetTravelTypeHeaderMapping TravelTypeId=18 51722 - ::1 Mozilla/5.0+(Windows+NT+10.0;+Win64;+x64)+AppleWebKit/537.36+(KHTML,+like+Gecko)+Chrome/58.0.3029.110+Safari/537.36 http://localhost:51722/Expense/AddTransactionToReport?ExpenseId=1783 200 0 0 11412
2017-06-16 17:03:34 ::1 POST /Expense/AddTransactionToReport/1783 - 51722 - ::1 Mozilla/5.0+(Windows+NT+10.0;+Win64;+x64)+AppleWebKit/537.36+(KHTML,+like+Gecko)+Chrome/58.0.3029.110+Safari/537.36 http://localhost:51722/Expense/AddTransactionToReport?ExpenseId=1783 200 0 0 32601
2017-06-16 17:03:35 ::1 GET /__browserLink/requestData/c1b3d9f4a0af482d8a3aefa318c62328 version=2 51722 - ::1 Mozilla/5.0+(Windows+NT+10.0;+Win64;+x64)+AppleWebKit/537.36+(KHTML,+like+Gecko)+Chrome/58.0.3029.110+Safari/537.36 http://localhost:51722/Expense/AddTransactionToReport/1783 200 0 0 80
2017-06-16 17:03:35 ::1 GET /TravelType/IsSubTravelCashAdvanced TravelTypeId=18 51722 - ::1 Mozilla/5.0+(Windows+NT+10.0;+Win64;+x64)+AppleWebKit/537.36+(KHTML,+like+Gecko)+Chrome/58.0.3029.110+Safari/537.36 http://localhost:51722/Expense/AddTransactionToReport/1783 200 0 0 826
2017-06-16 17:03:35 ::1 GET /Expense/GetTravelTypeHeaderMapping TravelTypeId=18 51722 - ::1 Mozilla/5.0+(Windows+NT+10.0;+Win64;+x64)+AppleWebKit/537.36+(KHTML,+like+Gecko)+Chrome/58.0.3029.110+Safari/537.36 http://localhost:51722/Expense/AddTransactionToReport/1783 200 0 0 1121
2017-06-16 17:03:46 ::1 GET /Expense/PrepareExpenseApprovalProgressBar/ ExpenseId=1783&UserId=119&_=1497632615140 51722 - ::1 Mozilla/5.0+(Windows+NT+10.0;+Win64;+x64)+AppleWebKit/537.36+(KHTML,+like+Gecko)+Chrome/58.0.3029.110+Safari/537.36 http://localhost:51722/Expense/AddTransactionToReport/1783 200 0 0 11730
2017-06-16 17:06:35 ::1 POST /Expense/AddTransactionToReport/1783 - 51722 - ::1 Mozilla/5.0+(Windows+NT+10.0;+Win64;+x64)+AppleWebKit/537.36+(KHTML,+like+Gecko)+Chrome/58.0.3029.110+Safari/537.36 http://localhost:51722/Expense/AddTransactionToReport/1783 302 0 0 156813
2017-06-16 17:06:57 ::1 GET /Expense/ViewMyExpense/1783 - 51722 - ::1 Mozilla/5.0+(Windows+NT+10.0;+Win64;+x64)+AppleWebKit/537.36+(KHTML,+like+Gecko)+Chrome/58.0.3029.110+Safari/537.36 http://localhost:51722/Expense/AddTransactionToReport/1783 200 0 0 21428
2017-06-16 17:06:57 ::1 GET /__browserLink/requestData/4d6225f1613c48e1a1eb68dae33c6c97 version=2 51722 - ::1 Mozilla/5.0+(Windows+NT+10.0;+Win64;+x64)+AppleWebKit/537.36+(KHTML,+like+Gecko)+Chrome/58.0.3029.110+Safari/537.36 http://localhost:51722/Expense/ViewMyExpense/1783 200 0 0 72
2017-06-16 17:07:09 ::1 GET /Expense/PrepareExpenseApprovalProgressBar/ ExpenseId=1783&UserId=119&_=1497632817441 51722 - ::1 Mozilla/5.0+(Windows+NT+10.0;+Win64;+x64)+AppleWebKit/537.36+(KHTML,+like+Gecko)+Chrome/58.0.3029.110+Safari/537.36 http://localhost:51722/Expense/ViewMyExpense/1783 200 0 0 11759
2017-06-16 17:07:09 ::1 GET /Expense/GetTravelTypeHeaderMapping TravelTypeId=18 51722 - ::1 Mozilla/5.0+(Windows+NT+10.0;+Win64;+x64)+AppleWebKit/537.36+(KHTML,+like+Gecko)+Chrome/58.0.3029.110+Safari/537.36 http://localhost:51722/Expense/ViewMyExpense/1783 200 0 0 12069
