#Software: Microsoft Internet Information Services 8.0
#Version: 1.0
#Date: 2017-04-06 06:54:42
#Fields: date time s-ip cs-method cs-uri-stem cs-uri-query s-port cs-username c-ip cs(User-Agent) cs(Referer) sc-status sc-substatus sc-win32-status time-taken
2017-04-06 06:54:42 ::1 GET / - 51722 - ::1 Mozilla/5.0+(Windows+NT+10.0;+WOW64)+AppleWebKit/537.36+(KHTML,+like+Gecko)+Chrome/56.0.2924.87+Safari/537.36 - 302 0 0 16998
2017-04-06 06:54:57 ::1 GET /User/LogOn - 51722 - ::1 Mozilla/5.0+(Windows+NT+10.0;+WOW64)+AppleWebKit/537.36+(KHTML,+like+Gecko)+Chrome/56.0.2924.87+Safari/537.36 - 200 0 0 14661
2017-04-06 06:54:57 ::1 GET /css/login-css v=JFCQ7nhC5vdHG-j8zcKZ5EKoJ5APArU35BEMxZa96js1 51722 - ::1 Mozilla/5.0+(Windows+NT+10.0;+WOW64)+AppleWebKit/537.36+(KHTML,+like+Gecko)+Chrome/56.0.2924.87+Safari/537.36 http://localhost:51722/User/LogOn 200 0 0 72
2017-04-06 06:54:57 ::1 GET /Scripts/login-js v=oGRG_oxR_ZHazTV6Mj7Ft23CnrW2uYg_pLBjp-7brhY1 51722 - ::1 Mozilla/5.0+(Windows+NT+10.0;+WOW64)+AppleWebKit/537.36+(KHTML,+like+Gecko)+Chrome/56.0.2924.87+Safari/537.36 http://localhost:51722/User/LogOn 200 0 0 104
2017-04-06 06:54:57 ::1 GET /__browserLink/requestData/c0080093dc8d4c9b8dd9d8646bf0b199 version=2 51722 - ::1 Mozilla/5.0+(Windows+NT+10.0;+WOW64)+AppleWebKit/537.36+(KHTML,+like+Gecko)+Chrome/56.0.2924.87+Safari/537.36 http://localhost:51722/User/LogOn 200 0 0 291
2017-04-06 06:57:51 ::1 POST /User/LogOn - 51722 - ::1 Mozilla/5.0+(Windows+NT+10.0;+WOW64)+AppleWebKit/537.36+(KHTML,+like+Gecko)+Chrome/56.0.2924.87+Safari/537.36 http://localhost:51722/User/LogOn 302 0 0 12551
2017-04-06 06:58:15 ::1 GET / - 51722 - ::1 Mozilla/5.0+(Windows+NT+10.0;+WOW64)+AppleWebKit/537.36+(KHTML,+like+Gecko)+Chrome/56.0.2924.87+Safari/537.36 http://localhost:51722/User/LogOn 200 0 0 24106
2017-04-06 06:58:15 ::1 GET /css/site-home-css v=AqCR0tX5sBhH20ewK0EPCDcrTk628Pi6iulHxyYTIc41 51722 - ::1 Mozilla/5.0+(Windows+NT+10.0;+WOW64)+AppleWebKit/537.36+(KHTML,+like+Gecko)+Chrome/56.0.2924.87+Safari/537.36 http://localhost:51722/ 200 0 0 55
2017-04-06 06:58:15 ::1 GET /Scripts/site-home-js v=AV1K_ijGoRipvhQZlOQVGnqLD_fMcoEXETSdoeNuZU81 51722 - ::1 Mozilla/5.0+(Windows+NT+10.0;+WOW64)+AppleWebKit/537.36+(KHTML,+like+Gecko)+Chrome/56.0.2924.87+Safari/537.36 http://localhost:51722/ 200 0 0 79
2017-04-06 06:58:15 ::1 GET /__browserLink/requestData/5d0bbf4631e9448abb1a2f36d193f378 version=2 51722 - ::1 Mozilla/5.0+(Windows+NT+10.0;+WOW64)+AppleWebKit/537.36+(KHTML,+like+Gecko)+Chrome/56.0.2924.87+Safari/537.36 http://localhost:51722/ 200 0 0 16
#Software: Microsoft Internet Information Services 8.0
#Version: 1.0
#Date: 2017-04-06 07:20:55
#Fields: date time s-ip cs-method cs-uri-stem cs-uri-query s-port cs-username c-ip cs(User-Agent) cs(Referer) sc-status sc-substatus sc-win32-status time-taken
2017-04-06 07:20:55 ::1 GET /User/BankProfileList - 51722 - ::1 Mozilla/5.0+(Windows+NT+10.0;+WOW64)+AppleWebKit/537.36+(KHTML,+like+Gecko)+Chrome/56.0.2924.87+Safari/537.36 http://localhost:51722/ 200 0 0 1092
2017-04-06 07:20:55 ::1 GET /Scripts/chosen/chosen.css - 51722 - ::1 Mozilla/5.0+(Windows+NT+10.0;+WOW64)+AppleWebKit/537.36+(KHTML,+like+Gecko)+Chrome/56.0.2924.87+Safari/537.36 http://localhost:51722/User/BankProfileList 200 0 0 28
2017-04-06 07:20:55 ::1 GET /Scripts/chosen/chosen.jquery.js - 51722 - ::1 Mozilla/5.0+(Windows+NT+10.0;+WOW64)+AppleWebKit/537.36+(KHTML,+like+Gecko)+Chrome/56.0.2924.87+Safari/537.36 http://localhost:51722/User/BankProfileList 200 0 0 61
2017-04-06 07:20:55 ::1 GET /images/icons/cross_grey_small.png - 51722 - ::1 Mozilla/5.0+(Windows+NT+10.0;+WOW64)+AppleWebKit/537.36+(KHTML,+like+Gecko)+Chrome/56.0.2924.87+Safari/537.36 http://localhost:51722/User/BankProfileList 200 0 0 36
2017-04-06 07:20:55 ::1 GET /images/menu-current-arrow.gif - 51722 - ::1 Mozilla/5.0+(Windows+NT+10.0;+WOW64)+AppleWebKit/537.36+(KHTML,+like+Gecko)+Chrome/56.0.2924.87+Safari/537.36 http://localhost:51722/css/site-home-css?v=AqCR0tX5sBhH20ewK0EPCDcrTk628Pi6iulHxyYTIc41 200 0 0 2
2017-04-06 07:20:55 ::1 GET /images/icons/information.png - 51722 - ::1 Mozilla/5.0+(Windows+NT+10.0;+WOW64)+AppleWebKit/537.36+(KHTML,+like+Gecko)+Chrome/56.0.2924.87+Safari/537.36 http://localhost:51722/css/site-home-css?v=AqCR0tX5sBhH20ewK0EPCDcrTk628Pi6iulHxyYTIc41 200 0 0 27
2017-04-06 07:20:55 ::1 GET /__browserLink/requestData/fd9a1e04c17b490daaea37258b7005b7 version=2 51722 - ::1 Mozilla/5.0+(Windows+NT+10.0;+WOW64)+AppleWebKit/537.36+(KHTML,+like+Gecko)+Chrome/56.0.2924.87+Safari/537.36 http://localhost:51722/User/BankProfileList 200 0 0 20
#Software: Microsoft Internet Information Services 8.0
#Version: 1.0
#Date: 2017-04-06 07:21:23
#Fields: date time s-ip cs-method cs-uri-stem cs-uri-query s-port cs-username c-ip cs(User-Agent) cs(Referer) sc-status sc-substatus sc-win32-status time-taken
2017-04-06 07:21:23 ::1 GET / - 51722 - ::1 Mozilla/5.0+(Windows+NT+10.0;+WOW64)+AppleWebKit/537.36+(KHTML,+like+Gecko)+Chrome/56.0.2924.87+Safari/537.36 - 302 0 0 5502
2017-04-06 07:21:25 ::1 GET /User/LogOn - 51722 - ::1 Mozilla/5.0+(Windows+NT+10.0;+WOW64)+AppleWebKit/537.36+(KHTML,+like+Gecko)+Chrome/56.0.2924.87+Safari/537.36 - 200 0 0 2417
2017-04-06 07:21:25 ::1 GET /__browserLink/requestData/966a3a185d934ad6a198c723f71ce2f7 version=2 51722 - ::1 Mozilla/5.0+(Windows+NT+10.0;+WOW64)+AppleWebKit/537.36+(KHTML,+like+Gecko)+Chrome/56.0.2924.87+Safari/537.36 http://localhost:51722/User/LogOn 200 0 0 58
2017-04-06 07:23:03 ::1 POST /User/LogOn - 51722 - ::1 Mozilla/5.0+(Windows+NT+10.0;+WOW64)+AppleWebKit/537.36+(KHTML,+like+Gecko)+Chrome/56.0.2924.87+Safari/537.36 http://localhost:51722/User/LogOn 302 0 0 14063
2017-04-06 07:23:05 ::1 GET / - 51722 - ::1 Mozilla/5.0+(Windows+NT+10.0;+WOW64)+AppleWebKit/537.36+(KHTML,+like+Gecko)+Chrome/56.0.2924.87+Safari/537.36 http://localhost:51722/User/LogOn 200 0 0 1852
2017-04-06 07:23:05 ::1 GET /__browserLink/requestData/390f1222b2554461b684094eef3bff10 version=2 51722 - ::1 Mozilla/5.0+(Windows+NT+10.0;+WOW64)+AppleWebKit/537.36+(KHTML,+like+Gecko)+Chrome/56.0.2924.87+Safari/537.36 http://localhost:51722/ 200 0 0 16
#Software: Microsoft Internet Information Services 8.0
#Version: 1.0
#Date: 2017-04-06 09:53:58
#Fields: date time s-ip cs-method cs-uri-stem cs-uri-query s-port cs-username c-ip cs(User-Agent) cs(Referer) sc-status sc-substatus sc-win32-status time-taken
2017-04-06 09:53:58 ::1 GET / - 51722 - ::1 Mozilla/5.0+(Windows+NT+10.0;+WOW64)+AppleWebKit/537.36+(KHTML,+like+Gecko)+Chrome/56.0.2924.87+Safari/537.36 - 302 0 0 6430
2017-04-06 09:54:01 ::1 GET /User/LogOn - 51722 - ::1 Mozilla/5.0+(Windows+NT+10.0;+WOW64)+AppleWebKit/537.36+(KHTML,+like+Gecko)+Chrome/56.0.2924.87+Safari/537.36 - 200 0 0 2405
2017-04-06 09:54:01 ::1 GET /__browserLink/requestData/a991187e4a96486b93c434f6c5d14ecf version=2 51722 - ::1 Mozilla/5.0+(Windows+NT+10.0;+WOW64)+AppleWebKit/537.36+(KHTML,+like+Gecko)+Chrome/56.0.2924.87+Safari/537.36 http://localhost:51722/User/LogOn 200 0 0 72
2017-04-06 09:54:45 ::1 POST /User/LogOn - 51722 - ::1 Mozilla/5.0+(Windows+NT+10.0;+WOW64)+AppleWebKit/537.36+(KHTML,+like+Gecko)+Chrome/56.0.2924.87+Safari/537.36 http://localhost:51722/User/LogOn 302 0 0 39641
2017-04-06 09:54:47 ::1 GET / - 51722 - ::1 Mozilla/5.0+(Windows+NT+10.0;+WOW64)+AppleWebKit/537.36+(KHTML,+like+Gecko)+Chrome/56.0.2924.87+Safari/537.36 http://localhost:51722/User/LogOn 200 0 0 2651
2017-04-06 09:54:47 ::1 GET /__browserLink/requestData/13415b6bc336422291d6ef334d92cbf6 version=2 51722 - ::1 Mozilla/5.0+(Windows+NT+10.0;+WOW64)+AppleWebKit/537.36+(KHTML,+like+Gecko)+Chrome/56.0.2924.87+Safari/537.36 http://localhost:51722/ 200 0 0 21
2017-04-06 09:56:35 ::1 GET /User/Yourprofile - 51722 - ::1 Mozilla/5.0+(Windows+NT+10.0;+WOW64)+AppleWebKit/537.36+(KHTML,+like+Gecko)+Chrome/56.0.2924.87+Safari/537.36 http://localhost:51722/ 200 0 0 1111
2017-04-06 09:56:35 ::1 GET /__browserLink/requestData/1a0f08f8f5444213be757c62c344abc1 version=2 51722 - ::1 Mozilla/5.0+(Windows+NT+10.0;+WOW64)+AppleWebKit/537.36+(KHTML,+like+Gecko)+Chrome/56.0.2924.87+Safari/537.36 http://localhost:51722/User/Yourprofile 200 0 0 31
2017-04-06 09:56:42 ::1 GET /User/BankProfileList - 51722 - ::1 Mozilla/5.0+(Windows+NT+10.0;+WOW64)+AppleWebKit/537.36+(KHTML,+like+Gecko)+Chrome/56.0.2924.87+Safari/537.36 http://localhost:51722/User/Yourprofile 200 0 0 663
2017-04-06 09:56:42 ::1 GET /__browserLink/requestData/c3bfe7e67f2845918632bed16fb39648 version=2 51722 - ::1 Mozilla/5.0+(Windows+NT+10.0;+WOW64)+AppleWebKit/537.36+(KHTML,+like+Gecko)+Chrome/56.0.2924.87+Safari/537.36 http://localhost:51722/User/BankProfileList 200 0 0 24
2017-04-06 09:56:58 ::1 GET /User/AddNewUserBankProfile - 51722 - ::1 Mozilla/5.0+(Windows+NT+10.0;+WOW64)+AppleWebKit/537.36+(KHTML,+like+Gecko)+Chrome/56.0.2924.87+Safari/537.36 http://localhost:51722/User/BankProfileList 200 0 0 13948
2017-04-06 09:56:58 ::1 GET /Scripts/chosen/Chosen.css - 51722 - ::1 Mozilla/5.0+(Windows+NT+10.0;+WOW64)+AppleWebKit/537.36+(KHTML,+like+Gecko)+Chrome/56.0.2924.87+Safari/537.36 http://localhost:51722/User/AddNewUserBankProfile 200 0 0 64
2017-04-06 09:56:58 ::1 GET /Scripts/chosen/chosen-sprite.png - 51722 - ::1 Mozilla/5.0+(Windows+NT+10.0;+WOW64)+AppleWebKit/537.36+(KHTML,+like+Gecko)+Chrome/56.0.2924.87+Safari/537.36 http://localhost:51722/Scripts/chosen/Chosen.css 200 0 0 12
2017-04-06 09:56:58 ::1 GET /PayMethod/GetPayMethodIsReimbursable MethodId=2 51722 - ::1 Mozilla/5.0+(Windows+NT+10.0;+WOW64)+AppleWebKit/537.36+(KHTML,+like+Gecko)+Chrome/56.0.2924.87+Safari/537.36 http://localhost:51722/User/AddNewUserBankProfile 200 0 0 105
2017-04-06 09:56:58 ::1 GET /__browserLink/requestData/ab4f5d4cc2f24686ab5ae0e9ef386fea version=2 51722 - ::1 Mozilla/5.0+(Windows+NT+10.0;+WOW64)+AppleWebKit/537.36+(KHTML,+like+Gecko)+Chrome/56.0.2924.87+Safari/537.36 http://localhost:51722/User/AddNewUserBankProfile 200 0 0 112
2017-04-06 09:57:00 ::1 GET /User/GetEmployees - 51722 - ::1 Mozilla/5.0+(Windows+NT+10.0;+WOW64)+AppleWebKit/537.36+(KHTML,+like+Gecko)+Chrome/56.0.2924.87+Safari/537.36 http://localhost:51722/User/AddNewUserBankProfile 200 0 0 1239
2017-04-06 09:57:24 ::1 GET /User/LogOff - 51722 - ::1 Mozilla/5.0+(Windows+NT+10.0;+WOW64)+AppleWebKit/537.36+(KHTML,+like+Gecko)+Chrome/56.0.2924.87+Safari/537.36 http://localhost:51722/User/AddNewUserBankProfile 302 0 0 36
2017-04-06 09:57:24 ::1 GET / - 51722 - ::1 Mozilla/5.0+(Windows+NT+10.0;+WOW64)+AppleWebKit/537.36+(KHTML,+like+Gecko)+Chrome/56.0.2924.87+Safari/537.36 http://localhost:51722/User/AddNewUserBankProfile 302 0 0 95
2017-04-06 09:57:24 ::1 GET /User/LogOn - 51722 - ::1 Mozilla/5.0+(Windows+NT+10.0;+WOW64)+AppleWebKit/537.36+(KHTML,+like+Gecko)+Chrome/56.0.2924.87+Safari/537.36 http://localhost:51722/User/AddNewUserBankProfile 200 0 0 120
2017-04-06 09:57:24 ::1 GET /__browserLink/requestData/4eaff5f859f441ffb53d1201fa55d69c version=2 51722 - ::1 Mozilla/5.0+(Windows+NT+10.0;+WOW64)+AppleWebKit/537.36+(KHTML,+like+Gecko)+Chrome/56.0.2924.87+Safari/537.36 http://localhost:51722/User/LogOn 200 0 0 20
2017-04-06 09:58:02 ::1 POST /User/LogOn - 51722 - ::1 Mozilla/5.0+(Windows+NT+10.0;+WOW64)+AppleWebKit/537.36+(KHTML,+like+Gecko)+Chrome/56.0.2924.87+Safari/537.36 http://localhost:51722/User/LogOn 302 0 0 31673
2017-04-06 09:58:02 ::1 GET / - 51722 - ::1 Mozilla/5.0+(Windows+NT+10.0;+WOW64)+AppleWebKit/537.36+(KHTML,+like+Gecko)+Chrome/56.0.2924.87+Safari/537.36 http://localhost:51722/User/LogOn 302 0 0 42
2017-04-06 09:58:14 ::1 GET /Dashboard/ViewDashboard - 51722 - ::1 Mozilla/5.0+(Windows+NT+10.0;+WOW64)+AppleWebKit/537.36+(KHTML,+like+Gecko)+Chrome/56.0.2924.87+Safari/537.36 http://localhost:51722/User/LogOn 200 0 0 11957
2017-04-06 09:58:14 ::1 GET /css/SiteLayoutPageForMasters-css v=2tREWKLnVzkeirVT_a51jFK-c-t3d2rYGT5rOLrUXwI1 51722 - ::1 Mozilla/5.0+(Windows+NT+10.0;+WOW64)+AppleWebKit/537.36+(KHTML,+like+Gecko)+Chrome/56.0.2924.87+Safari/537.36 http://localhost:51722/Dashboard/ViewDashboard 200 0 0 108
2017-04-06 09:58:14 ::1 GET /images/icons/users_two_48.png - 51722 - ::1 Mozilla/5.0+(Windows+NT+10.0;+WOW64)+AppleWebKit/537.36+(KHTML,+like+Gecko)+Chrome/56.0.2924.87+Safari/537.36 http://localhost:51722/Dashboard/ViewDashboard 200 0 0 11
2017-04-06 09:58:14 ::1 GET /Scripts/SiteLayoutPageForMasters-js v=DirW9OyH9H8bJx5e09efMra6GF1GfmxaSxR-Uzl2eP81 51722 - ::1 Mozilla/5.0+(Windows+NT+10.0;+WOW64)+AppleWebKit/537.36+(KHTML,+like+Gecko)+Chrome/56.0.2924.87+Safari/537.36 http://localhost:51722/Dashboard/ViewDashboard 200 0 0 137
2017-04-06 09:58:14 ::1 GET /__browserLink/requestData/d5b6324d42c7428bb3a6739760a024d0 version=2 51722 - ::1 Mozilla/5.0+(Windows+NT+10.0;+WOW64)+AppleWebKit/537.36+(KHTML,+like+Gecko)+Chrome/56.0.2924.87+Safari/537.36 http://localhost:51722/Dashboard/ViewDashboard 200 0 0 148
2017-04-06 09:58:14 ::1 GET /Dashboard/getAjaxTab/1 sDate=null&eDate=null 51722 - ::1 Mozilla/5.0+(Windows+NT+10.0;+WOW64)+AppleWebKit/537.36+(KHTML,+like+Gecko)+Chrome/56.0.2924.87+Safari/537.36 http://localhost:51722/Dashboard/ViewDashboard 200 0 0 404
2017-04-06 09:58:14 ::1 GET /Scripts/v2/morris.charts/morris.css - 51722 - ::1 Mozilla/5.0+(Windows+NT+10.0;+WOW64)+AppleWebKit/537.36+(KHTML,+like+Gecko)+Chrome/56.0.2924.87+Safari/537.36 http://localhost:51722/Dashboard/ViewDashboard 200 0 0 2
2017-04-06 09:58:14 ::1 GET /Scripts/v2/easy.pie.chart/style.css - 51722 - ::1 Mozilla/5.0+(Windows+NT+10.0;+WOW64)+AppleWebKit/537.36+(KHTML,+like+Gecko)+Chrome/56.0.2924.87+Safari/537.36 http://localhost:51722/Dashboard/ViewDashboard 200 0 0 17
2017-04-06 09:58:14 ::1 GET /Scripts/v2/easy.pie.chart/jquery.easing.1.3.js _=1491472694919 51722 - ::1 Mozilla/5.0+(Windows+NT+10.0;+WOW64)+AppleWebKit/537.36+(KHTML,+like+Gecko)+Chrome/56.0.2924.87+Safari/537.36 http://localhost:51722/Dashboard/ViewDashboard 200 0 0 24
2017-04-06 09:58:14 ::1 GET /Scripts/v2/easy.pie.chart/jquery.easypiechart.min.js _=1491472694972 51722 - ::1 Mozilla/5.0+(Windows+NT+10.0;+WOW64)+AppleWebKit/537.36+(KHTML,+like+Gecko)+Chrome/56.0.2924.87+Safari/537.36 http://localhost:51722/Dashboard/ViewDashboard 200 0 0 16
2017-04-06 09:58:14 ::1 GET /Scripts/v2/morris.charts/morris.min.js _=1491472694994 51722 - ::1 Mozilla/5.0+(Windows+NT+10.0;+WOW64)+AppleWebKit/537.36+(KHTML,+like+Gecko)+Chrome/56.0.2924.87+Safari/537.36 http://localhost:51722/Dashboard/ViewDashboard 200 0 0 18
2017-04-06 09:58:14 ::1 GET /Scripts/v2/morris.charts/raphael.min.js _=1491472695028 51722 - ::1 Mozilla/5.0+(Windows+NT+10.0;+WOW64)+AppleWebKit/537.36+(KHTML,+like+Gecko)+Chrome/56.0.2924.87+Safari/537.36 http://localhost:51722/Dashboard/ViewDashboard 200 0 0 17
2017-04-06 09:58:14 ::1 GET /css/chosen-sprite.png - 51722 - ::1 Mozilla/5.0+(Windows+NT+10.0;+WOW64)+AppleWebKit/537.36+(KHTML,+like+Gecko)+Chrome/56.0.2924.87+Safari/537.36 http://localhost:51722/css/SiteLayoutPageForMasters-css?v=2tREWKLnVzkeirVT_a51jFK-c-t3d2rYGT5rOLrUXwI1 200 0 0 28
2017-04-06 09:58:15 ::1 GET /Images/loading.gif - 51722 - ::1 Mozilla/5.0+(Windows+NT+10.0;+WOW64)+AppleWebKit/537.36+(KHTML,+like+Gecko)+Chrome/56.0.2924.87+Safari/537.36 http://localhost:51722/Dashboard/ViewDashboard 200 0 0 46
2017-04-06 09:58:17 ::1 GET /Dashboard/GetExpenseSubmissions/ sDate=null&eDate=null 51722 - ::1 Mozilla/5.0+(Windows+NT+10.0;+WOW64)+AppleWebKit/537.36+(KHTML,+like+Gecko)+Chrome/56.0.2924.87+Safari/537.36 http://localhost:51722/Dashboard/ViewDashboard 200 0 0 2553
2017-04-06 09:58:17 ::1 GET /Dashboard/GetExpenseApprovals/ sDate=null&eDate=null 51722 - ::1 Mozilla/5.0+(Windows+NT+10.0;+WOW64)+AppleWebKit/537.36+(KHTML,+like+Gecko)+Chrome/56.0.2924.87+Safari/537.36 http://localhost:51722/Dashboard/ViewDashboard 200 0 0 3030
2017-04-06 09:58:19 ::1 GET /Dashboard/GetExpensePostings/ sDate=null&eDate=null 51722 - ::1 Mozilla/5.0+(Windows+NT+10.0;+WOW64)+AppleWebKit/537.36+(KHTML,+like+Gecko)+Chrome/56.0.2924.87+Safari/537.36 http://localhost:51722/Dashboard/ViewDashboard 200 0 0 3918
2017-04-06 09:58:20 ::1 GET /Dashboard/GetExpenseTypesAmount/ sDate=null&eDate=null 51722 - ::1 Mozilla/5.0+(Windows+NT+10.0;+WOW64)+AppleWebKit/537.36+(KHTML,+like+Gecko)+Chrome/56.0.2924.87+Safari/537.36 http://localhost:51722/Dashboard/ViewDashboard 200 0 0 5502
2017-04-06 09:58:20 ::1 GET /Dashboard/GetPayMethodsAmount/ sDate=null&eDate=null 51722 - ::1 Mozilla/5.0+(Windows+NT+10.0;+WOW64)+AppleWebKit/537.36+(KHTML,+like+Gecko)+Chrome/56.0.2924.87+Safari/537.36 http://localhost:51722/Dashboard/ViewDashboard 200 0 0 6325
2017-04-06 09:58:48 ::1 GET /CreditCardReimbursementProfile/CreditCardReimbursementProfile - 51722 - ::1 Mozilla/5.0+(Windows+NT+10.0;+WOW64)+AppleWebKit/537.36+(KHTML,+like+Gecko)+Chrome/56.0.2924.87+Safari/537.36 http://localhost:51722/Dashboard/ViewDashboard 200 0 0 2310
2017-04-06 09:58:48 ::1 GET /__browserLink/requestData/2386dc2824b24e7a9219d3fa869e6c61 version=2 51722 - ::1 Mozilla/5.0+(Windows+NT+10.0;+WOW64)+AppleWebKit/537.36+(KHTML,+like+Gecko)+Chrome/56.0.2924.87+Safari/537.36 http://localhost:51722/CreditCardReimbursementProfile/CreditCardReimbursementProfile 200 0 0 68
2017-04-06 09:58:58 ::1 GET /CreditCardReimbursementProfile/AddNewCreditCardReimbursementProfile - 51722 - ::1 Mozilla/5.0+(Windows+NT+10.0;+WOW64)+AppleWebKit/537.36+(KHTML,+like+Gecko)+Chrome/56.0.2924.87+Safari/537.36 http://localhost:51722/CreditCardReimbursementProfile/CreditCardReimbursementProfile 200 0 0 3381
2017-04-06 09:58:58 ::1 GET /__browserLink/requestData/203dcc6b03d5459b82937160c6b379b3 version=2 51722 - ::1 Mozilla/5.0+(Windows+NT+10.0;+WOW64)+AppleWebKit/537.36+(KHTML,+like+Gecko)+Chrome/56.0.2924.87+Safari/537.36 http://localhost:51722/CreditCardReimbursementProfile/AddNewCreditCardReimbursementProfile 200 0 0 23
2017-04-06 10:00:38 ::1 GET /images/icons/cross_circle.png - 51722 - ::1 Mozilla/5.0+(Windows+NT+10.0;+WOW64)+AppleWebKit/537.36+(KHTML,+like+Gecko)+Chrome/56.0.2924.87+Safari/537.36 http://localhost:51722/css/site-home-css?v=AqCR0tX5sBhH20ewK0EPCDcrTk628Pi6iulHxyYTIc41 200 0 0 56
2017-04-06 10:01:13 ::1 POST /CreditCardReimbursementProfile/AddNewCreditCardReimbursementProfile - 51722 - ::1 Mozilla/5.0+(Windows+NT+10.0;+WOW64)+AppleWebKit/537.36+(KHTML,+like+Gecko)+Chrome/56.0.2924.87+Safari/537.36 http://localhost:51722/CreditCardReimbursementProfile/AddNewCreditCardReimbursementProfile 302 0 0 5289
2017-04-06 10:01:13 ::1 GET /CreditCardReimbursementProfile/CreditCardReimbursementProfile - 51722 - ::1 Mozilla/5.0+(Windows+NT+10.0;+WOW64)+AppleWebKit/537.36+(KHTML,+like+Gecko)+Chrome/56.0.2924.87+Safari/537.36 http://localhost:51722/CreditCardReimbursementProfile/AddNewCreditCardReimbursementProfile 200 0 0 549
2017-04-06 10:01:14 ::1 GET /__browserLink/requestData/9280a07cd45b4ac4a3903b3835e99354 version=2 51722 - ::1 Mozilla/5.0+(Windows+NT+10.0;+WOW64)+AppleWebKit/537.36+(KHTML,+like+Gecko)+Chrome/56.0.2924.87+Safari/537.36 http://localhost:51722/CreditCardReimbursementProfile/CreditCardReimbursementProfile 200 0 0 82
2017-04-06 10:02:05 ::1 GET /Dashboard/ViewDashboard - 51722 - ::1 Mozilla/5.0+(Windows+NT+10.0;+WOW64)+AppleWebKit/537.36+(KHTML,+like+Gecko)+Chrome/56.0.2924.87+Safari/537.36 http://localhost:51722/CreditCardReimbursementProfile/CreditCardReimbursementProfile 200 0 0 859
2017-04-06 10:02:05 ::1 GET /__browserLink/requestData/bebb30fb84b5409db13e640e24c221b0 version=2 51722 - ::1 Mozilla/5.0+(Windows+NT+10.0;+WOW64)+AppleWebKit/537.36+(KHTML,+like+Gecko)+Chrome/56.0.2924.87+Safari/537.36 http://localhost:51722/Dashboard/ViewDashboard 200 0 0 81
2017-04-06 10:02:05 ::1 GET /Dashboard/getAjaxTab/1 sDate=null&eDate=null 51722 - ::1 Mozilla/5.0+(Windows+NT+10.0;+WOW64)+AppleWebKit/537.36+(KHTML,+like+Gecko)+Chrome/56.0.2924.87+Safari/537.36 http://localhost:51722/Dashboard/ViewDashboard 200 0 0 405
2017-04-06 10:02:05 ::1 GET /Scripts/v2/easy.pie.chart/jquery.easing.1.3.js _=1491472925778 51722 - ::1 Mozilla/5.0+(Windows+NT+10.0;+WOW64)+AppleWebKit/537.36+(KHTML,+like+Gecko)+Chrome/56.0.2924.87+Safari/537.36 http://localhost:51722/Dashboard/ViewDashboard 200 0 0 158
2017-04-06 10:02:05 ::1 GET /Scripts/v2/easy.pie.chart/jquery.easypiechart.min.js _=1491472925970 51722 - ::1 Mozilla/5.0+(Windows+NT+10.0;+WOW64)+AppleWebKit/537.36+(KHTML,+like+Gecko)+Chrome/56.0.2924.87+Safari/537.36 http://localhost:51722/Dashboard/ViewDashboard 200 0 0 89
2017-04-06 10:02:05 ::1 GET /Scripts/v2/morris.charts/morris.min.js _=1491472926091 51722 - ::1 Mozilla/5.0+(Windows+NT+10.0;+WOW64)+AppleWebKit/537.36+(KHTML,+like+Gecko)+Chrome/56.0.2924.87+Safari/537.36 http://localhost:51722/Dashboard/ViewDashboard 200 0 0 54
2017-04-06 10:02:06 ::1 GET /Scripts/v2/morris.charts/raphael.min.js _=1491472926159 51722 - ::1 Mozilla/5.0+(Windows+NT+10.0;+WOW64)+AppleWebKit/537.36+(KHTML,+like+Gecko)+Chrome/56.0.2924.87+Safari/537.36 http://localhost:51722/Dashboard/ViewDashboard 200 0 0 133
2017-04-06 10:02:06 ::1 GET /Dashboard/GetExpensePostings/ sDate=null&eDate=null 51722 - ::1 Mozilla/5.0+(Windows+NT+10.0;+WOW64)+AppleWebKit/537.36+(KHTML,+like+Gecko)+Chrome/56.0.2924.87+Safari/537.36 http://localhost:51722/Dashboard/ViewDashboard 200 0 0 419
2017-04-06 10:02:07 ::1 GET /Dashboard/GetExpenseSubmissions/ sDate=null&eDate=null 51722 - ::1 Mozilla/5.0+(Windows+NT+10.0;+WOW64)+AppleWebKit/537.36+(KHTML,+like+Gecko)+Chrome/56.0.2924.87+Safari/537.36 http://localhost:51722/Dashboard/ViewDashboard 200 0 0 1107
2017-04-06 10:02:07 ::1 GET /Dashboard/GetPayMethodsAmount/ sDate=null&eDate=null 51722 - ::1 Mozilla/5.0+(Windows+NT+10.0;+WOW64)+AppleWebKit/537.36+(KHTML,+like+Gecko)+Chrome/56.0.2924.87+Safari/537.36 http://localhost:51722/Dashboard/ViewDashboard 200 0 0 1621
2017-04-06 10:02:09 ::1 GET /Dashboard/GetExpenseTypesAmount/ sDate=null&eDate=null 51722 - ::1 Mozilla/5.0+(Windows+NT+10.0;+WOW64)+AppleWebKit/537.36+(KHTML,+like+Gecko)+Chrome/56.0.2924.87+Safari/537.36 http://localhost:51722/Dashboard/ViewDashboard 200 0 0 2705
2017-04-06 10:02:10 ::1 GET /Dashboard/GetExpenseApprovals/ sDate=null&eDate=null 51722 - ::1 Mozilla/5.0+(Windows+NT+10.0;+WOW64)+AppleWebKit/537.36+(KHTML,+like+Gecko)+Chrome/56.0.2924.87+Safari/537.36 http://localhost:51722/Dashboard/ViewDashboard 200 0 0 3711
2017-04-06 10:02:21 ::1 GET /User/BankProfileList - 51722 - ::1 Mozilla/5.0+(Windows+NT+10.0;+WOW64)+AppleWebKit/537.36+(KHTML,+like+Gecko)+Chrome/56.0.2924.87+Safari/537.36 http://localhost:51722/Dashboard/ViewDashboard 200 0 0 631
2017-04-06 10:02:21 ::1 GET /__browserLink/requestData/0a415132f83c44e4831c9b8f455bc83f version=2 51722 - ::1 Mozilla/5.0+(Windows+NT+10.0;+WOW64)+AppleWebKit/537.36+(KHTML,+like+Gecko)+Chrome/56.0.2924.87+Safari/537.36 http://localhost:51722/User/BankProfileList 200 0 0 52
2017-04-06 10:03:40 ::1 GET /User - 51722 - ::1 Mozilla/5.0+(Windows+NT+10.0;+WOW64)+AppleWebKit/537.36+(KHTML,+like+Gecko)+Chrome/56.0.2924.87+Safari/537.36 http://localhost:51722/User/BankProfileList 200 0 0 1428
2017-04-06 10:03:40 ::1 GET /images/icons/pencil.png - 51722 - ::1 Mozilla/5.0+(Windows+NT+10.0;+WOW64)+AppleWebKit/537.36+(KHTML,+like+Gecko)+Chrome/56.0.2924.87+Safari/537.36 http://localhost:51722/User 200 0 0 8
2017-04-06 10:03:40 ::1 GET /__browserLink/requestData/3f7dd6d6fc4242078d20a970012143b6 version=2 51722 - ::1 Mozilla/5.0+(Windows+NT+10.0;+WOW64)+AppleWebKit/537.36+(KHTML,+like+Gecko)+Chrome/56.0.2924.87+Safari/537.36 http://localhost:51722/User 200 0 0 98
2017-04-06 10:03:41 ::1 GET /AjaxCall/GetBusinessUnitList/ CompanyId=0 51722 - ::1 Mozilla/5.0+(Windows+NT+10.0;+WOW64)+AppleWebKit/537.36+(KHTML,+like+Gecko)+Chrome/56.0.2924.87+Safari/537.36 http://localhost:51722/User 200 0 0 1074
2017-04-06 10:03:41 ::1 GET /AjaxCall/GetCompanyList/ - 51722 - ::1 Mozilla/5.0+(Windows+NT+10.0;+WOW64)+AppleWebKit/537.36+(KHTML,+like+Gecko)+Chrome/56.0.2924.87+Safari/537.36 http://localhost:51722/User 200 0 0 1730
2017-04-06 10:03:41 ::1 GET /AjaxCall/GetBusinessUnitList/ CompanyId=0 51722 - ::1 Mozilla/5.0+(Windows+NT+10.0;+WOW64)+AppleWebKit/537.36+(KHTML,+like+Gecko)+Chrome/56.0.2924.87+Safari/537.36 http://localhost:51722/User 200 0 0 64
2017-04-06 10:03:47 ::1 GET /User/Edit/50 - 51722 - ::1 Mozilla/5.0+(Windows+NT+10.0;+WOW64)+AppleWebKit/537.36+(KHTML,+like+Gecko)+Chrome/56.0.2924.87+Safari/537.36 http://localhost:51722/User 200 0 0 3309
2017-04-06 10:03:47 ::1 GET /User/GetAllEnabledTransactionMappingAccorssAllRoles _=1491473027836 51722 - ::1 Mozilla/5.0+(Windows+NT+10.0;+WOW64)+AppleWebKit/537.36+(KHTML,+like+Gecko)+Chrome/56.0.2924.87+Safari/537.36 http://localhost:51722/User/Edit/50 200 0 0 247
2017-04-06 10:03:47 ::1 GET /AjaxCall/GetCompanyList/ _=1491473028101 51722 - ::1 Mozilla/5.0+(Windows+NT+10.0;+WOW64)+AppleWebKit/537.36+(KHTML,+like+Gecko)+Chrome/56.0.2924.87+Safari/537.36 http://localhost:51722/User/Edit/50 200 0 0 94
2017-04-06 10:03:47 ::1 GET /AjaxCall/GetBusinessUnitList/ CompanyId=11&_=1491473028221 51722 - ::1 Mozilla/5.0+(Windows+NT+10.0;+WOW64)+AppleWebKit/537.36+(KHTML,+like+Gecko)+Chrome/56.0.2924.87+Safari/537.36 http://localhost:51722/User/Edit/50 200 0 0 125
2017-04-06 10:03:47 ::1 GET /__browserLink/requestData/241beccdfd9d4401b14ca63aa6c1ab34 version=2 51722 - ::1 Mozilla/5.0+(Windows+NT+10.0;+WOW64)+AppleWebKit/537.36+(KHTML,+like+Gecko)+Chrome/56.0.2924.87+Safari/537.36 http://localhost:51722/User/Edit/50 200 0 0 92
2017-04-06 10:03:47 ::1 GET /AjaxCall/GetCostCenterList/ CompanyId=11&BusinessUnitId=34&_=1491473028364 51722 - ::1 Mozilla/5.0+(Windows+NT+10.0;+WOW64)+AppleWebKit/537.36+(KHTML,+like+Gecko)+Chrome/56.0.2924.87+Safari/537.36 http://localhost:51722/User/Edit/50 200 0 0 185
2017-04-06 10:03:48 ::1 GET /User/GetProjectConfigurationLabelInfo RoleId=41&_=1491473028106 51722 - ::1 Mozilla/5.0+(Windows+NT+10.0;+WOW64)+AppleWebKit/537.36+(KHTML,+like+Gecko)+Chrome/56.0.2924.87+Safari/537.36 http://localhost:51722/User/Edit/50 200 0 0 561
2017-04-06 10:08:26 ::1 GET /User/Yourprofile - 51722 - ::1 Mozilla/5.0+(Windows+NT+10.0;+WOW64)+AppleWebKit/537.36+(KHTML,+like+Gecko)+Chrome/56.0.2924.87+Safari/537.36 http://localhost:51722/User/Edit/50 200 0 0 593
2017-04-06 10:08:26 ::1 GET /__browserLink/requestData/8533913ffbb24b09bbe19818b66659ec version=2 51722 - ::1 Mozilla/5.0+(Windows+NT+10.0;+WOW64)+AppleWebKit/537.36+(KHTML,+like+Gecko)+Chrome/56.0.2924.87+Safari/537.36 http://localhost:51722/User/Yourprofile 200 0 0 101
2017-04-06 10:08:29 ::1 GET /images/ui-bg_flat_0_aaaaaa_40x100.png - 51722 - ::1 Mozilla/5.0+(Windows+NT+10.0;+WOW64)+AppleWebKit/537.36+(KHTML,+like+Gecko)+Chrome/56.0.2924.87+Safari/537.36 http://localhost:51722/css/site-home-css?v=AqCR0tX5sBhH20ewK0EPCDcrTk628Pi6iulHxyYTIc41 200 0 0 3
2017-04-06 10:08:29 ::1 GET /images/ui-bg_highlight-soft_75_cccccc_1x100.png - 51722 - ::1 Mozilla/5.0+(Windows+NT+10.0;+WOW64)+AppleWebKit/537.36+(KHTML,+like+Gecko)+Chrome/56.0.2924.87+Safari/537.36 http://localhost:51722/css/site-home-css?v=AqCR0tX5sBhH20ewK0EPCDcrTk628Pi6iulHxyYTIc41 200 0 0 5
#Software: Microsoft Internet Information Services 8.0
#Version: 1.0
#Date: 2017-04-06 10:09:29
#Fields: date time s-ip cs-method cs-uri-stem cs-uri-query s-port cs-username c-ip cs(User-Agent) cs(Referer) sc-status sc-substatus sc-win32-status time-taken
2017-04-06 10:09:29 ::1 GET /User/AddNewUserBankProfile - 51722 - ::1 Mozilla/5.0+(Windows+NT+10.0;+WOW64)+AppleWebKit/537.36+(KHTML,+like+Gecko)+Chrome/56.0.2924.87+Safari/537.36 - 302 0 0 5544
2017-04-06 10:09:31 ::1 GET /User/LogOn - 51722 - ::1 Mozilla/5.0+(Windows+NT+10.0;+WOW64)+AppleWebKit/537.36+(KHTML,+like+Gecko)+Chrome/56.0.2924.87+Safari/537.36 - 200 0 0 2365
2017-04-06 10:09:31 ::1 GET /__browserLink/requestData/d1b1c9745a93486b8aaad2e077086672 version=2 51722 - ::1 Mozilla/5.0+(Windows+NT+10.0;+WOW64)+AppleWebKit/537.36+(KHTML,+like+Gecko)+Chrome/56.0.2924.87+Safari/537.36 http://localhost:51722/User/LogOn 200 0 0 60
2017-04-06 10:09:44 ::1 POST /User/LogOn - 51722 - ::1 Mozilla/5.0+(Windows+NT+10.0;+WOW64)+AppleWebKit/537.36+(KHTML,+like+Gecko)+Chrome/56.0.2924.87+Safari/537.36 http://localhost:51722/User/LogOn 302 0 0 10617
2017-04-06 10:09:44 ::1 GET / - 51722 - ::1 Mozilla/5.0+(Windows+NT+10.0;+WOW64)+AppleWebKit/537.36+(KHTML,+like+Gecko)+Chrome/56.0.2924.87+Safari/537.36 http://localhost:51722/User/LogOn 302 0 0 53
2017-04-06 10:09:46 ::1 GET /Dashboard/ViewDashboard - 51722 - ::1 Mozilla/5.0+(Windows+NT+10.0;+WOW64)+AppleWebKit/537.36+(KHTML,+like+Gecko)+Chrome/56.0.2924.87+Safari/537.36 http://localhost:51722/User/LogOn 200 0 0 2277
2017-04-06 10:09:46 ::1 GET /__browserLink/requestData/a67181999e99425c8ab9028bf4f8b57d version=2 51722 - ::1 Mozilla/5.0+(Windows+NT+10.0;+WOW64)+AppleWebKit/537.36+(KHTML,+like+Gecko)+Chrome/56.0.2924.87+Safari/537.36 http://localhost:51722/Dashboard/ViewDashboard 200 0 0 100
2017-04-06 10:09:46 ::1 GET /Dashboard/getAjaxTab/1 sDate=null&eDate=null 51722 - ::1 Mozilla/5.0+(Windows+NT+10.0;+WOW64)+AppleWebKit/537.36+(KHTML,+like+Gecko)+Chrome/56.0.2924.87+Safari/537.36 http://localhost:51722/Dashboard/ViewDashboard 200 0 0 470
2017-04-06 10:09:46 ::1 GET /Scripts/v2/easy.pie.chart/jquery.easing.1.3.js _=1491473387509 51722 - ::1 Mozilla/5.0+(Windows+NT+10.0;+WOW64)+AppleWebKit/537.36+(KHTML,+like+Gecko)+Chrome/56.0.2924.87+Safari/537.36 http://localhost:51722/Dashboard/ViewDashboard 200 0 0 18
2017-04-06 10:09:46 ::1 GET /Scripts/v2/easy.pie.chart/jquery.easypiechart.min.js _=1491473387534 51722 - ::1 Mozilla/5.0+(Windows+NT+10.0;+WOW64)+AppleWebKit/537.36+(KHTML,+like+Gecko)+Chrome/56.0.2924.87+Safari/537.36 http://localhost:51722/Dashboard/ViewDashboard 200 0 0 22
2017-04-06 10:09:46 ::1 GET /Scripts/v2/morris.charts/morris.min.js _=1491473387588 51722 - ::1 Mozilla/5.0+(Windows+NT+10.0;+WOW64)+AppleWebKit/537.36+(KHTML,+like+Gecko)+Chrome/56.0.2924.87+Safari/537.36 http://localhost:51722/Dashboard/ViewDashboard 200 0 0 21
2017-04-06 10:09:46 ::1 GET /Scripts/v2/morris.charts/raphael.min.js _=1491473387620 51722 - ::1 Mozilla/5.0+(Windows+NT+10.0;+WOW64)+AppleWebKit/537.36+(KHTML,+like+Gecko)+Chrome/56.0.2924.87+Safari/537.36 http://localhost:51722/Dashboard/ViewDashboard 200 0 0 37
2017-04-06 10:09:48 ::1 GET /Dashboard/GetExpenseSubmissions/ sDate=null&eDate=null 51722 - ::1 Mozilla/5.0+(Windows+NT+10.0;+WOW64)+AppleWebKit/537.36+(KHTML,+like+Gecko)+Chrome/56.0.2924.87+Safari/537.36 http://localhost:51722/Dashboard/ViewDashboard 200 0 0 661
2017-04-06 10:09:49 ::1 GET /Dashboard/GetPayMethodsAmount/ sDate=null&eDate=null 51722 - ::1 Mozilla/5.0+(Windows+NT+10.0;+WOW64)+AppleWebKit/537.36+(KHTML,+like+Gecko)+Chrome/56.0.2924.87+Safari/537.36 http://localhost:51722/Dashboard/ViewDashboard 200 0 0 1671
2017-04-06 10:09:49 ::1 GET /Dashboard/GetExpenseApprovals/ sDate=null&eDate=null 51722 - ::1 Mozilla/5.0+(Windows+NT+10.0;+WOW64)+AppleWebKit/537.36+(KHTML,+like+Gecko)+Chrome/56.0.2924.87+Safari/537.36 http://localhost:51722/Dashboard/ViewDashboard 200 0 0 2629
2017-04-06 10:09:50 ::1 GET /Dashboard/GetExpenseTypesAmount/ sDate=null&eDate=null 51722 - ::1 Mozilla/5.0+(Windows+NT+10.0;+WOW64)+AppleWebKit/537.36+(KHTML,+like+Gecko)+Chrome/56.0.2924.87+Safari/537.36 http://localhost:51722/Dashboard/ViewDashboard 200 0 0 3148
2017-04-06 10:09:50 ::1 GET /Dashboard/GetExpensePostings/ sDate=null&eDate=null 51722 - ::1 Mozilla/5.0+(Windows+NT+10.0;+WOW64)+AppleWebKit/537.36+(KHTML,+like+Gecko)+Chrome/56.0.2924.87+Safari/537.36 http://localhost:51722/Dashboard/ViewDashboard 200 0 0 4093
2017-04-06 10:09:56 ::1 GET /User - 51722 - ::1 Mozilla/5.0+(Windows+NT+10.0;+WOW64)+AppleWebKit/537.36+(KHTML,+like+Gecko)+Chrome/56.0.2924.87+Safari/537.36 http://localhost:51722/Dashboard/ViewDashboard 200 0 0 1865
2017-04-06 10:09:56 ::1 GET /AjaxCall/GetCompanyList/ - 51722 - ::1 Mozilla/5.0+(Windows+NT+10.0;+WOW64)+AppleWebKit/537.36+(KHTML,+like+Gecko)+Chrome/56.0.2924.87+Safari/537.36 http://localhost:51722/User 200 0 0 262
2017-04-06 10:09:56 ::1 GET /__browserLink/requestData/440cf6040d144553959601e5d5e8e840 version=2 51722 - ::1 Mozilla/5.0+(Windows+NT+10.0;+WOW64)+AppleWebKit/537.36+(KHTML,+like+Gecko)+Chrome/56.0.2924.87+Safari/537.36 http://localhost:51722/User 200 0 0 121
2017-04-06 10:09:57 ::1 GET /AjaxCall/GetBusinessUnitList/ CompanyId=0 51722 - ::1 Mozilla/5.0+(Windows+NT+10.0;+WOW64)+AppleWebKit/537.36+(KHTML,+like+Gecko)+Chrome/56.0.2924.87+Safari/537.36 http://localhost:51722/User 200 0 0 956
2017-04-06 10:09:57 ::1 GET /AjaxCall/GetBusinessUnitList/ CompanyId=0 51722 - ::1 Mozilla/5.0+(Windows+NT+10.0;+WOW64)+AppleWebKit/537.36+(KHTML,+like+Gecko)+Chrome/56.0.2924.87+Safari/537.36 http://localhost:51722/User 200 0 0 81
2017-04-06 10:10:09 ::1 GET /User/Edit/278 - 51722 - ::1 Mozilla/5.0+(Windows+NT+10.0;+WOW64)+AppleWebKit/537.36+(KHTML,+like+Gecko)+Chrome/56.0.2924.87+Safari/537.36 http://localhost:51722/User 200 0 0 2005
2017-04-06 10:10:09 ::1 GET /User/GetAllEnabledTransactionMappingAccorssAllRoles _=1491473409617 51722 - ::1 Mozilla/5.0+(Windows+NT+10.0;+WOW64)+AppleWebKit/537.36+(KHTML,+like+Gecko)+Chrome/56.0.2924.87+Safari/537.36 http://localhost:51722/User/Edit/278 200 0 0 64
2017-04-06 10:10:09 ::1 GET /AjaxCall/GetCompanyList/ _=1491473409688 51722 - ::1 Mozilla/5.0+(Windows+NT+10.0;+WOW64)+AppleWebKit/537.36+(KHTML,+like+Gecko)+Chrome/56.0.2924.87+Safari/537.36 http://localhost:51722/User/Edit/278 200 0 0 144
2017-04-06 10:10:09 ::1 GET /AjaxCall/GetBusinessUnitList/ CompanyId=11&_=1491473409876 51722 - ::1 Mozilla/5.0+(Windows+NT+10.0;+WOW64)+AppleWebKit/537.36+(KHTML,+like+Gecko)+Chrome/56.0.2924.87+Safari/537.36 http://localhost:51722/User/Edit/278 200 0 0 157
2017-04-06 10:10:10 ::1 GET /__browserLink/requestData/6e0bc396de9a450d925fe08d2f144667 version=2 51722 - ::1 Mozilla/5.0+(Windows+NT+10.0;+WOW64)+AppleWebKit/537.36+(KHTML,+like+Gecko)+Chrome/56.0.2924.87+Safari/537.36 http://localhost:51722/User/Edit/278 200 0 0 182
2017-04-06 10:10:10 ::1 GET /AjaxCall/GetCostCenterList/ CompanyId=11&BusinessUnitId=34&_=1491473410045 51722 - ::1 Mozilla/5.0+(Windows+NT+10.0;+WOW64)+AppleWebKit/537.36+(KHTML,+like+Gecko)+Chrome/56.0.2924.87+Safari/537.36 http://localhost:51722/User/Edit/278 200 0 0 372
2017-04-06 10:10:10 ::1 GET /User/GetProjectConfigurationLabelInfo RoleId=41&_=1491473409690 51722 - ::1 Mozilla/5.0+(Windows+NT+10.0;+WOW64)+AppleWebKit/537.36+(KHTML,+like+Gecko)+Chrome/56.0.2924.87+Safari/537.36 http://localhost:51722/User/Edit/278 200 0 0 1162
2017-04-06 10:10:51 ::1 GET /User/PartialMiscFields UserId=278&_=1491473451141 51722 - ::1 Mozilla/5.0+(Windows+NT+10.0;+WOW64)+AppleWebKit/537.36+(KHTML,+like+Gecko)+Chrome/56.0.2924.87+Safari/537.36 http://localhost:51722/User/Edit/278 200 0 0 271
2017-04-06 10:10:53 ::1 GET /images/ui-bg_glass_75_dadada_1x400.png - 51722 - ::1 Mozilla/5.0+(Windows+NT+10.0;+WOW64)+AppleWebKit/537.36+(KHTML,+like+Gecko)+Chrome/56.0.2924.87+Safari/537.36 http://localhost:51722/css/site-home-css?v=AqCR0tX5sBhH20ewK0EPCDcrTk628Pi6iulHxyYTIc41 200 0 0 12
2017-04-06 10:10:53 ::1 GET /images/ui-icons_454545_256x240.png - 51722 - ::1 Mozilla/5.0+(Windows+NT+10.0;+WOW64)+AppleWebKit/537.36+(KHTML,+like+Gecko)+Chrome/56.0.2924.87+Safari/537.36 http://localhost:51722/css/site-home-css?v=AqCR0tX5sBhH20ewK0EPCDcrTk628Pi6iulHxyYTIc41 200 0 0 61
2017-04-06 10:10:58 ::1 GET /User/PartialAdditionalAuthorizations UserId=278&_=1491473457873 51722 - ::1 Mozilla/5.0+(Windows+NT+10.0;+WOW64)+AppleWebKit/537.36+(KHTML,+like+Gecko)+Chrome/56.0.2924.87+Safari/537.36 http://localhost:51722/User/Edit/278 200 0 0 332
2017-04-06 10:10:58 ::1 GET /AjaxCall/GetCompanyList/ _=1491473458213 51722 - ::1 Mozilla/5.0+(Windows+NT+10.0;+WOW64)+AppleWebKit/537.36+(KHTML,+like+Gecko)+Chrome/56.0.2924.87+Safari/537.36 http://localhost:51722/User/Edit/278 200 0 0 82
2017-04-06 10:10:58 ::1 GET /AjaxCall/GetRoleList/ _=1491473458214 51722 - ::1 Mozilla/5.0+(Windows+NT+10.0;+WOW64)+AppleWebKit/537.36+(KHTML,+like+Gecko)+Chrome/56.0.2924.87+Safari/537.36 http://localhost:51722/User/Edit/278 200 0 0 643
2017-04-06 10:11:21 ::1 GET /User/PartialUserReimbursableProfile UserId=278&_=1491473464231 51722 - ::1 Mozilla/5.0+(Windows+NT+10.0;+WOW64)+AppleWebKit/537.36+(KHTML,+like+Gecko)+Chrome/56.0.2924.87+Safari/537.36 http://localhost:51722/User/Edit/278 200 0 0 16934
2017-04-06 10:12:00 ::1 POST /User/PartialUserReimbursableProfile UserId=278&_=1491473464231 51722 - ::1 Mozilla/5.0+(Windows+NT+10.0;+WOW64)+AppleWebKit/537.36+(KHTML,+like+Gecko)+Chrome/56.0.2924.87+Safari/537.36 http://localhost:51722/User/Edit/278 302 0 0 31646
2017-04-06 10:12:02 ::1 GET /User/Edit/278 - 51722 - ::1 Mozilla/5.0+(Windows+NT+10.0;+WOW64)+AppleWebKit/537.36+(KHTML,+like+Gecko)+Chrome/56.0.2924.87+Safari/537.36 http://localhost:51722/User/Edit/278 200 0 0 1988
2017-04-06 10:12:02 ::1 GET /User/GetAllEnabledTransactionMappingAccorssAllRoles _=1491473523094 51722 - ::1 Mozilla/5.0+(Windows+NT+10.0;+WOW64)+AppleWebKit/537.36+(KHTML,+like+Gecko)+Chrome/56.0.2924.87+Safari/537.36 http://localhost:51722/User/Edit/278 200 0 0 33
2017-04-06 10:12:02 ::1 GET /AjaxCall/GetCompanyList/ _=1491473523137 51722 - ::1 Mozilla/5.0+(Windows+NT+10.0;+WOW64)+AppleWebKit/537.36+(KHTML,+like+Gecko)+Chrome/56.0.2924.87+Safari/537.36 http://localhost:51722/User/Edit/278 200 0 0 65
2017-04-06 10:12:02 ::1 GET /AjaxCall/GetBusinessUnitList/ CompanyId=11&_=1491473523225 51722 - ::1 Mozilla/5.0+(Windows+NT+10.0;+WOW64)+AppleWebKit/537.36+(KHTML,+like+Gecko)+Chrome/56.0.2924.87+Safari/537.36 http://localhost:51722/User/Edit/278 200 0 0 157
2017-04-06 10:12:03 ::1 GET /AjaxCall/GetCostCenterList/ CompanyId=11&BusinessUnitId=34&_=1491473523403 51722 - ::1 Mozilla/5.0+(Windows+NT+10.0;+WOW64)+AppleWebKit/537.36+(KHTML,+like+Gecko)+Chrome/56.0.2924.87+Safari/537.36 http://localhost:51722/User/Edit/278 200 0 0 418
2017-04-06 10:12:03 ::1 GET /__browserLink/requestData/3314a994685d48e6ad5d6c19e5f7e578 version=2 51722 - ::1 Mozilla/5.0+(Windows+NT+10.0;+WOW64)+AppleWebKit/537.36+(KHTML,+like+Gecko)+Chrome/56.0.2924.87+Safari/537.36 http://localhost:51722/User/Edit/278 200 0 0 400
2017-04-06 10:12:03 ::1 GET /User/GetProjectConfigurationLabelInfo RoleId=41&_=1491473523138 51722 - ::1 Mozilla/5.0+(Windows+NT+10.0;+WOW64)+AppleWebKit/537.36+(KHTML,+like+Gecko)+Chrome/56.0.2924.87+Safari/537.36 http://localhost:51722/User/Edit/278 200 0 0 743
2017-04-06 10:12:47 ::1 GET /User/PartialUserReimbursableProfile UserId=278&_=1491473554396 51722 - ::1 Mozilla/5.0+(Windows+NT+10.0;+WOW64)+AppleWebKit/537.36+(KHTML,+like+Gecko)+Chrome/56.0.2924.87+Safari/537.36 http://localhost:51722/User/Edit/278 200 0 0 13060
#Software: Microsoft Internet Information Services 8.0
#Version: 1.0
#Date: 2017-04-06 10:14:47
#Fields: date time s-ip cs-method cs-uri-stem cs-uri-query s-port cs-username c-ip cs(User-Agent) cs(Referer) sc-status sc-substatus sc-win32-status time-taken
2017-04-06 10:14:47 ::1 GET / - 51722 - ::1 Mozilla/5.0+(Windows+NT+10.0;+WOW64)+AppleWebKit/537.36+(KHTML,+like+Gecko)+Chrome/56.0.2924.87+Safari/537.36 - 302 0 0 17571
2017-04-06 10:14:55 ::1 GET /User/LogOn - 51722 - ::1 Mozilla/5.0+(Windows+NT+10.0;+WOW64)+AppleWebKit/537.36+(KHTML,+like+Gecko)+Chrome/56.0.2924.87+Safari/537.36 - 200 0 0 8251
2017-04-06 10:14:55 ::1 GET /__browserLink/requestData/75a10717b8fd499fa9f62e27692013e9 version=2 51722 - ::1 Mozilla/5.0+(Windows+NT+10.0;+WOW64)+AppleWebKit/537.36+(KHTML,+like+Gecko)+Chrome/56.0.2924.87+Safari/537.36 http://localhost:51722/User/LogOn 200 0 0 74
2017-04-06 10:15:11 ::1 POST /User/LogOn - 51722 - ::1 Mozilla/5.0+(Windows+NT+10.0;+WOW64)+AppleWebKit/537.36+(KHTML,+like+Gecko)+Chrome/56.0.2924.87+Safari/537.36 http://localhost:51722/User/LogOn 302 0 0 9021
2017-04-06 10:15:11 ::1 GET / - 51722 - ::1 Mozilla/5.0+(Windows+NT+10.0;+WOW64)+AppleWebKit/537.36+(KHTML,+like+Gecko)+Chrome/56.0.2924.87+Safari/537.36 http://localhost:51722/User/LogOn 302 0 0 36
2017-04-06 10:15:20 ::1 GET /Dashboard/ViewDashboard - 51722 - ::1 Mozilla/5.0+(Windows+NT+10.0;+WOW64)+AppleWebKit/537.36+(KHTML,+like+Gecko)+Chrome/56.0.2924.87+Safari/537.36 http://localhost:51722/User/LogOn 200 0 0 9042
2017-04-06 10:15:20 ::1 GET /__browserLink/requestData/a226f245ddd44f209504498890169bbe version=2 51722 - ::1 Mozilla/5.0+(Windows+NT+10.0;+WOW64)+AppleWebKit/537.36+(KHTML,+like+Gecko)+Chrome/56.0.2924.87+Safari/537.36 http://localhost:51722/Dashboard/ViewDashboard 200 0 0 115
2017-04-06 10:15:20 ::1 GET /Dashboard/getAjaxTab/1 sDate=null&eDate=null 51722 - ::1 Mozilla/5.0+(Windows+NT+10.0;+WOW64)+AppleWebKit/537.36+(KHTML,+like+Gecko)+Chrome/56.0.2924.87+Safari/537.36 http://localhost:51722/Dashboard/ViewDashboard 200 0 0 409
2017-04-06 10:15:20 ::1 GET /Scripts/v2/easy.pie.chart/jquery.easing.1.3.js _=1491473721625 51722 - ::1 Mozilla/5.0+(Windows+NT+10.0;+WOW64)+AppleWebKit/537.36+(KHTML,+like+Gecko)+Chrome/56.0.2924.87+Safari/537.36 http://localhost:51722/Dashboard/ViewDashboard 200 0 0 67
2017-04-06 10:15:20 ::1 GET /Scripts/v2/easy.pie.chart/jquery.easypiechart.min.js _=1491473721700 51722 - ::1 Mozilla/5.0+(Windows+NT+10.0;+WOW64)+AppleWebKit/537.36+(KHTML,+like+Gecko)+Chrome/56.0.2924.87+Safari/537.36 http://localhost:51722/Dashboard/ViewDashboard 200 0 0 31
2017-04-06 10:15:20 ::1 GET /Scripts/v2/morris.charts/morris.min.js _=1491473721746 51722 - ::1 Mozilla/5.0+(Windows+NT+10.0;+WOW64)+AppleWebKit/537.36+(KHTML,+like+Gecko)+Chrome/56.0.2924.87+Safari/537.36 http://localhost:51722/Dashboard/ViewDashboard 200 0 0 56
2017-04-06 10:15:21 ::1 GET /Scripts/v2/morris.charts/raphael.min.js _=1491473721811 51722 - ::1 Mozilla/5.0+(Windows+NT+10.0;+WOW64)+AppleWebKit/537.36+(KHTML,+like+Gecko)+Chrome/56.0.2924.87+Safari/537.36 http://localhost:51722/Dashboard/ViewDashboard 200 0 0 103
2017-04-06 10:15:23 ::1 GET /Dashboard/GetExpenseSubmissions/ sDate=null&eDate=null 51722 - ::1 Mozilla/5.0+(Windows+NT+10.0;+WOW64)+AppleWebKit/537.36+(KHTML,+like+Gecko)+Chrome/56.0.2924.87+Safari/537.36 http://localhost:51722/Dashboard/ViewDashboard 200 0 0 1600
2017-04-06 10:15:23 ::1 GET /Dashboard/GetPayMethodsAmount/ sDate=null&eDate=null 51722 - ::1 Mozilla/5.0+(Windows+NT+10.0;+WOW64)+AppleWebKit/537.36+(KHTML,+like+Gecko)+Chrome/56.0.2924.87+Safari/537.36 http://localhost:51722/Dashboard/ViewDashboard 200 0 0 2348
2017-04-06 10:15:25 ::1 GET /Dashboard/GetExpensePostings/ sDate=null&eDate=null 51722 - ::1 Mozilla/5.0+(Windows+NT+10.0;+WOW64)+AppleWebKit/537.36+(KHTML,+like+Gecko)+Chrome/56.0.2924.87+Safari/537.36 http://localhost:51722/Dashboard/ViewDashboard 200 0 0 3150
2017-04-06 10:15:25 ::1 GET /Dashboard/GetExpenseTypesAmount/ sDate=null&eDate=null 51722 - ::1 Mozilla/5.0+(Windows+NT+10.0;+WOW64)+AppleWebKit/537.36+(KHTML,+like+Gecko)+Chrome/56.0.2924.87+Safari/537.36 http://localhost:51722/Dashboard/ViewDashboard 200 0 0 4129
2017-04-06 10:15:26 ::1 GET /Dashboard/GetExpenseApprovals/ sDate=null&eDate=null 51722 - ::1 Mozilla/5.0+(Windows+NT+10.0;+WOW64)+AppleWebKit/537.36+(KHTML,+like+Gecko)+Chrome/56.0.2924.87+Safari/537.36 http://localhost:51722/Dashboard/ViewDashboard 200 0 0 4678
2017-04-06 10:15:41 ::1 GET /User - 51722 - ::1 Mozilla/5.0+(Windows+NT+10.0;+WOW64)+AppleWebKit/537.36+(KHTML,+like+Gecko)+Chrome/56.0.2924.87+Safari/537.36 http://localhost:51722/Dashboard/ViewDashboard 200 0 0 1823
2017-04-06 10:15:41 ::1 GET /AjaxCall/GetCompanyList/ - 51722 - ::1 Mozilla/5.0+(Windows+NT+10.0;+WOW64)+AppleWebKit/537.36+(KHTML,+like+Gecko)+Chrome/56.0.2924.87+Safari/537.36 http://localhost:51722/User 200 0 0 148
2017-04-06 10:15:42 ::1 GET /__browserLink/requestData/65be209107d2420ab081bd97d9e2a1be version=2 51722 - ::1 Mozilla/5.0+(Windows+NT+10.0;+WOW64)+AppleWebKit/537.36+(KHTML,+like+Gecko)+Chrome/56.0.2924.87+Safari/537.36 http://localhost:51722/User 200 0 0 69
2017-04-06 10:15:42 ::1 GET /AjaxCall/GetBusinessUnitList/ CompanyId=0 51722 - ::1 Mozilla/5.0+(Windows+NT+10.0;+WOW64)+AppleWebKit/537.36+(KHTML,+like+Gecko)+Chrome/56.0.2924.87+Safari/537.36 http://localhost:51722/User 200 0 0 1206
2017-04-06 10:15:42 ::1 GET /AjaxCall/GetBusinessUnitList/ CompanyId=0 51722 - ::1 Mozilla/5.0+(Windows+NT+10.0;+WOW64)+AppleWebKit/537.36+(KHTML,+like+Gecko)+Chrome/56.0.2924.87+Safari/537.36 http://localhost:51722/User 200 0 0 54
2017-04-06 10:15:49 ::1 GET /User/Edit/277 - 51722 - ::1 Mozilla/5.0+(Windows+NT+10.0;+WOW64)+AppleWebKit/537.36+(KHTML,+like+Gecko)+Chrome/56.0.2924.87+Safari/537.36 http://localhost:51722/User 200 0 0 1358
2017-04-06 10:15:49 ::1 GET /User/GetAllEnabledTransactionMappingAccorssAllRoles _=1491473749819 51722 - ::1 Mozilla/5.0+(Windows+NT+10.0;+WOW64)+AppleWebKit/537.36+(KHTML,+like+Gecko)+Chrome/56.0.2924.87+Safari/537.36 http://localhost:51722/User/Edit/277 200 0 0 52
2017-04-06 10:15:49 ::1 GET /AjaxCall/GetCompanyList/ _=1491473749877 51722 - ::1 Mozilla/5.0+(Windows+NT+10.0;+WOW64)+AppleWebKit/537.36+(KHTML,+like+Gecko)+Chrome/56.0.2924.87+Safari/537.36 http://localhost:51722/User/Edit/277 200 0 0 81
2017-04-06 10:15:49 ::1 GET /AjaxCall/GetBusinessUnitList/ CompanyId=11&_=1491473750006 51722 - ::1 Mozilla/5.0+(Windows+NT+10.0;+WOW64)+AppleWebKit/537.36+(KHTML,+like+Gecko)+Chrome/56.0.2924.87+Safari/537.36 http://localhost:51722/User/Edit/277 200 0 0 155
2017-04-06 10:15:49 ::1 GET /__browserLink/requestData/3c2ceb50cfb848fd90200669abe52f7b version=2 51722 - ::1 Mozilla/5.0+(Windows+NT+10.0;+WOW64)+AppleWebKit/537.36+(KHTML,+like+Gecko)+Chrome/56.0.2924.87+Safari/537.36 http://localhost:51722/User/Edit/277 200 0 0 127
2017-04-06 10:15:50 ::1 GET /AjaxCall/GetCostCenterList/ CompanyId=11&BusinessUnitId=34&_=1491473750206 51722 - ::1 Mozilla/5.0+(Windows+NT+10.0;+WOW64)+AppleWebKit/537.36+(KHTML,+like+Gecko)+Chrome/56.0.2924.87+Safari/537.36 http://localhost:51722/User/Edit/277 200 0 0 311
2017-04-06 10:15:50 ::1 GET /User/GetProjectConfigurationLabelInfo RoleId=41&_=1491473749878 51722 - ::1 Mozilla/5.0+(Windows+NT+10.0;+WOW64)+AppleWebKit/537.36+(KHTML,+like+Gecko)+Chrome/56.0.2924.87+Safari/537.36 http://localhost:51722/User/Edit/277 200 0 0 1075
2017-04-06 10:16:01 ::1 GET /User/PartialUserReimbursableProfile UserId=277&_=1491473754648 51722 - ::1 Mozilla/5.0+(Windows+NT+10.0;+WOW64)+AppleWebKit/537.36+(KHTML,+like+Gecko)+Chrome/56.0.2924.87+Safari/537.36 http://localhost:51722/User/Edit/277 200 0 0 6843
#Software: Microsoft Internet Information Services 8.0
#Version: 1.0
#Date: 2017-04-06 10:21:42
#Fields: date time s-ip cs-method cs-uri-stem cs-uri-query s-port cs-username c-ip cs(User-Agent) cs(Referer) sc-status sc-substatus sc-win32-status time-taken
2017-04-06 10:21:42 ::1 GET / - 51722 - ::1 Mozilla/5.0+(Windows+NT+10.0;+WOW64)+AppleWebKit/537.36+(KHTML,+like+Gecko)+Chrome/56.0.2924.87+Safari/537.36 - 302 0 0 15904
2017-04-06 10:21:51 ::1 GET /User/LogOn - 51722 - ::1 Mozilla/5.0+(Windows+NT+10.0;+WOW64)+AppleWebKit/537.36+(KHTML,+like+Gecko)+Chrome/56.0.2924.87+Safari/537.36 - 200 0 0 9179
2017-04-06 10:21:51 ::1 GET /__browserLink/requestData/06cce4659d794416af8a57e0ad6fab92 version=2 51722 - ::1 Mozilla/5.0+(Windows+NT+10.0;+WOW64)+AppleWebKit/537.36+(KHTML,+like+Gecko)+Chrome/56.0.2924.87+Safari/537.36 http://localhost:51722/User/LogOn 200 0 0 109
2017-04-06 10:22:09 ::1 POST /User/LogOn - 51722 - ::1 Mozilla/5.0+(Windows+NT+10.0;+WOW64)+AppleWebKit/537.36+(KHTML,+like+Gecko)+Chrome/56.0.2924.87+Safari/537.36 http://localhost:51722/User/LogOn 302 0 0 7225
2017-04-06 10:22:09 ::1 GET / - 51722 - ::1 Mozilla/5.0+(Windows+NT+10.0;+WOW64)+AppleWebKit/537.36+(KHTML,+like+Gecko)+Chrome/56.0.2924.87+Safari/537.36 http://localhost:51722/User/LogOn 302 0 0 37
2017-04-06 10:22:17 ::1 GET /Dashboard/ViewDashboard - 51722 - ::1 Mozilla/5.0+(Windows+NT+10.0;+WOW64)+AppleWebKit/537.36+(KHTML,+like+Gecko)+Chrome/56.0.2924.87+Safari/537.36 http://localhost:51722/User/LogOn 200 0 0 8530
2017-04-06 10:22:17 ::1 GET /__browserLink/requestData/6283e95b33e94156880d072db0f2cd42 version=2 51722 - ::1 Mozilla/5.0+(Windows+NT+10.0;+WOW64)+AppleWebKit/537.36+(KHTML,+like+Gecko)+Chrome/56.0.2924.87+Safari/537.36 http://localhost:51722/Dashboard/ViewDashboard 200 0 0 76
2017-04-06 10:22:17 ::1 GET /Dashboard/getAjaxTab/1 sDate=null&eDate=null 51722 - ::1 Mozilla/5.0+(Windows+NT+10.0;+WOW64)+AppleWebKit/537.36+(KHTML,+like+Gecko)+Chrome/56.0.2924.87+Safari/537.36 http://localhost:51722/Dashboard/ViewDashboard 200 0 0 412
2017-04-06 10:22:17 ::1 GET /Scripts/v2/easy.pie.chart/jquery.easing.1.3.js _=1491474138569 51722 - ::1 Mozilla/5.0+(Windows+NT+10.0;+WOW64)+AppleWebKit/537.36+(KHTML,+like+Gecko)+Chrome/56.0.2924.87+Safari/537.36 http://localhost:51722/Dashboard/ViewDashboard 200 0 0 60
2017-04-06 10:22:17 ::1 GET /Scripts/v2/easy.pie.chart/jquery.easypiechart.min.js _=1491474138666 51722 - ::1 Mozilla/5.0+(Windows+NT+10.0;+WOW64)+AppleWebKit/537.36+(KHTML,+like+Gecko)+Chrome/56.0.2924.87+Safari/537.36 http://localhost:51722/Dashboard/ViewDashboard 200 0 0 22
2017-04-06 10:22:17 ::1 GET /Scripts/v2/morris.charts/morris.min.js _=1491474138694 51722 - ::1 Mozilla/5.0+(Windows+NT+10.0;+WOW64)+AppleWebKit/537.36+(KHTML,+like+Gecko)+Chrome/56.0.2924.87+Safari/537.36 http://localhost:51722/Dashboard/ViewDashboard 200 0 0 54
2017-04-06 10:22:18 ::1 GET /Scripts/v2/morris.charts/raphael.min.js _=1491474138757 51722 - ::1 Mozilla/5.0+(Windows+NT+10.0;+WOW64)+AppleWebKit/537.36+(KHTML,+like+Gecko)+Chrome/56.0.2924.87+Safari/537.36 http://localhost:51722/Dashboard/ViewDashboard 200 0 0 123
2017-04-06 10:22:20 ::1 GET /Dashboard/GetExpenseTypesAmount/ sDate=null&eDate=null 51722 - ::1 Mozilla/5.0+(Windows+NT+10.0;+WOW64)+AppleWebKit/537.36+(KHTML,+like+Gecko)+Chrome/56.0.2924.87+Safari/537.36 http://localhost:51722/Dashboard/ViewDashboard 200 0 0 1610
2017-04-06 10:22:21 ::1 GET /Dashboard/GetExpensePostings/ sDate=null&eDate=null 51722 - ::1 Mozilla/5.0+(Windows+NT+10.0;+WOW64)+AppleWebKit/537.36+(KHTML,+like+Gecko)+Chrome/56.0.2924.87+Safari/537.36 http://localhost:51722/Dashboard/ViewDashboard 200 0 0 2624
2017-04-06 10:22:21 ::1 GET /Dashboard/GetExpenseApprovals/ sDate=null&eDate=null 51722 - ::1 Mozilla/5.0+(Windows+NT+10.0;+WOW64)+AppleWebKit/537.36+(KHTML,+like+Gecko)+Chrome/56.0.2924.87+Safari/537.36 http://localhost:51722/Dashboard/ViewDashboard 200 0 0 3092
2017-04-06 10:22:22 ::1 GET /Dashboard/GetPayMethodsAmount/ sDate=null&eDate=null 51722 - ::1 Mozilla/5.0+(Windows+NT+10.0;+WOW64)+AppleWebKit/537.36+(KHTML,+like+Gecko)+Chrome/56.0.2924.87+Safari/537.36 http://localhost:51722/Dashboard/ViewDashboard 200 0 0 3663
2017-04-06 10:22:22 ::1 GET /Dashboard/GetExpenseSubmissions/ sDate=null&eDate=null 51722 - ::1 Mozilla/5.0+(Windows+NT+10.0;+WOW64)+AppleWebKit/537.36+(KHTML,+like+Gecko)+Chrome/56.0.2924.87+Safari/537.36 http://localhost:51722/Dashboard/ViewDashboard 200 0 0 4437
2017-04-06 10:22:25 ::1 GET /User - 51722 - ::1 Mozilla/5.0+(Windows+NT+10.0;+WOW64)+AppleWebKit/537.36+(KHTML,+like+Gecko)+Chrome/56.0.2924.87+Safari/537.36 http://localhost:51722/Dashboard/ViewDashboard 200 0 0 1687
2017-04-06 10:22:25 ::1 GET /__browserLink/requestData/5837e698a0ac40aca7b62cc0a8f21b46 version=2 51722 - ::1 Mozilla/5.0+(Windows+NT+10.0;+WOW64)+AppleWebKit/537.36+(KHTML,+like+Gecko)+Chrome/56.0.2924.87+Safari/537.36 http://localhost:51722/User 200 0 0 83
2017-04-06 10:22:27 ::1 GET /AjaxCall/GetBusinessUnitList/ CompanyId=0 51722 - ::1 Mozilla/5.0+(Windows+NT+10.0;+WOW64)+AppleWebKit/537.36+(KHTML,+like+Gecko)+Chrome/56.0.2924.87+Safari/537.36 http://localhost:51722/User 200 0 0 837
2017-04-06 10:22:27 ::1 GET /AjaxCall/GetCompanyList/ - 51722 - ::1 Mozilla/5.0+(Windows+NT+10.0;+WOW64)+AppleWebKit/537.36+(KHTML,+like+Gecko)+Chrome/56.0.2924.87+Safari/537.36 http://localhost:51722/User 200 0 0 1138
2017-04-06 10:22:27 ::1 GET /AjaxCall/GetBusinessUnitList/ CompanyId=0 51722 - ::1 Mozilla/5.0+(Windows+NT+10.0;+WOW64)+AppleWebKit/537.36+(KHTML,+like+Gecko)+Chrome/56.0.2924.87+Safari/537.36 http://localhost:51722/User 200 0 0 62
2017-04-06 10:23:09 ::1 GET /User/Edit/277 - 51722 - ::1 Mozilla/5.0+(Windows+NT+10.0;+WOW64)+AppleWebKit/537.36+(KHTML,+like+Gecko)+Chrome/56.0.2924.87+Safari/537.36 http://localhost:51722/User 200 0 0 1404
2017-04-06 10:23:09 ::1 GET /User/GetAllEnabledTransactionMappingAccorssAllRoles _=1491474190009 51722 - ::1 Mozilla/5.0+(Windows+NT+10.0;+WOW64)+AppleWebKit/537.36+(KHTML,+like+Gecko)+Chrome/56.0.2924.87+Safari/537.36 http://localhost:51722/User/Edit/277 200 0 0 50
2017-04-06 10:23:09 ::1 GET /AjaxCall/GetCompanyList/ _=1491474190066 51722 - ::1 Mozilla/5.0+(Windows+NT+10.0;+WOW64)+AppleWebKit/537.36+(KHTML,+like+Gecko)+Chrome/56.0.2924.87+Safari/537.36 http://localhost:51722/User/Edit/277 200 0 0 101
2017-04-06 10:23:09 ::1 GET /AjaxCall/GetBusinessUnitList/ CompanyId=11&_=1491474190209 51722 - ::1 Mozilla/5.0+(Windows+NT+10.0;+WOW64)+AppleWebKit/537.36+(KHTML,+like+Gecko)+Chrome/56.0.2924.87+Safari/537.36 http://localhost:51722/User/Edit/277 200 0 0 118
2017-04-06 10:23:09 ::1 GET /AjaxCall/GetCostCenterList/ CompanyId=11&BusinessUnitId=34&_=1491474190359 51722 - ::1 Mozilla/5.0+(Windows+NT+10.0;+WOW64)+AppleWebKit/537.36+(KHTML,+like+Gecko)+Chrome/56.0.2924.87+Safari/537.36 http://localhost:51722/User/Edit/277 200 0 0 282
2017-04-06 10:23:10 ::1 GET /User/GetProjectConfigurationLabelInfo RoleId=41&_=1491474190068 51722 - ::1 Mozilla/5.0+(Windows+NT+10.0;+WOW64)+AppleWebKit/537.36+(KHTML,+like+Gecko)+Chrome/56.0.2924.87+Safari/537.36 http://localhost:51722/User/Edit/277 200 0 0 680
2017-04-06 10:23:10 ::1 GET /__browserLink/requestData/c5d532a36ad0494cbeb05ac9a659aa48 version=2 51722 - ::1 Mozilla/5.0+(Windows+NT+10.0;+WOW64)+AppleWebKit/537.36+(KHTML,+like+Gecko)+Chrome/56.0.2924.87+Safari/537.36 http://localhost:51722/User/Edit/277 200 0 0 42
2017-04-06 10:23:20 ::1 GET /User/PartialUserReimbursableProfile UserId=277&_=1491474192427 51722 - ::1 Mozilla/5.0+(Windows+NT+10.0;+WOW64)+AppleWebKit/537.36+(KHTML,+like+Gecko)+Chrome/56.0.2924.87+Safari/537.36 http://localhost:51722/User/Edit/277 200 0 0 7914
2017-04-06 10:23:57 ::1 POST /User/PartialUserReimbursableProfile UserId=277&_=1491474192427 51722 - ::1 Mozilla/5.0+(Windows+NT+10.0;+WOW64)+AppleWebKit/537.36+(KHTML,+like+Gecko)+Chrome/56.0.2924.87+Safari/537.36 http://localhost:51722/User/Edit/277 500 0 0 27922
2017-04-06 10:24:08 ::1 GET /User/GetAllEnabledTransactionMappingAccorssAllRoles _=1491474248846 51722 - ::1 Mozilla/5.0+(Windows+NT+10.0;+WOW64)+AppleWebKit/537.36+(KHTML,+like+Gecko)+Chrome/56.0.2924.87+Safari/537.36 http://localhost:51722/User/Edit/277 200 0 0 40
2017-04-06 10:24:08 ::1 GET /AjaxCall/GetCompanyList/ _=1491474248893 51722 - ::1 Mozilla/5.0+(Windows+NT+10.0;+WOW64)+AppleWebKit/537.36+(KHTML,+like+Gecko)+Chrome/56.0.2924.87+Safari/537.36 http://localhost:51722/User/Edit/277 200 0 0 155
2017-04-06 10:24:08 ::1 GET /AjaxCall/GetBusinessUnitList/ CompanyId=11&_=1491474249084 51722 - ::1 Mozilla/5.0+(Windows+NT+10.0;+WOW64)+AppleWebKit/537.36+(KHTML,+like+Gecko)+Chrome/56.0.2924.87+Safari/537.36 http://localhost:51722/User/Edit/277 200 0 0 176
2017-04-06 10:24:08 ::1 GET /AjaxCall/GetCostCenterList/ CompanyId=11&BusinessUnitId=34&_=1491474249263 51722 - ::1 Mozilla/5.0+(Windows+NT+10.0;+WOW64)+AppleWebKit/537.36+(KHTML,+like+Gecko)+Chrome/56.0.2924.87+Safari/537.36 http://localhost:51722/User/Edit/277 200 0 0 187
2017-04-06 10:24:09 ::1 GET /User/GetProjectConfigurationLabelInfo RoleId=41&_=1491474248894 51722 - ::1 Mozilla/5.0+(Windows+NT+10.0;+WOW64)+AppleWebKit/537.36+(KHTML,+like+Gecko)+Chrome/56.0.2924.87+Safari/537.36 http://localhost:51722/User/Edit/277 200 0 0 1068
2017-04-06 10:24:18 ::1 GET /User/PartialUserReimbursableProfile UserId=277&_=1491474251588 51722 - ::1 Mozilla/5.0+(Windows+NT+10.0;+WOW64)+AppleWebKit/537.36+(KHTML,+like+Gecko)+Chrome/56.0.2924.87+Safari/537.36 http://localhost:51722/User/Edit/277 200 0 0 6947
