#Software: Microsoft Internet Information Services 8.0
#Version: 1.0
#Date: 2017-03-02 14:48:23
#Fields: date time s-ip cs-method cs-uri-stem cs-uri-query s-port cs-username c-ip cs(User-Agent) cs(Referer) sc-status sc-substatus sc-win32-status time-taken
2017-03-02 14:48:23 ::1 GET / - 51722 - ::1 Mozilla/5.0+(Windows+NT+10.0;+WOW64)+AppleWebKit/537.36+(KHTML,+like+Gecko)+Chrome/56.0.2924.87+Safari/537.36 - 302 0 0 22180
2017-03-02 14:48:31 ::1 GET /User/LogOn - 51722 - ::1 Mozilla/5.0+(Windows+NT+10.0;+WOW64)+AppleWebKit/537.36+(KHTML,+like+Gecko)+Chrome/56.0.2924.87+Safari/537.36 - 200 0 0 7409
2017-03-02 14:48:32 ::1 GET /__browserLink/requestData/73fcc47abd6d450d941c326c97de9a4e version=2 51722 - ::1 Mozilla/5.0+(Windows+NT+10.0;+WOW64)+AppleWebKit/537.36+(KHTML,+like+Gecko)+Chrome/56.0.2924.87+Safari/537.36 http://localhost:51722/User/LogOn 200 0 0 146
2017-03-02 14:48:44 ::1 POST /User/LogOn - 51722 - ::1 Mozilla/5.0+(Windows+NT+10.0;+WOW64)+AppleWebKit/537.36+(KHTML,+like+Gecko)+Chrome/56.0.2924.87+Safari/537.36 http://localhost:51722/User/LogOn 302 0 0 7285
2017-03-02 14:48:44 ::1 GET / - 51722 - ::1 Mozilla/5.0+(Windows+NT+10.0;+WOW64)+AppleWebKit/537.36+(KHTML,+like+Gecko)+Chrome/56.0.2924.87+Safari/537.36 http://localhost:51722/User/LogOn 302 0 0 34
2017-03-02 14:48:55 ::1 GET /Dashboard/ViewDashboard - 51722 - ::1 Mozilla/5.0+(Windows+NT+10.0;+WOW64)+AppleWebKit/537.36+(KHTML,+like+Gecko)+Chrome/56.0.2924.87+Safari/537.36 http://localhost:51722/User/LogOn 200 0 0 11064
2017-03-02 14:48:58 ::1 GET /__browserLink/requestData/3de5841725c44c93a7329eaac1237bb8 version=2 51722 - ::1 Mozilla/5.0+(Windows+NT+10.0;+WOW64)+AppleWebKit/537.36+(KHTML,+like+Gecko)+Chrome/56.0.2924.87+Safari/537.36 http://localhost:51722/Dashboard/ViewDashboard 200 0 0 763
2017-03-02 14:48:58 ::1 GET /Dashboard/getAjaxTab/1 sDate=null&eDate=null 51722 - ::1 Mozilla/5.0+(Windows+NT+10.0;+WOW64)+AppleWebKit/537.36+(KHTML,+like+Gecko)+Chrome/56.0.2924.87+Safari/537.36 http://localhost:51722/Dashboard/ViewDashboard 200 0 0 1953
2017-03-02 14:48:58 ::1 GET /Scripts/v2/easy.pie.chart/jquery.easing.1.3.js _=1488466139307 51722 - ::1 Mozilla/5.0+(Windows+NT+10.0;+WOW64)+AppleWebKit/537.36+(KHTML,+like+Gecko)+Chrome/56.0.2924.87+Safari/537.36 http://localhost:51722/Dashboard/ViewDashboard 200 0 0 75
2017-03-02 14:48:58 ::1 GET /Scripts/v2/easy.pie.chart/jquery.easypiechart.min.js _=1488466139397 51722 - ::1 Mozilla/5.0+(Windows+NT+10.0;+WOW64)+AppleWebKit/537.36+(KHTML,+like+Gecko)+Chrome/56.0.2924.87+Safari/537.36 http://localhost:51722/Dashboard/ViewDashboard 200 0 0 20
2017-03-02 14:48:59 ::1 GET /Scripts/v2/morris.charts/morris.min.js _=1488466139452 51722 - ::1 Mozilla/5.0+(Windows+NT+10.0;+WOW64)+AppleWebKit/537.36+(KHTML,+like+Gecko)+Chrome/56.0.2924.87+Safari/537.36 http://localhost:51722/Dashboard/ViewDashboard 200 0 0 56
2017-03-02 14:48:59 ::1 GET /Scripts/v2/morris.charts/raphael.min.js _=1488466139536 51722 - ::1 Mozilla/5.0+(Windows+NT+10.0;+WOW64)+AppleWebKit/537.36+(KHTML,+like+Gecko)+Chrome/56.0.2924.87+Safari/537.36 http://localhost:51722/Dashboard/ViewDashboard 200 0 0 24
2017-03-02 14:49:06 ::1 GET /Dashboard/GetExpenseTypesAmount/ sDate=null&eDate=null 51722 - ::1 Mozilla/5.0+(Windows+NT+10.0;+WOW64)+AppleWebKit/537.36+(KHTML,+like+Gecko)+Chrome/56.0.2924.87+Safari/537.36 http://localhost:51722/Dashboard/ViewDashboard 200 0 0 6265
2017-03-02 14:49:07 ::1 GET /Dashboard/GetExpenseSubmissions/ sDate=null&eDate=null 51722 - ::1 Mozilla/5.0+(Windows+NT+10.0;+WOW64)+AppleWebKit/537.36+(KHTML,+like+Gecko)+Chrome/56.0.2924.87+Safari/537.36 http://localhost:51722/Dashboard/ViewDashboard 200 0 0 7402
2017-03-02 14:49:09 ::1 GET /Dashboard/GetPayMethodsAmount/ sDate=null&eDate=null 51722 - ::1 Mozilla/5.0+(Windows+NT+10.0;+WOW64)+AppleWebKit/537.36+(KHTML,+like+Gecko)+Chrome/56.0.2924.87+Safari/537.36 http://localhost:51722/Dashboard/ViewDashboard 200 0 0 9260
2017-03-02 14:49:11 ::1 GET /Dashboard/GetExpenseApprovals/ sDate=null&eDate=null 51722 - ::1 Mozilla/5.0+(Windows+NT+10.0;+WOW64)+AppleWebKit/537.36+(KHTML,+like+Gecko)+Chrome/56.0.2924.87+Safari/537.36 http://localhost:51722/Dashboard/ViewDashboard 200 0 0 11309
2017-03-02 14:49:12 ::1 GET /Dashboard/GetExpensePostings/ sDate=null&eDate=null 51722 - ::1 Mozilla/5.0+(Windows+NT+10.0;+WOW64)+AppleWebKit/537.36+(KHTML,+like+Gecko)+Chrome/56.0.2924.87+Safari/537.36 http://localhost:51722/Dashboard/ViewDashboard 200 0 0 12769
2017-03-02 14:53:17 ::1 GET /ExpenseDetail - 51722 - ::1 Mozilla/5.0+(Windows+NT+10.0;+WOW64)+AppleWebKit/537.36+(KHTML,+like+Gecko)+Chrome/56.0.2924.87+Safari/537.36 http://localhost:51722/Dashboard/ViewDashboard 200 0 0 17598
2017-03-02 14:53:17 ::1 GET /__browserLink/requestData/a440d5342a1e4926b845f5ef2a927b7b version=2 51722 - ::1 Mozilla/5.0+(Windows+NT+10.0;+WOW64)+AppleWebKit/537.36+(KHTML,+like+Gecko)+Chrome/56.0.2924.87+Safari/537.36 http://localhost:51722/ExpenseDetail 200 0 0 27
2017-03-02 14:53:35 ::1 GET /ExpenseDetail/PartialEdit id=9614&_=1488466412766 51722 - ::1 Mozilla/5.0+(Windows+NT+10.0;+WOW64)+AppleWebKit/537.36+(KHTML,+like+Gecko)+Chrome/56.0.2924.87+Safari/537.36 http://localhost:51722/ExpenseDetail 200 0 0 3146
2017-03-02 14:53:35 ::1 GET /Scripts/v2/jquery.validate.unobtrusive.js _=1488466415924 51722 - ::1 Mozilla/5.0+(Windows+NT+10.0;+WOW64)+AppleWebKit/537.36+(KHTML,+like+Gecko)+Chrome/56.0.2924.87+Safari/537.36 http://localhost:51722/ExpenseDetail 200 0 0 8
2017-03-02 14:53:35 ::1 GET /Scripts/chosen/chosen.jquery.js _=1488466415944 51722 - ::1 Mozilla/5.0+(Windows+NT+10.0;+WOW64)+AppleWebKit/537.36+(KHTML,+like+Gecko)+Chrome/56.0.2924.87+Safari/537.36 http://localhost:51722/ExpenseDetail 200 0 0 19
2017-03-02 14:53:35 ::1 GET /ExpenseDetail/GetMileageRate transactionDate=1/27/2017&UserId=50&_=1488466415981 51722 - ::1 Mozilla/5.0+(Windows+NT+10.0;+WOW64)+AppleWebKit/537.36+(KHTML,+like+Gecko)+Chrome/56.0.2924.87+Safari/537.36 http://localhost:51722/ExpenseDetail 200 0 0 78
2017-03-02 14:53:35 ::1 GET /PayMethod/GetPayMethodIsReimbursable MethodId=2&_=1488466416089 51722 - ::1 Mozilla/5.0+(Windows+NT+10.0;+WOW64)+AppleWebKit/537.36+(KHTML,+like+Gecko)+Chrome/56.0.2924.87+Safari/537.36 http://localhost:51722/ExpenseDetail 200 0 0 47
2017-03-02 14:53:35 ::1 GET /ExpenseDetail/GetExpenseTypePolicyAmount ExpenseTypeId=481&_=1488466416090 51722 - ::1 Mozilla/5.0+(Windows+NT+10.0;+WOW64)+AppleWebKit/537.36+(KHTML,+like+Gecko)+Chrome/56.0.2924.87+Safari/537.36 http://localhost:51722/ExpenseDetail 200 0 0 712
2017-03-02 14:53:37 ::1 GET /AjaxCall/GetApproverList/ ProjectId=null&_=1488466416845 51722 - ::1 Mozilla/5.0+(Windows+NT+10.0;+WOW64)+AppleWebKit/537.36+(KHTML,+like+Gecko)+Chrome/56.0.2924.87+Safari/537.36 http://localhost:51722/ExpenseDetail 200 0 0 384
2017-03-02 14:53:37 ::1 GET /User/GetEmployees _=1488466417259 51722 - ::1 Mozilla/5.0+(Windows+NT+10.0;+WOW64)+AppleWebKit/537.36+(KHTML,+like+Gecko)+Chrome/56.0.2924.87+Safari/537.36 http://localhost:51722/ExpenseDetail 200 0 0 301
2017-03-02 14:54:41 ::1 POST /ExpenseDetail/PartialEdit - 51722 - ::1 Mozilla/5.0+(Windows+NT+10.0;+WOW64)+AppleWebKit/537.36+(KHTML,+like+Gecko)+Chrome/56.0.2924.87+Safari/537.36 http://localhost:51722/ExpenseDetail 302 0 0 31834
2017-03-02 14:54:43 ::1 GET /ExpenseDetail page=0&tab=0&source=All&day=0&employee=0&payMethod=0 51722 - ::1 Mozilla/5.0+(Windows+NT+10.0;+WOW64)+AppleWebKit/537.36+(KHTML,+like+Gecko)+Chrome/56.0.2924.87+Safari/537.36 http://localhost:51722/ExpenseDetail 200 0 0 2605
2017-03-02 14:54:43 ::1 GET /__browserLink/requestData/7371498b55a241c18c423791dfc9ea88 version=2 51722 - ::1 Mozilla/5.0+(Windows+NT+10.0;+WOW64)+AppleWebKit/537.36+(KHTML,+like+Gecko)+Chrome/56.0.2924.87+Safari/537.36 http://localhost:51722/ExpenseDetail?page=0&tab=0&source=All&day=0&employee=0&payMethod=0 200 0 0 117
2017-03-02 14:54:48 ::1 GET /ExpenseDetail/PartialEdit id=9614&_=1488466487567 51722 - ::1 Mozilla/5.0+(Windows+NT+10.0;+WOW64)+AppleWebKit/537.36+(KHTML,+like+Gecko)+Chrome/56.0.2924.87+Safari/537.36 http://localhost:51722/ExpenseDetail?page=0&tab=0&source=All&day=0&employee=0&payMethod=0 200 0 0 922
2017-03-02 14:54:48 ::1 GET /Scripts/v2/jquery.validate.unobtrusive.js _=1488466488506 51722 - ::1 Mozilla/5.0+(Windows+NT+10.0;+WOW64)+AppleWebKit/537.36+(KHTML,+like+Gecko)+Chrome/56.0.2924.87+Safari/537.36 http://localhost:51722/ExpenseDetail?page=0&tab=0&source=All&day=0&employee=0&payMethod=0 200 0 0 17
2017-03-02 14:54:48 ::1 GET /Scripts/chosen/chosen.jquery.js _=1488466488532 51722 - ::1 Mozilla/5.0+(Windows+NT+10.0;+WOW64)+AppleWebKit/537.36+(KHTML,+like+Gecko)+Chrome/56.0.2924.87+Safari/537.36 http://localhost:51722/ExpenseDetail?page=0&tab=0&source=All&day=0&employee=0&payMethod=0 200 0 0 13
