#Software: Microsoft Internet Information Services 8.0
#Version: 1.0
#Date: 2017-01-25 07:54:57
#Fields: date time s-ip cs-method cs-uri-stem cs-uri-query s-port cs-username c-ip cs(User-Agent) cs(Referer) sc-status sc-substatus sc-win32-status time-taken
2017-01-25 07:54:57 ::1 GET / - 51722 - ::1 Mozilla/5.0+(Windows+NT+10.0;+WOW64)+AppleWebKit/537.36+(KHTML,+like+Gecko)+Chrome/55.0.2883.87+Safari/537.36 - 302 0 0 39832
2017-01-25 07:55:07 ::1 GET /User/LogOn - 51722 - ::1 Mozilla/5.0+(Windows+NT+10.0;+WOW64)+AppleWebKit/537.36+(KHTML,+like+Gecko)+Chrome/55.0.2883.87+Safari/537.36 - 200 0 0 9887
2017-01-25 07:55:09 ::1 GET /__browserLink/requestData/497d7ec6a5cf43a0b507b5cab71425cf version=2 51722 - ::1 Mozilla/5.0+(Windows+NT+10.0;+WOW64)+AppleWebKit/537.36+(KHTML,+like+Gecko)+Chrome/55.0.2883.87+Safari/537.36 http://localhost:51722/User/LogOn 200 0 0 140
2017-01-25 07:55:51 ::1 POST /User/LogOn - 51722 - ::1 Mozilla/5.0+(Windows+NT+10.0;+WOW64)+AppleWebKit/537.36+(KHTML,+like+Gecko)+Chrome/55.0.2883.87+Safari/537.36 http://localhost:51722/User/LogOn 302 0 0 13517
2017-01-25 07:56:11 ::1 GET / - 51722 - ::1 Mozilla/5.0+(Windows+NT+10.0;+WOW64)+AppleWebKit/537.36+(KHTML,+like+Gecko)+Chrome/55.0.2883.87+Safari/537.36 http://localhost:51722/User/LogOn 200 0 0 19894
2017-01-25 07:56:11 ::1 GET /__browserLink/requestData/e63d61827af046b7a76a543eaab521fb version=2 51722 - ::1 Mozilla/5.0+(Windows+NT+10.0;+WOW64)+AppleWebKit/537.36+(KHTML,+like+Gecko)+Chrome/55.0.2883.87+Safari/537.36 http://localhost:51722/ 200 0 0 56
2017-01-25 07:56:20 ::1 GET /Expense/Create - 51722 - ::1 Mozilla/5.0+(Windows+NT+10.0;+WOW64)+AppleWebKit/537.36+(KHTML,+like+Gecko)+Chrome/55.0.2883.87+Safari/537.36 http://localhost:51722/ 200 0 0 2641
2017-01-25 07:56:20 ::1 GET /Expense/GetTravelTypeHeaderMapping TravelTypeId=17 51722 - ::1 Mozilla/5.0+(Windows+NT+10.0;+WOW64)+AppleWebKit/537.36+(KHTML,+like+Gecko)+Chrome/55.0.2883.87+Safari/537.36 http://localhost:51722/Expense/Create 200 0 0 152
2017-01-25 07:56:21 ::1 GET /__browserLink/requestData/3c67b0fc9d2043ec815c475d9b06b6c4 version=2 51722 - ::1 Mozilla/5.0+(Windows+NT+10.0;+WOW64)+AppleWebKit/537.36+(KHTML,+like+Gecko)+Chrome/55.0.2883.87+Safari/537.36 http://localhost:51722/Expense/Create 200 0 0 15
2017-01-25 07:56:21 ::1 GET /TravelType/IsSubTravelCashAdvanced TravelTypeId=17 51722 - ::1 Mozilla/5.0+(Windows+NT+10.0;+WOW64)+AppleWebKit/537.36+(KHTML,+like+Gecko)+Chrome/55.0.2883.87+Safari/537.36 http://localhost:51722/Expense/Create 200 0 0 792
2017-01-25 07:56:57 ::1 POST /Expense/Create - 51722 - ::1 Mozilla/5.0+(Windows+NT+10.0;+WOW64)+AppleWebKit/537.36+(KHTML,+like+Gecko)+Chrome/55.0.2883.87+Safari/537.36 http://localhost:51722/Expense/Create 302 0 0 1214
2017-01-25 07:57:01 ::1 GET /Expense/AddTransactionToReport ExpenseId=120 51722 - ::1 Mozilla/5.0+(Windows+NT+10.0;+WOW64)+AppleWebKit/537.36+(KHTML,+like+Gecko)+Chrome/55.0.2883.87+Safari/537.36 http://localhost:51722/Expense/Create 200 0 0 4688
2017-01-25 07:57:01 ::1 GET /TravelType/IsSubTravelCashAdvanced TravelTypeId=17 51722 - ::1 Mozilla/5.0+(Windows+NT+10.0;+WOW64)+AppleWebKit/537.36+(KHTML,+like+Gecko)+Chrome/55.0.2883.87+Safari/537.36 http://localhost:51722/Expense/AddTransactionToReport?ExpenseId=120 200 0 0 163
2017-01-25 07:57:01 ::1 GET /Expense/GetTravelTypeHeaderMapping TravelTypeId=17 51722 - ::1 Mozilla/5.0+(Windows+NT+10.0;+WOW64)+AppleWebKit/537.36+(KHTML,+like+Gecko)+Chrome/55.0.2883.87+Safari/537.36 http://localhost:51722/Expense/AddTransactionToReport?ExpenseId=120 200 0 0 227
2017-01-25 07:57:01 ::1 GET /__browserLink/requestData/85aaf9756a3840aeb8391b8ab67af372 version=2 51722 - ::1 Mozilla/5.0+(Windows+NT+10.0;+WOW64)+AppleWebKit/537.36+(KHTML,+like+Gecko)+Chrome/55.0.2883.87+Safari/537.36 http://localhost:51722/Expense/AddTransactionToReport?ExpenseId=120 200 0 0 25
2017-01-25 07:57:04 ::1 GET /Expense/PrepareExpenseApprovalProgressBar/ ExpenseId=120&UserId=277&_=1485331022312 51722 - ::1 Mozilla/5.0+(Windows+NT+10.0;+WOW64)+AppleWebKit/537.36+(KHTML,+like+Gecko)+Chrome/55.0.2883.87+Safari/537.36 http://localhost:51722/Expense/AddTransactionToReport?ExpenseId=120 200 0 0 1934
2017-01-25 07:58:11 ::1 GET /Expense/AddNewTransaction ExpenseId=120 51722 - ::1 Mozilla/5.0+(Windows+NT+10.0;+WOW64)+AppleWebKit/537.36+(KHTML,+like+Gecko)+Chrome/55.0.2883.87+Safari/537.36 http://localhost:51722/Expense/AddTransactionToReport?ExpenseId=120 200 0 0 12175
2017-01-25 07:58:11 ::1 GET /PayMethod/GetPayMethodIsReimbursable MethodId=2 51722 - ::1 Mozilla/5.0+(Windows+NT+10.0;+WOW64)+AppleWebKit/537.36+(KHTML,+like+Gecko)+Chrome/55.0.2883.87+Safari/537.36 http://localhost:51722/Expense/AddTransactionToReport?ExpenseId=120 200 0 0 58
2017-01-25 07:58:12 ::1 GET /User/GetEmployees - 51722 - ::1 Mozilla/5.0+(Windows+NT+10.0;+WOW64)+AppleWebKit/537.36+(KHTML,+like+Gecko)+Chrome/55.0.2883.87+Safari/537.36 http://localhost:51722/Expense/AddTransactionToReport?ExpenseId=120 200 0 0 902
2017-01-25 07:58:15 ::1 GET /Expense/GetViolationReasonsList/ ExpenseTypeId=482 51722 - ::1 Mozilla/5.0+(Windows+NT+10.0;+WOW64)+AppleWebKit/537.36+(KHTML,+like+Gecko)+Chrome/55.0.2883.87+Safari/537.36 http://localhost:51722/Expense/AddTransactionToReport?ExpenseId=120 200 0 0 274
2017-01-25 07:58:15 ::1 GET /ExpenseDetail/GetExpenseTypePolicyAmount ExpenseTypeId=482 51722 - ::1 Mozilla/5.0+(Windows+NT+10.0;+WOW64)+AppleWebKit/537.36+(KHTML,+like+Gecko)+Chrome/55.0.2883.87+Safari/537.36 http://localhost:51722/Expense/AddTransactionToReport?ExpenseId=120 200 0 0 621
2017-01-25 07:58:15 ::1 GET /ExpenseDetail/GetCurrencyRate currencyId=168&transactionDate=1/25/2017 51722 - ::1 Mozilla/5.0+(Windows+NT+10.0;+WOW64)+AppleWebKit/537.36+(KHTML,+like+Gecko)+Chrome/55.0.2883.87+Safari/537.36 http://localhost:51722/Expense/AddTransactionToReport?ExpenseId=120 200 0 0 58
2017-01-25 07:58:17 ::1 GET /AjaxCall/FindAndApplyCodeCombinationRule/ ProjectId=undefined&ExpenseTypeId=482&ExpenseDate=1/25/2017 51722 - ::1 Mozilla/5.0+(Windows+NT+10.0;+WOW64)+AppleWebKit/537.36+(KHTML,+like+Gecko)+Chrome/55.0.2883.87+Safari/537.36 http://localhost:51722/Expense/AddTransactionToReport?ExpenseId=120 200 0 0 1835
2017-01-25 07:58:17 ::1 GET /AjaxCall/GetBusinessActivityList/ - 51722 - ::1 Mozilla/5.0+(Windows+NT+10.0;+WOW64)+AppleWebKit/537.36+(KHTML,+like+Gecko)+Chrome/55.0.2883.87+Safari/537.36 http://localhost:51722/Expense/AddTransactionToReport?ExpenseId=120 200 0 0 85
2017-01-25 07:58:17 ::1 GET /Expense/GetReceiptViolationReasonsList/ ExpenseTypeId=482 51722 - ::1 Mozilla/5.0+(Windows+NT+10.0;+WOW64)+AppleWebKit/537.36+(KHTML,+like+Gecko)+Chrome/55.0.2883.87+Safari/537.36 http://localhost:51722/Expense/AddTransactionToReport?ExpenseId=120 200 0 0 2132
2017-01-25 07:58:17 ::1 GET /AjaxCall/GetReferenceList/ - 51722 - ::1 Mozilla/5.0+(Windows+NT+10.0;+WOW64)+AppleWebKit/537.36+(KHTML,+like+Gecko)+Chrome/55.0.2883.87+Safari/537.36 http://localhost:51722/Expense/AddTransactionToReport?ExpenseId=120 200 0 0 624
2017-01-25 07:58:21 ::1 POST /Expense/AddNewTransaction - 51722 - ::1 Mozilla/5.0+(Windows+NT+10.0;+WOW64)+AppleWebKit/537.36+(KHTML,+like+Gecko)+Chrome/55.0.2883.87+Safari/537.36 http://localhost:51722/Expense/AddTransactionToReport?ExpenseId=120 302 0 0 820
2017-01-25 07:58:24 ::1 GET /Expense/AddTransactionToReport ExpenseId=120 51722 - ::1 Mozilla/5.0+(Windows+NT+10.0;+WOW64)+AppleWebKit/537.36+(KHTML,+like+Gecko)+Chrome/55.0.2883.87+Safari/537.36 http://localhost:51722/Expense/AddTransactionToReport?ExpenseId=120 200 0 0 2388
2017-01-25 07:58:24 ::1 GET /__browserLink/requestData/511ee5adf4a34c749a621744d6a648fb version=2 51722 - ::1 Mozilla/5.0+(Windows+NT+10.0;+WOW64)+AppleWebKit/537.36+(KHTML,+like+Gecko)+Chrome/55.0.2883.87+Safari/537.36 http://localhost:51722/Expense/AddTransactionToReport?ExpenseId=120 200 0 0 90
2017-01-25 07:58:24 ::1 GET /Expense/PrepareExpenseApprovalProgressBar/ ExpenseId=120&UserId=277&_=1485331104581 51722 - ::1 Mozilla/5.0+(Windows+NT+10.0;+WOW64)+AppleWebKit/537.36+(KHTML,+like+Gecko)+Chrome/55.0.2883.87+Safari/537.36 http://localhost:51722/Expense/AddTransactionToReport?ExpenseId=120 200 0 0 503
2017-01-25 07:58:24 ::1 GET /TravelType/IsSubTravelCashAdvanced TravelTypeId=17 51722 - ::1 Mozilla/5.0+(Windows+NT+10.0;+WOW64)+AppleWebKit/537.36+(KHTML,+like+Gecko)+Chrome/55.0.2883.87+Safari/537.36 http://localhost:51722/Expense/AddTransactionToReport?ExpenseId=120 200 0 0 616
2017-01-25 07:58:25 ::1 GET /Expense/GetTravelTypeHeaderMapping TravelTypeId=17 51722 - ::1 Mozilla/5.0+(Windows+NT+10.0;+WOW64)+AppleWebKit/537.36+(KHTML,+like+Gecko)+Chrome/55.0.2883.87+Safari/537.36 http://localhost:51722/Expense/AddTransactionToReport?ExpenseId=120 200 0 0 1102
2017-01-25 07:58:30 ::1 GET /ExpenseDetail/PartialEdit id=9613&ExpenseId=120&_=1485331108934 51722 - ::1 Mozilla/5.0+(Windows+NT+10.0;+WOW64)+AppleWebKit/537.36+(KHTML,+like+Gecko)+Chrome/55.0.2883.87+Safari/537.36 http://localhost:51722/Expense/AddTransactionToReport?ExpenseId=120 200 0 0 1581
2017-01-25 07:58:30 ::1 GET /Scripts/v2/jquery.validate.unobtrusive.js _=1485331110546 51722 - ::1 Mozilla/5.0+(Windows+NT+10.0;+WOW64)+AppleWebKit/537.36+(KHTML,+like+Gecko)+Chrome/55.0.2883.87+Safari/537.36 http://localhost:51722/Expense/AddTransactionToReport?ExpenseId=120 200 0 0 60
2017-01-25 07:58:30 ::1 GET /Scripts/chosen/chosen.jquery.js _=1485331110617 51722 - ::1 Mozilla/5.0+(Windows+NT+10.0;+WOW64)+AppleWebKit/537.36+(KHTML,+like+Gecko)+Chrome/55.0.2883.87+Safari/537.36 http://localhost:51722/Expense/AddTransactionToReport?ExpenseId=120 200 0 0 37
2017-01-25 07:58:30 ::1 GET /ExpenseDetail/GetMileageRate transactionDate=1/25/2017&UserId=277&_=1485331110689 51722 - ::1 Mozilla/5.0+(Windows+NT+10.0;+WOW64)+AppleWebKit/537.36+(KHTML,+like+Gecko)+Chrome/55.0.2883.87+Safari/537.36 http://localhost:51722/Expense/AddTransactionToReport?ExpenseId=120 200 0 0 224
2017-01-25 07:58:30 ::1 GET /AjaxCall/GetApproverList/ ProjectId=null&_=1485331110953 51722 - ::1 Mozilla/5.0+(Windows+NT+10.0;+WOW64)+AppleWebKit/537.36+(KHTML,+like+Gecko)+Chrome/55.0.2883.87+Safari/537.36 http://localhost:51722/Expense/AddTransactionToReport?ExpenseId=120 200 0 0 160
2017-01-25 07:58:34 ::1 GET /ExpenseDetail/GetMileageRate transactionDate=1/24/2017&UserId=277&_=1485331114039 51722 - ::1 Mozilla/5.0+(Windows+NT+10.0;+WOW64)+AppleWebKit/537.36+(KHTML,+like+Gecko)+Chrome/55.0.2883.87+Safari/537.36 http://localhost:51722/Expense/AddTransactionToReport?ExpenseId=120 200 0 0 100
2017-01-25 07:58:34 ::1 GET /ExpenseDetail/GetCurrencyRate currencyId=168&transactionDate=1/24/2017&_=1485331114145 51722 - ::1 Mozilla/5.0+(Windows+NT+10.0;+WOW64)+AppleWebKit/537.36+(KHTML,+like+Gecko)+Chrome/55.0.2883.87+Safari/537.36 http://localhost:51722/Expense/AddTransactionToReport?ExpenseId=120 200 0 0 71
2017-01-25 07:58:35 ::1 POST /ExpenseDetail/PartialEdit - 51722 - ::1 Mozilla/5.0+(Windows+NT+10.0;+WOW64)+AppleWebKit/537.36+(KHTML,+like+Gecko)+Chrome/55.0.2883.87+Safari/537.36 http://localhost:51722/Expense/AddTransactionToReport?ExpenseId=120 302 0 0 351
2017-01-25 07:58:38 ::1 GET /Expense/AddTransactionToReport ExpenseId=120 51722 - ::1 Mozilla/5.0+(Windows+NT+10.0;+WOW64)+AppleWebKit/537.36+(KHTML,+like+Gecko)+Chrome/55.0.2883.87+Safari/537.36 http://localhost:51722/Expense/AddTransactionToReport?ExpenseId=120 200 0 0 2538
2017-01-25 07:58:38 ::1 GET /TravelType/IsSubTravelCashAdvanced TravelTypeId=17 51722 - ::1 Mozilla/5.0+(Windows+NT+10.0;+WOW64)+AppleWebKit/537.36+(KHTML,+like+Gecko)+Chrome/55.0.2883.87+Safari/537.36 http://localhost:51722/Expense/AddTransactionToReport?ExpenseId=120 200 0 0 68
2017-01-25 07:58:38 ::1 GET /__browserLink/requestData/9c58d9504e8247fb8d7020bce9bfe3ee version=2 51722 - ::1 Mozilla/5.0+(Windows+NT+10.0;+WOW64)+AppleWebKit/537.36+(KHTML,+like+Gecko)+Chrome/55.0.2883.87+Safari/537.36 http://localhost:51722/Expense/AddTransactionToReport?ExpenseId=120 200 0 0 48
2017-01-25 07:58:38 ::1 GET /Expense/GetTravelTypeHeaderMapping TravelTypeId=17 51722 - ::1 Mozilla/5.0+(Windows+NT+10.0;+WOW64)+AppleWebKit/537.36+(KHTML,+like+Gecko)+Chrome/55.0.2883.87+Safari/537.36 http://localhost:51722/Expense/AddTransactionToReport?ExpenseId=120 200 0 0 559
2017-01-25 07:58:39 ::1 GET /Expense/PrepareExpenseApprovalProgressBar/ ExpenseId=120&UserId=277&_=1485331118500 51722 - ::1 Mozilla/5.0+(Windows+NT+10.0;+WOW64)+AppleWebKit/537.36+(KHTML,+like+Gecko)+Chrome/55.0.2883.87+Safari/537.36 http://localhost:51722/Expense/AddTransactionToReport?ExpenseId=120 200 0 0 1427
2017-01-25 07:58:44 ::1 POST /Expense/AddTransactionToReport/120 - 51722 - ::1 Mozilla/5.0+(Windows+NT+10.0;+WOW64)+AppleWebKit/537.36+(KHTML,+like+Gecko)+Chrome/55.0.2883.87+Safari/537.36 http://localhost:51722/Expense/AddTransactionToReport?ExpenseId=120 200 0 0 3541
2017-01-25 07:58:44 ::1 GET /TravelType/IsSubTravelCashAdvanced TravelTypeId=17 51722 - ::1 Mozilla/5.0+(Windows+NT+10.0;+WOW64)+AppleWebKit/537.36+(KHTML,+like+Gecko)+Chrome/55.0.2883.87+Safari/537.36 http://localhost:51722/Expense/AddTransactionToReport/120 200 0 0 182
2017-01-25 07:58:44 ::1 GET /__browserLink/requestData/ad08808978094c95928a2bed02644e60 version=2 51722 - ::1 Mozilla/5.0+(Windows+NT+10.0;+WOW64)+AppleWebKit/537.36+(KHTML,+like+Gecko)+Chrome/55.0.2883.87+Safari/537.36 http://localhost:51722/Expense/AddTransactionToReport/120 200 0 0 17
2017-01-25 07:58:44 ::1 GET /Expense/GetTravelTypeHeaderMapping TravelTypeId=17 51722 - ::1 Mozilla/5.0+(Windows+NT+10.0;+WOW64)+AppleWebKit/537.36+(KHTML,+like+Gecko)+Chrome/55.0.2883.87+Safari/537.36 http://localhost:51722/Expense/AddTransactionToReport/120 200 0 0 555
2017-01-25 07:58:46 ::1 GET /Expense/PrepareExpenseApprovalProgressBar/ ExpenseId=120&UserId=277&_=1485331124933 51722 - ::1 Mozilla/5.0+(Windows+NT+10.0;+WOW64)+AppleWebKit/537.36+(KHTML,+like+Gecko)+Chrome/55.0.2883.87+Safari/537.36 http://localhost:51722/Expense/AddTransactionToReport/120 200 0 0 1325
2017-01-25 07:58:56 ::1 POST /Expense/AddTransactionToReport/120 - 51722 - ::1 Mozilla/5.0+(Windows+NT+10.0;+WOW64)+AppleWebKit/537.36+(KHTML,+like+Gecko)+Chrome/55.0.2883.87+Safari/537.36 http://localhost:51722/Expense/AddTransactionToReport/120 302 0 0 7215
2017-01-25 07:58:59 ::1 GET /Expense/ViewMyExpense/120 - 51722 - ::1 Mozilla/5.0+(Windows+NT+10.0;+WOW64)+AppleWebKit/537.36+(KHTML,+like+Gecko)+Chrome/55.0.2883.87+Safari/537.36 http://localhost:51722/Expense/AddTransactionToReport/120 200 0 0 2828
2017-01-25 07:58:59 ::1 GET /Expense/GetTravelTypeHeaderMapping TravelTypeId=17 51722 - ::1 Mozilla/5.0+(Windows+NT+10.0;+WOW64)+AppleWebKit/537.36+(KHTML,+like+Gecko)+Chrome/55.0.2883.87+Safari/537.36 http://localhost:51722/Expense/ViewMyExpense/120 200 0 0 52
2017-01-25 07:58:59 ::1 GET /__browserLink/requestData/1c94b3f0b33c4ff584996e5e4b152eb5 version=2 51722 - ::1 Mozilla/5.0+(Windows+NT+10.0;+WOW64)+AppleWebKit/537.36+(KHTML,+like+Gecko)+Chrome/55.0.2883.87+Safari/537.36 http://localhost:51722/Expense/ViewMyExpense/120 200 0 0 21
2017-01-25 07:59:00 ::1 GET /Expense/PrepareExpenseApprovalProgressBar/ ExpenseId=120&UserId=277&_=1485331139705 51722 - ::1 Mozilla/5.0+(Windows+NT+10.0;+WOW64)+AppleWebKit/537.36+(KHTML,+like+Gecko)+Chrome/55.0.2883.87+Safari/537.36 http://localhost:51722/Expense/ViewMyExpense/120 200 0 0 955
2017-01-25 07:59:26 ::1 GET /Expense/ExpensePdfPreview/120 - 51722 - ::1 Mozilla/5.0+(Windows+NT+10.0;+WOW64)+AppleWebKit/537.36+(KHTML,+like+Gecko)+Chrome/55.0.2883.87+Safari/537.36 http://localhost:51722/Expense/ViewMyExpense/120 200 0 0 4182
2017-01-25 07:59:33 ::1 GET /User/LogOff - 51722 - ::1 Mozilla/5.0+(Windows+NT+10.0;+WOW64)+AppleWebKit/537.36+(KHTML,+like+Gecko)+Chrome/55.0.2883.87+Safari/537.36 http://localhost:51722/Expense/ViewMyExpense/120 302 0 0 32
2017-01-25 07:59:33 ::1 GET / - 51722 - ::1 Mozilla/5.0+(Windows+NT+10.0;+WOW64)+AppleWebKit/537.36+(KHTML,+like+Gecko)+Chrome/55.0.2883.87+Safari/537.36 http://localhost:51722/Expense/ViewMyExpense/120 302 0 0 47
2017-01-25 07:59:33 ::1 GET /User/LogOn - 51722 - ::1 Mozilla/5.0+(Windows+NT+10.0;+WOW64)+AppleWebKit/537.36+(KHTML,+like+Gecko)+Chrome/55.0.2883.87+Safari/537.36 http://localhost:51722/Expense/ViewMyExpense/120 200 0 0 121
2017-01-25 07:59:33 ::1 GET /__browserLink/requestData/9737a3b8273f40acab30fc2932891370 version=2 51722 - ::1 Mozilla/5.0+(Windows+NT+10.0;+WOW64)+AppleWebKit/537.36+(KHTML,+like+Gecko)+Chrome/55.0.2883.87+Safari/537.36 http://localhost:51722/User/LogOn 200 0 0 10
2017-01-25 07:59:41 ::1 POST /User/LogOn - 51722 - ::1 Mozilla/5.0+(Windows+NT+10.0;+WOW64)+AppleWebKit/537.36+(KHTML,+like+Gecko)+Chrome/55.0.2883.87+Safari/537.36 http://localhost:51722/User/LogOn 302 0 0 661
2017-01-25 07:59:42 ::1 GET / - 51722 - ::1 Mozilla/5.0+(Windows+NT+10.0;+WOW64)+AppleWebKit/537.36+(KHTML,+like+Gecko)+Chrome/55.0.2883.87+Safari/537.36 http://localhost:51722/User/LogOn 200 0 0 1071
2017-01-25 07:59:42 ::1 GET /__browserLink/requestData/98f27629ad8a4d03b084d9bb687f3acd version=2 51722 - ::1 Mozilla/5.0+(Windows+NT+10.0;+WOW64)+AppleWebKit/537.36+(KHTML,+like+Gecko)+Chrome/55.0.2883.87+Safari/537.36 http://localhost:51722/ 200 0 0 14
2017-01-25 07:59:55 ::1 GET /Expense/ReviewExpense ExpenseId=120 51722 - ::1 Mozilla/5.0+(Windows+NT+10.0;+WOW64)+AppleWebKit/537.36+(KHTML,+like+Gecko)+Chrome/55.0.2883.87+Safari/537.36 http://localhost:51722/ 200 0 0 5495
2017-01-25 07:59:55 ::1 GET /__browserLink/requestData/a10dde34278f456a941104dcf14fbf9b version=2 51722 - ::1 Mozilla/5.0+(Windows+NT+10.0;+WOW64)+AppleWebKit/537.36+(KHTML,+like+Gecko)+Chrome/55.0.2883.87+Safari/537.36 http://localhost:51722/Expense/ReviewExpense?ExpenseId=120 200 0 0 75
2017-01-25 07:59:55 ::1 GET /Expense/PrepareExpenseApprovalProgressBar/ ExpenseId=120&UserId=277&_=1485331195525 51722 - ::1 Mozilla/5.0+(Windows+NT+10.0;+WOW64)+AppleWebKit/537.36+(KHTML,+like+Gecko)+Chrome/55.0.2883.87+Safari/537.36 http://localhost:51722/Expense/ReviewExpense?ExpenseId=120 200 0 0 438
2017-01-25 08:00:09 ::1 POST /Expense/ReviewExpense - 51722 - ::1 Mozilla/5.0+(Windows+NT+10.0;+WOW64)+AppleWebKit/537.36+(KHTML,+like+Gecko)+Chrome/55.0.2883.87+Safari/537.36 http://localhost:51722/Expense/ReviewExpense?ExpenseId=120 302 0 0 9344
2017-01-25 08:00:11 ::1 GET /Expense/ViewMyReviewExpense ExpenseId=120&ManagerId=278 51722 - ::1 Mozilla/5.0+(Windows+NT+10.0;+WOW64)+AppleWebKit/537.36+(KHTML,+like+Gecko)+Chrome/55.0.2883.87+Safari/537.36 http://localhost:51722/Expense/ReviewExpense?ExpenseId=120 200 0 0 1844
2017-01-25 08:00:11 ::1 GET /Expense/GetTravelTypeHeaderMapping TravelTypeId=17 51722 - ::1 Mozilla/5.0+(Windows+NT+10.0;+WOW64)+AppleWebKit/537.36+(KHTML,+like+Gecko)+Chrome/55.0.2883.87+Safari/537.36 http://localhost:51722/Expense/ViewMyReviewExpense?ExpenseId=120&ManagerId=278 200 0 0 41
2017-01-25 08:00:11 ::1 GET /__browserLink/requestData/5a0fb00c69744ff4b1085fcb645e81fe version=2 51722 - ::1 Mozilla/5.0+(Windows+NT+10.0;+WOW64)+AppleWebKit/537.36+(KHTML,+like+Gecko)+Chrome/55.0.2883.87+Safari/537.36 http://localhost:51722/Expense/ViewMyReviewExpense?ExpenseId=120&ManagerId=278 200 0 0 13
2017-01-25 08:00:12 ::1 GET /Expense/PrepareExpenseApprovalProgressBar/ ExpenseId=120&UserId=277&_=1485331211563 51722 - ::1 Mozilla/5.0+(Windows+NT+10.0;+WOW64)+AppleWebKit/537.36+(KHTML,+like+Gecko)+Chrome/55.0.2883.87+Safari/537.36 http://localhost:51722/Expense/ViewMyReviewExpense?ExpenseId=120&ManagerId=278 200 0 0 906
2017-01-25 08:01:16 ::1 GET /Expense - 51722 - ::1 Mozilla/5.0+(Windows+NT+10.0;+WOW64)+AppleWebKit/537.36+(KHTML,+like+Gecko)+Chrome/55.0.2883.87+Safari/537.36 http://localhost:51722/Expense/ViewMyReviewExpense?ExpenseId=120&ManagerId=278 200 0 0 2204
2017-01-25 08:01:16 ::1 GET /__browserLink/requestData/58af7c7a13bc4923a0ce9ed158cd7b99 version=2 51722 - ::1 Mozilla/5.0+(Windows+NT+10.0;+WOW64)+AppleWebKit/537.36+(KHTML,+like+Gecko)+Chrome/55.0.2883.87+Safari/537.36 http://localhost:51722/Expense 200 0 0 21
2017-01-25 08:01:23 ::1 GET / - 51722 - ::1 Mozilla/5.0+(Windows+NT+10.0;+WOW64)+AppleWebKit/537.36+(KHTML,+like+Gecko)+Chrome/55.0.2883.87+Safari/537.36 http://localhost:51722/Expense 200 0 0 823
2017-01-25 08:01:23 ::1 GET /__browserLink/requestData/b744f5b071e249daa37f898e5fd5c0b0 version=2 51722 - ::1 Mozilla/5.0+(Windows+NT+10.0;+WOW64)+AppleWebKit/537.36+(KHTML,+like+Gecko)+Chrome/55.0.2883.87+Safari/537.36 http://localhost:51722/ 200 0 0 7
2017-01-25 08:02:10 ::1 GET / - 51722 - ::1 Mozilla/5.0+(Windows+NT+10.0;+WOW64)+AppleWebKit/537.36+(KHTML,+like+Gecko)+Chrome/55.0.2883.87+Safari/537.36 http://localhost:51722/ 200 0 0 702
2017-01-25 08:02:10 ::1 GET /__browserLink/requestData/63d6b5202e564233b3b95481dbc69e0d version=2 51722 - ::1 Mozilla/5.0+(Windows+NT+10.0;+WOW64)+AppleWebKit/537.36+(KHTML,+like+Gecko)+Chrome/55.0.2883.87+Safari/537.36 http://localhost:51722/ 200 0 0 6
2017-01-25 08:02:12 ::1 GET / - 51722 - ::1 Mozilla/5.0+(Windows+NT+10.0;+WOW64)+AppleWebKit/537.36+(KHTML,+like+Gecko)+Chrome/55.0.2883.87+Safari/537.36 http://localhost:51722/ 200 0 0 767
2017-01-25 08:02:12 ::1 GET /__browserLink/requestData/6dc38bbfe56f41169709c9e496834e6b version=2 51722 - ::1 Mozilla/5.0+(Windows+NT+10.0;+WOW64)+AppleWebKit/537.36+(KHTML,+like+Gecko)+Chrome/55.0.2883.87+Safari/537.36 http://localhost:51722/ 200 0 0 21
2017-01-25 08:02:12 ::1 GET /favicon.ico - 51722 - ::1 Mozilla/5.0+(Windows+NT+10.0;+WOW64)+AppleWebKit/537.36+(KHTML,+like+Gecko)+Chrome/55.0.2883.87+Safari/537.36 http://localhost:51722/ 200 0 0 37
2017-01-25 08:03:06 ::1 GET / - 51722 - ::1 Mozilla/5.0+(Windows+NT+10.0;+WOW64)+AppleWebKit/537.36+(KHTML,+like+Gecko)+Chrome/55.0.2883.87+Safari/537.36 http://localhost:51722/ 200 0 0 747
2017-01-25 08:03:06 ::1 GET /favicon.ico - 51722 - ::1 Mozilla/5.0+(Windows+NT+10.0;+WOW64)+AppleWebKit/537.36+(KHTML,+like+Gecko)+Chrome/55.0.2883.87+Safari/537.36 http://localhost:51722/ 200 0 0 29
2017-01-25 08:03:06 ::1 GET /__browserLink/requestData/57f00f2f5a9e4c7588208f480ea6c27b version=2 51722 - ::1 Mozilla/5.0+(Windows+NT+10.0;+WOW64)+AppleWebKit/537.36+(KHTML,+like+Gecko)+Chrome/55.0.2883.87+Safari/537.36 http://localhost:51722/ 200 0 0 9
2017-01-25 08:03:17 ::1 GET / - 51722 - ::1 Mozilla/5.0+(Windows+NT+10.0;+WOW64)+AppleWebKit/537.36+(KHTML,+like+Gecko)+Chrome/55.0.2883.87+Safari/537.36 http://localhost:51722/ 200 0 0 681
2017-01-25 08:03:17 ::1 GET /__browserLink/requestData/5dd5046b4e8e41809616c54178c17523 version=2 51722 - ::1 Mozilla/5.0+(Windows+NT+10.0;+WOW64)+AppleWebKit/537.36+(KHTML,+like+Gecko)+Chrome/55.0.2883.87+Safari/537.36 http://localhost:51722/ 200 0 0 8
2017-01-25 08:03:19 ::1 GET /User/LogOff - 51722 - ::1 Mozilla/5.0+(Windows+NT+10.0;+WOW64)+AppleWebKit/537.36+(KHTML,+like+Gecko)+Chrome/55.0.2883.87+Safari/537.36 http://localhost:51722/ 302 0 0 21
2017-01-25 08:03:19 ::1 GET / - 51722 - ::1 Mozilla/5.0+(Windows+NT+10.0;+WOW64)+AppleWebKit/537.36+(KHTML,+like+Gecko)+Chrome/55.0.2883.87+Safari/537.36 http://localhost:51722/ 302 0 0 23
2017-01-25 08:03:19 ::1 GET /User/LogOn - 51722 - ::1 Mozilla/5.0+(Windows+NT+10.0;+WOW64)+AppleWebKit/537.36+(KHTML,+like+Gecko)+Chrome/55.0.2883.87+Safari/537.36 http://localhost:51722/ 200 0 0 112
2017-01-25 08:03:19 ::1 GET /__browserLink/requestData/d481bf09391244c7934a82961ec2fa67 version=2 51722 - ::1 Mozilla/5.0+(Windows+NT+10.0;+WOW64)+AppleWebKit/537.36+(KHTML,+like+Gecko)+Chrome/55.0.2883.87+Safari/537.36 http://localhost:51722/User/LogOn 200 0 0 10
2017-01-25 08:03:30 ::1 POST /User/LogOn - 51722 - ::1 Mozilla/5.0+(Windows+NT+10.0;+WOW64)+AppleWebKit/537.36+(KHTML,+like+Gecko)+Chrome/55.0.2883.87+Safari/537.36 http://localhost:51722/User/LogOn 302 0 0 1036
2017-01-25 08:03:32 ::1 GET / - 51722 - ::1 Mozilla/5.0+(Windows+NT+10.0;+WOW64)+AppleWebKit/537.36+(KHTML,+like+Gecko)+Chrome/55.0.2883.87+Safari/537.36 http://localhost:51722/User/LogOn 200 0 0 1288
2017-01-25 08:03:32 ::1 GET /__browserLink/requestData/6aa0635385f94e9a864bade134c08671 version=2 51722 - ::1 Mozilla/5.0+(Windows+NT+10.0;+WOW64)+AppleWebKit/537.36+(KHTML,+like+Gecko)+Chrome/55.0.2883.87+Safari/537.36 http://localhost:51722/ 200 0 0 11
2017-01-25 08:03:37 ::1 GET /Expense/AddTransactionToReport ExpenseId=111 51722 - ::1 Mozilla/5.0+(Windows+NT+10.0;+WOW64)+AppleWebKit/537.36+(KHTML,+like+Gecko)+Chrome/55.0.2883.87+Safari/537.36 http://localhost:51722/ 200 0 0 2200
2017-01-25 08:03:37 ::1 GET /TravelType/IsSubTravelCashAdvanced TravelTypeId=17 51722 - ::1 Mozilla/5.0+(Windows+NT+10.0;+WOW64)+AppleWebKit/537.36+(KHTML,+like+Gecko)+Chrome/55.0.2883.87+Safari/537.36 http://localhost:51722/Expense/AddTransactionToReport?ExpenseId=111 200 0 0 199
2017-01-25 08:03:37 ::1 GET /__browserLink/requestData/9ca33bc386b5481fa489e52958561571 version=2 51722 - ::1 Mozilla/5.0+(Windows+NT+10.0;+WOW64)+AppleWebKit/537.36+(KHTML,+like+Gecko)+Chrome/55.0.2883.87+Safari/537.36 http://localhost:51722/Expense/AddTransactionToReport?ExpenseId=111 200 0 0 16
2017-01-25 08:03:39 ::1 GET /Expense/PrepareExpenseApprovalProgressBar/ ExpenseId=111&UserId=277&_=1485331417924 51722 - ::1 Mozilla/5.0+(Windows+NT+10.0;+WOW64)+AppleWebKit/537.36+(KHTML,+like+Gecko)+Chrome/55.0.2883.87+Safari/537.36 http://localhost:51722/Expense/AddTransactionToReport?ExpenseId=111 200 0 0 1110
2017-01-25 08:03:39 ::1 GET /Expense/GetTravelTypeHeaderMapping TravelTypeId=17 51722 - ::1 Mozilla/5.0+(Windows+NT+10.0;+WOW64)+AppleWebKit/537.36+(KHTML,+like+Gecko)+Chrome/55.0.2883.87+Safari/537.36 http://localhost:51722/Expense/AddTransactionToReport?ExpenseId=111 200 0 0 1187
2017-01-25 08:03:48 ::1 POST /Expense/AddTransactionToReport/111 - 51722 - ::1 Mozilla/5.0+(Windows+NT+10.0;+WOW64)+AppleWebKit/537.36+(KHTML,+like+Gecko)+Chrome/55.0.2883.87+Safari/537.36 http://localhost:51722/Expense/AddTransactionToReport?ExpenseId=111 200 0 0 3238
2017-01-25 08:03:48 ::1 GET /Expense/GetTravelTypeHeaderMapping TravelTypeId=17 51722 - ::1 Mozilla/5.0+(Windows+NT+10.0;+WOW64)+AppleWebKit/537.36+(KHTML,+like+Gecko)+Chrome/55.0.2883.87+Safari/537.36 http://localhost:51722/Expense/AddTransactionToReport/111 200 0 0 72
2017-01-25 08:03:48 ::1 GET /__browserLink/requestData/1fa2286883154e2eb5aed255d05717a2 version=2 51722 - ::1 Mozilla/5.0+(Windows+NT+10.0;+WOW64)+AppleWebKit/537.36+(KHTML,+like+Gecko)+Chrome/55.0.2883.87+Safari/537.36 http://localhost:51722/Expense/AddTransactionToReport/111 200 0 0 52
2017-01-25 08:03:48 ::1 GET /TravelType/IsSubTravelCashAdvanced TravelTypeId=17 51722 - ::1 Mozilla/5.0+(Windows+NT+10.0;+WOW64)+AppleWebKit/537.36+(KHTML,+like+Gecko)+Chrome/55.0.2883.87+Safari/537.36 http://localhost:51722/Expense/AddTransactionToReport/111 200 0 0 645
2017-01-25 08:03:50 ::1 GET /Expense/PrepareExpenseApprovalProgressBar/ ExpenseId=111&UserId=277&_=1485331428747 51722 - ::1 Mozilla/5.0+(Windows+NT+10.0;+WOW64)+AppleWebKit/537.36+(KHTML,+like+Gecko)+Chrome/55.0.2883.87+Safari/537.36 http://localhost:51722/Expense/AddTransactionToReport/111 200 0 0 1564
2017-01-25 08:03:59 ::1 POST /Expense/AddTransactionToReport/111 - 51722 - ::1 Mozilla/5.0+(Windows+NT+10.0;+WOW64)+AppleWebKit/537.36+(KHTML,+like+Gecko)+Chrome/55.0.2883.87+Safari/537.36 http://localhost:51722/Expense/AddTransactionToReport/111 302 0 0 5579
2017-01-25 08:04:01 ::1 GET /Expense/ViewMyExpense/111 - 51722 - ::1 Mozilla/5.0+(Windows+NT+10.0;+WOW64)+AppleWebKit/537.36+(KHTML,+like+Gecko)+Chrome/55.0.2883.87+Safari/537.36 http://localhost:51722/Expense/AddTransactionToReport/111 200 0 0 1508
2017-01-25 08:04:01 ::1 GET /Expense/GetTravelTypeHeaderMapping TravelTypeId=17 51722 - ::1 Mozilla/5.0+(Windows+NT+10.0;+WOW64)+AppleWebKit/537.36+(KHTML,+like+Gecko)+Chrome/55.0.2883.87+Safari/537.36 http://localhost:51722/Expense/ViewMyExpense/111 200 0 0 29
2017-01-25 08:04:01 ::1 GET /__browserLink/requestData/3c0deb17cc02476b99c249021349d3ec version=2 51722 - ::1 Mozilla/5.0+(Windows+NT+10.0;+WOW64)+AppleWebKit/537.36+(KHTML,+like+Gecko)+Chrome/55.0.2883.87+Safari/537.36 http://localhost:51722/Expense/ViewMyExpense/111 200 0 0 10
2017-01-25 08:04:02 ::1 GET /Expense/PrepareExpenseApprovalProgressBar/ ExpenseId=111&UserId=277&_=1485331441416 51722 - ::1 Mozilla/5.0+(Windows+NT+10.0;+WOW64)+AppleWebKit/537.36+(KHTML,+like+Gecko)+Chrome/55.0.2883.87+Safari/537.36 http://localhost:51722/Expense/ViewMyExpense/111 200 0 0 788
2017-01-25 08:04:52 ::1 GET /User/LogOff - 51722 - ::1 Mozilla/5.0+(Windows+NT+10.0;+WOW64)+AppleWebKit/537.36+(KHTML,+like+Gecko)+Chrome/55.0.2883.87+Safari/537.36 http://localhost:51722/Expense/ViewMyExpense/111 302 0 0 20
2017-01-25 08:04:52 ::1 GET / - 51722 - ::1 Mozilla/5.0+(Windows+NT+10.0;+WOW64)+AppleWebKit/537.36+(KHTML,+like+Gecko)+Chrome/55.0.2883.87+Safari/537.36 http://localhost:51722/Expense/ViewMyExpense/111 302 0 0 21
2017-01-25 08:04:52 ::1 GET /User/LogOn - 51722 - ::1 Mozilla/5.0+(Windows+NT+10.0;+WOW64)+AppleWebKit/537.36+(KHTML,+like+Gecko)+Chrome/55.0.2883.87+Safari/537.36 http://localhost:51722/Expense/ViewMyExpense/111 200 0 0 141
2017-01-25 08:04:52 ::1 GET /__browserLink/requestData/f4ef999269bf4ef696dea1bc81799d38 version=2 51722 - ::1 Mozilla/5.0+(Windows+NT+10.0;+WOW64)+AppleWebKit/537.36+(KHTML,+like+Gecko)+Chrome/55.0.2883.87+Safari/537.36 http://localhost:51722/User/LogOn 200 0 0 7
2017-01-25 08:04:58 ::1 POST /User/LogOn - 51722 - ::1 Mozilla/5.0+(Windows+NT+10.0;+WOW64)+AppleWebKit/537.36+(KHTML,+like+Gecko)+Chrome/55.0.2883.87+Safari/537.36 http://localhost:51722/User/LogOn 302 0 0 481
2017-01-25 08:04:58 ::1 GET / - 51722 - ::1 Mozilla/5.0+(Windows+NT+10.0;+WOW64)+AppleWebKit/537.36+(KHTML,+like+Gecko)+Chrome/55.0.2883.87+Safari/537.36 http://localhost:51722/User/LogOn 200 0 0 995
2017-01-25 08:04:59 ::1 GET /__browserLink/requestData/38d88a4668764f02bcfc18f6641fb623 version=2 51722 - ::1 Mozilla/5.0+(Windows+NT+10.0;+WOW64)+AppleWebKit/537.36+(KHTML,+like+Gecko)+Chrome/55.0.2883.87+Safari/537.36 http://localhost:51722/ 200 0 0 6
2017-01-25 08:05:05 ::1 GET /Expense/ReviewExpense ExpenseId=111 51722 - ::1 Mozilla/5.0+(Windows+NT+10.0;+WOW64)+AppleWebKit/537.36+(KHTML,+like+Gecko)+Chrome/55.0.2883.87+Safari/537.36 http://localhost:51722/ 200 0 0 4274
2017-01-25 08:05:05 ::1 GET /__browserLink/requestData/5684043974854ba89688a892d72ab676 version=2 51722 - ::1 Mozilla/5.0+(Windows+NT+10.0;+WOW64)+AppleWebKit/537.36+(KHTML,+like+Gecko)+Chrome/55.0.2883.87+Safari/537.36 http://localhost:51722/Expense/ReviewExpense?ExpenseId=111 200 0 0 45
2017-01-25 08:05:05 ::1 GET /Expense/PrepareExpenseApprovalProgressBar/ ExpenseId=111&UserId=277&_=1485331505249 51722 - ::1 Mozilla/5.0+(Windows+NT+10.0;+WOW64)+AppleWebKit/537.36+(KHTML,+like+Gecko)+Chrome/55.0.2883.87+Safari/537.36 http://localhost:51722/Expense/ReviewExpense?ExpenseId=111 200 0 0 350
2017-01-25 08:05:16 ::1 POST /Expense/ReviewExpense - 51722 - ::1 Mozilla/5.0+(Windows+NT+10.0;+WOW64)+AppleWebKit/537.36+(KHTML,+like+Gecko)+Chrome/55.0.2883.87+Safari/537.36 http://localhost:51722/Expense/ReviewExpense?ExpenseId=111 302 0 0 9621
2017-01-25 08:05:18 ::1 GET /Expense/ViewMyReviewExpense ExpenseId=111&ManagerId=278 51722 - ::1 Mozilla/5.0+(Windows+NT+10.0;+WOW64)+AppleWebKit/537.36+(KHTML,+like+Gecko)+Chrome/55.0.2883.87+Safari/537.36 http://localhost:51722/Expense/ReviewExpense?ExpenseId=111 200 0 0 1369
2017-01-25 08:05:18 ::1 GET /__browserLink/requestData/e0c7e0765888482fa0e9a905088d128f version=2 51722 - ::1 Mozilla/5.0+(Windows+NT+10.0;+WOW64)+AppleWebKit/537.36+(KHTML,+like+Gecko)+Chrome/55.0.2883.87+Safari/537.36 http://localhost:51722/Expense/ViewMyReviewExpense?ExpenseId=111&ManagerId=278 200 0 0 67
2017-01-25 08:05:18 ::1 GET /Expense/PrepareExpenseApprovalProgressBar/ ExpenseId=111&UserId=277&_=1485331518281 51722 - ::1 Mozilla/5.0+(Windows+NT+10.0;+WOW64)+AppleWebKit/537.36+(KHTML,+like+Gecko)+Chrome/55.0.2883.87+Safari/537.36 http://localhost:51722/Expense/ViewMyReviewExpense?ExpenseId=111&ManagerId=278 200 0 0 376
2017-01-25 08:05:18 ::1 GET /Expense/GetTravelTypeHeaderMapping TravelTypeId=17 51722 - ::1 Mozilla/5.0+(Windows+NT+10.0;+WOW64)+AppleWebKit/537.36+(KHTML,+like+Gecko)+Chrome/55.0.2883.87+Safari/537.36 http://localhost:51722/Expense/ViewMyReviewExpense?ExpenseId=111&ManagerId=278 200 0 0 563
#Software: Microsoft Internet Information Services 8.0
#Version: 1.0
#Date: 2017-01-25 08:43:27
#Fields: date time s-ip cs-method cs-uri-stem cs-uri-query s-port cs-username c-ip cs(User-Agent) cs(Referer) sc-status sc-substatus sc-win32-status time-taken
2017-01-25 08:43:27 ::1 GET / - 51722 - ::1 Mozilla/5.0+(Windows+NT+10.0;+WOW64)+AppleWebKit/537.36+(KHTML,+like+Gecko)+Chrome/55.0.2883.87+Safari/537.36 - 302 0 0 30483
2017-01-25 08:43:39 ::1 GET /User/LogOn - 51722 - ::1 Mozilla/5.0+(Windows+NT+10.0;+WOW64)+AppleWebKit/537.36+(KHTML,+like+Gecko)+Chrome/55.0.2883.87+Safari/537.36 - 200 0 0 12239
2017-01-25 08:43:40 ::1 GET /__browserLink/requestData/55f734ed624749e39886aa33d2d0ddbe version=2 51722 - ::1 Mozilla/5.0+(Windows+NT+10.0;+WOW64)+AppleWebKit/537.36+(KHTML,+like+Gecko)+Chrome/55.0.2883.87+Safari/537.36 http://localhost:51722/User/LogOn 200 0 0 237
2017-01-25 08:43:57 ::1 POST /User/LogOn - 51722 - ::1 Mozilla/5.0+(Windows+NT+10.0;+WOW64)+AppleWebKit/537.36+(KHTML,+like+Gecko)+Chrome/55.0.2883.87+Safari/537.36 http://localhost:51722/User/LogOn 302 0 0 8823
2017-01-25 08:44:12 ::1 GET / - 51722 - ::1 Mozilla/5.0+(Windows+NT+10.0;+WOW64)+AppleWebKit/537.36+(KHTML,+like+Gecko)+Chrome/55.0.2883.87+Safari/537.36 http://localhost:51722/User/LogOn 200 0 0 14617
2017-01-25 08:44:12 ::1 GET /__browserLink/requestData/df1002b3c80c4f05b1857c6f99288609 version=2 51722 - ::1 Mozilla/5.0+(Windows+NT+10.0;+WOW64)+AppleWebKit/537.36+(KHTML,+like+Gecko)+Chrome/55.0.2883.87+Safari/537.36 http://localhost:51722/ 200 0 0 9
2017-01-25 08:44:22 ::1 GET /Expense/AddTransactionToReport ExpenseId=110 51722 - ::1 Mozilla/5.0+(Windows+NT+10.0;+WOW64)+AppleWebKit/537.36+(KHTML,+like+Gecko)+Chrome/55.0.2883.87+Safari/537.36 http://localhost:51722/ 200 0 0 6371
2017-01-25 08:44:23 ::1 GET /__browserLink/requestData/d3685145d0ff470ab5fbc7b2fe8b4c11 version=2 51722 - ::1 Mozilla/5.0+(Windows+NT+10.0;+WOW64)+AppleWebKit/537.36+(KHTML,+like+Gecko)+Chrome/55.0.2883.87+Safari/537.36 http://localhost:51722/Expense/AddTransactionToReport?ExpenseId=110 200 0 0 150
2017-01-25 08:44:23 ::1 GET /Expense/PrepareExpenseApprovalProgressBar/ ExpenseId=110&UserId=277&_=1485333863271 51722 - ::1 Mozilla/5.0+(Windows+NT+10.0;+WOW64)+AppleWebKit/537.36+(KHTML,+like+Gecko)+Chrome/55.0.2883.87+Safari/537.36 http://localhost:51722/Expense/AddTransactionToReport?ExpenseId=110 200 0 0 1563
2017-01-25 08:44:25 ::1 GET /TravelType/IsSubTravelCashAdvanced TravelTypeId=17 51722 - ::1 Mozilla/5.0+(Windows+NT+10.0;+WOW64)+AppleWebKit/537.36+(KHTML,+like+Gecko)+Chrome/55.0.2883.87+Safari/537.36 http://localhost:51722/Expense/AddTransactionToReport?ExpenseId=110 200 0 0 2418
2017-01-25 08:44:25 ::1 GET /Expense/GetTravelTypeHeaderMapping TravelTypeId=17 51722 - ::1 Mozilla/5.0+(Windows+NT+10.0;+WOW64)+AppleWebKit/537.36+(KHTML,+like+Gecko)+Chrome/55.0.2883.87+Safari/537.36 http://localhost:51722/Expense/AddTransactionToReport?ExpenseId=110 200 0 0 2772
2017-01-25 08:44:31 ::1 POST /Expense/AddTransactionToReport/110 - 51722 - ::1 Mozilla/5.0+(Windows+NT+10.0;+WOW64)+AppleWebKit/537.36+(KHTML,+like+Gecko)+Chrome/55.0.2883.87+Safari/537.36 http://localhost:51722/Expense/AddTransactionToReport?ExpenseId=110 200 0 0 3727
2017-01-25 08:44:31 ::1 GET /Expense/GetTravelTypeHeaderMapping TravelTypeId=17 51722 - ::1 Mozilla/5.0+(Windows+NT+10.0;+WOW64)+AppleWebKit/537.36+(KHTML,+like+Gecko)+Chrome/55.0.2883.87+Safari/537.36 http://localhost:51722/Expense/AddTransactionToReport/110 200 0 0 43
2017-01-25 08:44:31 ::1 GET /__browserLink/requestData/3601d5b2dcf3414988820158550ad65b version=2 51722 - ::1 Mozilla/5.0+(Windows+NT+10.0;+WOW64)+AppleWebKit/537.36+(KHTML,+like+Gecko)+Chrome/55.0.2883.87+Safari/537.36 http://localhost:51722/Expense/AddTransactionToReport/110 200 0 0 29
2017-01-25 08:44:33 ::1 GET /Expense/PrepareExpenseApprovalProgressBar/ ExpenseId=110&UserId=277&_=1485333872196 51722 - ::1 Mozilla/5.0+(Windows+NT+10.0;+WOW64)+AppleWebKit/537.36+(KHTML,+like+Gecko)+Chrome/55.0.2883.87+Safari/537.36 http://localhost:51722/Expense/AddTransactionToReport/110 200 0 0 1076
2017-01-25 08:44:33 ::1 GET /TravelType/IsSubTravelCashAdvanced TravelTypeId=17 51722 - ::1 Mozilla/5.0+(Windows+NT+10.0;+WOW64)+AppleWebKit/537.36+(KHTML,+like+Gecko)+Chrome/55.0.2883.87+Safari/537.36 http://localhost:51722/Expense/AddTransactionToReport/110 200 0 0 1606
2017-01-25 08:44:42 ::1 POST /Expense/AddTransactionToReport/110 - 51722 - ::1 Mozilla/5.0+(Windows+NT+10.0;+WOW64)+AppleWebKit/537.36+(KHTML,+like+Gecko)+Chrome/55.0.2883.87+Safari/537.36 http://localhost:51722/Expense/AddTransactionToReport/110 302 0 0 7293
2017-01-25 08:44:44 ::1 GET /Expense/ViewMyExpense/110 - 51722 - ::1 Mozilla/5.0+(Windows+NT+10.0;+WOW64)+AppleWebKit/537.36+(KHTML,+like+Gecko)+Chrome/55.0.2883.87+Safari/537.36 http://localhost:51722/Expense/AddTransactionToReport/110 200 0 0 2237
2017-01-25 08:44:44 ::1 GET /__browserLink/requestData/7bedc39ab86b45df851e1a9ad2c0d5aa version=2 51722 - ::1 Mozilla/5.0+(Windows+NT+10.0;+WOW64)+AppleWebKit/537.36+(KHTML,+like+Gecko)+Chrome/55.0.2883.87+Safari/537.36 http://localhost:51722/Expense/ViewMyExpense/110 200 0 0 42
2017-01-25 08:44:44 ::1 GET /Expense/PrepareExpenseApprovalProgressBar/ ExpenseId=110&UserId=277&_=1485333884953 51722 - ::1 Mozilla/5.0+(Windows+NT+10.0;+WOW64)+AppleWebKit/537.36+(KHTML,+like+Gecko)+Chrome/55.0.2883.87+Safari/537.36 http://localhost:51722/Expense/ViewMyExpense/110 200 0 0 397
2017-01-25 08:44:44 ::1 GET /Expense/GetTravelTypeHeaderMapping TravelTypeId=17 51722 - ::1 Mozilla/5.0+(Windows+NT+10.0;+WOW64)+AppleWebKit/537.36+(KHTML,+like+Gecko)+Chrome/55.0.2883.87+Safari/537.36 http://localhost:51722/Expense/ViewMyExpense/110 200 0 0 537
2017-01-25 08:44:46 ::1 GET /User/LogOff - 51722 - ::1 Mozilla/5.0+(Windows+NT+10.0;+WOW64)+AppleWebKit/537.36+(KHTML,+like+Gecko)+Chrome/55.0.2883.87+Safari/537.36 http://localhost:51722/Expense/ViewMyExpense/110 302 0 0 81
2017-01-25 08:44:46 ::1 GET / - 51722 - ::1 Mozilla/5.0+(Windows+NT+10.0;+WOW64)+AppleWebKit/537.36+(KHTML,+like+Gecko)+Chrome/55.0.2883.87+Safari/537.36 http://localhost:51722/Expense/ViewMyExpense/110 302 0 0 49
2017-01-25 08:44:46 ::1 GET /User/LogOn - 51722 - ::1 Mozilla/5.0+(Windows+NT+10.0;+WOW64)+AppleWebKit/537.36+(KHTML,+like+Gecko)+Chrome/55.0.2883.87+Safari/537.36 http://localhost:51722/Expense/ViewMyExpense/110 200 0 0 402
2017-01-25 08:44:46 ::1 GET /__browserLink/requestData/d4b64ff99b7f49e8a31c2c75bf54bddb version=2 51722 - ::1 Mozilla/5.0+(Windows+NT+10.0;+WOW64)+AppleWebKit/537.36+(KHTML,+like+Gecko)+Chrome/55.0.2883.87+Safari/537.36 http://localhost:51722/User/LogOn 200 0 0 11
2017-01-25 08:44:53 ::1 POST /User/LogOn - 51722 - ::1 Mozilla/5.0+(Windows+NT+10.0;+WOW64)+AppleWebKit/537.36+(KHTML,+like+Gecko)+Chrome/55.0.2883.87+Safari/537.36 http://localhost:51722/User/LogOn 302 0 0 847
2017-01-25 08:44:55 ::1 GET / - 51722 - ::1 Mozilla/5.0+(Windows+NT+10.0;+WOW64)+AppleWebKit/537.36+(KHTML,+like+Gecko)+Chrome/55.0.2883.87+Safari/537.36 http://localhost:51722/User/LogOn 200 0 0 1419
2017-01-25 08:44:55 ::1 GET /__browserLink/requestData/05d50436a2d545768b3e8b5a54e24792 version=2 51722 - ::1 Mozilla/5.0+(Windows+NT+10.0;+WOW64)+AppleWebKit/537.36+(KHTML,+like+Gecko)+Chrome/55.0.2883.87+Safari/537.36 http://localhost:51722/ 200 0 0 6
2017-01-25 08:45:02 ::1 GET /Expense/ReviewExpense ExpenseId=110 51722 - ::1 Mozilla/5.0+(Windows+NT+10.0;+WOW64)+AppleWebKit/537.36+(KHTML,+like+Gecko)+Chrome/55.0.2883.87+Safari/537.36 http://localhost:51722/ 200 0 0 5400
2017-01-25 08:45:02 ::1 GET /__browserLink/requestData/6b57628d7dee4d708b66b4fba4056938 version=2 51722 - ::1 Mozilla/5.0+(Windows+NT+10.0;+WOW64)+AppleWebKit/537.36+(KHTML,+like+Gecko)+Chrome/55.0.2883.87+Safari/537.36 http://localhost:51722/Expense/ReviewExpense?ExpenseId=110 200 0 0 94
2017-01-25 08:45:02 ::1 GET /Expense/PrepareExpenseApprovalProgressBar/ ExpenseId=110&UserId=277&_=1485333902656 51722 - ::1 Mozilla/5.0+(Windows+NT+10.0;+WOW64)+AppleWebKit/537.36+(KHTML,+like+Gecko)+Chrome/55.0.2883.87+Safari/537.36 http://localhost:51722/Expense/ReviewExpense?ExpenseId=110 200 0 0 371
#Software: Microsoft Internet Information Services 8.0
#Version: 1.0
#Date: 2017-01-25 08:47:40
#Fields: date time s-ip cs-method cs-uri-stem cs-uri-query s-port cs-username c-ip cs(User-Agent) cs(Referer) sc-status sc-substatus sc-win32-status time-taken
2017-01-25 08:47:40 ::1 GET / - 51722 - ::1 Mozilla/5.0+(Windows+NT+10.0;+WOW64)+AppleWebKit/537.36+(KHTML,+like+Gecko)+Chrome/55.0.2883.87+Safari/537.36 - 302 0 0 26600
2017-01-25 08:47:50 ::1 GET /User/LogOn - 51722 - ::1 Mozilla/5.0+(Windows+NT+10.0;+WOW64)+AppleWebKit/537.36+(KHTML,+like+Gecko)+Chrome/55.0.2883.87+Safari/537.36 - 200 0 0 9281
2017-01-25 08:47:51 ::1 GET /__browserLink/requestData/8c666669367d4764812952fc1a4ac9a0 version=2 51722 - ::1 Mozilla/5.0+(Windows+NT+10.0;+WOW64)+AppleWebKit/537.36+(KHTML,+like+Gecko)+Chrome/55.0.2883.87+Safari/537.36 http://localhost:51722/User/LogOn 200 0 0 207
2017-01-25 08:48:07 ::1 POST /User/LogOn - 51722 - ::1 Mozilla/5.0+(Windows+NT+10.0;+WOW64)+AppleWebKit/537.36+(KHTML,+like+Gecko)+Chrome/55.0.2883.87+Safari/537.36 http://localhost:51722/User/LogOn 302 0 0 8033
2017-01-25 08:48:20 ::1 GET / - 51722 - ::1 Mozilla/5.0+(Windows+NT+10.0;+WOW64)+AppleWebKit/537.36+(KHTML,+like+Gecko)+Chrome/55.0.2883.87+Safari/537.36 http://localhost:51722/User/LogOn 200 0 0 13612
2017-01-25 08:48:20 ::1 GET /__browserLink/requestData/3001d182e2e845498b201c390d0d7c80 version=2 51722 - ::1 Mozilla/5.0+(Windows+NT+10.0;+WOW64)+AppleWebKit/537.36+(KHTML,+like+Gecko)+Chrome/55.0.2883.87+Safari/537.36 http://localhost:51722/ 200 0 0 9
2017-01-25 08:48:29 ::1 GET /Expense/AddTransactionToReport ExpenseId=115 51722 - ::1 Mozilla/5.0+(Windows+NT+10.0;+WOW64)+AppleWebKit/537.36+(KHTML,+like+Gecko)+Chrome/55.0.2883.87+Safari/537.36 http://localhost:51722/ 200 0 0 4508
2017-01-25 08:48:29 ::1 GET /TravelType/IsSubTravelCashAdvanced TravelTypeId=17 51722 - ::1 Mozilla/5.0+(Windows+NT+10.0;+WOW64)+AppleWebKit/537.36+(KHTML,+like+Gecko)+Chrome/55.0.2883.87+Safari/537.36 http://localhost:51722/Expense/AddTransactionToReport?ExpenseId=115 200 0 0 288
2017-01-25 08:48:29 ::1 GET /__browserLink/requestData/63e5e2f4234e421c923fb98abfc162d3 version=2 51722 - ::1 Mozilla/5.0+(Windows+NT+10.0;+WOW64)+AppleWebKit/537.36+(KHTML,+like+Gecko)+Chrome/55.0.2883.87+Safari/537.36 http://localhost:51722/Expense/AddTransactionToReport?ExpenseId=115 200 0 0 123
2017-01-25 08:48:30 ::1 GET /Expense/GetTravelTypeHeaderMapping TravelTypeId=17 51722 - ::1 Mozilla/5.0+(Windows+NT+10.0;+WOW64)+AppleWebKit/537.36+(KHTML,+like+Gecko)+Chrome/55.0.2883.87+Safari/537.36 http://localhost:51722/Expense/AddTransactionToReport?ExpenseId=115 200 0 0 667
2017-01-25 08:48:31 ::1 GET /Expense/PrepareExpenseApprovalProgressBar/ ExpenseId=115&UserId=277&_=1485334109686 51722 - ::1 Mozilla/5.0+(Windows+NT+10.0;+WOW64)+AppleWebKit/537.36+(KHTML,+like+Gecko)+Chrome/55.0.2883.87+Safari/537.36 http://localhost:51722/Expense/AddTransactionToReport?ExpenseId=115 200 0 0 1785
2017-01-25 08:48:37 ::1 POST /Expense/AddTransactionToReport/115 - 51722 - ::1 Mozilla/5.0+(Windows+NT+10.0;+WOW64)+AppleWebKit/537.36+(KHTML,+like+Gecko)+Chrome/55.0.2883.87+Safari/537.36 http://localhost:51722/Expense/AddTransactionToReport?ExpenseId=115 200 0 0 3108
2017-01-25 08:48:37 ::1 GET /Expense/GetTravelTypeHeaderMapping TravelTypeId=17 51722 - ::1 Mozilla/5.0+(Windows+NT+10.0;+WOW64)+AppleWebKit/537.36+(KHTML,+like+Gecko)+Chrome/55.0.2883.87+Safari/537.36 http://localhost:51722/Expense/AddTransactionToReport/115 200 0 0 66
2017-01-25 08:48:37 ::1 GET /__browserLink/requestData/314b1e0ff775496ba6069701cb5f9f2f version=2 51722 - ::1 Mozilla/5.0+(Windows+NT+10.0;+WOW64)+AppleWebKit/537.36+(KHTML,+like+Gecko)+Chrome/55.0.2883.87+Safari/537.36 http://localhost:51722/Expense/AddTransactionToReport/115 200 0 0 28
2017-01-25 08:48:37 ::1 GET /TravelType/IsSubTravelCashAdvanced TravelTypeId=17 51722 - ::1 Mozilla/5.0+(Windows+NT+10.0;+WOW64)+AppleWebKit/537.36+(KHTML,+like+Gecko)+Chrome/55.0.2883.87+Safari/537.36 http://localhost:51722/Expense/AddTransactionToReport/115 200 0 0 552
2017-01-25 08:48:38 ::1 GET /Expense/PrepareExpenseApprovalProgressBar/ ExpenseId=115&UserId=277&_=1485334117423 51722 - ::1 Mozilla/5.0+(Windows+NT+10.0;+WOW64)+AppleWebKit/537.36+(KHTML,+like+Gecko)+Chrome/55.0.2883.87+Safari/537.36 http://localhost:51722/Expense/AddTransactionToReport/115 200 0 0 962
2017-01-25 08:48:48 ::1 POST /Expense/AddTransactionToReport/115 - 51722 - ::1 Mozilla/5.0+(Windows+NT+10.0;+WOW64)+AppleWebKit/537.36+(KHTML,+like+Gecko)+Chrome/55.0.2883.87+Safari/537.36 http://localhost:51722/Expense/AddTransactionToReport/115 302 0 0 5062
2017-01-25 08:48:50 ::1 GET /Expense/ViewMyExpense/115 - 51722 - ::1 Mozilla/5.0+(Windows+NT+10.0;+WOW64)+AppleWebKit/537.36+(KHTML,+like+Gecko)+Chrome/55.0.2883.87+Safari/537.36 http://localhost:51722/Expense/AddTransactionToReport/115 200 0 0 2214
2017-01-25 08:48:50 ::1 GET /__browserLink/requestData/6d2469ae411c4aa28cb49adf4efbab8f version=2 51722 - ::1 Mozilla/5.0+(Windows+NT+10.0;+WOW64)+AppleWebKit/537.36+(KHTML,+like+Gecko)+Chrome/55.0.2883.87+Safari/537.36 http://localhost:51722/Expense/ViewMyExpense/115 200 0 0 56
2017-01-25 08:48:50 ::1 GET /Expense/PrepareExpenseApprovalProgressBar/ ExpenseId=115&UserId=277&_=1485334130709 51722 - ::1 Mozilla/5.0+(Windows+NT+10.0;+WOW64)+AppleWebKit/537.36+(KHTML,+like+Gecko)+Chrome/55.0.2883.87+Safari/537.36 http://localhost:51722/Expense/ViewMyExpense/115 200 0 0 473
2017-01-25 08:48:50 ::1 GET /Expense/GetTravelTypeHeaderMapping TravelTypeId=17 51722 - ::1 Mozilla/5.0+(Windows+NT+10.0;+WOW64)+AppleWebKit/537.36+(KHTML,+like+Gecko)+Chrome/55.0.2883.87+Safari/537.36 http://localhost:51722/Expense/ViewMyExpense/115 200 0 0 541
2017-01-25 08:48:53 ::1 GET /User/LogOff - 51722 - ::1 Mozilla/5.0+(Windows+NT+10.0;+WOW64)+AppleWebKit/537.36+(KHTML,+like+Gecko)+Chrome/55.0.2883.87+Safari/537.36 http://localhost:51722/Expense/ViewMyExpense/115 302 0 0 45
2017-01-25 08:48:53 ::1 GET / - 51722 - ::1 Mozilla/5.0+(Windows+NT+10.0;+WOW64)+AppleWebKit/537.36+(KHTML,+like+Gecko)+Chrome/55.0.2883.87+Safari/537.36 http://localhost:51722/Expense/ViewMyExpense/115 302 0 0 34
2017-01-25 08:48:53 ::1 GET /User/LogOn - 51722 - ::1 Mozilla/5.0+(Windows+NT+10.0;+WOW64)+AppleWebKit/537.36+(KHTML,+like+Gecko)+Chrome/55.0.2883.87+Safari/537.36 http://localhost:51722/Expense/ViewMyExpense/115 200 0 0 214
2017-01-25 08:48:53 ::1 GET /__browserLink/requestData/e66802fb599e4f0ab7711b810abfa9f8 version=2 51722 - ::1 Mozilla/5.0+(Windows+NT+10.0;+WOW64)+AppleWebKit/537.36+(KHTML,+like+Gecko)+Chrome/55.0.2883.87+Safari/537.36 http://localhost:51722/User/LogOn 200 0 0 7
2017-01-25 08:49:01 ::1 POST /User/LogOn - 51722 - ::1 Mozilla/5.0+(Windows+NT+10.0;+WOW64)+AppleWebKit/537.36+(KHTML,+like+Gecko)+Chrome/55.0.2883.87+Safari/537.36 http://localhost:51722/User/LogOn 302 0 0 2743
2017-01-25 08:49:02 ::1 GET / - 51722 - ::1 Mozilla/5.0+(Windows+NT+10.0;+WOW64)+AppleWebKit/537.36+(KHTML,+like+Gecko)+Chrome/55.0.2883.87+Safari/537.36 http://localhost:51722/User/LogOn 200 0 0 1275
2017-01-25 08:49:02 ::1 GET /__browserLink/requestData/c0e624b34f574429b286c0cc14625395 version=2 51722 - ::1 Mozilla/5.0+(Windows+NT+10.0;+WOW64)+AppleWebKit/537.36+(KHTML,+like+Gecko)+Chrome/55.0.2883.87+Safari/537.36 http://localhost:51722/ 200 0 0 8
2017-01-25 08:49:23 ::1 GET /Expense/ReviewExpense ExpenseId=115 51722 - ::1 Mozilla/5.0+(Windows+NT+10.0;+WOW64)+AppleWebKit/537.36+(KHTML,+like+Gecko)+Chrome/55.0.2883.87+Safari/537.36 http://localhost:51722/ 200 0 0 5592
2017-01-25 08:49:23 ::1 GET /__browserLink/requestData/419e979914d54eb799b710a8f2270193 version=2 51722 - ::1 Mozilla/5.0+(Windows+NT+10.0;+WOW64)+AppleWebKit/537.36+(KHTML,+like+Gecko)+Chrome/55.0.2883.87+Safari/537.36 http://localhost:51722/Expense/ReviewExpense?ExpenseId=115 200 0 0 59
2017-01-25 08:49:23 ::1 GET /Expense/PrepareExpenseApprovalProgressBar/ ExpenseId=115&UserId=277&_=1485334163555 51722 - ::1 Mozilla/5.0+(Windows+NT+10.0;+WOW64)+AppleWebKit/537.36+(KHTML,+like+Gecko)+Chrome/55.0.2883.87+Safari/537.36 http://localhost:51722/Expense/ReviewExpense?ExpenseId=115 200 0 0 457
2017-01-25 08:50:05 ::1 POST /Expense/ReviewExpense - 51722 - ::1 Mozilla/5.0+(Windows+NT+10.0;+WOW64)+AppleWebKit/537.36+(KHTML,+like+Gecko)+Chrome/55.0.2883.87+Safari/537.36 http://localhost:51722/Expense/ReviewExpense?ExpenseId=115 302 0 0 39042
2017-01-25 08:50:07 ::1 GET /Expense/ViewMyReviewExpense ExpenseId=115&ManagerId=278 51722 - ::1 Mozilla/5.0+(Windows+NT+10.0;+WOW64)+AppleWebKit/537.36+(KHTML,+like+Gecko)+Chrome/55.0.2883.87+Safari/537.36 http://localhost:51722/Expense/ReviewExpense?ExpenseId=115 200 0 0 1951
2017-01-25 08:50:07 ::1 GET /__browserLink/requestData/10ddb307679e4a7584c7fc9807666f4d version=2 51722 - ::1 Mozilla/5.0+(Windows+NT+10.0;+WOW64)+AppleWebKit/537.36+(KHTML,+like+Gecko)+Chrome/55.0.2883.87+Safari/537.36 http://localhost:51722/Expense/ViewMyReviewExpense?ExpenseId=115&ManagerId=278 200 0 0 35
2017-01-25 08:50:07 ::1 GET /Expense/PrepareExpenseApprovalProgressBar/ ExpenseId=115&UserId=277&_=1485334207832 51722 - ::1 Mozilla/5.0+(Windows+NT+10.0;+WOW64)+AppleWebKit/537.36+(KHTML,+like+Gecko)+Chrome/55.0.2883.87+Safari/537.36 http://localhost:51722/Expense/ViewMyReviewExpense?ExpenseId=115&ManagerId=278 200 0 0 546
2017-01-25 08:50:08 ::1 GET /Expense/GetTravelTypeHeaderMapping TravelTypeId=17 51722 - ::1 Mozilla/5.0+(Windows+NT+10.0;+WOW64)+AppleWebKit/537.36+(KHTML,+like+Gecko)+Chrome/55.0.2883.87+Safari/537.36 http://localhost:51722/Expense/ViewMyReviewExpense?ExpenseId=115&ManagerId=278 200 0 0 1031
#Software: Microsoft Internet Information Services 8.0
#Version: 1.0
#Date: 2017-01-25 08:51:50
#Fields: date time s-ip cs-method cs-uri-stem cs-uri-query s-port cs-username c-ip cs(User-Agent) cs(Referer) sc-status sc-substatus sc-win32-status time-taken
2017-01-25 08:51:50 ::1 GET / - 51722 - ::1 Mozilla/5.0+(Windows+NT+10.0;+WOW64)+AppleWebKit/537.36+(KHTML,+like+Gecko)+Chrome/55.0.2883.87+Safari/537.36 - 302 0 0 21172
2017-01-25 08:51:56 ::1 GET /User/LogOn - 51722 - ::1 Mozilla/5.0+(Windows+NT+10.0;+WOW64)+AppleWebKit/537.36+(KHTML,+like+Gecko)+Chrome/55.0.2883.87+Safari/537.36 - 200 0 0 6017
2017-01-25 08:51:56 ::1 GET /__browserLink/requestData/906ea79d4c884836948c881553007342 version=2 51722 - ::1 Mozilla/5.0+(Windows+NT+10.0;+WOW64)+AppleWebKit/537.36+(KHTML,+like+Gecko)+Chrome/55.0.2883.87+Safari/537.36 http://localhost:51722/User/LogOn 200 0 0 34
2017-01-25 08:52:11 ::1 POST /User/LogOn - 51722 - ::1 Mozilla/5.0+(Windows+NT+10.0;+WOW64)+AppleWebKit/537.36+(KHTML,+like+Gecko)+Chrome/55.0.2883.87+Safari/537.36 http://localhost:51722/User/LogOn 302 0 0 7993
2017-01-25 08:52:24 ::1 GET / - 51722 - ::1 Mozilla/5.0+(Windows+NT+10.0;+WOW64)+AppleWebKit/537.36+(KHTML,+like+Gecko)+Chrome/55.0.2883.87+Safari/537.36 http://localhost:51722/User/LogOn 200 0 0 12521
2017-01-25 08:52:24 ::1 GET /__browserLink/requestData/838569fe756d420d80258d0f87838970 version=2 51722 - ::1 Mozilla/5.0+(Windows+NT+10.0;+WOW64)+AppleWebKit/537.36+(KHTML,+like+Gecko)+Chrome/55.0.2883.87+Safari/537.36 http://localhost:51722/ 200 0 0 11
2017-01-25 08:52:31 ::1 GET /Expense/AddTransactionToReport ExpenseId=119 51722 - ::1 Mozilla/5.0+(Windows+NT+10.0;+WOW64)+AppleWebKit/537.36+(KHTML,+like+Gecko)+Chrome/55.0.2883.87+Safari/537.36 http://localhost:51722/ 200 0 0 5498
2017-01-25 08:52:31 ::1 GET /Expense/GetTravelTypeHeaderMapping TravelTypeId=17 51722 - ::1 Mozilla/5.0+(Windows+NT+10.0;+WOW64)+AppleWebKit/537.36+(KHTML,+like+Gecko)+Chrome/55.0.2883.87+Safari/537.36 http://localhost:51722/Expense/AddTransactionToReport?ExpenseId=119 200 0 0 104
2017-01-25 08:52:31 ::1 GET /__browserLink/requestData/d52da16207a54b0bba58eddf622e0dba version=2 51722 - ::1 Mozilla/5.0+(Windows+NT+10.0;+WOW64)+AppleWebKit/537.36+(KHTML,+like+Gecko)+Chrome/55.0.2883.87+Safari/537.36 http://localhost:51722/Expense/AddTransactionToReport?ExpenseId=119 200 0 0 27
2017-01-25 08:52:33 ::1 GET /TravelType/IsSubTravelCashAdvanced TravelTypeId=17 51722 - ::1 Mozilla/5.0+(Windows+NT+10.0;+WOW64)+AppleWebKit/537.36+(KHTML,+like+Gecko)+Chrome/55.0.2883.87+Safari/537.36 http://localhost:51722/Expense/AddTransactionToReport?ExpenseId=119 200 0 0 711
2017-01-25 08:52:34 ::1 GET /Expense/PrepareExpenseApprovalProgressBar/ ExpenseId=119&UserId=277&_=1485334352328 51722 - ::1 Mozilla/5.0+(Windows+NT+10.0;+WOW64)+AppleWebKit/537.36+(KHTML,+like+Gecko)+Chrome/55.0.2883.87+Safari/537.36 http://localhost:51722/Expense/AddTransactionToReport?ExpenseId=119 200 0 0 1786
2017-01-25 08:52:38 ::1 POST /Expense/AddTransactionToReport/119 - 51722 - ::1 Mozilla/5.0+(Windows+NT+10.0;+WOW64)+AppleWebKit/537.36+(KHTML,+like+Gecko)+Chrome/55.0.2883.87+Safari/537.36 http://localhost:51722/Expense/AddTransactionToReport?ExpenseId=119 200 0 0 2959
2017-01-25 08:52:38 ::1 GET /Expense/GetTravelTypeHeaderMapping TravelTypeId=17 51722 - ::1 Mozilla/5.0+(Windows+NT+10.0;+WOW64)+AppleWebKit/537.36+(KHTML,+like+Gecko)+Chrome/55.0.2883.87+Safari/537.36 http://localhost:51722/Expense/AddTransactionToReport/119 200 0 0 80
2017-01-25 08:52:38 ::1 GET /__browserLink/requestData/e1b21f02d004469aa4239e7b643e3a01 version=2 51722 - ::1 Mozilla/5.0+(Windows+NT+10.0;+WOW64)+AppleWebKit/537.36+(KHTML,+like+Gecko)+Chrome/55.0.2883.87+Safari/537.36 http://localhost:51722/Expense/AddTransactionToReport/119 200 0 0 23
2017-01-25 08:52:39 ::1 GET /Expense/PrepareExpenseApprovalProgressBar/ ExpenseId=119&UserId=277&_=1485334358480 51722 - ::1 Mozilla/5.0+(Windows+NT+10.0;+WOW64)+AppleWebKit/537.36+(KHTML,+like+Gecko)+Chrome/55.0.2883.87+Safari/537.36 http://localhost:51722/Expense/AddTransactionToReport/119 200 0 0 943
2017-01-25 08:52:39 ::1 GET /TravelType/IsSubTravelCashAdvanced TravelTypeId=17 51722 - ::1 Mozilla/5.0+(Windows+NT+10.0;+WOW64)+AppleWebKit/537.36+(KHTML,+like+Gecko)+Chrome/55.0.2883.87+Safari/537.36 http://localhost:51722/Expense/AddTransactionToReport/119 200 0 0 1071
2017-01-25 08:52:45 ::1 POST /Expense/AddTransactionToReport/119 - 51722 - ::1 Mozilla/5.0+(Windows+NT+10.0;+WOW64)+AppleWebKit/537.36+(KHTML,+like+Gecko)+Chrome/55.0.2883.87+Safari/537.36 http://localhost:51722/Expense/AddTransactionToReport/119 302 0 0 4722
2017-01-25 08:52:47 ::1 GET /Expense/ViewMyExpense/119 - 51722 - ::1 Mozilla/5.0+(Windows+NT+10.0;+WOW64)+AppleWebKit/537.36+(KHTML,+like+Gecko)+Chrome/55.0.2883.87+Safari/537.36 http://localhost:51722/Expense/AddTransactionToReport/119 200 0 0 1523
2017-01-25 08:52:47 ::1 GET /Expense/GetTravelTypeHeaderMapping TravelTypeId=17 51722 - ::1 Mozilla/5.0+(Windows+NT+10.0;+WOW64)+AppleWebKit/537.36+(KHTML,+like+Gecko)+Chrome/55.0.2883.87+Safari/537.36 http://localhost:51722/Expense/ViewMyExpense/119 200 0 0 46
2017-01-25 08:52:47 ::1 GET /__browserLink/requestData/213e6000282e47a6960e0177eabc9787 version=2 51722 - ::1 Mozilla/5.0+(Windows+NT+10.0;+WOW64)+AppleWebKit/537.36+(KHTML,+like+Gecko)+Chrome/55.0.2883.87+Safari/537.36 http://localhost:51722/Expense/ViewMyExpense/119 200 0 0 8
2017-01-25 08:52:47 ::1 GET /Expense/PrepareExpenseApprovalProgressBar/ ExpenseId=119&UserId=277&_=1485334367591 51722 - ::1 Mozilla/5.0+(Windows+NT+10.0;+WOW64)+AppleWebKit/537.36+(KHTML,+like+Gecko)+Chrome/55.0.2883.87+Safari/537.36 http://localhost:51722/Expense/ViewMyExpense/119 200 0 0 758
2017-01-25 08:52:51 ::1 GET / - 51722 - ::1 Mozilla/5.0+(Windows+NT+10.0;+WOW64)+AppleWebKit/537.36+(KHTML,+like+Gecko)+Chrome/55.0.2883.87+Safari/537.36 http://localhost:51722/Expense/ViewMyExpense/119 200 0 0 1241
2017-01-25 08:52:51 ::1 GET /__browserLink/requestData/ccda505835234598b9fe688af662a460 version=2 51722 - ::1 Mozilla/5.0+(Windows+NT+10.0;+WOW64)+AppleWebKit/537.36+(KHTML,+like+Gecko)+Chrome/55.0.2883.87+Safari/537.36 http://localhost:51722/ 200 0 0 11
2017-01-25 08:52:56 ::1 GET /Expense/AddTransactionToReport ExpenseId=108 51722 - ::1 Mozilla/5.0+(Windows+NT+10.0;+WOW64)+AppleWebKit/537.36+(KHTML,+like+Gecko)+Chrome/55.0.2883.87+Safari/537.36 http://localhost:51722/ 200 0 0 1732
2017-01-25 08:52:56 ::1 GET /__browserLink/requestData/8ac3f1593de143cdbe0f766ee483e176 version=2 51722 - ::1 Mozilla/5.0+(Windows+NT+10.0;+WOW64)+AppleWebKit/537.36+(KHTML,+like+Gecko)+Chrome/55.0.2883.87+Safari/537.36 http://localhost:51722/Expense/AddTransactionToReport?ExpenseId=108 200 0 0 101
2017-01-25 08:52:56 ::1 GET /Expense/PrepareExpenseApprovalProgressBar/ ExpenseId=108&UserId=277&_=1485334376584 51722 - ::1 Mozilla/5.0+(Windows+NT+10.0;+WOW64)+AppleWebKit/537.36+(KHTML,+like+Gecko)+Chrome/55.0.2883.87+Safari/537.36 http://localhost:51722/Expense/AddTransactionToReport?ExpenseId=108 200 0 0 374
2017-01-25 08:52:56 ::1 GET /TravelType/IsSubTravelCashAdvanced TravelTypeId=17 51722 - ::1 Mozilla/5.0+(Windows+NT+10.0;+WOW64)+AppleWebKit/537.36+(KHTML,+like+Gecko)+Chrome/55.0.2883.87+Safari/537.36 http://localhost:51722/Expense/AddTransactionToReport?ExpenseId=108 200 0 0 572
2017-01-25 08:52:57 ::1 GET /Expense/GetTravelTypeHeaderMapping TravelTypeId=17 51722 - ::1 Mozilla/5.0+(Windows+NT+10.0;+WOW64)+AppleWebKit/537.36+(KHTML,+like+Gecko)+Chrome/55.0.2883.87+Safari/537.36 http://localhost:51722/Expense/AddTransactionToReport?ExpenseId=108 200 0 0 1061
2017-01-25 08:53:00 ::1 POST /Expense/AddTransactionToReport/108 - 51722 - ::1 Mozilla/5.0+(Windows+NT+10.0;+WOW64)+AppleWebKit/537.36+(KHTML,+like+Gecko)+Chrome/55.0.2883.87+Safari/537.36 http://localhost:51722/Expense/AddTransactionToReport?ExpenseId=108 200 0 0 1987
2017-01-25 08:53:00 ::1 GET /TravelType/IsSubTravelCashAdvanced TravelTypeId=17 51722 - ::1 Mozilla/5.0+(Windows+NT+10.0;+WOW64)+AppleWebKit/537.36+(KHTML,+like+Gecko)+Chrome/55.0.2883.87+Safari/537.36 http://localhost:51722/Expense/AddTransactionToReport/108 200 0 0 76
2017-01-25 08:53:00 ::1 GET /__browserLink/requestData/2def8f1cf6cf4084af867530ec9d813d version=2 51722 - ::1 Mozilla/5.0+(Windows+NT+10.0;+WOW64)+AppleWebKit/537.36+(KHTML,+like+Gecko)+Chrome/55.0.2883.87+Safari/537.36 http://localhost:51722/Expense/AddTransactionToReport/108 200 0 0 23
2017-01-25 08:53:01 ::1 GET /Expense/PrepareExpenseApprovalProgressBar/ ExpenseId=108&UserId=277&_=1485334380617 51722 - ::1 Mozilla/5.0+(Windows+NT+10.0;+WOW64)+AppleWebKit/537.36+(KHTML,+like+Gecko)+Chrome/55.0.2883.87+Safari/537.36 http://localhost:51722/Expense/AddTransactionToReport/108 200 0 0 971
2017-01-25 08:53:01 ::1 GET /Expense/GetTravelTypeHeaderMapping TravelTypeId=17 51722 - ::1 Mozilla/5.0+(Windows+NT+10.0;+WOW64)+AppleWebKit/537.36+(KHTML,+like+Gecko)+Chrome/55.0.2883.87+Safari/537.36 http://localhost:51722/Expense/AddTransactionToReport/108 200 0 0 1055
2017-01-25 08:53:07 ::1 POST /Expense/AddTransactionToReport/108 - 51722 - ::1 Mozilla/5.0+(Windows+NT+10.0;+WOW64)+AppleWebKit/537.36+(KHTML,+like+Gecko)+Chrome/55.0.2883.87+Safari/537.36 http://localhost:51722/Expense/AddTransactionToReport/108 302 0 0 4470
2017-01-25 08:53:08 ::1 GET /Expense/ViewMyExpense/108 - 51722 - ::1 Mozilla/5.0+(Windows+NT+10.0;+WOW64)+AppleWebKit/537.36+(KHTML,+like+Gecko)+Chrome/55.0.2883.87+Safari/537.36 http://localhost:51722/Expense/AddTransactionToReport/108 200 0 0 1915
2017-01-25 08:53:08 ::1 GET /Expense/GetTravelTypeHeaderMapping TravelTypeId=17 51722 - ::1 Mozilla/5.0+(Windows+NT+10.0;+WOW64)+AppleWebKit/537.36+(KHTML,+like+Gecko)+Chrome/55.0.2883.87+Safari/537.36 http://localhost:51722/Expense/ViewMyExpense/108 200 0 0 46
2017-01-25 08:53:08 ::1 GET /__browserLink/requestData/7c60a84fd1f446219adc32ddb1cf65c7 version=2 51722 - ::1 Mozilla/5.0+(Windows+NT+10.0;+WOW64)+AppleWebKit/537.36+(KHTML,+like+Gecko)+Chrome/55.0.2883.87+Safari/537.36 http://localhost:51722/Expense/ViewMyExpense/108 200 0 0 14
2017-01-25 08:53:10 ::1 GET /Expense/PrepareExpenseApprovalProgressBar/ ExpenseId=108&UserId=277&_=1485334389228 51722 - ::1 Mozilla/5.0+(Windows+NT+10.0;+WOW64)+AppleWebKit/537.36+(KHTML,+like+Gecko)+Chrome/55.0.2883.87+Safari/537.36 http://localhost:51722/Expense/ViewMyExpense/108 200 0 0 803
2017-01-25 08:53:12 ::1 GET / - 51722 - ::1 Mozilla/5.0+(Windows+NT+10.0;+WOW64)+AppleWebKit/537.36+(KHTML,+like+Gecko)+Chrome/55.0.2883.87+Safari/537.36 http://localhost:51722/Expense/ViewMyExpense/108 200 0 0 1612
2017-01-25 08:53:12 ::1 GET /__browserLink/requestData/bac93cdf4dba44e2acfdbe687be3a16b version=2 51722 - ::1 Mozilla/5.0+(Windows+NT+10.0;+WOW64)+AppleWebKit/537.36+(KHTML,+like+Gecko)+Chrome/55.0.2883.87+Safari/537.36 http://localhost:51722/ 200 0 0 16
2017-01-25 08:53:15 ::1 GET /Expense/AddTransactionToReport ExpenseId=117 51722 - ::1 Mozilla/5.0+(Windows+NT+10.0;+WOW64)+AppleWebKit/537.36+(KHTML,+like+Gecko)+Chrome/55.0.2883.87+Safari/537.36 http://localhost:51722/ 200 0 0 2192
2017-01-25 08:53:15 ::1 GET /TravelType/IsSubTravelCashAdvanced TravelTypeId=17 51722 - ::1 Mozilla/5.0+(Windows+NT+10.0;+WOW64)+AppleWebKit/537.36+(KHTML,+like+Gecko)+Chrome/55.0.2883.87+Safari/537.36 http://localhost:51722/Expense/AddTransactionToReport?ExpenseId=117 200 0 0 79
2017-01-25 08:53:15 ::1 GET /__browserLink/requestData/ced89092cd854e44bd579a26363e1b85 version=2 51722 - ::1 Mozilla/5.0+(Windows+NT+10.0;+WOW64)+AppleWebKit/537.36+(KHTML,+like+Gecko)+Chrome/55.0.2883.87+Safari/537.36 http://localhost:51722/Expense/AddTransactionToReport?ExpenseId=117 200 0 0 27
2017-01-25 08:53:15 ::1 GET /Expense/GetTravelTypeHeaderMapping TravelTypeId=17 51722 - ::1 Mozilla/5.0+(Windows+NT+10.0;+WOW64)+AppleWebKit/537.36+(KHTML,+like+Gecko)+Chrome/55.0.2883.87+Safari/537.36 http://localhost:51722/Expense/AddTransactionToReport?ExpenseId=117 200 0 0 561
2017-01-25 08:53:17 ::1 GET /Expense/PrepareExpenseApprovalProgressBar/ ExpenseId=117&UserId=277&_=1485334396076 51722 - ::1 Mozilla/5.0+(Windows+NT+10.0;+WOW64)+AppleWebKit/537.36+(KHTML,+like+Gecko)+Chrome/55.0.2883.87+Safari/537.36 http://localhost:51722/Expense/AddTransactionToReport?ExpenseId=117 200 0 0 1410
2017-01-25 08:53:20 ::1 POST /Expense/AddTransactionToReport/117 - 51722 - ::1 Mozilla/5.0+(Windows+NT+10.0;+WOW64)+AppleWebKit/537.36+(KHTML,+like+Gecko)+Chrome/55.0.2883.87+Safari/537.36 http://localhost:51722/Expense/AddTransactionToReport?ExpenseId=117 200 0 0 2414
2017-01-25 08:53:20 ::1 GET /Expense/GetTravelTypeHeaderMapping TravelTypeId=17 51722 - ::1 Mozilla/5.0+(Windows+NT+10.0;+WOW64)+AppleWebKit/537.36+(KHTML,+like+Gecko)+Chrome/55.0.2883.87+Safari/537.36 http://localhost:51722/Expense/AddTransactionToReport/117 200 0 0 36
2017-01-25 08:53:20 ::1 GET /__browserLink/requestData/b8b4564d18d6485eb418def9b367e570 version=2 51722 - ::1 Mozilla/5.0+(Windows+NT+10.0;+WOW64)+AppleWebKit/537.36+(KHTML,+like+Gecko)+Chrome/55.0.2883.87+Safari/537.36 http://localhost:51722/Expense/AddTransactionToReport/117 200 0 0 19
2017-01-25 08:53:20 ::1 GET /TravelType/IsSubTravelCashAdvanced TravelTypeId=17 51722 - ::1 Mozilla/5.0+(Windows+NT+10.0;+WOW64)+AppleWebKit/537.36+(KHTML,+like+Gecko)+Chrome/55.0.2883.87+Safari/537.36 http://localhost:51722/Expense/AddTransactionToReport/117 200 0 0 573
2017-01-25 08:53:22 ::1 GET /Expense/PrepareExpenseApprovalProgressBar/ ExpenseId=117&UserId=277&_=1485334401109 51722 - ::1 Mozilla/5.0+(Windows+NT+10.0;+WOW64)+AppleWebKit/537.36+(KHTML,+like+Gecko)+Chrome/55.0.2883.87+Safari/537.36 http://localhost:51722/Expense/AddTransactionToReport/117 200 0 0 1370
2017-01-25 08:53:29 ::1 POST /Expense/AddTransactionToReport/117 - 51722 - ::1 Mozilla/5.0+(Windows+NT+10.0;+WOW64)+AppleWebKit/537.36+(KHTML,+like+Gecko)+Chrome/55.0.2883.87+Safari/537.36 http://localhost:51722/Expense/AddTransactionToReport/117 302 0 0 4389
2017-01-25 08:53:31 ::1 GET /Expense/ViewMyExpense/117 - 51722 - ::1 Mozilla/5.0+(Windows+NT+10.0;+WOW64)+AppleWebKit/537.36+(KHTML,+like+Gecko)+Chrome/55.0.2883.87+Safari/537.36 http://localhost:51722/Expense/AddTransactionToReport/117 200 0 0 1807
2017-01-25 08:53:31 ::1 GET /Expense/GetTravelTypeHeaderMapping TravelTypeId=17 51722 - ::1 Mozilla/5.0+(Windows+NT+10.0;+WOW64)+AppleWebKit/537.36+(KHTML,+like+Gecko)+Chrome/55.0.2883.87+Safari/537.36 http://localhost:51722/Expense/ViewMyExpense/117 200 0 0 47
2017-01-25 08:53:31 ::1 GET /__browserLink/requestData/24fcbedd3b094a089ade1b2f63cba0a1 version=2 51722 - ::1 Mozilla/5.0+(Windows+NT+10.0;+WOW64)+AppleWebKit/537.36+(KHTML,+like+Gecko)+Chrome/55.0.2883.87+Safari/537.36 http://localhost:51722/Expense/ViewMyExpense/117 200 0 0 11
2017-01-25 08:53:32 ::1 GET /Expense/PrepareExpenseApprovalProgressBar/ ExpenseId=117&UserId=277&_=1485334411717 51722 - ::1 Mozilla/5.0+(Windows+NT+10.0;+WOW64)+AppleWebKit/537.36+(KHTML,+like+Gecko)+Chrome/55.0.2883.87+Safari/537.36 http://localhost:51722/Expense/ViewMyExpense/117 200 0 0 841
2017-01-25 08:53:57 ::1 GET /User/LogOff - 51722 - ::1 Mozilla/5.0+(Windows+NT+10.0;+WOW64)+AppleWebKit/537.36+(KHTML,+like+Gecko)+Chrome/55.0.2883.87+Safari/537.36 http://localhost:51722/Expense/ViewMyExpense/117 302 0 0 70
2017-01-25 08:53:57 ::1 GET / - 51722 - ::1 Mozilla/5.0+(Windows+NT+10.0;+WOW64)+AppleWebKit/537.36+(KHTML,+like+Gecko)+Chrome/55.0.2883.87+Safari/537.36 http://localhost:51722/Expense/ViewMyExpense/117 302 0 0 16
2017-01-25 08:53:57 ::1 GET /User/LogOn - 51722 - ::1 Mozilla/5.0+(Windows+NT+10.0;+WOW64)+AppleWebKit/537.36+(KHTML,+like+Gecko)+Chrome/55.0.2883.87+Safari/537.36 http://localhost:51722/Expense/ViewMyExpense/117 200 0 0 138
2017-01-25 08:53:57 ::1 GET /__browserLink/requestData/ea3a55d7a09444e484037b6d2a6bf679 version=2 51722 - ::1 Mozilla/5.0+(Windows+NT+10.0;+WOW64)+AppleWebKit/537.36+(KHTML,+like+Gecko)+Chrome/55.0.2883.87+Safari/537.36 http://localhost:51722/User/LogOn 200 0 0 9
2017-01-25 08:54:05 ::1 POST /User/LogOn - 51722 - ::1 Mozilla/5.0+(Windows+NT+10.0;+WOW64)+AppleWebKit/537.36+(KHTML,+like+Gecko)+Chrome/55.0.2883.87+Safari/537.36 http://localhost:51722/User/LogOn 302 0 0 746
2017-01-25 08:54:07 ::1 GET / - 51722 - ::1 Mozilla/5.0+(Windows+NT+10.0;+WOW64)+AppleWebKit/537.36+(KHTML,+like+Gecko)+Chrome/55.0.2883.87+Safari/537.36 http://localhost:51722/User/LogOn 200 0 0 1585
2017-01-25 08:54:07 ::1 GET /__browserLink/requestData/f606dc72933e414587291a22d40f77fa version=2 51722 - ::1 Mozilla/5.0+(Windows+NT+10.0;+WOW64)+AppleWebKit/537.36+(KHTML,+like+Gecko)+Chrome/55.0.2883.87+Safari/537.36 http://localhost:51722/ 200 0 0 10
2017-01-25 08:54:15 ::1 GET /Expense/ReviewExpense ExpenseId=108 51722 - ::1 Mozilla/5.0+(Windows+NT+10.0;+WOW64)+AppleWebKit/537.36+(KHTML,+like+Gecko)+Chrome/55.0.2883.87+Safari/537.36 http://localhost:51722/ 200 0 0 5332
2017-01-25 08:54:15 ::1 GET /__browserLink/requestData/192ecaf3a4be4d788a0dfc47c60f78f0 version=2 51722 - ::1 Mozilla/5.0+(Windows+NT+10.0;+WOW64)+AppleWebKit/537.36+(KHTML,+like+Gecko)+Chrome/55.0.2883.87+Safari/537.36 http://localhost:51722/Expense/ReviewExpense?ExpenseId=108 200 0 0 73
2017-01-25 08:54:15 ::1 GET /Expense/PrepareExpenseApprovalProgressBar/ ExpenseId=108&UserId=277&_=1485334455441 51722 - ::1 Mozilla/5.0+(Windows+NT+10.0;+WOW64)+AppleWebKit/537.36+(KHTML,+like+Gecko)+Chrome/55.0.2883.87+Safari/537.36 http://localhost:51722/Expense/ReviewExpense?ExpenseId=108 200 0 0 522
2017-01-25 08:56:54 ::1 POST /Expense/ReviewExpense - 51722 - ::1 Mozilla/5.0+(Windows+NT+10.0;+WOW64)+AppleWebKit/537.36+(KHTML,+like+Gecko)+Chrome/55.0.2883.87+Safari/537.36 http://localhost:51722/Expense/ReviewExpense?ExpenseId=108 302 0 0 157443
2017-01-25 08:56:56 ::1 GET /Expense/ViewMyReviewExpense ExpenseId=108&ManagerId=278 51722 - ::1 Mozilla/5.0+(Windows+NT+10.0;+WOW64)+AppleWebKit/537.36+(KHTML,+like+Gecko)+Chrome/55.0.2883.87+Safari/537.36 http://localhost:51722/Expense/ReviewExpense?ExpenseId=108 200 0 0 2264
2017-01-25 08:56:56 ::1 GET /Expense/GetTravelTypeHeaderMapping TravelTypeId=17 51722 - ::1 Mozilla/5.0+(Windows+NT+10.0;+WOW64)+AppleWebKit/537.36+(KHTML,+like+Gecko)+Chrome/55.0.2883.87+Safari/537.36 http://localhost:51722/Expense/ViewMyReviewExpense?ExpenseId=108&ManagerId=278 200 0 0 62
2017-01-25 08:56:56 ::1 GET /__browserLink/requestData/1f59bd27173544518f3afcb80c5262b2 version=2 51722 - ::1 Mozilla/5.0+(Windows+NT+10.0;+WOW64)+AppleWebKit/537.36+(KHTML,+like+Gecko)+Chrome/55.0.2883.87+Safari/537.36 http://localhost:51722/Expense/ViewMyReviewExpense?ExpenseId=108&ManagerId=278 200 0 0 19
2017-01-25 08:56:58 ::1 GET /Expense/PrepareExpenseApprovalProgressBar/ ExpenseId=108&UserId=277&_=1485334617082 51722 - ::1 Mozilla/5.0+(Windows+NT+10.0;+WOW64)+AppleWebKit/537.36+(KHTML,+like+Gecko)+Chrome/55.0.2883.87+Safari/537.36 http://localhost:51722/Expense/ViewMyReviewExpense?ExpenseId=108&ManagerId=278 200 0 0 1042
2017-01-25 08:57:08 ::1 GET / - 51722 - ::1 Mozilla/5.0+(Windows+NT+10.0;+WOW64)+AppleWebKit/537.36+(KHTML,+like+Gecko)+Chrome/55.0.2883.87+Safari/537.36 http://localhost:51722/Expense/ViewMyReviewExpense?ExpenseId=108&ManagerId=278 200 0 0 1586
2017-01-25 08:57:08 ::1 GET /__browserLink/requestData/a9f3708235e342dc9dffa23522778297 version=2 51722 - ::1 Mozilla/5.0+(Windows+NT+10.0;+WOW64)+AppleWebKit/537.36+(KHTML,+like+Gecko)+Chrome/55.0.2883.87+Safari/537.36 http://localhost:51722/ 200 0 0 6
2017-01-25 08:57:18 ::1 GET /Expense/ReviewExpense ExpenseId=117 51722 - ::1 Mozilla/5.0+(Windows+NT+10.0;+WOW64)+AppleWebKit/537.36+(KHTML,+like+Gecko)+Chrome/55.0.2883.87+Safari/537.36 http://localhost:51722/ 200 0 0 6878
2017-01-25 08:57:18 ::1 GET /__browserLink/requestData/83280a8acade4fe5991584e97c90765b version=2 51722 - ::1 Mozilla/5.0+(Windows+NT+10.0;+WOW64)+AppleWebKit/537.36+(KHTML,+like+Gecko)+Chrome/55.0.2883.87+Safari/537.36 http://localhost:51722/Expense/ReviewExpense?ExpenseId=117 200 0 0 338
2017-01-25 08:57:19 ::1 GET /Expense/PrepareExpenseApprovalProgressBar/ ExpenseId=117&UserId=277&_=1485334638496 51722 - ::1 Mozilla/5.0+(Windows+NT+10.0;+WOW64)+AppleWebKit/537.36+(KHTML,+like+Gecko)+Chrome/55.0.2883.87+Safari/537.36 http://localhost:51722/Expense/ReviewExpense?ExpenseId=117 200 0 0 796
#Software: Microsoft Internet Information Services 8.0
#Version: 1.0
#Date: 2017-01-25 12:35:38
#Fields: date time s-ip cs-method cs-uri-stem cs-uri-query s-port cs-username c-ip cs(User-Agent) cs(Referer) sc-status sc-substatus sc-win32-status time-taken
2017-01-25 12:35:38 ::1 GET / - 51722 - ::1 Mozilla/5.0+(Windows+NT+10.0;+WOW64)+AppleWebKit/537.36+(KHTML,+like+Gecko)+Chrome/55.0.2883.87+Safari/537.36 - 302 0 0 31414
2017-01-25 12:35:53 ::1 GET /User/LogOn - 51722 - ::1 Mozilla/5.0+(Windows+NT+10.0;+WOW64)+AppleWebKit/537.36+(KHTML,+like+Gecko)+Chrome/55.0.2883.87+Safari/537.36 - 200 0 0 14755
2017-01-25 12:35:54 ::1 GET /__browserLink/requestData/4e48f9fa45d5451b936804a2d1f77d58 version=2 51722 - ::1 Mozilla/5.0+(Windows+NT+10.0;+WOW64)+AppleWebKit/537.36+(KHTML,+like+Gecko)+Chrome/55.0.2883.87+Safari/537.36 http://localhost:51722/User/LogOn 200 0 0 340
2017-01-25 12:36:45 ::1 POST /User/LogOn - 51722 - ::1 Mozilla/5.0+(Windows+NT+10.0;+WOW64)+AppleWebKit/537.36+(KHTML,+like+Gecko)+Chrome/55.0.2883.87+Safari/537.36 http://localhost:51722/User/LogOn 302 0 0 12149
2017-01-25 12:37:04 ::1 GET / - 51722 - ::1 Mozilla/5.0+(Windows+NT+10.0;+WOW64)+AppleWebKit/537.36+(KHTML,+like+Gecko)+Chrome/55.0.2883.87+Safari/537.36 http://localhost:51722/User/LogOn 200 0 0 19242
2017-01-25 12:37:06 ::1 GET /__browserLink/requestData/e730549b5c134b478e14463e1b8b969c version=2 51722 - ::1 Mozilla/5.0+(Windows+NT+10.0;+WOW64)+AppleWebKit/537.36+(KHTML,+like+Gecko)+Chrome/55.0.2883.87+Safari/537.36 http://localhost:51722/ 200 0 0 276
#Software: Microsoft Internet Information Services 8.0
#Version: 1.0
#Date: 2017-01-25 12:39:54
#Fields: date time s-ip cs-method cs-uri-stem cs-uri-query s-port cs-username c-ip cs(User-Agent) cs(Referer) sc-status sc-substatus sc-win32-status time-taken
2017-01-25 12:39:54 ::1 GET / - 51722 - ::1 Mozilla/5.0+(Windows+NT+10.0;+WOW64)+AppleWebKit/537.36+(KHTML,+like+Gecko)+Chrome/55.0.2883.87+Safari/537.36 - 302 0 0 22308
2017-01-25 12:40:05 ::1 GET /User/LogOn - 51722 - ::1 Mozilla/5.0+(Windows+NT+10.0;+WOW64)+AppleWebKit/537.36+(KHTML,+like+Gecko)+Chrome/55.0.2883.87+Safari/537.36 - 200 0 0 10325
2017-01-25 12:40:05 ::1 GET /__browserLink/requestData/a39a2c44cddf4cda9e4e7dbdc12f0769 version=2 51722 - ::1 Mozilla/5.0+(Windows+NT+10.0;+WOW64)+AppleWebKit/537.36+(KHTML,+like+Gecko)+Chrome/55.0.2883.87+Safari/537.36 http://localhost:51722/User/LogOn 200 0 0 103
2017-01-25 12:40:28 ::1 POST /User/LogOn - 51722 - ::1 Mozilla/5.0+(Windows+NT+10.0;+WOW64)+AppleWebKit/537.36+(KHTML,+like+Gecko)+Chrome/55.0.2883.87+Safari/537.36 http://localhost:51722/User/LogOn 302 0 0 7964
2017-01-25 12:40:49 ::1 GET / - 51722 - ::1 Mozilla/5.0+(Windows+NT+10.0;+WOW64)+AppleWebKit/537.36+(KHTML,+like+Gecko)+Chrome/55.0.2883.87+Safari/537.36 http://localhost:51722/User/LogOn 200 0 0 20400
2017-01-25 12:40:49 ::1 GET /__browserLink/requestData/40f3906a772d43c6a603d76935a6dbfd version=2 51722 - ::1 Mozilla/5.0+(Windows+NT+10.0;+WOW64)+AppleWebKit/537.36+(KHTML,+like+Gecko)+Chrome/55.0.2883.87+Safari/537.36 http://localhost:51722/ 200 0 0 11
2017-01-25 12:41:06 ::1 GET /Expense/ReviewExpense ExpenseId=119 51722 - ::1 Mozilla/5.0+(Windows+NT+10.0;+WOW64)+AppleWebKit/537.36+(KHTML,+like+Gecko)+Chrome/55.0.2883.87+Safari/537.36 http://localhost:51722/ 200 0 0 11887
2017-01-25 12:41:07 ::1 GET /__browserLink/requestData/d52698e151f14f5899d72c4bd8a64c46 version=2 51722 - ::1 Mozilla/5.0+(Windows+NT+10.0;+WOW64)+AppleWebKit/537.36+(KHTML,+like+Gecko)+Chrome/55.0.2883.87+Safari/537.36 http://localhost:51722/Expense/ReviewExpense?ExpenseId=119 200 0 0 78
2017-01-25 12:41:08 ::1 GET /Expense/PrepareExpenseApprovalProgressBar/ ExpenseId=119&UserId=277&_=1485348066556 51722 - ::1 Mozilla/5.0+(Windows+NT+10.0;+WOW64)+AppleWebKit/537.36+(KHTML,+like+Gecko)+Chrome/55.0.2883.87+Safari/537.36 http://localhost:51722/Expense/ReviewExpense?ExpenseId=119 200 0 0 2229
2017-01-25 12:41:26 ::1 POST /Expense/ReviewExpense - 51722 - ::1 Mozilla/5.0+(Windows+NT+10.0;+WOW64)+AppleWebKit/537.36+(KHTML,+like+Gecko)+Chrome/55.0.2883.87+Safari/537.36 http://localhost:51722/Expense/ReviewExpense?ExpenseId=119 302 0 0 12008
2017-01-25 12:41:28 ::1 GET /Expense/ViewMyReviewExpense ExpenseId=119&ManagerId=278 51722 - ::1 Mozilla/5.0+(Windows+NT+10.0;+WOW64)+AppleWebKit/537.36+(KHTML,+like+Gecko)+Chrome/55.0.2883.87+Safari/537.36 http://localhost:51722/Expense/ReviewExpense?ExpenseId=119 200 0 0 2718
2017-01-25 12:41:28 ::1 GET /__browserLink/requestData/1bfb54beda044d4fa785f5ae9d4ad6b9 version=2 51722 - ::1 Mozilla/5.0+(Windows+NT+10.0;+WOW64)+AppleWebKit/537.36+(KHTML,+like+Gecko)+Chrome/55.0.2883.87+Safari/537.36 http://localhost:51722/Expense/ViewMyReviewExpense?ExpenseId=119&ManagerId=278 200 0 0 56
2017-01-25 12:41:28 ::1 GET /Expense/PrepareExpenseApprovalProgressBar/ ExpenseId=119&UserId=277&_=1485348089157 51722 - ::1 Mozilla/5.0+(Windows+NT+10.0;+WOW64)+AppleWebKit/537.36+(KHTML,+like+Gecko)+Chrome/55.0.2883.87+Safari/537.36 http://localhost:51722/Expense/ViewMyReviewExpense?ExpenseId=119&ManagerId=278 200 0 0 662
2017-01-25 12:41:30 ::1 GET /Expense/GetTravelTypeHeaderMapping TravelTypeId=17 51722 - ::1 Mozilla/5.0+(Windows+NT+10.0;+WOW64)+AppleWebKit/537.36+(KHTML,+like+Gecko)+Chrome/55.0.2883.87+Safari/537.36 http://localhost:51722/Expense/ViewMyReviewExpense?ExpenseId=119&ManagerId=278 200 0 0 1157
