#Software: Microsoft Internet Information Services 8.0
#Version: 1.0
#Date: 2017-07-27 13:22:21
#Fields: date time s-ip cs-method cs-uri-stem cs-uri-query s-port cs-username c-ip cs(User-Agent) cs(Referer) sc-status sc-substatus sc-win32-status time-taken
2017-07-27 13:22:21 ::1 GET / - 51722 - ::1 Mozilla/5.0+(Windows+NT+10.0;+Win64;+x64)+AppleWebKit/537.36+(KHTML,+like+Gecko)+Chrome/59.0.3071.115+Safari/537.36 - 500 0 0 18018
2017-07-27 13:22:56 ::1 GET /User/LogOn - 51722 - ::1 Mozilla/5.0+(Windows+NT+10.0;+Win64;+x64)+AppleWebKit/537.36+(KHTML,+like+Gecko)+Chrome/59.0.3071.115+Safari/537.36 - 200 0 0 23477
2017-07-27 13:22:56 ::1 GET /User/assets/pages/img/login/bg1.jpg - 51722 - ::1 Mozilla/5.0+(Windows+NT+10.0;+Win64;+x64)+AppleWebKit/537.36+(KHTML,+like+Gecko)+Chrome/59.0.3071.115+Safari/537.36 http://localhost:51722/User/LogOn 404 0 2 57
2017-07-27 13:23:04 ::1 GET /User/LogOnGeneric/ - 51722 - ::1 Mozilla/5.0+(Windows+NT+10.0;+Win64;+x64)+AppleWebKit/537.36+(KHTML,+like+Gecko)+Chrome/59.0.3071.115+Safari/537.36 http://localhost:51722/User/LogOn 200 0 0 2135
2017-07-27 13:23:04 ::1 GET /User/LogOnGeneric/assets/pages/img/login/bg1.jpg - 51722 - ::1 Mozilla/5.0+(Windows+NT+10.0;+Win64;+x64)+AppleWebKit/537.36+(KHTML,+like+Gecko)+Chrome/59.0.3071.115+Safari/537.36 http://localhost:51722/User/LogOnGeneric/ 404 0 2 2
2017-07-27 13:32:18 ::1 GET /User/LogOnGeneric/ - 51722 - ::1 Mozilla/5.0+(Windows+NT+10.0;+Win64;+x64)+AppleWebKit/537.36+(KHTML,+like+Gecko)+Chrome/59.0.3071.115+Safari/537.36 http://localhost:51722/User/LogOn 200 0 0 15619
2017-07-27 13:32:18 ::1 GET /User/LogOnGeneric/assets/pages/img/login/bg1.jpg - 51722 - ::1 Mozilla/5.0+(Windows+NT+10.0;+Win64;+x64)+AppleWebKit/537.36+(KHTML,+like+Gecko)+Chrome/59.0.3071.115+Safari/537.36 http://localhost:51722/User/LogOnGeneric/ 404 0 2 9
2017-07-27 13:41:49 ::1 GET /User/LogOnGeneric/ - 51722 - ::1 Mozilla/5.0+(Windows+NT+10.0;+Win64;+x64)+AppleWebKit/537.36+(KHTML,+like+Gecko)+Chrome/59.0.3071.115+Safari/537.36 http://localhost:51722/User/LogOn 200 0 0 9489
2017-07-27 13:41:49 ::1 GET /User/LogOnGeneric/assets/pages/img/login/bg1.jpg - 51722 - ::1 Mozilla/5.0+(Windows+NT+10.0;+Win64;+x64)+AppleWebKit/537.36+(KHTML,+like+Gecko)+Chrome/59.0.3071.115+Safari/537.36 http://localhost:51722/User/LogOnGeneric/ 404 0 2 2
2017-07-27 13:41:49 ::1 GET /favicon.ico - 51722 - ::1 Mozilla/5.0+(Windows+NT+10.0;+Win64;+x64)+AppleWebKit/537.36+(KHTML,+like+Gecko)+Chrome/59.0.3071.115+Safari/537.36 http://localhost:51722/User/LogOnGeneric/ 200 0 0 178
2017-07-27 13:42:23 ::1 GET /User/LogOnGenericNext/ UserName=ss@gg.com 51722 - ::1 Mozilla/5.0+(Windows+NT+10.0;+Win64;+x64)+AppleWebKit/537.36+(KHTML,+like+Gecko)+Chrome/59.0.3071.115+Safari/537.36 http://localhost:51722/User/LogOnGeneric/ 500 0 0 17226
#Software: Microsoft Internet Information Services 8.0
#Version: 1.0
#Date: 2017-07-27 13:57:37
#Fields: date time s-ip cs-method cs-uri-stem cs-uri-query s-port cs-username c-ip cs(User-Agent) cs(Referer) sc-status sc-substatus sc-win32-status time-taken
2017-07-27 13:57:37 ::1 GET /User/LogOnGeneric - 51722 - ::1 Mozilla/5.0+(Windows+NT+10.0;+Win64;+x64)+AppleWebKit/537.36+(KHTML,+like+Gecko)+Chrome/59.0.3071.115+Safari/537.36 - 200 0 0 27619
2017-07-27 13:57:37 ::1 GET /User/assets/pages/img/login/bg1.jpg - 51722 - ::1 Mozilla/5.0+(Windows+NT+10.0;+Win64;+x64)+AppleWebKit/537.36+(KHTML,+like+Gecko)+Chrome/59.0.3071.115+Safari/537.36 http://localhost:51722/User/LogOnGeneric 404 0 2 5
2017-07-27 13:58:38 ::1 GET /User/LogOnGeneric - 51722 - ::1 Mozilla/5.0+(Windows+NT+10.0;+Win64;+x64)+AppleWebKit/537.36+(KHTML,+like+Gecko)+Chrome/59.0.3071.115+Safari/537.36 - 200 0 0 16641
2017-07-27 13:58:38 ::1 GET /User/assets/pages/img/login/bg1.jpg - 51722 - ::1 Mozilla/5.0+(Windows+NT+10.0;+Win64;+x64)+AppleWebKit/537.36+(KHTML,+like+Gecko)+Chrome/59.0.3071.115+Safari/537.36 http://localhost:51722/User/LogOnGeneric 404 0 2 3
2017-07-27 13:58:38 ::1 GET /favicon.ico - 51722 - ::1 Mozilla/5.0+(Windows+NT+10.0;+Win64;+x64)+AppleWebKit/537.36+(KHTML,+like+Gecko)+Chrome/59.0.3071.115+Safari/537.36 http://localhost:51722/User/LogOnGeneric 200 0 0 20
2017-07-27 14:00:21 ::1 GET /User/LogOnGeneric - 51722 - ::1 Mozilla/5.0+(Windows+NT+10.0;+Win64;+x64)+AppleWebKit/537.36+(KHTML,+like+Gecko)+Chrome/59.0.3071.115+Safari/537.36 - 200 0 0 6150
2017-07-27 14:00:21 ::1 GET /User/assets/pages/img/login/bg1.jpg - 51722 - ::1 Mozilla/5.0+(Windows+NT+10.0;+Win64;+x64)+AppleWebKit/537.36+(KHTML,+like+Gecko)+Chrome/59.0.3071.115+Safari/537.36 http://localhost:51722/User/LogOnGeneric 404 0 2 2
2017-07-27 14:00:21 ::1 GET /favicon.ico - 51722 - ::1 Mozilla/5.0+(Windows+NT+10.0;+Win64;+x64)+AppleWebKit/537.36+(KHTML,+like+Gecko)+Chrome/59.0.3071.115+Safari/537.36 http://localhost:51722/User/LogOnGeneric 200 0 0 26
2017-07-27 14:01:15 ::1 GET /User/LogOnGeneric - 51722 - ::1 Mozilla/5.0+(Windows+NT+10.0;+Win64;+x64)+AppleWebKit/537.36+(KHTML,+like+Gecko)+Chrome/59.0.3071.115+Safari/537.36 - 200 0 0 6949
2017-07-27 14:01:15 ::1 GET /assets/global/plugins/simple-line-icons/simple-line-icons.min.css - 51722 - ::1 Mozilla/5.0+(Windows+NT+10.0;+Win64;+x64)+AppleWebKit/537.36+(KHTML,+like+Gecko)+Chrome/59.0.3071.115+Safari/537.36 http://localhost:51722/User/LogOnGeneric 200 0 0 38
2017-07-27 14:01:15 ::1 GET /assets/global/plugins/select2/css/select2.min.css - 51722 - ::1 Mozilla/5.0+(Windows+NT+10.0;+Win64;+x64)+AppleWebKit/537.36+(KHTML,+like+Gecko)+Chrome/59.0.3071.115+Safari/537.36 http://localhost:51722/User/LogOnGeneric 200 0 0 45
2017-07-27 14:01:15 ::1 GET /assets/pages/css/font.css - 51722 - ::1 Mozilla/5.0+(Windows+NT+10.0;+Win64;+x64)+AppleWebKit/537.36+(KHTML,+like+Gecko)+Chrome/59.0.3071.115+Safari/537.36 http://localhost:51722/User/LogOnGeneric 200 0 0 68
2017-07-27 14:01:15 ::1 GET /assets/global/plugins/bootstrap-switch/css/bootstrap-switch.min.css - 51722 - ::1 Mozilla/5.0+(Windows+NT+10.0;+Win64;+x64)+AppleWebKit/537.36+(KHTML,+like+Gecko)+Chrome/59.0.3071.115+Safari/537.36 http://localhost:51722/User/LogOnGeneric 200 0 0 66
2017-07-27 14:01:15 ::1 GET /assets/global/plugins/select2/css/select2-bootstrap.min.css - 51722 - ::1 Mozilla/5.0+(Windows+NT+10.0;+Win64;+x64)+AppleWebKit/537.36+(KHTML,+like+Gecko)+Chrome/59.0.3071.115+Safari/537.36 http://localhost:51722/User/LogOnGeneric 200 0 0 116
2017-07-27 14:01:15 ::1 GET /assets/global/plugins/bootstrap/css/bootstrap.min.css - 51722 - ::1 Mozilla/5.0+(Windows+NT+10.0;+Win64;+x64)+AppleWebKit/537.36+(KHTML,+like+Gecko)+Chrome/59.0.3071.115+Safari/537.36 http://localhost:51722/User/LogOnGeneric 200 0 0 243
2017-07-27 14:01:15 ::1 GET /assets/global/plugins/jquery.min.js - 51722 - ::1 Mozilla/5.0+(Windows+NT+10.0;+Win64;+x64)+AppleWebKit/537.36+(KHTML,+like+Gecko)+Chrome/59.0.3071.115+Safari/537.36 http://localhost:51722/User/LogOnGeneric 200 0 0 199
2017-07-27 14:01:15 ::1 GET /assets/pages/css/login-5.min.css - 51722 - ::1 Mozilla/5.0+(Windows+NT+10.0;+Win64;+x64)+AppleWebKit/537.36+(KHTML,+like+Gecko)+Chrome/59.0.3071.115+Safari/537.36 http://localhost:51722/User/LogOnGeneric 200 0 0 230
2017-07-27 14:01:15 ::1 GET /assets/global/css/plugins.min.css - 51722 - ::1 Mozilla/5.0+(Windows+NT+10.0;+Win64;+x64)+AppleWebKit/537.36+(KHTML,+like+Gecko)+Chrome/59.0.3071.115+Safari/537.36 http://localhost:51722/User/LogOnGeneric 200 0 0 266
2017-07-27 14:01:15 ::1 GET /assets/global/plugins/bootstrap/js/bootstrap.min.js - 51722 - ::1 Mozilla/5.0+(Windows+NT+10.0;+Win64;+x64)+AppleWebKit/537.36+(KHTML,+like+Gecko)+Chrome/59.0.3071.115+Safari/537.36 http://localhost:51722/User/LogOnGeneric 200 0 0 27
2017-07-27 14:01:15 ::1 GET /assets/global/plugins/js.cookie.min.js - 51722 - ::1 Mozilla/5.0+(Windows+NT+10.0;+Win64;+x64)+AppleWebKit/537.36+(KHTML,+like+Gecko)+Chrome/59.0.3071.115+Safari/537.36 http://localhost:51722/User/LogOnGeneric 200 0 0 12
2017-07-27 14:01:15 ::1 GET /assets/global/plugins/jquery-slimscroll/jquery.slimscroll.min.js - 51722 - ::1 Mozilla/5.0+(Windows+NT+10.0;+Win64;+x64)+AppleWebKit/537.36+(KHTML,+like+Gecko)+Chrome/59.0.3071.115+Safari/537.36 http://localhost:51722/User/LogOnGeneric 200 0 0 57
2017-07-27 14:01:15 ::1 GET /assets/global/plugins/jquery.blockui.min.js - 51722 - ::1 Mozilla/5.0+(Windows+NT+10.0;+Win64;+x64)+AppleWebKit/537.36+(KHTML,+like+Gecko)+Chrome/59.0.3071.115+Safari/537.36 http://localhost:51722/User/LogOnGeneric 200 0 0 54
2017-07-27 14:01:15 ::1 GET /assets/global/plugins/bootstrap-switch/js/bootstrap-switch.min.js - 51722 - ::1 Mozilla/5.0+(Windows+NT+10.0;+Win64;+x64)+AppleWebKit/537.36+(KHTML,+like+Gecko)+Chrome/59.0.3071.115+Safari/537.36 http://localhost:51722/User/LogOnGeneric 200 0 0 317
2017-07-27 14:01:15 ::1 GET /assets/global/plugins/jquery-validation/js/jquery.validate.min.js - 51722 - ::1 Mozilla/5.0+(Windows+NT+10.0;+Win64;+x64)+AppleWebKit/537.36+(KHTML,+like+Gecko)+Chrome/59.0.3071.115+Safari/537.36 http://localhost:51722/User/LogOnGeneric 200 0 0 106
2017-07-27 14:01:15 ::1 GET /assets/global/plugins/jquery-validation/js/additional-methods.min.js - 51722 - ::1 Mozilla/5.0+(Windows+NT+10.0;+Win64;+x64)+AppleWebKit/537.36+(KHTML,+like+Gecko)+Chrome/59.0.3071.115+Safari/537.36 http://localhost:51722/User/LogOnGeneric 200 0 0 18
2017-07-27 14:01:16 ::1 GET /assets/global/plugins/select2/js/select2.full.min.js - 51722 - ::1 Mozilla/5.0+(Windows+NT+10.0;+Win64;+x64)+AppleWebKit/537.36+(KHTML,+like+Gecko)+Chrome/59.0.3071.115+Safari/537.36 http://localhost:51722/User/LogOnGeneric 200 0 0 21
2017-07-27 14:01:16 ::1 GET /assets/global/plugins/backstretch/jquery.backstretch.min.js - 51722 - ::1 Mozilla/5.0+(Windows+NT+10.0;+Win64;+x64)+AppleWebKit/537.36+(KHTML,+like+Gecko)+Chrome/59.0.3071.115+Safari/537.36 http://localhost:51722/User/LogOnGeneric 200 0 0 21
2017-07-27 14:01:16 ::1 GET /assets/global/scripts/app.min.js - 51722 - ::1 Mozilla/5.0+(Windows+NT+10.0;+Win64;+x64)+AppleWebKit/537.36+(KHTML,+like+Gecko)+Chrome/59.0.3071.115+Safari/537.36 http://localhost:51722/User/LogOnGeneric 200 0 0 49
2017-07-27 14:01:16 ::1 GET /assets/pages/scripts/loginGeneric-5.min.js - 51722 - ::1 Mozilla/5.0+(Windows+NT+10.0;+Win64;+x64)+AppleWebKit/537.36+(KHTML,+like+Gecko)+Chrome/59.0.3071.115+Safari/537.36 http://localhost:51722/User/LogOnGeneric 200 0 0 19
2017-07-27 14:01:16 ::1 GET /images/logo_1.png - 51722 - ::1 Mozilla/5.0+(Windows+NT+10.0;+Win64;+x64)+AppleWebKit/537.36+(KHTML,+like+Gecko)+Chrome/59.0.3071.115+Safari/537.36 http://localhost:51722/User/LogOnGeneric 200 0 0 54
2017-07-27 14:01:16 ::1 GET /assets/global/css/components.min.css - 51722 - ::1 Mozilla/5.0+(Windows+NT+10.0;+Win64;+x64)+AppleWebKit/537.36+(KHTML,+like+Gecko)+Chrome/59.0.3071.115+Safari/537.36 http://localhost:51722/User/LogOnGeneric 200 0 0 1162
2017-07-27 14:01:16 ::1 GET /User/assets/pages/img/login/bg1.jpg - 51722 - ::1 Mozilla/5.0+(Windows+NT+10.0;+Win64;+x64)+AppleWebKit/537.36+(KHTML,+like+Gecko)+Chrome/59.0.3071.115+Safari/537.36 http://localhost:51722/User/LogOnGeneric 404 0 2 9
2017-07-27 14:01:16 ::1 GET /assets/pages/img/login/bg1.jpg - 51722 - ::1 Mozilla/5.0+(Windows+NT+10.0;+Win64;+x64)+AppleWebKit/537.36+(KHTML,+like+Gecko)+Chrome/59.0.3071.115+Safari/537.36 http://localhost:51722/User/LogOnGeneric 200 0 0 30
2017-07-27 14:01:45 ::1 GET /User/LogOnGeneric - 51722 - ::1 Mozilla/5.0+(Windows+NT+10.0;+Win64;+x64)+AppleWebKit/537.36+(KHTML,+like+Gecko)+Chrome/59.0.3071.115+Safari/537.36 - 200 0 0 10569
2017-07-27 14:01:45 ::1 GET /assets/global/plugins/simple-line-icons/simple-line-icons.min.css - 51722 - ::1 Mozilla/5.0+(Windows+NT+10.0;+Win64;+x64)+AppleWebKit/537.36+(KHTML,+like+Gecko)+Chrome/59.0.3071.115+Safari/537.36 http://localhost:51722/User/LogOnGeneric 200 0 0 30
2017-07-27 14:01:45 ::1 GET /assets/global/plugins/select2/css/select2-bootstrap.min.css - 51722 - ::1 Mozilla/5.0+(Windows+NT+10.0;+Win64;+x64)+AppleWebKit/537.36+(KHTML,+like+Gecko)+Chrome/59.0.3071.115+Safari/537.36 http://localhost:51722/User/LogOnGeneric 200 0 0 39
2017-07-27 14:01:45 ::1 GET /assets/global/plugins/select2/css/select2.min.css - 51722 - ::1 Mozilla/5.0+(Windows+NT+10.0;+Win64;+x64)+AppleWebKit/537.36+(KHTML,+like+Gecko)+Chrome/59.0.3071.115+Safari/537.36 http://localhost:51722/User/LogOnGeneric 200 0 0 54
2017-07-27 14:01:45 ::1 GET /assets/global/plugins/bootstrap-switch/css/bootstrap-switch.min.css - 51722 - ::1 Mozilla/5.0+(Windows+NT+10.0;+Win64;+x64)+AppleWebKit/537.36+(KHTML,+like+Gecko)+Chrome/59.0.3071.115+Safari/537.36 http://localhost:51722/User/LogOnGeneric 200 0 0 63
2017-07-27 14:01:45 ::1 GET /assets/pages/css/font.css - 51722 - ::1 Mozilla/5.0+(Windows+NT+10.0;+Win64;+x64)+AppleWebKit/537.36+(KHTML,+like+Gecko)+Chrome/59.0.3071.115+Safari/537.36 http://localhost:51722/User/LogOnGeneric 200 0 0 76
2017-07-27 14:01:45 ::1 GET /assets/pages/css/login-5.min.css - 51722 - ::1 Mozilla/5.0+(Windows+NT+10.0;+Win64;+x64)+AppleWebKit/537.36+(KHTML,+like+Gecko)+Chrome/59.0.3071.115+Safari/537.36 http://localhost:51722/User/LogOnGeneric 200 0 0 33
2017-07-27 14:01:45 ::1 GET /assets/global/plugins/jquery.min.js - 51722 - ::1 Mozilla/5.0+(Windows+NT+10.0;+Win64;+x64)+AppleWebKit/537.36+(KHTML,+like+Gecko)+Chrome/59.0.3071.115+Safari/537.36 http://localhost:51722/User/LogOnGeneric 200 0 0 106
2017-07-27 14:01:45 ::1 GET /assets/global/css/plugins.min.css - 51722 - ::1 Mozilla/5.0+(Windows+NT+10.0;+Win64;+x64)+AppleWebKit/537.36+(KHTML,+like+Gecko)+Chrome/59.0.3071.115+Safari/537.36 http://localhost:51722/User/LogOnGeneric 200 0 0 129
2017-07-27 14:01:45 ::1 GET /assets/global/plugins/bootstrap/css/bootstrap.min.css - 51722 - ::1 Mozilla/5.0+(Windows+NT+10.0;+Win64;+x64)+AppleWebKit/537.36+(KHTML,+like+Gecko)+Chrome/59.0.3071.115+Safari/537.36 http://localhost:51722/User/LogOnGeneric 200 0 0 323
2017-07-27 14:01:45 ::1 GET /assets/global/plugins/bootstrap/js/bootstrap.min.js - 51722 - ::1 Mozilla/5.0+(Windows+NT+10.0;+Win64;+x64)+AppleWebKit/537.36+(KHTML,+like+Gecko)+Chrome/59.0.3071.115+Safari/537.36 http://localhost:51722/User/LogOnGeneric 200 0 0 17
2017-07-27 14:01:45 ::1 GET /assets/global/plugins/js.cookie.min.js - 51722 - ::1 Mozilla/5.0+(Windows+NT+10.0;+Win64;+x64)+AppleWebKit/537.36+(KHTML,+like+Gecko)+Chrome/59.0.3071.115+Safari/537.36 http://localhost:51722/User/LogOnGeneric 200 0 0 28
2017-07-27 14:01:45 ::1 GET /assets/global/plugins/jquery-slimscroll/jquery.slimscroll.min.js - 51722 - ::1 Mozilla/5.0+(Windows+NT+10.0;+Win64;+x64)+AppleWebKit/537.36+(KHTML,+like+Gecko)+Chrome/59.0.3071.115+Safari/537.36 http://localhost:51722/User/LogOnGeneric 200 0 0 32
2017-07-27 14:01:45 ::1 GET /assets/global/plugins/jquery.blockui.min.js - 51722 - ::1 Mozilla/5.0+(Windows+NT+10.0;+Win64;+x64)+AppleWebKit/537.36+(KHTML,+like+Gecko)+Chrome/59.0.3071.115+Safari/537.36 http://localhost:51722/User/LogOnGeneric 200 0 0 27
2017-07-27 14:01:45 ::1 GET /assets/global/plugins/bootstrap-switch/js/bootstrap-switch.min.js - 51722 - ::1 Mozilla/5.0+(Windows+NT+10.0;+Win64;+x64)+AppleWebKit/537.36+(KHTML,+like+Gecko)+Chrome/59.0.3071.115+Safari/537.36 http://localhost:51722/User/LogOnGeneric 200 0 0 34
2017-07-27 14:01:45 ::1 GET /assets/global/plugins/jquery-validation/js/jquery.validate.min.js - 51722 - ::1 Mozilla/5.0+(Windows+NT+10.0;+Win64;+x64)+AppleWebKit/537.36+(KHTML,+like+Gecko)+Chrome/59.0.3071.115+Safari/537.36 http://localhost:51722/User/LogOnGeneric 200 0 0 24
2017-07-27 14:01:45 ::1 GET /assets/global/plugins/jquery-validation/js/additional-methods.min.js - 51722 - ::1 Mozilla/5.0+(Windows+NT+10.0;+Win64;+x64)+AppleWebKit/537.36+(KHTML,+like+Gecko)+Chrome/59.0.3071.115+Safari/537.36 http://localhost:51722/User/LogOnGeneric 200 0 0 16
2017-07-27 14:01:45 ::1 GET /assets/global/plugins/select2/js/select2.full.min.js - 51722 - ::1 Mozilla/5.0+(Windows+NT+10.0;+Win64;+x64)+AppleWebKit/537.36+(KHTML,+like+Gecko)+Chrome/59.0.3071.115+Safari/537.36 http://localhost:51722/User/LogOnGeneric 200 0 0 23
2017-07-27 14:01:45 ::1 GET /assets/global/plugins/backstretch/jquery.backstretch.min.js - 51722 - ::1 Mozilla/5.0+(Windows+NT+10.0;+Win64;+x64)+AppleWebKit/537.36+(KHTML,+like+Gecko)+Chrome/59.0.3071.115+Safari/537.36 http://localhost:51722/User/LogOnGeneric 200 0 0 19
2017-07-27 14:01:45 ::1 GET /assets/global/scripts/app.min.js - 51722 - ::1 Mozilla/5.0+(Windows+NT+10.0;+Win64;+x64)+AppleWebKit/537.36+(KHTML,+like+Gecko)+Chrome/59.0.3071.115+Safari/537.36 http://localhost:51722/User/LogOnGeneric 200 0 0 36
2017-07-27 14:01:45 ::1 GET /assets/pages/scripts/loginGeneric-5.min.js - 51722 - ::1 Mozilla/5.0+(Windows+NT+10.0;+Win64;+x64)+AppleWebKit/537.36+(KHTML,+like+Gecko)+Chrome/59.0.3071.115+Safari/537.36 http://localhost:51722/User/LogOnGeneric 200 0 0 27
2017-07-27 14:01:45 ::1 GET /images/logo_1.png - 51722 - ::1 Mozilla/5.0+(Windows+NT+10.0;+Win64;+x64)+AppleWebKit/537.36+(KHTML,+like+Gecko)+Chrome/59.0.3071.115+Safari/537.36 http://localhost:51722/User/LogOnGeneric 200 0 0 28
2017-07-27 14:01:45 ::1 GET /assets/global/css/components.min.css - 51722 - ::1 Mozilla/5.0+(Windows+NT+10.0;+Win64;+x64)+AppleWebKit/537.36+(KHTML,+like+Gecko)+Chrome/59.0.3071.115+Safari/537.36 http://localhost:51722/User/LogOnGeneric 200 0 0 702
2017-07-27 14:01:45 ::1 GET /User/assets/pages/img/login/bg1.jpg - 51722 - ::1 Mozilla/5.0+(Windows+NT+10.0;+Win64;+x64)+AppleWebKit/537.36+(KHTML,+like+Gecko)+Chrome/59.0.3071.115+Safari/537.36 http://localhost:51722/User/LogOnGeneric 404 0 2 2
2017-07-27 14:01:45 ::1 GET /assets/pages/img/login/bg1.jpg - 51722 - ::1 Mozilla/5.0+(Windows+NT+10.0;+Win64;+x64)+AppleWebKit/537.36+(KHTML,+like+Gecko)+Chrome/59.0.3071.115+Safari/537.36 http://localhost:51722/User/LogOnGeneric 200 0 0 21
2017-07-27 14:03:39 ::1 GET /User/LogOnGenericNext/ UserName=ff@gg.com 51722 - ::1 Mozilla/5.0+(Windows+NT+10.0;+Win64;+x64)+AppleWebKit/537.36+(KHTML,+like+Gecko)+Chrome/59.0.3071.115+Safari/537.36 http://localhost:51722/User/LogOnGeneric 500 0 0 37950
#Software: Microsoft Internet Information Services 8.0
#Version: 1.0
#Date: 2017-07-27 14:09:25
#Fields: date time s-ip cs-method cs-uri-stem cs-uri-query s-port cs-username c-ip cs(User-Agent) cs(Referer) sc-status sc-substatus sc-win32-status time-taken
2017-07-27 14:09:25 ::1 GET / - 51722 - ::1 Mozilla/5.0+(Windows+NT+10.0;+Win64;+x64)+AppleWebKit/537.36+(KHTML,+like+Gecko)+Chrome/59.0.3071.115+Safari/537.36 - 302 0 0 20144
2017-07-27 14:09:32 ::1 GET /User/LogOn - 51722 - ::1 Mozilla/5.0+(Windows+NT+10.0;+Win64;+x64)+AppleWebKit/537.36+(KHTML,+like+Gecko)+Chrome/59.0.3071.115+Safari/537.36 - 200 0 0 7565
2017-07-27 14:09:32 ::1 GET /User/assets/pages/img/login/bg1.jpg - 51722 - ::1 Mozilla/5.0+(Windows+NT+10.0;+Win64;+x64)+AppleWebKit/537.36+(KHTML,+like+Gecko)+Chrome/59.0.3071.115+Safari/537.36 http://localhost:51722/User/LogOn 404 0 2 6
2017-07-27 14:09:40 ::1 GET /User/LogOnGeneric/ - 51722 - ::1 Mozilla/5.0+(Windows+NT+10.0;+Win64;+x64)+AppleWebKit/537.36+(KHTML,+like+Gecko)+Chrome/59.0.3071.115+Safari/537.36 http://localhost:51722/User/LogOn 200 0 0 2641
2017-07-27 14:09:40 ::1 GET /User/LogOnGeneric/assets/pages/img/login/bg1.jpg - 51722 - ::1 Mozilla/5.0+(Windows+NT+10.0;+Win64;+x64)+AppleWebKit/537.36+(KHTML,+like+Gecko)+Chrome/59.0.3071.115+Safari/537.36 http://localhost:51722/User/LogOnGeneric/ 404 0 2 5
2017-07-27 14:10:03 ::1 GET /User/LogOnGenericNext/ UserName=jj@jj.com 51722 - ::1 Mozilla/5.0+(Windows+NT+10.0;+Win64;+x64)+AppleWebKit/537.36+(KHTML,+like+Gecko)+Chrome/59.0.3071.115+Safari/537.36 http://localhost:51722/User/LogOnGeneric/ 302 0 0 14100
2017-07-27 14:10:03 ::1 GET /User/LogOnGeneric - 51722 - ::1 Mozilla/5.0+(Windows+NT+10.0;+Win64;+x64)+AppleWebKit/537.36+(KHTML,+like+Gecko)+Chrome/59.0.3071.115+Safari/537.36 http://localhost:51722/User/LogOnGeneric/ 200 0 0 164
2017-07-27 14:10:03 ::1 GET /User/assets/pages/img/login/bg1.jpg - 51722 - ::1 Mozilla/5.0+(Windows+NT+10.0;+Win64;+x64)+AppleWebKit/537.36+(KHTML,+like+Gecko)+Chrome/59.0.3071.115+Safari/537.36 http://localhost:51722/User/LogOnGeneric 404 0 2 2
2017-07-27 14:11:18 ::1 GET /User/LogOnGenericNext/ UserName=sg@test.com 51722 - ::1 Mozilla/5.0+(Windows+NT+10.0;+Win64;+x64)+AppleWebKit/537.36+(KHTML,+like+Gecko)+Chrome/59.0.3071.115+Safari/537.36 http://localhost:51722/User/LogOnGeneric 302 0 0 5192
2017-07-27 14:11:18 ::1 GET /User/LogOnGeneric - 51722 - ::1 Mozilla/5.0+(Windows+NT+10.0;+Win64;+x64)+AppleWebKit/537.36+(KHTML,+like+Gecko)+Chrome/59.0.3071.115+Safari/537.36 http://localhost:51722/User/LogOnGeneric 200 0 0 171
2017-07-27 14:11:18 ::1 GET /User/assets/pages/img/login/bg1.jpg - 51722 - ::1 Mozilla/5.0+(Windows+NT+10.0;+Win64;+x64)+AppleWebKit/537.36+(KHTML,+like+Gecko)+Chrome/59.0.3071.115+Safari/537.36 http://localhost:51722/User/LogOnGeneric 404 0 2 3
