#Software: Microsoft Internet Information Services 8.0
#Version: 1.0
#Date: 2017-05-03 09:47:23
#Fields: date time s-ip cs-method cs-uri-stem cs-uri-query s-port cs-username c-ip cs(User-Agent) cs(Referer) sc-status sc-substatus sc-win32-status time-taken
2017-05-03 09:47:23 ::1 GET / - 51722 - ::1 Mozilla/5.0+(Windows+NT+10.0;+WOW64;+rv:53.0)+Gecko/20100101+Firefox/53.0 - 302 0 0 25883
2017-05-03 09:47:39 ::1 GET /User/LogOn - 51722 - ::1 Mozilla/5.0+(Windows+NT+10.0;+WOW64;+rv:53.0)+Gecko/20100101+Firefox/53.0 - 200 0 0 16238
2017-05-03 09:47:39 ::1 GET /css/login-css v=J77axZcavoi_ojyyxVekU8O4EwQ1NePBJ5ZWqIEXb3c1 51722 - ::1 Mozilla/5.0+(Windows+NT+10.0;+WOW64;+rv:53.0)+Gecko/20100101+Firefox/53.0 http://localhost:51722/User/LogOn 200 0 0 62
2017-05-03 09:47:39 ::1 GET /Scripts/login-js v=oGRG_oxR_ZHazTV6Mj7Ft23CnrW2uYg_pLBjp-7brhY1 51722 - ::1 Mozilla/5.0+(Windows+NT+10.0;+WOW64;+rv:53.0)+Gecko/20100101+Firefox/53.0 http://localhost:51722/User/LogOn 200 0 0 62
2017-05-03 09:47:42 ::1 GET /__browserLink/requestData/41ad22fde64d4e76a82697b31c423843 version=2 51722 - ::1 Mozilla/5.0+(Windows+NT+10.0;+WOW64;+rv:53.0)+Gecko/20100101+Firefox/53.0 http://localhost:51722/User/LogOn 200 0 0 125
2017-05-03 09:55:02 ::1 GET /User/LogOn - 51722 - ::1 Mozilla/5.0+(Windows+NT+10.0;+WOW64)+AppleWebKit/537.36+(KHTML,+like+Gecko)+Chrome/58.0.3029.81+Safari/537.36 - 200 0 0 2358
2017-05-03 09:55:02 ::1 GET /css/login-css v=J77axZcavoi_ojyyxVekU8O4EwQ1NePBJ5ZWqIEXb3c1 51722 - ::1 Mozilla/5.0+(Windows+NT+10.0;+WOW64)+AppleWebKit/537.36+(KHTML,+like+Gecko)+Chrome/58.0.3029.81+Safari/537.36 http://localhost:51722/User/LogOn 200 0 0 113
2017-05-03 09:55:02 ::1 GET /Scripts/login-js v=oGRG_oxR_ZHazTV6Mj7Ft23CnrW2uYg_pLBjp-7brhY1 51722 - ::1 Mozilla/5.0+(Windows+NT+10.0;+WOW64)+AppleWebKit/537.36+(KHTML,+like+Gecko)+Chrome/58.0.3029.81+Safari/537.36 http://localhost:51722/User/LogOn 200 0 0 221
2017-05-03 09:55:02 ::1 GET /__browserLink/requestData/af2abe802f734b2ab4446964c01d20e5 version=2 51722 - ::1 Mozilla/5.0+(Windows+NT+10.0;+WOW64)+AppleWebKit/537.36+(KHTML,+like+Gecko)+Chrome/58.0.3029.81+Safari/537.36 http://localhost:51722/User/LogOn 200 0 0 47
#Software: Microsoft Internet Information Services 8.0
#Version: 1.0
#Date: 2017-05-03 12:30:52
#Fields: date time s-ip cs-method cs-uri-stem cs-uri-query s-port cs-username c-ip cs(User-Agent) cs(Referer) sc-status sc-substatus sc-win32-status time-taken
2017-05-03 12:30:52 ::1 GET / - 51722 - ::1 Mozilla/5.0+(Windows+NT+10.0;+WOW64;+rv:53.0)+Gecko/20100101+Firefox/53.0 - 302 0 0 7014
2017-05-03 12:31:02 ::1 GET /User/LogOn - 51722 - ::1 Mozilla/5.0+(Windows+NT+10.0;+WOW64;+rv:53.0)+Gecko/20100101+Firefox/53.0 - 200 0 0 9782
2017-05-03 12:31:02 ::1 GET /__browserLink/requestData/a1a0c19fb91a4f1abebc2a8494e1cc54 version=2 51722 - ::1 Mozilla/5.0+(Windows+NT+10.0;+WOW64;+rv:53.0)+Gecko/20100101+Firefox/53.0 http://localhost:51722/User/LogOn 200 0 0 76
2017-05-03 12:31:29 ::1 POST /User/LogOn - 51722 - ::1 Mozilla/5.0+(Windows+NT+10.0;+WOW64;+rv:53.0)+Gecko/20100101+Firefox/53.0 http://localhost:51722/User/LogOn 200 0 0 10486
2017-05-03 12:31:29 ::1 GET /__browserLink/requestData/ad832f5c47c146cbb2dc48c5c27bc50e version=2 51722 - ::1 Mozilla/5.0+(Windows+NT+10.0;+WOW64;+rv:53.0)+Gecko/20100101+Firefox/53.0 http://localhost:51722/User/LogOn 200 0 0 33
#Software: Microsoft Internet Information Services 8.0
#Version: 1.0
#Date: 2017-05-03 12:32:11
#Fields: date time s-ip cs-method cs-uri-stem cs-uri-query s-port cs-username c-ip cs(User-Agent) cs(Referer) sc-status sc-substatus sc-win32-status time-taken
2017-05-03 12:32:11 ::1 GET / - 51722 - ::1 Mozilla/5.0+(Windows+NT+10.0;+WOW64)+AppleWebKit/537.36+(KHTML,+like+Gecko)+Chrome/58.0.3029.81+Safari/537.36 - 302 0 0 6157
2017-05-03 12:33:08 ::1 GET /User/LogOn - 51722 - ::1 Mozilla/5.0+(Windows+NT+10.0;+WOW64)+AppleWebKit/537.36+(KHTML,+like+Gecko)+Chrome/58.0.3029.81+Safari/537.36 - 200 0 0 56530
2017-05-03 12:33:08 ::1 GET /__browserLink/requestData/c19ff6401e9840c6b90124d4a94a1906 version=2 51722 - ::1 Mozilla/5.0+(Windows+NT+10.0;+WOW64)+AppleWebKit/537.36+(KHTML,+like+Gecko)+Chrome/58.0.3029.81+Safari/537.36 http://localhost:51722/User/LogOn 200 0 0 53
2017-05-03 12:33:34 ::1 POST /User/LogOn - 51722 - ::1 Mozilla/5.0+(Windows+NT+10.0;+WOW64)+AppleWebKit/537.36+(KHTML,+like+Gecko)+Chrome/58.0.3029.81+Safari/537.36 http://localhost:51722/User/LogOn 302 0 0 21671
2017-05-03 12:33:34 ::1 GET / - 51722 - ::1 Mozilla/5.0+(Windows+NT+10.0;+WOW64)+AppleWebKit/537.36+(KHTML,+like+Gecko)+Chrome/58.0.3029.81+Safari/537.36 http://localhost:51722/User/LogOn 302 0 0 61
2017-05-03 12:33:51 ::1 GET /Dashboard/ViewDashboard - 51722 - ::1 Mozilla/5.0+(Windows+NT+10.0;+WOW64)+AppleWebKit/537.36+(KHTML,+like+Gecko)+Chrome/58.0.3029.81+Safari/537.36 http://localhost:51722/User/LogOn 200 0 0 16911
2017-05-03 12:33:51 ::1 GET /css/SiteLayoutPageForMasters-css v=qDPBTuEcueUN0SePGtG_LhsoekMubXcYzd6aFN-p5D41 51722 - ::1 Mozilla/5.0+(Windows+NT+10.0;+WOW64)+AppleWebKit/537.36+(KHTML,+like+Gecko)+Chrome/58.0.3029.81+Safari/537.36 http://localhost:51722/Dashboard/ViewDashboard 200 0 0 115
2017-05-03 12:33:51 ::1 GET /Scripts/SiteLayoutPageForMasters-js v=wZVZLraH6ljJfdy3S9MGeOw8RgFtUwJVzz9eLn9Y5ew1 51722 - ::1 Mozilla/5.0+(Windows+NT+10.0;+WOW64)+AppleWebKit/537.36+(KHTML,+like+Gecko)+Chrome/58.0.3029.81+Safari/537.36 http://localhost:51722/Dashboard/ViewDashboard 200 0 0 130
2017-05-03 12:33:51 ::1 GET /__browserLink/requestData/5f5f53bddbc44e71bf5137062f8804c4 version=2 51722 - ::1 Mozilla/5.0+(Windows+NT+10.0;+WOW64)+AppleWebKit/537.36+(KHTML,+like+Gecko)+Chrome/58.0.3029.81+Safari/537.36 http://localhost:51722/Dashboard/ViewDashboard 200 0 0 31
2017-05-03 12:33:55 ::1 GET /Dashboard/getAjaxTab/1 sDate=null&eDate=null 51722 - ::1 Mozilla/5.0+(Windows+NT+10.0;+WOW64)+AppleWebKit/537.36+(KHTML,+like+Gecko)+Chrome/58.0.3029.81+Safari/537.36 http://localhost:51722/Dashboard/ViewDashboard 200 0 0 3028
2017-05-03 12:33:55 ::1 GET /Scripts/v2/easy.pie.chart/jquery.easing.1.3.js _=1493814835090 51722 - ::1 Mozilla/5.0+(Windows+NT+10.0;+WOW64)+AppleWebKit/537.36+(KHTML,+like+Gecko)+Chrome/58.0.3029.81+Safari/537.36 http://localhost:51722/Dashboard/ViewDashboard 200 0 0 36
2017-05-03 12:33:55 ::1 GET /Scripts/v2/easy.pie.chart/jquery.easypiechart.min.js _=1493814835131 51722 - ::1 Mozilla/5.0+(Windows+NT+10.0;+WOW64)+AppleWebKit/537.36+(KHTML,+like+Gecko)+Chrome/58.0.3029.81+Safari/537.36 http://localhost:51722/Dashboard/ViewDashboard 200 0 0 12
2017-05-03 12:33:55 ::1 GET /Scripts/v2/morris.charts/morris.min.js _=1493814835147 51722 - ::1 Mozilla/5.0+(Windows+NT+10.0;+WOW64)+AppleWebKit/537.36+(KHTML,+like+Gecko)+Chrome/58.0.3029.81+Safari/537.36 http://localhost:51722/Dashboard/ViewDashboard 200 0 0 7
2017-05-03 12:33:55 ::1 GET /Scripts/v2/morris.charts/raphael.min.js _=1493814835163 51722 - ::1 Mozilla/5.0+(Windows+NT+10.0;+WOW64)+AppleWebKit/537.36+(KHTML,+like+Gecko)+Chrome/58.0.3029.81+Safari/537.36 http://localhost:51722/Dashboard/ViewDashboard 200 0 0 11
2017-05-03 12:34:00 ::1 GET /Dashboard/GetExpensePostings/ sDate=null&eDate=null 51722 - ::1 Mozilla/5.0+(Windows+NT+10.0;+WOW64)+AppleWebKit/537.36+(KHTML,+like+Gecko)+Chrome/58.0.3029.81+Safari/537.36 http://localhost:51722/Dashboard/ViewDashboard 200 0 0 5489
2017-05-03 12:34:04 ::1 GET /Dashboard/GetExpenseApprovals/ sDate=null&eDate=null 51722 - ::1 Mozilla/5.0+(Windows+NT+10.0;+WOW64)+AppleWebKit/537.36+(KHTML,+like+Gecko)+Chrome/58.0.3029.81+Safari/537.36 http://localhost:51722/Dashboard/ViewDashboard 200 0 0 8921
2017-05-03 12:34:09 ::1 GET /Dashboard/GetPayMethodsAmount/ sDate=null&eDate=null 51722 - ::1 Mozilla/5.0+(Windows+NT+10.0;+WOW64)+AppleWebKit/537.36+(KHTML,+like+Gecko)+Chrome/58.0.3029.81+Safari/537.36 http://localhost:51722/Dashboard/ViewDashboard 200 0 0 14006
2017-05-03 12:34:14 ::1 GET /Dashboard/GetExpenseSubmissions/ sDate=null&eDate=null 51722 - ::1 Mozilla/5.0+(Windows+NT+10.0;+WOW64)+AppleWebKit/537.36+(KHTML,+like+Gecko)+Chrome/58.0.3029.81+Safari/537.36 http://localhost:51722/Dashboard/ViewDashboard 200 0 0 18814
2017-05-03 12:34:14 ::1 GET /User/LogOff - 51722 - ::1 Mozilla/5.0+(Windows+NT+10.0;+WOW64)+AppleWebKit/537.36+(KHTML,+like+Gecko)+Chrome/58.0.3029.81+Safari/537.36 http://localhost:51722/Dashboard/ViewDashboard 302 0 0 72
2017-05-03 12:34:14 ::1 GET / - 51722 - ::1 Mozilla/5.0+(Windows+NT+10.0;+WOW64)+AppleWebKit/537.36+(KHTML,+like+Gecko)+Chrome/58.0.3029.81+Safari/537.36 http://localhost:51722/Dashboard/ViewDashboard 302 0 0 95
#Software: Microsoft Internet Information Services 8.0
#Version: 1.0
#Date: 2017-05-03 15:51:12
#Fields: date time s-ip cs-method cs-uri-stem cs-uri-query s-port cs-username c-ip cs(User-Agent) cs(Referer) sc-status sc-substatus sc-win32-status time-taken
2017-05-03 15:51:12 ::1 GET /User/LogOn - 51722 - ::1 Mozilla/5.0+(Windows+NT+10.0;+WOW64)+AppleWebKit/537.36+(KHTML,+like+Gecko)+Chrome/58.0.3029.81+Safari/537.36 - 200 0 0 39949
2017-05-03 15:51:12 ::1 GET /assets/global/plugins/bootstrap-switch/css/bootstrap-switch.min.css - 51722 - ::1 Mozilla/5.0+(Windows+NT+10.0;+WOW64)+AppleWebKit/537.36+(KHTML,+like+Gecko)+Chrome/58.0.3029.81+Safari/537.36 http://localhost:51722/User/LogOn 200 0 0 32
2017-05-03 15:51:12 ::1 GET /assets/global/plugins/select2/css/select2-bootstrap.min.css - 51722 - ::1 Mozilla/5.0+(Windows+NT+10.0;+WOW64)+AppleWebKit/537.36+(KHTML,+like+Gecko)+Chrome/58.0.3029.81+Safari/537.36 http://localhost:51722/User/LogOn 200 0 0 52
2017-05-03 15:51:12 ::1 GET /assets/global/plugins/select2/css/select2.min.css - 51722 - ::1 Mozilla/5.0+(Windows+NT+10.0;+WOW64)+AppleWebKit/537.36+(KHTML,+like+Gecko)+Chrome/58.0.3029.81+Safari/537.36 http://localhost:51722/User/LogOn 200 0 0 76
2017-05-03 15:51:12 ::1 GET /assets/global/plugins/font-awesome/css/font-awesome.min.css - 51722 - ::1 Mozilla/5.0+(Windows+NT+10.0;+WOW64)+AppleWebKit/537.36+(KHTML,+like+Gecko)+Chrome/58.0.3029.81+Safari/537.36 http://localhost:51722/User/LogOn 200 0 0 116
2017-05-03 15:51:12 ::1 GET /assets/global/plugins/simple-line-icons/simple-line-icons.min.css - 51722 - ::1 Mozilla/5.0+(Windows+NT+10.0;+WOW64)+AppleWebKit/537.36+(KHTML,+like+Gecko)+Chrome/58.0.3029.81+Safari/537.36 http://localhost:51722/User/LogOn 200 0 0 128
2017-05-03 15:51:12 ::1 GET /assets/pages/css/login-5.min.css - 51722 - ::1 Mozilla/5.0+(Windows+NT+10.0;+WOW64)+AppleWebKit/537.36+(KHTML,+like+Gecko)+Chrome/58.0.3029.81+Safari/537.36 http://localhost:51722/User/LogOn 200 0 0 55
2017-05-03 15:51:12 ::1 GET /assets/global/css/plugins.min.css - 51722 - ::1 Mozilla/5.0+(Windows+NT+10.0;+WOW64)+AppleWebKit/537.36+(KHTML,+like+Gecko)+Chrome/58.0.3029.81+Safari/537.36 http://localhost:51722/User/LogOn 200 0 0 124
2017-05-03 15:51:12 ::1 GET /assets/global/plugins/bootstrap/css/bootstrap.min.css - 51722 - ::1 Mozilla/5.0+(Windows+NT+10.0;+WOW64)+AppleWebKit/537.36+(KHTML,+like+Gecko)+Chrome/58.0.3029.81+Safari/537.36 http://localhost:51722/User/LogOn 200 0 0 224
2017-05-03 15:51:12 ::1 GET /assets/global/plugins/jquery.min.js - 51722 - ::1 Mozilla/5.0+(Windows+NT+10.0;+WOW64)+AppleWebKit/537.36+(KHTML,+like+Gecko)+Chrome/58.0.3029.81+Safari/537.36 http://localhost:51722/User/LogOn 200 0 0 40
2017-05-03 15:51:12 ::1 GET /assets/global/plugins/bootstrap/js/bootstrap.min.js - 51722 - ::1 Mozilla/5.0+(Windows+NT+10.0;+WOW64)+AppleWebKit/537.36+(KHTML,+like+Gecko)+Chrome/58.0.3029.81+Safari/537.36 http://localhost:51722/User/LogOn 200 0 0 48
2017-05-03 15:51:12 ::1 GET /assets/global/plugins/js.cookie.min.js - 51722 - ::1 Mozilla/5.0+(Windows+NT+10.0;+WOW64)+AppleWebKit/537.36+(KHTML,+like+Gecko)+Chrome/58.0.3029.81+Safari/537.36 http://localhost:51722/User/LogOn 200 0 0 4
2017-05-03 15:51:12 ::1 GET /assets/global/plugins/jquery-slimscroll/jquery.slimscroll.min.js - 51722 - ::1 Mozilla/5.0+(Windows+NT+10.0;+WOW64)+AppleWebKit/537.36+(KHTML,+like+Gecko)+Chrome/58.0.3029.81+Safari/537.36 http://localhost:51722/User/LogOn 200 0 0 20
2017-05-03 15:51:12 ::1 GET /assets/global/plugins/jquery.blockui.min.js - 51722 - ::1 Mozilla/5.0+(Windows+NT+10.0;+WOW64)+AppleWebKit/537.36+(KHTML,+like+Gecko)+Chrome/58.0.3029.81+Safari/537.36 http://localhost:51722/User/LogOn 200 0 0 11
2017-05-03 15:51:12 ::1 GET /assets/global/plugins/bootstrap-switch/js/bootstrap-switch.min.js - 51722 - ::1 Mozilla/5.0+(Windows+NT+10.0;+WOW64)+AppleWebKit/537.36+(KHTML,+like+Gecko)+Chrome/58.0.3029.81+Safari/537.36 http://localhost:51722/User/LogOn 200 0 0 16
2017-05-03 15:51:12 ::1 GET /assets/global/plugins/jquery-validation/js/jquery.validate.min.js - 51722 - ::1 Mozilla/5.0+(Windows+NT+10.0;+WOW64)+AppleWebKit/537.36+(KHTML,+like+Gecko)+Chrome/58.0.3029.81+Safari/537.36 http://localhost:51722/User/LogOn 200 0 0 24
2017-05-03 15:51:12 ::1 GET /assets/global/plugins/jquery-validation/js/additional-methods.min.js - 51722 - ::1 Mozilla/5.0+(Windows+NT+10.0;+WOW64)+AppleWebKit/537.36+(KHTML,+like+Gecko)+Chrome/58.0.3029.81+Safari/537.36 http://localhost:51722/User/LogOn 200 0 0 27
2017-05-03 15:51:12 ::1 GET /assets/global/plugins/select2/js/select2.full.min.js - 51722 - ::1 Mozilla/5.0+(Windows+NT+10.0;+WOW64)+AppleWebKit/537.36+(KHTML,+like+Gecko)+Chrome/58.0.3029.81+Safari/537.36 http://localhost:51722/User/LogOn 200 0 0 24
2017-05-03 15:51:12 ::1 GET /assets/global/plugins/backstretch/jquery.backstretch.min.js - 51722 - ::1 Mozilla/5.0+(Windows+NT+10.0;+WOW64)+AppleWebKit/537.36+(KHTML,+like+Gecko)+Chrome/58.0.3029.81+Safari/537.36 http://localhost:51722/User/LogOn 200 0 0 28
2017-05-03 15:51:12 ::1 GET /assets/global/scripts/app.min.js - 51722 - ::1 Mozilla/5.0+(Windows+NT+10.0;+WOW64)+AppleWebKit/537.36+(KHTML,+like+Gecko)+Chrome/58.0.3029.81+Safari/537.36 http://localhost:51722/User/LogOn 200 0 0 16
2017-05-03 15:51:12 ::1 GET /assets/pages/scripts/login-5.min.js - 51722 - ::1 Mozilla/5.0+(Windows+NT+10.0;+WOW64)+AppleWebKit/537.36+(KHTML,+like+Gecko)+Chrome/58.0.3029.81+Safari/537.36 http://localhost:51722/User/LogOn 200 0 0 31
2017-05-03 15:51:12 ::1 GET /assets/pages/img/login/logo.png - 51722 - ::1 Mozilla/5.0+(Windows+NT+10.0;+WOW64)+AppleWebKit/537.36+(KHTML,+like+Gecko)+Chrome/58.0.3029.81+Safari/537.36 http://localhost:51722/User/LogOn 200 0 0 16
2017-05-03 15:51:12 ::1 GET /assets/global/css/components.min.css - 51722 - ::1 Mozilla/5.0+(Windows+NT+10.0;+WOW64)+AppleWebKit/537.36+(KHTML,+like+Gecko)+Chrome/58.0.3029.81+Safari/537.36 http://localhost:51722/User/LogOn 200 0 0 672
2017-05-03 15:51:12 ::1 GET /assets/pages/img/login/bg1.jpg - 51722 - ::1 Mozilla/5.0+(Windows+NT+10.0;+WOW64)+AppleWebKit/537.36+(KHTML,+like+Gecko)+Chrome/58.0.3029.81+Safari/537.36 http://localhost:51722/User/LogOn 200 0 0 56
2017-05-03 15:51:12 ::1 GET /assets/global/plugins/simple-line-icons/fonts/Simple-Line-Icons.woff - 51722 - ::1 Mozilla/5.0+(Windows+NT+10.0;+WOW64)+AppleWebKit/537.36+(KHTML,+like+Gecko)+Chrome/58.0.3029.81+Safari/537.36 http://localhost:51722/assets/global/plugins/simple-line-icons/simple-line-icons.min.css 200 0 0 20
2017-05-03 15:51:13 ::1 GET /assets/pages/img/login/bg2.jpg - 51722 - ::1 Mozilla/5.0+(Windows+NT+10.0;+WOW64)+AppleWebKit/537.36+(KHTML,+like+Gecko)+Chrome/58.0.3029.81+Safari/537.36 http://localhost:51722/User/LogOn 200 0 0 40
2017-05-03 15:51:13 ::1 GET /assets/pages/img/login/bg3.jpg - 51722 - ::1 Mozilla/5.0+(Windows+NT+10.0;+WOW64)+AppleWebKit/537.36+(KHTML,+like+Gecko)+Chrome/58.0.3029.81+Safari/537.36 http://localhost:51722/User/LogOn 200 0 0 44
2017-05-03 15:51:13 ::1 GET /User/favicon.ico - 51722 - ::1 Mozilla/5.0+(Windows+NT+10.0;+WOW64)+AppleWebKit/537.36+(KHTML,+like+Gecko)+Chrome/58.0.3029.81+Safari/537.36 http://localhost:51722/User/LogOn 404 0 2 69
2017-05-03 15:51:16 ::1 GET /__browserLink/requestData/85813c38f0cf4413a56697c5a251011e version=2 51722 - ::1 Mozilla/5.0+(Windows+NT+10.0;+WOW64)+AppleWebKit/537.36+(KHTML,+like+Gecko)+Chrome/58.0.3029.81+Safari/537.36 http://localhost:51722/User/LogOn 200 0 0 171
2017-05-03 15:55:52 ::1 GET /User/LogOn - 51722 - ::1 Mozilla/5.0+(Windows+NT+10.0;+WOW64)+AppleWebKit/537.36+(KHTML,+like+Gecko)+Chrome/58.0.3029.81+Safari/537.36 - 200 0 0 5039
2017-05-03 16:11:18 ::1 GET /assets/global/img/remove-icon-small.png - 51722 - ::1 Mozilla/5.0+(Windows+NT+10.0;+WOW64)+AppleWebKit/537.36+(KHTML,+like+Gecko)+Chrome/58.0.3029.81+Safari/537.36 http://localhost:51722/assets/global/css/components.min.css 200 0 0 8
2017-05-03 16:12:14 ::1 GET /User/LogOn - 51722 - ::1 Mozilla/5.0+(Windows+NT+10.0;+WOW64)+AppleWebKit/537.36+(KHTML,+like+Gecko)+Chrome/58.0.3029.81+Safari/537.36 - 200 0 0 5736
2017-05-03 16:12:14 ::1 GET /favicon.ico - 51722 - ::1 Mozilla/5.0+(Windows+NT+10.0;+WOW64)+AppleWebKit/537.36+(KHTML,+like+Gecko)+Chrome/58.0.3029.81+Safari/537.36 http://localhost:51722/User/LogOn 200 0 0 31
2017-05-03 16:15:09 ::1 GET /User/LogOn - 51722 - ::1 Mozilla/5.0+(Windows+NT+10.0;+WOW64)+AppleWebKit/537.36+(KHTML,+like+Gecko)+Chrome/58.0.3029.81+Safari/537.36 - 200 0 0 7672
2017-05-03 16:15:09 ::1 GET /favicon.ico - 51722 - ::1 Mozilla/5.0+(Windows+NT+10.0;+WOW64)+AppleWebKit/537.36+(KHTML,+like+Gecko)+Chrome/58.0.3029.81+Safari/537.36 http://localhost:51722/User/LogOn 200 0 0 24
2017-05-03 16:16:03 ::1 GET /User/LogOn - 51722 - ::1 Mozilla/5.0+(Windows+NT+10.0;+WOW64)+AppleWebKit/537.36+(KHTML,+like+Gecko)+Chrome/58.0.3029.81+Safari/537.36 - 200 0 0 4046
2017-05-03 16:16:03 ::1 GET /favicon.ico - 51722 - ::1 Mozilla/5.0+(Windows+NT+10.0;+WOW64)+AppleWebKit/537.36+(KHTML,+like+Gecko)+Chrome/58.0.3029.81+Safari/537.36 http://localhost:51722/User/LogOn 200 0 0 12
2017-05-03 16:16:34 ::1 GET /User/LogOn - 51722 - ::1 Mozilla/5.0+(Windows+NT+10.0;+WOW64)+AppleWebKit/537.36+(KHTML,+like+Gecko)+Chrome/58.0.3029.81+Safari/537.36 - 200 0 0 4631
2017-05-03 16:16:34 ::1 GET /assets/global/plugins/bootstrap-switch/css/bootstrap-switch.min.css - 51722 - ::1 Mozilla/5.0+(Windows+NT+10.0;+WOW64)+AppleWebKit/537.36+(KHTML,+like+Gecko)+Chrome/58.0.3029.81+Safari/537.36 http://localhost:51722/User/LogOn 200 0 0 28
2017-05-03 16:16:34 ::1 GET /assets/global/plugins/select2/css/select2-bootstrap.min.css - 51722 - ::1 Mozilla/5.0+(Windows+NT+10.0;+WOW64)+AppleWebKit/537.36+(KHTML,+like+Gecko)+Chrome/58.0.3029.81+Safari/537.36 http://localhost:51722/User/LogOn 200 0 0 40
2017-05-03 16:16:34 ::1 GET /assets/global/plugins/select2/css/select2.min.css - 51722 - ::1 Mozilla/5.0+(Windows+NT+10.0;+WOW64)+AppleWebKit/537.36+(KHTML,+like+Gecko)+Chrome/58.0.3029.81+Safari/537.36 http://localhost:51722/User/LogOn 200 0 0 48
2017-05-03 16:16:34 ::1 GET /assets/global/plugins/font-awesome/css/font-awesome.min.css - 51722 - ::1 Mozilla/5.0+(Windows+NT+10.0;+WOW64)+AppleWebKit/537.36+(KHTML,+like+Gecko)+Chrome/58.0.3029.81+Safari/537.36 http://localhost:51722/User/LogOn 200 0 0 80
2017-05-03 16:16:34 ::1 GET /assets/pages/css/login-5.min.css - 51722 - ::1 Mozilla/5.0+(Windows+NT+10.0;+WOW64)+AppleWebKit/537.36+(KHTML,+like+Gecko)+Chrome/58.0.3029.81+Safari/537.36 http://localhost:51722/User/LogOn 200 0 0 32
2017-05-03 16:16:34 ::1 GET /assets/global/plugins/simple-line-icons/simple-line-icons.min.css - 51722 - ::1 Mozilla/5.0+(Windows+NT+10.0;+WOW64)+AppleWebKit/537.36+(KHTML,+like+Gecko)+Chrome/58.0.3029.81+Safari/537.36 http://localhost:51722/User/LogOn 200 0 0 108
2017-05-03 16:16:34 ::1 GET /css/login-css v=J77axZcavoi_ojyyxVekU8O4EwQ1NePBJ5ZWqIEXb3c1 51722 - ::1 Mozilla/5.0+(Windows+NT+10.0;+WOW64)+AppleWebKit/537.36+(KHTML,+like+Gecko)+Chrome/58.0.3029.81+Safari/537.36 http://localhost:51722/User/LogOn 200 0 0 7
2017-05-03 16:16:34 ::1 GET /assets/global/css/plugins.min.css - 51722 - ::1 Mozilla/5.0+(Windows+NT+10.0;+WOW64)+AppleWebKit/537.36+(KHTML,+like+Gecko)+Chrome/58.0.3029.81+Safari/537.36 http://localhost:51722/User/LogOn 200 0 0 96
2017-05-03 16:16:34 ::1 GET /assets/global/plugins/bootstrap/css/bootstrap.min.css - 51722 - ::1 Mozilla/5.0+(Windows+NT+10.0;+WOW64)+AppleWebKit/537.36+(KHTML,+like+Gecko)+Chrome/58.0.3029.81+Safari/537.36 http://localhost:51722/User/LogOn 200 0 0 188
2017-05-03 16:16:34 ::1 GET /Scripts/login-js v=oGRG_oxR_ZHazTV6Mj7Ft23CnrW2uYg_pLBjp-7brhY1 51722 - ::1 Mozilla/5.0+(Windows+NT+10.0;+WOW64)+AppleWebKit/537.36+(KHTML,+like+Gecko)+Chrome/58.0.3029.81+Safari/537.36 http://localhost:51722/User/LogOn 200 0 0 68
2017-05-03 16:16:34 ::1 GET /assets/global/css/components.min.css - 51722 - ::1 Mozilla/5.0+(Windows+NT+10.0;+WOW64)+AppleWebKit/537.36+(KHTML,+like+Gecko)+Chrome/58.0.3029.81+Safari/537.36 http://localhost:51722/User/LogOn 200 0 0 224
2017-05-03 16:16:34 ::1 GET /assets/global/plugins/jquery.min.js - 51722 - ::1 Mozilla/5.0+(Windows+NT+10.0;+WOW64)+AppleWebKit/537.36+(KHTML,+like+Gecko)+Chrome/58.0.3029.81+Safari/537.36 http://localhost:51722/User/LogOn 200 0 0 76
2017-05-03 16:16:34 ::1 GET /assets/global/plugins/jquery.blockui.min.js - 51722 - ::1 Mozilla/5.0+(Windows+NT+10.0;+WOW64)+AppleWebKit/537.36+(KHTML,+like+Gecko)+Chrome/58.0.3029.81+Safari/537.36 http://localhost:51722/User/LogOn 200 0 0 56
2017-05-03 16:16:34 ::1 GET /assets/global/plugins/bootstrap-switch/js/bootstrap-switch.min.js - 51722 - ::1 Mozilla/5.0+(Windows+NT+10.0;+WOW64)+AppleWebKit/537.36+(KHTML,+like+Gecko)+Chrome/58.0.3029.81+Safari/537.36 http://localhost:51722/User/LogOn 200 0 0 60
2017-05-03 16:16:34 ::1 GET /assets/global/plugins/js.cookie.min.js - 51722 - ::1 Mozilla/5.0+(Windows+NT+10.0;+WOW64)+AppleWebKit/537.36+(KHTML,+like+Gecko)+Chrome/58.0.3029.81+Safari/537.36 http://localhost:51722/User/LogOn 200 0 0 60
2017-05-03 16:16:34 ::1 GET /assets/global/plugins/bootstrap/js/bootstrap.min.js - 51722 - ::1 Mozilla/5.0+(Windows+NT+10.0;+WOW64)+AppleWebKit/537.36+(KHTML,+like+Gecko)+Chrome/58.0.3029.81+Safari/537.36 http://localhost:51722/User/LogOn 200 0 0 92
2017-05-03 16:16:34 ::1 GET /assets/global/plugins/jquery-slimscroll/jquery.slimscroll.min.js - 51722 - ::1 Mozilla/5.0+(Windows+NT+10.0;+WOW64)+AppleWebKit/537.36+(KHTML,+like+Gecko)+Chrome/58.0.3029.81+Safari/537.36 http://localhost:51722/User/LogOn 200 0 0 108
2017-05-03 16:16:34 ::1 GET /images/logo_color.png - 51722 - ::1 Mozilla/5.0+(Windows+NT+10.0;+WOW64)+AppleWebKit/537.36+(KHTML,+like+Gecko)+Chrome/58.0.3029.81+Safari/537.36 http://localhost:51722/User/LogOn 200 0 0 45
2017-05-03 16:16:34 ::1 GET /assets/global/plugins/simple-line-icons/fonts/Simple-Line-Icons.woff - 51722 - ::1 Mozilla/5.0+(Windows+NT+10.0;+WOW64)+AppleWebKit/537.36+(KHTML,+like+Gecko)+Chrome/58.0.3029.81+Safari/537.36 http://localhost:51722/assets/global/plugins/simple-line-icons/simple-line-icons.min.css 200 0 0 73
2017-05-03 16:16:34 ::1 GET /assets/global/plugins/jquery-validation/js/jquery.validate.min.js - 51722 - ::1 Mozilla/5.0+(Windows+NT+10.0;+WOW64)+AppleWebKit/537.36+(KHTML,+like+Gecko)+Chrome/58.0.3029.81+Safari/537.36 http://localhost:51722/User/LogOn 200 0 0 181
2017-05-03 16:16:34 ::1 GET /assets/global/plugins/jquery-validation/js/additional-methods.min.js - 51722 - ::1 Mozilla/5.0+(Windows+NT+10.0;+WOW64)+AppleWebKit/537.36+(KHTML,+like+Gecko)+Chrome/58.0.3029.81+Safari/537.36 http://localhost:51722/User/LogOn 200 0 0 129
2017-05-03 16:16:34 ::1 GET /assets/pages/scripts/login-5.min.js - 51722 - ::1 Mozilla/5.0+(Windows+NT+10.0;+WOW64)+AppleWebKit/537.36+(KHTML,+like+Gecko)+Chrome/58.0.3029.81+Safari/537.36 http://localhost:51722/User/LogOn 200 0 0 64
2017-05-03 16:16:34 ::1 GET /assets/global/plugins/backstretch/jquery.backstretch.min.js - 51722 - ::1 Mozilla/5.0+(Windows+NT+10.0;+WOW64)+AppleWebKit/537.36+(KHTML,+like+Gecko)+Chrome/58.0.3029.81+Safari/537.36 http://localhost:51722/User/LogOn 200 0 0 150
2017-05-03 16:16:34 ::1 GET /assets/pages/img/login/bg1.jpg - 51722 - ::1 Mozilla/5.0+(Windows+NT+10.0;+WOW64)+AppleWebKit/537.36+(KHTML,+like+Gecko)+Chrome/58.0.3029.81+Safari/537.36 http://localhost:51722/User/LogOn 200 0 0 199
2017-05-03 16:16:34 ::1 GET /assets/global/scripts/app.min.js - 51722 - ::1 Mozilla/5.0+(Windows+NT+10.0;+WOW64)+AppleWebKit/537.36+(KHTML,+like+Gecko)+Chrome/58.0.3029.81+Safari/537.36 http://localhost:51722/User/LogOn 200 0 0 117
2017-05-03 16:16:34 ::1 GET /assets/global/plugins/select2/js/select2.full.min.js - 51722 - ::1 Mozilla/5.0+(Windows+NT+10.0;+WOW64)+AppleWebKit/537.36+(KHTML,+like+Gecko)+Chrome/58.0.3029.81+Safari/537.36 http://localhost:51722/User/LogOn 200 0 0 248
2017-05-03 16:16:34 ::1 GET /assets/pages/img/login/bg2.jpg - 51722 - ::1 Mozilla/5.0+(Windows+NT+10.0;+WOW64)+AppleWebKit/537.36+(KHTML,+like+Gecko)+Chrome/58.0.3029.81+Safari/537.36 http://localhost:51722/User/LogOn 200 0 0 51
2017-05-03 16:16:34 ::1 GET /assets/pages/img/login/bg3.jpg - 51722 - ::1 Mozilla/5.0+(Windows+NT+10.0;+WOW64)+AppleWebKit/537.36+(KHTML,+like+Gecko)+Chrome/58.0.3029.81+Safari/537.36 http://localhost:51722/User/LogOn 200 0 0 106
2017-05-03 16:16:34 ::1 GET /favicon.ico - 51722 - ::1 Mozilla/5.0+(Windows+NT+10.0;+WOW64)+AppleWebKit/537.36+(KHTML,+like+Gecko)+Chrome/58.0.3029.81+Safari/537.36 http://localhost:51722/User/LogOn 200 0 0 30
2017-05-03 16:18:36 ::1 GET /User/LogOn - 51722 - ::1 Mozilla/5.0+(Windows+NT+10.0;+WOW64)+AppleWebKit/537.36+(KHTML,+like+Gecko)+Chrome/58.0.3029.81+Safari/537.36 - 200 0 0 9748
2017-05-03 16:18:36 ::1 GET /favicon.ico - 51722 - ::1 Mozilla/5.0+(Windows+NT+10.0;+WOW64)+AppleWebKit/537.36+(KHTML,+like+Gecko)+Chrome/58.0.3029.81+Safari/537.36 http://localhost:51722/User/LogOn 200 0 0 68
2017-05-03 16:26:53 ::1 GET /User/LogOn - 51722 - ::1 Mozilla/5.0+(Windows+NT+10.0;+WOW64)+AppleWebKit/537.36+(KHTML,+like+Gecko)+Chrome/58.0.3029.81+Safari/537.36 - 200 0 0 5917
2017-05-03 16:26:53 ::1 GET /favicon.ico - 51722 - ::1 Mozilla/5.0+(Windows+NT+10.0;+WOW64)+AppleWebKit/537.36+(KHTML,+like+Gecko)+Chrome/58.0.3029.81+Safari/537.36 http://localhost:51722/User/LogOn 200 0 0 28
2017-05-03 16:29:13 ::1 GET /User/LogOn - 51722 - ::1 Mozilla/5.0+(Windows+NT+10.0;+WOW64)+AppleWebKit/537.36+(KHTML,+like+Gecko)+Chrome/58.0.3029.81+Safari/537.36 - 200 0 0 4859
2017-05-03 16:29:13 ::1 GET /favicon.ico - 51722 - ::1 Mozilla/5.0+(Windows+NT+10.0;+WOW64)+AppleWebKit/537.36+(KHTML,+like+Gecko)+Chrome/58.0.3029.81+Safari/537.36 http://localhost:51722/User/LogOn 200 0 0 60
2017-05-03 16:29:13 ::1 GET /__browserLink/requestData/1a5aa98d769f47e5aaa0113afe695ecc version=2 51722 - ::1 Mozilla/5.0+(Windows+NT+10.0;+WOW64)+AppleWebKit/537.36+(KHTML,+like+Gecko)+Chrome/58.0.3029.81+Safari/537.36 http://localhost:51722/User/LogOn 200 0 0 16
2017-05-03 16:29:42 ::1 GET /User/LogOn - 51722 - ::1 Mozilla/5.0+(Windows+NT+10.0;+WOW64)+AppleWebKit/537.36+(KHTML,+like+Gecko)+Chrome/58.0.3029.81+Safari/537.36 - 200 0 0 7406
2017-05-03 16:29:42 ::1 GET /favicon.ico - 51722 - ::1 Mozilla/5.0+(Windows+NT+10.0;+WOW64)+AppleWebKit/537.36+(KHTML,+like+Gecko)+Chrome/58.0.3029.81+Safari/537.36 http://localhost:51722/User/LogOn 200 0 0 40
2017-05-03 16:32:19 ::1 GET /User/LogOn - 51722 - ::1 Mozilla/5.0+(Windows+NT+10.0;+WOW64)+AppleWebKit/537.36+(KHTML,+like+Gecko)+Chrome/58.0.3029.81+Safari/537.36 - 200 0 0 4693
2017-05-03 16:32:19 ::1 GET /favicon.ico - 51722 - ::1 Mozilla/5.0+(Windows+NT+10.0;+WOW64)+AppleWebKit/537.36+(KHTML,+like+Gecko)+Chrome/58.0.3029.81+Safari/537.36 http://localhost:51722/User/LogOn 200 0 0 20
#Software: Microsoft Internet Information Services 8.0
#Version: 1.0
#Date: 2017-05-03 16:33:25
#Fields: date time s-ip cs-method cs-uri-stem cs-uri-query s-port cs-username c-ip cs(User-Agent) cs(Referer) sc-status sc-substatus sc-win32-status time-taken
2017-05-03 16:33:25 ::1 GET /User/LogOn - 51722 - ::1 Mozilla/5.0+(Windows+NT+10.0;+WOW64)+AppleWebKit/537.36+(KHTML,+like+Gecko)+Chrome/58.0.3029.81+Safari/537.36 - 200 0 0 30945
#Software: Microsoft Internet Information Services 8.0
#Version: 1.0
#Date: 2017-05-03 16:35:34
#Fields: date time s-ip cs-method cs-uri-stem cs-uri-query s-port cs-username c-ip cs(User-Agent) cs(Referer) sc-status sc-substatus sc-win32-status time-taken
2017-05-03 16:35:34 ::1 GET /User/LogOn - 51722 - ::1 Mozilla/5.0+(Windows+NT+10.0;+WOW64)+AppleWebKit/537.36+(KHTML,+like+Gecko)+Chrome/58.0.3029.81+Safari/537.36 - 200 0 0 17693
2017-05-03 16:35:36 ::1 GET /__browserLink/requestData/e2a8ca5a55cd47b9bec6b254fd593581 version=2 51722 - ::1 Mozilla/5.0+(Windows+NT+10.0;+WOW64)+AppleWebKit/537.36+(KHTML,+like+Gecko)+Chrome/58.0.3029.81+Safari/537.36 http://localhost:51722/User/LogOn 200 0 0 40
#Software: Microsoft Internet Information Services 8.0
#Version: 1.0
#Date: 2017-05-03 16:37:20
#Fields: date time s-ip cs-method cs-uri-stem cs-uri-query s-port cs-username c-ip cs(User-Agent) cs(Referer) sc-status sc-substatus sc-win32-status time-taken
2017-05-03 16:37:20 ::1 GET /User/LogOn - 51722 - ::1 Mozilla/5.0+(Windows+NT+10.0;+WOW64)+AppleWebKit/537.36+(KHTML,+like+Gecko)+Chrome/58.0.3029.81+Safari/537.36 - 200 0 0 21765
2017-05-03 16:38:03 ::1 GET /User/LogOn - 51722 - ::1 Mozilla/5.0+(Windows+NT+10.0;+WOW64)+AppleWebKit/537.36+(KHTML,+like+Gecko)+Chrome/58.0.3029.81+Safari/537.36 - 200 0 0 10318
2017-05-03 16:38:03 ::1 GET /favicon.ico - 51722 - ::1 Mozilla/5.0+(Windows+NT+10.0;+WOW64)+AppleWebKit/537.36+(KHTML,+like+Gecko)+Chrome/58.0.3029.81+Safari/537.36 http://localhost:51722/User/LogOn 200 0 0 24
