#Software: Microsoft Internet Information Services 8.0
#Version: 1.0
#Date: 2017-01-27 10:02:25
#Fields: date time s-ip cs-method cs-uri-stem cs-uri-query s-port cs-username c-ip cs(User-Agent) cs(Referer) sc-status sc-substatus sc-win32-status time-taken
2017-01-27 10:02:25 ::1 GET / - 51722 - ::1 Mozilla/5.0+(Windows+NT+10.0;+WOW64)+AppleWebKit/537.36+(KHTML,+like+Gecko)+Chrome/55.0.2883.87+Safari/537.36 - 302 0 0 79125
2017-01-27 10:02:37 ::1 GET /User/LogOn - 51722 - ::1 Mozilla/5.0+(Windows+NT+10.0;+WOW64)+AppleWebKit/537.36+(KHTML,+like+Gecko)+Chrome/55.0.2883.87+Safari/537.36 - 200 0 0 12228
2017-01-27 10:02:40 ::1 GET /__browserLink/requestData/b7eb18eb40ab4a54b4e158d3d18d9a3c version=2 51722 - ::1 Mozilla/5.0+(Windows+NT+10.0;+WOW64)+AppleWebKit/537.36+(KHTML,+like+Gecko)+Chrome/55.0.2883.87+Safari/537.36 http://localhost:51722/User/LogOn 200 0 0 259
2017-01-27 10:06:16 ::1 POST /User/LogOn - 51722 - ::1 Mozilla/5.0+(Windows+NT+10.0;+WOW64)+AppleWebKit/537.36+(KHTML,+like+Gecko)+Chrome/55.0.2883.87+Safari/537.36 http://localhost:51722/User/LogOn 302 0 0 10116
2017-01-27 10:06:31 ::1 GET / - 51722 - ::1 Mozilla/5.0+(Windows+NT+10.0;+WOW64)+AppleWebKit/537.36+(KHTML,+like+Gecko)+Chrome/55.0.2883.87+Safari/537.36 http://localhost:51722/User/LogOn 200 0 0 12476
2017-01-27 10:06:31 ::1 GET /__browserLink/requestData/a28cf4f64ffb4d8c8e19492a26883606 version=2 51722 - ::1 Mozilla/5.0+(Windows+NT+10.0;+WOW64)+AppleWebKit/537.36+(KHTML,+like+Gecko)+Chrome/55.0.2883.87+Safari/537.36 http://localhost:51722/ 200 0 0 43
2017-01-27 10:06:40 ::1 GET /Expense/Create - 51722 - ::1 Mozilla/5.0+(Windows+NT+10.0;+WOW64)+AppleWebKit/537.36+(KHTML,+like+Gecko)+Chrome/55.0.2883.87+Safari/537.36 http://localhost:51722/ 200 0 0 1600
2017-01-27 10:06:40 ::1 GET /TravelType/IsSubTravelCashAdvanced TravelTypeId=17 51722 - ::1 Mozilla/5.0+(Windows+NT+10.0;+WOW64)+AppleWebKit/537.36+(KHTML,+like+Gecko)+Chrome/55.0.2883.87+Safari/537.36 http://localhost:51722/Expense/Create 200 0 0 286
2017-01-27 10:06:40 ::1 GET /__browserLink/requestData/ff27df820de043ab831836000a9fe871 version=2 51722 - ::1 Mozilla/5.0+(Windows+NT+10.0;+WOW64)+AppleWebKit/537.36+(KHTML,+like+Gecko)+Chrome/55.0.2883.87+Safari/537.36 http://localhost:51722/Expense/Create 200 0 0 16
2017-01-27 10:06:40 ::1 GET /Expense/GetTravelTypeHeaderMapping TravelTypeId=17 51722 - ::1 Mozilla/5.0+(Windows+NT+10.0;+WOW64)+AppleWebKit/537.36+(KHTML,+like+Gecko)+Chrome/55.0.2883.87+Safari/537.36 http://localhost:51722/Expense/Create 200 0 0 593
2017-01-27 10:06:44 ::1 GET /Expense - 51722 - ::1 Mozilla/5.0+(Windows+NT+10.0;+WOW64)+AppleWebKit/537.36+(KHTML,+like+Gecko)+Chrome/55.0.2883.87+Safari/537.36 http://localhost:51722/Expense/Create 200 0 0 1332
2017-01-27 10:06:44 ::1 GET /__browserLink/requestData/e422fbb21df34b569dd1a002ae6e8897 version=2 51722 - ::1 Mozilla/5.0+(Windows+NT+10.0;+WOW64)+AppleWebKit/537.36+(KHTML,+like+Gecko)+Chrome/55.0.2883.87+Safari/537.36 http://localhost:51722/Expense 200 0 0 13
2017-01-27 10:06:50 ::1 GET /Expense/AddTransactionToReport ExpenseId=105 51722 - ::1 Mozilla/5.0+(Windows+NT+10.0;+WOW64)+AppleWebKit/537.36+(KHTML,+like+Gecko)+Chrome/55.0.2883.87+Safari/537.36 http://localhost:51722/Expense 200 0 0 3744
2017-01-27 10:06:50 ::1 GET /TravelType/IsSubTravelCashAdvanced TravelTypeId=17 51722 - ::1 Mozilla/5.0+(Windows+NT+10.0;+WOW64)+AppleWebKit/537.36+(KHTML,+like+Gecko)+Chrome/55.0.2883.87+Safari/537.36 http://localhost:51722/Expense/AddTransactionToReport?ExpenseId=105 200 0 0 160
2017-01-27 10:06:50 ::1 GET /__browserLink/requestData/a96b5a7d4c6a450f858b7efcffb7b934 version=2 51722 - ::1 Mozilla/5.0+(Windows+NT+10.0;+WOW64)+AppleWebKit/537.36+(KHTML,+like+Gecko)+Chrome/55.0.2883.87+Safari/537.36 http://localhost:51722/Expense/AddTransactionToReport?ExpenseId=105 200 0 0 16
2017-01-27 10:06:52 ::1 GET /Expense/PrepareExpenseApprovalProgressBar/ ExpenseId=105&UserId=277&_=1485511610704 51722 - ::1 Mozilla/5.0+(Windows+NT+10.0;+WOW64)+AppleWebKit/537.36+(KHTML,+like+Gecko)+Chrome/55.0.2883.87+Safari/537.36 http://localhost:51722/Expense/AddTransactionToReport?ExpenseId=105 200 0 0 1311
2017-01-27 10:06:52 ::1 GET /Expense/GetTravelTypeHeaderMapping TravelTypeId=17 51722 - ::1 Mozilla/5.0+(Windows+NT+10.0;+WOW64)+AppleWebKit/537.36+(KHTML,+like+Gecko)+Chrome/55.0.2883.87+Safari/537.36 http://localhost:51722/Expense/AddTransactionToReport?ExpenseId=105 200 0 0 1669
2017-01-27 10:07:07 ::1 GET /Expense/UploadReceipt id=9597&_=1485511623109 51722 - ::1 Mozilla/5.0+(Windows+NT+10.0;+WOW64)+AppleWebKit/537.36+(KHTML,+like+Gecko)+Chrome/55.0.2883.87+Safari/537.36 http://localhost:51722/Expense/AddTransactionToReport?ExpenseId=105 200 0 0 4242
2017-01-27 10:07:07 ::1 GET /Scripts/v2/jquery.validate.unobtrusive.js _=1485511627358 51722 - ::1 Mozilla/5.0+(Windows+NT+10.0;+WOW64)+AppleWebKit/537.36+(KHTML,+like+Gecko)+Chrome/55.0.2883.87+Safari/537.36 http://localhost:51722/Expense/AddTransactionToReport?ExpenseId=105 200 0 0 36
2017-01-27 10:07:20 ::1 POST /Expense/UploadReceipt/9597 - 51722 - ::1 Mozilla/5.0+(Windows+NT+10.0;+WOW64)+AppleWebKit/537.36+(KHTML,+like+Gecko)+Chrome/55.0.2883.87+Safari/537.36 http://localhost:51722/Expense/AddTransactionToReport?ExpenseId=105 200 0 0 2104
2017-01-27 10:09:46 ::1 GET /Expense/PrepareExpenseApprovalProgressBar/ ExpenseId=105&UserId=277&_=1485511786260 51722 - ::1 Mozilla/5.0+(Windows+NT+10.0;+WOW64)+AppleWebKit/537.36+(KHTML,+like+Gecko)+Chrome/55.0.2883.87+Safari/537.36 http://localhost:51722/Expense/AddTransactionToReport?ExpenseId=105 200 0 0 502
2017-01-27 10:10:33 ::1 GET /Expense/UploadReceipt id=9597&_=1485511833148 51722 - ::1 Mozilla/5.0+(Windows+NT+10.0;+WOW64)+AppleWebKit/537.36+(KHTML,+like+Gecko)+Chrome/55.0.2883.87+Safari/537.36 http://localhost:51722/Expense/AddTransactionToReport?ExpenseId=105 200 0 0 49
2017-01-27 10:10:33 ::1 GET /Scripts/v2/jquery.validate.unobtrusive.js _=1485511833236 51722 - ::1 Mozilla/5.0+(Windows+NT+10.0;+WOW64)+AppleWebKit/537.36+(KHTML,+like+Gecko)+Chrome/55.0.2883.87+Safari/537.36 http://localhost:51722/Expense/AddTransactionToReport?ExpenseId=105 200 0 0 9
2017-01-27 10:10:41 ::1 POST /Expense/UploadReceipt/9597 - 51722 - ::1 Mozilla/5.0+(Windows+NT+10.0;+WOW64)+AppleWebKit/537.36+(KHTML,+like+Gecko)+Chrome/55.0.2883.87+Safari/537.36 http://localhost:51722/Expense/AddTransactionToReport?ExpenseId=105 200 0 0 1162
2017-01-27 10:10:47 ::1 GET /Expense/PrepareExpenseApprovalProgressBar/ ExpenseId=105&UserId=277&_=1485511846989 51722 - ::1 Mozilla/5.0+(Windows+NT+10.0;+WOW64)+AppleWebKit/537.36+(KHTML,+like+Gecko)+Chrome/55.0.2883.87+Safari/537.36 http://localhost:51722/Expense/AddTransactionToReport?ExpenseId=105 200 0 0 483
2017-01-27 10:10:52 ::1 GET /ExpenseDetail/PartialEdit id=9597&ExpenseId=105&_=1485511850601 51722 - ::1 Mozilla/5.0+(Windows+NT+10.0;+WOW64)+AppleWebKit/537.36+(KHTML,+like+Gecko)+Chrome/55.0.2883.87+Safari/537.36 http://localhost:51722/Expense/AddTransactionToReport?ExpenseId=105 200 0 0 1602
2017-01-27 10:10:52 ::1 GET /Scripts/v2/jquery.validate.unobtrusive.js _=1485511852218 51722 - ::1 Mozilla/5.0+(Windows+NT+10.0;+WOW64)+AppleWebKit/537.36+(KHTML,+like+Gecko)+Chrome/55.0.2883.87+Safari/537.36 http://localhost:51722/Expense/AddTransactionToReport?ExpenseId=105 200 0 0 17
2017-01-27 10:10:52 ::1 GET /Scripts/chosen/chosen.jquery.js _=1485511852249 51722 - ::1 Mozilla/5.0+(Windows+NT+10.0;+WOW64)+AppleWebKit/537.36+(KHTML,+like+Gecko)+Chrome/55.0.2883.87+Safari/537.36 http://localhost:51722/Expense/AddTransactionToReport?ExpenseId=105 200 0 0 33
2017-01-27 10:10:52 ::1 GET /ExpenseDetail/GetMileageRate transactionDate=1/12/2017&UserId=277&_=1485511852292 51722 - ::1 Mozilla/5.0+(Windows+NT+10.0;+WOW64)+AppleWebKit/537.36+(KHTML,+like+Gecko)+Chrome/55.0.2883.87+Safari/537.36 http://localhost:51722/Expense/AddTransactionToReport?ExpenseId=105 200 0 0 196
2017-01-27 10:10:52 ::1 GET /PayMethod/GetPayMethodIsReimbursable MethodId=2&_=1485511852514 51722 - ::1 Mozilla/5.0+(Windows+NT+10.0;+WOW64)+AppleWebKit/537.36+(KHTML,+like+Gecko)+Chrome/55.0.2883.87+Safari/537.36 http://localhost:51722/Expense/AddTransactionToReport?ExpenseId=105 200 0 0 213
2017-01-27 10:10:52 ::1 GET /ExpenseDetail/GetExpenseTypePolicyAmount ExpenseTypeId=482&_=1485511852516 51722 - ::1 Mozilla/5.0+(Windows+NT+10.0;+WOW64)+AppleWebKit/537.36+(KHTML,+like+Gecko)+Chrome/55.0.2883.87+Safari/537.36 http://localhost:51722/Expense/AddTransactionToReport?ExpenseId=105 200 0 0 598
2017-01-27 10:10:53 ::1 GET /AjaxCall/GetApproverList/ ProjectId=null&_=1485511853125 51722 - ::1 Mozilla/5.0+(Windows+NT+10.0;+WOW64)+AppleWebKit/537.36+(KHTML,+like+Gecko)+Chrome/55.0.2883.87+Safari/537.36 http://localhost:51722/Expense/AddTransactionToReport?ExpenseId=105 200 0 0 331
2017-01-27 10:10:53 ::1 GET /User/GetEmployees _=1485511853475 51722 - ::1 Mozilla/5.0+(Windows+NT+10.0;+WOW64)+AppleWebKit/537.36+(KHTML,+like+Gecko)+Chrome/55.0.2883.87+Safari/537.36 http://localhost:51722/Expense/AddTransactionToReport?ExpenseId=105 200 0 0 236
2017-01-27 10:11:48 ::1 POST /ExpenseDetail/PartialEdit - 51722 - ::1 Mozilla/5.0+(Windows+NT+10.0;+WOW64)+AppleWebKit/537.36+(KHTML,+like+Gecko)+Chrome/55.0.2883.87+Safari/537.36 http://localhost:51722/Expense/AddTransactionToReport?ExpenseId=105 200 0 0 40532
#Software: Microsoft Internet Information Services 8.0
#Version: 1.0
#Date: 2017-01-27 10:19:36
#Fields: date time s-ip cs-method cs-uri-stem cs-uri-query s-port cs-username c-ip cs(User-Agent) cs(Referer) sc-status sc-substatus sc-win32-status time-taken
2017-01-27 10:19:36 ::1 GET / - 51722 - ::1 Mozilla/5.0+(Windows+NT+10.0;+WOW64)+AppleWebKit/537.36+(KHTML,+like+Gecko)+Chrome/55.0.2883.87+Safari/537.36 - 302 0 0 28033
2017-01-27 10:19:48 ::1 GET /User/LogOn - 51722 - ::1 Mozilla/5.0+(Windows+NT+10.0;+WOW64)+AppleWebKit/537.36+(KHTML,+like+Gecko)+Chrome/55.0.2883.87+Safari/537.36 - 200 0 0 11887
2017-01-27 10:19:52 ::1 GET /__browserLink/requestData/5a6c68299555452181fc2161d53c3bbc version=2 51722 - ::1 Mozilla/5.0+(Windows+NT+10.0;+WOW64)+AppleWebKit/537.36+(KHTML,+like+Gecko)+Chrome/55.0.2883.87+Safari/537.36 http://localhost:51722/User/LogOn 200 0 0 598
2017-01-27 10:20:07 ::1 POST /User/LogOn - 51722 - ::1 Mozilla/5.0+(Windows+NT+10.0;+WOW64)+AppleWebKit/537.36+(KHTML,+like+Gecko)+Chrome/55.0.2883.87+Safari/537.36 http://localhost:51722/User/LogOn 302 0 0 12787
2017-01-27 10:20:30 ::1 GET / - 51722 - ::1 Mozilla/5.0+(Windows+NT+10.0;+WOW64)+AppleWebKit/537.36+(KHTML,+like+Gecko)+Chrome/55.0.2883.87+Safari/537.36 http://localhost:51722/User/LogOn 200 0 0 22408
2017-01-27 10:20:32 ::1 GET /__browserLink/requestData/864b2cf045604fc2a9223d10cd68d001 version=2 51722 - ::1 Mozilla/5.0+(Windows+NT+10.0;+WOW64)+AppleWebKit/537.36+(KHTML,+like+Gecko)+Chrome/55.0.2883.87+Safari/537.36 http://localhost:51722/ 200 0 0 14
#Software: Microsoft Internet Information Services 8.0
#Version: 1.0
#Date: 2017-01-27 11:15:33
#Fields: date time s-ip cs-method cs-uri-stem cs-uri-query s-port cs-username c-ip cs(User-Agent) cs(Referer) sc-status sc-substatus sc-win32-status time-taken
2017-01-27 11:15:33 ::1 GET /User/LogOut - 51722 - ::1 Mozilla/5.0+(Windows+NT+10.0;+WOW64)+AppleWebKit/537.36+(KHTML,+like+Gecko)+Chrome/55.0.2883.87+Safari/537.36 http://localhost:51722/ 200 0 0 821
2017-01-27 11:15:35 ::1 GET /__browserLink/requestData/f4e0e3f33a09439aadc16824550103a4 version=2 51722 - ::1 Mozilla/5.0+(Windows+NT+10.0;+WOW64)+AppleWebKit/537.36+(KHTML,+like+Gecko)+Chrome/55.0.2883.87+Safari/537.36 http://localhost:51722/User/LogOut 200 0 0 42
#Software: Microsoft Internet Information Services 8.0
#Version: 1.0
#Date: 2017-01-27 11:27:14
#Fields: date time s-ip cs-method cs-uri-stem cs-uri-query s-port cs-username c-ip cs(User-Agent) cs(Referer) sc-status sc-substatus sc-win32-status time-taken
2017-01-27 11:27:14 ::1 GET / - 51722 - ::1 Mozilla/5.0+(Windows+NT+10.0;+WOW64)+AppleWebKit/537.36+(KHTML,+like+Gecko)+Chrome/55.0.2883.87+Safari/537.36 - 302 0 0 15440
2017-01-27 11:27:18 ::1 GET /User/LogOn - 51722 - ::1 Mozilla/5.0+(Windows+NT+10.0;+WOW64)+AppleWebKit/537.36+(KHTML,+like+Gecko)+Chrome/55.0.2883.87+Safari/537.36 - 200 0 0 4835
2017-01-27 11:27:20 ::1 GET /__browserLink/requestData/7151e47508b1407da7d0877f3977dd89 version=2 51722 - ::1 Mozilla/5.0+(Windows+NT+10.0;+WOW64)+AppleWebKit/537.36+(KHTML,+like+Gecko)+Chrome/55.0.2883.87+Safari/537.36 http://localhost:51722/User/LogOn 200 0 0 354
2017-01-27 11:27:38 ::1 POST /User/LogOn - 51722 - ::1 Mozilla/5.0+(Windows+NT+10.0;+WOW64)+AppleWebKit/537.36+(KHTML,+like+Gecko)+Chrome/55.0.2883.87+Safari/537.36 http://localhost:51722/User/LogOn 302 0 0 15342
2017-01-27 11:27:44 ::1 GET / - 51722 - ::1 Mozilla/5.0+(Windows+NT+10.0;+WOW64)+AppleWebKit/537.36+(KHTML,+like+Gecko)+Chrome/55.0.2883.87+Safari/537.36 http://localhost:51722/User/LogOn 200 0 0 5293
2017-01-27 11:27:44 ::1 GET /__browserLink/requestData/1c8ed318792d4c0b895f43bdaa71a6b4 version=2 51722 - ::1 Mozilla/5.0+(Windows+NT+10.0;+WOW64)+AppleWebKit/537.36+(KHTML,+like+Gecko)+Chrome/55.0.2883.87+Safari/537.36 http://localhost:51722/ 200 0 0 23
2017-01-27 11:27:57 ::1 GET /Expense/AddTransactionToReport ExpenseId=116 51722 - ::1 Mozilla/5.0+(Windows+NT+10.0;+WOW64)+AppleWebKit/537.36+(KHTML,+like+Gecko)+Chrome/55.0.2883.87+Safari/537.36 http://localhost:51722/ 200 0 0 7872
2017-01-27 11:27:57 ::1 GET /TravelType/IsSubTravelCashAdvanced TravelTypeId=17 51722 - ::1 Mozilla/5.0+(Windows+NT+10.0;+WOW64)+AppleWebKit/537.36+(KHTML,+like+Gecko)+Chrome/55.0.2883.87+Safari/537.36 http://localhost:51722/Expense/AddTransactionToReport?ExpenseId=116 200 0 0 290
2017-01-27 11:27:57 ::1 GET /__browserLink/requestData/7b15328ca71643b98560462f29c3504f version=2 51722 - ::1 Mozilla/5.0+(Windows+NT+10.0;+WOW64)+AppleWebKit/537.36+(KHTML,+like+Gecko)+Chrome/55.0.2883.87+Safari/537.36 http://localhost:51722/Expense/AddTransactionToReport?ExpenseId=116 200 0 0 21
2017-01-27 11:27:59 ::1 GET /Expense/PrepareExpenseApprovalProgressBar/ ExpenseId=116&UserId=277&_=1485516478274 51722 - ::1 Mozilla/5.0+(Windows+NT+10.0;+WOW64)+AppleWebKit/537.36+(KHTML,+like+Gecko)+Chrome/55.0.2883.87+Safari/537.36 http://localhost:51722/Expense/AddTransactionToReport?ExpenseId=116 200 0 0 1394
2017-01-27 11:27:59 ::1 GET /Expense/GetTravelTypeHeaderMapping TravelTypeId=17 51722 - ::1 Mozilla/5.0+(Windows+NT+10.0;+WOW64)+AppleWebKit/537.36+(KHTML,+like+Gecko)+Chrome/55.0.2883.87+Safari/537.36 http://localhost:51722/Expense/AddTransactionToReport?ExpenseId=116 200 0 0 1612
2017-01-27 11:34:17 ::1 GET /ExpenseDetail/PartialEdit id=9609&ExpenseId=116&_=1485516847915 51722 - ::1 Mozilla/5.0+(Windows+NT+10.0;+WOW64)+AppleWebKit/537.36+(KHTML,+like+Gecko)+Chrome/55.0.2883.87+Safari/537.36 http://localhost:51722/Expense/AddTransactionToReport?ExpenseId=116 200 0 0 9557
2017-01-27 11:34:20 ::1 GET /Scripts/v2/jquery.validate.unobtrusive.js _=1485516857512 51722 - ::1 Mozilla/5.0+(Windows+NT+10.0;+WOW64)+AppleWebKit/537.36+(KHTML,+like+Gecko)+Chrome/55.0.2883.87+Safari/537.36 http://localhost:51722/Expense/AddTransactionToReport?ExpenseId=116 200 0 0 41
2017-01-27 11:34:20 ::1 GET /Scripts/chosen/chosen.jquery.js _=1485516860364 51722 - ::1 Mozilla/5.0+(Windows+NT+10.0;+WOW64)+AppleWebKit/537.36+(KHTML,+like+Gecko)+Chrome/55.0.2883.87+Safari/537.36 http://localhost:51722/Expense/AddTransactionToReport?ExpenseId=116 200 0 0 26
2017-01-27 11:34:20 ::1 GET /ExpenseDetail/GetMileageRate transactionDate=1/23/2017&UserId=277&_=1485516860404 51722 - ::1 Mozilla/5.0+(Windows+NT+10.0;+WOW64)+AppleWebKit/537.36+(KHTML,+like+Gecko)+Chrome/55.0.2883.87+Safari/537.36 http://localhost:51722/Expense/AddTransactionToReport?ExpenseId=116 200 0 0 188
2017-01-27 11:34:20 ::1 GET /PayMethod/GetPayMethodIsReimbursable MethodId=2&_=1485516860624 51722 - ::1 Mozilla/5.0+(Windows+NT+10.0;+WOW64)+AppleWebKit/537.36+(KHTML,+like+Gecko)+Chrome/55.0.2883.87+Safari/537.36 http://localhost:51722/Expense/AddTransactionToReport?ExpenseId=116 200 0 0 54
2017-01-27 11:34:20 ::1 GET /ExpenseDetail/GetExpenseTypePolicyAmount ExpenseTypeId=481&_=1485516860627 51722 - ::1 Mozilla/5.0+(Windows+NT+10.0;+WOW64)+AppleWebKit/537.36+(KHTML,+like+Gecko)+Chrome/55.0.2883.87+Safari/537.36 http://localhost:51722/Expense/AddTransactionToReport?ExpenseId=116 200 0 0 552
2017-01-27 11:34:21 ::1 GET /AjaxCall/GetApproverList/ ProjectId=null&_=1485516861188 51722 - ::1 Mozilla/5.0+(Windows+NT+10.0;+WOW64)+AppleWebKit/537.36+(KHTML,+like+Gecko)+Chrome/55.0.2883.87+Safari/537.36 http://localhost:51722/Expense/AddTransactionToReport?ExpenseId=116 200 0 0 376
2017-01-27 11:34:21 ::1 GET /User/GetEmployees _=1485516861568 51722 - ::1 Mozilla/5.0+(Windows+NT+10.0;+WOW64)+AppleWebKit/537.36+(KHTML,+like+Gecko)+Chrome/55.0.2883.87+Safari/537.36 http://localhost:51722/Expense/AddTransactionToReport?ExpenseId=116 200 0 0 327
2017-01-27 11:34:37 ::1 POST /ExpenseDetail/PartialEdit - 51722 - ::1 Mozilla/5.0+(Windows+NT+10.0;+WOW64)+AppleWebKit/537.36+(KHTML,+like+Gecko)+Chrome/55.0.2883.87+Safari/537.36 http://localhost:51722/Expense/AddTransactionToReport?ExpenseId=116 302 0 0 2543
2017-01-27 11:34:38 ::1 GET /Expense/AddTransactionToReport ExpenseId=116 51722 - ::1 Mozilla/5.0+(Windows+NT+10.0;+WOW64)+AppleWebKit/537.36+(KHTML,+like+Gecko)+Chrome/55.0.2883.87+Safari/537.36 http://localhost:51722/Expense/AddTransactionToReport?ExpenseId=116 200 0 0 1506
2017-01-27 11:34:38 ::1 GET /Expense/GetTravelTypeHeaderMapping TravelTypeId=17 51722 - ::1 Mozilla/5.0+(Windows+NT+10.0;+WOW64)+AppleWebKit/537.36+(KHTML,+like+Gecko)+Chrome/55.0.2883.87+Safari/537.36 http://localhost:51722/Expense/AddTransactionToReport?ExpenseId=116 200 0 0 36
2017-01-27 11:34:38 ::1 GET /__browserLink/requestData/113ff8b8818b49c4aa74ebbf2f0a67c0 version=2 51722 - ::1 Mozilla/5.0+(Windows+NT+10.0;+WOW64)+AppleWebKit/537.36+(KHTML,+like+Gecko)+Chrome/55.0.2883.87+Safari/537.36 http://localhost:51722/Expense/AddTransactionToReport?ExpenseId=116 200 0 0 23
2017-01-27 11:34:38 ::1 GET /TravelType/IsSubTravelCashAdvanced TravelTypeId=17 51722 - ::1 Mozilla/5.0+(Windows+NT+10.0;+WOW64)+AppleWebKit/537.36+(KHTML,+like+Gecko)+Chrome/55.0.2883.87+Safari/537.36 http://localhost:51722/Expense/AddTransactionToReport?ExpenseId=116 200 0 0 547
2017-01-27 11:34:40 ::1 GET /Expense/PrepareExpenseApprovalProgressBar/ ExpenseId=116&UserId=277&_=1485516879064 51722 - ::1 Mozilla/5.0+(Windows+NT+10.0;+WOW64)+AppleWebKit/537.36+(KHTML,+like+Gecko)+Chrome/55.0.2883.87+Safari/537.36 http://localhost:51722/Expense/AddTransactionToReport?ExpenseId=116 200 0 0 1274
2017-01-27 11:34:48 ::1 GET /ExpenseDetail/PartialEdit id=9609&ExpenseId=116&_=1485516884887 51722 - ::1 Mozilla/5.0+(Windows+NT+10.0;+WOW64)+AppleWebKit/537.36+(KHTML,+like+Gecko)+Chrome/55.0.2883.87+Safari/537.36 http://localhost:51722/Expense/AddTransactionToReport?ExpenseId=116 200 0 0 4092
2017-01-27 11:34:48 ::1 GET /Scripts/v2/jquery.validate.unobtrusive.js _=1485516888998 51722 - ::1 Mozilla/5.0+(Windows+NT+10.0;+WOW64)+AppleWebKit/537.36+(KHTML,+like+Gecko)+Chrome/55.0.2883.87+Safari/537.36 http://localhost:51722/Expense/AddTransactionToReport?ExpenseId=116 200 0 0 14
2017-01-27 11:34:48 ::1 GET /Scripts/chosen/chosen.jquery.js _=1485516889027 51722 - ::1 Mozilla/5.0+(Windows+NT+10.0;+WOW64)+AppleWebKit/537.36+(KHTML,+like+Gecko)+Chrome/55.0.2883.87+Safari/537.36 http://localhost:51722/Expense/AddTransactionToReport?ExpenseId=116 200 0 0 23
2017-01-27 11:34:48 ::1 GET /ExpenseDetail/GetMileageRate transactionDate=1/23/2017&UserId=277&_=1485516889062 51722 - ::1 Mozilla/5.0+(Windows+NT+10.0;+WOW64)+AppleWebKit/537.36+(KHTML,+like+Gecko)+Chrome/55.0.2883.87+Safari/537.36 http://localhost:51722/Expense/AddTransactionToReport?ExpenseId=116 200 0 0 39
2017-01-27 11:34:48 ::1 GET /PayMethod/GetPayMethodIsReimbursable MethodId=2&_=1485516889118 51722 - ::1 Mozilla/5.0+(Windows+NT+10.0;+WOW64)+AppleWebKit/537.36+(KHTML,+like+Gecko)+Chrome/55.0.2883.87+Safari/537.36 http://localhost:51722/Expense/AddTransactionToReport?ExpenseId=116 200 0 0 25
2017-01-27 11:34:48 ::1 GET /ExpenseDetail/GetExpenseTypePolicyAmount ExpenseTypeId=481&_=1485516889119 51722 - ::1 Mozilla/5.0+(Windows+NT+10.0;+WOW64)+AppleWebKit/537.36+(KHTML,+like+Gecko)+Chrome/55.0.2883.87+Safari/537.36 http://localhost:51722/Expense/AddTransactionToReport?ExpenseId=116 200 0 0 575
2017-01-27 11:34:48 ::1 GET /AjaxCall/GetApproverList/ ProjectId=null&_=1485516889702 51722 - ::1 Mozilla/5.0+(Windows+NT+10.0;+WOW64)+AppleWebKit/537.36+(KHTML,+like+Gecko)+Chrome/55.0.2883.87+Safari/537.36 http://localhost:51722/Expense/AddTransactionToReport?ExpenseId=116 200 0 0 89
2017-01-27 11:34:48 ::1 GET /User/GetEmployees _=1485516889836 51722 - ::1 Mozilla/5.0+(Windows+NT+10.0;+WOW64)+AppleWebKit/537.36+(KHTML,+like+Gecko)+Chrome/55.0.2883.87+Safari/537.36 http://localhost:51722/Expense/AddTransactionToReport?ExpenseId=116 200 0 0 81
2017-01-27 11:35:27 ::1 GET /Expense/AddNewTransaction ExpenseId=116 51722 - ::1 Mozilla/5.0+(Windows+NT+10.0;+WOW64)+AppleWebKit/537.36+(KHTML,+like+Gecko)+Chrome/55.0.2883.87+Safari/537.36 http://localhost:51722/Expense/AddTransactionToReport?ExpenseId=116 200 0 0 1186
2017-01-27 11:35:39 ::1 GET /AjaxCall/FindAndApplyCodeCombinationRule/ ProjectId=undefined&ExpenseTypeId=481&ExpenseDate=1/27/2017 51722 - ::1 Mozilla/5.0+(Windows+NT+10.0;+WOW64)+AppleWebKit/537.36+(KHTML,+like+Gecko)+Chrome/55.0.2883.87+Safari/537.36 http://localhost:51722/Expense/AddTransactionToReport?ExpenseId=116 200 0 0 336
2017-01-27 11:35:39 ::1 GET /AjaxCall/GetBusinessActivityList/ - 51722 - ::1 Mozilla/5.0+(Windows+NT+10.0;+WOW64)+AppleWebKit/537.36+(KHTML,+like+Gecko)+Chrome/55.0.2883.87+Safari/537.36 http://localhost:51722/Expense/AddTransactionToReport?ExpenseId=116 200 0 0 70
2017-01-27 11:35:39 ::1 GET /ExpenseDetail/GetCurrencyRate currencyId=168&transactionDate=1/27/2017 51722 - ::1 Mozilla/5.0+(Windows+NT+10.0;+WOW64)+AppleWebKit/537.36+(KHTML,+like+Gecko)+Chrome/55.0.2883.87+Safari/537.36 http://localhost:51722/Expense/AddTransactionToReport?ExpenseId=116 200 0 0 549
2017-01-27 11:35:39 ::1 GET /Expense/GetViolationReasonsList/ ExpenseTypeId=481 51722 - ::1 Mozilla/5.0+(Windows+NT+10.0;+WOW64)+AppleWebKit/537.36+(KHTML,+like+Gecko)+Chrome/55.0.2883.87+Safari/537.36 http://localhost:51722/Expense/AddTransactionToReport?ExpenseId=116 200 0 0 804
2017-01-27 11:35:39 ::1 GET /AjaxCall/GetReferenceList/ - 51722 - ::1 Mozilla/5.0+(Windows+NT+10.0;+WOW64)+AppleWebKit/537.36+(KHTML,+like+Gecko)+Chrome/55.0.2883.87+Safari/537.36 http://localhost:51722/Expense/AddTransactionToReport?ExpenseId=116 200 0 0 571
2017-01-27 11:35:39 ::1 GET /Expense/GetReceiptViolationReasonsList/ ExpenseTypeId=481 51722 - ::1 Mozilla/5.0+(Windows+NT+10.0;+WOW64)+AppleWebKit/537.36+(KHTML,+like+Gecko)+Chrome/55.0.2883.87+Safari/537.36 http://localhost:51722/Expense/AddTransactionToReport?ExpenseId=116 200 0 0 1134
2017-01-27 11:35:56 ::1 GET /Expense/AddNewTransaction ExpenseId=116 51722 - ::1 Mozilla/5.0+(Windows+NT+10.0;+WOW64)+AppleWebKit/537.36+(KHTML,+like+Gecko)+Chrome/55.0.2883.87+Safari/537.36 http://localhost:51722/Expense/AddTransactionToReport?ExpenseId=116 200 0 0 896
2017-01-27 11:37:24 ::1 POST /Expense/AddNewTransaction - 51722 - ::1 Mozilla/5.0+(Windows+NT+10.0;+WOW64)+AppleWebKit/537.36+(KHTML,+like+Gecko)+Chrome/55.0.2883.87+Safari/537.36 http://localhost:51722/Expense/AddTransactionToReport?ExpenseId=116 302 0 0 508
2017-01-27 11:37:26 ::1 GET /Expense/AddTransactionToReport ExpenseId=116 51722 - ::1 Mozilla/5.0+(Windows+NT+10.0;+WOW64)+AppleWebKit/537.36+(KHTML,+like+Gecko)+Chrome/55.0.2883.87+Safari/537.36 http://localhost:51722/Expense/AddTransactionToReport?ExpenseId=116 200 0 0 1772
2017-01-27 11:37:26 ::1 GET /__browserLink/requestData/49aee65c4da04254800b1553a42ce386 version=2 51722 - ::1 Mozilla/5.0+(Windows+NT+10.0;+WOW64)+AppleWebKit/537.36+(KHTML,+like+Gecko)+Chrome/55.0.2883.87+Safari/537.36 http://localhost:51722/Expense/AddTransactionToReport?ExpenseId=116 200 0 0 97
2017-01-27 11:37:26 ::1 GET /Expense/PrepareExpenseApprovalProgressBar/ ExpenseId=116&UserId=277&_=1485517046465 51722 - ::1 Mozilla/5.0+(Windows+NT+10.0;+WOW64)+AppleWebKit/537.36+(KHTML,+like+Gecko)+Chrome/55.0.2883.87+Safari/537.36 http://localhost:51722/Expense/AddTransactionToReport?ExpenseId=116 200 0 0 449
2017-01-27 11:37:26 ::1 GET /TravelType/IsSubTravelCashAdvanced TravelTypeId=17 51722 - ::1 Mozilla/5.0+(Windows+NT+10.0;+WOW64)+AppleWebKit/537.36+(KHTML,+like+Gecko)+Chrome/55.0.2883.87+Safari/537.36 http://localhost:51722/Expense/AddTransactionToReport?ExpenseId=116 200 0 0 561
2017-01-27 11:37:27 ::1 GET /Expense/GetTravelTypeHeaderMapping TravelTypeId=17 51722 - ::1 Mozilla/5.0+(Windows+NT+10.0;+WOW64)+AppleWebKit/537.36+(KHTML,+like+Gecko)+Chrome/55.0.2883.87+Safari/537.36 http://localhost:51722/Expense/AddTransactionToReport?ExpenseId=116 200 0 0 1087
2017-01-27 11:37:34 ::1 GET /Expense/UploadReceipt id=9614&_=1485517054314 51722 - ::1 Mozilla/5.0+(Windows+NT+10.0;+WOW64)+AppleWebKit/537.36+(KHTML,+like+Gecko)+Chrome/55.0.2883.87+Safari/537.36 http://localhost:51722/Expense/AddTransactionToReport?ExpenseId=116 200 0 0 113
2017-01-27 11:37:34 ::1 GET /Scripts/v2/jquery.validate.unobtrusive.js _=1485517054431 51722 - ::1 Mozilla/5.0+(Windows+NT+10.0;+WOW64)+AppleWebKit/537.36+(KHTML,+like+Gecko)+Chrome/55.0.2883.87+Safari/537.36 http://localhost:51722/Expense/AddTransactionToReport?ExpenseId=116 200 0 0 10
2017-01-27 11:37:43 ::1 POST /Expense/UploadReceipt/9614 - 51722 - ::1 Mozilla/5.0+(Windows+NT+10.0;+WOW64)+AppleWebKit/537.36+(KHTML,+like+Gecko)+Chrome/55.0.2883.87+Safari/537.36 http://localhost:51722/Expense/AddTransactionToReport?ExpenseId=116 302 0 0 1729
2017-01-27 11:37:44 ::1 GET /Expense/AddTransactionToReport ExpenseId=116 51722 - ::1 Mozilla/5.0+(Windows+NT+10.0;+WOW64)+AppleWebKit/537.36+(KHTML,+like+Gecko)+Chrome/55.0.2883.87+Safari/537.36 http://localhost:51722/Expense/AddTransactionToReport?ExpenseId=116 200 0 0 1762
2017-01-27 11:37:44 ::1 GET /TravelType/IsSubTravelCashAdvanced TravelTypeId=17 51722 - ::1 Mozilla/5.0+(Windows+NT+10.0;+WOW64)+AppleWebKit/537.36+(KHTML,+like+Gecko)+Chrome/55.0.2883.87+Safari/537.36 http://localhost:51722/Expense/AddTransactionToReport?ExpenseId=116 200 0 0 48
2017-01-27 11:37:44 ::1 GET /__browserLink/requestData/2fd69af456e348e19db151a224f281e5 version=2 51722 - ::1 Mozilla/5.0+(Windows+NT+10.0;+WOW64)+AppleWebKit/537.36+(KHTML,+like+Gecko)+Chrome/55.0.2883.87+Safari/537.36 http://localhost:51722/Expense/AddTransactionToReport?ExpenseId=116 200 0 0 21
2017-01-27 11:37:45 ::1 GET /Expense/PrepareExpenseApprovalProgressBar/ ExpenseId=116&UserId=277&_=1485517065075 51722 - ::1 Mozilla/5.0+(Windows+NT+10.0;+WOW64)+AppleWebKit/537.36+(KHTML,+like+Gecko)+Chrome/55.0.2883.87+Safari/537.36 http://localhost:51722/Expense/AddTransactionToReport?ExpenseId=116 200 0 0 796
2017-01-27 11:37:45 ::1 GET /Expense/GetTravelTypeHeaderMapping TravelTypeId=17 51722 - ::1 Mozilla/5.0+(Windows+NT+10.0;+WOW64)+AppleWebKit/537.36+(KHTML,+like+Gecko)+Chrome/55.0.2883.87+Safari/537.36 http://localhost:51722/Expense/AddTransactionToReport?ExpenseId=116 200 0 0 1076
#Software: Microsoft Internet Information Services 8.0
#Version: 1.0
#Date: 2017-01-27 11:39:08
#Fields: date time s-ip cs-method cs-uri-stem cs-uri-query s-port cs-username c-ip cs(User-Agent) cs(Referer) sc-status sc-substatus sc-win32-status time-taken
2017-01-27 11:39:08 ::1 GET / - 51722 - ::1 Mozilla/5.0+(Windows+NT+10.0;+WOW64)+AppleWebKit/537.36+(KHTML,+like+Gecko)+Chrome/55.0.2883.87+Safari/537.36 - 302 0 0 17981
2017-01-27 11:39:15 ::1 GET /User/LogOn - 51722 - ::1 Mozilla/5.0+(Windows+NT+10.0;+WOW64)+AppleWebKit/537.36+(KHTML,+like+Gecko)+Chrome/55.0.2883.87+Safari/537.36 - 200 0 0 7423
2017-01-27 11:39:15 ::1 GET /__browserLink/requestData/12e8f6a1d17248f49ad75b34c6e13352 version=2 51722 - ::1 Mozilla/5.0+(Windows+NT+10.0;+WOW64)+AppleWebKit/537.36+(KHTML,+like+Gecko)+Chrome/55.0.2883.87+Safari/537.36 http://localhost:51722/User/LogOn 200 0 0 25
2017-01-27 11:39:56 ::1 POST /User/LogOn - 51722 - ::1 Mozilla/5.0+(Windows+NT+10.0;+WOW64)+AppleWebKit/537.36+(KHTML,+like+Gecko)+Chrome/55.0.2883.87+Safari/537.36 http://localhost:51722/User/LogOn 302 0 0 4933
2017-01-27 11:40:10 ::1 GET / - 51722 - ::1 Mozilla/5.0+(Windows+NT+10.0;+WOW64)+AppleWebKit/537.36+(KHTML,+like+Gecko)+Chrome/55.0.2883.87+Safari/537.36 http://localhost:51722/User/LogOn 200 0 0 13128
2017-01-27 11:40:10 ::1 GET /__browserLink/requestData/9ef14fee3a76432d9c36f34a87a461a9 version=2 51722 - ::1 Mozilla/5.0+(Windows+NT+10.0;+WOW64)+AppleWebKit/537.36+(KHTML,+like+Gecko)+Chrome/55.0.2883.87+Safari/537.36 http://localhost:51722/ 200 0 0 9
2017-01-27 11:41:44 ::1 GET /Expense/Create - 51722 - ::1 Mozilla/5.0+(Windows+NT+10.0;+WOW64)+AppleWebKit/537.36+(KHTML,+like+Gecko)+Chrome/55.0.2883.87+Safari/537.36 http://localhost:51722/ 200 0 0 1075
2017-01-27 11:41:44 ::1 GET /TravelType/IsSubTravelCashAdvanced TravelTypeId=17 51722 - ::1 Mozilla/5.0+(Windows+NT+10.0;+WOW64)+AppleWebKit/537.36+(KHTML,+like+Gecko)+Chrome/55.0.2883.87+Safari/537.36 http://localhost:51722/Expense/Create 200 0 0 215
2017-01-27 11:41:44 ::1 GET /__browserLink/requestData/64ba8f1ea2dc43d1aa71bb810f96ea95 version=2 51722 - ::1 Mozilla/5.0+(Windows+NT+10.0;+WOW64)+AppleWebKit/537.36+(KHTML,+like+Gecko)+Chrome/55.0.2883.87+Safari/537.36 http://localhost:51722/Expense/Create 200 0 0 19
2017-01-27 11:41:44 ::1 GET /Expense/GetTravelTypeHeaderMapping TravelTypeId=17 51722 - ::1 Mozilla/5.0+(Windows+NT+10.0;+WOW64)+AppleWebKit/537.36+(KHTML,+like+Gecko)+Chrome/55.0.2883.87+Safari/537.36 http://localhost:51722/Expense/Create 200 0 0 542
2017-01-27 11:42:00 ::1 POST /Expense/Create - 51722 - ::1 Mozilla/5.0+(Windows+NT+10.0;+WOW64)+AppleWebKit/537.36+(KHTML,+like+Gecko)+Chrome/55.0.2883.87+Safari/537.36 http://localhost:51722/Expense/Create 302 0 0 428
2017-01-27 11:42:02 ::1 GET /Expense/AddTransactionToReport ExpenseId=121 51722 - ::1 Mozilla/5.0+(Windows+NT+10.0;+WOW64)+AppleWebKit/537.36+(KHTML,+like+Gecko)+Chrome/55.0.2883.87+Safari/537.36 http://localhost:51722/Expense/Create 200 0 0 2326
2017-01-27 11:42:02 ::1 GET /TravelType/IsSubTravelCashAdvanced TravelTypeId=17 51722 - ::1 Mozilla/5.0+(Windows+NT+10.0;+WOW64)+AppleWebKit/537.36+(KHTML,+like+Gecko)+Chrome/55.0.2883.87+Safari/537.36 http://localhost:51722/Expense/AddTransactionToReport?ExpenseId=121 200 0 0 43
2017-01-27 11:42:02 ::1 GET /__browserLink/requestData/cb0f8fa9cbe040bd8c45f0da17f1da67 version=2 51722 - ::1 Mozilla/5.0+(Windows+NT+10.0;+WOW64)+AppleWebKit/537.36+(KHTML,+like+Gecko)+Chrome/55.0.2883.87+Safari/537.36 http://localhost:51722/Expense/AddTransactionToReport?ExpenseId=121 200 0 0 29
2017-01-27 11:42:02 ::1 GET /Expense/GetTravelTypeHeaderMapping TravelTypeId=17 51722 - ::1 Mozilla/5.0+(Windows+NT+10.0;+WOW64)+AppleWebKit/537.36+(KHTML,+like+Gecko)+Chrome/55.0.2883.87+Safari/537.36 http://localhost:51722/Expense/AddTransactionToReport?ExpenseId=121 200 0 0 535
2017-01-27 11:42:04 ::1 GET /Expense/PrepareExpenseApprovalProgressBar/ ExpenseId=121&UserId=277&_=1485517322619 51722 - ::1 Mozilla/5.0+(Windows+NT+10.0;+WOW64)+AppleWebKit/537.36+(KHTML,+like+Gecko)+Chrome/55.0.2883.87+Safari/537.36 http://localhost:51722/Expense/AddTransactionToReport?ExpenseId=121 200 0 0 1621
2017-01-27 11:43:20 ::1 GET /Expense/AddNewTransaction ExpenseId=121 51722 - ::1 Mozilla/5.0+(Windows+NT+10.0;+WOW64)+AppleWebKit/537.36+(KHTML,+like+Gecko)+Chrome/55.0.2883.87+Safari/537.36 http://localhost:51722/Expense/AddTransactionToReport?ExpenseId=121 200 0 0 5122
2017-01-27 11:43:20 ::1 GET /PayMethod/GetPayMethodIsReimbursable MethodId=2 51722 - ::1 Mozilla/5.0+(Windows+NT+10.0;+WOW64)+AppleWebKit/537.36+(KHTML,+like+Gecko)+Chrome/55.0.2883.87+Safari/537.36 http://localhost:51722/Expense/AddTransactionToReport?ExpenseId=121 200 0 0 77
2017-01-27 11:43:20 ::1 GET /User/GetEmployees - 51722 - ::1 Mozilla/5.0+(Windows+NT+10.0;+WOW64)+AppleWebKit/537.36+(KHTML,+like+Gecko)+Chrome/55.0.2883.87+Safari/537.36 http://localhost:51722/Expense/AddTransactionToReport?ExpenseId=121 200 0 0 686
2017-01-27 11:43:27 ::1 GET /Expense/GetReceiptViolationReasonsList/ ExpenseTypeId=481 51722 - ::1 Mozilla/5.0+(Windows+NT+10.0;+WOW64)+AppleWebKit/537.36+(KHTML,+like+Gecko)+Chrome/55.0.2883.87+Safari/537.36 http://localhost:51722/Expense/AddTransactionToReport?ExpenseId=121 200 0 0 168
2017-01-27 11:43:27 ::1 GET /ExpenseDetail/GetExpenseTypePolicyAmount ExpenseTypeId=481 51722 - ::1 Mozilla/5.0+(Windows+NT+10.0;+WOW64)+AppleWebKit/537.36+(KHTML,+like+Gecko)+Chrome/55.0.2883.87+Safari/537.36 http://localhost:51722/Expense/AddTransactionToReport?ExpenseId=121 200 0 0 624
2017-01-27 11:43:27 ::1 GET /ExpenseDetail/GetCurrencyRate currencyId=168&transactionDate=1/27/2017 51722 - ::1 Mozilla/5.0+(Windows+NT+10.0;+WOW64)+AppleWebKit/537.36+(KHTML,+like+Gecko)+Chrome/55.0.2883.87+Safari/537.36 http://localhost:51722/Expense/AddTransactionToReport?ExpenseId=121 200 0 0 31
2017-01-27 11:43:28 ::1 GET /AjaxCall/FindAndApplyCodeCombinationRule/ ProjectId=undefined&ExpenseTypeId=481&ExpenseDate=1/27/2017 51722 - ::1 Mozilla/5.0+(Windows+NT+10.0;+WOW64)+AppleWebKit/537.36+(KHTML,+like+Gecko)+Chrome/55.0.2883.87+Safari/537.36 http://localhost:51722/Expense/AddTransactionToReport?ExpenseId=121 200 0 0 1520
2017-01-27 11:43:28 ::1 GET /AjaxCall/GetBusinessActivityList/ - 51722 - ::1 Mozilla/5.0+(Windows+NT+10.0;+WOW64)+AppleWebKit/537.36+(KHTML,+like+Gecko)+Chrome/55.0.2883.87+Safari/537.36 http://localhost:51722/Expense/AddTransactionToReport?ExpenseId=121 200 0 0 92
2017-01-27 11:43:28 ::1 GET /AjaxCall/GetReferenceList/ - 51722 - ::1 Mozilla/5.0+(Windows+NT+10.0;+WOW64)+AppleWebKit/537.36+(KHTML,+like+Gecko)+Chrome/55.0.2883.87+Safari/537.36 http://localhost:51722/Expense/AddTransactionToReport?ExpenseId=121 200 0 0 577
2017-01-27 11:43:29 ::1 GET /Expense/GetViolationReasonsList/ ExpenseTypeId=481 51722 - ::1 Mozilla/5.0+(Windows+NT+10.0;+WOW64)+AppleWebKit/537.36+(KHTML,+like+Gecko)+Chrome/55.0.2883.87+Safari/537.36 http://localhost:51722/Expense/AddTransactionToReport?ExpenseId=121 200 0 0 2601
2017-01-27 11:43:41 ::1 POST /Expense/AddNewTransaction - 51722 - ::1 Mozilla/5.0+(Windows+NT+10.0;+WOW64)+AppleWebKit/537.36+(KHTML,+like+Gecko)+Chrome/55.0.2883.87+Safari/537.36 http://localhost:51722/Expense/AddTransactionToReport?ExpenseId=121 302 0 0 2059
2017-01-27 11:43:43 ::1 GET /Expense/AddTransactionToReport ExpenseId=121 51722 - ::1 Mozilla/5.0+(Windows+NT+10.0;+WOW64)+AppleWebKit/537.36+(KHTML,+like+Gecko)+Chrome/55.0.2883.87+Safari/537.36 http://localhost:51722/Expense/AddTransactionToReport?ExpenseId=121 200 0 0 1727
2017-01-27 11:43:43 ::1 GET /TravelType/IsSubTravelCashAdvanced TravelTypeId=17 51722 - ::1 Mozilla/5.0+(Windows+NT+10.0;+WOW64)+AppleWebKit/537.36+(KHTML,+like+Gecko)+Chrome/55.0.2883.87+Safari/537.36 http://localhost:51722/Expense/AddTransactionToReport?ExpenseId=121 200 0 0 87
2017-01-27 11:43:43 ::1 GET /__browserLink/requestData/8ebc896dec894614a791e69a64b2dd63 version=2 51722 - ::1 Mozilla/5.0+(Windows+NT+10.0;+WOW64)+AppleWebKit/537.36+(KHTML,+like+Gecko)+Chrome/55.0.2883.87+Safari/537.36 http://localhost:51722/Expense/AddTransactionToReport?ExpenseId=121 200 0 0 18
2017-01-27 11:43:44 ::1 GET /Expense/PrepareExpenseApprovalProgressBar/ ExpenseId=121&UserId=277&_=1485517423969 51722 - ::1 Mozilla/5.0+(Windows+NT+10.0;+WOW64)+AppleWebKit/537.36+(KHTML,+like+Gecko)+Chrome/55.0.2883.87+Safari/537.36 http://localhost:51722/Expense/AddTransactionToReport?ExpenseId=121 200 0 0 811
2017-01-27 11:43:44 ::1 GET /Expense/GetTravelTypeHeaderMapping TravelTypeId=17 51722 - ::1 Mozilla/5.0+(Windows+NT+10.0;+WOW64)+AppleWebKit/537.36+(KHTML,+like+Gecko)+Chrome/55.0.2883.87+Safari/537.36 http://localhost:51722/Expense/AddTransactionToReport?ExpenseId=121 200 0 0 1111
2017-01-27 11:44:08 ::1 GET /ExpenseDetail/DisplayReceipt ExpenseDetailId=9615 51722 - ::1 Mozilla/5.0+(Windows+NT+10.0;+WOW64)+AppleWebKit/537.36+(KHTML,+like+Gecko)+Chrome/55.0.2883.87+Safari/537.36 http://localhost:51722/Expense/AddTransactionToReport?ExpenseId=121 200 0 0 447
2017-01-27 11:45:04 ::1 POST /Expense/AddTransactionToReport/121 - 51722 - ::1 Mozilla/5.0+(Windows+NT+10.0;+WOW64)+AppleWebKit/537.36+(KHTML,+like+Gecko)+Chrome/55.0.2883.87+Safari/537.36 http://localhost:51722/Expense/AddTransactionToReport?ExpenseId=121 200 0 0 2623
2017-01-27 11:45:04 ::1 GET /TravelType/IsSubTravelCashAdvanced TravelTypeId=17 51722 - ::1 Mozilla/5.0+(Windows+NT+10.0;+WOW64)+AppleWebKit/537.36+(KHTML,+like+Gecko)+Chrome/55.0.2883.87+Safari/537.36 http://localhost:51722/Expense/AddTransactionToReport/121 200 0 0 52
2017-01-27 11:45:04 ::1 GET /__browserLink/requestData/4ee27be580ea4947ad8bd8e7271662f9 version=2 51722 - ::1 Mozilla/5.0+(Windows+NT+10.0;+WOW64)+AppleWebKit/537.36+(KHTML,+like+Gecko)+Chrome/55.0.2883.87+Safari/537.36 http://localhost:51722/Expense/AddTransactionToReport/121 200 0 0 19
2017-01-27 11:45:04 ::1 GET /Expense/PrepareExpenseApprovalProgressBar/ ExpenseId=121&UserId=277&_=1485517504223 51722 - ::1 Mozilla/5.0+(Windows+NT+10.0;+WOW64)+AppleWebKit/537.36+(KHTML,+like+Gecko)+Chrome/55.0.2883.87+Safari/537.36 http://localhost:51722/Expense/AddTransactionToReport/121 200 0 0 775
2017-01-27 11:45:05 ::1 GET /Expense/GetTravelTypeHeaderMapping TravelTypeId=17 51722 - ::1 Mozilla/5.0+(Windows+NT+10.0;+WOW64)+AppleWebKit/537.36+(KHTML,+like+Gecko)+Chrome/55.0.2883.87+Safari/537.36 http://localhost:51722/Expense/AddTransactionToReport/121 200 0 0 1032
2017-01-27 11:45:08 ::1 GET /ExpenseDetail/DisplayReceipt ExpenseDetailId=9615&_=1485517508064 51722 - ::1 Mozilla/5.0+(Windows+NT+10.0;+WOW64)+AppleWebKit/537.36+(KHTML,+like+Gecko)+Chrome/55.0.2883.87+Safari/537.36 http://localhost:51722/Expense/AddTransactionToReport/121 200 0 0 102
2017-01-27 11:45:08 ::1 GET /Scripts/displayreceipt-js v=2AlxdAYRlyg_4qrIwaOxfz6Y81AbcAqGH-bMVM7WxRg1&_=1485517508186 51722 - ::1 Mozilla/5.0+(Windows+NT+10.0;+WOW64)+AppleWebKit/537.36+(KHTML,+like+Gecko)+Chrome/55.0.2883.87+Safari/537.36 http://localhost:51722/Expense/AddTransactionToReport/121 200 0 0 46
2017-01-27 11:45:14 ::1 GET /ExpenseDetail/PartialEdit id=9615&ExpenseId=121&_=1485517513720 51722 - ::1 Mozilla/5.0+(Windows+NT+10.0;+WOW64)+AppleWebKit/537.36+(KHTML,+like+Gecko)+Chrome/55.0.2883.87+Safari/537.36 http://localhost:51722/Expense/AddTransactionToReport/121 200 0 0 1101
2017-01-27 11:45:14 ::1 GET /Scripts/v2/jquery.validate.unobtrusive.js _=1485517514835 51722 - ::1 Mozilla/5.0+(Windows+NT+10.0;+WOW64)+AppleWebKit/537.36+(KHTML,+like+Gecko)+Chrome/55.0.2883.87+Safari/537.36 http://localhost:51722/Expense/AddTransactionToReport/121 200 0 0 14
2017-01-27 11:45:14 ::1 GET /Scripts/chosen/chosen.jquery.js _=1485517514873 51722 - ::1 Mozilla/5.0+(Windows+NT+10.0;+WOW64)+AppleWebKit/537.36+(KHTML,+like+Gecko)+Chrome/55.0.2883.87+Safari/537.36 http://localhost:51722/Expense/AddTransactionToReport/121 200 0 0 10
2017-01-27 11:45:14 ::1 GET /ExpenseDetail/GetMileageRate transactionDate=1/27/2017&UserId=277&_=1485517514895 51722 - ::1 Mozilla/5.0+(Windows+NT+10.0;+WOW64)+AppleWebKit/537.36+(KHTML,+like+Gecko)+Chrome/55.0.2883.87+Safari/537.36 http://localhost:51722/Expense/AddTransactionToReport/121 200 0 0 71
2017-01-27 11:45:14 ::1 GET /AjaxCall/GetApproverList/ ProjectId=null&_=1485517515000 51722 - ::1 Mozilla/5.0+(Windows+NT+10.0;+WOW64)+AppleWebKit/537.36+(KHTML,+like+Gecko)+Chrome/55.0.2883.87+Safari/537.36 http://localhost:51722/Expense/AddTransactionToReport/121 200 0 0 101
2017-01-27 11:45:18 ::1 GET /ExpenseDetail/GetMileageRate transactionDate=1/26/2017&UserId=277&_=1485517518638 51722 - ::1 Mozilla/5.0+(Windows+NT+10.0;+WOW64)+AppleWebKit/537.36+(KHTML,+like+Gecko)+Chrome/55.0.2883.87+Safari/537.36 http://localhost:51722/Expense/AddTransactionToReport/121 200 0 0 41
2017-01-27 11:45:18 ::1 GET /ExpenseDetail/GetCurrencyRate currencyId=168&transactionDate=1/26/2017&_=1485517518683 51722 - ::1 Mozilla/5.0+(Windows+NT+10.0;+WOW64)+AppleWebKit/537.36+(KHTML,+like+Gecko)+Chrome/55.0.2883.87+Safari/537.36 http://localhost:51722/Expense/AddTransactionToReport/121 200 0 0 48
2017-01-27 11:45:20 ::1 POST /ExpenseDetail/PartialEdit - 51722 - ::1 Mozilla/5.0+(Windows+NT+10.0;+WOW64)+AppleWebKit/537.36+(KHTML,+like+Gecko)+Chrome/55.0.2883.87+Safari/537.36 http://localhost:51722/Expense/AddTransactionToReport/121 302 0 0 269
2017-01-27 11:45:22 ::1 GET /Expense/AddTransactionToReport ExpenseId=121 51722 - ::1 Mozilla/5.0+(Windows+NT+10.0;+WOW64)+AppleWebKit/537.36+(KHTML,+like+Gecko)+Chrome/55.0.2883.87+Safari/537.36 http://localhost:51722/Expense/AddTransactionToReport/121 200 0 0 1719
2017-01-27 11:45:24 ::1 GET /Expense/GetTravelTypeHeaderMapping TravelTypeId=17 51722 - ::1 Mozilla/5.0+(Windows+NT+10.0;+WOW64)+AppleWebKit/537.36+(KHTML,+like+Gecko)+Chrome/55.0.2883.87+Safari/537.36 http://localhost:51722/Expense/AddTransactionToReport?ExpenseId=121 200 0 0 60
2017-01-27 11:45:24 ::1 GET /__browserLink/requestData/966bd8cd905949c3a462671411cd76cd version=2 51722 - ::1 Mozilla/5.0+(Windows+NT+10.0;+WOW64)+AppleWebKit/537.36+(KHTML,+like+Gecko)+Chrome/55.0.2883.87+Safari/537.36 http://localhost:51722/Expense/AddTransactionToReport?ExpenseId=121 200 0 0 17
2017-01-27 11:45:24 ::1 GET /TravelType/IsSubTravelCashAdvanced TravelTypeId=17 51722 - ::1 Mozilla/5.0+(Windows+NT+10.0;+WOW64)+AppleWebKit/537.36+(KHTML,+like+Gecko)+Chrome/55.0.2883.87+Safari/537.36 http://localhost:51722/Expense/AddTransactionToReport?ExpenseId=121 200 0 0 572
2017-01-27 11:45:25 ::1 GET /Expense/PrepareExpenseApprovalProgressBar/ ExpenseId=121&UserId=277&_=1485517524582 51722 - ::1 Mozilla/5.0+(Windows+NT+10.0;+WOW64)+AppleWebKit/537.36+(KHTML,+like+Gecko)+Chrome/55.0.2883.87+Safari/537.36 http://localhost:51722/Expense/AddTransactionToReport?ExpenseId=121 200 0 0 1253
2017-01-27 11:45:35 ::1 POST /Expense/AddTransactionToReport/121 - 51722 - ::1 Mozilla/5.0+(Windows+NT+10.0;+WOW64)+AppleWebKit/537.36+(KHTML,+like+Gecko)+Chrome/55.0.2883.87+Safari/537.36 http://localhost:51722/Expense/AddTransactionToReport?ExpenseId=121 200 0 0 1696
2017-01-27 11:45:35 ::1 GET /TravelType/IsSubTravelCashAdvanced TravelTypeId=17 51722 - ::1 Mozilla/5.0+(Windows+NT+10.0;+WOW64)+AppleWebKit/537.36+(KHTML,+like+Gecko)+Chrome/55.0.2883.87+Safari/537.36 http://localhost:51722/Expense/AddTransactionToReport/121 200 0 0 73
2017-01-27 11:45:35 ::1 GET /__browserLink/requestData/d6c316560fc441cb98adaeacf123c5c1 version=2 51722 - ::1 Mozilla/5.0+(Windows+NT+10.0;+WOW64)+AppleWebKit/537.36+(KHTML,+like+Gecko)+Chrome/55.0.2883.87+Safari/537.36 http://localhost:51722/Expense/AddTransactionToReport/121 200 0 0 17
2017-01-27 11:45:35 ::1 GET /Expense/GetTravelTypeHeaderMapping TravelTypeId=17 51722 - ::1 Mozilla/5.0+(Windows+NT+10.0;+WOW64)+AppleWebKit/537.36+(KHTML,+like+Gecko)+Chrome/55.0.2883.87+Safari/537.36 http://localhost:51722/Expense/AddTransactionToReport/121 200 0 0 527
2017-01-27 11:45:37 ::1 GET /Expense/PrepareExpenseApprovalProgressBar/ ExpenseId=121&UserId=277&_=1485517535754 51722 - ::1 Mozilla/5.0+(Windows+NT+10.0;+WOW64)+AppleWebKit/537.36+(KHTML,+like+Gecko)+Chrome/55.0.2883.87+Safari/537.36 http://localhost:51722/Expense/AddTransactionToReport/121 200 0 0 1265
2017-01-27 11:45:45 ::1 POST /Expense/AddTransactionToReport/121 - 51722 - ::1 Mozilla/5.0+(Windows+NT+10.0;+WOW64)+AppleWebKit/537.36+(KHTML,+like+Gecko)+Chrome/55.0.2883.87+Safari/537.36 http://localhost:51722/Expense/AddTransactionToReport/121 302 0 0 5203
2017-01-27 11:45:47 ::1 GET /Expense/ViewMyExpense/121 - 51722 - ::1 Mozilla/5.0+(Windows+NT+10.0;+WOW64)+AppleWebKit/537.36+(KHTML,+like+Gecko)+Chrome/55.0.2883.87+Safari/537.36 http://localhost:51722/Expense/AddTransactionToReport/121 200 0 0 1428
2017-01-27 11:45:47 ::1 GET /Expense/GetTravelTypeHeaderMapping TravelTypeId=17 51722 - ::1 Mozilla/5.0+(Windows+NT+10.0;+WOW64)+AppleWebKit/537.36+(KHTML,+like+Gecko)+Chrome/55.0.2883.87+Safari/537.36 http://localhost:51722/Expense/ViewMyExpense/121 200 0 0 32
2017-01-27 11:45:47 ::1 GET /__browserLink/requestData/f4ab65be3cca469aaf623a19425a16e0 version=2 51722 - ::1 Mozilla/5.0+(Windows+NT+10.0;+WOW64)+AppleWebKit/537.36+(KHTML,+like+Gecko)+Chrome/55.0.2883.87+Safari/537.36 http://localhost:51722/Expense/ViewMyExpense/121 200 0 0 11
2017-01-27 11:45:47 ::1 GET /Expense/PrepareExpenseApprovalProgressBar/ ExpenseId=121&UserId=277&_=1485517547261 51722 - ::1 Mozilla/5.0+(Windows+NT+10.0;+WOW64)+AppleWebKit/537.36+(KHTML,+like+Gecko)+Chrome/55.0.2883.87+Safari/537.36 http://localhost:51722/Expense/ViewMyExpense/121 200 0 0 798
2017-01-27 11:45:54 ::1 GET /Expense/ExpensePdfPreview/121 - 51722 - ::1 Mozilla/5.0+(Windows+NT+10.0;+WOW64)+AppleWebKit/537.36+(KHTML,+like+Gecko)+Chrome/55.0.2883.87+Safari/537.36 http://localhost:51722/Expense/ViewMyExpense/121 200 0 0 3249
2017-01-27 11:46:10 ::1 GET /User/LogOff - 51722 - ::1 Mozilla/5.0+(Windows+NT+10.0;+WOW64)+AppleWebKit/537.36+(KHTML,+like+Gecko)+Chrome/55.0.2883.87+Safari/537.36 http://localhost:51722/Expense/ViewMyExpense/121 302 0 0 28
2017-01-27 11:46:10 ::1 GET / - 51722 - ::1 Mozilla/5.0+(Windows+NT+10.0;+WOW64)+AppleWebKit/537.36+(KHTML,+like+Gecko)+Chrome/55.0.2883.87+Safari/537.36 http://localhost:51722/Expense/ViewMyExpense/121 302 0 0 13
2017-01-27 11:46:10 ::1 GET /User/LogOn - 51722 - ::1 Mozilla/5.0+(Windows+NT+10.0;+WOW64)+AppleWebKit/537.36+(KHTML,+like+Gecko)+Chrome/55.0.2883.87+Safari/537.36 http://localhost:51722/Expense/ViewMyExpense/121 200 0 0 89
2017-01-27 11:46:10 ::1 GET /__browserLink/requestData/9912141d39094b71818780d50b6bd9d7 version=2 51722 - ::1 Mozilla/5.0+(Windows+NT+10.0;+WOW64)+AppleWebKit/537.36+(KHTML,+like+Gecko)+Chrome/55.0.2883.87+Safari/537.36 http://localhost:51722/User/LogOn 200 0 0 7
2017-01-27 11:46:17 ::1 POST /User/LogOn - 51722 - ::1 Mozilla/5.0+(Windows+NT+10.0;+WOW64)+AppleWebKit/537.36+(KHTML,+like+Gecko)+Chrome/55.0.2883.87+Safari/537.36 http://localhost:51722/User/LogOn 302 0 0 345
2017-01-27 11:46:17 ::1 GET / - 51722 - ::1 Mozilla/5.0+(Windows+NT+10.0;+WOW64)+AppleWebKit/537.36+(KHTML,+like+Gecko)+Chrome/55.0.2883.87+Safari/537.36 http://localhost:51722/User/LogOn 200 0 0 986
2017-01-27 11:46:18 ::1 GET /__browserLink/requestData/f5b085ce6be74e43832859ee22ff4d82 version=2 51722 - ::1 Mozilla/5.0+(Windows+NT+10.0;+WOW64)+AppleWebKit/537.36+(KHTML,+like+Gecko)+Chrome/55.0.2883.87+Safari/537.36 http://localhost:51722/ 200 0 0 7
2017-01-27 11:46:27 ::1 GET /Expense/ReviewExpense ExpenseId=121 51722 - ::1 Mozilla/5.0+(Windows+NT+10.0;+WOW64)+AppleWebKit/537.36+(KHTML,+like+Gecko)+Chrome/55.0.2883.87+Safari/537.36 http://localhost:51722/ 200 0 0 4513
2017-01-27 11:46:27 ::1 GET /__browserLink/requestData/e2caab78b58a4f5c81a10c7bed04459a version=2 51722 - ::1 Mozilla/5.0+(Windows+NT+10.0;+WOW64)+AppleWebKit/537.36+(KHTML,+like+Gecko)+Chrome/55.0.2883.87+Safari/537.36 http://localhost:51722/Expense/ReviewExpense?ExpenseId=121 200 0 0 34
2017-01-27 11:46:27 ::1 GET /Expense/PrepareExpenseApprovalProgressBar/ ExpenseId=121&UserId=277&_=1485517587582 51722 - ::1 Mozilla/5.0+(Windows+NT+10.0;+WOW64)+AppleWebKit/537.36+(KHTML,+like+Gecko)+Chrome/55.0.2883.87+Safari/537.36 http://localhost:51722/Expense/ReviewExpense?ExpenseId=121 200 0 0 409
2017-01-27 11:46:36 ::1 POST /Expense/ReviewExpense - 51722 - ::1 Mozilla/5.0+(Windows+NT+10.0;+WOW64)+AppleWebKit/537.36+(KHTML,+like+Gecko)+Chrome/55.0.2883.87+Safari/537.36 http://localhost:51722/Expense/ReviewExpense?ExpenseId=121 302 0 0 6939
2017-01-27 11:46:38 ::1 GET /Expense/ViewMyReviewExpense ExpenseId=121&ManagerId=278 51722 - ::1 Mozilla/5.0+(Windows+NT+10.0;+WOW64)+AppleWebKit/537.36+(KHTML,+like+Gecko)+Chrome/55.0.2883.87+Safari/537.36 http://localhost:51722/Expense/ReviewExpense?ExpenseId=121 200 0 0 1395
2017-01-27 11:46:38 ::1 GET /Expense/GetTravelTypeHeaderMapping TravelTypeId=17 51722 - ::1 Mozilla/5.0+(Windows+NT+10.0;+WOW64)+AppleWebKit/537.36+(KHTML,+like+Gecko)+Chrome/55.0.2883.87+Safari/537.36 http://localhost:51722/Expense/ViewMyReviewExpense?ExpenseId=121&ManagerId=278 200 0 0 55
2017-01-27 11:46:38 ::1 GET /__browserLink/requestData/1182a3ce6ccd4811aee244fd2a199242 version=2 51722 - ::1 Mozilla/5.0+(Windows+NT+10.0;+WOW64)+AppleWebKit/537.36+(KHTML,+like+Gecko)+Chrome/55.0.2883.87+Safari/537.36 http://localhost:51722/Expense/ViewMyReviewExpense?ExpenseId=121&ManagerId=278 200 0 0 14
2017-01-27 11:46:38 ::1 GET /Expense/PrepareExpenseApprovalProgressBar/ ExpenseId=121&UserId=277&_=1485517598431 51722 - ::1 Mozilla/5.0+(Windows+NT+10.0;+WOW64)+AppleWebKit/537.36+(KHTML,+like+Gecko)+Chrome/55.0.2883.87+Safari/537.36 http://localhost:51722/Expense/ViewMyReviewExpense?ExpenseId=121&ManagerId=278 200 0 0 773
2017-01-27 11:48:28 ::1 GET /Expense/ExpensePdfPreview/121 - 51722 - ::1 Mozilla/5.0+(Windows+NT+10.0;+WOW64)+AppleWebKit/537.36+(KHTML,+like+Gecko)+Chrome/55.0.2883.87+Safari/537.36 http://localhost:51722/Expense/ViewMyReviewExpense?ExpenseId=121&ManagerId=278 200 0 0 1968
2017-01-27 11:48:35 ::1 GET /ExpenseDetail/DisplayReceipt ExpenseDetailId=9615 51722 - ::1 Mozilla/5.0+(Windows+NT+10.0;+WOW64)+AppleWebKit/537.36+(KHTML,+like+Gecko)+Chrome/55.0.2883.87+Safari/537.36 http://localhost:51722/Expense/ViewMyReviewExpense?ExpenseId=121&ManagerId=278 200 0 0 98
2017-01-27 11:48:53 ::1 GET / - 51722 - ::1 Mozilla/5.0+(Windows+NT+10.0;+WOW64)+AppleWebKit/537.36+(KHTML,+like+Gecko)+Chrome/55.0.2883.87+Safari/537.36 http://localhost:51722/Expense/ViewMyReviewExpense?ExpenseId=121&ManagerId=278 200 0 0 685
2017-01-27 11:48:53 ::1 GET /__browserLink/requestData/f0a387009497498dba0e02c5a0fff9bc version=2 51722 - ::1 Mozilla/5.0+(Windows+NT+10.0;+WOW64)+AppleWebKit/537.36+(KHTML,+like+Gecko)+Chrome/55.0.2883.87+Safari/537.36 http://localhost:51722/ 200 0 0 9
2017-01-27 11:48:56 ::1 GET /User/LogOff - 51722 - ::1 Mozilla/5.0+(Windows+NT+10.0;+WOW64)+AppleWebKit/537.36+(KHTML,+like+Gecko)+Chrome/55.0.2883.87+Safari/537.36 http://localhost:51722/ 302 0 0 19
2017-01-27 11:48:56 ::1 GET / - 51722 - ::1 Mozilla/5.0+(Windows+NT+10.0;+WOW64)+AppleWebKit/537.36+(KHTML,+like+Gecko)+Chrome/55.0.2883.87+Safari/537.36 http://localhost:51722/ 302 0 0 19
2017-01-27 11:48:56 ::1 GET /User/LogOn - 51722 - ::1 Mozilla/5.0+(Windows+NT+10.0;+WOW64)+AppleWebKit/537.36+(KHTML,+like+Gecko)+Chrome/55.0.2883.87+Safari/537.36 http://localhost:51722/ 200 0 0 89
2017-01-27 11:48:56 ::1 GET /__browserLink/requestData/8cbf00cbb6904982bc8329a9887bd4a5 version=2 51722 - ::1 Mozilla/5.0+(Windows+NT+10.0;+WOW64)+AppleWebKit/537.36+(KHTML,+like+Gecko)+Chrome/55.0.2883.87+Safari/537.36 http://localhost:51722/User/LogOn 200 0 0 7
2017-01-27 11:49:05 ::1 POST /User/LogOn - 51722 - ::1 Mozilla/5.0+(Windows+NT+10.0;+WOW64)+AppleWebKit/537.36+(KHTML,+like+Gecko)+Chrome/55.0.2883.87+Safari/537.36 http://localhost:51722/User/LogOn 302 0 0 435
2017-01-27 11:49:06 ::1 GET / - 51722 - ::1 Mozilla/5.0+(Windows+NT+10.0;+WOW64)+AppleWebKit/537.36+(KHTML,+like+Gecko)+Chrome/55.0.2883.87+Safari/537.36 http://localhost:51722/User/LogOn 200 0 0 1030
2017-01-27 11:49:06 ::1 GET /__browserLink/requestData/cde522fd68d342c8b4b628877382f314 version=2 51722 - ::1 Mozilla/5.0+(Windows+NT+10.0;+WOW64)+AppleWebKit/537.36+(KHTML,+like+Gecko)+Chrome/55.0.2883.87+Safari/537.36 http://localhost:51722/ 200 0 0 9
2017-01-27 11:49:12 ::1 GET /Expense/AddTransactionToReport ExpenseId=116 51722 - ::1 Mozilla/5.0+(Windows+NT+10.0;+WOW64)+AppleWebKit/537.36+(KHTML,+like+Gecko)+Chrome/55.0.2883.87+Safari/537.36 http://localhost:51722/ 200 0 0 1911
2017-01-27 11:49:12 ::1 GET /TravelType/IsSubTravelCashAdvanced TravelTypeId=17 51722 - ::1 Mozilla/5.0+(Windows+NT+10.0;+WOW64)+AppleWebKit/537.36+(KHTML,+like+Gecko)+Chrome/55.0.2883.87+Safari/537.36 http://localhost:51722/Expense/AddTransactionToReport?ExpenseId=116 200 0 0 97
2017-01-27 11:49:12 ::1 GET /__browserLink/requestData/0a1b845e49ef4036bc1fd6ea6fa86d70 version=2 51722 - ::1 Mozilla/5.0+(Windows+NT+10.0;+WOW64)+AppleWebKit/537.36+(KHTML,+like+Gecko)+Chrome/55.0.2883.87+Safari/537.36 http://localhost:51722/Expense/AddTransactionToReport?ExpenseId=116 200 0 0 23
2017-01-27 11:49:12 ::1 GET /Expense/PrepareExpenseApprovalProgressBar/ ExpenseId=116&UserId=277&_=1485517752715 51722 - ::1 Mozilla/5.0+(Windows+NT+10.0;+WOW64)+AppleWebKit/537.36+(KHTML,+like+Gecko)+Chrome/55.0.2883.87+Safari/537.36 http://localhost:51722/Expense/AddTransactionToReport?ExpenseId=116 200 0 0 812
2017-01-27 11:49:13 ::1 GET /Expense/GetTravelTypeHeaderMapping TravelTypeId=17 51722 - ::1 Mozilla/5.0+(Windows+NT+10.0;+WOW64)+AppleWebKit/537.36+(KHTML,+like+Gecko)+Chrome/55.0.2883.87+Safari/537.36 http://localhost:51722/Expense/AddTransactionToReport?ExpenseId=116 200 0 0 1045
2017-01-27 11:49:20 ::1 GET /ExpenseDetail/PartialEdit id=9614&ExpenseId=116&_=1485517760024 51722 - ::1 Mozilla/5.0+(Windows+NT+10.0;+WOW64)+AppleWebKit/537.36+(KHTML,+like+Gecko)+Chrome/55.0.2883.87+Safari/537.36 http://localhost:51722/Expense/AddTransactionToReport?ExpenseId=116 200 0 0 817
2017-01-27 11:49:20 ::1 GET /Scripts/v2/jquery.validate.unobtrusive.js _=1485517760854 51722 - ::1 Mozilla/5.0+(Windows+NT+10.0;+WOW64)+AppleWebKit/537.36+(KHTML,+like+Gecko)+Chrome/55.0.2883.87+Safari/537.36 http://localhost:51722/Expense/AddTransactionToReport?ExpenseId=116 200 0 0 19
2017-01-27 11:49:20 ::1 GET /Scripts/chosen/chosen.jquery.js _=1485517760885 51722 - ::1 Mozilla/5.0+(Windows+NT+10.0;+WOW64)+AppleWebKit/537.36+(KHTML,+like+Gecko)+Chrome/55.0.2883.87+Safari/537.36 http://localhost:51722/Expense/AddTransactionToReport?ExpenseId=116 200 0 0 26
2017-01-27 11:49:20 ::1 GET /ExpenseDetail/GetMileageRate transactionDate=1/27/2017&UserId=277&_=1485517760920 51722 - ::1 Mozilla/5.0+(Windows+NT+10.0;+WOW64)+AppleWebKit/537.36+(KHTML,+like+Gecko)+Chrome/55.0.2883.87+Safari/537.36 http://localhost:51722/Expense/AddTransactionToReport?ExpenseId=116 200 0 0 39
2017-01-27 11:49:20 ::1 GET /PayMethod/GetPayMethodIsReimbursable MethodId=2&_=1485517760976 51722 - ::1 Mozilla/5.0+(Windows+NT+10.0;+WOW64)+AppleWebKit/537.36+(KHTML,+like+Gecko)+Chrome/55.0.2883.87+Safari/537.36 http://localhost:51722/Expense/AddTransactionToReport?ExpenseId=116 200 0 0 22
2017-01-27 11:49:20 ::1 GET /ExpenseDetail/GetExpenseTypePolicyAmount ExpenseTypeId=481&_=1485517760978 51722 - ::1 Mozilla/5.0+(Windows+NT+10.0;+WOW64)+AppleWebKit/537.36+(KHTML,+like+Gecko)+Chrome/55.0.2883.87+Safari/537.36 http://localhost:51722/Expense/AddTransactionToReport?ExpenseId=116 200 0 0 568
2017-01-27 11:49:20 ::1 GET /AjaxCall/GetApproverList/ ProjectId=null&_=1485517761556 51722 - ::1 Mozilla/5.0+(Windows+NT+10.0;+WOW64)+AppleWebKit/537.36+(KHTML,+like+Gecko)+Chrome/55.0.2883.87+Safari/537.36 http://localhost:51722/Expense/AddTransactionToReport?ExpenseId=116 200 0 0 91
2017-01-27 11:49:20 ::1 GET /User/GetEmployees _=1485517761653 51722 - ::1 Mozilla/5.0+(Windows+NT+10.0;+WOW64)+AppleWebKit/537.36+(KHTML,+like+Gecko)+Chrome/55.0.2883.87+Safari/537.36 http://localhost:51722/Expense/AddTransactionToReport?ExpenseId=116 200 0 0 131
2017-01-27 11:49:34 ::1 POST /ExpenseDetail/PartialEdit - 51722 - ::1 Mozilla/5.0+(Windows+NT+10.0;+WOW64)+AppleWebKit/537.36+(KHTML,+like+Gecko)+Chrome/55.0.2883.87+Safari/537.36 http://localhost:51722/Expense/AddTransactionToReport?ExpenseId=116 302 0 0 1675
2017-01-27 11:49:36 ::1 GET /Expense/AddTransactionToReport ExpenseId=116 51722 - ::1 Mozilla/5.0+(Windows+NT+10.0;+WOW64)+AppleWebKit/537.36+(KHTML,+like+Gecko)+Chrome/55.0.2883.87+Safari/537.36 http://localhost:51722/Expense/AddTransactionToReport?ExpenseId=116 200 0 0 1763
2017-01-27 11:49:36 ::1 GET /TravelType/IsSubTravelCashAdvanced TravelTypeId=17 51722 - ::1 Mozilla/5.0+(Windows+NT+10.0;+WOW64)+AppleWebKit/537.36+(KHTML,+like+Gecko)+Chrome/55.0.2883.87+Safari/537.36 http://localhost:51722/Expense/AddTransactionToReport?ExpenseId=116 200 0 0 72
2017-01-27 11:49:36 ::1 GET /__browserLink/requestData/f36efdba19cc412aba85b1a8afa84d37 version=2 51722 - ::1 Mozilla/5.0+(Windows+NT+10.0;+WOW64)+AppleWebKit/537.36+(KHTML,+like+Gecko)+Chrome/55.0.2883.87+Safari/537.36 http://localhost:51722/Expense/AddTransactionToReport?ExpenseId=116 200 0 0 17
2017-01-27 11:49:36 ::1 GET /Expense/GetTravelTypeHeaderMapping TravelTypeId=17 51722 - ::1 Mozilla/5.0+(Windows+NT+10.0;+WOW64)+AppleWebKit/537.36+(KHTML,+like+Gecko)+Chrome/55.0.2883.87+Safari/537.36 http://localhost:51722/Expense/AddTransactionToReport?ExpenseId=116 200 0 0 541
2017-01-27 11:49:37 ::1 GET /Expense/PrepareExpenseApprovalProgressBar/ ExpenseId=116&UserId=277&_=1485517776656 51722 - ::1 Mozilla/5.0+(Windows+NT+10.0;+WOW64)+AppleWebKit/537.36+(KHTML,+like+Gecko)+Chrome/55.0.2883.87+Safari/537.36 http://localhost:51722/Expense/AddTransactionToReport?ExpenseId=116 200 0 0 805
2017-01-27 11:51:27 ::1 GET /ExpenseDetail/PartialEdit id=9609&ExpenseId=116&_=1485517886966 51722 - ::1 Mozilla/5.0+(Windows+NT+10.0;+WOW64)+AppleWebKit/537.36+(KHTML,+like+Gecko)+Chrome/55.0.2883.87+Safari/537.36 http://localhost:51722/Expense/AddTransactionToReport?ExpenseId=116 200 0 0 877
2017-01-27 11:51:27 ::1 GET /Scripts/v2/jquery.validate.unobtrusive.js _=1485517887858 51722 - ::1 Mozilla/5.0+(Windows+NT+10.0;+WOW64)+AppleWebKit/537.36+(KHTML,+like+Gecko)+Chrome/55.0.2883.87+Safari/537.36 http://localhost:51722/Expense/AddTransactionToReport?ExpenseId=116 200 0 0 16
2017-01-27 11:51:27 ::1 GET /Scripts/chosen/chosen.jquery.js _=1485517887894 51722 - ::1 Mozilla/5.0+(Windows+NT+10.0;+WOW64)+AppleWebKit/537.36+(KHTML,+like+Gecko)+Chrome/55.0.2883.87+Safari/537.36 http://localhost:51722/Expense/AddTransactionToReport?ExpenseId=116 200 0 0 23
2017-01-27 11:51:27 ::1 GET /ExpenseDetail/GetMileageRate transactionDate=1/23/2017&UserId=277&_=1485517887979 51722 - ::1 Mozilla/5.0+(Windows+NT+10.0;+WOW64)+AppleWebKit/537.36+(KHTML,+like+Gecko)+Chrome/55.0.2883.87+Safari/537.36 http://localhost:51722/Expense/AddTransactionToReport?ExpenseId=116 200 0 0 38
2017-01-27 11:51:27 ::1 GET /PayMethod/GetPayMethodIsReimbursable MethodId=2&_=1485517888033 51722 - ::1 Mozilla/5.0+(Windows+NT+10.0;+WOW64)+AppleWebKit/537.36+(KHTML,+like+Gecko)+Chrome/55.0.2883.87+Safari/537.36 http://localhost:51722/Expense/AddTransactionToReport?ExpenseId=116 200 0 0 24
2017-01-27 11:51:27 ::1 GET /ExpenseDetail/GetExpenseTypePolicyAmount ExpenseTypeId=481&_=1485517888035 51722 - ::1 Mozilla/5.0+(Windows+NT+10.0;+WOW64)+AppleWebKit/537.36+(KHTML,+like+Gecko)+Chrome/55.0.2883.87+Safari/537.36 http://localhost:51722/Expense/AddTransactionToReport?ExpenseId=116 200 0 0 542
2017-01-27 11:51:27 ::1 GET /AjaxCall/GetApproverList/ ProjectId=null&_=1485517888591 51722 - ::1 Mozilla/5.0+(Windows+NT+10.0;+WOW64)+AppleWebKit/537.36+(KHTML,+like+Gecko)+Chrome/55.0.2883.87+Safari/537.36 http://localhost:51722/Expense/AddTransactionToReport?ExpenseId=116 200 0 0 77
2017-01-27 11:51:27 ::1 GET /User/GetEmployees _=1485517888683 51722 - ::1 Mozilla/5.0+(Windows+NT+10.0;+WOW64)+AppleWebKit/537.36+(KHTML,+like+Gecko)+Chrome/55.0.2883.87+Safari/537.36 http://localhost:51722/Expense/AddTransactionToReport?ExpenseId=116 200 0 0 111
2017-01-27 11:51:39 ::1 GET /ExpenseDetail/PartialEdit id=9614&ExpenseId=116&_=1485517898211 51722 - ::1 Mozilla/5.0+(Windows+NT+10.0;+WOW64)+AppleWebKit/537.36+(KHTML,+like+Gecko)+Chrome/55.0.2883.87+Safari/537.36 http://localhost:51722/Expense/AddTransactionToReport?ExpenseId=116 200 0 0 870
2017-01-27 11:51:39 ::1 GET /Scripts/v2/jquery.validate.unobtrusive.js _=1485517899140 51722 - ::1 Mozilla/5.0+(Windows+NT+10.0;+WOW64)+AppleWebKit/537.36+(KHTML,+like+Gecko)+Chrome/55.0.2883.87+Safari/537.36 http://localhost:51722/Expense/AddTransactionToReport?ExpenseId=116 200 0 0 1
2017-01-27 11:51:39 ::1 GET /Scripts/chosen/chosen.jquery.js _=1485517899158 51722 - ::1 Mozilla/5.0+(Windows+NT+10.0;+WOW64)+AppleWebKit/537.36+(KHTML,+like+Gecko)+Chrome/55.0.2883.87+Safari/537.36 http://localhost:51722/Expense/AddTransactionToReport?ExpenseId=116 200 0 0 3
2017-01-27 11:51:39 ::1 GET /ExpenseDetail/GetMileageRate transactionDate=1/27/2017&UserId=277&_=1485517899171 51722 - ::1 Mozilla/5.0+(Windows+NT+10.0;+WOW64)+AppleWebKit/537.36+(KHTML,+like+Gecko)+Chrome/55.0.2883.87+Safari/537.36 http://localhost:51722/Expense/AddTransactionToReport?ExpenseId=116 200 0 0 29
2017-01-27 11:52:06 ::1 POST /ExpenseDetail/PartialEdit - 51722 - ::1 Mozilla/5.0+(Windows+NT+10.0;+WOW64)+AppleWebKit/537.36+(KHTML,+like+Gecko)+Chrome/55.0.2883.87+Safari/537.36 http://localhost:51722/Expense/AddTransactionToReport?ExpenseId=116 302 0 0 1467
2017-01-27 11:52:08 ::1 GET /Expense/AddTransactionToReport ExpenseId=116 51722 - ::1 Mozilla/5.0+(Windows+NT+10.0;+WOW64)+AppleWebKit/537.36+(KHTML,+like+Gecko)+Chrome/55.0.2883.87+Safari/537.36 http://localhost:51722/Expense/AddTransactionToReport?ExpenseId=116 200 0 0 1905
2017-01-27 11:52:08 ::1 GET /Expense/GetTravelTypeHeaderMapping TravelTypeId=17 51722 - ::1 Mozilla/5.0+(Windows+NT+10.0;+WOW64)+AppleWebKit/537.36+(KHTML,+like+Gecko)+Chrome/55.0.2883.87+Safari/537.36 http://localhost:51722/Expense/AddTransactionToReport?ExpenseId=116 200 0 0 33
2017-01-27 11:52:08 ::1 GET /__browserLink/requestData/15848849b23b456ab77082bcba391b20 version=2 51722 - ::1 Mozilla/5.0+(Windows+NT+10.0;+WOW64)+AppleWebKit/537.36+(KHTML,+like+Gecko)+Chrome/55.0.2883.87+Safari/537.36 http://localhost:51722/Expense/AddTransactionToReport?ExpenseId=116 200 0 0 90
2017-01-27 11:52:08 ::1 GET /Expense/PrepareExpenseApprovalProgressBar/ ExpenseId=116&UserId=277&_=1485517928897 51722 - ::1 Mozilla/5.0+(Windows+NT+10.0;+WOW64)+AppleWebKit/537.36+(KHTML,+like+Gecko)+Chrome/55.0.2883.87+Safari/537.36 http://localhost:51722/Expense/AddTransactionToReport?ExpenseId=116 200 0 0 412
2017-01-27 11:52:08 ::1 GET /TravelType/IsSubTravelCashAdvanced TravelTypeId=17 51722 - ::1 Mozilla/5.0+(Windows+NT+10.0;+WOW64)+AppleWebKit/537.36+(KHTML,+like+Gecko)+Chrome/55.0.2883.87+Safari/537.36 http://localhost:51722/Expense/AddTransactionToReport?ExpenseId=116 200 0 0 551
2017-01-27 11:52:18 ::1 GET /Expense/RemoveTransaction id=9614&ExpenseId=116&redirectToAction=AddTransactionToReport&RemovalRemark= 51722 - ::1 Mozilla/5.0+(Windows+NT+10.0;+WOW64)+AppleWebKit/537.36+(KHTML,+like+Gecko)+Chrome/55.0.2883.87+Safari/537.36 http://localhost:51722/Expense/AddTransactionToReport?ExpenseId=116 302 0 0 418
2017-01-27 11:52:20 ::1 GET /Expense/AddTransactionToReport ExpenseId=116 51722 - ::1 Mozilla/5.0+(Windows+NT+10.0;+WOW64)+AppleWebKit/537.36+(KHTML,+like+Gecko)+Chrome/55.0.2883.87+Safari/537.36 http://localhost:51722/Expense/AddTransactionToReport?ExpenseId=116 200 0 0 1566
2017-01-27 11:52:20 ::1 GET /TravelType/IsSubTravelCashAdvanced TravelTypeId=17 51722 - ::1 Mozilla/5.0+(Windows+NT+10.0;+WOW64)+AppleWebKit/537.36+(KHTML,+like+Gecko)+Chrome/55.0.2883.87+Safari/537.36 http://localhost:51722/Expense/AddTransactionToReport?ExpenseId=116 200 0 0 49
2017-01-27 11:52:20 ::1 GET /__browserLink/requestData/4290c7c0449f455d8925fcf7c9970494 version=2 51722 - ::1 Mozilla/5.0+(Windows+NT+10.0;+WOW64)+AppleWebKit/537.36+(KHTML,+like+Gecko)+Chrome/55.0.2883.87+Safari/537.36 http://localhost:51722/Expense/AddTransactionToReport?ExpenseId=116 200 0 0 22
2017-01-27 11:52:21 ::1 GET /Expense/PrepareExpenseApprovalProgressBar/ ExpenseId=116&UserId=277&_=1485517940368 51722 - ::1 Mozilla/5.0+(Windows+NT+10.0;+WOW64)+AppleWebKit/537.36+(KHTML,+like+Gecko)+Chrome/55.0.2883.87+Safari/537.36 http://localhost:51722/Expense/AddTransactionToReport?ExpenseId=116 200 0 0 778
2017-01-27 11:52:21 ::1 GET /Expense/GetTravelTypeHeaderMapping TravelTypeId=17 51722 - ::1 Mozilla/5.0+(Windows+NT+10.0;+WOW64)+AppleWebKit/537.36+(KHTML,+like+Gecko)+Chrome/55.0.2883.87+Safari/537.36 http://localhost:51722/Expense/AddTransactionToReport?ExpenseId=116 200 0 0 1062
2017-01-27 11:52:24 ::1 GET /ExpenseDetail/PartialEdit id=9609&ExpenseId=116&_=1485517943259 51722 - ::1 Mozilla/5.0+(Windows+NT+10.0;+WOW64)+AppleWebKit/537.36+(KHTML,+like+Gecko)+Chrome/55.0.2883.87+Safari/537.36 http://localhost:51722/Expense/AddTransactionToReport?ExpenseId=116 200 0 0 904
2017-01-27 11:52:24 ::1 GET /Scripts/v2/jquery.validate.unobtrusive.js _=1485517944176 51722 - ::1 Mozilla/5.0+(Windows+NT+10.0;+WOW64)+AppleWebKit/537.36+(KHTML,+like+Gecko)+Chrome/55.0.2883.87+Safari/537.36 http://localhost:51722/Expense/AddTransactionToReport?ExpenseId=116 200 0 0 18
2017-01-27 11:52:24 ::1 GET /Scripts/chosen/chosen.jquery.js _=1485517944322 51722 - ::1 Mozilla/5.0+(Windows+NT+10.0;+WOW64)+AppleWebKit/537.36+(KHTML,+like+Gecko)+Chrome/55.0.2883.87+Safari/537.36 http://localhost:51722/Expense/AddTransactionToReport?ExpenseId=116 200 0 0 12
2017-01-27 11:52:24 ::1 GET /ExpenseDetail/GetMileageRate transactionDate=1/23/2017&UserId=277&_=1485517944343 51722 - ::1 Mozilla/5.0+(Windows+NT+10.0;+WOW64)+AppleWebKit/537.36+(KHTML,+like+Gecko)+Chrome/55.0.2883.87+Safari/537.36 http://localhost:51722/Expense/AddTransactionToReport?ExpenseId=116 200 0 0 40
2017-01-27 11:52:24 ::1 GET /ExpenseDetail/GetExpenseTypePolicyAmount ExpenseTypeId=481&_=1485517944403 51722 - ::1 Mozilla/5.0+(Windows+NT+10.0;+WOW64)+AppleWebKit/537.36+(KHTML,+like+Gecko)+Chrome/55.0.2883.87+Safari/537.36 http://localhost:51722/Expense/AddTransactionToReport?ExpenseId=116 200 0 0 37
2017-01-27 11:52:24 ::1 GET /AjaxCall/GetApproverList/ ProjectId=null&_=1485517944447 51722 - ::1 Mozilla/5.0+(Windows+NT+10.0;+WOW64)+AppleWebKit/537.36+(KHTML,+like+Gecko)+Chrome/55.0.2883.87+Safari/537.36 http://localhost:51722/Expense/AddTransactionToReport?ExpenseId=116 200 0 0 82
2017-01-27 11:52:24 ::1 GET /User/GetEmployees _=1485517944535 51722 - ::1 Mozilla/5.0+(Windows+NT+10.0;+WOW64)+AppleWebKit/537.36+(KHTML,+like+Gecko)+Chrome/55.0.2883.87+Safari/537.36 http://localhost:51722/Expense/AddTransactionToReport?ExpenseId=116 200 0 0 141
2017-01-27 11:52:24 ::1 GET /PayMethod/GetPayMethodIsReimbursable MethodId=2&_=1485517944401 51722 - ::1 Mozilla/5.0+(Windows+NT+10.0;+WOW64)+AppleWebKit/537.36+(KHTML,+like+Gecko)+Chrome/55.0.2883.87+Safari/537.36 http://localhost:51722/Expense/AddTransactionToReport?ExpenseId=116 200 0 0 522
2017-01-27 11:52:40 ::1 POST /ExpenseDetail/PartialEdit - 51722 - ::1 Mozilla/5.0+(Windows+NT+10.0;+WOW64)+AppleWebKit/537.36+(KHTML,+like+Gecko)+Chrome/55.0.2883.87+Safari/537.36 http://localhost:51722/Expense/AddTransactionToReport?ExpenseId=116 302 0 0 756
2017-01-27 11:52:42 ::1 GET /Expense/AddTransactionToReport ExpenseId=116 51722 - ::1 Mozilla/5.0+(Windows+NT+10.0;+WOW64)+AppleWebKit/537.36+(KHTML,+like+Gecko)+Chrome/55.0.2883.87+Safari/537.36 http://localhost:51722/Expense/AddTransactionToReport?ExpenseId=116 200 0 0 1721
2017-01-27 11:52:42 ::1 GET /Expense/GetTravelTypeHeaderMapping TravelTypeId=17 51722 - ::1 Mozilla/5.0+(Windows+NT+10.0;+WOW64)+AppleWebKit/537.36+(KHTML,+like+Gecko)+Chrome/55.0.2883.87+Safari/537.36 http://localhost:51722/Expense/AddTransactionToReport?ExpenseId=116 200 0 0 31
2017-01-27 11:52:42 ::1 GET /__browserLink/requestData/f545095f68ac4949bc843a026d03a060 version=2 51722 - ::1 Mozilla/5.0+(Windows+NT+10.0;+WOW64)+AppleWebKit/537.36+(KHTML,+like+Gecko)+Chrome/55.0.2883.87+Safari/537.36 http://localhost:51722/Expense/AddTransactionToReport?ExpenseId=116 200 0 0 19
2017-01-27 11:52:43 ::1 GET /Expense/PrepareExpenseApprovalProgressBar/ ExpenseId=116&UserId=277&_=1485517962958 51722 - ::1 Mozilla/5.0+(Windows+NT+10.0;+WOW64)+AppleWebKit/537.36+(KHTML,+like+Gecko)+Chrome/55.0.2883.87+Safari/537.36 http://localhost:51722/Expense/AddTransactionToReport?ExpenseId=116 200 0 0 787
2017-01-27 11:52:43 ::1 GET /TravelType/IsSubTravelCashAdvanced TravelTypeId=17 51722 - ::1 Mozilla/5.0+(Windows+NT+10.0;+WOW64)+AppleWebKit/537.36+(KHTML,+like+Gecko)+Chrome/55.0.2883.87+Safari/537.36 http://localhost:51722/Expense/AddTransactionToReport?ExpenseId=116 200 0 0 1087
2017-01-27 11:52:47 ::1 GET /ExpenseDetail/DisplayReceipt ExpenseDetailId=9609&_=1485517967297 51722 - ::1 Mozilla/5.0+(Windows+NT+10.0;+WOW64)+AppleWebKit/537.36+(KHTML,+like+Gecko)+Chrome/55.0.2883.87+Safari/537.36 http://localhost:51722/Expense/AddTransactionToReport?ExpenseId=116 200 0 0 88
2017-01-27 11:52:47 ::1 GET /Scripts/displayreceipt-js v=2AlxdAYRlyg_4qrIwaOxfz6Y81AbcAqGH-bMVM7WxRg1&_=1485517967391 51722 - ::1 Mozilla/5.0+(Windows+NT+10.0;+WOW64)+AppleWebKit/537.36+(KHTML,+like+Gecko)+Chrome/55.0.2883.87+Safari/537.36 http://localhost:51722/Expense/AddTransactionToReport?ExpenseId=116 200 0 0 11
#Software: Microsoft Internet Information Services 8.0
#Version: 1.0
#Date: 2017-01-27 12:20:36
#Fields: date time s-ip cs-method cs-uri-stem cs-uri-query s-port cs-username c-ip cs(User-Agent) cs(Referer) sc-status sc-substatus sc-win32-status time-taken
2017-01-27 12:20:36 ::1 GET / - 51722 - ::1 Mozilla/5.0+(Windows+NT+10.0;+WOW64)+AppleWebKit/537.36+(KHTML,+like+Gecko)+Chrome/55.0.2883.87+Safari/537.36 - 302 0 0 16574
2017-01-27 12:20:58 ::1 GET /User/LogOn - 51722 - ::1 Mozilla/5.0+(Windows+NT+10.0;+WOW64)+AppleWebKit/537.36+(KHTML,+like+Gecko)+Chrome/55.0.2883.87+Safari/537.36 - 200 0 0 21725
2017-01-27 12:20:58 ::1 GET /__browserLink/requestData/be4af7f6404c41938ffa905f7a956b22 version=2 51722 - ::1 Mozilla/5.0+(Windows+NT+10.0;+WOW64)+AppleWebKit/537.36+(KHTML,+like+Gecko)+Chrome/55.0.2883.87+Safari/537.36 http://localhost:51722/User/LogOn 200 0 0 29
2017-01-27 12:29:01 ::1 POST /User/LogOn - 51722 - ::1 Mozilla/5.0+(Windows+NT+10.0;+WOW64)+AppleWebKit/537.36+(KHTML,+like+Gecko)+Chrome/55.0.2883.87+Safari/537.36 http://localhost:51722/User/LogOn 200 0 64 32075
2017-01-27 12:29:32 ::1 POST /User/LogOn - 51722 - ::1 Mozilla/5.0+(Windows+NT+10.0;+WOW64)+AppleWebKit/537.36+(KHTML,+like+Gecko)+Chrome/55.0.2883.87+Safari/537.36 http://localhost:51722/User/LogOn 200 0 64 48201
2017-01-27 12:30:03 ::1 POST /User/LogOn - 51722 - ::1 Mozilla/5.0+(Windows+NT+10.0;+WOW64)+AppleWebKit/537.36+(KHTML,+like+Gecko)+Chrome/55.0.2883.87+Safari/537.36 http://localhost:51722/User/LogOn 200 0 64 42308
2017-01-27 12:30:34 ::1 POST /User/LogOn - 51722 - ::1 Mozilla/5.0+(Windows+NT+10.0;+WOW64)+AppleWebKit/537.36+(KHTML,+like+Gecko)+Chrome/55.0.2883.87+Safari/537.36 http://localhost:51722/User/LogOn 200 0 0 65545
2017-01-27 12:30:34 ::1 GET /__browserLink/requestData/6acdae578abf460eb5ae3ceba0626d8f version=2 51722 - ::1 Mozilla/5.0+(Windows+NT+10.0;+WOW64)+AppleWebKit/537.36+(KHTML,+like+Gecko)+Chrome/55.0.2883.87+Safari/537.36 http://localhost:51722/User/LogOn 200 0 0 9
2017-01-27 12:31:05 ::1 POST /User/LogOn - 51722 - ::1 Mozilla/5.0+(Windows+NT+10.0;+WOW64)+AppleWebKit/537.36+(KHTML,+like+Gecko)+Chrome/55.0.2883.87+Safari/537.36 http://localhost:51722/User/LogOn 200 0 64 132079
2017-01-27 12:35:34 ::1 POST /User/LogOn - 51722 - ::1 Mozilla/5.0+(Windows+NT+10.0;+WOW64)+AppleWebKit/537.36+(KHTML,+like+Gecko)+Chrome/55.0.2883.87+Safari/537.36 http://localhost:51722/User/LogOn 200 0 0 30605
2017-01-27 12:35:34 ::1 GET /__browserLink/requestData/9f1a8a50b33447d79d9104e526106670 version=2 51722 - ::1 Mozilla/5.0+(Windows+NT+10.0;+WOW64)+AppleWebKit/537.36+(KHTML,+like+Gecko)+Chrome/55.0.2883.87+Safari/537.36 http://localhost:51722/User/LogOn 200 0 0 13
#Software: Microsoft Internet Information Services 8.0
#Version: 1.0
#Date: 2017-01-27 12:43:34
#Fields: date time s-ip cs-method cs-uri-stem cs-uri-query s-port cs-username c-ip cs(User-Agent) cs(Referer) sc-status sc-substatus sc-win32-status time-taken
2017-01-27 12:43:34 ::1 GET / - 51722 - ::1 Mozilla/5.0+(Windows+NT+10.0;+WOW64)+AppleWebKit/537.36+(KHTML,+like+Gecko)+Chrome/55.0.2883.87+Safari/537.36 - 302 0 0 29827
2017-01-27 12:43:56 ::1 GET /User/LogOn - 51722 - ::1 Mozilla/5.0+(Windows+NT+10.0;+WOW64)+AppleWebKit/537.36+(KHTML,+like+Gecko)+Chrome/55.0.2883.87+Safari/537.36 - 200 0 0 22092
2017-01-27 12:43:58 ::1 GET /__browserLink/requestData/a4603aaa537b4611aa238d1d9b938ab7 version=2 51722 - ::1 Mozilla/5.0+(Windows+NT+10.0;+WOW64)+AppleWebKit/537.36+(KHTML,+like+Gecko)+Chrome/55.0.2883.87+Safari/537.36 http://localhost:51722/User/LogOn 200 0 0 195
2017-01-27 12:44:52 ::1 POST /User/LogOn - 51722 - ::1 Mozilla/5.0+(Windows+NT+10.0;+WOW64)+AppleWebKit/537.36+(KHTML,+like+Gecko)+Chrome/55.0.2883.87+Safari/537.36 http://localhost:51722/User/LogOn 200 0 0 40986
2017-01-27 12:44:52 ::1 GET /__browserLink/requestData/7919d1675a1f450d8c40682d1239ee1b version=2 51722 - ::1 Mozilla/5.0+(Windows+NT+10.0;+WOW64)+AppleWebKit/537.36+(KHTML,+like+Gecko)+Chrome/55.0.2883.87+Safari/537.36 http://localhost:51722/User/LogOn 200 0 0 11
#Software: Microsoft Internet Information Services 8.0
#Version: 1.0
#Date: 2017-01-27 12:47:04
#Fields: date time s-ip cs-method cs-uri-stem cs-uri-query s-port cs-username c-ip cs(User-Agent) cs(Referer) sc-status sc-substatus sc-win32-status time-taken
2017-01-27 12:47:04 ::1 GET / - 51722 - ::1 Mozilla/5.0+(Windows+NT+10.0;+WOW64)+AppleWebKit/537.36+(KHTML,+like+Gecko)+Chrome/55.0.2883.87+Safari/537.36 - 500 0 0 17446
#Software: Microsoft Internet Information Services 8.0
#Version: 1.0
#Date: 2017-01-27 12:48:22
#Fields: date time s-ip cs-method cs-uri-stem cs-uri-query s-port cs-username c-ip cs(User-Agent) cs(Referer) sc-status sc-substatus sc-win32-status time-taken
2017-01-27 12:48:22 ::1 GET / - 51722 - ::1 Mozilla/5.0+(Windows+NT+10.0;+WOW64)+AppleWebKit/537.36+(KHTML,+like+Gecko)+Chrome/55.0.2883.87+Safari/537.36 - 302 0 0 21517
2017-01-27 12:48:49 ::1 GET /User/LogOn - 51722 - ::1 Mozilla/5.0+(Windows+NT+10.0;+WOW64)+AppleWebKit/537.36+(KHTML,+like+Gecko)+Chrome/55.0.2883.87+Safari/537.36 - 200 0 0 27363
2017-01-27 12:48:51 ::1 GET /__browserLink/requestData/9600ddb1c4a34b54bfc2ffb77058e6ee version=2 51722 - ::1 Mozilla/5.0+(Windows+NT+10.0;+WOW64)+AppleWebKit/537.36+(KHTML,+like+Gecko)+Chrome/55.0.2883.87+Safari/537.36 http://localhost:51722/User/LogOn 200 0 0 248
2017-01-27 12:50:34 ::1 POST /User/LogOn - 51722 - ::1 Mozilla/5.0+(Windows+NT+10.0;+WOW64)+AppleWebKit/537.36+(KHTML,+like+Gecko)+Chrome/55.0.2883.87+Safari/537.36 http://localhost:51722/User/LogOn 200 0 0 70755
#Software: Microsoft Internet Information Services 8.0
#Version: 1.0
#Date: 2017-01-27 12:51:55
#Fields: date time s-ip cs-method cs-uri-stem cs-uri-query s-port cs-username c-ip cs(User-Agent) cs(Referer) sc-status sc-substatus sc-win32-status time-taken
2017-01-27 12:51:55 ::1 GET / - 51722 - ::1 Mozilla/5.0+(Windows+NT+10.0;+WOW64)+AppleWebKit/537.36+(KHTML,+like+Gecko)+Chrome/55.0.2883.87+Safari/537.36 - 302 0 0 4344
2017-01-27 12:52:13 ::1 GET /User/LogOn - 51722 - ::1 Mozilla/5.0+(Windows+NT+10.0;+WOW64)+AppleWebKit/537.36+(KHTML,+like+Gecko)+Chrome/55.0.2883.87+Safari/537.36 - 200 0 0 18063
2017-01-27 12:52:13 ::1 GET /__browserLink/requestData/d98b8b29ff9940cba4940fff6f51b65d version=2 51722 - ::1 Mozilla/5.0+(Windows+NT+10.0;+WOW64)+AppleWebKit/537.36+(KHTML,+like+Gecko)+Chrome/55.0.2883.87+Safari/537.36 http://localhost:51722/User/LogOn 200 0 0 35
#Software: Microsoft Internet Information Services 8.0
#Version: 1.0
#Date: 2017-01-27 14:07:07
#Fields: date time s-ip cs-method cs-uri-stem cs-uri-query s-port cs-username c-ip cs(User-Agent) cs(Referer) sc-status sc-substatus sc-win32-status time-taken
2017-01-27 14:07:07 ::1 GET / - 51722 - ::1 Mozilla/5.0+(Windows+NT+10.0;+WOW64)+AppleWebKit/537.36+(KHTML,+like+Gecko)+Chrome/55.0.2883.87+Safari/537.36 - 302 0 0 18781
2017-01-27 14:07:28 ::1 GET /User/LogOn - 51722 - ::1 Mozilla/5.0+(Windows+NT+10.0;+WOW64)+AppleWebKit/537.36+(KHTML,+like+Gecko)+Chrome/55.0.2883.87+Safari/537.36 - 200 0 0 20293
2017-01-27 14:07:29 ::1 GET /__browserLink/requestData/e50f943adc614b55a551324345aeac78 version=2 51722 - ::1 Mozilla/5.0+(Windows+NT+10.0;+WOW64)+AppleWebKit/537.36+(KHTML,+like+Gecko)+Chrome/55.0.2883.87+Safari/537.36 http://localhost:51722/User/LogOn 200 0 0 273
#Software: Microsoft Internet Information Services 8.0
#Version: 1.0
#Date: 2017-01-27 14:21:53
#Fields: date time s-ip cs-method cs-uri-stem cs-uri-query s-port cs-username c-ip cs(User-Agent) cs(Referer) sc-status sc-substatus sc-win32-status time-taken
2017-01-27 14:21:53 ::1 GET /User/LogOn - 51722 - ::1 Mozilla/5.0+(Windows+NT+10.0;+WOW64)+AppleWebKit/537.36+(KHTML,+like+Gecko)+Chrome/55.0.2883.87+Safari/537.36 - 200 0 0 44394
2017-01-27 14:21:54 ::1 GET /__browserLink/requestData/042970f450eb4129bb2f07e7dd184b1a version=2 51722 - ::1 Mozilla/5.0+(Windows+NT+10.0;+WOW64)+AppleWebKit/537.36+(KHTML,+like+Gecko)+Chrome/55.0.2883.87+Safari/537.36 http://localhost:51722/User/LogOn 200 0 0 66
2017-01-27 14:22:41 ::1 POST /User/LogOn - 51722 - ::1 Mozilla/5.0+(Windows+NT+10.0;+WOW64)+AppleWebKit/537.36+(KHTML,+like+Gecko)+Chrome/55.0.2883.87+Safari/537.36 http://localhost:51722/User/LogOn 200 0 0 30818
#Software: Microsoft Internet Information Services 8.0
#Version: 1.0
#Date: 2017-01-27 14:25:26
#Fields: date time s-ip cs-method cs-uri-stem cs-uri-query s-port cs-username c-ip cs(User-Agent) cs(Referer) sc-status sc-substatus sc-win32-status time-taken
2017-01-27 14:25:26 ::1 GET /User/LogOn - 51722 - ::1 Mozilla/5.0+(Windows+NT+10.0;+WOW64)+AppleWebKit/537.36+(KHTML,+like+Gecko)+Chrome/55.0.2883.87+Safari/537.36 - 200 0 0 29340
2017-01-27 14:25:28 ::1 GET /__browserLink/requestData/3f028ec0a9d04671af261975d35608e5 version=2 51722 - ::1 Mozilla/5.0+(Windows+NT+10.0;+WOW64)+AppleWebKit/537.36+(KHTML,+like+Gecko)+Chrome/55.0.2883.87+Safari/537.36 http://localhost:51722/User/LogOn 200 0 0 224
#Software: Microsoft Internet Information Services 8.0
#Version: 1.0
#Date: 2017-01-27 14:38:15
#Fields: date time s-ip cs-method cs-uri-stem cs-uri-query s-port cs-username c-ip cs(User-Agent) cs(Referer) sc-status sc-substatus sc-win32-status time-taken
2017-01-27 14:38:15 ::1 GET / - 51722 - ::1 Mozilla/5.0+(Windows+NT+10.0;+WOW64)+AppleWebKit/537.36+(KHTML,+like+Gecko)+Chrome/55.0.2883.87+Safari/537.36 - 302 0 0 25220
2017-01-27 14:38:41 ::1 GET /User/LogOn - 51722 - ::1 Mozilla/5.0+(Windows+NT+10.0;+WOW64)+AppleWebKit/537.36+(KHTML,+like+Gecko)+Chrome/55.0.2883.87+Safari/537.36 - 200 0 0 26279
2017-01-27 14:38:43 ::1 GET /__browserLink/requestData/a44fa420870245be953613d3a1baba28 version=2 51722 - ::1 Mozilla/5.0+(Windows+NT+10.0;+WOW64)+AppleWebKit/537.36+(KHTML,+like+Gecko)+Chrome/55.0.2883.87+Safari/537.36 http://localhost:51722/User/LogOn 200 0 0 224
#Software: Microsoft Internet Information Services 8.0
#Version: 1.0
#Date: 2017-01-27 14:43:02
#Fields: date time s-ip cs-method cs-uri-stem cs-uri-query s-port cs-username c-ip cs(User-Agent) cs(Referer) sc-status sc-substatus sc-win32-status time-taken
2017-01-27 14:43:02 ::1 GET / - 51722 - ::1 Mozilla/5.0+(Windows+NT+10.0;+WOW64)+AppleWebKit/537.36+(KHTML,+like+Gecko)+Chrome/55.0.2883.87+Safari/537.36 - 302 0 0 7064
2017-01-27 14:43:45 ::1 GET /User/LogOn - 51722 - ::1 Mozilla/5.0+(Windows+NT+10.0;+WOW64)+AppleWebKit/537.36+(KHTML,+like+Gecko)+Chrome/55.0.2883.87+Safari/537.36 - 200 0 0 42601
2017-01-27 14:43:46 ::1 GET /__browserLink/requestData/41faede24b554663b4e5b4e975c6a2ce version=2 51722 - ::1 Mozilla/5.0+(Windows+NT+10.0;+WOW64)+AppleWebKit/537.36+(KHTML,+like+Gecko)+Chrome/55.0.2883.87+Safari/537.36 http://localhost:51722/User/LogOn 200 0 0 241
2017-01-27 14:46:41 ::1 POST /User/LogOn - 51722 - ::1 Mozilla/5.0+(Windows+NT+10.0;+WOW64)+AppleWebKit/537.36+(KHTML,+like+Gecko)+Chrome/55.0.2883.87+Safari/537.36 http://localhost:51722/User/LogOn 200 0 0 156482
#Software: Microsoft Internet Information Services 8.0
#Version: 1.0
#Date: 2017-01-27 14:53:14
#Fields: date time s-ip cs-method cs-uri-stem cs-uri-query s-port cs-username c-ip cs(User-Agent) cs(Referer) sc-status sc-substatus sc-win32-status time-taken
2017-01-27 14:53:14 ::1 GET / - 51722 - ::1 Mozilla/5.0+(Windows+NT+10.0;+WOW64)+AppleWebKit/537.36+(KHTML,+like+Gecko)+Chrome/55.0.2883.87+Safari/537.36 - 302 0 0 24445
2017-01-27 14:53:35 ::1 GET /User/LogOn - 51722 - ::1 Mozilla/5.0+(Windows+NT+10.0;+WOW64)+AppleWebKit/537.36+(KHTML,+like+Gecko)+Chrome/55.0.2883.87+Safari/537.36 - 200 0 0 21133
2017-01-27 14:53:38 ::1 GET /__browserLink/requestData/3dc540889b7b460faa705b9888206ee4 version=2 51722 - ::1 Mozilla/5.0+(Windows+NT+10.0;+WOW64)+AppleWebKit/537.36+(KHTML,+like+Gecko)+Chrome/55.0.2883.87+Safari/537.36 http://localhost:51722/User/LogOn 200 0 0 67
#Software: Microsoft Internet Information Services 8.0
#Version: 1.0
#Date: 2017-01-27 14:55:38
#Fields: date time s-ip cs-method cs-uri-stem cs-uri-query s-port cs-username c-ip cs(User-Agent) cs(Referer) sc-status sc-substatus sc-win32-status time-taken
2017-01-27 14:55:38 ::1 GET / - 51722 - ::1 Mozilla/5.0+(Windows+NT+10.0;+WOW64)+AppleWebKit/537.36+(KHTML,+like+Gecko)+Chrome/55.0.2883.87+Safari/537.36 - 302 0 0 20529
2017-01-27 14:56:08 ::1 GET /User/LogOn - 51722 - ::1 Mozilla/5.0+(Windows+NT+10.0;+WOW64)+AppleWebKit/537.36+(KHTML,+like+Gecko)+Chrome/55.0.2883.87+Safari/537.36 - 200 0 0 30367
2017-01-27 14:56:08 ::1 GET /__browserLink/requestData/9616478495ea40d0b41de6b46bfd23b6 version=2 51722 - ::1 Mozilla/5.0+(Windows+NT+10.0;+WOW64)+AppleWebKit/537.36+(KHTML,+like+Gecko)+Chrome/55.0.2883.87+Safari/537.36 http://localhost:51722/User/LogOn 200 0 0 80
2017-01-27 14:57:55 ::1 POST /User/LogOn - 51722 - ::1 Mozilla/5.0+(Windows+NT+10.0;+WOW64)+AppleWebKit/537.36+(KHTML,+like+Gecko)+Chrome/55.0.2883.87+Safari/537.36 http://localhost:51722/User/LogOn 200 0 0 84344
2017-01-27 14:59:49 ::1 POST /User/LogOn - 51722 - ::1 Mozilla/5.0+(Windows+NT+10.0;+WOW64)+AppleWebKit/537.36+(KHTML,+like+Gecko)+Chrome/55.0.2883.87+Safari/537.36 http://localhost:51722/User/LogOn 200 0 0 39931
#Software: Microsoft Internet Information Services 8.0
#Version: 1.0
#Date: 2017-01-27 16:11:01
#Fields: date time s-ip cs-method cs-uri-stem cs-uri-query s-port cs-username c-ip cs(User-Agent) cs(Referer) sc-status sc-substatus sc-win32-status time-taken
2017-01-27 16:11:01 ::1 GET / - 51722 - ::1 Mozilla/5.0+(Windows+NT+10.0;+WOW64)+AppleWebKit/537.36+(KHTML,+like+Gecko)+Chrome/55.0.2883.87+Safari/537.36 - 302 0 0 37557
2017-01-27 16:11:42 ::1 GET /User/LogOn - 51722 - ::1 Mozilla/5.0+(Windows+NT+10.0;+WOW64)+AppleWebKit/537.36+(KHTML,+like+Gecko)+Chrome/55.0.2883.87+Safari/537.36 - 200 0 0 41054
2017-01-27 16:11:44 ::1 GET /__browserLink/requestData/d6e6b1d158a64513bf300a4691071289 version=2 51722 - ::1 Mozilla/5.0+(Windows+NT+10.0;+WOW64)+AppleWebKit/537.36+(KHTML,+like+Gecko)+Chrome/55.0.2883.87+Safari/537.36 http://localhost:51722/User/LogOn 200 0 0 185
2017-01-27 16:20:44 ::1 POST /User/LogOn - 51722 - ::1 Mozilla/5.0+(Windows+NT+10.0;+WOW64)+AppleWebKit/537.36+(KHTML,+like+Gecko)+Chrome/55.0.2883.87+Safari/537.36 http://localhost:51722/User/LogOn 200 0 0 514269
#Software: Microsoft Internet Information Services 8.0
#Version: 1.0
#Date: 2017-01-27 16:25:55
#Fields: date time s-ip cs-method cs-uri-stem cs-uri-query s-port cs-username c-ip cs(User-Agent) cs(Referer) sc-status sc-substatus sc-win32-status time-taken
2017-01-27 16:25:55 ::1 GET / - 51722 - ::1 Mozilla/5.0+(Windows+NT+10.0;+WOW64)+AppleWebKit/537.36+(KHTML,+like+Gecko)+Chrome/55.0.2883.87+Safari/537.36 - 302 0 0 36527
2017-01-27 16:26:28 ::1 GET /User/LogOn - 51722 - ::1 Mozilla/5.0+(Windows+NT+10.0;+WOW64)+AppleWebKit/537.36+(KHTML,+like+Gecko)+Chrome/55.0.2883.87+Safari/537.36 - 200 0 0 33072
2017-01-27 16:26:30 ::1 GET /__browserLink/requestData/a72dd6d8148440c295c041a7c955d80d version=2 51722 - ::1 Mozilla/5.0+(Windows+NT+10.0;+WOW64)+AppleWebKit/537.36+(KHTML,+like+Gecko)+Chrome/55.0.2883.87+Safari/537.36 http://localhost:51722/User/LogOn 200 0 0 101
