#Software: Microsoft Internet Information Services 8.0
#Version: 1.0
#Date: 2017-09-25 12:34:18
#Fields: date time s-ip cs-method cs-uri-stem cs-uri-query s-port cs-username c-ip cs(User-Agent) cs(Referer) sc-status sc-substatus sc-win32-status time-taken
2017-09-25 12:34:18 ::1 GET / - 51722 - ::1 Mozilla/5.0+(Windows+NT+10.0;+Win64;+x64)+AppleWebKit/537.36+(KHTML,+like+Gecko)+Chrome/60.0.3112.113+Safari/537.36 - 302 0 0 23885
2017-09-25 12:34:36 ::1 GET /User/LogOn - 51722 - ::1 Mozilla/5.0+(Windows+NT+10.0;+Win64;+x64)+AppleWebKit/537.36+(KHTML,+like+Gecko)+Chrome/60.0.3112.113+Safari/537.36 - 200 0 0 18787
2017-09-25 12:40:48 ::1 POST /User/LogOn - 51722 - ::1 Mozilla/5.0+(Windows+NT+10.0;+Win64;+x64)+AppleWebKit/537.36+(KHTML,+like+Gecko)+Chrome/60.0.3112.113+Safari/537.36 http://localhost:51722/User/LogOn 302 0 0 26596
2017-09-25 12:40:48 ::1 GET / - 51722 qc1admin@gorillaexpense.com ::1 Mozilla/5.0+(Windows+NT+10.0;+Win64;+x64)+AppleWebKit/537.36+(KHTML,+like+Gecko)+Chrome/60.0.3112.113+Safari/537.36 http://localhost:51722/User/LogOn 302 0 0 18
2017-09-25 12:41:06 ::1 GET /Dashboard/ViewDashboard - 51722 qc1admin@gorillaexpense.com ::1 Mozilla/5.0+(Windows+NT+10.0;+Win64;+x64)+AppleWebKit/537.36+(KHTML,+like+Gecko)+Chrome/60.0.3112.113+Safari/537.36 http://localhost:51722/User/LogOn 200 0 0 17707
2017-09-25 12:41:06 ::1 GET /Scripts/SiteLayoutPageForMasters-js v=3FYu9aRy7yXc2MS30aJokECLk37eN3zPRmF9sFscjoo1 51722 qc1admin@gorillaexpense.com ::1 Mozilla/5.0+(Windows+NT+10.0;+Win64;+x64)+AppleWebKit/537.36+(KHTML,+like+Gecko)+Chrome/60.0.3112.113+Safari/537.36 http://localhost:51722/Dashboard/ViewDashboard 200 0 0 72
2017-09-25 12:41:09 ::1 GET /Dashboard/getAjaxTab/1 sDate=null&eDate=null 51722 qc1admin@gorillaexpense.com ::1 Mozilla/5.0+(Windows+NT+10.0;+Win64;+x64)+AppleWebKit/537.36+(KHTML,+like+Gecko)+Chrome/60.0.3112.113+Safari/537.36 http://localhost:51722/Dashboard/ViewDashboard 200 0 0 2551
2017-09-25 12:41:09 ::1 GET /Scripts/v2/easy.pie.chart/jquery.easing.1.3.js _=1506343269173 51722 - ::1 Mozilla/5.0+(Windows+NT+10.0;+Win64;+x64)+AppleWebKit/537.36+(KHTML,+like+Gecko)+Chrome/60.0.3112.113+Safari/537.36 http://localhost:51722/Dashboard/ViewDashboard 200 0 0 49
2017-09-25 12:41:09 ::1 GET /Scripts/v2/easy.pie.chart/jquery.easypiechart.min.js _=1506343269227 51722 - ::1 Mozilla/5.0+(Windows+NT+10.0;+Win64;+x64)+AppleWebKit/537.36+(KHTML,+like+Gecko)+Chrome/60.0.3112.113+Safari/537.36 http://localhost:51722/Dashboard/ViewDashboard 200 0 0 20
2017-09-25 12:41:09 ::1 GET /Scripts/v2/morris.charts/morris.min.js _=1506343269258 51722 - ::1 Mozilla/5.0+(Windows+NT+10.0;+Win64;+x64)+AppleWebKit/537.36+(KHTML,+like+Gecko)+Chrome/60.0.3112.113+Safari/537.36 http://localhost:51722/Dashboard/ViewDashboard 200 0 0 22
2017-09-25 12:41:09 ::1 GET /Scripts/v2/morris.charts/raphael.min.js _=1506343269297 51722 - ::1 Mozilla/5.0+(Windows+NT+10.0;+Win64;+x64)+AppleWebKit/537.36+(KHTML,+like+Gecko)+Chrome/60.0.3112.113+Safari/537.36 http://localhost:51722/Dashboard/ViewDashboard 200 0 0 44
2017-09-25 12:41:27 ::1 GET /Dashboard/GetExpenseSubmissions/ sDate=null&eDate=null 51722 qc1admin@gorillaexpense.com ::1 Mozilla/5.0+(Windows+NT+10.0;+Win64;+x64)+AppleWebKit/537.36+(KHTML,+like+Gecko)+Chrome/60.0.3112.113+Safari/537.36 http://localhost:51722/Dashboard/ViewDashboard 200 0 0 17703
2017-09-25 12:41:49 ::1 GET /Dashboard/GetExpenseApprovals/ sDate=null&eDate=null 51722 qc1admin@gorillaexpense.com ::1 Mozilla/5.0+(Windows+NT+10.0;+Win64;+x64)+AppleWebKit/537.36+(KHTML,+like+Gecko)+Chrome/60.0.3112.113+Safari/537.36 http://localhost:51722/Dashboard/ViewDashboard 200 0 0 40099
2017-09-25 12:41:53 ::1 GET /User/LogOut - 51722 qc1admin@gorillaexpense.com ::1 Mozilla/5.0+(Windows+NT+10.0;+Win64;+x64)+AppleWebKit/537.36+(KHTML,+like+Gecko)+Chrome/60.0.3112.113+Safari/537.36 http://localhost:51722/Dashboard/ViewDashboard 302 0 64 23097
2017-09-25 12:41:55 ::1 GET /User/LogOut - 51722 qc1admin@gorillaexpense.com ::1 Mozilla/5.0+(Windows+NT+10.0;+Win64;+x64)+AppleWebKit/537.36+(KHTML,+like+Gecko)+Chrome/60.0.3112.113+Safari/537.36 http://localhost:51722/Dashboard/ViewDashboard 302 0 64 4607
2017-09-25 12:41:55 ::1 GET /User/LogOut - 51722 qc1admin@gorillaexpense.com ::1 Mozilla/5.0+(Windows+NT+10.0;+Win64;+x64)+AppleWebKit/537.36+(KHTML,+like+Gecko)+Chrome/60.0.3112.113+Safari/537.36 http://localhost:51722/Dashboard/ViewDashboard 302 0 0 1303
2017-09-25 12:41:56 ::1 GET /User/LogOut - 51722 qc1admin@gorillaexpense.com ::1 Mozilla/5.0+(Windows+NT+10.0;+Win64;+x64)+AppleWebKit/537.36+(KHTML,+like+Gecko)+Chrome/60.0.3112.113+Safari/537.36 http://localhost:51722/Dashboard/ViewDashboard 302 0 64 13974
2017-09-25 12:41:56 ::1 GET / - 51722 - ::1 Mozilla/5.0+(Windows+NT+10.0;+Win64;+x64)+AppleWebKit/537.36+(KHTML,+like+Gecko)+Chrome/60.0.3112.113+Safari/537.36 http://localhost:51722/Dashboard/ViewDashboard 302 0 0 659
2017-09-25 12:41:59 ::1 GET /User/LogOut - 51722 qc1admin@gorillaexpense.com ::1 Mozilla/5.0+(Windows+NT+10.0;+Win64;+x64)+AppleWebKit/537.36+(KHTML,+like+Gecko)+Chrome/60.0.3112.113+Safari/537.36 http://localhost:51722/Dashboard/ViewDashboard 302 0 64 37331
2017-09-25 12:42:01 ::1 GET /User/LogOut - 51722 qc1admin@gorillaexpense.com ::1 Mozilla/5.0+(Windows+NT+10.0;+Win64;+x64)+AppleWebKit/537.36+(KHTML,+like+Gecko)+Chrome/60.0.3112.113+Safari/537.36 http://localhost:51722/Dashboard/ViewDashboard 302 0 64 12630
2017-09-25 12:42:01 ::1 GET /User/LogOut - 51722 qc1admin@gorillaexpense.com ::1 Mozilla/5.0+(Windows+NT+10.0;+Win64;+x64)+AppleWebKit/537.36+(KHTML,+like+Gecko)+Chrome/60.0.3112.113+Safari/537.36 http://localhost:51722/Dashboard/ViewDashboard 302 0 64 9252
2017-09-25 12:42:02 ::1 GET /User/LogOut - 51722 qc1admin@gorillaexpense.com ::1 Mozilla/5.0+(Windows+NT+10.0;+Win64;+x64)+AppleWebKit/537.36+(KHTML,+like+Gecko)+Chrome/60.0.3112.113+Safari/537.36 http://localhost:51722/Dashboard/ViewDashboard 302 0 64 16532
2017-09-25 12:42:02 ::1 GET /User/LogOut - 51722 qc1admin@gorillaexpense.com ::1 Mozilla/5.0+(Windows+NT+10.0;+Win64;+x64)+AppleWebKit/537.36+(KHTML,+like+Gecko)+Chrome/60.0.3112.113+Safari/537.36 http://localhost:51722/Dashboard/ViewDashboard 302 0 64 53292
2017-09-25 12:42:02 ::1 GET /User/LogOn - 51722 - ::1 Mozilla/5.0+(Windows+NT+10.0;+Win64;+x64)+AppleWebKit/537.36+(KHTML,+like+Gecko)+Chrome/60.0.3112.113+Safari/537.36 http://localhost:51722/Dashboard/ViewDashboard 200 0 64 7443
2017-09-25 12:42:05 ::1 GET /User/LogOut - 51722 qc1admin@gorillaexpense.com ::1 Mozilla/5.0+(Windows+NT+10.0;+Win64;+x64)+AppleWebKit/537.36+(KHTML,+like+Gecko)+Chrome/60.0.3112.113+Safari/537.36 http://localhost:51722/Dashboard/ViewDashboard 302 0 64 25165
2017-09-25 12:42:05 ::1 GET /User/LogOut - 51722 - ::1 Mozilla/5.0+(Windows+NT+10.0;+Win64;+x64)+AppleWebKit/537.36+(KHTML,+like+Gecko)+Chrome/60.0.3112.113+Safari/537.36 http://localhost:51722/Dashboard/ViewDashboard 302 0 64 5165
2017-09-25 12:42:07 ::1 GET /User/LogOut - 51722 qc1admin@gorillaexpense.com ::1 Mozilla/5.0+(Windows+NT+10.0;+Win64;+x64)+AppleWebKit/537.36+(KHTML,+like+Gecko)+Chrome/60.0.3112.113+Safari/537.36 http://localhost:51722/Dashboard/ViewDashboard 302 0 64 23139
2017-09-25 12:42:07 ::1 GET /User/LogOut - 51722 - ::1 Mozilla/5.0+(Windows+NT+10.0;+Win64;+x64)+AppleWebKit/537.36+(KHTML,+like+Gecko)+Chrome/60.0.3112.113+Safari/537.36 http://localhost:51722/Dashboard/ViewDashboard 302 0 64 11153
2017-09-25 12:42:08 ::1 GET /User/LogOut - 51722 - ::1 Mozilla/5.0+(Windows+NT+10.0;+Win64;+x64)+AppleWebKit/537.36+(KHTML,+like+Gecko)+Chrome/60.0.3112.113+Safari/537.36 http://localhost:51722/Dashboard/ViewDashboard 302 0 64 4586
2017-09-25 12:42:08 ::1 GET /User/LogOut - 51722 qc1admin@gorillaexpense.com ::1 Mozilla/5.0+(Windows+NT+10.0;+Win64;+x64)+AppleWebKit/537.36+(KHTML,+like+Gecko)+Chrome/60.0.3112.113+Safari/537.36 http://localhost:51722/Dashboard/ViewDashboard 302 0 64 52620
2017-09-25 12:42:10 ::1 GET /User/LogOut - 51722 - ::1 Mozilla/5.0+(Windows+NT+10.0;+Win64;+x64)+AppleWebKit/537.36+(KHTML,+like+Gecko)+Chrome/60.0.3112.113+Safari/537.36 http://localhost:51722/Dashboard/ViewDashboard 302 0 0 1898
2017-09-25 12:42:10 ::1 GET /User/LogOut - 51722 qc1admin@gorillaexpense.com ::1 Mozilla/5.0+(Windows+NT+10.0;+Win64;+x64)+AppleWebKit/537.36+(KHTML,+like+Gecko)+Chrome/60.0.3112.113+Safari/537.36 http://localhost:51722/Dashboard/ViewDashboard 302 0 64 31925
2017-09-25 12:42:10 ::1 GET / - 51722 - ::1 Mozilla/5.0+(Windows+NT+10.0;+Win64;+x64)+AppleWebKit/537.36+(KHTML,+like+Gecko)+Chrome/60.0.3112.113+Safari/537.36 http://localhost:51722/Dashboard/ViewDashboard 302 0 64 717
2017-09-25 12:42:12 ::1 GET /User/LogOut - 51722 - ::1 Mozilla/5.0+(Windows+NT+10.0;+Win64;+x64)+AppleWebKit/537.36+(KHTML,+like+Gecko)+Chrome/60.0.3112.113+Safari/537.36 http://localhost:51722/Dashboard/ViewDashboard 302 0 64 9968
2017-09-25 12:42:12 ::1 GET /User/LogOut - 51722 qc1admin@gorillaexpense.com ::1 Mozilla/5.0+(Windows+NT+10.0;+Win64;+x64)+AppleWebKit/537.36+(KHTML,+like+Gecko)+Chrome/60.0.3112.113+Safari/537.36 http://localhost:51722/Dashboard/ViewDashboard 302 0 64 52689
2017-09-25 12:42:12 ::1 GET /User/LogOut - 51722 - ::1 Mozilla/5.0+(Windows+NT+10.0;+Win64;+x64)+AppleWebKit/537.36+(KHTML,+like+Gecko)+Chrome/60.0.3112.113+Safari/537.36 http://localhost:51722/Dashboard/ViewDashboard 302 0 64 6675
2017-09-25 12:42:13 ::1 GET /User/LogOut - 51722 - ::1 Mozilla/5.0+(Windows+NT+10.0;+Win64;+x64)+AppleWebKit/537.36+(KHTML,+like+Gecko)+Chrome/60.0.3112.113+Safari/537.36 http://localhost:51722/Dashboard/ViewDashboard 302 0 64 3346
2017-09-25 12:42:15 ::1 GET /User/LogOut - 51722 - ::1 Mozilla/5.0+(Windows+NT+10.0;+Win64;+x64)+AppleWebKit/537.36+(KHTML,+like+Gecko)+Chrome/60.0.3112.113+Safari/537.36 http://localhost:51722/Dashboard/ViewDashboard 302 0 64 2967
2017-09-25 12:42:15 ::1 GET /User/LogOut - 51722 qc1admin@gorillaexpense.com ::1 Mozilla/5.0+(Windows+NT+10.0;+Win64;+x64)+AppleWebKit/537.36+(KHTML,+like+Gecko)+Chrome/60.0.3112.113+Safari/537.36 http://localhost:51722/Dashboard/ViewDashboard 302 0 64 43010
2017-09-25 12:42:15 ::1 GET /User/LogOut - 51722 - ::1 Mozilla/5.0+(Windows+NT+10.0;+Win64;+x64)+AppleWebKit/537.36+(KHTML,+like+Gecko)+Chrome/60.0.3112.113+Safari/537.36 http://localhost:51722/Dashboard/ViewDashboard 302 0 64 16999
2017-09-25 12:42:18 ::1 GET /User/LogOut - 51722 qc1admin@gorillaexpense.com ::1 Mozilla/5.0+(Windows+NT+10.0;+Win64;+x64)+AppleWebKit/537.36+(KHTML,+like+Gecko)+Chrome/60.0.3112.113+Safari/537.36 http://localhost:51722/Dashboard/ViewDashboard 302 0 64 52571
2017-09-25 12:42:18 ::1 GET /User/LogOut - 51722 - ::1 Mozilla/5.0+(Windows+NT+10.0;+Win64;+x64)+AppleWebKit/537.36+(KHTML,+like+Gecko)+Chrome/60.0.3112.113+Safari/537.36 http://localhost:51722/Dashboard/ViewDashboard 302 0 64 4554
2017-09-25 12:42:18 ::1 GET /User/LogOut - 51722 qc1admin@gorillaexpense.com ::1 Mozilla/5.0+(Windows+NT+10.0;+Win64;+x64)+AppleWebKit/537.36+(KHTML,+like+Gecko)+Chrome/60.0.3112.113+Safari/537.36 http://localhost:51722/Dashboard/ViewDashboard 302 0 64 60614
2017-09-25 12:42:18 ::1 GET /User/LogOut - 51722 - ::1 Mozilla/5.0+(Windows+NT+10.0;+Win64;+x64)+AppleWebKit/537.36+(KHTML,+like+Gecko)+Chrome/60.0.3112.113+Safari/537.36 http://localhost:51722/Dashboard/ViewDashboard 302 0 0 580
2017-09-25 12:42:18 ::1 GET /User/LogOut - 51722 - ::1 Mozilla/5.0+(Windows+NT+10.0;+Win64;+x64)+AppleWebKit/537.36+(KHTML,+like+Gecko)+Chrome/60.0.3112.113+Safari/537.36 http://localhost:51722/Dashboard/ViewDashboard 302 0 64 2589
2017-09-25 12:42:18 ::1 GET / - 51722 - ::1 Mozilla/5.0+(Windows+NT+10.0;+Win64;+x64)+AppleWebKit/537.36+(KHTML,+like+Gecko)+Chrome/60.0.3112.113+Safari/537.36 http://localhost:51722/Dashboard/ViewDashboard 302 0 0 19
2017-09-25 12:42:26 ::1 GET /User/LogOn - 51722 - ::1 Mozilla/5.0+(Windows+NT+10.0;+Win64;+x64)+AppleWebKit/537.36+(KHTML,+like+Gecko)+Chrome/60.0.3112.113+Safari/537.36 http://localhost:51722/Dashboard/ViewDashboard 200 0 64 7785
2017-09-25 12:42:26 ::1 GET /User/LogOut - 51722 - ::1 Mozilla/5.0+(Windows+NT+10.0;+Win64;+x64)+AppleWebKit/537.36+(KHTML,+like+Gecko)+Chrome/60.0.3112.113+Safari/537.36 http://localhost:51722/Dashboard/ViewDashboard 302 0 0 636
2017-09-25 12:42:26 ::1 GET / - 51722 - ::1 Mozilla/5.0+(Windows+NT+10.0;+Win64;+x64)+AppleWebKit/537.36+(KHTML,+like+Gecko)+Chrome/60.0.3112.113+Safari/537.36 http://localhost:51722/Dashboard/ViewDashboard 302 0 0 34
2017-09-25 12:42:26 ::1 GET /User/LogOut - 51722 - ::1 Mozilla/5.0+(Windows+NT+10.0;+Win64;+x64)+AppleWebKit/537.36+(KHTML,+like+Gecko)+Chrome/60.0.3112.113+Safari/537.36 http://localhost:51722/Dashboard/ViewDashboard 302 0 64 2688
2017-09-25 12:42:29 ::1 GET /User/LogOut - 51722 - ::1 Mozilla/5.0+(Windows+NT+10.0;+Win64;+x64)+AppleWebKit/537.36+(KHTML,+like+Gecko)+Chrome/60.0.3112.113+Safari/537.36 http://localhost:51722/Dashboard/ViewDashboard 302 0 64 8792
2017-09-25 12:42:29 ::1 GET /User/LogOn - 51722 - ::1 Mozilla/5.0+(Windows+NT+10.0;+Win64;+x64)+AppleWebKit/537.36+(KHTML,+like+Gecko)+Chrome/60.0.3112.113+Safari/537.36 http://localhost:51722/Dashboard/ViewDashboard 200 0 64 2190
2017-09-25 12:42:29 ::1 GET /User/LogOut - 51722 - ::1 Mozilla/5.0+(Windows+NT+10.0;+Win64;+x64)+AppleWebKit/537.36+(KHTML,+like+Gecko)+Chrome/60.0.3112.113+Safari/537.36 http://localhost:51722/Dashboard/ViewDashboard 302 0 64 7148
2017-09-25 12:42:29 ::1 GET /User/LogOut - 51722 - ::1 Mozilla/5.0+(Windows+NT+10.0;+Win64;+x64)+AppleWebKit/537.36+(KHTML,+like+Gecko)+Chrome/60.0.3112.113+Safari/537.36 http://localhost:51722/Dashboard/ViewDashboard 302 0 0 1255
2017-09-25 12:42:29 ::1 GET / - 51722 - ::1 Mozilla/5.0+(Windows+NT+10.0;+Win64;+x64)+AppleWebKit/537.36+(KHTML,+like+Gecko)+Chrome/60.0.3112.113+Safari/537.36 http://localhost:51722/Dashboard/ViewDashboard 302 0 0 24
2017-09-25 12:42:30 ::1 GET /User/LogOn - 51722 - ::1 Mozilla/5.0+(Windows+NT+10.0;+Win64;+x64)+AppleWebKit/537.36+(KHTML,+like+Gecko)+Chrome/60.0.3112.113+Safari/537.36 http://localhost:51722/Dashboard/ViewDashboard 200 0 64 1079
2017-09-25 12:42:30 ::1 GET /User/LogOut - 51722 - ::1 Mozilla/5.0+(Windows+NT+10.0;+Win64;+x64)+AppleWebKit/537.36+(KHTML,+like+Gecko)+Chrome/60.0.3112.113+Safari/537.36 http://localhost:51722/Dashboard/ViewDashboard 302 0 0 754
2017-09-25 12:42:30 ::1 GET / - 51722 - ::1 Mozilla/5.0+(Windows+NT+10.0;+Win64;+x64)+AppleWebKit/537.36+(KHTML,+like+Gecko)+Chrome/60.0.3112.113+Safari/537.36 http://localhost:51722/Dashboard/ViewDashboard 302 0 0 16
2017-09-25 12:42:32 ::1 GET /User/LogOn - 51722 - ::1 Mozilla/5.0+(Windows+NT+10.0;+Win64;+x64)+AppleWebKit/537.36+(KHTML,+like+Gecko)+Chrome/60.0.3112.113+Safari/537.36 http://localhost:51722/Dashboard/ViewDashboard 200 0 0 897
2017-09-25 12:43:13 ::1 POST /User/LogOn - 51722 - ::1 Mozilla/5.0+(Windows+NT+10.0;+Win64;+x64)+AppleWebKit/537.36+(KHTML,+like+Gecko)+Chrome/60.0.3112.113+Safari/537.36 http://localhost:51722/User/LogOn 302 0 0 32665
2017-09-25 12:43:13 ::1 GET / - 51722 qc1admin@gorillaexpense.com ::1 Mozilla/5.0+(Windows+NT+10.0;+Win64;+x64)+AppleWebKit/537.36+(KHTML,+like+Gecko)+Chrome/60.0.3112.113+Safari/537.36 http://localhost:51722/User/LogOn 302 0 0 19
#Software: Microsoft Internet Information Services 8.0
#Version: 1.0
#Date: 2017-09-25 12:43:45
#Fields: date time s-ip cs-method cs-uri-stem cs-uri-query s-port cs-username c-ip cs(User-Agent) cs(Referer) sc-status sc-substatus sc-win32-status time-taken
2017-09-25 12:43:45 ::1 GET / - 51722 qc1admin@gorillaexpense.com ::1 Mozilla/5.0+(Windows+NT+10.0;+Win64;+x64)+AppleWebKit/537.36+(KHTML,+like+Gecko)+Chrome/60.0.3112.113+Safari/537.36 - 302 0 0 9770
2017-09-25 12:43:48 ::1 GET /User/LogOn - 51722 qc1admin@gorillaexpense.com ::1 Mozilla/5.0+(Windows+NT+10.0;+Win64;+x64)+AppleWebKit/537.36+(KHTML,+like+Gecko)+Chrome/60.0.3112.113+Safari/537.36 - 200 0 0 3035
2017-09-25 12:44:14 ::1 POST /User/LogOn - 51722 qc1admin@gorillaexpense.com ::1 Mozilla/5.0+(Windows+NT+10.0;+Win64;+x64)+AppleWebKit/537.36+(KHTML,+like+Gecko)+Chrome/60.0.3112.113+Safari/537.36 http://localhost:51722/User/LogOn 302 0 0 21428
2017-09-25 12:44:14 ::1 GET / - 51722 qc1admin@gorillaexpense.com ::1 Mozilla/5.0+(Windows+NT+10.0;+Win64;+x64)+AppleWebKit/537.36+(KHTML,+like+Gecko)+Chrome/60.0.3112.113+Safari/537.36 http://localhost:51722/User/LogOn 302 0 0 15
2017-09-25 12:44:25 ::1 GET /Dashboard/ViewDashboard - 51722 qc1admin@gorillaexpense.com ::1 Mozilla/5.0+(Windows+NT+10.0;+Win64;+x64)+AppleWebKit/537.36+(KHTML,+like+Gecko)+Chrome/60.0.3112.113+Safari/537.36 http://localhost:51722/User/LogOn 200 0 0 10546
2017-09-25 12:44:28 ::1 GET /Dashboard/getAjaxTab/1 sDate=null&eDate=null 51722 qc1admin@gorillaexpense.com ::1 Mozilla/5.0+(Windows+NT+10.0;+Win64;+x64)+AppleWebKit/537.36+(KHTML,+like+Gecko)+Chrome/60.0.3112.113+Safari/537.36 http://localhost:51722/Dashboard/ViewDashboard 200 0 0 2668
2017-09-25 12:44:28 ::1 GET /Scripts/v2/easy.pie.chart/jquery.easing.1.3.js _=1506343468473 51722 - ::1 Mozilla/5.0+(Windows+NT+10.0;+Win64;+x64)+AppleWebKit/537.36+(KHTML,+like+Gecko)+Chrome/60.0.3112.113+Safari/537.36 http://localhost:51722/Dashboard/ViewDashboard 200 0 0 29
2017-09-25 12:44:28 ::1 GET /Scripts/v2/easy.pie.chart/jquery.easypiechart.min.js _=1506343468510 51722 - ::1 Mozilla/5.0+(Windows+NT+10.0;+Win64;+x64)+AppleWebKit/537.36+(KHTML,+like+Gecko)+Chrome/60.0.3112.113+Safari/537.36 http://localhost:51722/Dashboard/ViewDashboard 200 0 0 13
2017-09-25 12:44:28 ::1 GET /Scripts/v2/morris.charts/morris.min.js _=1506343468540 51722 - ::1 Mozilla/5.0+(Windows+NT+10.0;+Win64;+x64)+AppleWebKit/537.36+(KHTML,+like+Gecko)+Chrome/60.0.3112.113+Safari/537.36 http://localhost:51722/Dashboard/ViewDashboard 200 0 0 8
2017-09-25 12:44:28 ::1 GET /Scripts/v2/morris.charts/raphael.min.js _=1506343468571 51722 - ::1 Mozilla/5.0+(Windows+NT+10.0;+Win64;+x64)+AppleWebKit/537.36+(KHTML,+like+Gecko)+Chrome/60.0.3112.113+Safari/537.36 http://localhost:51722/Dashboard/ViewDashboard 200 0 0 10
2017-09-25 12:44:37 ::1 GET /Dashboard/GetExpenseSubmissions/ sDate=null&eDate=null 51722 qc1admin@gorillaexpense.com ::1 Mozilla/5.0+(Windows+NT+10.0;+Win64;+x64)+AppleWebKit/537.36+(KHTML,+like+Gecko)+Chrome/60.0.3112.113+Safari/537.36 http://localhost:51722/Dashboard/ViewDashboard 200 0 0 8400
2017-09-25 12:44:37 ::1 GET /User/LogOut - 51722 qc1admin@gorillaexpense.com ::1 Mozilla/5.0+(Windows+NT+10.0;+Win64;+x64)+AppleWebKit/537.36+(KHTML,+like+Gecko)+Chrome/60.0.3112.113+Safari/537.36 http://localhost:51722/Dashboard/ViewDashboard 302 0 0 1021
2017-09-25 12:44:39 ::1 GET /User/LogOut - 51722 - ::1 Mozilla/5.0+(Windows+NT+10.0;+Win64;+x64)+AppleWebKit/537.36+(KHTML,+like+Gecko)+Chrome/60.0.3112.113+Safari/537.36 http://localhost:51722/Dashboard/ViewDashboard 302 0 0 14
2017-09-25 12:44:39 ::1 GET / - 51722 - ::1 Mozilla/5.0+(Windows+NT+10.0;+Win64;+x64)+AppleWebKit/537.36+(KHTML,+like+Gecko)+Chrome/60.0.3112.113+Safari/537.36 http://localhost:51722/Dashboard/ViewDashboard 302 0 0 29
2017-09-25 12:44:41 ::1 GET /User/LogOn - 51722 - ::1 Mozilla/5.0+(Windows+NT+10.0;+Win64;+x64)+AppleWebKit/537.36+(KHTML,+like+Gecko)+Chrome/60.0.3112.113+Safari/537.36 http://localhost:51722/Dashboard/ViewDashboard 200 0 0 2277
2017-09-25 12:44:58 ::1 GET /Dashboard/GetPayMethodsAmount/ sDate=null&eDate=null 51722 qc1admin@gorillaexpense.com ::1 Mozilla/5.0+(Windows+NT+10.0;+Win64;+x64)+AppleWebKit/537.36+(KHTML,+like+Gecko)+Chrome/60.0.3112.113+Safari/537.36 http://localhost:51722/Dashboard/ViewDashboard 302 0 64 29380
2017-09-25 12:44:58 ::1 GET /User/LogOut - 51722 qc1admin@gorillaexpense.com ::1 Mozilla/5.0+(Windows+NT+10.0;+Win64;+x64)+AppleWebKit/537.36+(KHTML,+like+Gecko)+Chrome/60.0.3112.113+Safari/537.36 http://localhost:51722/Dashboard/ViewDashboard 302 0 64 26599
2017-09-25 12:44:58 ::1 GET /User/LogOut - 51722 qc1admin@gorillaexpense.com ::1 Mozilla/5.0+(Windows+NT+10.0;+Win64;+x64)+AppleWebKit/537.36+(KHTML,+like+Gecko)+Chrome/60.0.3112.113+Safari/537.36 http://localhost:51722/Dashboard/ViewDashboard 302 0 64 25073
2017-09-25 12:45:12 ::1 POST /User/LogOn - 51722 - ::1 Mozilla/5.0+(Windows+NT+10.0;+Win64;+x64)+AppleWebKit/537.36+(KHTML,+like+Gecko)+Chrome/60.0.3112.113+Safari/537.36 http://localhost:51722/User/LogOn 302 0 0 8761
2017-09-25 12:45:12 ::1 GET / - 51722 qc1admin@gorillaexpense.com ::1 Mozilla/5.0+(Windows+NT+10.0;+Win64;+x64)+AppleWebKit/537.36+(KHTML,+like+Gecko)+Chrome/60.0.3112.113+Safari/537.36 http://localhost:51722/User/LogOn 302 0 0 58
#Software: Microsoft Internet Information Services 8.0
#Version: 1.0
#Date: 2017-09-25 12:45:45
#Fields: date time s-ip cs-method cs-uri-stem cs-uri-query s-port cs-username c-ip cs(User-Agent) cs(Referer) sc-status sc-substatus sc-win32-status time-taken
2017-09-25 12:45:45 ::1 GET / - 51722 qc1admin@gorillaexpense.com ::1 Mozilla/5.0+(Windows+NT+10.0;+Win64;+x64)+AppleWebKit/537.36+(KHTML,+like+Gecko)+Chrome/60.0.3112.113+Safari/537.36 - 302 0 0 12403
2017-09-25 12:45:48 ::1 GET /User/LogOn - 51722 qc1admin@gorillaexpense.com ::1 Mozilla/5.0+(Windows+NT+10.0;+Win64;+x64)+AppleWebKit/537.36+(KHTML,+like+Gecko)+Chrome/60.0.3112.113+Safari/537.36 - 200 0 0 3445
2017-09-25 12:46:19 ::1 POST /User/LogOn - 51722 qc1admin@gorillaexpense.com ::1 Mozilla/5.0+(Windows+NT+10.0;+Win64;+x64)+AppleWebKit/537.36+(KHTML,+like+Gecko)+Chrome/60.0.3112.113+Safari/537.36 http://localhost:51722/User/LogOn 302 0 0 22593
2017-09-25 12:46:19 ::1 GET / - 51722 qc1admin@gorillaexpense.com ::1 Mozilla/5.0+(Windows+NT+10.0;+Win64;+x64)+AppleWebKit/537.36+(KHTML,+like+Gecko)+Chrome/60.0.3112.113+Safari/537.36 http://localhost:51722/User/LogOn 302 0 0 32
2017-09-25 12:46:30 ::1 GET /Dashboard/ViewDashboard - 51722 qc1admin@gorillaexpense.com ::1 Mozilla/5.0+(Windows+NT+10.0;+Win64;+x64)+AppleWebKit/537.36+(KHTML,+like+Gecko)+Chrome/60.0.3112.113+Safari/537.36 http://localhost:51722/User/LogOn 200 0 0 10848
2017-09-25 12:46:34 ::1 GET /Dashboard/getAjaxTab/1 sDate=null&eDate=null 51722 qc1admin@gorillaexpense.com ::1 Mozilla/5.0+(Windows+NT+10.0;+Win64;+x64)+AppleWebKit/537.36+(KHTML,+like+Gecko)+Chrome/60.0.3112.113+Safari/537.36 http://localhost:51722/Dashboard/ViewDashboard 200 0 0 3271
2017-09-25 12:46:34 ::1 GET /Scripts/v2/easy.pie.chart/jquery.easing.1.3.js _=1506343594123 51722 - ::1 Mozilla/5.0+(Windows+NT+10.0;+Win64;+x64)+AppleWebKit/537.36+(KHTML,+like+Gecko)+Chrome/60.0.3112.113+Safari/537.36 http://localhost:51722/Dashboard/ViewDashboard 200 0 0 23
2017-09-25 12:46:34 ::1 GET /Scripts/v2/easy.pie.chart/jquery.easypiechart.min.js _=1506343594162 51722 - ::1 Mozilla/5.0+(Windows+NT+10.0;+Win64;+x64)+AppleWebKit/537.36+(KHTML,+like+Gecko)+Chrome/60.0.3112.113+Safari/537.36 http://localhost:51722/Dashboard/ViewDashboard 200 0 0 21
2017-09-25 12:46:34 ::1 GET /Scripts/v2/morris.charts/morris.min.js _=1506343594193 51722 - ::1 Mozilla/5.0+(Windows+NT+10.0;+Win64;+x64)+AppleWebKit/537.36+(KHTML,+like+Gecko)+Chrome/60.0.3112.113+Safari/537.36 http://localhost:51722/Dashboard/ViewDashboard 200 0 0 17
2017-09-25 12:46:34 ::1 GET /Scripts/v2/morris.charts/raphael.min.js _=1506343594234 51722 - ::1 Mozilla/5.0+(Windows+NT+10.0;+Win64;+x64)+AppleWebKit/537.36+(KHTML,+like+Gecko)+Chrome/60.0.3112.113+Safari/537.36 http://localhost:51722/Dashboard/ViewDashboard 200 0 0 14
2017-09-25 12:46:52 ::1 GET /Dashboard/GetExpenseSubmissions/ sDate=null&eDate=null 51722 qc1admin@gorillaexpense.com ::1 Mozilla/5.0+(Windows+NT+10.0;+Win64;+x64)+AppleWebKit/537.36+(KHTML,+like+Gecko)+Chrome/60.0.3112.113+Safari/537.36 http://localhost:51722/Dashboard/ViewDashboard 200 0 0 17845
2017-09-25 12:46:52 ::1 GET /User/LogOut - 51722 qc1admin@gorillaexpense.com ::1 Mozilla/5.0+(Windows+NT+10.0;+Win64;+x64)+AppleWebKit/537.36+(KHTML,+like+Gecko)+Chrome/60.0.3112.113+Safari/537.36 http://localhost:51722/Dashboard/ViewDashboard 302 0 0 40
2017-09-25 12:47:14 ::1 GET /Dashboard/GetPayMethodsAmount/ sDate=null&eDate=null 51722 qc1admin@gorillaexpense.com ::1 Mozilla/5.0+(Windows+NT+10.0;+Win64;+x64)+AppleWebKit/537.36+(KHTML,+like+Gecko)+Chrome/60.0.3112.113+Safari/537.36 http://localhost:51722/Dashboard/ViewDashboard 302 0 64 40403
2017-09-25 12:47:14 ::1 GET /User/LogOut - 51722 qc1admin@gorillaexpense.com ::1 Mozilla/5.0+(Windows+NT+10.0;+Win64;+x64)+AppleWebKit/537.36+(KHTML,+like+Gecko)+Chrome/60.0.3112.113+Safari/537.36 http://localhost:51722/Dashboard/ViewDashboard 302 0 64 25433
2017-09-25 12:47:14 ::1 GET /User/LogOut - 51722 qc1admin@gorillaexpense.com ::1 Mozilla/5.0+(Windows+NT+10.0;+Win64;+x64)+AppleWebKit/537.36+(KHTML,+like+Gecko)+Chrome/60.0.3112.113+Safari/537.36 http://localhost:51722/Dashboard/ViewDashboard 302 0 64 29955
2017-09-25 12:47:15 ::1 GET /User/LogOut - 51722 qc1admin@gorillaexpense.com ::1 Mozilla/5.0+(Windows+NT+10.0;+Win64;+x64)+AppleWebKit/537.36+(KHTML,+like+Gecko)+Chrome/60.0.3112.113+Safari/537.36 http://localhost:51722/Dashboard/ViewDashboard 302 0 64 28449
2017-09-25 12:47:36 ::1 GET /Dashboard/GetExpensePostings/ sDate=null&eDate=null 51722 qc1admin@gorillaexpense.com ::1 Mozilla/5.0+(Windows+NT+10.0;+Win64;+x64)+AppleWebKit/537.36+(KHTML,+like+Gecko)+Chrome/60.0.3112.113+Safari/537.36 http://localhost:51722/Dashboard/ViewDashboard 302 0 64 61711
2017-09-25 12:47:38 ::1 GET /Dashboard/GetExpenseTypesAmount/ sDate=null&eDate=null 51722 qc1admin@gorillaexpense.com ::1 Mozilla/5.0+(Windows+NT+10.0;+Win64;+x64)+AppleWebKit/537.36+(KHTML,+like+Gecko)+Chrome/60.0.3112.113+Safari/537.36 http://localhost:51722/Dashboard/ViewDashboard 302 0 64 63961
2017-09-25 12:47:40 ::1 GET /Dashboard/GetExpenseApprovals/ sDate=null&eDate=null 51722 qc1admin@gorillaexpense.com ::1 Mozilla/5.0+(Windows+NT+10.0;+Win64;+x64)+AppleWebKit/537.36+(KHTML,+like+Gecko)+Chrome/60.0.3112.113+Safari/537.36 http://localhost:51722/Dashboard/ViewDashboard 302 0 64 66312
#Software: Microsoft Internet Information Services 8.0
#Version: 1.0
#Date: 2017-09-25 12:48:25
#Fields: date time s-ip cs-method cs-uri-stem cs-uri-query s-port cs-username c-ip cs(User-Agent) cs(Referer) sc-status sc-substatus sc-win32-status time-taken
2017-09-25 12:48:25 ::1 GET / - 51722 - ::1 Mozilla/5.0+(Windows+NT+10.0;+Win64;+x64)+AppleWebKit/537.36+(KHTML,+like+Gecko)+Chrome/60.0.3112.113+Safari/537.36 - 302 0 0 11111
2017-09-25 12:48:28 ::1 GET /User/LogOn - 51722 - ::1 Mozilla/5.0+(Windows+NT+10.0;+Win64;+x64)+AppleWebKit/537.36+(KHTML,+like+Gecko)+Chrome/60.0.3112.113+Safari/537.36 - 200 0 0 2989
2017-09-25 12:49:28 ::1 POST /User/LogOn - 51722 - ::1 Mozilla/5.0+(Windows+NT+10.0;+Win64;+x64)+AppleWebKit/537.36+(KHTML,+like+Gecko)+Chrome/60.0.3112.113+Safari/537.36 http://localhost:51722/User/LogOn 302 0 0 17167
2017-09-25 12:49:28 ::1 GET / - 51722 qc1admin@gorillaexpense.com ::1 Mozilla/5.0+(Windows+NT+10.0;+Win64;+x64)+AppleWebKit/537.36+(KHTML,+like+Gecko)+Chrome/60.0.3112.113+Safari/537.36 http://localhost:51722/User/LogOn 302 0 0 36
2017-09-25 12:49:38 ::1 GET /Dashboard/ViewDashboard - 51722 qc1admin@gorillaexpense.com ::1 Mozilla/5.0+(Windows+NT+10.0;+Win64;+x64)+AppleWebKit/537.36+(KHTML,+like+Gecko)+Chrome/60.0.3112.113+Safari/537.36 http://localhost:51722/User/LogOn 200 0 0 10471
2017-09-25 12:49:41 ::1 GET /Dashboard/getAjaxTab/1 sDate=null&eDate=null 51722 qc1admin@gorillaexpense.com ::1 Mozilla/5.0+(Windows+NT+10.0;+Win64;+x64)+AppleWebKit/537.36+(KHTML,+like+Gecko)+Chrome/60.0.3112.113+Safari/537.36 http://localhost:51722/Dashboard/ViewDashboard 200 0 0 2793
2017-09-25 12:49:41 ::1 GET /Scripts/v2/easy.pie.chart/jquery.easing.1.3.js _=1506343781938 51722 - ::1 Mozilla/5.0+(Windows+NT+10.0;+Win64;+x64)+AppleWebKit/537.36+(KHTML,+like+Gecko)+Chrome/60.0.3112.113+Safari/537.36 http://localhost:51722/Dashboard/ViewDashboard 200 0 0 23
2017-09-25 12:49:41 ::1 GET /Scripts/v2/easy.pie.chart/jquery.easypiechart.min.js _=1506343781972 51722 - ::1 Mozilla/5.0+(Windows+NT+10.0;+Win64;+x64)+AppleWebKit/537.36+(KHTML,+like+Gecko)+Chrome/60.0.3112.113+Safari/537.36 http://localhost:51722/Dashboard/ViewDashboard 200 0 0 37
2017-09-25 12:49:41 ::1 GET /Scripts/v2/morris.charts/morris.min.js _=1506343782019 51722 - ::1 Mozilla/5.0+(Windows+NT+10.0;+Win64;+x64)+AppleWebKit/537.36+(KHTML,+like+Gecko)+Chrome/60.0.3112.113+Safari/537.36 http://localhost:51722/Dashboard/ViewDashboard 200 0 0 33
2017-09-25 12:49:41 ::1 GET /Scripts/v2/morris.charts/raphael.min.js _=1506343782069 51722 - ::1 Mozilla/5.0+(Windows+NT+10.0;+Win64;+x64)+AppleWebKit/537.36+(KHTML,+like+Gecko)+Chrome/60.0.3112.113+Safari/537.36 http://localhost:51722/Dashboard/ViewDashboard 200 0 0 15
2017-09-25 12:49:54 ::1 GET /Dashboard/GetExpenseSubmissions/ sDate=null&eDate=null 51722 qc1admin@gorillaexpense.com ::1 Mozilla/5.0+(Windows+NT+10.0;+Win64;+x64)+AppleWebKit/537.36+(KHTML,+like+Gecko)+Chrome/60.0.3112.113+Safari/537.36 http://localhost:51722/Dashboard/ViewDashboard 200 0 0 12352
2017-09-25 12:49:54 ::1 GET /User/LogOut - 51722 qc1admin@gorillaexpense.com ::1 Mozilla/5.0+(Windows+NT+10.0;+Win64;+x64)+AppleWebKit/537.36+(KHTML,+like+Gecko)+Chrome/60.0.3112.113+Safari/537.36 http://localhost:51722/Dashboard/ViewDashboard 302 0 0 545
2017-09-25 12:49:54 ::1 GET /User/LogOut - 51722 qc1admin@gorillaexpense.com ::1 Mozilla/5.0+(Windows+NT+10.0;+Win64;+x64)+AppleWebKit/537.36+(KHTML,+like+Gecko)+Chrome/60.0.3112.113+Safari/537.36 http://localhost:51722/Dashboard/ViewDashboard 302 0 64 2569
2017-09-25 12:49:56 ::1 GET /User/LogOut - 51722 - ::1 Mozilla/5.0+(Windows+NT+10.0;+Win64;+x64)+AppleWebKit/537.36+(KHTML,+like+Gecko)+Chrome/60.0.3112.113+Safari/537.36 http://localhost:51722/Dashboard/ViewDashboard 302 0 0 41
2017-09-25 12:49:56 ::1 GET / - 51722 - ::1 Mozilla/5.0+(Windows+NT+10.0;+Win64;+x64)+AppleWebKit/537.36+(KHTML,+like+Gecko)+Chrome/60.0.3112.113+Safari/537.36 http://localhost:51722/Dashboard/ViewDashboard 302 0 0 20
2017-09-25 12:49:58 ::1 GET /User/LogOn - 51722 - ::1 Mozilla/5.0+(Windows+NT+10.0;+Win64;+x64)+AppleWebKit/537.36+(KHTML,+like+Gecko)+Chrome/60.0.3112.113+Safari/537.36 http://localhost:51722/Dashboard/ViewDashboard 200 0 64 2377
2017-09-25 12:49:58 ::1 GET /User/LogOut - 51722 - ::1 Mozilla/5.0+(Windows+NT+10.0;+Win64;+x64)+AppleWebKit/537.36+(KHTML,+like+Gecko)+Chrome/60.0.3112.113+Safari/537.36 http://localhost:51722/Dashboard/ViewDashboard 302 0 0 528
2017-09-25 12:49:58 ::1 GET / - 51722 - ::1 Mozilla/5.0+(Windows+NT+10.0;+Win64;+x64)+AppleWebKit/537.36+(KHTML,+like+Gecko)+Chrome/60.0.3112.113+Safari/537.36 http://localhost:51722/Dashboard/ViewDashboard 302 0 0 19
2017-09-25 12:49:58 ::1 GET /User/LogOn - 51722 - ::1 Mozilla/5.0+(Windows+NT+10.0;+Win64;+x64)+AppleWebKit/537.36+(KHTML,+like+Gecko)+Chrome/60.0.3112.113+Safari/537.36 http://localhost:51722/Dashboard/ViewDashboard 200 0 0 214
2017-09-25 12:50:40 ::1 POST /User/LogOn - 51722 - ::1 Mozilla/5.0+(Windows+NT+10.0;+Win64;+x64)+AppleWebKit/537.36+(KHTML,+like+Gecko)+Chrome/60.0.3112.113+Safari/537.36 http://localhost:51722/User/LogOn 302 0 0 37363
2017-09-25 12:50:40 ::1 GET / - 51722 qc1admin@gorillaexpense.com ::1 Mozilla/5.0+(Windows+NT+10.0;+Win64;+x64)+AppleWebKit/537.36+(KHTML,+like+Gecko)+Chrome/60.0.3112.113+Safari/537.36 http://localhost:51722/User/LogOn 302 0 0 28
2017-09-25 12:50:48 ::1 GET /Dashboard/ViewDashboard - 51722 qc1admin@gorillaexpense.com ::1 Mozilla/5.0+(Windows+NT+10.0;+Win64;+x64)+AppleWebKit/537.36+(KHTML,+like+Gecko)+Chrome/60.0.3112.113+Safari/537.36 http://localhost:51722/User/LogOn 200 0 0 8184
2017-09-25 12:50:54 ::1 GET /Dashboard/getAjaxTab/1 sDate=null&eDate=null 51722 qc1admin@gorillaexpense.com ::1 Mozilla/5.0+(Windows+NT+10.0;+Win64;+x64)+AppleWebKit/537.36+(KHTML,+like+Gecko)+Chrome/60.0.3112.113+Safari/537.36 http://localhost:51722/Dashboard/ViewDashboard 200 0 0 5380
2017-09-25 12:50:54 ::1 GET /Scripts/v2/easy.pie.chart/jquery.easing.1.3.js _=1506343854571 51722 - ::1 Mozilla/5.0+(Windows+NT+10.0;+Win64;+x64)+AppleWebKit/537.36+(KHTML,+like+Gecko)+Chrome/60.0.3112.113+Safari/537.36 http://localhost:51722/Dashboard/ViewDashboard 200 0 0 42
2017-09-25 12:50:54 ::1 GET /Scripts/v2/easy.pie.chart/jquery.easypiechart.min.js _=1506343854625 51722 - ::1 Mozilla/5.0+(Windows+NT+10.0;+Win64;+x64)+AppleWebKit/537.36+(KHTML,+like+Gecko)+Chrome/60.0.3112.113+Safari/537.36 http://localhost:51722/Dashboard/ViewDashboard 200 0 0 17
2017-09-25 12:50:54 ::1 GET /Scripts/v2/morris.charts/morris.min.js _=1506343854646 51722 - ::1 Mozilla/5.0+(Windows+NT+10.0;+Win64;+x64)+AppleWebKit/537.36+(KHTML,+like+Gecko)+Chrome/60.0.3112.113+Safari/537.36 http://localhost:51722/Dashboard/ViewDashboard 200 0 0 15
2017-09-25 12:50:54 ::1 GET /Scripts/v2/morris.charts/raphael.min.js _=1506343854669 51722 - ::1 Mozilla/5.0+(Windows+NT+10.0;+Win64;+x64)+AppleWebKit/537.36+(KHTML,+like+Gecko)+Chrome/60.0.3112.113+Safari/537.36 http://localhost:51722/Dashboard/ViewDashboard 200 0 0 13
2017-09-25 12:50:56 ::1 GET /Dashboard/GetExpensePostings/ sDate=null&eDate=null 51722 qc1admin@gorillaexpense.com ::1 Mozilla/5.0+(Windows+NT+10.0;+Win64;+x64)+AppleWebKit/537.36+(KHTML,+like+Gecko)+Chrome/60.0.3112.113+Safari/537.36 http://localhost:51722/Dashboard/ViewDashboard 302 0 64 74581
2017-09-25 12:51:21 ::1 GET /Dashboard/GetPayMethodsAmount/ sDate=null&eDate=null 51722 qc1admin@gorillaexpense.com ::1 Mozilla/5.0+(Windows+NT+10.0;+Win64;+x64)+AppleWebKit/537.36+(KHTML,+like+Gecko)+Chrome/60.0.3112.113+Safari/537.36 http://localhost:51722/Dashboard/ViewDashboard 302 0 64 99605
2017-09-25 12:51:25 ::1 GET /Dashboard/GetExpenseTypesAmount/ sDate=null&eDate=null 51722 qc1admin@gorillaexpense.com ::1 Mozilla/5.0+(Windows+NT+10.0;+Win64;+x64)+AppleWebKit/537.36+(KHTML,+like+Gecko)+Chrome/60.0.3112.113+Safari/537.36 http://localhost:51722/Dashboard/ViewDashboard 302 0 64 103038
2017-09-25 12:51:25 ::1 GET /User/LogOut - 51722 qc1admin@gorillaexpense.com ::1 Mozilla/5.0+(Windows+NT+10.0;+Win64;+x64)+AppleWebKit/537.36+(KHTML,+like+Gecko)+Chrome/60.0.3112.113+Safari/537.36 http://localhost:51722/Dashboard/ViewDashboard 302 0 64 95362
2017-09-25 12:51:28 ::1 GET /Dashboard/GetExpenseSubmissions/ sDate=null&eDate=null 51722 qc1admin@gorillaexpense.com ::1 Mozilla/5.0+(Windows+NT+10.0;+Win64;+x64)+AppleWebKit/537.36+(KHTML,+like+Gecko)+Chrome/60.0.3112.113+Safari/537.36 http://localhost:51722/Dashboard/ViewDashboard 200 0 0 33372
2017-09-25 12:51:28 ::1 GET /Dashboard/GetExpenseApprovals/ sDate=null&eDate=null 51722 qc1admin@gorillaexpense.com ::1 Mozilla/5.0+(Windows+NT+10.0;+Win64;+x64)+AppleWebKit/537.36+(KHTML,+like+Gecko)+Chrome/60.0.3112.113+Safari/537.36 http://localhost:51722/Dashboard/ViewDashboard 302 0 64 106561
2017-09-25 12:51:46 ::1 GET /Dashboard/GetExpenseApprovals/ sDate=null&eDate=null 51722 qc1admin@gorillaexpense.com ::1 Mozilla/5.0+(Windows+NT+10.0;+Win64;+x64)+AppleWebKit/537.36+(KHTML,+like+Gecko)+Chrome/60.0.3112.113+Safari/537.36 http://localhost:51722/Dashboard/ViewDashboard 200 0 0 51857
2017-09-25 12:52:01 ::1 GET /Dashboard/GetExpenseTypesAmount/ sDate=null&eDate=null 51722 qc1admin@gorillaexpense.com ::1 Mozilla/5.0+(Windows+NT+10.0;+Win64;+x64)+AppleWebKit/537.36+(KHTML,+like+Gecko)+Chrome/60.0.3112.113+Safari/537.36 http://localhost:51722/Dashboard/ViewDashboard 200 0 0 67253
2017-09-25 12:52:17 ::1 GET /Dashboard/GetExpensePostings/ sDate=null&eDate=null 51722 qc1admin@gorillaexpense.com ::1 Mozilla/5.0+(Windows+NT+10.0;+Win64;+x64)+AppleWebKit/537.36+(KHTML,+like+Gecko)+Chrome/60.0.3112.113+Safari/537.36 http://localhost:51722/Dashboard/ViewDashboard 200 0 0 83116
2017-09-25 12:52:17 ::1 GET /User/LogOut - 51722 qc1admin@gorillaexpense.com ::1 Mozilla/5.0+(Windows+NT+10.0;+Win64;+x64)+AppleWebKit/537.36+(KHTML,+like+Gecko)+Chrome/60.0.3112.113+Safari/537.36 http://localhost:51722/Dashboard/ViewDashboard 302 0 64 8631
2017-09-25 12:52:17 ::1 GET /User/LogOut - 51722 qc1admin@gorillaexpense.com ::1 Mozilla/5.0+(Windows+NT+10.0;+Win64;+x64)+AppleWebKit/537.36+(KHTML,+like+Gecko)+Chrome/60.0.3112.113+Safari/537.36 http://localhost:51722/Dashboard/ViewDashboard 302 0 64 12771
2017-09-25 12:52:17 ::1 GET /User/LogOut - 51722 qc1admin@gorillaexpense.com ::1 Mozilla/5.0+(Windows+NT+10.0;+Win64;+x64)+AppleWebKit/537.36+(KHTML,+like+Gecko)+Chrome/60.0.3112.113+Safari/537.36 http://localhost:51722/Dashboard/ViewDashboard 302 0 0 1036
2017-09-25 12:52:17 ::1 GET / - 51722 - ::1 Mozilla/5.0+(Windows+NT+10.0;+Win64;+x64)+AppleWebKit/537.36+(KHTML,+like+Gecko)+Chrome/60.0.3112.113+Safari/537.36 http://localhost:51722/Dashboard/ViewDashboard 302 0 0 128
2017-09-25 12:52:21 ::1 GET /User/LogOn - 51722 - ::1 Mozilla/5.0+(Windows+NT+10.0;+Win64;+x64)+AppleWebKit/537.36+(KHTML,+like+Gecko)+Chrome/60.0.3112.113+Safari/537.36 http://localhost:51722/Dashboard/ViewDashboard 200 0 64 2748
2017-09-25 12:52:21 ::1 GET /User/LogOut - 51722 - ::1 Mozilla/5.0+(Windows+NT+10.0;+Win64;+x64)+AppleWebKit/537.36+(KHTML,+like+Gecko)+Chrome/60.0.3112.113+Safari/537.36 http://localhost:51722/Dashboard/ViewDashboard 302 0 0 43
2017-09-25 12:52:21 ::1 GET / - 51722 - ::1 Mozilla/5.0+(Windows+NT+10.0;+Win64;+x64)+AppleWebKit/537.36+(KHTML,+like+Gecko)+Chrome/60.0.3112.113+Safari/537.36 http://localhost:51722/Dashboard/ViewDashboard 302 0 0 22
2017-09-25 12:52:21 ::1 GET /User/LogOut - 51722 - ::1 Mozilla/5.0+(Windows+NT+10.0;+Win64;+x64)+AppleWebKit/537.36+(KHTML,+like+Gecko)+Chrome/60.0.3112.113+Safari/537.36 http://localhost:51722/Dashboard/ViewDashboard 302 0 64 2115
2017-09-25 12:52:21 ::1 GET /User/LogOn - 51722 - ::1 Mozilla/5.0+(Windows+NT+10.0;+Win64;+x64)+AppleWebKit/537.36+(KHTML,+like+Gecko)+Chrome/60.0.3112.113+Safari/537.36 http://localhost:51722/Dashboard/ViewDashboard 200 0 0 248
#Software: Microsoft Internet Information Services 8.0
#Version: 1.0
#Date: 2017-09-25 13:21:23
#Fields: date time s-ip cs-method cs-uri-stem cs-uri-query s-port cs-username c-ip cs(User-Agent) cs(Referer) sc-status sc-substatus sc-win32-status time-taken
2017-09-25 13:21:23 ::1 GET / - 51722 - ::1 Mozilla/5.0+(Windows+NT+10.0;+Win64;+x64)+AppleWebKit/537.36+(KHTML,+like+Gecko)+Chrome/60.0.3112.113+Safari/537.36 - 302 0 0 33007
2017-09-25 13:21:34 ::1 GET /User/LogOn - 51722 - ::1 Mozilla/5.0+(Windows+NT+10.0;+Win64;+x64)+AppleWebKit/537.36+(KHTML,+like+Gecko)+Chrome/60.0.3112.113+Safari/537.36 - 200 0 0 10421
2017-09-25 13:22:32 ::1 POST /User/LogOn - 51722 - ::1 Mozilla/5.0+(Windows+NT+10.0;+Win64;+x64)+AppleWebKit/537.36+(KHTML,+like+Gecko)+Chrome/60.0.3112.113+Safari/537.36 http://localhost:51722/User/LogOn 302 0 0 28194
2017-09-25 13:22:32 ::1 GET / - 51722 qc1admin@gorillaexpense.com ::1 Mozilla/5.0+(Windows+NT+10.0;+Win64;+x64)+AppleWebKit/537.36+(KHTML,+like+Gecko)+Chrome/60.0.3112.113+Safari/537.36 http://localhost:51722/User/LogOn 302 0 0 34
2017-09-25 13:22:52 ::1 GET /Dashboard/ViewDashboard - 51722 qc1admin@gorillaexpense.com ::1 Mozilla/5.0+(Windows+NT+10.0;+Win64;+x64)+AppleWebKit/537.36+(KHTML,+like+Gecko)+Chrome/60.0.3112.113+Safari/537.36 http://localhost:51722/User/LogOn 200 0 0 19302
2017-09-25 13:22:55 ::1 GET /Dashboard/getAjaxTab/1 sDate=null&eDate=null 51722 qc1admin@gorillaexpense.com ::1 Mozilla/5.0+(Windows+NT+10.0;+Win64;+x64)+AppleWebKit/537.36+(KHTML,+like+Gecko)+Chrome/60.0.3112.113+Safari/537.36 http://localhost:51722/Dashboard/ViewDashboard 200 0 0 2817
2017-09-25 13:22:55 ::1 GET /Scripts/v2/easy.pie.chart/jquery.easing.1.3.js _=1506345775298 51722 - ::1 Mozilla/5.0+(Windows+NT+10.0;+Win64;+x64)+AppleWebKit/537.36+(KHTML,+like+Gecko)+Chrome/60.0.3112.113+Safari/537.36 http://localhost:51722/Dashboard/ViewDashboard 200 0 0 55
2017-09-25 13:22:55 ::1 GET /Scripts/v2/easy.pie.chart/jquery.easypiechart.min.js _=1506345775359 51722 - ::1 Mozilla/5.0+(Windows+NT+10.0;+Win64;+x64)+AppleWebKit/537.36+(KHTML,+like+Gecko)+Chrome/60.0.3112.113+Safari/537.36 http://localhost:51722/Dashboard/ViewDashboard 200 0 0 16
2017-09-25 13:22:55 ::1 GET /Scripts/v2/morris.charts/morris.min.js _=1506345775382 51722 - ::1 Mozilla/5.0+(Windows+NT+10.0;+Win64;+x64)+AppleWebKit/537.36+(KHTML,+like+Gecko)+Chrome/60.0.3112.113+Safari/537.36 http://localhost:51722/Dashboard/ViewDashboard 200 0 0 14
2017-09-25 13:22:55 ::1 GET /Scripts/v2/morris.charts/raphael.min.js _=1506345775416 51722 - ::1 Mozilla/5.0+(Windows+NT+10.0;+Win64;+x64)+AppleWebKit/537.36+(KHTML,+like+Gecko)+Chrome/60.0.3112.113+Safari/537.36 http://localhost:51722/Dashboard/ViewDashboard 200 0 0 44
2017-09-25 13:23:20 ::1 GET /Dashboard/GetExpensePostings/ sDate=null&eDate=null 51722 qc1admin@gorillaexpense.com ::1 Mozilla/5.0+(Windows+NT+10.0;+Win64;+x64)+AppleWebKit/537.36+(KHTML,+like+Gecko)+Chrome/60.0.3112.113+Safari/537.36 http://localhost:51722/Dashboard/ViewDashboard 200 0 0 24497
2017-09-25 13:23:36 ::1 GET /Dashboard/GetExpenseApprovals/ sDate=null&eDate=null 51722 qc1admin@gorillaexpense.com ::1 Mozilla/5.0+(Windows+NT+10.0;+Win64;+x64)+AppleWebKit/537.36+(KHTML,+like+Gecko)+Chrome/60.0.3112.113+Safari/537.36 http://localhost:51722/Dashboard/ViewDashboard 200 0 0 40550
2017-09-25 13:23:36 ::1 GET /User/LogOut - 51722 qc1admin@gorillaexpense.com ::1 Mozilla/5.0+(Windows+NT+10.0;+Win64;+x64)+AppleWebKit/537.36+(KHTML,+like+Gecko)+Chrome/60.0.3112.113+Safari/537.36 http://localhost:51722/Dashboard/ViewDashboard 302 0 0 545
2017-09-25 13:23:36 ::1 GET /User/LogOut - 51722 qc1admin@gorillaexpense.com ::1 Mozilla/5.0+(Windows+NT+10.0;+Win64;+x64)+AppleWebKit/537.36+(KHTML,+like+Gecko)+Chrome/60.0.3112.113+Safari/537.36 http://localhost:51722/Dashboard/ViewDashboard 302 0 64 4576
2017-09-25 13:23:37 ::1 GET /User/LogOut - 51722 - ::1 Mozilla/5.0+(Windows+NT+10.0;+Win64;+x64)+AppleWebKit/537.36+(KHTML,+like+Gecko)+Chrome/60.0.3112.113+Safari/537.36 http://localhost:51722/Dashboard/ViewDashboard 302 0 0 39
2017-09-25 13:23:37 ::1 GET / - 51722 - ::1 Mozilla/5.0+(Windows+NT+10.0;+Win64;+x64)+AppleWebKit/537.36+(KHTML,+like+Gecko)+Chrome/60.0.3112.113+Safari/537.36 http://localhost:51722/Dashboard/ViewDashboard 302 0 0 21
2017-09-25 13:23:39 ::1 GET /User/LogOn - 51722 - ::1 Mozilla/5.0+(Windows+NT+10.0;+Win64;+x64)+AppleWebKit/537.36+(KHTML,+like+Gecko)+Chrome/60.0.3112.113+Safari/537.36 http://localhost:51722/Dashboard/ViewDashboard 200 0 64 1952
2017-09-25 13:23:39 ::1 GET /User/LogOut - 51722 - ::1 Mozilla/5.0+(Windows+NT+10.0;+Win64;+x64)+AppleWebKit/537.36+(KHTML,+like+Gecko)+Chrome/60.0.3112.113+Safari/537.36 http://localhost:51722/Dashboard/ViewDashboard 302 0 0 520
2017-09-25 13:23:39 ::1 GET / - 51722 - ::1 Mozilla/5.0+(Windows+NT+10.0;+Win64;+x64)+AppleWebKit/537.36+(KHTML,+like+Gecko)+Chrome/60.0.3112.113+Safari/537.36 http://localhost:51722/Dashboard/ViewDashboard 302 0 0 4
2017-09-25 13:23:39 ::1 GET /User/LogOn - 51722 - ::1 Mozilla/5.0+(Windows+NT+10.0;+Win64;+x64)+AppleWebKit/537.36+(KHTML,+like+Gecko)+Chrome/60.0.3112.113+Safari/537.36 http://localhost:51722/Dashboard/ViewDashboard 200 0 0 175
2017-09-25 13:23:52 ::1 GET /Dashboard/GetPayMethodsAmount/ sDate=null&eDate=null 51722 qc1admin@gorillaexpense.com ::1 Mozilla/5.0+(Windows+NT+10.0;+Win64;+x64)+AppleWebKit/537.36+(KHTML,+like+Gecko)+Chrome/60.0.3112.113+Safari/537.36 http://localhost:51722/Dashboard/ViewDashboard 302 0 64 56685
2017-09-25 13:23:52 ::1 GET /Dashboard/GetExpenseTypesAmount/ sDate=null&eDate=null 51722 qc1admin@gorillaexpense.com ::1 Mozilla/5.0+(Windows+NT+10.0;+Win64;+x64)+AppleWebKit/537.36+(KHTML,+like+Gecko)+Chrome/60.0.3112.113+Safari/537.36 http://localhost:51722/Dashboard/ViewDashboard 302 0 64 57044
2017-09-25 13:23:52 ::1 GET /User/LogOut - 51722 qc1admin@gorillaexpense.com ::1 Mozilla/5.0+(Windows+NT+10.0;+Win64;+x64)+AppleWebKit/537.36+(KHTML,+like+Gecko)+Chrome/60.0.3112.113+Safari/537.36 http://localhost:51722/Dashboard/ViewDashboard 302 0 64 18852
2017-09-25 13:23:52 ::1 GET /Dashboard/GetExpenseSubmissions/ sDate=null&eDate=null 51722 qc1admin@gorillaexpense.com ::1 Mozilla/5.0+(Windows+NT+10.0;+Win64;+x64)+AppleWebKit/537.36+(KHTML,+like+Gecko)+Chrome/60.0.3112.113+Safari/537.36 http://localhost:51722/Dashboard/ViewDashboard 302 0 64 57556
2017-09-25 13:23:57 ::1 POST /User/LogOn - 51722 - ::1 Mozilla/5.0+(Windows+NT+10.0;+Win64;+x64)+AppleWebKit/537.36+(KHTML,+like+Gecko)+Chrome/60.0.3112.113+Safari/537.36 http://localhost:51722/User/LogOn 302 0 0 12759
2017-09-25 13:23:57 ::1 GET / - 51722 qc1admin@gorillaexpense.com ::1 Mozilla/5.0+(Windows+NT+10.0;+Win64;+x64)+AppleWebKit/537.36+(KHTML,+like+Gecko)+Chrome/60.0.3112.113+Safari/537.36 http://localhost:51722/User/LogOn 302 0 0 9
2017-09-25 13:24:05 ::1 GET /Dashboard/ViewDashboard - 51722 qc1admin@gorillaexpense.com ::1 Mozilla/5.0+(Windows+NT+10.0;+Win64;+x64)+AppleWebKit/537.36+(KHTML,+like+Gecko)+Chrome/60.0.3112.113+Safari/537.36 http://localhost:51722/User/LogOn 200 0 0 8740
2017-09-25 13:24:09 ::1 GET /Dashboard/getAjaxTab/1 sDate=null&eDate=null 51722 qc1admin@gorillaexpense.com ::1 Mozilla/5.0+(Windows+NT+10.0;+Win64;+x64)+AppleWebKit/537.36+(KHTML,+like+Gecko)+Chrome/60.0.3112.113+Safari/537.36 http://localhost:51722/Dashboard/ViewDashboard 200 0 0 2984
2017-09-25 13:24:09 ::1 GET /User/LogOut - 51722 qc1admin@gorillaexpense.com ::1 Mozilla/5.0+(Windows+NT+10.0;+Win64;+x64)+AppleWebKit/537.36+(KHTML,+like+Gecko)+Chrome/60.0.3112.113+Safari/537.36 http://localhost:51722/Dashboard/ViewDashboard 302 0 0 9
2017-09-25 13:24:09 ::1 GET /Scripts/v2/easy.pie.chart/jquery.easing.1.3.js _=1506345849057 51722 - ::1 Mozilla/5.0+(Windows+NT+10.0;+Win64;+x64)+AppleWebKit/537.36+(KHTML,+like+Gecko)+Chrome/60.0.3112.113+Safari/537.36 http://localhost:51722/Dashboard/ViewDashboard 200 0 0 17
2017-09-25 13:24:09 ::1 GET /Scripts/v2/easy.pie.chart/jquery.easypiechart.min.js _=1506345849111 51722 - ::1 Mozilla/5.0+(Windows+NT+10.0;+Win64;+x64)+AppleWebKit/537.36+(KHTML,+like+Gecko)+Chrome/60.0.3112.113+Safari/537.36 http://localhost:51722/Dashboard/ViewDashboard 200 0 0 10
2017-09-25 13:24:09 ::1 GET /Scripts/v2/morris.charts/morris.min.js _=1506345849124 51722 - ::1 Mozilla/5.0+(Windows+NT+10.0;+Win64;+x64)+AppleWebKit/537.36+(KHTML,+like+Gecko)+Chrome/60.0.3112.113+Safari/537.36 http://localhost:51722/Dashboard/ViewDashboard 200 0 0 15
2017-09-25 13:24:09 ::1 GET /Scripts/v2/morris.charts/raphael.min.js _=1506345849149 51722 - ::1 Mozilla/5.0+(Windows+NT+10.0;+Win64;+x64)+AppleWebKit/537.36+(KHTML,+like+Gecko)+Chrome/60.0.3112.113+Safari/537.36 http://localhost:51722/Dashboard/ViewDashboard 200 0 0 15
2017-09-25 13:24:11 ::1 GET /User/LogOut - 51722 - ::1 Mozilla/5.0+(Windows+NT+10.0;+Win64;+x64)+AppleWebKit/537.36+(KHTML,+like+Gecko)+Chrome/60.0.3112.113+Safari/537.36 http://localhost:51722/Dashboard/ViewDashboard 302 0 0 15
2017-09-25 13:24:11 ::1 GET / - 51722 - ::1 Mozilla/5.0+(Windows+NT+10.0;+Win64;+x64)+AppleWebKit/537.36+(KHTML,+like+Gecko)+Chrome/60.0.3112.113+Safari/537.36 http://localhost:51722/Dashboard/ViewDashboard 302 0 0 10
2017-09-25 13:24:11 ::1 GET /User/LogOn - 51722 - ::1 Mozilla/5.0+(Windows+NT+10.0;+Win64;+x64)+AppleWebKit/537.36+(KHTML,+like+Gecko)+Chrome/60.0.3112.113+Safari/537.36 http://localhost:51722/Dashboard/ViewDashboard 200 0 0 14
2017-09-25 13:24:26 ::1 GET /Dashboard/GetExpenseSubmissions/ sDate=null&eDate=null 51722 - ::1 Mozilla/5.0+(Windows+NT+10.0;+Win64;+x64)+AppleWebKit/537.36+(KHTML,+like+Gecko)+Chrome/60.0.3112.113+Safari/537.36 http://localhost:51722/Dashboard/ViewDashboard 302 0 64 17752
2017-09-25 13:24:26 ::1 GET /Dashboard/GetExpenseApprovals/ sDate=null&eDate=null 51722 - ::1 Mozilla/5.0+(Windows+NT+10.0;+Win64;+x64)+AppleWebKit/537.36+(KHTML,+like+Gecko)+Chrome/60.0.3112.113+Safari/537.36 http://localhost:51722/Dashboard/ViewDashboard 302 0 64 17746
2017-09-25 13:24:26 ::1 GET /Dashboard/GetExpensePostings/ sDate=null&eDate=null 51722 - ::1 Mozilla/5.0+(Windows+NT+10.0;+Win64;+x64)+AppleWebKit/537.36+(KHTML,+like+Gecko)+Chrome/60.0.3112.113+Safari/537.36 http://localhost:51722/Dashboard/ViewDashboard 302 0 64 17746
2017-09-25 13:24:26 ::1 GET /Dashboard/GetPayMethodsAmount/ sDate=null&eDate=null 51722 - ::1 Mozilla/5.0+(Windows+NT+10.0;+Win64;+x64)+AppleWebKit/537.36+(KHTML,+like+Gecko)+Chrome/60.0.3112.113+Safari/537.36 http://localhost:51722/Dashboard/ViewDashboard 302 0 64 17746
2017-09-25 13:24:26 ::1 GET /Dashboard/GetExpenseTypesAmount/ sDate=null&eDate=null 51722 - ::1 Mozilla/5.0+(Windows+NT+10.0;+Win64;+x64)+AppleWebKit/537.36+(KHTML,+like+Gecko)+Chrome/60.0.3112.113+Safari/537.36 http://localhost:51722/Dashboard/ViewDashboard 302 0 64 17731
2017-09-25 13:25:51 ::1 GET / - 51722 - ::1 Mozilla/5.0+(Windows+NT+10.0;+Win64;+x64)+AppleWebKit/537.36+(KHTML,+like+Gecko)+Chrome/60.0.3112.113+Safari/537.36 - 302 0 0 27805
2017-09-25 13:25:59 ::1 GET /User/LogOn - 51722 - ::1 Mozilla/5.0+(Windows+NT+10.0;+Win64;+x64)+AppleWebKit/537.36+(KHTML,+like+Gecko)+Chrome/60.0.3112.113+Safari/537.36 - 200 0 0 7455
2017-09-25 13:28:16 ::1 POST /User/LogOn - 51722 - ::1 Mozilla/5.0+(Windows+NT+10.0;+Win64;+x64)+AppleWebKit/537.36+(KHTML,+like+Gecko)+Chrome/60.0.3112.113+Safari/537.36 http://localhost:51722/User/LogOn 302 0 0 28904
2017-09-25 13:28:16 ::1 GET / - 51722 qc1admin@gorillaexpense.com ::1 Mozilla/5.0+(Windows+NT+10.0;+Win64;+x64)+AppleWebKit/537.36+(KHTML,+like+Gecko)+Chrome/60.0.3112.113+Safari/537.36 http://localhost:51722/User/LogOn 302 0 0 11
2017-09-25 13:28:33 ::1 GET /Dashboard/ViewDashboard - 51722 qc1admin@gorillaexpense.com ::1 Mozilla/5.0+(Windows+NT+10.0;+Win64;+x64)+AppleWebKit/537.36+(KHTML,+like+Gecko)+Chrome/60.0.3112.113+Safari/537.36 http://localhost:51722/User/LogOn 200 0 0 16890
2017-09-25 13:28:37 ::1 GET /Dashboard/getAjaxTab/1 sDate=null&eDate=null 51722 qc1admin@gorillaexpense.com ::1 Mozilla/5.0+(Windows+NT+10.0;+Win64;+x64)+AppleWebKit/537.36+(KHTML,+like+Gecko)+Chrome/60.0.3112.113+Safari/537.36 http://localhost:51722/Dashboard/ViewDashboard 200 0 0 2779
2017-09-25 13:28:37 ::1 GET /Scripts/v2/easy.pie.chart/jquery.easing.1.3.js _=1506346117505 51722 - ::1 Mozilla/5.0+(Windows+NT+10.0;+Win64;+x64)+AppleWebKit/537.36+(KHTML,+like+Gecko)+Chrome/60.0.3112.113+Safari/537.36 http://localhost:51722/Dashboard/ViewDashboard 200 0 0 32
2017-09-25 13:28:37 ::1 GET /Scripts/v2/easy.pie.chart/jquery.easypiechart.min.js _=1506346117556 51722 - ::1 Mozilla/5.0+(Windows+NT+10.0;+Win64;+x64)+AppleWebKit/537.36+(KHTML,+like+Gecko)+Chrome/60.0.3112.113+Safari/537.36 http://localhost:51722/Dashboard/ViewDashboard 200 0 0 87
2017-09-25 13:28:37 ::1 GET /Scripts/v2/morris.charts/morris.min.js _=1506346117670 51722 - ::1 Mozilla/5.0+(Windows+NT+10.0;+Win64;+x64)+AppleWebKit/537.36+(KHTML,+like+Gecko)+Chrome/60.0.3112.113+Safari/537.36 http://localhost:51722/Dashboard/ViewDashboard 200 0 0 19
2017-09-25 13:28:37 ::1 GET /Scripts/v2/morris.charts/raphael.min.js _=1506346117711 51722 - ::1 Mozilla/5.0+(Windows+NT+10.0;+Win64;+x64)+AppleWebKit/537.36+(KHTML,+like+Gecko)+Chrome/60.0.3112.113+Safari/537.36 http://localhost:51722/Dashboard/ViewDashboard 200 0 0 26
2017-09-25 13:28:56 ::1 GET /Dashboard/GetExpenseSubmissions/ sDate=null&eDate=null 51722 qc1admin@gorillaexpense.com ::1 Mozilla/5.0+(Windows+NT+10.0;+Win64;+x64)+AppleWebKit/537.36+(KHTML,+like+Gecko)+Chrome/60.0.3112.113+Safari/537.36 http://localhost:51722/Dashboard/ViewDashboard 200 0 0 18244
2017-09-25 13:29:31 ::1 GET /Dashboard/GetPayMethodsAmount/ sDate=null&eDate=null 51722 qc1admin@gorillaexpense.com ::1 Mozilla/5.0+(Windows+NT+10.0;+Win64;+x64)+AppleWebKit/537.36+(KHTML,+like+Gecko)+Chrome/60.0.3112.113+Safari/537.36 http://localhost:51722/Dashboard/ViewDashboard 200 0 0 52610
2017-09-25 13:29:31 ::1 GET /User/LogOut - 51722 qc1admin@gorillaexpense.com ::1 Mozilla/5.0+(Windows+NT+10.0;+Win64;+x64)+AppleWebKit/537.36+(KHTML,+like+Gecko)+Chrome/60.0.3112.113+Safari/537.36 http://localhost:51722/Dashboard/ViewDashboard 302 0 64 9543
2017-09-25 13:29:31 ::1 GET /User/LogOut - 51722 qc1admin@gorillaexpense.com ::1 Mozilla/5.0+(Windows+NT+10.0;+Win64;+x64)+AppleWebKit/537.36+(KHTML,+like+Gecko)+Chrome/60.0.3112.113+Safari/537.36 http://localhost:51722/Dashboard/ViewDashboard 302 0 64 3531
2017-09-25 13:29:31 ::1 GET /User/LogOut - 51722 qc1admin@gorillaexpense.com ::1 Mozilla/5.0+(Windows+NT+10.0;+Win64;+x64)+AppleWebKit/537.36+(KHTML,+like+Gecko)+Chrome/60.0.3112.113+Safari/537.36 http://localhost:51722/Dashboard/ViewDashboard 302 0 0 12
2017-09-25 13:29:31 ::1 GET / - 51722 - ::1 Mozilla/5.0+(Windows+NT+10.0;+Win64;+x64)+AppleWebKit/537.36+(KHTML,+like+Gecko)+Chrome/60.0.3112.113+Safari/537.36 http://localhost:51722/Dashboard/ViewDashboard 302 0 0 9
2017-09-25 13:29:31 ::1 GET /User/LogOut - 51722 qc1admin@gorillaexpense.com ::1 Mozilla/5.0+(Windows+NT+10.0;+Win64;+x64)+AppleWebKit/537.36+(KHTML,+like+Gecko)+Chrome/60.0.3112.113+Safari/537.36 http://localhost:51722/Dashboard/ViewDashboard 302 0 64 2048
2017-09-25 13:29:31 ::1 GET /User/LogOut - 51722 qc1admin@gorillaexpense.com ::1 Mozilla/5.0+(Windows+NT+10.0;+Win64;+x64)+AppleWebKit/537.36+(KHTML,+like+Gecko)+Chrome/60.0.3112.113+Safari/537.36 http://localhost:51722/Dashboard/ViewDashboard 302 0 64 8061
2017-09-25 13:29:33 ::1 GET /User/LogOn - 51722 - ::1 Mozilla/5.0+(Windows+NT+10.0;+Win64;+x64)+AppleWebKit/537.36+(KHTML,+like+Gecko)+Chrome/60.0.3112.113+Safari/537.36 http://localhost:51722/Dashboard/ViewDashboard 200 0 0 1878
2017-09-25 13:29:47 ::1 GET /Dashboard/GetExpenseTypesAmount/ sDate=null&eDate=null 51722 qc1admin@gorillaexpense.com ::1 Mozilla/5.0+(Windows+NT+10.0;+Win64;+x64)+AppleWebKit/537.36+(KHTML,+like+Gecko)+Chrome/60.0.3112.113+Safari/537.36 http://localhost:51722/Dashboard/ViewDashboard 302 0 64 68776
2017-09-25 13:29:47 ::1 GET /User/LogOut - 51722 qc1admin@gorillaexpense.com ::1 Mozilla/5.0+(Windows+NT+10.0;+Win64;+x64)+AppleWebKit/537.36+(KHTML,+like+Gecko)+Chrome/60.0.3112.113+Safari/537.36 http://localhost:51722/Dashboard/ViewDashboard 302 0 64 21616
2017-09-25 13:29:47 ::1 GET /Dashboard/GetExpenseApprovals/ sDate=null&eDate=null 51722 qc1admin@gorillaexpense.com ::1 Mozilla/5.0+(Windows+NT+10.0;+Win64;+x64)+AppleWebKit/537.36+(KHTML,+like+Gecko)+Chrome/60.0.3112.113+Safari/537.36 http://localhost:51722/Dashboard/ViewDashboard 302 0 64 69431
2017-09-25 13:29:48 ::1 GET /Dashboard/GetExpensePostings/ sDate=null&eDate=null 51722 qc1admin@gorillaexpense.com ::1 Mozilla/5.0+(Windows+NT+10.0;+Win64;+x64)+AppleWebKit/537.36+(KHTML,+like+Gecko)+Chrome/60.0.3112.113+Safari/537.36 http://localhost:51722/Dashboard/ViewDashboard 302 0 64 69939
2017-09-25 13:30:33 ::1 POST /User/LogOn - 51722 - ::1 Mozilla/5.0+(Windows+NT+10.0;+Win64;+x64)+AppleWebKit/537.36+(KHTML,+like+Gecko)+Chrome/60.0.3112.113+Safari/537.36 http://localhost:51722/User/LogOn 302 0 0 17465
2017-09-25 13:30:33 ::1 GET / - 51722 qc1admin@gorillaexpense.com ::1 Mozilla/5.0+(Windows+NT+10.0;+Win64;+x64)+AppleWebKit/537.36+(KHTML,+like+Gecko)+Chrome/60.0.3112.113+Safari/537.36 http://localhost:51722/User/LogOn 302 0 0 12
2017-09-25 13:30:41 ::1 GET /Dashboard/ViewDashboard - 51722 qc1admin@gorillaexpense.com ::1 Mozilla/5.0+(Windows+NT+10.0;+Win64;+x64)+AppleWebKit/537.36+(KHTML,+like+Gecko)+Chrome/60.0.3112.113+Safari/537.36 http://localhost:51722/User/LogOn 200 0 0 8234
2017-09-25 13:30:44 ::1 GET /Dashboard/getAjaxTab/1 sDate=null&eDate=null 51722 qc1admin@gorillaexpense.com ::1 Mozilla/5.0+(Windows+NT+10.0;+Win64;+x64)+AppleWebKit/537.36+(KHTML,+like+Gecko)+Chrome/60.0.3112.113+Safari/537.36 http://localhost:51722/Dashboard/ViewDashboard 200 0 0 2161
2017-09-25 13:30:44 ::1 GET /Scripts/v2/easy.pie.chart/jquery.easing.1.3.js _=1506346244252 51722 - ::1 Mozilla/5.0+(Windows+NT+10.0;+Win64;+x64)+AppleWebKit/537.36+(KHTML,+like+Gecko)+Chrome/60.0.3112.113+Safari/537.36 http://localhost:51722/Dashboard/ViewDashboard 200 0 0 22
2017-09-25 13:30:44 ::1 GET /Scripts/v2/easy.pie.chart/jquery.easypiechart.min.js _=1506346244284 51722 - ::1 Mozilla/5.0+(Windows+NT+10.0;+Win64;+x64)+AppleWebKit/537.36+(KHTML,+like+Gecko)+Chrome/60.0.3112.113+Safari/537.36 http://localhost:51722/Dashboard/ViewDashboard 200 0 0 19
2017-09-25 13:30:44 ::1 GET /Scripts/v2/morris.charts/morris.min.js _=1506346244348 51722 - ::1 Mozilla/5.0+(Windows+NT+10.0;+Win64;+x64)+AppleWebKit/537.36+(KHTML,+like+Gecko)+Chrome/60.0.3112.113+Safari/537.36 http://localhost:51722/Dashboard/ViewDashboard 200 0 0 29
2017-09-25 13:30:44 ::1 GET /Scripts/v2/morris.charts/raphael.min.js _=1506346244398 51722 - ::1 Mozilla/5.0+(Windows+NT+10.0;+Win64;+x64)+AppleWebKit/537.36+(KHTML,+like+Gecko)+Chrome/60.0.3112.113+Safari/537.36 http://localhost:51722/Dashboard/ViewDashboard 200 0 0 14
2017-09-25 13:31:05 ::1 GET /Dashboard/GetExpenseSubmissions/ sDate=null&eDate=null 51722 qc1admin@gorillaexpense.com ::1 Mozilla/5.0+(Windows+NT+10.0;+Win64;+x64)+AppleWebKit/537.36+(KHTML,+like+Gecko)+Chrome/60.0.3112.113+Safari/537.36 http://localhost:51722/Dashboard/ViewDashboard 200 0 0 21053
2017-09-25 13:31:30 ::1 GET /Dashboard/GetExpensePostings/ sDate=null&eDate=null 51722 qc1admin@gorillaexpense.com ::1 Mozilla/5.0+(Windows+NT+10.0;+Win64;+x64)+AppleWebKit/537.36+(KHTML,+like+Gecko)+Chrome/60.0.3112.113+Safari/537.36 http://localhost:51722/Dashboard/ViewDashboard 200 0 0 45719
2017-09-25 13:31:30 ::1 GET /User/LogOut - 51722 qc1admin@gorillaexpense.com ::1 Mozilla/5.0+(Windows+NT+10.0;+Win64;+x64)+AppleWebKit/537.36+(KHTML,+like+Gecko)+Chrome/60.0.3112.113+Safari/537.36 http://localhost:51722/Dashboard/ViewDashboard 302 0 0 524
2017-09-25 13:31:30 ::1 GET /User/LogOut - 51722 qc1admin@gorillaexpense.com ::1 Mozilla/5.0+(Windows+NT+10.0;+Win64;+x64)+AppleWebKit/537.36+(KHTML,+like+Gecko)+Chrome/60.0.3112.113+Safari/537.36 http://localhost:51722/Dashboard/ViewDashboard 302 0 64 2557
2017-09-25 13:31:30 ::1 GET /User/LogOut - 51722 qc1admin@gorillaexpense.com ::1 Mozilla/5.0+(Windows+NT+10.0;+Win64;+x64)+AppleWebKit/537.36+(KHTML,+like+Gecko)+Chrome/60.0.3112.113+Safari/537.36 http://localhost:51722/Dashboard/ViewDashboard 302 0 64 4579
2017-09-25 13:31:30 ::1 GET /User/LogOut - 51722 qc1admin@gorillaexpense.com ::1 Mozilla/5.0+(Windows+NT+10.0;+Win64;+x64)+AppleWebKit/537.36+(KHTML,+like+Gecko)+Chrome/60.0.3112.113+Safari/537.36 http://localhost:51722/Dashboard/ViewDashboard 302 0 64 10641
2017-09-25 13:31:30 ::1 GET /User/LogOut - 51722 qc1admin@gorillaexpense.com ::1 Mozilla/5.0+(Windows+NT+10.0;+Win64;+x64)+AppleWebKit/537.36+(KHTML,+like+Gecko)+Chrome/60.0.3112.113+Safari/537.36 http://localhost:51722/Dashboard/ViewDashboard 302 0 64 12675
2017-09-25 13:31:30 ::1 GET /User/LogOut - 51722 qc1admin@gorillaexpense.com ::1 Mozilla/5.0+(Windows+NT+10.0;+Win64;+x64)+AppleWebKit/537.36+(KHTML,+like+Gecko)+Chrome/60.0.3112.113+Safari/537.36 http://localhost:51722/Dashboard/ViewDashboard 302 0 64 16703
2017-09-25 13:31:30 ::1 GET /User/LogOut - 51722 qc1admin@gorillaexpense.com ::1 Mozilla/5.0+(Windows+NT+10.0;+Win64;+x64)+AppleWebKit/537.36+(KHTML,+like+Gecko)+Chrome/60.0.3112.113+Safari/537.36 http://localhost:51722/Dashboard/ViewDashboard 302 0 64 22765
2017-09-25 13:31:30 ::1 GET /User/LogOut - 51722 qc1admin@gorillaexpense.com ::1 Mozilla/5.0+(Windows+NT+10.0;+Win64;+x64)+AppleWebKit/537.36+(KHTML,+like+Gecko)+Chrome/60.0.3112.113+Safari/537.36 http://localhost:51722/Dashboard/ViewDashboard 302 0 64 30853
2017-09-25 13:31:30 ::1 GET /User/LogOut - 51722 qc1admin@gorillaexpense.com ::1 Mozilla/5.0+(Windows+NT+10.0;+Win64;+x64)+AppleWebKit/537.36+(KHTML,+like+Gecko)+Chrome/60.0.3112.113+Safari/537.36 http://localhost:51722/Dashboard/ViewDashboard 302 0 64 43035
2017-09-25 13:31:30 ::1 GET /User/LogOut - 51722 qc1admin@gorillaexpense.com ::1 Mozilla/5.0+(Windows+NT+10.0;+Win64;+x64)+AppleWebKit/537.36+(KHTML,+like+Gecko)+Chrome/60.0.3112.113+Safari/537.36 http://localhost:51722/Dashboard/ViewDashboard 302 0 64 7081
2017-09-25 13:31:30 ::1 GET /User/LogOut - 51722 qc1admin@gorillaexpense.com ::1 Mozilla/5.0+(Windows+NT+10.0;+Win64;+x64)+AppleWebKit/537.36+(KHTML,+like+Gecko)+Chrome/60.0.3112.113+Safari/537.36 http://localhost:51722/Dashboard/ViewDashboard 302 0 64 15210
2017-09-25 13:31:31 ::1 GET /User/LogOut - 51722 - ::1 Mozilla/5.0+(Windows+NT+10.0;+Win64;+x64)+AppleWebKit/537.36+(KHTML,+like+Gecko)+Chrome/60.0.3112.113+Safari/537.36 http://localhost:51722/Dashboard/ViewDashboard 302 0 0 2
2017-09-25 13:31:31 ::1 GET / - 51722 - ::1 Mozilla/5.0+(Windows+NT+10.0;+Win64;+x64)+AppleWebKit/537.36+(KHTML,+like+Gecko)+Chrome/60.0.3112.113+Safari/537.36 http://localhost:51722/Dashboard/ViewDashboard 302 0 0 3
2017-09-25 13:31:33 ::1 GET /User/LogOn - 51722 - ::1 Mozilla/5.0+(Windows+NT+10.0;+Win64;+x64)+AppleWebKit/537.36+(KHTML,+like+Gecko)+Chrome/60.0.3112.113+Safari/537.36 http://localhost:51722/Dashboard/ViewDashboard 200 0 0 2049
2017-09-25 13:31:46 ::1 GET /Dashboard/GetExpenseTypesAmount/ sDate=null&eDate=null 51722 qc1admin@gorillaexpense.com ::1 Mozilla/5.0+(Windows+NT+10.0;+Win64;+x64)+AppleWebKit/537.36+(KHTML,+like+Gecko)+Chrome/60.0.3112.113+Safari/537.36 http://localhost:51722/Dashboard/ViewDashboard 302 0 64 61974
2017-09-25 13:31:46 ::1 GET /User/LogOut - 51722 qc1admin@gorillaexpense.com ::1 Mozilla/5.0+(Windows+NT+10.0;+Win64;+x64)+AppleWebKit/537.36+(KHTML,+like+Gecko)+Chrome/60.0.3112.113+Safari/537.36 http://localhost:51722/Dashboard/ViewDashboard 302 0 64 24796
2017-09-25 13:31:46 ::1 GET /User/LogOut - 51722 qc1admin@gorillaexpense.com ::1 Mozilla/5.0+(Windows+NT+10.0;+Win64;+x64)+AppleWebKit/537.36+(KHTML,+like+Gecko)+Chrome/60.0.3112.113+Safari/537.36 http://localhost:51722/Dashboard/ViewDashboard 302 0 64 36824
2017-09-25 13:31:46 ::1 GET /User/LogOut - 51722 qc1admin@gorillaexpense.com ::1 Mozilla/5.0+(Windows+NT+10.0;+Win64;+x64)+AppleWebKit/537.36+(KHTML,+like+Gecko)+Chrome/60.0.3112.113+Safari/537.36 http://localhost:51722/Dashboard/ViewDashboard 302 0 64 40937
2017-09-25 13:31:46 ::1 GET /User/LogOut - 51722 qc1admin@gorillaexpense.com ::1 Mozilla/5.0+(Windows+NT+10.0;+Win64;+x64)+AppleWebKit/537.36+(KHTML,+like+Gecko)+Chrome/60.0.3112.113+Safari/537.36 http://localhost:51722/Dashboard/ViewDashboard 302 0 64 49038
2017-09-25 13:31:46 ::1 GET /User/LogOut - 51722 qc1admin@gorillaexpense.com ::1 Mozilla/5.0+(Windows+NT+10.0;+Win64;+x64)+AppleWebKit/537.36+(KHTML,+like+Gecko)+Chrome/60.0.3112.113+Safari/537.36 http://localhost:51722/Dashboard/ViewDashboard 302 0 64 55171
2017-09-25 13:31:46 ::1 GET /User/LogOut - 51722 qc1admin@gorillaexpense.com ::1 Mozilla/5.0+(Windows+NT+10.0;+Win64;+x64)+AppleWebKit/537.36+(KHTML,+like+Gecko)+Chrome/60.0.3112.113+Safari/537.36 http://localhost:51722/Dashboard/ViewDashboard 302 0 64 35333
2017-09-25 13:31:46 ::1 GET /User/LogOut - 51722 qc1admin@gorillaexpense.com ::1 Mozilla/5.0+(Windows+NT+10.0;+Win64;+x64)+AppleWebKit/537.36+(KHTML,+like+Gecko)+Chrome/60.0.3112.113+Safari/537.36 http://localhost:51722/Dashboard/ViewDashboard 302 0 64 43464
2017-09-25 13:31:46 ::1 GET /User/LogOut - 51722 qc1admin@gorillaexpense.com ::1 Mozilla/5.0+(Windows+NT+10.0;+Win64;+x64)+AppleWebKit/537.36+(KHTML,+like+Gecko)+Chrome/60.0.3112.113+Safari/537.36 http://localhost:51722/Dashboard/ViewDashboard 302 0 64 51544
2017-09-25 13:31:46 ::1 GET /User/LogOut - 51722 qc1admin@gorillaexpense.com ::1 Mozilla/5.0+(Windows+NT+10.0;+Win64;+x64)+AppleWebKit/537.36+(KHTML,+like+Gecko)+Chrome/60.0.3112.113+Safari/537.36 http://localhost:51722/Dashboard/ViewDashboard 302 0 64 57686
2017-09-25 13:31:47 ::1 GET /Dashboard/GetPayMethodsAmount/ sDate=null&eDate=null 51722 qc1admin@gorillaexpense.com ::1 Mozilla/5.0+(Windows+NT+10.0;+Win64;+x64)+AppleWebKit/537.36+(KHTML,+like+Gecko)+Chrome/60.0.3112.113+Safari/537.36 http://localhost:51722/Dashboard/ViewDashboard 302 0 64 63182
2017-09-25 13:31:47 ::1 GET /User/LogOut - 51722 qc1admin@gorillaexpense.com ::1 Mozilla/5.0+(Windows+NT+10.0;+Win64;+x64)+AppleWebKit/537.36+(KHTML,+like+Gecko)+Chrome/60.0.3112.113+Safari/537.36 http://localhost:51722/Dashboard/ViewDashboard 302 0 64 46040
2017-09-25 13:31:47 ::1 GET /Dashboard/GetExpenseApprovals/ sDate=null&eDate=null 51722 qc1admin@gorillaexpense.com ::1 Mozilla/5.0+(Windows+NT+10.0;+Win64;+x64)+AppleWebKit/537.36+(KHTML,+like+Gecko)+Chrome/60.0.3112.113+Safari/537.36 http://localhost:51722/Dashboard/ViewDashboard 302 0 64 63678
2017-09-25 13:31:47 ::1 GET /User/LogOut - 51722 qc1admin@gorillaexpense.com ::1 Mozilla/5.0+(Windows+NT+10.0;+Win64;+x64)+AppleWebKit/537.36+(KHTML,+like+Gecko)+Chrome/60.0.3112.113+Safari/537.36 http://localhost:51722/Dashboard/ViewDashboard 302 0 64 54554
2017-09-25 13:31:59 ::1 POST /User/LogOn - 51722 - ::1 Mozilla/5.0+(Windows+NT+10.0;+Win64;+x64)+AppleWebKit/537.36+(KHTML,+like+Gecko)+Chrome/60.0.3112.113+Safari/537.36 http://localhost:51722/User/LogOn 302 0 0 15394
2017-09-25 13:31:59 ::1 GET / - 51722 qc1admin@gorillaexpense.com ::1 Mozilla/5.0+(Windows+NT+10.0;+Win64;+x64)+AppleWebKit/537.36+(KHTML,+like+Gecko)+Chrome/60.0.3112.113+Safari/537.36 http://localhost:51722/User/LogOn 302 0 0 11
2017-09-25 13:32:05 ::1 GET /Dashboard/ViewDashboard - 51722 qc1admin@gorillaexpense.com ::1 Mozilla/5.0+(Windows+NT+10.0;+Win64;+x64)+AppleWebKit/537.36+(KHTML,+like+Gecko)+Chrome/60.0.3112.113+Safari/537.36 http://localhost:51722/User/LogOn 200 0 0 6638
2017-09-25 13:32:08 ::1 GET /Dashboard/getAjaxTab/1 sDate=null&eDate=null 51722 qc1admin@gorillaexpense.com ::1 Mozilla/5.0+(Windows+NT+10.0;+Win64;+x64)+AppleWebKit/537.36+(KHTML,+like+Gecko)+Chrome/60.0.3112.113+Safari/537.36 http://localhost:51722/Dashboard/ViewDashboard 200 0 0 2205
2017-09-25 13:32:08 ::1 GET /Scripts/v2/easy.pie.chart/jquery.easing.1.3.js _=1506346328305 51722 - ::1 Mozilla/5.0+(Windows+NT+10.0;+Win64;+x64)+AppleWebKit/537.36+(KHTML,+like+Gecko)+Chrome/60.0.3112.113+Safari/537.36 http://localhost:51722/Dashboard/ViewDashboard 200 0 0 32
2017-09-25 13:32:08 ::1 GET /Scripts/v2/easy.pie.chart/jquery.easypiechart.min.js _=1506346328347 51722 - ::1 Mozilla/5.0+(Windows+NT+10.0;+Win64;+x64)+AppleWebKit/537.36+(KHTML,+like+Gecko)+Chrome/60.0.3112.113+Safari/537.36 http://localhost:51722/Dashboard/ViewDashboard 200 0 0 16
2017-09-25 13:32:08 ::1 GET /Scripts/v2/morris.charts/morris.min.js _=1506346328367 51722 - ::1 Mozilla/5.0+(Windows+NT+10.0;+Win64;+x64)+AppleWebKit/537.36+(KHTML,+like+Gecko)+Chrome/60.0.3112.113+Safari/537.36 http://localhost:51722/Dashboard/ViewDashboard 200 0 0 14
2017-09-25 13:32:08 ::1 GET /Scripts/v2/morris.charts/raphael.min.js _=1506346328407 51722 - ::1 Mozilla/5.0+(Windows+NT+10.0;+Win64;+x64)+AppleWebKit/537.36+(KHTML,+like+Gecko)+Chrome/60.0.3112.113+Safari/537.36 http://localhost:51722/Dashboard/ViewDashboard 200 0 0 11
2017-09-25 13:32:24 ::1 GET /Dashboard/GetExpenseSubmissions/ sDate=null&eDate=null 51722 qc1admin@gorillaexpense.com ::1 Mozilla/5.0+(Windows+NT+10.0;+Win64;+x64)+AppleWebKit/537.36+(KHTML,+like+Gecko)+Chrome/60.0.3112.113+Safari/537.36 http://localhost:51722/Dashboard/ViewDashboard 200 0 0 16319
2017-09-25 13:32:37 ::1 GET /Dashboard/GetExpenseTypesAmount/ sDate=null&eDate=null 51722 qc1admin@gorillaexpense.com ::1 Mozilla/5.0+(Windows+NT+10.0;+Win64;+x64)+AppleWebKit/537.36+(KHTML,+like+Gecko)+Chrome/60.0.3112.113+Safari/537.36 http://localhost:51722/Dashboard/ViewDashboard 200 0 0 28817
2017-09-25 13:32:54 ::1 GET /Dashboard/GetPayMethodsAmount/ sDate=null&eDate=null 51722 qc1admin@gorillaexpense.com ::1 Mozilla/5.0+(Windows+NT+10.0;+Win64;+x64)+AppleWebKit/537.36+(KHTML,+like+Gecko)+Chrome/60.0.3112.113+Safari/537.36 http://localhost:51722/Dashboard/ViewDashboard 200 0 0 46376
2017-09-25 13:32:54 ::1 GET /User/LogOut - 51722 qc1admin@gorillaexpense.com ::1 Mozilla/5.0+(Windows+NT+10.0;+Win64;+x64)+AppleWebKit/537.36+(KHTML,+like+Gecko)+Chrome/60.0.3112.113+Safari/537.36 http://localhost:51722/Dashboard/ViewDashboard 302 0 64 17338
2017-09-25 13:32:54 ::1 GET /User/LogOut - 51722 qc1admin@gorillaexpense.com ::1 Mozilla/5.0+(Windows+NT+10.0;+Win64;+x64)+AppleWebKit/537.36+(KHTML,+like+Gecko)+Chrome/60.0.3112.113+Safari/537.36 http://localhost:51722/Dashboard/ViewDashboard 302 0 64 4050
2017-09-25 13:33:11 ::1 GET /Dashboard/GetExpensePostings/ sDate=null&eDate=null 51722 qc1admin@gorillaexpense.com ::1 Mozilla/5.0+(Windows+NT+10.0;+Win64;+x64)+AppleWebKit/537.36+(KHTML,+like+Gecko)+Chrome/60.0.3112.113+Safari/537.36 http://localhost:51722/Dashboard/ViewDashboard 302 0 0 63501
2017-09-25 13:33:14 ::1 GET /Error/NotFound aspxerrorpath=/Dashboard/GetExpensePostings/ 51722 qc1admin@gorillaexpense.com ::1 Mozilla/5.0+(Windows+NT+10.0;+Win64;+x64)+AppleWebKit/537.36+(KHTML,+like+Gecko)+Chrome/60.0.3112.113+Safari/537.36 http://localhost:51722/Dashboard/ViewDashboard 302 0 0 2979
2017-09-25 13:33:14 ::1 GET /User/LogOn - 51722 qc1admin@gorillaexpense.com ::1 Mozilla/5.0+(Windows+NT+10.0;+Win64;+x64)+AppleWebKit/537.36+(KHTML,+like+Gecko)+Chrome/60.0.3112.113+Safari/537.36 http://localhost:51722/Dashboard/ViewDashboard 200 0 0 528
2017-09-25 13:33:14 ::1 GET /User/LogOut - 51722 qc1admin@gorillaexpense.com ::1 Mozilla/5.0+(Windows+NT+10.0;+Win64;+x64)+AppleWebKit/537.36+(KHTML,+like+Gecko)+Chrome/60.0.3112.113+Safari/537.36 http://localhost:51722/Dashboard/ViewDashboard 302 0 64 20788
2017-09-25 13:33:14 ::1 GET /assets/global/plugins/jquery.min.js _=1506346395091 51722 - ::1 Mozilla/5.0+(Windows+NT+10.0;+Win64;+x64)+AppleWebKit/537.36+(KHTML,+like+Gecko)+Chrome/60.0.3112.113+Safari/537.36 http://localhost:51722/Dashboard/ViewDashboard 200 0 0 39
2017-09-25 13:33:14 ::1 GET /User/LogOut - 51722 qc1admin@gorillaexpense.com ::1 Mozilla/5.0+(Windows+NT+10.0;+Win64;+x64)+AppleWebKit/537.36+(KHTML,+like+Gecko)+Chrome/60.0.3112.113+Safari/537.36 http://localhost:51722/Dashboard/ViewDashboard 302 0 0 3064
2017-09-25 13:33:14 ::1 GET /assets/global/plugins/bootstrap/js/bootstrap.min.js _=1506346395175 51722 - ::1 Mozilla/5.0+(Windows+NT+10.0;+Win64;+x64)+AppleWebKit/537.36+(KHTML,+like+Gecko)+Chrome/60.0.3112.113+Safari/537.36 http://localhost:51722/Dashboard/ViewDashboard 200 0 0 53
2017-09-25 13:33:14 ::1 GET /User/LogOut - 51722 qc1admin@gorillaexpense.com ::1 Mozilla/5.0+(Windows+NT+10.0;+Win64;+x64)+AppleWebKit/537.36+(KHTML,+like+Gecko)+Chrome/60.0.3112.113+Safari/537.36 http://localhost:51722/Dashboard/ViewDashboard 302 0 64 9110
2017-09-25 13:33:14 ::1 GET /User/LogOut - 51722 qc1admin@gorillaexpense.com ::1 Mozilla/5.0+(Windows+NT+10.0;+Win64;+x64)+AppleWebKit/537.36+(KHTML,+like+Gecko)+Chrome/60.0.3112.113+Safari/537.36 http://localhost:51722/Dashboard/ViewDashboard 302 0 64 12191
2017-09-25 13:33:14 ::1 GET /User/LogOut - 51722 qc1admin@gorillaexpense.com ::1 Mozilla/5.0+(Windows+NT+10.0;+Win64;+x64)+AppleWebKit/537.36+(KHTML,+like+Gecko)+Chrome/60.0.3112.113+Safari/537.36 http://localhost:51722/Dashboard/ViewDashboard 302 0 64 18250
2017-09-25 13:33:14 ::1 GET /User/LogOut - 51722 qc1admin@gorillaexpense.com ::1 Mozilla/5.0+(Windows+NT+10.0;+Win64;+x64)+AppleWebKit/537.36+(KHTML,+like+Gecko)+Chrome/60.0.3112.113+Safari/537.36 http://localhost:51722/Dashboard/ViewDashboard 302 0 64 30402
2017-09-25 13:33:14 ::1 GET /assets/global/plugins/js.cookie.min.js _=1506346395426 51722 - ::1 Mozilla/5.0+(Windows+NT+10.0;+Win64;+x64)+AppleWebKit/537.36+(KHTML,+like+Gecko)+Chrome/60.0.3112.113+Safari/537.36 http://localhost:51722/Dashboard/ViewDashboard 200 0 0 134
2017-09-25 13:33:14 ::1 GET /User/LogOut - 51722 qc1admin@gorillaexpense.com ::1 Mozilla/5.0+(Windows+NT+10.0;+Win64;+x64)+AppleWebKit/537.36+(KHTML,+like+Gecko)+Chrome/60.0.3112.113+Safari/537.36 http://localhost:51722/Dashboard/ViewDashboard 302 0 64 6600
2017-09-25 13:33:14 ::1 GET /assets/global/plugins/jquery-slimscroll/jquery.slimscroll.min.js _=1506346395629 51722 - ::1 Mozilla/5.0+(Windows+NT+10.0;+Win64;+x64)+AppleWebKit/537.36+(KHTML,+like+Gecko)+Chrome/60.0.3112.113+Safari/537.36 http://localhost:51722/Dashboard/ViewDashboard 200 0 0 213
2017-09-25 13:33:14 ::1 GET /User/LogOut - 51722 qc1admin@gorillaexpense.com ::1 Mozilla/5.0+(Windows+NT+10.0;+Win64;+x64)+AppleWebKit/537.36+(KHTML,+like+Gecko)+Chrome/60.0.3112.113+Safari/537.36 http://localhost:51722/Dashboard/ViewDashboard 302 0 64 15694
2017-09-25 13:33:14 ::1 GET /assets/global/plugins/jquery.blockui.min.js _=1506346395853 51722 - ::1 Mozilla/5.0+(Windows+NT+10.0;+Win64;+x64)+AppleWebKit/537.36+(KHTML,+like+Gecko)+Chrome/60.0.3112.113+Safari/537.36 http://localhost:51722/Dashboard/ViewDashboard 200 0 0 72
2017-09-25 13:33:16 ::1 GET /assets/global/plugins/bootstrap-switch/js/bootstrap-switch.min.js _=1506346395932 51722 - ::1 Mozilla/5.0+(Windows+NT+10.0;+Win64;+x64)+AppleWebKit/537.36+(KHTML,+like+Gecko)+Chrome/60.0.3112.113+Safari/537.36 http://localhost:51722/Dashboard/ViewDashboard 200 0 0 62
2017-09-25 13:33:16 ::1 GET /assets/global/plugins/jquery-validation/js/jquery.validate.min.js _=1506346396015 51722 - ::1 Mozilla/5.0+(Windows+NT+10.0;+Win64;+x64)+AppleWebKit/537.36+(KHTML,+like+Gecko)+Chrome/60.0.3112.113+Safari/537.36 http://localhost:51722/Dashboard/ViewDashboard 200 0 0 25
2017-09-25 13:33:16 ::1 GET /User/LogOut - 51722 qc1admin@gorillaexpense.com ::1 Mozilla/5.0+(Windows+NT+10.0;+Win64;+x64)+AppleWebKit/537.36+(KHTML,+like+Gecko)+Chrome/60.0.3112.113+Safari/537.36 http://localhost:51722/Dashboard/ViewDashboard 302 0 64 27896
2017-09-25 13:33:16 ::1 GET /assets/global/plugins/jquery-validation/js/additional-methods.min.js _=1506346396049 51722 - ::1 Mozilla/5.0+(Windows+NT+10.0;+Win64;+x64)+AppleWebKit/537.36+(KHTML,+like+Gecko)+Chrome/60.0.3112.113+Safari/537.36 http://localhost:51722/Dashboard/ViewDashboard 200 0 0 29
2017-09-25 13:33:16 ::1 GET /assets/global/plugins/select2/js/select2.full.min.js _=1506346396089 51722 - ::1 Mozilla/5.0+(Windows+NT+10.0;+Win64;+x64)+AppleWebKit/537.36+(KHTML,+like+Gecko)+Chrome/60.0.3112.113+Safari/537.36 http://localhost:51722/Dashboard/ViewDashboard 200 0 0 26
2017-09-25 13:33:16 ::1 GET /assets/global/plugins/backstretch/jquery.backstretch.min.js _=1506346396143 51722 - ::1 Mozilla/5.0+(Windows+NT+10.0;+Win64;+x64)+AppleWebKit/537.36+(KHTML,+like+Gecko)+Chrome/60.0.3112.113+Safari/537.36 http://localhost:51722/Dashboard/ViewDashboard 200 0 0 18
2017-09-25 13:33:16 ::1 GET /assets/global/scripts/app.min.js _=1506346396171 51722 - ::1 Mozilla/5.0+(Windows+NT+10.0;+Win64;+x64)+AppleWebKit/537.36+(KHTML,+like+Gecko)+Chrome/60.0.3112.113+Safari/537.36 http://localhost:51722/Dashboard/ViewDashboard 200 0 0 22
2017-09-25 13:33:16 ::1 GET /assets/pages/scripts/login-5.min.js _=1506346396200 51722 - ::1 Mozilla/5.0+(Windows+NT+10.0;+Win64;+x64)+AppleWebKit/537.36+(KHTML,+like+Gecko)+Chrome/60.0.3112.113+Safari/537.36 http://localhost:51722/Dashboard/ViewDashboard 200 0 0 39
2017-09-25 13:33:16 ::1 GET / - 51722 - ::1 Mozilla/5.0+(Windows+NT+10.0;+Win64;+x64)+AppleWebKit/537.36+(KHTML,+like+Gecko)+Chrome/60.0.3112.113+Safari/537.36 http://localhost:51722/Dashboard/ViewDashboard 302 0 0 5
2017-09-25 13:33:16 ::1 GET /User/LogOut - 51722 - ::1 Mozilla/5.0+(Windows+NT+10.0;+Win64;+x64)+AppleWebKit/537.36+(KHTML,+like+Gecko)+Chrome/60.0.3112.113+Safari/537.36 http://localhost:51722/Dashboard/ViewDashboard 302 0 0 8
2017-09-25 13:33:16 ::1 GET / - 51722 - ::1 Mozilla/5.0+(Windows+NT+10.0;+Win64;+x64)+AppleWebKit/537.36+(KHTML,+like+Gecko)+Chrome/60.0.3112.113+Safari/537.36 http://localhost:51722/Dashboard/ViewDashboard 302 0 0 4
2017-09-25 13:33:16 ::1 GET /User/LogOn - 51722 - ::1 Mozilla/5.0+(Windows+NT+10.0;+Win64;+x64)+AppleWebKit/537.36+(KHTML,+like+Gecko)+Chrome/60.0.3112.113+Safari/537.36 http://localhost:51722/Dashboard/ViewDashboard 200 0 0 8
2017-09-25 13:33:16 ::1 GET /User/LogOut - 51722 qc1admin@gorillaexpense.com ::1 Mozilla/5.0+(Windows+NT+10.0;+Win64;+x64)+AppleWebKit/537.36+(KHTML,+like+Gecko)+Chrome/60.0.3112.113+Safari/537.36 http://localhost:51722/Dashboard/ViewDashboard 302 0 64 36955
2017-09-25 13:33:48 ::1 GET /Dashboard/GetExpenseApprovals/ sDate=null&eDate=null 51722 qc1admin@gorillaexpense.com ::1 Mozilla/5.0+(Windows+NT+10.0;+Win64;+x64)+AppleWebKit/537.36+(KHTML,+like+Gecko)+Chrome/60.0.3112.113+Safari/537.36 http://localhost:51722/Dashboard/ViewDashboard 302 0 64 99776
2017-09-25 13:33:48 ::1 GET /User/LogOut - 51722 qc1admin@gorillaexpense.com ::1 Mozilla/5.0+(Windows+NT+10.0;+Win64;+x64)+AppleWebKit/537.36+(KHTML,+like+Gecko)+Chrome/60.0.3112.113+Safari/537.36 http://localhost:51722/Dashboard/ViewDashboard 302 0 64 66553
