#Software: Microsoft Internet Information Services 8.0
#Version: 1.0
#Date: 2017-07-21 09:33:30
#Fields: date time s-ip cs-method cs-uri-stem cs-uri-query s-port cs-username c-ip cs(User-Agent) cs(Referer) sc-status sc-substatus sc-win32-status time-taken
2017-07-21 09:33:30 ::1 GET /User/PartialChangePassword - 51722 - ::1 Mozilla/5.0+(Windows+NT+10.0;+Win64;+x64)+AppleWebKit/537.36+(KHTML,+like+Gecko)+Chrome/59.0.3071.115+Safari/537.36 - 404 0 0 40198
2017-07-21 09:33:52 ::1 GET /User/LogOn - 51722 - ::1 Mozilla/5.0+(Windows+NT+10.0;+Win64;+x64)+AppleWebKit/537.36+(KHTML,+like+Gecko)+Chrome/59.0.3071.115+Safari/537.36 - 200 0 0 8361
2017-07-21 09:33:52 ::1 GET /User/assets/pages/img/login/bg1.jpg - 51722 - ::1 Mozilla/5.0+(Windows+NT+10.0;+Win64;+x64)+AppleWebKit/537.36+(KHTML,+like+Gecko)+Chrome/59.0.3071.115+Safari/537.36 http://localhost:51722/User/LogOn 404 0 2 5
2017-07-21 09:34:33 ::1 POST /User/LogOn - 51722 - ::1 Mozilla/5.0+(Windows+NT+10.0;+Win64;+x64)+AppleWebKit/537.36+(KHTML,+like+Gecko)+Chrome/59.0.3071.115+Safari/537.36 http://localhost:51722/User/LogOn 302 0 0 28703
2017-07-21 09:34:33 ::1 GET / - 51722 qc1admin@gorillaexpense.com ::1 Mozilla/5.0+(Windows+NT+10.0;+Win64;+x64)+AppleWebKit/537.36+(KHTML,+like+Gecko)+Chrome/59.0.3071.115+Safari/537.36 http://localhost:51722/User/LogOn 302 0 0 71
2017-07-21 09:34:48 ::1 GET /Dashboard/ViewDashboard - 51722 qc1admin@gorillaexpense.com ::1 Mozilla/5.0+(Windows+NT+10.0;+Win64;+x64)+AppleWebKit/537.36+(KHTML,+like+Gecko)+Chrome/59.0.3071.115+Safari/537.36 http://localhost:51722/User/LogOn 200 0 0 15149
2017-07-21 09:34:52 ::1 GET /Dashboard/getAjaxTab/1 sDate=null&eDate=null 51722 qc1admin@gorillaexpense.com ::1 Mozilla/5.0+(Windows+NT+10.0;+Win64;+x64)+AppleWebKit/537.36+(KHTML,+like+Gecko)+Chrome/59.0.3071.115+Safari/537.36 http://localhost:51722/Dashboard/ViewDashboard 200 0 0 3975
2017-07-21 09:34:52 ::1 GET /Scripts/v2/easy.pie.chart/jquery.easing.1.3.js _=1500629692920 51722 - ::1 Mozilla/5.0+(Windows+NT+10.0;+Win64;+x64)+AppleWebKit/537.36+(KHTML,+like+Gecko)+Chrome/59.0.3071.115+Safari/537.36 http://localhost:51722/Dashboard/ViewDashboard 200 0 0 74
2017-07-21 09:34:52 ::1 GET /Scripts/v2/easy.pie.chart/jquery.easypiechart.min.js _=1500629693001 51722 - ::1 Mozilla/5.0+(Windows+NT+10.0;+Win64;+x64)+AppleWebKit/537.36+(KHTML,+like+Gecko)+Chrome/59.0.3071.115+Safari/537.36 http://localhost:51722/Dashboard/ViewDashboard 200 0 0 20
2017-07-21 09:34:52 ::1 GET /Scripts/v2/morris.charts/morris.min.js _=1500629693024 51722 - ::1 Mozilla/5.0+(Windows+NT+10.0;+Win64;+x64)+AppleWebKit/537.36+(KHTML,+like+Gecko)+Chrome/59.0.3071.115+Safari/537.36 http://localhost:51722/Dashboard/ViewDashboard 200 0 0 12
2017-07-21 09:34:52 ::1 GET /Scripts/v2/morris.charts/raphael.min.js _=1500629693043 51722 - ::1 Mozilla/5.0+(Windows+NT+10.0;+Win64;+x64)+AppleWebKit/537.36+(KHTML,+like+Gecko)+Chrome/59.0.3071.115+Safari/537.36 http://localhost:51722/Dashboard/ViewDashboard 200 0 0 17
2017-07-21 09:35:10 ::1 GET /Dashboard/GetExpenseSubmissions/ sDate=null&eDate=null 51722 qc1admin@gorillaexpense.com ::1 Mozilla/5.0+(Windows+NT+10.0;+Win64;+x64)+AppleWebKit/537.36+(KHTML,+like+Gecko)+Chrome/59.0.3071.115+Safari/537.36 http://localhost:51722/Dashboard/ViewDashboard 200 0 0 17747
2017-07-21 09:35:14 ::1 GET /User/ChangePassword - 51722 qc1admin@gorillaexpense.com ::1 Mozilla/5.0+(Windows+NT+10.0;+Win64;+x64)+AppleWebKit/537.36+(KHTML,+like+Gecko)+Chrome/59.0.3071.115+Safari/537.36 http://localhost:51722/Dashboard/ViewDashboard 200 0 0 4783
2017-07-21 09:35:33 ::1 GET /Dashboard/GetExpensePostings/ sDate=null&eDate=null 51722 qc1admin@gorillaexpense.com ::1 Mozilla/5.0+(Windows+NT+10.0;+Win64;+x64)+AppleWebKit/537.36+(KHTML,+like+Gecko)+Chrome/59.0.3071.115+Safari/537.36 http://localhost:51722/Dashboard/ViewDashboard 200 0 64 40697
2017-07-21 09:35:48 ::1 GET /Dashboard/GetExpenseTypesAmount/ sDate=null&eDate=null 51722 qc1admin@gorillaexpense.com ::1 Mozilla/5.0+(Windows+NT+10.0;+Win64;+x64)+AppleWebKit/537.36+(KHTML,+like+Gecko)+Chrome/59.0.3071.115+Safari/537.36 http://localhost:51722/Dashboard/ViewDashboard 200 0 64 55288
2017-07-21 09:36:02 ::1 GET /Dashboard/GetPayMethodsAmount/ sDate=null&eDate=null 51722 qc1admin@gorillaexpense.com ::1 Mozilla/5.0+(Windows+NT+10.0;+Win64;+x64)+AppleWebKit/537.36+(KHTML,+like+Gecko)+Chrome/59.0.3071.115+Safari/537.36 http://localhost:51722/Dashboard/ViewDashboard 200 0 64 69322
2017-07-21 09:36:17 ::1 GET /Dashboard/GetExpenseApprovals/ sDate=null&eDate=null 51722 qc1admin@gorillaexpense.com ::1 Mozilla/5.0+(Windows+NT+10.0;+Win64;+x64)+AppleWebKit/537.36+(KHTML,+like+Gecko)+Chrome/59.0.3071.115+Safari/537.36 http://localhost:51722/Dashboard/ViewDashboard 200 0 64 83985
2017-07-21 09:36:24 ::1 GET /User/ChangePassword - 51722 qc1admin@gorillaexpense.com ::1 Mozilla/5.0+(Windows+NT+10.0;+Win64;+x64)+AppleWebKit/537.36+(KHTML,+like+Gecko)+Chrome/59.0.3071.115+Safari/537.36 http://localhost:51722/Dashboard/ViewDashboard 200 0 0 3038
2017-07-21 09:41:21 ::1 GET /User/ChangePassword - 51722 qc1admin@gorillaexpense.com ::1 Mozilla/5.0+(Windows+NT+10.0;+Win64;+x64)+AppleWebKit/537.36+(KHTML,+like+Gecko)+Chrome/59.0.3071.115+Safari/537.36 http://localhost:51722/Dashboard/ViewDashboard 200 0 0 9113
2017-07-21 09:41:27 ::1 GET /User/ChangePassword - 51722 qc1admin@gorillaexpense.com ::1 Mozilla/5.0+(Windows+NT+10.0;+Win64;+x64)+AppleWebKit/537.36+(KHTML,+like+Gecko)+Chrome/59.0.3071.115+Safari/537.36 http://localhost:51722/Dashboard/ViewDashboard 200 0 0 3241
2017-07-21 09:41:31 ::1 GET /Scripts/chosen/chosen.jquery.js - 51722 - ::1 Mozilla/5.0+(Windows+NT+10.0;+Win64;+x64)+AppleWebKit/537.36+(KHTML,+like+Gecko)+Chrome/59.0.3071.115+Safari/537.36 http://localhost:51722/User/ChangePassword 200 0 0 61
2017-07-21 09:41:31 ::1 GET /Scripts/chosen/chosen.css - 51722 - ::1 Mozilla/5.0+(Windows+NT+10.0;+Win64;+x64)+AppleWebKit/537.36+(KHTML,+like+Gecko)+Chrome/59.0.3071.115+Safari/537.36 http://localhost:51722/User/ChangePassword 200 0 0 133
2017-07-21 09:41:31 ::1 GET /css/SiteLayoutPageForMasters-css v=k7uoWcy0aS_V0SwcNQTao7-vJ8CseX9TIwRndGM8u2s1 51722 qc1admin@gorillaexpense.com ::1 Mozilla/5.0+(Windows+NT+10.0;+Win64;+x64)+AppleWebKit/537.36+(KHTML,+like+Gecko)+Chrome/59.0.3071.115+Safari/537.36 http://localhost:51722/User/ChangePassword 200 0 0 254
2017-07-21 09:41:31 ::1 GET /Scripts/SiteLayoutPageForMasters-js v=3-GxG_Xjij141D4jwzNa4pb8w7b8UpqawGtg8uOhHTs1 51722 qc1admin@gorillaexpense.com ::1 Mozilla/5.0+(Windows+NT+10.0;+Win64;+x64)+AppleWebKit/537.36+(KHTML,+like+Gecko)+Chrome/59.0.3071.115+Safari/537.36 http://localhost:51722/User/ChangePassword 200 0 0 397
2017-07-21 09:41:31 ::1 GET /Scripts/tranx-gorilla-js v=HEb0gldBuIh13UEztM3sMgRRLx67H1ZOvkNsIMGR_Ng1 51722 qc1admin@gorillaexpense.com ::1 Mozilla/5.0+(Windows+NT+10.0;+Win64;+x64)+AppleWebKit/537.36+(KHTML,+like+Gecko)+Chrome/59.0.3071.115+Safari/537.36 http://localhost:51722/User/ChangePassword 200 0 0 14
2017-07-21 09:41:31 ::1 GET /images/icons/information.png - 51722 - ::1 Mozilla/5.0+(Windows+NT+10.0;+Win64;+x64)+AppleWebKit/537.36+(KHTML,+like+Gecko)+Chrome/59.0.3071.115+Safari/537.36 http://localhost:51722/css/SiteLayoutPageForMasters-css?v=k7uoWcy0aS_V0SwcNQTao7-vJ8CseX9TIwRndGM8u2s1 200 0 0 106
2017-07-21 09:41:31 ::1 GET /images/ui-bg_flat_75_ffffff_40x100.png - 51722 - ::1 Mozilla/5.0+(Windows+NT+10.0;+Win64;+x64)+AppleWebKit/537.36+(KHTML,+like+Gecko)+Chrome/59.0.3071.115+Safari/537.36 http://localhost:51722/css/SiteLayoutPageForMasters-css?v=k7uoWcy0aS_V0SwcNQTao7-vJ8CseX9TIwRndGM8u2s1 200 0 0 142
2017-07-21 09:41:31 ::1 GET /images/bg-form-field.gif - 51722 - ::1 Mozilla/5.0+(Windows+NT+10.0;+Win64;+x64)+AppleWebKit/537.36+(KHTML,+like+Gecko)+Chrome/59.0.3071.115+Safari/537.36 http://localhost:51722/css/SiteLayoutPageForMasters-css?v=k7uoWcy0aS_V0SwcNQTao7-vJ8CseX9TIwRndGM8u2s1 200 0 0 128
2017-07-21 09:41:31 ::1 GET /images/logo_1.png - 51722 - ::1 Mozilla/5.0+(Windows+NT+10.0;+Win64;+x64)+AppleWebKit/537.36+(KHTML,+like+Gecko)+Chrome/59.0.3071.115+Safari/537.36 http://localhost:51722/User/ChangePassword 200 0 0 269
2017-07-21 09:41:31 ::1 GET /images/ui-icons_222222_256x240.png - 51722 - ::1 Mozilla/5.0+(Windows+NT+10.0;+Win64;+x64)+AppleWebKit/537.36+(KHTML,+like+Gecko)+Chrome/59.0.3071.115+Safari/537.36 http://localhost:51722/css/SiteLayoutPageForMasters-css?v=k7uoWcy0aS_V0SwcNQTao7-vJ8CseX9TIwRndGM8u2s1 200 0 0 200
2017-07-21 09:44:43 ::1 GET /User/PartialChangePassword - 51722 qc1admin@gorillaexpense.com ::1 Mozilla/5.0+(Windows+NT+10.0;+Win64;+x64)+AppleWebKit/537.36+(KHTML,+like+Gecko)+Chrome/59.0.3071.115+Safari/537.36 - 404 0 0 1843
2017-07-21 09:44:56 ::1 GET /User/LogOn - 51722 qc1admin@gorillaexpense.com ::1 Mozilla/5.0+(Windows+NT+10.0;+Win64;+x64)+AppleWebKit/537.36+(KHTML,+like+Gecko)+Chrome/59.0.3071.115+Safari/537.36 - 302 0 0 1723
2017-07-21 09:44:56 ::1 GET / - 51722 qc1admin@gorillaexpense.com ::1 Mozilla/5.0+(Windows+NT+10.0;+Win64;+x64)+AppleWebKit/537.36+(KHTML,+like+Gecko)+Chrome/59.0.3071.115+Safari/537.36 - 302 0 0 7
2017-07-21 09:45:02 ::1 GET /Dashboard/ViewDashboard - 51722 qc1admin@gorillaexpense.com ::1 Mozilla/5.0+(Windows+NT+10.0;+Win64;+x64)+AppleWebKit/537.36+(KHTML,+like+Gecko)+Chrome/59.0.3071.115+Safari/537.36 - 200 0 0 5900
2017-07-21 09:45:04 ::1 GET /Dashboard/getAjaxTab/1 sDate=null&eDate=null 51722 qc1admin@gorillaexpense.com ::1 Mozilla/5.0+(Windows+NT+10.0;+Win64;+x64)+AppleWebKit/537.36+(KHTML,+like+Gecko)+Chrome/59.0.3071.115+Safari/537.36 http://localhost:51722/Dashboard/ViewDashboard 200 0 0 2075
2017-07-21 09:45:04 ::1 GET /Scripts/v2/easy.pie.chart/jquery.easing.1.3.js _=1500630304886 51722 - ::1 Mozilla/5.0+(Windows+NT+10.0;+Win64;+x64)+AppleWebKit/537.36+(KHTML,+like+Gecko)+Chrome/59.0.3071.115+Safari/537.36 http://localhost:51722/Dashboard/ViewDashboard 200 0 0 56
2017-07-21 09:45:04 ::1 GET /Scripts/v2/easy.pie.chart/jquery.easypiechart.min.js _=1500630304950 51722 - ::1 Mozilla/5.0+(Windows+NT+10.0;+Win64;+x64)+AppleWebKit/537.36+(KHTML,+like+Gecko)+Chrome/59.0.3071.115+Safari/537.36 http://localhost:51722/Dashboard/ViewDashboard 200 0 0 16
2017-07-21 09:45:04 ::1 GET /Scripts/v2/morris.charts/morris.min.js _=1500630304981 51722 - ::1 Mozilla/5.0+(Windows+NT+10.0;+Win64;+x64)+AppleWebKit/537.36+(KHTML,+like+Gecko)+Chrome/59.0.3071.115+Safari/537.36 http://localhost:51722/Dashboard/ViewDashboard 200 0 0 11
2017-07-21 09:45:04 ::1 GET /Scripts/v2/morris.charts/raphael.min.js _=1500630305017 51722 - ::1 Mozilla/5.0+(Windows+NT+10.0;+Win64;+x64)+AppleWebKit/537.36+(KHTML,+like+Gecko)+Chrome/59.0.3071.115+Safari/537.36 http://localhost:51722/Dashboard/ViewDashboard 200 0 0 16
2017-07-21 09:45:15 ::1 GET /Dashboard/GetExpenseSubmissions/ sDate=null&eDate=null 51722 qc1admin@gorillaexpense.com ::1 Mozilla/5.0+(Windows+NT+10.0;+Win64;+x64)+AppleWebKit/537.36+(KHTML,+like+Gecko)+Chrome/59.0.3071.115+Safari/537.36 http://localhost:51722/Dashboard/ViewDashboard 200 0 0 10927
2017-07-21 09:45:20 ::1 GET /User/ChangePassword - 51722 qc1admin@gorillaexpense.com ::1 Mozilla/5.0+(Windows+NT+10.0;+Win64;+x64)+AppleWebKit/537.36+(KHTML,+like+Gecko)+Chrome/59.0.3071.115+Safari/537.36 http://localhost:51722/Dashboard/ViewDashboard 200 0 0 9763
2017-07-21 09:45:30 ::1 GET /Dashboard/GetExpenseTypesAmount/ sDate=null&eDate=null 51722 qc1admin@gorillaexpense.com ::1 Mozilla/5.0+(Windows+NT+10.0;+Win64;+x64)+AppleWebKit/537.36+(KHTML,+like+Gecko)+Chrome/59.0.3071.115+Safari/537.36 http://localhost:51722/Dashboard/ViewDashboard 200 0 64 25065
2017-07-21 09:45:42 ::1 GET /Dashboard/GetExpensePostings/ sDate=null&eDate=null 51722 qc1admin@gorillaexpense.com ::1 Mozilla/5.0+(Windows+NT+10.0;+Win64;+x64)+AppleWebKit/537.36+(KHTML,+like+Gecko)+Chrome/59.0.3071.115+Safari/537.36 http://localhost:51722/Dashboard/ViewDashboard 200 0 64 37171
2017-07-21 09:45:54 ::1 GET /Dashboard/GetPayMethodsAmount/ sDate=null&eDate=null 51722 qc1admin@gorillaexpense.com ::1 Mozilla/5.0+(Windows+NT+10.0;+Win64;+x64)+AppleWebKit/537.36+(KHTML,+like+Gecko)+Chrome/59.0.3071.115+Safari/537.36 http://localhost:51722/Dashboard/ViewDashboard 200 0 64 49210
2017-07-21 09:46:18 ::1 GET /Dashboard/GetExpenseApprovals/ sDate=null&eDate=null 51722 qc1admin@gorillaexpense.com ::1 Mozilla/5.0+(Windows+NT+10.0;+Win64;+x64)+AppleWebKit/537.36+(KHTML,+like+Gecko)+Chrome/59.0.3071.115+Safari/537.36 http://localhost:51722/Dashboard/ViewDashboard 200 0 64 73324
2017-07-21 09:48:15 ::1 GET /User/ChangePassword - 51722 qc1admin@gorillaexpense.com ::1 Mozilla/5.0+(Windows+NT+10.0;+Win64;+x64)+AppleWebKit/537.36+(KHTML,+like+Gecko)+Chrome/59.0.3071.115+Safari/537.36 http://localhost:51722/Dashboard/ViewDashboard 200 0 0 4585
2017-07-21 09:48:15 ::1 GET /favicon.ico - 51722 - ::1 Mozilla/5.0+(Windows+NT+10.0;+Win64;+x64)+AppleWebKit/537.36+(KHTML,+like+Gecko)+Chrome/59.0.3071.115+Safari/537.36 http://localhost:51722/User/ChangePassword 200 0 0 43
2017-07-21 09:50:55 ::1 GET /User/ChangePassword - 51722 qc1admin@gorillaexpense.com ::1 Mozilla/5.0+(Windows+NT+10.0;+Win64;+x64)+AppleWebKit/537.36+(KHTML,+like+Gecko)+Chrome/59.0.3071.115+Safari/537.36 http://localhost:51722/Dashboard/ViewDashboard 200 0 0 5420
2017-07-21 09:50:55 ::1 GET /favicon.ico - 51722 - ::1 Mozilla/5.0+(Windows+NT+10.0;+Win64;+x64)+AppleWebKit/537.36+(KHTML,+like+Gecko)+Chrome/59.0.3071.115+Safari/537.36 http://localhost:51722/User/ChangePassword 200 0 0 178
2017-07-21 09:53:21 ::1 GET /User/ChangePassword - 51722 qc1admin@gorillaexpense.com ::1 Mozilla/5.0+(Windows+NT+10.0;+Win64;+x64)+AppleWebKit/537.36+(KHTML,+like+Gecko)+Chrome/59.0.3071.115+Safari/537.36 http://localhost:51722/Dashboard/ViewDashboard 200 0 0 4933
2017-07-21 09:53:21 ::1 GET /favicon.ico - 51722 - ::1 Mozilla/5.0+(Windows+NT+10.0;+Win64;+x64)+AppleWebKit/537.36+(KHTML,+like+Gecko)+Chrome/59.0.3071.115+Safari/537.36 http://localhost:51722/User/ChangePassword 200 0 0 16
2017-07-21 09:59:03 ::1 GET /User/LogOff - 51722 qc1admin@gorillaexpense.com ::1 Mozilla/5.0+(Windows+NT+10.0;+Win64;+x64)+AppleWebKit/537.36+(KHTML,+like+Gecko)+Chrome/59.0.3071.115+Safari/537.36 http://localhost:51722/User/ChangePassword 302 0 0 14
2017-07-21 09:59:03 ::1 GET / - 51722 - ::1 Mozilla/5.0+(Windows+NT+10.0;+Win64;+x64)+AppleWebKit/537.36+(KHTML,+like+Gecko)+Chrome/59.0.3071.115+Safari/537.36 http://localhost:51722/User/ChangePassword 302 0 0 5
2017-07-21 09:59:05 ::1 GET /User/LogOn - 51722 - ::1 Mozilla/5.0+(Windows+NT+10.0;+Win64;+x64)+AppleWebKit/537.36+(KHTML,+like+Gecko)+Chrome/59.0.3071.115+Safari/537.36 http://localhost:51722/User/ChangePassword 200 0 0 2378
2017-07-21 09:59:05 ::1 GET /User/assets/pages/img/login/bg1.jpg - 51722 - ::1 Mozilla/5.0+(Windows+NT+10.0;+Win64;+x64)+AppleWebKit/537.36+(KHTML,+like+Gecko)+Chrome/59.0.3071.115+Safari/537.36 http://localhost:51722/User/LogOn 404 0 2 10
2017-07-21 10:00:40 ::1 POST /User/LogOn - 51722 - ::1 Mozilla/5.0+(Windows+NT+10.0;+Win64;+x64)+AppleWebKit/537.36+(KHTML,+like+Gecko)+Chrome/59.0.3071.115+Safari/537.36 http://localhost:51722/User/LogOn 302 0 0 23422
2017-07-21 10:00:40 ::1 GET / - 51722 gktestgk@test.com ::1 Mozilla/5.0+(Windows+NT+10.0;+Win64;+x64)+AppleWebKit/537.36+(KHTML,+like+Gecko)+Chrome/59.0.3071.115+Safari/537.36 http://localhost:51722/User/LogOn 302 0 0 18
2017-07-21 10:00:46 ::1 GET /Dashboard/ViewDashboard - 51722 gktestgk@test.com ::1 Mozilla/5.0+(Windows+NT+10.0;+Win64;+x64)+AppleWebKit/537.36+(KHTML,+like+Gecko)+Chrome/59.0.3071.115+Safari/537.36 http://localhost:51722/User/LogOn 200 0 0 6751
2017-07-21 10:00:49 ::1 GET /Dashboard/getAjaxTab/1 sDate=null&eDate=null 51722 gktestgk@test.com ::1 Mozilla/5.0+(Windows+NT+10.0;+Win64;+x64)+AppleWebKit/537.36+(KHTML,+like+Gecko)+Chrome/59.0.3071.115+Safari/537.36 http://localhost:51722/Dashboard/ViewDashboard 200 0 0 2111
2017-07-21 10:00:49 ::1 GET /Scripts/v2/easy.pie.chart/jquery.easing.1.3.js _=1500631249379 51722 - ::1 Mozilla/5.0+(Windows+NT+10.0;+Win64;+x64)+AppleWebKit/537.36+(KHTML,+like+Gecko)+Chrome/59.0.3071.115+Safari/537.36 http://localhost:51722/Dashboard/ViewDashboard 200 0 0 50
2017-07-21 10:00:49 ::1 GET /Scripts/v2/easy.pie.chart/jquery.easypiechart.min.js _=1500631249436 51722 - ::1 Mozilla/5.0+(Windows+NT+10.0;+Win64;+x64)+AppleWebKit/537.36+(KHTML,+like+Gecko)+Chrome/59.0.3071.115+Safari/537.36 http://localhost:51722/Dashboard/ViewDashboard 200 0 0 18
2017-07-21 10:00:49 ::1 GET /Scripts/v2/morris.charts/morris.min.js _=1500631249458 51722 - ::1 Mozilla/5.0+(Windows+NT+10.0;+Win64;+x64)+AppleWebKit/537.36+(KHTML,+like+Gecko)+Chrome/59.0.3071.115+Safari/537.36 http://localhost:51722/Dashboard/ViewDashboard 200 0 0 19
2017-07-21 10:00:49 ::1 GET /Scripts/v2/morris.charts/raphael.min.js _=1500631249486 51722 - ::1 Mozilla/5.0+(Windows+NT+10.0;+Win64;+x64)+AppleWebKit/537.36+(KHTML,+like+Gecko)+Chrome/59.0.3071.115+Safari/537.36 http://localhost:51722/Dashboard/ViewDashboard 200 0 0 16
2017-07-21 10:01:01 ::1 GET /Dashboard/GetExpenseSubmissions/ sDate=null&eDate=null 51722 gktestgk@test.com ::1 Mozilla/5.0+(Windows+NT+10.0;+Win64;+x64)+AppleWebKit/537.36+(KHTML,+like+Gecko)+Chrome/59.0.3071.115+Safari/537.36 http://localhost:51722/Dashboard/ViewDashboard 200 0 0 11644
2017-07-21 10:01:04 ::1 GET /User/ChangePassword - 51722 gktestgk@test.com ::1 Mozilla/5.0+(Windows+NT+10.0;+Win64;+x64)+AppleWebKit/537.36+(KHTML,+like+Gecko)+Chrome/59.0.3071.115+Safari/537.36 http://localhost:51722/Dashboard/ViewDashboard 200 0 0 6924
2017-07-21 10:01:13 ::1 GET /Dashboard/GetPayMethodsAmount/ sDate=null&eDate=null 51722 gktestgk@test.com ::1 Mozilla/5.0+(Windows+NT+10.0;+Win64;+x64)+AppleWebKit/537.36+(KHTML,+like+Gecko)+Chrome/59.0.3071.115+Safari/537.36 http://localhost:51722/Dashboard/ViewDashboard 200 0 64 24387
2017-07-21 10:01:23 ::1 GET /Dashboard/GetExpenseApprovals/ sDate=null&eDate=null 51722 gktestgk@test.com ::1 Mozilla/5.0+(Windows+NT+10.0;+Win64;+x64)+AppleWebKit/537.36+(KHTML,+like+Gecko)+Chrome/59.0.3071.115+Safari/537.36 http://localhost:51722/Dashboard/ViewDashboard 200 0 64 33717
2017-07-21 10:01:30 ::1 GET /Dashboard/GetExpenseTypesAmount/ sDate=null&eDate=null 51722 gktestgk@test.com ::1 Mozilla/5.0+(Windows+NT+10.0;+Win64;+x64)+AppleWebKit/537.36+(KHTML,+like+Gecko)+Chrome/59.0.3071.115+Safari/537.36 http://localhost:51722/Dashboard/ViewDashboard 200 0 64 41114
2017-07-21 10:01:38 ::1 GET /Dashboard/GetExpensePostings/ sDate=null&eDate=null 51722 gktestgk@test.com ::1 Mozilla/5.0+(Windows+NT+10.0;+Win64;+x64)+AppleWebKit/537.36+(KHTML,+like+Gecko)+Chrome/59.0.3071.115+Safari/537.36 http://localhost:51722/Dashboard/ViewDashboard 200 0 64 49308
2017-07-21 10:07:00 ::1 GET /User/ChangePassword - 51722 gktestgk@test.com ::1 Mozilla/5.0+(Windows+NT+10.0;+Win64;+x64)+AppleWebKit/537.36+(KHTML,+like+Gecko)+Chrome/59.0.3071.115+Safari/537.36 http://localhost:51722/Dashboard/ViewDashboard 200 0 0 4055
2017-07-21 10:07:00 ::1 GET /favicon.ico - 51722 - ::1 Mozilla/5.0+(Windows+NT+10.0;+Win64;+x64)+AppleWebKit/537.36+(KHTML,+like+Gecko)+Chrome/59.0.3071.115+Safari/537.36 http://localhost:51722/User/ChangePassword 200 0 0 25
2017-07-21 10:12:08 ::1 GET /User/ChangePassword - 51722 gktestgk@test.com ::1 Mozilla/5.0+(Windows+NT+10.0;+Win64;+x64)+AppleWebKit/537.36+(KHTML,+like+Gecko)+Chrome/59.0.3071.115+Safari/537.36 http://localhost:51722/Dashboard/ViewDashboard 200 0 0 5822
2017-07-21 10:12:08 ::1 GET /css/SiteLayoutPageForMasters-css v=k7uoWcy0aS_V0SwcNQTao7-vJ8CseX9TIwRndGM8u2s1 51722 gktestgk@test.com ::1 Mozilla/5.0+(Windows+NT+10.0;+Win64;+x64)+AppleWebKit/537.36+(KHTML,+like+Gecko)+Chrome/59.0.3071.115+Safari/537.36 http://localhost:51722/User/ChangePassword 200 0 0 30
2017-07-21 10:12:08 ::1 GET /Scripts/chosen/chosen.css - 51722 - ::1 Mozilla/5.0+(Windows+NT+10.0;+Win64;+x64)+AppleWebKit/537.36+(KHTML,+like+Gecko)+Chrome/59.0.3071.115+Safari/537.36 http://localhost:51722/User/ChangePassword 200 0 0 38
2017-07-21 10:12:08 ::1 GET /Scripts/chosen/chosen.jquery.js - 51722 - ::1 Mozilla/5.0+(Windows+NT+10.0;+Win64;+x64)+AppleWebKit/537.36+(KHTML,+like+Gecko)+Chrome/59.0.3071.115+Safari/537.36 http://localhost:51722/User/ChangePassword 200 0 0 47
2017-07-21 10:12:08 ::1 GET /Scripts/tranx-gorilla-js v=HEb0gldBuIh13UEztM3sMgRRLx67H1ZOvkNsIMGR_Ng1 51722 gktestgk@test.com ::1 Mozilla/5.0+(Windows+NT+10.0;+Win64;+x64)+AppleWebKit/537.36+(KHTML,+like+Gecko)+Chrome/59.0.3071.115+Safari/537.36 http://localhost:51722/User/ChangePassword 200 0 0 17
2017-07-21 10:12:08 ::1 GET /Scripts/SiteLayoutPageForMasters-js v=3-GxG_Xjij141D4jwzNa4pb8w7b8UpqawGtg8uOhHTs1 51722 gktestgk@test.com ::1 Mozilla/5.0+(Windows+NT+10.0;+Win64;+x64)+AppleWebKit/537.36+(KHTML,+like+Gecko)+Chrome/59.0.3071.115+Safari/537.36 http://localhost:51722/User/ChangePassword 200 0 0 77
2017-07-21 10:12:08 ::1 GET /images/logo_1.png - 51722 - ::1 Mozilla/5.0+(Windows+NT+10.0;+Win64;+x64)+AppleWebKit/537.36+(KHTML,+like+Gecko)+Chrome/59.0.3071.115+Safari/537.36 http://localhost:51722/User/ChangePassword 200 0 0 34
2017-07-21 10:12:08 ::1 GET /images/ui-bg_flat_75_ffffff_40x100.png - 51722 - ::1 Mozilla/5.0+(Windows+NT+10.0;+Win64;+x64)+AppleWebKit/537.36+(KHTML,+like+Gecko)+Chrome/59.0.3071.115+Safari/537.36 http://localhost:51722/css/SiteLayoutPageForMasters-css?v=k7uoWcy0aS_V0SwcNQTao7-vJ8CseX9TIwRndGM8u2s1 200 0 0 6
2017-07-21 10:12:08 ::1 GET /images/ui-icons_222222_256x240.png - 51722 - ::1 Mozilla/5.0+(Windows+NT+10.0;+Win64;+x64)+AppleWebKit/537.36+(KHTML,+like+Gecko)+Chrome/59.0.3071.115+Safari/537.36 http://localhost:51722/css/SiteLayoutPageForMasters-css?v=k7uoWcy0aS_V0SwcNQTao7-vJ8CseX9TIwRndGM8u2s1 200 0 0 24
2017-07-21 10:12:08 ::1 GET /images/bg-form-field.gif - 51722 - ::1 Mozilla/5.0+(Windows+NT+10.0;+Win64;+x64)+AppleWebKit/537.36+(KHTML,+like+Gecko)+Chrome/59.0.3071.115+Safari/537.36 http://localhost:51722/css/SiteLayoutPageForMasters-css?v=k7uoWcy0aS_V0SwcNQTao7-vJ8CseX9TIwRndGM8u2s1 200 0 0 17
2017-07-21 10:12:08 ::1 GET /images/icons/information.png - 51722 - ::1 Mozilla/5.0+(Windows+NT+10.0;+Win64;+x64)+AppleWebKit/537.36+(KHTML,+like+Gecko)+Chrome/59.0.3071.115+Safari/537.36 http://localhost:51722/css/SiteLayoutPageForMasters-css?v=k7uoWcy0aS_V0SwcNQTao7-vJ8CseX9TIwRndGM8u2s1 200 0 0 29
2017-07-21 10:12:57 ::1 GET /User/ChangePassword - 51722 gktestgk@test.com ::1 Mozilla/5.0+(Windows+NT+10.0;+Win64;+x64)+AppleWebKit/537.36+(KHTML,+like+Gecko)+Chrome/59.0.3071.115+Safari/537.36 http://localhost:51722/Dashboard/ViewDashboard 200 0 0 4226
2017-07-21 10:12:57 ::1 GET /css/SiteLayoutPageForMasters-css v=k7uoWcy0aS_V0SwcNQTao7-vJ8CseX9TIwRndGM8u2s1 51722 gktestgk@test.com ::1 Mozilla/5.0+(Windows+NT+10.0;+Win64;+x64)+AppleWebKit/537.36+(KHTML,+like+Gecko)+Chrome/59.0.3071.115+Safari/537.36 http://localhost:51722/User/ChangePassword 200 0 0 13
2017-07-21 10:12:57 ::1 GET /Scripts/chosen/chosen.jquery.js - 51722 - ::1 Mozilla/5.0+(Windows+NT+10.0;+Win64;+x64)+AppleWebKit/537.36+(KHTML,+like+Gecko)+Chrome/59.0.3071.115+Safari/537.36 http://localhost:51722/User/ChangePassword 200 0 0 26
2017-07-21 10:12:57 ::1 GET /Scripts/chosen/chosen.css - 51722 - ::1 Mozilla/5.0+(Windows+NT+10.0;+Win64;+x64)+AppleWebKit/537.36+(KHTML,+like+Gecko)+Chrome/59.0.3071.115+Safari/537.36 http://localhost:51722/User/ChangePassword 200 0 0 31
2017-07-21 10:12:57 ::1 GET /Scripts/SiteLayoutPageForMasters-js v=3-GxG_Xjij141D4jwzNa4pb8w7b8UpqawGtg8uOhHTs1 51722 gktestgk@test.com ::1 Mozilla/5.0+(Windows+NT+10.0;+Win64;+x64)+AppleWebKit/537.36+(KHTML,+like+Gecko)+Chrome/59.0.3071.115+Safari/537.36 http://localhost:51722/User/ChangePassword 200 0 0 45
2017-07-21 10:12:57 ::1 GET /Scripts/tranx-gorilla-js v=HEb0gldBuIh13UEztM3sMgRRLx67H1ZOvkNsIMGR_Ng1 51722 gktestgk@test.com ::1 Mozilla/5.0+(Windows+NT+10.0;+Win64;+x64)+AppleWebKit/537.36+(KHTML,+like+Gecko)+Chrome/59.0.3071.115+Safari/537.36 http://localhost:51722/User/ChangePassword 200 0 0 20
2017-07-21 10:12:57 ::1 GET /images/logo_1.png - 51722 - ::1 Mozilla/5.0+(Windows+NT+10.0;+Win64;+x64)+AppleWebKit/537.36+(KHTML,+like+Gecko)+Chrome/59.0.3071.115+Safari/537.36 http://localhost:51722/User/ChangePassword 200 0 0 32
2017-07-21 10:12:57 ::1 GET /images/ui-bg_flat_75_ffffff_40x100.png - 51722 - ::1 Mozilla/5.0+(Windows+NT+10.0;+Win64;+x64)+AppleWebKit/537.36+(KHTML,+like+Gecko)+Chrome/59.0.3071.115+Safari/537.36 http://localhost:51722/css/SiteLayoutPageForMasters-css?v=k7uoWcy0aS_V0SwcNQTao7-vJ8CseX9TIwRndGM8u2s1 200 0 0 2
2017-07-21 10:12:57 ::1 GET /images/bg-form-field.gif - 51722 - ::1 Mozilla/5.0+(Windows+NT+10.0;+Win64;+x64)+AppleWebKit/537.36+(KHTML,+like+Gecko)+Chrome/59.0.3071.115+Safari/537.36 http://localhost:51722/css/SiteLayoutPageForMasters-css?v=k7uoWcy0aS_V0SwcNQTao7-vJ8CseX9TIwRndGM8u2s1 200 0 0 4
2017-07-21 10:12:57 ::1 GET /images/ui-icons_222222_256x240.png - 51722 - ::1 Mozilla/5.0+(Windows+NT+10.0;+Win64;+x64)+AppleWebKit/537.36+(KHTML,+like+Gecko)+Chrome/59.0.3071.115+Safari/537.36 http://localhost:51722/css/SiteLayoutPageForMasters-css?v=k7uoWcy0aS_V0SwcNQTao7-vJ8CseX9TIwRndGM8u2s1 200 0 0 47
2017-07-21 10:12:57 ::1 GET /images/icons/information.png - 51722 - ::1 Mozilla/5.0+(Windows+NT+10.0;+Win64;+x64)+AppleWebKit/537.36+(KHTML,+like+Gecko)+Chrome/59.0.3071.115+Safari/537.36 http://localhost:51722/css/SiteLayoutPageForMasters-css?v=k7uoWcy0aS_V0SwcNQTao7-vJ8CseX9TIwRndGM8u2s1 200 0 0 18
2017-07-21 10:12:57 ::1 GET /favicon.ico - 51722 - ::1 Mozilla/5.0+(Windows+NT+10.0;+Win64;+x64)+AppleWebKit/537.36+(KHTML,+like+Gecko)+Chrome/59.0.3071.115+Safari/537.36 http://localhost:51722/User/ChangePassword 200 0 0 36
2017-07-21 10:13:32 ::1 GET /User/ChangePassword - 51722 gktestgk@test.com ::1 Mozilla/5.0+(Windows+NT+10.0;+Win64;+x64)+AppleWebKit/537.36+(KHTML,+like+Gecko)+Chrome/59.0.3071.115+Safari/537.36 http://localhost:51722/Dashboard/ViewDashboard 200 0 0 4018
2017-07-21 10:13:32 ::1 GET /css/SiteLayoutPageForMasters-css v=k7uoWcy0aS_V0SwcNQTao7-vJ8CseX9TIwRndGM8u2s1 51722 gktestgk@test.com ::1 Mozilla/5.0+(Windows+NT+10.0;+Win64;+x64)+AppleWebKit/537.36+(KHTML,+like+Gecko)+Chrome/59.0.3071.115+Safari/537.36 http://localhost:51722/User/ChangePassword 200 0 0 18
2017-07-21 10:13:32 ::1 GET /Scripts/SiteLayoutPageForMasters-js v=3-GxG_Xjij141D4jwzNa4pb8w7b8UpqawGtg8uOhHTs1 51722 gktestgk@test.com ::1 Mozilla/5.0+(Windows+NT+10.0;+Win64;+x64)+AppleWebKit/537.36+(KHTML,+like+Gecko)+Chrome/59.0.3071.115+Safari/537.36 http://localhost:51722/User/ChangePassword 200 0 0 35
2017-07-21 10:13:32 ::1 GET /Scripts/chosen/chosen.jquery.js - 51722 - ::1 Mozilla/5.0+(Windows+NT+10.0;+Win64;+x64)+AppleWebKit/537.36+(KHTML,+like+Gecko)+Chrome/59.0.3071.115+Safari/537.36 http://localhost:51722/User/ChangePassword 200 0 0 37
2017-07-21 10:13:32 ::1 GET /Scripts/chosen/chosen.css - 51722 - ::1 Mozilla/5.0+(Windows+NT+10.0;+Win64;+x64)+AppleWebKit/537.36+(KHTML,+like+Gecko)+Chrome/59.0.3071.115+Safari/537.36 http://localhost:51722/User/ChangePassword 200 0 0 41
2017-07-21 10:13:32 ::1 GET /Scripts/tranx-gorilla-js v=HEb0gldBuIh13UEztM3sMgRRLx67H1ZOvkNsIMGR_Ng1 51722 gktestgk@test.com ::1 Mozilla/5.0+(Windows+NT+10.0;+Win64;+x64)+AppleWebKit/537.36+(KHTML,+like+Gecko)+Chrome/59.0.3071.115+Safari/537.36 http://localhost:51722/User/ChangePassword 200 0 0 7
2017-07-21 10:13:32 ::1 GET /images/logo_1.png - 51722 - ::1 Mozilla/5.0+(Windows+NT+10.0;+Win64;+x64)+AppleWebKit/537.36+(KHTML,+like+Gecko)+Chrome/59.0.3071.115+Safari/537.36 http://localhost:51722/User/ChangePassword 200 0 0 13
2017-07-21 10:13:32 ::1 GET /images/ui-bg_flat_75_ffffff_40x100.png - 51722 - ::1 Mozilla/5.0+(Windows+NT+10.0;+Win64;+x64)+AppleWebKit/537.36+(KHTML,+like+Gecko)+Chrome/59.0.3071.115+Safari/537.36 http://localhost:51722/css/SiteLayoutPageForMasters-css?v=k7uoWcy0aS_V0SwcNQTao7-vJ8CseX9TIwRndGM8u2s1 200 0 0 3
2017-07-21 10:13:32 ::1 GET /images/ui-icons_222222_256x240.png - 51722 - ::1 Mozilla/5.0+(Windows+NT+10.0;+Win64;+x64)+AppleWebKit/537.36+(KHTML,+like+Gecko)+Chrome/59.0.3071.115+Safari/537.36 http://localhost:51722/css/SiteLayoutPageForMasters-css?v=k7uoWcy0aS_V0SwcNQTao7-vJ8CseX9TIwRndGM8u2s1 200 0 0 22
2017-07-21 10:13:32 ::1 GET /images/bg-form-field.gif - 51722 - ::1 Mozilla/5.0+(Windows+NT+10.0;+Win64;+x64)+AppleWebKit/537.36+(KHTML,+like+Gecko)+Chrome/59.0.3071.115+Safari/537.36 http://localhost:51722/css/SiteLayoutPageForMasters-css?v=k7uoWcy0aS_V0SwcNQTao7-vJ8CseX9TIwRndGM8u2s1 200 0 0 8
2017-07-21 10:13:32 ::1 GET /images/icons/information.png - 51722 - ::1 Mozilla/5.0+(Windows+NT+10.0;+Win64;+x64)+AppleWebKit/537.36+(KHTML,+like+Gecko)+Chrome/59.0.3071.115+Safari/537.36 http://localhost:51722/css/SiteLayoutPageForMasters-css?v=k7uoWcy0aS_V0SwcNQTao7-vJ8CseX9TIwRndGM8u2s1 200 0 0 22
2017-07-21 10:13:32 ::1 GET /favicon.ico - 51722 - ::1 Mozilla/5.0+(Windows+NT+10.0;+Win64;+x64)+AppleWebKit/537.36+(KHTML,+like+Gecko)+Chrome/59.0.3071.115+Safari/537.36 http://localhost:51722/User/ChangePassword 200 0 0 22
2017-07-21 10:14:10 ::1 GET /User/ChangePassword - 51722 gktestgk@test.com ::1 Mozilla/5.0+(Windows+NT+10.0;+Win64;+x64)+AppleWebKit/537.36+(KHTML,+like+Gecko)+Chrome/59.0.3071.115+Safari/537.36 http://localhost:51722/Dashboard/ViewDashboard 200 0 0 4331
2017-07-21 10:14:10 ::1 GET /favicon.ico - 51722 - ::1 Mozilla/5.0+(Windows+NT+10.0;+Win64;+x64)+AppleWebKit/537.36+(KHTML,+like+Gecko)+Chrome/59.0.3071.115+Safari/537.36 http://localhost:51722/User/ChangePassword 200 0 0 17
2017-07-21 10:15:16 ::1 GET /User/ChangePassword - 51722 gktestgk@test.com ::1 Mozilla/5.0+(Windows+NT+10.0;+Win64;+x64)+AppleWebKit/537.36+(KHTML,+like+Gecko)+Chrome/59.0.3071.115+Safari/537.36 http://localhost:51722/Dashboard/ViewDashboard 200 0 0 4664
2017-07-21 10:15:16 ::1 GET /favicon.ico - 51722 - ::1 Mozilla/5.0+(Windows+NT+10.0;+Win64;+x64)+AppleWebKit/537.36+(KHTML,+like+Gecko)+Chrome/59.0.3071.115+Safari/537.36 http://localhost:51722/User/ChangePassword 200 0 0 31
2017-07-21 10:16:42 ::1 GET /User/ChangePassword - 51722 gktestgk@test.com ::1 Mozilla/5.0+(Windows+NT+10.0;+Win64;+x64)+AppleWebKit/537.36+(KHTML,+like+Gecko)+Chrome/59.0.3071.115+Safari/537.36 http://localhost:51722/Dashboard/ViewDashboard 200 0 0 4217
2017-07-21 10:16:42 ::1 GET /css/SiteLayoutPageForMasters-css v=k7uoWcy0aS_V0SwcNQTao7-vJ8CseX9TIwRndGM8u2s1 51722 gktestgk@test.com ::1 Mozilla/5.0+(Windows+NT+10.0;+Win64;+x64)+AppleWebKit/537.36+(KHTML,+like+Gecko)+Chrome/59.0.3071.115+Safari/537.36 http://localhost:51722/User/ChangePassword 200 0 0 19
2017-07-21 10:16:42 ::1 GET /Scripts/chosen/chosen.jquery.js - 51722 - ::1 Mozilla/5.0+(Windows+NT+10.0;+Win64;+x64)+AppleWebKit/537.36+(KHTML,+like+Gecko)+Chrome/59.0.3071.115+Safari/537.36 http://localhost:51722/User/ChangePassword 200 0 0 28
2017-07-21 10:16:42 ::1 GET /Scripts/chosen/chosen.css - 51722 - ::1 Mozilla/5.0+(Windows+NT+10.0;+Win64;+x64)+AppleWebKit/537.36+(KHTML,+like+Gecko)+Chrome/59.0.3071.115+Safari/537.36 http://localhost:51722/User/ChangePassword 200 0 0 34
2017-07-21 10:16:42 ::1 GET /Scripts/SiteLayoutPageForMasters-js v=3-GxG_Xjij141D4jwzNa4pb8w7b8UpqawGtg8uOhHTs1 51722 gktestgk@test.com ::1 Mozilla/5.0+(Windows+NT+10.0;+Win64;+x64)+AppleWebKit/537.36+(KHTML,+like+Gecko)+Chrome/59.0.3071.115+Safari/537.36 http://localhost:51722/User/ChangePassword 200 0 0 34
2017-07-21 10:16:42 ::1 GET /Scripts/tranx-gorilla-js v=HEb0gldBuIh13UEztM3sMgRRLx67H1ZOvkNsIMGR_Ng1 51722 gktestgk@test.com ::1 Mozilla/5.0+(Windows+NT+10.0;+Win64;+x64)+AppleWebKit/537.36+(KHTML,+like+Gecko)+Chrome/59.0.3071.115+Safari/537.36 http://localhost:51722/User/ChangePassword 200 0 0 9
2017-07-21 10:16:42 ::1 GET /images/logo_1.png - 51722 - ::1 Mozilla/5.0+(Windows+NT+10.0;+Win64;+x64)+AppleWebKit/537.36+(KHTML,+like+Gecko)+Chrome/59.0.3071.115+Safari/537.36 http://localhost:51722/User/ChangePassword 200 0 0 18
2017-07-21 10:16:42 ::1 GET /images/ui-bg_flat_75_ffffff_40x100.png - 51722 - ::1 Mozilla/5.0+(Windows+NT+10.0;+Win64;+x64)+AppleWebKit/537.36+(KHTML,+like+Gecko)+Chrome/59.0.3071.115+Safari/537.36 http://localhost:51722/css/SiteLayoutPageForMasters-css?v=k7uoWcy0aS_V0SwcNQTao7-vJ8CseX9TIwRndGM8u2s1 200 0 0 3
2017-07-21 10:16:42 ::1 GET /images/ui-icons_222222_256x240.png - 51722 - ::1 Mozilla/5.0+(Windows+NT+10.0;+Win64;+x64)+AppleWebKit/537.36+(KHTML,+like+Gecko)+Chrome/59.0.3071.115+Safari/537.36 http://localhost:51722/css/SiteLayoutPageForMasters-css?v=k7uoWcy0aS_V0SwcNQTao7-vJ8CseX9TIwRndGM8u2s1 200 0 0 24
2017-07-21 10:16:42 ::1 GET /images/bg-form-field.gif - 51722 - ::1 Mozilla/5.0+(Windows+NT+10.0;+Win64;+x64)+AppleWebKit/537.36+(KHTML,+like+Gecko)+Chrome/59.0.3071.115+Safari/537.36 http://localhost:51722/css/SiteLayoutPageForMasters-css?v=k7uoWcy0aS_V0SwcNQTao7-vJ8CseX9TIwRndGM8u2s1 200 0 0 4
2017-07-21 10:16:42 ::1 GET /images/icons/information.png - 51722 - ::1 Mozilla/5.0+(Windows+NT+10.0;+Win64;+x64)+AppleWebKit/537.36+(KHTML,+like+Gecko)+Chrome/59.0.3071.115+Safari/537.36 http://localhost:51722/css/SiteLayoutPageForMasters-css?v=k7uoWcy0aS_V0SwcNQTao7-vJ8CseX9TIwRndGM8u2s1 200 0 0 24
2017-07-21 10:16:42 ::1 GET /favicon.ico - 51722 - ::1 Mozilla/5.0+(Windows+NT+10.0;+Win64;+x64)+AppleWebKit/537.36+(KHTML,+like+Gecko)+Chrome/59.0.3071.115+Safari/537.36 http://localhost:51722/User/ChangePassword 200 0 0 22
2017-07-21 10:18:30 ::1 GET /User/ChangePassword - 51722 gktestgk@test.com ::1 Mozilla/5.0+(Windows+NT+10.0;+Win64;+x64)+AppleWebKit/537.36+(KHTML,+like+Gecko)+Chrome/59.0.3071.115+Safari/537.36 http://localhost:51722/Dashboard/ViewDashboard 200 0 0 4219
2017-07-21 10:18:30 ::1 GET /css/SiteLayoutPageForMasters-css v=k7uoWcy0aS_V0SwcNQTao7-vJ8CseX9TIwRndGM8u2s1 51722 gktestgk@test.com ::1 Mozilla/5.0+(Windows+NT+10.0;+Win64;+x64)+AppleWebKit/537.36+(KHTML,+like+Gecko)+Chrome/59.0.3071.115+Safari/537.36 http://localhost:51722/User/ChangePassword 200 0 0 8
2017-07-21 10:18:30 ::1 GET /Scripts/chosen/chosen.jquery.js - 51722 - ::1 Mozilla/5.0+(Windows+NT+10.0;+Win64;+x64)+AppleWebKit/537.36+(KHTML,+like+Gecko)+Chrome/59.0.3071.115+Safari/537.36 http://localhost:51722/User/ChangePassword 200 0 0 14
2017-07-21 10:18:30 ::1 GET /Scripts/chosen/chosen.css - 51722 - ::1 Mozilla/5.0+(Windows+NT+10.0;+Win64;+x64)+AppleWebKit/537.36+(KHTML,+like+Gecko)+Chrome/59.0.3071.115+Safari/537.36 http://localhost:51722/User/ChangePassword 200 0 0 18
2017-07-21 10:18:30 ::1 GET /Scripts/tranx-gorilla-js v=HEb0gldBuIh13UEztM3sMgRRLx67H1ZOvkNsIMGR_Ng1 51722 gktestgk@test.com ::1 Mozilla/5.0+(Windows+NT+10.0;+Win64;+x64)+AppleWebKit/537.36+(KHTML,+like+Gecko)+Chrome/59.0.3071.115+Safari/537.36 http://localhost:51722/User/ChangePassword 200 0 0 18
2017-07-21 10:18:30 ::1 GET /images/logo_1.png - 51722 - ::1 Mozilla/5.0+(Windows+NT+10.0;+Win64;+x64)+AppleWebKit/537.36+(KHTML,+like+Gecko)+Chrome/59.0.3071.115+Safari/537.36 http://localhost:51722/User/ChangePassword 200 0 0 28
2017-07-21 10:18:30 ::1 GET /Scripts/SiteLayoutPageForMasters-js v=3-GxG_Xjij141D4jwzNa4pb8w7b8UpqawGtg8uOhHTs1 51722 gktestgk@test.com ::1 Mozilla/5.0+(Windows+NT+10.0;+Win64;+x64)+AppleWebKit/537.36+(KHTML,+like+Gecko)+Chrome/59.0.3071.115+Safari/537.36 http://localhost:51722/User/ChangePassword 200 0 0 70
2017-07-21 10:18:30 ::1 GET /images/ui-bg_flat_75_ffffff_40x100.png - 51722 - ::1 Mozilla/5.0+(Windows+NT+10.0;+Win64;+x64)+AppleWebKit/537.36+(KHTML,+like+Gecko)+Chrome/59.0.3071.115+Safari/537.36 http://localhost:51722/css/SiteLayoutPageForMasters-css?v=k7uoWcy0aS_V0SwcNQTao7-vJ8CseX9TIwRndGM8u2s1 200 0 0 2
2017-07-21 10:18:30 ::1 GET /images/ui-icons_222222_256x240.png - 51722 - ::1 Mozilla/5.0+(Windows+NT+10.0;+Win64;+x64)+AppleWebKit/537.36+(KHTML,+like+Gecko)+Chrome/59.0.3071.115+Safari/537.36 http://localhost:51722/css/SiteLayoutPageForMasters-css?v=k7uoWcy0aS_V0SwcNQTao7-vJ8CseX9TIwRndGM8u2s1 200 0 0 28
2017-07-21 10:18:30 ::1 GET /images/bg-form-field.gif - 51722 - ::1 Mozilla/5.0+(Windows+NT+10.0;+Win64;+x64)+AppleWebKit/537.36+(KHTML,+like+Gecko)+Chrome/59.0.3071.115+Safari/537.36 http://localhost:51722/css/SiteLayoutPageForMasters-css?v=k7uoWcy0aS_V0SwcNQTao7-vJ8CseX9TIwRndGM8u2s1 200 0 0 6
2017-07-21 10:18:30 ::1 GET /images/icons/information.png - 51722 - ::1 Mozilla/5.0+(Windows+NT+10.0;+Win64;+x64)+AppleWebKit/537.36+(KHTML,+like+Gecko)+Chrome/59.0.3071.115+Safari/537.36 http://localhost:51722/css/SiteLayoutPageForMasters-css?v=k7uoWcy0aS_V0SwcNQTao7-vJ8CseX9TIwRndGM8u2s1 200 0 0 58
2017-07-21 10:18:30 ::1 GET /favicon.ico - 51722 - ::1 Mozilla/5.0+(Windows+NT+10.0;+Win64;+x64)+AppleWebKit/537.36+(KHTML,+like+Gecko)+Chrome/59.0.3071.115+Safari/537.36 http://localhost:51722/User/ChangePassword 200 0 0 18
2017-07-21 10:22:17 ::1 GET /User/ChangePassword - 51722 gktestgk@test.com ::1 Mozilla/5.0+(Windows+NT+10.0;+Win64;+x64)+AppleWebKit/537.36+(KHTML,+like+Gecko)+Chrome/59.0.3071.115+Safari/537.36 http://localhost:51722/Dashboard/ViewDashboard 200 0 0 4957
2017-07-21 10:22:17 ::1 GET /css/SiteLayoutPageForMasters-css v=k7uoWcy0aS_V0SwcNQTao7-vJ8CseX9TIwRndGM8u2s1 51722 gktestgk@test.com ::1 Mozilla/5.0+(Windows+NT+10.0;+Win64;+x64)+AppleWebKit/537.36+(KHTML,+like+Gecko)+Chrome/59.0.3071.115+Safari/537.36 http://localhost:51722/User/ChangePassword 200 0 0 18
2017-07-21 10:22:17 ::1 GET /Scripts/SiteLayoutPageForMasters-js v=3-GxG_Xjij141D4jwzNa4pb8w7b8UpqawGtg8uOhHTs1 51722 gktestgk@test.com ::1 Mozilla/5.0+(Windows+NT+10.0;+Win64;+x64)+AppleWebKit/537.36+(KHTML,+like+Gecko)+Chrome/59.0.3071.115+Safari/537.36 http://localhost:51722/User/ChangePassword 200 0 0 28
2017-07-21 10:22:17 ::1 GET /Scripts/chosen/chosen.jquery.js - 51722 - ::1 Mozilla/5.0+(Windows+NT+10.0;+Win64;+x64)+AppleWebKit/537.36+(KHTML,+like+Gecko)+Chrome/59.0.3071.115+Safari/537.36 http://localhost:51722/User/ChangePassword 200 0 0 57
2017-07-21 10:22:17 ::1 GET /Scripts/tranx-gorilla-js v=HEb0gldBuIh13UEztM3sMgRRLx67H1ZOvkNsIMGR_Ng1 51722 gktestgk@test.com ::1 Mozilla/5.0+(Windows+NT+10.0;+Win64;+x64)+AppleWebKit/537.36+(KHTML,+like+Gecko)+Chrome/59.0.3071.115+Safari/537.36 http://localhost:51722/User/ChangePassword 200 0 0 7
2017-07-21 10:22:17 ::1 GET /Scripts/chosen/chosen.css - 51722 - ::1 Mozilla/5.0+(Windows+NT+10.0;+Win64;+x64)+AppleWebKit/537.36+(KHTML,+like+Gecko)+Chrome/59.0.3071.115+Safari/537.36 http://localhost:51722/User/ChangePassword 200 0 0 134
2017-07-21 10:22:17 ::1 GET /images/ui-bg_flat_75_ffffff_40x100.png - 51722 - ::1 Mozilla/5.0+(Windows+NT+10.0;+Win64;+x64)+AppleWebKit/537.36+(KHTML,+like+Gecko)+Chrome/59.0.3071.115+Safari/537.36 http://localhost:51722/css/SiteLayoutPageForMasters-css?v=k7uoWcy0aS_V0SwcNQTao7-vJ8CseX9TIwRndGM8u2s1 200 0 0 2
2017-07-21 10:22:17 ::1 GET /images/logo_1.png - 51722 - ::1 Mozilla/5.0+(Windows+NT+10.0;+Win64;+x64)+AppleWebKit/537.36+(KHTML,+like+Gecko)+Chrome/59.0.3071.115+Safari/537.36 http://localhost:51722/User/ChangePassword 200 0 0 92
2017-07-21 10:22:17 ::1 GET /images/ui-icons_222222_256x240.png - 51722 - ::1 Mozilla/5.0+(Windows+NT+10.0;+Win64;+x64)+AppleWebKit/537.36+(KHTML,+like+Gecko)+Chrome/59.0.3071.115+Safari/537.36 http://localhost:51722/css/SiteLayoutPageForMasters-css?v=k7uoWcy0aS_V0SwcNQTao7-vJ8CseX9TIwRndGM8u2s1 200 0 0 14
2017-07-21 10:22:17 ::1 GET /images/bg-form-field.gif - 51722 - ::1 Mozilla/5.0+(Windows+NT+10.0;+Win64;+x64)+AppleWebKit/537.36+(KHTML,+like+Gecko)+Chrome/59.0.3071.115+Safari/537.36 http://localhost:51722/css/SiteLayoutPageForMasters-css?v=k7uoWcy0aS_V0SwcNQTao7-vJ8CseX9TIwRndGM8u2s1 200 0 0 2
2017-07-21 10:22:17 ::1 GET /images/icons/information.png - 51722 - ::1 Mozilla/5.0+(Windows+NT+10.0;+Win64;+x64)+AppleWebKit/537.36+(KHTML,+like+Gecko)+Chrome/59.0.3071.115+Safari/537.36 http://localhost:51722/css/SiteLayoutPageForMasters-css?v=k7uoWcy0aS_V0SwcNQTao7-vJ8CseX9TIwRndGM8u2s1 200 0 0 22
2017-07-21 10:22:17 ::1 GET /favicon.ico - 51722 - ::1 Mozilla/5.0+(Windows+NT+10.0;+Win64;+x64)+AppleWebKit/537.36+(KHTML,+like+Gecko)+Chrome/59.0.3071.115+Safari/537.36 http://localhost:51722/User/ChangePassword 200 0 0 20
2017-07-21 10:23:22 ::1 GET /User/LogOn - 51722 gktestgk@test.com ::1 Mozilla/5.0+(Windows+NT+10.0;+Win64;+x64)+AppleWebKit/537.36+(KHTML,+like+Gecko)+Chrome/59.0.3071.115+Safari/537.36 http://localhost:51722/Dashboard/ViewDashboard 200 0 0 1927
2017-07-21 10:23:22 ::1 GET /assets/global/plugins/bootstrap-switch/css/bootstrap-switch.min.css - 51722 - ::1 Mozilla/5.0+(Windows+NT+10.0;+Win64;+x64)+AppleWebKit/537.36+(KHTML,+like+Gecko)+Chrome/59.0.3071.115+Safari/537.36 http://localhost:51722/User/LogOn 200 0 0 30
2017-07-21 10:23:22 ::1 GET /assets/pages/css/font.css - 51722 - ::1 Mozilla/5.0+(Windows+NT+10.0;+Win64;+x64)+AppleWebKit/537.36+(KHTML,+like+Gecko)+Chrome/59.0.3071.115+Safari/537.36 http://localhost:51722/User/LogOn 200 0 0 50
2017-07-21 10:23:22 ::1 GET /assets/global/plugins/simple-line-icons/simple-line-icons.min.css - 51722 - ::1 Mozilla/5.0+(Windows+NT+10.0;+Win64;+x64)+AppleWebKit/537.36+(KHTML,+like+Gecko)+Chrome/59.0.3071.115+Safari/537.36 http://localhost:51722/User/LogOn 200 0 0 80
2017-07-21 10:23:22 ::1 GET /assets/global/plugins/select2/css/select2.min.css - 51722 - ::1 Mozilla/5.0+(Windows+NT+10.0;+Win64;+x64)+AppleWebKit/537.36+(KHTML,+like+Gecko)+Chrome/59.0.3071.115+Safari/537.36 http://localhost:51722/User/LogOn 200 0 0 106
2017-07-21 10:23:22 ::1 GET /assets/global/css/plugins.min.css - 51722 - ::1 Mozilla/5.0+(Windows+NT+10.0;+Win64;+x64)+AppleWebKit/537.36+(KHTML,+like+Gecko)+Chrome/59.0.3071.115+Safari/537.36 http://localhost:51722/User/LogOn 200 0 0 34
2017-07-21 10:23:22 ::1 GET /assets/global/plugins/select2/css/select2-bootstrap.min.css - 51722 - ::1 Mozilla/5.0+(Windows+NT+10.0;+Win64;+x64)+AppleWebKit/537.36+(KHTML,+like+Gecko)+Chrome/59.0.3071.115+Safari/537.36 http://localhost:51722/User/LogOn 200 0 0 94
2017-07-21 10:23:22 ::1 GET /assets/pages/css/login-5.min.css - 51722 - ::1 Mozilla/5.0+(Windows+NT+10.0;+Win64;+x64)+AppleWebKit/537.36+(KHTML,+like+Gecko)+Chrome/59.0.3071.115+Safari/537.36 http://localhost:51722/User/LogOn 200 0 0 27
2017-07-21 10:23:22 ::1 GET /assets/global/plugins/bootstrap/css/bootstrap.min.css - 51722 - ::1 Mozilla/5.0+(Windows+NT+10.0;+Win64;+x64)+AppleWebKit/537.36+(KHTML,+like+Gecko)+Chrome/59.0.3071.115+Safari/537.36 http://localhost:51722/User/LogOn 200 0 0 233
2017-07-21 10:23:22 ::1 GET /assets/global/plugins/jquery.min.js - 51722 - ::1 Mozilla/5.0+(Windows+NT+10.0;+Win64;+x64)+AppleWebKit/537.36+(KHTML,+like+Gecko)+Chrome/59.0.3071.115+Safari/537.36 http://localhost:51722/User/LogOn 200 0 0 15
2017-07-21 10:23:22 ::1 GET /assets/global/plugins/bootstrap/js/bootstrap.min.js - 51722 - ::1 Mozilla/5.0+(Windows+NT+10.0;+Win64;+x64)+AppleWebKit/537.36+(KHTML,+like+Gecko)+Chrome/59.0.3071.115+Safari/537.36 http://localhost:51722/User/LogOn 200 0 0 18
2017-07-21 10:23:22 ::1 GET /assets/global/plugins/js.cookie.min.js - 51722 - ::1 Mozilla/5.0+(Windows+NT+10.0;+Win64;+x64)+AppleWebKit/537.36+(KHTML,+like+Gecko)+Chrome/59.0.3071.115+Safari/537.36 http://localhost:51722/User/LogOn 200 0 0 72
2017-07-21 10:23:22 ::1 GET /assets/global/plugins/jquery-slimscroll/jquery.slimscroll.min.js - 51722 - ::1 Mozilla/5.0+(Windows+NT+10.0;+Win64;+x64)+AppleWebKit/537.36+(KHTML,+like+Gecko)+Chrome/59.0.3071.115+Safari/537.36 http://localhost:51722/User/LogOn 200 0 0 16
2017-07-21 10:23:22 ::1 GET /assets/global/plugins/jquery.blockui.min.js - 51722 - ::1 Mozilla/5.0+(Windows+NT+10.0;+Win64;+x64)+AppleWebKit/537.36+(KHTML,+like+Gecko)+Chrome/59.0.3071.115+Safari/537.36 http://localhost:51722/User/LogOn 200 0 0 7
2017-07-21 10:23:22 ::1 GET /assets/global/plugins/bootstrap-switch/js/bootstrap-switch.min.js - 51722 - ::1 Mozilla/5.0+(Windows+NT+10.0;+Win64;+x64)+AppleWebKit/537.36+(KHTML,+like+Gecko)+Chrome/59.0.3071.115+Safari/537.36 http://localhost:51722/User/LogOn 200 0 0 27
2017-07-21 10:23:22 ::1 GET /assets/global/plugins/jquery-validation/js/jquery.validate.min.js - 51722 - ::1 Mozilla/5.0+(Windows+NT+10.0;+Win64;+x64)+AppleWebKit/537.36+(KHTML,+like+Gecko)+Chrome/59.0.3071.115+Safari/537.36 http://localhost:51722/User/LogOn 200 0 0 25
2017-07-21 10:23:22 ::1 GET /assets/global/plugins/jquery-validation/js/additional-methods.min.js - 51722 - ::1 Mozilla/5.0+(Windows+NT+10.0;+Win64;+x64)+AppleWebKit/537.36+(KHTML,+like+Gecko)+Chrome/59.0.3071.115+Safari/537.36 http://localhost:51722/User/LogOn 200 0 0 19
2017-07-21 10:23:22 ::1 GET /assets/global/plugins/select2/js/select2.full.min.js - 51722 - ::1 Mozilla/5.0+(Windows+NT+10.0;+Win64;+x64)+AppleWebKit/537.36+(KHTML,+like+Gecko)+Chrome/59.0.3071.115+Safari/537.36 http://localhost:51722/User/LogOn 200 0 0 190
2017-07-21 10:23:22 ::1 GET /assets/global/plugins/backstretch/jquery.backstretch.min.js - 51722 - ::1 Mozilla/5.0+(Windows+NT+10.0;+Win64;+x64)+AppleWebKit/537.36+(KHTML,+like+Gecko)+Chrome/59.0.3071.115+Safari/537.36 http://localhost:51722/User/LogOn 200 0 0 141
2017-07-21 10:23:22 ::1 GET /assets/global/scripts/app.min.js - 51722 - ::1 Mozilla/5.0+(Windows+NT+10.0;+Win64;+x64)+AppleWebKit/537.36+(KHTML,+like+Gecko)+Chrome/59.0.3071.115+Safari/537.36 http://localhost:51722/User/LogOn 200 0 0 21
2017-07-21 10:23:22 ::1 GET /assets/pages/scripts/login-5.min.js - 51722 - ::1 Mozilla/5.0+(Windows+NT+10.0;+Win64;+x64)+AppleWebKit/537.36+(KHTML,+like+Gecko)+Chrome/59.0.3071.115+Safari/537.36 http://localhost:51722/User/LogOn 200 0 0 40
2017-07-21 10:23:22 ::1 GET /images/logo_1.png - 51722 - ::1 Mozilla/5.0+(Windows+NT+10.0;+Win64;+x64)+AppleWebKit/537.36+(KHTML,+like+Gecko)+Chrome/59.0.3071.115+Safari/537.36 http://localhost:51722/User/LogOn 200 0 0 25
2017-07-21 10:23:22 ::1 GET /assets/global/css/components.min.css - 51722 - ::1 Mozilla/5.0+(Windows+NT+10.0;+Win64;+x64)+AppleWebKit/537.36+(KHTML,+like+Gecko)+Chrome/59.0.3071.115+Safari/537.36 http://localhost:51722/User/LogOn 200 0 0 906
2017-07-21 10:23:22 ::1 GET /Images/sign-in-light.png - 51722 - ::1 Mozilla/5.0+(Windows+NT+10.0;+Win64;+x64)+AppleWebKit/537.36+(KHTML,+like+Gecko)+Chrome/59.0.3071.115+Safari/537.36 http://localhost:51722/User/LogOn 200 0 0 28
2017-07-21 10:23:23 ::1 GET /User/assets/pages/img/login/bg1.jpg - 51722 - ::1 Mozilla/5.0+(Windows+NT+10.0;+Win64;+x64)+AppleWebKit/537.36+(KHTML,+like+Gecko)+Chrome/59.0.3071.115+Safari/537.36 http://localhost:51722/User/LogOn 404 0 2 6
2017-07-21 10:23:23 ::1 GET /assets/pages/img/login/bg1.jpg - 51722 - ::1 Mozilla/5.0+(Windows+NT+10.0;+Win64;+x64)+AppleWebKit/537.36+(KHTML,+like+Gecko)+Chrome/59.0.3071.115+Safari/537.36 http://localhost:51722/User/LogOn 200 0 0 47
2017-07-21 10:23:37 ::1 GET /User/ChangePassword - 51722 gktestgk@test.com ::1 Mozilla/5.0+(Windows+NT+10.0;+Win64;+x64)+AppleWebKit/537.36+(KHTML,+like+Gecko)+Chrome/59.0.3071.115+Safari/537.36 http://localhost:51722/Dashboard/ViewDashboard 302 0 64 27441
2017-07-21 10:24:07 ::1 POST /User/LogOn - 51722 gktestgk@test.com ::1 Mozilla/5.0+(Windows+NT+10.0;+Win64;+x64)+AppleWebKit/537.36+(KHTML,+like+Gecko)+Chrome/59.0.3071.115+Safari/537.36 http://localhost:51722/User/LogOn 302 0 0 36451
2017-07-21 10:24:07 ::1 GET / - 51722 gktestgk@test.com ::1 Mozilla/5.0+(Windows+NT+10.0;+Win64;+x64)+AppleWebKit/537.36+(KHTML,+like+Gecko)+Chrome/59.0.3071.115+Safari/537.36 http://localhost:51722/User/LogOn 302 0 0 15
2017-07-21 10:24:16 ::1 GET /Dashboard/ViewDashboard - 51722 gktestgk@test.com ::1 Mozilla/5.0+(Windows+NT+10.0;+Win64;+x64)+AppleWebKit/537.36+(KHTML,+like+Gecko)+Chrome/59.0.3071.115+Safari/537.36 http://localhost:51722/User/LogOn 200 0 0 9380
2017-07-21 10:24:19 ::1 GET /Dashboard/getAjaxTab/1 sDate=null&eDate=null 51722 gktestgk@test.com ::1 Mozilla/5.0+(Windows+NT+10.0;+Win64;+x64)+AppleWebKit/537.36+(KHTML,+like+Gecko)+Chrome/59.0.3071.115+Safari/537.36 http://localhost:51722/Dashboard/ViewDashboard 200 0 0 2500
2017-07-21 10:24:19 ::1 GET /Scripts/v2/easy.pie.chart/jquery.easing.1.3.js _=1500632659562 51722 - ::1 Mozilla/5.0+(Windows+NT+10.0;+Win64;+x64)+AppleWebKit/537.36+(KHTML,+like+Gecko)+Chrome/59.0.3071.115+Safari/537.36 http://localhost:51722/Dashboard/ViewDashboard 200 0 0 23
2017-07-21 10:24:19 ::1 GET /Scripts/v2/easy.pie.chart/jquery.easypiechart.min.js _=1500632659590 51722 - ::1 Mozilla/5.0+(Windows+NT+10.0;+Win64;+x64)+AppleWebKit/537.36+(KHTML,+like+Gecko)+Chrome/59.0.3071.115+Safari/537.36 http://localhost:51722/Dashboard/ViewDashboard 200 0 0 18
2017-07-21 10:24:19 ::1 GET /Scripts/v2/morris.charts/morris.min.js _=1500632659613 51722 - ::1 Mozilla/5.0+(Windows+NT+10.0;+Win64;+x64)+AppleWebKit/537.36+(KHTML,+like+Gecko)+Chrome/59.0.3071.115+Safari/537.36 http://localhost:51722/Dashboard/ViewDashboard 200 0 0 11
2017-07-21 10:24:19 ::1 GET /Scripts/v2/morris.charts/raphael.min.js _=1500632659634 51722 - ::1 Mozilla/5.0+(Windows+NT+10.0;+Win64;+x64)+AppleWebKit/537.36+(KHTML,+like+Gecko)+Chrome/59.0.3071.115+Safari/537.36 http://localhost:51722/Dashboard/ViewDashboard 200 0 0 14
2017-07-21 10:24:35 ::1 GET /Dashboard/GetExpenseSubmissions/ sDate=null&eDate=null 51722 gktestgk@test.com ::1 Mozilla/5.0+(Windows+NT+10.0;+Win64;+x64)+AppleWebKit/537.36+(KHTML,+like+Gecko)+Chrome/59.0.3071.115+Safari/537.36 http://localhost:51722/Dashboard/ViewDashboard 200 0 0 15825
2017-07-21 10:24:39 ::1 GET /User/ChangePassword - 51722 gktestgk@test.com ::1 Mozilla/5.0+(Windows+NT+10.0;+Win64;+x64)+AppleWebKit/537.36+(KHTML,+like+Gecko)+Chrome/59.0.3071.115+Safari/537.36 http://localhost:51722/Dashboard/ViewDashboard 200 0 0 16608
2017-07-21 10:24:57 ::1 GET /Dashboard/GetExpensePostings/ sDate=null&eDate=null 51722 gktestgk@test.com ::1 Mozilla/5.0+(Windows+NT+10.0;+Win64;+x64)+AppleWebKit/537.36+(KHTML,+like+Gecko)+Chrome/59.0.3071.115+Safari/537.36 http://localhost:51722/Dashboard/ViewDashboard 200 0 64 37475
2017-07-21 10:25:07 ::1 GET /Dashboard/GetExpenseTypesAmount/ sDate=null&eDate=null 51722 gktestgk@test.com ::1 Mozilla/5.0+(Windows+NT+10.0;+Win64;+x64)+AppleWebKit/537.36+(KHTML,+like+Gecko)+Chrome/59.0.3071.115+Safari/537.36 http://localhost:51722/Dashboard/ViewDashboard 200 0 64 48287
2017-07-21 10:25:27 ::1 GET /Dashboard/GetPayMethodsAmount/ sDate=null&eDate=null 51722 gktestgk@test.com ::1 Mozilla/5.0+(Windows+NT+10.0;+Win64;+x64)+AppleWebKit/537.36+(KHTML,+like+Gecko)+Chrome/59.0.3071.115+Safari/537.36 http://localhost:51722/Dashboard/ViewDashboard 200 0 64 67976
2017-07-21 10:25:47 ::1 GET /Dashboard/GetExpenseApprovals/ sDate=null&eDate=null 51722 gktestgk@test.com ::1 Mozilla/5.0+(Windows+NT+10.0;+Win64;+x64)+AppleWebKit/537.36+(KHTML,+like+Gecko)+Chrome/59.0.3071.115+Safari/537.36 http://localhost:51722/Dashboard/ViewDashboard 200 0 64 87687
2017-07-21 10:25:53 ::1 GET /User/ChangePassword - 51722 gktestgk@test.com ::1 Mozilla/5.0+(Windows+NT+10.0;+Win64;+x64)+AppleWebKit/537.36+(KHTML,+like+Gecko)+Chrome/59.0.3071.115+Safari/537.36 http://localhost:51722/Dashboard/ViewDashboard 200 0 0 10031
2017-07-21 10:25:53 ::1 GET /favicon.ico - 51722 - ::1 Mozilla/5.0+(Windows+NT+10.0;+Win64;+x64)+AppleWebKit/537.36+(KHTML,+like+Gecko)+Chrome/59.0.3071.115+Safari/537.36 http://localhost:51722/User/ChangePassword 200 0 0 27
2017-07-21 10:29:14 ::1 GET /User/ChangePassword - 51722 gktestgk@test.com ::1 Mozilla/5.0+(Windows+NT+10.0;+Win64;+x64)+AppleWebKit/537.36+(KHTML,+like+Gecko)+Chrome/59.0.3071.115+Safari/537.36 http://localhost:51722/Dashboard/ViewDashboard 200 0 0 4422
2017-07-21 10:29:14 ::1 GET /css/SiteLayoutPageForMasters-css v=k7uoWcy0aS_V0SwcNQTao7-vJ8CseX9TIwRndGM8u2s1 51722 gktestgk@test.com ::1 Mozilla/5.0+(Windows+NT+10.0;+Win64;+x64)+AppleWebKit/537.36+(KHTML,+like+Gecko)+Chrome/59.0.3071.115+Safari/537.36 http://localhost:51722/User/ChangePassword 200 0 0 38
2017-07-21 10:29:14 ::1 GET /Scripts/SiteLayoutPageForMasters-js v=3-GxG_Xjij141D4jwzNa4pb8w7b8UpqawGtg8uOhHTs1 51722 gktestgk@test.com ::1 Mozilla/5.0+(Windows+NT+10.0;+Win64;+x64)+AppleWebKit/537.36+(KHTML,+like+Gecko)+Chrome/59.0.3071.115+Safari/537.36 http://localhost:51722/User/ChangePassword 200 0 0 48
2017-07-21 10:29:14 ::1 GET /Scripts/chosen/chosen.jquery.js - 51722 - ::1 Mozilla/5.0+(Windows+NT+10.0;+Win64;+x64)+AppleWebKit/537.36+(KHTML,+like+Gecko)+Chrome/59.0.3071.115+Safari/537.36 http://localhost:51722/User/ChangePassword 200 0 0 60
2017-07-21 10:29:14 ::1 GET /Scripts/chosen/chosen.css - 51722 - ::1 Mozilla/5.0+(Windows+NT+10.0;+Win64;+x64)+AppleWebKit/537.36+(KHTML,+like+Gecko)+Chrome/59.0.3071.115+Safari/537.36 http://localhost:51722/User/ChangePassword 200 0 0 64
2017-07-21 10:29:14 ::1 GET /Scripts/tranx-gorilla-js v=HEb0gldBuIh13UEztM3sMgRRLx67H1ZOvkNsIMGR_Ng1 51722 gktestgk@test.com ::1 Mozilla/5.0+(Windows+NT+10.0;+Win64;+x64)+AppleWebKit/537.36+(KHTML,+like+Gecko)+Chrome/59.0.3071.115+Safari/537.36 http://localhost:51722/User/ChangePassword 200 0 0 8
2017-07-21 10:29:14 ::1 GET /images/logo_1.png - 51722 - ::1 Mozilla/5.0+(Windows+NT+10.0;+Win64;+x64)+AppleWebKit/537.36+(KHTML,+like+Gecko)+Chrome/59.0.3071.115+Safari/537.36 http://localhost:51722/User/ChangePassword 200 0 0 9
2017-07-21 10:29:14 ::1 GET /images/ui-bg_flat_75_ffffff_40x100.png - 51722 - ::1 Mozilla/5.0+(Windows+NT+10.0;+Win64;+x64)+AppleWebKit/537.36+(KHTML,+like+Gecko)+Chrome/59.0.3071.115+Safari/537.36 http://localhost:51722/css/SiteLayoutPageForMasters-css?v=k7uoWcy0aS_V0SwcNQTao7-vJ8CseX9TIwRndGM8u2s1 200 0 0 2
2017-07-21 10:29:14 ::1 GET /images/ui-icons_222222_256x240.png - 51722 - ::1 Mozilla/5.0+(Windows+NT+10.0;+Win64;+x64)+AppleWebKit/537.36+(KHTML,+like+Gecko)+Chrome/59.0.3071.115+Safari/537.36 http://localhost:51722/css/SiteLayoutPageForMasters-css?v=k7uoWcy0aS_V0SwcNQTao7-vJ8CseX9TIwRndGM8u2s1 200 0 0 25
2017-07-21 10:29:14 ::1 GET /images/bg-form-field.gif - 51722 - ::1 Mozilla/5.0+(Windows+NT+10.0;+Win64;+x64)+AppleWebKit/537.36+(KHTML,+like+Gecko)+Chrome/59.0.3071.115+Safari/537.36 http://localhost:51722/css/SiteLayoutPageForMasters-css?v=k7uoWcy0aS_V0SwcNQTao7-vJ8CseX9TIwRndGM8u2s1 200 0 0 5
2017-07-21 10:29:14 ::1 GET /images/icons/information.png - 51722 - ::1 Mozilla/5.0+(Windows+NT+10.0;+Win64;+x64)+AppleWebKit/537.36+(KHTML,+like+Gecko)+Chrome/59.0.3071.115+Safari/537.36 http://localhost:51722/css/SiteLayoutPageForMasters-css?v=k7uoWcy0aS_V0SwcNQTao7-vJ8CseX9TIwRndGM8u2s1 200 0 0 54
2017-07-21 10:29:14 ::1 GET /images/icons/cross_circle.png - 51722 - ::1 Mozilla/5.0+(Windows+NT+10.0;+Win64;+x64)+AppleWebKit/537.36+(KHTML,+like+Gecko)+Chrome/59.0.3071.115+Safari/537.36 http://localhost:51722/css/SiteLayoutPageForMasters-css?v=k7uoWcy0aS_V0SwcNQTao7-vJ8CseX9TIwRndGM8u2s1 200 0 0 33
2017-07-21 10:29:14 ::1 GET /favicon.ico - 51722 - ::1 Mozilla/5.0+(Windows+NT+10.0;+Win64;+x64)+AppleWebKit/537.36+(KHTML,+like+Gecko)+Chrome/59.0.3071.115+Safari/537.36 http://localhost:51722/User/ChangePassword 200 0 0 36
2017-07-21 10:30:14 ::1 GET /User/ChangePassword - 51722 gktestgk@test.com ::1 Mozilla/5.0+(Windows+NT+10.0;+Win64;+x64)+AppleWebKit/537.36+(KHTML,+like+Gecko)+Chrome/59.0.3071.115+Safari/537.36 http://localhost:51722/Dashboard/ViewDashboard 200 0 0 4007
2017-07-21 10:30:14 ::1 GET /css/SiteLayoutPageForMasters-css v=k7uoWcy0aS_V0SwcNQTao7-vJ8CseX9TIwRndGM8u2s1 51722 gktestgk@test.com ::1 Mozilla/5.0+(Windows+NT+10.0;+Win64;+x64)+AppleWebKit/537.36+(KHTML,+like+Gecko)+Chrome/59.0.3071.115+Safari/537.36 http://localhost:51722/User/ChangePassword 200 0 0 13
2017-07-21 10:30:14 ::1 GET /Scripts/chosen/chosen.css - 51722 - ::1 Mozilla/5.0+(Windows+NT+10.0;+Win64;+x64)+AppleWebKit/537.36+(KHTML,+like+Gecko)+Chrome/59.0.3071.115+Safari/537.36 http://localhost:51722/User/ChangePassword 200 0 0 27
2017-07-21 10:30:14 ::1 GET /Scripts/chosen/chosen.jquery.js - 51722 - ::1 Mozilla/5.0+(Windows+NT+10.0;+Win64;+x64)+AppleWebKit/537.36+(KHTML,+like+Gecko)+Chrome/59.0.3071.115+Safari/537.36 http://localhost:51722/User/ChangePassword 200 0 0 33
2017-07-21 10:30:14 ::1 GET /Scripts/SiteLayoutPageForMasters-js v=3-GxG_Xjij141D4jwzNa4pb8w7b8UpqawGtg8uOhHTs1 51722 gktestgk@test.com ::1 Mozilla/5.0+(Windows+NT+10.0;+Win64;+x64)+AppleWebKit/537.36+(KHTML,+like+Gecko)+Chrome/59.0.3071.115+Safari/537.36 http://localhost:51722/User/ChangePassword 200 0 0 48
2017-07-21 10:30:14 ::1 GET /Scripts/tranx-gorilla-js v=HEb0gldBuIh13UEztM3sMgRRLx67H1ZOvkNsIMGR_Ng1 51722 gktestgk@test.com ::1 Mozilla/5.0+(Windows+NT+10.0;+Win64;+x64)+AppleWebKit/537.36+(KHTML,+like+Gecko)+Chrome/59.0.3071.115+Safari/537.36 http://localhost:51722/User/ChangePassword 200 0 0 5
2017-07-21 10:30:14 ::1 GET /images/logo_1.png - 51722 - ::1 Mozilla/5.0+(Windows+NT+10.0;+Win64;+x64)+AppleWebKit/537.36+(KHTML,+like+Gecko)+Chrome/59.0.3071.115+Safari/537.36 http://localhost:51722/User/ChangePassword 200 0 0 31
2017-07-21 10:30:14 ::1 GET /images/ui-bg_flat_75_ffffff_40x100.png - 51722 - ::1 Mozilla/5.0+(Windows+NT+10.0;+Win64;+x64)+AppleWebKit/537.36+(KHTML,+like+Gecko)+Chrome/59.0.3071.115+Safari/537.36 http://localhost:51722/css/SiteLayoutPageForMasters-css?v=k7uoWcy0aS_V0SwcNQTao7-vJ8CseX9TIwRndGM8u2s1 200 0 0 2
2017-07-21 10:30:14 ::1 GET /images/ui-icons_222222_256x240.png - 51722 - ::1 Mozilla/5.0+(Windows+NT+10.0;+Win64;+x64)+AppleWebKit/537.36+(KHTML,+like+Gecko)+Chrome/59.0.3071.115+Safari/537.36 http://localhost:51722/css/SiteLayoutPageForMasters-css?v=k7uoWcy0aS_V0SwcNQTao7-vJ8CseX9TIwRndGM8u2s1 200 0 0 10
2017-07-21 10:30:14 ::1 GET /images/bg-form-field.gif - 51722 - ::1 Mozilla/5.0+(Windows+NT+10.0;+Win64;+x64)+AppleWebKit/537.36+(KHTML,+like+Gecko)+Chrome/59.0.3071.115+Safari/537.36 http://localhost:51722/css/SiteLayoutPageForMasters-css?v=k7uoWcy0aS_V0SwcNQTao7-vJ8CseX9TIwRndGM8u2s1 200 0 0 3
2017-07-21 10:30:14 ::1 GET /images/icons/information.png - 51722 - ::1 Mozilla/5.0+(Windows+NT+10.0;+Win64;+x64)+AppleWebKit/537.36+(KHTML,+like+Gecko)+Chrome/59.0.3071.115+Safari/537.36 http://localhost:51722/css/SiteLayoutPageForMasters-css?v=k7uoWcy0aS_V0SwcNQTao7-vJ8CseX9TIwRndGM8u2s1 200 0 0 26
2017-07-21 10:30:14 ::1 GET /favicon.ico - 51722 - ::1 Mozilla/5.0+(Windows+NT+10.0;+Win64;+x64)+AppleWebKit/537.36+(KHTML,+like+Gecko)+Chrome/59.0.3071.115+Safari/537.36 http://localhost:51722/User/ChangePassword 200 0 0 18
2017-07-21 10:32:19 ::1 GET /User/ChangePassword - 51722 gktestgk@test.com ::1 Mozilla/5.0+(Windows+NT+10.0;+Win64;+x64)+AppleWebKit/537.36+(KHTML,+like+Gecko)+Chrome/59.0.3071.115+Safari/537.36 http://localhost:51722/Dashboard/ViewDashboard 200 0 0 4113
2017-07-21 10:32:19 ::1 GET /css/SiteLayoutPageForMasters-css v=k7uoWcy0aS_V0SwcNQTao7-vJ8CseX9TIwRndGM8u2s1 51722 gktestgk@test.com ::1 Mozilla/5.0+(Windows+NT+10.0;+Win64;+x64)+AppleWebKit/537.36+(KHTML,+like+Gecko)+Chrome/59.0.3071.115+Safari/537.36 http://localhost:51722/User/ChangePassword 200 0 0 11
2017-07-21 10:32:19 ::1 GET /Scripts/SiteLayoutPageForMasters-js v=3-GxG_Xjij141D4jwzNa4pb8w7b8UpqawGtg8uOhHTs1 51722 gktestgk@test.com ::1 Mozilla/5.0+(Windows+NT+10.0;+Win64;+x64)+AppleWebKit/537.36+(KHTML,+like+Gecko)+Chrome/59.0.3071.115+Safari/537.36 http://localhost:51722/User/ChangePassword 200 0 0 23
2017-07-21 10:32:19 ::1 GET /Scripts/chosen/chosen.css - 51722 - ::1 Mozilla/5.0+(Windows+NT+10.0;+Win64;+x64)+AppleWebKit/537.36+(KHTML,+like+Gecko)+Chrome/59.0.3071.115+Safari/537.36 http://localhost:51722/User/ChangePassword 200 0 0 35
2017-07-21 10:32:19 ::1 GET /Scripts/tranx-gorilla-js v=HEb0gldBuIh13UEztM3sMgRRLx67H1ZOvkNsIMGR_Ng1 51722 gktestgk@test.com ::1 Mozilla/5.0+(Windows+NT+10.0;+Win64;+x64)+AppleWebKit/537.36+(KHTML,+like+Gecko)+Chrome/59.0.3071.115+Safari/537.36 http://localhost:51722/User/ChangePassword 200 0 0 6
2017-07-21 10:32:19 ::1 GET /Scripts/chosen/chosen.jquery.js - 51722 - ::1 Mozilla/5.0+(Windows+NT+10.0;+Win64;+x64)+AppleWebKit/537.36+(KHTML,+like+Gecko)+Chrome/59.0.3071.115+Safari/537.36 http://localhost:51722/User/ChangePassword 200 0 0 44
2017-07-21 10:32:19 ::1 GET /images/logo_1.png - 51722 - ::1 Mozilla/5.0+(Windows+NT+10.0;+Win64;+x64)+AppleWebKit/537.36+(KHTML,+like+Gecko)+Chrome/59.0.3071.115+Safari/537.36 http://localhost:51722/User/ChangePassword 200 0 0 20
2017-07-21 10:32:19 ::1 GET /images/ui-bg_flat_75_ffffff_40x100.png - 51722 - ::1 Mozilla/5.0+(Windows+NT+10.0;+Win64;+x64)+AppleWebKit/537.36+(KHTML,+like+Gecko)+Chrome/59.0.3071.115+Safari/537.36 http://localhost:51722/css/SiteLayoutPageForMasters-css?v=k7uoWcy0aS_V0SwcNQTao7-vJ8CseX9TIwRndGM8u2s1 200 0 0 2
2017-07-21 10:32:19 ::1 GET /images/ui-icons_222222_256x240.png - 51722 - ::1 Mozilla/5.0+(Windows+NT+10.0;+Win64;+x64)+AppleWebKit/537.36+(KHTML,+like+Gecko)+Chrome/59.0.3071.115+Safari/537.36 http://localhost:51722/css/SiteLayoutPageForMasters-css?v=k7uoWcy0aS_V0SwcNQTao7-vJ8CseX9TIwRndGM8u2s1 200 0 0 25
2017-07-21 10:32:19 ::1 GET /images/bg-form-field.gif - 51722 - ::1 Mozilla/5.0+(Windows+NT+10.0;+Win64;+x64)+AppleWebKit/537.36+(KHTML,+like+Gecko)+Chrome/59.0.3071.115+Safari/537.36 http://localhost:51722/css/SiteLayoutPageForMasters-css?v=k7uoWcy0aS_V0SwcNQTao7-vJ8CseX9TIwRndGM8u2s1 200 0 0 7
2017-07-21 10:32:19 ::1 GET /images/icons/information.png - 51722 - ::1 Mozilla/5.0+(Windows+NT+10.0;+Win64;+x64)+AppleWebKit/537.36+(KHTML,+like+Gecko)+Chrome/59.0.3071.115+Safari/537.36 http://localhost:51722/css/SiteLayoutPageForMasters-css?v=k7uoWcy0aS_V0SwcNQTao7-vJ8CseX9TIwRndGM8u2s1 200 0 0 18
2017-07-21 10:32:19 ::1 GET /favicon.ico - 51722 - ::1 Mozilla/5.0+(Windows+NT+10.0;+Win64;+x64)+AppleWebKit/537.36+(KHTML,+like+Gecko)+Chrome/59.0.3071.115+Safari/537.36 http://localhost:51722/User/ChangePassword 200 0 0 32
2017-07-21 10:38:39 ::1 GET /User/ChangePassword - 51722 gktestgk@test.com ::1 Mozilla/5.0+(Windows+NT+10.0;+Win64;+x64)+AppleWebKit/537.36+(KHTML,+like+Gecko)+Chrome/59.0.3071.115+Safari/537.36 http://localhost:51722/Dashboard/ViewDashboard 200 0 0 6175
2017-07-21 10:38:39 ::1 GET /favicon.ico - 51722 - ::1 Mozilla/5.0+(Windows+NT+10.0;+Win64;+x64)+AppleWebKit/537.36+(KHTML,+like+Gecko)+Chrome/59.0.3071.115+Safari/537.36 http://localhost:51722/User/ChangePassword 200 0 0 28
2017-07-21 10:42:07 ::1 GET /User/LogOff - 51722 gktestgk@test.com ::1 Mozilla/5.0+(Windows+NT+10.0;+Win64;+x64)+AppleWebKit/537.36+(KHTML,+like+Gecko)+Chrome/59.0.3071.115+Safari/537.36 http://localhost:51722/User/ChangePassword 302 0 0 12
2017-07-21 10:42:07 ::1 GET / - 51722 - ::1 Mozilla/5.0+(Windows+NT+10.0;+Win64;+x64)+AppleWebKit/537.36+(KHTML,+like+Gecko)+Chrome/59.0.3071.115+Safari/537.36 http://localhost:51722/User/ChangePassword 302 0 0 7
2017-07-21 10:42:09 ::1 GET /User/LogOn - 51722 - ::1 Mozilla/5.0+(Windows+NT+10.0;+Win64;+x64)+AppleWebKit/537.36+(KHTML,+like+Gecko)+Chrome/59.0.3071.115+Safari/537.36 http://localhost:51722/User/ChangePassword 200 0 0 1811
2017-07-21 10:42:09 ::1 GET /User/assets/pages/img/login/bg1.jpg - 51722 - ::1 Mozilla/5.0+(Windows+NT+10.0;+Win64;+x64)+AppleWebKit/537.36+(KHTML,+like+Gecko)+Chrome/59.0.3071.115+Safari/537.36 http://localhost:51722/User/LogOn 404 0 2 48
2017-07-21 10:43:55 ::1 POST /User/LogOn - 51722 - ::1 Mozilla/5.0+(Windows+NT+10.0;+Win64;+x64)+AppleWebKit/537.36+(KHTML,+like+Gecko)+Chrome/59.0.3071.115+Safari/537.36 http://localhost:51722/User/LogOn 302 0 0 15355
2017-07-21 10:44:32 ::1 GET / - 51722 qcemployee7.gorilla@gmail.com ::1 Mozilla/5.0+(Windows+NT+10.0;+Win64;+x64)+AppleWebKit/537.36+(KHTML,+like+Gecko)+Chrome/59.0.3071.115+Safari/537.36 http://localhost:51722/User/LogOn 200 0 0 37317
2017-07-21 10:44:32 ::1 GET /images/icons/expense.jpg - 51722 - ::1 Mozilla/5.0+(Windows+NT+10.0;+Win64;+x64)+AppleWebKit/537.36+(KHTML,+like+Gecko)+Chrome/59.0.3071.115+Safari/537.36 http://localhost:51722/ 200 0 0 33
2017-07-21 10:44:32 ::1 GET /images/icons/hoverexpense.jpg - 51722 - ::1 Mozilla/5.0+(Windows+NT+10.0;+Win64;+x64)+AppleWebKit/537.36+(KHTML,+like+Gecko)+Chrome/59.0.3071.115+Safari/537.36 http://localhost:51722/ 200 0 0 17
2017-07-21 10:44:32 ::1 GET /Images/icons/cross.png - 51722 - ::1 Mozilla/5.0+(Windows+NT+10.0;+Win64;+x64)+AppleWebKit/537.36+(KHTML,+like+Gecko)+Chrome/59.0.3071.115+Safari/537.36 http://localhost:51722/ 200 0 0 7
2017-07-21 10:44:32 ::1 GET /images/icons/hoverpayment.jpg - 51722 - ::1 Mozilla/5.0+(Windows+NT+10.0;+Win64;+x64)+AppleWebKit/537.36+(KHTML,+like+Gecko)+Chrome/59.0.3071.115+Safari/537.36 http://localhost:51722/ 200 0 0 14
2017-07-21 10:44:32 ::1 GET /images/icons/hovermreport.jpg - 51722 - ::1 Mozilla/5.0+(Windows+NT+10.0;+Win64;+x64)+AppleWebKit/537.36+(KHTML,+like+Gecko)+Chrome/59.0.3071.115+Safari/537.36 http://localhost:51722/ 200 0 0 16
2017-07-21 10:44:32 ::1 GET /images/icons/mreport.jpg - 51722 - ::1 Mozilla/5.0+(Windows+NT+10.0;+Win64;+x64)+AppleWebKit/537.36+(KHTML,+like+Gecko)+Chrome/59.0.3071.115+Safari/537.36 http://localhost:51722/ 200 0 0 29
2017-07-21 10:44:32 ::1 GET /images/icons/payment.jpg - 51722 - ::1 Mozilla/5.0+(Windows+NT+10.0;+Win64;+x64)+AppleWebKit/537.36+(KHTML,+like+Gecko)+Chrome/59.0.3071.115+Safari/537.36 http://localhost:51722/ 200 0 0 40
2017-07-21 10:44:59 ::1 GET /User/ChangePassword - 51722 qcemployee7.gorilla@gmail.com ::1 Mozilla/5.0+(Windows+NT+10.0;+Win64;+x64)+AppleWebKit/537.36+(KHTML,+like+Gecko)+Chrome/59.0.3071.115+Safari/537.36 http://localhost:51722/ 200 0 0 2985
2017-07-21 10:50:06 ::1 GET /User/ChangePassword - 51722 qcemployee7.gorilla@gmail.com ::1 Mozilla/5.0+(Windows+NT+10.0;+Win64;+x64)+AppleWebKit/537.36+(KHTML,+like+Gecko)+Chrome/59.0.3071.115+Safari/537.36 http://localhost:51722/ 200 0 0 3861
2017-07-21 10:50:06 ::1 GET /css/SiteLayoutPageForMasters-css v=k7uoWcy0aS_V0SwcNQTao7-vJ8CseX9TIwRndGM8u2s1 51722 qcemployee7.gorilla@gmail.com ::1 Mozilla/5.0+(Windows+NT+10.0;+Win64;+x64)+AppleWebKit/537.36+(KHTML,+like+Gecko)+Chrome/59.0.3071.115+Safari/537.36 http://localhost:51722/User/ChangePassword 200 0 0 15
2017-07-21 10:50:06 ::1 GET /Scripts/SiteLayoutPageForMasters-js v=3-GxG_Xjij141D4jwzNa4pb8w7b8UpqawGtg8uOhHTs1 51722 qcemployee7.gorilla@gmail.com ::1 Mozilla/5.0+(Windows+NT+10.0;+Win64;+x64)+AppleWebKit/537.36+(KHTML,+like+Gecko)+Chrome/59.0.3071.115+Safari/537.36 http://localhost:51722/User/ChangePassword 200 0 0 33
2017-07-21 10:50:06 ::1 GET /Scripts/chosen/chosen.jquery.js - 51722 - ::1 Mozilla/5.0+(Windows+NT+10.0;+Win64;+x64)+AppleWebKit/537.36+(KHTML,+like+Gecko)+Chrome/59.0.3071.115+Safari/537.36 http://localhost:51722/User/ChangePassword 200 0 0 33
2017-07-21 10:50:06 ::1 GET /Scripts/chosen/chosen.css - 51722 - ::1 Mozilla/5.0+(Windows+NT+10.0;+Win64;+x64)+AppleWebKit/537.36+(KHTML,+like+Gecko)+Chrome/59.0.3071.115+Safari/537.36 http://localhost:51722/User/ChangePassword 200 0 0 43
2017-07-21 10:50:06 ::1 GET /Scripts/tranx-gorilla-js v=HEb0gldBuIh13UEztM3sMgRRLx67H1ZOvkNsIMGR_Ng1 51722 qcemployee7.gorilla@gmail.com ::1 Mozilla/5.0+(Windows+NT+10.0;+Win64;+x64)+AppleWebKit/537.36+(KHTML,+like+Gecko)+Chrome/59.0.3071.115+Safari/537.36 http://localhost:51722/User/ChangePassword 200 0 0 4
2017-07-21 10:50:06 ::1 GET /images/logo_1.png - 51722 - ::1 Mozilla/5.0+(Windows+NT+10.0;+Win64;+x64)+AppleWebKit/537.36+(KHTML,+like+Gecko)+Chrome/59.0.3071.115+Safari/537.36 http://localhost:51722/User/ChangePassword 200 0 0 18
2017-07-21 10:50:06 ::1 GET /images/ui-bg_flat_75_ffffff_40x100.png - 51722 - ::1 Mozilla/5.0+(Windows+NT+10.0;+Win64;+x64)+AppleWebKit/537.36+(KHTML,+like+Gecko)+Chrome/59.0.3071.115+Safari/537.36 http://localhost:51722/css/SiteLayoutPageForMasters-css?v=k7uoWcy0aS_V0SwcNQTao7-vJ8CseX9TIwRndGM8u2s1 200 0 0 4
2017-07-21 10:50:06 ::1 GET /images/ui-icons_222222_256x240.png - 51722 - ::1 Mozilla/5.0+(Windows+NT+10.0;+Win64;+x64)+AppleWebKit/537.36+(KHTML,+like+Gecko)+Chrome/59.0.3071.115+Safari/537.36 http://localhost:51722/css/SiteLayoutPageForMasters-css?v=k7uoWcy0aS_V0SwcNQTao7-vJ8CseX9TIwRndGM8u2s1 200 0 0 13
2017-07-21 10:50:06 ::1 GET /images/bg-form-field.gif - 51722 - ::1 Mozilla/5.0+(Windows+NT+10.0;+Win64;+x64)+AppleWebKit/537.36+(KHTML,+like+Gecko)+Chrome/59.0.3071.115+Safari/537.36 http://localhost:51722/css/SiteLayoutPageForMasters-css?v=k7uoWcy0aS_V0SwcNQTao7-vJ8CseX9TIwRndGM8u2s1 200 0 0 16
2017-07-21 10:50:06 ::1 GET /images/icons/information.png - 51722 - ::1 Mozilla/5.0+(Windows+NT+10.0;+Win64;+x64)+AppleWebKit/537.36+(KHTML,+like+Gecko)+Chrome/59.0.3071.115+Safari/537.36 http://localhost:51722/css/SiteLayoutPageForMasters-css?v=k7uoWcy0aS_V0SwcNQTao7-vJ8CseX9TIwRndGM8u2s1 200 0 0 24
2017-07-21 10:50:06 ::1 GET /favicon.ico - 51722 - ::1 Mozilla/5.0+(Windows+NT+10.0;+Win64;+x64)+AppleWebKit/537.36+(KHTML,+like+Gecko)+Chrome/59.0.3071.115+Safari/537.36 http://localhost:51722/User/ChangePassword 200 0 0 17
2017-07-21 10:50:46 ::1 GET /User/ChangePassword - 51722 qcemployee7.gorilla@gmail.com ::1 Mozilla/5.0+(Windows+NT+10.0;+Win64;+x64)+AppleWebKit/537.36+(KHTML,+like+Gecko)+Chrome/59.0.3071.115+Safari/537.36 http://localhost:51722/ 200 0 0 5636
2017-07-21 10:50:46 ::1 GET /css/SiteLayoutPageForMasters-css v=k7uoWcy0aS_V0SwcNQTao7-vJ8CseX9TIwRndGM8u2s1 51722 qcemployee7.gorilla@gmail.com ::1 Mozilla/5.0+(Windows+NT+10.0;+Win64;+x64)+AppleWebKit/537.36+(KHTML,+like+Gecko)+Chrome/59.0.3071.115+Safari/537.36 http://localhost:51722/User/ChangePassword 200 0 0 12
2017-07-21 10:50:46 ::1 GET /Scripts/SiteLayoutPageForMasters-js v=3-GxG_Xjij141D4jwzNa4pb8w7b8UpqawGtg8uOhHTs1 51722 qcemployee7.gorilla@gmail.com ::1 Mozilla/5.0+(Windows+NT+10.0;+Win64;+x64)+AppleWebKit/537.36+(KHTML,+like+Gecko)+Chrome/59.0.3071.115+Safari/537.36 http://localhost:51722/User/ChangePassword 200 0 0 35
2017-07-21 10:50:46 ::1 GET /Scripts/chosen/chosen.css - 51722 - ::1 Mozilla/5.0+(Windows+NT+10.0;+Win64;+x64)+AppleWebKit/537.36+(KHTML,+like+Gecko)+Chrome/59.0.3071.115+Safari/537.36 http://localhost:51722/User/ChangePassword 200 0 0 45
2017-07-21 10:50:46 ::1 GET /Scripts/chosen/chosen.jquery.js - 51722 - ::1 Mozilla/5.0+(Windows+NT+10.0;+Win64;+x64)+AppleWebKit/537.36+(KHTML,+like+Gecko)+Chrome/59.0.3071.115+Safari/537.36 http://localhost:51722/User/ChangePassword 200 0 0 50
2017-07-21 10:50:46 ::1 GET /Scripts/tranx-gorilla-js v=HEb0gldBuIh13UEztM3sMgRRLx67H1ZOvkNsIMGR_Ng1 51722 qcemployee7.gorilla@gmail.com ::1 Mozilla/5.0+(Windows+NT+10.0;+Win64;+x64)+AppleWebKit/537.36+(KHTML,+like+Gecko)+Chrome/59.0.3071.115+Safari/537.36 http://localhost:51722/User/ChangePassword 200 0 0 5
2017-07-21 10:50:46 ::1 GET /images/logo_1.png - 51722 - ::1 Mozilla/5.0+(Windows+NT+10.0;+Win64;+x64)+AppleWebKit/537.36+(KHTML,+like+Gecko)+Chrome/59.0.3071.115+Safari/537.36 http://localhost:51722/User/ChangePassword 200 0 0 20
2017-07-21 10:50:46 ::1 GET /images/ui-bg_flat_75_ffffff_40x100.png - 51722 - ::1 Mozilla/5.0+(Windows+NT+10.0;+Win64;+x64)+AppleWebKit/537.36+(KHTML,+like+Gecko)+Chrome/59.0.3071.115+Safari/537.36 http://localhost:51722/css/SiteLayoutPageForMasters-css?v=k7uoWcy0aS_V0SwcNQTao7-vJ8CseX9TIwRndGM8u2s1 200 0 0 6
2017-07-21 10:50:46 ::1 GET /images/ui-icons_222222_256x240.png - 51722 - ::1 Mozilla/5.0+(Windows+NT+10.0;+Win64;+x64)+AppleWebKit/537.36+(KHTML,+like+Gecko)+Chrome/59.0.3071.115+Safari/537.36 http://localhost:51722/css/SiteLayoutPageForMasters-css?v=k7uoWcy0aS_V0SwcNQTao7-vJ8CseX9TIwRndGM8u2s1 200 0 0 33
2017-07-21 10:50:46 ::1 GET /images/bg-form-field.gif - 51722 - ::1 Mozilla/5.0+(Windows+NT+10.0;+Win64;+x64)+AppleWebKit/537.36+(KHTML,+like+Gecko)+Chrome/59.0.3071.115+Safari/537.36 http://localhost:51722/css/SiteLayoutPageForMasters-css?v=k7uoWcy0aS_V0SwcNQTao7-vJ8CseX9TIwRndGM8u2s1 200 0 0 3
2017-07-21 10:50:46 ::1 GET /images/icons/information.png - 51722 - ::1 Mozilla/5.0+(Windows+NT+10.0;+Win64;+x64)+AppleWebKit/537.36+(KHTML,+like+Gecko)+Chrome/59.0.3071.115+Safari/537.36 http://localhost:51722/css/SiteLayoutPageForMasters-css?v=k7uoWcy0aS_V0SwcNQTao7-vJ8CseX9TIwRndGM8u2s1 200 0 0 29
2017-07-21 10:50:46 ::1 GET /favicon.ico - 51722 - ::1 Mozilla/5.0+(Windows+NT+10.0;+Win64;+x64)+AppleWebKit/537.36+(KHTML,+like+Gecko)+Chrome/59.0.3071.115+Safari/537.36 http://localhost:51722/User/ChangePassword 200 0 0 27
#Software: Microsoft Internet Information Services 8.0
#Version: 1.0
#Date: 2017-07-21 11:20:39
#Fields: date time s-ip cs-method cs-uri-stem cs-uri-query s-port cs-username c-ip cs(User-Agent) cs(Referer) sc-status sc-substatus sc-win32-status time-taken
2017-07-21 11:20:39 ::1 GET /User/LogOff - 51722 qcemployee7.gorilla@gmail.com ::1 Mozilla/5.0+(Windows+NT+10.0;+Win64;+x64)+AppleWebKit/537.36+(KHTML,+like+Gecko)+Chrome/59.0.3071.115+Safari/537.36 http://localhost:51722/User/ChangePassword 302 0 0 7333
2017-07-21 11:20:39 ::1 GET / - 51722 - ::1 Mozilla/5.0+(Windows+NT+10.0;+Win64;+x64)+AppleWebKit/537.36+(KHTML,+like+Gecko)+Chrome/59.0.3071.115+Safari/537.36 http://localhost:51722/User/ChangePassword 302 0 0 37
2017-07-21 11:20:44 ::1 GET /User/LogOn - 51722 - ::1 Mozilla/5.0+(Windows+NT+10.0;+Win64;+x64)+AppleWebKit/537.36+(KHTML,+like+Gecko)+Chrome/59.0.3071.115+Safari/537.36 http://localhost:51722/User/ChangePassword 200 0 0 4604
2017-07-21 11:20:44 ::1 GET /User/assets/pages/img/login/bg1.jpg - 51722 - ::1 Mozilla/5.0+(Windows+NT+10.0;+Win64;+x64)+AppleWebKit/537.36+(KHTML,+like+Gecko)+Chrome/59.0.3071.115+Safari/537.36 http://localhost:51722/User/LogOn 404 0 2 4
2017-07-21 11:20:50 ::1 GET /User/LogOnGeneric/ - 51722 - ::1 Mozilla/5.0+(Windows+NT+10.0;+Win64;+x64)+AppleWebKit/537.36+(KHTML,+like+Gecko)+Chrome/59.0.3071.115+Safari/537.36 http://localhost:51722/User/LogOn 200 0 0 1766
2017-07-21 11:20:50 ::1 GET /User/LogOnGeneric/assets/pages/img/login/bg1.jpg - 51722 - ::1 Mozilla/5.0+(Windows+NT+10.0;+Win64;+x64)+AppleWebKit/537.36+(KHTML,+like+Gecko)+Chrome/59.0.3071.115+Safari/537.36 http://localhost:51722/User/LogOnGeneric/ 404 0 2 2
2017-07-21 11:21:22 ::1 GET /User/LogOnGenericNext/ UserName=gg 51722 - ::1 Mozilla/5.0+(Windows+NT+10.0;+Win64;+x64)+AppleWebKit/537.36+(KHTML,+like+Gecko)+Chrome/59.0.3071.115+Safari/537.36 http://localhost:51722/User/LogOnGeneric/ 500 0 0 4840
#Software: Microsoft Internet Information Services 8.0
#Version: 1.0
#Date: 2017-07-21 12:19:25
#Fields: date time s-ip cs-method cs-uri-stem cs-uri-query s-port cs-username c-ip cs(User-Agent) cs(Referer) sc-status sc-substatus sc-win32-status time-taken
2017-07-21 12:19:25 ::1 GET / - 51722 - ::1 Mozilla/5.0+(Windows+NT+10.0;+Win64;+x64)+AppleWebKit/537.36+(KHTML,+like+Gecko)+Chrome/59.0.3071.115+Safari/537.36 - 302 0 0 22086
2017-07-21 12:19:34 ::1 GET /User/LogOn - 51722 - ::1 Mozilla/5.0+(Windows+NT+10.0;+Win64;+x64)+AppleWebKit/537.36+(KHTML,+like+Gecko)+Chrome/59.0.3071.115+Safari/537.36 - 200 0 0 9195
2017-07-21 12:19:34 ::1 GET /User/assets/pages/img/login/bg1.jpg - 51722 - ::1 Mozilla/5.0+(Windows+NT+10.0;+Win64;+x64)+AppleWebKit/537.36+(KHTML,+like+Gecko)+Chrome/59.0.3071.115+Safari/537.36 http://localhost:51722/User/LogOn 404 0 2 4
2017-07-21 12:21:58 ::1 POST /User/LogOn - 51722 - ::1 Mozilla/5.0+(Windows+NT+10.0;+Win64;+x64)+AppleWebKit/537.36+(KHTML,+like+Gecko)+Chrome/59.0.3071.115+Safari/537.36 http://localhost:51722/User/LogOn 302 0 0 21039
2017-07-21 12:22:48 ::1 GET / - 51722 qcemployee7.gorilla@gmail.com ::1 Mozilla/5.0+(Windows+NT+10.0;+Win64;+x64)+AppleWebKit/537.36+(KHTML,+like+Gecko)+Chrome/59.0.3071.115+Safari/537.36 http://localhost:51722/User/LogOn 200 0 0 49794
2017-07-21 12:24:45 ::1 POST /Home/Index _=1500639880037 51722 qcemployee7.gorilla@gmail.com ::1 Mozilla/5.0+(Windows+NT+10.0;+Win64;+x64)+AppleWebKit/537.36+(KHTML,+like+Gecko)+Chrome/59.0.3071.115+Safari/537.36 http://localhost:51722/ 302 0 0 5577
2017-07-21 12:24:45 ::1 POST /Home/Index _=1500639877311 51722 qcemployee7.gorilla@gmail.com ::1 Mozilla/5.0+(Windows+NT+10.0;+Win64;+x64)+AppleWebKit/537.36+(KHTML,+like+Gecko)+Chrome/59.0.3071.115+Safari/537.36 http://localhost:51722/ 302 0 0 8310
2017-07-21 12:24:45 ::1 POST /Home/Index _=1500639880528 51722 qcemployee7.gorilla@gmail.com ::1 Mozilla/5.0+(Windows+NT+10.0;+Win64;+x64)+AppleWebKit/537.36+(KHTML,+like+Gecko)+Chrome/59.0.3071.115+Safari/537.36 http://localhost:51722/ 302 0 0 5096
2017-07-21 12:24:45 ::1 POST /Home/Index _=1500639880999 51722 qcemployee7.gorilla@gmail.com ::1 Mozilla/5.0+(Windows+NT+10.0;+Win64;+x64)+AppleWebKit/537.36+(KHTML,+like+Gecko)+Chrome/59.0.3071.115+Safari/537.36 http://localhost:51722/ 302 0 0 4623
2017-07-21 12:24:45 ::1 POST /Home/Index _=1500639879474 51722 qcemployee7.gorilla@gmail.com ::1 Mozilla/5.0+(Windows+NT+10.0;+Win64;+x64)+AppleWebKit/537.36+(KHTML,+like+Gecko)+Chrome/59.0.3071.115+Safari/537.36 http://localhost:51722/ 302 0 0 6148
2017-07-21 12:24:45 ::1 POST /Home/Index _=1500639878751 51722 qcemployee7.gorilla@gmail.com ::1 Mozilla/5.0+(Windows+NT+10.0;+Win64;+x64)+AppleWebKit/537.36+(KHTML,+like+Gecko)+Chrome/59.0.3071.115+Safari/537.36 http://localhost:51722/ 302 0 0 6872
2017-07-21 12:24:45 ::1 POST /Home/Index _=1500639882101 51722 qcemployee7.gorilla@gmail.com ::1 Mozilla/5.0+(Windows+NT+10.0;+Win64;+x64)+AppleWebKit/537.36+(KHTML,+like+Gecko)+Chrome/59.0.3071.115+Safari/537.36 http://localhost:51722/ 302 0 0 16
2017-07-21 12:24:45 ::1 GET /User/LogOut - 51722 qcemployee7.gorilla@gmail.com ::1 Mozilla/5.0+(Windows+NT+10.0;+Win64;+x64)+AppleWebKit/537.36+(KHTML,+like+Gecko)+Chrome/59.0.3071.115+Safari/537.36 http://localhost:51722/ 302 0 0 29
2017-07-21 12:24:45 ::1 POST /Home/Index _=1500639882828 51722 qcemployee7.gorilla@gmail.com ::1 Mozilla/5.0+(Windows+NT+10.0;+Win64;+x64)+AppleWebKit/537.36+(KHTML,+like+Gecko)+Chrome/59.0.3071.115+Safari/537.36 http://localhost:51722/ 302 0 0 16
2017-07-21 12:24:45 ::1 GET / - 51722 - ::1 Mozilla/5.0+(Windows+NT+10.0;+Win64;+x64)+AppleWebKit/537.36+(KHTML,+like+Gecko)+Chrome/59.0.3071.115+Safari/537.36 http://localhost:51722/ 302 0 0 26
2017-07-21 12:24:48 ::1 GET /User/LogOn - 51722 qcemployee7.gorilla@gmail.com ::1 Mozilla/5.0+(Windows+NT+10.0;+Win64;+x64)+AppleWebKit/537.36+(KHTML,+like+Gecko)+Chrome/59.0.3071.115+Safari/537.36 http://localhost:51722/ 200 0 0 2556
2017-07-21 12:24:48 ::1 GET /User/LogOn - 51722 qcemployee7.gorilla@gmail.com ::1 Mozilla/5.0+(Windows+NT+10.0;+Win64;+x64)+AppleWebKit/537.36+(KHTML,+like+Gecko)+Chrome/59.0.3071.115+Safari/537.36 http://localhost:51722/ 200 0 0 13
2017-07-21 12:24:48 ::1 GET /User/LogOn - 51722 qcemployee7.gorilla@gmail.com ::1 Mozilla/5.0+(Windows+NT+10.0;+Win64;+x64)+AppleWebKit/537.36+(KHTML,+like+Gecko)+Chrome/59.0.3071.115+Safari/537.36 http://localhost:51722/ 200 0 0 15
2017-07-21 12:24:48 ::1 GET /User/LogOn - 51722 qcemployee7.gorilla@gmail.com ::1 Mozilla/5.0+(Windows+NT+10.0;+Win64;+x64)+AppleWebKit/537.36+(KHTML,+like+Gecko)+Chrome/59.0.3071.115+Safari/537.36 http://localhost:51722/ 200 0 0 6
2017-07-21 12:24:48 ::1 GET /User/LogOn - 51722 qcemployee7.gorilla@gmail.com ::1 Mozilla/5.0+(Windows+NT+10.0;+Win64;+x64)+AppleWebKit/537.36+(KHTML,+like+Gecko)+Chrome/59.0.3071.115+Safari/537.36 http://localhost:51722/ 200 0 0 10
2017-07-21 12:24:48 ::1 GET /User/LogOn - 51722 qcemployee7.gorilla@gmail.com ::1 Mozilla/5.0+(Windows+NT+10.0;+Win64;+x64)+AppleWebKit/537.36+(KHTML,+like+Gecko)+Chrome/59.0.3071.115+Safari/537.36 http://localhost:51722/ 200 0 0 11
2017-07-21 12:24:48 ::1 GET /User/LogOn - 51722 - ::1 Mozilla/5.0+(Windows+NT+10.0;+Win64;+x64)+AppleWebKit/537.36+(KHTML,+like+Gecko)+Chrome/59.0.3071.115+Safari/537.36 http://localhost:51722/ 200 0 0 14
2017-07-21 12:24:48 ::1 GET /User/LogOn - 51722 - ::1 Mozilla/5.0+(Windows+NT+10.0;+Win64;+x64)+AppleWebKit/537.36+(KHTML,+like+Gecko)+Chrome/59.0.3071.115+Safari/537.36 http://localhost:51722/ 200 0 0 10
2017-07-21 12:24:48 ::1 GET /User/assets/pages/img/login/bg1.jpg - 51722 - ::1 Mozilla/5.0+(Windows+NT+10.0;+Win64;+x64)+AppleWebKit/537.36+(KHTML,+like+Gecko)+Chrome/59.0.3071.115+Safari/537.36 http://localhost:51722/User/LogOn 404 0 2 4
2017-07-21 12:24:48 ::1 POST /Home/Index _=1500639881728 51722 qcemployee7.gorilla@gmail.com ::1 Mozilla/5.0+(Windows+NT+10.0;+Win64;+x64)+AppleWebKit/537.36+(KHTML,+like+Gecko)+Chrome/59.0.3071.115+Safari/537.36 http://localhost:51722/ 302 0 64 3037
2017-07-21 12:24:48 ::1 GET /User/LogOn - 51722 qcemployee7.gorilla@gmail.com ::1 Mozilla/5.0+(Windows+NT+10.0;+Win64;+x64)+AppleWebKit/537.36+(KHTML,+like+Gecko)+Chrome/59.0.3071.115+Safari/537.36 http://localhost:51722/ 200 0 64 3045
2017-07-21 12:24:48 ::1 POST /Home/Index _=1500639882290 51722 qcemployee7.gorilla@gmail.com ::1 Mozilla/5.0+(Windows+NT+10.0;+Win64;+x64)+AppleWebKit/537.36+(KHTML,+like+Gecko)+Chrome/59.0.3071.115+Safari/537.36 http://localhost:51722/ 302 0 64 3544
2017-07-21 12:24:49 ::1 POST /Home/Index _=1500639881936 51722 qcemployee7.gorilla@gmail.com ::1 Mozilla/5.0+(Windows+NT+10.0;+Win64;+x64)+AppleWebKit/537.36+(KHTML,+like+Gecko)+Chrome/59.0.3071.115+Safari/537.36 http://localhost:51722/ 302 0 64 4040
2017-07-21 12:24:49 ::1 POST /Home/Index _=1500639881396 51722 qcemployee7.gorilla@gmail.com ::1 Mozilla/5.0+(Windows+NT+10.0;+Win64;+x64)+AppleWebKit/537.36+(KHTML,+like+Gecko)+Chrome/59.0.3071.115+Safari/537.36 http://localhost:51722/ 302 0 64 4539
2017-07-21 12:25:19 ::1 POST /User/LogOn - 51722 - ::1 Mozilla/5.0+(Windows+NT+10.0;+Win64;+x64)+AppleWebKit/537.36+(KHTML,+like+Gecko)+Chrome/59.0.3071.115+Safari/537.36 http://localhost:51722/User/LogOn 302 0 0 13950
2017-07-21 12:25:58 ::1 GET / - 51722 qcemployee7.gorilla@gmail.com ::1 Mozilla/5.0+(Windows+NT+10.0;+Win64;+x64)+AppleWebKit/537.36+(KHTML,+like+Gecko)+Chrome/59.0.3071.115+Safari/537.36 http://localhost:51722/User/LogOn 200 0 0 39314
2017-07-21 12:27:37 ::1 POST /Home/Index _=1500640057501 51722 qcemployee7.gorilla@gmail.com ::1 Mozilla/5.0+(Windows+NT+10.0;+Win64;+x64)+AppleWebKit/537.36+(KHTML,+like+Gecko)+Chrome/59.0.3071.115+Safari/537.36 http://localhost:51722/ 302 0 0 21
2017-07-21 12:27:40 ::1 GET /User/LogOn - 51722 qcemployee7.gorilla@gmail.com ::1 Mozilla/5.0+(Windows+NT+10.0;+Win64;+x64)+AppleWebKit/537.36+(KHTML,+like+Gecko)+Chrome/59.0.3071.115+Safari/537.36 http://localhost:51722/ 200 0 0 2719
2017-07-21 12:27:40 ::1 POST /Home/Index _=1500640058776 51722 qcemployee7.gorilla@gmail.com ::1 Mozilla/5.0+(Windows+NT+10.0;+Win64;+x64)+AppleWebKit/537.36+(KHTML,+like+Gecko)+Chrome/59.0.3071.115+Safari/537.36 http://localhost:51722/ 302 0 0 1532
2017-07-21 12:27:40 ::1 GET /User/LogOn - 51722 qcemployee7.gorilla@gmail.com ::1 Mozilla/5.0+(Windows+NT+10.0;+Win64;+x64)+AppleWebKit/537.36+(KHTML,+like+Gecko)+Chrome/59.0.3071.115+Safari/537.36 http://localhost:51722/ 200 0 0 7
2017-07-21 12:27:40 ::1 GET /User/LogOut - 51722 qcemployee7.gorilla@gmail.com ::1 Mozilla/5.0+(Windows+NT+10.0;+Win64;+x64)+AppleWebKit/537.36+(KHTML,+like+Gecko)+Chrome/59.0.3071.115+Safari/537.36 http://localhost:51722/ 302 0 0 11
2017-07-21 12:27:40 ::1 GET / - 51722 - ::1 Mozilla/5.0+(Windows+NT+10.0;+Win64;+x64)+AppleWebKit/537.36+(KHTML,+like+Gecko)+Chrome/59.0.3071.115+Safari/537.36 http://localhost:51722/ 302 0 0 5
2017-07-21 12:27:40 ::1 GET /User/LogOn - 51722 - ::1 Mozilla/5.0+(Windows+NT+10.0;+Win64;+x64)+AppleWebKit/537.36+(KHTML,+like+Gecko)+Chrome/59.0.3071.115+Safari/537.36 http://localhost:51722/ 200 0 0 7
2017-07-21 12:27:40 ::1 GET /User/assets/pages/img/login/bg1.jpg - 51722 - ::1 Mozilla/5.0+(Windows+NT+10.0;+Win64;+x64)+AppleWebKit/537.36+(KHTML,+like+Gecko)+Chrome/59.0.3071.115+Safari/537.36 http://localhost:51722/User/LogOn 404 0 2 4
2017-07-21 12:27:40 ::1 POST /Home/Index _=1500640058268 51722 qcemployee7.gorilla@gmail.com ::1 Mozilla/5.0+(Windows+NT+10.0;+Win64;+x64)+AppleWebKit/537.36+(KHTML,+like+Gecko)+Chrome/59.0.3071.115+Safari/537.36 http://localhost:51722/ 302 0 64 2540
2017-07-21 12:27:51 ::1 POST /User/LogOn - 51722 - ::1 Mozilla/5.0+(Windows+NT+10.0;+Win64;+x64)+AppleWebKit/537.36+(KHTML,+like+Gecko)+Chrome/59.0.3071.115+Safari/537.36 http://localhost:51722/User/LogOn 302 0 0 4770
2017-07-21 12:28:23 ::1 GET / - 51722 qcemployee7.gorilla@gmail.com ::1 Mozilla/5.0+(Windows+NT+10.0;+Win64;+x64)+AppleWebKit/537.36+(KHTML,+like+Gecko)+Chrome/59.0.3071.115+Safari/537.36 http://localhost:51722/User/LogOn 200 0 0 32803
2017-07-21 12:31:34 ::1 POST /Home/Index _=1500640294644 51722 qcemployee7.gorilla@gmail.com ::1 Mozilla/5.0+(Windows+NT+10.0;+Win64;+x64)+AppleWebKit/537.36+(KHTML,+like+Gecko)+Chrome/59.0.3071.115+Safari/537.36 http://localhost:51722/ 302 0 0 21
2017-07-21 12:31:36 ::1 GET /User/LogOn - 51722 qcemployee7.gorilla@gmail.com ::1 Mozilla/5.0+(Windows+NT+10.0;+Win64;+x64)+AppleWebKit/537.36+(KHTML,+like+Gecko)+Chrome/59.0.3071.115+Safari/537.36 http://localhost:51722/ 200 0 0 1905
2017-07-21 12:31:38 ::1 POST /Home/Index _=1500640298511 51722 qcemployee7.gorilla@gmail.com ::1 Mozilla/5.0+(Windows+NT+10.0;+Win64;+x64)+AppleWebKit/537.36+(KHTML,+like+Gecko)+Chrome/59.0.3071.115+Safari/537.36 http://localhost:51722/ 302 0 0 10
2017-07-21 12:31:38 ::1 GET /User/LogOn - 51722 qcemployee7.gorilla@gmail.com ::1 Mozilla/5.0+(Windows+NT+10.0;+Win64;+x64)+AppleWebKit/537.36+(KHTML,+like+Gecko)+Chrome/59.0.3071.115+Safari/537.36 http://localhost:51722/ 200 0 0 28
2017-07-21 12:31:39 ::1 POST /Home/Index _=1500640299812 51722 qcemployee7.gorilla@gmail.com ::1 Mozilla/5.0+(Windows+NT+10.0;+Win64;+x64)+AppleWebKit/537.36+(KHTML,+like+Gecko)+Chrome/59.0.3071.115+Safari/537.36 http://localhost:51722/ 302 0 0 17
2017-07-21 12:31:39 ::1 GET /User/LogOn - 51722 qcemployee7.gorilla@gmail.com ::1 Mozilla/5.0+(Windows+NT+10.0;+Win64;+x64)+AppleWebKit/537.36+(KHTML,+like+Gecko)+Chrome/59.0.3071.115+Safari/537.36 http://localhost:51722/ 200 0 0 20
2017-07-21 12:31:41 ::1 POST /Home/Index _=1500640301811 51722 qcemployee7.gorilla@gmail.com ::1 Mozilla/5.0+(Windows+NT+10.0;+Win64;+x64)+AppleWebKit/537.36+(KHTML,+like+Gecko)+Chrome/59.0.3071.115+Safari/537.36 http://localhost:51722/ 302 0 0 6
2017-07-21 12:31:43 ::1 GET /User/LogOn - 51722 qcemployee7.gorilla@gmail.com ::1 Mozilla/5.0+(Windows+NT+10.0;+Win64;+x64)+AppleWebKit/537.36+(KHTML,+like+Gecko)+Chrome/59.0.3071.115+Safari/537.36 http://localhost:51722/ 200 0 0 1762
2017-07-21 12:31:43 ::1 POST /Home/Index _=1500640303797 51722 qcemployee7.gorilla@gmail.com ::1 Mozilla/5.0+(Windows+NT+10.0;+Win64;+x64)+AppleWebKit/537.36+(KHTML,+like+Gecko)+Chrome/59.0.3071.115+Safari/537.36 http://localhost:51722/ 302 0 0 15
2017-07-21 12:31:43 ::1 GET /User/LogOn - 51722 qcemployee7.gorilla@gmail.com ::1 Mozilla/5.0+(Windows+NT+10.0;+Win64;+x64)+AppleWebKit/537.36+(KHTML,+like+Gecko)+Chrome/59.0.3071.115+Safari/537.36 http://localhost:51722/ 200 0 0 30
2017-07-21 12:31:43 ::1 POST /Home/Index _=1500640303344 51722 qcemployee7.gorilla@gmail.com ::1 Mozilla/5.0+(Windows+NT+10.0;+Win64;+x64)+AppleWebKit/537.36+(KHTML,+like+Gecko)+Chrome/59.0.3071.115+Safari/537.36 http://localhost:51722/ 302 0 0 516
2017-07-21 12:31:43 ::1 GET /User/LogOn - 51722 qcemployee7.gorilla@gmail.com ::1 Mozilla/5.0+(Windows+NT+10.0;+Win64;+x64)+AppleWebKit/537.36+(KHTML,+like+Gecko)+Chrome/59.0.3071.115+Safari/537.36 http://localhost:51722/ 200 0 0 6
2017-07-21 12:31:43 ::1 POST /Home/Index _=1500640302896 51722 qcemployee7.gorilla@gmail.com ::1 Mozilla/5.0+(Windows+NT+10.0;+Win64;+x64)+AppleWebKit/537.36+(KHTML,+like+Gecko)+Chrome/59.0.3071.115+Safari/537.36 http://localhost:51722/ 302 0 0 1022
2017-07-21 12:31:43 ::1 GET /User/LogOn - 51722 qcemployee7.gorilla@gmail.com ::1 Mozilla/5.0+(Windows+NT+10.0;+Win64;+x64)+AppleWebKit/537.36+(KHTML,+like+Gecko)+Chrome/59.0.3071.115+Safari/537.36 http://localhost:51722/ 200 0 0 6
2017-07-21 12:31:43 ::1 POST /Home/Index _=1500640302391 51722 qcemployee7.gorilla@gmail.com ::1 Mozilla/5.0+(Windows+NT+10.0;+Win64;+x64)+AppleWebKit/537.36+(KHTML,+like+Gecko)+Chrome/59.0.3071.115+Safari/537.36 http://localhost:51722/ 302 0 0 2040
2017-07-21 12:31:43 ::1 GET /User/LogOn - 51722 qcemployee7.gorilla@gmail.com ::1 Mozilla/5.0+(Windows+NT+10.0;+Win64;+x64)+AppleWebKit/537.36+(KHTML,+like+Gecko)+Chrome/59.0.3071.115+Safari/537.36 http://localhost:51722/ 200 0 0 7
2017-07-21 12:31:43 ::1 POST /Home/Index _=1500640304449 51722 qcemployee7.gorilla@gmail.com ::1 Mozilla/5.0+(Windows+NT+10.0;+Win64;+x64)+AppleWebKit/537.36+(KHTML,+like+Gecko)+Chrome/59.0.3071.115+Safari/537.36 http://localhost:51722/ 302 0 0 16
2017-07-21 12:31:43 ::1 GET /User/LogOn - 51722 qcemployee7.gorilla@gmail.com ::1 Mozilla/5.0+(Windows+NT+10.0;+Win64;+x64)+AppleWebKit/537.36+(KHTML,+like+Gecko)+Chrome/59.0.3071.115+Safari/537.36 http://localhost:51722/ 200 0 0 23
2017-07-21 12:31:44 ::1 POST /Home/Index _=1500640304933 51722 qcemployee7.gorilla@gmail.com ::1 Mozilla/5.0+(Windows+NT+10.0;+Win64;+x64)+AppleWebKit/537.36+(KHTML,+like+Gecko)+Chrome/59.0.3071.115+Safari/537.36 http://localhost:51722/ 302 0 0 16
2017-07-21 12:31:44 ::1 GET /User/LogOn - 51722 qcemployee7.gorilla@gmail.com ::1 Mozilla/5.0+(Windows+NT+10.0;+Win64;+x64)+AppleWebKit/537.36+(KHTML,+like+Gecko)+Chrome/59.0.3071.115+Safari/537.36 http://localhost:51722/ 200 0 0 21
2017-07-21 12:31:44 ::1 GET /User/LogOut - 51722 qcemployee7.gorilla@gmail.com ::1 Mozilla/5.0+(Windows+NT+10.0;+Win64;+x64)+AppleWebKit/537.36+(KHTML,+like+Gecko)+Chrome/59.0.3071.115+Safari/537.36 http://localhost:51722/ 302 0 0 9
2017-07-21 12:31:44 ::1 GET / - 51722 - ::1 Mozilla/5.0+(Windows+NT+10.0;+Win64;+x64)+AppleWebKit/537.36+(KHTML,+like+Gecko)+Chrome/59.0.3071.115+Safari/537.36 http://localhost:51722/ 302 0 0 12
2017-07-21 12:31:44 ::1 GET /User/LogOn - 51722 - ::1 Mozilla/5.0+(Windows+NT+10.0;+Win64;+x64)+AppleWebKit/537.36+(KHTML,+like+Gecko)+Chrome/59.0.3071.115+Safari/537.36 http://localhost:51722/ 200 0 0 8
2017-07-21 12:31:44 ::1 GET /User/assets/pages/img/login/bg1.jpg - 51722 - ::1 Mozilla/5.0+(Windows+NT+10.0;+Win64;+x64)+AppleWebKit/537.36+(KHTML,+like+Gecko)+Chrome/59.0.3071.115+Safari/537.36 http://localhost:51722/User/LogOn 404 0 2 8
2017-07-21 12:32:25 ::1 POST /User/LogOn - 51722 - ::1 Mozilla/5.0+(Windows+NT+10.0;+Win64;+x64)+AppleWebKit/537.36+(KHTML,+like+Gecko)+Chrome/59.0.3071.115+Safari/537.36 http://localhost:51722/User/LogOn 302 0 0 6580
2017-07-21 12:32:52 ::1 GET / - 51722 qcemployee7.gorilla@gmail.com ::1 Mozilla/5.0+(Windows+NT+10.0;+Win64;+x64)+AppleWebKit/537.36+(KHTML,+like+Gecko)+Chrome/59.0.3071.115+Safari/537.36 http://localhost:51722/User/LogOn 200 0 0 26736
2017-07-21 12:33:31 ::1 POST /Home/Index _=1500640381549 51722 qcemployee7.gorilla@gmail.com ::1 Mozilla/5.0+(Windows+NT+10.0;+Win64;+x64)+AppleWebKit/537.36+(KHTML,+like+Gecko)+Chrome/59.0.3071.115+Safari/537.36 http://localhost:51722/ 200 0 0 30316
2017-07-21 12:33:59 ::1 POST /Home/Index _=1500640386577 51722 qcemployee7.gorilla@gmail.com ::1 Mozilla/5.0+(Windows+NT+10.0;+Win64;+x64)+AppleWebKit/537.36+(KHTML,+like+Gecko)+Chrome/59.0.3071.115+Safari/537.36 http://localhost:51722/ 200 0 0 27644
2017-07-21 12:34:28 ::1 POST /Home/Index _=1500640387007 51722 qcemployee7.gorilla@gmail.com ::1 Mozilla/5.0+(Windows+NT+10.0;+Win64;+x64)+AppleWebKit/537.36+(KHTML,+like+Gecko)+Chrome/59.0.3071.115+Safari/537.36 http://localhost:51722/ 200 0 0 29356
2017-07-21 12:34:53 ::1 POST /Home/Index _=1500640386218 51722 qcemployee7.gorilla@gmail.com ::1 Mozilla/5.0+(Windows+NT+10.0;+Win64;+x64)+AppleWebKit/537.36+(KHTML,+like+Gecko)+Chrome/59.0.3071.115+Safari/537.36 http://localhost:51722/ 200 0 0 106909
2017-07-21 12:35:17 ::1 POST /Home/Index _=1500640386401 51722 qcemployee7.gorilla@gmail.com ::1 Mozilla/5.0+(Windows+NT+10.0;+Win64;+x64)+AppleWebKit/537.36+(KHTML,+like+Gecko)+Chrome/59.0.3071.115+Safari/537.36 http://localhost:51722/ 200 0 0 130733
2017-07-21 12:35:45 ::1 POST /Home/Index _=1500640385260 51722 qcemployee7.gorilla@gmail.com ::1 Mozilla/5.0+(Windows+NT+10.0;+Win64;+x64)+AppleWebKit/537.36+(KHTML,+like+Gecko)+Chrome/59.0.3071.115+Safari/537.36 http://localhost:51722/ 200 0 0 159748
2017-07-21 12:36:16 ::1 POST /Home/Index _=1500640383822 51722 qcemployee7.gorilla@gmail.com ::1 Mozilla/5.0+(Windows+NT+10.0;+Win64;+x64)+AppleWebKit/537.36+(KHTML,+like+Gecko)+Chrome/59.0.3071.115+Safari/537.36 http://localhost:51722/ 200 0 0 193048
2017-07-21 12:36:49 ::1 POST /Home/Index _=1500640385684 51722 qcemployee7.gorilla@gmail.com ::1 Mozilla/5.0+(Windows+NT+10.0;+Win64;+x64)+AppleWebKit/537.36+(KHTML,+like+Gecko)+Chrome/59.0.3071.115+Safari/537.36 http://localhost:51722/ 200 0 0 224085
2017-07-21 12:37:28 ::1 GET /User/LogOut - 51722 qcemployee7.gorilla@gmail.com ::1 Mozilla/5.0+(Windows+NT+10.0;+Win64;+x64)+AppleWebKit/537.36+(KHTML,+like+Gecko)+Chrome/59.0.3071.115+Safari/537.36 http://localhost:51722/ 302 0 0 8
2017-07-21 12:37:28 ::1 GET / - 51722 - ::1 Mozilla/5.0+(Windows+NT+10.0;+Win64;+x64)+AppleWebKit/537.36+(KHTML,+like+Gecko)+Chrome/59.0.3071.115+Safari/537.36 http://localhost:51722/ 302 0 0 4
2017-07-21 12:37:30 ::1 GET /User/LogOn - 51722 - ::1 Mozilla/5.0+(Windows+NT+10.0;+Win64;+x64)+AppleWebKit/537.36+(KHTML,+like+Gecko)+Chrome/59.0.3071.115+Safari/537.36 http://localhost:51722/ 200 0 0 1785
2017-07-21 12:37:30 ::1 GET /User/assets/pages/img/login/bg1.jpg - 51722 - ::1 Mozilla/5.0+(Windows+NT+10.0;+Win64;+x64)+AppleWebKit/537.36+(KHTML,+like+Gecko)+Chrome/59.0.3071.115+Safari/537.36 http://localhost:51722/User/LogOn 404 0 2 2
#Software: Microsoft Internet Information Services 8.0
#Version: 1.0
#Date: 2017-07-21 14:11:05
#Fields: date time s-ip cs-method cs-uri-stem cs-uri-query s-port cs-username c-ip cs(User-Agent) cs(Referer) sc-status sc-substatus sc-win32-status time-taken
2017-07-21 14:11:05 ::1 POST /User/LogOn - 51722 - ::1 Mozilla/5.0+(Windows+NT+10.0;+Win64;+x64)+AppleWebKit/537.36+(KHTML,+like+Gecko)+Chrome/59.0.3071.115+Safari/537.36 http://localhost:51722/User/LogOn 302 0 0 13338
2017-07-21 14:11:28 ::1 GET / - 51722 qcemployee7.gorilla@gmail.com ::1 Mozilla/5.0+(Windows+NT+10.0;+Win64;+x64)+AppleWebKit/537.36+(KHTML,+like+Gecko)+Chrome/59.0.3071.115+Safari/537.36 http://localhost:51722/User/LogOn 200 0 0 23747
2017-07-21 14:11:57 ::1 POST /Home/Index _=1500646293880 51722 qcemployee7.gorilla@gmail.com ::1 Mozilla/5.0+(Windows+NT+10.0;+Win64;+x64)+AppleWebKit/537.36+(KHTML,+like+Gecko)+Chrome/59.0.3071.115+Safari/537.36 http://localhost:51722/ 200 0 0 23882
2017-07-21 14:12:20 ::1 POST /Home/Index _=1500646299771 51722 qcemployee7.gorilla@gmail.com ::1 Mozilla/5.0+(Windows+NT+10.0;+Win64;+x64)+AppleWebKit/537.36+(KHTML,+like+Gecko)+Chrome/59.0.3071.115+Safari/537.36 http://localhost:51722/ 200 0 0 22878
2017-07-21 14:12:43 ::1 POST /Home/Index _=1500646300018 51722 qcemployee7.gorilla@gmail.com ::1 Mozilla/5.0+(Windows+NT+10.0;+Win64;+x64)+AppleWebKit/537.36+(KHTML,+like+Gecko)+Chrome/59.0.3071.115+Safari/537.36 http://localhost:51722/ 200 0 0 22897
2017-07-21 14:13:06 ::1 POST /Home/Index _=1500646299428 51722 qcemployee7.gorilla@gmail.com ::1 Mozilla/5.0+(Windows+NT+10.0;+Win64;+x64)+AppleWebKit/537.36+(KHTML,+like+Gecko)+Chrome/59.0.3071.115+Safari/537.36 http://localhost:51722/ 200 0 0 87089
2017-07-21 14:13:29 ::1 POST /Home/Index _=1500646296564 51722 qcemployee7.gorilla@gmail.com ::1 Mozilla/5.0+(Windows+NT+10.0;+Win64;+x64)+AppleWebKit/537.36+(KHTML,+like+Gecko)+Chrome/59.0.3071.115+Safari/537.36 http://localhost:51722/ 200 0 0 113361
2017-07-21 14:13:52 ::1 POST /Home/Index _=1500646365488 51722 qcemployee7.gorilla@gmail.com ::1 Mozilla/5.0+(Windows+NT+10.0;+Win64;+x64)+AppleWebKit/537.36+(KHTML,+like+Gecko)+Chrome/59.0.3071.115+Safari/537.36 http://localhost:51722/ 200 0 0 22741
2017-07-21 14:13:52 ::1 GET /User/LogOut - 51722 qcemployee7.gorilla@gmail.com ::1 Mozilla/5.0+(Windows+NT+10.0;+Win64;+x64)+AppleWebKit/537.36+(KHTML,+like+Gecko)+Chrome/59.0.3071.115+Safari/537.36 http://localhost:51722/ 302 0 0 46513
2017-07-21 14:13:52 ::1 GET / - 51722 - ::1 Mozilla/5.0+(Windows+NT+10.0;+Win64;+x64)+AppleWebKit/537.36+(KHTML,+like+Gecko)+Chrome/59.0.3071.115+Safari/537.36 http://localhost:51722/ 302 0 0 6
2017-07-21 14:13:52 ::1 POST /Home/Index _=1500646364878 51722 qcemployee7.gorilla@gmail.com ::1 Mozilla/5.0+(Windows+NT+10.0;+Win64;+x64)+AppleWebKit/537.36+(KHTML,+like+Gecko)+Chrome/59.0.3071.115+Safari/537.36 http://localhost:51722/ 302 0 0 68658
2017-07-21 14:13:54 ::1 POST /Home/Index _=1500646298823 51722 qcemployee7.gorilla@gmail.com ::1 Mozilla/5.0+(Windows+NT+10.0;+Win64;+x64)+AppleWebKit/537.36+(KHTML,+like+Gecko)+Chrome/59.0.3071.115+Safari/537.36 http://localhost:51722/ 302 0 0 135212
2017-07-21 14:13:54 ::1 POST /Home/Index _=1500646295238 51722 qcemployee7.gorilla@gmail.com ::1 Mozilla/5.0+(Windows+NT+10.0;+Win64;+x64)+AppleWebKit/537.36+(KHTML,+like+Gecko)+Chrome/59.0.3071.115+Safari/537.36 http://localhost:51722/ 302 0 0 139302
2017-07-21 14:13:54 ::1 GET /User/LogOn - 51722 - ::1 Mozilla/5.0+(Windows+NT+10.0;+Win64;+x64)+AppleWebKit/537.36+(KHTML,+like+Gecko)+Chrome/59.0.3071.115+Safari/537.36 http://localhost:51722/ 200 0 0 1927
2017-07-21 14:13:54 ::1 GET /User/LogOn - 51722 - ::1 Mozilla/5.0+(Windows+NT+10.0;+Win64;+x64)+AppleWebKit/537.36+(KHTML,+like+Gecko)+Chrome/59.0.3071.115+Safari/537.36 http://localhost:51722/ 200 0 64 17
2017-07-21 14:13:55 ::1 POST /Home/Index _=1500646295775 51722 qcemployee7.gorilla@gmail.com ::1 Mozilla/5.0+(Windows+NT+10.0;+Win64;+x64)+AppleWebKit/537.36+(KHTML,+like+Gecko)+Chrome/59.0.3071.115+Safari/537.36 http://localhost:51722/ 302 0 64 139267
2017-07-21 14:13:55 ::1 GET /User/assets/pages/img/login/bg1.jpg - 51722 - ::1 Mozilla/5.0+(Windows+NT+10.0;+Win64;+x64)+AppleWebKit/537.36+(KHTML,+like+Gecko)+Chrome/59.0.3071.115+Safari/537.36 http://localhost:51722/User/LogOn 404 0 2 3
