#Software: Microsoft Internet Information Services 8.0
#Version: 1.0
#Date: 2017-06-22 13:31:26
#Fields: date time s-ip cs-method cs-uri-stem cs-uri-query s-port cs-username c-ip cs(User-Agent) cs(Referer) sc-status sc-substatus sc-win32-status time-taken
2017-06-22 13:31:26 ::1 GET / - 51722 - ::1 Mozilla/5.0+(Windows+NT+10.0;+Win64;+x64)+AppleWebKit/537.36+(KHTML,+like+Gecko)+Chrome/58.0.3029.110+Safari/537.36 - 302 0 0 25686
2017-06-22 13:31:37 ::1 GET /User/LogOn - 51722 - ::1 Mozilla/5.0+(Windows+NT+10.0;+Win64;+x64)+AppleWebKit/537.36+(KHTML,+like+Gecko)+Chrome/58.0.3029.110+Safari/537.36 - 200 0 0 11060
2017-06-22 13:31:37 ::1 GET /User/assets/pages/img/login/bg1.jpg - 51722 - ::1 Mozilla/5.0+(Windows+NT+10.0;+Win64;+x64)+AppleWebKit/537.36+(KHTML,+like+Gecko)+Chrome/58.0.3029.110+Safari/537.36 http://localhost:51722/User/LogOn 404 0 2 89
2017-06-22 13:32:00 ::1 POST /User/LogOn - 51722 - ::1 Mozilla/5.0+(Windows+NT+10.0;+Win64;+x64)+AppleWebKit/537.36+(KHTML,+like+Gecko)+Chrome/58.0.3029.110+Safari/537.36 http://localhost:51722/User/LogOn 302 0 0 20099
2017-06-22 13:32:00 ::1 GET / - 51722 - ::1 Mozilla/5.0+(Windows+NT+10.0;+Win64;+x64)+AppleWebKit/537.36+(KHTML,+like+Gecko)+Chrome/58.0.3029.110+Safari/537.36 http://localhost:51722/User/LogOn 302 0 0 64
2017-06-22 13:32:10 ::1 GET /Dashboard/ViewDashboard - 51722 - ::1 Mozilla/5.0+(Windows+NT+10.0;+Win64;+x64)+AppleWebKit/537.36+(KHTML,+like+Gecko)+Chrome/58.0.3029.110+Safari/537.36 http://localhost:51722/User/LogOn 200 0 0 10049
2017-06-22 13:32:11 ::1 GET /Dashboard/getAjaxTab/1 sDate=null&eDate=null 51722 - ::1 Mozilla/5.0+(Windows+NT+10.0;+Win64;+x64)+AppleWebKit/537.36+(KHTML,+like+Gecko)+Chrome/58.0.3029.110+Safari/537.36 http://localhost:51722/Dashboard/ViewDashboard 200 0 0 758
2017-06-22 13:32:11 ::1 GET /__browserLink/requestData/a9747b06739643daa4dbf9b8fed6bd30 version=2 51722 - ::1 Mozilla/5.0+(Windows+NT+10.0;+Win64;+x64)+AppleWebKit/537.36+(KHTML,+like+Gecko)+Chrome/58.0.3029.110+Safari/537.36 http://localhost:51722/Dashboard/ViewDashboard 200 0 0 522
2017-06-22 13:32:11 ::1 GET /Scripts/v2/easy.pie.chart/jquery.easing.1.3.js _=1498138331815 51722 - ::1 Mozilla/5.0+(Windows+NT+10.0;+Win64;+x64)+AppleWebKit/537.36+(KHTML,+like+Gecko)+Chrome/58.0.3029.110+Safari/537.36 http://localhost:51722/Dashboard/ViewDashboard 200 0 0 52
2017-06-22 13:32:11 ::1 GET /Scripts/v2/easy.pie.chart/jquery.easypiechart.min.js _=1498138331881 51722 - ::1 Mozilla/5.0+(Windows+NT+10.0;+Win64;+x64)+AppleWebKit/537.36+(KHTML,+like+Gecko)+Chrome/58.0.3029.110+Safari/537.36 http://localhost:51722/Dashboard/ViewDashboard 200 0 0 17
2017-06-22 13:32:11 ::1 GET /Scripts/v2/morris.charts/morris.min.js _=1498138331902 51722 - ::1 Mozilla/5.0+(Windows+NT+10.0;+Win64;+x64)+AppleWebKit/537.36+(KHTML,+like+Gecko)+Chrome/58.0.3029.110+Safari/537.36 http://localhost:51722/Dashboard/ViewDashboard 200 0 0 21
2017-06-22 13:32:11 ::1 GET /Scripts/v2/morris.charts/raphael.min.js _=1498138331930 51722 - ::1 Mozilla/5.0+(Windows+NT+10.0;+Win64;+x64)+AppleWebKit/537.36+(KHTML,+like+Gecko)+Chrome/58.0.3029.110+Safari/537.36 http://localhost:51722/Dashboard/ViewDashboard 200 0 0 20
2017-06-22 13:32:13 ::1 GET /Dashboard/GetExpenseSubmissions/ sDate=null&eDate=null 51722 - ::1 Mozilla/5.0+(Windows+NT+10.0;+Win64;+x64)+AppleWebKit/537.36+(KHTML,+like+Gecko)+Chrome/58.0.3029.110+Safari/537.36 http://localhost:51722/Dashboard/ViewDashboard 200 0 0 1626
2017-06-22 13:32:13 ::1 GET /Dashboard/GetExpenseApprovals/ sDate=null&eDate=null 51722 - ::1 Mozilla/5.0+(Windows+NT+10.0;+Win64;+x64)+AppleWebKit/537.36+(KHTML,+like+Gecko)+Chrome/58.0.3029.110+Safari/537.36 http://localhost:51722/Dashboard/ViewDashboard 200 0 0 2242
2017-06-22 13:32:15 ::1 GET /Dashboard/GetExpensePostings/ sDate=null&eDate=null 51722 - ::1 Mozilla/5.0+(Windows+NT+10.0;+Win64;+x64)+AppleWebKit/537.36+(KHTML,+like+Gecko)+Chrome/58.0.3029.110+Safari/537.36 http://localhost:51722/Dashboard/ViewDashboard 200 0 0 2928
2017-06-22 13:32:15 ::1 GET /Dashboard/GetPayMethodsAmount/ sDate=null&eDate=null 51722 - ::1 Mozilla/5.0+(Windows+NT+10.0;+Win64;+x64)+AppleWebKit/537.36+(KHTML,+like+Gecko)+Chrome/58.0.3029.110+Safari/537.36 http://localhost:51722/Dashboard/ViewDashboard 200 0 0 3843
2017-06-22 13:32:16 ::1 GET /Dashboard/GetExpenseTypesAmount/ sDate=null&eDate=null 51722 - ::1 Mozilla/5.0+(Windows+NT+10.0;+Win64;+x64)+AppleWebKit/537.36+(KHTML,+like+Gecko)+Chrome/58.0.3029.110+Safari/537.36 http://localhost:51722/Dashboard/ViewDashboard 200 0 0 4780
2017-06-22 13:32:27 ::1 GET /settings - 51722 - ::1 Mozilla/5.0+(Windows+NT+10.0;+Win64;+x64)+AppleWebKit/537.36+(KHTML,+like+Gecko)+Chrome/58.0.3029.110+Safari/537.36 - 200 0 0 1632
2017-06-22 13:32:27 ::1 GET /images/icons/cross.png - 51722 - ::1 Mozilla/5.0+(Windows+NT+10.0;+Win64;+x64)+AppleWebKit/537.36+(KHTML,+like+Gecko)+Chrome/58.0.3029.110+Safari/537.36 http://localhost:51722/settings 200 0 0 59
2017-06-22 13:32:27 ::1 GET /__browserLink/requestData/e6444c42a7614737bb89171c31ee51c7 version=2 51722 - ::1 Mozilla/5.0+(Windows+NT+10.0;+Win64;+x64)+AppleWebKit/537.36+(KHTML,+like+Gecko)+Chrome/58.0.3029.110+Safari/537.36 http://localhost:51722/settings 200 0 0 139
2017-06-22 13:32:34 ::1 GET /settings/Edit/4 - 51722 - ::1 Mozilla/5.0+(Windows+NT+10.0;+Win64;+x64)+AppleWebKit/537.36+(KHTML,+like+Gecko)+Chrome/58.0.3029.110+Safari/537.36 http://localhost:51722/settings 200 0 0 581
2017-06-22 13:32:34 ::1 GET /__browserLink/requestData/b5beb61f749548c2b2995eddeddf33d3 version=2 51722 - ::1 Mozilla/5.0+(Windows+NT+10.0;+Win64;+x64)+AppleWebKit/537.36+(KHTML,+like+Gecko)+Chrome/58.0.3029.110+Safari/537.36 http://localhost:51722/settings/Edit/4 200 0 0 37
2017-06-22 13:32:57 ::1 GET /settings - 51722 - ::1 Mozilla/5.0+(Windows+NT+10.0;+Win64;+x64)+AppleWebKit/537.36+(KHTML,+like+Gecko)+Chrome/58.0.3029.110+Safari/537.36 http://localhost:51722/settings/Edit/4 200 0 0 535
2017-06-22 13:32:57 ::1 GET /__browserLink/requestData/dbfe3e8499c24d80b6973212a4a69e4b version=2 51722 - ::1 Mozilla/5.0+(Windows+NT+10.0;+Win64;+x64)+AppleWebKit/537.36+(KHTML,+like+Gecko)+Chrome/58.0.3029.110+Safari/537.36 http://localhost:51722/settings 200 0 0 74
2017-06-22 13:33:06 ::1 GET /settings/Edit/4 - 51722 - ::1 Mozilla/5.0+(Windows+NT+10.0;+Win64;+x64)+AppleWebKit/537.36+(KHTML,+like+Gecko)+Chrome/58.0.3029.110+Safari/537.36 http://localhost:51722/settings 200 0 0 485
2017-06-22 13:33:06 ::1 GET /__browserLink/requestData/969a72de53df462389bbd1cf396816a9 version=2 51722 - ::1 Mozilla/5.0+(Windows+NT+10.0;+Win64;+x64)+AppleWebKit/537.36+(KHTML,+like+Gecko)+Chrome/58.0.3029.110+Safari/537.36 http://localhost:51722/settings/Edit/4 200 0 0 40
2017-06-22 13:33:11 ::1 GET /settings - 51722 - ::1 Mozilla/5.0+(Windows+NT+10.0;+Win64;+x64)+AppleWebKit/537.36+(KHTML,+like+Gecko)+Chrome/58.0.3029.110+Safari/537.36 http://localhost:51722/settings/Edit/4 200 0 0 534
2017-06-22 13:33:11 ::1 GET /__browserLink/requestData/a80317673f674a47bd332ea6f69abee3 version=2 51722 - ::1 Mozilla/5.0+(Windows+NT+10.0;+Win64;+x64)+AppleWebKit/537.36+(KHTML,+like+Gecko)+Chrome/58.0.3029.110+Safari/537.36 http://localhost:51722/settings 200 0 0 120
2017-06-22 13:40:17 ::1 GET /settings/Edit/4 - 51722 - ::1 Mozilla/5.0+(Windows+NT+10.0;+Win64;+x64)+AppleWebKit/537.36+(KHTML,+like+Gecko)+Chrome/58.0.3029.110+Safari/537.36 http://localhost:51722/settings 200 0 0 667
2017-06-22 13:40:17 ::1 GET /__browserLink/requestData/b4609039778c40d8bdf014c077264e9d version=2 51722 - ::1 Mozilla/5.0+(Windows+NT+10.0;+Win64;+x64)+AppleWebKit/537.36+(KHTML,+like+Gecko)+Chrome/58.0.3029.110+Safari/537.36 http://localhost:51722/settings/Edit/4 200 0 0 77
2017-06-22 13:41:08 ::1 GET /settings - 51722 - ::1 Mozilla/5.0+(Windows+NT+10.0;+Win64;+x64)+AppleWebKit/537.36+(KHTML,+like+Gecko)+Chrome/58.0.3029.110+Safari/537.36 http://localhost:51722/settings/Edit/4 200 0 0 528
2017-06-22 13:41:08 ::1 GET /__browserLink/requestData/d688722a9ea446dc8ec684b0c11f06ae version=2 51722 - ::1 Mozilla/5.0+(Windows+NT+10.0;+Win64;+x64)+AppleWebKit/537.36+(KHTML,+like+Gecko)+Chrome/58.0.3029.110+Safari/537.36 http://localhost:51722/settings 200 0 0 115
2017-06-22 13:41:15 ::1 GET /settings/Edit/4 - 51722 - ::1 Mozilla/5.0+(Windows+NT+10.0;+Win64;+x64)+AppleWebKit/537.36+(KHTML,+like+Gecko)+Chrome/58.0.3029.110+Safari/537.36 http://localhost:51722/settings 200 0 0 479
2017-06-22 13:41:15 ::1 GET /__browserLink/requestData/7e5a95e0348f4df4a2d17f0c2bb51246 version=2 51722 - ::1 Mozilla/5.0+(Windows+NT+10.0;+Win64;+x64)+AppleWebKit/537.36+(KHTML,+like+Gecko)+Chrome/58.0.3029.110+Safari/537.36 http://localhost:51722/settings/Edit/4 200 0 0 37
#Software: Microsoft Internet Information Services 8.0
#Version: 1.0
#Date: 2017-06-22 14:00:55
#Fields: date time s-ip cs-method cs-uri-stem cs-uri-query s-port cs-username c-ip cs(User-Agent) cs(Referer) sc-status sc-substatus sc-win32-status time-taken
2017-06-22 14:00:55 ::1 GET /settings - 51722 - ::1 Mozilla/5.0+(Windows+NT+10.0;+Win64;+x64)+AppleWebKit/537.36+(KHTML,+like+Gecko)+Chrome/58.0.3029.110+Safari/537.36 http://localhost:51722/settings/Edit/4 302 0 0 6436
2017-06-22 14:00:59 ::1 GET /User/LogOn - 51722 - ::1 Mozilla/5.0+(Windows+NT+10.0;+Win64;+x64)+AppleWebKit/537.36+(KHTML,+like+Gecko)+Chrome/58.0.3029.110+Safari/537.36 http://localhost:51722/settings/Edit/4 200 0 0 3680
2017-06-22 14:00:59 ::1 GET /User/assets/pages/img/login/bg1.jpg - 51722 - ::1 Mozilla/5.0+(Windows+NT+10.0;+Win64;+x64)+AppleWebKit/537.36+(KHTML,+like+Gecko)+Chrome/58.0.3029.110+Safari/537.36 http://localhost:51722/User/LogOn 404 0 2 2
2017-06-22 14:01:45 ::1 POST /User/LogOn - 51722 - ::1 Mozilla/5.0+(Windows+NT+10.0;+Win64;+x64)+AppleWebKit/537.36+(KHTML,+like+Gecko)+Chrome/58.0.3029.110+Safari/537.36 http://localhost:51722/User/LogOn 302 0 0 25568
2017-06-22 14:01:45 ::1 GET / - 51722 - ::1 Mozilla/5.0+(Windows+NT+10.0;+Win64;+x64)+AppleWebKit/537.36+(KHTML,+like+Gecko)+Chrome/58.0.3029.110+Safari/537.36 http://localhost:51722/User/LogOn 302 0 0 65
2017-06-22 14:01:48 ::1 GET /Dashboard/ViewDashboard - 51722 - ::1 Mozilla/5.0+(Windows+NT+10.0;+Win64;+x64)+AppleWebKit/537.36+(KHTML,+like+Gecko)+Chrome/58.0.3029.110+Safari/537.36 http://localhost:51722/User/LogOn 200 0 0 3359
2017-06-22 14:01:48 ::1 GET /__browserLink/requestData/042c7855735042fa8ebb20db5d6666b5 version=2 51722 - ::1 Mozilla/5.0+(Windows+NT+10.0;+Win64;+x64)+AppleWebKit/537.36+(KHTML,+like+Gecko)+Chrome/58.0.3029.110+Safari/537.36 http://localhost:51722/Dashboard/ViewDashboard 200 0 0 156
2017-06-22 14:01:48 ::1 GET /Dashboard/getAjaxTab/1 sDate=null&eDate=null 51722 - ::1 Mozilla/5.0+(Windows+NT+10.0;+Win64;+x64)+AppleWebKit/537.36+(KHTML,+like+Gecko)+Chrome/58.0.3029.110+Safari/537.36 http://localhost:51722/Dashboard/ViewDashboard 200 0 0 450
2017-06-22 14:01:48 ::1 GET /Scripts/v2/easy.pie.chart/jquery.easing.1.3.js _=1498140109272 51722 - ::1 Mozilla/5.0+(Windows+NT+10.0;+Win64;+x64)+AppleWebKit/537.36+(KHTML,+like+Gecko)+Chrome/58.0.3029.110+Safari/537.36 http://localhost:51722/Dashboard/ViewDashboard 200 0 0 10
2017-06-22 14:01:48 ::1 GET /Scripts/v2/easy.pie.chart/jquery.easypiechart.min.js _=1498140109287 51722 - ::1 Mozilla/5.0+(Windows+NT+10.0;+Win64;+x64)+AppleWebKit/537.36+(KHTML,+like+Gecko)+Chrome/58.0.3029.110+Safari/537.36 http://localhost:51722/Dashboard/ViewDashboard 200 0 0 2
2017-06-22 14:01:48 ::1 GET /Scripts/v2/morris.charts/morris.min.js _=1498140109301 51722 - ::1 Mozilla/5.0+(Windows+NT+10.0;+Win64;+x64)+AppleWebKit/537.36+(KHTML,+like+Gecko)+Chrome/58.0.3029.110+Safari/537.36 http://localhost:51722/Dashboard/ViewDashboard 200 0 0 11
2017-06-22 14:01:48 ::1 GET /Scripts/v2/morris.charts/raphael.min.js _=1498140109321 51722 - ::1 Mozilla/5.0+(Windows+NT+10.0;+Win64;+x64)+AppleWebKit/537.36+(KHTML,+like+Gecko)+Chrome/58.0.3029.110+Safari/537.36 http://localhost:51722/Dashboard/ViewDashboard 200 0 0 18
2017-06-22 14:01:50 ::1 GET /Dashboard/GetExpenseSubmissions/ sDate=null&eDate=null 51722 - ::1 Mozilla/5.0+(Windows+NT+10.0;+Win64;+x64)+AppleWebKit/537.36+(KHTML,+like+Gecko)+Chrome/58.0.3029.110+Safari/537.36 http://localhost:51722/Dashboard/ViewDashboard 200 0 0 1025
2017-06-22 14:01:50 ::1 GET /Dashboard/GetExpensePostings/ sDate=null&eDate=null 51722 - ::1 Mozilla/5.0+(Windows+NT+10.0;+Win64;+x64)+AppleWebKit/537.36+(KHTML,+like+Gecko)+Chrome/58.0.3029.110+Safari/537.36 http://localhost:51722/Dashboard/ViewDashboard 200 0 0 1812
2017-06-22 14:01:51 ::1 GET /Dashboard/GetExpenseApprovals/ sDate=null&eDate=null 51722 - ::1 Mozilla/5.0+(Windows+NT+10.0;+Win64;+x64)+AppleWebKit/537.36+(KHTML,+like+Gecko)+Chrome/58.0.3029.110+Safari/537.36 http://localhost:51722/Dashboard/ViewDashboard 200 0 0 2250
2017-06-22 14:01:51 ::1 GET /Dashboard/GetPayMethodsAmount/ sDate=null&eDate=null 51722 - ::1 Mozilla/5.0+(Windows+NT+10.0;+Win64;+x64)+AppleWebKit/537.36+(KHTML,+like+Gecko)+Chrome/58.0.3029.110+Safari/537.36 http://localhost:51722/Dashboard/ViewDashboard 200 0 0 3118
2017-06-22 14:01:53 ::1 GET /Dashboard/GetExpenseTypesAmount/ sDate=null&eDate=null 51722 - ::1 Mozilla/5.0+(Windows+NT+10.0;+Win64;+x64)+AppleWebKit/537.36+(KHTML,+like+Gecko)+Chrome/58.0.3029.110+Safari/537.36 http://localhost:51722/Dashboard/ViewDashboard 200 0 0 3810
2017-06-22 14:01:56 ::1 GET /settings - 51722 - ::1 Mozilla/5.0+(Windows+NT+10.0;+Win64;+x64)+AppleWebKit/537.36+(KHTML,+like+Gecko)+Chrome/58.0.3029.110+Safari/537.36 - 200 0 0 705
2017-06-22 14:01:56 ::1 GET /__browserLink/requestData/656498be7fd04f499deda2ca7de5c997 version=2 51722 - ::1 Mozilla/5.0+(Windows+NT+10.0;+Win64;+x64)+AppleWebKit/537.36+(KHTML,+like+Gecko)+Chrome/58.0.3029.110+Safari/537.36 http://localhost:51722/settings 200 0 0 82
2017-06-22 14:02:44 ::1 GET /settings/Edit/4 - 51722 - ::1 Mozilla/5.0+(Windows+NT+10.0;+Win64;+x64)+AppleWebKit/537.36+(KHTML,+like+Gecko)+Chrome/58.0.3029.110+Safari/537.36 http://localhost:51722/settings 302 0 0 26494
2017-06-22 14:02:48 ::1 GET /Error/NotFound aspxerrorpath=/settings/Edit/4 51722 - ::1 Mozilla/5.0+(Windows+NT+10.0;+Win64;+x64)+AppleWebKit/537.36+(KHTML,+like+Gecko)+Chrome/58.0.3029.110+Safari/537.36 http://localhost:51722/settings 200 0 0 3965
2017-06-22 14:02:48 ::1 GET /css/SiteLayoutPage-css v=ZuN3idXE0u7kodat3zaffk1Sg5vQw2cYZq0uh1eYXtk1 51722 - ::1 Mozilla/5.0+(Windows+NT+10.0;+Win64;+x64)+AppleWebKit/537.36+(KHTML,+like+Gecko)+Chrome/58.0.3029.110+Safari/537.36 http://localhost:51722/Error/NotFound?aspxerrorpath=/settings/Edit/4 200 0 0 43
2017-06-22 14:02:48 ::1 GET /css/images/ui-icons_222222_256x240.png - 51722 - ::1 Mozilla/5.0+(Windows+NT+10.0;+Win64;+x64)+AppleWebKit/537.36+(KHTML,+like+Gecko)+Chrome/58.0.3029.110+Safari/537.36 http://localhost:51722/css/SiteLayoutPage-css?v=ZuN3idXE0u7kodat3zaffk1Sg5vQw2cYZq0uh1eYXtk1 200 0 0 66
2017-06-22 14:02:48 ::1 GET /__browserLink/requestData/0348fe83b9e944028bedbe13e84a8cd8 version=2 51722 - ::1 Mozilla/5.0+(Windows+NT+10.0;+Win64;+x64)+AppleWebKit/537.36+(KHTML,+like+Gecko)+Chrome/58.0.3029.110+Safari/537.36 http://localhost:51722/Error/NotFound?aspxerrorpath=/settings/Edit/4 200 0 0 35
2017-06-22 14:02:55 ::1 GET / - 51722 - ::1 Mozilla/5.0+(Windows+NT+10.0;+Win64;+x64)+AppleWebKit/537.36+(KHTML,+like+Gecko)+Chrome/58.0.3029.110+Safari/537.36 http://localhost:51722/Error/NotFound?aspxerrorpath=/settings/Edit/4 302 0 0 52
2017-06-22 14:02:55 ::1 GET /Dashboard/ViewDashboard - 51722 - ::1 Mozilla/5.0+(Windows+NT+10.0;+Win64;+x64)+AppleWebKit/537.36+(KHTML,+like+Gecko)+Chrome/58.0.3029.110+Safari/537.36 http://localhost:51722/Error/NotFound?aspxerrorpath=/settings/Edit/4 200 0 0 643
2017-06-22 14:02:56 ::1 GET /__browserLink/requestData/a5e13ae9c0684ce1be77be1ff9e7fa6b version=2 51722 - ::1 Mozilla/5.0+(Windows+NT+10.0;+Win64;+x64)+AppleWebKit/537.36+(KHTML,+like+Gecko)+Chrome/58.0.3029.110+Safari/537.36 http://localhost:51722/Dashboard/ViewDashboard 200 0 0 102
2017-06-22 14:02:56 ::1 GET /Dashboard/getAjaxTab/1 sDate=null&eDate=null 51722 - ::1 Mozilla/5.0+(Windows+NT+10.0;+Win64;+x64)+AppleWebKit/537.36+(KHTML,+like+Gecko)+Chrome/58.0.3029.110+Safari/537.36 http://localhost:51722/Dashboard/ViewDashboard 200 0 0 342
2017-06-22 14:02:56 ::1 GET /Scripts/v2/easy.pie.chart/jquery.easing.1.3.js _=1498140176683 51722 - ::1 Mozilla/5.0+(Windows+NT+10.0;+Win64;+x64)+AppleWebKit/537.36+(KHTML,+like+Gecko)+Chrome/58.0.3029.110+Safari/537.36 http://localhost:51722/Dashboard/ViewDashboard 200 0 0 12
2017-06-22 14:02:56 ::1 GET /Scripts/v2/easy.pie.chart/jquery.easypiechart.min.js _=1498140176700 51722 - ::1 Mozilla/5.0+(Windows+NT+10.0;+Win64;+x64)+AppleWebKit/537.36+(KHTML,+like+Gecko)+Chrome/58.0.3029.110+Safari/537.36 http://localhost:51722/Dashboard/ViewDashboard 200 0 0 19
2017-06-22 14:02:56 ::1 GET /Scripts/v2/morris.charts/morris.min.js _=1498140176722 51722 - ::1 Mozilla/5.0+(Windows+NT+10.0;+Win64;+x64)+AppleWebKit/537.36+(KHTML,+like+Gecko)+Chrome/58.0.3029.110+Safari/537.36 http://localhost:51722/Dashboard/ViewDashboard 200 0 0 11
2017-06-22 14:02:56 ::1 GET /Scripts/v2/morris.charts/raphael.min.js _=1498140176774 51722 - ::1 Mozilla/5.0+(Windows+NT+10.0;+Win64;+x64)+AppleWebKit/537.36+(KHTML,+like+Gecko)+Chrome/58.0.3029.110+Safari/537.36 http://localhost:51722/Dashboard/ViewDashboard 200 0 0 21
2017-06-22 14:02:56 ::1 GET /Dashboard/GetExpenseSubmissions/ sDate=null&eDate=null 51722 - ::1 Mozilla/5.0+(Windows+NT+10.0;+Win64;+x64)+AppleWebKit/537.36+(KHTML,+like+Gecko)+Chrome/58.0.3029.110+Safari/537.36 http://localhost:51722/Dashboard/ViewDashboard 200 0 0 496
2017-06-22 14:02:57 ::1 GET /Dashboard/GetExpenseTypesAmount/ sDate=null&eDate=null 51722 - ::1 Mozilla/5.0+(Windows+NT+10.0;+Win64;+x64)+AppleWebKit/537.36+(KHTML,+like+Gecko)+Chrome/58.0.3029.110+Safari/537.36 http://localhost:51722/Dashboard/ViewDashboard 200 0 0 1029
2017-06-22 14:02:57 ::1 GET /Dashboard/GetExpensePostings/ sDate=null&eDate=null 51722 - ::1 Mozilla/5.0+(Windows+NT+10.0;+Win64;+x64)+AppleWebKit/537.36+(KHTML,+like+Gecko)+Chrome/58.0.3029.110+Safari/537.36 http://localhost:51722/Dashboard/ViewDashboard 200 0 0 1597
2017-06-22 14:02:58 ::1 GET /Dashboard/GetPayMethodsAmount/ sDate=null&eDate=null 51722 - ::1 Mozilla/5.0+(Windows+NT+10.0;+Win64;+x64)+AppleWebKit/537.36+(KHTML,+like+Gecko)+Chrome/58.0.3029.110+Safari/537.36 http://localhost:51722/Dashboard/ViewDashboard 200 0 0 2163
2017-06-22 14:02:58 ::1 GET /Dashboard/GetExpenseApprovals/ sDate=null&eDate=null 51722 - ::1 Mozilla/5.0+(Windows+NT+10.0;+Win64;+x64)+AppleWebKit/537.36+(KHTML,+like+Gecko)+Chrome/58.0.3029.110+Safari/537.36 http://localhost:51722/Dashboard/ViewDashboard 200 0 0 2676
2017-06-22 14:03:03 ::1 GET /settings - 51722 - ::1 Mozilla/5.0+(Windows+NT+10.0;+Win64;+x64)+AppleWebKit/537.36+(KHTML,+like+Gecko)+Chrome/58.0.3029.110+Safari/537.36 - 200 0 0 533
2017-06-22 14:03:03 ::1 GET /__browserLink/requestData/7939eef14dcc438bad17991d22af6808 version=2 51722 - ::1 Mozilla/5.0+(Windows+NT+10.0;+Win64;+x64)+AppleWebKit/537.36+(KHTML,+like+Gecko)+Chrome/58.0.3029.110+Safari/537.36 http://localhost:51722/settings 200 0 0 71
2017-06-22 14:04:59 ::1 GET /settings/Edit/4 - 51722 - ::1 Mozilla/5.0+(Windows+NT+10.0;+Win64;+x64)+AppleWebKit/537.36+(KHTML,+like+Gecko)+Chrome/58.0.3029.110+Safari/537.36 http://localhost:51722/settings 200 0 0 2068
2017-06-22 14:04:59 ::1 GET /__browserLink/requestData/3bfcb6cec625461bbce29bd41bbae6c0 version=2 51722 - ::1 Mozilla/5.0+(Windows+NT+10.0;+Win64;+x64)+AppleWebKit/537.36+(KHTML,+like+Gecko)+Chrome/58.0.3029.110+Safari/537.36 http://localhost:51722/settings/Edit/4 200 0 0 109
2017-06-22 14:05:44 ::1 GET /settings/Edit/4 - 51722 - ::1 Mozilla/5.0+(Windows+NT+10.0;+Win64;+x64)+AppleWebKit/537.36+(KHTML,+like+Gecko)+Chrome/58.0.3029.110+Safari/537.36 http://localhost:51722/settings 200 0 0 2362
2017-06-22 14:05:44 ::1 GET /favicon.ico - 51722 - ::1 Mozilla/5.0+(Windows+NT+10.0;+Win64;+x64)+AppleWebKit/537.36+(KHTML,+like+Gecko)+Chrome/58.0.3029.110+Safari/537.36 http://localhost:51722/settings/Edit/4 200 0 0 31
2017-06-22 14:05:44 ::1 GET /__browserLink/requestData/500985d9d947402c9976d9b250dc2cbf version=2 51722 - ::1 Mozilla/5.0+(Windows+NT+10.0;+Win64;+x64)+AppleWebKit/537.36+(KHTML,+like+Gecko)+Chrome/58.0.3029.110+Safari/537.36 http://localhost:51722/settings/Edit/4 200 0 0 40
2017-06-22 14:06:33 ::1 GET /settings/Edit/4 - 51722 - ::1 Mozilla/5.0+(Windows+NT+10.0;+Win64;+x64)+AppleWebKit/537.36+(KHTML,+like+Gecko)+Chrome/58.0.3029.110+Safari/537.36 http://localhost:51722/settings 302 0 0 11458
2017-06-22 14:06:33 ::1 GET /Error/NotFound aspxerrorpath=/settings/Edit/4 51722 - ::1 Mozilla/5.0+(Windows+NT+10.0;+Win64;+x64)+AppleWebKit/537.36+(KHTML,+like+Gecko)+Chrome/58.0.3029.110+Safari/537.36 http://localhost:51722/settings 200 0 0 415
2017-06-22 14:06:33 ::1 GET /__browserLink/requestData/33a63e6055864b8b9384ea3d38161edc version=2 51722 - ::1 Mozilla/5.0+(Windows+NT+10.0;+Win64;+x64)+AppleWebKit/537.36+(KHTML,+like+Gecko)+Chrome/58.0.3029.110+Safari/537.36 http://localhost:51722/Error/NotFound?aspxerrorpath=/settings/Edit/4 200 0 0 43
2017-06-22 14:06:50 ::1 GET /settings/Edit/4 - 51722 - ::1 Mozilla/5.0+(Windows+NT+10.0;+Win64;+x64)+AppleWebKit/537.36+(KHTML,+like+Gecko)+Chrome/58.0.3029.110+Safari/537.36 http://localhost:51722/settings 200 0 0 1881
2017-06-22 14:06:50 ::1 GET /__browserLink/requestData/90e8547870a4402ea34c829fa686c6ce version=2 51722 - ::1 Mozilla/5.0+(Windows+NT+10.0;+Win64;+x64)+AppleWebKit/537.36+(KHTML,+like+Gecko)+Chrome/58.0.3029.110+Safari/537.36 http://localhost:51722/settings/Edit/4 200 0 0 39
2017-06-22 14:09:36 ::1 GET /settings/Edit/4 - 51722 - ::1 Mozilla/5.0+(Windows+NT+10.0;+Win64;+x64)+AppleWebKit/537.36+(KHTML,+like+Gecko)+Chrome/58.0.3029.110+Safari/537.36 http://localhost:51722/settings 200 0 0 2434
2017-06-22 14:09:36 ::1 GET /favicon.ico - 51722 - ::1 Mozilla/5.0+(Windows+NT+10.0;+Win64;+x64)+AppleWebKit/537.36+(KHTML,+like+Gecko)+Chrome/58.0.3029.110+Safari/537.36 http://localhost:51722/settings/Edit/4 200 0 0 53
2017-06-22 14:09:36 ::1 GET /__browserLink/requestData/faa3388fe8f94dd8954eab3b2364ccb2 version=2 51722 - ::1 Mozilla/5.0+(Windows+NT+10.0;+Win64;+x64)+AppleWebKit/537.36+(KHTML,+like+Gecko)+Chrome/58.0.3029.110+Safari/537.36 http://localhost:51722/settings/Edit/4 200 0 0 47
2017-06-22 14:09:47 ::1 GET /settings - 51722 - ::1 Mozilla/5.0+(Windows+NT+10.0;+Win64;+x64)+AppleWebKit/537.36+(KHTML,+like+Gecko)+Chrome/58.0.3029.110+Safari/537.36 http://localhost:51722/settings/Edit/4 200 0 0 593
2017-06-22 14:09:47 ::1 GET /__browserLink/requestData/f55831beebf845a5b8f51098026f52d8 version=2 51722 - ::1 Mozilla/5.0+(Windows+NT+10.0;+Win64;+x64)+AppleWebKit/537.36+(KHTML,+like+Gecko)+Chrome/58.0.3029.110+Safari/537.36 http://localhost:51722/settings 200 0 0 71
2017-06-22 14:09:50 ::1 GET /settings/Edit/5 - 51722 - ::1 Mozilla/5.0+(Windows+NT+10.0;+Win64;+x64)+AppleWebKit/537.36+(KHTML,+like+Gecko)+Chrome/58.0.3029.110+Safari/537.36 http://localhost:51722/settings 200 0 0 456
2017-06-22 14:09:50 ::1 GET /__browserLink/requestData/3353817c8c244bb2ae2fbfad6886fbc5 version=2 51722 - ::1 Mozilla/5.0+(Windows+NT+10.0;+Win64;+x64)+AppleWebKit/537.36+(KHTML,+like+Gecko)+Chrome/58.0.3029.110+Safari/537.36 http://localhost:51722/settings/Edit/5 200 0 0 36
2017-06-22 14:09:55 ::1 GET /settings - 51722 - ::1 Mozilla/5.0+(Windows+NT+10.0;+Win64;+x64)+AppleWebKit/537.36+(KHTML,+like+Gecko)+Chrome/58.0.3029.110+Safari/537.36 http://localhost:51722/settings/Edit/5 200 0 0 1346
2017-06-22 14:09:55 ::1 GET /__browserLink/requestData/1bb1ea3fe6614bb7b9a4ae6e35750f8c version=2 51722 - ::1 Mozilla/5.0+(Windows+NT+10.0;+Win64;+x64)+AppleWebKit/537.36+(KHTML,+like+Gecko)+Chrome/58.0.3029.110+Safari/537.36 http://localhost:51722/settings 200 0 0 164
2017-06-22 14:09:58 ::1 GET /settings/Edit/5 - 51722 - ::1 Mozilla/5.0+(Windows+NT+10.0;+Win64;+x64)+AppleWebKit/537.36+(KHTML,+like+Gecko)+Chrome/58.0.3029.110+Safari/537.36 http://localhost:51722/settings 200 0 0 472
2017-06-22 14:09:58 ::1 GET /__browserLink/requestData/7885398eb30842b9acb880d6dd3229fb version=2 51722 - ::1 Mozilla/5.0+(Windows+NT+10.0;+Win64;+x64)+AppleWebKit/537.36+(KHTML,+like+Gecko)+Chrome/58.0.3029.110+Safari/537.36 http://localhost:51722/settings/Edit/5 200 0 0 46
2017-06-22 14:09:59 ::1 POST /settings/Edit/5 - 51722 - ::1 Mozilla/5.0+(Windows+NT+10.0;+Win64;+x64)+AppleWebKit/537.36+(KHTML,+like+Gecko)+Chrome/58.0.3029.110+Safari/537.36 http://localhost:51722/settings/Edit/5 302 0 0 425
2017-06-22 14:09:59 ::1 GET /settings - 51722 - ::1 Mozilla/5.0+(Windows+NT+10.0;+Win64;+x64)+AppleWebKit/537.36+(KHTML,+like+Gecko)+Chrome/58.0.3029.110+Safari/537.36 http://localhost:51722/settings/Edit/5 200 0 0 536
2017-06-22 14:09:59 ::1 GET /__browserLink/requestData/d9450a120a104d74b9ed86be1185e4f2 version=2 51722 - ::1 Mozilla/5.0+(Windows+NT+10.0;+Win64;+x64)+AppleWebKit/537.36+(KHTML,+like+Gecko)+Chrome/58.0.3029.110+Safari/537.36 http://localhost:51722/settings 200 0 0 133
2017-06-22 14:10:03 ::1 GET /settings/Edit/4 - 51722 - ::1 Mozilla/5.0+(Windows+NT+10.0;+Win64;+x64)+AppleWebKit/537.36+(KHTML,+like+Gecko)+Chrome/58.0.3029.110+Safari/537.36 http://localhost:51722/settings 200 0 0 466
2017-06-22 14:10:03 ::1 GET /__browserLink/requestData/2989048c2f664b2aa9657a78e91aca03 version=2 51722 - ::1 Mozilla/5.0+(Windows+NT+10.0;+Win64;+x64)+AppleWebKit/537.36+(KHTML,+like+Gecko)+Chrome/58.0.3029.110+Safari/537.36 http://localhost:51722/settings/Edit/4 200 0 0 39
2017-06-22 14:13:00 ::1 GET /settings - 51722 - ::1 Mozilla/5.0+(Windows+NT+10.0;+Win64;+x64)+AppleWebKit/537.36+(KHTML,+like+Gecko)+Chrome/58.0.3029.110+Safari/537.36 http://localhost:51722/settings/Edit/4 200 0 0 2070
2017-06-22 14:13:00 ::1 GET /__browserLink/requestData/3eeda9ca390b4db2b72ad19284213ba3 version=2 51722 - ::1 Mozilla/5.0+(Windows+NT+10.0;+Win64;+x64)+AppleWebKit/537.36+(KHTML,+like+Gecko)+Chrome/58.0.3029.110+Safari/537.36 http://localhost:51722/settings 200 0 0 109
2017-06-22 14:13:29 ::1 GET /settings/Edit/4 - 51722 - ::1 Mozilla/5.0+(Windows+NT+10.0;+Win64;+x64)+AppleWebKit/537.36+(KHTML,+like+Gecko)+Chrome/58.0.3029.110+Safari/537.36 http://localhost:51722/settings 200 0 0 483
2017-06-22 14:13:29 ::1 GET /__browserLink/requestData/94dcab9cc4774af398ff63c33b99fb88 version=2 51722 - ::1 Mozilla/5.0+(Windows+NT+10.0;+Win64;+x64)+AppleWebKit/537.36+(KHTML,+like+Gecko)+Chrome/58.0.3029.110+Safari/537.36 http://localhost:51722/settings/Edit/4 200 0 0 36
2017-06-22 14:18:05 ::1 GET /settings - 51722 - ::1 Mozilla/5.0+(Windows+NT+10.0;+Win64;+x64)+AppleWebKit/537.36+(KHTML,+like+Gecko)+Chrome/58.0.3029.110+Safari/537.36 http://localhost:51722/settings/Edit/4 200 0 0 631
2017-06-22 14:18:05 ::1 GET /__browserLink/requestData/a66b880e365f4065a7d587dbd931b99e version=2 51722 - ::1 Mozilla/5.0+(Windows+NT+10.0;+Win64;+x64)+AppleWebKit/537.36+(KHTML,+like+Gecko)+Chrome/58.0.3029.110+Safari/537.36 http://localhost:51722/settings 200 0 0 109
2017-06-22 14:18:08 ::1 GET /settings/Edit/2 - 51722 - ::1 Mozilla/5.0+(Windows+NT+10.0;+Win64;+x64)+AppleWebKit/537.36+(KHTML,+like+Gecko)+Chrome/58.0.3029.110+Safari/537.36 http://localhost:51722/settings 200 0 0 458
2017-06-22 14:18:08 ::1 GET /__browserLink/requestData/893347995a73414aa3154a83470a4d09 version=2 51722 - ::1 Mozilla/5.0+(Windows+NT+10.0;+Win64;+x64)+AppleWebKit/537.36+(KHTML,+like+Gecko)+Chrome/58.0.3029.110+Safari/537.36 http://localhost:51722/settings/Edit/2 200 0 0 36
2017-06-22 14:18:30 ::1 POST /settings/Edit/2 - 51722 - ::1 Mozilla/5.0+(Windows+NT+10.0;+Win64;+x64)+AppleWebKit/537.36+(KHTML,+like+Gecko)+Chrome/58.0.3029.110+Safari/537.36 http://localhost:51722/settings/Edit/2 200 0 0 20647
2017-06-22 14:18:30 ::1 GET /__browserLink/requestData/b6a26977c2ed4833bc4c8c76fc154c15 version=2 51722 - ::1 Mozilla/5.0+(Windows+NT+10.0;+Win64;+x64)+AppleWebKit/537.36+(KHTML,+like+Gecko)+Chrome/58.0.3029.110+Safari/537.36 http://localhost:51722/settings/Edit/2 200 0 0 42
#Software: Microsoft Internet Information Services 8.0
#Version: 1.0
#Date: 2017-06-22 14:25:45
#Fields: date time s-ip cs-method cs-uri-stem cs-uri-query s-port cs-username c-ip cs(User-Agent) cs(Referer) sc-status sc-substatus sc-win32-status time-taken
2017-06-22 14:25:45 ::1 GET / - 51722 - ::1 Mozilla/5.0+(Windows+NT+10.0;+Win64;+x64)+AppleWebKit/537.36+(KHTML,+like+Gecko)+Chrome/58.0.3029.110+Safari/537.36 - 302 0 0 23229
2017-06-22 14:25:57 ::1 GET /User/LogOn - 51722 - ::1 Mozilla/5.0+(Windows+NT+10.0;+Win64;+x64)+AppleWebKit/537.36+(KHTML,+like+Gecko)+Chrome/58.0.3029.110+Safari/537.36 - 200 0 0 11827
2017-06-22 14:25:57 ::1 GET /User/assets/pages/img/login/bg1.jpg - 51722 - ::1 Mozilla/5.0+(Windows+NT+10.0;+Win64;+x64)+AppleWebKit/537.36+(KHTML,+like+Gecko)+Chrome/58.0.3029.110+Safari/537.36 http://localhost:51722/User/LogOn 404 0 2 10
2017-06-22 14:26:38 ::1 POST /User/LogOn - 51722 - ::1 Mozilla/5.0+(Windows+NT+10.0;+Win64;+x64)+AppleWebKit/537.36+(KHTML,+like+Gecko)+Chrome/58.0.3029.110+Safari/537.36 http://localhost:51722/User/LogOn 302 0 0 35443
2017-06-22 14:26:38 ::1 GET / - 51722 - ::1 Mozilla/5.0+(Windows+NT+10.0;+Win64;+x64)+AppleWebKit/537.36+(KHTML,+like+Gecko)+Chrome/58.0.3029.110+Safari/537.36 http://localhost:51722/User/LogOn 302 0 0 57
2017-06-22 14:26:47 ::1 GET /Dashboard/ViewDashboard - 51722 - ::1 Mozilla/5.0+(Windows+NT+10.0;+Win64;+x64)+AppleWebKit/537.36+(KHTML,+like+Gecko)+Chrome/58.0.3029.110+Safari/537.36 http://localhost:51722/User/LogOn 200 0 0 8701
2017-06-22 14:26:47 ::1 GET /Dashboard/getAjaxTab/1 sDate=null&eDate=null 51722 - ::1 Mozilla/5.0+(Windows+NT+10.0;+Win64;+x64)+AppleWebKit/537.36+(KHTML,+like+Gecko)+Chrome/58.0.3029.110+Safari/537.36 http://localhost:51722/Dashboard/ViewDashboard 200 0 0 453
2017-06-22 14:26:47 ::1 GET /__browserLink/requestData/9ede066640be412fa4794335b2eb35bb version=2 51722 - ::1 Mozilla/5.0+(Windows+NT+10.0;+Win64;+x64)+AppleWebKit/537.36+(KHTML,+like+Gecko)+Chrome/58.0.3029.110+Safari/537.36 http://localhost:51722/Dashboard/ViewDashboard 200 0 0 281
2017-06-22 14:26:47 ::1 GET /Scripts/v2/easy.pie.chart/jquery.easing.1.3.js _=1498141608497 51722 - ::1 Mozilla/5.0+(Windows+NT+10.0;+Win64;+x64)+AppleWebKit/537.36+(KHTML,+like+Gecko)+Chrome/58.0.3029.110+Safari/537.36 http://localhost:51722/Dashboard/ViewDashboard 200 0 0 15
2017-06-22 14:26:47 ::1 GET /Scripts/v2/easy.pie.chart/jquery.easypiechart.min.js _=1498141608517 51722 - ::1 Mozilla/5.0+(Windows+NT+10.0;+Win64;+x64)+AppleWebKit/537.36+(KHTML,+like+Gecko)+Chrome/58.0.3029.110+Safari/537.36 http://localhost:51722/Dashboard/ViewDashboard 200 0 0 17
2017-06-22 14:26:47 ::1 GET /Scripts/v2/morris.charts/morris.min.js _=1498141608548 51722 - ::1 Mozilla/5.0+(Windows+NT+10.0;+Win64;+x64)+AppleWebKit/537.36+(KHTML,+like+Gecko)+Chrome/58.0.3029.110+Safari/537.36 http://localhost:51722/Dashboard/ViewDashboard 200 0 0 19
2017-06-22 14:26:48 ::1 GET /Scripts/v2/morris.charts/raphael.min.js _=1498141608578 51722 - ::1 Mozilla/5.0+(Windows+NT+10.0;+Win64;+x64)+AppleWebKit/537.36+(KHTML,+like+Gecko)+Chrome/58.0.3029.110+Safari/537.36 http://localhost:51722/Dashboard/ViewDashboard 200 0 0 16
2017-06-22 14:26:50 ::1 GET /Dashboard/GetExpenseSubmissions/ sDate=null&eDate=null 51722 - ::1 Mozilla/5.0+(Windows+NT+10.0;+Win64;+x64)+AppleWebKit/537.36+(KHTML,+like+Gecko)+Chrome/58.0.3029.110+Safari/537.36 http://localhost:51722/Dashboard/ViewDashboard 200 0 0 1411
2017-06-22 14:26:51 ::1 GET /Dashboard/GetPayMethodsAmount/ sDate=null&eDate=null 51722 - ::1 Mozilla/5.0+(Windows+NT+10.0;+Win64;+x64)+AppleWebKit/537.36+(KHTML,+like+Gecko)+Chrome/58.0.3029.110+Safari/537.36 http://localhost:51722/Dashboard/ViewDashboard 200 0 0 2921
2017-06-22 14:26:52 ::1 GET /Dashboard/GetExpensePostings/ sDate=null&eDate=null 51722 - ::1 Mozilla/5.0+(Windows+NT+10.0;+Win64;+x64)+AppleWebKit/537.36+(KHTML,+like+Gecko)+Chrome/58.0.3029.110+Safari/537.36 http://localhost:51722/Dashboard/ViewDashboard 200 0 0 3976
2017-06-22 14:26:52 ::1 GET /Dashboard/GetExpenseApprovals/ sDate=null&eDate=null 51722 - ::1 Mozilla/5.0+(Windows+NT+10.0;+Win64;+x64)+AppleWebKit/537.36+(KHTML,+like+Gecko)+Chrome/58.0.3029.110+Safari/537.36 http://localhost:51722/Dashboard/ViewDashboard 200 0 0 4687
2017-06-22 14:26:53 ::1 GET /Dashboard/GetExpenseTypesAmount/ sDate=null&eDate=null 51722 - ::1 Mozilla/5.0+(Windows+NT+10.0;+Win64;+x64)+AppleWebKit/537.36+(KHTML,+like+Gecko)+Chrome/58.0.3029.110+Safari/537.36 http://localhost:51722/Dashboard/ViewDashboard 200 0 0 5231
2017-06-22 14:27:26 ::1 GET /settings - 51722 - ::1 Mozilla/5.0+(Windows+NT+10.0;+Win64;+x64)+AppleWebKit/537.36+(KHTML,+like+Gecko)+Chrome/58.0.3029.110+Safari/537.36 - 200 0 0 1488
2017-06-22 14:27:26 ::1 GET /__browserLink/requestData/fc811a1c54104c6793fbe04e7f86da46 version=2 51722 - ::1 Mozilla/5.0+(Windows+NT+10.0;+Win64;+x64)+AppleWebKit/537.36+(KHTML,+like+Gecko)+Chrome/58.0.3029.110+Safari/537.36 http://localhost:51722/settings 200 0 0 77
2017-06-22 14:27:30 ::1 GET /settings/Edit/4 - 51722 - ::1 Mozilla/5.0+(Windows+NT+10.0;+Win64;+x64)+AppleWebKit/537.36+(KHTML,+like+Gecko)+Chrome/58.0.3029.110+Safari/537.36 http://localhost:51722/settings 200 0 0 598
2017-06-22 14:27:30 ::1 GET /__browserLink/requestData/7cae2505782640098dfb611ede6f5e2e version=2 51722 - ::1 Mozilla/5.0+(Windows+NT+10.0;+Win64;+x64)+AppleWebKit/537.36+(KHTML,+like+Gecko)+Chrome/58.0.3029.110+Safari/537.36 http://localhost:51722/settings/Edit/4 200 0 0 40
2017-06-22 14:27:59 ::1 POST /settings/Edit/4 - 51722 - ::1 Mozilla/5.0+(Windows+NT+10.0;+Win64;+x64)+AppleWebKit/537.36+(KHTML,+like+Gecko)+Chrome/58.0.3029.110+Safari/537.36 http://localhost:51722/settings/Edit/4 200 0 0 13948
2017-06-22 14:27:59 ::1 GET /__browserLink/requestData/3f0bf922672643ae948d051fe163fb1d version=2 51722 - ::1 Mozilla/5.0+(Windows+NT+10.0;+Win64;+x64)+AppleWebKit/537.36+(KHTML,+like+Gecko)+Chrome/58.0.3029.110+Safari/537.36 http://localhost:51722/settings/Edit/4 200 0 0 41
2017-06-22 14:28:54 ::1 POST /settings/Edit/4 - 51722 - ::1 Mozilla/5.0+(Windows+NT+10.0;+Win64;+x64)+AppleWebKit/537.36+(KHTML,+like+Gecko)+Chrome/58.0.3029.110+Safari/537.36 http://localhost:51722/settings/Edit/4 200 0 0 43148
2017-06-22 14:28:54 ::1 GET /__browserLink/requestData/6485873b7d3149abb8fcece35ed40cb8 version=2 51722 - ::1 Mozilla/5.0+(Windows+NT+10.0;+Win64;+x64)+AppleWebKit/537.36+(KHTML,+like+Gecko)+Chrome/58.0.3029.110+Safari/537.36 http://localhost:51722/settings/Edit/4 200 0 0 62
2017-06-22 14:28:58 ::1 GET /settings - 51722 - ::1 Mozilla/5.0+(Windows+NT+10.0;+Win64;+x64)+AppleWebKit/537.36+(KHTML,+like+Gecko)+Chrome/58.0.3029.110+Safari/537.36 http://localhost:51722/settings/Edit/4 200 0 0 544
2017-06-22 14:28:58 ::1 GET /__browserLink/requestData/04cbc92ce3a1413db5001e646a9ec67a version=2 51722 - ::1 Mozilla/5.0+(Windows+NT+10.0;+Win64;+x64)+AppleWebKit/537.36+(KHTML,+like+Gecko)+Chrome/58.0.3029.110+Safari/537.36 http://localhost:51722/settings 200 0 0 154
2017-06-22 14:29:01 ::1 GET /settings/Edit/4 - 51722 - ::1 Mozilla/5.0+(Windows+NT+10.0;+Win64;+x64)+AppleWebKit/537.36+(KHTML,+like+Gecko)+Chrome/58.0.3029.110+Safari/537.36 http://localhost:51722/settings 200 0 0 508
2017-06-22 14:29:01 ::1 GET /__browserLink/requestData/ce8ea41ecff6417bbde560e55c25ce8a version=2 51722 - ::1 Mozilla/5.0+(Windows+NT+10.0;+Win64;+x64)+AppleWebKit/537.36+(KHTML,+like+Gecko)+Chrome/58.0.3029.110+Safari/537.36 http://localhost:51722/settings/Edit/4 200 0 0 41
#Software: Microsoft Internet Information Services 8.0
#Version: 1.0
#Date: 2017-06-22 14:48:13
#Fields: date time s-ip cs-method cs-uri-stem cs-uri-query s-port cs-username c-ip cs(User-Agent) cs(Referer) sc-status sc-substatus sc-win32-status time-taken
2017-06-22 14:48:13 ::1 GET / - 51722 - ::1 Mozilla/5.0+(Windows+NT+10.0;+Win64;+x64)+AppleWebKit/537.36+(KHTML,+like+Gecko)+Chrome/58.0.3029.110+Safari/537.36 - 302 0 0 13526
2017-06-22 14:48:22 ::1 GET /User/LogOn - 51722 - ::1 Mozilla/5.0+(Windows+NT+10.0;+Win64;+x64)+AppleWebKit/537.36+(KHTML,+like+Gecko)+Chrome/58.0.3029.110+Safari/537.36 - 200 0 0 8157
2017-06-22 14:48:22 ::1 GET /User/assets/pages/img/login/bg1.jpg - 51722 - ::1 Mozilla/5.0+(Windows+NT+10.0;+Win64;+x64)+AppleWebKit/537.36+(KHTML,+like+Gecko)+Chrome/58.0.3029.110+Safari/537.36 http://localhost:51722/User/LogOn 404 0 2 53
2017-06-22 14:52:18 ::1 POST /User/LogOn - 51722 - ::1 Mozilla/5.0+(Windows+NT+10.0;+Win64;+x64)+AppleWebKit/537.36+(KHTML,+like+Gecko)+Chrome/58.0.3029.110+Safari/537.36 http://localhost:51722/User/LogOn 302 0 0 226575
2017-06-22 14:52:18 ::1 GET / - 51722 - ::1 Mozilla/5.0+(Windows+NT+10.0;+Win64;+x64)+AppleWebKit/537.36+(KHTML,+like+Gecko)+Chrome/58.0.3029.110+Safari/537.36 http://localhost:51722/User/LogOn 302 0 0 104
2017-06-22 14:52:23 ::1 GET /Dashboard/ViewDashboard - 51722 - ::1 Mozilla/5.0+(Windows+NT+10.0;+Win64;+x64)+AppleWebKit/537.36+(KHTML,+like+Gecko)+Chrome/58.0.3029.110+Safari/537.36 http://localhost:51722/User/LogOn 200 0 0 5418
2017-06-22 14:52:25 ::1 GET /__browserLink/requestData/8808f3314c9a4813a88daec4bbe009fc version=2 51722 - ::1 Mozilla/5.0+(Windows+NT+10.0;+Win64;+x64)+AppleWebKit/537.36+(KHTML,+like+Gecko)+Chrome/58.0.3029.110+Safari/537.36 http://localhost:51722/Dashboard/ViewDashboard 200 0 0 902
2017-06-22 14:52:25 ::1 GET /Dashboard/getAjaxTab/1 sDate=null&eDate=null 51722 - ::1 Mozilla/5.0+(Windows+NT+10.0;+Win64;+x64)+AppleWebKit/537.36+(KHTML,+like+Gecko)+Chrome/58.0.3029.110+Safari/537.36 http://localhost:51722/Dashboard/ViewDashboard 200 0 0 1139
2017-06-22 14:52:25 ::1 GET /Scripts/v2/easy.pie.chart/jquery.easing.1.3.js _=1498143145650 51722 - ::1 Mozilla/5.0+(Windows+NT+10.0;+Win64;+x64)+AppleWebKit/537.36+(KHTML,+like+Gecko)+Chrome/58.0.3029.110+Safari/537.36 http://localhost:51722/Dashboard/ViewDashboard 200 0 0 45
2017-06-22 14:52:25 ::1 GET /Scripts/v2/easy.pie.chart/jquery.easypiechart.min.js _=1498143145703 51722 - ::1 Mozilla/5.0+(Windows+NT+10.0;+Win64;+x64)+AppleWebKit/537.36+(KHTML,+like+Gecko)+Chrome/58.0.3029.110+Safari/537.36 http://localhost:51722/Dashboard/ViewDashboard 200 0 0 30
2017-06-22 14:52:25 ::1 GET /Scripts/v2/morris.charts/morris.min.js _=1498143145744 51722 - ::1 Mozilla/5.0+(Windows+NT+10.0;+Win64;+x64)+AppleWebKit/537.36+(KHTML,+like+Gecko)+Chrome/58.0.3029.110+Safari/537.36 http://localhost:51722/Dashboard/ViewDashboard 200 0 0 24
2017-06-22 14:52:25 ::1 GET /Scripts/v2/morris.charts/raphael.min.js _=1498143145806 51722 - ::1 Mozilla/5.0+(Windows+NT+10.0;+Win64;+x64)+AppleWebKit/537.36+(KHTML,+like+Gecko)+Chrome/58.0.3029.110+Safari/537.36 http://localhost:51722/Dashboard/ViewDashboard 200 0 0 19
2017-06-22 14:52:27 ::1 GET /Dashboard/GetExpenseSubmissions/ sDate=null&eDate=null 51722 - ::1 Mozilla/5.0+(Windows+NT+10.0;+Win64;+x64)+AppleWebKit/537.36+(KHTML,+like+Gecko)+Chrome/58.0.3029.110+Safari/537.36 http://localhost:51722/Dashboard/ViewDashboard 200 0 0 1330
2017-06-22 14:52:28 ::1 GET /Dashboard/GetExpenseApprovals/ sDate=null&eDate=null 51722 - ::1 Mozilla/5.0+(Windows+NT+10.0;+Win64;+x64)+AppleWebKit/537.36+(KHTML,+like+Gecko)+Chrome/58.0.3029.110+Safari/537.36 http://localhost:51722/Dashboard/ViewDashboard 200 0 0 2368
2017-06-22 14:52:29 ::1 GET /Dashboard/GetExpenseTypesAmount/ sDate=null&eDate=null 51722 - ::1 Mozilla/5.0+(Windows+NT+10.0;+Win64;+x64)+AppleWebKit/537.36+(KHTML,+like+Gecko)+Chrome/58.0.3029.110+Safari/537.36 http://localhost:51722/Dashboard/ViewDashboard 200 0 0 3977
2017-06-22 14:52:29 ::1 GET /Dashboard/GetPayMethodsAmount/ sDate=null&eDate=null 51722 - ::1 Mozilla/5.0+(Windows+NT+10.0;+Win64;+x64)+AppleWebKit/537.36+(KHTML,+like+Gecko)+Chrome/58.0.3029.110+Safari/537.36 http://localhost:51722/Dashboard/ViewDashboard 200 0 0 4860
2017-06-22 14:52:31 ::1 GET /Dashboard/GetExpensePostings/ sDate=null&eDate=null 51722 - ::1 Mozilla/5.0+(Windows+NT+10.0;+Win64;+x64)+AppleWebKit/537.36+(KHTML,+like+Gecko)+Chrome/58.0.3029.110+Safari/537.36 http://localhost:51722/Dashboard/ViewDashboard 200 0 0 5706
2017-06-22 14:52:35 ::1 GET /settings - 51722 - ::1 Mozilla/5.0+(Windows+NT+10.0;+Win64;+x64)+AppleWebKit/537.36+(KHTML,+like+Gecko)+Chrome/58.0.3029.110+Safari/537.36 - 200 0 0 1145
2017-06-22 14:52:35 ::1 GET /__browserLink/requestData/0d627e7a4da24c31b892d7dbc9c3ef7e version=2 51722 - ::1 Mozilla/5.0+(Windows+NT+10.0;+Win64;+x64)+AppleWebKit/537.36+(KHTML,+like+Gecko)+Chrome/58.0.3029.110+Safari/537.36 http://localhost:51722/settings 200 0 0 91
2017-06-22 14:52:38 ::1 GET /settings/Edit/5 - 51722 - ::1 Mozilla/5.0+(Windows+NT+10.0;+Win64;+x64)+AppleWebKit/537.36+(KHTML,+like+Gecko)+Chrome/58.0.3029.110+Safari/537.36 http://localhost:51722/settings 200 0 0 572
2017-06-22 14:52:38 ::1 GET /__browserLink/requestData/4a2ddb4f24244decb8bb6445c359fdae version=2 51722 - ::1 Mozilla/5.0+(Windows+NT+10.0;+Win64;+x64)+AppleWebKit/537.36+(KHTML,+like+Gecko)+Chrome/58.0.3029.110+Safari/537.36 http://localhost:51722/settings/Edit/5 200 0 0 45
2017-06-22 14:53:15 ::1 POST /settings/Edit/5 - 51722 - ::1 Mozilla/5.0+(Windows+NT+10.0;+Win64;+x64)+AppleWebKit/537.36+(KHTML,+like+Gecko)+Chrome/58.0.3029.110+Safari/537.36 http://localhost:51722/settings/Edit/5 302 0 0 21760
2017-06-22 14:53:15 ::1 GET /settings - 51722 - ::1 Mozilla/5.0+(Windows+NT+10.0;+Win64;+x64)+AppleWebKit/537.36+(KHTML,+like+Gecko)+Chrome/58.0.3029.110+Safari/537.36 http://localhost:51722/settings/Edit/5 200 0 0 577
2017-06-22 14:53:16 ::1 GET /__browserLink/requestData/f6fc8c718b7441c0bb2871df6a601452 version=2 51722 - ::1 Mozilla/5.0+(Windows+NT+10.0;+Win64;+x64)+AppleWebKit/537.36+(KHTML,+like+Gecko)+Chrome/58.0.3029.110+Safari/537.36 http://localhost:51722/settings 200 0 0 133
2017-06-22 14:53:21 ::1 GET /settings/Edit/4 - 51722 - ::1 Mozilla/5.0+(Windows+NT+10.0;+Win64;+x64)+AppleWebKit/537.36+(KHTML,+like+Gecko)+Chrome/58.0.3029.110+Safari/537.36 http://localhost:51722/settings 200 0 0 489
2017-06-22 14:53:21 ::1 GET /__browserLink/requestData/9031cb88e7764322941b0518b5800b99 version=2 51722 - ::1 Mozilla/5.0+(Windows+NT+10.0;+Win64;+x64)+AppleWebKit/537.36+(KHTML,+like+Gecko)+Chrome/58.0.3029.110+Safari/537.36 http://localhost:51722/settings/Edit/4 200 0 0 37
2017-06-22 14:55:38 ::1 POST /settings/Edit/4 - 51722 - ::1 Mozilla/5.0+(Windows+NT+10.0;+Win64;+x64)+AppleWebKit/537.36+(KHTML,+like+Gecko)+Chrome/58.0.3029.110+Safari/537.36 http://localhost:51722/settings/Edit/4 200 0 0 129779
2017-06-22 14:55:38 ::1 GET /__browserLink/requestData/2e0f9147007c446c906bd802d93bc4be version=2 51722 - ::1 Mozilla/5.0+(Windows+NT+10.0;+Win64;+x64)+AppleWebKit/537.36+(KHTML,+like+Gecko)+Chrome/58.0.3029.110+Safari/537.36 http://localhost:51722/settings/Edit/4 200 0 0 64
2017-06-22 14:55:43 ::1 GET /settings - 51722 - ::1 Mozilla/5.0+(Windows+NT+10.0;+Win64;+x64)+AppleWebKit/537.36+(KHTML,+like+Gecko)+Chrome/58.0.3029.110+Safari/537.36 http://localhost:51722/settings/Edit/4 200 0 0 589
2017-06-22 14:55:43 ::1 GET /__browserLink/requestData/d6b0e7b4f9554253853711c646e1b1de version=2 51722 - ::1 Mozilla/5.0+(Windows+NT+10.0;+Win64;+x64)+AppleWebKit/537.36+(KHTML,+like+Gecko)+Chrome/58.0.3029.110+Safari/537.36 http://localhost:51722/settings 200 0 0 110
2017-06-22 14:56:03 ::1 GET /settings/Edit/4 - 51722 - ::1 Mozilla/5.0+(Windows+NT+10.0;+Win64;+x64)+AppleWebKit/537.36+(KHTML,+like+Gecko)+Chrome/58.0.3029.110+Safari/537.36 http://localhost:51722/settings 200 0 0 615
2017-06-22 14:56:03 ::1 GET /__browserLink/requestData/9378a68d5c85437483c1501b0225235e version=2 51722 - ::1 Mozilla/5.0+(Windows+NT+10.0;+Win64;+x64)+AppleWebKit/537.36+(KHTML,+like+Gecko)+Chrome/58.0.3029.110+Safari/537.36 http://localhost:51722/settings/Edit/4 200 0 0 37
2017-06-22 14:56:29 ::1 POST /settings/Edit/4 - 51722 - ::1 Mozilla/5.0+(Windows+NT+10.0;+Win64;+x64)+AppleWebKit/537.36+(KHTML,+like+Gecko)+Chrome/58.0.3029.110+Safari/537.36 http://localhost:51722/settings/Edit/4 200 0 0 17039
2017-06-22 14:56:29 ::1 GET /__browserLink/requestData/5479d0736ddf48c1b429e5eaa4edf622 version=2 51722 - ::1 Mozilla/5.0+(Windows+NT+10.0;+Win64;+x64)+AppleWebKit/537.36+(KHTML,+like+Gecko)+Chrome/58.0.3029.110+Safari/537.36 http://localhost:51722/settings/Edit/4 200 0 0 48
2017-06-22 14:56:31 ::1 GET /settings - 51722 - ::1 Mozilla/5.0+(Windows+NT+10.0;+Win64;+x64)+AppleWebKit/537.36+(KHTML,+like+Gecko)+Chrome/58.0.3029.110+Safari/537.36 http://localhost:51722/settings/Edit/4 200 0 0 540
2017-06-22 14:56:31 ::1 GET /__browserLink/requestData/ca360fe6dcc04ff98518b4b2c487ba2f version=2 51722 - ::1 Mozilla/5.0+(Windows+NT+10.0;+Win64;+x64)+AppleWebKit/537.36+(KHTML,+like+Gecko)+Chrome/58.0.3029.110+Safari/537.36 http://localhost:51722/settings 200 0 0 123
2017-06-22 15:01:33 ::1 GET /settings/Edit/4 - 51722 - ::1 Mozilla/5.0+(Windows+NT+10.0;+Win64;+x64)+AppleWebKit/537.36+(KHTML,+like+Gecko)+Chrome/58.0.3029.110+Safari/537.36 http://localhost:51722/settings 200 0 0 3265
2017-06-22 15:01:33 ::1 GET /__browserLink/requestData/9f92b177a56443f39dab0e54de5d769a version=2 51722 - ::1 Mozilla/5.0+(Windows+NT+10.0;+Win64;+x64)+AppleWebKit/537.36+(KHTML,+like+Gecko)+Chrome/58.0.3029.110+Safari/537.36 http://localhost:51722/settings/Edit/4 200 0 0 44
2017-06-22 15:02:07 ::1 POST /settings/Edit/4 - 51722 - ::1 Mozilla/5.0+(Windows+NT+10.0;+Win64;+x64)+AppleWebKit/537.36+(KHTML,+like+Gecko)+Chrome/58.0.3029.110+Safari/537.36 http://localhost:51722/settings/Edit/4 200 0 0 9806
2017-06-22 15:02:07 ::1 GET /__browserLink/requestData/78ecc7b5bd7a49d2a0c2d1d81d126455 version=2 51722 - ::1 Mozilla/5.0+(Windows+NT+10.0;+Win64;+x64)+AppleWebKit/537.36+(KHTML,+like+Gecko)+Chrome/58.0.3029.110+Safari/537.36 http://localhost:51722/settings/Edit/4 200 0 0 40
#Software: Microsoft Internet Information Services 8.0
#Version: 1.0
#Date: 2017-06-22 16:31:10
#Fields: date time s-ip cs-method cs-uri-stem cs-uri-query s-port cs-username c-ip cs(User-Agent) cs(Referer) sc-status sc-substatus sc-win32-status time-taken
2017-06-22 16:31:10 ::1 GET /User/LogOn - 51722 - ::1 Mozilla/5.0+(Windows+NT+10.0;+Win64;+x64)+AppleWebKit/537.36+(KHTML,+like+Gecko)+Chrome/58.0.3029.110+Safari/537.36 - 200 0 0 3603
2017-06-22 16:31:10 ::1 GET /User/assets/pages/img/login/bg1.jpg - 51722 - ::1 Mozilla/5.0+(Windows+NT+10.0;+Win64;+x64)+AppleWebKit/537.36+(KHTML,+like+Gecko)+Chrome/58.0.3029.110+Safari/537.36 http://localhost:51722/User/LogOn 404 0 2 25
2017-06-22 16:32:01 ::1 GET /User/Create - 51722 - ::1 Mozilla/5.0+(Windows+NT+10.0;+Win64;+x64)+AppleWebKit/537.36+(KHTML,+like+Gecko)+Chrome/58.0.3029.110+Safari/537.36 - 302 0 0 86974
2017-06-22 16:32:30 ::1 POST /User/LogOn - 51722 - ::1 Mozilla/5.0+(Windows+NT+10.0;+Win64;+x64)+AppleWebKit/537.36+(KHTML,+like+Gecko)+Chrome/58.0.3029.110+Safari/537.36 http://localhost:51722/User/LogOn 302 0 0 21720
2017-06-22 16:32:30 ::1 GET / - 51722 - ::1 Mozilla/5.0+(Windows+NT+10.0;+Win64;+x64)+AppleWebKit/537.36+(KHTML,+like+Gecko)+Chrome/58.0.3029.110+Safari/537.36 http://localhost:51722/User/LogOn 302 0 0 86
2017-06-22 16:32:33 ::1 GET /Dashboard/ViewDashboard - 51722 - ::1 Mozilla/5.0+(Windows+NT+10.0;+Win64;+x64)+AppleWebKit/537.36+(KHTML,+like+Gecko)+Chrome/58.0.3029.110+Safari/537.36 http://localhost:51722/User/LogOn 200 0 0 2530
2017-06-22 16:32:33 ::1 GET /__browserLink/requestData/2be65455cce94979b6755e7b312fd46a version=2 51722 - ::1 Mozilla/5.0+(Windows+NT+10.0;+Win64;+x64)+AppleWebKit/537.36+(KHTML,+like+Gecko)+Chrome/58.0.3029.110+Safari/537.36 http://localhost:51722/Dashboard/ViewDashboard 200 0 0 359
2017-06-22 16:32:34 ::1 GET /Dashboard/getAjaxTab/1 sDate=null&eDate=null 51722 - ::1 Mozilla/5.0+(Windows+NT+10.0;+Win64;+x64)+AppleWebKit/537.36+(KHTML,+like+Gecko)+Chrome/58.0.3029.110+Safari/537.36 http://localhost:51722/Dashboard/ViewDashboard 200 0 0 588
2017-06-22 16:32:34 ::1 GET /Scripts/v2/easy.pie.chart/jquery.easing.1.3.js _=1498149154106 51722 - ::1 Mozilla/5.0+(Windows+NT+10.0;+Win64;+x64)+AppleWebKit/537.36+(KHTML,+like+Gecko)+Chrome/58.0.3029.110+Safari/537.36 http://localhost:51722/Dashboard/ViewDashboard 200 0 0 28
2017-06-22 16:32:34 ::1 GET /Scripts/v2/easy.pie.chart/jquery.easypiechart.min.js _=1498149154139 51722 - ::1 Mozilla/5.0+(Windows+NT+10.0;+Win64;+x64)+AppleWebKit/537.36+(KHTML,+like+Gecko)+Chrome/58.0.3029.110+Safari/537.36 http://localhost:51722/Dashboard/ViewDashboard 200 0 0 11
2017-06-22 16:32:34 ::1 GET /Scripts/v2/morris.charts/morris.min.js _=1498149154169 51722 - ::1 Mozilla/5.0+(Windows+NT+10.0;+Win64;+x64)+AppleWebKit/537.36+(KHTML,+like+Gecko)+Chrome/58.0.3029.110+Safari/537.36 http://localhost:51722/Dashboard/ViewDashboard 200 0 0 20
2017-06-22 16:32:34 ::1 GET /Scripts/v2/morris.charts/raphael.min.js _=1498149154198 51722 - ::1 Mozilla/5.0+(Windows+NT+10.0;+Win64;+x64)+AppleWebKit/537.36+(KHTML,+like+Gecko)+Chrome/58.0.3029.110+Safari/537.36 http://localhost:51722/Dashboard/ViewDashboard 200 0 0 38
2017-06-22 16:32:35 ::1 GET /Dashboard/GetExpenseApprovals/ sDate=null&eDate=null 51722 - ::1 Mozilla/5.0+(Windows+NT+10.0;+Win64;+x64)+AppleWebKit/537.36+(KHTML,+like+Gecko)+Chrome/58.0.3029.110+Safari/537.36 http://localhost:51722/Dashboard/ViewDashboard 200 0 0 1083
2017-06-22 16:32:35 ::1 GET /Dashboard/GetExpenseTypesAmount/ sDate=null&eDate=null 51722 - ::1 Mozilla/5.0+(Windows+NT+10.0;+Win64;+x64)+AppleWebKit/537.36+(KHTML,+like+Gecko)+Chrome/58.0.3029.110+Safari/537.36 http://localhost:51722/Dashboard/ViewDashboard 200 0 0 2056
2017-06-22 16:32:36 ::1 GET /Dashboard/GetExpenseSubmissions/ sDate=null&eDate=null 51722 - ::1 Mozilla/5.0+(Windows+NT+10.0;+Win64;+x64)+AppleWebKit/537.36+(KHTML,+like+Gecko)+Chrome/58.0.3029.110+Safari/537.36 http://localhost:51722/Dashboard/ViewDashboard 200 0 0 2468
2017-06-22 16:32:36 ::1 GET /Dashboard/GetExpensePostings/ sDate=null&eDate=null 51722 - ::1 Mozilla/5.0+(Windows+NT+10.0;+Win64;+x64)+AppleWebKit/537.36+(KHTML,+like+Gecko)+Chrome/58.0.3029.110+Safari/537.36 http://localhost:51722/Dashboard/ViewDashboard 200 0 0 3234
2017-06-22 16:32:38 ::1 GET /Dashboard/GetPayMethodsAmount/ sDate=null&eDate=null 51722 - ::1 Mozilla/5.0+(Windows+NT+10.0;+Win64;+x64)+AppleWebKit/537.36+(KHTML,+like+Gecko)+Chrome/58.0.3029.110+Safari/537.36 http://localhost:51722/Dashboard/ViewDashboard 200 0 0 3800
2017-06-22 16:32:56 ::1 GET /User/ChangePassword - 51722 - ::1 Mozilla/5.0+(Windows+NT+10.0;+Win64;+x64)+AppleWebKit/537.36+(KHTML,+like+Gecko)+Chrome/58.0.3029.110+Safari/537.36 http://localhost:51722/Dashboard/ViewDashboard 200 0 0 10689
2017-06-22 16:32:56 ::1 GET /__browserLink/requestData/ca4b84238e544a8383c89a144f9a6576 version=2 51722 - ::1 Mozilla/5.0+(Windows+NT+10.0;+Win64;+x64)+AppleWebKit/537.36+(KHTML,+like+Gecko)+Chrome/58.0.3029.110+Safari/537.36 http://localhost:51722/User/ChangePassword 200 0 0 34
2017-06-22 16:36:50 ::1 GET /User/ChangePassword - 51722 - ::1 Mozilla/5.0+(Windows+NT+10.0;+Win64;+x64)+AppleWebKit/537.36+(KHTML,+like+Gecko)+Chrome/58.0.3029.110+Safari/537.36 http://localhost:51722/Dashboard/ViewDashboard 200 0 0 14133
2017-06-22 16:36:50 ::1 GET /favicon.ico - 51722 - ::1 Mozilla/5.0+(Windows+NT+10.0;+Win64;+x64)+AppleWebKit/537.36+(KHTML,+like+Gecko)+Chrome/58.0.3029.110+Safari/537.36 http://localhost:51722/User/ChangePassword 200 0 0 18
2017-06-22 16:36:50 ::1 GET /__browserLink/requestData/fa38ec80f4c64d68870543b145bbd18b version=2 51722 - ::1 Mozilla/5.0+(Windows+NT+10.0;+Win64;+x64)+AppleWebKit/537.36+(KHTML,+like+Gecko)+Chrome/58.0.3029.110+Safari/537.36 http://localhost:51722/User/ChangePassword 200 0 0 34
2017-06-22 16:39:54 ::1 GET /User/ChangePassword - 51722 - ::1 Mozilla/5.0+(Windows+NT+10.0;+Win64;+x64)+AppleWebKit/537.36+(KHTML,+like+Gecko)+Chrome/58.0.3029.110+Safari/537.36 http://localhost:51722/Dashboard/ViewDashboard 200 0 0 6369
2017-06-22 16:39:54 ::1 GET /favicon.ico - 51722 - ::1 Mozilla/5.0+(Windows+NT+10.0;+Win64;+x64)+AppleWebKit/537.36+(KHTML,+like+Gecko)+Chrome/58.0.3029.110+Safari/537.36 http://localhost:51722/User/ChangePassword 200 0 0 36
2017-06-22 16:39:54 ::1 GET /__browserLink/requestData/4f53c2a4eb08413984e63f50b23324ff version=2 51722 - ::1 Mozilla/5.0+(Windows+NT+10.0;+Win64;+x64)+AppleWebKit/537.36+(KHTML,+like+Gecko)+Chrome/58.0.3029.110+Safari/537.36 http://localhost:51722/User/ChangePassword 200 0 0 42
2017-06-22 16:45:01 ::1 GET /User/ChangePassword - 51722 - ::1 Mozilla/5.0+(Windows+NT+10.0;+Win64;+x64)+AppleWebKit/537.36+(KHTML,+like+Gecko)+Chrome/58.0.3029.110+Safari/537.36 http://localhost:51722/Dashboard/ViewDashboard 200 0 0 13378
2017-06-22 16:45:01 ::1 GET /favicon.ico - 51722 - ::1 Mozilla/5.0+(Windows+NT+10.0;+Win64;+x64)+AppleWebKit/537.36+(KHTML,+like+Gecko)+Chrome/58.0.3029.110+Safari/537.36 http://localhost:51722/User/ChangePassword 200 0 0 22
2017-06-22 16:45:01 ::1 GET /__browserLink/requestData/2d991904f0a14a46b946beb22e0a4975 version=2 51722 - ::1 Mozilla/5.0+(Windows+NT+10.0;+Win64;+x64)+AppleWebKit/537.36+(KHTML,+like+Gecko)+Chrome/58.0.3029.110+Safari/537.36 http://localhost:51722/User/ChangePassword 200 0 0 40
2017-06-22 16:47:12 ::1 GET /User/ChangePassword - 51722 - ::1 Mozilla/5.0+(Windows+NT+10.0;+Win64;+x64)+AppleWebKit/537.36+(KHTML,+like+Gecko)+Chrome/58.0.3029.110+Safari/537.36 http://localhost:51722/Dashboard/ViewDashboard 200 0 0 4757
2017-06-22 16:47:12 ::1 GET /favicon.ico - 51722 - ::1 Mozilla/5.0+(Windows+NT+10.0;+Win64;+x64)+AppleWebKit/537.36+(KHTML,+like+Gecko)+Chrome/58.0.3029.110+Safari/537.36 http://localhost:51722/User/ChangePassword 200 0 0 95
2017-06-22 16:47:12 ::1 GET /__browserLink/requestData/10b71d3893af4745b41e639fa272cf83 version=2 51722 - ::1 Mozilla/5.0+(Windows+NT+10.0;+Win64;+x64)+AppleWebKit/537.36+(KHTML,+like+Gecko)+Chrome/58.0.3029.110+Safari/537.36 http://localhost:51722/User/ChangePassword 200 0 0 48
#Software: Microsoft Internet Information Services 8.0
#Version: 1.0
#Date: 2017-06-22 16:51:40
#Fields: date time s-ip cs-method cs-uri-stem cs-uri-query s-port cs-username c-ip cs(User-Agent) cs(Referer) sc-status sc-substatus sc-win32-status time-taken
2017-06-22 16:51:40 ::1 GET /User/PartialChangePassword - 51722 - ::1 Mozilla/5.0+(Windows+NT+10.0;+Win64;+x64)+AppleWebKit/537.36+(KHTML,+like+Gecko)+Chrome/58.0.3029.110+Safari/537.36 - 302 0 0 47784
2017-06-22 16:51:58 ::1 GET /User/LogOn - 51722 - ::1 Mozilla/5.0+(Windows+NT+10.0;+Win64;+x64)+AppleWebKit/537.36+(KHTML,+like+Gecko)+Chrome/58.0.3029.110+Safari/537.36 - 200 0 0 11055
2017-06-22 16:51:58 ::1 GET /User/assets/pages/img/login/bg1.jpg - 51722 - ::1 Mozilla/5.0+(Windows+NT+10.0;+Win64;+x64)+AppleWebKit/537.36+(KHTML,+like+Gecko)+Chrome/58.0.3029.110+Safari/537.36 http://localhost:51722/User/LogOn 404 0 2 6
2017-06-22 16:52:22 ::1 GET /Error/NotFound aspxerrorpath=/User/PartialChangePassword 51722 - ::1 Mozilla/5.0+(Windows+NT+10.0;+Win64;+x64)+AppleWebKit/537.36+(KHTML,+like+Gecko)+Chrome/58.0.3029.110+Safari/537.36 - 302 0 0 41239
2017-06-22 16:54:12 ::1 POST /User/LogOn - 51722 - ::1 Mozilla/5.0+(Windows+NT+10.0;+Win64;+x64)+AppleWebKit/537.36+(KHTML,+like+Gecko)+Chrome/58.0.3029.110+Safari/537.36 http://localhost:51722/User/LogOn 302 0 0 17575
2017-06-22 16:54:12 ::1 GET / - 51722 - ::1 Mozilla/5.0+(Windows+NT+10.0;+Win64;+x64)+AppleWebKit/537.36+(KHTML,+like+Gecko)+Chrome/58.0.3029.110+Safari/537.36 http://localhost:51722/User/LogOn 302 0 0 56
2017-06-22 16:54:14 ::1 GET /Dashboard/ViewDashboard - 51722 - ::1 Mozilla/5.0+(Windows+NT+10.0;+Win64;+x64)+AppleWebKit/537.36+(KHTML,+like+Gecko)+Chrome/58.0.3029.110+Safari/537.36 http://localhost:51722/User/LogOn 200 0 0 2091
2017-06-22 16:54:14 ::1 GET /__browserLink/requestData/a82fcf4168f94b958ed10aca953fc966 version=2 51722 - ::1 Mozilla/5.0+(Windows+NT+10.0;+Win64;+x64)+AppleWebKit/537.36+(KHTML,+like+Gecko)+Chrome/58.0.3029.110+Safari/537.36 http://localhost:51722/Dashboard/ViewDashboard 200 0 0 163
2017-06-22 16:54:14 ::1 GET /Dashboard/getAjaxTab/1 sDate=null&eDate=null 51722 - ::1 Mozilla/5.0+(Windows+NT+10.0;+Win64;+x64)+AppleWebKit/537.36+(KHTML,+like+Gecko)+Chrome/58.0.3029.110+Safari/537.36 http://localhost:51722/Dashboard/ViewDashboard 200 0 0 460
2017-06-22 16:54:14 ::1 GET /Scripts/v2/easy.pie.chart/jquery.easing.1.3.js _=1498150455654 51722 - ::1 Mozilla/5.0+(Windows+NT+10.0;+Win64;+x64)+AppleWebKit/537.36+(KHTML,+like+Gecko)+Chrome/58.0.3029.110+Safari/537.36 http://localhost:51722/Dashboard/ViewDashboard 200 0 0 34
2017-06-22 16:54:14 ::1 GET /Scripts/v2/easy.pie.chart/jquery.easypiechart.min.js _=1498150455693 51722 - ::1 Mozilla/5.0+(Windows+NT+10.0;+Win64;+x64)+AppleWebKit/537.36+(KHTML,+like+Gecko)+Chrome/58.0.3029.110+Safari/537.36 http://localhost:51722/Dashboard/ViewDashboard 200 0 0 20
2017-06-22 16:54:14 ::1 GET /Scripts/v2/morris.charts/morris.min.js _=1498150455718 51722 - ::1 Mozilla/5.0+(Windows+NT+10.0;+Win64;+x64)+AppleWebKit/537.36+(KHTML,+like+Gecko)+Chrome/58.0.3029.110+Safari/537.36 http://localhost:51722/Dashboard/ViewDashboard 200 0 0 37
2017-06-22 16:54:14 ::1 GET /Scripts/v2/morris.charts/raphael.min.js _=1498150455765 51722 - ::1 Mozilla/5.0+(Windows+NT+10.0;+Win64;+x64)+AppleWebKit/537.36+(KHTML,+like+Gecko)+Chrome/58.0.3029.110+Safari/537.36 http://localhost:51722/Dashboard/ViewDashboard 200 0 0 35
2017-06-22 16:54:16 ::1 GET /Dashboard/GetExpenseApprovals/ sDate=null&eDate=null 51722 - ::1 Mozilla/5.0+(Windows+NT+10.0;+Win64;+x64)+AppleWebKit/537.36+(KHTML,+like+Gecko)+Chrome/58.0.3029.110+Safari/537.36 http://localhost:51722/Dashboard/ViewDashboard 200 0 0 878
2017-06-22 16:54:16 ::1 GET /Dashboard/GetPayMethodsAmount/ sDate=null&eDate=null 51722 - ::1 Mozilla/5.0+(Windows+NT+10.0;+Win64;+x64)+AppleWebKit/537.36+(KHTML,+like+Gecko)+Chrome/58.0.3029.110+Safari/537.36 http://localhost:51722/Dashboard/ViewDashboard 200 0 0 1500
2017-06-22 16:54:17 ::1 GET /Dashboard/GetExpenseTypesAmount/ sDate=null&eDate=null 51722 - ::1 Mozilla/5.0+(Windows+NT+10.0;+Win64;+x64)+AppleWebKit/537.36+(KHTML,+like+Gecko)+Chrome/58.0.3029.110+Safari/537.36 http://localhost:51722/Dashboard/ViewDashboard 200 0 0 2124
2017-06-22 16:54:17 ::1 GET /Dashboard/GetExpensePostings/ sDate=null&eDate=null 51722 - ::1 Mozilla/5.0+(Windows+NT+10.0;+Win64;+x64)+AppleWebKit/537.36+(KHTML,+like+Gecko)+Chrome/58.0.3029.110+Safari/537.36 http://localhost:51722/Dashboard/ViewDashboard 200 0 0 2790
2017-06-22 16:54:19 ::1 GET /Dashboard/GetExpenseSubmissions/ sDate=null&eDate=null 51722 - ::1 Mozilla/5.0+(Windows+NT+10.0;+Win64;+x64)+AppleWebKit/537.36+(KHTML,+like+Gecko)+Chrome/58.0.3029.110+Safari/537.36 http://localhost:51722/Dashboard/ViewDashboard 200 0 0 3539
2017-06-22 16:54:30 ::1 GET /User/ChangePassword - 51722 - ::1 Mozilla/5.0+(Windows+NT+10.0;+Win64;+x64)+AppleWebKit/537.36+(KHTML,+like+Gecko)+Chrome/58.0.3029.110+Safari/537.36 http://localhost:51722/Dashboard/ViewDashboard 200 0 0 6157
2017-06-22 16:54:30 ::1 GET /__browserLink/requestData/669492c6168f445f978a5fae4b01567b version=2 51722 - ::1 Mozilla/5.0+(Windows+NT+10.0;+Win64;+x64)+AppleWebKit/537.36+(KHTML,+like+Gecko)+Chrome/58.0.3029.110+Safari/537.36 http://localhost:51722/User/ChangePassword 200 0 0 32
2017-06-22 17:01:37 ::1 GET /User/ChangePassword - 51722 - ::1 Mozilla/5.0+(Windows+NT+10.0;+Win64;+x64)+AppleWebKit/537.36+(KHTML,+like+Gecko)+Chrome/58.0.3029.110+Safari/537.36 http://localhost:51722/Dashboard/ViewDashboard 200 0 0 5220
2017-06-22 17:01:37 ::1 GET /favicon.ico - 51722 - ::1 Mozilla/5.0+(Windows+NT+10.0;+Win64;+x64)+AppleWebKit/537.36+(KHTML,+like+Gecko)+Chrome/58.0.3029.110+Safari/537.36 http://localhost:51722/User/ChangePassword 200 0 0 32
2017-06-22 17:01:37 ::1 GET /__browserLink/requestData/2cded613ecfe4836b68fdab7a7d6a5b1 version=2 51722 - ::1 Mozilla/5.0+(Windows+NT+10.0;+Win64;+x64)+AppleWebKit/537.36+(KHTML,+like+Gecko)+Chrome/58.0.3029.110+Safari/537.36 http://localhost:51722/User/ChangePassword 200 0 0 38
2017-06-22 17:02:53 ::1 GET /User/ChangePassword - 51722 - ::1 Mozilla/5.0+(Windows+NT+10.0;+Win64;+x64)+AppleWebKit/537.36+(KHTML,+like+Gecko)+Chrome/58.0.3029.110+Safari/537.36 http://localhost:51722/Dashboard/ViewDashboard 200 0 0 4652
2017-06-22 17:02:53 ::1 GET /favicon.ico - 51722 - ::1 Mozilla/5.0+(Windows+NT+10.0;+Win64;+x64)+AppleWebKit/537.36+(KHTML,+like+Gecko)+Chrome/58.0.3029.110+Safari/537.36 http://localhost:51722/User/ChangePassword 200 0 0 23
2017-06-22 17:02:53 ::1 GET /__browserLink/requestData/eeb15d3059f24d6ea40d50550c420b40 version=2 51722 - ::1 Mozilla/5.0+(Windows+NT+10.0;+Win64;+x64)+AppleWebKit/537.36+(KHTML,+like+Gecko)+Chrome/58.0.3029.110+Safari/537.36 http://localhost:51722/User/ChangePassword 200 0 0 38
2017-06-22 17:12:17 ::1 GET /User/ChangePassword - 51722 - ::1 Mozilla/5.0+(Windows+NT+10.0;+Win64;+x64)+AppleWebKit/537.36+(KHTML,+like+Gecko)+Chrome/58.0.3029.110+Safari/537.36 http://localhost:51722/Dashboard/ViewDashboard 200 0 0 4893
2017-06-22 17:12:17 ::1 GET /favicon.ico - 51722 - ::1 Mozilla/5.0+(Windows+NT+10.0;+Win64;+x64)+AppleWebKit/537.36+(KHTML,+like+Gecko)+Chrome/58.0.3029.110+Safari/537.36 http://localhost:51722/User/ChangePassword 200 0 0 43
2017-06-22 17:12:17 ::1 GET /__browserLink/requestData/6f5e21ea8c474f34a0cded99156ef928 version=2 51722 - ::1 Mozilla/5.0+(Windows+NT+10.0;+Win64;+x64)+AppleWebKit/537.36+(KHTML,+like+Gecko)+Chrome/58.0.3029.110+Safari/537.36 http://localhost:51722/User/ChangePassword 200 0 0 33
2017-06-22 17:13:11 ::1 GET /User/ChangePassword - 51722 - ::1 Mozilla/5.0+(Windows+NT+10.0;+Win64;+x64)+AppleWebKit/537.36+(KHTML,+like+Gecko)+Chrome/58.0.3029.110+Safari/537.36 http://localhost:51722/Dashboard/ViewDashboard 200 0 0 4564
2017-06-22 17:13:11 ::1 GET /favicon.ico - 51722 - ::1 Mozilla/5.0+(Windows+NT+10.0;+Win64;+x64)+AppleWebKit/537.36+(KHTML,+like+Gecko)+Chrome/58.0.3029.110+Safari/537.36 http://localhost:51722/User/ChangePassword 200 0 0 7
2017-06-22 17:13:11 ::1 GET /__browserLink/requestData/9894e79f15fc41f6b12917a2d6663df0 version=2 51722 - ::1 Mozilla/5.0+(Windows+NT+10.0;+Win64;+x64)+AppleWebKit/537.36+(KHTML,+like+Gecko)+Chrome/58.0.3029.110+Safari/537.36 http://localhost:51722/User/ChangePassword 200 0 0 33
2017-06-22 17:14:58 ::1 GET /User/ChangePassword - 51722 - ::1 Mozilla/5.0+(Windows+NT+10.0;+Win64;+x64)+AppleWebKit/537.36+(KHTML,+like+Gecko)+Chrome/58.0.3029.110+Safari/537.36 http://localhost:51722/Dashboard/ViewDashboard 200 0 0 4518
2017-06-22 17:14:58 ::1 GET /favicon.ico - 51722 - ::1 Mozilla/5.0+(Windows+NT+10.0;+Win64;+x64)+AppleWebKit/537.36+(KHTML,+like+Gecko)+Chrome/58.0.3029.110+Safari/537.36 http://localhost:51722/User/ChangePassword 200 0 0 33
2017-06-22 17:14:58 ::1 GET /__browserLink/requestData/99dcdc121e4e452fbce488160cb36a17 version=2 51722 - ::1 Mozilla/5.0+(Windows+NT+10.0;+Win64;+x64)+AppleWebKit/537.36+(KHTML,+like+Gecko)+Chrome/58.0.3029.110+Safari/537.36 http://localhost:51722/User/ChangePassword 200 0 0 33
2017-06-22 23:59:59 ::1 GET /User/LogOut - 51722 - ::1 Mozilla/5.0+(Windows+NT+10.0;+Win64;+x64)+AppleWebKit/537.36+(KHTML,+like+Gecko)+Chrome/58.0.3029.110+Safari/537.36 http://localhost:51722/User/ChangePassword 200 0 0 726
2017-06-22 23:59:59 ::1 GET /User/LogOut - 51722 - ::1 Mozilla/5.0+(Windows+NT+10.0;+Win64;+x64)+AppleWebKit/537.36+(KHTML,+like+Gecko)+Chrome/58.0.3029.110+Safari/537.36 http://localhost:51722/User/ChangePassword 200 0 0 292
2017-06-22 23:59:59 ::1 GET /__browserLink/requestData/dba2f67490b54fadbf5f8619f38b4e7d version=2 51722 - ::1 Mozilla/5.0+(Windows+NT+10.0;+Win64;+x64)+AppleWebKit/537.36+(KHTML,+like+Gecko)+Chrome/58.0.3029.110+Safari/537.36 http://localhost:51722/User/LogOut 200 0 0 121
2017-06-22 23:59:59 ::1 GET /__browserLink/requestData/db04d87d6b31436b9a7a2fec0727ee6b version=2 51722 - ::1 Mozilla/5.0+(Windows+NT+10.0;+Win64;+x64)+AppleWebKit/537.36+(KHTML,+like+Gecko)+Chrome/58.0.3029.110+Safari/537.36 http://localhost:51722/User/LogOut 200 0 0 70
