#Software: Microsoft Internet Information Services 8.0
#Version: 1.0
#Date: 2017-03-01 11:37:59
#Fields: date time s-ip cs-method cs-uri-stem cs-uri-query s-port cs-username c-ip cs(User-Agent) cs(Referer) sc-status sc-substatus sc-win32-status time-taken
2017-03-01 11:37:59 ::1 GET / - 51722 - ::1 Mozilla/5.0+(Windows+NT+10.0;+WOW64)+AppleWebKit/537.36+(KHTML,+like+Gecko)+Chrome/56.0.2924.87+Safari/537.36 - 302 0 0 27043
2017-03-01 11:38:13 ::1 GET /User/LogOn - 51722 - ::1 Mozilla/5.0+(Windows+NT+10.0;+WOW64)+AppleWebKit/537.36+(KHTML,+like+Gecko)+Chrome/56.0.2924.87+Safari/537.36 - 200 0 0 14202
2017-03-01 11:38:14 ::1 GET /__browserLink/requestData/e4fb00561f5c43b5baf9c8cc5af6cf13 version=2 51722 - ::1 Mozilla/5.0+(Windows+NT+10.0;+WOW64)+AppleWebKit/537.36+(KHTML,+like+Gecko)+Chrome/56.0.2924.87+Safari/537.36 http://localhost:51722/User/LogOn 200 0 0 217
2017-03-01 11:39:15 ::1 POST /User/LogOn - 51722 - ::1 Mozilla/5.0+(Windows+NT+10.0;+WOW64)+AppleWebKit/537.36+(KHTML,+like+Gecko)+Chrome/56.0.2924.87+Safari/537.36 http://localhost:51722/User/LogOn 302 0 0 11531
2017-03-01 11:39:15 ::1 GET / - 51722 - ::1 Mozilla/5.0+(Windows+NT+10.0;+WOW64)+AppleWebKit/537.36+(KHTML,+like+Gecko)+Chrome/56.0.2924.87+Safari/537.36 http://localhost:51722/User/LogOn 302 0 0 18
2017-03-01 11:39:23 ::1 GET /Dashboard/ViewDashboard - 51722 - ::1 Mozilla/5.0+(Windows+NT+10.0;+WOW64)+AppleWebKit/537.36+(KHTML,+like+Gecko)+Chrome/56.0.2924.87+Safari/537.36 http://localhost:51722/User/LogOn 200 0 0 8319
2017-03-01 11:39:23 ::1 GET /__browserLink/requestData/ffef4d65bb534244a5754a0d192cf233 version=2 51722 - ::1 Mozilla/5.0+(Windows+NT+10.0;+WOW64)+AppleWebKit/537.36+(KHTML,+like+Gecko)+Chrome/56.0.2924.87+Safari/537.36 http://localhost:51722/Dashboard/ViewDashboard 200 0 0 347
2017-03-01 11:39:24 ::1 GET /Dashboard/getAjaxTab/1 sDate=null&eDate=null 51722 - ::1 Mozilla/5.0+(Windows+NT+10.0;+WOW64)+AppleWebKit/537.36+(KHTML,+like+Gecko)+Chrome/56.0.2924.87+Safari/537.36 http://localhost:51722/Dashboard/ViewDashboard 200 0 0 697
2017-03-01 11:39:24 ::1 GET /Scripts/v2/easy.pie.chart/jquery.easing.1.3.js _=1488368364706 51722 - ::1 Mozilla/5.0+(Windows+NT+10.0;+WOW64)+AppleWebKit/537.36+(KHTML,+like+Gecko)+Chrome/56.0.2924.87+Safari/537.36 http://localhost:51722/Dashboard/ViewDashboard 200 0 0 151
2017-03-01 11:39:24 ::1 GET /Scripts/v2/easy.pie.chart/jquery.easypiechart.min.js _=1488368364862 51722 - ::1 Mozilla/5.0+(Windows+NT+10.0;+WOW64)+AppleWebKit/537.36+(KHTML,+like+Gecko)+Chrome/56.0.2924.87+Safari/537.36 http://localhost:51722/Dashboard/ViewDashboard 200 0 0 20
2017-03-01 11:39:24 ::1 GET /Scripts/v2/morris.charts/morris.min.js _=1488368364927 51722 - ::1 Mozilla/5.0+(Windows+NT+10.0;+WOW64)+AppleWebKit/537.36+(KHTML,+like+Gecko)+Chrome/56.0.2924.87+Safari/537.36 http://localhost:51722/Dashboard/ViewDashboard 200 0 0 29
2017-03-01 11:39:24 ::1 GET /Scripts/v2/morris.charts/raphael.min.js _=1488368364965 51722 - ::1 Mozilla/5.0+(Windows+NT+10.0;+WOW64)+AppleWebKit/537.36+(KHTML,+like+Gecko)+Chrome/56.0.2924.87+Safari/537.36 http://localhost:51722/Dashboard/ViewDashboard 200 0 0 32
2017-03-01 11:39:26 ::1 GET /Dashboard/GetExpenseApprovals/ sDate=null&eDate=null 51722 - ::1 Mozilla/5.0+(Windows+NT+10.0;+WOW64)+AppleWebKit/537.36+(KHTML,+like+Gecko)+Chrome/56.0.2924.87+Safari/537.36 http://localhost:51722/Dashboard/ViewDashboard 200 0 0 1844
2017-03-01 11:39:26 ::1 GET /Dashboard/GetExpensePostings/ sDate=null&eDate=null 51722 - ::1 Mozilla/5.0+(Windows+NT+10.0;+WOW64)+AppleWebKit/537.36+(KHTML,+like+Gecko)+Chrome/56.0.2924.87+Safari/537.36 http://localhost:51722/Dashboard/ViewDashboard 200 0 0 2728
2017-03-01 11:39:28 ::1 GET /Dashboard/GetPayMethodsAmount/ sDate=null&eDate=null 51722 - ::1 Mozilla/5.0+(Windows+NT+10.0;+WOW64)+AppleWebKit/537.36+(KHTML,+like+Gecko)+Chrome/56.0.2924.87+Safari/537.36 http://localhost:51722/Dashboard/ViewDashboard 200 0 0 3764
2017-03-01 11:39:28 ::1 GET /Dashboard/GetExpenseTypesAmount/ sDate=null&eDate=null 51722 - ::1 Mozilla/5.0+(Windows+NT+10.0;+WOW64)+AppleWebKit/537.36+(KHTML,+like+Gecko)+Chrome/56.0.2924.87+Safari/537.36 http://localhost:51722/Dashboard/ViewDashboard 200 0 0 4569
2017-03-01 11:39:30 ::1 GET /Dashboard/GetExpenseSubmissions/ sDate=null&eDate=null 51722 - ::1 Mozilla/5.0+(Windows+NT+10.0;+WOW64)+AppleWebKit/537.36+(KHTML,+like+Gecko)+Chrome/56.0.2924.87+Safari/537.36 http://localhost:51722/Dashboard/ViewDashboard 200 0 0 4943
2017-03-01 11:39:52 ::1 GET /ExpenseDetail - 51722 - ::1 Mozilla/5.0+(Windows+NT+10.0;+WOW64)+AppleWebKit/537.36+(KHTML,+like+Gecko)+Chrome/56.0.2924.87+Safari/537.36 http://localhost:51722/Dashboard/ViewDashboard 200 0 0 16053
2017-03-01 11:39:52 ::1 GET /Images/first.png - 51722 - ::1 Mozilla/5.0+(Windows+NT+10.0;+WOW64)+AppleWebKit/537.36+(KHTML,+like+Gecko)+Chrome/56.0.2924.87+Safari/537.36 http://localhost:51722/ExpenseDetail 200 0 0 24
2017-03-01 11:39:52 ::1 GET /Images/prev.png - 51722 - ::1 Mozilla/5.0+(Windows+NT+10.0;+WOW64)+AppleWebKit/537.36+(KHTML,+like+Gecko)+Chrome/56.0.2924.87+Safari/537.36 http://localhost:51722/ExpenseDetail 200 0 0 12
2017-03-01 11:39:52 ::1 GET /Images/next.png - 51722 - ::1 Mozilla/5.0+(Windows+NT+10.0;+WOW64)+AppleWebKit/537.36+(KHTML,+like+Gecko)+Chrome/56.0.2924.87+Safari/537.36 http://localhost:51722/ExpenseDetail 200 0 0 23
2017-03-01 11:39:52 ::1 GET /Images/last.png - 51722 - ::1 Mozilla/5.0+(Windows+NT+10.0;+WOW64)+AppleWebKit/537.36+(KHTML,+like+Gecko)+Chrome/56.0.2924.87+Safari/537.36 http://localhost:51722/ExpenseDetail 200 0 0 20
2017-03-01 11:39:53 ::1 GET /__browserLink/requestData/d2b445ce2ece47b8a0a2249fce346d71 version=2 51722 - ::1 Mozilla/5.0+(Windows+NT+10.0;+WOW64)+AppleWebKit/537.36+(KHTML,+like+Gecko)+Chrome/56.0.2924.87+Safari/537.36 http://localhost:51722/ExpenseDetail 200 0 0 29
2017-03-01 11:40:35 ::1 GET /ExpenseDetail/PartialEdit id=9614&_=1488368398561 51722 - ::1 Mozilla/5.0+(Windows+NT+10.0;+WOW64)+AppleWebKit/537.36+(KHTML,+like+Gecko)+Chrome/56.0.2924.87+Safari/537.36 http://localhost:51722/ExpenseDetail 200 0 0 36715
2017-03-01 11:40:35 ::1 GET /Scripts/v2/jquery.validate.unobtrusive.js _=1488368435291 51722 - ::1 Mozilla/5.0+(Windows+NT+10.0;+WOW64)+AppleWebKit/537.36+(KHTML,+like+Gecko)+Chrome/56.0.2924.87+Safari/537.36 http://localhost:51722/ExpenseDetail 200 0 0 34
2017-03-01 11:40:35 ::1 GET /Scripts/chosen/chosen.jquery.js _=1488368435336 51722 - ::1 Mozilla/5.0+(Windows+NT+10.0;+WOW64)+AppleWebKit/537.36+(KHTML,+like+Gecko)+Chrome/56.0.2924.87+Safari/537.36 http://localhost:51722/ExpenseDetail 200 0 0 18
2017-03-01 11:40:35 ::1 GET /ExpenseDetail/GetMileageRate transactionDate=1/27/2017&UserId=50&_=1488368435368 51722 - ::1 Mozilla/5.0+(Windows+NT+10.0;+WOW64)+AppleWebKit/537.36+(KHTML,+like+Gecko)+Chrome/56.0.2924.87+Safari/537.36 http://localhost:51722/ExpenseDetail 200 0 0 191
2017-03-01 11:40:35 ::1 GET /PayMethod/GetPayMethodIsReimbursable MethodId=2&_=1488368435595 51722 - ::1 Mozilla/5.0+(Windows+NT+10.0;+WOW64)+AppleWebKit/537.36+(KHTML,+like+Gecko)+Chrome/56.0.2924.87+Safari/537.36 http://localhost:51722/ExpenseDetail 200 0 0 88
2017-03-01 11:40:35 ::1 GET /ExpenseDetail/GetExpenseTypePolicyAmount ExpenseTypeId=481&_=1488368435598 51722 - ::1 Mozilla/5.0+(Windows+NT+10.0;+WOW64)+AppleWebKit/537.36+(KHTML,+like+Gecko)+Chrome/56.0.2924.87+Safari/537.36 http://localhost:51722/ExpenseDetail 200 0 0 601
2017-03-01 11:40:36 ::1 GET /AjaxCall/GetApproverList/ ProjectId=null&_=1488368436225 51722 - ::1 Mozilla/5.0+(Windows+NT+10.0;+WOW64)+AppleWebKit/537.36+(KHTML,+like+Gecko)+Chrome/56.0.2924.87+Safari/537.36 http://localhost:51722/ExpenseDetail 200 0 0 205
2017-03-01 11:40:36 ::1 GET /User/GetEmployees _=1488368436435 51722 - ::1 Mozilla/5.0+(Windows+NT+10.0;+WOW64)+AppleWebKit/537.36+(KHTML,+like+Gecko)+Chrome/56.0.2924.87+Safari/537.36 http://localhost:51722/ExpenseDetail 200 0 0 240
2017-03-01 11:41:41 ::1 POST /ExpenseDetail/PartialEdit - 51722 - ::1 Mozilla/5.0+(Windows+NT+10.0;+WOW64)+AppleWebKit/537.36+(KHTML,+like+Gecko)+Chrome/56.0.2924.87+Safari/537.36 http://localhost:51722/ExpenseDetail 302 0 0 54822
2017-03-01 11:41:43 ::1 GET /ExpenseDetail page=0&tab=0&source=All&day=0&employee=0&payMethod=0 51722 - ::1 Mozilla/5.0+(Windows+NT+10.0;+WOW64)+AppleWebKit/537.36+(KHTML,+like+Gecko)+Chrome/56.0.2924.87+Safari/537.36 http://localhost:51722/ExpenseDetail 200 0 0 2017
2017-03-01 11:41:43 ::1 GET /__browserLink/requestData/aad4ad05fa784518adfd740a4f15b690 version=2 51722 - ::1 Mozilla/5.0+(Windows+NT+10.0;+WOW64)+AppleWebKit/537.36+(KHTML,+like+Gecko)+Chrome/56.0.2924.87+Safari/537.36 http://localhost:51722/ExpenseDetail?page=0&tab=0&source=All&day=0&employee=0&payMethod=0 200 0 0 68
2017-03-01 11:42:00 ::1 GET /ExpenseDetail/DisplayReceipt ExpenseDetailId=9614&_=1488368507854 51722 - ::1 Mozilla/5.0+(Windows+NT+10.0;+WOW64)+AppleWebKit/537.36+(KHTML,+like+Gecko)+Chrome/56.0.2924.87+Safari/537.36 http://localhost:51722/ExpenseDetail?page=0&tab=0&source=All&day=0&employee=0&payMethod=0 200 0 0 12722
2017-03-01 11:42:00 ::1 GET /Scripts/displayreceipt-js v=2AlxdAYRlyg_4qrIwaOxfz6Y81AbcAqGH-bMVM7WxRg1&_=1488368520584 51722 - ::1 Mozilla/5.0+(Windows+NT+10.0;+WOW64)+AppleWebKit/537.36+(KHTML,+like+Gecko)+Chrome/56.0.2924.87+Safari/537.36 http://localhost:51722/ExpenseDetail?page=0&tab=0&source=All&day=0&employee=0&payMethod=0 200 0 0 28
2017-03-01 11:44:48 ::1 GET /ExpenseDetail/DisplayReceipt ExpenseDetailId=9614&_=1488368631312 51722 - ::1 Mozilla/5.0+(Windows+NT+10.0;+WOW64)+AppleWebKit/537.36+(KHTML,+like+Gecko)+Chrome/56.0.2924.87+Safari/537.36 http://localhost:51722/ExpenseDetail?page=0&tab=0&source=All&day=0&employee=0&payMethod=0 200 0 0 57325
2017-03-01 11:44:48 ::1 GET /Scripts/displayreceipt-js v=2AlxdAYRlyg_4qrIwaOxfz6Y81AbcAqGH-bMVM7WxRg1&_=1488368688639 51722 - ::1 Mozilla/5.0+(Windows+NT+10.0;+WOW64)+AppleWebKit/537.36+(KHTML,+like+Gecko)+Chrome/56.0.2924.87+Safari/537.36 http://localhost:51722/ExpenseDetail?page=0&tab=0&source=All&day=0&employee=0&payMethod=0 200 0 0 8
2017-03-01 11:46:50 ::1 GET /ExpenseDetail/DisplayReceipt ExpenseDetailId=9614&_=1488368700888 51722 - ::1 Mozilla/5.0+(Windows+NT+10.0;+WOW64)+AppleWebKit/537.36+(KHTML,+like+Gecko)+Chrome/56.0.2924.87+Safari/537.36 http://localhost:51722/ExpenseDetail?page=0&tab=0&source=All&day=0&employee=0&payMethod=0 200 0 0 109209
2017-03-01 11:46:50 ::1 GET /Scripts/displayreceipt-js v=2AlxdAYRlyg_4qrIwaOxfz6Y81AbcAqGH-bMVM7WxRg1&_=1488368810101 51722 - ::1 Mozilla/5.0+(Windows+NT+10.0;+WOW64)+AppleWebKit/537.36+(KHTML,+like+Gecko)+Chrome/56.0.2924.87+Safari/537.36 http://localhost:51722/ExpenseDetail?page=0&tab=0&source=All&day=0&employee=0&payMethod=0 200 0 0 12
2017-03-01 11:49:33 ::1 GET /ExpenseDetail/DisplayReceipt ExpenseDetailId=9614&_=1488368814783 51722 - ::1 Mozilla/5.0+(Windows+NT+10.0;+WOW64)+AppleWebKit/537.36+(KHTML,+like+Gecko)+Chrome/56.0.2924.87+Safari/537.36 http://localhost:51722/ExpenseDetail?page=0&tab=0&source=All&day=0&employee=0&payMethod=0 200 0 0 158225
2017-03-01 11:49:33 ::1 GET /Scripts/displayreceipt-js v=2AlxdAYRlyg_4qrIwaOxfz6Y81AbcAqGH-bMVM7WxRg1&_=1488368973015 51722 - ::1 Mozilla/5.0+(Windows+NT+10.0;+WOW64)+AppleWebKit/537.36+(KHTML,+like+Gecko)+Chrome/56.0.2924.87+Safari/537.36 http://localhost:51722/ExpenseDetail?page=0&tab=0&source=All&day=0&employee=0&payMethod=0 200 0 0 11
#Software: Microsoft Internet Information Services 8.0
#Version: 1.0
#Date: 2017-03-01 11:57:47
#Fields: date time s-ip cs-method cs-uri-stem cs-uri-query s-port cs-username c-ip cs(User-Agent) cs(Referer) sc-status sc-substatus sc-win32-status time-taken
2017-03-01 11:57:47 ::1 GET / - 51722 - ::1 Mozilla/5.0+(Windows+NT+10.0;+WOW64)+AppleWebKit/537.36+(KHTML,+like+Gecko)+Chrome/56.0.2924.87+Safari/537.36 - 302 0 0 15913
2017-03-01 11:57:54 ::1 GET /User/LogOn - 51722 - ::1 Mozilla/5.0+(Windows+NT+10.0;+WOW64)+AppleWebKit/537.36+(KHTML,+like+Gecko)+Chrome/56.0.2924.87+Safari/537.36 - 200 0 0 7385
2017-03-01 11:57:54 ::1 GET /__browserLink/requestData/ec637f00ff474304aea33db91d0455ce version=2 51722 - ::1 Mozilla/5.0+(Windows+NT+10.0;+WOW64)+AppleWebKit/537.36+(KHTML,+like+Gecko)+Chrome/56.0.2924.87+Safari/537.36 http://localhost:51722/User/LogOn 200 0 0 85
2017-03-01 11:58:04 ::1 POST /User/LogOn - 51722 - ::1 Mozilla/5.0+(Windows+NT+10.0;+WOW64)+AppleWebKit/537.36+(KHTML,+like+Gecko)+Chrome/56.0.2924.87+Safari/537.36 http://localhost:51722/User/LogOn 302 0 0 7529
2017-03-01 11:58:04 ::1 GET / - 51722 - ::1 Mozilla/5.0+(Windows+NT+10.0;+WOW64)+AppleWebKit/537.36+(KHTML,+like+Gecko)+Chrome/56.0.2924.87+Safari/537.36 http://localhost:51722/User/LogOn 302 0 0 22
2017-03-01 11:58:13 ::1 GET /Dashboard/ViewDashboard - 51722 - ::1 Mozilla/5.0+(Windows+NT+10.0;+WOW64)+AppleWebKit/537.36+(KHTML,+like+Gecko)+Chrome/56.0.2924.87+Safari/537.36 http://localhost:51722/User/LogOn 200 0 0 9115
2017-03-01 11:58:13 ::1 GET /Dashboard/getAjaxTab/1 sDate=null&eDate=null 51722 - ::1 Mozilla/5.0+(Windows+NT+10.0;+WOW64)+AppleWebKit/537.36+(KHTML,+like+Gecko)+Chrome/56.0.2924.87+Safari/537.36 http://localhost:51722/Dashboard/ViewDashboard 200 0 0 449
2017-03-01 11:58:13 ::1 GET /Scripts/v2/easy.pie.chart/jquery.easing.1.3.js _=1488369494484 51722 - ::1 Mozilla/5.0+(Windows+NT+10.0;+WOW64)+AppleWebKit/537.36+(KHTML,+like+Gecko)+Chrome/56.0.2924.87+Safari/537.36 http://localhost:51722/Dashboard/ViewDashboard 200 0 0 19
2017-03-01 11:58:13 ::1 GET /Scripts/v2/easy.pie.chart/jquery.easypiechart.min.js _=1488369494527 51722 - ::1 Mozilla/5.0+(Windows+NT+10.0;+WOW64)+AppleWebKit/537.36+(KHTML,+like+Gecko)+Chrome/56.0.2924.87+Safari/537.36 http://localhost:51722/Dashboard/ViewDashboard 200 0 0 22
2017-03-01 11:58:14 ::1 GET /Scripts/v2/morris.charts/morris.min.js _=1488369494567 51722 - ::1 Mozilla/5.0+(Windows+NT+10.0;+WOW64)+AppleWebKit/537.36+(KHTML,+like+Gecko)+Chrome/56.0.2924.87+Safari/537.36 http://localhost:51722/Dashboard/ViewDashboard 200 0 0 38
2017-03-01 11:58:14 ::1 GET /Scripts/v2/morris.charts/raphael.min.js _=1488369494614 51722 - ::1 Mozilla/5.0+(Windows+NT+10.0;+WOW64)+AppleWebKit/537.36+(KHTML,+like+Gecko)+Chrome/56.0.2924.87+Safari/537.36 http://localhost:51722/Dashboard/ViewDashboard 200 0 0 35
2017-03-01 11:58:14 ::1 GET /__browserLink/requestData/670a25e6ba8b450693c566ced5f8d9f7 version=2 51722 - ::1 Mozilla/5.0+(Windows+NT+10.0;+WOW64)+AppleWebKit/537.36+(KHTML,+like+Gecko)+Chrome/56.0.2924.87+Safari/537.36 http://localhost:51722/Dashboard/ViewDashboard 200 0 0 94
2017-03-01 11:58:16 ::1 GET /Dashboard/GetPayMethodsAmount/ sDate=null&eDate=null 51722 - ::1 Mozilla/5.0+(Windows+NT+10.0;+WOW64)+AppleWebKit/537.36+(KHTML,+like+Gecko)+Chrome/56.0.2924.87+Safari/537.36 http://localhost:51722/Dashboard/ViewDashboard 200 0 0 1495
2017-03-01 11:58:16 ::1 GET /Dashboard/GetExpenseApprovals/ sDate=null&eDate=null 51722 - ::1 Mozilla/5.0+(Windows+NT+10.0;+WOW64)+AppleWebKit/537.36+(KHTML,+like+Gecko)+Chrome/56.0.2924.87+Safari/537.36 http://localhost:51722/Dashboard/ViewDashboard 200 0 0 2291
2017-03-01 11:58:17 ::1 GET /Dashboard/GetExpenseTypesAmount/ sDate=null&eDate=null 51722 - ::1 Mozilla/5.0+(Windows+NT+10.0;+WOW64)+AppleWebKit/537.36+(KHTML,+like+Gecko)+Chrome/56.0.2924.87+Safari/537.36 http://localhost:51722/Dashboard/ViewDashboard 200 0 0 3039
2017-03-01 11:58:17 ::1 GET /Dashboard/GetExpenseSubmissions/ sDate=null&eDate=null 51722 - ::1 Mozilla/5.0+(Windows+NT+10.0;+WOW64)+AppleWebKit/537.36+(KHTML,+like+Gecko)+Chrome/56.0.2924.87+Safari/537.36 http://localhost:51722/Dashboard/ViewDashboard 200 0 0 3406
2017-03-01 11:58:19 ::1 GET /Dashboard/GetExpensePostings/ sDate=null&eDate=null 51722 - ::1 Mozilla/5.0+(Windows+NT+10.0;+WOW64)+AppleWebKit/537.36+(KHTML,+like+Gecko)+Chrome/56.0.2924.87+Safari/537.36 http://localhost:51722/Dashboard/ViewDashboard 200 0 0 4367
2017-03-01 11:58:49 ::1 GET /ExpenseDetail - 51722 - ::1 Mozilla/5.0+(Windows+NT+10.0;+WOW64)+AppleWebKit/537.36+(KHTML,+like+Gecko)+Chrome/56.0.2924.87+Safari/537.36 http://localhost:51722/Dashboard/ViewDashboard 200 0 0 17427
2017-03-01 11:58:49 ::1 GET /__browserLink/requestData/7e01ae10513d4b44a7332557181840db version=2 51722 - ::1 Mozilla/5.0+(Windows+NT+10.0;+WOW64)+AppleWebKit/537.36+(KHTML,+like+Gecko)+Chrome/56.0.2924.87+Safari/537.36 http://localhost:51722/ExpenseDetail 200 0 0 55
2017-03-01 11:59:03 ::1 GET /ExpenseDetail/PartialEdit id=9614&_=1488369532466 51722 - ::1 Mozilla/5.0+(Windows+NT+10.0;+WOW64)+AppleWebKit/537.36+(KHTML,+like+Gecko)+Chrome/56.0.2924.87+Safari/537.36 http://localhost:51722/ExpenseDetail 200 0 0 11406
2017-03-01 11:59:03 ::1 GET /Scripts/v2/jquery.validate.unobtrusive.js _=1488369543888 51722 - ::1 Mozilla/5.0+(Windows+NT+10.0;+WOW64)+AppleWebKit/537.36+(KHTML,+like+Gecko)+Chrome/56.0.2924.87+Safari/537.36 http://localhost:51722/ExpenseDetail 200 0 0 116
2017-03-01 11:59:03 ::1 GET /Scripts/chosen/chosen.jquery.js _=1488369544015 51722 - ::1 Mozilla/5.0+(Windows+NT+10.0;+WOW64)+AppleWebKit/537.36+(KHTML,+like+Gecko)+Chrome/56.0.2924.87+Safari/537.36 http://localhost:51722/ExpenseDetail 200 0 0 19
2017-03-01 11:59:03 ::1 GET /ExpenseDetail/GetMileageRate transactionDate=1/27/2017&UserId=50&_=1488369544045 51722 - ::1 Mozilla/5.0+(Windows+NT+10.0;+WOW64)+AppleWebKit/537.36+(KHTML,+like+Gecko)+Chrome/56.0.2924.87+Safari/537.36 http://localhost:51722/ExpenseDetail 200 0 0 75
2017-03-01 11:59:03 ::1 GET /PayMethod/GetPayMethodIsReimbursable MethodId=2&_=1488369544152 51722 - ::1 Mozilla/5.0+(Windows+NT+10.0;+WOW64)+AppleWebKit/537.36+(KHTML,+like+Gecko)+Chrome/56.0.2924.87+Safari/537.36 http://localhost:51722/ExpenseDetail 200 0 0 29
2017-03-01 11:59:03 ::1 GET /ExpenseDetail/GetExpenseTypePolicyAmount ExpenseTypeId=481&_=1488369544154 51722 - ::1 Mozilla/5.0+(Windows+NT+10.0;+WOW64)+AppleWebKit/537.36+(KHTML,+like+Gecko)+Chrome/56.0.2924.87+Safari/537.36 http://localhost:51722/ExpenseDetail 200 0 0 592
2017-03-01 11:59:04 ::1 GET /AjaxCall/GetApproverList/ ProjectId=null&_=1488369544775 51722 - ::1 Mozilla/5.0+(Windows+NT+10.0;+WOW64)+AppleWebKit/537.36+(KHTML,+like+Gecko)+Chrome/56.0.2924.87+Safari/537.36 http://localhost:51722/ExpenseDetail 200 0 0 111
2017-03-01 11:59:04 ::1 GET /User/GetEmployees _=1488369544890 51722 - ::1 Mozilla/5.0+(Windows+NT+10.0;+WOW64)+AppleWebKit/537.36+(KHTML,+like+Gecko)+Chrome/56.0.2924.87+Safari/537.36 http://localhost:51722/ExpenseDetail 200 0 0 182
#Software: Microsoft Internet Information Services 8.0
#Version: 1.0
#Date: 2017-03-01 15:56:26
#Fields: date time s-ip cs-method cs-uri-stem cs-uri-query s-port cs-username c-ip cs(User-Agent) cs(Referer) sc-status sc-substatus sc-win32-status time-taken
2017-03-01 15:56:26 ::1 GET / - 51722 - ::1 Mozilla/5.0+(Windows+NT+10.0;+WOW64)+AppleWebKit/537.36+(KHTML,+like+Gecko)+Chrome/56.0.2924.87+Safari/537.36 - 302 0 0 50833
2017-03-01 15:56:47 ::1 GET /User/LogOn - 51722 - ::1 Mozilla/5.0+(Windows+NT+10.0;+WOW64)+AppleWebKit/537.36+(KHTML,+like+Gecko)+Chrome/56.0.2924.87+Safari/537.36 - 200 0 0 20839
2017-03-01 15:56:52 ::1 GET /__browserLink/requestData/d44d3aa4f6674687aff94fb4d154ceca version=2 51722 - ::1 Mozilla/5.0+(Windows+NT+10.0;+WOW64)+AppleWebKit/537.36+(KHTML,+like+Gecko)+Chrome/56.0.2924.87+Safari/537.36 http://localhost:51722/User/LogOn 200 0 0 340
2017-03-01 15:57:02 ::1 POST /User/LogOn - 51722 - ::1 Mozilla/5.0+(Windows+NT+10.0;+WOW64)+AppleWebKit/537.36+(KHTML,+like+Gecko)+Chrome/56.0.2924.87+Safari/537.36 http://localhost:51722/User/LogOn 302 0 0 12170
2017-03-01 15:57:02 ::1 GET / - 51722 - ::1 Mozilla/5.0+(Windows+NT+10.0;+WOW64)+AppleWebKit/537.36+(KHTML,+like+Gecko)+Chrome/56.0.2924.87+Safari/537.36 http://localhost:51722/User/LogOn 302 0 0 22
2017-03-01 15:57:29 ::1 GET /Dashboard/ViewDashboard - 51722 - ::1 Mozilla/5.0+(Windows+NT+10.0;+WOW64)+AppleWebKit/537.36+(KHTML,+like+Gecko)+Chrome/56.0.2924.87+Safari/537.36 http://localhost:51722/User/LogOn 200 0 0 27383
2017-03-01 15:57:31 ::1 GET /__browserLink/requestData/16ea16f85a2b4946b2e87a9ab906afb1 version=2 51722 - ::1 Mozilla/5.0+(Windows+NT+10.0;+WOW64)+AppleWebKit/537.36+(KHTML,+like+Gecko)+Chrome/56.0.2924.87+Safari/537.36 http://localhost:51722/Dashboard/ViewDashboard 200 0 0 183
2017-03-01 15:57:31 ::1 GET /Dashboard/getAjaxTab/1 sDate=null&eDate=null 51722 - ::1 Mozilla/5.0+(Windows+NT+10.0;+WOW64)+AppleWebKit/537.36+(KHTML,+like+Gecko)+Chrome/56.0.2924.87+Safari/537.36 http://localhost:51722/Dashboard/ViewDashboard 200 0 0 1059
2017-03-01 15:57:31 ::1 GET /Scripts/v2/easy.pie.chart/jquery.easing.1.3.js _=1488383851669 51722 - ::1 Mozilla/5.0+(Windows+NT+10.0;+WOW64)+AppleWebKit/537.36+(KHTML,+like+Gecko)+Chrome/56.0.2924.87+Safari/537.36 http://localhost:51722/Dashboard/ViewDashboard 200 0 0 56
2017-03-01 15:57:31 ::1 GET /Scripts/v2/easy.pie.chart/jquery.easypiechart.min.js _=1488383851743 51722 - ::1 Mozilla/5.0+(Windows+NT+10.0;+WOW64)+AppleWebKit/537.36+(KHTML,+like+Gecko)+Chrome/56.0.2924.87+Safari/537.36 http://localhost:51722/Dashboard/ViewDashboard 200 0 0 23
2017-03-01 15:57:31 ::1 GET /Scripts/v2/morris.charts/morris.min.js _=1488383851812 51722 - ::1 Mozilla/5.0+(Windows+NT+10.0;+WOW64)+AppleWebKit/537.36+(KHTML,+like+Gecko)+Chrome/56.0.2924.87+Safari/537.36 http://localhost:51722/Dashboard/ViewDashboard 200 0 0 15
2017-03-01 15:57:31 ::1 GET /Scripts/v2/morris.charts/raphael.min.js _=1488383851845 51722 - ::1 Mozilla/5.0+(Windows+NT+10.0;+WOW64)+AppleWebKit/537.36+(KHTML,+like+Gecko)+Chrome/56.0.2924.87+Safari/537.36 http://localhost:51722/Dashboard/ViewDashboard 200 0 0 43
2017-03-01 15:57:36 ::1 GET /Dashboard/GetExpenseApprovals/ sDate=null&eDate=null 51722 - ::1 Mozilla/5.0+(Windows+NT+10.0;+WOW64)+AppleWebKit/537.36+(KHTML,+like+Gecko)+Chrome/56.0.2924.87+Safari/537.36 http://localhost:51722/Dashboard/ViewDashboard 200 0 0 4143
2017-03-01 15:57:36 ::1 GET /Dashboard/GetExpenseSubmissions/ sDate=null&eDate=null 51722 - ::1 Mozilla/5.0+(Windows+NT+10.0;+WOW64)+AppleWebKit/537.36+(KHTML,+like+Gecko)+Chrome/56.0.2924.87+Safari/537.36 http://localhost:51722/Dashboard/ViewDashboard 200 0 0 5009
2017-03-01 15:57:38 ::1 GET /Dashboard/GetExpenseTypesAmount/ sDate=null&eDate=null 51722 - ::1 Mozilla/5.0+(Windows+NT+10.0;+WOW64)+AppleWebKit/537.36+(KHTML,+like+Gecko)+Chrome/56.0.2924.87+Safari/537.36 http://localhost:51722/Dashboard/ViewDashboard 200 0 0 6718
2017-03-01 15:57:40 ::1 GET /Dashboard/GetExpensePostings/ sDate=null&eDate=null 51722 - ::1 Mozilla/5.0+(Windows+NT+10.0;+WOW64)+AppleWebKit/537.36+(KHTML,+like+Gecko)+Chrome/56.0.2924.87+Safari/537.36 http://localhost:51722/Dashboard/ViewDashboard 200 0 0 8219
2017-03-01 15:57:41 ::1 GET /Dashboard/GetPayMethodsAmount/ sDate=null&eDate=null 51722 - ::1 Mozilla/5.0+(Windows+NT+10.0;+WOW64)+AppleWebKit/537.36+(KHTML,+like+Gecko)+Chrome/56.0.2924.87+Safari/537.36 http://localhost:51722/Dashboard/ViewDashboard 200 0 0 9586
2017-03-01 16:00:27 ::1 GET /ExpenseDetail - 51722 - ::1 Mozilla/5.0+(Windows+NT+10.0;+WOW64)+AppleWebKit/537.36+(KHTML,+like+Gecko)+Chrome/56.0.2924.87+Safari/537.36 http://localhost:51722/Dashboard/ViewDashboard 200 0 0 41301
2017-03-01 16:00:28 ::1 GET /__browserLink/requestData/810cc11935e24bc3b7ade20a7ab49fab version=2 51722 - ::1 Mozilla/5.0+(Windows+NT+10.0;+WOW64)+AppleWebKit/537.36+(KHTML,+like+Gecko)+Chrome/56.0.2924.87+Safari/537.36 http://localhost:51722/ExpenseDetail 200 0 0 23
#Software: Microsoft Internet Information Services 8.0
#Version: 1.0
#Date: 2017-03-01 16:55:27
#Fields: date time s-ip cs-method cs-uri-stem cs-uri-query s-port cs-username c-ip cs(User-Agent) cs(Referer) sc-status sc-substatus sc-win32-status time-taken
2017-03-01 16:55:27 ::1 GET /User/LogOut - 51722 - ::1 Mozilla/5.0+(Windows+NT+10.0;+WOW64)+AppleWebKit/537.36+(KHTML,+like+Gecko)+Chrome/56.0.2924.87+Safari/537.36 http://localhost:51722/ExpenseDetail 200 0 0 123
2017-03-01 16:55:27 ::1 GET /__browserLink/requestData/aab7dc6599e547b2b8113b2affd70680 version=2 51722 - ::1 Mozilla/5.0+(Windows+NT+10.0;+WOW64)+AppleWebKit/537.36+(KHTML,+like+Gecko)+Chrome/56.0.2924.87+Safari/537.36 http://localhost:51722/User/LogOut 200 0 0 7
