#Software: Microsoft Internet Information Services 8.0
#Version: 1.0
#Date: 2017-02-07 10:10:10
#Fields: date time s-ip cs-method cs-uri-stem cs-uri-query s-port cs-username c-ip cs(User-Agent) cs(Referer) sc-status sc-substatus sc-win32-status time-taken
2017-02-07 10:10:10 ::1 GET /User/LogOut - 51722 - ::1 Mozilla/5.0+(Windows+NT+10.0;+WOW64)+AppleWebKit/537.36+(KHTML,+like+Gecko)+Chrome/55.0.2883.87+Safari/537.36 http://localhost:51722/ 200 0 0 29203
2017-02-07 10:10:13 ::1 GET /__browserLink/requestData/d72dda24039146969b0805e347471e8d version=2 51722 - ::1 Mozilla/5.0+(Windows+NT+10.0;+WOW64)+AppleWebKit/537.36+(KHTML,+like+Gecko)+Chrome/55.0.2883.87+Safari/537.36 http://localhost:51722/User/LogOut 200 0 0 164
#Software: Microsoft Internet Information Services 8.0
#Version: 1.0
#Date: 2017-02-07 11:31:08
#Fields: date time s-ip cs-method cs-uri-stem cs-uri-query s-port cs-username c-ip cs(User-Agent) cs(Referer) sc-status sc-substatus sc-win32-status time-taken
2017-02-07 11:31:08 ::1 GET / - 51722 - ::1 Mozilla/5.0+(Windows+NT+10.0;+WOW64)+AppleWebKit/537.36+(KHTML,+like+Gecko)+Chrome/55.0.2883.87+Safari/537.36 - 302 0 0 26705
2017-02-07 11:31:19 ::1 GET /User/LogOn - 51722 - ::1 Mozilla/5.0+(Windows+NT+10.0;+WOW64)+AppleWebKit/537.36+(KHTML,+like+Gecko)+Chrome/55.0.2883.87+Safari/537.36 - 200 0 0 10651
2017-02-07 11:31:19 ::1 GET /__browserLink/requestData/989b35d8f0ef4a4b9f1cc1eee0315f1a version=2 51722 - ::1 Mozilla/5.0+(Windows+NT+10.0;+WOW64)+AppleWebKit/537.36+(KHTML,+like+Gecko)+Chrome/55.0.2883.87+Safari/537.36 http://localhost:51722/User/LogOn 200 0 0 73
2017-02-07 11:32:51 ::1 POST /User/LogOn - 51722 - ::1 Mozilla/5.0+(Windows+NT+10.0;+WOW64)+AppleWebKit/537.36+(KHTML,+like+Gecko)+Chrome/55.0.2883.87+Safari/537.36 http://localhost:51722/User/LogOn 200 0 0 5014
2017-02-07 11:32:51 ::1 GET /__browserLink/requestData/beb7b1e6e8c34b45b3654af0940dcdf1 version=2 51722 - ::1 Mozilla/5.0+(Windows+NT+10.0;+WOW64)+AppleWebKit/537.36+(KHTML,+like+Gecko)+Chrome/55.0.2883.87+Safari/537.36 http://localhost:51722/User/LogOn 200 0 0 7
2017-02-07 11:33:12 ::1 POST /User/LogOn - 51722 - ::1 Mozilla/5.0+(Windows+NT+10.0;+WOW64)+AppleWebKit/537.36+(KHTML,+like+Gecko)+Chrome/55.0.2883.87+Safari/537.36 http://localhost:51722/User/LogOn 200 0 0 262
2017-02-07 11:33:12 ::1 GET /__browserLink/requestData/8075f60c249d4b339059ec84b1ce4273 version=2 51722 - ::1 Mozilla/5.0+(Windows+NT+10.0;+WOW64)+AppleWebKit/537.36+(KHTML,+like+Gecko)+Chrome/55.0.2883.87+Safari/537.36 http://localhost:51722/User/LogOn 200 0 0 23
#Software: Microsoft Internet Information Services 8.0
#Version: 1.0
#Date: 2017-02-07 11:34:56
#Fields: date time s-ip cs-method cs-uri-stem cs-uri-query s-port cs-username c-ip cs(User-Agent) cs(Referer) sc-status sc-substatus sc-win32-status time-taken
2017-02-07 11:34:56 ::1 GET / - 51722 - ::1 Mozilla/5.0+(Windows+NT+10.0;+WOW64)+AppleWebKit/537.36+(KHTML,+like+Gecko)+Chrome/55.0.2883.87+Safari/537.36 - 302 0 0 6448
2017-02-07 11:34:59 ::1 GET /User/LogOn - 51722 - ::1 Mozilla/5.0+(Windows+NT+10.0;+WOW64)+AppleWebKit/537.36+(KHTML,+like+Gecko)+Chrome/55.0.2883.87+Safari/537.36 - 200 0 0 2980
2017-02-07 11:34:59 ::1 GET /__browserLink/requestData/4c28ed2a2b8c44fb9aa16d55ea1f0751 version=2 51722 - ::1 Mozilla/5.0+(Windows+NT+10.0;+WOW64)+AppleWebKit/537.36+(KHTML,+like+Gecko)+Chrome/55.0.2883.87+Safari/537.36 http://localhost:51722/User/LogOn 200 0 0 49
2017-02-07 11:35:07 ::1 POST /User/LogOn - 51722 - ::1 Mozilla/5.0+(Windows+NT+10.0;+WOW64)+AppleWebKit/537.36+(KHTML,+like+Gecko)+Chrome/55.0.2883.87+Safari/537.36 http://localhost:51722/User/LogOn 200 0 0 4790
2017-02-07 11:35:07 ::1 GET /__browserLink/requestData/cd55ed4a20014c4d9a666405ba5211f8 version=2 51722 - ::1 Mozilla/5.0+(Windows+NT+10.0;+WOW64)+AppleWebKit/537.36+(KHTML,+like+Gecko)+Chrome/55.0.2883.87+Safari/537.36 http://localhost:51722/User/LogOn 200 0 0 29
2017-02-07 11:35:28 ::1 POST /User/LogOn - 51722 - ::1 Mozilla/5.0+(Windows+NT+10.0;+WOW64)+AppleWebKit/537.36+(KHTML,+like+Gecko)+Chrome/55.0.2883.87+Safari/537.36 http://localhost:51722/User/LogOn 200 0 0 335
2017-02-07 11:35:28 ::1 GET /__browserLink/requestData/c335bd1379434b9da214b669849e7fb6 version=2 51722 - ::1 Mozilla/5.0+(Windows+NT+10.0;+WOW64)+AppleWebKit/537.36+(KHTML,+like+Gecko)+Chrome/55.0.2883.87+Safari/537.36 http://localhost:51722/User/LogOn 200 0 0 17
2017-02-07 11:37:56 ::1 POST /User/LogOn - 51722 - ::1 Mozilla/5.0+(Windows+NT+10.0;+WOW64)+AppleWebKit/537.36+(KHTML,+like+Gecko)+Chrome/55.0.2883.87+Safari/537.36 http://localhost:51722/User/LogOn 200 0 0 267
2017-02-07 11:37:56 ::1 GET /__browserLink/requestData/d7eecb39ef134bd7bf983b97b073ea7d version=2 51722 - ::1 Mozilla/5.0+(Windows+NT+10.0;+WOW64)+AppleWebKit/537.36+(KHTML,+like+Gecko)+Chrome/55.0.2883.87+Safari/537.36 http://localhost:51722/User/LogOn 200 0 0 17
2017-02-07 11:38:23 ::1 POST /User/LogOn - 51722 - ::1 Mozilla/5.0+(Windows+NT+10.0;+WOW64)+AppleWebKit/537.36+(KHTML,+like+Gecko)+Chrome/55.0.2883.87+Safari/537.36 http://localhost:51722/User/LogOn 200 0 0 352
2017-02-07 11:38:23 ::1 GET /__browserLink/requestData/186d89575bc44e54acfbd9aaa8372485 version=2 51722 - ::1 Mozilla/5.0+(Windows+NT+10.0;+WOW64)+AppleWebKit/537.36+(KHTML,+like+Gecko)+Chrome/55.0.2883.87+Safari/537.36 http://localhost:51722/User/LogOn 200 0 0 10
2017-02-07 11:41:17 ::1 POST /User/LogOn - 51722 - ::1 Mozilla/5.0+(Windows+NT+10.0;+WOW64)+AppleWebKit/537.36+(KHTML,+like+Gecko)+Chrome/55.0.2883.87+Safari/537.36 http://localhost:51722/User/LogOn 200 0 0 99821
2017-02-07 11:41:17 ::1 GET /__browserLink/requestData/09a83c4fc0f14e1692636f9a80722831 version=2 51722 - ::1 Mozilla/5.0+(Windows+NT+10.0;+WOW64)+AppleWebKit/537.36+(KHTML,+like+Gecko)+Chrome/55.0.2883.87+Safari/537.36 http://localhost:51722/User/LogOn 200 0 0 12
2017-02-07 11:42:31 ::1 POST /User/LogOn - 51722 - ::1 Mozilla/5.0+(Windows+NT+10.0;+WOW64)+AppleWebKit/537.36+(KHTML,+like+Gecko)+Chrome/55.0.2883.87+Safari/537.36 http://localhost:51722/User/LogOn 200 0 0 3287
2017-02-07 11:42:31 ::1 GET /__browserLink/requestData/7eeac2b9b70143cab20607d062a64631 version=2 51722 - ::1 Mozilla/5.0+(Windows+NT+10.0;+WOW64)+AppleWebKit/537.36+(KHTML,+like+Gecko)+Chrome/55.0.2883.87+Safari/537.36 http://localhost:51722/User/LogOn 200 0 0 8
2017-02-07 11:45:32 ::1 POST /User/LogOn - 51722 - ::1 Mozilla/5.0+(Windows+NT+10.0;+WOW64)+AppleWebKit/537.36+(KHTML,+like+Gecko)+Chrome/55.0.2883.87+Safari/537.36 http://localhost:51722/User/LogOn 200 0 0 165925
2017-02-07 11:45:32 ::1 GET /__browserLink/requestData/918aa6aaa77a408e85e413329bc83573 version=2 51722 - ::1 Mozilla/5.0+(Windows+NT+10.0;+WOW64)+AppleWebKit/537.36+(KHTML,+like+Gecko)+Chrome/55.0.2883.87+Safari/537.36 http://localhost:51722/User/LogOn 200 0 0 13
2017-02-07 11:48:05 ::1 POST /User/LogOn - 51722 - ::1 Mozilla/5.0+(Windows+NT+10.0;+WOW64)+AppleWebKit/537.36+(KHTML,+like+Gecko)+Chrome/55.0.2883.87+Safari/537.36 http://localhost:51722/User/LogOn 302 0 0 89435
2017-02-07 11:48:05 ::1 GET / - 51722 - ::1 Mozilla/5.0+(Windows+NT+10.0;+WOW64)+AppleWebKit/537.36+(KHTML,+like+Gecko)+Chrome/55.0.2883.87+Safari/537.36 http://localhost:51722/User/LogOn 302 0 0 27
2017-02-07 11:48:16 ::1 GET /Dashboard/ViewDashboard - 51722 - ::1 Mozilla/5.0+(Windows+NT+10.0;+WOW64)+AppleWebKit/537.36+(KHTML,+like+Gecko)+Chrome/55.0.2883.87+Safari/537.36 http://localhost:51722/User/LogOn 200 0 0 11000
2017-02-07 11:48:16 ::1 GET /images/icons/users_two_48.png - 51722 - ::1 Mozilla/5.0+(Windows+NT+10.0;+WOW64)+AppleWebKit/537.36+(KHTML,+like+Gecko)+Chrome/55.0.2883.87+Safari/537.36 http://localhost:51722/Dashboard/ViewDashboard 200 0 0 66
2017-02-07 11:48:17 ::1 GET /__browserLink/requestData/3ab364277b454ae4b589a4a4351dde8f version=2 51722 - ::1 Mozilla/5.0+(Windows+NT+10.0;+WOW64)+AppleWebKit/537.36+(KHTML,+like+Gecko)+Chrome/55.0.2883.87+Safari/537.36 http://localhost:51722/Dashboard/ViewDashboard 200 0 0 443
2017-02-07 11:48:17 ::1 GET /Dashboard/getAjaxTab/1 sDate=null&eDate=null 51722 - ::1 Mozilla/5.0+(Windows+NT+10.0;+WOW64)+AppleWebKit/537.36+(KHTML,+like+Gecko)+Chrome/55.0.2883.87+Safari/537.36 http://localhost:51722/Dashboard/ViewDashboard 200 0 0 696
2017-02-07 11:48:17 ::1 GET /Scripts/v2/easy.pie.chart/jquery.easing.1.3.js _=1486468097848 51722 - ::1 Mozilla/5.0+(Windows+NT+10.0;+WOW64)+AppleWebKit/537.36+(KHTML,+like+Gecko)+Chrome/55.0.2883.87+Safari/537.36 http://localhost:51722/Dashboard/ViewDashboard 200 0 0 18
2017-02-07 11:48:17 ::1 GET /Scripts/v2/easy.pie.chart/jquery.easypiechart.min.js _=1486468097875 51722 - ::1 Mozilla/5.0+(Windows+NT+10.0;+WOW64)+AppleWebKit/537.36+(KHTML,+like+Gecko)+Chrome/55.0.2883.87+Safari/537.36 http://localhost:51722/Dashboard/ViewDashboard 200 0 0 17
2017-02-07 11:48:17 ::1 GET /Scripts/v2/morris.charts/morris.min.js _=1486468097922 51722 - ::1 Mozilla/5.0+(Windows+NT+10.0;+WOW64)+AppleWebKit/537.36+(KHTML,+like+Gecko)+Chrome/55.0.2883.87+Safari/537.36 http://localhost:51722/Dashboard/ViewDashboard 200 0 0 19
2017-02-07 11:48:17 ::1 GET /Scripts/v2/morris.charts/raphael.min.js _=1486468097953 51722 - ::1 Mozilla/5.0+(Windows+NT+10.0;+WOW64)+AppleWebKit/537.36+(KHTML,+like+Gecko)+Chrome/55.0.2883.87+Safari/537.36 http://localhost:51722/Dashboard/ViewDashboard 200 0 0 98
2017-02-07 11:48:17 ::1 GET /css/chosen-sprite.png - 51722 - ::1 Mozilla/5.0+(Windows+NT+10.0;+WOW64)+AppleWebKit/537.36+(KHTML,+like+Gecko)+Chrome/55.0.2883.87+Safari/537.36 http://localhost:51722/css/SiteLayoutPageForMasters-css?v=uoaFW9fUMDrrI6YmnFzPPfzguzTF_Y0zcxgEXEFqKgo1 200 0 0 17
2017-02-07 11:48:20 ::1 GET /Dashboard/GetExpenseSubmissions/ sDate=null&eDate=null 51722 - ::1 Mozilla/5.0+(Windows+NT+10.0;+WOW64)+AppleWebKit/537.36+(KHTML,+like+Gecko)+Chrome/55.0.2883.87+Safari/537.36 http://localhost:51722/Dashboard/ViewDashboard 200 0 0 2104
2017-02-07 11:48:20 ::1 GET /Dashboard/GetExpenseApprovals/ sDate=null&eDate=null 51722 - ::1 Mozilla/5.0+(Windows+NT+10.0;+WOW64)+AppleWebKit/537.36+(KHTML,+like+Gecko)+Chrome/55.0.2883.87+Safari/537.36 http://localhost:51722/Dashboard/ViewDashboard 200 0 0 2880
2017-02-07 11:48:22 ::1 GET /Dashboard/GetExpenseTypesAmount/ sDate=null&eDate=null 51722 - ::1 Mozilla/5.0+(Windows+NT+10.0;+WOW64)+AppleWebKit/537.36+(KHTML,+like+Gecko)+Chrome/55.0.2883.87+Safari/537.36 http://localhost:51722/Dashboard/ViewDashboard 200 0 0 4353
2017-02-07 11:48:23 ::1 GET /Dashboard/GetExpensePostings/ sDate=null&eDate=null 51722 - ::1 Mozilla/5.0+(Windows+NT+10.0;+WOW64)+AppleWebKit/537.36+(KHTML,+like+Gecko)+Chrome/55.0.2883.87+Safari/537.36 http://localhost:51722/Dashboard/ViewDashboard 200 0 0 5374
2017-02-07 11:48:24 ::1 GET /Dashboard/GetPayMethodsAmount/ sDate=null&eDate=null 51722 - ::1 Mozilla/5.0+(Windows+NT+10.0;+WOW64)+AppleWebKit/537.36+(KHTML,+like+Gecko)+Chrome/55.0.2883.87+Safari/537.36 http://localhost:51722/Dashboard/ViewDashboard 200 0 0 6644
#Software: Microsoft Internet Information Services 8.0
#Version: 1.0
#Date: 2017-02-07 12:02:03
#Fields: date time s-ip cs-method cs-uri-stem cs-uri-query s-port cs-username c-ip cs(User-Agent) cs(Referer) sc-status sc-substatus sc-win32-status time-taken
2017-02-07 12:02:03 ::1 GET / - 51722 - ::1 Mozilla/5.0+(Windows+NT+10.0;+WOW64)+AppleWebKit/537.36+(KHTML,+like+Gecko)+Chrome/55.0.2883.87+Safari/537.36 - 302 0 0 18008
2017-02-07 12:02:17 ::1 GET /User/LogOn - 51722 - ::1 Mozilla/5.0+(Windows+NT+10.0;+WOW64)+AppleWebKit/537.36+(KHTML,+like+Gecko)+Chrome/55.0.2883.87+Safari/537.36 - 200 0 0 14369
2017-02-07 12:02:17 ::1 GET /__browserLink/requestData/90214d256cd5492080a25fde9a002dad version=2 51722 - ::1 Mozilla/5.0+(Windows+NT+10.0;+WOW64)+AppleWebKit/537.36+(KHTML,+like+Gecko)+Chrome/55.0.2883.87+Safari/537.36 http://localhost:51722/User/LogOn 200 0 0 48
2017-02-07 12:02:46 ::1 POST /User/LogOn - 51722 - ::1 Mozilla/5.0+(Windows+NT+10.0;+WOW64)+AppleWebKit/537.36+(KHTML,+like+Gecko)+Chrome/55.0.2883.87+Safari/537.36 http://localhost:51722/User/LogOn 200 0 0 8502
2017-02-07 12:02:46 ::1 GET /__browserLink/requestData/5a3dac270e474f37a761aa4cc90f9dab version=2 51722 - ::1 Mozilla/5.0+(Windows+NT+10.0;+WOW64)+AppleWebKit/537.36+(KHTML,+like+Gecko)+Chrome/55.0.2883.87+Safari/537.36 http://localhost:51722/User/LogOn 200 0 0 11
#Software: Microsoft Internet Information Services 8.0
#Version: 1.0
#Date: 2017-02-07 12:04:59
#Fields: date time s-ip cs-method cs-uri-stem cs-uri-query s-port cs-username c-ip cs(User-Agent) cs(Referer) sc-status sc-substatus sc-win32-status time-taken
2017-02-07 12:04:59 ::1 GET / - 51722 - ::1 Mozilla/5.0+(Windows+NT+10.0;+WOW64)+AppleWebKit/537.36+(KHTML,+like+Gecko)+Chrome/55.0.2883.87+Safari/537.36 - 302 0 0 13233
2017-02-07 12:05:19 ::1 GET /User/LogOn - 51722 - ::1 Mozilla/5.0+(Windows+NT+10.0;+WOW64)+AppleWebKit/537.36+(KHTML,+like+Gecko)+Chrome/55.0.2883.87+Safari/537.36 - 200 0 0 19261
2017-02-07 12:05:19 ::1 GET /__browserLink/requestData/c04eb539a24248068e2a1470af4011fe version=2 51722 - ::1 Mozilla/5.0+(Windows+NT+10.0;+WOW64)+AppleWebKit/537.36+(KHTML,+like+Gecko)+Chrome/55.0.2883.87+Safari/537.36 http://localhost:51722/User/LogOn 200 0 0 32
2017-02-07 12:05:59 ::1 POST /User/LogOn - 51722 - ::1 Mozilla/5.0+(Windows+NT+10.0;+WOW64)+AppleWebKit/537.36+(KHTML,+like+Gecko)+Chrome/55.0.2883.87+Safari/537.36 http://localhost:51722/User/LogOn 200 0 0 25854
2017-02-07 12:05:59 ::1 GET /__browserLink/requestData/150b2413c3c64faaafc12e79a09dfe65 version=2 51722 - ::1 Mozilla/5.0+(Windows+NT+10.0;+WOW64)+AppleWebKit/537.36+(KHTML,+like+Gecko)+Chrome/55.0.2883.87+Safari/537.36 http://localhost:51722/User/LogOn 200 0 0 22
2017-02-07 12:06:14 ::1 POST /User/LogOn - 51722 - ::1 Mozilla/5.0+(Windows+NT+10.0;+WOW64)+AppleWebKit/537.36+(KHTML,+like+Gecko)+Chrome/55.0.2883.87+Safari/537.36 http://localhost:51722/User/LogOn 200 0 0 5889
2017-02-07 12:06:14 ::1 GET /__browserLink/requestData/69dff89a13e348ce90e232a375a89daa version=2 51722 - ::1 Mozilla/5.0+(Windows+NT+10.0;+WOW64)+AppleWebKit/537.36+(KHTML,+like+Gecko)+Chrome/55.0.2883.87+Safari/537.36 http://localhost:51722/User/LogOn 200 0 0 8
2017-02-07 12:08:03 ::1 POST /User/LogOn - 51722 - ::1 Mozilla/5.0+(Windows+NT+10.0;+WOW64)+AppleWebKit/537.36+(KHTML,+like+Gecko)+Chrome/55.0.2883.87+Safari/537.36 http://localhost:51722/User/LogOn 200 0 64 106447
2017-02-07 12:08:28 ::1 POST /User/LogOn - 51722 - ::1 Mozilla/5.0+(Windows+NT+10.0;+WOW64)+AppleWebKit/537.36+(KHTML,+like+Gecko)+Chrome/55.0.2883.87+Safari/537.36 http://localhost:51722/User/LogOn 200 0 0 25360
2017-02-07 12:08:28 ::1 GET /__browserLink/requestData/056a6121f58040ac99abd72dc12ccc27 version=2 51722 - ::1 Mozilla/5.0+(Windows+NT+10.0;+WOW64)+AppleWebKit/537.36+(KHTML,+like+Gecko)+Chrome/55.0.2883.87+Safari/537.36 http://localhost:51722/User/LogOn 200 0 0 7
2017-02-07 12:09:55 ::1 POST /User/LogOn - 51722 - ::1 Mozilla/5.0+(Windows+NT+10.0;+WOW64)+AppleWebKit/537.36+(KHTML,+like+Gecko)+Chrome/55.0.2883.87+Safari/537.36 http://localhost:51722/User/LogOn 200 0 0 81823
2017-02-07 12:09:55 ::1 GET /ExpenseDetail - 51722 - ::1 Mozilla/5.0+(Windows+NT+10.0;+WOW64)+AppleWebKit/537.36+(KHTML,+like+Gecko)+Chrome/55.0.2883.87+Safari/537.36 - 302 0 0 10964
2017-02-07 12:09:59 ::1 GET /__browserLink/requestData/51e48fddbfe0467da298c7c8c07674ed version=2 51722 - ::1 Mozilla/5.0+(Windows+NT+10.0;+WOW64)+AppleWebKit/537.36+(KHTML,+like+Gecko)+Chrome/55.0.2883.87+Safari/537.36 http://localhost:51722/User/LogOn 200 0 0 2883
2017-02-07 12:09:59 ::1 GET /User/LogOn - 51722 - ::1 Mozilla/5.0+(Windows+NT+10.0;+WOW64)+AppleWebKit/537.36+(KHTML,+like+Gecko)+Chrome/55.0.2883.87+Safari/537.36 - 200 0 0 3560
2017-02-07 12:09:59 ::1 GET /Scripts/login-js v=oGRG_oxR_ZHazTV6Mj7Ft23CnrW2uYg_pLBjp-7brhY1 51722 - ::1 Mozilla/5.0+(Windows+NT+10.0;+WOW64)+AppleWebKit/537.36+(KHTML,+like+Gecko)+Chrome/55.0.2883.87+Safari/537.36 http://localhost:51722/User/LogOn 304 0 0 18
2017-02-07 12:09:59 ::1 GET /css/login-css v=ShoGCjUl1dBqvb-eADywC6HGCzjyIvYJND9hq2z3U8k1 51722 - ::1 Mozilla/5.0+(Windows+NT+10.0;+WOW64)+AppleWebKit/537.36+(KHTML,+like+Gecko)+Chrome/55.0.2883.87+Safari/537.36 http://localhost:51722/User/LogOn 304 0 0 18
2017-02-07 12:09:59 ::1 GET /images/logo_color.png - 51722 - ::1 Mozilla/5.0+(Windows+NT+10.0;+WOW64)+AppleWebKit/537.36+(KHTML,+like+Gecko)+Chrome/55.0.2883.87+Safari/537.36 http://localhost:51722/User/LogOn 304 0 0 5
2017-02-07 12:09:59 ::1 GET /images/bg-form-field.gif - 51722 - ::1 Mozilla/5.0+(Windows+NT+10.0;+WOW64)+AppleWebKit/537.36+(KHTML,+like+Gecko)+Chrome/55.0.2883.87+Safari/537.36 http://localhost:51722/css/login-css?v=ShoGCjUl1dBqvb-eADywC6HGCzjyIvYJND9hq2z3U8k1 304 0 0 4
2017-02-07 12:09:59 ::1 GET /images/bg-button-blue.gif - 51722 - ::1 Mozilla/5.0+(Windows+NT+10.0;+WOW64)+AppleWebKit/537.36+(KHTML,+like+Gecko)+Chrome/55.0.2883.87+Safari/537.36 http://localhost:51722/css/login-css?v=ShoGCjUl1dBqvb-eADywC6HGCzjyIvYJND9hq2z3U8k1 304 0 0 8
2017-02-07 12:09:59 ::1 GET /__browserLink/requestData/61ca4d88b32e4398987493c32a35eeed version=2 51722 - ::1 Mozilla/5.0+(Windows+NT+10.0;+WOW64)+AppleWebKit/537.36+(KHTML,+like+Gecko)+Chrome/55.0.2883.87+Safari/537.36 http://localhost:51722/User/LogOn 200 0 0 8
#Software: Microsoft Internet Information Services 8.0
#Version: 1.0
#Date: 2017-02-07 12:16:11
#Fields: date time s-ip cs-method cs-uri-stem cs-uri-query s-port cs-username c-ip cs(User-Agent) cs(Referer) sc-status sc-substatus sc-win32-status time-taken
2017-02-07 12:16:11 ::1 GET / - 51722 - ::1 Mozilla/5.0+(Windows+NT+10.0;+WOW64)+AppleWebKit/537.36+(KHTML,+like+Gecko)+Chrome/55.0.2883.87+Safari/537.36 - 302 0 0 16388
2017-02-07 12:16:31 ::1 GET /User/LogOn - 51722 - ::1 Mozilla/5.0+(Windows+NT+10.0;+WOW64)+AppleWebKit/537.36+(KHTML,+like+Gecko)+Chrome/55.0.2883.87+Safari/537.36 - 200 0 0 20101
2017-02-07 12:16:31 ::1 GET /__browserLink/requestData/e03fe78330054557b8516f7d547351e6 version=2 51722 - ::1 Mozilla/5.0+(Windows+NT+10.0;+WOW64)+AppleWebKit/537.36+(KHTML,+like+Gecko)+Chrome/55.0.2883.87+Safari/537.36 http://localhost:51722/User/LogOn 200 0 0 28
2017-02-07 12:17:28 ::1 POST /User/LogOn - 51722 - ::1 Mozilla/5.0+(Windows+NT+10.0;+WOW64)+AppleWebKit/537.36+(KHTML,+like+Gecko)+Chrome/55.0.2883.87+Safari/537.36 http://localhost:51722/User/LogOn 302 0 0 45796
#Software: Microsoft Internet Information Services 8.0
#Version: 1.0
#Date: 2017-02-07 12:21:08
#Fields: date time s-ip cs-method cs-uri-stem cs-uri-query s-port cs-username c-ip cs(User-Agent) cs(Referer) sc-status sc-substatus sc-win32-status time-taken
2017-02-07 12:21:08 ::1 GET / - 51722 - ::1 Mozilla/5.0+(Windows+NT+10.0;+WOW64)+AppleWebKit/537.36+(KHTML,+like+Gecko)+Chrome/55.0.2883.87+Safari/537.36 - 302 0 0 8344
2017-02-07 12:21:22 ::1 GET /User/LogOn - 51722 - ::1 Mozilla/5.0+(Windows+NT+10.0;+WOW64)+AppleWebKit/537.36+(KHTML,+like+Gecko)+Chrome/55.0.2883.87+Safari/537.36 - 200 0 0 14785
2017-02-07 12:21:22 ::1 GET /__browserLink/requestData/ae10d6abfb9b48d9a95c7879018c9375 version=2 51722 - ::1 Mozilla/5.0+(Windows+NT+10.0;+WOW64)+AppleWebKit/537.36+(KHTML,+like+Gecko)+Chrome/55.0.2883.87+Safari/537.36 http://localhost:51722/User/LogOn 200 0 0 67
2017-02-07 12:22:00 ::1 POST /User/LogOn - 51722 - ::1 Mozilla/5.0+(Windows+NT+10.0;+WOW64)+AppleWebKit/537.36+(KHTML,+like+Gecko)+Chrome/55.0.2883.87+Safari/537.36 http://localhost:51722/User/LogOn 302 0 0 15909
2017-02-07 12:26:42 ::1 GET / - 51722 - ::1 Mozilla/5.0+(Windows+NT+10.0;+WOW64)+AppleWebKit/537.36+(KHTML,+like+Gecko)+Chrome/55.0.2883.87+Safari/537.36 http://localhost:51722/User/LogOn 200 0 0 282388
2017-02-07 12:26:42 ::1 GET /__browserLink/requestData/e88dca2a292842d5b001611d9c6a1212 version=2 51722 - ::1 Mozilla/5.0+(Windows+NT+10.0;+WOW64)+AppleWebKit/537.36+(KHTML,+like+Gecko)+Chrome/55.0.2883.87+Safari/537.36 http://localhost:51722/ 200 0 0 11
2017-02-07 12:26:58 ::1 GET /Expense/AddTransactionToReport ExpenseId=116 51722 - ::1 Mozilla/5.0+(Windows+NT+10.0;+WOW64)+AppleWebKit/537.36+(KHTML,+like+Gecko)+Chrome/55.0.2883.87+Safari/537.36 http://localhost:51722/ 200 0 0 5042
2017-02-07 12:26:58 ::1 GET /Expense/GetTravelTypeHeaderMapping TravelTypeId=17 51722 - ::1 Mozilla/5.0+(Windows+NT+10.0;+WOW64)+AppleWebKit/537.36+(KHTML,+like+Gecko)+Chrome/55.0.2883.87+Safari/537.36 http://localhost:51722/Expense/AddTransactionToReport?ExpenseId=116 200 0 0 87
2017-02-07 12:26:58 ::1 GET /__browserLink/requestData/1622b8e0d08741f3b547993fc7b79d17 version=2 51722 - ::1 Mozilla/5.0+(Windows+NT+10.0;+WOW64)+AppleWebKit/537.36+(KHTML,+like+Gecko)+Chrome/55.0.2883.87+Safari/537.36 http://localhost:51722/Expense/AddTransactionToReport?ExpenseId=116 200 0 0 26
2017-02-07 12:27:00 ::1 GET /TravelType/IsSubTravelCashAdvanced TravelTypeId=17 51722 - ::1 Mozilla/5.0+(Windows+NT+10.0;+WOW64)+AppleWebKit/537.36+(KHTML,+like+Gecko)+Chrome/55.0.2883.87+Safari/537.36 http://localhost:51722/Expense/AddTransactionToReport?ExpenseId=116 200 0 0 869
2017-02-07 12:27:00 ::1 GET /Expense/PrepareExpenseApprovalProgressBar/ ExpenseId=116&UserId=277&_=1486470419287 51722 - ::1 Mozilla/5.0+(Windows+NT+10.0;+WOW64)+AppleWebKit/537.36+(KHTML,+like+Gecko)+Chrome/55.0.2883.87+Safari/537.36 http://localhost:51722/Expense/AddTransactionToReport?ExpenseId=116 200 0 0 1694
2017-02-07 12:27:09 ::1 GET /ExpenseDetail/DisplayReceipt ExpenseDetailId=9609&_=1486470423714 51722 - ::1 Mozilla/5.0+(Windows+NT+10.0;+WOW64)+AppleWebKit/537.36+(KHTML,+like+Gecko)+Chrome/55.0.2883.87+Safari/537.36 http://localhost:51722/Expense/AddTransactionToReport?ExpenseId=116 200 0 0 5336
2017-02-07 12:27:09 ::1 GET /Scripts/displayreceipt-js v=2AlxdAYRlyg_4qrIwaOxfz6Y81AbcAqGH-bMVM7WxRg1&_=1486470429058 51722 - ::1 Mozilla/5.0+(Windows+NT+10.0;+WOW64)+AppleWebKit/537.36+(KHTML,+like+Gecko)+Chrome/55.0.2883.87+Safari/537.36 http://localhost:51722/Expense/AddTransactionToReport?ExpenseId=116 200 0 0 24
#Software: Microsoft Internet Information Services 8.0
#Version: 1.0
#Date: 2017-02-07 12:34:16
#Fields: date time s-ip cs-method cs-uri-stem cs-uri-query s-port cs-username c-ip cs(User-Agent) cs(Referer) sc-status sc-substatus sc-win32-status time-taken
2017-02-07 12:34:16 ::1 GET / - 51722 - ::1 Mozilla/5.0+(Windows+NT+10.0;+WOW64)+AppleWebKit/537.36+(KHTML,+like+Gecko)+Chrome/55.0.2883.87+Safari/537.36 - 302 0 0 13883
2017-02-07 12:34:28 ::1 GET /User/LogOn - 51722 - ::1 Mozilla/5.0+(Windows+NT+10.0;+WOW64)+AppleWebKit/537.36+(KHTML,+like+Gecko)+Chrome/55.0.2883.87+Safari/537.36 - 200 0 0 12287
2017-02-07 12:34:28 ::1 GET /__browserLink/requestData/0633f1fc179e402bb566c7b863cd12ca version=2 51722 - ::1 Mozilla/5.0+(Windows+NT+10.0;+WOW64)+AppleWebKit/537.36+(KHTML,+like+Gecko)+Chrome/55.0.2883.87+Safari/537.36 http://localhost:51722/User/LogOn 200 0 0 48
2017-02-07 12:34:40 ::1 POST /User/LogOn - 51722 - ::1 Mozilla/5.0+(Windows+NT+10.0;+WOW64)+AppleWebKit/537.36+(KHTML,+like+Gecko)+Chrome/55.0.2883.87+Safari/537.36 http://localhost:51722/User/LogOn 302 0 0 10042
2017-02-07 12:34:54 ::1 GET / - 51722 - ::1 Mozilla/5.0+(Windows+NT+10.0;+WOW64)+AppleWebKit/537.36+(KHTML,+like+Gecko)+Chrome/55.0.2883.87+Safari/537.36 http://localhost:51722/User/LogOn 200 0 0 13220
2017-02-07 12:34:54 ::1 GET /__browserLink/requestData/dc47ceb3b98a4af7a0bd94483ae6123a version=2 51722 - ::1 Mozilla/5.0+(Windows+NT+10.0;+WOW64)+AppleWebKit/537.36+(KHTML,+like+Gecko)+Chrome/55.0.2883.87+Safari/537.36 http://localhost:51722/ 200 0 0 14
2017-02-07 12:35:07 ::1 GET /Expense/AddTransactionToReport ExpenseId=106 51722 - ::1 Mozilla/5.0+(Windows+NT+10.0;+WOW64)+AppleWebKit/537.36+(KHTML,+like+Gecko)+Chrome/55.0.2883.87+Safari/537.36 http://localhost:51722/ 200 0 0 4318
2017-02-07 12:35:07 ::1 GET /TravelType/IsSubTravelCashAdvanced TravelTypeId=17 51722 - ::1 Mozilla/5.0+(Windows+NT+10.0;+WOW64)+AppleWebKit/537.36+(KHTML,+like+Gecko)+Chrome/55.0.2883.87+Safari/537.36 http://localhost:51722/Expense/AddTransactionToReport?ExpenseId=106 200 0 0 153
2017-02-07 12:35:07 ::1 GET /__browserLink/requestData/9b58b17049d441248e34e21f5c789236 version=2 51722 - ::1 Mozilla/5.0+(Windows+NT+10.0;+WOW64)+AppleWebKit/537.36+(KHTML,+like+Gecko)+Chrome/55.0.2883.87+Safari/537.36 http://localhost:51722/Expense/AddTransactionToReport?ExpenseId=106 200 0 0 20
2017-02-07 12:35:09 ::1 GET /Expense/GetTravelTypeHeaderMapping TravelTypeId=17 51722 - ::1 Mozilla/5.0+(Windows+NT+10.0;+WOW64)+AppleWebKit/537.36+(KHTML,+like+Gecko)+Chrome/55.0.2883.87+Safari/537.36 http://localhost:51722/Expense/AddTransactionToReport?ExpenseId=106 200 0 0 565
2017-02-07 12:35:10 ::1 GET /Expense/PrepareExpenseApprovalProgressBar/ ExpenseId=106&UserId=277&_=1486470908405 51722 - ::1 Mozilla/5.0+(Windows+NT+10.0;+WOW64)+AppleWebKit/537.36+(KHTML,+like+Gecko)+Chrome/55.0.2883.87+Safari/537.36 http://localhost:51722/Expense/AddTransactionToReport?ExpenseId=106 200 0 0 1784
2017-02-07 12:35:17 ::1 GET /ExpenseDetail/DisplayReceipt ExpenseDetailId=9598&_=1486470912470 51722 - ::1 Mozilla/5.0+(Windows+NT+10.0;+WOW64)+AppleWebKit/537.36+(KHTML,+like+Gecko)+Chrome/55.0.2883.87+Safari/537.36 http://localhost:51722/Expense/AddTransactionToReport?ExpenseId=106 200 0 0 4661
2017-02-07 12:35:17 ::1 GET /Scripts/displayreceipt-js v=2AlxdAYRlyg_4qrIwaOxfz6Y81AbcAqGH-bMVM7WxRg1&_=1486470917137 51722 - ::1 Mozilla/5.0+(Windows+NT+10.0;+WOW64)+AppleWebKit/537.36+(KHTML,+like+Gecko)+Chrome/55.0.2883.87+Safari/537.36 http://localhost:51722/Expense/AddTransactionToReport?ExpenseId=106 200 0 0 14
#Software: Microsoft Internet Information Services 8.0
#Version: 1.0
#Date: 2017-02-07 12:37:11
#Fields: date time s-ip cs-method cs-uri-stem cs-uri-query s-port cs-username c-ip cs(User-Agent) cs(Referer) sc-status sc-substatus sc-win32-status time-taken
2017-02-07 12:37:11 ::1 GET / - 51722 - ::1 Mozilla/5.0+(Windows+NT+10.0;+WOW64)+AppleWebKit/537.36+(KHTML,+like+Gecko)+Chrome/55.0.2883.87+Safari/537.36 - 302 0 0 15058
2017-02-07 12:37:45 ::1 GET /User/LogOn - 51722 - ::1 Mozilla/5.0+(Windows+NT+10.0;+WOW64)+AppleWebKit/537.36+(KHTML,+like+Gecko)+Chrome/55.0.2883.87+Safari/537.36 - 200 0 0 33544
2017-02-07 12:37:45 ::1 GET /__browserLink/requestData/287bc5b0b74f4e288af93e929a475a34 version=2 51722 - ::1 Mozilla/5.0+(Windows+NT+10.0;+WOW64)+AppleWebKit/537.36+(KHTML,+like+Gecko)+Chrome/55.0.2883.87+Safari/537.36 http://localhost:51722/User/LogOn 200 0 0 36
2017-02-07 12:38:08 ::1 POST /User/LogOn - 51722 - ::1 Mozilla/5.0+(Windows+NT+10.0;+WOW64)+AppleWebKit/537.36+(KHTML,+like+Gecko)+Chrome/55.0.2883.87+Safari/537.36 http://localhost:51722/User/LogOn 302 0 0 12180
2017-02-07 12:38:21 ::1 GET / - 51722 - ::1 Mozilla/5.0+(Windows+NT+10.0;+WOW64)+AppleWebKit/537.36+(KHTML,+like+Gecko)+Chrome/55.0.2883.87+Safari/537.36 http://localhost:51722/User/LogOn 200 0 0 13315
2017-02-07 12:38:21 ::1 GET /__browserLink/requestData/090d8fa5e62a40beb6a2927f3855d03a version=2 51722 - ::1 Mozilla/5.0+(Windows+NT+10.0;+WOW64)+AppleWebKit/537.36+(KHTML,+like+Gecko)+Chrome/55.0.2883.87+Safari/537.36 http://localhost:51722/ 200 0 0 15
2017-02-07 12:38:31 ::1 GET /Expense/AddTransactionToReport ExpenseId=104 51722 - ::1 Mozilla/5.0+(Windows+NT+10.0;+WOW64)+AppleWebKit/537.36+(KHTML,+like+Gecko)+Chrome/55.0.2883.87+Safari/537.36 http://localhost:51722/ 200 0 0 4609
2017-02-07 12:38:31 ::1 GET /TravelType/IsSubTravelCashAdvanced TravelTypeId=17 51722 - ::1 Mozilla/5.0+(Windows+NT+10.0;+WOW64)+AppleWebKit/537.36+(KHTML,+like+Gecko)+Chrome/55.0.2883.87+Safari/537.36 http://localhost:51722/Expense/AddTransactionToReport?ExpenseId=104 200 0 0 136
2017-02-07 12:38:31 ::1 GET /__browserLink/requestData/5a2fbae3d8c64433869ab1cc87fb66bd version=2 51722 - ::1 Mozilla/5.0+(Windows+NT+10.0;+WOW64)+AppleWebKit/537.36+(KHTML,+like+Gecko)+Chrome/55.0.2883.87+Safari/537.36 http://localhost:51722/Expense/AddTransactionToReport?ExpenseId=104 200 0 0 24
2017-02-07 12:38:32 ::1 GET /Expense/PrepareExpenseApprovalProgressBar/ ExpenseId=104&UserId=277&_=1486471111412 51722 - ::1 Mozilla/5.0+(Windows+NT+10.0;+WOW64)+AppleWebKit/537.36+(KHTML,+like+Gecko)+Chrome/55.0.2883.87+Safari/537.36 http://localhost:51722/Expense/AddTransactionToReport?ExpenseId=104 200 0 0 1314
2017-02-07 12:38:32 ::1 GET /Expense/GetTravelTypeHeaderMapping TravelTypeId=17 51722 - ::1 Mozilla/5.0+(Windows+NT+10.0;+WOW64)+AppleWebKit/537.36+(KHTML,+like+Gecko)+Chrome/55.0.2883.87+Safari/537.36 http://localhost:51722/Expense/AddTransactionToReport?ExpenseId=104 200 0 0 1582
2017-02-07 12:38:39 ::1 GET /ExpenseDetail/DisplayReceipt ExpenseDetailId=9590&_=1486471114230 51722 - ::1 Mozilla/5.0+(Windows+NT+10.0;+WOW64)+AppleWebKit/537.36+(KHTML,+like+Gecko)+Chrome/55.0.2883.87+Safari/537.36 http://localhost:51722/Expense/AddTransactionToReport?ExpenseId=104 200 0 0 5212
2017-02-07 12:38:39 ::1 GET /Scripts/displayreceipt-js v=2AlxdAYRlyg_4qrIwaOxfz6Y81AbcAqGH-bMVM7WxRg1&_=1486471119450 51722 - ::1 Mozilla/5.0+(Windows+NT+10.0;+WOW64)+AppleWebKit/537.36+(KHTML,+like+Gecko)+Chrome/55.0.2883.87+Safari/537.36 http://localhost:51722/Expense/AddTransactionToReport?ExpenseId=104 200 0 0 20
#Software: Microsoft Internet Information Services 8.0
#Version: 1.0
#Date: 2017-02-07 13:21:34
#Fields: date time s-ip cs-method cs-uri-stem cs-uri-query s-port cs-username c-ip cs(User-Agent) cs(Referer) sc-status sc-substatus sc-win32-status time-taken
2017-02-07 13:21:34 ::1 GET / - 51722 - ::1 Mozilla/5.0+(Windows+NT+10.0;+WOW64)+AppleWebKit/537.36+(KHTML,+like+Gecko)+Chrome/55.0.2883.87+Safari/537.36 - 302 0 0 14665
2017-02-07 13:21:40 ::1 GET /User/LogOn - 51722 - ::1 Mozilla/5.0+(Windows+NT+10.0;+WOW64)+AppleWebKit/537.36+(KHTML,+like+Gecko)+Chrome/55.0.2883.87+Safari/537.36 - 200 0 0 5977
2017-02-07 13:21:44 ::1 GET /favicon.ico - 51722 - ::1 Mozilla/5.0+(Windows+NT+10.0;+WOW64)+AppleWebKit/537.36+(KHTML,+like+Gecko)+Chrome/55.0.2883.87+Safari/537.36 http://localhost:51722/User/LogOn 200 0 0 32
2017-02-07 13:21:44 ::1 GET /__browserLink/requestData/bec483cdad584f35acfca6d94a0059a4 version=2 51722 - ::1 Mozilla/5.0+(Windows+NT+10.0;+WOW64)+AppleWebKit/537.36+(KHTML,+like+Gecko)+Chrome/55.0.2883.87+Safari/537.36 http://localhost:51722/User/LogOn 200 0 0 228
2017-02-07 13:23:08 ::1 POST /User/LogOn - 51722 - ::1 Mozilla/5.0+(Windows+NT+10.0;+WOW64)+AppleWebKit/537.36+(KHTML,+like+Gecko)+Chrome/55.0.2883.87+Safari/537.36 http://localhost:51722/User/LogOn 302 0 0 23814
2017-02-07 13:23:15 ::1 GET / - 51722 - ::1 Mozilla/5.0+(Windows+NT+10.0;+WOW64)+AppleWebKit/537.36+(KHTML,+like+Gecko)+Chrome/55.0.2883.87+Safari/537.36 http://localhost:51722/User/LogOn 200 0 0 7291
2017-02-07 13:23:15 ::1 GET /__browserLink/requestData/a6b807fadb854dc19c8e9dddbd65e8c7 version=2 51722 - ::1 Mozilla/5.0+(Windows+NT+10.0;+WOW64)+AppleWebKit/537.36+(KHTML,+like+Gecko)+Chrome/55.0.2883.87+Safari/537.36 http://localhost:51722/ 200 0 0 15
2017-02-07 13:23:24 ::1 GET /Expense/AddTransactionToReport ExpenseId=104 51722 - ::1 Mozilla/5.0+(Windows+NT+10.0;+WOW64)+AppleWebKit/537.36+(KHTML,+like+Gecko)+Chrome/55.0.2883.87+Safari/537.36 http://localhost:51722/ 200 0 0 6778
2017-02-07 13:23:24 ::1 GET /TravelType/IsSubTravelCashAdvanced TravelTypeId=17 51722 - ::1 Mozilla/5.0+(Windows+NT+10.0;+WOW64)+AppleWebKit/537.36+(KHTML,+like+Gecko)+Chrome/55.0.2883.87+Safari/537.36 http://localhost:51722/Expense/AddTransactionToReport?ExpenseId=104 200 0 0 275
2017-02-07 13:23:24 ::1 GET /__browserLink/requestData/727baa18b22f444f9fe234478349b4d7 version=2 51722 - ::1 Mozilla/5.0+(Windows+NT+10.0;+WOW64)+AppleWebKit/537.36+(KHTML,+like+Gecko)+Chrome/55.0.2883.87+Safari/537.36 http://localhost:51722/Expense/AddTransactionToReport?ExpenseId=104 200 0 0 28
2017-02-07 13:23:27 ::1 GET /Expense/PrepareExpenseApprovalProgressBar/ ExpenseId=104&UserId=277&_=1486473805386 51722 - ::1 Mozilla/5.0+(Windows+NT+10.0;+WOW64)+AppleWebKit/537.36+(KHTML,+like+Gecko)+Chrome/55.0.2883.87+Safari/537.36 http://localhost:51722/Expense/AddTransactionToReport?ExpenseId=104 200 0 0 1738
2017-02-07 13:23:27 ::1 GET /Expense/GetTravelTypeHeaderMapping TravelTypeId=17 51722 - ::1 Mozilla/5.0+(Windows+NT+10.0;+WOW64)+AppleWebKit/537.36+(KHTML,+like+Gecko)+Chrome/55.0.2883.87+Safari/537.36 http://localhost:51722/Expense/AddTransactionToReport?ExpenseId=104 200 0 0 2215
2017-02-07 13:23:30 ::1 GET /ExpenseDetail/DisplayReceipt ExpenseDetailId=9590&_=1486473809902 51722 - ::1 Mozilla/5.0+(Windows+NT+10.0;+WOW64)+AppleWebKit/537.36+(KHTML,+like+Gecko)+Chrome/55.0.2883.87+Safari/537.36 http://localhost:51722/Expense/AddTransactionToReport?ExpenseId=104 200 0 0 844
2017-02-07 13:23:30 ::1 GET /Scripts/displayreceipt-js v=2AlxdAYRlyg_4qrIwaOxfz6Y81AbcAqGH-bMVM7WxRg1&_=1486473810766 51722 - ::1 Mozilla/5.0+(Windows+NT+10.0;+WOW64)+AppleWebKit/537.36+(KHTML,+like+Gecko)+Chrome/55.0.2883.87+Safari/537.36 http://localhost:51722/Expense/AddTransactionToReport?ExpenseId=104 200 0 0 22
2017-02-07 13:26:09 ::1 GET /ExpenseDetail/DisplayReceipt ExpenseDetailId=9590&_=1486473969495 51722 - ::1 Mozilla/5.0+(Windows+NT+10.0;+WOW64)+AppleWebKit/537.36+(KHTML,+like+Gecko)+Chrome/55.0.2883.87+Safari/537.36 http://localhost:51722/Expense/AddTransactionToReport?ExpenseId=104 200 0 0 133
2017-02-07 13:26:09 ::1 GET /Scripts/displayreceipt-js v=2AlxdAYRlyg_4qrIwaOxfz6Y81AbcAqGH-bMVM7WxRg1&_=1486473969637 51722 - ::1 Mozilla/5.0+(Windows+NT+10.0;+WOW64)+AppleWebKit/537.36+(KHTML,+like+Gecko)+Chrome/55.0.2883.87+Safari/537.36 http://localhost:51722/Expense/AddTransactionToReport?ExpenseId=104 200 0 0 13
2017-02-07 13:32:00 ::1 GET /ExpenseDetail/DisplayReceipt ExpenseDetailId=9590&_=1486474274666 51722 - ::1 Mozilla/5.0+(Windows+NT+10.0;+WOW64)+AppleWebKit/537.36+(KHTML,+like+Gecko)+Chrome/55.0.2883.87+Safari/537.36 http://localhost:51722/Expense/AddTransactionToReport?ExpenseId=104 200 0 0 46134
2017-02-07 13:32:00 ::1 GET /Scripts/displayreceipt-js v=2AlxdAYRlyg_4qrIwaOxfz6Y81AbcAqGH-bMVM7WxRg1&_=1486474320810 51722 - ::1 Mozilla/5.0+(Windows+NT+10.0;+WOW64)+AppleWebKit/537.36+(KHTML,+like+Gecko)+Chrome/55.0.2883.87+Safari/537.36 http://localhost:51722/Expense/AddTransactionToReport?ExpenseId=104 200 0 0 12
2017-02-07 13:33:40 ::1 GET /User/LogOut - 51722 - ::1 Mozilla/5.0+(Windows+NT+10.0;+WOW64)+AppleWebKit/537.36+(KHTML,+like+Gecko)+Chrome/55.0.2883.87+Safari/537.36 http://localhost:51722/Expense/AddTransactionToReport?ExpenseId=104 200 0 0 84
2017-02-07 13:33:41 ::1 GET /__browserLink/requestData/2f998583597445ed86c69503176adcce version=2 51722 - ::1 Mozilla/5.0+(Windows+NT+10.0;+WOW64)+AppleWebKit/537.36+(KHTML,+like+Gecko)+Chrome/55.0.2883.87+Safari/537.36 http://localhost:51722/User/LogOut 200 0 0 24
#Software: Microsoft Internet Information Services 8.0
#Version: 1.0
#Date: 2017-02-07 14:43:17
#Fields: date time s-ip cs-method cs-uri-stem cs-uri-query s-port cs-username c-ip cs(User-Agent) cs(Referer) sc-status sc-substatus sc-win32-status time-taken
2017-02-07 14:43:17 ::1 GET / - 51722 - ::1 Mozilla/5.0+(Windows+NT+10.0;+WOW64)+AppleWebKit/537.36+(KHTML,+like+Gecko)+Chrome/55.0.2883.87+Safari/537.36 - 302 0 0 37610
2017-02-07 14:43:30 ::1 GET /User/LogOn - 51722 - ::1 Mozilla/5.0+(Windows+NT+10.0;+WOW64)+AppleWebKit/537.36+(KHTML,+like+Gecko)+Chrome/55.0.2883.87+Safari/537.36 - 200 0 0 13427
2017-02-07 14:43:32 ::1 GET /__browserLink/requestData/ffaf5e5384254c2ca19937f2ff84a331 version=2 51722 - ::1 Mozilla/5.0+(Windows+NT+10.0;+WOW64)+AppleWebKit/537.36+(KHTML,+like+Gecko)+Chrome/55.0.2883.87+Safari/537.36 http://localhost:51722/User/LogOn 200 0 0 276
2017-02-07 14:44:03 ::1 POST /User/LogOn - 51722 - ::1 Mozilla/5.0+(Windows+NT+10.0;+WOW64)+AppleWebKit/537.36+(KHTML,+like+Gecko)+Chrome/55.0.2883.87+Safari/537.36 http://localhost:51722/User/LogOn 302 0 0 30003
#Software: Microsoft Internet Information Services 8.0
#Version: 1.0
#Date: 2017-02-07 14:48:26
#Fields: date time s-ip cs-method cs-uri-stem cs-uri-query s-port cs-username c-ip cs(User-Agent) cs(Referer) sc-status sc-substatus sc-win32-status time-taken
2017-02-07 14:48:26 ::1 GET / - 51722 - ::1 Mozilla/5.0+(Windows+NT+10.0;+WOW64)+AppleWebKit/537.36+(KHTML,+like+Gecko)+Chrome/55.0.2883.87+Safari/537.36 - 302 0 0 17307
2017-02-07 14:48:26 ::1 GET / - 51722 - ::1 Mozilla/5.0+(Windows+NT+10.0;+WOW64)+AppleWebKit/537.36+(KHTML,+like+Gecko)+Chrome/55.0.2883.87+Safari/537.36 - 302 0 0 63
2017-02-07 14:48:35 ::1 GET /User/LogOn - 51722 - ::1 Mozilla/5.0+(Windows+NT+10.0;+WOW64)+AppleWebKit/537.36+(KHTML,+like+Gecko)+Chrome/55.0.2883.87+Safari/537.36 - 200 0 0 9486
2017-02-07 14:48:35 ::1 GET /User/LogOn - 51722 - ::1 Mozilla/5.0+(Windows+NT+10.0;+WOW64)+AppleWebKit/537.36+(KHTML,+like+Gecko)+Chrome/55.0.2883.87+Safari/537.36 - 200 0 0 230
2017-02-07 14:48:35 ::1 GET /Scripts/login-js v=oGRG_oxR_ZHazTV6Mj7Ft23CnrW2uYg_pLBjp-7brhY1 51722 - ::1 Mozilla/5.0+(Windows+NT+10.0;+WOW64)+AppleWebKit/537.36+(KHTML,+like+Gecko)+Chrome/55.0.2883.87+Safari/537.36 http://localhost:51722/User/LogOn 304 0 0 55
2017-02-07 14:48:35 ::1 GET /css/login-css v=ShoGCjUl1dBqvb-eADywC6HGCzjyIvYJND9hq2z3U8k1 51722 - ::1 Mozilla/5.0+(Windows+NT+10.0;+WOW64)+AppleWebKit/537.36+(KHTML,+like+Gecko)+Chrome/55.0.2883.87+Safari/537.36 http://localhost:51722/User/LogOn 304 0 0 59
2017-02-07 14:48:35 ::1 GET /images/logo_color.png - 51722 - ::1 Mozilla/5.0+(Windows+NT+10.0;+WOW64)+AppleWebKit/537.36+(KHTML,+like+Gecko)+Chrome/55.0.2883.87+Safari/537.36 http://localhost:51722/User/LogOn 304 0 0 67
2017-02-07 14:48:35 ::1 GET /images/bg-button-blue.gif - 51722 - ::1 Mozilla/5.0+(Windows+NT+10.0;+WOW64)+AppleWebKit/537.36+(KHTML,+like+Gecko)+Chrome/55.0.2883.87+Safari/537.36 http://localhost:51722/css/login-css?v=ShoGCjUl1dBqvb-eADywC6HGCzjyIvYJND9hq2z3U8k1 304 0 0 28
2017-02-07 14:48:35 ::1 GET /images/bg-form-field.gif - 51722 - ::1 Mozilla/5.0+(Windows+NT+10.0;+WOW64)+AppleWebKit/537.36+(KHTML,+like+Gecko)+Chrome/55.0.2883.87+Safari/537.36 http://localhost:51722/css/login-css?v=ShoGCjUl1dBqvb-eADywC6HGCzjyIvYJND9hq2z3U8k1 304 0 0 42
2017-02-07 14:48:35 ::1 GET /__browserLink/requestData/f37752c18ae140658bd7602444ef85c4 version=2 51722 - ::1 Mozilla/5.0+(Windows+NT+10.0;+WOW64)+AppleWebKit/537.36+(KHTML,+like+Gecko)+Chrome/55.0.2883.87+Safari/537.36 http://localhost:51722/User/LogOn 200 0 0 103
2017-02-07 14:48:37 ::1 GET /__browserLink/requestData/b663ec55e62f4d498030535441d5548e version=2 51722 - ::1 Mozilla/5.0+(Windows+NT+10.0;+WOW64)+AppleWebKit/537.36+(KHTML,+like+Gecko)+Chrome/55.0.2883.87+Safari/537.36 http://localhost:51722/User/LogOn 200 0 0 10
2017-02-07 14:48:58 ::1 POST /User/LogOn - 51722 - ::1 Mozilla/5.0+(Windows+NT+10.0;+WOW64)+AppleWebKit/537.36+(KHTML,+like+Gecko)+Chrome/55.0.2883.87+Safari/537.36 http://localhost:51722/User/LogOn 302 0 0 12235
2017-02-07 14:49:50 ::1 GET / - 51722 - ::1 Mozilla/5.0+(Windows+NT+10.0;+WOW64)+AppleWebKit/537.36+(KHTML,+like+Gecko)+Chrome/55.0.2883.87+Safari/537.36 http://localhost:51722/User/LogOn 200 0 0 52363
2017-02-07 14:49:50 ::1 GET /__browserLink/requestData/d687f954b8a04b70b96948ab04638a8e version=2 51722 - ::1 Mozilla/5.0+(Windows+NT+10.0;+WOW64)+AppleWebKit/537.36+(KHTML,+like+Gecko)+Chrome/55.0.2883.87+Safari/537.36 http://localhost:51722/ 200 0 0 42
2017-02-07 14:49:58 ::1 GET /Expense/AddTransactionToReport ExpenseId=104 51722 - ::1 Mozilla/5.0+(Windows+NT+10.0;+WOW64)+AppleWebKit/537.36+(KHTML,+like+Gecko)+Chrome/55.0.2883.87+Safari/537.36 http://localhost:51722/ 200 0 0 5274
2017-02-07 14:49:58 ::1 GET /Expense/GetTravelTypeHeaderMapping TravelTypeId=17 51722 - ::1 Mozilla/5.0+(Windows+NT+10.0;+WOW64)+AppleWebKit/537.36+(KHTML,+like+Gecko)+Chrome/55.0.2883.87+Safari/537.36 http://localhost:51722/Expense/AddTransactionToReport?ExpenseId=104 200 0 0 119
2017-02-07 14:49:58 ::1 GET /__browserLink/requestData/4ad8d1edb5d94928b4be20ef401a71eb version=2 51722 - ::1 Mozilla/5.0+(Windows+NT+10.0;+WOW64)+AppleWebKit/537.36+(KHTML,+like+Gecko)+Chrome/55.0.2883.87+Safari/537.36 http://localhost:51722/Expense/AddTransactionToReport?ExpenseId=104 200 0 0 33
2017-02-07 14:50:00 ::1 GET /Expense/PrepareExpenseApprovalProgressBar/ ExpenseId=104&UserId=277&_=1486478998914 51722 - ::1 Mozilla/5.0+(Windows+NT+10.0;+WOW64)+AppleWebKit/537.36+(KHTML,+like+Gecko)+Chrome/55.0.2883.87+Safari/537.36 http://localhost:51722/Expense/AddTransactionToReport?ExpenseId=104 200 0 0 1464
2017-02-07 14:50:00 ::1 GET /TravelType/IsSubTravelCashAdvanced TravelTypeId=17 51722 - ::1 Mozilla/5.0+(Windows+NT+10.0;+WOW64)+AppleWebKit/537.36+(KHTML,+like+Gecko)+Chrome/55.0.2883.87+Safari/537.36 http://localhost:51722/Expense/AddTransactionToReport?ExpenseId=104 200 0 0 1648
2017-02-07 14:50:06 ::1 GET /ExpenseDetail/DisplayReceipt ExpenseDetailId=9590&_=1486479001755 51722 - ::1 Mozilla/5.0+(Windows+NT+10.0;+WOW64)+AppleWebKit/537.36+(KHTML,+like+Gecko)+Chrome/55.0.2883.87+Safari/537.36 http://localhost:51722/Expense/AddTransactionToReport?ExpenseId=104 200 0 0 4879
2017-02-07 14:50:06 ::1 GET /Scripts/displayreceipt-js v=2AlxdAYRlyg_4qrIwaOxfz6Y81AbcAqGH-bMVM7WxRg1&_=1486479006653 51722 - ::1 Mozilla/5.0+(Windows+NT+10.0;+WOW64)+AppleWebKit/537.36+(KHTML,+like+Gecko)+Chrome/55.0.2883.87+Safari/537.36 http://localhost:51722/Expense/AddTransactionToReport?ExpenseId=104 200 0 0 36
#Software: Microsoft Internet Information Services 8.0
#Version: 1.0
#Date: 2017-02-07 14:52:45
#Fields: date time s-ip cs-method cs-uri-stem cs-uri-query s-port cs-username c-ip cs(User-Agent) cs(Referer) sc-status sc-substatus sc-win32-status time-taken
2017-02-07 14:52:45 ::1 GET / - 51722 - ::1 Mozilla/5.0+(Windows+NT+10.0;+WOW64)+AppleWebKit/537.36+(KHTML,+like+Gecko)+Chrome/55.0.2883.87+Safari/537.36 - 302 0 0 13028
2017-02-07 14:52:53 ::1 GET /User/LogOn - 51722 - ::1 Mozilla/5.0+(Windows+NT+10.0;+WOW64)+AppleWebKit/537.36+(KHTML,+like+Gecko)+Chrome/55.0.2883.87+Safari/537.36 - 200 0 0 8785
2017-02-07 14:52:55 ::1 GET /__browserLink/requestData/6162dddd770f4081a232b797972d01ad version=2 51722 - ::1 Mozilla/5.0+(Windows+NT+10.0;+WOW64)+AppleWebKit/537.36+(KHTML,+like+Gecko)+Chrome/55.0.2883.87+Safari/537.36 http://localhost:51722/User/LogOn 200 0 0 36
2017-02-07 14:56:49 ::1 POST /User/LogOn - 51722 - ::1 Mozilla/5.0+(Windows+NT+10.0;+WOW64)+AppleWebKit/537.36+(KHTML,+like+Gecko)+Chrome/55.0.2883.87+Safari/537.36 http://localhost:51722/User/LogOn 302 0 0 10854
2017-02-07 14:57:20 ::1 GET / - 51722 - ::1 Mozilla/5.0+(Windows+NT+10.0;+WOW64)+AppleWebKit/537.36+(KHTML,+like+Gecko)+Chrome/55.0.2883.87+Safari/537.36 http://localhost:51722/User/LogOn 200 0 0 30836
2017-02-07 14:57:20 ::1 GET /__browserLink/requestData/e526a2b9f794444d82b1990eb06a3b0d version=2 51722 - ::1 Mozilla/5.0+(Windows+NT+10.0;+WOW64)+AppleWebKit/537.36+(KHTML,+like+Gecko)+Chrome/55.0.2883.87+Safari/537.36 http://localhost:51722/ 200 0 0 13
2017-02-07 14:57:25 ::1 GET /Expense/AddTransactionToReport ExpenseId=104 51722 - ::1 Mozilla/5.0+(Windows+NT+10.0;+WOW64)+AppleWebKit/537.36+(KHTML,+like+Gecko)+Chrome/55.0.2883.87+Safari/537.36 http://localhost:51722/ 200 0 0 3232
2017-02-07 14:57:25 ::1 GET /TravelType/IsSubTravelCashAdvanced TravelTypeId=17 51722 - ::1 Mozilla/5.0+(Windows+NT+10.0;+WOW64)+AppleWebKit/537.36+(KHTML,+like+Gecko)+Chrome/55.0.2883.87+Safari/537.36 http://localhost:51722/Expense/AddTransactionToReport?ExpenseId=104 200 0 0 190
2017-02-07 14:57:25 ::1 GET /__browserLink/requestData/139778651d004d429d7b106cc75c9ec7 version=2 51722 - ::1 Mozilla/5.0+(Windows+NT+10.0;+WOW64)+AppleWebKit/537.36+(KHTML,+like+Gecko)+Chrome/55.0.2883.87+Safari/537.36 http://localhost:51722/Expense/AddTransactionToReport?ExpenseId=104 200 0 0 18
2017-02-07 14:57:26 ::1 GET /Expense/PrepareExpenseApprovalProgressBar/ ExpenseId=104&UserId=277&_=1486479445701 51722 - ::1 Mozilla/5.0+(Windows+NT+10.0;+WOW64)+AppleWebKit/537.36+(KHTML,+like+Gecko)+Chrome/55.0.2883.87+Safari/537.36 http://localhost:51722/Expense/AddTransactionToReport?ExpenseId=104 200 0 0 1094
2017-02-07 14:57:26 ::1 GET /Expense/GetTravelTypeHeaderMapping TravelTypeId=17 51722 - ::1 Mozilla/5.0+(Windows+NT+10.0;+WOW64)+AppleWebKit/537.36+(KHTML,+like+Gecko)+Chrome/55.0.2883.87+Safari/537.36 http://localhost:51722/Expense/AddTransactionToReport?ExpenseId=104 200 0 0 1571
2017-02-07 14:57:33 ::1 GET /ExpenseDetail/DisplayReceipt ExpenseDetailId=9590&_=1486479449065 51722 - ::1 Mozilla/5.0+(Windows+NT+10.0;+WOW64)+AppleWebKit/537.36+(KHTML,+like+Gecko)+Chrome/55.0.2883.87+Safari/537.36 http://localhost:51722/Expense/AddTransactionToReport?ExpenseId=104 200 0 0 3948
2017-02-07 14:57:33 ::1 GET /Scripts/displayreceipt-js v=2AlxdAYRlyg_4qrIwaOxfz6Y81AbcAqGH-bMVM7WxRg1&_=1486479453038 51722 - ::1 Mozilla/5.0+(Windows+NT+10.0;+WOW64)+AppleWebKit/537.36+(KHTML,+like+Gecko)+Chrome/55.0.2883.87+Safari/537.36 http://localhost:51722/Expense/AddTransactionToReport?ExpenseId=104 200 0 0 16
2017-02-07 14:58:22 ::1 GET /ExpenseDetail/DisplayReceipt ExpenseDetailId=9590&_=1486479502680 51722 - ::1 Mozilla/5.0+(Windows+NT+10.0;+WOW64)+AppleWebKit/537.36+(KHTML,+like+Gecko)+Chrome/55.0.2883.87+Safari/537.36 http://localhost:51722/Expense/AddTransactionToReport?ExpenseId=104 200 0 0 80
2017-02-07 14:58:22 ::1 GET /Scripts/displayreceipt-js v=2AlxdAYRlyg_4qrIwaOxfz6Y81AbcAqGH-bMVM7WxRg1&_=1486479502766 51722 - ::1 Mozilla/5.0+(Windows+NT+10.0;+WOW64)+AppleWebKit/537.36+(KHTML,+like+Gecko)+Chrome/55.0.2883.87+Safari/537.36 http://localhost:51722/Expense/AddTransactionToReport?ExpenseId=104 200 0 0 9
2017-02-07 14:58:43 ::1 GET /ExpenseDetail/DisplayReceipt ExpenseDetailId=9590&_=1486479513745 51722 - ::1 Mozilla/5.0+(Windows+NT+10.0;+WOW64)+AppleWebKit/537.36+(KHTML,+like+Gecko)+Chrome/55.0.2883.87+Safari/537.36 http://localhost:51722/Expense/AddTransactionToReport?ExpenseId=104 200 0 0 10160
2017-02-07 14:58:43 ::1 GET /Scripts/displayreceipt-js v=2AlxdAYRlyg_4qrIwaOxfz6Y81AbcAqGH-bMVM7WxRg1&_=1486479523911 51722 - ::1 Mozilla/5.0+(Windows+NT+10.0;+WOW64)+AppleWebKit/537.36+(KHTML,+like+Gecko)+Chrome/55.0.2883.87+Safari/537.36 http://localhost:51722/Expense/AddTransactionToReport?ExpenseId=104 200 0 0 75
