#Software: Microsoft Internet Information Services 8.0
#Version: 1.0
#Date: 2017-03-27 15:09:12
#Fields: date time s-ip cs-method cs-uri-stem cs-uri-query s-port cs-username c-ip cs(User-Agent) cs(Referer) sc-status sc-substatus sc-win32-status time-taken
2017-03-27 15:09:12 ::1 GET / - 51722 - ::1 Mozilla/5.0+(Windows+NT+10.0;+WOW64)+AppleWebKit/537.36+(KHTML,+like+Gecko)+Chrome/56.0.2924.87+Safari/537.36 - 302 0 0 57679
2017-03-27 15:09:32 ::1 GET /User/LogOn - 51722 - ::1 Mozilla/5.0+(Windows+NT+10.0;+WOW64)+AppleWebKit/537.36+(KHTML,+like+Gecko)+Chrome/56.0.2924.87+Safari/537.36 - 200 0 0 19794
2017-03-27 15:09:32 ::1 GET /css/login-css v=JFCQ7nhC5vdHG-j8zcKZ5EKoJ5APArU35BEMxZa96js1 51722 - ::1 Mozilla/5.0+(Windows+NT+10.0;+WOW64)+AppleWebKit/537.36+(KHTML,+like+Gecko)+Chrome/56.0.2924.87+Safari/537.36 http://localhost:51722/User/LogOn 200 0 0 65
2017-03-27 15:09:32 ::1 GET /Scripts/login-js v=oGRG_oxR_ZHazTV6Mj7Ft23CnrW2uYg_pLBjp-7brhY1 51722 - ::1 Mozilla/5.0+(Windows+NT+10.0;+WOW64)+AppleWebKit/537.36+(KHTML,+like+Gecko)+Chrome/56.0.2924.87+Safari/537.36 http://localhost:51722/User/LogOn 200 0 0 89
2017-03-27 15:09:32 ::1 GET /images/logo_color.png - 51722 - ::1 Mozilla/5.0+(Windows+NT+10.0;+WOW64)+AppleWebKit/537.36+(KHTML,+like+Gecko)+Chrome/56.0.2924.87+Safari/537.36 http://localhost:51722/User/LogOn 200 0 0 81
2017-03-27 15:09:32 ::1 GET /images/bg-form-field.gif - 51722 - ::1 Mozilla/5.0+(Windows+NT+10.0;+WOW64)+AppleWebKit/537.36+(KHTML,+like+Gecko)+Chrome/56.0.2924.87+Safari/537.36 http://localhost:51722/css/login-css?v=JFCQ7nhC5vdHG-j8zcKZ5EKoJ5APArU35BEMxZa96js1 200 0 0 4
2017-03-27 15:09:32 ::1 GET /images/bg-button-blue.gif - 51722 - ::1 Mozilla/5.0+(Windows+NT+10.0;+WOW64)+AppleWebKit/537.36+(KHTML,+like+Gecko)+Chrome/56.0.2924.87+Safari/537.36 http://localhost:51722/css/login-css?v=JFCQ7nhC5vdHG-j8zcKZ5EKoJ5APArU35BEMxZa96js1 200 0 0 4
2017-03-27 15:09:33 ::1 GET /favicon.ico - 51722 - ::1 Mozilla/5.0+(Windows+NT+10.0;+WOW64)+AppleWebKit/537.36+(KHTML,+like+Gecko)+Chrome/56.0.2924.87+Safari/537.36 http://localhost:51722/User/LogOn 200 0 0 29
2017-03-27 15:09:35 ::1 GET /__browserLink/requestData/bd9aa84470ab443b97f0ec52875b0f72 version=2 51722 - ::1 Mozilla/5.0+(Windows+NT+10.0;+WOW64)+AppleWebKit/537.36+(KHTML,+like+Gecko)+Chrome/56.0.2924.87+Safari/537.36 http://localhost:51722/User/LogOn 200 0 0 211
2017-03-27 15:17:19 ::1 POST /User/LogOn - 51722 - ::1 Mozilla/5.0+(Windows+NT+10.0;+WOW64)+AppleWebKit/537.36+(KHTML,+like+Gecko)+Chrome/56.0.2924.87+Safari/537.36 http://localhost:51722/User/LogOn 200 0 0 33330
2017-03-27 15:17:19 ::1 GET /__browserLink/requestData/47b8d60dfc5f4c56ad32c6539d4c5969 version=2 51722 - ::1 Mozilla/5.0+(Windows+NT+10.0;+WOW64)+AppleWebKit/537.36+(KHTML,+like+Gecko)+Chrome/56.0.2924.87+Safari/537.36 http://localhost:51722/User/LogOn 200 0 0 19
2017-03-27 15:18:25 ::1 POST /User/LogOn - 51722 - ::1 Mozilla/5.0+(Windows+NT+10.0;+WOW64)+AppleWebKit/537.36+(KHTML,+like+Gecko)+Chrome/56.0.2924.87+Safari/537.36 http://localhost:51722/User/LogOn 200 0 0 60626
2017-03-27 15:18:25 ::1 GET /__browserLink/requestData/3d842c15124b45b089188f8062e71c4c version=2 51722 - ::1 Mozilla/5.0+(Windows+NT+10.0;+WOW64)+AppleWebKit/537.36+(KHTML,+like+Gecko)+Chrome/56.0.2924.87+Safari/537.36 http://localhost:51722/User/LogOn 200 0 0 55
2017-03-27 15:18:52 ::1 POST /User/LogOn - 51722 - ::1 Mozilla/5.0+(Windows+NT+10.0;+WOW64)+AppleWebKit/537.36+(KHTML,+like+Gecko)+Chrome/56.0.2924.87+Safari/537.36 http://localhost:51722/User/LogOn 200 0 0 24294
2017-03-27 15:18:52 ::1 GET /__browserLink/requestData/9b5fae13be65404da6b539394832c032 version=2 51722 - ::1 Mozilla/5.0+(Windows+NT+10.0;+WOW64)+AppleWebKit/537.36+(KHTML,+like+Gecko)+Chrome/56.0.2924.87+Safari/537.36 http://localhost:51722/User/LogOn 200 0 0 13
2017-03-27 15:19:55 ::1 POST /User/LogOn - 51722 - ::1 Mozilla/5.0+(Windows+NT+10.0;+WOW64)+AppleWebKit/537.36+(KHTML,+like+Gecko)+Chrome/56.0.2924.87+Safari/537.36 http://localhost:51722/User/LogOn 200 0 0 4379
2017-03-27 15:19:55 ::1 GET /__browserLink/requestData/33f05fedc8cb4b18ac58345aa55b0c2c version=2 51722 - ::1 Mozilla/5.0+(Windows+NT+10.0;+WOW64)+AppleWebKit/537.36+(KHTML,+like+Gecko)+Chrome/56.0.2924.87+Safari/537.36 http://localhost:51722/User/LogOn 200 0 0 9
2017-03-27 15:20:22 ::1 POST /User/LogOn - 51722 - ::1 Mozilla/5.0+(Windows+NT+10.0;+WOW64)+AppleWebKit/537.36+(KHTML,+like+Gecko)+Chrome/56.0.2924.87+Safari/537.36 http://localhost:51722/User/LogOn 302 0 0 25343
2017-03-27 15:20:22 ::1 GET / - 51722 - ::1 Mozilla/5.0+(Windows+NT+10.0;+WOW64)+AppleWebKit/537.36+(KHTML,+like+Gecko)+Chrome/56.0.2924.87+Safari/537.36 http://localhost:51722/User/LogOn 302 0 0 22
2017-03-27 15:20:37 ::1 GET /Dashboard/ViewDashboard - 51722 - ::1 Mozilla/5.0+(Windows+NT+10.0;+WOW64)+AppleWebKit/537.36+(KHTML,+like+Gecko)+Chrome/56.0.2924.87+Safari/537.36 http://localhost:51722/User/LogOn 200 0 0 14271
2017-03-27 15:20:37 ::1 GET /css/SiteLayoutPageForMasters-css v=2tREWKLnVzkeirVT_a51jFK-c-t3d2rYGT5rOLrUXwI1 51722 - ::1 Mozilla/5.0+(Windows+NT+10.0;+WOW64)+AppleWebKit/537.36+(KHTML,+like+Gecko)+Chrome/56.0.2924.87+Safari/537.36 http://localhost:51722/Dashboard/ViewDashboard 200 0 0 70
2017-03-27 15:20:37 ::1 GET /Scripts/SiteLayoutPageForMasters-js v=DirW9OyH9H8bJx5e09efMra6GF1GfmxaSxR-Uzl2eP81 51722 - ::1 Mozilla/5.0+(Windows+NT+10.0;+WOW64)+AppleWebKit/537.36+(KHTML,+like+Gecko)+Chrome/56.0.2924.87+Safari/537.36 http://localhost:51722/Dashboard/ViewDashboard 200 0 0 86
2017-03-27 15:20:37 ::1 GET /images/logo_1.png - 51722 - ::1 Mozilla/5.0+(Windows+NT+10.0;+WOW64)+AppleWebKit/537.36+(KHTML,+like+Gecko)+Chrome/56.0.2924.87+Safari/537.36 http://localhost:51722/Dashboard/ViewDashboard 200 0 0 38
2017-03-27 15:20:37 ::1 GET /images/icons/home_48.png - 51722 - ::1 Mozilla/5.0+(Windows+NT+10.0;+WOW64)+AppleWebKit/537.36+(KHTML,+like+Gecko)+Chrome/56.0.2924.87+Safari/537.36 http://localhost:51722/Dashboard/ViewDashboard 200 0 0 27
2017-03-27 15:20:37 ::1 GET /images/icons/users_two_48.png - 51722 - ::1 Mozilla/5.0+(Windows+NT+10.0;+WOW64)+AppleWebKit/537.36+(KHTML,+like+Gecko)+Chrome/56.0.2924.87+Safari/537.36 http://localhost:51722/Dashboard/ViewDashboard 200 0 0 16
2017-03-27 15:20:37 ::1 GET /images/ui-bg_flat_75_ffffff_40x100.png - 51722 - ::1 Mozilla/5.0+(Windows+NT+10.0;+WOW64)+AppleWebKit/537.36+(KHTML,+like+Gecko)+Chrome/56.0.2924.87+Safari/537.36 http://localhost:51722/css/SiteLayoutPageForMasters-css?v=2tREWKLnVzkeirVT_a51jFK-c-t3d2rYGT5rOLrUXwI1 200 0 0 15
2017-03-27 15:20:37 ::1 GET /images/icons/pie_chart_48.png - 51722 - ::1 Mozilla/5.0+(Windows+NT+10.0;+WOW64)+AppleWebKit/537.36+(KHTML,+like+Gecko)+Chrome/56.0.2924.87+Safari/537.36 http://localhost:51722/Dashboard/ViewDashboard 200 0 0 18
2017-03-27 15:20:37 ::1 GET /images/ui-icons_222222_256x240.png - 51722 - ::1 Mozilla/5.0+(Windows+NT+10.0;+WOW64)+AppleWebKit/537.36+(KHTML,+like+Gecko)+Chrome/56.0.2924.87+Safari/537.36 http://localhost:51722/css/SiteLayoutPageForMasters-css?v=2tREWKLnVzkeirVT_a51jFK-c-t3d2rYGT5rOLrUXwI1 200 0 0 22
2017-03-27 15:20:37 ::1 GET /images/bg-menu-item-current.gif - 51722 - ::1 Mozilla/5.0+(Windows+NT+10.0;+WOW64)+AppleWebKit/537.36+(KHTML,+like+Gecko)+Chrome/56.0.2924.87+Safari/537.36 http://localhost:51722/css/SiteLayoutPageForMasters-css?v=2tREWKLnVzkeirVT_a51jFK-c-t3d2rYGT5rOLrUXwI1 200 0 0 5
2017-03-27 15:20:37 ::1 GET /images/bg-body.gif - 51722 - ::1 Mozilla/5.0+(Windows+NT+10.0;+WOW64)+AppleWebKit/537.36+(KHTML,+like+Gecko)+Chrome/56.0.2924.87+Safari/537.36 http://localhost:51722/css/SiteLayoutPageForMasters-css?v=2tREWKLnVzkeirVT_a51jFK-c-t3d2rYGT5rOLrUXwI1 200 0 0 27
2017-03-27 15:20:37 ::1 GET /images/bg-menu-item-blue.gif - 51722 - ::1 Mozilla/5.0+(Windows+NT+10.0;+WOW64)+AppleWebKit/537.36+(KHTML,+like+Gecko)+Chrome/56.0.2924.87+Safari/537.36 http://localhost:51722/css/SiteLayoutPageForMasters-css?v=2tREWKLnVzkeirVT_a51jFK-c-t3d2rYGT5rOLrUXwI1 200 0 0 32
2017-03-27 15:20:37 ::1 GET /images/shortcut-button-bg.gif - 51722 - ::1 Mozilla/5.0+(Windows+NT+10.0;+WOW64)+AppleWebKit/537.36+(KHTML,+like+Gecko)+Chrome/56.0.2924.87+Safari/537.36 http://localhost:51722/css/SiteLayoutPageForMasters-css?v=2tREWKLnVzkeirVT_a51jFK-c-t3d2rYGT5rOLrUXwI1 200 0 0 38
2017-03-27 15:20:37 ::1 GET /images/bg-content-box.gif - 51722 - ::1 Mozilla/5.0+(Windows+NT+10.0;+WOW64)+AppleWebKit/537.36+(KHTML,+like+Gecko)+Chrome/56.0.2924.87+Safari/537.36 http://localhost:51722/css/SiteLayoutPageForMasters-css?v=2tREWKLnVzkeirVT_a51jFK-c-t3d2rYGT5rOLrUXwI1 200 0 0 9
2017-03-27 15:20:37 ::1 GET /__browserLink/requestData/b8d34e3f3cff4830b3d9688109305dbd version=2 51722 - ::1 Mozilla/5.0+(Windows+NT+10.0;+WOW64)+AppleWebKit/537.36+(KHTML,+like+Gecko)+Chrome/56.0.2924.87+Safari/537.36 http://localhost:51722/Dashboard/ViewDashboard 200 0 0 140
2017-03-27 15:20:38 ::1 GET /Dashboard/getAjaxTab/1 sDate=null&eDate=null 51722 - ::1 Mozilla/5.0+(Windows+NT+10.0;+WOW64)+AppleWebKit/537.36+(KHTML,+like+Gecko)+Chrome/56.0.2924.87+Safari/537.36 http://localhost:51722/Dashboard/ViewDashboard 200 0 0 494
2017-03-27 15:20:38 ::1 GET /Scripts/v2/morris.charts/morris.css - 51722 - ::1 Mozilla/5.0+(Windows+NT+10.0;+WOW64)+AppleWebKit/537.36+(KHTML,+like+Gecko)+Chrome/56.0.2924.87+Safari/537.36 http://localhost:51722/Dashboard/ViewDashboard 200 0 0 7
2017-03-27 15:20:38 ::1 GET /Scripts/v2/easy.pie.chart/style.css - 51722 - ::1 Mozilla/5.0+(Windows+NT+10.0;+WOW64)+AppleWebKit/537.36+(KHTML,+like+Gecko)+Chrome/56.0.2924.87+Safari/537.36 http://localhost:51722/Dashboard/ViewDashboard 200 0 0 31
2017-03-27 15:20:38 ::1 GET /Scripts/v2/easy.pie.chart/jquery.easing.1.3.js _=1490628038057 51722 - ::1 Mozilla/5.0+(Windows+NT+10.0;+WOW64)+AppleWebKit/537.36+(KHTML,+like+Gecko)+Chrome/56.0.2924.87+Safari/537.36 http://localhost:51722/Dashboard/ViewDashboard 200 0 0 43
2017-03-27 15:20:38 ::1 GET /Scripts/v2/easy.pie.chart/jquery.easypiechart.min.js _=1490628038105 51722 - ::1 Mozilla/5.0+(Windows+NT+10.0;+WOW64)+AppleWebKit/537.36+(KHTML,+like+Gecko)+Chrome/56.0.2924.87+Safari/537.36 http://localhost:51722/Dashboard/ViewDashboard 200 0 0 27
2017-03-27 15:20:38 ::1 GET /Scripts/v2/morris.charts/morris.min.js _=1490628038135 51722 - ::1 Mozilla/5.0+(Windows+NT+10.0;+WOW64)+AppleWebKit/537.36+(KHTML,+like+Gecko)+Chrome/56.0.2924.87+Safari/537.36 http://localhost:51722/Dashboard/ViewDashboard 200 0 0 93
2017-03-27 15:20:38 ::1 GET /Scripts/v2/morris.charts/raphael.min.js _=1490628038233 51722 - ::1 Mozilla/5.0+(Windows+NT+10.0;+WOW64)+AppleWebKit/537.36+(KHTML,+like+Gecko)+Chrome/56.0.2924.87+Safari/537.36 http://localhost:51722/Dashboard/ViewDashboard 200 0 0 102
2017-03-27 15:20:38 ::1 GET /css/chosen-sprite.png - 51722 - ::1 Mozilla/5.0+(Windows+NT+10.0;+WOW64)+AppleWebKit/537.36+(KHTML,+like+Gecko)+Chrome/56.0.2924.87+Safari/537.36 http://localhost:51722/css/SiteLayoutPageForMasters-css?v=2tREWKLnVzkeirVT_a51jFK-c-t3d2rYGT5rOLrUXwI1 200 0 0 34
2017-03-27 15:20:38 ::1 GET /Images/loading.gif - 51722 - ::1 Mozilla/5.0+(Windows+NT+10.0;+WOW64)+AppleWebKit/537.36+(KHTML,+like+Gecko)+Chrome/56.0.2924.87+Safari/537.36 http://localhost:51722/Dashboard/ViewDashboard 200 0 0 30
2017-03-27 15:20:41 ::1 GET /Dashboard/GetExpenseApprovals/ sDate=null&eDate=null 51722 - ::1 Mozilla/5.0+(Windows+NT+10.0;+WOW64)+AppleWebKit/537.36+(KHTML,+like+Gecko)+Chrome/56.0.2924.87+Safari/537.36 http://localhost:51722/Dashboard/ViewDashboard 200 0 0 3139
2017-03-27 15:20:43 ::1 GET /Dashboard/GetExpenseTypesAmount/ sDate=null&eDate=null 51722 - ::1 Mozilla/5.0+(Windows+NT+10.0;+WOW64)+AppleWebKit/537.36+(KHTML,+like+Gecko)+Chrome/56.0.2924.87+Safari/537.36 http://localhost:51722/Dashboard/ViewDashboard 200 0 0 4586
2017-03-27 15:20:43 ::1 GET /Dashboard/GetExpenseSubmissions/ sDate=null&eDate=null 51722 - ::1 Mozilla/5.0+(Windows+NT+10.0;+WOW64)+AppleWebKit/537.36+(KHTML,+like+Gecko)+Chrome/56.0.2924.87+Safari/537.36 http://localhost:51722/Dashboard/ViewDashboard 200 0 0 4964
2017-03-27 15:20:44 ::1 GET /Dashboard/GetPayMethodsAmount/ sDate=null&eDate=null 51722 - ::1 Mozilla/5.0+(Windows+NT+10.0;+WOW64)+AppleWebKit/537.36+(KHTML,+like+Gecko)+Chrome/56.0.2924.87+Safari/537.36 http://localhost:51722/Dashboard/ViewDashboard 200 0 0 5714
2017-03-27 15:20:45 ::1 GET /Dashboard/GetExpensePostings/ sDate=null&eDate=null 51722 - ::1 Mozilla/5.0+(Windows+NT+10.0;+WOW64)+AppleWebKit/537.36+(KHTML,+like+Gecko)+Chrome/56.0.2924.87+Safari/537.36 http://localhost:51722/Dashboard/ViewDashboard 200 0 0 6968
2017-03-27 15:20:55 ::1 GET /User/LogOff - 51722 - ::1 Mozilla/5.0+(Windows+NT+10.0;+WOW64)+AppleWebKit/537.36+(KHTML,+like+Gecko)+Chrome/56.0.2924.87+Safari/537.36 http://localhost:51722/Dashboard/ViewDashboard 302 0 0 49
2017-03-27 15:20:55 ::1 GET / - 51722 - ::1 Mozilla/5.0+(Windows+NT+10.0;+WOW64)+AppleWebKit/537.36+(KHTML,+like+Gecko)+Chrome/56.0.2924.87+Safari/537.36 http://localhost:51722/Dashboard/ViewDashboard 302 0 0 39
2017-03-27 15:20:55 ::1 GET /User/LogOn - 51722 - ::1 Mozilla/5.0+(Windows+NT+10.0;+WOW64)+AppleWebKit/537.36+(KHTML,+like+Gecko)+Chrome/56.0.2924.87+Safari/537.36 http://localhost:51722/Dashboard/ViewDashboard 200 0 0 131
2017-03-27 15:20:55 ::1 GET /__browserLink/requestData/3de9733e01994e06b7ca5b214dee0563 version=2 51722 - ::1 Mozilla/5.0+(Windows+NT+10.0;+WOW64)+AppleWebKit/537.36+(KHTML,+like+Gecko)+Chrome/56.0.2924.87+Safari/537.36 http://localhost:51722/User/LogOn 200 0 0 15
2017-03-27 15:21:16 ::1 POST /User/LogOn - 51722 - ::1 Mozilla/5.0+(Windows+NT+10.0;+WOW64)+AppleWebKit/537.36+(KHTML,+like+Gecko)+Chrome/56.0.2924.87+Safari/537.36 http://localhost:51722/User/LogOn 200 0 0 8710
2017-03-27 15:21:17 ::1 GET /__browserLink/requestData/1e30d1597199401b937c12ecd8c461ed version=2 51722 - ::1 Mozilla/5.0+(Windows+NT+10.0;+WOW64)+AppleWebKit/537.36+(KHTML,+like+Gecko)+Chrome/56.0.2924.87+Safari/537.36 http://localhost:51722/User/LogOn 200 0 0 10
2017-03-27 15:21:36 ::1 POST /User/LogOn - 51722 - ::1 Mozilla/5.0+(Windows+NT+10.0;+WOW64)+AppleWebKit/537.36+(KHTML,+like+Gecko)+Chrome/56.0.2924.87+Safari/537.36 http://localhost:51722/User/LogOn 302 0 0 18501
2017-03-27 15:21:58 ::1 GET / - 51722 - ::1 Mozilla/5.0+(Windows+NT+10.0;+WOW64)+AppleWebKit/537.36+(KHTML,+like+Gecko)+Chrome/56.0.2924.87+Safari/537.36 http://localhost:51722/User/LogOn 200 0 0 21571
2017-03-27 15:21:58 ::1 GET /css/site-home-css v=AqCR0tX5sBhH20ewK0EPCDcrTk628Pi6iulHxyYTIc41 51722 - ::1 Mozilla/5.0+(Windows+NT+10.0;+WOW64)+AppleWebKit/537.36+(KHTML,+like+Gecko)+Chrome/56.0.2924.87+Safari/537.36 http://localhost:51722/ 200 0 0 19
2017-03-27 15:21:58 ::1 GET /Scripts/site-home-js v=AV1K_ijGoRipvhQZlOQVGnqLD_fMcoEXETSdoeNuZU81 51722 - ::1 Mozilla/5.0+(Windows+NT+10.0;+WOW64)+AppleWebKit/537.36+(KHTML,+like+Gecko)+Chrome/56.0.2924.87+Safari/537.36 http://localhost:51722/ 200 0 0 64
2017-03-27 15:21:58 ::1 GET /images/icons/paper_pencil_48.png - 51722 - ::1 Mozilla/5.0+(Windows+NT+10.0;+WOW64)+AppleWebKit/537.36+(KHTML,+like+Gecko)+Chrome/56.0.2924.87+Safari/537.36 http://localhost:51722/ 200 0 0 27
2017-03-27 15:21:58 ::1 GET /images/icons/add_48.png - 51722 - ::1 Mozilla/5.0+(Windows+NT+10.0;+WOW64)+AppleWebKit/537.36+(KHTML,+like+Gecko)+Chrome/56.0.2924.87+Safari/537.36 http://localhost:51722/ 200 0 0 22
2017-03-27 15:21:58 ::1 GET /images/icons/exclamation.png - 51722 - ::1 Mozilla/5.0+(Windows+NT+10.0;+WOW64)+AppleWebKit/537.36+(KHTML,+like+Gecko)+Chrome/56.0.2924.87+Safari/537.36 http://localhost:51722/css/site-home-css?v=AqCR0tX5sBhH20ewK0EPCDcrTk628Pi6iulHxyYTIc41 200 0 0 17
2017-03-27 15:21:58 ::1 GET /__browserLink/requestData/2c2491d3f66d45a4b4da9604bb9b45ae version=2 51722 - ::1 Mozilla/5.0+(Windows+NT+10.0;+WOW64)+AppleWebKit/537.36+(KHTML,+like+Gecko)+Chrome/56.0.2924.87+Safari/537.36 http://localhost:51722/ 200 0 0 12
2017-03-27 15:22:17 ::1 GET /Expense - 51722 - ::1 Mozilla/5.0+(Windows+NT+10.0;+WOW64)+AppleWebKit/537.36+(KHTML,+like+Gecko)+Chrome/56.0.2924.87+Safari/537.36 http://localhost:51722/ 200 0 0 3922
2017-03-27 15:22:17 ::1 GET /Scripts/chosen/chosen.css - 51722 - ::1 Mozilla/5.0+(Windows+NT+10.0;+WOW64)+AppleWebKit/537.36+(KHTML,+like+Gecko)+Chrome/56.0.2924.87+Safari/537.36 http://localhost:51722/Expense 200 0 0 33
2017-03-27 15:22:17 ::1 GET /Scripts/chosen/chosen.jquery.js - 51722 - ::1 Mozilla/5.0+(Windows+NT+10.0;+WOW64)+AppleWebKit/537.36+(KHTML,+like+Gecko)+Chrome/56.0.2924.87+Safari/537.36 http://localhost:51722/Expense 200 0 0 94
2017-03-27 15:22:17 ::1 GET /images/menu-current-arrow.gif - 51722 - ::1 Mozilla/5.0+(Windows+NT+10.0;+WOW64)+AppleWebKit/537.36+(KHTML,+like+Gecko)+Chrome/56.0.2924.87+Safari/537.36 http://localhost:51722/css/site-home-css?v=AqCR0tX5sBhH20ewK0EPCDcrTk628Pi6iulHxyYTIc41 200 0 0 3
2017-03-27 15:22:17 ::1 GET /__browserLink/requestData/3b64708601814070b3d9e390e29a9cbd version=2 51722 - ::1 Mozilla/5.0+(Windows+NT+10.0;+WOW64)+AppleWebKit/537.36+(KHTML,+like+Gecko)+Chrome/56.0.2924.87+Safari/537.36 http://localhost:51722/Expense 200 0 0 14
2017-03-27 15:23:43 ::1 GET /Expense/Create - 51722 - ::1 Mozilla/5.0+(Windows+NT+10.0;+WOW64)+AppleWebKit/537.36+(KHTML,+like+Gecko)+Chrome/56.0.2924.87+Safari/537.36 http://localhost:51722/Expense 200 0 0 11943
2017-03-27 15:23:43 ::1 GET /Scripts/chosen/chosen-sprite.png - 51722 - ::1 Mozilla/5.0+(Windows+NT+10.0;+WOW64)+AppleWebKit/537.36+(KHTML,+like+Gecko)+Chrome/56.0.2924.87+Safari/537.36 http://localhost:51722/Scripts/chosen/chosen.css 200 0 0 115
2017-03-27 15:23:43 ::1 GET /Expense/GetTravelTypeHeaderMapping TravelTypeId=17 51722 - ::1 Mozilla/5.0+(Windows+NT+10.0;+WOW64)+AppleWebKit/537.36+(KHTML,+like+Gecko)+Chrome/56.0.2924.87+Safari/537.36 http://localhost:51722/Expense/Create 200 0 0 122
2017-03-27 15:23:43 ::1 GET /__browserLink/requestData/e5e3196e83c244a7becfa12566e87949 version=2 51722 - ::1 Mozilla/5.0+(Windows+NT+10.0;+WOW64)+AppleWebKit/537.36+(KHTML,+like+Gecko)+Chrome/56.0.2924.87+Safari/537.36 http://localhost:51722/Expense/Create 200 0 0 50
2017-03-27 15:23:44 ::1 GET /TravelType/IsSubTravelCashAdvanced TravelTypeId=17 51722 - ::1 Mozilla/5.0+(Windows+NT+10.0;+WOW64)+AppleWebKit/537.36+(KHTML,+like+Gecko)+Chrome/56.0.2924.87+Safari/537.36 http://localhost:51722/Expense/Create 200 0 0 1284
2017-03-27 15:23:53 ::1 GET /images/ui-bg_glass_75_e6e6e6_1x400.png - 51722 - ::1 Mozilla/5.0+(Windows+NT+10.0;+WOW64)+AppleWebKit/537.36+(KHTML,+like+Gecko)+Chrome/56.0.2924.87+Safari/537.36 http://localhost:51722/css/site-home-css?v=AqCR0tX5sBhH20ewK0EPCDcrTk628Pi6iulHxyYTIc41 200 0 0 5
2017-03-27 15:23:53 ::1 GET /images/ui-bg_highlight-soft_75_cccccc_1x100.png - 51722 - ::1 Mozilla/5.0+(Windows+NT+10.0;+WOW64)+AppleWebKit/537.36+(KHTML,+like+Gecko)+Chrome/56.0.2924.87+Safari/537.36 http://localhost:51722/css/site-home-css?v=AqCR0tX5sBhH20ewK0EPCDcrTk628Pi6iulHxyYTIc41 200 0 0 6
2017-03-27 15:23:53 ::1 GET /images/ui-bg_glass_55_fbf9ee_1x400.png - 51722 - ::1 Mozilla/5.0+(Windows+NT+10.0;+WOW64)+AppleWebKit/537.36+(KHTML,+like+Gecko)+Chrome/56.0.2924.87+Safari/537.36 http://localhost:51722/css/site-home-css?v=AqCR0tX5sBhH20ewK0EPCDcrTk628Pi6iulHxyYTIc41 200 0 0 8
2017-03-27 15:23:54 ::1 GET /images/ui-bg_glass_75_dadada_1x400.png - 51722 - ::1 Mozilla/5.0+(Windows+NT+10.0;+WOW64)+AppleWebKit/537.36+(KHTML,+like+Gecko)+Chrome/56.0.2924.87+Safari/537.36 http://localhost:51722/css/site-home-css?v=AqCR0tX5sBhH20ewK0EPCDcrTk628Pi6iulHxyYTIc41 200 0 0 7
2017-03-27 15:23:56 ::1 GET /images/ui-bg_glass_65_ffffff_1x400.png - 51722 - ::1 Mozilla/5.0+(Windows+NT+10.0;+WOW64)+AppleWebKit/537.36+(KHTML,+like+Gecko)+Chrome/56.0.2924.87+Safari/537.36 http://localhost:51722/css/site-home-css?v=AqCR0tX5sBhH20ewK0EPCDcrTk628Pi6iulHxyYTIc41 200 0 0 3
2017-03-27 15:24:06 ::1 POST /Expense/Create - 51722 - ::1 Mozilla/5.0+(Windows+NT+10.0;+WOW64)+AppleWebKit/537.36+(KHTML,+like+Gecko)+Chrome/56.0.2924.87+Safari/537.36 http://localhost:51722/Expense/Create 302 0 0 5011
2017-03-27 15:24:14 ::1 GET /Expense/AddTransactionToReport ExpenseId=123 51722 - ::1 Mozilla/5.0+(Windows+NT+10.0;+WOW64)+AppleWebKit/537.36+(KHTML,+like+Gecko)+Chrome/56.0.2924.87+Safari/537.36 http://localhost:51722/Expense/Create 200 0 0 7885
2017-03-27 15:24:14 ::1 GET /css/tranx-gorilla-css v=1ee7wey9jOjuOBvePiFQfakhzxfcrOPyzTaAVzyYPO41 51722 - ::1 Mozilla/5.0+(Windows+NT+10.0;+WOW64)+AppleWebKit/537.36+(KHTML,+like+Gecko)+Chrome/56.0.2924.87+Safari/537.36 http://localhost:51722/Expense/AddTransactionToReport?ExpenseId=123 200 0 0 22
2017-03-27 15:24:14 ::1 GET /scripts/v2/progress.min.css - 51722 - ::1 Mozilla/5.0+(Windows+NT+10.0;+WOW64)+AppleWebKit/537.36+(KHTML,+like+Gecko)+Chrome/56.0.2924.87+Safari/537.36 http://localhost:51722/Expense/AddTransactionToReport?ExpenseId=123 200 0 0 51
2017-03-27 15:24:14 ::1 GET /css/jquery.loading.1.6.css - 51722 - ::1 Mozilla/5.0+(Windows+NT+10.0;+WOW64)+AppleWebKit/537.36+(KHTML,+like+Gecko)+Chrome/56.0.2924.87+Safari/537.36 http://localhost:51722/Expense/AddTransactionToReport?ExpenseId=123 200 0 0 51
2017-03-27 15:24:14 ::1 GET /Scripts/tranx-gorilla-js v=HEb0gldBuIh13UEztM3sMgRRLx67H1ZOvkNsIMGR_Ng1 51722 - ::1 Mozilla/5.0+(Windows+NT+10.0;+WOW64)+AppleWebKit/537.36+(KHTML,+like+Gecko)+Chrome/56.0.2924.87+Safari/537.36 http://localhost:51722/Expense/AddTransactionToReport?ExpenseId=123 200 0 0 41
2017-03-27 15:24:14 ::1 GET /Scripts/v2/common.js - 51722 - ::1 Mozilla/5.0+(Windows+NT+10.0;+WOW64)+AppleWebKit/537.36+(KHTML,+like+Gecko)+Chrome/56.0.2924.87+Safari/537.36 http://localhost:51722/Expense/AddTransactionToReport?ExpenseId=123 200 0 0 65
2017-03-27 15:24:14 ::1 GET /Scripts/jquery.loading.1.6.4.min.js - 51722 - ::1 Mozilla/5.0+(Windows+NT+10.0;+WOW64)+AppleWebKit/537.36+(KHTML,+like+Gecko)+Chrome/56.0.2924.87+Safari/537.36 http://localhost:51722/Expense/AddTransactionToReport?ExpenseId=123 200 0 0 83
2017-03-27 15:24:14 ::1 GET /TravelType/IsSubTravelCashAdvanced TravelTypeId=17 51722 - ::1 Mozilla/5.0+(Windows+NT+10.0;+WOW64)+AppleWebKit/537.36+(KHTML,+like+Gecko)+Chrome/56.0.2924.87+Safari/537.36 http://localhost:51722/Expense/AddTransactionToReport?ExpenseId=123 200 0 0 332
2017-03-27 15:24:14 ::1 GET /__browserLink/requestData/862f1f12ee7044bfa820823282e6fdd6 version=2 51722 - ::1 Mozilla/5.0+(Windows+NT+10.0;+WOW64)+AppleWebKit/537.36+(KHTML,+like+Gecko)+Chrome/56.0.2924.87+Safari/537.36 http://localhost:51722/Expense/AddTransactionToReport?ExpenseId=123 200 0 0 49
2017-03-27 15:24:16 ::1 GET /Expense/PrepareExpenseApprovalProgressBar/ ExpenseId=123&UserId=278&_=1490628254856 51722 - ::1 Mozilla/5.0+(Windows+NT+10.0;+WOW64)+AppleWebKit/537.36+(KHTML,+like+Gecko)+Chrome/56.0.2924.87+Safari/537.36 http://localhost:51722/Expense/AddTransactionToReport?ExpenseId=123 200 0 0 1393
2017-03-27 15:24:16 ::1 GET /Expense/GetTravelTypeHeaderMapping TravelTypeId=17 51722 - ::1 Mozilla/5.0+(Windows+NT+10.0;+WOW64)+AppleWebKit/537.36+(KHTML,+like+Gecko)+Chrome/56.0.2924.87+Safari/537.36 http://localhost:51722/Expense/AddTransactionToReport?ExpenseId=123 200 0 0 1706
2017-03-27 15:24:44 ::1 GET /images/ui-bg_flat_0_aaaaaa_40x100.png - 51722 - ::1 Mozilla/5.0+(Windows+NT+10.0;+WOW64)+AppleWebKit/537.36+(KHTML,+like+Gecko)+Chrome/56.0.2924.87+Safari/537.36 http://localhost:51722/css/site-home-css?v=AqCR0tX5sBhH20ewK0EPCDcrTk628Pi6iulHxyYTIc41 200 0 0 7
2017-03-27 15:25:05 ::1 GET /Expense/AddNewTransaction ExpenseId=123 51722 - ::1 Mozilla/5.0+(Windows+NT+10.0;+WOW64)+AppleWebKit/537.36+(KHTML,+like+Gecko)+Chrome/56.0.2924.87+Safari/537.36 http://localhost:51722/Expense/AddTransactionToReport?ExpenseId=123 200 0 0 20994
2017-03-27 15:25:05 ::1 GET /Scripts/v2/jquery.validate.unobtrusive.js - 51722 - ::1 Mozilla/5.0+(Windows+NT+10.0;+WOW64)+AppleWebKit/537.36+(KHTML,+like+Gecko)+Chrome/56.0.2924.87+Safari/537.36 http://localhost:51722/Expense/AddTransactionToReport?ExpenseId=123 200 0 0 43
2017-03-27 15:25:05 ::1 GET /Scripts/chosen/ChosenOriginal.css - 51722 - ::1 Mozilla/5.0+(Windows+NT+10.0;+WOW64)+AppleWebKit/537.36+(KHTML,+like+Gecko)+Chrome/56.0.2924.87+Safari/537.36 http://localhost:51722/Expense/AddTransactionToReport?ExpenseId=123 200 0 0 62
2017-03-27 15:25:05 ::1 GET /PayMethod/GetPayMethodIsReimbursable MethodId=2 51722 - ::1 Mozilla/5.0+(Windows+NT+10.0;+WOW64)+AppleWebKit/537.36+(KHTML,+like+Gecko)+Chrome/56.0.2924.87+Safari/537.36 http://localhost:51722/Expense/AddTransactionToReport?ExpenseId=123 200 0 0 176
2017-03-27 15:25:06 ::1 GET /User/GetEmployees - 51722 - ::1 Mozilla/5.0+(Windows+NT+10.0;+WOW64)+AppleWebKit/537.36+(KHTML,+like+Gecko)+Chrome/56.0.2924.87+Safari/537.36 http://localhost:51722/Expense/AddTransactionToReport?ExpenseId=123 200 0 0 1156
2017-03-27 15:25:19 ::1 GET /Expense/GetViolationReasonsList/ ExpenseTypeId=481 51722 - ::1 Mozilla/5.0+(Windows+NT+10.0;+WOW64)+AppleWebKit/537.36+(KHTML,+like+Gecko)+Chrome/56.0.2924.87+Safari/537.36 http://localhost:51722/Expense/AddTransactionToReport?ExpenseId=123 200 0 0 256
2017-03-27 15:25:19 ::1 GET /ExpenseDetail/GetExpenseTypePolicyAmount ExpenseTypeId=481 51722 - ::1 Mozilla/5.0+(Windows+NT+10.0;+WOW64)+AppleWebKit/537.36+(KHTML,+like+Gecko)+Chrome/56.0.2924.87+Safari/537.36 http://localhost:51722/Expense/AddTransactionToReport?ExpenseId=123 200 0 0 614
2017-03-27 15:25:19 ::1 GET /ExpenseDetail/GetCurrencyRate currencyId=168&transactionDate=3/27/2017 51722 - ::1 Mozilla/5.0+(Windows+NT+10.0;+WOW64)+AppleWebKit/537.36+(KHTML,+like+Gecko)+Chrome/56.0.2924.87+Safari/537.36 http://localhost:51722/Expense/AddTransactionToReport?ExpenseId=123 200 0 0 61
2017-03-27 15:25:20 ::1 GET /AjaxCall/FindAndApplyCodeCombinationRule/ ProjectId=undefined&ExpenseTypeId=481&ExpenseDate=3/27/2017 51722 - ::1 Mozilla/5.0+(Windows+NT+10.0;+WOW64)+AppleWebKit/537.36+(KHTML,+like+Gecko)+Chrome/56.0.2924.87+Safari/537.36 http://localhost:51722/Expense/AddTransactionToReport?ExpenseId=123 200 0 0 1599
2017-03-27 15:25:20 ::1 GET /AjaxCall/GetBusinessActivityList/ - 51722 - ::1 Mozilla/5.0+(Windows+NT+10.0;+WOW64)+AppleWebKit/537.36+(KHTML,+like+Gecko)+Chrome/56.0.2924.87+Safari/537.36 http://localhost:51722/Expense/AddTransactionToReport?ExpenseId=123 200 0 0 49
2017-03-27 15:25:20 ::1 GET /Expense/GetReceiptViolationReasonsList/ ExpenseTypeId=481 51722 - ::1 Mozilla/5.0+(Windows+NT+10.0;+WOW64)+AppleWebKit/537.36+(KHTML,+like+Gecko)+Chrome/56.0.2924.87+Safari/537.36 http://localhost:51722/Expense/AddTransactionToReport?ExpenseId=123 200 0 0 2109
2017-03-27 15:25:20 ::1 GET /AjaxCall/GetReferenceList/ - 51722 - ::1 Mozilla/5.0+(Windows+NT+10.0;+WOW64)+AppleWebKit/537.36+(KHTML,+like+Gecko)+Chrome/56.0.2924.87+Safari/537.36 http://localhost:51722/Expense/AddTransactionToReport?ExpenseId=123 200 0 0 824
2017-03-27 15:26:00 ::1 POST /Expense/AddNewTransaction - 51722 - ::1 Mozilla/5.0+(Windows+NT+10.0;+WOW64)+AppleWebKit/537.36+(KHTML,+like+Gecko)+Chrome/56.0.2924.87+Safari/537.36 http://localhost:51722/Expense/AddTransactionToReport?ExpenseId=123 302 0 0 18884
2017-03-27 15:26:06 ::1 GET /Expense/AddTransactionToReport ExpenseId=123 51722 - ::1 Mozilla/5.0+(Windows+NT+10.0;+WOW64)+AppleWebKit/537.36+(KHTML,+like+Gecko)+Chrome/56.0.2924.87+Safari/537.36 http://localhost:51722/Expense/AddTransactionToReport?ExpenseId=123 200 0 0 5760
2017-03-27 15:26:06 ::1 GET /images/icons/cross.png - 51722 - ::1 Mozilla/5.0+(Windows+NT+10.0;+WOW64)+AppleWebKit/537.36+(KHTML,+like+Gecko)+Chrome/56.0.2924.87+Safari/537.36 http://localhost:51722/Expense/AddTransactionToReport?ExpenseId=123 200 0 0 16
2017-03-27 15:26:06 ::1 GET /images/icons/pencil.png - 51722 - ::1 Mozilla/5.0+(Windows+NT+10.0;+WOW64)+AppleWebKit/537.36+(KHTML,+like+Gecko)+Chrome/56.0.2924.87+Safari/537.36 http://localhost:51722/Expense/AddTransactionToReport?ExpenseId=123 200 0 0 15
2017-03-27 15:26:06 ::1 GET /images/icons/copy.png - 51722 - ::1 Mozilla/5.0+(Windows+NT+10.0;+WOW64)+AppleWebKit/537.36+(KHTML,+like+Gecko)+Chrome/56.0.2924.87+Safari/537.36 http://localhost:51722/Expense/AddTransactionToReport?ExpenseId=123 200 0 0 31
2017-03-27 15:26:06 ::1 GET /images/icons/split.png - 51722 - ::1 Mozilla/5.0+(Windows+NT+10.0;+WOW64)+AppleWebKit/537.36+(KHTML,+like+Gecko)+Chrome/56.0.2924.87+Safari/537.36 http://localhost:51722/Expense/AddTransactionToReport?ExpenseId=123 200 0 0 12
2017-03-27 15:26:06 ::1 GET /Expense/GetTravelTypeHeaderMapping TravelTypeId=17 51722 - ::1 Mozilla/5.0+(Windows+NT+10.0;+WOW64)+AppleWebKit/537.36+(KHTML,+like+Gecko)+Chrome/56.0.2924.87+Safari/537.36 http://localhost:51722/Expense/AddTransactionToReport?ExpenseId=123 200 0 0 209
2017-03-27 15:26:06 ::1 GET /__browserLink/requestData/03343cf2a0dd43059fdd3755bbd06cdd version=2 51722 - ::1 Mozilla/5.0+(Windows+NT+10.0;+WOW64)+AppleWebKit/537.36+(KHTML,+like+Gecko)+Chrome/56.0.2924.87+Safari/537.36 http://localhost:51722/Expense/AddTransactionToReport?ExpenseId=123 200 0 0 31
2017-03-27 15:26:07 ::1 GET /Expense/PrepareExpenseApprovalProgressBar/ ExpenseId=123&UserId=278&_=1490628366918 51722 - ::1 Mozilla/5.0+(Windows+NT+10.0;+WOW64)+AppleWebKit/537.36+(KHTML,+like+Gecko)+Chrome/56.0.2924.87+Safari/537.36 http://localhost:51722/Expense/AddTransactionToReport?ExpenseId=123 200 0 0 961
2017-03-27 15:26:07 ::1 GET /TravelType/IsSubTravelCashAdvanced TravelTypeId=17 51722 - ::1 Mozilla/5.0+(Windows+NT+10.0;+WOW64)+AppleWebKit/537.36+(KHTML,+like+Gecko)+Chrome/56.0.2924.87+Safari/537.36 http://localhost:51722/Expense/AddTransactionToReport?ExpenseId=123 200 0 0 1215
2017-03-27 15:26:43 ::1 GET /ExpenseDetail/DisplayReceipt ExpenseDetailId=10619 51722 - ::1 Mozilla/5.0+(Windows+NT+10.0;+WOW64)+AppleWebKit/537.36+(KHTML,+like+Gecko)+Chrome/56.0.2924.87+Safari/537.36 http://localhost:51722/Expense/AddTransactionToReport?ExpenseId=123 200 0 0 18340
2017-03-27 15:26:43 ::1 GET /css/displayreceipt-css v=JFCQ7nhC5vdHG-j8zcKZ5EKoJ5APArU35BEMxZa96js1 51722 - ::1 Mozilla/5.0+(Windows+NT+10.0;+WOW64)+AppleWebKit/537.36+(KHTML,+like+Gecko)+Chrome/56.0.2924.87+Safari/537.36 http://localhost:51722/ExpenseDetail/DisplayReceipt?ExpenseDetailId=10619 200 0 0 16
2017-03-27 15:26:43 ::1 GET /Scripts/displayreceipt-js v=2AlxdAYRlyg_4qrIwaOxfz6Y81AbcAqGH-bMVM7WxRg1 51722 - ::1 Mozilla/5.0+(Windows+NT+10.0;+WOW64)+AppleWebKit/537.36+(KHTML,+like+Gecko)+Chrome/56.0.2924.87+Safari/537.36 http://localhost:51722/ExpenseDetail/DisplayReceipt?ExpenseDetailId=10619 200 0 0 36
2017-03-27 15:27:03 ::1 GET /Expense - 51722 - ::1 Mozilla/5.0+(Windows+NT+10.0;+WOW64)+AppleWebKit/537.36+(KHTML,+like+Gecko)+Chrome/56.0.2924.87+Safari/537.36 http://localhost:51722/Expense/AddTransactionToReport?ExpenseId=123 200 0 0 2255
2017-03-27 15:27:03 ::1 GET /Images/icons/cross.png - 51722 - ::1 Mozilla/5.0+(Windows+NT+10.0;+WOW64)+AppleWebKit/537.36+(KHTML,+like+Gecko)+Chrome/56.0.2924.87+Safari/537.36 http://localhost:51722/Expense 200 0 0 14
2017-03-27 15:27:03 ::1 GET /__browserLink/requestData/952352b904604762bae3d8598ea319b3 version=2 51722 - ::1 Mozilla/5.0+(Windows+NT+10.0;+WOW64)+AppleWebKit/537.36+(KHTML,+like+Gecko)+Chrome/56.0.2924.87+Safari/537.36 http://localhost:51722/Expense 200 0 0 13
2017-03-27 15:27:09 ::1 GET /Expense/ViewMyReviewExpense ExpenseId=110&ManagerId=278 51722 - ::1 Mozilla/5.0+(Windows+NT+10.0;+WOW64)+AppleWebKit/537.36+(KHTML,+like+Gecko)+Chrome/56.0.2924.87+Safari/537.36 http://localhost:51722/Expense 200 0 0 2866
2017-03-27 15:27:09 ::1 GET /__browserLink/requestData/f7d28d3347c14479811623dc4383ee06 version=2 51722 - ::1 Mozilla/5.0+(Windows+NT+10.0;+WOW64)+AppleWebKit/537.36+(KHTML,+like+Gecko)+Chrome/56.0.2924.87+Safari/537.36 http://localhost:51722/Expense/ViewMyReviewExpense?ExpenseId=110&ManagerId=278 200 0 0 66
2017-03-27 15:27:09 ::1 GET /Expense/PrepareExpenseApprovalProgressBar/ ExpenseId=110&UserId=277&_=1490628429650 51722 - ::1 Mozilla/5.0+(Windows+NT+10.0;+WOW64)+AppleWebKit/537.36+(KHTML,+like+Gecko)+Chrome/56.0.2924.87+Safari/537.36 http://localhost:51722/Expense/ViewMyReviewExpense?ExpenseId=110&ManagerId=278 200 0 0 569
2017-03-27 15:27:10 ::1 GET /Expense/GetTravelTypeHeaderMapping TravelTypeId=17 51722 - ::1 Mozilla/5.0+(Windows+NT+10.0;+WOW64)+AppleWebKit/537.36+(KHTML,+like+Gecko)+Chrome/56.0.2924.87+Safari/537.36 http://localhost:51722/Expense/ViewMyReviewExpense?ExpenseId=110&ManagerId=278 200 0 0 1065
2017-03-27 15:27:45 ::1 GET /Expense/TransactionDetails ExpenseDetailId=9603&_=1490628464062 51722 - ::1 Mozilla/5.0+(Windows+NT+10.0;+WOW64)+AppleWebKit/537.36+(KHTML,+like+Gecko)+Chrome/56.0.2924.87+Safari/537.36 http://localhost:51722/Expense/ViewMyReviewExpense?ExpenseId=110&ManagerId=278 200 0 0 1823
2017-03-27 15:27:48 ::1 GET /images/ui-icons_454545_256x240.png - 51722 - ::1 Mozilla/5.0+(Windows+NT+10.0;+WOW64)+AppleWebKit/537.36+(KHTML,+like+Gecko)+Chrome/56.0.2924.87+Safari/537.36 http://localhost:51722/css/site-home-css?v=AqCR0tX5sBhH20ewK0EPCDcrTk628Pi6iulHxyYTIc41 200 0 0 41
2017-03-27 15:28:01 ::1 GET /Expense requestAction=Back 51722 - ::1 Mozilla/5.0+(Windows+NT+10.0;+WOW64)+AppleWebKit/537.36+(KHTML,+like+Gecko)+Chrome/56.0.2924.87+Safari/537.36 http://localhost:51722/Expense/ViewMyReviewExpense?ExpenseId=110&ManagerId=278 200 0 0 2535
2017-03-27 15:28:01 ::1 GET /__browserLink/requestData/da78b526cd3c41ecad4fa18993237d7e version=2 51722 - ::1 Mozilla/5.0+(Windows+NT+10.0;+WOW64)+AppleWebKit/537.36+(KHTML,+like+Gecko)+Chrome/56.0.2924.87+Safari/537.36 http://localhost:51722/Expense?requestAction=Back 200 0 0 12
2017-03-27 15:28:06 ::1 GET /Expense/ViewMyReviewExpense ExpenseId=119&ManagerId=278 51722 - ::1 Mozilla/5.0+(Windows+NT+10.0;+WOW64)+AppleWebKit/537.36+(KHTML,+like+Gecko)+Chrome/56.0.2924.87+Safari/537.36 http://localhost:51722/Expense?requestAction=Back 200 0 0 1808
2017-03-27 15:28:06 ::1 GET /__browserLink/requestData/6259ca4612374d3f95c14d2f30413d65 version=2 51722 - ::1 Mozilla/5.0+(Windows+NT+10.0;+WOW64)+AppleWebKit/537.36+(KHTML,+like+Gecko)+Chrome/56.0.2924.87+Safari/537.36 http://localhost:51722/Expense/ViewMyReviewExpense?ExpenseId=119&ManagerId=278 200 0 0 74
2017-03-27 15:28:06 ::1 GET /Expense/PrepareExpenseApprovalProgressBar/ ExpenseId=119&UserId=277&_=1490628486748 51722 - ::1 Mozilla/5.0+(Windows+NT+10.0;+WOW64)+AppleWebKit/537.36+(KHTML,+like+Gecko)+Chrome/56.0.2924.87+Safari/537.36 http://localhost:51722/Expense/ViewMyReviewExpense?ExpenseId=119&ManagerId=278 200 0 0 681
2017-03-27 15:28:07 ::1 GET /Expense/GetTravelTypeHeaderMapping TravelTypeId=17 51722 - ::1 Mozilla/5.0+(Windows+NT+10.0;+WOW64)+AppleWebKit/537.36+(KHTML,+like+Gecko)+Chrome/56.0.2924.87+Safari/537.36 http://localhost:51722/Expense/ViewMyReviewExpense?ExpenseId=119&ManagerId=278 200 0 0 1131
2017-03-27 15:28:43 ::1 GET /ExpenseDetail/DisplayReceipt ExpenseDetailId=9612 51722 - ::1 Mozilla/5.0+(Windows+NT+10.0;+WOW64)+AppleWebKit/537.36+(KHTML,+like+Gecko)+Chrome/56.0.2924.87+Safari/537.36 http://localhost:51722/Expense/ViewMyReviewExpense?ExpenseId=119&ManagerId=278 200 0 0 19955
2017-03-27 15:32:11 ::1 GET /ExpenseDetail/DisplayReceipt ExpenseDetailId=9612 51722 - ::1 Mozilla/5.0+(Windows+NT+10.0;+WOW64)+AppleWebKit/537.36+(KHTML,+like+Gecko)+Chrome/56.0.2924.87+Safari/537.36 - 200 0 0 12789
2017-03-27 15:46:43 ::1 GET /Expense requestAction=Back 51722 - ::1 Mozilla/5.0+(Windows+NT+10.0;+WOW64)+AppleWebKit/537.36+(KHTML,+like+Gecko)+Chrome/56.0.2924.87+Safari/537.36 http://localhost:51722/Expense/ViewMyReviewExpense?ExpenseId=119&ManagerId=278 200 0 0 2320
2017-03-27 15:46:43 ::1 GET /__browserLink/requestData/6783337cd3b642cf965af002a8e287da version=2 51722 - ::1 Mozilla/5.0+(Windows+NT+10.0;+WOW64)+AppleWebKit/537.36+(KHTML,+like+Gecko)+Chrome/56.0.2924.87+Safari/537.36 http://localhost:51722/Expense?requestAction=Back 200 0 0 14
2017-03-27 15:46:49 ::1 GET /Expense/ViewMyReviewExpense ExpenseId=105&ManagerId=278 51722 - ::1 Mozilla/5.0+(Windows+NT+10.0;+WOW64)+AppleWebKit/537.36+(KHTML,+like+Gecko)+Chrome/56.0.2924.87+Safari/537.36 http://localhost:51722/Expense?requestAction=Back 200 0 0 1637
2017-03-27 15:46:49 ::1 GET /Expense/GetTravelTypeHeaderMapping TravelTypeId=17 51722 - ::1 Mozilla/5.0+(Windows+NT+10.0;+WOW64)+AppleWebKit/537.36+(KHTML,+like+Gecko)+Chrome/56.0.2924.87+Safari/537.36 http://localhost:51722/Expense/ViewMyReviewExpense?ExpenseId=105&ManagerId=278 200 0 0 117
2017-03-27 15:46:49 ::1 GET /__browserLink/requestData/5ad46dcbdb1047689c300e5a9f58eff4 version=2 51722 - ::1 Mozilla/5.0+(Windows+NT+10.0;+WOW64)+AppleWebKit/537.36+(KHTML,+like+Gecko)+Chrome/56.0.2924.87+Safari/537.36 http://localhost:51722/Expense/ViewMyReviewExpense?ExpenseId=105&ManagerId=278 200 0 0 13
2017-03-27 15:46:50 ::1 GET /Expense/PrepareExpenseApprovalProgressBar/ ExpenseId=105&UserId=277&_=1490629609431 51722 - ::1 Mozilla/5.0+(Windows+NT+10.0;+WOW64)+AppleWebKit/537.36+(KHTML,+like+Gecko)+Chrome/56.0.2924.87+Safari/537.36 http://localhost:51722/Expense/ViewMyReviewExpense?ExpenseId=105&ManagerId=278 200 0 0 897
2017-03-27 15:47:12 ::1 GET /ExpenseDetail/DisplayReceipt ExpenseDetailId=9597 51722 - ::1 Mozilla/5.0+(Windows+NT+10.0;+WOW64)+AppleWebKit/537.36+(KHTML,+like+Gecko)+Chrome/56.0.2924.87+Safari/537.36 http://localhost:51722/Expense/ViewMyReviewExpense?ExpenseId=105&ManagerId=278 200 0 0 16552
2017-03-27 15:47:34 ::1 GET /ExpenseDetail/DisplayReceipt ExpenseDetailId=1234 51722 - ::1 Mozilla/5.0+(Windows+NT+10.0;+WOW64)+AppleWebKit/537.36+(KHTML,+like+Gecko)+Chrome/56.0.2924.87+Safari/537.36 - 200 0 0 8279
2017-03-27 15:48:01 ::1 GET /ExpenseDetail/DisplayReceipt ExpenseDetailId=9598 51722 - ::1 Mozilla/5.0+(Windows+NT+10.0;+WOW64)+AppleWebKit/537.36+(KHTML,+like+Gecko)+Chrome/56.0.2924.87+Safari/537.36 - 200 0 0 12221
2017-03-27 15:48:23 ::1 GET /ExpenseDetail/DisplayReceipt ExpenseDetailId=9599 51722 - ::1 Mozilla/5.0+(Windows+NT+10.0;+WOW64)+AppleWebKit/537.36+(KHTML,+like+Gecko)+Chrome/56.0.2924.87+Safari/537.36 - 200 0 0 14929
2017-03-27 15:59:22 ::1 GET /ExpenseDetail/DisplayReceipt ExpenseDetailId=9600 51722 - ::1 Mozilla/5.0+(Windows+NT+10.0;+WOW64)+AppleWebKit/537.36+(KHTML,+like+Gecko)+Chrome/56.0.2924.87+Safari/537.36 - 200 0 0 13321
#Software: Microsoft Internet Information Services 8.0
#Version: 1.0
#Date: 2017-03-27 16:42:15
#Fields: date time s-ip cs-method cs-uri-stem cs-uri-query s-port cs-username c-ip cs(User-Agent) cs(Referer) sc-status sc-substatus sc-win32-status time-taken
2017-03-27 16:42:13 ::1 GET /User/LogOut - 51722 - ::1 Mozilla/5.0+(Windows+NT+10.0;+WOW64)+AppleWebKit/537.36+(KHTML,+like+Gecko)+Chrome/56.0.2924.87+Safari/537.36 http://localhost:51722/Expense/ViewMyReviewExpense?ExpenseId=105&ManagerId=278 200 0 0 20741
2017-03-27 16:42:18 ::1 GET /css/reset.css - 51722 - ::1 Mozilla/5.0+(Windows+NT+10.0;+WOW64)+AppleWebKit/537.36+(KHTML,+like+Gecko)+Chrome/56.0.2924.87+Safari/537.36 http://localhost:51722/User/LogOut 200 0 0 2689
2017-03-27 16:42:18 ::1 GET /css/blue.css - 51722 - ::1 Mozilla/5.0+(Windows+NT+10.0;+WOW64)+AppleWebKit/537.36+(KHTML,+like+Gecko)+Chrome/56.0.2924.87+Safari/537.36 http://localhost:51722/User/LogOut 200 0 0 2780
2017-03-27 16:42:18 ::1 GET /css/ie.css - 51722 - ::1 Mozilla/5.0+(Windows+NT+10.0;+WOW64)+AppleWebKit/537.36+(KHTML,+like+Gecko)+Chrome/56.0.2924.87+Safari/537.36 http://localhost:51722/User/LogOut 200 0 0 3038
2017-03-27 16:42:19 ::1 GET /css/style.css - 51722 - ::1 Mozilla/5.0+(Windows+NT+10.0;+WOW64)+AppleWebKit/537.36+(KHTML,+like+Gecko)+Chrome/56.0.2924.87+Safari/537.36 http://localhost:51722/User/LogOut 200 0 0 3503
2017-03-27 16:42:19 ::1 GET /css/jquery-ui.css - 51722 - ::1 Mozilla/5.0+(Windows+NT+10.0;+WOW64)+AppleWebKit/537.36+(KHTML,+like+Gecko)+Chrome/56.0.2924.87+Safari/537.36 http://localhost:51722/User/LogOut 200 0 0 4452
2017-03-27 16:42:20 ::1 GET /scripts/v2/jquery-1.8.3.min.js - 51722 - ::1 Mozilla/5.0+(Windows+NT+10.0;+WOW64)+AppleWebKit/537.36+(KHTML,+like+Gecko)+Chrome/56.0.2924.87+Safari/537.36 http://localhost:51722/User/LogOut 200 0 0 5016
2017-03-27 16:42:22 ::1 GET /Scripts/jquery-ui-1.8.custom.min.js - 51722 - ::1 Mozilla/5.0+(Windows+NT+10.0;+WOW64)+AppleWebKit/537.36+(KHTML,+like+Gecko)+Chrome/56.0.2924.87+Safari/537.36 http://localhost:51722/User/LogOut 200 0 0 3983
2017-03-27 16:42:28 ::1 GET /__browserLink/requestData/f2ce1878222047b482b70926cea0d8a7 version=2 51722 - ::1 Mozilla/5.0+(Windows+NT+10.0;+WOW64)+AppleWebKit/537.36+(KHTML,+like+Gecko)+Chrome/56.0.2924.87+Safari/537.36 http://localhost:51722/User/LogOut 200 0 0 348
