#Software: Microsoft Internet Information Services 8.0
#Version: 1.0
#Date: 2017-06-07 10:54:52
#Fields: date time s-ip cs-method cs-uri-stem cs-uri-query s-port cs-username c-ip cs(User-Agent) cs(Referer) sc-status sc-substatus sc-win32-status time-taken
2017-06-07 10:54:51 ::1 GET /Dashboard/ViewDashboard - 51722 - ::1 Mozilla/5.0+(Windows+NT+10.0;+Win64;+x64)+AppleWebKit/537.36+(KHTML,+like+Gecko)+Chrome/58.0.3029.110+Safari/537.36 - 302 0 0 2878877
2017-06-07 10:54:53 ::1 GET /CustomError.aspx aspxerrorpath=/Dashboard/ViewDashboard 51722 - ::1 Mozilla/5.0+(Windows+NT+10.0;+Win64;+x64)+AppleWebKit/537.36+(KHTML,+like+Gecko)+Chrome/58.0.3029.110+Safari/537.36 - 302 0 0 1973
2017-06-07 10:55:01 ::1 GET /User/LogOn - 51722 - ::1 Mozilla/5.0+(Windows+NT+10.0;+Win64;+x64)+AppleWebKit/537.36+(KHTML,+like+Gecko)+Chrome/58.0.3029.110+Safari/537.36 - 200 0 0 7489
2017-06-07 10:55:01 ::1 GET /User/assets/pages/img/login/bg1.jpg - 51722 - ::1 Mozilla/5.0+(Windows+NT+10.0;+Win64;+x64)+AppleWebKit/537.36+(KHTML,+like+Gecko)+Chrome/58.0.3029.110+Safari/537.36 http://localhost:51722/User/LogOn 404 0 2 119
2017-06-07 10:55:21 ::1 POST /User/LogOn - 51722 - ::1 Mozilla/5.0+(Windows+NT+10.0;+Win64;+x64)+AppleWebKit/537.36+(KHTML,+like+Gecko)+Chrome/58.0.3029.110+Safari/537.36 http://localhost:51722/User/LogOn 302 0 0 14618
2017-06-07 10:55:38 ::1 GET / - 51722 - ::1 Mozilla/5.0+(Windows+NT+10.0;+Win64;+x64)+AppleWebKit/537.36+(KHTML,+like+Gecko)+Chrome/58.0.3029.110+Safari/537.36 http://localhost:51722/User/LogOn 200 0 0 17186
2017-06-07 10:55:38 ::1 GET /css/SiteLayoutPageForMasters-css v=9te-SMXiFeJSdnSk3kDWcAEarC7X4Ik3hoOteWzhXPQ1 51722 - ::1 Mozilla/5.0+(Windows+NT+10.0;+Win64;+x64)+AppleWebKit/537.36+(KHTML,+like+Gecko)+Chrome/58.0.3029.110+Safari/537.36 http://localhost:51722/ 200 0 0 69
2017-06-07 10:55:38 ::1 GET /images/icons/home_48.png - 51722 - ::1 Mozilla/5.0+(Windows+NT+10.0;+Win64;+x64)+AppleWebKit/537.36+(KHTML,+like+Gecko)+Chrome/58.0.3029.110+Safari/537.36 http://localhost:51722/ 200 0 0 18
2017-06-07 10:55:38 ::1 GET /images/icons/paper_pencil_48.png - 51722 - ::1 Mozilla/5.0+(Windows+NT+10.0;+Win64;+x64)+AppleWebKit/537.36+(KHTML,+like+Gecko)+Chrome/58.0.3029.110+Safari/537.36 http://localhost:51722/ 200 0 0 19
2017-06-07 10:55:38 ::1 GET /images/icons/add_48.png - 51722 - ::1 Mozilla/5.0+(Windows+NT+10.0;+Win64;+x64)+AppleWebKit/537.36+(KHTML,+like+Gecko)+Chrome/58.0.3029.110+Safari/537.36 http://localhost:51722/ 200 0 0 22
2017-06-07 10:55:38 ::1 GET /images/icons/pie_chart_48.png - 51722 - ::1 Mozilla/5.0+(Windows+NT+10.0;+Win64;+x64)+AppleWebKit/537.36+(KHTML,+like+Gecko)+Chrome/58.0.3029.110+Safari/537.36 http://localhost:51722/ 200 0 0 22
2017-06-07 10:55:38 ::1 GET /images/shortcut-button-bg.gif - 51722 - ::1 Mozilla/5.0+(Windows+NT+10.0;+Win64;+x64)+AppleWebKit/537.36+(KHTML,+like+Gecko)+Chrome/58.0.3029.110+Safari/537.36 http://localhost:51722/css/SiteLayoutPageForMasters-css?v=9te-SMXiFeJSdnSk3kDWcAEarC7X4Ik3hoOteWzhXPQ1 200 0 0 41
2017-06-07 10:55:40 ::1 GET /__browserLink/requestData/0b48f5035bdb4e7e8561feea1a814ad3 version=2 51722 - ::1 Mozilla/5.0+(Windows+NT+10.0;+Win64;+x64)+AppleWebKit/537.36+(KHTML,+like+Gecko)+Chrome/58.0.3029.110+Safari/537.36 http://localhost:51722/ 200 0 0 141
2017-06-07 10:55:50 ::1 GET /User/LogOff - 51722 - ::1 Mozilla/5.0+(Windows+NT+10.0;+Win64;+x64)+AppleWebKit/537.36+(KHTML,+like+Gecko)+Chrome/58.0.3029.110+Safari/537.36 http://localhost:51722/ 302 0 0 60
2017-06-07 10:55:50 ::1 GET / - 51722 - ::1 Mozilla/5.0+(Windows+NT+10.0;+Win64;+x64)+AppleWebKit/537.36+(KHTML,+like+Gecko)+Chrome/58.0.3029.110+Safari/537.36 http://localhost:51722/ 302 0 0 99
2017-06-07 10:55:52 ::1 GET /User/LogOn - 51722 - ::1 Mozilla/5.0+(Windows+NT+10.0;+Win64;+x64)+AppleWebKit/537.36+(KHTML,+like+Gecko)+Chrome/58.0.3029.110+Safari/537.36 http://localhost:51722/ 200 0 0 2133
2017-06-07 10:55:52 ::1 GET /User/assets/pages/img/login/bg1.jpg - 51722 - ::1 Mozilla/5.0+(Windows+NT+10.0;+Win64;+x64)+AppleWebKit/537.36+(KHTML,+like+Gecko)+Chrome/58.0.3029.110+Safari/537.36 http://localhost:51722/User/LogOn 404 0 2 3
2017-06-07 10:56:06 ::1 POST /User/LogOn - 51722 - ::1 Mozilla/5.0+(Windows+NT+10.0;+Win64;+x64)+AppleWebKit/537.36+(KHTML,+like+Gecko)+Chrome/58.0.3029.110+Safari/537.36 http://localhost:51722/User/LogOn 302 0 0 7539
2017-06-07 10:56:06 ::1 GET / - 51722 - ::1 Mozilla/5.0+(Windows+NT+10.0;+Win64;+x64)+AppleWebKit/537.36+(KHTML,+like+Gecko)+Chrome/58.0.3029.110+Safari/537.36 http://localhost:51722/User/LogOn 302 0 0 50
2017-06-07 10:56:17 ::1 GET /Dashboard/ViewDashboard - 51722 - ::1 Mozilla/5.0+(Windows+NT+10.0;+Win64;+x64)+AppleWebKit/537.36+(KHTML,+like+Gecko)+Chrome/58.0.3029.110+Safari/537.36 http://localhost:51722/User/LogOn 200 0 0 10437
2017-06-07 10:56:17 ::1 GET /images/icons/users_two_48.png - 51722 - ::1 Mozilla/5.0+(Windows+NT+10.0;+Win64;+x64)+AppleWebKit/537.36+(KHTML,+like+Gecko)+Chrome/58.0.3029.110+Safari/537.36 http://localhost:51722/Dashboard/ViewDashboard 200 0 0 46
2017-06-07 10:56:17 ::1 GET /__browserLink/requestData/210f7bbd864c4a59847b748c02e858d1 version=2 51722 - ::1 Mozilla/5.0+(Windows+NT+10.0;+Win64;+x64)+AppleWebKit/537.36+(KHTML,+like+Gecko)+Chrome/58.0.3029.110+Safari/537.36 http://localhost:51722/Dashboard/ViewDashboard 200 0 0 123
2017-06-07 10:56:17 ::1 GET /Dashboard/getAjaxTab/1 sDate=null&eDate=null 51722 - ::1 Mozilla/5.0+(Windows+NT+10.0;+Win64;+x64)+AppleWebKit/537.36+(KHTML,+like+Gecko)+Chrome/58.0.3029.110+Safari/537.36 http://localhost:51722/Dashboard/ViewDashboard 200 0 0 587
2017-06-07 10:56:17 ::1 GET /Scripts/v2/morris.charts/morris.css - 51722 - ::1 Mozilla/5.0+(Windows+NT+10.0;+Win64;+x64)+AppleWebKit/537.36+(KHTML,+like+Gecko)+Chrome/58.0.3029.110+Safari/537.36 http://localhost:51722/Dashboard/ViewDashboard 200 0 0 3
2017-06-07 10:56:17 ::1 GET /Scripts/v2/easy.pie.chart/style.css - 51722 - ::1 Mozilla/5.0+(Windows+NT+10.0;+Win64;+x64)+AppleWebKit/537.36+(KHTML,+like+Gecko)+Chrome/58.0.3029.110+Safari/537.36 http://localhost:51722/Dashboard/ViewDashboard 200 0 0 14
2017-06-07 10:56:17 ::1 GET /Scripts/v2/easy.pie.chart/jquery.easing.1.3.js _=1496832977779 51722 - ::1 Mozilla/5.0+(Windows+NT+10.0;+Win64;+x64)+AppleWebKit/537.36+(KHTML,+like+Gecko)+Chrome/58.0.3029.110+Safari/537.36 http://localhost:51722/Dashboard/ViewDashboard 200 0 0 23
2017-06-07 10:56:17 ::1 GET /Scripts/v2/easy.pie.chart/jquery.easypiechart.min.js _=1496832977819 51722 - ::1 Mozilla/5.0+(Windows+NT+10.0;+Win64;+x64)+AppleWebKit/537.36+(KHTML,+like+Gecko)+Chrome/58.0.3029.110+Safari/537.36 http://localhost:51722/Dashboard/ViewDashboard 200 0 0 24
2017-06-07 10:56:17 ::1 GET /Scripts/v2/morris.charts/morris.min.js _=1496832977847 51722 - ::1 Mozilla/5.0+(Windows+NT+10.0;+Win64;+x64)+AppleWebKit/537.36+(KHTML,+like+Gecko)+Chrome/58.0.3029.110+Safari/537.36 http://localhost:51722/Dashboard/ViewDashboard 200 0 0 26
2017-06-07 10:56:17 ::1 GET /Scripts/v2/morris.charts/raphael.min.js _=1496832977880 51722 - ::1 Mozilla/5.0+(Windows+NT+10.0;+Win64;+x64)+AppleWebKit/537.36+(KHTML,+like+Gecko)+Chrome/58.0.3029.110+Safari/537.36 http://localhost:51722/Dashboard/ViewDashboard 200 0 0 46
2017-06-07 10:56:18 ::1 GET /css/chosen-sprite.png - 51722 - ::1 Mozilla/5.0+(Windows+NT+10.0;+Win64;+x64)+AppleWebKit/537.36+(KHTML,+like+Gecko)+Chrome/58.0.3029.110+Safari/537.36 http://localhost:51722/css/SiteLayoutPageForMasters-css?v=9te-SMXiFeJSdnSk3kDWcAEarC7X4Ik3hoOteWzhXPQ1 200 0 0 26
2017-06-07 10:56:18 ::1 GET /Images/loading.gif - 51722 - ::1 Mozilla/5.0+(Windows+NT+10.0;+Win64;+x64)+AppleWebKit/537.36+(KHTML,+like+Gecko)+Chrome/58.0.3029.110+Safari/537.36 http://localhost:51722/Dashboard/ViewDashboard 200 0 0 52
2017-06-07 10:56:19 ::1 GET /Dashboard/GetExpensePostings/ sDate=null&eDate=null 51722 - ::1 Mozilla/5.0+(Windows+NT+10.0;+Win64;+x64)+AppleWebKit/537.36+(KHTML,+like+Gecko)+Chrome/58.0.3029.110+Safari/537.36 http://localhost:51722/Dashboard/ViewDashboard 200 0 0 1632
2017-06-07 10:56:19 ::1 GET /Dashboard/GetExpenseSubmissions/ sDate=null&eDate=null 51722 - ::1 Mozilla/5.0+(Windows+NT+10.0;+Win64;+x64)+AppleWebKit/537.36+(KHTML,+like+Gecko)+Chrome/58.0.3029.110+Safari/537.36 http://localhost:51722/Dashboard/ViewDashboard 200 0 0 2016
2017-06-07 10:56:19 ::1 GET /User/LogOff - 51722 - ::1 Mozilla/5.0+(Windows+NT+10.0;+Win64;+x64)+AppleWebKit/537.36+(KHTML,+like+Gecko)+Chrome/58.0.3029.110+Safari/537.36 http://localhost:51722/Dashboard/ViewDashboard 302 0 0 53
2017-06-07 10:56:19 ::1 GET / - 51722 - ::1 Mozilla/5.0+(Windows+NT+10.0;+Win64;+x64)+AppleWebKit/537.36+(KHTML,+like+Gecko)+Chrome/58.0.3029.110+Safari/537.36 http://localhost:51722/Dashboard/ViewDashboard 302 0 0 54
2017-06-07 10:56:22 ::1 GET /User/LogOn - 51722 - ::1 Mozilla/5.0+(Windows+NT+10.0;+Win64;+x64)+AppleWebKit/537.36+(KHTML,+like+Gecko)+Chrome/58.0.3029.110+Safari/537.36 http://localhost:51722/Dashboard/ViewDashboard 200 0 0 1766
2017-06-07 10:56:22 ::1 GET /User/assets/pages/img/login/bg1.jpg - 51722 - ::1 Mozilla/5.0+(Windows+NT+10.0;+Win64;+x64)+AppleWebKit/537.36+(KHTML,+like+Gecko)+Chrome/58.0.3029.110+Safari/537.36 http://localhost:51722/User/LogOn 404 0 2 2
2017-06-07 10:56:22 ::1 GET /Dashboard/GetExpenseApprovals/ sDate=null&eDate=null 51722 - ::1 Mozilla/5.0+(Windows+NT+10.0;+Win64;+x64)+AppleWebKit/537.36+(KHTML,+like+Gecko)+Chrome/58.0.3029.110+Safari/537.36 http://localhost:51722/Dashboard/ViewDashboard 200 0 64 4904
2017-06-07 10:56:23 ::1 GET /Dashboard/GetPayMethodsAmount/ sDate=null&eDate=null 51722 - ::1 Mozilla/5.0+(Windows+NT+10.0;+Win64;+x64)+AppleWebKit/537.36+(KHTML,+like+Gecko)+Chrome/58.0.3029.110+Safari/537.36 http://localhost:51722/Dashboard/ViewDashboard 200 0 64 5861
2017-06-07 10:56:23 ::1 GET /Dashboard/GetExpenseTypesAmount/ sDate=null&eDate=null 51722 - ::1 Mozilla/5.0+(Windows+NT+10.0;+Win64;+x64)+AppleWebKit/537.36+(KHTML,+like+Gecko)+Chrome/58.0.3029.110+Safari/537.36 http://localhost:51722/Dashboard/ViewDashboard 200 0 64 6167
2017-06-07 10:56:34 ::1 POST /User/LogOn - 51722 - ::1 Mozilla/5.0+(Windows+NT+10.0;+Win64;+x64)+AppleWebKit/537.36+(KHTML,+like+Gecko)+Chrome/58.0.3029.110+Safari/537.36 http://localhost:51722/User/LogOn 302 0 0 6523
2017-06-07 10:56:35 ::1 GET / - 51722 - ::1 Mozilla/5.0+(Windows+NT+10.0;+Win64;+x64)+AppleWebKit/537.36+(KHTML,+like+Gecko)+Chrome/58.0.3029.110+Safari/537.36 http://localhost:51722/User/LogOn 200 0 0 1331
2017-06-07 10:56:35 ::1 GET /images/icons/exclamation.png - 51722 - ::1 Mozilla/5.0+(Windows+NT+10.0;+Win64;+x64)+AppleWebKit/537.36+(KHTML,+like+Gecko)+Chrome/58.0.3029.110+Safari/537.36 http://localhost:51722/css/SiteLayoutPageForMasters-css?v=9te-SMXiFeJSdnSk3kDWcAEarC7X4Ik3hoOteWzhXPQ1 200 0 0 17
2017-06-07 10:56:35 ::1 GET /__browserLink/requestData/26978111087446b497cdd0c81aa0ae26 version=2 51722 - ::1 Mozilla/5.0+(Windows+NT+10.0;+Win64;+x64)+AppleWebKit/537.36+(KHTML,+like+Gecko)+Chrome/58.0.3029.110+Safari/537.36 http://localhost:51722/ 200 0 0 43
2017-06-07 10:56:38 ::1 GET /User/LogOff - 51722 - ::1 Mozilla/5.0+(Windows+NT+10.0;+Win64;+x64)+AppleWebKit/537.36+(KHTML,+like+Gecko)+Chrome/58.0.3029.110+Safari/537.36 http://localhost:51722/ 302 0 0 53
2017-06-07 10:56:38 ::1 GET / - 51722 - ::1 Mozilla/5.0+(Windows+NT+10.0;+Win64;+x64)+AppleWebKit/537.36+(KHTML,+like+Gecko)+Chrome/58.0.3029.110+Safari/537.36 http://localhost:51722/ 302 0 0 52
2017-06-07 10:56:39 ::1 GET /User/LogOn - 51722 - ::1 Mozilla/5.0+(Windows+NT+10.0;+Win64;+x64)+AppleWebKit/537.36+(KHTML,+like+Gecko)+Chrome/58.0.3029.110+Safari/537.36 http://localhost:51722/ 200 0 0 992
2017-06-07 10:56:39 ::1 GET /User/assets/pages/img/login/bg1.jpg - 51722 - ::1 Mozilla/5.0+(Windows+NT+10.0;+Win64;+x64)+AppleWebKit/537.36+(KHTML,+like+Gecko)+Chrome/58.0.3029.110+Safari/537.36 http://localhost:51722/User/LogOn 404 0 2 1
2017-06-07 10:56:52 ::1 POST /User/LogOn - 51722 - ::1 Mozilla/5.0+(Windows+NT+10.0;+Win64;+x64)+AppleWebKit/537.36+(KHTML,+like+Gecko)+Chrome/58.0.3029.110+Safari/537.36 http://localhost:51722/User/LogOn 302 0 0 7219
2017-06-07 10:56:54 ::1 GET / - 51722 - ::1 Mozilla/5.0+(Windows+NT+10.0;+Win64;+x64)+AppleWebKit/537.36+(KHTML,+like+Gecko)+Chrome/58.0.3029.110+Safari/537.36 http://localhost:51722/User/LogOn 200 0 0 2766
2017-06-07 10:56:54 ::1 GET /__browserLink/requestData/4fc66733a2e54143a195ff85469acc72 version=2 51722 - ::1 Mozilla/5.0+(Windows+NT+10.0;+Win64;+x64)+AppleWebKit/537.36+(KHTML,+like+Gecko)+Chrome/58.0.3029.110+Safari/537.36 http://localhost:51722/ 200 0 0 34
2017-06-07 10:56:57 ::1 GET /User/LogOff - 51722 - ::1 Mozilla/5.0+(Windows+NT+10.0;+Win64;+x64)+AppleWebKit/537.36+(KHTML,+like+Gecko)+Chrome/58.0.3029.110+Safari/537.36 http://localhost:51722/ 302 0 0 63
2017-06-07 10:56:57 ::1 GET / - 51722 - ::1 Mozilla/5.0+(Windows+NT+10.0;+Win64;+x64)+AppleWebKit/537.36+(KHTML,+like+Gecko)+Chrome/58.0.3029.110+Safari/537.36 http://localhost:51722/ 302 0 0 54
2017-06-07 10:56:59 ::1 GET /User/LogOn - 51722 - ::1 Mozilla/5.0+(Windows+NT+10.0;+Win64;+x64)+AppleWebKit/537.36+(KHTML,+like+Gecko)+Chrome/58.0.3029.110+Safari/537.36 http://localhost:51722/ 200 0 0 1869
2017-06-07 10:56:59 ::1 GET /User/assets/pages/img/login/bg1.jpg - 51722 - ::1 Mozilla/5.0+(Windows+NT+10.0;+Win64;+x64)+AppleWebKit/537.36+(KHTML,+like+Gecko)+Chrome/58.0.3029.110+Safari/537.36 http://localhost:51722/User/LogOn 404 0 2 2
2017-06-07 10:57:14 ::1 POST /User/LogOn - 51722 - ::1 Mozilla/5.0+(Windows+NT+10.0;+Win64;+x64)+AppleWebKit/537.36+(KHTML,+like+Gecko)+Chrome/58.0.3029.110+Safari/537.36 http://localhost:51722/User/LogOn 302 0 0 7234
2017-06-07 10:57:14 ::1 GET / - 51722 - ::1 Mozilla/5.0+(Windows+NT+10.0;+Win64;+x64)+AppleWebKit/537.36+(KHTML,+like+Gecko)+Chrome/58.0.3029.110+Safari/537.36 http://localhost:51722/User/LogOn 302 0 0 48
#Software: Microsoft Internet Information Services 8.0
#Version: 1.0
#Date: 2017-06-07 13:03:57
#Fields: date time s-ip cs-method cs-uri-stem cs-uri-query s-port cs-username c-ip cs(User-Agent) cs(Referer) sc-status sc-substatus sc-win32-status time-taken
2017-06-07 13:03:57 ::1 GET / - 51722 - ::1 Mozilla/5.0+(Windows+NT+10.0;+Win64;+x64)+AppleWebKit/537.36+(KHTML,+like+Gecko)+Chrome/58.0.3029.110+Safari/537.36 - 302 0 0 35713
2017-06-07 13:04:16 ::1 GET /User/LogOn - 51722 - ::1 Mozilla/5.0+(Windows+NT+10.0;+Win64;+x64)+AppleWebKit/537.36+(KHTML,+like+Gecko)+Chrome/58.0.3029.110+Safari/537.36 - 200 0 0 19219
2017-06-07 13:04:16 ::1 GET /User/assets/pages/img/login/bg1.jpg - 51722 - ::1 Mozilla/5.0+(Windows+NT+10.0;+Win64;+x64)+AppleWebKit/537.36+(KHTML,+like+Gecko)+Chrome/58.0.3029.110+Safari/537.36 http://localhost:51722/User/LogOn 404 0 2 26
2017-06-07 13:04:49 ::1 POST /User/LogOn - 51722 - ::1 Mozilla/5.0+(Windows+NT+10.0;+Win64;+x64)+AppleWebKit/537.36+(KHTML,+like+Gecko)+Chrome/58.0.3029.110+Safari/537.36 http://localhost:51722/User/LogOn 200 0 0 8650
2017-06-07 13:04:49 ::1 GET /User/assets/pages/img/login/bg1.jpg - 51722 - ::1 Mozilla/5.0+(Windows+NT+10.0;+Win64;+x64)+AppleWebKit/537.36+(KHTML,+like+Gecko)+Chrome/58.0.3029.110+Safari/537.36 http://localhost:51722/User/LogOn 404 0 2 5
