#Software: Microsoft Internet Information Services 8.0
#Version: 1.0
#Date: 2017-08-29 13:35:29
#Fields: date time s-ip cs-method cs-uri-stem cs-uri-query s-port cs-username c-ip cs(User-Agent) cs(Referer) sc-status sc-substatus sc-win32-status time-taken
2017-08-29 13:35:28 ::1 GET /User/LogOn - 51722 - ::1 Mozilla/5.0+(Windows+NT+10.0;+Win64;+x64)+AppleWebKit/537.36+(KHTML,+like+Gecko)+Chrome/60.0.3112.101+Safari/537.36 - 200 0 0 75548
2017-08-29 13:35:28 ::1 GET /User/assets/pages/img/login/bg1.jpg - 51722 - ::1 Mozilla/5.0+(Windows+NT+10.0;+Win64;+x64)+AppleWebKit/537.36+(KHTML,+like+Gecko)+Chrome/60.0.3112.101+Safari/537.36 http://localhost:51722/User/LogOn 404 0 2 76
2017-08-29 13:36:14 ::1 GET /User/LogOn - 51722 - ::1 Mozilla/5.0+(Windows+NT+10.0;+Win64;+x64)+AppleWebKit/537.36+(KHTML,+like+Gecko)+Chrome/60.0.3112.101+Safari/537.36 - 200 0 0 3182
2017-08-29 13:36:14 ::1 GET /User/assets/pages/img/login/bg1.jpg - 51722 - ::1 Mozilla/5.0+(Windows+NT+10.0;+Win64;+x64)+AppleWebKit/537.36+(KHTML,+like+Gecko)+Chrome/60.0.3112.101+Safari/537.36 http://localhost:51722/User/LogOn 404 0 2 2
2017-08-29 13:36:14 ::1 GET /favicon.ico - 51722 - ::1 Mozilla/5.0+(Windows+NT+10.0;+Win64;+x64)+AppleWebKit/537.36+(KHTML,+like+Gecko)+Chrome/60.0.3112.101+Safari/537.36 http://localhost:51722/User/LogOn 200 0 0 76
2017-08-29 13:36:43 ::1 GET /User/LogOn - 51722 - ::1 Mozilla/5.0+(Windows+NT+10.0;+Win64;+x64)+AppleWebKit/537.36+(KHTML,+like+Gecko)+Chrome/60.0.3112.101+Safari/537.36 - 200 0 0 3421
2017-08-29 13:36:43 ::1 GET /User/assets/pages/img/login/bg1.jpg - 51722 - ::1 Mozilla/5.0+(Windows+NT+10.0;+Win64;+x64)+AppleWebKit/537.36+(KHTML,+like+Gecko)+Chrome/60.0.3112.101+Safari/537.36 http://localhost:51722/User/LogOn 404 0 2 1
2017-08-29 13:36:43 ::1 GET /favicon.ico - 51722 - ::1 Mozilla/5.0+(Windows+NT+10.0;+Win64;+x64)+AppleWebKit/537.36+(KHTML,+like+Gecko)+Chrome/60.0.3112.101+Safari/537.36 http://localhost:51722/User/LogOn 200 0 0 28
2017-08-29 13:36:52 ::1 GET /User/LogOn - 51722 - ::1 Mozilla/5.0+(Windows+NT+10.0;+Win64;+x64)+AppleWebKit/537.36+(KHTML,+like+Gecko)+Chrome/60.0.3112.101+Safari/537.36 - 200 0 0 1332
2017-08-29 13:36:52 ::1 GET /User/assets/pages/img/login/bg1.jpg - 51722 - ::1 Mozilla/5.0+(Windows+NT+10.0;+Win64;+x64)+AppleWebKit/537.36+(KHTML,+like+Gecko)+Chrome/60.0.3112.101+Safari/537.36 http://localhost:51722/User/LogOn 404 0 2 7
2017-08-29 13:36:52 ::1 GET /favicon.ico - 51722 - ::1 Mozilla/5.0+(Windows+NT+10.0;+Win64;+x64)+AppleWebKit/537.36+(KHTML,+like+Gecko)+Chrome/60.0.3112.101+Safari/537.36 http://localhost:51722/User/LogOn 200 0 0 30
2017-08-29 13:37:15 ::1 GET /User/LogOn - 51722 - ::1 Mozilla/5.0+(Windows+NT+10.0;+Win64;+x64)+AppleWebKit/537.36+(KHTML,+like+Gecko)+Chrome/60.0.3112.101+Safari/537.36 - 200 0 0 3099
2017-08-29 13:37:15 ::1 GET /User/assets/pages/img/login/bg1.jpg - 51722 - ::1 Mozilla/5.0+(Windows+NT+10.0;+Win64;+x64)+AppleWebKit/537.36+(KHTML,+like+Gecko)+Chrome/60.0.3112.101+Safari/537.36 http://localhost:51722/User/LogOn 404 0 2 2
2017-08-29 13:37:15 ::1 GET /favicon.ico - 51722 - ::1 Mozilla/5.0+(Windows+NT+10.0;+Win64;+x64)+AppleWebKit/537.36+(KHTML,+like+Gecko)+Chrome/60.0.3112.101+Safari/537.36 http://localhost:51722/User/LogOn 200 0 0 2
2017-08-29 13:41:55 ::1 GET /User/LogOnGeneric - 51722 - ::1 Mozilla/5.0+(Windows+NT+10.0;+Win64;+x64)+AppleWebKit/537.36+(KHTML,+like+Gecko)+Chrome/60.0.3112.101+Safari/537.36 http://localhost:51722/User/LogOn 200 0 0 8838
2017-08-29 13:42:12 ::1 GET /User/LogOnGenericNext/ UserName=dfgdfg@sdsd.sdf 51722 - ::1 Mozilla/5.0+(Windows+NT+10.0;+Win64;+x64)+AppleWebKit/537.36+(KHTML,+like+Gecko)+Chrome/60.0.3112.101+Safari/537.36 http://localhost:51722/User/LogOnGeneric 302 0 0 7169
2017-08-29 13:42:12 ::1 GET /User/LogOnGeneric - 51722 - ::1 Mozilla/5.0+(Windows+NT+10.0;+Win64;+x64)+AppleWebKit/537.36+(KHTML,+like+Gecko)+Chrome/60.0.3112.101+Safari/537.36 http://localhost:51722/User/LogOnGeneric 200 0 0 17
#Software: Microsoft Internet Information Services 8.0
#Version: 1.0
#Date: 2017-08-29 15:13:11
#Fields: date time s-ip cs-method cs-uri-stem cs-uri-query s-port cs-username c-ip cs(User-Agent) cs(Referer) sc-status sc-substatus sc-win32-status time-taken
2017-08-29 15:13:11 ::1 GET /User/LogOn - 51722 - ::1 Mozilla/5.0+(Windows+NT+10.0;+Win64;+x64)+AppleWebKit/537.36+(KHTML,+like+Gecko)+Chrome/60.0.3112.101+Safari/537.36 - 200 0 0 45227
2017-08-29 15:13:11 ::1 GET /User/assets/pages/img/login/bg1.jpg - 51722 - ::1 Mozilla/5.0+(Windows+NT+10.0;+Win64;+x64)+AppleWebKit/537.36+(KHTML,+like+Gecko)+Chrome/60.0.3112.101+Safari/537.36 http://localhost:51722/User/LogOn 404 0 2 4
2017-08-29 15:13:11 ::1 GET /favicon.ico - 51722 - ::1 Mozilla/5.0+(Windows+NT+10.0;+Win64;+x64)+AppleWebKit/537.36+(KHTML,+like+Gecko)+Chrome/60.0.3112.101+Safari/537.36 http://localhost:51722/User/LogOn 200 0 0 74
2017-08-29 15:13:54 ::1 GET /User/LogOn - 51722 - ::1 Mozilla/5.0+(Windows+NT+10.0;+Win64;+x64)+AppleWebKit/537.36+(KHTML,+like+Gecko)+Chrome/60.0.3112.101+Safari/537.36 - 200 0 0 4699
2017-08-29 15:13:54 ::1 GET /User/assets/pages/img/login/bg1.jpg - 51722 - ::1 Mozilla/5.0+(Windows+NT+10.0;+Win64;+x64)+AppleWebKit/537.36+(KHTML,+like+Gecko)+Chrome/60.0.3112.101+Safari/537.36 http://localhost:51722/User/LogOn 404 0 2 8
2017-08-29 15:13:54 ::1 GET /favicon.ico - 51722 - ::1 Mozilla/5.0+(Windows+NT+10.0;+Win64;+x64)+AppleWebKit/537.36+(KHTML,+like+Gecko)+Chrome/60.0.3112.101+Safari/537.36 http://localhost:51722/User/LogOn 200 0 0 30
2017-08-29 15:14:15 ::1 GET /User/LogOn - 51722 - ::1 Mozilla/5.0+(Windows+NT+10.0;+Win64;+x64)+AppleWebKit/537.36+(KHTML,+like+Gecko)+Chrome/60.0.3112.101+Safari/537.36 - 200 0 0 4621
2017-08-29 15:14:15 ::1 GET /User/assets/pages/img/login/bg1.jpg - 51722 - ::1 Mozilla/5.0+(Windows+NT+10.0;+Win64;+x64)+AppleWebKit/537.36+(KHTML,+like+Gecko)+Chrome/60.0.3112.101+Safari/537.36 http://localhost:51722/User/LogOn 404 0 2 9
2017-08-29 15:14:15 ::1 GET /favicon.ico - 51722 - ::1 Mozilla/5.0+(Windows+NT+10.0;+Win64;+x64)+AppleWebKit/537.36+(KHTML,+like+Gecko)+Chrome/60.0.3112.101+Safari/537.36 http://localhost:51722/User/LogOn 200 0 0 81
2017-08-29 15:14:38 ::1 GET /User/LogOn - 51722 - ::1 Mozilla/5.0+(Windows+NT+10.0;+Win64;+x64)+AppleWebKit/537.36+(KHTML,+like+Gecko)+Chrome/60.0.3112.101+Safari/537.36 - 200 0 0 3276
2017-08-29 15:14:38 ::1 GET /User/assets/pages/img/login/bg1.jpg - 51722 - ::1 Mozilla/5.0+(Windows+NT+10.0;+Win64;+x64)+AppleWebKit/537.36+(KHTML,+like+Gecko)+Chrome/60.0.3112.101+Safari/537.36 http://localhost:51722/User/LogOn 404 0 2 3
2017-08-29 15:14:38 ::1 GET /favicon.ico - 51722 - ::1 Mozilla/5.0+(Windows+NT+10.0;+Win64;+x64)+AppleWebKit/537.36+(KHTML,+like+Gecko)+Chrome/60.0.3112.101+Safari/537.36 http://localhost:51722/User/LogOn 200 0 0 41
2017-08-29 15:22:13 ::1 GET /User/LogOn - 51722 - ::1 Mozilla/5.0+(Windows+NT+10.0;+Win64;+x64)+AppleWebKit/537.36+(KHTML,+like+Gecko)+Chrome/60.0.3112.101+Safari/537.36 - 200 0 0 4398
2017-08-29 15:22:13 ::1 GET /User/assets/pages/img/login/bg1.jpg - 51722 - ::1 Mozilla/5.0+(Windows+NT+10.0;+Win64;+x64)+AppleWebKit/537.36+(KHTML,+like+Gecko)+Chrome/60.0.3112.101+Safari/537.36 http://localhost:51722/User/LogOn 404 0 2 3
2017-08-29 15:22:13 ::1 GET /favicon.ico - 51722 - ::1 Mozilla/5.0+(Windows+NT+10.0;+Win64;+x64)+AppleWebKit/537.36+(KHTML,+like+Gecko)+Chrome/60.0.3112.101+Safari/537.36 http://localhost:51722/User/LogOn 200 0 0 37
2017-08-29 15:23:33 ::1 GET /User/LogOn - 51722 - ::1 Mozilla/5.0+(Windows+NT+10.0;+Win64;+x64)+AppleWebKit/537.36+(KHTML,+like+Gecko)+Chrome/60.0.3112.101+Safari/537.36 - 200 0 0 7208
2017-08-29 15:23:33 ::1 GET /User/assets/pages/img/login/bg1.jpg - 51722 - ::1 Mozilla/5.0+(Windows+NT+10.0;+Win64;+x64)+AppleWebKit/537.36+(KHTML,+like+Gecko)+Chrome/60.0.3112.101+Safari/537.36 http://localhost:51722/User/LogOn 404 0 2 4
2017-08-29 15:23:33 ::1 GET /favicon.ico - 51722 - ::1 Mozilla/5.0+(Windows+NT+10.0;+Win64;+x64)+AppleWebKit/537.36+(KHTML,+like+Gecko)+Chrome/60.0.3112.101+Safari/537.36 http://localhost:51722/User/LogOn 200 0 0 38
2017-08-29 15:24:40 ::1 GET /User/LogOn - 51722 - ::1 Mozilla/5.0+(Windows+NT+10.0;+Win64;+x64)+AppleWebKit/537.36+(KHTML,+like+Gecko)+Chrome/60.0.3112.101+Safari/537.36 - 200 0 0 4077
2017-08-29 15:24:40 ::1 GET /User/assets/pages/img/login/bg1.jpg - 51722 - ::1 Mozilla/5.0+(Windows+NT+10.0;+Win64;+x64)+AppleWebKit/537.36+(KHTML,+like+Gecko)+Chrome/60.0.3112.101+Safari/537.36 http://localhost:51722/User/LogOn 404 0 2 3
2017-08-29 15:24:40 ::1 GET /favicon.ico - 51722 - ::1 Mozilla/5.0+(Windows+NT+10.0;+Win64;+x64)+AppleWebKit/537.36+(KHTML,+like+Gecko)+Chrome/60.0.3112.101+Safari/537.36 http://localhost:51722/User/LogOn 200 0 0 51
2017-08-29 15:26:18 ::1 GET /User/LogOn - 51722 - ::1 Mozilla/5.0+(Windows+NT+10.0;+Win64;+x64)+AppleWebKit/537.36+(KHTML,+like+Gecko)+Chrome/60.0.3112.101+Safari/537.36 - 200 0 0 3825
2017-08-29 15:26:18 ::1 GET /User/assets/pages/img/login/bg1.jpg - 51722 - ::1 Mozilla/5.0+(Windows+NT+10.0;+Win64;+x64)+AppleWebKit/537.36+(KHTML,+like+Gecko)+Chrome/60.0.3112.101+Safari/537.36 http://localhost:51722/User/LogOn 404 0 2 2
2017-08-29 15:26:39 ::1 GET /User/LogOn - 51722 - ::1 Mozilla/5.0+(Windows+NT+10.0;+Win64;+x64)+AppleWebKit/537.36+(KHTML,+like+Gecko)+Chrome/60.0.3112.101+Safari/537.36 - 200 0 0 3278
2017-08-29 15:26:39 ::1 GET /User/assets/pages/img/login/bg1.jpg - 51722 - ::1 Mozilla/5.0+(Windows+NT+10.0;+Win64;+x64)+AppleWebKit/537.36+(KHTML,+like+Gecko)+Chrome/60.0.3112.101+Safari/537.36 http://localhost:51722/User/LogOn 404 0 2 5
2017-08-29 15:26:39 ::1 GET /favicon.ico - 51722 - ::1 Mozilla/5.0+(Windows+NT+10.0;+Win64;+x64)+AppleWebKit/537.36+(KHTML,+like+Gecko)+Chrome/60.0.3112.101+Safari/537.36 http://localhost:51722/User/LogOn 200 0 0 50
2017-08-29 15:26:52 ::1 GET /User/LogOn - 51722 - ::1 Mozilla/5.0+(Windows+NT+10.0;+Win64;+x64)+AppleWebKit/537.36+(KHTML,+like+Gecko)+Chrome/60.0.3112.101+Safari/537.36 - 200 0 0 3131
2017-08-29 15:26:52 ::1 GET /User/assets/pages/img/login/bg1.jpg - 51722 - ::1 Mozilla/5.0+(Windows+NT+10.0;+Win64;+x64)+AppleWebKit/537.36+(KHTML,+like+Gecko)+Chrome/60.0.3112.101+Safari/537.36 http://localhost:51722/User/LogOn 404 0 2 1
2017-08-29 15:26:52 ::1 GET /favicon.ico - 51722 - ::1 Mozilla/5.0+(Windows+NT+10.0;+Win64;+x64)+AppleWebKit/537.36+(KHTML,+like+Gecko)+Chrome/60.0.3112.101+Safari/537.36 http://localhost:51722/User/LogOn 200 0 0 109
2017-08-29 15:27:04 ::1 GET /User/LogOn - 51722 - ::1 Mozilla/5.0+(Windows+NT+10.0;+Win64;+x64)+AppleWebKit/537.36+(KHTML,+like+Gecko)+Chrome/60.0.3112.101+Safari/537.36 - 200 0 0 3392
2017-08-29 15:27:04 ::1 GET /User/assets/pages/img/login/bg1.jpg - 51722 - ::1 Mozilla/5.0+(Windows+NT+10.0;+Win64;+x64)+AppleWebKit/537.36+(KHTML,+like+Gecko)+Chrome/60.0.3112.101+Safari/537.36 http://localhost:51722/User/LogOn 404 0 2 2
2017-08-29 15:27:04 ::1 GET /favicon.ico - 51722 - ::1 Mozilla/5.0+(Windows+NT+10.0;+Win64;+x64)+AppleWebKit/537.36+(KHTML,+like+Gecko)+Chrome/60.0.3112.101+Safari/537.36 http://localhost:51722/User/LogOn 200 0 0 104
2017-08-29 15:27:19 ::1 GET /User/LogOn - 51722 - ::1 Mozilla/5.0+(Windows+NT+10.0;+Win64;+x64)+AppleWebKit/537.36+(KHTML,+like+Gecko)+Chrome/60.0.3112.101+Safari/537.36 - 200 0 0 3264
2017-08-29 15:27:19 ::1 GET /User/assets/pages/img/login/bg1.jpg - 51722 - ::1 Mozilla/5.0+(Windows+NT+10.0;+Win64;+x64)+AppleWebKit/537.36+(KHTML,+like+Gecko)+Chrome/60.0.3112.101+Safari/537.36 http://localhost:51722/User/LogOn 404 0 2 3
2017-08-29 15:27:19 ::1 GET /favicon.ico - 51722 - ::1 Mozilla/5.0+(Windows+NT+10.0;+Win64;+x64)+AppleWebKit/537.36+(KHTML,+like+Gecko)+Chrome/60.0.3112.101+Safari/537.36 http://localhost:51722/User/LogOn 200 0 0 23
2017-08-29 15:27:32 ::1 GET /User/LogOn - 51722 - ::1 Mozilla/5.0+(Windows+NT+10.0;+Win64;+x64)+AppleWebKit/537.36+(KHTML,+like+Gecko)+Chrome/60.0.3112.101+Safari/537.36 - 200 0 0 1515
2017-08-29 15:27:32 ::1 GET /User/assets/pages/img/login/bg1.jpg - 51722 - ::1 Mozilla/5.0+(Windows+NT+10.0;+Win64;+x64)+AppleWebKit/537.36+(KHTML,+like+Gecko)+Chrome/60.0.3112.101+Safari/537.36 http://localhost:51722/User/LogOn 404 0 2 4
2017-08-29 15:27:32 ::1 GET /favicon.ico - 51722 - ::1 Mozilla/5.0+(Windows+NT+10.0;+Win64;+x64)+AppleWebKit/537.36+(KHTML,+like+Gecko)+Chrome/60.0.3112.101+Safari/537.36 http://localhost:51722/User/LogOn 200 0 0 37
2017-08-29 15:27:45 ::1 GET /User/LogOn - 51722 - ::1 Mozilla/5.0+(Windows+NT+10.0;+Win64;+x64)+AppleWebKit/537.36+(KHTML,+like+Gecko)+Chrome/60.0.3112.101+Safari/537.36 - 200 0 0 3555
2017-08-29 15:27:45 ::1 GET /User/assets/pages/img/login/bg1.jpg - 51722 - ::1 Mozilla/5.0+(Windows+NT+10.0;+Win64;+x64)+AppleWebKit/537.36+(KHTML,+like+Gecko)+Chrome/60.0.3112.101+Safari/537.36 http://localhost:51722/User/LogOn 404 0 2 2
2017-08-29 15:27:45 ::1 GET /favicon.ico - 51722 - ::1 Mozilla/5.0+(Windows+NT+10.0;+Win64;+x64)+AppleWebKit/537.36+(KHTML,+like+Gecko)+Chrome/60.0.3112.101+Safari/537.36 http://localhost:51722/User/LogOn 200 0 0 31
2017-08-29 15:29:01 ::1 GET /User/LogOn - 51722 - ::1 Mozilla/5.0+(Windows+NT+10.0;+Win64;+x64)+AppleWebKit/537.36+(KHTML,+like+Gecko)+Chrome/60.0.3112.101+Safari/537.36 - 200 0 0 4174
2017-08-29 15:29:01 ::1 GET /User/assets/pages/img/login/bg1.jpg - 51722 - ::1 Mozilla/5.0+(Windows+NT+10.0;+Win64;+x64)+AppleWebKit/537.36+(KHTML,+like+Gecko)+Chrome/60.0.3112.101+Safari/537.36 http://localhost:51722/User/LogOn 404 0 2 4
2017-08-29 15:29:01 ::1 GET /favicon.ico - 51722 - ::1 Mozilla/5.0+(Windows+NT+10.0;+Win64;+x64)+AppleWebKit/537.36+(KHTML,+like+Gecko)+Chrome/60.0.3112.101+Safari/537.36 http://localhost:51722/User/LogOn 200 0 0 15
2017-08-29 15:29:23 ::1 GET /User/LogOn - 51722 - ::1 Mozilla/5.0+(Windows+NT+10.0;+Win64;+x64)+AppleWebKit/537.36+(KHTML,+like+Gecko)+Chrome/60.0.3112.101+Safari/537.36 - 200 0 0 12936
2017-08-29 15:29:23 ::1 GET /User/assets/pages/img/login/bg1.jpg - 51722 - ::1 Mozilla/5.0+(Windows+NT+10.0;+Win64;+x64)+AppleWebKit/537.36+(KHTML,+like+Gecko)+Chrome/60.0.3112.101+Safari/537.36 http://localhost:51722/User/LogOn 404 0 2 12
2017-08-29 15:29:23 ::1 GET /favicon.ico - 51722 - ::1 Mozilla/5.0+(Windows+NT+10.0;+Win64;+x64)+AppleWebKit/537.36+(KHTML,+like+Gecko)+Chrome/60.0.3112.101+Safari/537.36 http://localhost:51722/User/LogOn 200 0 0 79
2017-08-29 15:30:25 ::1 GET /User/LogOn - 51722 - ::1 Mozilla/5.0+(Windows+NT+10.0;+Win64;+x64)+AppleWebKit/537.36+(KHTML,+like+Gecko)+Chrome/60.0.3112.101+Safari/537.36 - 200 0 0 3484
2017-08-29 15:30:25 ::1 GET /User/assets/pages/img/login/bg1.jpg - 51722 - ::1 Mozilla/5.0+(Windows+NT+10.0;+Win64;+x64)+AppleWebKit/537.36+(KHTML,+like+Gecko)+Chrome/60.0.3112.101+Safari/537.36 http://localhost:51722/User/LogOn 404 0 2 3
2017-08-29 15:30:25 ::1 GET /favicon.ico - 51722 - ::1 Mozilla/5.0+(Windows+NT+10.0;+Win64;+x64)+AppleWebKit/537.36+(KHTML,+like+Gecko)+Chrome/60.0.3112.101+Safari/537.36 http://localhost:51722/User/LogOn 200 0 0 36
2017-08-29 15:30:54 ::1 GET /User/LogOnGeneric - 51722 - ::1 Mozilla/5.0+(Windows+NT+10.0;+Win64;+x64)+AppleWebKit/537.36+(KHTML,+like+Gecko)+Chrome/60.0.3112.101+Safari/537.36 http://localhost:51722/User/LogOn 200 0 0 2892
2017-08-29 15:43:27 ::1 GET /User/LogOnGeneric - 51722 - ::1 Mozilla/5.0+(Windows+NT+10.0;+Win64;+x64)+AppleWebKit/537.36+(KHTML,+like+Gecko)+Chrome/60.0.3112.101+Safari/537.36 http://localhost:51722/User/LogOn 200 0 0 11301
2017-08-29 15:43:43 ::1 GET /User/LogOnGenericNext/ UserName=asasd@zsgsg.sdf 51722 - ::1 Mozilla/5.0+(Windows+NT+10.0;+Win64;+x64)+AppleWebKit/537.36+(KHTML,+like+Gecko)+Chrome/60.0.3112.101+Safari/537.36 http://localhost:51722/User/LogOnGeneric 302 0 0 7303
2017-08-29 15:43:43 ::1 GET /User/LogOnGeneric - 51722 - ::1 Mozilla/5.0+(Windows+NT+10.0;+Win64;+x64)+AppleWebKit/537.36+(KHTML,+like+Gecko)+Chrome/60.0.3112.101+Safari/537.36 http://localhost:51722/User/LogOnGeneric 200 0 0 16
2017-08-29 15:46:44 ::1 GET /User/LogOnGeneric - 51722 - ::1 Mozilla/5.0+(Windows+NT+10.0;+Win64;+x64)+AppleWebKit/537.36+(KHTML,+like+Gecko)+Chrome/60.0.3112.101+Safari/537.36 http://localhost:51722/User/LogOnGeneric 200 0 0 3495
2017-08-29 15:46:44 ::1 GET /favicon.ico - 51722 - ::1 Mozilla/5.0+(Windows+NT+10.0;+Win64;+x64)+AppleWebKit/537.36+(KHTML,+like+Gecko)+Chrome/60.0.3112.101+Safari/537.36 http://localhost:51722/User/LogOnGeneric 200 0 0 32
2017-08-29 15:46:54 ::1 GET /User/LogOnGenericNext/ UserName=dfrg@sdf.sdfsdf 51722 - ::1 Mozilla/5.0+(Windows+NT+10.0;+Win64;+x64)+AppleWebKit/537.36+(KHTML,+like+Gecko)+Chrome/60.0.3112.101+Safari/537.36 http://localhost:51722/User/LogOnGeneric 302 0 0 242
2017-08-29 15:46:54 ::1 GET /User/LogOnGeneric - 51722 - ::1 Mozilla/5.0+(Windows+NT+10.0;+Win64;+x64)+AppleWebKit/537.36+(KHTML,+like+Gecko)+Chrome/60.0.3112.101+Safari/537.36 http://localhost:51722/User/LogOnGeneric 200 0 0 19
2017-08-29 15:47:56 ::1 GET /User/LogOnGeneric - 51722 - ::1 Mozilla/5.0+(Windows+NT+10.0;+Win64;+x64)+AppleWebKit/537.36+(KHTML,+like+Gecko)+Chrome/60.0.3112.101+Safari/537.36 http://localhost:51722/User/LogOnGeneric 200 0 0 3238
2017-08-29 15:47:56 ::1 GET /favicon.ico - 51722 - ::1 Mozilla/5.0+(Windows+NT+10.0;+Win64;+x64)+AppleWebKit/537.36+(KHTML,+like+Gecko)+Chrome/60.0.3112.101+Safari/537.36 http://localhost:51722/User/LogOnGeneric 200 0 0 18
2017-08-29 15:48:05 ::1 GET /User/LogOnGenericNext/ UserName=fff@jjd.com 51722 - ::1 Mozilla/5.0+(Windows+NT+10.0;+Win64;+x64)+AppleWebKit/537.36+(KHTML,+like+Gecko)+Chrome/60.0.3112.101+Safari/537.36 http://localhost:51722/User/LogOnGeneric 302 0 0 2040
2017-08-29 15:48:05 ::1 GET /User/LogOnGeneric - 51722 - ::1 Mozilla/5.0+(Windows+NT+10.0;+Win64;+x64)+AppleWebKit/537.36+(KHTML,+like+Gecko)+Chrome/60.0.3112.101+Safari/537.36 http://localhost:51722/User/LogOnGeneric 200 0 0 10
2017-08-29 15:48:53 ::1 GET /User/LogOnGeneric - 51722 - ::1 Mozilla/5.0+(Windows+NT+10.0;+Win64;+x64)+AppleWebKit/537.36+(KHTML,+like+Gecko)+Chrome/60.0.3112.101+Safari/537.36 http://localhost:51722/User/LogOnGeneric 200 0 0 3192
2017-08-29 15:48:53 ::1 GET /favicon.ico - 51722 - ::1 Mozilla/5.0+(Windows+NT+10.0;+Win64;+x64)+AppleWebKit/537.36+(KHTML,+like+Gecko)+Chrome/60.0.3112.101+Safari/537.36 http://localhost:51722/User/LogOnGeneric 200 0 0 35
2017-08-29 15:49:03 ::1 GET /User/LogOnGenericNext/ UserName=sdsg@xdf.asf 51722 - ::1 Mozilla/5.0+(Windows+NT+10.0;+Win64;+x64)+AppleWebKit/537.36+(KHTML,+like+Gecko)+Chrome/60.0.3112.101+Safari/537.36 http://localhost:51722/User/LogOnGeneric 302 0 0 1966
2017-08-29 15:49:03 ::1 GET /User/LogOnGeneric - 51722 - ::1 Mozilla/5.0+(Windows+NT+10.0;+Win64;+x64)+AppleWebKit/537.36+(KHTML,+like+Gecko)+Chrome/60.0.3112.101+Safari/537.36 http://localhost:51722/User/LogOnGeneric 200 0 0 76
2017-08-29 15:49:44 ::1 GET /User/LogOnGeneric - 51722 - ::1 Mozilla/5.0+(Windows+NT+10.0;+Win64;+x64)+AppleWebKit/537.36+(KHTML,+like+Gecko)+Chrome/60.0.3112.101+Safari/537.36 http://localhost:51722/User/LogOnGeneric 200 0 0 5820
2017-08-29 15:49:44 ::1 GET /favicon.ico - 51722 - ::1 Mozilla/5.0+(Windows+NT+10.0;+Win64;+x64)+AppleWebKit/537.36+(KHTML,+like+Gecko)+Chrome/60.0.3112.101+Safari/537.36 http://localhost:51722/User/LogOnGeneric 200 0 0 33
2017-08-29 15:49:53 ::1 GET /User/LogOnGenericNext/ UserName=sdffsd@sdzf.dd 51722 - ::1 Mozilla/5.0+(Windows+NT+10.0;+Win64;+x64)+AppleWebKit/537.36+(KHTML,+like+Gecko)+Chrome/60.0.3112.101+Safari/537.36 http://localhost:51722/User/LogOnGeneric 302 0 0 2569
2017-08-29 15:49:53 ::1 GET /User/LogOnGeneric - 51722 - ::1 Mozilla/5.0+(Windows+NT+10.0;+Win64;+x64)+AppleWebKit/537.36+(KHTML,+like+Gecko)+Chrome/60.0.3112.101+Safari/537.36 http://localhost:51722/User/LogOnGeneric 200 0 0 12
2017-08-29 15:50:14 ::1 GET /User/LogOnGeneric - 51722 - ::1 Mozilla/5.0+(Windows+NT+10.0;+Win64;+x64)+AppleWebKit/537.36+(KHTML,+like+Gecko)+Chrome/60.0.3112.101+Safari/537.36 http://localhost:51722/User/LogOnGeneric 200 0 0 2996
2017-08-29 15:50:14 ::1 GET /favicon.ico - 51722 - ::1 Mozilla/5.0+(Windows+NT+10.0;+Win64;+x64)+AppleWebKit/537.36+(KHTML,+like+Gecko)+Chrome/60.0.3112.101+Safari/537.36 http://localhost:51722/User/LogOnGeneric 200 0 0 47
2017-08-29 15:50:19 ::1 GET /User/LogOnGenericNext/ UserName=asdas@zf.zsd 51722 - ::1 Mozilla/5.0+(Windows+NT+10.0;+Win64;+x64)+AppleWebKit/537.36+(KHTML,+like+Gecko)+Chrome/60.0.3112.101+Safari/537.36 http://localhost:51722/User/LogOnGeneric 302 0 0 250
2017-08-29 15:50:19 ::1 GET /User/LogOnGeneric - 51722 - ::1 Mozilla/5.0+(Windows+NT+10.0;+Win64;+x64)+AppleWebKit/537.36+(KHTML,+like+Gecko)+Chrome/60.0.3112.101+Safari/537.36 http://localhost:51722/User/LogOnGeneric 200 0 0 12
2017-08-29 15:50:58 ::1 GET /User/LogOnGenericNext/ UserName=asdsss@asddf.gdffs 51722 - ::1 Mozilla/5.0+(Windows+NT+10.0;+Win64;+x64)+AppleWebKit/537.36+(KHTML,+like+Gecko)+Chrome/60.0.3112.101+Safari/537.36 http://localhost:51722/User/LogOnGeneric 302 0 64 3938
2017-08-29 15:50:58 ::1 GET /User/LogOnGenericNext/ UserName=asdsss@asddf.gdffs 51722 - ::1 Mozilla/5.0+(Windows+NT+10.0;+Win64;+x64)+AppleWebKit/537.36+(KHTML,+like+Gecko)+Chrome/60.0.3112.101+Safari/537.36 http://localhost:51722/User/LogOnGeneric 302 0 0 2310
2017-08-29 15:50:58 ::1 GET /User/LogOnGeneric - 51722 - ::1 Mozilla/5.0+(Windows+NT+10.0;+Win64;+x64)+AppleWebKit/537.36+(KHTML,+like+Gecko)+Chrome/60.0.3112.101+Safari/537.36 http://localhost:51722/User/LogOnGeneric 200 0 0 8
2017-08-29 15:51:16 ::1 GET /User/LogOnGenericNext/ UserName=fdfdd@gggg.zfdd 51722 - ::1 Mozilla/5.0+(Windows+NT+10.0;+Win64;+x64)+AppleWebKit/537.36+(KHTML,+like+Gecko)+Chrome/60.0.3112.101+Safari/537.36 http://localhost:51722/User/LogOnGeneric 302 0 0 1900
2017-08-29 15:51:16 ::1 GET /User/LogOnGeneric - 51722 - ::1 Mozilla/5.0+(Windows+NT+10.0;+Win64;+x64)+AppleWebKit/537.36+(KHTML,+like+Gecko)+Chrome/60.0.3112.101+Safari/537.36 http://localhost:51722/User/LogOnGeneric 200 0 0 11
2017-08-29 15:54:44 ::1 GET /User/LogOnGeneric/ - 51722 - ::1 Mozilla/5.0+(Windows+NT+10.0;+Win64;+x64)+AppleWebKit/537.36+(KHTML,+like+Gecko)+Chrome/60.0.3112.101+Safari/537.36 - 200 0 0 3177
2017-08-29 15:54:44 ::1 GET /User/assets/pages/img/login/bg1.jpg - 51722 - ::1 Mozilla/5.0+(Windows+NT+10.0;+Win64;+x64)+AppleWebKit/537.36+(KHTML,+like+Gecko)+Chrome/60.0.3112.101+Safari/537.36 http://localhost:51722/User/LogOnGeneric/ 404 0 2 13
2017-08-29 15:54:55 ::1 GET /User/LogOnGeneric - 51722 - ::1 Mozilla/5.0+(Windows+NT+10.0;+Win64;+x64)+AppleWebKit/537.36+(KHTML,+like+Gecko)+Chrome/60.0.3112.101+Safari/537.36 - 200 0 0 4432
2017-08-29 15:55:12 ::1 GET /User/LogOnGenericNext/ UserName=ddd@ggg.ggg 51722 - ::1 Mozilla/5.0+(Windows+NT+10.0;+Win64;+x64)+AppleWebKit/537.36+(KHTML,+like+Gecko)+Chrome/60.0.3112.101+Safari/537.36 http://localhost:51722/User/LogOnGeneric 302 0 0 1980
2017-08-29 15:55:12 ::1 GET /User/LogOnGeneric - 51722 - ::1 Mozilla/5.0+(Windows+NT+10.0;+Win64;+x64)+AppleWebKit/537.36+(KHTML,+like+Gecko)+Chrome/60.0.3112.101+Safari/537.36 http://localhost:51722/User/LogOnGeneric 200 0 0 8
#Software: Microsoft Internet Information Services 8.0
#Version: 1.0
#Date: 2017-08-29 16:13:36
#Fields: date time s-ip cs-method cs-uri-stem cs-uri-query s-port cs-username c-ip cs(User-Agent) cs(Referer) sc-status sc-substatus sc-win32-status time-taken
2017-08-29 16:13:36 ::1 GET /User/LogOn - 51722 - ::1 Mozilla/5.0+(Windows+NT+10.0;+Win64;+x64)+AppleWebKit/537.36+(KHTML,+like+Gecko)+Chrome/60.0.3112.101+Safari/537.36 - 200 0 0 10862
2017-08-29 16:13:36 ::1 GET /User/assets/pages/img/login/bg1.jpg - 51722 - ::1 Mozilla/5.0+(Windows+NT+10.0;+Win64;+x64)+AppleWebKit/537.36+(KHTML,+like+Gecko)+Chrome/60.0.3112.101+Safari/537.36 http://localhost:51722/User/LogOn 404 0 2 12
