#Software: Microsoft Internet Information Services 8.0
#Version: 1.0
#Date: 2017-05-04 11:02:34
#Fields: date time s-ip cs-method cs-uri-stem cs-uri-query s-port cs-username c-ip cs(User-Agent) cs(Referer) sc-status sc-substatus sc-win32-status time-taken
2017-05-04 11:02:34 ::1 GET /User/LogOn - 51722 - ::1 Mozilla/5.0+(Windows+NT+10.0;+WOW64)+AppleWebKit/537.36+(KHTML,+like+Gecko)+Chrome/58.0.3029.81+Safari/537.36 - 200 0 0 48103
2017-05-04 11:06:31 ::1 GET /User/LogOn - 51722 - ::1 Mozilla/5.0+(Windows+NT+10.0;+WOW64)+AppleWebKit/537.36+(KHTML,+like+Gecko)+Chrome/58.0.3029.81+Safari/537.36 - 200 0 0 4758
2017-05-04 11:06:33 ::1 GET /favicon.ico - 51722 - ::1 Mozilla/5.0+(Windows+NT+10.0;+WOW64)+AppleWebKit/537.36+(KHTML,+like+Gecko)+Chrome/58.0.3029.81+Safari/537.36 http://localhost:51722/User/LogOn 200 0 0 62
2017-05-04 11:07:25 ::1 GET /User/LogOn - 51722 - ::1 Mozilla/5.0+(Windows+NT+10.0;+WOW64)+AppleWebKit/537.36+(KHTML,+like+Gecko)+Chrome/58.0.3029.81+Safari/537.36 - 200 0 0 3772
2017-05-04 11:07:25 ::1 GET /favicon.ico - 51722 - ::1 Mozilla/5.0+(Windows+NT+10.0;+WOW64)+AppleWebKit/537.36+(KHTML,+like+Gecko)+Chrome/58.0.3029.81+Safari/537.36 http://localhost:51722/User/LogOn 200 0 0 24
2017-05-04 11:08:11 ::1 GET /User/LogOn - 51722 - ::1 Mozilla/5.0+(Windows+NT+10.0;+WOW64)+AppleWebKit/537.36+(KHTML,+like+Gecko)+Chrome/58.0.3029.81+Safari/537.36 - 200 0 0 3541
2017-05-04 11:08:11 ::1 GET /favicon.ico - 51722 - ::1 Mozilla/5.0+(Windows+NT+10.0;+WOW64)+AppleWebKit/537.36+(KHTML,+like+Gecko)+Chrome/58.0.3029.81+Safari/537.36 http://localhost:51722/User/LogOn 200 0 0 37
2017-05-04 11:10:15 ::1 GET /User/LogOn - 51722 - ::1 Mozilla/5.0+(Windows+NT+10.0;+WOW64)+AppleWebKit/537.36+(KHTML,+like+Gecko)+Chrome/58.0.3029.81+Safari/537.36 - 200 0 0 5285
2017-05-04 11:10:15 ::1 GET /favicon.ico - 51722 - ::1 Mozilla/5.0+(Windows+NT+10.0;+WOW64)+AppleWebKit/537.36+(KHTML,+like+Gecko)+Chrome/58.0.3029.81+Safari/537.36 http://localhost:51722/User/LogOn 200 0 0 32
2017-05-04 11:14:46 ::1 GET /User/LogOn - 51722 - ::1 Mozilla/5.0+(Windows+NT+10.0;+WOW64)+AppleWebKit/537.36+(KHTML,+like+Gecko)+Chrome/58.0.3029.81+Safari/537.36 - 200 0 0 3523
2017-05-04 11:14:50 ::1 POST /LogOn/User - 51722 - ::1 Mozilla/5.0+(Windows+NT+10.0;+WOW64)+AppleWebKit/537.36+(KHTML,+like+Gecko)+Chrome/58.0.3029.81+Safari/537.36 http://localhost:51722/User/LogOn 404 0 0 252
2017-05-04 11:15:15 ::1 GET /User/LogOn - 51722 - ::1 Mozilla/5.0+(Windows+NT+10.0;+WOW64)+AppleWebKit/537.36+(KHTML,+like+Gecko)+Chrome/58.0.3029.81+Safari/537.36 - 200 0 0 3067
2017-05-04 11:15:15 ::1 GET /favicon.ico - 51722 - ::1 Mozilla/5.0+(Windows+NT+10.0;+WOW64)+AppleWebKit/537.36+(KHTML,+like+Gecko)+Chrome/58.0.3029.81+Safari/537.36 http://localhost:51722/User/LogOn 200 0 0 35
2017-05-04 11:15:35 ::1 POST /User/LogOn - 51722 - ::1 Mozilla/5.0+(Windows+NT+10.0;+WOW64)+AppleWebKit/537.36+(KHTML,+like+Gecko)+Chrome/58.0.3029.81+Safari/537.36 http://localhost:51722/User/LogOn 302 0 0 18098
2017-05-04 11:15:35 ::1 GET / - 51722 - ::1 Mozilla/5.0+(Windows+NT+10.0;+WOW64)+AppleWebKit/537.36+(KHTML,+like+Gecko)+Chrome/58.0.3029.81+Safari/537.36 http://localhost:51722/User/LogOn 302 0 0 62
2017-05-04 11:15:54 ::1 GET /Dashboard/ViewDashboard - 51722 - ::1 Mozilla/5.0+(Windows+NT+10.0;+WOW64)+AppleWebKit/537.36+(KHTML,+like+Gecko)+Chrome/58.0.3029.81+Safari/537.36 http://localhost:51722/User/LogOn 200 0 0 18733
2017-05-04 11:15:54 ::1 GET /__browserLink/requestData/7f37f886ca67455aa39f9baaefda985a version=2 51722 - ::1 Mozilla/5.0+(Windows+NT+10.0;+WOW64)+AppleWebKit/537.36+(KHTML,+like+Gecko)+Chrome/58.0.3029.81+Safari/537.36 http://localhost:51722/Dashboard/ViewDashboard 200 0 0 235
2017-05-04 11:15:57 ::1 GET /Dashboard/getAjaxTab/1 sDate=null&eDate=null 51722 - ::1 Mozilla/5.0+(Windows+NT+10.0;+WOW64)+AppleWebKit/537.36+(KHTML,+like+Gecko)+Chrome/58.0.3029.81+Safari/537.36 http://localhost:51722/Dashboard/ViewDashboard 200 0 0 2253
2017-05-04 11:15:57 ::1 GET /Scripts/v2/easy.pie.chart/jquery.easing.1.3.js _=1493896557655 51722 - ::1 Mozilla/5.0+(Windows+NT+10.0;+WOW64)+AppleWebKit/537.36+(KHTML,+like+Gecko)+Chrome/58.0.3029.81+Safari/537.36 http://localhost:51722/Dashboard/ViewDashboard 200 0 0 42
2017-05-04 11:15:57 ::1 GET /Scripts/v2/easy.pie.chart/jquery.easypiechart.min.js _=1493896557761 51722 - ::1 Mozilla/5.0+(Windows+NT+10.0;+WOW64)+AppleWebKit/537.36+(KHTML,+like+Gecko)+Chrome/58.0.3029.81+Safari/537.36 http://localhost:51722/Dashboard/ViewDashboard 200 0 0 28
2017-05-04 11:15:57 ::1 GET /Scripts/v2/morris.charts/morris.min.js _=1493896557839 51722 - ::1 Mozilla/5.0+(Windows+NT+10.0;+WOW64)+AppleWebKit/537.36+(KHTML,+like+Gecko)+Chrome/58.0.3029.81+Safari/537.36 http://localhost:51722/Dashboard/ViewDashboard 200 0 0 56
2017-05-04 11:15:57 ::1 GET /Scripts/v2/morris.charts/raphael.min.js _=1493896557904 51722 - ::1 Mozilla/5.0+(Windows+NT+10.0;+WOW64)+AppleWebKit/537.36+(KHTML,+like+Gecko)+Chrome/58.0.3029.81+Safari/537.36 http://localhost:51722/Dashboard/ViewDashboard 200 0 0 184
2017-05-04 11:16:02 ::1 GET /Dashboard/GetExpenseApprovals/ sDate=null&eDate=null 51722 - ::1 Mozilla/5.0+(Windows+NT+10.0;+WOW64)+AppleWebKit/537.36+(KHTML,+like+Gecko)+Chrome/58.0.3029.81+Safari/537.36 http://localhost:51722/Dashboard/ViewDashboard 200 0 0 4127
2017-05-04 11:16:06 ::1 GET /Dashboard/GetExpenseTypesAmount/ sDate=null&eDate=null 51722 - ::1 Mozilla/5.0+(Windows+NT+10.0;+WOW64)+AppleWebKit/537.36+(KHTML,+like+Gecko)+Chrome/58.0.3029.81+Safari/537.36 http://localhost:51722/Dashboard/ViewDashboard 200 0 0 7823
2017-05-04 11:16:10 ::1 GET /Dashboard/GetExpensePostings/ sDate=null&eDate=null 51722 - ::1 Mozilla/5.0+(Windows+NT+10.0;+WOW64)+AppleWebKit/537.36+(KHTML,+like+Gecko)+Chrome/58.0.3029.81+Safari/537.36 http://localhost:51722/Dashboard/ViewDashboard 200 0 0 12354
2017-05-04 11:16:15 ::1 GET /Dashboard/GetPayMethodsAmount/ sDate=null&eDate=null 51722 - ::1 Mozilla/5.0+(Windows+NT+10.0;+WOW64)+AppleWebKit/537.36+(KHTML,+like+Gecko)+Chrome/58.0.3029.81+Safari/537.36 http://localhost:51722/Dashboard/ViewDashboard 200 0 0 17201
2017-05-04 11:16:20 ::1 GET /Dashboard/GetExpenseSubmissions/ sDate=null&eDate=null 51722 - ::1 Mozilla/5.0+(Windows+NT+10.0;+WOW64)+AppleWebKit/537.36+(KHTML,+like+Gecko)+Chrome/58.0.3029.81+Safari/537.36 http://localhost:51722/Dashboard/ViewDashboard 200 0 0 22006
2017-05-04 11:16:42 ::1 GET /User/LogOff - 51722 - ::1 Mozilla/5.0+(Windows+NT+10.0;+WOW64)+AppleWebKit/537.36+(KHTML,+like+Gecko)+Chrome/58.0.3029.81+Safari/537.36 http://localhost:51722/Dashboard/ViewDashboard 302 0 0 6
2017-05-04 11:16:42 ::1 GET / - 51722 - ::1 Mozilla/5.0+(Windows+NT+10.0;+WOW64)+AppleWebKit/537.36+(KHTML,+like+Gecko)+Chrome/58.0.3029.81+Safari/537.36 http://localhost:51722/Dashboard/ViewDashboard 302 0 0 4
2017-05-04 11:16:43 ::1 GET /User/LogOn - 51722 - ::1 Mozilla/5.0+(Windows+NT+10.0;+WOW64)+AppleWebKit/537.36+(KHTML,+like+Gecko)+Chrome/58.0.3029.81+Safari/537.36 http://localhost:51722/Dashboard/ViewDashboard 200 0 0 1732
#Software: Microsoft Internet Information Services 8.0
#Version: 1.0
#Date: 2017-05-04 11:18:14
#Fields: date time s-ip cs-method cs-uri-stem cs-uri-query s-port cs-username c-ip cs(User-Agent) cs(Referer) sc-status sc-substatus sc-win32-status time-taken
2017-05-04 11:18:14 ::1 GET / - 51722 - ::1 Mozilla/5.0+(Windows+NT+10.0;+WOW64)+AppleWebKit/537.36+(KHTML,+like+Gecko)+Chrome/58.0.3029.81+Safari/537.36 - 302 0 0 8548
2017-05-04 11:20:05 ::1 GET /User/LogOn - 51722 - ::1 Mozilla/5.0+(Windows+NT+10.0;+WOW64)+AppleWebKit/537.36+(KHTML,+like+Gecko)+Chrome/58.0.3029.81+Safari/537.36 - 200 0 0 111020
2017-05-04 11:20:46 ::1 POST /User/LogOn - 51722 - ::1 Mozilla/5.0+(Windows+NT+10.0;+WOW64)+AppleWebKit/537.36+(KHTML,+like+Gecko)+Chrome/58.0.3029.81+Safari/537.36 http://localhost:51722/User/LogOn 302 0 0 35876
2017-05-04 11:20:49 ::1 GET / - 51722 - ::1 Mozilla/5.0+(Windows+NT+10.0;+WOW64)+AppleWebKit/537.36+(KHTML,+like+Gecko)+Chrome/58.0.3029.81+Safari/537.36 http://localhost:51722/User/LogOn 302 0 0 43
2017-05-04 11:21:20 ::1 GET /Dashboard/ViewDashboard - 51722 - ::1 Mozilla/5.0+(Windows+NT+10.0;+WOW64)+AppleWebKit/537.36+(KHTML,+like+Gecko)+Chrome/58.0.3029.81+Safari/537.36 http://localhost:51722/User/LogOn 200 0 0 31722
2017-05-04 11:21:20 ::1 GET /__browserLink/requestData/9406e5a9f83f4c42abc299ec6ffb1d4f version=2 51722 - ::1 Mozilla/5.0+(Windows+NT+10.0;+WOW64)+AppleWebKit/537.36+(KHTML,+like+Gecko)+Chrome/58.0.3029.81+Safari/537.36 http://localhost:51722/Dashboard/ViewDashboard 200 0 0 46
2017-05-04 11:21:23 ::1 GET /Dashboard/getAjaxTab/1 sDate=null&eDate=null 51722 - ::1 Mozilla/5.0+(Windows+NT+10.0;+WOW64)+AppleWebKit/537.36+(KHTML,+like+Gecko)+Chrome/58.0.3029.81+Safari/537.36 http://localhost:51722/Dashboard/ViewDashboard 200 0 0 2599
2017-05-04 11:21:23 ::1 GET /Scripts/v2/easy.pie.chart/jquery.easing.1.3.js _=1493896883867 51722 - ::1 Mozilla/5.0+(Windows+NT+10.0;+WOW64)+AppleWebKit/537.36+(KHTML,+like+Gecko)+Chrome/58.0.3029.81+Safari/537.36 http://localhost:51722/Dashboard/ViewDashboard 200 0 0 105
2017-05-04 11:21:23 ::1 GET /Scripts/v2/easy.pie.chart/jquery.easypiechart.min.js _=1493896883978 51722 - ::1 Mozilla/5.0+(Windows+NT+10.0;+WOW64)+AppleWebKit/537.36+(KHTML,+like+Gecko)+Chrome/58.0.3029.81+Safari/537.36 http://localhost:51722/Dashboard/ViewDashboard 200 0 0 21
2017-05-04 11:21:23 ::1 GET /Scripts/v2/morris.charts/morris.min.js _=1493896884003 51722 - ::1 Mozilla/5.0+(Windows+NT+10.0;+WOW64)+AppleWebKit/537.36+(KHTML,+like+Gecko)+Chrome/58.0.3029.81+Safari/537.36 http://localhost:51722/Dashboard/ViewDashboard 200 0 0 41
2017-05-04 11:21:23 ::1 GET /Scripts/v2/morris.charts/raphael.min.js _=1493896884061 51722 - ::1 Mozilla/5.0+(Windows+NT+10.0;+WOW64)+AppleWebKit/537.36+(KHTML,+like+Gecko)+Chrome/58.0.3029.81+Safari/537.36 http://localhost:51722/Dashboard/ViewDashboard 200 0 0 96
2017-05-04 11:21:27 ::1 GET /Dashboard/GetExpenseSubmissions/ sDate=null&eDate=null 51722 - ::1 Mozilla/5.0+(Windows+NT+10.0;+WOW64)+AppleWebKit/537.36+(KHTML,+like+Gecko)+Chrome/58.0.3029.81+Safari/537.36 http://localhost:51722/Dashboard/ViewDashboard 200 0 0 3395
2017-05-04 11:21:31 ::1 GET /Dashboard/GetExpenseTypesAmount/ sDate=null&eDate=null 51722 - ::1 Mozilla/5.0+(Windows+NT+10.0;+WOW64)+AppleWebKit/537.36+(KHTML,+like+Gecko)+Chrome/58.0.3029.81+Safari/537.36 http://localhost:51722/Dashboard/ViewDashboard 200 0 0 7202
2017-05-04 11:21:36 ::1 GET /Dashboard/GetPayMethodsAmount/ sDate=null&eDate=null 51722 - ::1 Mozilla/5.0+(Windows+NT+10.0;+WOW64)+AppleWebKit/537.36+(KHTML,+like+Gecko)+Chrome/58.0.3029.81+Safari/537.36 http://localhost:51722/Dashboard/ViewDashboard 200 0 0 11956
2017-05-04 11:21:40 ::1 GET /Dashboard/GetExpensePostings/ sDate=null&eDate=null 51722 - ::1 Mozilla/5.0+(Windows+NT+10.0;+WOW64)+AppleWebKit/537.36+(KHTML,+like+Gecko)+Chrome/58.0.3029.81+Safari/537.36 http://localhost:51722/Dashboard/ViewDashboard 200 0 0 16191
2017-05-04 11:21:43 ::1 GET /Dashboard/GetExpenseApprovals/ sDate=null&eDate=null 51722 - ::1 Mozilla/5.0+(Windows+NT+10.0;+WOW64)+AppleWebKit/537.36+(KHTML,+like+Gecko)+Chrome/58.0.3029.81+Safari/537.36 http://localhost:51722/Dashboard/ViewDashboard 200 0 0 19092
2017-05-04 11:22:02 ::1 GET /Timesheet - 51722 - ::1 Mozilla/5.0+(Windows+NT+10.0;+WOW64)+AppleWebKit/537.36+(KHTML,+like+Gecko)+Chrome/58.0.3029.81+Safari/537.36 http://localhost:51722/Dashboard/ViewDashboard 200 0 0 11728
2017-05-04 11:22:02 ::1 GET /__browserLink/requestData/fe107f068844467fb16445e91cc879d7 version=2 51722 - ::1 Mozilla/5.0+(Windows+NT+10.0;+WOW64)+AppleWebKit/537.36+(KHTML,+like+Gecko)+Chrome/58.0.3029.81+Safari/537.36 http://localhost:51722/Timesheet 200 0 0 41
2017-05-04 11:22:13 ::1 GET /Csv/GenerateCsv - 51722 - ::1 Mozilla/5.0+(Windows+NT+10.0;+WOW64)+AppleWebKit/537.36+(KHTML,+like+Gecko)+Chrome/58.0.3029.81+Safari/537.36 http://localhost:51722/Timesheet 500 21 13 15
2017-05-04 11:23:23 ::1 GET /User/LogOff - 51722 - ::1 Mozilla/5.0+(Windows+NT+10.0;+WOW64)+AppleWebKit/537.36+(KHTML,+like+Gecko)+Chrome/58.0.3029.81+Safari/537.36 http://localhost:51722/Timesheet 302 0 0 90
2017-05-04 11:23:23 ::1 GET / - 51722 - ::1 Mozilla/5.0+(Windows+NT+10.0;+WOW64)+AppleWebKit/537.36+(KHTML,+like+Gecko)+Chrome/58.0.3029.81+Safari/537.36 http://localhost:51722/Timesheet 302 0 0 53
2017-05-04 11:23:28 ::1 GET /User/LogOn - 51722 - ::1 Mozilla/5.0+(Windows+NT+10.0;+WOW64)+AppleWebKit/537.36+(KHTML,+like+Gecko)+Chrome/58.0.3029.81+Safari/537.36 http://localhost:51722/Timesheet 200 0 0 4688
2017-05-04 11:26:32 ::1 GET /User/LogOn - 51722 - ::1 Mozilla/5.0+(Windows+NT+10.0;+WOW64)+AppleWebKit/537.36+(KHTML,+like+Gecko)+Chrome/58.0.3029.81+Safari/537.36 http://localhost:51722/Timesheet 200 0 0 9041
2017-05-04 11:26:32 ::1 GET /favicon.ico - 51722 - ::1 Mozilla/5.0+(Windows+NT+10.0;+WOW64)+AppleWebKit/537.36+(KHTML,+like+Gecko)+Chrome/58.0.3029.81+Safari/537.36 http://localhost:51722/User/LogOn 200 0 0 29
2017-05-04 11:27:24 ::1 GET /images/icons/information.png - 51722 - ::1 Mozilla/5.0+(Windows+NT+10.0;+WOW64)+AppleWebKit/537.36+(KHTML,+like+Gecko)+Chrome/58.0.3029.81+Safari/537.36 http://localhost:51722/css/login-css?v=J77axZcavoi_ojyyxVekU8O4EwQ1NePBJ5ZWqIEXb3c1 200 0 0 35
#Software: Microsoft Internet Information Services 8.0
#Version: 1.0
#Date: 2017-05-04 11:56:10
#Fields: date time s-ip cs-method cs-uri-stem cs-uri-query s-port cs-username c-ip cs(User-Agent) cs(Referer) sc-status sc-substatus sc-win32-status time-taken
2017-05-04 11:56:10 ::1 POST /User/LogOn - 51722 - ::1 Mozilla/5.0+(Windows+NT+10.0;+WOW64)+AppleWebKit/537.36+(KHTML,+like+Gecko)+Chrome/58.0.3029.81+Safari/537.36 http://localhost:51722/User/LogOn 200 0 0 7627
2017-05-04 11:56:50 ::1 POST /User/LogOn - 51722 - ::1 Mozilla/5.0+(Windows+NT+10.0;+WOW64)+AppleWebKit/537.36+(KHTML,+like+Gecko)+Chrome/58.0.3029.81+Safari/537.36 http://localhost:51722/User/LogOn 200 0 0 3943
#Software: Microsoft Internet Information Services 8.0
#Version: 1.0
#Date: 2017-05-04 12:32:20
#Fields: date time s-ip cs-method cs-uri-stem cs-uri-query s-port cs-username c-ip cs(User-Agent) cs(Referer) sc-status sc-substatus sc-win32-status time-taken
2017-05-04 12:32:20 ::1 POST /User/LogOn - 51722 - ::1 Mozilla/5.0+(Windows+NT+10.0;+WOW64)+AppleWebKit/537.36+(KHTML,+like+Gecko)+Chrome/58.0.3029.81+Safari/537.36 http://localhost:51722/User/LogOn 200 0 0 6555
2017-05-04 12:32:49 ::1 POST /User/LogOn - 51722 - ::1 Mozilla/5.0+(Windows+NT+10.0;+WOW64)+AppleWebKit/537.36+(KHTML,+like+Gecko)+Chrome/58.0.3029.81+Safari/537.36 http://localhost:51722/User/LogOn 200 0 0 4634
2017-05-04 12:33:03 ::1 POST /User/LogOn - 51722 - ::1 Mozilla/5.0+(Windows+NT+10.0;+WOW64)+AppleWebKit/537.36+(KHTML,+like+Gecko)+Chrome/58.0.3029.81+Safari/537.36 http://localhost:51722/User/LogOn 200 0 0 5773
2017-05-04 12:33:51 ::1 POST /User/LogOn - 51722 - ::1 Mozilla/5.0+(Windows+NT+10.0;+WOW64)+AppleWebKit/537.36+(KHTML,+like+Gecko)+Chrome/58.0.3029.81+Safari/537.36 http://localhost:51722/User/LogOn 302 0 0 40404
2017-05-04 12:33:51 ::1 GET / - 51722 - ::1 Mozilla/5.0+(Windows+NT+10.0;+WOW64)+AppleWebKit/537.36+(KHTML,+like+Gecko)+Chrome/58.0.3029.81+Safari/537.36 http://localhost:51722/User/LogOn 302 0 0 66
2017-05-04 12:34:02 ::1 GET /Dashboard/ViewDashboard - 51722 - ::1 Mozilla/5.0+(Windows+NT+10.0;+WOW64)+AppleWebKit/537.36+(KHTML,+like+Gecko)+Chrome/58.0.3029.81+Safari/537.36 http://localhost:51722/User/LogOn 200 0 0 11524
2017-05-04 12:34:02 ::1 GET /__browserLink/requestData/d67f3deb649d4e578988f0a38efbba54 version=2 51722 - ::1 Mozilla/5.0+(Windows+NT+10.0;+WOW64)+AppleWebKit/537.36+(KHTML,+like+Gecko)+Chrome/58.0.3029.81+Safari/537.36 http://localhost:51722/Dashboard/ViewDashboard 200 0 0 115
2017-05-04 12:34:05 ::1 GET /Dashboard/getAjaxTab/1 sDate=null&eDate=null 51722 - ::1 Mozilla/5.0+(Windows+NT+10.0;+WOW64)+AppleWebKit/537.36+(KHTML,+like+Gecko)+Chrome/58.0.3029.81+Safari/537.36 http://localhost:51722/Dashboard/ViewDashboard 200 0 0 2565
2017-05-04 12:34:05 ::1 GET /Scripts/v2/easy.pie.chart/jquery.easing.1.3.js _=1493901245480 51722 - ::1 Mozilla/5.0+(Windows+NT+10.0;+WOW64)+AppleWebKit/537.36+(KHTML,+like+Gecko)+Chrome/58.0.3029.81+Safari/537.36 http://localhost:51722/Dashboard/ViewDashboard 200 0 0 282
2017-05-04 12:34:05 ::1 GET /Scripts/v2/easy.pie.chart/jquery.easypiechart.min.js _=1493901245776 51722 - ::1 Mozilla/5.0+(Windows+NT+10.0;+WOW64)+AppleWebKit/537.36+(KHTML,+like+Gecko)+Chrome/58.0.3029.81+Safari/537.36 http://localhost:51722/Dashboard/ViewDashboard 200 0 0 38
2017-05-04 12:34:05 ::1 GET /Scripts/v2/morris.charts/morris.min.js _=1493901245971 51722 - ::1 Mozilla/5.0+(Windows+NT+10.0;+WOW64)+AppleWebKit/537.36+(KHTML,+like+Gecko)+Chrome/58.0.3029.81+Safari/537.36 http://localhost:51722/Dashboard/ViewDashboard 200 0 0 104
2017-05-04 12:34:05 ::1 GET /Scripts/v2/morris.charts/raphael.min.js _=1493901246094 51722 - ::1 Mozilla/5.0+(Windows+NT+10.0;+WOW64)+AppleWebKit/537.36+(KHTML,+like+Gecko)+Chrome/58.0.3029.81+Safari/537.36 http://localhost:51722/Dashboard/ViewDashboard 200 0 0 178
2017-05-04 12:34:09 ::1 GET /Dashboard/GetExpenseTypesAmount/ sDate=null&eDate=null 51722 - ::1 Mozilla/5.0+(Windows+NT+10.0;+WOW64)+AppleWebKit/537.36+(KHTML,+like+Gecko)+Chrome/58.0.3029.81+Safari/537.36 http://localhost:51722/Dashboard/ViewDashboard 200 0 0 3060
2017-05-04 12:34:12 ::1 GET /Dashboard/GetExpenseSubmissions/ sDate=null&eDate=null 51722 - ::1 Mozilla/5.0+(Windows+NT+10.0;+WOW64)+AppleWebKit/537.36+(KHTML,+like+Gecko)+Chrome/58.0.3029.81+Safari/537.36 http://localhost:51722/Dashboard/ViewDashboard 200 0 0 5661
2017-05-04 12:34:12 ::1 GET /User/LogOff - 51722 - ::1 Mozilla/5.0+(Windows+NT+10.0;+WOW64)+AppleWebKit/537.36+(KHTML,+like+Gecko)+Chrome/58.0.3029.81+Safari/537.36 http://localhost:51722/Dashboard/ViewDashboard 302 0 0 5920
#Software: Microsoft Internet Information Services 8.0
#Version: 1.0
#Date: 2017-05-04 15:11:04
#Fields: date time s-ip cs-method cs-uri-stem cs-uri-query s-port cs-username c-ip cs(User-Agent) cs(Referer) sc-status sc-substatus sc-win32-status time-taken
2017-05-04 15:11:04 ::1 GET / - 51722 - ::1 Mozilla/5.0+(Windows+NT+10.0;+WOW64)+AppleWebKit/537.36+(KHTML,+like+Gecko)+Chrome/58.0.3029.81+Safari/537.36 - 302 0 0 27472
2017-05-04 15:11:15 ::1 GET /User/LogOn - 51722 - ::1 Mozilla/5.0+(Windows+NT+10.0;+WOW64)+AppleWebKit/537.36+(KHTML,+like+Gecko)+Chrome/58.0.3029.81+Safari/537.36 - 200 0 0 11243
2017-05-04 15:11:15 ::1 GET /__browserLink/requestData/c3167da983e94f58b51e02dc75ff13f5 version=2 51722 - ::1 Mozilla/5.0+(Windows+NT+10.0;+WOW64)+AppleWebKit/537.36+(KHTML,+like+Gecko)+Chrome/58.0.3029.81+Safari/537.36 http://localhost:51722/User/LogOn 200 0 0 97
2017-05-04 15:12:03 ::1 POST /User/LogOn - 51722 - ::1 Mozilla/5.0+(Windows+NT+10.0;+WOW64)+AppleWebKit/537.36+(KHTML,+like+Gecko)+Chrome/58.0.3029.81+Safari/537.36 http://localhost:51722/User/LogOn 302 0 0 14140
2017-05-04 15:12:03 ::1 GET / - 51722 - ::1 Mozilla/5.0+(Windows+NT+10.0;+WOW64)+AppleWebKit/537.36+(KHTML,+like+Gecko)+Chrome/58.0.3029.81+Safari/537.36 http://localhost:51722/User/LogOn 302 0 0 9
2017-05-04 15:12:17 ::1 GET /Dashboard/ViewDashboard - 51722 - ::1 Mozilla/5.0+(Windows+NT+10.0;+WOW64)+AppleWebKit/537.36+(KHTML,+like+Gecko)+Chrome/58.0.3029.81+Safari/537.36 http://localhost:51722/User/LogOn 200 0 0 13992
2017-05-04 15:12:17 ::1 GET /__browserLink/requestData/08b09589eb8747d49d200b7a5cc51759 version=2 51722 - ::1 Mozilla/5.0+(Windows+NT+10.0;+WOW64)+AppleWebKit/537.36+(KHTML,+like+Gecko)+Chrome/58.0.3029.81+Safari/537.36 http://localhost:51722/Dashboard/ViewDashboard 200 0 0 14
2017-05-04 15:12:19 ::1 GET /Dashboard/getAjaxTab/1 sDate=null&eDate=null 51722 - ::1 Mozilla/5.0+(Windows+NT+10.0;+WOW64)+AppleWebKit/537.36+(KHTML,+like+Gecko)+Chrome/58.0.3029.81+Safari/537.36 http://localhost:51722/Dashboard/ViewDashboard 200 0 0 2000
2017-05-04 15:12:19 ::1 GET /Scripts/v2/easy.pie.chart/jquery.easing.1.3.js _=1493910739675 51722 - ::1 Mozilla/5.0+(Windows+NT+10.0;+WOW64)+AppleWebKit/537.36+(KHTML,+like+Gecko)+Chrome/58.0.3029.81+Safari/537.36 http://localhost:51722/Dashboard/ViewDashboard 200 0 0 27
2017-05-04 15:12:19 ::1 GET /Scripts/v2/easy.pie.chart/jquery.easypiechart.min.js _=1493910739709 51722 - ::1 Mozilla/5.0+(Windows+NT+10.0;+WOW64)+AppleWebKit/537.36+(KHTML,+like+Gecko)+Chrome/58.0.3029.81+Safari/537.36 http://localhost:51722/Dashboard/ViewDashboard 200 0 0 14
2017-05-04 15:12:19 ::1 GET /Scripts/v2/morris.charts/morris.min.js _=1493910739743 51722 - ::1 Mozilla/5.0+(Windows+NT+10.0;+WOW64)+AppleWebKit/537.36+(KHTML,+like+Gecko)+Chrome/58.0.3029.81+Safari/537.36 http://localhost:51722/Dashboard/ViewDashboard 200 0 0 13
2017-05-04 15:12:19 ::1 GET /Scripts/v2/morris.charts/raphael.min.js _=1493910739790 51722 - ::1 Mozilla/5.0+(Windows+NT+10.0;+WOW64)+AppleWebKit/537.36+(KHTML,+like+Gecko)+Chrome/58.0.3029.81+Safari/537.36 http://localhost:51722/Dashboard/ViewDashboard 200 0 0 29
2017-05-04 15:12:22 ::1 GET /Dashboard/GetExpenseSubmissions/ sDate=null&eDate=null 51722 - ::1 Mozilla/5.0+(Windows+NT+10.0;+WOW64)+AppleWebKit/537.36+(KHTML,+like+Gecko)+Chrome/58.0.3029.81+Safari/537.36 http://localhost:51722/Dashboard/ViewDashboard 200 0 0 2746
2017-05-04 15:12:26 ::1 GET /Dashboard/GetPayMethodsAmount/ sDate=null&eDate=null 51722 - ::1 Mozilla/5.0+(Windows+NT+10.0;+WOW64)+AppleWebKit/537.36+(KHTML,+like+Gecko)+Chrome/58.0.3029.81+Safari/537.36 http://localhost:51722/Dashboard/ViewDashboard 200 0 0 6916
2017-05-04 15:12:29 ::1 GET /Dashboard/GetExpenseTypesAmount/ sDate=null&eDate=null 51722 - ::1 Mozilla/5.0+(Windows+NT+10.0;+WOW64)+AppleWebKit/537.36+(KHTML,+like+Gecko)+Chrome/58.0.3029.81+Safari/537.36 http://localhost:51722/Dashboard/ViewDashboard 200 0 0 9439
2017-05-04 15:12:31 ::1 GET /Dashboard/GetExpenseApprovals/ sDate=null&eDate=null 51722 - ::1 Mozilla/5.0+(Windows+NT+10.0;+WOW64)+AppleWebKit/537.36+(KHTML,+like+Gecko)+Chrome/58.0.3029.81+Safari/537.36 http://localhost:51722/Dashboard/ViewDashboard 200 0 0 11804
2017-05-04 15:12:35 ::1 GET /Dashboard/GetExpensePostings/ sDate=null&eDate=null 51722 - ::1 Mozilla/5.0+(Windows+NT+10.0;+WOW64)+AppleWebKit/537.36+(KHTML,+like+Gecko)+Chrome/58.0.3029.81+Safari/537.36 http://localhost:51722/Dashboard/ViewDashboard 200 0 0 15108
2017-05-04 15:25:26 ::1 GET /User/LogOn - 51722 - ::1 Mozilla/5.0+(Windows+NT+10.0;+WOW64)+AppleWebKit/537.36+(KHTML,+like+Gecko)+Chrome/58.0.3029.81+Safari/537.36 - 200 0 0 7057
2017-05-04 15:25:40 ::1 POST /User/LogOn - 51722 - ::1 Mozilla/5.0+(Windows+NT+10.0;+WOW64)+AppleWebKit/537.36+(KHTML,+like+Gecko)+Chrome/58.0.3029.81+Safari/537.36 http://localhost:51722/User/LogOn 200 0 0 2305
2017-05-04 15:35:38 ::1 POST /User/LogOn - 51722 - ::1 Mozilla/5.0+(Windows+NT+10.0;+WOW64)+AppleWebKit/537.36+(KHTML,+like+Gecko)+Chrome/58.0.3029.81+Safari/537.36 http://localhost:51722/User/LogOn 200 0 0 10429
2017-05-04 15:35:38 ::1 GET /favicon.ico - 51722 - ::1 Mozilla/5.0+(Windows+NT+10.0;+WOW64)+AppleWebKit/537.36+(KHTML,+like+Gecko)+Chrome/58.0.3029.81+Safari/537.36 http://localhost:51722/User/LogOn 200 0 0 41
2017-05-04 15:35:48 ::1 POST /User/LogOn - 51722 - ::1 Mozilla/5.0+(Windows+NT+10.0;+WOW64)+AppleWebKit/537.36+(KHTML,+like+Gecko)+Chrome/58.0.3029.81+Safari/537.36 http://localhost:51722/User/LogOn 200 0 0 1796
2017-05-04 15:37:19 ::1 POST /User/LogOn - 51722 - ::1 Mozilla/5.0+(Windows+NT+10.0;+WOW64)+AppleWebKit/537.36+(KHTML,+like+Gecko)+Chrome/58.0.3029.81+Safari/537.36 http://localhost:51722/User/LogOn 200 0 0 4275
2017-05-04 15:37:19 ::1 GET /favicon.ico - 51722 - ::1 Mozilla/5.0+(Windows+NT+10.0;+WOW64)+AppleWebKit/537.36+(KHTML,+like+Gecko)+Chrome/58.0.3029.81+Safari/537.36 http://localhost:51722/User/LogOn 200 0 0 14
2017-05-04 15:37:27 ::1 POST /User/LogOn - 51722 - ::1 Mozilla/5.0+(Windows+NT+10.0;+WOW64)+AppleWebKit/537.36+(KHTML,+like+Gecko)+Chrome/58.0.3029.81+Safari/537.36 http://localhost:51722/User/LogOn 200 0 0 1667
2017-05-04 15:39:11 ::1 POST /User/LogOn - 51722 - ::1 Mozilla/5.0+(Windows+NT+10.0;+WOW64)+AppleWebKit/537.36+(KHTML,+like+Gecko)+Chrome/58.0.3029.81+Safari/537.36 http://localhost:51722/User/LogOn 200 0 0 4044
2017-05-04 15:39:11 ::1 GET /favicon.ico - 51722 - ::1 Mozilla/5.0+(Windows+NT+10.0;+WOW64)+AppleWebKit/537.36+(KHTML,+like+Gecko)+Chrome/58.0.3029.81+Safari/537.36 http://localhost:51722/User/LogOn 200 0 0 28
2017-05-04 15:39:58 ::1 POST /User/LogOn - 51722 - ::1 Mozilla/5.0+(Windows+NT+10.0;+WOW64)+AppleWebKit/537.36+(KHTML,+like+Gecko)+Chrome/58.0.3029.81+Safari/537.36 http://localhost:51722/User/LogOn 200 0 0 5236
2017-05-04 15:39:58 ::1 GET /favicon.ico - 51722 - ::1 Mozilla/5.0+(Windows+NT+10.0;+WOW64)+AppleWebKit/537.36+(KHTML,+like+Gecko)+Chrome/58.0.3029.81+Safari/537.36 http://localhost:51722/User/LogOn 200 0 0 33
2017-05-04 15:40:48 ::1 POST /User/LogOn - 51722 - ::1 Mozilla/5.0+(Windows+NT+10.0;+WOW64)+AppleWebKit/537.36+(KHTML,+like+Gecko)+Chrome/58.0.3029.81+Safari/537.36 http://localhost:51722/User/LogOn 200 0 0 1644
2017-05-04 15:41:20 ::1 POST /User/LogOn - 51722 - ::1 Mozilla/5.0+(Windows+NT+10.0;+WOW64)+AppleWebKit/537.36+(KHTML,+like+Gecko)+Chrome/58.0.3029.81+Safari/537.36 http://localhost:51722/User/LogOn 302 0 0 16195
2017-05-04 15:41:20 ::1 GET / - 51722 - ::1 Mozilla/5.0+(Windows+NT+10.0;+WOW64)+AppleWebKit/537.36+(KHTML,+like+Gecko)+Chrome/58.0.3029.81+Safari/537.36 http://localhost:51722/User/LogOn 302 0 0 224
2017-05-04 15:41:26 ::1 GET /Dashboard/ViewDashboard - 51722 - ::1 Mozilla/5.0+(Windows+NT+10.0;+WOW64)+AppleWebKit/537.36+(KHTML,+like+Gecko)+Chrome/58.0.3029.81+Safari/537.36 http://localhost:51722/User/LogOn 200 0 0 5841
2017-05-04 15:41:28 ::1 GET /__browserLink/requestData/aecf9c35b6f345f7b6c0337de960b059 version=2 51722 - ::1 Mozilla/5.0+(Windows+NT+10.0;+WOW64)+AppleWebKit/537.36+(KHTML,+like+Gecko)+Chrome/58.0.3029.81+Safari/537.36 http://localhost:51722/Dashboard/ViewDashboard 200 0 0 182
2017-05-04 15:41:28 ::1 GET /Dashboard/getAjaxTab/1 sDate=null&eDate=null 51722 - ::1 Mozilla/5.0+(Windows+NT+10.0;+WOW64)+AppleWebKit/537.36+(KHTML,+like+Gecko)+Chrome/58.0.3029.81+Safari/537.36 http://localhost:51722/Dashboard/ViewDashboard 200 0 0 2087
2017-05-04 15:41:29 ::1 GET /Scripts/v2/easy.pie.chart/jquery.easing.1.3.js _=1493912489053 51722 - ::1 Mozilla/5.0+(Windows+NT+10.0;+WOW64)+AppleWebKit/537.36+(KHTML,+like+Gecko)+Chrome/58.0.3029.81+Safari/537.36 http://localhost:51722/Dashboard/ViewDashboard 200 0 0 58
2017-05-04 15:41:29 ::1 GET /Scripts/v2/easy.pie.chart/jquery.easypiechart.min.js _=1493912489214 51722 - ::1 Mozilla/5.0+(Windows+NT+10.0;+WOW64)+AppleWebKit/537.36+(KHTML,+like+Gecko)+Chrome/58.0.3029.81+Safari/537.36 http://localhost:51722/Dashboard/ViewDashboard 200 0 0 48
2017-05-04 15:41:29 ::1 GET /Scripts/v2/morris.charts/morris.min.js _=1493912489274 51722 - ::1 Mozilla/5.0+(Windows+NT+10.0;+WOW64)+AppleWebKit/537.36+(KHTML,+like+Gecko)+Chrome/58.0.3029.81+Safari/537.36 http://localhost:51722/Dashboard/ViewDashboard 200 0 0 143
2017-05-04 15:41:29 ::1 GET /Scripts/v2/morris.charts/raphael.min.js _=1493912489428 51722 - ::1 Mozilla/5.0+(Windows+NT+10.0;+WOW64)+AppleWebKit/537.36+(KHTML,+like+Gecko)+Chrome/58.0.3029.81+Safari/537.36 http://localhost:51722/Dashboard/ViewDashboard 200 0 0 117
2017-05-04 15:41:31 ::1 GET /Dashboard/GetExpenseSubmissions/ sDate=null&eDate=null 51722 - ::1 Mozilla/5.0+(Windows+NT+10.0;+WOW64)+AppleWebKit/537.36+(KHTML,+like+Gecko)+Chrome/58.0.3029.81+Safari/537.36 http://localhost:51722/Dashboard/ViewDashboard 200 0 0 1957
2017-05-04 15:41:35 ::1 GET /Dashboard/GetExpensePostings/ sDate=null&eDate=null 51722 - ::1 Mozilla/5.0+(Windows+NT+10.0;+WOW64)+AppleWebKit/537.36+(KHTML,+like+Gecko)+Chrome/58.0.3029.81+Safari/537.36 http://localhost:51722/Dashboard/ViewDashboard 200 0 0 5981
2017-05-04 15:41:38 ::1 GET /Dashboard/GetExpenseTypesAmount/ sDate=null&eDate=null 51722 - ::1 Mozilla/5.0+(Windows+NT+10.0;+WOW64)+AppleWebKit/537.36+(KHTML,+like+Gecko)+Chrome/58.0.3029.81+Safari/537.36 http://localhost:51722/Dashboard/ViewDashboard 200 0 0 8305
2017-05-04 15:41:40 ::1 GET /Dashboard/GetExpenseApprovals/ sDate=null&eDate=null 51722 - ::1 Mozilla/5.0+(Windows+NT+10.0;+WOW64)+AppleWebKit/537.36+(KHTML,+like+Gecko)+Chrome/58.0.3029.81+Safari/537.36 http://localhost:51722/Dashboard/ViewDashboard 200 0 0 10743
2017-05-04 15:41:44 ::1 GET /Dashboard/GetPayMethodsAmount/ sDate=null&eDate=null 51722 - ::1 Mozilla/5.0+(Windows+NT+10.0;+WOW64)+AppleWebKit/537.36+(KHTML,+like+Gecko)+Chrome/58.0.3029.81+Safari/537.36 http://localhost:51722/Dashboard/ViewDashboard 200 0 0 14606
2017-05-04 15:41:47 ::1 GET /User/LogOff - 51722 - ::1 Mozilla/5.0+(Windows+NT+10.0;+WOW64)+AppleWebKit/537.36+(KHTML,+like+Gecko)+Chrome/58.0.3029.81+Safari/537.36 http://localhost:51722/Dashboard/ViewDashboard 302 0 0 221
2017-05-04 15:41:47 ::1 GET / - 51722 - ::1 Mozilla/5.0+(Windows+NT+10.0;+WOW64)+AppleWebKit/537.36+(KHTML,+like+Gecko)+Chrome/58.0.3029.81+Safari/537.36 http://localhost:51722/Dashboard/ViewDashboard 302 0 0 42
2017-05-04 15:41:48 ::1 GET /User/LogOn - 51722 - ::1 Mozilla/5.0+(Windows+NT+10.0;+WOW64)+AppleWebKit/537.36+(KHTML,+like+Gecko)+Chrome/58.0.3029.81+Safari/537.36 http://localhost:51722/Dashboard/ViewDashboard 200 0 0 1648
2017-05-04 15:42:07 ::1 POST /User/LogOn - 51722 - ::1 Mozilla/5.0+(Windows+NT+10.0;+WOW64)+AppleWebKit/537.36+(KHTML,+like+Gecko)+Chrome/58.0.3029.81+Safari/537.36 http://localhost:51722/User/LogOn 200 0 0 3716
2017-05-04 15:43:09 ::1 POST /User/LogOn - 51722 - ::1 Mozilla/5.0+(Windows+NT+10.0;+WOW64)+AppleWebKit/537.36+(KHTML,+like+Gecko)+Chrome/58.0.3029.81+Safari/537.36 http://localhost:51722/User/LogOn 200 0 0 4074
2017-05-04 15:43:09 ::1 GET /favicon.ico - 51722 - ::1 Mozilla/5.0+(Windows+NT+10.0;+WOW64)+AppleWebKit/537.36+(KHTML,+like+Gecko)+Chrome/58.0.3029.81+Safari/537.36 http://localhost:51722/User/LogOn 200 0 0 11
2017-05-04 15:43:53 ::1 POST /User/LogOn - 51722 - ::1 Mozilla/5.0+(Windows+NT+10.0;+WOW64)+AppleWebKit/537.36+(KHTML,+like+Gecko)+Chrome/58.0.3029.81+Safari/537.36 http://localhost:51722/User/LogOn 200 0 0 1682
