#Software: Microsoft Internet Information Services 8.0
#Version: 1.0
#Date: 2017-01-17 10:12:30
#Fields: date time s-ip cs-method cs-uri-stem cs-uri-query s-port cs-username c-ip cs(User-Agent) cs(Referer) sc-status sc-substatus sc-win32-status time-taken
2017-01-17 10:12:29 ::1 GET / - 51722 - ::1 Mozilla/5.0+(Windows+NT+10.0;+WOW64)+AppleWebKit/537.36+(KHTML,+like+Gecko)+Chrome/55.0.2883.87+Safari/537.36 - 302 0 0 15747
2017-01-17 10:12:39 ::1 GET /User/LogOn - 51722 - ::1 Mozilla/5.0+(Windows+NT+10.0;+WOW64)+AppleWebKit/537.36+(KHTML,+like+Gecko)+Chrome/55.0.2883.87+Safari/537.36 - 200 0 0 9024
2017-01-17 10:12:40 ::1 GET /__browserLink/requestData/aeb38c89f95d457ca900ef6953840bad version=2 51722 - ::1 Mozilla/5.0+(Windows+NT+10.0;+WOW64)+AppleWebKit/537.36+(KHTML,+like+Gecko)+Chrome/55.0.2883.87+Safari/537.36 http://localhost:51722/User/LogOn 200 0 0 51
#Software: Microsoft Internet Information Services 8.0
#Version: 1.0
#Date: 2017-01-17 12:44:37
#Fields: date time s-ip cs-method cs-uri-stem cs-uri-query s-port cs-username c-ip cs(User-Agent) cs(Referer) sc-status sc-substatus sc-win32-status time-taken
2017-01-17 12:44:37 ::1 GET / - 51722 - ::1 Mozilla/5.0+(Windows+NT+10.0;+WOW64)+AppleWebKit/537.36+(KHTML,+like+Gecko)+Chrome/55.0.2883.87+Safari/537.36 - 302 0 0 16921
2017-01-17 12:44:45 ::1 GET /User/LogOn - 51722 - ::1 Mozilla/5.0+(Windows+NT+10.0;+WOW64)+AppleWebKit/537.36+(KHTML,+like+Gecko)+Chrome/55.0.2883.87+Safari/537.36 - 200 0 0 8211
2017-01-17 12:44:46 ::1 GET /__browserLink/requestData/26cecb46339b4eedb13ad93161288f45 version=2 51722 - ::1 Mozilla/5.0+(Windows+NT+10.0;+WOW64)+AppleWebKit/537.36+(KHTML,+like+Gecko)+Chrome/55.0.2883.87+Safari/537.36 http://localhost:51722/User/LogOn 200 0 0 142
2017-01-17 12:45:04 ::1 POST /User/LogOn - 51722 - ::1 Mozilla/5.0+(Windows+NT+10.0;+WOW64)+AppleWebKit/537.36+(KHTML,+like+Gecko)+Chrome/55.0.2883.87+Safari/537.36 http://localhost:51722/User/LogOn 302 0 0 6149
2017-01-17 12:45:21 ::1 GET / - 51722 - ::1 Mozilla/5.0+(Windows+NT+10.0;+WOW64)+AppleWebKit/537.36+(KHTML,+like+Gecko)+Chrome/55.0.2883.87+Safari/537.36 http://localhost:51722/User/LogOn 200 0 0 17611
2017-01-17 12:45:21 ::1 GET /__browserLink/requestData/cf2fae2d62d147a29e2802f98c22d11d version=2 51722 - ::1 Mozilla/5.0+(Windows+NT+10.0;+WOW64)+AppleWebKit/537.36+(KHTML,+like+Gecko)+Chrome/55.0.2883.87+Safari/537.36 http://localhost:51722/ 200 0 0 10
2017-01-17 12:46:18 ::1 GET /Expense/Create - 51722 - ::1 Mozilla/5.0+(Windows+NT+10.0;+WOW64)+AppleWebKit/537.36+(KHTML,+like+Gecko)+Chrome/55.0.2883.87+Safari/537.36 http://localhost:51722/ 200 0 0 2169
2017-01-17 12:46:18 ::1 GET /Expense/GetTravelTypeHeaderMapping TravelTypeId=17 51722 - ::1 Mozilla/5.0+(Windows+NT+10.0;+WOW64)+AppleWebKit/537.36+(KHTML,+like+Gecko)+Chrome/55.0.2883.87+Safari/537.36 http://localhost:51722/Expense/Create 200 0 0 167
2017-01-17 12:46:19 ::1 GET /__browserLink/requestData/87c095a8d22a4643b132e92892a3d2df version=2 51722 - ::1 Mozilla/5.0+(Windows+NT+10.0;+WOW64)+AppleWebKit/537.36+(KHTML,+like+Gecko)+Chrome/55.0.2883.87+Safari/537.36 http://localhost:51722/Expense/Create 200 0 0 125
2017-01-17 12:46:19 ::1 GET /TravelType/IsSubTravelCashAdvanced TravelTypeId=17 51722 - ::1 Mozilla/5.0+(Windows+NT+10.0;+WOW64)+AppleWebKit/537.36+(KHTML,+like+Gecko)+Chrome/55.0.2883.87+Safari/537.36 http://localhost:51722/Expense/Create 200 0 0 850
2017-01-17 12:47:07 ::1 POST /Expense/Create - 51722 - ::1 Mozilla/5.0+(Windows+NT+10.0;+WOW64)+AppleWebKit/537.36+(KHTML,+like+Gecko)+Chrome/55.0.2883.87+Safari/537.36 http://localhost:51722/Expense/Create 302 0 0 4182
2017-01-17 12:47:12 ::1 GET /Expense/AddTransactionToReport ExpenseId=114 51722 - ::1 Mozilla/5.0+(Windows+NT+10.0;+WOW64)+AppleWebKit/537.36+(KHTML,+like+Gecko)+Chrome/55.0.2883.87+Safari/537.36 http://localhost:51722/Expense/Create 200 0 0 4573
2017-01-17 12:47:12 ::1 GET /TravelType/IsSubTravelCashAdvanced TravelTypeId=17 51722 - ::1 Mozilla/5.0+(Windows+NT+10.0;+WOW64)+AppleWebKit/537.36+(KHTML,+like+Gecko)+Chrome/55.0.2883.87+Safari/537.36 http://localhost:51722/Expense/AddTransactionToReport?ExpenseId=114 200 0 0 70
2017-01-17 12:47:12 ::1 GET /Expense/GetTravelTypeHeaderMapping TravelTypeId=17 51722 - ::1 Mozilla/5.0+(Windows+NT+10.0;+WOW64)+AppleWebKit/537.36+(KHTML,+like+Gecko)+Chrome/55.0.2883.87+Safari/537.36 http://localhost:51722/Expense/AddTransactionToReport?ExpenseId=114 200 0 0 630
2017-01-17 12:47:14 ::1 GET /Expense/PrepareExpenseApprovalProgressBar/ ExpenseId=114&UserId=277&_=1484657232363 51722 - ::1 Mozilla/5.0+(Windows+NT+10.0;+WOW64)+AppleWebKit/537.36+(KHTML,+like+Gecko)+Chrome/55.0.2883.87+Safari/537.36 http://localhost:51722/Expense/AddTransactionToReport?ExpenseId=114 200 0 0 1651
2017-01-17 12:47:15 ::1 GET /__browserLink/requestData/066e05263bd140cdaa1a2cc9809add50 version=2 51722 - ::1 Mozilla/5.0+(Windows+NT+10.0;+WOW64)+AppleWebKit/537.36+(KHTML,+like+Gecko)+Chrome/55.0.2883.87+Safari/537.36 http://localhost:51722/Expense/AddTransactionToReport?ExpenseId=114 200 0 0 18
2017-01-17 12:47:33 ::1 GET /Expense/AddNewTransaction ExpenseId=114 51722 - ::1 Mozilla/5.0+(Windows+NT+10.0;+WOW64)+AppleWebKit/537.36+(KHTML,+like+Gecko)+Chrome/55.0.2883.87+Safari/537.36 http://localhost:51722/Expense/AddTransactionToReport?ExpenseId=114 200 0 0 9202
2017-01-17 12:47:33 ::1 GET /PayMethod/GetPayMethodIsReimbursable MethodId=2 51722 - ::1 Mozilla/5.0+(Windows+NT+10.0;+WOW64)+AppleWebKit/537.36+(KHTML,+like+Gecko)+Chrome/55.0.2883.87+Safari/537.36 http://localhost:51722/Expense/AddTransactionToReport?ExpenseId=114 200 0 0 49
2017-01-17 12:47:35 ::1 GET /User/GetEmployees - 51722 - ::1 Mozilla/5.0+(Windows+NT+10.0;+WOW64)+AppleWebKit/537.36+(KHTML,+like+Gecko)+Chrome/55.0.2883.87+Safari/537.36 http://localhost:51722/Expense/AddTransactionToReport?ExpenseId=114 200 0 0 1185
2017-01-17 12:47:38 ::1 GET /Expense/GetViolationReasonsList/ ExpenseTypeId=481 51722 - ::1 Mozilla/5.0+(Windows+NT+10.0;+WOW64)+AppleWebKit/537.36+(KHTML,+like+Gecko)+Chrome/55.0.2883.87+Safari/537.36 http://localhost:51722/Expense/AddTransactionToReport?ExpenseId=114 200 0 0 180
2017-01-17 12:47:40 ::1 GET /AjaxCall/FindAndApplyCodeCombinationRule/ ProjectId=undefined&ExpenseTypeId=481&ExpenseDate=1/17/2017 51722 - ::1 Mozilla/5.0+(Windows+NT+10.0;+WOW64)+AppleWebKit/537.36+(KHTML,+like+Gecko)+Chrome/55.0.2883.87+Safari/537.36 http://localhost:51722/Expense/AddTransactionToReport?ExpenseId=114 200 0 0 1469
2017-01-17 12:47:40 ::1 GET /AjaxCall/GetBusinessActivityList/ - 51722 - ::1 Mozilla/5.0+(Windows+NT+10.0;+WOW64)+AppleWebKit/537.36+(KHTML,+like+Gecko)+Chrome/55.0.2883.87+Safari/537.36 http://localhost:51722/Expense/AddTransactionToReport?ExpenseId=114 200 0 0 114
2017-01-17 12:47:40 ::1 GET /AjaxCall/GetReferenceList/ - 51722 - ::1 Mozilla/5.0+(Windows+NT+10.0;+WOW64)+AppleWebKit/537.36+(KHTML,+like+Gecko)+Chrome/55.0.2883.87+Safari/537.36 http://localhost:51722/Expense/AddTransactionToReport?ExpenseId=114 200 0 0 633
2017-01-17 12:47:41 ::1 GET /ExpenseDetail/GetExpenseTypePolicyAmount ExpenseTypeId=481 51722 - ::1 Mozilla/5.0+(Windows+NT+10.0;+WOW64)+AppleWebKit/537.36+(KHTML,+like+Gecko)+Chrome/55.0.2883.87+Safari/537.36 http://localhost:51722/Expense/AddTransactionToReport?ExpenseId=114 200 0 0 2760
2017-01-17 12:47:41 ::1 GET /ExpenseDetail/GetCurrencyRate currencyId=168&transactionDate=1/17/2017 51722 - ::1 Mozilla/5.0+(Windows+NT+10.0;+WOW64)+AppleWebKit/537.36+(KHTML,+like+Gecko)+Chrome/55.0.2883.87+Safari/537.36 http://localhost:51722/Expense/AddTransactionToReport?ExpenseId=114 200 0 0 54
2017-01-17 12:47:41 ::1 GET /Expense/GetReceiptViolationReasonsList/ ExpenseTypeId=481 51722 - ::1 Mozilla/5.0+(Windows+NT+10.0;+WOW64)+AppleWebKit/537.36+(KHTML,+like+Gecko)+Chrome/55.0.2883.87+Safari/537.36 http://localhost:51722/Expense/AddTransactionToReport?ExpenseId=114 200 0 0 3233
2017-01-17 12:48:31 ::1 GET /ExpenseDetail/GetMileageRate transactionDate=1/2/2017&UserId=277 51722 - ::1 Mozilla/5.0+(Windows+NT+10.0;+WOW64)+AppleWebKit/537.36+(KHTML,+like+Gecko)+Chrome/55.0.2883.87+Safari/537.36 http://localhost:51722/Expense/AddTransactionToReport?ExpenseId=114 200 0 0 387
2017-01-17 12:48:31 ::1 GET /ExpenseDetail/GetCurrencyRate currencyId=168&transactionDate=1/2/2017 51722 - ::1 Mozilla/5.0+(Windows+NT+10.0;+WOW64)+AppleWebKit/537.36+(KHTML,+like+Gecko)+Chrome/55.0.2883.87+Safari/537.36 http://localhost:51722/Expense/AddTransactionToReport?ExpenseId=114 200 0 0 122
2017-01-17 12:48:35 ::1 POST /Expense/AddNewTransaction - 51722 - ::1 Mozilla/5.0+(Windows+NT+10.0;+WOW64)+AppleWebKit/537.36+(KHTML,+like+Gecko)+Chrome/55.0.2883.87+Safari/537.36 http://localhost:51722/Expense/AddTransactionToReport?ExpenseId=114 302 0 0 2159
2017-01-17 12:48:38 ::1 GET /Expense/AddTransactionToReport ExpenseId=114 51722 - ::1 Mozilla/5.0+(Windows+NT+10.0;+WOW64)+AppleWebKit/537.36+(KHTML,+like+Gecko)+Chrome/55.0.2883.87+Safari/537.36 http://localhost:51722/Expense/AddTransactionToReport?ExpenseId=114 200 0 0 3023
2017-01-17 12:48:38 ::1 GET /Expense/GetTravelTypeHeaderMapping TravelTypeId=17 51722 - ::1 Mozilla/5.0+(Windows+NT+10.0;+WOW64)+AppleWebKit/537.36+(KHTML,+like+Gecko)+Chrome/55.0.2883.87+Safari/537.36 http://localhost:51722/Expense/AddTransactionToReport?ExpenseId=114 200 0 0 93
2017-01-17 12:48:38 ::1 GET /__browserLink/requestData/98529493dbb047dc8eb344e6382bb0fc version=2 51722 - ::1 Mozilla/5.0+(Windows+NT+10.0;+WOW64)+AppleWebKit/537.36+(KHTML,+like+Gecko)+Chrome/55.0.2883.87+Safari/537.36 http://localhost:51722/Expense/AddTransactionToReport?ExpenseId=114 200 0 0 31
2017-01-17 12:48:38 ::1 GET /TravelType/IsSubTravelCashAdvanced TravelTypeId=17 51722 - ::1 Mozilla/5.0+(Windows+NT+10.0;+WOW64)+AppleWebKit/537.36+(KHTML,+like+Gecko)+Chrome/55.0.2883.87+Safari/537.36 http://localhost:51722/Expense/AddTransactionToReport?ExpenseId=114 200 0 0 600
2017-01-17 12:48:40 ::1 GET /Expense/PrepareExpenseApprovalProgressBar/ ExpenseId=114&UserId=277&_=1484657318672 51722 - ::1 Mozilla/5.0+(Windows+NT+10.0;+WOW64)+AppleWebKit/537.36+(KHTML,+like+Gecko)+Chrome/55.0.2883.87+Safari/537.36 http://localhost:51722/Expense/AddTransactionToReport?ExpenseId=114 200 0 0 1414
2017-01-17 12:49:06 ::1 POST /Expense/AddTransactionToReport/114 - 51722 - ::1 Mozilla/5.0+(Windows+NT+10.0;+WOW64)+AppleWebKit/537.36+(KHTML,+like+Gecko)+Chrome/55.0.2883.87+Safari/537.36 http://localhost:51722/Expense/AddTransactionToReport?ExpenseId=114 200 0 0 4276
2017-01-17 12:49:06 ::1 GET /__browserLink/requestData/c8fbe74df5da4eff88c576541044f155 version=2 51722 - ::1 Mozilla/5.0+(Windows+NT+10.0;+WOW64)+AppleWebKit/537.36+(KHTML,+like+Gecko)+Chrome/55.0.2883.87+Safari/537.36 http://localhost:51722/Expense/AddTransactionToReport/114 200 0 0 95
2017-01-17 12:49:06 ::1 GET /Expense/PrepareExpenseApprovalProgressBar/ ExpenseId=114&UserId=277&_=1484657346961 51722 - ::1 Mozilla/5.0+(Windows+NT+10.0;+WOW64)+AppleWebKit/537.36+(KHTML,+like+Gecko)+Chrome/55.0.2883.87+Safari/537.36 http://localhost:51722/Expense/AddTransactionToReport/114 200 0 0 414
2017-01-17 12:49:06 ::1 GET /Expense/GetTravelTypeHeaderMapping TravelTypeId=17 51722 - ::1 Mozilla/5.0+(Windows+NT+10.0;+WOW64)+AppleWebKit/537.36+(KHTML,+like+Gecko)+Chrome/55.0.2883.87+Safari/537.36 http://localhost:51722/Expense/AddTransactionToReport/114 200 0 0 561
2017-01-17 12:49:08 ::1 GET /TravelType/IsSubTravelCashAdvanced TravelTypeId=17 51722 - ::1 Mozilla/5.0+(Windows+NT+10.0;+WOW64)+AppleWebKit/537.36+(KHTML,+like+Gecko)+Chrome/55.0.2883.87+Safari/537.36 http://localhost:51722/Expense/AddTransactionToReport/114 200 0 0 1138
2017-01-17 12:49:16 ::1 POST /Expense/AddTransactionToReport/114 - 51722 - ::1 Mozilla/5.0+(Windows+NT+10.0;+WOW64)+AppleWebKit/537.36+(KHTML,+like+Gecko)+Chrome/55.0.2883.87+Safari/537.36 http://localhost:51722/Expense/AddTransactionToReport/114 302 0 0 6493
2017-01-17 12:49:18 ::1 GET /Expense/ViewMyExpense/114 - 51722 - ::1 Mozilla/5.0+(Windows+NT+10.0;+WOW64)+AppleWebKit/537.36+(KHTML,+like+Gecko)+Chrome/55.0.2883.87+Safari/537.36 http://localhost:51722/Expense/AddTransactionToReport/114 200 0 0 1642
2017-01-17 12:49:18 ::1 GET /__browserLink/requestData/b4fc45be0eee4ecbbb2ad669d091efc3 version=2 51722 - ::1 Mozilla/5.0+(Windows+NT+10.0;+WOW64)+AppleWebKit/537.36+(KHTML,+like+Gecko)+Chrome/55.0.2883.87+Safari/537.36 http://localhost:51722/Expense/ViewMyExpense/114 200 0 0 62
2017-01-17 12:49:18 ::1 GET /Expense/PrepareExpenseApprovalProgressBar/ ExpenseId=114&UserId=277&_=1484657358752 51722 - ::1 Mozilla/5.0+(Windows+NT+10.0;+WOW64)+AppleWebKit/537.36+(KHTML,+like+Gecko)+Chrome/55.0.2883.87+Safari/537.36 http://localhost:51722/Expense/ViewMyExpense/114 200 0 0 407
2017-01-17 12:49:18 ::1 GET /Expense/GetTravelTypeHeaderMapping TravelTypeId=17 51722 - ::1 Mozilla/5.0+(Windows+NT+10.0;+WOW64)+AppleWebKit/537.36+(KHTML,+like+Gecko)+Chrome/55.0.2883.87+Safari/537.36 http://localhost:51722/Expense/ViewMyExpense/114 200 0 0 578
2017-01-17 12:49:44 ::1 GET /Expense/Recall ExpenseId=114&_=1484657384142 51722 - ::1 Mozilla/5.0+(Windows+NT+10.0;+WOW64)+AppleWebKit/537.36+(KHTML,+like+Gecko)+Chrome/55.0.2883.87+Safari/537.36 http://localhost:51722/Expense/ViewMyExpense/114 200 0 0 570
2017-01-17 12:49:52 ::1 POST /Expense/Recall ExpenseId=114&_=1484657384142 51722 - ::1 Mozilla/5.0+(Windows+NT+10.0;+WOW64)+AppleWebKit/537.36+(KHTML,+like+Gecko)+Chrome/55.0.2883.87+Safari/537.36 http://localhost:51722/Expense/ViewMyExpense/114 302 0 0 4024
2017-01-17 12:49:53 ::1 GET /Expense - 51722 - ::1 Mozilla/5.0+(Windows+NT+10.0;+WOW64)+AppleWebKit/537.36+(KHTML,+like+Gecko)+Chrome/55.0.2883.87+Safari/537.36 http://localhost:51722/Expense/ViewMyExpense/114 200 0 0 1567
2017-01-17 12:49:53 ::1 GET /__browserLink/requestData/954220f9913f455882565bcab14bf4d3 version=2 51722 - ::1 Mozilla/5.0+(Windows+NT+10.0;+WOW64)+AppleWebKit/537.36+(KHTML,+like+Gecko)+Chrome/55.0.2883.87+Safari/537.36 http://localhost:51722/Expense 200 0 0 17
2017-01-17 12:50:00 ::1 GET /Expense/AddTransactionToReport ExpenseId=114 51722 - ::1 Mozilla/5.0+(Windows+NT+10.0;+WOW64)+AppleWebKit/537.36+(KHTML,+like+Gecko)+Chrome/55.0.2883.87+Safari/537.36 http://localhost:51722/Expense 200 0 0 3367
2017-01-17 12:50:00 ::1 GET /Expense/GetTravelTypeHeaderMapping TravelTypeId=17 51722 - ::1 Mozilla/5.0+(Windows+NT+10.0;+WOW64)+AppleWebKit/537.36+(KHTML,+like+Gecko)+Chrome/55.0.2883.87+Safari/537.36 http://localhost:51722/Expense/AddTransactionToReport?ExpenseId=114 200 0 0 81
2017-01-17 12:50:00 ::1 GET /__browserLink/requestData/67650af999ae431891121a786c4aeaad version=2 51722 - ::1 Mozilla/5.0+(Windows+NT+10.0;+WOW64)+AppleWebKit/537.36+(KHTML,+like+Gecko)+Chrome/55.0.2883.87+Safari/537.36 http://localhost:51722/Expense/AddTransactionToReport?ExpenseId=114 200 0 0 17
2017-01-17 12:50:00 ::1 GET /TravelType/IsSubTravelCashAdvanced TravelTypeId=17 51722 - ::1 Mozilla/5.0+(Windows+NT+10.0;+WOW64)+AppleWebKit/537.36+(KHTML,+like+Gecko)+Chrome/55.0.2883.87+Safari/537.36 http://localhost:51722/Expense/AddTransactionToReport?ExpenseId=114 200 0 0 627
2017-01-17 12:50:02 ::1 GET /Expense/PrepareExpenseApprovalProgressBar/ ExpenseId=114&UserId=277&_=1484657400845 51722 - ::1 Mozilla/5.0+(Windows+NT+10.0;+WOW64)+AppleWebKit/537.36+(KHTML,+like+Gecko)+Chrome/55.0.2883.87+Safari/537.36 http://localhost:51722/Expense/AddTransactionToReport?ExpenseId=114 200 0 0 1492
2017-01-17 12:50:06 ::1 GET /ExpenseDetail/PartialEdit id=9607&ExpenseId=114&_=1484657403572 51722 - ::1 Mozilla/5.0+(Windows+NT+10.0;+WOW64)+AppleWebKit/537.36+(KHTML,+like+Gecko)+Chrome/55.0.2883.87+Safari/537.36 http://localhost:51722/Expense/AddTransactionToReport?ExpenseId=114 200 0 0 2850
2017-01-17 12:50:06 ::1 GET /Scripts/v2/jquery.validate.unobtrusive.js _=1484657406436 51722 - ::1 Mozilla/5.0+(Windows+NT+10.0;+WOW64)+AppleWebKit/537.36+(KHTML,+like+Gecko)+Chrome/55.0.2883.87+Safari/537.36 http://localhost:51722/Expense/AddTransactionToReport?ExpenseId=114 200 0 0 80
2017-01-17 12:50:06 ::1 GET /Scripts/chosen/chosen.jquery.js _=1484657406529 51722 - ::1 Mozilla/5.0+(Windows+NT+10.0;+WOW64)+AppleWebKit/537.36+(KHTML,+like+Gecko)+Chrome/55.0.2883.87+Safari/537.36 http://localhost:51722/Expense/AddTransactionToReport?ExpenseId=114 200 0 0 55
2017-01-17 12:50:06 ::1 GET /AjaxCall/GetApproverList/ ProjectId=null&_=1484657406664 51722 - ::1 Mozilla/5.0+(Windows+NT+10.0;+WOW64)+AppleWebKit/537.36+(KHTML,+like+Gecko)+Chrome/55.0.2883.87+Safari/537.36 http://localhost:51722/Expense/AddTransactionToReport?ExpenseId=114 200 0 0 122
2017-01-17 12:50:21 ::1 POST /ExpenseDetail/PartialEdit - 51722 - ::1 Mozilla/5.0+(Windows+NT+10.0;+WOW64)+AppleWebKit/537.36+(KHTML,+like+Gecko)+Chrome/55.0.2883.87+Safari/537.36 http://localhost:51722/Expense/AddTransactionToReport?ExpenseId=114 302 0 0 3297
2017-01-17 12:50:24 ::1 GET /Expense/AddTransactionToReport ExpenseId=114 51722 - ::1 Mozilla/5.0+(Windows+NT+10.0;+WOW64)+AppleWebKit/537.36+(KHTML,+like+Gecko)+Chrome/55.0.2883.87+Safari/537.36 http://localhost:51722/Expense/AddTransactionToReport?ExpenseId=114 200 0 0 3415
2017-01-17 12:50:24 ::1 GET /Expense/GetTravelTypeHeaderMapping TravelTypeId=17 51722 - ::1 Mozilla/5.0+(Windows+NT+10.0;+WOW64)+AppleWebKit/537.36+(KHTML,+like+Gecko)+Chrome/55.0.2883.87+Safari/537.36 http://localhost:51722/Expense/AddTransactionToReport?ExpenseId=114 200 0 0 154
2017-01-17 12:50:24 ::1 GET /__browserLink/requestData/3fbbdc756926415d879cbb082729f6f7 version=2 51722 - ::1 Mozilla/5.0+(Windows+NT+10.0;+WOW64)+AppleWebKit/537.36+(KHTML,+like+Gecko)+Chrome/55.0.2883.87+Safari/537.36 http://localhost:51722/Expense/AddTransactionToReport?ExpenseId=114 200 0 0 37
2017-01-17 12:50:25 ::1 GET /Expense/PrepareExpenseApprovalProgressBar/ ExpenseId=114&UserId=277&_=1484657425033 51722 - ::1 Mozilla/5.0+(Windows+NT+10.0;+WOW64)+AppleWebKit/537.36+(KHTML,+like+Gecko)+Chrome/55.0.2883.87+Safari/537.36 http://localhost:51722/Expense/AddTransactionToReport?ExpenseId=114 200 0 0 912
2017-01-17 12:50:25 ::1 GET /TravelType/IsSubTravelCashAdvanced TravelTypeId=17 51722 - ::1 Mozilla/5.0+(Windows+NT+10.0;+WOW64)+AppleWebKit/537.36+(KHTML,+like+Gecko)+Chrome/55.0.2883.87+Safari/537.36 http://localhost:51722/Expense/AddTransactionToReport?ExpenseId=114 200 0 0 1209
2017-01-17 12:50:32 ::1 POST /Expense/AddTransactionToReport/114 - 51722 - ::1 Mozilla/5.0+(Windows+NT+10.0;+WOW64)+AppleWebKit/537.36+(KHTML,+like+Gecko)+Chrome/55.0.2883.87+Safari/537.36 http://localhost:51722/Expense/AddTransactionToReport?ExpenseId=114 200 0 0 3617
2017-01-17 12:50:32 ::1 GET /TravelType/IsSubTravelCashAdvanced TravelTypeId=17 51722 - ::1 Mozilla/5.0+(Windows+NT+10.0;+WOW64)+AppleWebKit/537.36+(KHTML,+like+Gecko)+Chrome/55.0.2883.87+Safari/537.36 http://localhost:51722/Expense/AddTransactionToReport/114 200 0 0 147
2017-01-17 12:50:32 ::1 GET /__browserLink/requestData/74668b38bb8a4917bcb57d915f96c115 version=2 51722 - ::1 Mozilla/5.0+(Windows+NT+10.0;+WOW64)+AppleWebKit/537.36+(KHTML,+like+Gecko)+Chrome/55.0.2883.87+Safari/537.36 http://localhost:51722/Expense/AddTransactionToReport/114 200 0 0 20
2017-01-17 12:50:33 ::1 GET /Expense/PrepareExpenseApprovalProgressBar/ ExpenseId=114&UserId=277&_=1484657432358 51722 - ::1 Mozilla/5.0+(Windows+NT+10.0;+WOW64)+AppleWebKit/537.36+(KHTML,+like+Gecko)+Chrome/55.0.2883.87+Safari/537.36 http://localhost:51722/Expense/AddTransactionToReport/114 200 0 0 994
2017-01-17 12:50:33 ::1 GET /Expense/GetTravelTypeHeaderMapping TravelTypeId=17 51722 - ::1 Mozilla/5.0+(Windows+NT+10.0;+WOW64)+AppleWebKit/537.36+(KHTML,+like+Gecko)+Chrome/55.0.2883.87+Safari/537.36 http://localhost:51722/Expense/AddTransactionToReport/114 200 0 0 1144
2017-01-17 12:50:41 ::1 POST /Expense/AddTransactionToReport/114 - 51722 - ::1 Mozilla/5.0+(Windows+NT+10.0;+WOW64)+AppleWebKit/537.36+(KHTML,+like+Gecko)+Chrome/55.0.2883.87+Safari/537.36 http://localhost:51722/Expense/AddTransactionToReport/114 302 0 0 4898
2017-01-17 12:50:43 ::1 GET /Expense/ViewMyExpense/114 - 51722 - ::1 Mozilla/5.0+(Windows+NT+10.0;+WOW64)+AppleWebKit/537.36+(KHTML,+like+Gecko)+Chrome/55.0.2883.87+Safari/537.36 http://localhost:51722/Expense/AddTransactionToReport/114 200 0 0 1364
2017-01-17 12:50:43 ::1 GET /Expense/GetTravelTypeHeaderMapping TravelTypeId=17 51722 - ::1 Mozilla/5.0+(Windows+NT+10.0;+WOW64)+AppleWebKit/537.36+(KHTML,+like+Gecko)+Chrome/55.0.2883.87+Safari/537.36 http://localhost:51722/Expense/ViewMyExpense/114 200 0 0 39
2017-01-17 12:50:43 ::1 GET /__browserLink/requestData/aa5ffadd23c446c799172bac7bf0840f version=2 51722 - ::1 Mozilla/5.0+(Windows+NT+10.0;+WOW64)+AppleWebKit/537.36+(KHTML,+like+Gecko)+Chrome/55.0.2883.87+Safari/537.36 http://localhost:51722/Expense/ViewMyExpense/114 200 0 0 60
2017-01-17 12:50:43 ::1 GET /Expense/PrepareExpenseApprovalProgressBar/ ExpenseId=114&UserId=277&_=1484657443218 51722 - ::1 Mozilla/5.0+(Windows+NT+10.0;+WOW64)+AppleWebKit/537.36+(KHTML,+like+Gecko)+Chrome/55.0.2883.87+Safari/537.36 http://localhost:51722/Expense/ViewMyExpense/114 200 0 0 382
2017-01-17 12:50:53 ::1 GET /Expense/ExpensePdfPreview/114 - 51722 - ::1 Mozilla/5.0+(Windows+NT+10.0;+WOW64)+AppleWebKit/537.36+(KHTML,+like+Gecko)+Chrome/55.0.2883.87+Safari/537.36 http://localhost:51722/Expense/ViewMyExpense/114 200 0 0 6861
#Software: Microsoft Internet Information Services 8.0
#Version: 1.0
#Date: 2017-01-17 13:34:19
#Fields: date time s-ip cs-method cs-uri-stem cs-uri-query s-port cs-username c-ip cs(User-Agent) cs(Referer) sc-status sc-substatus sc-win32-status time-taken
2017-01-17 13:34:19 ::1 GET /Expense/ExpensePdfPreview/114 - 51722 - ::1 Mozilla/5.0+(Windows+NT+10.0;+WOW64)+AppleWebKit/537.36+(KHTML,+like+Gecko)+Chrome/55.0.2883.87+Safari/537.36 http://localhost:51722/Expense/ViewMyExpense/114 200 0 0 229069
2017-01-17 13:48:22 ::1 GET /Expense/ExpensePdfPreview/114 - 51722 - ::1 Mozilla/5.0+(Windows+NT+10.0;+WOW64)+AppleWebKit/537.36+(KHTML,+like+Gecko)+Chrome/55.0.2883.87+Safari/537.36 http://localhost:51722/Expense/ViewMyExpense/114 200 0 0 236551
2017-01-17 13:48:22 ::1 GET /User/LogOut - 51722 - ::1 Mozilla/5.0+(Windows+NT+10.0;+WOW64)+AppleWebKit/537.36+(KHTML,+like+Gecko)+Chrome/55.0.2883.87+Safari/537.36 http://localhost:51722/Expense/ViewMyExpense/114 200 0 0 157192
2017-01-17 13:48:23 ::1 GET /__browserLink/requestData/a2486c3c6e9a4f6b93c8be76a5ecf8eb version=2 51722 - ::1 Mozilla/5.0+(Windows+NT+10.0;+WOW64)+AppleWebKit/537.36+(KHTML,+like+Gecko)+Chrome/55.0.2883.87+Safari/537.36 http://localhost:51722/User/LogOut 200 0 0 27
