#Software: Microsoft Internet Information Services 8.0
#Version: 1.0
#Date: 2017-04-13 14:17:33
#Fields: date time s-ip cs-method cs-uri-stem cs-uri-query s-port cs-username c-ip cs(User-Agent) cs(Referer) sc-status sc-substatus sc-win32-status time-taken
2017-04-13 14:17:33 ::1 GET / - 51722 - ::1 Mozilla/5.0+(Windows+NT+10.0;+WOW64)+AppleWebKit/537.36+(KHTML,+like+Gecko)+Chrome/57.0.2987.133+Safari/537.36 - 302 0 64 24494
#Software: Microsoft Internet Information Services 8.0
#Version: 1.0
#Date: 2017-04-13 14:20:59
#Fields: date time s-ip cs-method cs-uri-stem cs-uri-query s-port cs-username c-ip cs(User-Agent) cs(Referer) sc-status sc-substatus sc-win32-status time-taken
2017-04-13 14:20:59 ::1 GET / - 51722 - ::1 Mozilla/5.0+(Windows+NT+10.0;+WOW64)+AppleWebKit/537.36+(KHTML,+like+Gecko)+Chrome/57.0.2987.133+Safari/537.36 - 302 0 0 34710
2017-04-13 14:21:18 ::1 GET /User/LogOn - 51722 - ::1 Mozilla/5.0+(Windows+NT+10.0;+WOW64)+AppleWebKit/537.36+(KHTML,+like+Gecko)+Chrome/57.0.2987.133+Safari/537.36 - 200 0 0 18192
2017-04-13 14:21:18 ::1 GET /css/login-css v=GuPKwl26ihV7mKDlTlvPEf6KmVP6Y8e3OQirdDMmVLM1 51722 - ::1 Mozilla/5.0+(Windows+NT+10.0;+WOW64)+AppleWebKit/537.36+(KHTML,+like+Gecko)+Chrome/57.0.2987.133+Safari/537.36 http://localhost:51722/User/LogOn 200 0 0 90
2017-04-13 14:21:19 ::1 GET /__browserLink/requestData/4f45036bf1f844fc94cf267c61ef3c67 version=2 51722 - ::1 Mozilla/5.0+(Windows+NT+10.0;+WOW64)+AppleWebKit/537.36+(KHTML,+like+Gecko)+Chrome/57.0.2987.133+Safari/537.36 http://localhost:51722/User/LogOn 200 0 0 148
2017-04-13 14:23:38 ::1 POST /User/LogOn - 51722 - ::1 Mozilla/5.0+(Windows+NT+10.0;+WOW64)+AppleWebKit/537.36+(KHTML,+like+Gecko)+Chrome/57.0.2987.133+Safari/537.36 http://localhost:51722/User/LogOn 500 0 0 41490
#Software: Microsoft Internet Information Services 8.0
#Version: 1.0
#Date: 2017-04-13 14:25:59
#Fields: date time s-ip cs-method cs-uri-stem cs-uri-query s-port cs-username c-ip cs(User-Agent) cs(Referer) sc-status sc-substatus sc-win32-status time-taken
2017-04-13 14:25:59 ::1 GET / - 51722 - ::1 Mozilla/5.0+(Windows+NT+10.0;+WOW64)+AppleWebKit/537.36+(KHTML,+like+Gecko)+Chrome/57.0.2987.133+Safari/537.36 - 302 0 0 19241
2017-04-13 14:26:11 ::1 GET /User/LogOn - 51722 - ::1 Mozilla/5.0+(Windows+NT+10.0;+WOW64)+AppleWebKit/537.36+(KHTML,+like+Gecko)+Chrome/57.0.2987.133+Safari/537.36 - 200 0 0 11271
2017-04-13 14:26:12 ::1 GET /__browserLink/requestData/895aa76c431f4677b631eee116c4db0a version=2 51722 - ::1 Mozilla/5.0+(Windows+NT+10.0;+WOW64)+AppleWebKit/537.36+(KHTML,+like+Gecko)+Chrome/57.0.2987.133+Safari/537.36 http://localhost:51722/User/LogOn 200 0 0 59
#Software: Microsoft Internet Information Services 8.0
#Version: 1.0
#Date: 2017-04-13 14:29:07
#Fields: date time s-ip cs-method cs-uri-stem cs-uri-query s-port cs-username c-ip cs(User-Agent) cs(Referer) sc-status sc-substatus sc-win32-status time-taken
2017-04-13 14:29:07 ::1 GET / - 51722 - ::1 Mozilla/5.0+(Windows+NT+10.0;+WOW64)+AppleWebKit/537.36+(KHTML,+like+Gecko)+Chrome/57.0.2987.133+Safari/537.36 - 302 0 0 7436
2017-04-13 14:29:10 ::1 GET /User/LogOn - 51722 - ::1 Mozilla/5.0+(Windows+NT+10.0;+WOW64)+AppleWebKit/537.36+(KHTML,+like+Gecko)+Chrome/57.0.2987.133+Safari/537.36 - 200 0 0 3221
2017-04-13 14:29:10 ::1 GET /__browserLink/requestData/a826765b5baa43298f607a4dc2ce8c7d version=2 51722 - ::1 Mozilla/5.0+(Windows+NT+10.0;+WOW64)+AppleWebKit/537.36+(KHTML,+like+Gecko)+Chrome/57.0.2987.133+Safari/537.36 http://localhost:51722/User/LogOn 200 0 0 79
#Software: Microsoft Internet Information Services 8.0
#Version: 1.0
#Date: 2017-04-13 14:33:27
#Fields: date time s-ip cs-method cs-uri-stem cs-uri-query s-port cs-username c-ip cs(User-Agent) cs(Referer) sc-status sc-substatus sc-win32-status time-taken
2017-04-13 14:33:27 ::1 GET / - 51722 - ::1 Mozilla/5.0+(Windows+NT+10.0;+WOW64)+AppleWebKit/537.36+(KHTML,+like+Gecko)+Chrome/57.0.2987.133+Safari/537.36 - 302 0 0 5786
2017-04-13 14:33:30 ::1 GET /User/LogOn - 51722 - ::1 Mozilla/5.0+(Windows+NT+10.0;+WOW64)+AppleWebKit/537.36+(KHTML,+like+Gecko)+Chrome/57.0.2987.133+Safari/537.36 - 200 0 0 2297
2017-04-13 14:33:30 ::1 GET /__browserLink/requestData/4f0c7a47bdf3455d91eba37c501148e6 version=2 51722 - ::1 Mozilla/5.0+(Windows+NT+10.0;+WOW64)+AppleWebKit/537.36+(KHTML,+like+Gecko)+Chrome/57.0.2987.133+Safari/537.36 http://localhost:51722/User/LogOn 200 0 0 50
#Software: Microsoft Internet Information Services 8.0
#Version: 1.0
#Date: 2017-04-13 14:36:10
#Fields: date time s-ip cs-method cs-uri-stem cs-uri-query s-port cs-username c-ip cs(User-Agent) cs(Referer) sc-status sc-substatus sc-win32-status time-taken
2017-04-13 14:36:10 ::1 GET / - 51722 - ::1 Mozilla/5.0+(Windows+NT+10.0;+WOW64)+AppleWebKit/537.36+(KHTML,+like+Gecko)+Chrome/57.0.2987.133+Safari/537.36 - 302 0 0 19250
2017-04-13 14:36:22 ::1 GET /User/LogOn - 51722 - ::1 Mozilla/5.0+(Windows+NT+10.0;+WOW64)+AppleWebKit/537.36+(KHTML,+like+Gecko)+Chrome/57.0.2987.133+Safari/537.36 - 200 0 0 11865
2017-04-13 14:36:22 ::1 GET /__browserLink/requestData/839e6bb88ee34cdf9ecba1bc3c49ff23 version=2 51722 - ::1 Mozilla/5.0+(Windows+NT+10.0;+WOW64)+AppleWebKit/537.36+(KHTML,+like+Gecko)+Chrome/57.0.2987.133+Safari/537.36 http://localhost:51722/User/LogOn 200 0 0 36
2017-04-13 14:37:06 ::1 POST /User/LogOn - 51722 - ::1 Mozilla/5.0+(Windows+NT+10.0;+WOW64)+AppleWebKit/537.36+(KHTML,+like+Gecko)+Chrome/57.0.2987.133+Safari/537.36 http://localhost:51722/User/LogOn 302 0 0 41228
2017-04-13 14:37:06 ::1 GET / - 51722 - ::1 Mozilla/5.0+(Windows+NT+10.0;+WOW64)+AppleWebKit/537.36+(KHTML,+like+Gecko)+Chrome/57.0.2987.133+Safari/537.36 http://localhost:51722/User/LogOn 302 0 0 92
2017-04-13 14:37:23 ::1 GET /Dashboard/ViewDashboard - 51722 - ::1 Mozilla/5.0+(Windows+NT+10.0;+WOW64)+AppleWebKit/537.36+(KHTML,+like+Gecko)+Chrome/57.0.2987.133+Safari/537.36 http://localhost:51722/User/LogOn 200 0 0 16693
2017-04-13 14:37:23 ::1 GET /css/SiteLayoutPageForMasters-css v=8eJfMB23PwV28L7wzjxDjZA8kv0rfvYVCv5_0s-GNOg1 51722 - ::1 Mozilla/5.0+(Windows+NT+10.0;+WOW64)+AppleWebKit/537.36+(KHTML,+like+Gecko)+Chrome/57.0.2987.133+Safari/537.36 http://localhost:51722/Dashboard/ViewDashboard 200 0 0 93
2017-04-13 14:37:23 ::1 GET /__browserLink/requestData/a08e9f94da184203be202654a1d53fe5 version=2 51722 - ::1 Mozilla/5.0+(Windows+NT+10.0;+WOW64)+AppleWebKit/537.36+(KHTML,+like+Gecko)+Chrome/57.0.2987.133+Safari/537.36 http://localhost:51722/Dashboard/ViewDashboard 200 0 0 39
2017-04-13 14:37:26 ::1 GET /Dashboard/getAjaxTab/1 sDate=null&eDate=null 51722 - ::1 Mozilla/5.0+(Windows+NT+10.0;+WOW64)+AppleWebKit/537.36+(KHTML,+like+Gecko)+Chrome/57.0.2987.133+Safari/537.36 http://localhost:51722/Dashboard/ViewDashboard 200 0 0 2582
2017-04-13 14:37:26 ::1 GET /Scripts/v2/easy.pie.chart/jquery.easing.1.3.js _=1492094246553 51722 - ::1 Mozilla/5.0+(Windows+NT+10.0;+WOW64)+AppleWebKit/537.36+(KHTML,+like+Gecko)+Chrome/57.0.2987.133+Safari/537.36 http://localhost:51722/Dashboard/ViewDashboard 200 0 0 26
2017-04-13 14:37:26 ::1 GET /Scripts/v2/easy.pie.chart/jquery.easypiechart.min.js _=1492094246584 51722 - ::1 Mozilla/5.0+(Windows+NT+10.0;+WOW64)+AppleWebKit/537.36+(KHTML,+like+Gecko)+Chrome/57.0.2987.133+Safari/537.36 http://localhost:51722/Dashboard/ViewDashboard 200 0 0 21
2017-04-13 14:37:26 ::1 GET /Scripts/v2/morris.charts/morris.min.js _=1492094246624 51722 - ::1 Mozilla/5.0+(Windows+NT+10.0;+WOW64)+AppleWebKit/537.36+(KHTML,+like+Gecko)+Chrome/57.0.2987.133+Safari/537.36 http://localhost:51722/Dashboard/ViewDashboard 200 0 0 28
2017-04-13 14:37:26 ::1 GET /Scripts/v2/morris.charts/raphael.min.js _=1492094246662 51722 - ::1 Mozilla/5.0+(Windows+NT+10.0;+WOW64)+AppleWebKit/537.36+(KHTML,+like+Gecko)+Chrome/57.0.2987.133+Safari/537.36 http://localhost:51722/Dashboard/ViewDashboard 200 0 0 13
2017-04-13 14:37:39 ::1 GET /Dashboard/GetExpenseSubmissions/ sDate=null&eDate=null 51722 - ::1 Mozilla/5.0+(Windows+NT+10.0;+WOW64)+AppleWebKit/537.36+(KHTML,+like+Gecko)+Chrome/57.0.2987.133+Safari/537.36 http://localhost:51722/Dashboard/ViewDashboard 200 0 0 12792
2017-04-13 14:38:25 ::1 GET /User/BankProfileList - 51722 - ::1 Mozilla/5.0+(Windows+NT+10.0;+WOW64)+AppleWebKit/537.36+(KHTML,+like+Gecko)+Chrome/57.0.2987.133+Safari/537.36 http://localhost:51722/Dashboard/ViewDashboard 200 0 0 52040
2017-04-13 14:38:25 ::1 GET /css/site-home-css v=BkSOrfPel-Ys4VxZGQ34jxmaJ5iK8vOWRFZhz4c3EJY1 51722 - ::1 Mozilla/5.0+(Windows+NT+10.0;+WOW64)+AppleWebKit/537.36+(KHTML,+like+Gecko)+Chrome/57.0.2987.133+Safari/537.36 http://localhost:51722/User/BankProfileList 200 0 0 26
2017-04-13 14:38:25 ::1 GET /__browserLink/requestData/991838528bcb4d5ab032f214cc712df3 version=2 51722 - ::1 Mozilla/5.0+(Windows+NT+10.0;+WOW64)+AppleWebKit/537.36+(KHTML,+like+Gecko)+Chrome/57.0.2987.133+Safari/537.36 http://localhost:51722/User/BankProfileList 200 0 0 108
2017-04-13 14:38:34 ::1 GET /Dashboard/GetExpenseApprovals/ sDate=null&eDate=null 51722 - ::1 Mozilla/5.0+(Windows+NT+10.0;+WOW64)+AppleWebKit/537.36+(KHTML,+like+Gecko)+Chrome/57.0.2987.133+Safari/537.36 http://localhost:51722/Dashboard/ViewDashboard 200 0 64 67576
2017-04-13 14:38:50 ::1 GET /Dashboard/GetExpensePostings/ sDate=null&eDate=null 51722 - ::1 Mozilla/5.0+(Windows+NT+10.0;+WOW64)+AppleWebKit/537.36+(KHTML,+like+Gecko)+Chrome/57.0.2987.133+Safari/537.36 http://localhost:51722/Dashboard/ViewDashboard 200 0 64 83599
2017-04-13 14:39:06 ::1 GET /Dashboard/GetPayMethodsAmount/ sDate=null&eDate=null 51722 - ::1 Mozilla/5.0+(Windows+NT+10.0;+WOW64)+AppleWebKit/537.36+(KHTML,+like+Gecko)+Chrome/57.0.2987.133+Safari/537.36 http://localhost:51722/Dashboard/ViewDashboard 200 0 64 99509
2017-04-13 14:39:36 ::1 GET /User/AddNewUserBankProfile - 51722 - ::1 Mozilla/5.0+(Windows+NT+10.0;+WOW64)+AppleWebKit/537.36+(KHTML,+like+Gecko)+Chrome/57.0.2987.133+Safari/537.36 http://localhost:51722/User/BankProfileList 200 0 0 53151
2017-04-13 14:39:36 ::1 GET /__browserLink/requestData/60dc64b55c8340cc899dfb2ed725e3b9 version=2 51722 - ::1 Mozilla/5.0+(Windows+NT+10.0;+WOW64)+AppleWebKit/537.36+(KHTML,+like+Gecko)+Chrome/57.0.2987.133+Safari/537.36 http://localhost:51722/User/AddNewUserBankProfile 200 0 0 58
2017-04-13 14:41:18 ::1 GET /User/GetEmployees - 51722 - ::1 Mozilla/5.0+(Windows+NT+10.0;+WOW64)+AppleWebKit/537.36+(KHTML,+like+Gecko)+Chrome/57.0.2987.133+Safari/537.36 http://localhost:51722/User/AddNewUserBankProfile 200 0 0 101046
2017-04-13 14:42:52 ::1 POST /User/AddNewUserBankProfile - 51722 - ::1 Mozilla/5.0+(Windows+NT+10.0;+WOW64)+AppleWebKit/537.36+(KHTML,+like+Gecko)+Chrome/57.0.2987.133+Safari/537.36 http://localhost:51722/User/AddNewUserBankProfile 302 0 0 177765
2017-04-13 14:42:52 ::1 GET /User/LogOn - 51722 - ::1 Mozilla/5.0+(Windows+NT+10.0;+WOW64)+AppleWebKit/537.36+(KHTML,+like+Gecko)+Chrome/57.0.2987.133+Safari/537.36 http://localhost:51722/User/AddNewUserBankProfile 200 0 0 275
2017-04-13 14:43:00 ::1 GET /PayMethod/GetPayMethodIsReimbursable MethodId=36 51722 - ::1 Mozilla/5.0+(Windows+NT+10.0;+WOW64)+AppleWebKit/537.36+(KHTML,+like+Gecko)+Chrome/57.0.2987.133+Safari/537.36 http://localhost:51722/User/AddNewUserBankProfile 200 0 64 190755
2017-04-13 14:43:02 ::1 GET /__browserLink/requestData/6b39ffbc1346404a8eb6379df7543d9c version=2 51722 - ::1 Mozilla/5.0+(Windows+NT+10.0;+WOW64)+AppleWebKit/537.36+(KHTML,+like+Gecko)+Chrome/57.0.2987.133+Safari/537.36 http://localhost:51722/User/LogOn 200 0 0 9283
2017-04-13 14:44:49 ::1 GET /User/FillUserByUserId/ UserId=248 51722 - ::1 Mozilla/5.0+(Windows+NT+10.0;+WOW64)+AppleWebKit/537.36+(KHTML,+like+Gecko)+Chrome/57.0.2987.133+Safari/537.36 http://localhost:51722/User/AddNewUserBankProfile 200 0 64 308553
2017-04-13 14:44:51 ::1 GET /AjaxCall/GetCustomerList/ UserId=50 51722 - ::1 Mozilla/5.0+(Windows+NT+10.0;+WOW64)+AppleWebKit/537.36+(KHTML,+like+Gecko)+Chrome/57.0.2987.133+Safari/537.36 http://localhost:51722/User/AddNewUserBankProfile 200 0 64 314093
2017-04-13 14:44:51 ::1 GET /AjaxCall/GetBillingCodeList/ - 51722 - ::1 Mozilla/5.0+(Windows+NT+10.0;+WOW64)+AppleWebKit/537.36+(KHTML,+like+Gecko)+Chrome/57.0.2987.133+Safari/537.36 http://localhost:51722/User/AddNewUserBankProfile 200 0 64 314393
2017-04-13 14:44:51 ::1 GET /PayMethod/GetPayMethodIsReimbursable MethodId=0 51722 - ::1 Mozilla/5.0+(Windows+NT+10.0;+WOW64)+AppleWebKit/537.36+(KHTML,+like+Gecko)+Chrome/57.0.2987.133+Safari/537.36 http://localhost:51722/User/AddNewUserBankProfile 200 0 64 314626
2017-04-13 14:45:01 ::1 GET /Dashboard/GetExpenseTypesAmount/ sDate=null&eDate=null 51722 - ::1 Mozilla/5.0+(Windows+NT+10.0;+WOW64)+AppleWebKit/537.36+(KHTML,+like+Gecko)+Chrome/57.0.2987.133+Safari/537.36 http://localhost:51722/Dashboard/ViewDashboard 200 0 64 455460
2017-04-13 14:46:46 ::1 POST /User/LogOn - 51722 - ::1 Mozilla/5.0+(Windows+NT+10.0;+WOW64)+AppleWebKit/537.36+(KHTML,+like+Gecko)+Chrome/57.0.2987.133+Safari/537.36 http://localhost:51722/User/LogOn 302 0 0 23407
2017-04-13 14:46:46 ::1 GET / - 51722 - ::1 Mozilla/5.0+(Windows+NT+10.0;+WOW64)+AppleWebKit/537.36+(KHTML,+like+Gecko)+Chrome/57.0.2987.133+Safari/537.36 http://localhost:51722/User/LogOn 302 0 0 34
2017-04-13 14:46:52 ::1 GET /Dashboard/ViewDashboard - 51722 - ::1 Mozilla/5.0+(Windows+NT+10.0;+WOW64)+AppleWebKit/537.36+(KHTML,+like+Gecko)+Chrome/57.0.2987.133+Safari/537.36 http://localhost:51722/User/LogOn 200 0 0 6829
2017-04-13 14:46:52 ::1 GET /__browserLink/requestData/c3bf76edc20a49f79b5432b5e1726b94 version=2 51722 - ::1 Mozilla/5.0+(Windows+NT+10.0;+WOW64)+AppleWebKit/537.36+(KHTML,+like+Gecko)+Chrome/57.0.2987.133+Safari/537.36 http://localhost:51722/Dashboard/ViewDashboard 200 0 0 23
2017-04-13 14:46:55 ::1 GET /Dashboard/getAjaxTab/1 sDate=null&eDate=null 51722 - ::1 Mozilla/5.0+(Windows+NT+10.0;+WOW64)+AppleWebKit/537.36+(KHTML,+like+Gecko)+Chrome/57.0.2987.133+Safari/537.36 http://localhost:51722/Dashboard/ViewDashboard 200 0 0 2460
2017-04-13 14:46:55 ::1 GET /Scripts/v2/easy.pie.chart/jquery.easing.1.3.js _=1492094815669 51722 - ::1 Mozilla/5.0+(Windows+NT+10.0;+WOW64)+AppleWebKit/537.36+(KHTML,+like+Gecko)+Chrome/57.0.2987.133+Safari/537.36 http://localhost:51722/Dashboard/ViewDashboard 200 0 0 52
2017-04-13 14:46:55 ::1 GET /Scripts/v2/easy.pie.chart/jquery.easypiechart.min.js _=1492094815731 51722 - ::1 Mozilla/5.0+(Windows+NT+10.0;+WOW64)+AppleWebKit/537.36+(KHTML,+like+Gecko)+Chrome/57.0.2987.133+Safari/537.36 http://localhost:51722/Dashboard/ViewDashboard 200 0 0 20
2017-04-13 14:46:55 ::1 GET /Scripts/v2/morris.charts/morris.min.js _=1492094815771 51722 - ::1 Mozilla/5.0+(Windows+NT+10.0;+WOW64)+AppleWebKit/537.36+(KHTML,+like+Gecko)+Chrome/57.0.2987.133+Safari/537.36 http://localhost:51722/Dashboard/ViewDashboard 200 0 0 13
2017-04-13 14:46:55 ::1 GET /Scripts/v2/morris.charts/raphael.min.js _=1492094815792 51722 - ::1 Mozilla/5.0+(Windows+NT+10.0;+WOW64)+AppleWebKit/537.36+(KHTML,+like+Gecko)+Chrome/57.0.2987.133+Safari/537.36 http://localhost:51722/Dashboard/ViewDashboard 200 0 0 17
2017-04-13 14:47:05 ::1 GET /Dashboard/GetPayMethodsAmount/ sDate=null&eDate=null 51722 - ::1 Mozilla/5.0+(Windows+NT+10.0;+WOW64)+AppleWebKit/537.36+(KHTML,+like+Gecko)+Chrome/57.0.2987.133+Safari/537.36 http://localhost:51722/Dashboard/ViewDashboard 200 0 0 9723
2017-04-13 14:47:12 ::1 GET /Dashboard/GetExpenseApprovals/ sDate=null&eDate=null 51722 - ::1 Mozilla/5.0+(Windows+NT+10.0;+WOW64)+AppleWebKit/537.36+(KHTML,+like+Gecko)+Chrome/57.0.2987.133+Safari/537.36 http://localhost:51722/Dashboard/ViewDashboard 200 0 0 16992
2017-04-13 14:48:03 ::1 GET /User/BankProfileList - 51722 - ::1 Mozilla/5.0+(Windows+NT+10.0;+WOW64)+AppleWebKit/537.36+(KHTML,+like+Gecko)+Chrome/57.0.2987.133+Safari/537.36 http://localhost:51722/Dashboard/ViewDashboard 200 0 0 65718
2017-04-13 14:48:03 ::1 GET /__browserLink/requestData/b2a522bf5a4442a0b800dbc12b6cfaab version=2 51722 - ::1 Mozilla/5.0+(Windows+NT+10.0;+WOW64)+AppleWebKit/537.36+(KHTML,+like+Gecko)+Chrome/57.0.2987.133+Safari/537.36 http://localhost:51722/User/BankProfileList 200 0 0 44
2017-04-13 14:48:13 ::1 GET /Dashboard/GetExpenseSubmissions/ sDate=null&eDate=null 51722 - ::1 Mozilla/5.0+(Windows+NT+10.0;+WOW64)+AppleWebKit/537.36+(KHTML,+like+Gecko)+Chrome/57.0.2987.133+Safari/537.36 http://localhost:51722/Dashboard/ViewDashboard 200 0 64 77609
2017-04-13 14:48:33 ::1 GET /User/AddNewUserBankProfile - 51722 - ::1 Mozilla/5.0+(Windows+NT+10.0;+WOW64)+AppleWebKit/537.36+(KHTML,+like+Gecko)+Chrome/57.0.2987.133+Safari/537.36 http://localhost:51722/User/BankProfileList 200 0 0 26744
2017-04-13 14:48:33 ::1 GET /__browserLink/requestData/45fa22c99a7c4067aa6e3188c8d3498e version=2 51722 - ::1 Mozilla/5.0+(Windows+NT+10.0;+WOW64)+AppleWebKit/537.36+(KHTML,+like+Gecko)+Chrome/57.0.2987.133+Safari/537.36 http://localhost:51722/User/AddNewUserBankProfile 200 0 0 138
2017-04-13 14:48:43 ::1 GET /Dashboard/GetExpenseTypesAmount/ sDate=null&eDate=null 51722 - ::1 Mozilla/5.0+(Windows+NT+10.0;+WOW64)+AppleWebKit/537.36+(KHTML,+like+Gecko)+Chrome/57.0.2987.133+Safari/537.36 http://localhost:51722/Dashboard/ViewDashboard 200 0 64 107596
2017-04-13 14:49:11 ::1 GET /User/FillUserByUserId/ UserId=197 51722 - ::1 Mozilla/5.0+(Windows+NT+10.0;+WOW64)+AppleWebKit/537.36+(KHTML,+like+Gecko)+Chrome/57.0.2987.133+Safari/537.36 http://localhost:51722/User/AddNewUserBankProfile 200 0 0 35460
2017-04-13 14:49:11 ::1 GET /__browserLink/requestData/be3cab139a9946e18cb723ddcf04973e version=2 51722 - ::1 Mozilla/5.0+(Windows+NT+10.0;+WOW64)+AppleWebKit/537.36+(KHTML,+like+Gecko)+Chrome/57.0.2987.133+Safari/537.36 http://localhost:51722/User/FillUserByUserId/?UserId=197 200 0 0 29
2017-04-13 14:49:12 ::1 GET /AjaxCall/GetCustomerList/ UserId=50 51722 - ::1 Mozilla/5.0+(Windows+NT+10.0;+WOW64)+AppleWebKit/537.36+(KHTML,+like+Gecko)+Chrome/57.0.2987.133+Safari/537.36 http://localhost:51722/User/FillUserByUserId/?UserId=197 200 0 0 1189
2017-04-13 14:49:12 ::1 GET /PayMethod/GetPayMethodIsReimbursable MethodId=36 51722 - ::1 Mozilla/5.0+(Windows+NT+10.0;+WOW64)+AppleWebKit/537.36+(KHTML,+like+Gecko)+Chrome/57.0.2987.133+Safari/537.36 http://localhost:51722/User/AddNewUserBankProfile 200 0 64 21531
2017-04-13 14:49:12 ::1 GET /PayMethod/GetPayMethodIsReimbursable MethodId=0 51722 - ::1 Mozilla/5.0+(Windows+NT+10.0;+WOW64)+AppleWebKit/537.36+(KHTML,+like+Gecko)+Chrome/57.0.2987.133+Safari/537.36 http://localhost:51722/User/FillUserByUserId/?UserId=197 200 0 0 1568
2017-04-13 14:49:12 ::1 GET /AjaxCall/GetCompanyList/ - 51722 - ::1 Mozilla/5.0+(Windows+NT+10.0;+WOW64)+AppleWebKit/537.36+(KHTML,+like+Gecko)+Chrome/57.0.2987.133+Safari/537.36 http://localhost:51722/User/FillUserByUserId/?UserId=197 200 0 0 1823
2017-04-13 14:49:54 ::1 GET /User/GetEmployees - 51722 - ::1 Mozilla/5.0+(Windows+NT+10.0;+WOW64)+AppleWebKit/537.36+(KHTML,+like+Gecko)+Chrome/57.0.2987.133+Safari/537.36 http://localhost:51722/User/FillUserByUserId/?UserId=197 200 0 0 42992
2017-04-13 14:50:12 ::1 GET /User/FillUserByUserId/ UserId=260 51722 - ::1 Mozilla/5.0+(Windows+NT+10.0;+WOW64)+AppleWebKit/537.36+(KHTML,+like+Gecko)+Chrome/57.0.2987.133+Safari/537.36 http://localhost:51722/User/FillUserByUserId/?UserId=197 200 0 0 36554
2017-04-13 14:50:12 ::1 GET /PayMethod/GetPayMethodIsReimbursable MethodId=0 51722 - ::1 Mozilla/5.0+(Windows+NT+10.0;+WOW64)+AppleWebKit/537.36+(KHTML,+like+Gecko)+Chrome/57.0.2987.133+Safari/537.36 http://localhost:51722/User/FillUserByUserId/?UserId=260 200 0 0 49
2017-04-13 14:50:12 ::1 GET /__browserLink/requestData/e9ae8e09aab0448b9d0aa43983d10520 version=2 51722 - ::1 Mozilla/5.0+(Windows+NT+10.0;+WOW64)+AppleWebKit/537.36+(KHTML,+like+Gecko)+Chrome/57.0.2987.133+Safari/537.36 http://localhost:51722/User/FillUserByUserId/?UserId=260 200 0 0 32
2017-04-13 14:50:55 ::1 GET /User/GetEmployees - 51722 - ::1 Mozilla/5.0+(Windows+NT+10.0;+WOW64)+AppleWebKit/537.36+(KHTML,+like+Gecko)+Chrome/57.0.2987.133+Safari/537.36 http://localhost:51722/User/FillUserByUserId/?UserId=260 200 0 0 42264
2017-04-13 14:50:55 ::1 GET /PayMethod/GetPayMethodIsReimbursable MethodId=22 51722 - ::1 Mozilla/5.0+(Windows+NT+10.0;+WOW64)+AppleWebKit/537.36+(KHTML,+like+Gecko)+Chrome/57.0.2987.133+Safari/537.36 http://localhost:51722/User/FillUserByUserId/?UserId=260 200 0 0 10051
2017-04-13 14:50:56 ::1 GET /AjaxCall/GetBillingCodeList/ - 51722 - ::1 Mozilla/5.0+(Windows+NT+10.0;+WOW64)+AppleWebKit/537.36+(KHTML,+like+Gecko)+Chrome/57.0.2987.133+Safari/537.36 http://localhost:51722/User/FillUserByUserId/?UserId=260 200 0 0 43527
2017-04-13 14:50:56 ::1 GET /AjaxCall/GetCompanyList/ - 51722 - ::1 Mozilla/5.0+(Windows+NT+10.0;+WOW64)+AppleWebKit/537.36+(KHTML,+like+Gecko)+Chrome/57.0.2987.133+Safari/537.36 http://localhost:51722/User/FillUserByUserId/?UserId=260 200 0 0 44170
2017-04-13 14:50:58 ::1 GET /AjaxCall/GetCustomerList/ UserId=50 51722 - ::1 Mozilla/5.0+(Windows+NT+10.0;+WOW64)+AppleWebKit/537.36+(KHTML,+like+Gecko)+Chrome/57.0.2987.133+Safari/537.36 http://localhost:51722/User/FillUserByUserId/?UserId=260 200 0 0 45791
2017-04-13 14:50:58 ::1 GET /AjaxCall/GetBusinessUnitList/ CompanyId=32 51722 - ::1 Mozilla/5.0+(Windows+NT+10.0;+WOW64)+AppleWebKit/537.36+(KHTML,+like+Gecko)+Chrome/57.0.2987.133+Safari/537.36 http://localhost:51722/User/FillUserByUserId/?UserId=197 200 0 64 89624
2017-04-13 14:50:59 ::1 GET /PayMethod/GetPayMethodIsReimbursable MethodId=42 51722 - ::1 Mozilla/5.0+(Windows+NT+10.0;+WOW64)+AppleWebKit/537.36+(KHTML,+like+Gecko)+Chrome/57.0.2987.133+Safari/537.36 http://localhost:51722/User/FillUserByUserId/?UserId=197 200 0 64 93306
2017-04-13 14:50:59 ::1 GET /AjaxCall/GetBillingCodeList/ - 51722 - ::1 Mozilla/5.0+(Windows+NT+10.0;+WOW64)+AppleWebKit/537.36+(KHTML,+like+Gecko)+Chrome/57.0.2987.133+Safari/537.36 http://localhost:51722/User/FillUserByUserId/?UserId=197 200 0 64 108757
2017-04-13 14:51:44 ::1 GET /User/GetEmployees - 51722 - ::1 Mozilla/5.0+(Windows+NT+10.0;+WOW64)+AppleWebKit/537.36+(KHTML,+like+Gecko)+Chrome/57.0.2987.133+Safari/537.36 http://localhost:51722/User/AddNewUserBankProfile 200 0 64 190836
2017-04-13 14:55:16 ::1 POST /User/AddNewUserBankProfile - 51722 - ::1 Mozilla/5.0+(Windows+NT+10.0;+WOW64)+AppleWebKit/537.36+(KHTML,+like+Gecko)+Chrome/57.0.2987.133+Safari/537.36 http://localhost:51722/User/FillUserByUserId/?UserId=260 302 0 0 240779
2017-04-13 14:55:18 ::1 GET /AjaxCall/GetProjectList/ UserId=50&ExpenseDate=4/13/2017&CustomerId=0 51722 - ::1 Mozilla/5.0+(Windows+NT+10.0;+WOW64)+AppleWebKit/537.36+(KHTML,+like+Gecko)+Chrome/57.0.2987.133+Safari/537.36 http://localhost:51722/User/FillUserByUserId/?UserId=260 200 0 0 259817
2017-04-13 14:55:20 ::1 GET /AjaxCall/GetProjectList/ UserId=50&ExpenseDate=4/13/2017&CustomerId=0 51722 - ::1 Mozilla/5.0+(Windows+NT+10.0;+WOW64)+AppleWebKit/537.36+(KHTML,+like+Gecko)+Chrome/57.0.2987.133+Safari/537.36 http://localhost:51722/User/FillUserByUserId/?UserId=197 200 0 64 367825
2017-04-13 14:55:20 ::1 GET /AjaxCall/GetBillingCodeList/ - 51722 - ::1 Mozilla/5.0+(Windows+NT+10.0;+WOW64)+AppleWebKit/537.36+(KHTML,+like+Gecko)+Chrome/57.0.2987.133+Safari/537.36 http://localhost:51722/User/AddNewUserBankProfile 200 0 64 407737
2017-04-13 14:55:20 ::1 GET /PayMethod/GetPayMethodIsReimbursable MethodId=0 51722 - ::1 Mozilla/5.0+(Windows+NT+10.0;+WOW64)+AppleWebKit/537.36+(KHTML,+like+Gecko)+Chrome/57.0.2987.133+Safari/537.36 http://localhost:51722/User/AddNewUserBankProfile 200 0 64 408019
2017-04-13 14:55:20 ::1 GET /AjaxCall/GetProjectTaskList/ ProjectId=0&ExpenseDate=4/13/2017&TaskType=Expense 51722 - ::1 Mozilla/5.0+(Windows+NT+10.0;+WOW64)+AppleWebKit/537.36+(KHTML,+like+Gecko)+Chrome/57.0.2987.133+Safari/537.36 http://localhost:51722/User/FillUserByUserId/?UserId=260 200 0 0 3107
#Software: Microsoft Internet Information Services 8.0
#Version: 1.0
#Date: 2017-04-13 14:59:50
#Fields: date time s-ip cs-method cs-uri-stem cs-uri-query s-port cs-username c-ip cs(User-Agent) cs(Referer) sc-status sc-substatus sc-win32-status time-taken
2017-04-13 14:59:50 ::1 GET / - 51722 - ::1 Mozilla/5.0+(Windows+NT+10.0;+WOW64)+AppleWebKit/537.36+(KHTML,+like+Gecko)+Chrome/57.0.2987.133+Safari/537.36 - 302 0 0 23290
2017-04-13 15:00:00 ::1 GET /User/LogOn - 51722 - ::1 Mozilla/5.0+(Windows+NT+10.0;+WOW64)+AppleWebKit/537.36+(KHTML,+like+Gecko)+Chrome/57.0.2987.133+Safari/537.36 - 200 0 0 10553
2017-04-13 15:00:00 ::1 GET /__browserLink/requestData/bdcd673d325e4cebae6cf4dc127062f7 version=2 51722 - ::1 Mozilla/5.0+(Windows+NT+10.0;+WOW64)+AppleWebKit/537.36+(KHTML,+like+Gecko)+Chrome/57.0.2987.133+Safari/537.36 http://localhost:51722/User/LogOn 200 0 0 56
#Software: Microsoft Internet Information Services 8.0
#Version: 1.0
#Date: 2017-04-13 15:00:47
#Fields: date time s-ip cs-method cs-uri-stem cs-uri-query s-port cs-username c-ip cs(User-Agent) cs(Referer) sc-status sc-substatus sc-win32-status time-taken
2017-04-13 15:00:47 ::1 GET / - 51722 - ::1 Mozilla/5.0+(Windows+NT+10.0;+WOW64)+AppleWebKit/537.36+(KHTML,+like+Gecko)+Chrome/57.0.2987.133+Safari/537.36 - 302 0 0 10240
2017-04-13 15:00:54 ::1 GET /User/LogOn - 51722 - ::1 Mozilla/5.0+(Windows+NT+10.0;+WOW64)+AppleWebKit/537.36+(KHTML,+like+Gecko)+Chrome/57.0.2987.133+Safari/537.36 - 200 0 0 6863
2017-04-13 15:00:54 ::1 GET /__browserLink/requestData/b0ce718931c3439c9a621bc35388e0cc version=2 51722 - ::1 Mozilla/5.0+(Windows+NT+10.0;+WOW64)+AppleWebKit/537.36+(KHTML,+like+Gecko)+Chrome/57.0.2987.133+Safari/537.36 http://localhost:51722/User/LogOn 200 0 0 35
2017-04-13 15:01:35 ::1 POST /User/LogOn - 51722 - ::1 Mozilla/5.0+(Windows+NT+10.0;+WOW64)+AppleWebKit/537.36+(KHTML,+like+Gecko)+Chrome/57.0.2987.133+Safari/537.36 http://localhost:51722/User/LogOn 302 0 0 38124
2017-04-13 15:01:35 ::1 GET / - 51722 - ::1 Mozilla/5.0+(Windows+NT+10.0;+WOW64)+AppleWebKit/537.36+(KHTML,+like+Gecko)+Chrome/57.0.2987.133+Safari/537.36 http://localhost:51722/User/LogOn 302 0 0 42
2017-04-13 15:01:52 ::1 GET /Dashboard/ViewDashboard - 51722 - ::1 Mozilla/5.0+(Windows+NT+10.0;+WOW64)+AppleWebKit/537.36+(KHTML,+like+Gecko)+Chrome/57.0.2987.133+Safari/537.36 http://localhost:51722/User/LogOn 200 0 0 16518
2017-04-13 15:01:52 ::1 GET /__browserLink/requestData/b484edf91fb44301b7362b686ec3a0c9 version=2 51722 - ::1 Mozilla/5.0+(Windows+NT+10.0;+WOW64)+AppleWebKit/537.36+(KHTML,+like+Gecko)+Chrome/57.0.2987.133+Safari/537.36 http://localhost:51722/Dashboard/ViewDashboard 200 0 0 104
2017-04-13 15:01:55 ::1 GET /Dashboard/getAjaxTab/1 sDate=null&eDate=null 51722 - ::1 Mozilla/5.0+(Windows+NT+10.0;+WOW64)+AppleWebKit/537.36+(KHTML,+like+Gecko)+Chrome/57.0.2987.133+Safari/537.36 http://localhost:51722/Dashboard/ViewDashboard 200 0 0 2547
2017-04-13 15:01:58 ::1 GET /Scripts/v2/easy.pie.chart/jquery.easing.1.3.js _=1492095715445 51722 - ::1 Mozilla/5.0+(Windows+NT+10.0;+WOW64)+AppleWebKit/537.36+(KHTML,+like+Gecko)+Chrome/57.0.2987.133+Safari/537.36 http://localhost:51722/Dashboard/ViewDashboard 200 0 0 112
2017-04-13 15:01:58 ::1 GET /Scripts/v2/easy.pie.chart/jquery.easypiechart.min.js _=1492095718444 51722 - ::1 Mozilla/5.0+(Windows+NT+10.0;+WOW64)+AppleWebKit/537.36+(KHTML,+like+Gecko)+Chrome/57.0.2987.133+Safari/537.36 http://localhost:51722/Dashboard/ViewDashboard 200 0 0 44
2017-04-13 15:01:58 ::1 GET /Scripts/v2/morris.charts/morris.min.js _=1492095718503 51722 - ::1 Mozilla/5.0+(Windows+NT+10.0;+WOW64)+AppleWebKit/537.36+(KHTML,+like+Gecko)+Chrome/57.0.2987.133+Safari/537.36 http://localhost:51722/Dashboard/ViewDashboard 200 0 0 57
2017-04-13 15:01:58 ::1 GET /Scripts/v2/morris.charts/raphael.min.js _=1492095718570 51722 - ::1 Mozilla/5.0+(Windows+NT+10.0;+WOW64)+AppleWebKit/537.36+(KHTML,+like+Gecko)+Chrome/57.0.2987.133+Safari/537.36 http://localhost:51722/Dashboard/ViewDashboard 200 0 0 133
2017-04-13 15:01:58 ::1 GET /images/ui-bg_flat_0_aaaaaa_40x100.png - 51722 - ::1 Mozilla/5.0+(Windows+NT+10.0;+WOW64)+AppleWebKit/537.36+(KHTML,+like+Gecko)+Chrome/57.0.2987.133+Safari/537.36 http://localhost:51722/css/SiteLayoutPageForMasters-css?v=8eJfMB23PwV28L7wzjxDjZA8kv0rfvYVCv5_0s-GNOg1 200 0 0 38
2017-04-13 15:02:08 ::1 GET /Dashboard/GetExpenseApprovals/ sDate=null&eDate=null 51722 - ::1 Mozilla/5.0+(Windows+NT+10.0;+WOW64)+AppleWebKit/537.36+(KHTML,+like+Gecko)+Chrome/57.0.2987.133+Safari/537.36 http://localhost:51722/Dashboard/ViewDashboard 200 0 0 9742
2017-04-13 15:02:15 ::1 GET /Dashboard/GetExpenseSubmissions/ sDate=null&eDate=null 51722 - ::1 Mozilla/5.0+(Windows+NT+10.0;+WOW64)+AppleWebKit/537.36+(KHTML,+like+Gecko)+Chrome/57.0.2987.133+Safari/537.36 http://localhost:51722/Dashboard/ViewDashboard 200 0 0 16817
2017-04-13 15:02:15 ::1 GET /images/ui-icons_454545_256x240.png - 51722 - ::1 Mozilla/5.0+(Windows+NT+10.0;+WOW64)+AppleWebKit/537.36+(KHTML,+like+Gecko)+Chrome/57.0.2987.133+Safari/537.36 http://localhost:51722/css/SiteLayoutPageForMasters-css?v=8eJfMB23PwV28L7wzjxDjZA8kv0rfvYVCv5_0s-GNOg1 200 0 0 27
2017-04-13 15:02:31 ::1 GET /User/BankProfileList - 51722 - ::1 Mozilla/5.0+(Windows+NT+10.0;+WOW64)+AppleWebKit/537.36+(KHTML,+like+Gecko)+Chrome/57.0.2987.133+Safari/537.36 http://localhost:51722/Dashboard/ViewDashboard 200 0 0 23153
2017-04-13 15:02:31 ::1 GET /__browserLink/requestData/ff35050335cb411ba450f5c32b18ab52 version=2 51722 - ::1 Mozilla/5.0+(Windows+NT+10.0;+WOW64)+AppleWebKit/537.36+(KHTML,+like+Gecko)+Chrome/57.0.2987.133+Safari/537.36 http://localhost:51722/User/BankProfileList 200 0 0 98
2017-04-13 15:02:45 ::1 GET /Dashboard/ViewsUnsubmittedExpenseList/ sDate=2017-04-10&eDate=2017-04-16 51722 - ::1 Mozilla/5.0+(Windows+NT+10.0;+WOW64)+AppleWebKit/537.36+(KHTML,+like+Gecko)+Chrome/57.0.2987.133+Safari/537.36 http://localhost:51722/Dashboard/ViewDashboard 200 0 64 46871
2017-04-13 15:02:56 ::1 GET /User/AddNewUserBankProfile - 51722 - ::1 Mozilla/5.0+(Windows+NT+10.0;+WOW64)+AppleWebKit/537.36+(KHTML,+like+Gecko)+Chrome/57.0.2987.133+Safari/537.36 http://localhost:51722/User/BankProfileList 200 0 0 21100
2017-04-13 15:02:56 ::1 GET /__browserLink/requestData/7a54ea00dded4981969f5ee9dbbd5f52 version=2 51722 - ::1 Mozilla/5.0+(Windows+NT+10.0;+WOW64)+AppleWebKit/537.36+(KHTML,+like+Gecko)+Chrome/57.0.2987.133+Safari/537.36 http://localhost:51722/User/AddNewUserBankProfile 200 0 0 285
2017-04-13 15:03:05 ::1 GET /Dashboard/GetPayMethodsAmount/ sDate=null&eDate=null 51722 - ::1 Mozilla/5.0+(Windows+NT+10.0;+WOW64)+AppleWebKit/537.36+(KHTML,+like+Gecko)+Chrome/57.0.2987.133+Safari/537.36 http://localhost:51722/Dashboard/ViewDashboard 200 0 64 66945
2017-04-13 15:03:41 ::1 GET /User/GetEmployees - 51722 - ::1 Mozilla/5.0+(Windows+NT+10.0;+WOW64)+AppleWebKit/537.36+(KHTML,+like+Gecko)+Chrome/57.0.2987.133+Safari/537.36 http://localhost:51722/User/AddNewUserBankProfile 200 0 0 44253
2017-04-13 15:04:03 ::1 GET /Dashboard/GetExpensePostings/ sDate=null&eDate=null 51722 - ::1 Mozilla/5.0+(Windows+NT+10.0;+WOW64)+AppleWebKit/537.36+(KHTML,+like+Gecko)+Chrome/57.0.2987.133+Safari/537.36 http://localhost:51722/Dashboard/ViewDashboard 200 0 64 124913
2017-04-13 15:04:15 ::1 GET /User/FillUserByUserId/ UserId=260 51722 - ::1 Mozilla/5.0+(Windows+NT+10.0;+WOW64)+AppleWebKit/537.36+(KHTML,+like+Gecko)+Chrome/57.0.2987.133+Safari/537.36 http://localhost:51722/User/AddNewUserBankProfile 200 0 0 65518
2017-04-13 15:04:15 ::1 GET /__browserLink/requestData/b4cbe198ac974313a7182c8ec1494c66 version=2 51722 - ::1 Mozilla/5.0+(Windows+NT+10.0;+WOW64)+AppleWebKit/537.36+(KHTML,+like+Gecko)+Chrome/57.0.2987.133+Safari/537.36 http://localhost:51722/User/FillUserByUserId/?UserId=260 200 0 0 34
2017-04-13 15:04:27 ::1 GET /Dashboard/GetExpenseTypesAmount/ sDate=null&eDate=null 51722 - ::1 Mozilla/5.0+(Windows+NT+10.0;+WOW64)+AppleWebKit/537.36+(KHTML,+like+Gecko)+Chrome/57.0.2987.133+Safari/537.36 http://localhost:51722/Dashboard/ViewDashboard 200 0 64 149068
2017-04-13 15:04:27 ::1 GET /PayMethod/GetPayMethodIsReimbursable MethodId=0 51722 - ::1 Mozilla/5.0+(Windows+NT+10.0;+WOW64)+AppleWebKit/537.36+(KHTML,+like+Gecko)+Chrome/57.0.2987.133+Safari/537.36 http://localhost:51722/User/FillUserByUserId/?UserId=260 200 0 0 12242
2017-04-13 15:04:27 ::1 GET /AjaxCall/GetCompanyList/ - 51722 - ::1 Mozilla/5.0+(Windows+NT+10.0;+WOW64)+AppleWebKit/537.36+(KHTML,+like+Gecko)+Chrome/57.0.2987.133+Safari/537.36 http://localhost:51722/User/FillUserByUserId/?UserId=260 200 0 0 12505
2017-04-13 15:05:04 ::1 GET /User/GetEmployees - 51722 - ::1 Mozilla/5.0+(Windows+NT+10.0;+WOW64)+AppleWebKit/537.36+(KHTML,+like+Gecko)+Chrome/57.0.2987.133+Safari/537.36 http://localhost:51722/User/FillUserByUserId/?UserId=260 200 0 0 49358
2017-04-13 15:05:04 ::1 GET /PayMethod/GetPayMethodIsReimbursable MethodId=0 51722 - ::1 Mozilla/5.0+(Windows+NT+10.0;+WOW64)+AppleWebKit/537.36+(KHTML,+like+Gecko)+Chrome/57.0.2987.133+Safari/537.36 http://localhost:51722/User/AddNewUserBankProfile 200 0 64 128049
2017-04-13 15:05:04 ::1 GET /PayMethod/GetPayMethodIsReimbursable MethodId=22 51722 - ::1 Mozilla/5.0+(Windows+NT+10.0;+WOW64)+AppleWebKit/537.36+(KHTML,+like+Gecko)+Chrome/57.0.2987.133+Safari/537.36 http://localhost:51722/User/FillUserByUserId/?UserId=260 200 0 0 30256
2017-04-13 15:05:06 ::1 GET /AjaxCall/GetCustomerList/ UserId=50 51722 - ::1 Mozilla/5.0+(Windows+NT+10.0;+WOW64)+AppleWebKit/537.36+(KHTML,+like+Gecko)+Chrome/57.0.2987.133+Safari/537.36 http://localhost:51722/User/AddNewUserBankProfile 200 0 64 129899
2017-04-13 15:05:06 ::1 GET /AjaxCall/GetBillingCodeList/ - 51722 - ::1 Mozilla/5.0+(Windows+NT+10.0;+WOW64)+AppleWebKit/537.36+(KHTML,+like+Gecko)+Chrome/57.0.2987.133+Safari/537.36 http://localhost:51722/User/AddNewUserBankProfile 200 0 64 130376
2017-04-13 15:05:06 ::1 GET /AjaxCall/GetBillingCodeList/ - 51722 - ::1 Mozilla/5.0+(Windows+NT+10.0;+WOW64)+AppleWebKit/537.36+(KHTML,+like+Gecko)+Chrome/57.0.2987.133+Safari/537.36 http://localhost:51722/User/FillUserByUserId/?UserId=260 200 0 0 52065
2017-04-13 15:05:10 ::1 POST /User/AddNewUserBankProfile - 51722 - ::1 Mozilla/5.0+(Windows+NT+10.0;+WOW64)+AppleWebKit/537.36+(KHTML,+like+Gecko)+Chrome/57.0.2987.133+Safari/537.36 http://localhost:51722/User/FillUserByUserId/?UserId=260 302 0 0 26379
2017-04-13 15:05:10 ::1 GET /User/LogOn - 51722 - ::1 Mozilla/5.0+(Windows+NT+10.0;+WOW64)+AppleWebKit/537.36+(KHTML,+like+Gecko)+Chrome/57.0.2987.133+Safari/537.36 http://localhost:51722/User/FillUserByUserId/?UserId=260 200 0 0 184
2017-04-13 15:05:10 ::1 GET /__browserLink/requestData/a29a54947966411bb0c56c4c81cb9d6e version=2 51722 - ::1 Mozilla/5.0+(Windows+NT+10.0;+WOW64)+AppleWebKit/537.36+(KHTML,+like+Gecko)+Chrome/57.0.2987.133+Safari/537.36 http://localhost:51722/User/LogOn 200 0 0 28
2017-04-13 15:05:12 ::1 GET /AjaxCall/GetCustomerList/ UserId=50 51722 - ::1 Mozilla/5.0+(Windows+NT+10.0;+WOW64)+AppleWebKit/537.36+(KHTML,+like+Gecko)+Chrome/57.0.2987.133+Safari/537.36 http://localhost:51722/User/FillUserByUserId/?UserId=260 200 0 64 57096
2017-04-13 15:06:01 ::1 POST /User/LogOn - 51722 - ::1 Mozilla/5.0+(Windows+NT+10.0;+WOW64)+AppleWebKit/537.36+(KHTML,+like+Gecko)+Chrome/57.0.2987.133+Safari/537.36 http://localhost:51722/User/LogOn 302 0 0 35759
2017-04-13 15:06:01 ::1 GET / - 51722 - ::1 Mozilla/5.0+(Windows+NT+10.0;+WOW64)+AppleWebKit/537.36+(KHTML,+like+Gecko)+Chrome/57.0.2987.133+Safari/537.36 http://localhost:51722/User/LogOn 302 0 0 39
2017-04-13 15:06:08 ::1 GET /Dashboard/ViewDashboard - 51722 - ::1 Mozilla/5.0+(Windows+NT+10.0;+WOW64)+AppleWebKit/537.36+(KHTML,+like+Gecko)+Chrome/57.0.2987.133+Safari/537.36 http://localhost:51722/User/LogOn 200 0 0 6766
2017-04-13 15:06:08 ::1 GET /__browserLink/requestData/f6935172f7234d6fad8d190a6dcd81a1 version=2 51722 - ::1 Mozilla/5.0+(Windows+NT+10.0;+WOW64)+AppleWebKit/537.36+(KHTML,+like+Gecko)+Chrome/57.0.2987.133+Safari/537.36 http://localhost:51722/Dashboard/ViewDashboard 200 0 0 31
2017-04-13 15:06:11 ::1 GET /Dashboard/getAjaxTab/1 sDate=null&eDate=null 51722 - ::1 Mozilla/5.0+(Windows+NT+10.0;+WOW64)+AppleWebKit/537.36+(KHTML,+like+Gecko)+Chrome/57.0.2987.133+Safari/537.36 http://localhost:51722/Dashboard/ViewDashboard 200 0 0 2439
2017-04-13 15:06:11 ::1 GET /Scripts/v2/easy.pie.chart/jquery.easing.1.3.js _=1492095971314 51722 - ::1 Mozilla/5.0+(Windows+NT+10.0;+WOW64)+AppleWebKit/537.36+(KHTML,+like+Gecko)+Chrome/57.0.2987.133+Safari/537.36 http://localhost:51722/Dashboard/ViewDashboard 200 0 0 48
2017-04-13 15:06:11 ::1 GET /Scripts/v2/easy.pie.chart/jquery.easypiechart.min.js _=1492095971367 51722 - ::1 Mozilla/5.0+(Windows+NT+10.0;+WOW64)+AppleWebKit/537.36+(KHTML,+like+Gecko)+Chrome/57.0.2987.133+Safari/537.36 http://localhost:51722/Dashboard/ViewDashboard 200 0 0 12
2017-04-13 15:06:11 ::1 GET /Scripts/v2/morris.charts/morris.min.js _=1492095971382 51722 - ::1 Mozilla/5.0+(Windows+NT+10.0;+WOW64)+AppleWebKit/537.36+(KHTML,+like+Gecko)+Chrome/57.0.2987.133+Safari/537.36 http://localhost:51722/Dashboard/ViewDashboard 200 0 0 20
2017-04-13 15:06:11 ::1 GET /Scripts/v2/morris.charts/raphael.min.js _=1492095971412 51722 - ::1 Mozilla/5.0+(Windows+NT+10.0;+WOW64)+AppleWebKit/537.36+(KHTML,+like+Gecko)+Chrome/57.0.2987.133+Safari/537.36 http://localhost:51722/Dashboard/ViewDashboard 200 0 0 16
2017-04-13 15:06:20 ::1 GET /Dashboard/GetExpenseApprovals/ sDate=null&eDate=null 51722 - ::1 Mozilla/5.0+(Windows+NT+10.0;+WOW64)+AppleWebKit/537.36+(KHTML,+like+Gecko)+Chrome/57.0.2987.133+Safari/537.36 http://localhost:51722/Dashboard/ViewDashboard 200 0 0 9357
2017-04-13 15:06:33 ::1 GET /Dashboard/GetExpensePostings/ sDate=null&eDate=null 51722 - ::1 Mozilla/5.0+(Windows+NT+10.0;+WOW64)+AppleWebKit/537.36+(KHTML,+like+Gecko)+Chrome/57.0.2987.133+Safari/537.36 http://localhost:51722/Dashboard/ViewDashboard 200 0 0 21653
2017-04-13 15:06:43 ::1 GET /Dashboard/GetExpenseTypesAmount/ sDate=null&eDate=null 51722 - ::1 Mozilla/5.0+(Windows+NT+10.0;+WOW64)+AppleWebKit/537.36+(KHTML,+like+Gecko)+Chrome/57.0.2987.133+Safari/537.36 http://localhost:51722/Dashboard/ViewDashboard 200 0 0 32210
2017-04-13 15:06:52 ::1 GET /Dashboard/GetExpenseSubmissions/ sDate=null&eDate=null 51722 - ::1 Mozilla/5.0+(Windows+NT+10.0;+WOW64)+AppleWebKit/537.36+(KHTML,+like+Gecko)+Chrome/57.0.2987.133+Safari/537.36 http://localhost:51722/Dashboard/ViewDashboard 200 0 0 41408
2017-04-13 15:07:03 ::1 GET /Dashboard/GetPayMethodsAmount/ sDate=null&eDate=null 51722 - ::1 Mozilla/5.0+(Windows+NT+10.0;+WOW64)+AppleWebKit/537.36+(KHTML,+like+Gecko)+Chrome/57.0.2987.133+Safari/537.36 http://localhost:51722/Dashboard/ViewDashboard 200 0 0 52067
2017-04-13 15:07:21 ::1 GET /User/BankProfileList - 51722 - ::1 Mozilla/5.0+(Windows+NT+10.0;+WOW64)+AppleWebKit/537.36+(KHTML,+like+Gecko)+Chrome/57.0.2987.133+Safari/537.36 http://localhost:51722/Dashboard/ViewDashboard 200 0 0 52465
2017-04-13 15:07:21 ::1 GET /__browserLink/requestData/7cfe5cdff3d144f6ac8afdd9a0897629 version=2 51722 - ::1 Mozilla/5.0+(Windows+NT+10.0;+WOW64)+AppleWebKit/537.36+(KHTML,+like+Gecko)+Chrome/57.0.2987.133+Safari/537.36 http://localhost:51722/User/BankProfileList 200 0 0 34
2017-04-13 15:07:38 ::1 GET /User/AddNewUserBankProfile - 51722 - ::1 Mozilla/5.0+(Windows+NT+10.0;+WOW64)+AppleWebKit/537.36+(KHTML,+like+Gecko)+Chrome/57.0.2987.133+Safari/537.36 http://localhost:51722/User/BankProfileList 200 0 0 13397
2017-04-13 15:07:38 ::1 GET /AjaxCall/GetBillingCodeList/ - 51722 - ::1 Mozilla/5.0+(Windows+NT+10.0;+WOW64)+AppleWebKit/537.36+(KHTML,+like+Gecko)+Chrome/57.0.2987.133+Safari/537.36 http://localhost:51722/User/AddNewUserBankProfile 200 0 0 342
2017-04-13 15:07:38 ::1 GET /__browserLink/requestData/c6c7ae742b754297980e701200a9dacf version=2 51722 - ::1 Mozilla/5.0+(Windows+NT+10.0;+WOW64)+AppleWebKit/537.36+(KHTML,+like+Gecko)+Chrome/57.0.2987.133+Safari/537.36 http://localhost:51722/User/AddNewUserBankProfile 200 0 0 143
2017-04-13 15:08:18 ::1 GET /User/GetEmployees - 51722 - ::1 Mozilla/5.0+(Windows+NT+10.0;+WOW64)+AppleWebKit/537.36+(KHTML,+like+Gecko)+Chrome/57.0.2987.133+Safari/537.36 http://localhost:51722/User/AddNewUserBankProfile 200 0 0 39932
2017-04-13 15:08:18 ::1 GET /PayMethod/GetPayMethodIsReimbursable MethodId=0 51722 - ::1 Mozilla/5.0+(Windows+NT+10.0;+WOW64)+AppleWebKit/537.36+(KHTML,+like+Gecko)+Chrome/57.0.2987.133+Safari/537.36 http://localhost:51722/User/AddNewUserBankProfile 200 0 0 40239
2017-04-13 15:08:31 ::1 GET /User/FillUserByUserId/ UserId=260 51722 - ::1 Mozilla/5.0+(Windows+NT+10.0;+WOW64)+AppleWebKit/537.36+(KHTML,+like+Gecko)+Chrome/57.0.2987.133+Safari/537.36 http://localhost:51722/User/AddNewUserBankProfile 200 0 0 45588
2017-04-13 15:08:31 ::1 GET /AjaxCall/GetBillingCodeList/ - 51722 - ::1 Mozilla/5.0+(Windows+NT+10.0;+WOW64)+AppleWebKit/537.36+(KHTML,+like+Gecko)+Chrome/57.0.2987.133+Safari/537.36 http://localhost:51722/User/FillUserByUserId/?UserId=260 200 0 0 323
2017-04-13 15:08:31 ::1 GET /__browserLink/requestData/dcb730cc9ca04428b3afddce1541f86f version=2 51722 - ::1 Mozilla/5.0+(Windows+NT+10.0;+WOW64)+AppleWebKit/537.36+(KHTML,+like+Gecko)+Chrome/57.0.2987.133+Safari/537.36 http://localhost:51722/User/FillUserByUserId/?UserId=260 200 0 0 51
2017-04-13 15:08:33 ::1 GET /AjaxCall/GetCustomerList/ UserId=50 51722 - ::1 Mozilla/5.0+(Windows+NT+10.0;+WOW64)+AppleWebKit/537.36+(KHTML,+like+Gecko)+Chrome/57.0.2987.133+Safari/537.36 http://localhost:51722/User/FillUserByUserId/?UserId=260 200 0 0 1833
2017-04-13 15:08:34 ::1 GET /AjaxCall/GetProjectList/ UserId=50&ExpenseDate=4/13/2017&CustomerId=0 51722 - ::1 Mozilla/5.0+(Windows+NT+10.0;+WOW64)+AppleWebKit/537.36+(KHTML,+like+Gecko)+Chrome/57.0.2987.133+Safari/537.36 http://localhost:51722/User/FillUserByUserId/?UserId=260 200 0 0 1681
2017-04-13 15:08:34 ::1 GET /AjaxCall/GetProjectTaskList/ ProjectId=0&ExpenseDate=4/13/2017&TaskType=Expense 51722 - ::1 Mozilla/5.0+(Windows+NT+10.0;+WOW64)+AppleWebKit/537.36+(KHTML,+like+Gecko)+Chrome/57.0.2987.133+Safari/537.36 http://localhost:51722/User/FillUserByUserId/?UserId=260 200 0 0 27
2017-04-13 15:08:34 ::1 GET /PayMethod/GetPayMethodIsReimbursable MethodId=0 51722 - ::1 Mozilla/5.0+(Windows+NT+10.0;+WOW64)+AppleWebKit/537.36+(KHTML,+like+Gecko)+Chrome/57.0.2987.133+Safari/537.36 http://localhost:51722/User/FillUserByUserId/?UserId=260 200 0 0 3623
2017-04-13 15:08:36 ::1 GET /AjaxCall/GetCustomerList/ UserId=50 51722 - ::1 Mozilla/5.0+(Windows+NT+10.0;+WOW64)+AppleWebKit/537.36+(KHTML,+like+Gecko)+Chrome/57.0.2987.133+Safari/537.36 http://localhost:51722/User/AddNewUserBankProfile 200 0 64 57566
2017-04-13 15:09:12 ::1 GET /User/GetEmployees - 51722 - ::1 Mozilla/5.0+(Windows+NT+10.0;+WOW64)+AppleWebKit/537.36+(KHTML,+like+Gecko)+Chrome/57.0.2987.133+Safari/537.36 http://localhost:51722/User/FillUserByUserId/?UserId=260 200 0 0 41311
2017-04-13 15:09:12 ::1 GET /User/ValidatationForCreditCardNumber/ CreditCardNumber=7777777777 51722 - ::1 Mozilla/5.0+(Windows+NT+10.0;+WOW64)+AppleWebKit/537.36+(KHTML,+like+Gecko)+Chrome/57.0.2987.133+Safari/537.36 http://localhost:51722/User/FillUserByUserId/?UserId=260 200 0 0 2084
2017-04-13 15:09:41 ::1 POST /User/AddNewUserBankProfile - 51722 - ::1 Mozilla/5.0+(Windows+NT+10.0;+WOW64)+AppleWebKit/537.36+(KHTML,+like+Gecko)+Chrome/57.0.2987.133+Safari/537.36 http://localhost:51722/User/FillUserByUserId/?UserId=260 302 0 0 28422
2017-04-13 15:10:06 ::1 GET /User/BankProfileList - 51722 - ::1 Mozilla/5.0+(Windows+NT+10.0;+WOW64)+AppleWebKit/537.36+(KHTML,+like+Gecko)+Chrome/57.0.2987.133+Safari/537.36 http://localhost:51722/User/FillUserByUserId/?UserId=260 200 0 0 25414
2017-04-13 15:10:06 ::1 GET /PayMethod/GetPayMethodIsReimbursable MethodId=42 51722 - ::1 Mozilla/5.0+(Windows+NT+10.0;+WOW64)+AppleWebKit/537.36+(KHTML,+like+Gecko)+Chrome/57.0.2987.133+Safari/537.36 http://localhost:51722/User/FillUserByUserId/?UserId=260 200 0 64 70029
2017-04-13 15:10:06 ::1 GET /__browserLink/requestData/a3726d4cbf3a4f93a4057d0db906b4de version=2 51722 - ::1 Mozilla/5.0+(Windows+NT+10.0;+WOW64)+AppleWebKit/537.36+(KHTML,+like+Gecko)+Chrome/57.0.2987.133+Safari/537.36 http://localhost:51722/User/BankProfileList 200 0 0 146
2017-04-13 15:10:07 ::1 GET /PayMethod/GetPayMethodIsReimbursable MethodId=36 51722 - ::1 Mozilla/5.0+(Windows+NT+10.0;+WOW64)+AppleWebKit/537.36+(KHTML,+like+Gecko)+Chrome/57.0.2987.133+Safari/537.36 http://localhost:51722/User/FillUserByUserId/?UserId=260 200 0 64 73068
2017-04-13 15:10:07 ::1 GET /AjaxCall/GetCompanyList/ - 51722 - ::1 Mozilla/5.0+(Windows+NT+10.0;+WOW64)+AppleWebKit/537.36+(KHTML,+like+Gecko)+Chrome/57.0.2987.133+Safari/537.36 http://localhost:51722/User/FillUserByUserId/?UserId=260 200 0 64 96779
