#Software: Microsoft Internet Information Services 8.0
#Version: 1.0
#Date: 2017-04-05 10:02:36
#Fields: date time s-ip cs-method cs-uri-stem cs-uri-query s-port cs-username c-ip cs(User-Agent) cs(Referer) sc-status sc-substatus sc-win32-status time-taken
2017-04-05 10:02:36 ::1 GET / - 51722 - ::1 Mozilla/5.0+(Windows+NT+10.0;+WOW64)+AppleWebKit/537.36+(KHTML,+like+Gecko)+Chrome/56.0.2924.87+Safari/537.36 - 302 0 0 25602
2017-04-05 10:02:45 ::1 GET /User/LogOn - 51722 - ::1 Mozilla/5.0+(Windows+NT+10.0;+WOW64)+AppleWebKit/537.36+(KHTML,+like+Gecko)+Chrome/56.0.2924.87+Safari/537.36 - 200 0 0 8617
2017-04-05 10:02:45 ::1 GET /css/login-css v=JFCQ7nhC5vdHG-j8zcKZ5EKoJ5APArU35BEMxZa96js1 51722 - ::1 Mozilla/5.0+(Windows+NT+10.0;+WOW64)+AppleWebKit/537.36+(KHTML,+like+Gecko)+Chrome/56.0.2924.87+Safari/537.36 http://localhost:51722/User/LogOn 200 0 0 26
2017-04-05 10:02:45 ::1 GET /Scripts/login-js v=oGRG_oxR_ZHazTV6Mj7Ft23CnrW2uYg_pLBjp-7brhY1 51722 - ::1 Mozilla/5.0+(Windows+NT+10.0;+WOW64)+AppleWebKit/537.36+(KHTML,+like+Gecko)+Chrome/56.0.2924.87+Safari/537.36 http://localhost:51722/User/LogOn 200 0 0 47
2017-04-05 10:02:45 ::1 GET /images/logo_color.png - 51722 - ::1 Mozilla/5.0+(Windows+NT+10.0;+WOW64)+AppleWebKit/537.36+(KHTML,+like+Gecko)+Chrome/56.0.2924.87+Safari/537.36 http://localhost:51722/User/LogOn 200 0 0 31
2017-04-05 10:02:45 ::1 GET /images/bg-form-field.gif - 51722 - ::1 Mozilla/5.0+(Windows+NT+10.0;+WOW64)+AppleWebKit/537.36+(KHTML,+like+Gecko)+Chrome/56.0.2924.87+Safari/537.36 http://localhost:51722/css/login-css?v=JFCQ7nhC5vdHG-j8zcKZ5EKoJ5APArU35BEMxZa96js1 200 0 0 1
2017-04-05 10:02:45 ::1 GET /images/bg-button-blue.gif - 51722 - ::1 Mozilla/5.0+(Windows+NT+10.0;+WOW64)+AppleWebKit/537.36+(KHTML,+like+Gecko)+Chrome/56.0.2924.87+Safari/537.36 http://localhost:51722/css/login-css?v=JFCQ7nhC5vdHG-j8zcKZ5EKoJ5APArU35BEMxZa96js1 200 0 0 0
2017-04-05 10:02:46 ::1 GET /__browserLink/requestData/70f378c27a024f23bfc7d5cada662445 version=2 51722 - ::1 Mozilla/5.0+(Windows+NT+10.0;+WOW64)+AppleWebKit/537.36+(KHTML,+like+Gecko)+Chrome/56.0.2924.87+Safari/537.36 http://localhost:51722/User/LogOn 200 0 0 62
2017-04-05 10:03:48 ::1 POST /User/LogOn - 51722 - ::1 Mozilla/5.0+(Linux;+Android+6.0;+Nexus+5+Build/MRA58N)+AppleWebKit/537.36+(KHTML,+like+Gecko)+Chrome/56.0.2924.87+Mobile+Safari/537.36 http://localhost:51722/User/LogOn 302 0 0 50967
2017-04-05 10:04:02 ::1 GET / - 51722 - ::1 Mozilla/5.0+(Linux;+Android+6.0;+Nexus+5+Build/MRA58N)+AppleWebKit/537.36+(KHTML,+like+Gecko)+Chrome/56.0.2924.87+Mobile+Safari/537.36 http://localhost:51722/User/LogOn 200 0 0 14051
2017-04-05 10:04:02 ::1 GET /css/site-home-css v=AqCR0tX5sBhH20ewK0EPCDcrTk628Pi6iulHxyYTIc41 51722 - ::1 Mozilla/5.0+(Linux;+Android+6.0;+Nexus+5+Build/MRA58N)+AppleWebKit/537.36+(KHTML,+like+Gecko)+Chrome/56.0.2924.87+Mobile+Safari/537.36 http://localhost:51722/ 200 0 0 55
2017-04-05 10:04:02 ::1 GET /Scripts/site-home-js v=AV1K_ijGoRipvhQZlOQVGnqLD_fMcoEXETSdoeNuZU81 51722 - ::1 Mozilla/5.0+(Linux;+Android+6.0;+Nexus+5+Build/MRA58N)+AppleWebKit/537.36+(KHTML,+like+Gecko)+Chrome/56.0.2924.87+Mobile+Safari/537.36 http://localhost:51722/ 200 0 0 399
2017-04-05 10:04:02 ::1 GET /images/logo_1.png - 51722 - ::1 Mozilla/5.0+(Linux;+Android+6.0;+Nexus+5+Build/MRA58N)+AppleWebKit/537.36+(KHTML,+like+Gecko)+Chrome/56.0.2924.87+Mobile+Safari/537.36 http://localhost:51722/ 200 0 0 29
2017-04-05 10:04:02 ::1 GET /images/icons/home_48.png - 51722 - ::1 Mozilla/5.0+(Linux;+Android+6.0;+Nexus+5+Build/MRA58N)+AppleWebKit/537.36+(KHTML,+like+Gecko)+Chrome/56.0.2924.87+Mobile+Safari/537.36 http://localhost:51722/ 200 0 0 33
2017-04-05 10:04:02 ::1 GET /images/icons/paper_pencil_48.png - 51722 - ::1 Mozilla/5.0+(Linux;+Android+6.0;+Nexus+5+Build/MRA58N)+AppleWebKit/537.36+(KHTML,+like+Gecko)+Chrome/56.0.2924.87+Mobile+Safari/537.36 http://localhost:51722/ 200 0 0 52
2017-04-05 10:04:02 ::1 GET /images/icons/add_48.png - 51722 - ::1 Mozilla/5.0+(Linux;+Android+6.0;+Nexus+5+Build/MRA58N)+AppleWebKit/537.36+(KHTML,+like+Gecko)+Chrome/56.0.2924.87+Mobile+Safari/537.36 http://localhost:51722/ 200 0 0 22
2017-04-05 10:04:02 ::1 GET /Images/icons/cross.png - 51722 - ::1 Mozilla/5.0+(Linux;+Android+6.0;+Nexus+5+Build/MRA58N)+AppleWebKit/537.36+(KHTML,+like+Gecko)+Chrome/56.0.2924.87+Mobile+Safari/537.36 http://localhost:51722/ 200 0 0 5
2017-04-05 10:04:02 ::1 GET /images/icons/pie_chart_48.png - 51722 - ::1 Mozilla/5.0+(Linux;+Android+6.0;+Nexus+5+Build/MRA58N)+AppleWebKit/537.36+(KHTML,+like+Gecko)+Chrome/56.0.2924.87+Mobile+Safari/537.36 http://localhost:51722/ 200 0 0 14
2017-04-05 10:04:02 ::1 GET /images/ui-bg_flat_75_ffffff_40x100.png - 51722 - ::1 Mozilla/5.0+(Linux;+Android+6.0;+Nexus+5+Build/MRA58N)+AppleWebKit/537.36+(KHTML,+like+Gecko)+Chrome/56.0.2924.87+Mobile+Safari/537.36 http://localhost:51722/css/site-home-css?v=AqCR0tX5sBhH20ewK0EPCDcrTk628Pi6iulHxyYTIc41 200 0 0 3
2017-04-05 10:04:02 ::1 GET /images/bg-body.gif - 51722 - ::1 Mozilla/5.0+(Linux;+Android+6.0;+Nexus+5+Build/MRA58N)+AppleWebKit/537.36+(KHTML,+like+Gecko)+Chrome/56.0.2924.87+Mobile+Safari/537.36 http://localhost:51722/css/site-home-css?v=AqCR0tX5sBhH20ewK0EPCDcrTk628Pi6iulHxyYTIc41 200 0 0 25
2017-04-05 10:04:02 ::1 GET /images/ui-icons_222222_256x240.png - 51722 - ::1 Mozilla/5.0+(Linux;+Android+6.0;+Nexus+5+Build/MRA58N)+AppleWebKit/537.36+(KHTML,+like+Gecko)+Chrome/56.0.2924.87+Mobile+Safari/537.36 http://localhost:51722/css/site-home-css?v=AqCR0tX5sBhH20ewK0EPCDcrTk628Pi6iulHxyYTIc41 200 0 0 22
2017-04-05 10:04:02 ::1 GET /images/bg-menu-item-current.gif - 51722 - ::1 Mozilla/5.0+(Linux;+Android+6.0;+Nexus+5+Build/MRA58N)+AppleWebKit/537.36+(KHTML,+like+Gecko)+Chrome/56.0.2924.87+Mobile+Safari/537.36 http://localhost:51722/css/site-home-css?v=AqCR0tX5sBhH20ewK0EPCDcrTk628Pi6iulHxyYTIc41 200 0 0 4
2017-04-05 10:04:02 ::1 GET /images/bg-menu-item-blue.gif - 51722 - ::1 Mozilla/5.0+(Linux;+Android+6.0;+Nexus+5+Build/MRA58N)+AppleWebKit/537.36+(KHTML,+like+Gecko)+Chrome/56.0.2924.87+Mobile+Safari/537.36 http://localhost:51722/css/site-home-css?v=AqCR0tX5sBhH20ewK0EPCDcrTk628Pi6iulHxyYTIc41 200 0 0 15
2017-04-05 10:04:02 ::1 GET /images/bg-content-box.gif - 51722 - ::1 Mozilla/5.0+(Linux;+Android+6.0;+Nexus+5+Build/MRA58N)+AppleWebKit/537.36+(KHTML,+like+Gecko)+Chrome/56.0.2924.87+Mobile+Safari/537.36 http://localhost:51722/css/site-home-css?v=AqCR0tX5sBhH20ewK0EPCDcrTk628Pi6iulHxyYTIc41 200 0 0 5
2017-04-05 10:04:02 ::1 GET /images/shortcut-button-bg.gif - 51722 - ::1 Mozilla/5.0+(Linux;+Android+6.0;+Nexus+5+Build/MRA58N)+AppleWebKit/537.36+(KHTML,+like+Gecko)+Chrome/56.0.2924.87+Mobile+Safari/537.36 http://localhost:51722/css/site-home-css?v=AqCR0tX5sBhH20ewK0EPCDcrTk628Pi6iulHxyYTIc41 200 0 0 19
2017-04-05 10:04:03 ::1 GET /__browserLink/requestData/1db719353c2f4a0ba7de1760824a0fc8 version=2 51722 - ::1 Mozilla/5.0+(Linux;+Android+6.0;+Nexus+5+Build/MRA58N)+AppleWebKit/537.36+(KHTML,+like+Gecko)+Chrome/56.0.2924.87+Mobile+Safari/537.36 http://localhost:51722/ 200 0 0 21
2017-04-05 10:04:46 ::1 GET /User/LogOff - 51722 - ::1 Mozilla/5.0+(Linux;+Android+6.0;+Nexus+5+Build/MRA58N)+AppleWebKit/537.36+(KHTML,+like+Gecko)+Chrome/56.0.2924.87+Mobile+Safari/537.36 http://localhost:51722/ 302 0 0 40
2017-04-05 10:04:46 ::1 GET / - 51722 - ::1 Mozilla/5.0+(Linux;+Android+6.0;+Nexus+5+Build/MRA58N)+AppleWebKit/537.36+(KHTML,+like+Gecko)+Chrome/56.0.2924.87+Mobile+Safari/537.36 http://localhost:51722/ 302 0 0 55
2017-04-05 10:04:46 ::1 GET /User/LogOn - 51722 - ::1 Mozilla/5.0+(Linux;+Android+6.0;+Nexus+5+Build/MRA58N)+AppleWebKit/537.36+(KHTML,+like+Gecko)+Chrome/56.0.2924.87+Mobile+Safari/537.36 http://localhost:51722/ 200 0 0 162
2017-04-05 10:04:46 ::1 GET /Scripts/login-js v=oGRG_oxR_ZHazTV6Mj7Ft23CnrW2uYg_pLBjp-7brhY1 51722 - ::1 Mozilla/5.0+(Linux;+Android+6.0;+Nexus+5+Build/MRA58N)+AppleWebKit/537.36+(KHTML,+like+Gecko)+Chrome/56.0.2924.87+Mobile+Safari/537.36 http://localhost:51722/User/LogOn 200 0 0 49
2017-04-05 10:04:46 ::1 GET /css/login-css v=JFCQ7nhC5vdHG-j8zcKZ5EKoJ5APArU35BEMxZa96js1 51722 - ::1 Mozilla/5.0+(Linux;+Android+6.0;+Nexus+5+Build/MRA58N)+AppleWebKit/537.36+(KHTML,+like+Gecko)+Chrome/56.0.2924.87+Mobile+Safari/537.36 http://localhost:51722/User/LogOn 200 0 0 73
2017-04-05 10:04:46 ::1 GET /__browserLink/requestData/36c4f9b68fca422bbbe876e365aeb1da version=2 51722 - ::1 Mozilla/5.0+(Linux;+Android+6.0;+Nexus+5+Build/MRA58N)+AppleWebKit/537.36+(KHTML,+like+Gecko)+Chrome/56.0.2924.87+Mobile+Safari/537.36 http://localhost:51722/User/LogOn 200 0 0 37
2017-04-05 10:07:18 ::1 POST /User/LogOn - 51722 - ::1 Mozilla/5.0+(Linux;+Android+6.0;+Nexus+5+Build/MRA58N)+AppleWebKit/537.36+(KHTML,+like+Gecko)+Chrome/56.0.2924.87+Mobile+Safari/537.36 http://localhost:51722/User/LogOn 302 0 64 143968
2017-04-05 10:07:22 ::1 POST /User/LogOn - 51722 - ::1 Mozilla/5.0+(Linux;+Android+6.0;+Nexus+5+Build/MRA58N)+AppleWebKit/537.36+(KHTML,+like+Gecko)+Chrome/56.0.2924.87+Mobile+Safari/537.36 http://localhost:51722/User/LogOn 302 0 0 36809
2017-04-05 10:07:22 ::1 GET / - 51722 - ::1 Mozilla/5.0+(Linux;+Android+6.0;+Nexus+5+Build/MRA58N)+AppleWebKit/537.36+(KHTML,+like+Gecko)+Chrome/56.0.2924.87+Mobile+Safari/537.36 http://localhost:51722/User/LogOn 200 0 0 820
2017-04-05 10:07:23 ::1 GET /__browserLink/requestData/b7487d17523e468882d3d7bd3887f2be version=2 51722 - ::1 Mozilla/5.0+(Linux;+Android+6.0;+Nexus+5+Build/MRA58N)+AppleWebKit/537.36+(KHTML,+like+Gecko)+Chrome/56.0.2924.87+Mobile+Safari/537.36 http://localhost:51722/ 200 0 0 46
2017-04-05 10:07:25 ::1 GET /User/LogOff - 51722 - ::1 Mozilla/5.0+(Linux;+Android+6.0;+Nexus+5+Build/MRA58N)+AppleWebKit/537.36+(KHTML,+like+Gecko)+Chrome/56.0.2924.87+Mobile+Safari/537.36 http://localhost:51722/ 302 0 0 55
2017-04-05 10:07:25 ::1 GET / - 51722 - ::1 Mozilla/5.0+(Linux;+Android+6.0;+Nexus+5+Build/MRA58N)+AppleWebKit/537.36+(KHTML,+like+Gecko)+Chrome/56.0.2924.87+Mobile+Safari/537.36 http://localhost:51722/ 302 0 0 42
2017-04-05 10:07:25 ::1 GET /User/LogOn - 51722 - ::1 Mozilla/5.0+(Linux;+Android+6.0;+Nexus+5+Build/MRA58N)+AppleWebKit/537.36+(KHTML,+like+Gecko)+Chrome/56.0.2924.87+Mobile+Safari/537.36 http://localhost:51722/ 200 0 0 131
2017-04-05 10:07:25 ::1 GET /__browserLink/requestData/c0b5f6acfd4443a9b3151497acbd9257 version=2 51722 - ::1 Mozilla/5.0+(Linux;+Android+6.0;+Nexus+5+Build/MRA58N)+AppleWebKit/537.36+(KHTML,+like+Gecko)+Chrome/56.0.2924.87+Mobile+Safari/537.36 http://localhost:51722/User/LogOn 200 0 0 37
#Software: Microsoft Internet Information Services 8.0
#Version: 1.0
#Date: 2017-04-05 10:13:54
#Fields: date time s-ip cs-method cs-uri-stem cs-uri-query s-port cs-username c-ip cs(User-Agent) cs(Referer) sc-status sc-substatus sc-win32-status time-taken
2017-04-05 10:13:54 ::1 GET / - 51722 - ::1 Mozilla/5.0+(Windows+NT+10.0;+WOW64)+AppleWebKit/537.36+(KHTML,+like+Gecko)+Chrome/56.0.2924.87+Safari/537.36 - 302 0 0 9284
2017-04-05 10:14:24 ::1 GET /User/LogOn - 51722 - ::1 Mozilla/5.0+(Windows+NT+10.0;+WOW64)+AppleWebKit/537.36+(KHTML,+like+Gecko)+Chrome/56.0.2924.87+Safari/537.36 - 200 0 0 29828
2017-04-05 10:14:24 ::1 GET /css/login-css v=JFCQ7nhC5vdHG-j8zcKZ5EKoJ5APArU35BEMxZa96js1 51722 - ::1 Mozilla/5.0+(Windows+NT+10.0;+WOW64)+AppleWebKit/537.36+(KHTML,+like+Gecko)+Chrome/56.0.2924.87+Safari/537.36 http://localhost:51722/User/LogOn 200 0 0 37
2017-04-05 10:14:24 ::1 GET /Scripts/login-js v=oGRG_oxR_ZHazTV6Mj7Ft23CnrW2uYg_pLBjp-7brhY1 51722 - ::1 Mozilla/5.0+(Windows+NT+10.0;+WOW64)+AppleWebKit/537.36+(KHTML,+like+Gecko)+Chrome/56.0.2924.87+Safari/537.36 http://localhost:51722/User/LogOn 200 0 0 62
2017-04-05 10:14:24 ::1 GET /__browserLink/requestData/3ace2762474a42d7b1551a4ff89f5423 version=2 51722 - ::1 Mozilla/5.0+(Windows+NT+10.0;+WOW64)+AppleWebKit/537.36+(KHTML,+like+Gecko)+Chrome/56.0.2924.87+Safari/537.36 http://localhost:51722/User/LogOn 200 0 0 111
2017-04-05 10:15:23 ::1 POST /User/LogOn - 51722 - ::1 Mozilla/5.0+(Linux;+Android+6.0;+Nexus+5+Build/MRA58N)+AppleWebKit/537.36+(KHTML,+like+Gecko)+Chrome/56.0.2924.87+Mobile+Safari/537.36 http://localhost:51722/User/LogOn 200 0 0 42802
2017-04-05 10:15:23 ::1 GET /css/login-css v=JFCQ7nhC5vdHG-j8zcKZ5EKoJ5APArU35BEMxZa96js1 51722 - ::1 Mozilla/5.0+(Linux;+Android+6.0;+Nexus+5+Build/MRA58N)+AppleWebKit/537.36+(KHTML,+like+Gecko)+Chrome/56.0.2924.87+Mobile+Safari/537.36 http://localhost:51722/User/LogOn 200 0 0 93
2017-04-05 10:15:23 ::1 GET /Scripts/login-js v=oGRG_oxR_ZHazTV6Mj7Ft23CnrW2uYg_pLBjp-7brhY1 51722 - ::1 Mozilla/5.0+(Linux;+Android+6.0;+Nexus+5+Build/MRA58N)+AppleWebKit/537.36+(KHTML,+like+Gecko)+Chrome/56.0.2924.87+Mobile+Safari/537.36 http://localhost:51722/User/LogOn 200 0 0 110
2017-04-05 10:15:23 ::1 GET /__browserLink/requestData/a6068149c8274fd88d04d177b337b6b6 version=2 51722 - ::1 Mozilla/5.0+(Linux;+Android+6.0;+Nexus+5+Build/MRA58N)+AppleWebKit/537.36+(KHTML,+like+Gecko)+Chrome/56.0.2924.87+Mobile+Safari/537.36 http://localhost:51722/User/LogOn 200 0 0 28
