#Software: Microsoft Internet Information Services 8.0
#Version: 1.0
#Date: 2017-08-14 08:52:43
#Fields: date time s-ip cs-method cs-uri-stem cs-uri-query s-port cs-username c-ip cs(User-Agent) cs(Referer) sc-status sc-substatus sc-win32-status time-taken
2017-08-14 08:52:43 ::1 GET / - 51722 - ::1 Mozilla/5.0+(Windows+NT+10.0;+Win64;+x64)+AppleWebKit/537.36+(KHTML,+like+Gecko)+Chrome/60.0.3112.90+Safari/537.36 - 302 0 0 21037
2017-08-14 08:52:49 ::1 GET /User/LogOn - 51722 - ::1 Mozilla/5.0+(Windows+NT+10.0;+Win64;+x64)+AppleWebKit/537.36+(KHTML,+like+Gecko)+Chrome/60.0.3112.90+Safari/537.36 - 200 0 0 5975
2017-08-14 08:52:49 ::1 GET /User/assets/pages/img/login/bg1.jpg - 51722 - ::1 Mozilla/5.0+(Windows+NT+10.0;+Win64;+x64)+AppleWebKit/537.36+(KHTML,+like+Gecko)+Chrome/60.0.3112.90+Safari/537.36 http://localhost:51722/User/LogOn 404 0 2 34
2017-08-14 08:55:27 ::1 POST /User/LogOn - 51722 - ::1 Mozilla/5.0+(Windows+NT+10.0;+Win64;+x64)+AppleWebKit/537.36+(KHTML,+like+Gecko)+Chrome/60.0.3112.90+Safari/537.36 http://localhost:51722/User/LogOn 302 0 0 131688
2017-08-14 08:55:27 ::1 GET / - 51722 admin@gorillaexpense.com ::1 Mozilla/5.0+(Windows+NT+10.0;+Win64;+x64)+AppleWebKit/537.36+(KHTML,+like+Gecko)+Chrome/60.0.3112.90+Safari/537.36 http://localhost:51722/User/LogOn 302 0 0 51
2017-08-14 08:55:37 ::1 GET /Dashboard/ViewDashboard - 51722 admin@gorillaexpense.com ::1 Mozilla/5.0+(Windows+NT+10.0;+Win64;+x64)+AppleWebKit/537.36+(KHTML,+like+Gecko)+Chrome/60.0.3112.90+Safari/537.36 http://localhost:51722/User/LogOn 200 0 0 9415
2017-08-14 08:55:37 ::1 GET /Scripts/SiteLayoutPageForMasters-js v=eEk3BcSEAa_aHETi8WPVgf_oDNWjccv7LcU8JVC2pkw1 51722 admin@gorillaexpense.com ::1 Mozilla/5.0+(Windows+NT+10.0;+Win64;+x64)+AppleWebKit/537.36+(KHTML,+like+Gecko)+Chrome/60.0.3112.90+Safari/537.36 http://localhost:51722/Dashboard/ViewDashboard 200 0 0 78
2017-08-14 08:55:37 ::1 GET /Dashboard/getAjaxTab/1 sDate=null&eDate=null 51722 admin@gorillaexpense.com ::1 Mozilla/5.0+(Windows+NT+10.0;+Win64;+x64)+AppleWebKit/537.36+(KHTML,+like+Gecko)+Chrome/60.0.3112.90+Safari/537.36 http://localhost:51722/Dashboard/ViewDashboard 200 0 0 349
2017-08-14 08:55:37 ::1 GET /Scripts/v2/easy.pie.chart/jquery.easing.1.3.js _=1502700938182 51722 - ::1 Mozilla/5.0+(Windows+NT+10.0;+Win64;+x64)+AppleWebKit/537.36+(KHTML,+like+Gecko)+Chrome/60.0.3112.90+Safari/537.36 http://localhost:51722/Dashboard/ViewDashboard 200 0 0 16
2017-08-14 08:55:37 ::1 GET /Scripts/v2/easy.pie.chart/jquery.easypiechart.min.js _=1502700938210 51722 - ::1 Mozilla/5.0+(Windows+NT+10.0;+Win64;+x64)+AppleWebKit/537.36+(KHTML,+like+Gecko)+Chrome/60.0.3112.90+Safari/537.36 http://localhost:51722/Dashboard/ViewDashboard 200 0 0 11
2017-08-14 08:55:37 ::1 GET /Scripts/v2/morris.charts/morris.min.js _=1502700938224 51722 - ::1 Mozilla/5.0+(Windows+NT+10.0;+Win64;+x64)+AppleWebKit/537.36+(KHTML,+like+Gecko)+Chrome/60.0.3112.90+Safari/537.36 http://localhost:51722/Dashboard/ViewDashboard 200 0 0 44
2017-08-14 08:55:37 ::1 GET /Scripts/v2/morris.charts/raphael.min.js _=1502700938274 51722 - ::1 Mozilla/5.0+(Windows+NT+10.0;+Win64;+x64)+AppleWebKit/537.36+(KHTML,+like+Gecko)+Chrome/60.0.3112.90+Safari/537.36 http://localhost:51722/Dashboard/ViewDashboard 200 0 0 5
2017-08-14 08:55:39 ::1 GET /Dashboard/GetExpenseSubmissions/ sDate=null&eDate=null 51722 admin@gorillaexpense.com ::1 Mozilla/5.0+(Windows+NT+10.0;+Win64;+x64)+AppleWebKit/537.36+(KHTML,+like+Gecko)+Chrome/60.0.3112.90+Safari/537.36 http://localhost:51722/Dashboard/ViewDashboard 200 0 0 1321
2017-08-14 08:55:39 ::1 GET /Dashboard/GetExpenseApprovals/ sDate=null&eDate=null 51722 admin@gorillaexpense.com ::1 Mozilla/5.0+(Windows+NT+10.0;+Win64;+x64)+AppleWebKit/537.36+(KHTML,+like+Gecko)+Chrome/60.0.3112.90+Safari/537.36 http://localhost:51722/Dashboard/ViewDashboard 200 0 0 1960
2017-08-14 08:55:41 ::1 GET /Dashboard/GetExpenseTypesAmount/ sDate=null&eDate=null 51722 admin@gorillaexpense.com ::1 Mozilla/5.0+(Windows+NT+10.0;+Win64;+x64)+AppleWebKit/537.36+(KHTML,+like+Gecko)+Chrome/60.0.3112.90+Safari/537.36 http://localhost:51722/Dashboard/ViewDashboard 200 0 0 2646
2017-08-14 08:55:41 ::1 GET /Dashboard/GetExpensePostings/ sDate=null&eDate=null 51722 admin@gorillaexpense.com ::1 Mozilla/5.0+(Windows+NT+10.0;+Win64;+x64)+AppleWebKit/537.36+(KHTML,+like+Gecko)+Chrome/60.0.3112.90+Safari/537.36 http://localhost:51722/Dashboard/ViewDashboard 200 0 0 3639
2017-08-14 08:55:42 ::1 GET /Dashboard/GetPayMethodsAmount/ sDate=null&eDate=null 51722 admin@gorillaexpense.com ::1 Mozilla/5.0+(Windows+NT+10.0;+Win64;+x64)+AppleWebKit/537.36+(KHTML,+like+Gecko)+Chrome/60.0.3112.90+Safari/537.36 http://localhost:51722/Dashboard/ViewDashboard 200 0 0 4547
2017-08-14 08:56:15 ::1 GET /ExpenseDetail - 51722 admin@gorillaexpense.com ::1 Mozilla/5.0+(Windows+NT+10.0;+Win64;+x64)+AppleWebKit/537.36+(KHTML,+like+Gecko)+Chrome/60.0.3112.90+Safari/537.36 http://localhost:51722/Dashboard/ViewDashboard 200 0 0 14887
2017-08-14 09:00:18 ::1 GET /ExpenseDetail/DisplayReceipt ExpenseDetailId=9599&_=1502701218411 51722 admin@gorillaexpense.com ::1 Mozilla/5.0+(Windows+NT+10.0;+Win64;+x64)+AppleWebKit/537.36+(KHTML,+like+Gecko)+Chrome/60.0.3112.90+Safari/537.36 http://localhost:51722/ExpenseDetail 200 0 0 476
2017-08-14 09:00:18 ::1 GET /css/displayreceipt-css v=aORbXYJcHRQFtzbX0BgCVGqc1ZBclrGwcAegqH_VJLk1 51722 admin@gorillaexpense.com ::1 Mozilla/5.0+(Windows+NT+10.0;+Win64;+x64)+AppleWebKit/537.36+(KHTML,+like+Gecko)+Chrome/60.0.3112.90+Safari/537.36 http://localhost:51722/ExpenseDetail 200 0 0 9
2017-08-14 09:00:18 ::1 GET /Scripts/displayreceipt-js v=2AlxdAYRlyg_4qrIwaOxfz6Y81AbcAqGH-bMVM7WxRg1&_=1502701218930 51722 admin@gorillaexpense.com ::1 Mozilla/5.0+(Windows+NT+10.0;+Win64;+x64)+AppleWebKit/537.36+(KHTML,+like+Gecko)+Chrome/60.0.3112.90+Safari/537.36 http://localhost:51722/ExpenseDetail 200 0 0 10
2017-08-14 09:00:32 ::1 GET /images/ui-icons_454545_256x240.png - 51722 - ::1 Mozilla/5.0+(Windows+NT+10.0;+Win64;+x64)+AppleWebKit/537.36+(KHTML,+like+Gecko)+Chrome/60.0.3112.90+Safari/537.36 http://localhost:51722/css/displayreceipt-css?v=aORbXYJcHRQFtzbX0BgCVGqc1ZBclrGwcAegqH_VJLk1 200 0 0 12
2017-08-14 09:01:25 ::1 GET /ExpenseDetail/DisplayReceipt ExpenseDetailId=9599&_=1502701284966 51722 admin@gorillaexpense.com ::1 Mozilla/5.0+(Windows+NT+10.0;+Win64;+x64)+AppleWebKit/537.36+(KHTML,+like+Gecko)+Chrome/60.0.3112.90+Safari/537.36 http://localhost:51722/ExpenseDetail 200 0 0 103
2017-08-14 09:01:25 ::1 GET /Scripts/displayreceipt-js v=2AlxdAYRlyg_4qrIwaOxfz6Y81AbcAqGH-bMVM7WxRg1&_=1502701285077 51722 admin@gorillaexpense.com ::1 Mozilla/5.0+(Windows+NT+10.0;+Win64;+x64)+AppleWebKit/537.36+(KHTML,+like+Gecko)+Chrome/60.0.3112.90+Safari/537.36 http://localhost:51722/ExpenseDetail 200 0 0 10
2017-08-14 09:01:54 ::1 GET /ExpenseDetail - 51722 admin@gorillaexpense.com ::1 Mozilla/5.0+(Windows+NT+10.0;+Win64;+x64)+AppleWebKit/537.36+(KHTML,+like+Gecko)+Chrome/60.0.3112.90+Safari/537.36 http://localhost:51722/Dashboard/ViewDashboard 200 0 0 1229
2017-08-14 09:01:54 ::1 GET /favicon.ico - 51722 - ::1 Mozilla/5.0+(Windows+NT+10.0;+Win64;+x64)+AppleWebKit/537.36+(KHTML,+like+Gecko)+Chrome/60.0.3112.90+Safari/537.36 http://localhost:51722/ExpenseDetail 200 0 0 7
2017-08-14 09:02:00 ::1 GET /ExpenseDetail/PartialEdit id=9599&_=1502701318322 51722 admin@gorillaexpense.com ::1 Mozilla/5.0+(Windows+NT+10.0;+Win64;+x64)+AppleWebKit/537.36+(KHTML,+like+Gecko)+Chrome/60.0.3112.90+Safari/537.36 http://localhost:51722/ExpenseDetail 200 0 0 2553
2017-08-14 09:02:00 ::1 GET /Scripts/chosen/Chosen.css - 51722 - ::1 Mozilla/5.0+(Windows+NT+10.0;+Win64;+x64)+AppleWebKit/537.36+(KHTML,+like+Gecko)+Chrome/60.0.3112.90+Safari/537.36 http://localhost:51722/ExpenseDetail 200 0 0 25
2017-08-14 09:02:00 ::1 GET /Scripts/v2/jquery.validate.unobtrusive.js _=1502701320890 51722 - ::1 Mozilla/5.0+(Windows+NT+10.0;+Win64;+x64)+AppleWebKit/537.36+(KHTML,+like+Gecko)+Chrome/60.0.3112.90+Safari/537.36 http://localhost:51722/ExpenseDetail 200 0 0 35
2017-08-14 09:02:00 ::1 GET /Scripts/chosen/chosen.jquery.js _=1502701320940 51722 - ::1 Mozilla/5.0+(Windows+NT+10.0;+Win64;+x64)+AppleWebKit/537.36+(KHTML,+like+Gecko)+Chrome/60.0.3112.90+Safari/537.36 http://localhost:51722/ExpenseDetail 200 0 0 13
2017-08-14 09:02:00 ::1 GET /ExpenseDetail/GetMileageRate transactionDate=12/01/2017&UserId=50&_=1502701320964 51722 admin@gorillaexpense.com ::1 Mozilla/5.0+(Windows+NT+10.0;+Win64;+x64)+AppleWebKit/537.36+(KHTML,+like+Gecko)+Chrome/60.0.3112.90+Safari/537.36 http://localhost:51722/ExpenseDetail 200 0 0 149
2017-08-14 09:02:00 ::1 GET /Scripts/chosen/chosen-sprite.png - 51722 - ::1 Mozilla/5.0+(Windows+NT+10.0;+Win64;+x64)+AppleWebKit/537.36+(KHTML,+like+Gecko)+Chrome/60.0.3112.90+Safari/537.36 http://localhost:51722/Scripts/chosen/chosen.css 200 0 0 64
2017-08-14 09:02:00 ::1 GET /ExpenseDetail/GetExpenseTypePolicyAmount ExpenseTypeId=481&_=1502701321144 51722 admin@gorillaexpense.com ::1 Mozilla/5.0+(Windows+NT+10.0;+Win64;+x64)+AppleWebKit/537.36+(KHTML,+like+Gecko)+Chrome/60.0.3112.90+Safari/537.36 http://localhost:51722/ExpenseDetail 200 0 0 84
2017-08-14 09:02:00 ::1 GET /User/GetEmployees _=1502701321240 51722 admin@gorillaexpense.com ::1 Mozilla/5.0+(Windows+NT+10.0;+Win64;+x64)+AppleWebKit/537.36+(KHTML,+like+Gecko)+Chrome/60.0.3112.90+Safari/537.36 http://localhost:51722/ExpenseDetail 200 0 0 432
2017-08-14 09:02:02 ::1 GET /PayMethod/GetPayMethodIsReimbursable MethodId=2&_=1502701321142 51722 admin@gorillaexpense.com ::1 Mozilla/5.0+(Windows+NT+10.0;+Win64;+x64)+AppleWebKit/537.36+(KHTML,+like+Gecko)+Chrome/60.0.3112.90+Safari/537.36 http://localhost:51722/ExpenseDetail 200 0 0 1050
2017-08-14 09:02:07 ::1 GET /ExpenseDetail/DisplayReceipt ExpenseDetailId=9599&_=1502701327388 51722 admin@gorillaexpense.com ::1 Mozilla/5.0+(Windows+NT+10.0;+Win64;+x64)+AppleWebKit/537.36+(KHTML,+like+Gecko)+Chrome/60.0.3112.90+Safari/537.36 http://localhost:51722/ExpenseDetail 200 0 0 64
2017-08-14 09:02:07 ::1 GET /Scripts/displayreceipt-js v=2AlxdAYRlyg_4qrIwaOxfz6Y81AbcAqGH-bMVM7WxRg1&_=1502701327554 51722 admin@gorillaexpense.com ::1 Mozilla/5.0+(Windows+NT+10.0;+Win64;+x64)+AppleWebKit/537.36+(KHTML,+like+Gecko)+Chrome/60.0.3112.90+Safari/537.36 http://localhost:51722/ExpenseDetail 200 0 0 15
2017-08-14 09:02:41 ::1 GET /ExpenseDetail/DisplayReceipt ExpenseDetailId=9599&_=1502701361524 51722 admin@gorillaexpense.com ::1 Mozilla/5.0+(Windows+NT+10.0;+Win64;+x64)+AppleWebKit/537.36+(KHTML,+like+Gecko)+Chrome/60.0.3112.90+Safari/537.36 http://localhost:51722/ExpenseDetail 200 0 0 83
2017-08-14 09:02:41 ::1 GET /Scripts/displayreceipt-js v=2AlxdAYRlyg_4qrIwaOxfz6Y81AbcAqGH-bMVM7WxRg1&_=1502701361611 51722 admin@gorillaexpense.com ::1 Mozilla/5.0+(Windows+NT+10.0;+Win64;+x64)+AppleWebKit/537.36+(KHTML,+like+Gecko)+Chrome/60.0.3112.90+Safari/537.36 http://localhost:51722/ExpenseDetail 200 0 0 11
2017-08-14 09:04:33 ::1 GET /ExpenseDetail/DisplayReceipt ExpenseDetailId=9599&_=1502701378188 51722 admin@gorillaexpense.com ::1 Mozilla/5.0+(Windows+NT+10.0;+Win64;+x64)+AppleWebKit/537.36+(KHTML,+like+Gecko)+Chrome/60.0.3112.90+Safari/537.36 http://localhost:51722/ExpenseDetail 200 0 0 94913
2017-08-14 09:04:33 ::1 GET /Scripts/displayreceipt-js v=2AlxdAYRlyg_4qrIwaOxfz6Y81AbcAqGH-bMVM7WxRg1&_=1502701473106 51722 admin@gorillaexpense.com ::1 Mozilla/5.0+(Windows+NT+10.0;+Win64;+x64)+AppleWebKit/537.36+(KHTML,+like+Gecko)+Chrome/60.0.3112.90+Safari/537.36 http://localhost:51722/ExpenseDetail 200 0 0 16
#Software: Microsoft Internet Information Services 8.0
#Version: 1.0
#Date: 2017-08-14 09:12:46
#Fields: date time s-ip cs-method cs-uri-stem cs-uri-query s-port cs-username c-ip cs(User-Agent) cs(Referer) sc-status sc-substatus sc-win32-status time-taken
2017-08-14 09:12:46 ::1 GET / - 51722 admin@gorillaexpense.com ::1 Mozilla/5.0+(Windows+NT+10.0;+Win64;+x64)+AppleWebKit/537.36+(KHTML,+like+Gecko)+Chrome/60.0.3112.90+Safari/537.36 - 302 0 0 19575
2017-08-14 09:12:52 ::1 GET /User/LogOn - 51722 admin@gorillaexpense.com ::1 Mozilla/5.0+(Windows+NT+10.0;+Win64;+x64)+AppleWebKit/537.36+(KHTML,+like+Gecko)+Chrome/60.0.3112.90+Safari/537.36 - 200 0 0 5786
2017-08-14 09:12:52 ::1 GET /User/assets/pages/img/login/bg1.jpg - 51722 - ::1 Mozilla/5.0+(Windows+NT+10.0;+Win64;+x64)+AppleWebKit/537.36+(KHTML,+like+Gecko)+Chrome/60.0.3112.90+Safari/537.36 http://localhost:51722/User/LogOn 404 0 2 4
2017-08-14 09:13:13 ::1 POST /User/LogOn - 51722 admin@gorillaexpense.com ::1 Mozilla/5.0+(Windows+NT+10.0;+Win64;+x64)+AppleWebKit/537.36+(KHTML,+like+Gecko)+Chrome/60.0.3112.90+Safari/537.36 http://localhost:51722/User/LogOn 302 0 0 10572
2017-08-14 09:13:13 ::1 GET / - 51722 admin@gorillaexpense.com ::1 Mozilla/5.0+(Windows+NT+10.0;+Win64;+x64)+AppleWebKit/537.36+(KHTML,+like+Gecko)+Chrome/60.0.3112.90+Safari/537.36 http://localhost:51722/User/LogOn 302 0 0 20
2017-08-14 09:13:21 ::1 GET /Dashboard/ViewDashboard - 51722 admin@gorillaexpense.com ::1 Mozilla/5.0+(Windows+NT+10.0;+Win64;+x64)+AppleWebKit/537.36+(KHTML,+like+Gecko)+Chrome/60.0.3112.90+Safari/537.36 http://localhost:51722/User/LogOn 200 0 0 8059
2017-08-14 09:13:21 ::1 GET /Dashboard/getAjaxTab/1 sDate=null&eDate=null 51722 admin@gorillaexpense.com ::1 Mozilla/5.0+(Windows+NT+10.0;+Win64;+x64)+AppleWebKit/537.36+(KHTML,+like+Gecko)+Chrome/60.0.3112.90+Safari/537.36 http://localhost:51722/Dashboard/ViewDashboard 200 0 0 347
2017-08-14 09:13:21 ::1 GET /Scripts/v2/easy.pie.chart/jquery.easing.1.3.js _=1502702002108 51722 - ::1 Mozilla/5.0+(Windows+NT+10.0;+Win64;+x64)+AppleWebKit/537.36+(KHTML,+like+Gecko)+Chrome/60.0.3112.90+Safari/537.36 http://localhost:51722/Dashboard/ViewDashboard 200 0 0 26
2017-08-14 09:13:21 ::1 GET /Scripts/v2/easy.pie.chart/jquery.easypiechart.min.js _=1502702002138 51722 - ::1 Mozilla/5.0+(Windows+NT+10.0;+Win64;+x64)+AppleWebKit/537.36+(KHTML,+like+Gecko)+Chrome/60.0.3112.90+Safari/537.36 http://localhost:51722/Dashboard/ViewDashboard 200 0 0 23
2017-08-14 09:13:21 ::1 GET /Scripts/v2/morris.charts/morris.min.js _=1502702002177 51722 - ::1 Mozilla/5.0+(Windows+NT+10.0;+Win64;+x64)+AppleWebKit/537.36+(KHTML,+like+Gecko)+Chrome/60.0.3112.90+Safari/537.36 http://localhost:51722/Dashboard/ViewDashboard 200 0 0 10
2017-08-14 09:13:21 ::1 GET /Scripts/v2/morris.charts/raphael.min.js _=1502702002194 51722 - ::1 Mozilla/5.0+(Windows+NT+10.0;+Win64;+x64)+AppleWebKit/537.36+(KHTML,+like+Gecko)+Chrome/60.0.3112.90+Safari/537.36 http://localhost:51722/Dashboard/ViewDashboard 200 0 0 6
2017-08-14 09:13:22 ::1 GET /Dashboard/GetExpenseSubmissions/ sDate=null&eDate=null 51722 admin@gorillaexpense.com ::1 Mozilla/5.0+(Windows+NT+10.0;+Win64;+x64)+AppleWebKit/537.36+(KHTML,+like+Gecko)+Chrome/60.0.3112.90+Safari/537.36 http://localhost:51722/Dashboard/ViewDashboard 200 0 0 1207
2017-08-14 09:13:24 ::1 GET /Dashboard/GetExpenseApprovals/ sDate=null&eDate=null 51722 admin@gorillaexpense.com ::1 Mozilla/5.0+(Windows+NT+10.0;+Win64;+x64)+AppleWebKit/537.36+(KHTML,+like+Gecko)+Chrome/60.0.3112.90+Safari/537.36 http://localhost:51722/Dashboard/ViewDashboard 200 0 0 1926
2017-08-14 09:13:24 ::1 GET /Dashboard/GetExpensePostings/ sDate=null&eDate=null 51722 admin@gorillaexpense.com ::1 Mozilla/5.0+(Windows+NT+10.0;+Win64;+x64)+AppleWebKit/537.36+(KHTML,+like+Gecko)+Chrome/60.0.3112.90+Safari/537.36 http://localhost:51722/Dashboard/ViewDashboard 200 0 0 2571
2017-08-14 09:13:25 ::1 GET /Dashboard/GetExpenseTypesAmount/ sDate=null&eDate=null 51722 admin@gorillaexpense.com ::1 Mozilla/5.0+(Windows+NT+10.0;+Win64;+x64)+AppleWebKit/537.36+(KHTML,+like+Gecko)+Chrome/60.0.3112.90+Safari/537.36 http://localhost:51722/Dashboard/ViewDashboard 200 0 0 3068
2017-08-14 09:13:25 ::1 GET /Dashboard/GetPayMethodsAmount/ sDate=null&eDate=null 51722 admin@gorillaexpense.com ::1 Mozilla/5.0+(Windows+NT+10.0;+Win64;+x64)+AppleWebKit/537.36+(KHTML,+like+Gecko)+Chrome/60.0.3112.90+Safari/537.36 http://localhost:51722/Dashboard/ViewDashboard 200 0 0 3698
2017-08-14 09:13:38 ::1 GET /ExpenseDetail - 51722 admin@gorillaexpense.com ::1 Mozilla/5.0+(Windows+NT+10.0;+Win64;+x64)+AppleWebKit/537.36+(KHTML,+like+Gecko)+Chrome/60.0.3112.90+Safari/537.36 http://localhost:51722/Dashboard/ViewDashboard 200 0 0 11454
#Software: Microsoft Internet Information Services 8.0
#Version: 1.0
#Date: 2017-08-14 09:22:23
#Fields: date time s-ip cs-method cs-uri-stem cs-uri-query s-port cs-username c-ip cs(User-Agent) cs(Referer) sc-status sc-substatus sc-win32-status time-taken
2017-08-14 09:22:23 ::1 GET /User/LogOut _=1502702516296 51722 admin@gorillaexpense.com ::1 Mozilla/5.0+(Windows+NT+10.0;+Win64;+x64)+AppleWebKit/537.36+(KHTML,+like+Gecko)+Chrome/60.0.3112.90+Safari/537.36 http://localhost:51722/ExpenseDetail 200 0 0 27440
2017-08-14 09:23:39 ::1 GET /User/LogOut _=1502702619291 51722 - ::1 Mozilla/5.0+(Windows+NT+10.0;+Win64;+x64)+AppleWebKit/537.36+(KHTML,+like+Gecko)+Chrome/60.0.3112.90+Safari/537.36 http://localhost:51722/ExpenseDetail 200 0 0 21
2017-08-14 09:28:41 ::1 GET /User/LogOut - 51722 - ::1 Mozilla/5.0+(Windows+NT+10.0;+Win64;+x64)+AppleWebKit/537.36+(KHTML,+like+Gecko)+Chrome/60.0.3112.90+Safari/537.36 http://localhost:51722/ExpenseDetail 200 0 0 13
2017-08-14 09:28:41 ::1 GET /User/LogOut - 51722 - ::1 Mozilla/5.0+(Windows+NT+10.0;+Win64;+x64)+AppleWebKit/537.36+(KHTML,+like+Gecko)+Chrome/60.0.3112.90+Safari/537.36 http://localhost:51722/ExpenseDetail 200 0 0 11
2017-08-14 09:28:41 ::1 GET /css/blue.css - 51722 - ::1 Mozilla/5.0+(Windows+NT+10.0;+Win64;+x64)+AppleWebKit/537.36+(KHTML,+like+Gecko)+Chrome/60.0.3112.90+Safari/537.36 http://localhost:51722/User/LogOut 200 0 0 49
2017-08-14 09:28:41 ::1 GET /css/reset.css - 51722 - ::1 Mozilla/5.0+(Windows+NT+10.0;+Win64;+x64)+AppleWebKit/537.36+(KHTML,+like+Gecko)+Chrome/60.0.3112.90+Safari/537.36 http://localhost:51722/User/LogOut 200 0 0 67
2017-08-14 09:28:41 ::1 GET /css/style.css - 51722 - ::1 Mozilla/5.0+(Windows+NT+10.0;+Win64;+x64)+AppleWebKit/537.36+(KHTML,+like+Gecko)+Chrome/60.0.3112.90+Safari/537.36 http://localhost:51722/User/LogOut 200 0 0 85
2017-08-14 09:28:41 ::1 GET /Scripts/jquery-ui-1.8.custom.min.js - 51722 - ::1 Mozilla/5.0+(Windows+NT+10.0;+Win64;+x64)+AppleWebKit/537.36+(KHTML,+like+Gecko)+Chrome/60.0.3112.90+Safari/537.36 http://localhost:51722/User/LogOut 200 0 0 60
2017-08-14 09:28:41 ::1 GET /css/jquery-ui.css - 51722 - ::1 Mozilla/5.0+(Windows+NT+10.0;+Win64;+x64)+AppleWebKit/537.36+(KHTML,+like+Gecko)+Chrome/60.0.3112.90+Safari/537.36 http://localhost:51722/User/LogOut 200 0 0 122
2017-08-14 09:28:41 ::1 GET /scripts/v2/jquery-1.8.3.min.js - 51722 - ::1 Mozilla/5.0+(Windows+NT+10.0;+Win64;+x64)+AppleWebKit/537.36+(KHTML,+like+Gecko)+Chrome/60.0.3112.90+Safari/537.36 http://localhost:51722/User/LogOut 200 0 0 127
2017-08-14 09:28:41 ::1 GET /css/ie.css - 51722 - ::1 Mozilla/5.0+(Windows+NT+10.0;+Win64;+x64)+AppleWebKit/537.36+(KHTML,+like+Gecko)+Chrome/60.0.3112.90+Safari/537.36 http://localhost:51722/User/LogOut 200 0 0 136
2017-08-14 09:28:41 ::1 GET /images/logo_color.png - 51722 - ::1 Mozilla/5.0+(Windows+NT+10.0;+Win64;+x64)+AppleWebKit/537.36+(KHTML,+like+Gecko)+Chrome/60.0.3112.90+Safari/537.36 http://localhost:51722/User/LogOut 200 0 0 16
#Software: Microsoft Internet Information Services 8.0
#Version: 1.0
#Date: 2017-08-14 11:17:58
#Fields: date time s-ip cs-method cs-uri-stem cs-uri-query s-port cs-username c-ip cs(User-Agent) cs(Referer) sc-status sc-substatus sc-win32-status time-taken
2017-08-14 11:17:58 ::1 GET / - 51722 - ::1 Mozilla/5.0+(Windows+NT+10.0;+Win64;+x64)+AppleWebKit/537.36+(KHTML,+like+Gecko)+Chrome/60.0.3112.90+Safari/537.36 - 302 0 0 28231
2017-08-14 11:18:08 ::1 GET /User/LogOn - 51722 - ::1 Mozilla/5.0+(Windows+NT+10.0;+Win64;+x64)+AppleWebKit/537.36+(KHTML,+like+Gecko)+Chrome/60.0.3112.90+Safari/537.36 - 200 0 0 7205
2017-08-14 11:18:08 ::1 GET /User/assets/pages/img/login/bg1.jpg - 51722 - ::1 Mozilla/5.0+(Windows+NT+10.0;+Win64;+x64)+AppleWebKit/537.36+(KHTML,+like+Gecko)+Chrome/60.0.3112.90+Safari/537.36 http://localhost:51722/User/LogOn 404 0 2 41
2017-08-14 11:18:29 ::1 POST /User/LogOn - 51722 - ::1 Mozilla/5.0+(Windows+NT+10.0;+Win64;+x64)+AppleWebKit/537.36+(KHTML,+like+Gecko)+Chrome/60.0.3112.90+Safari/537.36 http://localhost:51722/User/LogOn 200 0 0 11644
2017-08-14 11:18:29 ::1 GET /User/assets/pages/img/login/bg1.jpg - 51722 - ::1 Mozilla/5.0+(Windows+NT+10.0;+Win64;+x64)+AppleWebKit/537.36+(KHTML,+like+Gecko)+Chrome/60.0.3112.90+Safari/537.36 http://localhost:51722/User/LogOn 404 0 2 2
2017-08-14 11:18:58 ::1 POST /User/LogOn - 51722 - ::1 Mozilla/5.0+(Windows+NT+10.0;+Win64;+x64)+AppleWebKit/537.36+(KHTML,+like+Gecko)+Chrome/60.0.3112.90+Safari/537.36 http://localhost:51722/User/LogOn 302 0 0 26665
2017-08-14 11:19:13 ::1 GET / - 51722 manager1@gorillaexpense.com ::1 Mozilla/5.0+(Windows+NT+10.0;+Win64;+x64)+AppleWebKit/537.36+(KHTML,+like+Gecko)+Chrome/60.0.3112.90+Safari/537.36 http://localhost:51722/User/LogOn 200 0 0 15098
2017-08-14 11:19:13 ::1 GET /images/icons/expense.jpg - 51722 - ::1 Mozilla/5.0+(Windows+NT+10.0;+Win64;+x64)+AppleWebKit/537.36+(KHTML,+like+Gecko)+Chrome/60.0.3112.90+Safari/537.36 http://localhost:51722/ 200 0 0 30
2017-08-14 11:19:13 ::1 GET /images/icons/hoverexpense.jpg - 51722 - ::1 Mozilla/5.0+(Windows+NT+10.0;+Win64;+x64)+AppleWebKit/537.36+(KHTML,+like+Gecko)+Chrome/60.0.3112.90+Safari/537.36 http://localhost:51722/ 200 0 0 22
2017-08-14 11:19:13 ::1 GET /images/icons/mreport.jpg - 51722 - ::1 Mozilla/5.0+(Windows+NT+10.0;+Win64;+x64)+AppleWebKit/537.36+(KHTML,+like+Gecko)+Chrome/60.0.3112.90+Safari/537.36 http://localhost:51722/ 200 0 0 28
2017-08-14 11:19:13 ::1 GET /images/icons/hovermreport.jpg - 51722 - ::1 Mozilla/5.0+(Windows+NT+10.0;+Win64;+x64)+AppleWebKit/537.36+(KHTML,+like+Gecko)+Chrome/60.0.3112.90+Safari/537.36 http://localhost:51722/ 200 0 0 13
2017-08-14 11:19:13 ::1 GET /images/icons/payment.jpg - 51722 - ::1 Mozilla/5.0+(Windows+NT+10.0;+Win64;+x64)+AppleWebKit/537.36+(KHTML,+like+Gecko)+Chrome/60.0.3112.90+Safari/537.36 http://localhost:51722/ 200 0 0 16
2017-08-14 11:19:13 ::1 GET /images/icons/hoverpayment.jpg - 51722 - ::1 Mozilla/5.0+(Windows+NT+10.0;+Win64;+x64)+AppleWebKit/537.36+(KHTML,+like+Gecko)+Chrome/60.0.3112.90+Safari/537.36 http://localhost:51722/ 200 0 0 38
2017-08-14 11:19:13 ::1 GET /images/icons/report.jpg - 51722 - ::1 Mozilla/5.0+(Windows+NT+10.0;+Win64;+x64)+AppleWebKit/537.36+(KHTML,+like+Gecko)+Chrome/60.0.3112.90+Safari/537.36 http://localhost:51722/ 200 0 0 16
2017-08-14 11:19:13 ::1 GET /images/icons/hoverreport.jpg - 51722 - ::1 Mozilla/5.0+(Windows+NT+10.0;+Win64;+x64)+AppleWebKit/537.36+(KHTML,+like+Gecko)+Chrome/60.0.3112.90+Safari/537.36 http://localhost:51722/ 200 0 0 27
2017-08-14 11:19:13 ::1 GET /images/icons/information.png - 51722 - ::1 Mozilla/5.0+(Windows+NT+10.0;+Win64;+x64)+AppleWebKit/537.36+(KHTML,+like+Gecko)+Chrome/60.0.3112.90+Safari/537.36 http://localhost:51722/css/SiteLayoutPageForMasters-css?v=k7uoWcy0aS_V0SwcNQTao7-vJ8CseX9TIwRndGM8u2s1 200 0 0 29
2017-08-14 11:19:35 ::1 GET /User/PasswordPolicyChangePassword/ &OldPassword=hUg8iGp123$&NewPassword=hUg8iGp123$ 51722 manager1@gorillaexpense.com ::1 Mozilla/5.0+(Windows+NT+10.0;+Win64;+x64)+AppleWebKit/537.36+(KHTML,+like+Gecko)+Chrome/60.0.3112.90+Safari/537.36 http://localhost:51722/ 200 0 0 365
2017-08-14 11:19:35 ::1 GET /images/icons/tick_circle.png - 51722 - ::1 Mozilla/5.0+(Windows+NT+10.0;+Win64;+x64)+AppleWebKit/537.36+(KHTML,+like+Gecko)+Chrome/60.0.3112.90+Safari/537.36 http://localhost:51722/css/SiteLayoutPageForMasters-css?v=k7uoWcy0aS_V0SwcNQTao7-vJ8CseX9TIwRndGM8u2s1 200 0 0 17
2017-08-14 11:19:39 ::1 GET /Home/Index - 51722 manager1@gorillaexpense.com ::1 Mozilla/5.0+(Windows+NT+10.0;+Win64;+x64)+AppleWebKit/537.36+(KHTML,+like+Gecko)+Chrome/60.0.3112.90+Safari/537.36 http://localhost:51722/ 200 0 0 820
2017-08-14 11:19:50 ::1 GET /ExpenseDetail requestAction=OnclickOfTiles 51722 manager1@gorillaexpense.com ::1 Mozilla/5.0+(Windows+NT+10.0;+Win64;+x64)+AppleWebKit/537.36+(KHTML,+like+Gecko)+Chrome/60.0.3112.90+Safari/537.36 http://localhost:51722/Home/Index 200 0 0 7087
2017-08-14 11:22:40 ::1 GET /ExpenseDetail/DisplayReceipt ExpenseDetailId=9599&_=1502709597654 51722 manager1@gorillaexpense.com ::1 Mozilla/5.0+(Windows+NT+10.0;+Win64;+x64)+AppleWebKit/537.36+(KHTML,+like+Gecko)+Chrome/60.0.3112.90+Safari/537.36 http://localhost:51722/ExpenseDetail?requestAction=OnclickOfTiles 200 0 0 162497
2017-08-14 11:22:40 ::1 GET /Scripts/displayreceipt-js v=2AlxdAYRlyg_4qrIwaOxfz6Y81AbcAqGH-bMVM7WxRg1&_=1502709760157 51722 manager1@gorillaexpense.com ::1 Mozilla/5.0+(Windows+NT+10.0;+Win64;+x64)+AppleWebKit/537.36+(KHTML,+like+Gecko)+Chrome/60.0.3112.90+Safari/537.36 http://localhost:51722/ExpenseDetail?requestAction=OnclickOfTiles 200 0 0 69
#Software: Microsoft Internet Information Services 8.0
#Version: 1.0
#Date: 2017-08-14 11:39:36
#Fields: date time s-ip cs-method cs-uri-stem cs-uri-query s-port cs-username c-ip cs(User-Agent) cs(Referer) sc-status sc-substatus sc-win32-status time-taken
2017-08-14 11:39:36 ::1 GET / - 51722 manager1@gorillaexpense.com ::1 Mozilla/5.0+(Windows+NT+10.0;+Win64;+x64)+AppleWebKit/537.36+(KHTML,+like+Gecko)+Chrome/60.0.3112.90+Safari/537.36 - 302 0 0 14220
2017-08-14 11:39:42 ::1 GET /User/LogOn - 51722 manager1@gorillaexpense.com ::1 Mozilla/5.0+(Windows+NT+10.0;+Win64;+x64)+AppleWebKit/537.36+(KHTML,+like+Gecko)+Chrome/60.0.3112.90+Safari/537.36 - 200 0 0 5656
2017-08-14 11:39:42 ::1 GET /User/assets/pages/img/login/bg1.jpg - 51722 - ::1 Mozilla/5.0+(Windows+NT+10.0;+Win64;+x64)+AppleWebKit/537.36+(KHTML,+like+Gecko)+Chrome/60.0.3112.90+Safari/537.36 http://localhost:51722/User/LogOn 404 0 2 5
2017-08-14 11:39:59 ::1 POST /User/LogOn - 51722 manager1@gorillaexpense.com ::1 Mozilla/5.0+(Windows+NT+10.0;+Win64;+x64)+AppleWebKit/537.36+(KHTML,+like+Gecko)+Chrome/60.0.3112.90+Safari/537.36 http://localhost:51722/User/LogOn 302 0 0 10139
2017-08-14 11:40:13 ::1 GET / - 51722 manager1@gorillaexpense.com ::1 Mozilla/5.0+(Windows+NT+10.0;+Win64;+x64)+AppleWebKit/537.36+(KHTML,+like+Gecko)+Chrome/60.0.3112.90+Safari/537.36 http://localhost:51722/User/LogOn 200 0 0 14255
2017-08-14 11:40:13 ::1 GET /User/LogOut - 51722 manager1@gorillaexpense.com ::1 Mozilla/5.0+(Windows+NT+10.0;+Win64;+x64)+AppleWebKit/537.36+(KHTML,+like+Gecko)+Chrome/60.0.3112.90+Safari/537.36 - 200 0 64 1102
2017-08-14 11:40:25 ::1 GET /ExpenseDetail requestAction=OnclickOfTiles 51722 manager1@gorillaexpense.com ::1 Mozilla/5.0+(Windows+NT+10.0;+Win64;+x64)+AppleWebKit/537.36+(KHTML,+like+Gecko)+Chrome/60.0.3112.90+Safari/537.36 http://localhost:51722/ 302 0 0 136
2017-08-14 11:40:25 ::1 GET /User/LogOn - 51722 manager1@gorillaexpense.com ::1 Mozilla/5.0+(Windows+NT+10.0;+Win64;+x64)+AppleWebKit/537.36+(KHTML,+like+Gecko)+Chrome/60.0.3112.90+Safari/537.36 http://localhost:51722/ 200 0 0 108
2017-08-14 11:40:25 ::1 GET /User/assets/pages/img/login/bg1.jpg - 51722 - ::1 Mozilla/5.0+(Windows+NT+10.0;+Win64;+x64)+AppleWebKit/537.36+(KHTML,+like+Gecko)+Chrome/60.0.3112.90+Safari/537.36 http://localhost:51722/User/LogOn 404 0 2 8
2017-08-14 11:40:45 ::1 POST /User/LogOn - 51722 manager1@gorillaexpense.com ::1 Mozilla/5.0+(Windows+NT+10.0;+Win64;+x64)+AppleWebKit/537.36+(KHTML,+like+Gecko)+Chrome/60.0.3112.90+Safari/537.36 http://localhost:51722/User/LogOn 302 0 0 2487
2017-08-14 11:40:45 ::1 GET / - 51722 manager1@gorillaexpense.com ::1 Mozilla/5.0+(Windows+NT+10.0;+Win64;+x64)+AppleWebKit/537.36+(KHTML,+like+Gecko)+Chrome/60.0.3112.90+Safari/537.36 http://localhost:51722/User/LogOn 200 0 0 852
2017-08-14 11:40:58 ::1 GET /ExpenseDetail requestAction=OnclickOfTiles 51722 manager1@gorillaexpense.com ::1 Mozilla/5.0+(Windows+NT+10.0;+Win64;+x64)+AppleWebKit/537.36+(KHTML,+like+Gecko)+Chrome/60.0.3112.90+Safari/537.36 http://localhost:51722/ 200 0 0 7120
2017-08-14 11:47:59 ::1 GET /ExpenseDetail/DisplayReceipt ExpenseDetailId=9599&_=1502710861201 51722 manager1@gorillaexpense.com ::1 Mozilla/5.0+(Windows+NT+10.0;+Win64;+x64)+AppleWebKit/537.36+(KHTML,+like+Gecko)+Chrome/60.0.3112.90+Safari/537.36 http://localhost:51722/ExpenseDetail?requestAction=OnclickOfTiles 200 0 0 417987
2017-08-14 11:47:59 ::1 GET /Scripts/displayreceipt-js v=2AlxdAYRlyg_4qrIwaOxfz6Y81AbcAqGH-bMVM7WxRg1&_=1502711279195 51722 manager1@gorillaexpense.com ::1 Mozilla/5.0+(Windows+NT+10.0;+Win64;+x64)+AppleWebKit/537.36+(KHTML,+like+Gecko)+Chrome/60.0.3112.90+Safari/537.36 http://localhost:51722/ExpenseDetail?requestAction=OnclickOfTiles 200 0 0 18
2017-08-14 11:53:31 ::1 GET /ExpenseDetail/DisplayReceipt ExpenseDetailId=9599&_=1502711312731 51722 manager1@gorillaexpense.com ::1 Mozilla/5.0+(Windows+NT+10.0;+Win64;+x64)+AppleWebKit/537.36+(KHTML,+like+Gecko)+Chrome/60.0.3112.90+Safari/537.36 http://localhost:51722/ExpenseDetail?requestAction=OnclickOfTiles 200 0 0 298485
2017-08-14 11:53:31 ::1 GET /Scripts/displayreceipt-js v=2AlxdAYRlyg_4qrIwaOxfz6Y81AbcAqGH-bMVM7WxRg1&_=1502711611227 51722 manager1@gorillaexpense.com ::1 Mozilla/5.0+(Windows+NT+10.0;+Win64;+x64)+AppleWebKit/537.36+(KHTML,+like+Gecko)+Chrome/60.0.3112.90+Safari/537.36 http://localhost:51722/ExpenseDetail?requestAction=OnclickOfTiles 200 0 0 8
2017-08-14 11:53:31 ::1 GET /User/LogOut _=1502711458999 51722 manager1@gorillaexpense.com ::1 Mozilla/5.0+(Windows+NT+10.0;+Win64;+x64)+AppleWebKit/537.36+(KHTML,+like+Gecko)+Chrome/60.0.3112.90+Safari/537.36 http://localhost:51722/ExpenseDetail?requestAction=OnclickOfTiles 200 0 0 152625
2017-08-14 11:54:08 ::1 GET /ExpenseDetail/DisplayReceipt ExpenseDetailId=9599&_=1502711648333 51722 - ::1 Mozilla/5.0+(Windows+NT+10.0;+Win64;+x64)+AppleWebKit/537.36+(KHTML,+like+Gecko)+Chrome/60.0.3112.90+Safari/537.36 http://localhost:51722/ExpenseDetail?requestAction=OnclickOfTiles 302 0 0 78
2017-08-14 11:54:08 ::1 GET /User/LogOn ReturnUrl=%2fExpenseDetail%2fDisplayReceipt%3fExpenseDetailId%3d9599%26_%3d1502711648333&ExpenseDetailId=9599&_=1502711648333 51722 - ::1 Mozilla/5.0+(Windows+NT+10.0;+Win64;+x64)+AppleWebKit/537.36+(KHTML,+like+Gecko)+Chrome/60.0.3112.90+Safari/537.36 http://localhost:51722/ExpenseDetail?requestAction=OnclickOfTiles 302 0 0 24
2017-08-14 11:54:08 ::1 GET /User/LogOut - 51722 - ::1 Mozilla/5.0+(Windows+NT+10.0;+Win64;+x64)+AppleWebKit/537.36+(KHTML,+like+Gecko)+Chrome/60.0.3112.90+Safari/537.36 http://localhost:51722/ExpenseDetail?requestAction=OnclickOfTiles 200 0 0 45
2017-08-14 11:54:08 ::1 GET /scripts/v2/jquery-1.8.3.min.js _=1502711648489 51722 - ::1 Mozilla/5.0+(Windows+NT+10.0;+Win64;+x64)+AppleWebKit/537.36+(KHTML,+like+Gecko)+Chrome/60.0.3112.90+Safari/537.36 http://localhost:51722/ExpenseDetail?requestAction=OnclickOfTiles 200 0 0 17
2017-08-14 11:54:08 ::1 GET /Scripts/jquery-ui-1.8.custom.min.js _=1502711648549 51722 - ::1 Mozilla/5.0+(Windows+NT+10.0;+Win64;+x64)+AppleWebKit/537.36+(KHTML,+like+Gecko)+Chrome/60.0.3112.90+Safari/537.36 http://localhost:51722/ExpenseDetail?requestAction=OnclickOfTiles 200 0 0 24
2017-08-14 11:54:10 ::1 GET /User/LogOn - 51722 - ::1 Mozilla/5.0+(Windows+NT+10.0;+Win64;+x64)+AppleWebKit/537.36+(KHTML,+like+Gecko)+Chrome/60.0.3112.90+Safari/537.36 http://localhost:51722/ExpenseDetail?requestAction=OnclickOfTiles 200 0 0 145
2017-08-14 11:54:10 ::1 GET /User/assets/pages/img/login/bg1.jpg - 51722 - ::1 Mozilla/5.0+(Windows+NT+10.0;+Win64;+x64)+AppleWebKit/537.36+(KHTML,+like+Gecko)+Chrome/60.0.3112.90+Safari/537.36 http://localhost:51722/User/LogOn 404 0 2 1
2017-08-14 11:55:05 ::1 POST /User/LogOn - 51722 - ::1 Mozilla/5.0+(Windows+NT+10.0;+Win64;+x64)+AppleWebKit/537.36+(KHTML,+like+Gecko)+Chrome/60.0.3112.90+Safari/537.36 http://localhost:51722/User/LogOn 302 0 0 9433
2017-08-14 11:55:06 ::1 GET / - 51722 manager1@gorillaexpense.com ::1 Mozilla/5.0+(Windows+NT+10.0;+Win64;+x64)+AppleWebKit/537.36+(KHTML,+like+Gecko)+Chrome/60.0.3112.90+Safari/537.36 http://localhost:51722/User/LogOn 200 0 0 1007
2017-08-14 11:55:09 ::1 GET /ExpenseDetail requestAction=OnclickOfTiles 51722 manager1@gorillaexpense.com ::1 Mozilla/5.0+(Windows+NT+10.0;+Win64;+x64)+AppleWebKit/537.36+(KHTML,+like+Gecko)+Chrome/60.0.3112.90+Safari/537.36 http://localhost:51722/ 200 0 0 1324
2017-08-14 11:57:43 ::1 GET /ExpenseDetail/DisplayReceipt ExpenseDetailId=9599&_=1502711742546 51722 manager1@gorillaexpense.com ::1 Mozilla/5.0+(Windows+NT+10.0;+Win64;+x64)+AppleWebKit/537.36+(KHTML,+like+Gecko)+Chrome/60.0.3112.90+Safari/537.36 http://localhost:51722/ExpenseDetail?requestAction=OnclickOfTiles 200 0 0 120538
2017-08-14 11:57:43 ::1 GET /Scripts/displayreceipt-js v=2AlxdAYRlyg_4qrIwaOxfz6Y81AbcAqGH-bMVM7WxRg1&_=1502711863093 51722 manager1@gorillaexpense.com ::1 Mozilla/5.0+(Windows+NT+10.0;+Win64;+x64)+AppleWebKit/537.36+(KHTML,+like+Gecko)+Chrome/60.0.3112.90+Safari/537.36 http://localhost:51722/ExpenseDetail?requestAction=OnclickOfTiles 200 0 0 11
2017-08-14 11:59:46 ::1 GET /ExpenseDetail/DisplayReceipt ExpenseDetailId=9599&_=1502711894557 51722 manager1@gorillaexpense.com ::1 Mozilla/5.0+(Windows+NT+10.0;+Win64;+x64)+AppleWebKit/537.36+(KHTML,+like+Gecko)+Chrome/60.0.3112.90+Safari/537.36 http://localhost:51722/ExpenseDetail?requestAction=OnclickOfTiles 200 0 0 92327
2017-08-14 11:59:46 ::1 GET /Scripts/displayreceipt-js v=2AlxdAYRlyg_4qrIwaOxfz6Y81AbcAqGH-bMVM7WxRg1&_=1502711986895 51722 manager1@gorillaexpense.com ::1 Mozilla/5.0+(Windows+NT+10.0;+Win64;+x64)+AppleWebKit/537.36+(KHTML,+like+Gecko)+Chrome/60.0.3112.90+Safari/537.36 http://localhost:51722/ExpenseDetail?requestAction=OnclickOfTiles 200 0 0 18
2017-08-14 12:04:53 ::1 GET /ExpenseDetail/DisplayReceipt ExpenseDetailId=9599&_=1502712094648 51722 manager1@gorillaexpense.com ::1 Mozilla/5.0+(Windows+NT+10.0;+Win64;+x64)+AppleWebKit/537.36+(KHTML,+like+Gecko)+Chrome/60.0.3112.90+Safari/537.36 http://localhost:51722/ExpenseDetail?requestAction=OnclickOfTiles 200 0 0 198963
2017-08-14 12:04:53 ::1 GET /Scripts/displayreceipt-js v=2AlxdAYRlyg_4qrIwaOxfz6Y81AbcAqGH-bMVM7WxRg1&_=1502712293707 51722 manager1@gorillaexpense.com ::1 Mozilla/5.0+(Windows+NT+10.0;+Win64;+x64)+AppleWebKit/537.36+(KHTML,+like+Gecko)+Chrome/60.0.3112.90+Safari/537.36 http://localhost:51722/ExpenseDetail?requestAction=OnclickOfTiles 200 0 0 11
2017-08-14 12:05:10 ::1 GET /User/LogOut _=1502712309990 51722 manager1@gorillaexpense.com ::1 Mozilla/5.0+(Windows+NT+10.0;+Win64;+x64)+AppleWebKit/537.36+(KHTML,+like+Gecko)+Chrome/60.0.3112.90+Safari/537.36 http://localhost:51722/ExpenseDetail?requestAction=OnclickOfTiles 200 0 0 51
