#Software: Microsoft Internet Information Services 8.0
#Version: 1.0
#Date: 2017-08-22 10:21:34
#Fields: date time s-ip cs-method cs-uri-stem cs-uri-query s-port cs-username c-ip cs(User-Agent) cs(Referer) sc-status sc-substatus sc-win32-status time-taken
2017-08-22 10:21:34 ::1 GET /User/LogOn - 51722 - ::1 Mozilla/5.0+(Windows+NT+10.0;+Win64;+x64)+AppleWebKit/537.36+(KHTML,+like+Gecko)+Chrome/60.0.3112.101+Safari/537.36 - 200 0 0 46559
2017-08-22 10:21:34 ::1 GET /User/assets/pages/img/login/bg1.jpg - 51722 - ::1 Mozilla/5.0+(Windows+NT+10.0;+Win64;+x64)+AppleWebKit/537.36+(KHTML,+like+Gecko)+Chrome/60.0.3112.101+Safari/537.36 http://localhost:51722/User/LogOn 404 0 2 7
2017-08-22 10:24:12 ::1 GET /User/LogOnGeneric/ - 51722 - ::1 Mozilla/5.0+(Windows+NT+10.0;+Win64;+x64)+AppleWebKit/537.36+(KHTML,+like+Gecko)+Chrome/60.0.3112.101+Safari/537.36 http://localhost:51722/User/LogOn 200 0 0 281
2017-08-22 10:24:12 ::1 GET /assets/pages/scripts/loginGeneric-5.min.js - 51722 - ::1 Mozilla/5.0+(Windows+NT+10.0;+Win64;+x64)+AppleWebKit/537.36+(KHTML,+like+Gecko)+Chrome/60.0.3112.101+Safari/537.36 http://localhost:51722/User/LogOnGeneric/ 200 0 0 39
2017-08-22 10:24:12 ::1 GET /User/LogOnGeneric/assets/pages/img/login/bg1.jpg - 51722 - ::1 Mozilla/5.0+(Windows+NT+10.0;+Win64;+x64)+AppleWebKit/537.36+(KHTML,+like+Gecko)+Chrome/60.0.3112.101+Safari/537.36 http://localhost:51722/User/LogOnGeneric/ 404 0 2 2
2017-08-22 10:24:30 ::1 GET /User/LogOnGenericNext/ UserName=test@test.ccc 51722 - ::1 Mozilla/5.0+(Windows+NT+10.0;+Win64;+x64)+AppleWebKit/537.36+(KHTML,+like+Gecko)+Chrome/60.0.3112.101+Safari/537.36 http://localhost:51722/User/LogOnGeneric/ 302 0 0 239
2017-08-22 10:24:30 ::1 GET /User/LogOnSSO - 51722 - ::1 Mozilla/5.0+(Windows+NT+10.0;+Win64;+x64)+AppleWebKit/537.36+(KHTML,+like+Gecko)+Chrome/60.0.3112.101+Safari/537.36 http://localhost:51722/User/LogOnGeneric/ 302 0 0 40
2017-08-22 10:24:44 ::1 GET /User/LogOnGenericNext/ UserName=te222st@test.ccc 51722 - ::1 Mozilla/5.0+(Windows+NT+10.0;+Win64;+x64)+AppleWebKit/537.36+(KHTML,+like+Gecko)+Chrome/60.0.3112.101+Safari/537.36 http://localhost:51722/User/LogOnGeneric/ 302 0 0 44
2017-08-22 10:24:44 ::1 GET /User/LogOnSSO - 51722 - ::1 Mozilla/5.0+(Windows+NT+10.0;+Win64;+x64)+AppleWebKit/537.36+(KHTML,+like+Gecko)+Chrome/60.0.3112.101+Safari/537.36 http://localhost:51722/User/LogOnGeneric/ 302 0 0 23
2017-08-22 10:25:22 ::1 GET /User/LogOnGenericNext/ UserName=safsdf@ggg 51722 - ::1 Mozilla/5.0+(Windows+NT+10.0;+Win64;+x64)+AppleWebKit/537.36+(KHTML,+like+Gecko)+Chrome/60.0.3112.101+Safari/537.36 http://localhost:51722/User/LogOnGeneric/ 302 0 0 38
2017-08-22 10:25:22 ::1 GET /User/LogOnSSO - 51722 - ::1 Mozilla/5.0+(Windows+NT+10.0;+Win64;+x64)+AppleWebKit/537.36+(KHTML,+like+Gecko)+Chrome/60.0.3112.101+Safari/537.36 http://localhost:51722/User/LogOnGeneric/ 302 0 0 34
2017-08-22 10:26:26 ::1 GET /User/LogOnGenericNext/ UserName=safsdf@ggg 51722 - ::1 Mozilla/5.0+(Windows+NT+10.0;+Win64;+x64)+AppleWebKit/537.36+(KHTML,+like+Gecko)+Chrome/60.0.3112.101+Safari/537.36 http://localhost:51722/User/LogOnGeneric/ 302 0 0 40
2017-08-22 10:26:26 ::1 GET /User/LogOnSSO - 51722 - ::1 Mozilla/5.0+(Windows+NT+10.0;+Win64;+x64)+AppleWebKit/537.36+(KHTML,+like+Gecko)+Chrome/60.0.3112.101+Safari/537.36 http://localhost:51722/User/LogOnGeneric/ 302 0 0 44
2017-08-22 10:26:32 ::1 GET /User/LogOnGenericNext/ UserName=safsdf@ggg. 51722 - ::1 Mozilla/5.0+(Windows+NT+10.0;+Win64;+x64)+AppleWebKit/537.36+(KHTML,+like+Gecko)+Chrome/60.0.3112.101+Safari/537.36 http://localhost:51722/User/LogOnGeneric/ 302 0 0 38
2017-08-22 10:26:32 ::1 GET /User/LogOnSSO - 51722 - ::1 Mozilla/5.0+(Windows+NT+10.0;+Win64;+x64)+AppleWebKit/537.36+(KHTML,+like+Gecko)+Chrome/60.0.3112.101+Safari/537.36 http://localhost:51722/User/LogOnGeneric/ 302 0 0 30
2017-08-22 10:28:24 ::1 GET /User/LogOnGenericNext/ UserName=safsdfggg@ggj 51722 - ::1 Mozilla/5.0+(Windows+NT+10.0;+Win64;+x64)+AppleWebKit/537.36+(KHTML,+like+Gecko)+Chrome/60.0.3112.101+Safari/537.36 http://localhost:51722/User/LogOnGeneric/ 302 0 0 63352
2017-08-22 10:28:24 ::1 GET /User/LogOnSSO - 51722 - ::1 Mozilla/5.0+(Windows+NT+10.0;+Win64;+x64)+AppleWebKit/537.36+(KHTML,+like+Gecko)+Chrome/60.0.3112.101+Safari/537.36 http://localhost:51722/User/LogOnGeneric/ 302 0 0 20
2017-08-22 10:31:43 ::1 GET / - 51722 - ::1 Mozilla/5.0+(Windows+NT+10.0;+Win64;+x64)+AppleWebKit/537.36+(KHTML,+like+Gecko)+Chrome/60.0.3112.101+Safari/537.36 - 302 0 0 11562
2017-08-22 10:31:46 ::1 GET /User/LogOn - 51722 - ::1 Mozilla/5.0+(Windows+NT+10.0;+Win64;+x64)+AppleWebKit/537.36+(KHTML,+like+Gecko)+Chrome/60.0.3112.101+Safari/537.36 - 200 0 0 3085
2017-08-22 10:31:46 ::1 GET /User/assets/pages/img/login/bg1.jpg - 51722 - ::1 Mozilla/5.0+(Windows+NT+10.0;+Win64;+x64)+AppleWebKit/537.36+(KHTML,+like+Gecko)+Chrome/60.0.3112.101+Safari/537.36 http://localhost:51722/User/LogOn 404 0 2 3
2017-08-22 10:31:54 ::1 GET /User/LogOnGeneric - 51722 - ::1 Mozilla/5.0+(Windows+NT+10.0;+Win64;+x64)+AppleWebKit/537.36+(KHTML,+like+Gecko)+Chrome/60.0.3112.101+Safari/537.36 http://localhost:51722/User/LogOn 200 0 0 193
2017-08-22 10:32:10 ::1 GET /User/LogOnGenericNext/ UserName=ggg@ggg 51722 - ::1 Mozilla/5.0+(Windows+NT+10.0;+Win64;+x64)+AppleWebKit/537.36+(KHTML,+like+Gecko)+Chrome/60.0.3112.101+Safari/537.36 http://localhost:51722/User/LogOnGeneric 302 0 0 4046
2017-08-22 10:32:10 ::1 GET /User/LogOnSSO - 51722 - ::1 Mozilla/5.0+(Windows+NT+10.0;+Win64;+x64)+AppleWebKit/537.36+(KHTML,+like+Gecko)+Chrome/60.0.3112.101+Safari/537.36 http://localhost:51722/User/LogOnGeneric 302 0 0 32
2017-08-22 10:32:19 ::1 GET /User/LogOnGeneric/ - 51722 - ::1 Mozilla/5.0+(Windows+NT+10.0;+Win64;+x64)+AppleWebKit/537.36+(KHTML,+like+Gecko)+Chrome/60.0.3112.101+Safari/537.36 - 200 0 0 137
2017-08-22 10:32:19 ::1 GET /User/assets/pages/img/login/bg1.jpg - 51722 - ::1 Mozilla/5.0+(Windows+NT+10.0;+Win64;+x64)+AppleWebKit/537.36+(KHTML,+like+Gecko)+Chrome/60.0.3112.101+Safari/537.36 http://localhost:51722/User/LogOnGeneric/ 404 0 2 4
2017-08-22 10:32:24 ::1 GET /User/LogOnGeneric/ - 51722 - ::1 Mozilla/5.0+(Windows+NT+10.0;+Win64;+x64)+AppleWebKit/537.36+(KHTML,+like+Gecko)+Chrome/60.0.3112.101+Safari/537.36 - 200 0 0 149
2017-08-22 10:32:24 ::1 GET /User/assets/pages/img/login/bg1.jpg - 51722 - ::1 Mozilla/5.0+(Windows+NT+10.0;+Win64;+x64)+AppleWebKit/537.36+(KHTML,+like+Gecko)+Chrome/60.0.3112.101+Safari/537.36 http://localhost:51722/User/LogOnGeneric/ 404 0 2 4
2017-08-22 10:32:24 ::1 GET /favicon.ico - 51722 - ::1 Mozilla/5.0+(Windows+NT+10.0;+Win64;+x64)+AppleWebKit/537.36+(KHTML,+like+Gecko)+Chrome/60.0.3112.101+Safari/537.36 http://localhost:51722/User/LogOnGeneric/ 200 0 0 38
2017-08-22 10:32:27 ::1 GET /User/LogOnGeneric/ - 51722 - ::1 Mozilla/5.0+(Windows+NT+10.0;+Win64;+x64)+AppleWebKit/537.36+(KHTML,+like+Gecko)+Chrome/60.0.3112.101+Safari/537.36 - 200 0 0 76
2017-08-22 10:32:27 ::1 GET /User/assets/pages/img/login/bg1.jpg - 51722 - ::1 Mozilla/5.0+(Windows+NT+10.0;+Win64;+x64)+AppleWebKit/537.36+(KHTML,+like+Gecko)+Chrome/60.0.3112.101+Safari/537.36 http://localhost:51722/User/LogOnGeneric/ 404 0 2 1
2017-08-22 10:32:27 ::1 GET /favicon.ico - 51722 - ::1 Mozilla/5.0+(Windows+NT+10.0;+Win64;+x64)+AppleWebKit/537.36+(KHTML,+like+Gecko)+Chrome/60.0.3112.101+Safari/537.36 http://localhost:51722/User/LogOnGeneric/ 200 0 0 12
2017-08-22 10:32:55 ::1 GET /User/LogOn - 51722 - ::1 Mozilla/5.0+(Windows+NT+10.0;+Win64;+x64)+AppleWebKit/537.36+(KHTML,+like+Gecko)+Chrome/60.0.3112.101+Safari/537.36 - 200 0 0 216
2017-08-22 10:32:55 ::1 GET /User/assets/pages/img/login/bg1.jpg - 51722 - ::1 Mozilla/5.0+(Windows+NT+10.0;+Win64;+x64)+AppleWebKit/537.36+(KHTML,+like+Gecko)+Chrome/60.0.3112.101+Safari/537.36 http://localhost:51722/User/LogOn 404 0 2 1
2017-08-22 10:33:02 ::1 GET /User/LogOnGeneric - 51722 - ::1 Mozilla/5.0+(Windows+NT+10.0;+Win64;+x64)+AppleWebKit/537.36+(KHTML,+like+Gecko)+Chrome/60.0.3112.101+Safari/537.36 - 200 0 0 93
2017-08-22 10:33:05 ::1 GET /User/LogOnGeneric/ - 51722 - ::1 Mozilla/5.0+(Windows+NT+10.0;+Win64;+x64)+AppleWebKit/537.36+(KHTML,+like+Gecko)+Chrome/60.0.3112.101+Safari/537.36 - 200 0 0 85
2017-08-22 10:33:05 ::1 GET /User/assets/pages/img/login/bg1.jpg - 51722 - ::1 Mozilla/5.0+(Windows+NT+10.0;+Win64;+x64)+AppleWebKit/537.36+(KHTML,+like+Gecko)+Chrome/60.0.3112.101+Safari/537.36 http://localhost:51722/User/LogOnGeneric/ 404 0 2 2
2017-08-22 10:33:07 ::1 GET /User/LogOnGeneric/ - 51722 - ::1 Mozilla/5.0+(Windows+NT+10.0;+Win64;+x64)+AppleWebKit/537.36+(KHTML,+like+Gecko)+Chrome/60.0.3112.101+Safari/537.36 - 200 0 0 220
2017-08-22 10:33:07 ::1 GET /assets/pages/css/font.css - 51722 - ::1 Mozilla/5.0+(Windows+NT+10.0;+Win64;+x64)+AppleWebKit/537.36+(KHTML,+like+Gecko)+Chrome/60.0.3112.101+Safari/537.36 http://localhost:51722/User/LogOnGeneric/ 200 0 0 17
2017-08-22 10:33:07 ::1 GET /assets/global/plugins/simple-line-icons/simple-line-icons.min.css - 51722 - ::1 Mozilla/5.0+(Windows+NT+10.0;+Win64;+x64)+AppleWebKit/537.36+(KHTML,+like+Gecko)+Chrome/60.0.3112.101+Safari/537.36 http://localhost:51722/User/LogOnGeneric/ 200 0 0 18
2017-08-22 10:33:07 ::1 GET /assets/global/plugins/bootstrap-switch/css/bootstrap-switch.min.css - 51722 - ::1 Mozilla/5.0+(Windows+NT+10.0;+Win64;+x64)+AppleWebKit/537.36+(KHTML,+like+Gecko)+Chrome/60.0.3112.101+Safari/537.36 http://localhost:51722/User/LogOnGeneric/ 200 0 0 32
2017-08-22 10:33:07 ::1 GET /assets/global/plugins/select2/css/select2.min.css - 51722 - ::1 Mozilla/5.0+(Windows+NT+10.0;+Win64;+x64)+AppleWebKit/537.36+(KHTML,+like+Gecko)+Chrome/60.0.3112.101+Safari/537.36 http://localhost:51722/User/LogOnGeneric/ 200 0 0 48
2017-08-22 10:33:07 ::1 GET /assets/global/plugins/bootstrap/css/bootstrap.min.css - 51722 - ::1 Mozilla/5.0+(Windows+NT+10.0;+Win64;+x64)+AppleWebKit/537.36+(KHTML,+like+Gecko)+Chrome/60.0.3112.101+Safari/537.36 http://localhost:51722/User/LogOnGeneric/ 200 0 0 63
2017-08-22 10:33:07 ::1 GET /assets/global/plugins/select2/css/select2-bootstrap.min.css - 51722 - ::1 Mozilla/5.0+(Windows+NT+10.0;+Win64;+x64)+AppleWebKit/537.36+(KHTML,+like+Gecko)+Chrome/60.0.3112.101+Safari/537.36 http://localhost:51722/User/LogOnGeneric/ 200 0 0 68
2017-08-22 10:33:07 ::1 GET /assets/global/plugins/jquery.min.js - 51722 - ::1 Mozilla/5.0+(Windows+NT+10.0;+Win64;+x64)+AppleWebKit/537.36+(KHTML,+like+Gecko)+Chrome/60.0.3112.101+Safari/537.36 http://localhost:51722/User/LogOnGeneric/ 200 0 0 70
2017-08-22 10:33:07 ::1 GET /assets/global/css/plugins.min.css - 51722 - ::1 Mozilla/5.0+(Windows+NT+10.0;+Win64;+x64)+AppleWebKit/537.36+(KHTML,+like+Gecko)+Chrome/60.0.3112.101+Safari/537.36 http://localhost:51722/User/LogOnGeneric/ 200 0 0 133
2017-08-22 10:33:07 ::1 GET /assets/pages/css/login-5.min.css - 51722 - ::1 Mozilla/5.0+(Windows+NT+10.0;+Win64;+x64)+AppleWebKit/537.36+(KHTML,+like+Gecko)+Chrome/60.0.3112.101+Safari/537.36 http://localhost:51722/User/LogOnGeneric/ 200 0 0 141
2017-08-22 10:33:07 ::1 GET /assets/global/plugins/bootstrap/js/bootstrap.min.js - 51722 - ::1 Mozilla/5.0+(Windows+NT+10.0;+Win64;+x64)+AppleWebKit/537.36+(KHTML,+like+Gecko)+Chrome/60.0.3112.101+Safari/537.36 http://localhost:51722/User/LogOnGeneric/ 200 0 0 5
2017-08-22 10:33:07 ::1 GET /assets/global/plugins/js.cookie.min.js - 51722 - ::1 Mozilla/5.0+(Windows+NT+10.0;+Win64;+x64)+AppleWebKit/537.36+(KHTML,+like+Gecko)+Chrome/60.0.3112.101+Safari/537.36 http://localhost:51722/User/LogOnGeneric/ 200 0 0 51
2017-08-22 10:33:07 ::1 GET /assets/global/plugins/jquery-slimscroll/jquery.slimscroll.min.js - 51722 - ::1 Mozilla/5.0+(Windows+NT+10.0;+Win64;+x64)+AppleWebKit/537.36+(KHTML,+like+Gecko)+Chrome/60.0.3112.101+Safari/537.36 http://localhost:51722/User/LogOnGeneric/ 200 0 0 33
2017-08-22 10:33:07 ::1 GET /assets/global/plugins/jquery.blockui.min.js - 51722 - ::1 Mozilla/5.0+(Windows+NT+10.0;+Win64;+x64)+AppleWebKit/537.36+(KHTML,+like+Gecko)+Chrome/60.0.3112.101+Safari/537.36 http://localhost:51722/User/LogOnGeneric/ 200 0 0 52
2017-08-22 10:33:07 ::1 GET /assets/global/plugins/bootstrap-switch/js/bootstrap-switch.min.js - 51722 - ::1 Mozilla/5.0+(Windows+NT+10.0;+Win64;+x64)+AppleWebKit/537.36+(KHTML,+like+Gecko)+Chrome/60.0.3112.101+Safari/537.36 http://localhost:51722/User/LogOnGeneric/ 200 0 0 8
2017-08-22 10:33:07 ::1 GET /assets/global/plugins/jquery-validation/js/jquery.validate.min.js - 51722 - ::1 Mozilla/5.0+(Windows+NT+10.0;+Win64;+x64)+AppleWebKit/537.36+(KHTML,+like+Gecko)+Chrome/60.0.3112.101+Safari/537.36 http://localhost:51722/User/LogOnGeneric/ 200 0 0 16
2017-08-22 10:33:07 ::1 GET /assets/global/css/components.min.css - 51722 - ::1 Mozilla/5.0+(Windows+NT+10.0;+Win64;+x64)+AppleWebKit/537.36+(KHTML,+like+Gecko)+Chrome/60.0.3112.101+Safari/537.36 http://localhost:51722/User/LogOnGeneric/ 200 0 0 423
2017-08-22 10:33:07 ::1 GET /assets/global/plugins/jquery-validation/js/additional-methods.min.js - 51722 - ::1 Mozilla/5.0+(Windows+NT+10.0;+Win64;+x64)+AppleWebKit/537.36+(KHTML,+like+Gecko)+Chrome/60.0.3112.101+Safari/537.36 http://localhost:51722/User/LogOnGeneric/ 200 0 0 19
2017-08-22 10:33:07 ::1 GET /assets/global/plugins/backstretch/jquery.backstretch.min.js - 51722 - ::1 Mozilla/5.0+(Windows+NT+10.0;+Win64;+x64)+AppleWebKit/537.36+(KHTML,+like+Gecko)+Chrome/60.0.3112.101+Safari/537.36 http://localhost:51722/User/LogOnGeneric/ 200 0 0 18
2017-08-22 10:33:07 ::1 GET /assets/global/scripts/app.min.js - 51722 - ::1 Mozilla/5.0+(Windows+NT+10.0;+Win64;+x64)+AppleWebKit/537.36+(KHTML,+like+Gecko)+Chrome/60.0.3112.101+Safari/537.36 http://localhost:51722/User/LogOnGeneric/ 200 0 0 23
2017-08-22 10:33:07 ::1 GET /assets/global/plugins/select2/js/select2.full.min.js - 51722 - ::1 Mozilla/5.0+(Windows+NT+10.0;+Win64;+x64)+AppleWebKit/537.36+(KHTML,+like+Gecko)+Chrome/60.0.3112.101+Safari/537.36 http://localhost:51722/User/LogOnGeneric/ 200 0 0 26
2017-08-22 10:33:07 ::1 GET /images/logo_1.png - 51722 - ::1 Mozilla/5.0+(Windows+NT+10.0;+Win64;+x64)+AppleWebKit/537.36+(KHTML,+like+Gecko)+Chrome/60.0.3112.101+Safari/537.36 http://localhost:51722/User/LogOnGeneric/ 200 0 0 31
2017-08-22 10:33:07 ::1 GET /assets/pages/scripts/loginGeneric-5.min.js - 51722 - ::1 Mozilla/5.0+(Windows+NT+10.0;+Win64;+x64)+AppleWebKit/537.36+(KHTML,+like+Gecko)+Chrome/60.0.3112.101+Safari/537.36 http://localhost:51722/User/LogOnGeneric/ 200 0 0 40
2017-08-22 10:33:07 ::1 GET /User/assets/pages/img/login/bg1.jpg - 51722 - ::1 Mozilla/5.0+(Windows+NT+10.0;+Win64;+x64)+AppleWebKit/537.36+(KHTML,+like+Gecko)+Chrome/60.0.3112.101+Safari/537.36 http://localhost:51722/User/LogOnGeneric/ 404 0 2 1
2017-08-22 10:33:07 ::1 GET /assets/pages/img/login/bg1.jpg - 51722 - ::1 Mozilla/5.0+(Windows+NT+10.0;+Win64;+x64)+AppleWebKit/537.36+(KHTML,+like+Gecko)+Chrome/60.0.3112.101+Safari/537.36 http://localhost:51722/User/LogOnGeneric/ 200 0 0 50
2017-08-22 10:33:07 ::1 GET /favicon.ico - 51722 - ::1 Mozilla/5.0+(Windows+NT+10.0;+Win64;+x64)+AppleWebKit/537.36+(KHTML,+like+Gecko)+Chrome/60.0.3112.101+Safari/537.36 http://localhost:51722/User/LogOnGeneric/ 200 0 0 6
2017-08-22 10:33:12 ::1 GET /User/LogOnGeneric/ - 51722 - ::1 Mozilla/5.0+(Windows+NT+10.0;+Win64;+x64)+AppleWebKit/537.36+(KHTML,+like+Gecko)+Chrome/60.0.3112.101+Safari/537.36 - 200 0 0 212
2017-08-22 10:33:12 ::1 GET /assets/pages/css/font.css - 51722 - ::1 Mozilla/5.0+(Windows+NT+10.0;+Win64;+x64)+AppleWebKit/537.36+(KHTML,+like+Gecko)+Chrome/60.0.3112.101+Safari/537.36 http://localhost:51722/User/LogOnGeneric/ 200 0 0 27
2017-08-22 10:33:12 ::1 GET /assets/global/plugins/simple-line-icons/simple-line-icons.min.css - 51722 - ::1 Mozilla/5.0+(Windows+NT+10.0;+Win64;+x64)+AppleWebKit/537.36+(KHTML,+like+Gecko)+Chrome/60.0.3112.101+Safari/537.36 http://localhost:51722/User/LogOnGeneric/ 200 0 0 46
2017-08-22 10:33:12 ::1 GET /assets/global/plugins/bootstrap-switch/css/bootstrap-switch.min.css - 51722 - ::1 Mozilla/5.0+(Windows+NT+10.0;+Win64;+x64)+AppleWebKit/537.36+(KHTML,+like+Gecko)+Chrome/60.0.3112.101+Safari/537.36 http://localhost:51722/User/LogOnGeneric/ 200 0 0 50
2017-08-22 10:33:12 ::1 GET /assets/global/plugins/select2/css/select2-bootstrap.min.css - 51722 - ::1 Mozilla/5.0+(Windows+NT+10.0;+Win64;+x64)+AppleWebKit/537.36+(KHTML,+like+Gecko)+Chrome/60.0.3112.101+Safari/537.36 http://localhost:51722/User/LogOnGeneric/ 200 0 0 50
2017-08-22 10:33:12 ::1 GET /assets/global/plugins/select2/css/select2.min.css - 51722 - ::1 Mozilla/5.0+(Windows+NT+10.0;+Win64;+x64)+AppleWebKit/537.36+(KHTML,+like+Gecko)+Chrome/60.0.3112.101+Safari/537.36 http://localhost:51722/User/LogOnGeneric/ 200 0 0 68
2017-08-22 10:33:12 ::1 GET /assets/global/plugins/jquery.min.js - 51722 - ::1 Mozilla/5.0+(Windows+NT+10.0;+Win64;+x64)+AppleWebKit/537.36+(KHTML,+like+Gecko)+Chrome/60.0.3112.101+Safari/537.36 http://localhost:51722/User/LogOnGeneric/ 200 0 0 23
2017-08-22 10:33:12 ::1 GET /assets/global/plugins/bootstrap/css/bootstrap.min.css - 51722 - ::1 Mozilla/5.0+(Windows+NT+10.0;+Win64;+x64)+AppleWebKit/537.36+(KHTML,+like+Gecko)+Chrome/60.0.3112.101+Safari/537.36 http://localhost:51722/User/LogOnGeneric/ 200 0 0 85
2017-08-22 10:33:12 ::1 GET /assets/pages/css/login-5.min.css - 51722 - ::1 Mozilla/5.0+(Windows+NT+10.0;+Win64;+x64)+AppleWebKit/537.36+(KHTML,+like+Gecko)+Chrome/60.0.3112.101+Safari/537.36 http://localhost:51722/User/LogOnGeneric/ 200 0 0 34
2017-08-22 10:33:12 ::1 GET /assets/global/css/plugins.min.css - 51722 - ::1 Mozilla/5.0+(Windows+NT+10.0;+Win64;+x64)+AppleWebKit/537.36+(KHTML,+like+Gecko)+Chrome/60.0.3112.101+Safari/537.36 http://localhost:51722/User/LogOnGeneric/ 200 0 0 51
2017-08-22 10:33:12 ::1 GET /assets/global/plugins/bootstrap/js/bootstrap.min.js - 51722 - ::1 Mozilla/5.0+(Windows+NT+10.0;+Win64;+x64)+AppleWebKit/537.36+(KHTML,+like+Gecko)+Chrome/60.0.3112.101+Safari/537.36 http://localhost:51722/User/LogOnGeneric/ 200 0 0 3
2017-08-22 10:33:12 ::1 GET /assets/global/plugins/js.cookie.min.js - 51722 - ::1 Mozilla/5.0+(Windows+NT+10.0;+Win64;+x64)+AppleWebKit/537.36+(KHTML,+like+Gecko)+Chrome/60.0.3112.101+Safari/537.36 http://localhost:51722/User/LogOnGeneric/ 200 0 0 3
2017-08-22 10:33:12 ::1 GET /assets/global/plugins/jquery-slimscroll/jquery.slimscroll.min.js - 51722 - ::1 Mozilla/5.0+(Windows+NT+10.0;+Win64;+x64)+AppleWebKit/537.36+(KHTML,+like+Gecko)+Chrome/60.0.3112.101+Safari/537.36 http://localhost:51722/User/LogOnGeneric/ 200 0 0 3
2017-08-22 10:33:12 ::1 GET /assets/global/plugins/jquery.blockui.min.js - 51722 - ::1 Mozilla/5.0+(Windows+NT+10.0;+Win64;+x64)+AppleWebKit/537.36+(KHTML,+like+Gecko)+Chrome/60.0.3112.101+Safari/537.36 http://localhost:51722/User/LogOnGeneric/ 200 0 0 3
2017-08-22 10:33:12 ::1 GET /assets/global/plugins/bootstrap-switch/js/bootstrap-switch.min.js - 51722 - ::1 Mozilla/5.0+(Windows+NT+10.0;+Win64;+x64)+AppleWebKit/537.36+(KHTML,+like+Gecko)+Chrome/60.0.3112.101+Safari/537.36 http://localhost:51722/User/LogOnGeneric/ 200 0 0 4
2017-08-22 10:33:12 ::1 GET /assets/global/plugins/jquery-validation/js/jquery.validate.min.js - 51722 - ::1 Mozilla/5.0+(Windows+NT+10.0;+Win64;+x64)+AppleWebKit/537.36+(KHTML,+like+Gecko)+Chrome/60.0.3112.101+Safari/537.36 http://localhost:51722/User/LogOnGeneric/ 200 0 0 4
2017-08-22 10:33:12 ::1 GET /assets/global/plugins/jquery-validation/js/additional-methods.min.js - 51722 - ::1 Mozilla/5.0+(Windows+NT+10.0;+Win64;+x64)+AppleWebKit/537.36+(KHTML,+like+Gecko)+Chrome/60.0.3112.101+Safari/537.36 http://localhost:51722/User/LogOnGeneric/ 200 0 0 4
2017-08-22 10:33:12 ::1 GET /assets/global/plugins/select2/js/select2.full.min.js - 51722 - ::1 Mozilla/5.0+(Windows+NT+10.0;+Win64;+x64)+AppleWebKit/537.36+(KHTML,+like+Gecko)+Chrome/60.0.3112.101+Safari/537.36 http://localhost:51722/User/LogOnGeneric/ 200 0 0 8
2017-08-22 10:33:12 ::1 GET /assets/global/plugins/backstretch/jquery.backstretch.min.js - 51722 - ::1 Mozilla/5.0+(Windows+NT+10.0;+Win64;+x64)+AppleWebKit/537.36+(KHTML,+like+Gecko)+Chrome/60.0.3112.101+Safari/537.36 http://localhost:51722/User/LogOnGeneric/ 200 0 0 2
2017-08-22 10:33:12 ::1 GET /assets/global/scripts/app.min.js - 51722 - ::1 Mozilla/5.0+(Windows+NT+10.0;+Win64;+x64)+AppleWebKit/537.36+(KHTML,+like+Gecko)+Chrome/60.0.3112.101+Safari/537.36 http://localhost:51722/User/LogOnGeneric/ 200 0 0 8
2017-08-22 10:33:12 ::1 GET /assets/pages/scripts/loginGeneric-5.min.js - 51722 - ::1 Mozilla/5.0+(Windows+NT+10.0;+Win64;+x64)+AppleWebKit/537.36+(KHTML,+like+Gecko)+Chrome/60.0.3112.101+Safari/537.36 http://localhost:51722/User/LogOnGeneric/ 200 0 0 4
2017-08-22 10:33:12 ::1 GET /images/logo_1.png - 51722 - ::1 Mozilla/5.0+(Windows+NT+10.0;+Win64;+x64)+AppleWebKit/537.36+(KHTML,+like+Gecko)+Chrome/60.0.3112.101+Safari/537.36 http://localhost:51722/User/LogOnGeneric/ 200 0 0 2
2017-08-22 10:33:12 ::1 GET /assets/global/css/components.min.css - 51722 - ::1 Mozilla/5.0+(Windows+NT+10.0;+Win64;+x64)+AppleWebKit/537.36+(KHTML,+like+Gecko)+Chrome/60.0.3112.101+Safari/537.36 http://localhost:51722/User/LogOnGeneric/ 200 0 0 305
2017-08-22 10:33:12 ::1 GET /User/assets/pages/img/login/bg1.jpg - 51722 - ::1 Mozilla/5.0+(Windows+NT+10.0;+Win64;+x64)+AppleWebKit/537.36+(KHTML,+like+Gecko)+Chrome/60.0.3112.101+Safari/537.36 http://localhost:51722/User/LogOnGeneric/ 404 0 2 2
2017-08-22 10:33:12 ::1 GET /assets/pages/img/login/bg1.jpg - 51722 - ::1 Mozilla/5.0+(Windows+NT+10.0;+Win64;+x64)+AppleWebKit/537.36+(KHTML,+like+Gecko)+Chrome/60.0.3112.101+Safari/537.36 http://localhost:51722/User/LogOnGeneric/ 200 0 0 14
2017-08-22 10:33:12 ::1 GET /favicon.ico - 51722 - ::1 Mozilla/5.0+(Windows+NT+10.0;+Win64;+x64)+AppleWebKit/537.36+(KHTML,+like+Gecko)+Chrome/60.0.3112.101+Safari/537.36 http://localhost:51722/User/LogOnGeneric/ 200 0 0 11
#Software: Microsoft Internet Information Services 8.0
#Version: 1.0
#Date: 2017-08-22 10:35:21
#Fields: date time s-ip cs-method cs-uri-stem cs-uri-query s-port cs-username c-ip cs(User-Agent) cs(Referer) sc-status sc-substatus sc-win32-status time-taken
2017-08-22 10:35:21 ::1 GET / - 51722 - ::1 Mozilla/5.0+(Windows+NT+10.0;+Win64;+x64)+AppleWebKit/537.36+(KHTML,+like+Gecko)+Chrome/60.0.3112.101+Safari/537.36 - 302 0 0 11825
2017-08-22 10:35:25 ::1 GET /User/LogOn - 51722 - ::1 Mozilla/5.0+(Windows+NT+10.0;+Win64;+x64)+AppleWebKit/537.36+(KHTML,+like+Gecko)+Chrome/60.0.3112.101+Safari/537.36 - 200 0 0 4126
2017-08-22 10:35:25 ::1 GET /User/assets/pages/img/login/bg1.jpg - 51722 - ::1 Mozilla/5.0+(Windows+NT+10.0;+Win64;+x64)+AppleWebKit/537.36+(KHTML,+like+Gecko)+Chrome/60.0.3112.101+Safari/537.36 http://localhost:51722/User/LogOn 404 0 2 8
2017-08-22 10:38:05 ::1 GET /User/LogOnGeneric - 51722 - ::1 Mozilla/5.0+(Windows+NT+10.0;+Win64;+x64)+AppleWebKit/537.36+(KHTML,+like+Gecko)+Chrome/60.0.3112.101+Safari/537.36 http://localhost:51722/User/LogOn 200 0 0 201
2017-08-22 10:38:17 ::1 GET /User/LogOnGenericNext/ UserName=sf@xdg.ff 51722 - ::1 Mozilla/5.0+(Windows+NT+10.0;+Win64;+x64)+AppleWebKit/537.36+(KHTML,+like+Gecko)+Chrome/60.0.3112.101+Safari/537.36 http://localhost:51722/User/LogOnGeneric 302 0 0 3354
2017-08-22 10:38:18 ::1 GET /User/LogOnSSO - 51722 - ::1 Mozilla/5.0+(Windows+NT+10.0;+Win64;+x64)+AppleWebKit/537.36+(KHTML,+like+Gecko)+Chrome/60.0.3112.101+Safari/537.36 http://localhost:51722/User/LogOnGeneric 200 0 0 1176
2017-08-22 10:40:45 ::1 GET /User/LogOnGenericNext/ UserName=sf@xdg.ff 51722 - ::1 Mozilla/5.0+(Windows+NT+10.0;+Win64;+x64)+AppleWebKit/537.36+(KHTML,+like+Gecko)+Chrome/60.0.3112.101+Safari/537.36 http://localhost:51722/User/LogOnGeneric 302 0 0 95854
2017-08-22 10:40:45 ::1 GET /User/LogOnSSO - 51722 - ::1 Mozilla/5.0+(Windows+NT+10.0;+Win64;+x64)+AppleWebKit/537.36+(KHTML,+like+Gecko)+Chrome/60.0.3112.101+Safari/537.36 http://localhost:51722/User/LogOnGeneric 200 0 0 14
#Software: Microsoft Internet Information Services 8.0
#Version: 1.0
#Date: 2017-08-22 11:00:13
#Fields: date time s-ip cs-method cs-uri-stem cs-uri-query s-port cs-username c-ip cs(User-Agent) cs(Referer) sc-status sc-substatus sc-win32-status time-taken
2017-08-22 11:00:13 ::1 GET /User/LogOn - 51722 - ::1 Mozilla/5.0+(Windows+NT+10.0;+Win64;+x64)+AppleWebKit/537.36+(KHTML,+like+Gecko)+Chrome/60.0.3112.101+Safari/537.36 - 200 0 0 26188
2017-08-22 11:00:13 ::1 GET /User/assets/pages/img/login/bg1.jpg - 51722 - ::1 Mozilla/5.0+(Windows+NT+10.0;+Win64;+x64)+AppleWebKit/537.36+(KHTML,+like+Gecko)+Chrome/60.0.3112.101+Safari/537.36 http://localhost:51722/User/LogOn 404 0 2 11
#Software: Microsoft Internet Information Services 8.0
#Version: 1.0
#Date: 2017-08-22 11:58:17
#Fields: date time s-ip cs-method cs-uri-stem cs-uri-query s-port cs-username c-ip cs(User-Agent) cs(Referer) sc-status sc-substatus sc-win32-status time-taken
2017-08-22 11:58:17 ::1 GET /User/PartialUserReimbursableProfile - 51722 - ::1 Mozilla/5.0+(Windows+NT+10.0;+Win64;+x64)+AppleWebKit/537.36+(KHTML,+like+Gecko)+Chrome/60.0.3112.101+Safari/537.36 - 302 0 0 17657
2017-08-22 11:58:17 ::1 GET /User/LogOn ReturnUrl=%2fUser%2fPartialUserReimbursableProfile 51722 - ::1 Mozilla/5.0+(Windows+NT+10.0;+Win64;+x64)+AppleWebKit/537.36+(KHTML,+like+Gecko)+Chrome/60.0.3112.101+Safari/537.36 - 302 0 0 156
2017-08-22 11:58:25 ::1 GET /User/LogOut - 51722 - ::1 Mozilla/5.0+(Windows+NT+10.0;+Win64;+x64)+AppleWebKit/537.36+(KHTML,+like+Gecko)+Chrome/60.0.3112.101+Safari/537.36 - 200 0 0 7601
2017-08-22 11:58:33 ::1 GET /User/LogOn - 51722 - ::1 Mozilla/5.0+(Windows+NT+10.0;+Win64;+x64)+AppleWebKit/537.36+(KHTML,+like+Gecko)+Chrome/60.0.3112.101+Safari/537.36 http://localhost:51722/User/LogOut 200 0 0 724
2017-08-22 11:58:33 ::1 GET /User/assets/pages/img/login/bg1.jpg - 51722 - ::1 Mozilla/5.0+(Windows+NT+10.0;+Win64;+x64)+AppleWebKit/537.36+(KHTML,+like+Gecko)+Chrome/60.0.3112.101+Safari/537.36 http://localhost:51722/User/LogOn 404 0 2 45
2017-08-22 11:59:25 ::1 POST /User/LogOn - 51722 - ::1 Mozilla/5.0+(Windows+NT+10.0;+Win64;+x64)+AppleWebKit/537.36+(KHTML,+like+Gecko)+Chrome/60.0.3112.101+Safari/537.36 http://localhost:51722/User/LogOn 200 0 0 8864
2017-08-22 11:59:25 ::1 GET /User/assets/pages/img/login/bg1.jpg - 51722 - ::1 Mozilla/5.0+(Windows+NT+10.0;+Win64;+x64)+AppleWebKit/537.36+(KHTML,+like+Gecko)+Chrome/60.0.3112.101+Safari/537.36 http://localhost:51722/User/LogOn 404 0 2 5
2017-08-22 12:00:34 ::1 POST /User/LogOn - 51722 employee1@gorillaexpense.com ::1 Mozilla/5.0+(Windows+NT+10.0;+Win64;+x64)+AppleWebKit/537.36+(KHTML,+like+Gecko)+Chrome/60.0.3112.101+Safari/537.36 http://localhost:51722/User/LogOn 200 0 0 1403
2017-08-22 12:00:34 ::1 GET /User/assets/pages/img/login/bg1.jpg - 51722 - ::1 Mozilla/5.0+(Windows+NT+10.0;+Win64;+x64)+AppleWebKit/537.36+(KHTML,+like+Gecko)+Chrome/60.0.3112.101+Safari/537.36 http://localhost:51722/User/LogOn 404 0 2 3
#Software: Microsoft Internet Information Services 8.0
#Version: 1.0
#Date: 2017-08-22 12:15:11
#Fields: date time s-ip cs-method cs-uri-stem cs-uri-query s-port cs-username c-ip cs(User-Agent) cs(Referer) sc-status sc-substatus sc-win32-status time-taken
2017-08-22 12:15:11 ::1 GET /User/LogOn - 51722 employee1@gorillaexpense.com ::1 Mozilla/5.0+(Windows+NT+10.0;+Win64;+x64)+AppleWebKit/537.36+(KHTML,+like+Gecko)+Chrome/60.0.3112.101+Safari/537.36 - 200 0 0 9322
2017-08-22 12:15:11 ::1 GET /User/assets/pages/img/login/bg1.jpg - 51722 - ::1 Mozilla/5.0+(Windows+NT+10.0;+Win64;+x64)+AppleWebKit/537.36+(KHTML,+like+Gecko)+Chrome/60.0.3112.101+Safari/537.36 http://localhost:51722/User/LogOn 404 0 2 6
2017-08-22 12:15:28 ::1 GET /User/PartialUserReimbursableProfile - 51722 employee1@gorillaexpense.com ::1 Mozilla/5.0+(Windows+NT+10.0;+Win64;+x64)+AppleWebKit/537.36+(KHTML,+like+Gecko)+Chrome/60.0.3112.101+Safari/537.36 - 302 0 64 42640
2017-08-22 12:15:33 ::1 POST /User/LogOn - 51722 employee1@gorillaexpense.com ::1 Mozilla/5.0+(Windows+NT+10.0;+Win64;+x64)+AppleWebKit/537.36+(KHTML,+like+Gecko)+Chrome/60.0.3112.101+Safari/537.36 http://localhost:51722/User/LogOn 302 0 0 18882
2017-08-22 12:15:52 ::1 GET / - 51722 employee1@gorillaexpense.com ::1 Mozilla/5.0+(Windows+NT+10.0;+Win64;+x64)+AppleWebKit/537.36+(KHTML,+like+Gecko)+Chrome/60.0.3112.101+Safari/537.36 http://localhost:51722/User/LogOn 200 0 0 19029
2017-08-22 12:16:25 ::1 GET /User/Yourprofile - 51722 employee1@gorillaexpense.com ::1 Mozilla/5.0+(Windows+NT+10.0;+Win64;+x64)+AppleWebKit/537.36+(KHTML,+like+Gecko)+Chrome/60.0.3112.101+Safari/537.36 http://localhost:51722/ 200 0 0 1294
2017-08-22 12:16:25 ::1 GET /images/icons/cross_grey_small.png - 51722 - ::1 Mozilla/5.0+(Windows+NT+10.0;+Win64;+x64)+AppleWebKit/537.36+(KHTML,+like+Gecko)+Chrome/60.0.3112.101+Safari/537.36 http://localhost:51722/User/Yourprofile 200 0 0 38
2017-08-22 12:16:30 ::1 GET /User/PartialUserReimbursableProfile UserId=277&_=1503404187223 51722 employee1@gorillaexpense.com ::1 Mozilla/5.0+(Windows+NT+10.0;+Win64;+x64)+AppleWebKit/537.36+(KHTML,+like+Gecko)+Chrome/60.0.3112.101+Safari/537.36 http://localhost:51722/User/Yourprofile 200 0 0 3262
2017-08-22 12:17:22 ::1 GET /favicon.ico - 51722 - ::1 Mozilla/5.0+(Windows+NT+10.0;+Win64;+x64)+AppleWebKit/537.36+(KHTML,+like+Gecko)+Chrome/60.0.3112.101+Safari/537.36 http://localhost:51722/User/Yourprofile 200 0 0 15
2017-08-22 12:17:45 ::1 GET /User/LogOn - 51722 employee1@gorillaexpense.com ::1 Mozilla/5.0+(Windows+NT+10.0;+Win64;+x64)+AppleWebKit/537.36+(KHTML,+like+Gecko)+Chrome/60.0.3112.101+Safari/537.36 http://localhost:51722/User/Yourprofile 200 0 0 3187
2017-08-22 12:17:45 ::1 GET /assets/global/plugins/jquery.min.js _=1503404265163 51722 - ::1 Mozilla/5.0+(Windows+NT+10.0;+Win64;+x64)+AppleWebKit/537.36+(KHTML,+like+Gecko)+Chrome/60.0.3112.101+Safari/537.36 http://localhost:51722/User/Yourprofile 200 0 0 84
2017-08-22 12:17:45 ::1 GET /assets/global/plugins/bootstrap/js/bootstrap.min.js _=1503404265319 51722 - ::1 Mozilla/5.0+(Windows+NT+10.0;+Win64;+x64)+AppleWebKit/537.36+(KHTML,+like+Gecko)+Chrome/60.0.3112.101+Safari/537.36 http://localhost:51722/User/Yourprofile 200 0 0 14
2017-08-22 12:17:45 ::1 GET /assets/global/plugins/js.cookie.min.js _=1503404265355 51722 - ::1 Mozilla/5.0+(Windows+NT+10.0;+Win64;+x64)+AppleWebKit/537.36+(KHTML,+like+Gecko)+Chrome/60.0.3112.101+Safari/537.36 http://localhost:51722/User/Yourprofile 200 0 0 10
2017-08-22 12:17:45 ::1 GET /assets/global/plugins/jquery-slimscroll/jquery.slimscroll.min.js _=1503404265374 51722 - ::1 Mozilla/5.0+(Windows+NT+10.0;+Win64;+x64)+AppleWebKit/537.36+(KHTML,+like+Gecko)+Chrome/60.0.3112.101+Safari/537.36 http://localhost:51722/User/Yourprofile 200 0 0 7
2017-08-22 12:17:45 ::1 GET /assets/global/plugins/jquery.blockui.min.js _=1503404265390 51722 - ::1 Mozilla/5.0+(Windows+NT+10.0;+Win64;+x64)+AppleWebKit/537.36+(KHTML,+like+Gecko)+Chrome/60.0.3112.101+Safari/537.36 http://localhost:51722/User/Yourprofile 200 0 0 17
2017-08-22 12:17:45 ::1 GET /assets/global/plugins/bootstrap-switch/js/bootstrap-switch.min.js _=1503404265440 51722 - ::1 Mozilla/5.0+(Windows+NT+10.0;+Win64;+x64)+AppleWebKit/537.36+(KHTML,+like+Gecko)+Chrome/60.0.3112.101+Safari/537.36 http://localhost:51722/User/Yourprofile 200 0 0 7
2017-08-22 12:17:45 ::1 GET /assets/global/plugins/jquery-validation/js/jquery.validate.min.js _=1503404265459 51722 - ::1 Mozilla/5.0+(Windows+NT+10.0;+Win64;+x64)+AppleWebKit/537.36+(KHTML,+like+Gecko)+Chrome/60.0.3112.101+Safari/537.36 http://localhost:51722/User/Yourprofile 200 0 0 4
2017-08-22 12:17:45 ::1 GET /assets/global/plugins/jquery-validation/js/additional-methods.min.js _=1503404265484 51722 - ::1 Mozilla/5.0+(Windows+NT+10.0;+Win64;+x64)+AppleWebKit/537.36+(KHTML,+like+Gecko)+Chrome/60.0.3112.101+Safari/537.36 http://localhost:51722/User/Yourprofile 200 0 0 13
2017-08-22 12:17:45 ::1 GET /assets/global/plugins/select2/js/select2.full.min.js _=1503404265510 51722 - ::1 Mozilla/5.0+(Windows+NT+10.0;+Win64;+x64)+AppleWebKit/537.36+(KHTML,+like+Gecko)+Chrome/60.0.3112.101+Safari/537.36 http://localhost:51722/User/Yourprofile 200 0 0 10
2017-08-22 12:17:45 ::1 GET /assets/global/plugins/backstretch/jquery.backstretch.min.js _=1503404265597 51722 - ::1 Mozilla/5.0+(Windows+NT+10.0;+Win64;+x64)+AppleWebKit/537.36+(KHTML,+like+Gecko)+Chrome/60.0.3112.101+Safari/537.36 http://localhost:51722/User/Yourprofile 200 0 0 20
2017-08-22 12:17:45 ::1 GET /assets/global/scripts/app.min.js _=1503404265663 51722 - ::1 Mozilla/5.0+(Windows+NT+10.0;+Win64;+x64)+AppleWebKit/537.36+(KHTML,+like+Gecko)+Chrome/60.0.3112.101+Safari/537.36 http://localhost:51722/User/Yourprofile 200 0 0 57
2017-08-22 12:17:45 ::1 GET /assets/pages/scripts/login-5.min.js _=1503404265730 51722 - ::1 Mozilla/5.0+(Windows+NT+10.0;+Win64;+x64)+AppleWebKit/537.36+(KHTML,+like+Gecko)+Chrome/60.0.3112.101+Safari/537.36 http://localhost:51722/User/Yourprofile 200 0 0 6
2017-08-22 12:17:45 ::1 GET /User/assets/pages/img/login/bg1.jpg - 51722 - ::1 Mozilla/5.0+(Windows+NT+10.0;+Win64;+x64)+AppleWebKit/537.36+(KHTML,+like+Gecko)+Chrome/60.0.3112.101+Safari/537.36 http://localhost:51722/User/Yourprofile 404 0 2 82
2017-08-22 12:17:46 ::1 GET /assets/global/img/remove-icon-small.png - 51722 - ::1 Mozilla/5.0+(Windows+NT+10.0;+Win64;+x64)+AppleWebKit/537.36+(KHTML,+like+Gecko)+Chrome/60.0.3112.101+Safari/537.36 http://localhost:51722/assets/global/css/components.min.css 404 0 2 17
2017-08-22 12:17:58 ::1 GET /User/Yourprofile - 51722 employee1@gorillaexpense.com ::1 Mozilla/5.0+(Windows+NT+10.0;+Win64;+x64)+AppleWebKit/537.36+(KHTML,+like+Gecko)+Chrome/60.0.3112.101+Safari/537.36 http://localhost:51722/ 302 0 64 44972
2017-08-22 12:17:58 ::1 GET /User/PartialUserReimbursableProfile UserId=277&_=1503404242690 51722 employee1@gorillaexpense.com ::1 Mozilla/5.0+(Windows+NT+10.0;+Win64;+x64)+AppleWebKit/537.36+(KHTML,+like+Gecko)+Chrome/60.0.3112.101+Safari/537.36 http://localhost:51722/User/Yourprofile 302 0 64 36137
#Software: Microsoft Internet Information Services 8.0
#Version: 1.0
#Date: 2017-08-22 12:18:59
#Fields: date time s-ip cs-method cs-uri-stem cs-uri-query s-port cs-username c-ip cs(User-Agent) cs(Referer) sc-status sc-substatus sc-win32-status time-taken
2017-08-22 12:18:59 ::1 GET / - 51722 employee1@gorillaexpense.com ::1 Mozilla/5.0+(Windows+NT+10.0;+Win64;+x64)+AppleWebKit/537.36+(KHTML,+like+Gecko)+Chrome/60.0.3112.101+Safari/537.36 - 302 0 0 12953
2017-08-22 12:19:05 ::1 GET /User/LogOn - 51722 employee1@gorillaexpense.com ::1 Mozilla/5.0+(Windows+NT+10.0;+Win64;+x64)+AppleWebKit/537.36+(KHTML,+like+Gecko)+Chrome/60.0.3112.101+Safari/537.36 - 200 0 0 6476
2017-08-22 12:19:05 ::1 GET /User/assets/pages/img/login/bg1.jpg - 51722 - ::1 Mozilla/5.0+(Windows+NT+10.0;+Win64;+x64)+AppleWebKit/537.36+(KHTML,+like+Gecko)+Chrome/60.0.3112.101+Safari/537.36 http://localhost:51722/User/LogOn 404 0 2 15
2017-08-22 12:19:17 ::1 POST /User/LogOn - 51722 employee1@gorillaexpense.com ::1 Mozilla/5.0+(Windows+NT+10.0;+Win64;+x64)+AppleWebKit/537.36+(KHTML,+like+Gecko)+Chrome/60.0.3112.101+Safari/537.36 http://localhost:51722/User/LogOn 302 0 0 8399
2017-08-22 12:19:21 ::1 GET / - 51722 employee1@gorillaexpense.com ::1 Mozilla/5.0+(Windows+NT+10.0;+Win64;+x64)+AppleWebKit/537.36+(KHTML,+like+Gecko)+Chrome/60.0.3112.101+Safari/537.36 http://localhost:51722/User/LogOn 200 0 0 3932
2017-08-22 12:19:52 ::1 GET /User/Yourprofile - 51722 employee1@gorillaexpense.com ::1 Mozilla/5.0+(Windows+NT+10.0;+Win64;+x64)+AppleWebKit/537.36+(KHTML,+like+Gecko)+Chrome/60.0.3112.101+Safari/537.36 http://localhost:51722/ 200 0 0 1110
2017-08-22 12:19:59 ::1 GET /User/PartialUserReimbursableProfile UserId=277&_=1503404394500 51722 employee1@gorillaexpense.com ::1 Mozilla/5.0+(Windows+NT+10.0;+Win64;+x64)+AppleWebKit/537.36+(KHTML,+like+Gecko)+Chrome/60.0.3112.101+Safari/537.36 http://localhost:51722/User/Yourprofile 200 0 0 4790
#Software: Microsoft Internet Information Services 8.0
#Version: 1.0
#Date: 2017-08-22 13:47:46
#Fields: date time s-ip cs-method cs-uri-stem cs-uri-query s-port cs-username c-ip cs(User-Agent) cs(Referer) sc-status sc-substatus sc-win32-status time-taken
2017-08-22 13:47:46 ::1 GET / - 51722 - ::1 Mozilla/5.0+(Windows+NT+10.0;+Win64;+x64)+AppleWebKit/537.36+(KHTML,+like+Gecko)+Chrome/60.0.3112.101+Safari/537.36 - 302 0 0 27514
2017-08-22 13:48:12 ::1 GET /User/LogOn - 51722 - ::1 Mozilla/5.0+(Windows+NT+10.0;+Win64;+x64)+AppleWebKit/537.36+(KHTML,+like+Gecko)+Chrome/60.0.3112.101+Safari/537.36 - 200 0 0 26060
2017-08-22 13:48:12 ::1 GET /User/assets/pages/img/login/bg1.jpg - 51722 - ::1 Mozilla/5.0+(Windows+NT+10.0;+Win64;+x64)+AppleWebKit/537.36+(KHTML,+like+Gecko)+Chrome/60.0.3112.101+Safari/537.36 http://localhost:51722/User/LogOn 404 0 2 8
2017-08-22 13:53:24 ::1 POST /User/LogOn - 51722 - ::1 Mozilla/5.0+(Windows+NT+10.0;+Win64;+x64)+AppleWebKit/537.36+(KHTML,+like+Gecko)+Chrome/60.0.3112.101+Safari/537.36 http://localhost:51722/User/LogOn 200 0 0 18829
2017-08-22 13:53:24 ::1 GET /User/assets/pages/img/login/bg1.jpg - 51722 - ::1 Mozilla/5.0+(Windows+NT+10.0;+Win64;+x64)+AppleWebKit/537.36+(KHTML,+like+Gecko)+Chrome/60.0.3112.101+Safari/537.36 http://localhost:51722/User/LogOn 404 0 2 4
2017-08-22 13:53:55 ::1 POST /User/LogOn - 51722 - ::1 Mozilla/5.0+(Windows+NT+10.0;+Win64;+x64)+AppleWebKit/537.36+(KHTML,+like+Gecko)+Chrome/60.0.3112.101+Safari/537.36 http://localhost:51722/User/LogOn 302 0 0 19058
2017-08-22 13:54:51 ::1 GET / - 51722 qcemployee7.gorilla@gmail.com ::1 Mozilla/5.0+(Windows+NT+10.0;+Win64;+x64)+AppleWebKit/537.36+(KHTML,+like+Gecko)+Chrome/60.0.3112.101+Safari/537.36 http://localhost:51722/User/LogOn 200 0 0 56113
2017-08-22 13:55:47 ::1 GET /Expense/AddTransactionToReport ExpenseId=1888 51722 qcemployee7.gorilla@gmail.com ::1 Mozilla/5.0+(Windows+NT+10.0;+Win64;+x64)+AppleWebKit/537.36+(KHTML,+like+Gecko)+Chrome/60.0.3112.101+Safari/537.36 http://localhost:51722/ 200 0 0 41243
2017-08-22 13:55:47 ::1 GET /images/icons/cross.png - 51722 - ::1 Mozilla/5.0+(Windows+NT+10.0;+Win64;+x64)+AppleWebKit/537.36+(KHTML,+like+Gecko)+Chrome/60.0.3112.101+Safari/537.36 http://localhost:51722/Expense/AddTransactionToReport?ExpenseId=1888 200 0 0 7
2017-08-22 13:55:47 ::1 GET /images/icons/split.png - 51722 - ::1 Mozilla/5.0+(Windows+NT+10.0;+Win64;+x64)+AppleWebKit/537.36+(KHTML,+like+Gecko)+Chrome/60.0.3112.101+Safari/537.36 http://localhost:51722/Expense/AddTransactionToReport?ExpenseId=1888 200 0 0 7
2017-08-22 13:55:48 ::1 GET /TravelType/IsSubTravelCashAdvanced TravelTypeId=18 51722 qcemployee7.gorilla@gmail.com ::1 Mozilla/5.0+(Windows+NT+10.0;+Win64;+x64)+AppleWebKit/537.36+(KHTML,+like+Gecko)+Chrome/60.0.3112.101+Safari/537.36 http://localhost:51722/Expense/AddTransactionToReport?ExpenseId=1888 200 0 0 682
2017-08-22 13:55:48 ::1 GET /Expense/GetTravelTypeHeaderMapping TravelTypeId=18 51722 qcemployee7.gorilla@gmail.com ::1 Mozilla/5.0+(Windows+NT+10.0;+Win64;+x64)+AppleWebKit/537.36+(KHTML,+like+Gecko)+Chrome/60.0.3112.101+Safari/537.36 http://localhost:51722/Expense/AddTransactionToReport?ExpenseId=1888 200 0 0 1433
2017-08-22 13:56:01 ::1 GET /Expense/PrepareExpenseApprovalProgressBar/ ExpenseId=1888&UserId=180&_=1503410148049 51722 qcemployee7.gorilla@gmail.com ::1 Mozilla/5.0+(Windows+NT+10.0;+Win64;+x64)+AppleWebKit/537.36+(KHTML,+like+Gecko)+Chrome/60.0.3112.101+Safari/537.36 http://localhost:51722/Expense/AddTransactionToReport?ExpenseId=1888 200 0 0 13195
2017-08-22 14:02:56 ::1 GET /Expense/AddTransactionToReport ExpenseId=1888 51722 qcemployee7.gorilla@gmail.com ::1 Mozilla/5.0+(Windows+NT+10.0;+Win64;+x64)+AppleWebKit/537.36+(KHTML,+like+Gecko)+Chrome/60.0.3112.101+Safari/537.36 http://localhost:51722/ 200 0 0 120722
2017-08-22 14:02:56 ::1 GET /favicon.ico - 51722 - ::1 Mozilla/5.0+(Windows+NT+10.0;+Win64;+x64)+AppleWebKit/537.36+(KHTML,+like+Gecko)+Chrome/60.0.3112.101+Safari/537.36 http://localhost:51722/Expense/AddTransactionToReport?ExpenseId=1888 200 0 0 17
2017-08-22 14:02:56 ::1 GET /TravelType/IsSubTravelCashAdvanced TravelTypeId=18 51722 qcemployee7.gorilla@gmail.com ::1 Mozilla/5.0+(Windows+NT+10.0;+Win64;+x64)+AppleWebKit/537.36+(KHTML,+like+Gecko)+Chrome/60.0.3112.101+Safari/537.36 http://localhost:51722/Expense/AddTransactionToReport?ExpenseId=1888 200 0 0 482
2017-08-22 14:03:07 ::1 GET /Expense/PrepareExpenseApprovalProgressBar/ ExpenseId=1888&UserId=180&_=1503410576475 51722 qcemployee7.gorilla@gmail.com ::1 Mozilla/5.0+(Windows+NT+10.0;+Win64;+x64)+AppleWebKit/537.36+(KHTML,+like+Gecko)+Chrome/60.0.3112.101+Safari/537.36 http://localhost:51722/Expense/AddTransactionToReport?ExpenseId=1888 200 0 0 11332
2017-08-22 14:03:07 ::1 GET /Expense/GetTravelTypeHeaderMapping TravelTypeId=18 51722 qcemployee7.gorilla@gmail.com ::1 Mozilla/5.0+(Windows+NT+10.0;+Win64;+x64)+AppleWebKit/537.36+(KHTML,+like+Gecko)+Chrome/60.0.3112.101+Safari/537.36 http://localhost:51722/Expense/AddTransactionToReport?ExpenseId=1888 200 0 0 11889
2017-08-22 14:03:55 ::1 GET /Expense/AddTransactionToReport ExpenseId=1888 51722 qcemployee7.gorilla@gmail.com ::1 Mozilla/5.0+(Windows+NT+10.0;+Win64;+x64)+AppleWebKit/537.36+(KHTML,+like+Gecko)+Chrome/60.0.3112.101+Safari/537.36 http://localhost:51722/ 200 0 0 43421
2017-08-22 14:03:55 ::1 GET /favicon.ico - 51722 - ::1 Mozilla/5.0+(Windows+NT+10.0;+Win64;+x64)+AppleWebKit/537.36+(KHTML,+like+Gecko)+Chrome/60.0.3112.101+Safari/537.36 http://localhost:51722/Expense/AddTransactionToReport?ExpenseId=1888 200 0 0 35
2017-08-22 14:03:55 ::1 GET /TravelType/IsSubTravelCashAdvanced TravelTypeId=18 51722 qcemployee7.gorilla@gmail.com ::1 Mozilla/5.0+(Windows+NT+10.0;+Win64;+x64)+AppleWebKit/537.36+(KHTML,+like+Gecko)+Chrome/60.0.3112.101+Safari/537.36 http://localhost:51722/Expense/AddTransactionToReport?ExpenseId=1888 200 0 0 512
2017-08-22 14:03:56 ::1 GET /Expense/GetTravelTypeHeaderMapping TravelTypeId=18 51722 qcemployee7.gorilla@gmail.com ::1 Mozilla/5.0+(Windows+NT+10.0;+Win64;+x64)+AppleWebKit/537.36+(KHTML,+like+Gecko)+Chrome/60.0.3112.101+Safari/537.36 http://localhost:51722/Expense/AddTransactionToReport?ExpenseId=1888 200 0 0 827
2017-08-22 14:04:06 ::1 GET /Expense/PrepareExpenseApprovalProgressBar/ ExpenseId=1888&UserId=180&_=1503410635227 51722 qcemployee7.gorilla@gmail.com ::1 Mozilla/5.0+(Windows+NT+10.0;+Win64;+x64)+AppleWebKit/537.36+(KHTML,+like+Gecko)+Chrome/60.0.3112.101+Safari/537.36 http://localhost:51722/Expense/AddTransactionToReport?ExpenseId=1888 200 0 0 11031
2017-08-22 14:11:39 ::1 GET /User/LogOut - 51722 qcemployee7.gorilla@gmail.com ::1 Mozilla/5.0+(Windows+NT+10.0;+Win64;+x64)+AppleWebKit/537.36+(KHTML,+like+Gecko)+Chrome/60.0.3112.101+Safari/537.36 http://localhost:51722/Expense/AddTransactionToReport?ExpenseId=1888 302 0 0 47
2017-08-22 14:11:39 ::1 GET / - 51722 - ::1 Mozilla/5.0+(Windows+NT+10.0;+Win64;+x64)+AppleWebKit/537.36+(KHTML,+like+Gecko)+Chrome/60.0.3112.101+Safari/537.36 http://localhost:51722/Expense/AddTransactionToReport?ExpenseId=1888 302 0 0 38
2017-08-22 14:11:54 ::1 GET /User/LogOn - 51722 - ::1 Mozilla/5.0+(Windows+NT+10.0;+Win64;+x64)+AppleWebKit/537.36+(KHTML,+like+Gecko)+Chrome/60.0.3112.101+Safari/537.36 http://localhost:51722/Expense/AddTransactionToReport?ExpenseId=1888 200 0 64 14934
2017-08-22 14:11:54 ::1 GET /User/LogOut - 51722 - ::1 Mozilla/5.0+(Windows+NT+10.0;+Win64;+x64)+AppleWebKit/537.36+(KHTML,+like+Gecko)+Chrome/60.0.3112.101+Safari/537.36 http://localhost:51722/Expense/AddTransactionToReport?ExpenseId=1888 302 0 64 13141
2017-08-22 14:11:54 ::1 GET /User/LogOut - 51722 - ::1 Mozilla/5.0+(Windows+NT+10.0;+Win64;+x64)+AppleWebKit/537.36+(KHTML,+like+Gecko)+Chrome/60.0.3112.101+Safari/537.36 http://localhost:51722/Expense/AddTransactionToReport?ExpenseId=1888 302 0 0 1563
2017-08-22 14:11:54 ::1 GET / - 51722 - ::1 Mozilla/5.0+(Windows+NT+10.0;+Win64;+x64)+AppleWebKit/537.36+(KHTML,+like+Gecko)+Chrome/60.0.3112.101+Safari/537.36 http://localhost:51722/Expense/AddTransactionToReport?ExpenseId=1888 302 0 0 28
2017-08-22 14:11:56 ::1 GET /User/LogOut - 51722 - ::1 Mozilla/5.0+(Windows+NT+10.0;+Win64;+x64)+AppleWebKit/537.36+(KHTML,+like+Gecko)+Chrome/60.0.3112.101+Safari/537.36 http://localhost:51722/Expense/AddTransactionToReport?ExpenseId=1888 302 0 64 5996
2017-08-22 14:11:56 ::1 GET /User/LogOn - 51722 - ::1 Mozilla/5.0+(Windows+NT+10.0;+Win64;+x64)+AppleWebKit/537.36+(KHTML,+like+Gecko)+Chrome/60.0.3112.101+Safari/537.36 http://localhost:51722/Expense/AddTransactionToReport?ExpenseId=1888 200 0 64 2528
2017-08-22 14:11:56 ::1 GET /User/LogOut - 51722 - ::1 Mozilla/5.0+(Windows+NT+10.0;+Win64;+x64)+AppleWebKit/537.36+(KHTML,+like+Gecko)+Chrome/60.0.3112.101+Safari/537.36 http://localhost:51722/Expense/AddTransactionToReport?ExpenseId=1888 302 0 64 8860
2017-08-22 14:11:56 ::1 GET /User/LogOut - 51722 - ::1 Mozilla/5.0+(Windows+NT+10.0;+Win64;+x64)+AppleWebKit/537.36+(KHTML,+like+Gecko)+Chrome/60.0.3112.101+Safari/537.36 http://localhost:51722/Expense/AddTransactionToReport?ExpenseId=1888 302 0 64 2463
2017-08-22 14:11:56 ::1 GET /User/LogOut - 51722 - ::1 Mozilla/5.0+(Windows+NT+10.0;+Win64;+x64)+AppleWebKit/537.36+(KHTML,+like+Gecko)+Chrome/60.0.3112.101+Safari/537.36 http://localhost:51722/Expense/AddTransactionToReport?ExpenseId=1888 302 0 0 624
2017-08-22 14:11:56 ::1 GET / - 51722 - ::1 Mozilla/5.0+(Windows+NT+10.0;+Win64;+x64)+AppleWebKit/537.36+(KHTML,+like+Gecko)+Chrome/60.0.3112.101+Safari/537.36 http://localhost:51722/Expense/AddTransactionToReport?ExpenseId=1888 302 0 0 27
#Software: Microsoft Internet Information Services 8.0
#Version: 1.0
#Date: 2017-08-22 15:29:14
#Fields: date time s-ip cs-method cs-uri-stem cs-uri-query s-port cs-username c-ip cs(User-Agent) cs(Referer) sc-status sc-substatus sc-win32-status time-taken
2017-08-22 15:29:14 ::1 GET / - 51722 - ::1 Mozilla/5.0+(Windows+NT+10.0;+Win64;+x64)+AppleWebKit/537.36+(KHTML,+like+Gecko)+Chrome/60.0.3112.101+Safari/537.36 - 302 0 0 22252
2017-08-22 15:29:22 ::1 GET /User/LogOn - 51722 - ::1 Mozilla/5.0+(Windows+NT+10.0;+Win64;+x64)+AppleWebKit/537.36+(KHTML,+like+Gecko)+Chrome/60.0.3112.101+Safari/537.36 - 200 0 0 8453
2017-08-22 15:29:22 ::1 GET /User/assets/pages/img/login/bg1.jpg - 51722 - ::1 Mozilla/5.0+(Windows+NT+10.0;+Win64;+x64)+AppleWebKit/537.36+(KHTML,+like+Gecko)+Chrome/60.0.3112.101+Safari/537.36 http://localhost:51722/User/LogOn 404 0 2 5
2017-08-22 15:33:18 ::1 GET /User/LogOn - 51722 - ::1 Mozilla/5.0+(Windows+NT+10.0;+Win64;+x64)+AppleWebKit/537.36+(KHTML,+like+Gecko)+Chrome/60.0.3112.101+Safari/537.36 - 200 0 0 14073
2017-08-22 15:33:18 ::1 GET /User/assets/pages/img/login/bg1.jpg - 51722 - ::1 Mozilla/5.0+(Windows+NT+10.0;+Win64;+x64)+AppleWebKit/537.36+(KHTML,+like+Gecko)+Chrome/60.0.3112.101+Safari/537.36 http://localhost:51722/User/LogOn 404 0 2 6
2017-08-22 15:33:40 ::1 GET /User/LogOn - 51722 - ::1 Mozilla/5.0+(Windows+NT+10.0;+Win64;+x64)+AppleWebKit/537.36+(KHTML,+like+Gecko)+Chrome/60.0.3112.101+Safari/537.36 - 200 0 0 3699
2017-08-22 15:33:40 ::1 GET /User/assets/pages/img/login/bg1.jpg - 51722 - ::1 Mozilla/5.0+(Windows+NT+10.0;+Win64;+x64)+AppleWebKit/537.36+(KHTML,+like+Gecko)+Chrome/60.0.3112.101+Safari/537.36 http://localhost:51722/User/LogOn 404 0 2 3
2017-08-22 15:33:40 ::1 GET /favicon.ico - 51722 - ::1 Mozilla/5.0+(Windows+NT+10.0;+Win64;+x64)+AppleWebKit/537.36+(KHTML,+like+Gecko)+Chrome/60.0.3112.101+Safari/537.36 http://localhost:51722/User/LogOn 200 0 0 28
2017-08-22 15:33:54 ::1 GET /User/LogOn - 51722 - ::1 Mozilla/5.0+(Windows+NT+10.0;+Win64;+x64)+AppleWebKit/537.36+(KHTML,+like+Gecko)+Chrome/60.0.3112.101+Safari/537.36 - 200 0 0 3984
2017-08-22 15:33:54 ::1 GET /User/assets/pages/img/login/bg1.jpg - 51722 - ::1 Mozilla/5.0+(Windows+NT+10.0;+Win64;+x64)+AppleWebKit/537.36+(KHTML,+like+Gecko)+Chrome/60.0.3112.101+Safari/537.36 http://localhost:51722/User/LogOn 404 0 2 6
2017-08-22 15:33:54 ::1 GET /favicon.ico - 51722 - ::1 Mozilla/5.0+(Windows+NT+10.0;+Win64;+x64)+AppleWebKit/537.36+(KHTML,+like+Gecko)+Chrome/60.0.3112.101+Safari/537.36 http://localhost:51722/User/LogOn 200 0 0 5
2017-08-22 15:34:10 ::1 GET /User/LogOn - 51722 - ::1 Mozilla/5.0+(Windows+NT+10.0;+Win64;+x64)+AppleWebKit/537.36+(KHTML,+like+Gecko)+Chrome/60.0.3112.101+Safari/537.36 - 200 0 0 1652
2017-08-22 15:34:10 ::1 GET /User/assets/pages/img/login/bg1.jpg - 51722 - ::1 Mozilla/5.0+(Windows+NT+10.0;+Win64;+x64)+AppleWebKit/537.36+(KHTML,+like+Gecko)+Chrome/60.0.3112.101+Safari/537.36 http://localhost:51722/User/LogOn 404 0 2 3
2017-08-22 15:34:10 ::1 GET /favicon.ico - 51722 - ::1 Mozilla/5.0+(Windows+NT+10.0;+Win64;+x64)+AppleWebKit/537.36+(KHTML,+like+Gecko)+Chrome/60.0.3112.101+Safari/537.36 http://localhost:51722/User/LogOn 200 0 0 6
2017-08-22 15:34:26 ::1 GET /User/LogOn - 51722 - ::1 Mozilla/5.0+(Windows+NT+10.0;+Win64;+x64)+AppleWebKit/537.36+(KHTML,+like+Gecko)+Chrome/60.0.3112.101+Safari/537.36 - 200 0 0 3706
2017-08-22 15:34:26 ::1 GET /User/assets/pages/img/login/bg1.jpg - 51722 - ::1 Mozilla/5.0+(Windows+NT+10.0;+Win64;+x64)+AppleWebKit/537.36+(KHTML,+like+Gecko)+Chrome/60.0.3112.101+Safari/537.36 http://localhost:51722/User/LogOn 404 0 2 2
2017-08-22 15:34:26 ::1 GET /favicon.ico - 51722 - ::1 Mozilla/5.0+(Windows+NT+10.0;+Win64;+x64)+AppleWebKit/537.36+(KHTML,+like+Gecko)+Chrome/60.0.3112.101+Safari/537.36 http://localhost:51722/User/LogOn 200 0 0 3
#Software: Microsoft Internet Information Services 8.0
#Version: 1.0
#Date: 2017-08-22 15:52:22
#Fields: date time s-ip cs-method cs-uri-stem cs-uri-query s-port cs-username c-ip cs(User-Agent) cs(Referer) sc-status sc-substatus sc-win32-status time-taken
2017-08-22 15:52:22 ::1 GET /User/LogOnSSOOpenID - 51722 - ::1 Mozilla/5.0+(Windows+NT+10.0;+Win64;+x64)+AppleWebKit/537.36+(KHTML,+like+Gecko)+Chrome/60.0.3112.101+Safari/537.36 http://localhost:51722/User/LogOn 302 0 0 7605
