#Software: Microsoft Internet Information Services 8.0
#Version: 1.0
#Date: 2017-04-11 10:18:21
#Fields: date time s-ip cs-method cs-uri-stem cs-uri-query s-port cs-username c-ip cs(User-Agent) cs(Referer) sc-status sc-substatus sc-win32-status time-taken
2017-04-11 10:18:20 ::1 GET / - 51722 - ::1 Mozilla/5.0+(Windows+NT+10.0;+WOW64)+AppleWebKit/537.36+(KHTML,+like+Gecko)+Chrome/56.0.2924.87+Safari/537.36 - 500 0 0 21829
2017-04-11 10:18:20 ::1 GET /favicon.ico - 51722 - ::1 Mozilla/5.0+(Windows+NT+10.0;+WOW64)+AppleWebKit/537.36+(KHTML,+like+Gecko)+Chrome/56.0.2924.87+Safari/537.36 http://localhost:51722/ 200 0 0 72
2017-04-11 10:19:05 ::1 GET /User/LogOn - 51722 - ::1 Mozilla/5.0+(Windows+NT+10.0;+WOW64)+AppleWebKit/537.36+(KHTML,+like+Gecko)+Chrome/56.0.2924.87+Safari/537.36 - 200 0 0 31138
2017-04-11 10:19:05 ::1 GET /css/login-css v=L_Y2DGsS7UheDOBpT72g7L8lIMk6grQWizSXUkSDVlE1 51722 - ::1 Mozilla/5.0+(Windows+NT+10.0;+WOW64)+AppleWebKit/537.36+(KHTML,+like+Gecko)+Chrome/56.0.2924.87+Safari/537.36 http://localhost:51722/User/LogOn 200 0 0 66
2017-04-11 10:19:07 ::1 GET /__browserLink/requestData/39afdea3c4884845851226a6bec9e1b1 version=2 51722 - ::1 Mozilla/5.0+(Windows+NT+10.0;+WOW64)+AppleWebKit/537.36+(KHTML,+like+Gecko)+Chrome/56.0.2924.87+Safari/537.36 http://localhost:51722/User/LogOn 200 0 0 113
2017-04-11 10:19:29 ::1 POST /User/LogOn - 51722 - ::1 Mozilla/5.0+(Windows+NT+10.0;+WOW64)+AppleWebKit/537.36+(KHTML,+like+Gecko)+Chrome/56.0.2924.87+Safari/537.36 http://localhost:51722/User/LogOn 200 0 0 19495
2017-04-11 10:19:29 ::1 GET /__browserLink/requestData/4b108a49f1644b859f415d4ba0dbf6f7 version=2 51722 - ::1 Mozilla/5.0+(Windows+NT+10.0;+WOW64)+AppleWebKit/537.36+(KHTML,+like+Gecko)+Chrome/56.0.2924.87+Safari/537.36 http://localhost:51722/User/LogOn 200 0 0 22
2017-04-11 10:20:05 ::1 POST /User/LogOn - 51722 - ::1 Mozilla/5.0+(Windows+NT+10.0;+WOW64)+AppleWebKit/537.36+(KHTML,+like+Gecko)+Chrome/56.0.2924.87+Safari/537.36 http://localhost:51722/User/LogOn 302 0 0 30805
2017-04-11 10:20:05 ::1 GET / - 51722 - ::1 Mozilla/5.0+(Windows+NT+10.0;+WOW64)+AppleWebKit/537.36+(KHTML,+like+Gecko)+Chrome/56.0.2924.87+Safari/537.36 http://localhost:51722/User/LogOn 302 0 0 56
2017-04-11 10:20:21 ::1 GET /Dashboard/ViewDashboard - 51722 - ::1 Mozilla/5.0+(Windows+NT+10.0;+WOW64)+AppleWebKit/537.36+(KHTML,+like+Gecko)+Chrome/56.0.2924.87+Safari/537.36 http://localhost:51722/User/LogOn 200 0 0 15635
2017-04-11 10:20:21 ::1 GET /css/SiteLayoutPageForMasters-css v=jqBO7uSEfV0NdiQPA3I2L8eQ8TUK4sI9GEEXOZI-EkI1 51722 - ::1 Mozilla/5.0+(Windows+NT+10.0;+WOW64)+AppleWebKit/537.36+(KHTML,+like+Gecko)+Chrome/56.0.2924.87+Safari/537.36 http://localhost:51722/Dashboard/ViewDashboard 200 0 0 30
2017-04-11 10:20:21 ::1 GET /__browserLink/requestData/3d2ada4a940f47dbaeb86b341381e03a version=2 51722 - ::1 Mozilla/5.0+(Windows+NT+10.0;+WOW64)+AppleWebKit/537.36+(KHTML,+like+Gecko)+Chrome/56.0.2924.87+Safari/537.36 http://localhost:51722/Dashboard/ViewDashboard 200 0 0 139
2017-04-11 10:20:21 ::1 GET /Dashboard/getAjaxTab/1 sDate=null&eDate=null 51722 - ::1 Mozilla/5.0+(Windows+NT+10.0;+WOW64)+AppleWebKit/537.36+(KHTML,+like+Gecko)+Chrome/56.0.2924.87+Safari/537.36 http://localhost:51722/Dashboard/ViewDashboard 200 0 0 518
2017-04-11 10:20:22 ::1 GET /Scripts/v2/easy.pie.chart/jquery.easing.1.3.js _=1491906022554 51722 - ::1 Mozilla/5.0+(Windows+NT+10.0;+WOW64)+AppleWebKit/537.36+(KHTML,+like+Gecko)+Chrome/56.0.2924.87+Safari/537.36 http://localhost:51722/Dashboard/ViewDashboard 200 0 0 89
2017-04-11 10:20:22 ::1 GET /Scripts/v2/easy.pie.chart/jquery.easypiechart.min.js _=1491906022685 51722 - ::1 Mozilla/5.0+(Windows+NT+10.0;+WOW64)+AppleWebKit/537.36+(KHTML,+like+Gecko)+Chrome/56.0.2924.87+Safari/537.36 http://localhost:51722/Dashboard/ViewDashboard 200 0 0 63
2017-04-11 10:20:22 ::1 GET /Scripts/v2/morris.charts/morris.min.js _=1491906022768 51722 - ::1 Mozilla/5.0+(Windows+NT+10.0;+WOW64)+AppleWebKit/537.36+(KHTML,+like+Gecko)+Chrome/56.0.2924.87+Safari/537.36 http://localhost:51722/Dashboard/ViewDashboard 200 0 0 43
2017-04-11 10:20:22 ::1 GET /Scripts/v2/morris.charts/raphael.min.js _=1491906022827 51722 - ::1 Mozilla/5.0+(Windows+NT+10.0;+WOW64)+AppleWebKit/537.36+(KHTML,+like+Gecko)+Chrome/56.0.2924.87+Safari/537.36 http://localhost:51722/Dashboard/ViewDashboard 200 0 0 144
2017-04-11 10:20:25 ::1 GET /Dashboard/GetExpenseSubmissions/ sDate=null&eDate=null 51722 - ::1 Mozilla/5.0+(Windows+NT+10.0;+WOW64)+AppleWebKit/537.36+(KHTML,+like+Gecko)+Chrome/56.0.2924.87+Safari/537.36 http://localhost:51722/Dashboard/ViewDashboard 200 0 0 2001
2017-04-11 10:20:26 ::1 GET /Dashboard/GetPayMethodsAmount/ sDate=null&eDate=null 51722 - ::1 Mozilla/5.0+(Windows+NT+10.0;+WOW64)+AppleWebKit/537.36+(KHTML,+like+Gecko)+Chrome/56.0.2924.87+Safari/537.36 http://localhost:51722/Dashboard/ViewDashboard 200 0 0 3027
2017-04-11 10:20:27 ::1 GET /Dashboard/GetExpensePostings/ sDate=null&eDate=null 51722 - ::1 Mozilla/5.0+(Windows+NT+10.0;+WOW64)+AppleWebKit/537.36+(KHTML,+like+Gecko)+Chrome/56.0.2924.87+Safari/537.36 http://localhost:51722/Dashboard/ViewDashboard 200 0 0 4117
2017-04-11 10:20:27 ::1 GET /Dashboard/GetExpenseApprovals/ sDate=null&eDate=null 51722 - ::1 Mozilla/5.0+(Windows+NT+10.0;+WOW64)+AppleWebKit/537.36+(KHTML,+like+Gecko)+Chrome/56.0.2924.87+Safari/537.36 http://localhost:51722/Dashboard/ViewDashboard 200 0 0 4763
2017-04-11 10:20:32 ::1 GET /QueryExpense/Reports - 51722 - ::1 Mozilla/5.0+(Windows+NT+10.0;+WOW64)+AppleWebKit/537.36+(KHTML,+like+Gecko)+Chrome/56.0.2924.87+Safari/537.36 http://localhost:51722/Dashboard/ViewDashboard 200 0 0 6164
2017-04-11 10:20:32 ::1 GET /css/site-home-css v=c3YSqVVvIHTJRKvZARgqdkEXE6DEB7Kx5MBIQQt4oSE1 51722 - ::1 Mozilla/5.0+(Windows+NT+10.0;+WOW64)+AppleWebKit/537.36+(KHTML,+like+Gecko)+Chrome/56.0.2924.87+Safari/537.36 http://localhost:51722/QueryExpense/Reports 200 0 0 34
2017-04-11 10:20:32 ::1 GET /__browserLink/requestData/521eaf35771c4140976814051932020c version=2 51722 - ::1 Mozilla/5.0+(Windows+NT+10.0;+WOW64)+AppleWebKit/537.36+(KHTML,+like+Gecko)+Chrome/56.0.2924.87+Safari/537.36 http://localhost:51722/QueryExpense/Reports 200 0 0 220
2017-04-11 10:20:33 ::1 GET /Dashboard/GetExpenseTypesAmount/ sDate=null&eDate=null 51722 - ::1 Mozilla/5.0+(Windows+NT+10.0;+WOW64)+AppleWebKit/537.36+(KHTML,+like+Gecko)+Chrome/56.0.2924.87+Safari/537.36 http://localhost:51722/Dashboard/ViewDashboard 200 0 64 10908
2017-04-11 10:20:55 ::1 GET /Report/ExpenseReportByStatus - 51722 - ::1 Mozilla/5.0+(Windows+NT+10.0;+WOW64)+AppleWebKit/537.36+(KHTML,+like+Gecko)+Chrome/56.0.2924.87+Safari/537.36 http://localhost:51722/QueryExpense/Reports 200 0 0 15118
2017-04-11 10:20:55 ::1 GET /ExpenseDetail/GetCultureDateFormat - 51722 - ::1 Mozilla/5.0+(Windows+NT+10.0;+WOW64)+AppleWebKit/537.36+(KHTML,+like+Gecko)+Chrome/56.0.2924.87+Safari/537.36 http://localhost:51722/Report/ExpenseReportByStatus 200 0 0 240
2017-04-11 10:20:55 ::1 GET /__browserLink/requestData/bf422c971c744c56980296025afff53b version=2 51722 - ::1 Mozilla/5.0+(Windows+NT+10.0;+WOW64)+AppleWebKit/537.36+(KHTML,+like+Gecko)+Chrome/56.0.2924.87+Safari/537.36 http://localhost:51722/Report/ExpenseReportByStatus 200 0 0 141
2017-04-11 10:20:55 ::1 GET /Report/GetStatusList - 51722 - ::1 Mozilla/5.0+(Windows+NT+10.0;+WOW64)+AppleWebKit/537.36+(KHTML,+like+Gecko)+Chrome/56.0.2924.87+Safari/537.36 http://localhost:51722/Report/ExpenseReportByStatus 200 0 0 664
#Software: Microsoft Internet Information Services 8.0
#Version: 1.0
#Date: 2017-04-11 10:32:32
#Fields: date time s-ip cs-method cs-uri-stem cs-uri-query s-port cs-username c-ip cs(User-Agent) cs(Referer) sc-status sc-substatus sc-win32-status time-taken
2017-04-11 10:32:32 ::1 GET / - 51722 - ::1 Mozilla/5.0+(Windows+NT+10.0;+WOW64)+AppleWebKit/537.36+(KHTML,+like+Gecko)+Chrome/56.0.2924.87+Safari/537.36 - 302 0 0 9933
2017-04-11 10:32:36 ::1 GET /User/LogOn - 51722 - ::1 Mozilla/5.0+(Windows+NT+10.0;+WOW64)+AppleWebKit/537.36+(KHTML,+like+Gecko)+Chrome/56.0.2924.87+Safari/537.36 - 200 0 0 3405
2017-04-11 10:32:36 ::1 GET /__browserLink/requestData/ac3dc59a557a4cc18b833030bed70f1f version=2 51722 - ::1 Mozilla/5.0+(Windows+NT+10.0;+WOW64)+AppleWebKit/537.36+(KHTML,+like+Gecko)+Chrome/56.0.2924.87+Safari/537.36 http://localhost:51722/User/LogOn 200 0 0 79
2017-04-11 10:33:04 ::1 POST /User/LogOn - 51722 - ::1 Mozilla/5.0+(Windows+NT+10.0;+WOW64)+AppleWebKit/537.36+(KHTML,+like+Gecko)+Chrome/56.0.2924.87+Safari/537.36 http://localhost:51722/User/LogOn 302 0 0 15976
2017-04-11 10:33:04 ::1 GET / - 51722 - ::1 Mozilla/5.0+(Windows+NT+10.0;+WOW64)+AppleWebKit/537.36+(KHTML,+like+Gecko)+Chrome/56.0.2924.87+Safari/537.36 http://localhost:51722/User/LogOn 302 0 0 53
2017-04-11 10:33:07 ::1 GET /Dashboard/ViewDashboard - 51722 - ::1 Mozilla/5.0+(Windows+NT+10.0;+WOW64)+AppleWebKit/537.36+(KHTML,+like+Gecko)+Chrome/56.0.2924.87+Safari/537.36 http://localhost:51722/User/LogOn 200 0 0 3450
2017-04-11 10:33:07 ::1 GET /__browserLink/requestData/626d537525e24892802b8db1c0ee0972 version=2 51722 - ::1 Mozilla/5.0+(Windows+NT+10.0;+WOW64)+AppleWebKit/537.36+(KHTML,+like+Gecko)+Chrome/56.0.2924.87+Safari/537.36 http://localhost:51722/Dashboard/ViewDashboard 200 0 0 184
2017-04-11 10:33:07 ::1 GET /Dashboard/getAjaxTab/1 sDate=null&eDate=null 51722 - ::1 Mozilla/5.0+(Windows+NT+10.0;+WOW64)+AppleWebKit/537.36+(KHTML,+like+Gecko)+Chrome/56.0.2924.87+Safari/537.36 http://localhost:51722/Dashboard/ViewDashboard 200 0 0 461
2017-04-11 10:33:07 ::1 GET /Scripts/v2/easy.pie.chart/jquery.easing.1.3.js _=1491906788616 51722 - ::1 Mozilla/5.0+(Windows+NT+10.0;+WOW64)+AppleWebKit/537.36+(KHTML,+like+Gecko)+Chrome/56.0.2924.87+Safari/537.36 http://localhost:51722/Dashboard/ViewDashboard 200 0 0 59
2017-04-11 10:33:07 ::1 GET /Scripts/v2/easy.pie.chart/jquery.easypiechart.min.js _=1491906788704 51722 - ::1 Mozilla/5.0+(Windows+NT+10.0;+WOW64)+AppleWebKit/537.36+(KHTML,+like+Gecko)+Chrome/56.0.2924.87+Safari/537.36 http://localhost:51722/Dashboard/ViewDashboard 200 0 0 17
2017-04-11 10:33:08 ::1 GET /Scripts/v2/morris.charts/morris.min.js _=1491906788760 51722 - ::1 Mozilla/5.0+(Windows+NT+10.0;+WOW64)+AppleWebKit/537.36+(KHTML,+like+Gecko)+Chrome/56.0.2924.87+Safari/537.36 http://localhost:51722/Dashboard/ViewDashboard 200 0 0 66
2017-04-11 10:33:08 ::1 GET /Scripts/v2/morris.charts/raphael.min.js _=1491906788838 51722 - ::1 Mozilla/5.0+(Windows+NT+10.0;+WOW64)+AppleWebKit/537.36+(KHTML,+like+Gecko)+Chrome/56.0.2924.87+Safari/537.36 http://localhost:51722/Dashboard/ViewDashboard 200 0 0 107
2017-04-11 10:33:09 ::1 GET /Dashboard/GetExpenseSubmissions/ sDate=null&eDate=null 51722 - ::1 Mozilla/5.0+(Windows+NT+10.0;+WOW64)+AppleWebKit/537.36+(KHTML,+like+Gecko)+Chrome/56.0.2924.87+Safari/537.36 http://localhost:51722/Dashboard/ViewDashboard 200 0 0 934
2017-04-11 10:33:11 ::1 GET /Dashboard/GetExpensePostings/ sDate=null&eDate=null 51722 - ::1 Mozilla/5.0+(Windows+NT+10.0;+WOW64)+AppleWebKit/537.36+(KHTML,+like+Gecko)+Chrome/56.0.2924.87+Safari/537.36 http://localhost:51722/Dashboard/ViewDashboard 200 0 0 2054
2017-04-11 10:33:11 ::1 GET /Dashboard/GetExpenseTypesAmount/ sDate=null&eDate=null 51722 - ::1 Mozilla/5.0+(Windows+NT+10.0;+WOW64)+AppleWebKit/537.36+(KHTML,+like+Gecko)+Chrome/56.0.2924.87+Safari/537.36 http://localhost:51722/Dashboard/ViewDashboard 200 0 0 2878
2017-04-11 10:33:12 ::1 GET /Dashboard/GetExpenseApprovals/ sDate=null&eDate=null 51722 - ::1 Mozilla/5.0+(Windows+NT+10.0;+WOW64)+AppleWebKit/537.36+(KHTML,+like+Gecko)+Chrome/56.0.2924.87+Safari/537.36 http://localhost:51722/Dashboard/ViewDashboard 200 0 0 3892
2017-04-11 10:33:12 ::1 GET /Dashboard/GetPayMethodsAmount/ sDate=null&eDate=null 51722 - ::1 Mozilla/5.0+(Windows+NT+10.0;+WOW64)+AppleWebKit/537.36+(KHTML,+like+Gecko)+Chrome/56.0.2924.87+Safari/537.36 http://localhost:51722/Dashboard/ViewDashboard 200 0 0 4823
2017-04-11 10:33:16 ::1 GET /QueryExpense/Reports - 51722 - ::1 Mozilla/5.0+(Windows+NT+10.0;+WOW64)+AppleWebKit/537.36+(KHTML,+like+Gecko)+Chrome/56.0.2924.87+Safari/537.36 http://localhost:51722/Dashboard/ViewDashboard 200 0 0 2136
2017-04-11 10:33:16 ::1 GET /__browserLink/requestData/66f37b95436f4367865e5f8114fa0d3e version=2 51722 - ::1 Mozilla/5.0+(Windows+NT+10.0;+WOW64)+AppleWebKit/537.36+(KHTML,+like+Gecko)+Chrome/56.0.2924.87+Safari/537.36 http://localhost:51722/QueryExpense/Reports 200 0 0 33
2017-04-11 10:33:19 ::1 GET /Report/ExpenseReportByStatus - 51722 - ::1 Mozilla/5.0+(Windows+NT+10.0;+WOW64)+AppleWebKit/537.36+(KHTML,+like+Gecko)+Chrome/56.0.2924.87+Safari/537.36 http://localhost:51722/QueryExpense/Reports 200 0 0 771
2017-04-11 10:33:19 ::1 GET /Report/GetStatusList - 51722 - ::1 Mozilla/5.0+(Windows+NT+10.0;+WOW64)+AppleWebKit/537.36+(KHTML,+like+Gecko)+Chrome/56.0.2924.87+Safari/537.36 http://localhost:51722/Report/ExpenseReportByStatus 200 0 0 403
2017-04-11 10:33:19 ::1 GET /__browserLink/requestData/2caa6e8369ed499fbc601d5f35fea25d version=2 51722 - ::1 Mozilla/5.0+(Windows+NT+10.0;+WOW64)+AppleWebKit/537.36+(KHTML,+like+Gecko)+Chrome/56.0.2924.87+Safari/537.36 http://localhost:51722/Report/ExpenseReportByStatus 200 0 0 113
2017-04-11 10:33:19 ::1 GET /ExpenseDetail/GetCultureDateFormat - 51722 - ::1 Mozilla/5.0+(Windows+NT+10.0;+WOW64)+AppleWebKit/537.36+(KHTML,+like+Gecko)+Chrome/56.0.2924.87+Safari/537.36 http://localhost:51722/Report/ExpenseReportByStatus 200 0 0 624
#Software: Microsoft Internet Information Services 8.0
#Version: 1.0
#Date: 2017-04-11 17:37:29
#Fields: date time s-ip cs-method cs-uri-stem cs-uri-query s-port cs-username c-ip cs(User-Agent) cs(Referer) sc-status sc-substatus sc-win32-status time-taken
2017-04-11 17:37:29 ::1 GET / - 51722 - ::1 Mozilla/5.0+(Windows+NT+10.0;+WOW64)+AppleWebKit/537.36+(KHTML,+like+Gecko)+Chrome/56.0.2924.87+Safari/537.36 - 302 0 0 56446
2017-04-11 17:37:53 ::1 GET /User/LogOn - 51722 - ::1 Mozilla/5.0+(Windows+NT+10.0;+WOW64)+AppleWebKit/537.36+(KHTML,+like+Gecko)+Chrome/56.0.2924.87+Safari/537.36 - 200 0 0 24422
2017-04-11 17:37:57 ::1 GET /__browserLink/requestData/079eb9bfcb0a40beaa9feef45a589b26 version=2 51722 - ::1 Mozilla/5.0+(Windows+NT+10.0;+WOW64)+AppleWebKit/537.36+(KHTML,+like+Gecko)+Chrome/56.0.2924.87+Safari/537.36 http://localhost:51722/User/LogOn 200 0 0 254
2017-04-11 17:38:25 ::1 POST /User/LogOn - 51722 - ::1 Mozilla/5.0+(Windows+NT+10.0;+WOW64)+AppleWebKit/537.36+(KHTML,+like+Gecko)+Chrome/56.0.2924.87+Safari/537.36 http://localhost:51722/User/LogOn 302 0 0 27958
2017-04-11 17:38:25 ::1 GET / - 51722 - ::1 Mozilla/5.0+(Windows+NT+10.0;+WOW64)+AppleWebKit/537.36+(KHTML,+like+Gecko)+Chrome/56.0.2924.87+Safari/537.36 http://localhost:51722/User/LogOn 302 0 0 71
2017-04-11 17:38:44 ::1 GET /Dashboard/ViewDashboard - 51722 - ::1 Mozilla/5.0+(Windows+NT+10.0;+WOW64)+AppleWebKit/537.36+(KHTML,+like+Gecko)+Chrome/56.0.2924.87+Safari/537.36 http://localhost:51722/User/LogOn 200 0 0 18275
2017-04-11 17:38:45 ::1 GET /__browserLink/requestData/8d67f96f60214567bd25071864f0e4f0 version=2 51722 - ::1 Mozilla/5.0+(Windows+NT+10.0;+WOW64)+AppleWebKit/537.36+(KHTML,+like+Gecko)+Chrome/56.0.2924.87+Safari/537.36 http://localhost:51722/Dashboard/ViewDashboard 200 0 0 334
2017-04-11 17:38:45 ::1 GET /Dashboard/getAjaxTab/1 sDate=null&eDate=null 51722 - ::1 Mozilla/5.0+(Windows+NT+10.0;+WOW64)+AppleWebKit/537.36+(KHTML,+like+Gecko)+Chrome/56.0.2924.87+Safari/537.36 http://localhost:51722/Dashboard/ViewDashboard 200 0 0 862
2017-04-11 17:38:45 ::1 GET /Scripts/v2/easy.pie.chart/jquery.easing.1.3.js _=1491932325890 51722 - ::1 Mozilla/5.0+(Windows+NT+10.0;+WOW64)+AppleWebKit/537.36+(KHTML,+like+Gecko)+Chrome/56.0.2924.87+Safari/537.36 http://localhost:51722/Dashboard/ViewDashboard 200 0 0 104
2017-04-11 17:38:45 ::1 GET /Scripts/v2/easy.pie.chart/jquery.easypiechart.min.js _=1491932326013 51722 - ::1 Mozilla/5.0+(Windows+NT+10.0;+WOW64)+AppleWebKit/537.36+(KHTML,+like+Gecko)+Chrome/56.0.2924.87+Safari/537.36 http://localhost:51722/Dashboard/ViewDashboard 200 0 0 48
2017-04-11 17:38:45 ::1 GET /Scripts/v2/morris.charts/morris.min.js _=1491932326092 51722 - ::1 Mozilla/5.0+(Windows+NT+10.0;+WOW64)+AppleWebKit/537.36+(KHTML,+like+Gecko)+Chrome/56.0.2924.87+Safari/537.36 http://localhost:51722/Dashboard/ViewDashboard 200 0 0 60
2017-04-11 17:38:45 ::1 GET /Scripts/v2/morris.charts/raphael.min.js _=1491932326207 51722 - ::1 Mozilla/5.0+(Windows+NT+10.0;+WOW64)+AppleWebKit/537.36+(KHTML,+like+Gecko)+Chrome/56.0.2924.87+Safari/537.36 http://localhost:51722/Dashboard/ViewDashboard 200 0 0 188
2017-04-11 17:38:49 ::1 GET /Dashboard/GetPayMethodsAmount/ sDate=null&eDate=null 51722 - ::1 Mozilla/5.0+(Windows+NT+10.0;+WOW64)+AppleWebKit/537.36+(KHTML,+like+Gecko)+Chrome/56.0.2924.87+Safari/537.36 http://localhost:51722/Dashboard/ViewDashboard 200 0 0 3305
2017-04-11 17:38:49 ::1 GET /Dashboard/GetExpenseSubmissions/ sDate=null&eDate=null 51722 - ::1 Mozilla/5.0+(Windows+NT+10.0;+WOW64)+AppleWebKit/537.36+(KHTML,+like+Gecko)+Chrome/56.0.2924.87+Safari/537.36 http://localhost:51722/Dashboard/ViewDashboard 200 0 0 4250
2017-04-11 17:38:51 ::1 GET /Dashboard/GetExpenseTypesAmount/ sDate=null&eDate=null 51722 - ::1 Mozilla/5.0+(Windows+NT+10.0;+WOW64)+AppleWebKit/537.36+(KHTML,+like+Gecko)+Chrome/56.0.2924.87+Safari/537.36 http://localhost:51722/Dashboard/ViewDashboard 200 0 0 5394
2017-04-11 17:38:53 ::1 GET /Dashboard/GetExpensePostings/ sDate=null&eDate=null 51722 - ::1 Mozilla/5.0+(Windows+NT+10.0;+WOW64)+AppleWebKit/537.36+(KHTML,+like+Gecko)+Chrome/56.0.2924.87+Safari/537.36 http://localhost:51722/Dashboard/ViewDashboard 200 0 0 7090
2017-04-11 17:38:57 ::1 GET /Dashboard/GetExpenseApprovals/ sDate=null&eDate=null 51722 - ::1 Mozilla/5.0+(Windows+NT+10.0;+WOW64)+AppleWebKit/537.36+(KHTML,+like+Gecko)+Chrome/56.0.2924.87+Safari/537.36 http://localhost:51722/Dashboard/ViewDashboard 200 0 0 11408
2017-04-11 17:45:40 ::1 GET /Dashboard/settings - 51722 - ::1 Mozilla/5.0+(Windows+NT+10.0;+WOW64)+AppleWebKit/537.36+(KHTML,+like+Gecko)+Chrome/56.0.2924.87+Safari/537.36 - 404 0 0 5256
2017-04-11 17:45:46 ::1 GET /Dashboard/setting - 51722 - ::1 Mozilla/5.0+(Windows+NT+10.0;+WOW64)+AppleWebKit/537.36+(KHTML,+like+Gecko)+Chrome/56.0.2924.87+Safari/537.36 - 404 0 0 3181
2017-04-11 17:45:52 ::1 GET /Scripts/v2/easy.pie.chart/jquery.easing.1.3.js _=1491932752625 51722 - ::1 Mozilla/5.0+(Windows+NT+10.0;+WOW64)+AppleWebKit/537.36+(KHTML,+like+Gecko)+Chrome/56.0.2924.87+Safari/537.36 http://localhost:51722/Dashboard/ViewDashboard 200 0 0 104
2017-04-11 17:45:52 ::1 GET /Scripts/v2/easy.pie.chart/jquery.easypiechart.min.js _=1491932752738 51722 - ::1 Mozilla/5.0+(Windows+NT+10.0;+WOW64)+AppleWebKit/537.36+(KHTML,+like+Gecko)+Chrome/56.0.2924.87+Safari/537.36 http://localhost:51722/Dashboard/ViewDashboard 200 0 0 67
2017-04-11 17:45:52 ::1 GET /Scripts/v2/morris.charts/morris.min.js _=1491932752810 51722 - ::1 Mozilla/5.0+(Windows+NT+10.0;+WOW64)+AppleWebKit/537.36+(KHTML,+like+Gecko)+Chrome/56.0.2924.87+Safari/537.36 http://localhost:51722/Dashboard/ViewDashboard 200 0 0 94
2017-04-11 17:45:52 ::1 GET /Scripts/v2/morris.charts/raphael.min.js _=1491932752940 51722 - ::1 Mozilla/5.0+(Windows+NT+10.0;+WOW64)+AppleWebKit/537.36+(KHTML,+like+Gecko)+Chrome/56.0.2924.87+Safari/537.36 http://localhost:51722/Dashboard/ViewDashboard 200 0 0 137
2017-04-11 17:46:03 ::1 GET /settings - 51722 - ::1 Mozilla/5.0+(Windows+NT+10.0;+WOW64)+AppleWebKit/537.36+(KHTML,+like+Gecko)+Chrome/56.0.2924.87+Safari/537.36 - 200 0 0 3282
2017-04-11 17:46:03 ::1 GET /images/icons/cross.png - 51722 - ::1 Mozilla/5.0+(Windows+NT+10.0;+WOW64)+AppleWebKit/537.36+(KHTML,+like+Gecko)+Chrome/56.0.2924.87+Safari/537.36 http://localhost:51722/settings 200 0 0 5
2017-04-11 17:46:03 ::1 GET /__browserLink/requestData/54904bbc6de14e86a348cbf70369b334 version=2 51722 - ::1 Mozilla/5.0+(Windows+NT+10.0;+WOW64)+AppleWebKit/537.36+(KHTML,+like+Gecko)+Chrome/56.0.2924.87+Safari/537.36 http://localhost:51722/settings 200 0 0 137
2017-04-11 17:46:09 ::1 GET /settings page=1 51722 - ::1 Mozilla/5.0+(Windows+NT+10.0;+WOW64)+AppleWebKit/537.36+(KHTML,+like+Gecko)+Chrome/56.0.2924.87+Safari/537.36 http://localhost:51722/settings 200 0 0 550
2017-04-11 17:46:09 ::1 GET /__browserLink/requestData/58d41de448374487bc66bf48dcd22031 version=2 51722 - ::1 Mozilla/5.0+(Windows+NT+10.0;+WOW64)+AppleWebKit/537.36+(KHTML,+like+Gecko)+Chrome/56.0.2924.87+Safari/537.36 http://localhost:51722/settings?page=1 200 0 0 97
2017-04-11 17:46:44 ::1 GET /settings page=0 51722 - ::1 Mozilla/5.0+(Windows+NT+10.0;+WOW64)+AppleWebKit/537.36+(KHTML,+like+Gecko)+Chrome/56.0.2924.87+Safari/537.36 http://localhost:51722/settings?page=1 200 0 0 569
2017-04-11 17:46:44 ::1 GET /__browserLink/requestData/7c72673335e64c72a118e8f85d7a325e version=2 51722 - ::1 Mozilla/5.0+(Windows+NT+10.0;+WOW64)+AppleWebKit/537.36+(KHTML,+like+Gecko)+Chrome/56.0.2924.87+Safari/537.36 http://localhost:51722/settings?page=0 200 0 0 79
2017-04-11 17:47:24 ::1 GET /settings page=1 51722 - ::1 Mozilla/5.0+(Windows+NT+10.0;+WOW64)+AppleWebKit/537.36+(KHTML,+like+Gecko)+Chrome/56.0.2924.87+Safari/537.36 http://localhost:51722/settings?page=0 200 0 0 623
2017-04-11 17:47:25 ::1 GET /__browserLink/requestData/128120dc18944db78942e9b29e0fc160 version=2 51722 - ::1 Mozilla/5.0+(Windows+NT+10.0;+WOW64)+AppleWebKit/537.36+(KHTML,+like+Gecko)+Chrome/56.0.2924.87+Safari/537.36 http://localhost:51722/settings?page=1 200 0 0 48
2017-04-11 17:48:32 ::1 GET /settings page=0 51722 - ::1 Mozilla/5.0+(Windows+NT+10.0;+WOW64)+AppleWebKit/537.36+(KHTML,+like+Gecko)+Chrome/56.0.2924.87+Safari/537.36 http://localhost:51722/settings?page=1 200 0 0 697
2017-04-11 17:48:32 ::1 GET /__browserLink/requestData/3406f7c9db9049ab83a7a6aee59dfb81 version=2 51722 - ::1 Mozilla/5.0+(Windows+NT+10.0;+WOW64)+AppleWebKit/537.36+(KHTML,+like+Gecko)+Chrome/56.0.2924.87+Safari/537.36 http://localhost:51722/settings?page=0 200 0 0 92
2017-04-11 17:49:00 ::1 GET /settings/Edit/39 - 51722 - ::1 Mozilla/5.0+(Windows+NT+10.0;+WOW64)+AppleWebKit/537.36+(KHTML,+like+Gecko)+Chrome/56.0.2924.87+Safari/537.36 http://localhost:51722/settings?page=0 200 0 0 566
2017-04-11 17:49:00 ::1 GET /__browserLink/requestData/4f8fbdcde82840649686e2ac9a186405 version=2 51722 - ::1 Mozilla/5.0+(Windows+NT+10.0;+WOW64)+AppleWebKit/537.36+(KHTML,+like+Gecko)+Chrome/56.0.2924.87+Safari/537.36 http://localhost:51722/settings/Edit/39 200 0 0 27
2017-04-11 17:49:07 ::1 POST /settings/Edit/39 - 51722 - ::1 Mozilla/5.0+(Windows+NT+10.0;+WOW64)+AppleWebKit/537.36+(KHTML,+like+Gecko)+Chrome/56.0.2924.87+Safari/537.36 http://localhost:51722/settings/Edit/39 302 0 0 562
2017-04-11 17:49:07 ::1 GET /settings - 51722 - ::1 Mozilla/5.0+(Windows+NT+10.0;+WOW64)+AppleWebKit/537.36+(KHTML,+like+Gecko)+Chrome/56.0.2924.87+Safari/537.36 http://localhost:51722/settings/Edit/39 200 0 0 755
2017-04-11 17:49:09 ::1 GET /__browserLink/requestData/84df3c8aaf0e4b78b62785f5f754af5b version=2 51722 - ::1 Mozilla/5.0+(Windows+NT+10.0;+WOW64)+AppleWebKit/537.36+(KHTML,+like+Gecko)+Chrome/56.0.2924.87+Safari/537.36 http://localhost:51722/settings 200 0 0 118
2017-04-11 17:49:40 ::1 GET /settings/Edit/59 - 51722 - ::1 Mozilla/5.0+(Windows+NT+10.0;+WOW64)+AppleWebKit/537.36+(KHTML,+like+Gecko)+Chrome/56.0.2924.87+Safari/537.36 http://localhost:51722/settings 200 0 0 582
2017-04-11 17:49:40 ::1 GET /__browserLink/requestData/9272b6d6981f4263918f0e1d9bd8e9da version=2 51722 - ::1 Mozilla/5.0+(Windows+NT+10.0;+WOW64)+AppleWebKit/537.36+(KHTML,+like+Gecko)+Chrome/56.0.2924.87+Safari/537.36 http://localhost:51722/settings/Edit/59 200 0 0 18
2017-04-11 17:49:43 ::1 POST /settings/Edit/59 - 51722 - ::1 Mozilla/5.0+(Windows+NT+10.0;+WOW64)+AppleWebKit/537.36+(KHTML,+like+Gecko)+Chrome/56.0.2924.87+Safari/537.36 http://localhost:51722/settings/Edit/59 302 0 0 138
2017-04-11 17:49:45 ::1 GET /settings - 51722 - ::1 Mozilla/5.0+(Windows+NT+10.0;+WOW64)+AppleWebKit/537.36+(KHTML,+like+Gecko)+Chrome/56.0.2924.87+Safari/537.36 http://localhost:51722/settings/Edit/59 200 0 0 558
2017-04-11 17:49:46 ::1 GET /__browserLink/requestData/acb00c0648ca4f5cafbc4fe4455783e0 version=2 51722 - ::1 Mozilla/5.0+(Windows+NT+10.0;+WOW64)+AppleWebKit/537.36+(KHTML,+like+Gecko)+Chrome/56.0.2924.87+Safari/537.36 http://localhost:51722/settings 200 0 0 54
2017-04-11 17:49:55 ::1 GET /settings/Edit/60 - 51722 - ::1 Mozilla/5.0+(Windows+NT+10.0;+WOW64)+AppleWebKit/537.36+(KHTML,+like+Gecko)+Chrome/56.0.2924.87+Safari/537.36 http://localhost:51722/settings 200 0 0 461
2017-04-11 17:49:55 ::1 GET /__browserLink/requestData/52cb7f1978884e668347be32f6e20eb4 version=2 51722 - ::1 Mozilla/5.0+(Windows+NT+10.0;+WOW64)+AppleWebKit/537.36+(KHTML,+like+Gecko)+Chrome/56.0.2924.87+Safari/537.36 http://localhost:51722/settings/Edit/60 200 0 0 22
2017-04-11 17:49:59 ::1 POST /settings/Edit/60 - 51722 - ::1 Mozilla/5.0+(Windows+NT+10.0;+WOW64)+AppleWebKit/537.36+(KHTML,+like+Gecko)+Chrome/56.0.2924.87+Safari/537.36 http://localhost:51722/settings/Edit/60 302 0 0 94
2017-04-11 17:49:59 ::1 GET /settings - 51722 - ::1 Mozilla/5.0+(Windows+NT+10.0;+WOW64)+AppleWebKit/537.36+(KHTML,+like+Gecko)+Chrome/56.0.2924.87+Safari/537.36 http://localhost:51722/settings/Edit/60 200 0 0 596
2017-04-11 17:50:00 ::1 GET /__browserLink/requestData/fe8ef3e8eac24db9aa7666d326a9c0cf version=2 51722 - ::1 Mozilla/5.0+(Windows+NT+10.0;+WOW64)+AppleWebKit/537.36+(KHTML,+like+Gecko)+Chrome/56.0.2924.87+Safari/537.36 http://localhost:51722/settings 200 0 0 101
2017-04-11 17:51:23 ::1 GET /Dashboard/ViewDashboard - 51722 - ::1 Mozilla/5.0+(Windows+NT+10.0;+WOW64)+AppleWebKit/537.36+(KHTML,+like+Gecko)+Chrome/56.0.2924.87+Safari/537.36 http://localhost:51722/settings 200 0 0 1231
2017-04-11 17:51:23 ::1 GET /__browserLink/requestData/ad140f2c460149539500415a5e843ce3 version=2 51722 - ::1 Mozilla/5.0+(Windows+NT+10.0;+WOW64)+AppleWebKit/537.36+(KHTML,+like+Gecko)+Chrome/56.0.2924.87+Safari/537.36 http://localhost:51722/Dashboard/ViewDashboard 200 0 0 192
2017-04-11 17:51:23 ::1 GET /Dashboard/getAjaxTab/1 sDate=null&eDate=null 51722 - ::1 Mozilla/5.0+(Windows+NT+10.0;+WOW64)+AppleWebKit/537.36+(KHTML,+like+Gecko)+Chrome/56.0.2924.87+Safari/537.36 http://localhost:51722/Dashboard/ViewDashboard 200 0 0 590
2017-04-11 17:51:24 ::1 GET /Scripts/v2/easy.pie.chart/jquery.easing.1.3.js _=1491933084105 51722 - ::1 Mozilla/5.0+(Windows+NT+10.0;+WOW64)+AppleWebKit/537.36+(KHTML,+like+Gecko)+Chrome/56.0.2924.87+Safari/537.36 http://localhost:51722/Dashboard/ViewDashboard 200 0 0 52
2017-04-11 17:51:24 ::1 GET /Scripts/v2/easy.pie.chart/jquery.easypiechart.min.js _=1491933084311 51722 - ::1 Mozilla/5.0+(Windows+NT+10.0;+WOW64)+AppleWebKit/537.36+(KHTML,+like+Gecko)+Chrome/56.0.2924.87+Safari/537.36 http://localhost:51722/Dashboard/ViewDashboard 200 0 0 15
2017-04-11 17:51:24 ::1 GET /Scripts/v2/morris.charts/morris.min.js _=1491933084359 51722 - ::1 Mozilla/5.0+(Windows+NT+10.0;+WOW64)+AppleWebKit/537.36+(KHTML,+like+Gecko)+Chrome/56.0.2924.87+Safari/537.36 http://localhost:51722/Dashboard/ViewDashboard 200 0 0 21
2017-04-11 17:51:24 ::1 GET /Scripts/v2/morris.charts/raphael.min.js _=1491933084389 51722 - ::1 Mozilla/5.0+(Windows+NT+10.0;+WOW64)+AppleWebKit/537.36+(KHTML,+like+Gecko)+Chrome/56.0.2924.87+Safari/537.36 http://localhost:51722/Dashboard/ViewDashboard 200 0 0 13
2017-04-11 17:51:24 ::1 GET /Dashboard/GetExpenseTypesAmount/ sDate=null&eDate=null 51722 - ::1 Mozilla/5.0+(Windows+NT+10.0;+WOW64)+AppleWebKit/537.36+(KHTML,+like+Gecko)+Chrome/56.0.2924.87+Safari/537.36 http://localhost:51722/Dashboard/ViewDashboard 200 0 0 471
2017-04-11 17:51:25 ::1 GET /Dashboard/GetExpenseApprovals/ sDate=null&eDate=null 51722 - ::1 Mozilla/5.0+(Windows+NT+10.0;+WOW64)+AppleWebKit/537.36+(KHTML,+like+Gecko)+Chrome/56.0.2924.87+Safari/537.36 http://localhost:51722/Dashboard/ViewDashboard 200 0 0 1115
2017-04-11 17:51:25 ::1 GET /Dashboard/GetExpensePostings/ sDate=null&eDate=null 51722 - ::1 Mozilla/5.0+(Windows+NT+10.0;+WOW64)+AppleWebKit/537.36+(KHTML,+like+Gecko)+Chrome/56.0.2924.87+Safari/537.36 http://localhost:51722/Dashboard/ViewDashboard 200 0 0 1754
2017-04-11 17:51:26 ::1 GET /Dashboard/GetExpenseSubmissions/ sDate=null&eDate=null 51722 - ::1 Mozilla/5.0+(Windows+NT+10.0;+WOW64)+AppleWebKit/537.36+(KHTML,+like+Gecko)+Chrome/56.0.2924.87+Safari/537.36 http://localhost:51722/Dashboard/ViewDashboard 200 0 0 2372
2017-04-11 17:51:26 ::1 GET /Dashboard/GetPayMethodsAmount/ sDate=null&eDate=null 51722 - ::1 Mozilla/5.0+(Windows+NT+10.0;+WOW64)+AppleWebKit/537.36+(KHTML,+like+Gecko)+Chrome/56.0.2924.87+Safari/537.36 http://localhost:51722/Dashboard/ViewDashboard 200 0 0 3077
2017-04-11 17:51:32 ::1 GET /User/LogOff - 51722 - ::1 Mozilla/5.0+(Windows+NT+10.0;+WOW64)+AppleWebKit/537.36+(KHTML,+like+Gecko)+Chrome/56.0.2924.87+Safari/537.36 http://localhost:51722/Dashboard/ViewDashboard 302 0 0 78
2017-04-11 17:51:32 ::1 GET / - 51722 - ::1 Mozilla/5.0+(Windows+NT+10.0;+WOW64)+AppleWebKit/537.36+(KHTML,+like+Gecko)+Chrome/56.0.2924.87+Safari/537.36 http://localhost:51722/Dashboard/ViewDashboard 302 0 0 37
2017-04-11 17:51:32 ::1 GET /User/LogOn - 51722 - ::1 Mozilla/5.0+(Windows+NT+10.0;+WOW64)+AppleWebKit/537.36+(KHTML,+like+Gecko)+Chrome/56.0.2924.87+Safari/537.36 http://localhost:51722/Dashboard/ViewDashboard 200 0 0 137
2017-04-11 17:51:32 ::1 GET /__browserLink/requestData/8af0bb2f54df4e3ba98e171f27cfd5ef version=2 51722 - ::1 Mozilla/5.0+(Windows+NT+10.0;+WOW64)+AppleWebKit/537.36+(KHTML,+like+Gecko)+Chrome/56.0.2924.87+Safari/537.36 http://localhost:51722/User/LogOn 200 0 0 26
2017-04-11 17:51:47 ::1 POST /User/LogOn - 51722 - ::1 Mozilla/5.0+(Windows+NT+10.0;+WOW64)+AppleWebKit/537.36+(KHTML,+like+Gecko)+Chrome/56.0.2924.87+Safari/537.36 http://localhost:51722/User/LogOn 302 0 0 13379
2017-04-11 17:51:47 ::1 GET / - 51722 - ::1 Mozilla/5.0+(Windows+NT+10.0;+WOW64)+AppleWebKit/537.36+(KHTML,+like+Gecko)+Chrome/56.0.2924.87+Safari/537.36 http://localhost:51722/User/LogOn 302 0 0 33
2017-04-11 17:51:47 ::1 GET /Dashboard/ViewDashboard - 51722 - ::1 Mozilla/5.0+(Windows+NT+10.0;+WOW64)+AppleWebKit/537.36+(KHTML,+like+Gecko)+Chrome/56.0.2924.87+Safari/537.36 http://localhost:51722/User/LogOn 200 0 0 849
2017-04-11 17:51:48 ::1 GET /__browserLink/requestData/9beda915a3ba465bbf3336337449a1af version=2 51722 - ::1 Mozilla/5.0+(Windows+NT+10.0;+WOW64)+AppleWebKit/537.36+(KHTML,+like+Gecko)+Chrome/56.0.2924.87+Safari/537.36 http://localhost:51722/Dashboard/ViewDashboard 200 0 0 120
2017-04-11 17:51:48 ::1 GET /Dashboard/getAjaxTab/1 sDate=null&eDate=null 51722 - ::1 Mozilla/5.0+(Windows+NT+10.0;+WOW64)+AppleWebKit/537.36+(KHTML,+like+Gecko)+Chrome/56.0.2924.87+Safari/537.36 http://localhost:51722/Dashboard/ViewDashboard 200 0 0 402
2017-04-11 17:51:48 ::1 GET /Scripts/v2/easy.pie.chart/jquery.easing.1.3.js _=1491933109016 51722 - ::1 Mozilla/5.0+(Windows+NT+10.0;+WOW64)+AppleWebKit/537.36+(KHTML,+like+Gecko)+Chrome/56.0.2924.87+Safari/537.36 http://localhost:51722/Dashboard/ViewDashboard 200 0 0 20
2017-04-11 17:51:48 ::1 GET /Scripts/v2/easy.pie.chart/jquery.easypiechart.min.js _=1491933109042 51722 - ::1 Mozilla/5.0+(Windows+NT+10.0;+WOW64)+AppleWebKit/537.36+(KHTML,+like+Gecko)+Chrome/56.0.2924.87+Safari/537.36 http://localhost:51722/Dashboard/ViewDashboard 200 0 0 12
2017-04-11 17:51:48 ::1 GET /Scripts/v2/morris.charts/morris.min.js _=1491933109066 51722 - ::1 Mozilla/5.0+(Windows+NT+10.0;+WOW64)+AppleWebKit/537.36+(KHTML,+like+Gecko)+Chrome/56.0.2924.87+Safari/537.36 http://localhost:51722/Dashboard/ViewDashboard 200 0 0 19
2017-04-11 17:51:48 ::1 GET /Scripts/v2/morris.charts/raphael.min.js _=1491933109095 51722 - ::1 Mozilla/5.0+(Windows+NT+10.0;+WOW64)+AppleWebKit/537.36+(KHTML,+like+Gecko)+Chrome/56.0.2924.87+Safari/537.36 http://localhost:51722/Dashboard/ViewDashboard 200 0 0 13
2017-04-11 17:51:48 ::1 GET /Dashboard/GetExpenseSubmissions/ sDate=null&eDate=null 51722 - ::1 Mozilla/5.0+(Windows+NT+10.0;+WOW64)+AppleWebKit/537.36+(KHTML,+like+Gecko)+Chrome/56.0.2924.87+Safari/537.36 http://localhost:51722/Dashboard/ViewDashboard 200 0 0 339
2017-04-11 17:51:50 ::1 GET /Dashboard/GetPayMethodsAmount/ sDate=null&eDate=null 51722 - ::1 Mozilla/5.0+(Windows+NT+10.0;+WOW64)+AppleWebKit/537.36+(KHTML,+like+Gecko)+Chrome/56.0.2924.87+Safari/537.36 http://localhost:51722/Dashboard/ViewDashboard 200 0 0 1089
2017-04-11 17:51:50 ::1 GET /Dashboard/GetExpenseApprovals/ sDate=null&eDate=null 51722 - ::1 Mozilla/5.0+(Windows+NT+10.0;+WOW64)+AppleWebKit/537.36+(KHTML,+like+Gecko)+Chrome/56.0.2924.87+Safari/537.36 http://localhost:51722/Dashboard/ViewDashboard 200 0 0 1519
2017-04-11 17:51:50 ::1 GET /Dashboard/GetExpensePostings/ sDate=null&eDate=null 51722 - ::1 Mozilla/5.0+(Windows+NT+10.0;+WOW64)+AppleWebKit/537.36+(KHTML,+like+Gecko)+Chrome/56.0.2924.87+Safari/537.36 http://localhost:51722/Dashboard/ViewDashboard 200 0 0 1961
2017-04-11 17:51:51 ::1 GET /Dashboard/GetExpenseTypesAmount/ sDate=null&eDate=null 51722 - ::1 Mozilla/5.0+(Windows+NT+10.0;+WOW64)+AppleWebKit/537.36+(KHTML,+like+Gecko)+Chrome/56.0.2924.87+Safari/537.36 http://localhost:51722/Dashboard/ViewDashboard 200 0 0 2560
2017-04-11 17:54:30 ::1 GET /user/bankprofilelist - 51722 - ::1 Mozilla/5.0+(Windows+NT+10.0;+WOW64)+AppleWebKit/537.36+(KHTML,+like+Gecko)+Chrome/56.0.2924.87+Safari/537.36 - 200 0 0 5852
2017-04-11 17:54:30 ::1 GET /__browserLink/requestData/2b811ab617e24d9f9b0021b993d53ef3 version=2 51722 - ::1 Mozilla/5.0+(Windows+NT+10.0;+WOW64)+AppleWebKit/537.36+(KHTML,+like+Gecko)+Chrome/56.0.2924.87+Safari/537.36 http://localhost:51722/user/bankprofilelist 200 0 0 46
2017-04-11 17:54:45 ::1 GET /user/AddNewUserBankProfile - 51722 - ::1 Mozilla/5.0+(Windows+NT+10.0;+WOW64)+AppleWebKit/537.36+(KHTML,+like+Gecko)+Chrome/56.0.2924.87+Safari/537.36 http://localhost:51722/user/bankprofilelist 200 0 0 8034
2017-04-11 17:54:45 ::1 GET /__browserLink/requestData/5992eee3357641d9af7236973b5fafd6 version=2 51722 - ::1 Mozilla/5.0+(Windows+NT+10.0;+WOW64)+AppleWebKit/537.36+(KHTML,+like+Gecko)+Chrome/56.0.2924.87+Safari/537.36 http://localhost:51722/user/AddNewUserBankProfile 200 0 0 208
2017-04-11 17:54:46 ::1 GET /User/GetEmployees - 51722 - ::1 Mozilla/5.0+(Windows+NT+10.0;+WOW64)+AppleWebKit/537.36+(KHTML,+like+Gecko)+Chrome/56.0.2924.87+Safari/537.36 http://localhost:51722/user/AddNewUserBankProfile 200 0 0 763
2017-04-11 17:54:46 ::1 GET /PayMethod/GetPayMethodIsReimbursable MethodId=2 51722 - ::1 Mozilla/5.0+(Windows+NT+10.0;+WOW64)+AppleWebKit/537.36+(KHTML,+like+Gecko)+Chrome/56.0.2924.87+Safari/537.36 http://localhost:51722/user/AddNewUserBankProfile 200 0 0 1145
2017-04-11 17:54:54 ::1 GET /User/FillUserByUserId/ UserId=50 51722 - ::1 Mozilla/5.0+(Windows+NT+10.0;+WOW64)+AppleWebKit/537.36+(KHTML,+like+Gecko)+Chrome/56.0.2924.87+Safari/537.36 http://localhost:51722/user/AddNewUserBankProfile 200 0 0 6130
2017-04-11 17:54:54 ::1 GET /PayMethod/GetPayMethodIsReimbursable MethodId=2 51722 - ::1 Mozilla/5.0+(Windows+NT+10.0;+WOW64)+AppleWebKit/537.36+(KHTML,+like+Gecko)+Chrome/56.0.2924.87+Safari/537.36 http://localhost:51722/User/FillUserByUserId/?UserId=50 200 0 0 160
2017-04-11 17:54:54 ::1 GET /__browserLink/requestData/b069d7d92ba3413e83f43628e249e809 version=2 51722 - ::1 Mozilla/5.0+(Windows+NT+10.0;+WOW64)+AppleWebKit/537.36+(KHTML,+like+Gecko)+Chrome/56.0.2924.87+Safari/537.36 http://localhost:51722/User/FillUserByUserId/?UserId=50 200 0 0 67
2017-04-11 17:54:54 ::1 GET /User/GetEmployees - 51722 - ::1 Mozilla/5.0+(Windows+NT+10.0;+WOW64)+AppleWebKit/537.36+(KHTML,+like+Gecko)+Chrome/56.0.2924.87+Safari/537.36 http://localhost:51722/User/FillUserByUserId/?UserId=50 200 0 0 758
#Software: Microsoft Internet Information Services 8.0
#Version: 1.0
#Date: 2017-04-11 18:02:26
#Fields: date time s-ip cs-method cs-uri-stem cs-uri-query s-port cs-username c-ip cs(User-Agent) cs(Referer) sc-status sc-substatus sc-win32-status time-taken
2017-04-11 18:02:26 ::1 GET / - 51722 - ::1 Mozilla/5.0+(Windows+NT+10.0;+WOW64)+AppleWebKit/537.36+(KHTML,+like+Gecko)+Chrome/56.0.2924.87+Safari/537.36 - 302 0 0 22479
2017-04-11 18:02:39 ::1 GET /User/LogOn - 51722 - ::1 Mozilla/5.0+(Windows+NT+10.0;+WOW64)+AppleWebKit/537.36+(KHTML,+like+Gecko)+Chrome/56.0.2924.87+Safari/537.36 - 200 0 0 12842
2017-04-11 18:02:39 ::1 GET /__browserLink/requestData/5532e8fea0fc40079ee4868a18cc97b9 version=2 51722 - ::1 Mozilla/5.0+(Windows+NT+10.0;+WOW64)+AppleWebKit/537.36+(KHTML,+like+Gecko)+Chrome/56.0.2924.87+Safari/537.36 http://localhost:51722/User/LogOn 200 0 0 56
2017-04-11 18:03:00 ::1 POST /User/LogOn - 51722 - ::1 Mozilla/5.0+(Windows+NT+10.0;+WOW64)+AppleWebKit/537.36+(KHTML,+like+Gecko)+Chrome/56.0.2924.87+Safari/537.36 http://localhost:51722/User/LogOn 302 0 0 16796
2017-04-11 18:03:00 ::1 GET / - 51722 - ::1 Mozilla/5.0+(Windows+NT+10.0;+WOW64)+AppleWebKit/537.36+(KHTML,+like+Gecko)+Chrome/56.0.2924.87+Safari/537.36 http://localhost:51722/User/LogOn 302 0 0 49
2017-04-11 18:03:12 ::1 GET /Dashboard/ViewDashboard - 51722 - ::1 Mozilla/5.0+(Windows+NT+10.0;+WOW64)+AppleWebKit/537.36+(KHTML,+like+Gecko)+Chrome/56.0.2924.87+Safari/537.36 http://localhost:51722/User/LogOn 200 0 0 12278
2017-04-11 18:03:12 ::1 GET /Dashboard/getAjaxTab/1 sDate=null&eDate=null 51722 - ::1 Mozilla/5.0+(Windows+NT+10.0;+WOW64)+AppleWebKit/537.36+(KHTML,+like+Gecko)+Chrome/56.0.2924.87+Safari/537.36 http://localhost:51722/Dashboard/ViewDashboard 200 0 0 396
2017-04-11 18:03:12 ::1 GET /Scripts/v2/easy.pie.chart/jquery.easing.1.3.js _=1491933793137 51722 - ::1 Mozilla/5.0+(Windows+NT+10.0;+WOW64)+AppleWebKit/537.36+(KHTML,+like+Gecko)+Chrome/56.0.2924.87+Safari/537.36 http://localhost:51722/Dashboard/ViewDashboard 200 0 0 20
2017-04-11 18:03:12 ::1 GET /Scripts/v2/easy.pie.chart/jquery.easypiechart.min.js _=1491933793167 51722 - ::1 Mozilla/5.0+(Windows+NT+10.0;+WOW64)+AppleWebKit/537.36+(KHTML,+like+Gecko)+Chrome/56.0.2924.87+Safari/537.36 http://localhost:51722/Dashboard/ViewDashboard 200 0 0 16
2017-04-11 18:03:12 ::1 GET /Scripts/v2/morris.charts/morris.min.js _=1491933793199 51722 - ::1 Mozilla/5.0+(Windows+NT+10.0;+WOW64)+AppleWebKit/537.36+(KHTML,+like+Gecko)+Chrome/56.0.2924.87+Safari/537.36 http://localhost:51722/Dashboard/ViewDashboard 200 0 0 33
2017-04-11 18:03:12 ::1 GET /Scripts/v2/morris.charts/raphael.min.js _=1491933793243 51722 - ::1 Mozilla/5.0+(Windows+NT+10.0;+WOW64)+AppleWebKit/537.36+(KHTML,+like+Gecko)+Chrome/56.0.2924.87+Safari/537.36 http://localhost:51722/Dashboard/ViewDashboard 200 0 0 14
2017-04-11 18:03:14 ::1 GET /__browserLink/requestData/89780fae0f7f4d0cbd0decc88be17c1d version=2 51722 - ::1 Mozilla/5.0+(Windows+NT+10.0;+WOW64)+AppleWebKit/537.36+(KHTML,+like+Gecko)+Chrome/56.0.2924.87+Safari/537.36 http://localhost:51722/Dashboard/ViewDashboard 200 0 0 49
2017-04-11 18:03:16 ::1 GET /Dashboard/GetExpenseApprovals/ sDate=null&eDate=null 51722 - ::1 Mozilla/5.0+(Windows+NT+10.0;+WOW64)+AppleWebKit/537.36+(KHTML,+like+Gecko)+Chrome/56.0.2924.87+Safari/537.36 http://localhost:51722/Dashboard/ViewDashboard 200 0 0 2908
2017-04-11 18:03:16 ::1 GET /Dashboard/GetExpenseTypesAmount/ sDate=null&eDate=null 51722 - ::1 Mozilla/5.0+(Windows+NT+10.0;+WOW64)+AppleWebKit/537.36+(KHTML,+like+Gecko)+Chrome/56.0.2924.87+Safari/537.36 http://localhost:51722/Dashboard/ViewDashboard 200 0 0 3847
2017-04-11 18:03:17 ::1 GET /Dashboard/GetExpenseSubmissions/ sDate=null&eDate=null 51722 - ::1 Mozilla/5.0+(Windows+NT+10.0;+WOW64)+AppleWebKit/537.36+(KHTML,+like+Gecko)+Chrome/56.0.2924.87+Safari/537.36 http://localhost:51722/Dashboard/ViewDashboard 200 0 0 4559
2017-04-11 18:03:17 ::1 GET /Dashboard/GetExpensePostings/ sDate=null&eDate=null 51722 - ::1 Mozilla/5.0+(Windows+NT+10.0;+WOW64)+AppleWebKit/537.36+(KHTML,+like+Gecko)+Chrome/56.0.2924.87+Safari/537.36 http://localhost:51722/Dashboard/ViewDashboard 200 0 0 5363
2017-04-11 18:03:20 ::1 GET /Dashboard/GetPayMethodsAmount/ sDate=null&eDate=null 51722 - ::1 Mozilla/5.0+(Windows+NT+10.0;+WOW64)+AppleWebKit/537.36+(KHTML,+like+Gecko)+Chrome/56.0.2924.87+Safari/537.36 http://localhost:51722/Dashboard/ViewDashboard 200 0 0 6607
2017-04-11 18:03:23 ::1 GET /User - 51722 - ::1 Mozilla/5.0+(Windows+NT+10.0;+WOW64)+AppleWebKit/537.36+(KHTML,+like+Gecko)+Chrome/56.0.2924.87+Safari/537.36 http://localhost:51722/Dashboard/ViewDashboard 200 0 0 2367
2017-04-11 18:03:24 ::1 GET /AjaxCall/GetCompanyList/ - 51722 - ::1 Mozilla/5.0+(Windows+NT+10.0;+WOW64)+AppleWebKit/537.36+(KHTML,+like+Gecko)+Chrome/56.0.2924.87+Safari/537.36 http://localhost:51722/User 200 0 0 563
2017-04-11 18:03:24 ::1 GET /__browserLink/requestData/2bf15742fcad4c309dcaa133e4e2ab19 version=2 51722 - ::1 Mozilla/5.0+(Windows+NT+10.0;+WOW64)+AppleWebKit/537.36+(KHTML,+like+Gecko)+Chrome/56.0.2924.87+Safari/537.36 http://localhost:51722/User 200 0 0 58
2017-04-11 18:03:24 ::1 GET /AjaxCall/GetBusinessUnitList/ CompanyId=0 51722 - ::1 Mozilla/5.0+(Windows+NT+10.0;+WOW64)+AppleWebKit/537.36+(KHTML,+like+Gecko)+Chrome/56.0.2924.87+Safari/537.36 http://localhost:51722/User 200 0 0 1483
2017-04-11 18:03:24 ::1 GET /AjaxCall/GetBusinessUnitList/ CompanyId=0 51722 - ::1 Mozilla/5.0+(Windows+NT+10.0;+WOW64)+AppleWebKit/537.36+(KHTML,+like+Gecko)+Chrome/56.0.2924.87+Safari/537.36 http://localhost:51722/User 200 0 0 67
2017-04-11 18:04:12 ::1 GET /User/Edit/277 - 51722 - ::1 Mozilla/5.0+(Windows+NT+10.0;+WOW64)+AppleWebKit/537.36+(KHTML,+like+Gecko)+Chrome/56.0.2924.87+Safari/537.36 http://localhost:51722/User 200 0 0 1720
2017-04-11 18:04:12 ::1 GET /User/GetAllEnabledTransactionMappingAccorssAllRoles _=1491933852750 51722 - ::1 Mozilla/5.0+(Windows+NT+10.0;+WOW64)+AppleWebKit/537.36+(KHTML,+like+Gecko)+Chrome/56.0.2924.87+Safari/537.36 http://localhost:51722/User/Edit/277 200 0 0 111
2017-04-11 18:04:12 ::1 GET /AjaxCall/GetCompanyList/ _=1491933852838 51722 - ::1 Mozilla/5.0+(Windows+NT+10.0;+WOW64)+AppleWebKit/537.36+(KHTML,+like+Gecko)+Chrome/56.0.2924.87+Safari/537.36 http://localhost:51722/User/Edit/277 200 0 0 175
2017-04-11 18:04:12 ::1 GET /__browserLink/requestData/04c83cca3a824a6fa867e617b7706120 version=2 51722 - ::1 Mozilla/5.0+(Windows+NT+10.0;+WOW64)+AppleWebKit/537.36+(KHTML,+like+Gecko)+Chrome/56.0.2924.87+Safari/537.36 http://localhost:51722/User/Edit/277 200 0 0 233
2017-04-11 18:04:12 ::1 GET /AjaxCall/GetBusinessUnitList/ CompanyId=11&_=1491933853047 51722 - ::1 Mozilla/5.0+(Windows+NT+10.0;+WOW64)+AppleWebKit/537.36+(KHTML,+like+Gecko)+Chrome/56.0.2924.87+Safari/537.36 http://localhost:51722/User/Edit/277 200 0 0 356
2017-04-11 18:04:13 ::1 GET /User/GetProjectConfigurationLabelInfo RoleId=41&_=1491933852839 51722 - ::1 Mozilla/5.0+(Windows+NT+10.0;+WOW64)+AppleWebKit/537.36+(KHTML,+like+Gecko)+Chrome/56.0.2924.87+Safari/537.36 http://localhost:51722/User/Edit/277 200 0 0 724
2017-04-11 18:04:13 ::1 GET /AjaxCall/GetCostCenterList/ CompanyId=11&BusinessUnitId=34&_=1491933853412 51722 - ::1 Mozilla/5.0+(Windows+NT+10.0;+WOW64)+AppleWebKit/537.36+(KHTML,+like+Gecko)+Chrome/56.0.2924.87+Safari/537.36 http://localhost:51722/User/Edit/277 200 0 0 711
2017-04-11 18:04:22 ::1 GET /User/PartialUserReimbursableProfile UserId=277&_=1491933855167 51722 - ::1 Mozilla/5.0+(Windows+NT+10.0;+WOW64)+AppleWebKit/537.36+(KHTML,+like+Gecko)+Chrome/56.0.2924.87+Safari/537.36 http://localhost:51722/User/Edit/277 200 0 0 7431
2017-04-11 18:05:54 ::1 POST /User/PartialUserReimbursableProfile UserId=277&_=1491933855167 51722 - ::1 Mozilla/5.0+(Windows+NT+10.0;+WOW64)+AppleWebKit/537.36+(KHTML,+like+Gecko)+Chrome/56.0.2924.87+Safari/537.36 http://localhost:51722/User/Edit/277 302 0 0 86031
2017-04-11 18:05:55 ::1 GET /User/Edit/277 - 51722 - ::1 Mozilla/5.0+(Windows+NT+10.0;+WOW64)+AppleWebKit/537.36+(KHTML,+like+Gecko)+Chrome/56.0.2924.87+Safari/537.36 http://localhost:51722/User/Edit/277 200 0 0 1094
2017-04-11 18:05:55 ::1 GET /User/GetAllEnabledTransactionMappingAccorssAllRoles _=1491933955697 51722 - ::1 Mozilla/5.0+(Windows+NT+10.0;+WOW64)+AppleWebKit/537.36+(KHTML,+like+Gecko)+Chrome/56.0.2924.87+Safari/537.36 http://localhost:51722/User/Edit/277 200 0 0 38
2017-04-11 18:05:55 ::1 GET /AjaxCall/GetCompanyList/ _=1491933955740 51722 - ::1 Mozilla/5.0+(Windows+NT+10.0;+WOW64)+AppleWebKit/537.36+(KHTML,+like+Gecko)+Chrome/56.0.2924.87+Safari/537.36 http://localhost:51722/User/Edit/277 200 0 0 84
2017-04-11 18:05:55 ::1 GET /AjaxCall/GetBusinessUnitList/ CompanyId=11&_=1491933955861 51722 - ::1 Mozilla/5.0+(Windows+NT+10.0;+WOW64)+AppleWebKit/537.36+(KHTML,+like+Gecko)+Chrome/56.0.2924.87+Safari/537.36 http://localhost:51722/User/Edit/277 200 0 0 152
2017-04-11 18:05:55 ::1 GET /__browserLink/requestData/f52d15c6f7074cc79f55b8b629ab1df2 version=2 51722 - ::1 Mozilla/5.0+(Windows+NT+10.0;+WOW64)+AppleWebKit/537.36+(KHTML,+like+Gecko)+Chrome/56.0.2924.87+Safari/537.36 http://localhost:51722/User/Edit/277 200 0 0 307
2017-04-11 18:05:55 ::1 GET /AjaxCall/GetCostCenterList/ CompanyId=11&BusinessUnitId=34&_=1491933956056 51722 - ::1 Mozilla/5.0+(Windows+NT+10.0;+WOW64)+AppleWebKit/537.36+(KHTML,+like+Gecko)+Chrome/56.0.2924.87+Safari/537.36 http://localhost:51722/User/Edit/277 200 0 0 352
2017-04-11 18:05:56 ::1 GET /User/GetProjectConfigurationLabelInfo RoleId=41&_=1491933955742 51722 - ::1 Mozilla/5.0+(Windows+NT+10.0;+WOW64)+AppleWebKit/537.36+(KHTML,+like+Gecko)+Chrome/56.0.2924.87+Safari/537.36 http://localhost:51722/User/Edit/277 200 0 0 1083
2017-04-11 18:06:03 ::1 GET /User/PartialUserReimbursableProfile UserId=277&_=1491933957196 51722 - ::1 Mozilla/5.0+(Windows+NT+10.0;+WOW64)+AppleWebKit/537.36+(KHTML,+like+Gecko)+Chrome/56.0.2924.87+Safari/537.36 http://localhost:51722/User/Edit/277 200 0 0 6105
2017-04-11 18:07:38 ::1 POST /User/PartialUserReimbursableProfile UserId=277&_=1491933957196 51722 - ::1 Mozilla/5.0+(Windows+NT+10.0;+WOW64)+AppleWebKit/537.36+(KHTML,+like+Gecko)+Chrome/56.0.2924.87+Safari/537.36 http://localhost:51722/User/Edit/277 500 0 0 78286
2017-04-11 18:07:48 ::1 GET /User/GetAllEnabledTransactionMappingAccorssAllRoles _=1491934068419 51722 - ::1 Mozilla/5.0+(Windows+NT+10.0;+WOW64)+AppleWebKit/537.36+(KHTML,+like+Gecko)+Chrome/56.0.2924.87+Safari/537.36 http://localhost:51722/User/Edit/277 200 0 0 57
2017-04-11 18:07:48 ::1 GET /User/GetProjectConfigurationLabelInfo RoleId=41&_=1491934068483 51722 - ::1 Mozilla/5.0+(Windows+NT+10.0;+WOW64)+AppleWebKit/537.36+(KHTML,+like+Gecko)+Chrome/56.0.2924.87+Safari/537.36 http://localhost:51722/User/Edit/277 200 0 0 340
2017-04-11 18:07:48 ::1 GET /AjaxCall/GetCompanyList/ _=1491934068481 51722 - ::1 Mozilla/5.0+(Windows+NT+10.0;+WOW64)+AppleWebKit/537.36+(KHTML,+like+Gecko)+Chrome/56.0.2924.87+Safari/537.36 http://localhost:51722/User/Edit/277 200 0 0 740
2017-04-11 18:07:48 ::1 GET /AjaxCall/GetBusinessUnitList/ CompanyId=11&_=1491934069239 51722 - ::1 Mozilla/5.0+(Windows+NT+10.0;+WOW64)+AppleWebKit/537.36+(KHTML,+like+Gecko)+Chrome/56.0.2924.87+Safari/537.36 http://localhost:51722/User/Edit/277 200 0 0 145
2017-04-11 18:07:49 ::1 GET /AjaxCall/GetCostCenterList/ CompanyId=11&BusinessUnitId=34&_=1491934069521 51722 - ::1 Mozilla/5.0+(Windows+NT+10.0;+WOW64)+AppleWebKit/537.36+(KHTML,+like+Gecko)+Chrome/56.0.2924.87+Safari/537.36 http://localhost:51722/User/Edit/277 200 0 0 142
2017-04-11 18:08:00 ::1 GET /User/PartialUserReimbursableProfile UserId=277&_=1491934074552 51722 - ::1 Mozilla/5.0+(Windows+NT+10.0;+WOW64)+AppleWebKit/537.36+(KHTML,+like+Gecko)+Chrome/56.0.2924.87+Safari/537.36 http://localhost:51722/User/Edit/277 200 0 0 6190
2017-04-11 18:08:26 ::1 GET /User/PartialUserReimbursableProfile UserId=277&_=1491934100061 51722 - ::1 Mozilla/5.0+(Windows+NT+10.0;+WOW64)+AppleWebKit/537.36+(KHTML,+like+Gecko)+Chrome/56.0.2924.87+Safari/537.36 http://localhost:51722/User/Edit/277 200 0 0 6753
#Software: Microsoft Internet Information Services 8.0
#Version: 1.0
#Date: 2017-04-11 18:14:19
#Fields: date time s-ip cs-method cs-uri-stem cs-uri-query s-port cs-username c-ip cs(User-Agent) cs(Referer) sc-status sc-substatus sc-win32-status time-taken
2017-04-11 18:14:19 ::1 GET / - 51722 - ::1 Mozilla/5.0+(Windows+NT+10.0;+WOW64)+AppleWebKit/537.36+(KHTML,+like+Gecko)+Chrome/56.0.2924.87+Safari/537.36 - 302 0 0 21600
2017-04-11 18:14:31 ::1 GET /User/LogOn - 51722 - ::1 Mozilla/5.0+(Windows+NT+10.0;+WOW64)+AppleWebKit/537.36+(KHTML,+like+Gecko)+Chrome/56.0.2924.87+Safari/537.36 - 200 0 0 11971
2017-04-11 18:14:31 ::1 GET /__browserLink/requestData/d83b52d99cc1417498926b174ea0a9c0 version=2 51722 - ::1 Mozilla/5.0+(Windows+NT+10.0;+WOW64)+AppleWebKit/537.36+(KHTML,+like+Gecko)+Chrome/56.0.2924.87+Safari/537.36 http://localhost:51722/User/LogOn 200 0 0 39
2017-04-11 18:14:44 ::1 POST /User/LogOn - 51722 - ::1 Mozilla/5.0+(Windows+NT+10.0;+WOW64)+AppleWebKit/537.36+(KHTML,+like+Gecko)+Chrome/56.0.2924.87+Safari/537.36 http://localhost:51722/User/LogOn 200 0 0 10345
2017-04-11 18:14:44 ::1 GET /__browserLink/requestData/4e73b8d412c4413881b4196ec668588a version=2 51722 - ::1 Mozilla/5.0+(Windows+NT+10.0;+WOW64)+AppleWebKit/537.36+(KHTML,+like+Gecko)+Chrome/56.0.2924.87+Safari/537.36 http://localhost:51722/User/LogOn 200 0 0 27
2017-04-11 18:14:56 ::1 POST /User/LogOn - 51722 - ::1 Mozilla/5.0+(Windows+NT+10.0;+WOW64)+AppleWebKit/537.36+(KHTML,+like+Gecko)+Chrome/56.0.2924.87+Safari/537.36 http://localhost:51722/User/LogOn 302 0 0 8025
2017-04-11 18:14:56 ::1 GET / - 51722 - ::1 Mozilla/5.0+(Windows+NT+10.0;+WOW64)+AppleWebKit/537.36+(KHTML,+like+Gecko)+Chrome/56.0.2924.87+Safari/537.36 http://localhost:51722/User/LogOn 302 0 0 39
2017-04-11 18:15:07 ::1 GET /Dashboard/ViewDashboard - 51722 - ::1 Mozilla/5.0+(Windows+NT+10.0;+WOW64)+AppleWebKit/537.36+(KHTML,+like+Gecko)+Chrome/56.0.2924.87+Safari/537.36 http://localhost:51722/User/LogOn 200 0 0 11655
2017-04-11 18:15:07 ::1 GET /__browserLink/requestData/7666cbec65ed48878c847d8f7d7a77af version=2 51722 - ::1 Mozilla/5.0+(Windows+NT+10.0;+WOW64)+AppleWebKit/537.36+(KHTML,+like+Gecko)+Chrome/56.0.2924.87+Safari/537.36 http://localhost:51722/Dashboard/ViewDashboard 200 0 0 203
2017-04-11 18:15:07 ::1 GET /Dashboard/getAjaxTab/1 sDate=null&eDate=null 51722 - ::1 Mozilla/5.0+(Windows+NT+10.0;+WOW64)+AppleWebKit/537.36+(KHTML,+like+Gecko)+Chrome/56.0.2924.87+Safari/537.36 http://localhost:51722/Dashboard/ViewDashboard 200 0 0 661
2017-04-11 18:15:08 ::1 GET /Scripts/v2/easy.pie.chart/jquery.easing.1.3.js _=1491934508657 51722 - ::1 Mozilla/5.0+(Windows+NT+10.0;+WOW64)+AppleWebKit/537.36+(KHTML,+like+Gecko)+Chrome/56.0.2924.87+Safari/537.36 http://localhost:51722/Dashboard/ViewDashboard 200 0 0 99
2017-04-11 18:15:08 ::1 GET /Scripts/v2/easy.pie.chart/jquery.easypiechart.min.js _=1491934508780 51722 - ::1 Mozilla/5.0+(Windows+NT+10.0;+WOW64)+AppleWebKit/537.36+(KHTML,+like+Gecko)+Chrome/56.0.2924.87+Safari/537.36 http://localhost:51722/Dashboard/ViewDashboard 200 0 0 27
2017-04-11 18:15:08 ::1 GET /Scripts/v2/morris.charts/morris.min.js _=1491934508828 51722 - ::1 Mozilla/5.0+(Windows+NT+10.0;+WOW64)+AppleWebKit/537.36+(KHTML,+like+Gecko)+Chrome/56.0.2924.87+Safari/537.36 http://localhost:51722/Dashboard/ViewDashboard 200 0 0 74
2017-04-11 18:15:08 ::1 GET /Scripts/v2/morris.charts/raphael.min.js _=1491934508924 51722 - ::1 Mozilla/5.0+(Windows+NT+10.0;+WOW64)+AppleWebKit/537.36+(KHTML,+like+Gecko)+Chrome/56.0.2924.87+Safari/537.36 http://localhost:51722/Dashboard/ViewDashboard 200 0 0 183
2017-04-11 18:15:11 ::1 GET /Dashboard/GetExpenseTypesAmount/ sDate=null&eDate=null 51722 - ::1 Mozilla/5.0+(Windows+NT+10.0;+WOW64)+AppleWebKit/537.36+(KHTML,+like+Gecko)+Chrome/56.0.2924.87+Safari/537.36 http://localhost:51722/Dashboard/ViewDashboard 200 0 0 2297
2017-04-11 18:15:11 ::1 GET /Dashboard/GetExpenseSubmissions/ sDate=null&eDate=null 51722 - ::1 Mozilla/5.0+(Windows+NT+10.0;+WOW64)+AppleWebKit/537.36+(KHTML,+like+Gecko)+Chrome/56.0.2924.87+Safari/537.36 http://localhost:51722/Dashboard/ViewDashboard 200 0 0 2902
2017-04-11 18:15:12 ::1 GET /Dashboard/GetExpensePostings/ sDate=null&eDate=null 51722 - ::1 Mozilla/5.0+(Windows+NT+10.0;+WOW64)+AppleWebKit/537.36+(KHTML,+like+Gecko)+Chrome/56.0.2924.87+Safari/537.36 http://localhost:51722/Dashboard/ViewDashboard 200 0 0 3691
2017-04-11 18:15:12 ::1 GET /Dashboard/GetExpenseApprovals/ sDate=null&eDate=null 51722 - ::1 Mozilla/5.0+(Windows+NT+10.0;+WOW64)+AppleWebKit/537.36+(KHTML,+like+Gecko)+Chrome/56.0.2924.87+Safari/537.36 http://localhost:51722/Dashboard/ViewDashboard 200 0 0 4266
2017-04-11 18:15:14 ::1 GET /Dashboard/GetPayMethodsAmount/ sDate=null&eDate=null 51722 - ::1 Mozilla/5.0+(Windows+NT+10.0;+WOW64)+AppleWebKit/537.36+(KHTML,+like+Gecko)+Chrome/56.0.2924.87+Safari/537.36 http://localhost:51722/Dashboard/ViewDashboard 200 0 0 5243
2017-04-11 18:15:21 ::1 GET /User - 51722 - ::1 Mozilla/5.0+(Windows+NT+10.0;+WOW64)+AppleWebKit/537.36+(KHTML,+like+Gecko)+Chrome/56.0.2924.87+Safari/537.36 http://localhost:51722/Dashboard/ViewDashboard 200 0 0 2515
2017-04-11 18:15:21 ::1 GET /AjaxCall/GetCompanyList/ - 51722 - ::1 Mozilla/5.0+(Windows+NT+10.0;+WOW64)+AppleWebKit/537.36+(KHTML,+like+Gecko)+Chrome/56.0.2924.87+Safari/537.36 http://localhost:51722/User 200 0 0 314
2017-04-11 18:15:21 ::1 GET /__browserLink/requestData/967da61b2dbc4cfdaa7be18ded2eaa86 version=2 51722 - ::1 Mozilla/5.0+(Windows+NT+10.0;+WOW64)+AppleWebKit/537.36+(KHTML,+like+Gecko)+Chrome/56.0.2924.87+Safari/537.36 http://localhost:51722/User 200 0 0 102
2017-04-11 18:15:22 ::1 GET /AjaxCall/GetBusinessUnitList/ CompanyId=0 51722 - ::1 Mozilla/5.0+(Windows+NT+10.0;+WOW64)+AppleWebKit/537.36+(KHTML,+like+Gecko)+Chrome/56.0.2924.87+Safari/537.36 http://localhost:51722/User 200 0 0 1068
2017-04-11 18:15:22 ::1 GET /AjaxCall/GetBusinessUnitList/ CompanyId=0 51722 - ::1 Mozilla/5.0+(Windows+NT+10.0;+WOW64)+AppleWebKit/537.36+(KHTML,+like+Gecko)+Chrome/56.0.2924.87+Safari/537.36 http://localhost:51722/User 200 0 0 56
2017-04-11 18:15:29 ::1 GET /User/Edit/277 - 51722 - ::1 Mozilla/5.0+(Windows+NT+10.0;+WOW64)+AppleWebKit/537.36+(KHTML,+like+Gecko)+Chrome/56.0.2924.87+Safari/537.36 http://localhost:51722/User 200 0 0 2049
2017-04-11 18:15:29 ::1 GET /User/GetAllEnabledTransactionMappingAccorssAllRoles _=1491934529312 51722 - ::1 Mozilla/5.0+(Windows+NT+10.0;+WOW64)+AppleWebKit/537.36+(KHTML,+like+Gecko)+Chrome/56.0.2924.87+Safari/537.36 http://localhost:51722/User/Edit/277 200 0 0 76
2017-04-11 18:15:29 ::1 GET /User/GetProjectConfigurationLabelInfo RoleId=41&_=1491934529395 51722 - ::1 Mozilla/5.0+(Windows+NT+10.0;+WOW64)+AppleWebKit/537.36+(KHTML,+like+Gecko)+Chrome/56.0.2924.87+Safari/537.36 http://localhost:51722/User/Edit/277 200 0 0 220
2017-04-11 18:15:29 ::1 GET /__browserLink/requestData/6e572a234e80492b9d91abab82b7f0d4 version=2 51722 - ::1 Mozilla/5.0+(Windows+NT+10.0;+WOW64)+AppleWebKit/537.36+(KHTML,+like+Gecko)+Chrome/56.0.2924.87+Safari/537.36 http://localhost:51722/User/Edit/277 200 0 0 155
2017-04-11 18:15:30 ::1 GET /AjaxCall/GetCompanyList/ _=1491934529393 51722 - ::1 Mozilla/5.0+(Windows+NT+10.0;+WOW64)+AppleWebKit/537.36+(KHTML,+like+Gecko)+Chrome/56.0.2924.87+Safari/537.36 http://localhost:51722/User/Edit/277 200 0 0 659
2017-04-11 18:15:30 ::1 GET /AjaxCall/GetBusinessUnitList/ CompanyId=11&_=1491934530060 51722 - ::1 Mozilla/5.0+(Windows+NT+10.0;+WOW64)+AppleWebKit/537.36+(KHTML,+like+Gecko)+Chrome/56.0.2924.87+Safari/537.36 http://localhost:51722/User/Edit/277 200 0 0 67
2017-04-11 18:15:30 ::1 GET /AjaxCall/GetCostCenterList/ CompanyId=11&BusinessUnitId=34&_=1491934530129 51722 - ::1 Mozilla/5.0+(Windows+NT+10.0;+WOW64)+AppleWebKit/537.36+(KHTML,+like+Gecko)+Chrome/56.0.2924.87+Safari/537.36 http://localhost:51722/User/Edit/277 200 0 0 157
2017-04-11 18:15:46 ::1 GET /User/PartialUserReimbursableProfile UserId=277&_=1491934534951 51722 - ::1 Mozilla/5.0+(Windows+NT+10.0;+WOW64)+AppleWebKit/537.36+(KHTML,+like+Gecko)+Chrome/56.0.2924.87+Safari/537.36 http://localhost:51722/User/Edit/277 200 0 0 11314
2017-04-11 18:17:34 ::1 POST /User/PartialUserReimbursableProfile UserId=277&_=1491934534951 51722 - ::1 Mozilla/5.0+(Windows+NT+10.0;+WOW64)+AppleWebKit/537.36+(KHTML,+like+Gecko)+Chrome/56.0.2924.87+Safari/537.36 http://localhost:51722/User/Edit/277 302 0 0 64792
2017-04-11 18:17:35 ::1 GET /User/Edit/277 - 51722 - ::1 Mozilla/5.0+(Windows+NT+10.0;+WOW64)+AppleWebKit/537.36+(KHTML,+like+Gecko)+Chrome/56.0.2924.87+Safari/537.36 http://localhost:51722/User/Edit/277 200 0 0 1165
2017-04-11 18:17:35 ::1 GET /User/GetAllEnabledTransactionMappingAccorssAllRoles _=1491934655807 51722 - ::1 Mozilla/5.0+(Windows+NT+10.0;+WOW64)+AppleWebKit/537.36+(KHTML,+like+Gecko)+Chrome/56.0.2924.87+Safari/537.36 http://localhost:51722/User/Edit/277 200 0 0 103
2017-04-11 18:17:35 ::1 GET /AjaxCall/GetCompanyList/ _=1491934655932 51722 - ::1 Mozilla/5.0+(Windows+NT+10.0;+WOW64)+AppleWebKit/537.36+(KHTML,+like+Gecko)+Chrome/56.0.2924.87+Safari/537.36 http://localhost:51722/User/Edit/277 200 0 0 75
2017-04-11 18:17:35 ::1 GET /User/GetProjectConfigurationLabelInfo RoleId=41&_=1491934655934 51722 - ::1 Mozilla/5.0+(Windows+NT+10.0;+WOW64)+AppleWebKit/537.36+(KHTML,+like+Gecko)+Chrome/56.0.2924.87+Safari/537.36 http://localhost:51722/User/Edit/277 200 0 0 113
2017-04-11 18:17:35 ::1 GET /AjaxCall/GetBusinessUnitList/ CompanyId=11&_=1491934656146 51722 - ::1 Mozilla/5.0+(Windows+NT+10.0;+WOW64)+AppleWebKit/537.36+(KHTML,+like+Gecko)+Chrome/56.0.2924.87+Safari/537.36 http://localhost:51722/User/Edit/277 200 0 0 53
2017-04-11 18:17:35 ::1 GET /AjaxCall/GetCostCenterList/ CompanyId=11&BusinessUnitId=34&_=1491934656212 51722 - ::1 Mozilla/5.0+(Windows+NT+10.0;+WOW64)+AppleWebKit/537.36+(KHTML,+like+Gecko)+Chrome/56.0.2924.87+Safari/537.36 http://localhost:51722/User/Edit/277 200 0 0 124
2017-04-11 18:17:35 ::1 GET /__browserLink/requestData/fc31f458e3714d3889eaebd6f24931e0 version=2 51722 - ::1 Mozilla/5.0+(Windows+NT+10.0;+WOW64)+AppleWebKit/537.36+(KHTML,+like+Gecko)+Chrome/56.0.2924.87+Safari/537.36 http://localhost:51722/User/Edit/277 200 0 0 107
#Software: Microsoft Internet Information Services 8.0
#Version: 1.0
#Date: 2017-04-11 18:29:08
#Fields: date time s-ip cs-method cs-uri-stem cs-uri-query s-port cs-username c-ip cs(User-Agent) cs(Referer) sc-status sc-substatus sc-win32-status time-taken
2017-04-11 18:29:08 ::1 GET / - 51722 - ::1 Mozilla/5.0+(Windows+NT+10.0;+WOW64)+AppleWebKit/537.36+(KHTML,+like+Gecko)+Chrome/56.0.2924.87+Safari/537.36 - 302 0 0 28125
2017-04-11 18:29:24 ::1 GET /User/LogOn - 51722 - ::1 Mozilla/5.0+(Windows+NT+10.0;+WOW64)+AppleWebKit/537.36+(KHTML,+like+Gecko)+Chrome/56.0.2924.87+Safari/537.36 - 200 0 0 15412
2017-04-11 18:29:25 ::1 GET /__browserLink/requestData/300da9a97f744e6a978752dabda418f9 version=2 51722 - ::1 Mozilla/5.0+(Windows+NT+10.0;+WOW64)+AppleWebKit/537.36+(KHTML,+like+Gecko)+Chrome/56.0.2924.87+Safari/537.36 http://localhost:51722/User/LogOn 200 0 0 58
2017-04-11 18:30:38 ::1 POST /User/LogOn - 51722 - ::1 Mozilla/5.0+(Windows+NT+10.0;+WOW64)+AppleWebKit/537.36+(KHTML,+like+Gecko)+Chrome/56.0.2924.87+Safari/537.36 http://localhost:51722/User/LogOn 200 0 0 37114
2017-04-11 18:30:38 ::1 GET /__browserLink/requestData/48706de8e88e4706bbe803885047513f version=2 51722 - ::1 Mozilla/5.0+(Windows+NT+10.0;+WOW64)+AppleWebKit/537.36+(KHTML,+like+Gecko)+Chrome/56.0.2924.87+Safari/537.36 http://localhost:51722/User/LogOn 200 0 0 22
2017-04-11 18:31:32 ::1 POST /User/LogOn - 51722 - ::1 Mozilla/5.0+(Windows+NT+10.0;+WOW64)+AppleWebKit/537.36+(KHTML,+like+Gecko)+Chrome/56.0.2924.87+Safari/537.36 http://localhost:51722/User/LogOn 200 0 64 46873
#Software: Microsoft Internet Information Services 8.0
#Version: 1.0
#Date: 2017-04-11 21:46:49
#Fields: date time s-ip cs-method cs-uri-stem cs-uri-query s-port cs-username c-ip cs(User-Agent) cs(Referer) sc-status sc-substatus sc-win32-status time-taken
2017-04-11 21:46:49 ::1 GET / - 51722 - ::1 Mozilla/5.0+(Windows+NT+10.0;+WOW64)+AppleWebKit/537.36+(KHTML,+like+Gecko)+Chrome/57.0.2987.133+Safari/537.36 - 302 0 0 27564
2017-04-11 21:47:06 ::1 GET /User/LogOn - 51722 - ::1 Mozilla/5.0+(Windows+NT+10.0;+WOW64)+AppleWebKit/537.36+(KHTML,+like+Gecko)+Chrome/57.0.2987.133+Safari/537.36 - 200 0 0 17350
2017-04-11 21:47:06 ::1 GET /css/login-css v=L_Y2DGsS7UheDOBpT72g7L8lIMk6grQWizSXUkSDVlE1 51722 - ::1 Mozilla/5.0+(Windows+NT+10.0;+WOW64)+AppleWebKit/537.36+(KHTML,+like+Gecko)+Chrome/57.0.2987.133+Safari/537.36 http://localhost:51722/User/LogOn 200 0 0 132
2017-04-11 21:47:06 ::1 GET /Scripts/login-js v=oGRG_oxR_ZHazTV6Mj7Ft23CnrW2uYg_pLBjp-7brhY1 51722 - ::1 Mozilla/5.0+(Windows+NT+10.0;+WOW64)+AppleWebKit/537.36+(KHTML,+like+Gecko)+Chrome/57.0.2987.133+Safari/537.36 http://localhost:51722/User/LogOn 200 0 0 149
2017-04-11 21:47:06 ::1 GET /images/logo_color.png - 51722 - ::1 Mozilla/5.0+(Windows+NT+10.0;+WOW64)+AppleWebKit/537.36+(KHTML,+like+Gecko)+Chrome/57.0.2987.133+Safari/537.36 http://localhost:51722/User/LogOn 200 0 0 146
2017-04-11 21:47:06 ::1 GET /images/bg-form-field.gif - 51722 - ::1 Mozilla/5.0+(Windows+NT+10.0;+WOW64)+AppleWebKit/537.36+(KHTML,+like+Gecko)+Chrome/57.0.2987.133+Safari/537.36 http://localhost:51722/css/login-css?v=L_Y2DGsS7UheDOBpT72g7L8lIMk6grQWizSXUkSDVlE1 200 0 0 70
2017-04-11 21:47:09 ::1 GET /__browserLink/requestData/2bec4cdda74f473f99e1b3033679813d version=2 51722 - ::1 Mozilla/5.0+(Windows+NT+10.0;+WOW64)+AppleWebKit/537.36+(KHTML,+like+Gecko)+Chrome/57.0.2987.133+Safari/537.36 http://localhost:51722/User/LogOn 200 0 0 31
2017-04-11 21:48:25 ::1 POST /User/LogOn - 51722 - ::1 Mozilla/5.0+(Windows+NT+10.0;+WOW64)+AppleWebKit/537.36+(KHTML,+like+Gecko)+Chrome/57.0.2987.133+Safari/537.36 http://localhost:51722/User/LogOn 302 0 0 62325
2017-04-11 21:48:25 ::1 GET / - 51722 - ::1 Mozilla/5.0+(Windows+NT+10.0;+WOW64)+AppleWebKit/537.36+(KHTML,+like+Gecko)+Chrome/57.0.2987.133+Safari/537.36 http://localhost:51722/User/LogOn 302 0 0 43
2017-04-11 21:48:53 ::1 GET /Dashboard/ViewDashboard - 51722 - ::1 Mozilla/5.0+(Windows+NT+10.0;+WOW64)+AppleWebKit/537.36+(KHTML,+like+Gecko)+Chrome/57.0.2987.133+Safari/537.36 http://localhost:51722/User/LogOn 200 0 0 27894
2017-04-11 21:48:53 ::1 GET /css/SiteLayoutPageForMasters-css v=jqBO7uSEfV0NdiQPA3I2L8eQ8TUK4sI9GEEXOZI-EkI1 51722 - ::1 Mozilla/5.0+(Windows+NT+10.0;+WOW64)+AppleWebKit/537.36+(KHTML,+like+Gecko)+Chrome/57.0.2987.133+Safari/537.36 http://localhost:51722/Dashboard/ViewDashboard 200 0 0 36
2017-04-11 21:48:53 ::1 GET /Scripts/SiteLayoutPageForMasters-js v=DirW9OyH9H8bJx5e09efMra6GF1GfmxaSxR-Uzl2eP81 51722 - ::1 Mozilla/5.0+(Windows+NT+10.0;+WOW64)+AppleWebKit/537.36+(KHTML,+like+Gecko)+Chrome/57.0.2987.133+Safari/537.36 http://localhost:51722/Dashboard/ViewDashboard 200 0 0 59
2017-04-11 21:48:53 ::1 GET /images/logo_1.png - 51722 - ::1 Mozilla/5.0+(Windows+NT+10.0;+WOW64)+AppleWebKit/537.36+(KHTML,+like+Gecko)+Chrome/57.0.2987.133+Safari/537.36 http://localhost:51722/Dashboard/ViewDashboard 200 0 0 32
2017-04-11 21:48:53 ::1 GET /images/icons/home_48.png - 51722 - ::1 Mozilla/5.0+(Windows+NT+10.0;+WOW64)+AppleWebKit/537.36+(KHTML,+like+Gecko)+Chrome/57.0.2987.133+Safari/537.36 http://localhost:51722/Dashboard/ViewDashboard 200 0 0 31
2017-04-11 21:48:53 ::1 GET /images/icons/users_two_48.png - 51722 - ::1 Mozilla/5.0+(Windows+NT+10.0;+WOW64)+AppleWebKit/537.36+(KHTML,+like+Gecko)+Chrome/57.0.2987.133+Safari/537.36 http://localhost:51722/Dashboard/ViewDashboard 200 0 0 67
2017-04-11 21:48:53 ::1 GET /images/ui-bg_flat_75_ffffff_40x100.png - 51722 - ::1 Mozilla/5.0+(Windows+NT+10.0;+WOW64)+AppleWebKit/537.36+(KHTML,+like+Gecko)+Chrome/57.0.2987.133+Safari/537.36 http://localhost:51722/css/SiteLayoutPageForMasters-css?v=jqBO7uSEfV0NdiQPA3I2L8eQ8TUK4sI9GEEXOZI-EkI1 200 0 0 20
2017-04-11 21:48:53 ::1 GET /images/bg-menu-item-current.gif - 51722 - ::1 Mozilla/5.0+(Windows+NT+10.0;+WOW64)+AppleWebKit/537.36+(KHTML,+like+Gecko)+Chrome/57.0.2987.133+Safari/537.36 http://localhost:51722/css/SiteLayoutPageForMasters-css?v=jqBO7uSEfV0NdiQPA3I2L8eQ8TUK4sI9GEEXOZI-EkI1 200 0 0 4
2017-04-11 21:48:53 ::1 GET /images/icons/pie_chart_48.png - 51722 - ::1 Mozilla/5.0+(Windows+NT+10.0;+WOW64)+AppleWebKit/537.36+(KHTML,+like+Gecko)+Chrome/57.0.2987.133+Safari/537.36 http://localhost:51722/Dashboard/ViewDashboard 200 0 0 55
2017-04-11 21:48:53 ::1 GET /images/ui-icons_222222_256x240.png - 51722 - ::1 Mozilla/5.0+(Windows+NT+10.0;+WOW64)+AppleWebKit/537.36+(KHTML,+like+Gecko)+Chrome/57.0.2987.133+Safari/537.36 http://localhost:51722/css/SiteLayoutPageForMasters-css?v=jqBO7uSEfV0NdiQPA3I2L8eQ8TUK4sI9GEEXOZI-EkI1 200 0 0 36
2017-04-11 21:48:53 ::1 GET /images/shortcut-button-bg.gif - 51722 - ::1 Mozilla/5.0+(Windows+NT+10.0;+WOW64)+AppleWebKit/537.36+(KHTML,+like+Gecko)+Chrome/57.0.2987.133+Safari/537.36 http://localhost:51722/css/SiteLayoutPageForMasters-css?v=jqBO7uSEfV0NdiQPA3I2L8eQ8TUK4sI9GEEXOZI-EkI1 200 0 0 31
2017-04-11 21:48:53 ::1 GET /images/bg-menu-item-blue.gif - 51722 - ::1 Mozilla/5.0+(Windows+NT+10.0;+WOW64)+AppleWebKit/537.36+(KHTML,+like+Gecko)+Chrome/57.0.2987.133+Safari/537.36 http://localhost:51722/css/SiteLayoutPageForMasters-css?v=jqBO7uSEfV0NdiQPA3I2L8eQ8TUK4sI9GEEXOZI-EkI1 200 0 0 26
2017-04-11 21:48:53 ::1 GET /images/bg-body.gif - 51722 - ::1 Mozilla/5.0+(Windows+NT+10.0;+WOW64)+AppleWebKit/537.36+(KHTML,+like+Gecko)+Chrome/57.0.2987.133+Safari/537.36 http://localhost:51722/css/SiteLayoutPageForMasters-css?v=jqBO7uSEfV0NdiQPA3I2L8eQ8TUK4sI9GEEXOZI-EkI1 200 0 0 63
2017-04-11 21:48:53 ::1 GET /__browserLink/requestData/5af901a6e62d48fd8b3e4e0192aa6b80 version=2 51722 - ::1 Mozilla/5.0+(Windows+NT+10.0;+WOW64)+AppleWebKit/537.36+(KHTML,+like+Gecko)+Chrome/57.0.2987.133+Safari/537.36 http://localhost:51722/Dashboard/ViewDashboard 200 0 0 36
2017-04-11 21:48:57 ::1 GET /Dashboard/getAjaxTab/1 sDate=null&eDate=null 51722 - ::1 Mozilla/5.0+(Windows+NT+10.0;+WOW64)+AppleWebKit/537.36+(KHTML,+like+Gecko)+Chrome/57.0.2987.133+Safari/537.36 http://localhost:51722/Dashboard/ViewDashboard 200 0 0 3775
2017-04-11 21:48:57 ::1 GET /Scripts/v2/morris.charts/morris.css - 51722 - ::1 Mozilla/5.0+(Windows+NT+10.0;+WOW64)+AppleWebKit/537.36+(KHTML,+like+Gecko)+Chrome/57.0.2987.133+Safari/537.36 http://localhost:51722/Dashboard/ViewDashboard 200 0 0 23
2017-04-11 21:48:57 ::1 GET /Scripts/v2/easy.pie.chart/style.css - 51722 - ::1 Mozilla/5.0+(Windows+NT+10.0;+WOW64)+AppleWebKit/537.36+(KHTML,+like+Gecko)+Chrome/57.0.2987.133+Safari/537.36 http://localhost:51722/Dashboard/ViewDashboard 200 0 0 85
2017-04-11 21:48:57 ::1 GET /Scripts/v2/easy.pie.chart/jquery.easing.1.3.js _=1491947337373 51722 - ::1 Mozilla/5.0+(Windows+NT+10.0;+WOW64)+AppleWebKit/537.36+(KHTML,+like+Gecko)+Chrome/57.0.2987.133+Safari/537.36 http://localhost:51722/Dashboard/ViewDashboard 200 0 0 110
2017-04-11 21:48:57 ::1 GET /Scripts/v2/easy.pie.chart/jquery.easypiechart.min.js _=1491947337489 51722 - ::1 Mozilla/5.0+(Windows+NT+10.0;+WOW64)+AppleWebKit/537.36+(KHTML,+like+Gecko)+Chrome/57.0.2987.133+Safari/537.36 http://localhost:51722/Dashboard/ViewDashboard 200 0 0 115
2017-04-11 21:48:57 ::1 GET /Scripts/v2/morris.charts/morris.min.js _=1491947337607 51722 - ::1 Mozilla/5.0+(Windows+NT+10.0;+WOW64)+AppleWebKit/537.36+(KHTML,+like+Gecko)+Chrome/57.0.2987.133+Safari/537.36 http://localhost:51722/Dashboard/ViewDashboard 200 0 0 62
2017-04-11 21:48:57 ::1 GET /Scripts/v2/morris.charts/raphael.min.js _=1491947337684 51722 - ::1 Mozilla/5.0+(Windows+NT+10.0;+WOW64)+AppleWebKit/537.36+(KHTML,+like+Gecko)+Chrome/57.0.2987.133+Safari/537.36 http://localhost:51722/Dashboard/ViewDashboard 200 0 0 133
2017-04-11 21:48:57 ::1 GET /css/chosen-sprite.png - 51722 - ::1 Mozilla/5.0+(Windows+NT+10.0;+WOW64)+AppleWebKit/537.36+(KHTML,+like+Gecko)+Chrome/57.0.2987.133+Safari/537.36 http://localhost:51722/css/SiteLayoutPageForMasters-css?v=jqBO7uSEfV0NdiQPA3I2L8eQ8TUK4sI9GEEXOZI-EkI1 200 0 0 3
2017-04-11 21:48:57 ::1 GET /Images/loading.gif - 51722 - ::1 Mozilla/5.0+(Windows+NT+10.0;+WOW64)+AppleWebKit/537.36+(KHTML,+like+Gecko)+Chrome/57.0.2987.133+Safari/537.36 http://localhost:51722/Dashboard/ViewDashboard 200 0 0 28
2017-04-11 21:49:09 ::1 GET /Dashboard/GetExpenseSubmissions/ sDate=null&eDate=null 51722 - ::1 Mozilla/5.0+(Windows+NT+10.0;+WOW64)+AppleWebKit/537.36+(KHTML,+like+Gecko)+Chrome/57.0.2987.133+Safari/537.36 http://localhost:51722/Dashboard/ViewDashboard 200 0 0 12030
2017-04-11 21:49:20 ::1 GET /Dashboard/GetExpenseTypesAmount/ sDate=null&eDate=null 51722 - ::1 Mozilla/5.0+(Windows+NT+10.0;+WOW64)+AppleWebKit/537.36+(KHTML,+like+Gecko)+Chrome/57.0.2987.133+Safari/537.36 http://localhost:51722/Dashboard/ViewDashboard 200 0 0 22286
2017-04-11 21:49:29 ::1 GET /Dashboard/GetExpenseApprovals/ sDate=null&eDate=null 51722 - ::1 Mozilla/5.0+(Windows+NT+10.0;+WOW64)+AppleWebKit/537.36+(KHTML,+like+Gecko)+Chrome/57.0.2987.133+Safari/537.36 http://localhost:51722/Dashboard/ViewDashboard 200 0 0 31357
2017-04-11 21:50:28 ::1 GET /User/BankProfileList - 51722 - ::1 Mozilla/5.0+(Windows+NT+10.0;+WOW64)+AppleWebKit/537.36+(KHTML,+like+Gecko)+Chrome/57.0.2987.133+Safari/537.36 http://localhost:51722/Dashboard/ViewDashboard 200 0 0 86495
2017-04-11 21:50:28 ::1 GET /Scripts/chosen/chosen.css - 51722 - ::1 Mozilla/5.0+(Windows+NT+10.0;+WOW64)+AppleWebKit/537.36+(KHTML,+like+Gecko)+Chrome/57.0.2987.133+Safari/537.36 http://localhost:51722/User/BankProfileList 200 0 0 22
2017-04-11 21:50:28 ::1 GET /css/site-home-css v=c3YSqVVvIHTJRKvZARgqdkEXE6DEB7Kx5MBIQQt4oSE1 51722 - ::1 Mozilla/5.0+(Windows+NT+10.0;+WOW64)+AppleWebKit/537.36+(KHTML,+like+Gecko)+Chrome/57.0.2987.133+Safari/537.36 http://localhost:51722/User/BankProfileList 200 0 0 38
2017-04-11 21:50:28 ::1 GET /Scripts/chosen/chosen.jquery.js - 51722 - ::1 Mozilla/5.0+(Windows+NT+10.0;+WOW64)+AppleWebKit/537.36+(KHTML,+like+Gecko)+Chrome/57.0.2987.133+Safari/537.36 http://localhost:51722/User/BankProfileList 200 0 0 67
2017-04-11 21:50:28 ::1 GET /Scripts/site-home-js v=AV1K_ijGoRipvhQZlOQVGnqLD_fMcoEXETSdoeNuZU81 51722 - ::1 Mozilla/5.0+(Windows+NT+10.0;+WOW64)+AppleWebKit/537.36+(KHTML,+like+Gecko)+Chrome/57.0.2987.133+Safari/537.36 http://localhost:51722/User/BankProfileList 200 0 0 85
2017-04-11 21:50:28 ::1 GET /images/icons/cross_grey_small.png - 51722 - ::1 Mozilla/5.0+(Windows+NT+10.0;+WOW64)+AppleWebKit/537.36+(KHTML,+like+Gecko)+Chrome/57.0.2987.133+Safari/537.36 http://localhost:51722/User/BankProfileList 200 0 0 44
2017-04-11 21:50:28 ::1 GET /images/icons/pencil.png - 51722 - ::1 Mozilla/5.0+(Windows+NT+10.0;+WOW64)+AppleWebKit/537.36+(KHTML,+like+Gecko)+Chrome/57.0.2987.133+Safari/537.36 http://localhost:51722/User/BankProfileList 200 0 0 11
2017-04-11 21:50:28 ::1 GET /Images/icons/cross.png - 51722 - ::1 Mozilla/5.0+(Windows+NT+10.0;+WOW64)+AppleWebKit/537.36+(KHTML,+like+Gecko)+Chrome/57.0.2987.133+Safari/537.36 http://localhost:51722/User/BankProfileList 200 0 0 18
2017-04-11 21:50:28 ::1 GET /images/menu-current-arrow.gif - 51722 - ::1 Mozilla/5.0+(Windows+NT+10.0;+WOW64)+AppleWebKit/537.36+(KHTML,+like+Gecko)+Chrome/57.0.2987.133+Safari/537.36 http://localhost:51722/css/site-home-css?v=c3YSqVVvIHTJRKvZARgqdkEXE6DEB7Kx5MBIQQt4oSE1 200 0 0 10
2017-04-11 21:50:28 ::1 GET /images/icons/information.png - 51722 - ::1 Mozilla/5.0+(Windows+NT+10.0;+WOW64)+AppleWebKit/537.36+(KHTML,+like+Gecko)+Chrome/57.0.2987.133+Safari/537.36 http://localhost:51722/css/site-home-css?v=c3YSqVVvIHTJRKvZARgqdkEXE6DEB7Kx5MBIQQt4oSE1 200 0 0 51
2017-04-11 21:50:28 ::1 GET /__browserLink/requestData/78ffcf015d8241898ca68fc44664fd51 version=2 51722 - ::1 Mozilla/5.0+(Windows+NT+10.0;+WOW64)+AppleWebKit/537.36+(KHTML,+like+Gecko)+Chrome/57.0.2987.133+Safari/537.36 http://localhost:51722/User/BankProfileList 200 0 0 40
2017-04-11 21:50:52 ::1 GET /Dashboard/GetExpensePostings/ sDate=null&eDate=null 51722 - ::1 Mozilla/5.0+(Windows+NT+10.0;+WOW64)+AppleWebKit/537.36+(KHTML,+like+Gecko)+Chrome/57.0.2987.133+Safari/537.36 http://localhost:51722/Dashboard/ViewDashboard 200 0 64 114306
2017-04-11 21:51:04 ::1 GET /Dashboard/GetPayMethodsAmount/ sDate=null&eDate=null 51722 - ::1 Mozilla/5.0+(Windows+NT+10.0;+WOW64)+AppleWebKit/537.36+(KHTML,+like+Gecko)+Chrome/57.0.2987.133+Safari/537.36 http://localhost:51722/Dashboard/ViewDashboard 200 0 64 126893
2017-04-11 21:52:02 ::1 GET /User/AddNewUserBankProfile - 51722 - ::1 Mozilla/5.0+(Windows+NT+10.0;+WOW64)+AppleWebKit/537.36+(KHTML,+like+Gecko)+Chrome/57.0.2987.133+Safari/537.36 http://localhost:51722/User/BankProfileList 200 0 0 31450
2017-04-11 21:52:02 ::1 GET /Scripts/chosen/Chosen.css - 51722 - ::1 Mozilla/5.0+(Windows+NT+10.0;+WOW64)+AppleWebKit/537.36+(KHTML,+like+Gecko)+Chrome/57.0.2987.133+Safari/537.36 http://localhost:51722/User/AddNewUserBankProfile 200 0 0 89
2017-04-11 21:52:02 ::1 GET /Scripts/chosen/chosen-sprite.png - 51722 - ::1 Mozilla/5.0+(Windows+NT+10.0;+WOW64)+AppleWebKit/537.36+(KHTML,+like+Gecko)+Chrome/57.0.2987.133+Safari/537.36 http://localhost:51722/Scripts/chosen/Chosen.css 200 0 0 55
2017-04-11 21:52:02 ::1 GET /__browserLink/requestData/82e7dda2105443ce8f4469a8acc9d566 version=2 51722 - ::1 Mozilla/5.0+(Windows+NT+10.0;+WOW64)+AppleWebKit/537.36+(KHTML,+like+Gecko)+Chrome/57.0.2987.133+Safari/537.36 http://localhost:51722/User/AddNewUserBankProfile 200 0 0 258
2017-04-11 21:52:05 ::1 GET /AjaxCall/GetCustomerList/ UserId=50 51722 - ::1 Mozilla/5.0+(Windows+NT+10.0;+WOW64)+AppleWebKit/537.36+(KHTML,+like+Gecko)+Chrome/57.0.2987.133+Safari/537.36 http://localhost:51722/User/AddNewUserBankProfile 200 0 0 2249
2017-04-11 21:52:07 ::1 GET /AjaxCall/GetProjectList/ UserId=50&ExpenseDate=4/12/2017 51722 - ::1 Mozilla/5.0+(Windows+NT+10.0;+WOW64)+AppleWebKit/537.36+(KHTML,+like+Gecko)+Chrome/57.0.2987.133+Safari/537.36 http://localhost:51722/User/AddNewUserBankProfile 200 0 0 2578
2017-04-11 21:52:07 ::1 GET /AjaxCall/GetProjectTaskList/ ExpenseDate=4/12/2017&TaskType=Expense 51722 - ::1 Mozilla/5.0+(Windows+NT+10.0;+WOW64)+AppleWebKit/537.36+(KHTML,+like+Gecko)+Chrome/57.0.2987.133+Safari/537.36 http://localhost:51722/User/AddNewUserBankProfile 200 0 0 41
2017-04-11 21:52:07 ::1 GET /AjaxCall/GetBillingCodeList/ - 51722 - ::1 Mozilla/5.0+(Windows+NT+10.0;+WOW64)+AppleWebKit/537.36+(KHTML,+like+Gecko)+Chrome/57.0.2987.133+Safari/537.36 http://localhost:51722/User/AddNewUserBankProfile 200 0 0 5590
2017-04-11 21:52:07 ::1 GET /PayMethod/GetPayMethodIsReimbursable MethodId=0 51722 - ::1 Mozilla/5.0+(Windows+NT+10.0;+WOW64)+AppleWebKit/537.36+(KHTML,+like+Gecko)+Chrome/57.0.2987.133+Safari/537.36 http://localhost:51722/User/AddNewUserBankProfile 200 0 0 5658
2017-04-11 21:53:06 ::1 GET /User/GetEmployees - 51722 - ::1 Mozilla/5.0+(Windows+NT+10.0;+WOW64)+AppleWebKit/537.36+(KHTML,+like+Gecko)+Chrome/57.0.2987.133+Safari/537.36 http://localhost:51722/User/AddNewUserBankProfile 200 0 0 63231
2017-04-11 21:53:06 ::1 GET /PayMethod/GetPayMethodIsReimbursable MethodId=22 51722 - ::1 Mozilla/5.0+(Windows+NT+10.0;+WOW64)+AppleWebKit/537.36+(KHTML,+like+Gecko)+Chrome/57.0.2987.133+Safari/537.36 http://localhost:51722/User/AddNewUserBankProfile 200 0 0 29863
2017-04-11 21:53:34 ::1 GET /User/FillUserByUserId/ UserId=248 51722 - ::1 Mozilla/5.0+(Windows+NT+10.0;+WOW64)+AppleWebKit/537.36+(KHTML,+like+Gecko)+Chrome/57.0.2987.133+Safari/537.36 http://localhost:51722/User/AddNewUserBankProfile 200 0 64 78052
2017-04-11 21:54:12 ::1 POST /User/AddNewUserBankProfile - 51722 - ::1 Mozilla/5.0+(Windows+NT+10.0;+WOW64)+AppleWebKit/537.36+(KHTML,+like+Gecko)+Chrome/57.0.2987.133+Safari/537.36 http://localhost:51722/User/AddNewUserBankProfile 302 0 0 85316
2017-04-11 21:54:12 ::1 GET /User/LogOn - 51722 - ::1 Mozilla/5.0+(Windows+NT+10.0;+WOW64)+AppleWebKit/537.36+(KHTML,+like+Gecko)+Chrome/57.0.2987.133+Safari/537.36 http://localhost:51722/User/AddNewUserBankProfile 200 0 0 178
2017-04-11 21:54:12 ::1 GET /__browserLink/requestData/11b6f580b26b4749b3a4fcb4b0e528b8 version=2 51722 - ::1 Mozilla/5.0+(Windows+NT+10.0;+WOW64)+AppleWebKit/537.36+(KHTML,+like+Gecko)+Chrome/57.0.2987.133+Safari/537.36 http://localhost:51722/User/LogOn 200 0 0 17
#Software: Microsoft Internet Information Services 8.0
#Version: 1.0
#Date: 2017-04-11 21:55:11
#Fields: date time s-ip cs-method cs-uri-stem cs-uri-query s-port cs-username c-ip cs(User-Agent) cs(Referer) sc-status sc-substatus sc-win32-status time-taken
2017-04-11 21:55:11 ::1 GET / - 51722 - ::1 Mozilla/5.0+(Windows+NT+10.0;+WOW64)+AppleWebKit/537.36+(KHTML,+like+Gecko)+Chrome/57.0.2987.133+Safari/537.36 - 302 0 0 6693
2017-04-11 21:55:16 ::1 GET /User/LogOn - 51722 - ::1 Mozilla/5.0+(Windows+NT+10.0;+WOW64)+AppleWebKit/537.36+(KHTML,+like+Gecko)+Chrome/57.0.2987.133+Safari/537.36 - 200 0 0 4848
2017-04-11 21:55:16 ::1 GET /__browserLink/requestData/2d0cdd7d57164a16b4dc5936f63c7a15 version=2 51722 - ::1 Mozilla/5.0+(Windows+NT+10.0;+WOW64)+AppleWebKit/537.36+(KHTML,+like+Gecko)+Chrome/57.0.2987.133+Safari/537.36 http://localhost:51722/User/LogOn 200 0 0 46
2017-04-11 21:55:59 ::1 POST /User/LogOn - 51722 - ::1 Mozilla/5.0+(Windows+NT+10.0;+WOW64)+AppleWebKit/537.36+(KHTML,+like+Gecko)+Chrome/57.0.2987.133+Safari/537.36 http://localhost:51722/User/LogOn 302 0 0 40033
2017-04-11 21:55:59 ::1 GET / - 51722 - ::1 Mozilla/5.0+(Windows+NT+10.0;+WOW64)+AppleWebKit/537.36+(KHTML,+like+Gecko)+Chrome/57.0.2987.133+Safari/537.36 http://localhost:51722/User/LogOn 302 0 0 37
2017-04-11 21:56:14 ::1 GET /Dashboard/ViewDashboard - 51722 - ::1 Mozilla/5.0+(Windows+NT+10.0;+WOW64)+AppleWebKit/537.36+(KHTML,+like+Gecko)+Chrome/57.0.2987.133+Safari/537.36 http://localhost:51722/User/LogOn 200 0 0 14738
2017-04-11 21:56:14 ::1 GET /__browserLink/requestData/cb62f37ee4c1465d8f19d1fde07fb224 version=2 51722 - ::1 Mozilla/5.0+(Windows+NT+10.0;+WOW64)+AppleWebKit/537.36+(KHTML,+like+Gecko)+Chrome/57.0.2987.133+Safari/537.36 http://localhost:51722/Dashboard/ViewDashboard 200 0 0 30
2017-04-11 21:56:17 ::1 GET /Dashboard/getAjaxTab/1 sDate=null&eDate=null 51722 - ::1 Mozilla/5.0+(Windows+NT+10.0;+WOW64)+AppleWebKit/537.36+(KHTML,+like+Gecko)+Chrome/57.0.2987.133+Safari/537.36 http://localhost:51722/Dashboard/ViewDashboard 200 0 0 3251
2017-04-11 21:56:17 ::1 GET /Scripts/v2/easy.pie.chart/jquery.easing.1.3.js _=1491947777710 51722 - ::1 Mozilla/5.0+(Windows+NT+10.0;+WOW64)+AppleWebKit/537.36+(KHTML,+like+Gecko)+Chrome/57.0.2987.133+Safari/537.36 http://localhost:51722/Dashboard/ViewDashboard 200 0 0 101
2017-04-11 21:56:17 ::1 GET /Scripts/v2/easy.pie.chart/jquery.easypiechart.min.js _=1491947777816 51722 - ::1 Mozilla/5.0+(Windows+NT+10.0;+WOW64)+AppleWebKit/537.36+(KHTML,+like+Gecko)+Chrome/57.0.2987.133+Safari/537.36 http://localhost:51722/Dashboard/ViewDashboard 200 0 0 28
2017-04-11 21:56:17 ::1 GET /Scripts/v2/morris.charts/morris.min.js _=1491947777868 51722 - ::1 Mozilla/5.0+(Windows+NT+10.0;+WOW64)+AppleWebKit/537.36+(KHTML,+like+Gecko)+Chrome/57.0.2987.133+Safari/537.36 http://localhost:51722/Dashboard/ViewDashboard 200 0 0 214
2017-04-11 21:56:17 ::1 GET /Scripts/v2/morris.charts/raphael.min.js _=1491947778091 51722 - ::1 Mozilla/5.0+(Windows+NT+10.0;+WOW64)+AppleWebKit/537.36+(KHTML,+like+Gecko)+Chrome/57.0.2987.133+Safari/537.36 http://localhost:51722/Dashboard/ViewDashboard 200 0 0 93
2017-04-11 21:56:37 ::1 GET /Dashboard/GetExpenseApprovals/ sDate=null&eDate=null 51722 - ::1 Mozilla/5.0+(Windows+NT+10.0;+WOW64)+AppleWebKit/537.36+(KHTML,+like+Gecko)+Chrome/57.0.2987.133+Safari/537.36 http://localhost:51722/Dashboard/ViewDashboard 200 0 0 18765
2017-04-11 21:56:51 ::1 GET /Dashboard/GetPayMethodsAmount/ sDate=null&eDate=null 51722 - ::1 Mozilla/5.0+(Windows+NT+10.0;+WOW64)+AppleWebKit/537.36+(KHTML,+like+Gecko)+Chrome/57.0.2987.133+Safari/537.36 http://localhost:51722/Dashboard/ViewDashboard 200 0 0 32741
2017-04-11 21:57:02 ::1 GET /Dashboard/GetExpensePostings/ sDate=null&eDate=null 51722 - ::1 Mozilla/5.0+(Windows+NT+10.0;+WOW64)+AppleWebKit/537.36+(KHTML,+like+Gecko)+Chrome/57.0.2987.133+Safari/537.36 http://localhost:51722/Dashboard/ViewDashboard 200 0 0 44609
2017-04-11 21:57:18 ::1 GET /Dashboard/GetExpenseSubmissions/ sDate=null&eDate=null 51722 - ::1 Mozilla/5.0+(Windows+NT+10.0;+WOW64)+AppleWebKit/537.36+(KHTML,+like+Gecko)+Chrome/57.0.2987.133+Safari/537.36 http://localhost:51722/Dashboard/ViewDashboard 200 0 0 59832
2017-04-11 21:57:32 ::1 GET /Dashboard/GetExpenseTypesAmount/ sDate=null&eDate=null 51722 - ::1 Mozilla/5.0+(Windows+NT+10.0;+WOW64)+AppleWebKit/537.36+(KHTML,+like+Gecko)+Chrome/57.0.2987.133+Safari/537.36 http://localhost:51722/Dashboard/ViewDashboard 200 0 0 74628
2017-04-11 21:58:36 ::1 GET /User/BankProfileList - 51722 - ::1 Mozilla/5.0+(Windows+NT+10.0;+WOW64)+AppleWebKit/537.36+(KHTML,+like+Gecko)+Chrome/57.0.2987.133+Safari/537.36 http://localhost:51722/Dashboard/ViewDashboard 200 0 64 80347
2017-04-11 21:59:40 ::1 GET /User/BankProfileList - 51722 - ::1 Mozilla/5.0+(Windows+NT+10.0;+WOW64)+AppleWebKit/537.36+(KHTML,+like+Gecko)+Chrome/57.0.2987.133+Safari/537.36 http://localhost:51722/Dashboard/ViewDashboard 200 0 0 110616
2017-04-11 21:59:40 ::1 GET /__browserLink/requestData/8e19cb8d34ee4bd0a8e28c1bccb08b99 version=2 51722 - ::1 Mozilla/5.0+(Windows+NT+10.0;+WOW64)+AppleWebKit/537.36+(KHTML,+like+Gecko)+Chrome/57.0.2987.133+Safari/537.36 http://localhost:51722/User/BankProfileList 200 0 0 32
2017-04-11 22:01:45 ::1 GET /User/AddNewUserBankProfile - 51722 - ::1 Mozilla/5.0+(Windows+NT+10.0;+WOW64)+AppleWebKit/537.36+(KHTML,+like+Gecko)+Chrome/57.0.2987.133+Safari/537.36 http://localhost:51722/User/BankProfileList 200 0 0 28866
2017-04-11 22:01:46 ::1 GET /__browserLink/requestData/5040a08b3c3a4be8b9df1c0befdc7802 version=2 51722 - ::1 Mozilla/5.0+(Windows+NT+10.0;+WOW64)+AppleWebKit/537.36+(KHTML,+like+Gecko)+Chrome/57.0.2987.133+Safari/537.36 http://localhost:51722/User/AddNewUserBankProfile 200 0 0 363
2017-04-11 22:01:47 ::1 GET /AjaxCall/GetCustomerList/ UserId=50 51722 - ::1 Mozilla/5.0+(Windows+NT+10.0;+WOW64)+AppleWebKit/537.36+(KHTML,+like+Gecko)+Chrome/57.0.2987.133+Safari/537.36 http://localhost:51722/User/AddNewUserBankProfile 200 0 0 2152
2017-04-11 22:01:50 ::1 GET /AjaxCall/GetProjectList/ UserId=50&ExpenseDate=4/12/2017 51722 - ::1 Mozilla/5.0+(Windows+NT+10.0;+WOW64)+AppleWebKit/537.36+(KHTML,+like+Gecko)+Chrome/57.0.2987.133+Safari/537.36 http://localhost:51722/User/AddNewUserBankProfile 200 0 0 2502
2017-04-11 22:01:50 ::1 GET /AjaxCall/GetProjectTaskList/ ExpenseDate=4/12/2017&TaskType=Expense 51722 - ::1 Mozilla/5.0+(Windows+NT+10.0;+WOW64)+AppleWebKit/537.36+(KHTML,+like+Gecko)+Chrome/57.0.2987.133+Safari/537.36 http://localhost:51722/User/AddNewUserBankProfile 200 0 0 25
2017-04-11 22:01:50 ::1 GET /PayMethod/GetPayMethodIsReimbursable MethodId=0 51722 - ::1 Mozilla/5.0+(Windows+NT+10.0;+WOW64)+AppleWebKit/537.36+(KHTML,+like+Gecko)+Chrome/57.0.2987.133+Safari/537.36 http://localhost:51722/User/AddNewUserBankProfile 200 0 0 4748
2017-04-11 22:02:19 ::1 GET /User/FillUserByUserId/ UserId=248 51722 - ::1 Mozilla/5.0+(Windows+NT+10.0;+WOW64)+AppleWebKit/537.36+(KHTML,+like+Gecko)+Chrome/57.0.2987.133+Safari/537.36 http://localhost:51722/User/AddNewUserBankProfile 200 0 0 29310
2017-04-11 22:02:19 ::1 GET /PayMethod/GetPayMethodIsReimbursable MethodId=42 51722 - ::1 Mozilla/5.0+(Windows+NT+10.0;+WOW64)+AppleWebKit/537.36+(KHTML,+like+Gecko)+Chrome/57.0.2987.133+Safari/537.36 http://localhost:51722/User/AddNewUserBankProfile 200 0 64 904
2017-04-11 22:02:19 ::1 GET /__browserLink/requestData/92683dcf20a44537bad0ae823873281f version=2 51722 - ::1 Mozilla/5.0+(Windows+NT+10.0;+WOW64)+AppleWebKit/537.36+(KHTML,+like+Gecko)+Chrome/57.0.2987.133+Safari/537.36 http://localhost:51722/User/FillUserByUserId/?UserId=248 200 0 0 35
2017-04-11 22:02:20 ::1 GET /AjaxCall/GetBillingCodeList/ - 51722 - ::1 Mozilla/5.0+(Windows+NT+10.0;+WOW64)+AppleWebKit/537.36+(KHTML,+like+Gecko)+Chrome/57.0.2987.133+Safari/537.36 http://localhost:51722/User/AddNewUserBankProfile 200 0 64 34950
2017-04-11 22:03:15 ::1 GET /User/GetEmployees - 51722 - ::1 Mozilla/5.0+(Windows+NT+10.0;+WOW64)+AppleWebKit/537.36+(KHTML,+like+Gecko)+Chrome/57.0.2987.133+Safari/537.36 http://localhost:51722/User/AddNewUserBankProfile 200 0 64 89947
2017-04-11 22:03:15 ::1 GET /PayMethod/GetPayMethodIsReimbursable MethodId=42 51722 - ::1 Mozilla/5.0+(Windows+NT+10.0;+WOW64)+AppleWebKit/537.36+(KHTML,+like+Gecko)+Chrome/57.0.2987.133+Safari/537.36 http://localhost:51722/User/FillUserByUserId/?UserId=248 200 0 0 50635
2017-04-11 22:10:59 ::1 POST /User/AddNewUserBankProfile - 51722 - ::1 Mozilla/5.0+(Windows+NT+10.0;+WOW64)+AppleWebKit/537.36+(KHTML,+like+Gecko)+Chrome/57.0.2987.133+Safari/537.36 http://localhost:51722/User/FillUserByUserId/?UserId=248 302 0 0 463309
2017-04-11 22:12:08 ::1 GET /User/BankProfileList - 51722 - ::1 Mozilla/5.0+(Windows+NT+10.0;+WOW64)+AppleWebKit/537.36+(KHTML,+like+Gecko)+Chrome/57.0.2987.133+Safari/537.36 http://localhost:51722/User/FillUserByUserId/?UserId=248 200 0 0 69283
2017-04-11 22:12:08 ::1 GET /images/icons/cross_circle.png - 51722 - ::1 Mozilla/5.0+(Windows+NT+10.0;+WOW64)+AppleWebKit/537.36+(KHTML,+like+Gecko)+Chrome/57.0.2987.133+Safari/537.36 http://localhost:51722/css/site-home-css?v=c3YSqVVvIHTJRKvZARgqdkEXE6DEB7Kx5MBIQQt4oSE1 200 0 64 42
2017-04-11 22:12:08 ::1 GET /images/icons/tick_circle.png - 51722 - ::1 Mozilla/5.0+(Windows+NT+10.0;+WOW64)+AppleWebKit/537.36+(KHTML,+like+Gecko)+Chrome/57.0.2987.133+Safari/537.36 http://localhost:51722/css/site-home-css?v=c3YSqVVvIHTJRKvZARgqdkEXE6DEB7Kx5MBIQQt4oSE1 200 0 0 27
2017-04-11 22:12:08 ::1 GET /__browserLink/requestData/9101f04dbd8144a2938c252be58ac7cf version=2 51722 - ::1 Mozilla/5.0+(Windows+NT+10.0;+WOW64)+AppleWebKit/537.36+(KHTML,+like+Gecko)+Chrome/57.0.2987.133+Safari/537.36 http://localhost:51722/User/BankProfileList 200 0 0 35
2017-04-11 22:12:08 ::1 GET /AjaxCall/GetCompanyList/ - 51722 - ::1 Mozilla/5.0+(Windows+NT+10.0;+WOW64)+AppleWebKit/537.36+(KHTML,+like+Gecko)+Chrome/57.0.2987.133+Safari/537.36 http://localhost:51722/User/FillUserByUserId/?UserId=248 200 0 64 589928
2017-04-11 22:12:10 ::1 GET /PayMethod/GetPayMethodIsReimbursable MethodId=0 51722 - ::1 Mozilla/5.0+(Windows+NT+10.0;+WOW64)+AppleWebKit/537.36+(KHTML,+like+Gecko)+Chrome/57.0.2987.133+Safari/537.36 http://localhost:51722/User/FillUserByUserId/?UserId=248 200 0 64 590495
2017-04-11 22:12:12 ::1 GET /AjaxCall/GetCustomerList/ UserId=50 51722 - ::1 Mozilla/5.0+(Windows+NT+10.0;+WOW64)+AppleWebKit/537.36+(KHTML,+like+Gecko)+Chrome/57.0.2987.133+Safari/537.36 http://localhost:51722/User/FillUserByUserId/?UserId=248 200 0 64 592600
2017-04-11 22:13:07 ::1 GET /User/GetEmployees - 51722 - ::1 Mozilla/5.0+(Windows+NT+10.0;+WOW64)+AppleWebKit/537.36+(KHTML,+like+Gecko)+Chrome/57.0.2987.133+Safari/537.36 http://localhost:51722/User/FillUserByUserId/?UserId=248 200 0 64 647914
2017-04-11 22:13:07 ::1 GET /AjaxCall/GetBillingCodeList/ - 51722 - ::1 Mozilla/5.0+(Windows+NT+10.0;+WOW64)+AppleWebKit/537.36+(KHTML,+like+Gecko)+Chrome/57.0.2987.133+Safari/537.36 http://localhost:51722/User/FillUserByUserId/?UserId=248 200 0 64 648874
