#Software: Microsoft Internet Information Services 8.0
#Version: 1.0
#Date: 2017-05-31 16:21:40
#Fields: date time s-ip cs-method cs-uri-stem cs-uri-query s-port cs-username c-ip cs(User-Agent) cs(Referer) sc-status sc-substatus sc-win32-status time-taken
2017-05-31 16:21:40 ::1 GET / - 51722 - ::1 Mozilla/5.0+(Windows+NT+10.0;+Win64;+x64)+AppleWebKit/537.36+(KHTML,+like+Gecko)+Chrome/58.0.3029.110+Safari/537.36 - 302 0 0 25192
2017-05-31 16:21:47 ::1 GET /User/LogOn - 51722 - ::1 Mozilla/5.0+(Windows+NT+10.0;+Win64;+x64)+AppleWebKit/537.36+(KHTML,+like+Gecko)+Chrome/58.0.3029.110+Safari/537.36 - 200 0 0 6763
2017-05-31 16:21:47 ::1 GET /User/assets/pages/img/login/bg1.jpg - 51722 - ::1 Mozilla/5.0+(Windows+NT+10.0;+Win64;+x64)+AppleWebKit/537.36+(KHTML,+like+Gecko)+Chrome/58.0.3029.110+Safari/537.36 http://localhost:51722/User/LogOn 404 0 2 61
2017-05-31 16:21:54 ::1 POST /User/LogOn - 51722 - ::1 Mozilla/5.0+(Windows+NT+10.0;+Win64;+x64)+AppleWebKit/537.36+(KHTML,+like+Gecko)+Chrome/58.0.3029.110+Safari/537.36 http://localhost:51722/User/LogOn 200 0 0 2870
2017-05-31 16:21:54 ::1 GET /User/assets/pages/img/login/bg1.jpg - 51722 - ::1 Mozilla/5.0+(Windows+NT+10.0;+Win64;+x64)+AppleWebKit/537.36+(KHTML,+like+Gecko)+Chrome/58.0.3029.110+Safari/537.36 http://localhost:51722/User/LogOn 404 0 2 4
2017-05-31 16:22:42 ::1 POST /User/LogOn - 51722 - ::1 Mozilla/5.0+(Windows+NT+10.0;+Win64;+x64)+AppleWebKit/537.36+(KHTML,+like+Gecko)+Chrome/58.0.3029.110+Safari/537.36 http://localhost:51722/User/LogOn 302 0 0 25970
2017-05-31 16:22:56 ::1 GET / - 51722 - ::1 Mozilla/5.0+(Windows+NT+10.0;+Win64;+x64)+AppleWebKit/537.36+(KHTML,+like+Gecko)+Chrome/58.0.3029.110+Safari/537.36 http://localhost:51722/User/LogOn 200 0 0 14661
2017-05-31 16:22:56 ::1 GET /AjaxCall/GetPendingCompletionTransactionCount/ UserId=277 51722 - ::1 Mozilla/5.0+(Windows+NT+10.0;+Win64;+x64)+AppleWebKit/537.36+(KHTML,+like+Gecko)+Chrome/58.0.3029.110+Safari/537.36 http://localhost:51722/ 200 0 0 139
2017-05-31 16:22:58 ::1 GET /__browserLink/requestData/f652a508952e4b51aef6708d77dc0aa4 version=2 51722 - ::1 Mozilla/5.0+(Windows+NT+10.0;+Win64;+x64)+AppleWebKit/537.36+(KHTML,+like+Gecko)+Chrome/58.0.3029.110+Safari/537.36 http://localhost:51722/ 200 0 0 143
#Software: Microsoft Internet Information Services 8.0
#Version: 1.0
#Date: 2017-05-31 16:57:42
#Fields: date time s-ip cs-method cs-uri-stem cs-uri-query s-port cs-username c-ip cs(User-Agent) cs(Referer) sc-status sc-substatus sc-win32-status time-taken
2017-05-31 16:57:42 ::1 GET / - 51722 - ::1 Mozilla/5.0+(Windows+NT+10.0;+Win64;+x64)+AppleWebKit/537.36+(KHTML,+like+Gecko)+Chrome/58.0.3029.110+Safari/537.36 - 302 0 0 6836
2017-05-31 16:57:47 ::1 GET /User/LogOn - 51722 - ::1 Mozilla/5.0+(Windows+NT+10.0;+Win64;+x64)+AppleWebKit/537.36+(KHTML,+like+Gecko)+Chrome/58.0.3029.110+Safari/537.36 - 200 0 0 5307
2017-05-31 16:57:47 ::1 GET /User/assets/pages/img/login/bg1.jpg - 51722 - ::1 Mozilla/5.0+(Windows+NT+10.0;+Win64;+x64)+AppleWebKit/537.36+(KHTML,+like+Gecko)+Chrome/58.0.3029.110+Safari/537.36 http://localhost:51722/User/LogOn 404 0 2 10
2017-05-31 16:58:27 ::1 POST /User/LogOn - 51722 - ::1 Mozilla/5.0+(Windows+NT+10.0;+Win64;+x64)+AppleWebKit/537.36+(KHTML,+like+Gecko)+Chrome/58.0.3029.110+Safari/537.36 http://localhost:51722/User/LogOn 302 0 0 37731
2017-05-31 16:58:27 ::1 GET /User/LogOn - 51722 - ::1 Mozilla/5.0+(Windows+NT+10.0;+Win64;+x64)+AppleWebKit/537.36+(KHTML,+like+Gecko)+Chrome/58.0.3029.110+Safari/537.36 http://localhost:51722/User/LogOn 200 0 0 13289
2017-05-31 16:58:27 ::1 GET /User/assets/pages/img/login/bg1.jpg - 51722 - ::1 Mozilla/5.0+(Windows+NT+10.0;+Win64;+x64)+AppleWebKit/537.36+(KHTML,+like+Gecko)+Chrome/58.0.3029.110+Safari/537.36 http://localhost:51722/User/LogOn 404 0 2 4
2017-05-31 16:58:42 ::1 POST /User/LogOn - 51722 - ::1 Mozilla/5.0+(Windows+NT+10.0;+Win64;+x64)+AppleWebKit/537.36+(KHTML,+like+Gecko)+Chrome/58.0.3029.110+Safari/537.36 http://localhost:51722/User/LogOn 302 0 0 12920
2017-05-31 16:58:45 ::1 GET / - 51722 - ::1 Mozilla/5.0+(Windows+NT+10.0;+Win64;+x64)+AppleWebKit/537.36+(KHTML,+like+Gecko)+Chrome/58.0.3029.110+Safari/537.36 http://localhost:51722/User/LogOn 200 0 0 2281
2017-05-31 16:58:45 ::1 GET /AjaxCall/GetPendingCompletionTransactionCount/ UserId=277 51722 - ::1 Mozilla/5.0+(Windows+NT+10.0;+Win64;+x64)+AppleWebKit/537.36+(KHTML,+like+Gecko)+Chrome/58.0.3029.110+Safari/537.36 http://localhost:51722/ 200 0 0 106
2017-05-31 16:58:45 ::1 GET /__browserLink/requestData/7e8f5d7581254d238c2b54707c36f8fc version=2 51722 - ::1 Mozilla/5.0+(Windows+NT+10.0;+Win64;+x64)+AppleWebKit/537.36+(KHTML,+like+Gecko)+Chrome/58.0.3029.110+Safari/537.36 http://localhost:51722/ 200 0 0 69
2017-05-31 16:59:10 ::1 GET /User/LogOff - 51722 - ::1 Mozilla/5.0+(Windows+NT+10.0;+Win64;+x64)+AppleWebKit/537.36+(KHTML,+like+Gecko)+Chrome/58.0.3029.110+Safari/537.36 http://localhost:51722/ 302 0 0 84
2017-05-31 16:59:10 ::1 GET / - 51722 - ::1 Mozilla/5.0+(Windows+NT+10.0;+Win64;+x64)+AppleWebKit/537.36+(KHTML,+like+Gecko)+Chrome/58.0.3029.110+Safari/537.36 http://localhost:51722/ 302 0 0 68
2017-05-31 16:59:13 ::1 GET /User/LogOn - 51722 - ::1 Mozilla/5.0+(Windows+NT+10.0;+Win64;+x64)+AppleWebKit/537.36+(KHTML,+like+Gecko)+Chrome/58.0.3029.110+Safari/537.36 http://localhost:51722/ 200 0 0 2304
2017-05-31 16:59:13 ::1 GET /User/assets/pages/img/login/bg1.jpg - 51722 - ::1 Mozilla/5.0+(Windows+NT+10.0;+Win64;+x64)+AppleWebKit/537.36+(KHTML,+like+Gecko)+Chrome/58.0.3029.110+Safari/537.36 http://localhost:51722/User/LogOn 404 0 2 5
2017-05-31 16:59:26 ::1 POST /User/LogOn - 51722 - ::1 Mozilla/5.0+(Windows+NT+10.0;+Win64;+x64)+AppleWebKit/537.36+(KHTML,+like+Gecko)+Chrome/58.0.3029.110+Safari/537.36 http://localhost:51722/User/LogOn 302 0 0 8213
2017-05-31 16:59:26 ::1 GET / - 51722 - ::1 Mozilla/5.0+(Windows+NT+10.0;+Win64;+x64)+AppleWebKit/537.36+(KHTML,+like+Gecko)+Chrome/58.0.3029.110+Safari/537.36 http://localhost:51722/User/LogOn 302 0 0 61
2017-05-31 16:59:32 ::1 GET /Dashboard/ViewDashboard - 51722 - ::1 Mozilla/5.0+(Windows+NT+10.0;+Win64;+x64)+AppleWebKit/537.36+(KHTML,+like+Gecko)+Chrome/58.0.3029.110+Safari/537.36 http://localhost:51722/User/LogOn 200 0 0 6316
2017-05-31 16:59:32 ::1 GET /images/icons/home_48.png - 51722 - ::1 Mozilla/5.0+(Windows+NT+10.0;+Win64;+x64)+AppleWebKit/537.36+(KHTML,+like+Gecko)+Chrome/58.0.3029.110+Safari/537.36 http://localhost:51722/Dashboard/ViewDashboard 200 0 0 84
2017-05-31 16:59:32 ::1 GET /images/icons/users_two_48.png - 51722 - ::1 Mozilla/5.0+(Windows+NT+10.0;+Win64;+x64)+AppleWebKit/537.36+(KHTML,+like+Gecko)+Chrome/58.0.3029.110+Safari/537.36 http://localhost:51722/Dashboard/ViewDashboard 200 0 0 18
2017-05-31 16:59:32 ::1 GET /images/icons/pie_chart_48.png - 51722 - ::1 Mozilla/5.0+(Windows+NT+10.0;+Win64;+x64)+AppleWebKit/537.36+(KHTML,+like+Gecko)+Chrome/58.0.3029.110+Safari/537.36 http://localhost:51722/Dashboard/ViewDashboard 200 0 0 11
2017-05-31 16:59:32 ::1 GET /images/shortcut-button-bg.gif - 51722 - ::1 Mozilla/5.0+(Windows+NT+10.0;+Win64;+x64)+AppleWebKit/537.36+(KHTML,+like+Gecko)+Chrome/58.0.3029.110+Safari/537.36 http://localhost:51722/css/SiteLayoutPageForMasters-css?v=IqWVEtAmBh7OiW3ls3g70cU4ecHwN_M9j600X5meO141 200 0 0 52
2017-05-31 16:59:32 ::1 GET /__browserLink/requestData/6271245bff884798afc93803bb9d2413 version=2 51722 - ::1 Mozilla/5.0+(Windows+NT+10.0;+Win64;+x64)+AppleWebKit/537.36+(KHTML,+like+Gecko)+Chrome/58.0.3029.110+Safari/537.36 http://localhost:51722/Dashboard/ViewDashboard 200 0 0 275
2017-05-31 16:59:32 ::1 GET /Dashboard/getAjaxTab/1 sDate=null&eDate=null 51722 - ::1 Mozilla/5.0+(Windows+NT+10.0;+Win64;+x64)+AppleWebKit/537.36+(KHTML,+like+Gecko)+Chrome/58.0.3029.110+Safari/537.36 http://localhost:51722/Dashboard/ViewDashboard 200 0 0 651
2017-05-31 16:59:32 ::1 GET /Scripts/v2/morris.charts/morris.css - 51722 - ::1 Mozilla/5.0+(Windows+NT+10.0;+Win64;+x64)+AppleWebKit/537.36+(KHTML,+like+Gecko)+Chrome/58.0.3029.110+Safari/537.36 http://localhost:51722/Dashboard/ViewDashboard 200 0 0 5
2017-05-31 16:59:32 ::1 GET /Scripts/v2/easy.pie.chart/style.css - 51722 - ::1 Mozilla/5.0+(Windows+NT+10.0;+Win64;+x64)+AppleWebKit/537.36+(KHTML,+like+Gecko)+Chrome/58.0.3029.110+Safari/537.36 http://localhost:51722/Dashboard/ViewDashboard 200 0 0 18
2017-05-31 16:59:32 ::1 GET /Scripts/v2/easy.pie.chart/jquery.easing.1.3.js _=1496249973394 51722 - ::1 Mozilla/5.0+(Windows+NT+10.0;+Win64;+x64)+AppleWebKit/537.36+(KHTML,+like+Gecko)+Chrome/58.0.3029.110+Safari/537.36 http://localhost:51722/Dashboard/ViewDashboard 200 0 0 33
2017-05-31 16:59:33 ::1 GET /Scripts/v2/easy.pie.chart/jquery.easypiechart.min.js _=1496249973434 51722 - ::1 Mozilla/5.0+(Windows+NT+10.0;+Win64;+x64)+AppleWebKit/537.36+(KHTML,+like+Gecko)+Chrome/58.0.3029.110+Safari/537.36 http://localhost:51722/Dashboard/ViewDashboard 200 0 0 35
2017-05-31 16:59:33 ::1 GET /Scripts/v2/morris.charts/morris.min.js _=1496249973472 51722 - ::1 Mozilla/5.0+(Windows+NT+10.0;+Win64;+x64)+AppleWebKit/537.36+(KHTML,+like+Gecko)+Chrome/58.0.3029.110+Safari/537.36 http://localhost:51722/Dashboard/ViewDashboard 200 0 0 27
2017-05-31 16:59:33 ::1 GET /Scripts/v2/morris.charts/raphael.min.js _=1496249973506 51722 - ::1 Mozilla/5.0+(Windows+NT+10.0;+Win64;+x64)+AppleWebKit/537.36+(KHTML,+like+Gecko)+Chrome/58.0.3029.110+Safari/537.36 http://localhost:51722/Dashboard/ViewDashboard 200 0 0 39
2017-05-31 16:59:33 ::1 GET /css/chosen-sprite.png - 51722 - ::1 Mozilla/5.0+(Windows+NT+10.0;+Win64;+x64)+AppleWebKit/537.36+(KHTML,+like+Gecko)+Chrome/58.0.3029.110+Safari/537.36 http://localhost:51722/css/SiteLayoutPageForMasters-css?v=IqWVEtAmBh7OiW3ls3g70cU4ecHwN_M9j600X5meO141 200 0 0 20
2017-05-31 16:59:33 ::1 GET /Images/loading.gif - 51722 - ::1 Mozilla/5.0+(Windows+NT+10.0;+Win64;+x64)+AppleWebKit/537.36+(KHTML,+like+Gecko)+Chrome/58.0.3029.110+Safari/537.36 http://localhost:51722/Dashboard/ViewDashboard 200 0 0 43
2017-05-31 16:59:35 ::1 GET /Dashboard/GetExpenseSubmissions/ sDate=null&eDate=null 51722 - ::1 Mozilla/5.0+(Windows+NT+10.0;+Win64;+x64)+AppleWebKit/537.36+(KHTML,+like+Gecko)+Chrome/58.0.3029.110+Safari/537.36 http://localhost:51722/Dashboard/ViewDashboard 200 0 0 1641
2017-05-31 16:59:35 ::1 GET /Dashboard/GetPayMethodsAmount/ sDate=null&eDate=null 51722 - ::1 Mozilla/5.0+(Windows+NT+10.0;+Win64;+x64)+AppleWebKit/537.36+(KHTML,+like+Gecko)+Chrome/58.0.3029.110+Safari/537.36 http://localhost:51722/Dashboard/ViewDashboard 200 0 0 2458
2017-05-31 16:59:37 ::1 GET /Dashboard/GetExpenseTypesAmount/ sDate=null&eDate=null 51722 - ::1 Mozilla/5.0+(Windows+NT+10.0;+Win64;+x64)+AppleWebKit/537.36+(KHTML,+like+Gecko)+Chrome/58.0.3029.110+Safari/537.36 http://localhost:51722/Dashboard/ViewDashboard 200 0 0 3311
2017-05-31 16:59:37 ::1 GET /Dashboard/GetExpenseApprovals/ sDate=null&eDate=null 51722 - ::1 Mozilla/5.0+(Windows+NT+10.0;+Win64;+x64)+AppleWebKit/537.36+(KHTML,+like+Gecko)+Chrome/58.0.3029.110+Safari/537.36 http://localhost:51722/Dashboard/ViewDashboard 200 0 0 3792
2017-05-31 16:59:39 ::1 GET /User - 51722 - ::1 Mozilla/5.0+(Windows+NT+10.0;+Win64;+x64)+AppleWebKit/537.36+(KHTML,+like+Gecko)+Chrome/58.0.3029.110+Safari/537.36 http://localhost:51722/Dashboard/ViewDashboard 200 0 0 4808
2017-05-31 16:59:39 ::1 GET /Scripts/chosen/chosen.jquery.js - 51722 - ::1 Mozilla/5.0+(Windows+NT+10.0;+Win64;+x64)+AppleWebKit/537.36+(KHTML,+like+Gecko)+Chrome/58.0.3029.110+Safari/537.36 http://localhost:51722/User 200 0 0 27
2017-05-31 16:59:39 ::1 GET /Scripts/chosen/chosen.css - 51722 - ::1 Mozilla/5.0+(Windows+NT+10.0;+Win64;+x64)+AppleWebKit/537.36+(KHTML,+like+Gecko)+Chrome/58.0.3029.110+Safari/537.36 http://localhost:51722/User 200 0 0 35
2017-05-31 16:59:39 ::1 GET /images/icons/cross_grey_small.png - 51722 - ::1 Mozilla/5.0+(Windows+NT+10.0;+Win64;+x64)+AppleWebKit/537.36+(KHTML,+like+Gecko)+Chrome/58.0.3029.110+Safari/537.36 http://localhost:51722/User 200 0 0 24
2017-05-31 16:59:39 ::1 GET /images/icons/pencil.png - 51722 - ::1 Mozilla/5.0+(Windows+NT+10.0;+Win64;+x64)+AppleWebKit/537.36+(KHTML,+like+Gecko)+Chrome/58.0.3029.110+Safari/537.36 http://localhost:51722/User 200 0 0 12
2017-05-31 16:59:39 ::1 GET /images/bg-form-field.gif - 51722 - ::1 Mozilla/5.0+(Windows+NT+10.0;+Win64;+x64)+AppleWebKit/537.36+(KHTML,+like+Gecko)+Chrome/58.0.3029.110+Safari/537.36 http://localhost:51722/css/SiteLayoutPageForMasters-css?v=IqWVEtAmBh7OiW3ls3g70cU4ecHwN_M9j600X5meO141 200 0 0 8
2017-05-31 16:59:39 ::1 GET /images/icons/information.png - 51722 - ::1 Mozilla/5.0+(Windows+NT+10.0;+Win64;+x64)+AppleWebKit/537.36+(KHTML,+like+Gecko)+Chrome/58.0.3029.110+Safari/537.36 http://localhost:51722/css/SiteLayoutPageForMasters-css?v=IqWVEtAmBh7OiW3ls3g70cU4ecHwN_M9j600X5meO141 200 0 0 31
2017-05-31 16:59:39 ::1 GET /Scripts/chosen/chosen-sprite.png - 51722 - ::1 Mozilla/5.0+(Windows+NT+10.0;+Win64;+x64)+AppleWebKit/537.36+(KHTML,+like+Gecko)+Chrome/58.0.3029.110+Safari/537.36 http://localhost:51722/Scripts/chosen/chosen.css 200 0 0 10
2017-05-31 16:59:39 ::1 GET /__browserLink/requestData/20b5237b4ef24a8b90adfe50a4581283 version=2 51722 - ::1 Mozilla/5.0+(Windows+NT+10.0;+Win64;+x64)+AppleWebKit/537.36+(KHTML,+like+Gecko)+Chrome/58.0.3029.110+Safari/537.36 http://localhost:51722/User 200 0 0 248
2017-05-31 16:59:40 ::1 GET /Dashboard/GetExpensePostings/ sDate=null&eDate=null 51722 - ::1 Mozilla/5.0+(Windows+NT+10.0;+Win64;+x64)+AppleWebKit/537.36+(KHTML,+like+Gecko)+Chrome/58.0.3029.110+Safari/537.36 http://localhost:51722/Dashboard/ViewDashboard 200 0 64 6770
2017-05-31 16:59:40 ::1 GET /AjaxCall/GetBusinessUnitList/ CompanyId=0 51722 - ::1 Mozilla/5.0+(Windows+NT+10.0;+Win64;+x64)+AppleWebKit/537.36+(KHTML,+like+Gecko)+Chrome/58.0.3029.110+Safari/537.36 http://localhost:51722/User 200 0 0 1715
2017-05-31 16:59:41 ::1 GET /AjaxCall/GetCompanyList/ - 51722 - ::1 Mozilla/5.0+(Windows+NT+10.0;+Win64;+x64)+AppleWebKit/537.36+(KHTML,+like+Gecko)+Chrome/58.0.3029.110+Safari/537.36 http://localhost:51722/User 200 0 0 1869
2017-05-31 16:59:41 ::1 GET /AjaxCall/GetBusinessUnitList/ CompanyId=0 51722 - ::1 Mozilla/5.0+(Windows+NT+10.0;+Win64;+x64)+AppleWebKit/537.36+(KHTML,+like+Gecko)+Chrome/58.0.3029.110+Safari/537.36 http://localhost:51722/User 200 0 0 87
2017-05-31 16:59:45 ::1 GET /User/Create - 51722 - ::1 Mozilla/5.0+(Windows+NT+10.0;+Win64;+x64)+AppleWebKit/537.36+(KHTML,+like+Gecko)+Chrome/58.0.3029.110+Safari/537.36 http://localhost:51722/User 200 0 0 1964
2017-05-31 16:59:45 ::1 GET /User/GetAllEnabledTransactionMappingAccorssAllRoles _=1496249985479 51722 - ::1 Mozilla/5.0+(Windows+NT+10.0;+Win64;+x64)+AppleWebKit/537.36+(KHTML,+like+Gecko)+Chrome/58.0.3029.110+Safari/537.36 http://localhost:51722/User/Create 200 0 0 124
2017-05-31 16:59:45 ::1 GET /__browserLink/requestData/b60c1103857b4ca89339b6d0fa6854b7 version=2 51722 - ::1 Mozilla/5.0+(Windows+NT+10.0;+Win64;+x64)+AppleWebKit/537.36+(KHTML,+like+Gecko)+Chrome/58.0.3029.110+Safari/537.36 http://localhost:51722/User/Create 200 0 0 91
2017-05-31 16:59:45 ::1 GET /AjaxCall/GetCostCenterList/ _=1496249985611 51722 - ::1 Mozilla/5.0+(Windows+NT+10.0;+Win64;+x64)+AppleWebKit/537.36+(KHTML,+like+Gecko)+Chrome/58.0.3029.110+Safari/537.36 http://localhost:51722/User/Create 200 0 0 370
2017-05-31 16:59:46 ::1 GET /AjaxCall/GetCompanyList/ _=1496249985609 51722 - ::1 Mozilla/5.0+(Windows+NT+10.0;+Win64;+x64)+AppleWebKit/537.36+(KHTML,+like+Gecko)+Chrome/58.0.3029.110+Safari/537.36 http://localhost:51722/User/Create 200 0 0 756
2017-05-31 16:59:46 ::1 GET /AjaxCall/GetBusinessUnitList/ _=1496249985610 51722 - ::1 Mozilla/5.0+(Windows+NT+10.0;+Win64;+x64)+AppleWebKit/537.36+(KHTML,+like+Gecko)+Chrome/58.0.3029.110+Safari/537.36 http://localhost:51722/User/Create 200 0 0 1293
2017-05-31 17:00:08 ::1 GET /images/icons/cross_circle.png - 51722 - ::1 Mozilla/5.0+(Windows+NT+10.0;+Win64;+x64)+AppleWebKit/537.36+(KHTML,+like+Gecko)+Chrome/58.0.3029.110+Safari/537.36 http://localhost:51722/css/SiteLayoutPageForMasters-css?v=IqWVEtAmBh7OiW3ls3g70cU4ecHwN_M9j600X5meO141 200 0 0 45
2017-05-31 17:00:17 ::1 GET /images/ui-bg_glass_55_fbf9ee_1x400.png - 51722 - ::1 Mozilla/5.0+(Windows+NT+10.0;+Win64;+x64)+AppleWebKit/537.36+(KHTML,+like+Gecko)+Chrome/58.0.3029.110+Safari/537.36 http://localhost:51722/css/SiteLayoutPageForMasters-css?v=IqWVEtAmBh7OiW3ls3g70cU4ecHwN_M9j600X5meO141 200 0 0 6
2017-05-31 17:00:27 ::1 GET /User/GetProjectConfigurationLabelInfo RoleId=41&_=1496250027833 51722 - ::1 Mozilla/5.0+(Windows+NT+10.0;+Win64;+x64)+AppleWebKit/537.36+(KHTML,+like+Gecko)+Chrome/58.0.3029.110+Safari/537.36 http://localhost:51722/User/Create 200 0 0 96
2017-05-31 17:00:36 ::1 GET /AjaxCall/GetCostCenterList/ CompanyId=0&BusinessUnitId=34&_=1496250036330 51722 - ::1 Mozilla/5.0+(Windows+NT+10.0;+Win64;+x64)+AppleWebKit/537.36+(KHTML,+like+Gecko)+Chrome/58.0.3029.110+Safari/537.36 http://localhost:51722/User/Create 200 0 0 76
2017-05-31 17:00:38 ::1 GET /AjaxCall/GetBusinessUnitList/ CompanyId=11&_=1496250038882 51722 - ::1 Mozilla/5.0+(Windows+NT+10.0;+Win64;+x64)+AppleWebKit/537.36+(KHTML,+like+Gecko)+Chrome/58.0.3029.110+Safari/537.36 http://localhost:51722/User/Create 200 0 0 69
2017-05-31 17:00:54 ::1 GET /AjaxCall/GetCostCenterList/ CompanyId=11&BusinessUnitId=34&_=1496250054221 51722 - ::1 Mozilla/5.0+(Windows+NT+10.0;+Win64;+x64)+AppleWebKit/537.36+(KHTML,+like+Gecko)+Chrome/58.0.3029.110+Safari/537.36 http://localhost:51722/User/Create 200 0 0 85
2017-05-31 17:00:59 ::1 POST /User/Create - 51722 - ::1 Mozilla/5.0+(Windows+NT+10.0;+Win64;+x64)+AppleWebKit/537.36+(KHTML,+like+Gecko)+Chrome/58.0.3029.110+Safari/537.36 http://localhost:51722/User/Create 200 0 0 3649
2017-05-31 17:00:59 ::1 GET /images/icons/exclamation.png - 51722 - ::1 Mozilla/5.0+(Windows+NT+10.0;+Win64;+x64)+AppleWebKit/537.36+(KHTML,+like+Gecko)+Chrome/58.0.3029.110+Safari/537.36 http://localhost:51722/css/SiteLayoutPageForMasters-css?v=IqWVEtAmBh7OiW3ls3g70cU4ecHwN_M9j600X5meO141 200 0 0 81
2017-05-31 17:00:59 ::1 GET /AjaxCall/GetCompanyList/ - 51722 - ::1 Mozilla/5.0+(Windows+NT+10.0;+Win64;+x64)+AppleWebKit/537.36+(KHTML,+like+Gecko)+Chrome/58.0.3029.110+Safari/537.36 http://localhost:51722/User/Create 200 0 0 191
2017-05-31 17:00:59 ::1 GET /__browserLink/requestData/40fe33df63b244a1a50a1fb1fe6329bb version=2 51722 - ::1 Mozilla/5.0+(Windows+NT+10.0;+Win64;+x64)+AppleWebKit/537.36+(KHTML,+like+Gecko)+Chrome/58.0.3029.110+Safari/537.36 http://localhost:51722/User/Create 200 0 0 73
2017-05-31 17:00:59 ::1 GET /AjaxCall/GetBusinessUnitList/ - 51722 - ::1 Mozilla/5.0+(Windows+NT+10.0;+Win64;+x64)+AppleWebKit/537.36+(KHTML,+like+Gecko)+Chrome/58.0.3029.110+Safari/537.36 http://localhost:51722/User/Create 200 0 0 677
2017-05-31 17:00:59 ::1 GET /AjaxCall/GetBusinessUnitList/ - 51722 - ::1 Mozilla/5.0+(Windows+NT+10.0;+Win64;+x64)+AppleWebKit/537.36+(KHTML,+like+Gecko)+Chrome/58.0.3029.110+Safari/537.36 http://localhost:51722/User/Create 200 0 0 61
2017-05-31 17:01:12 ::1 GET /User/Create - 51722 - ::1 Mozilla/5.0+(Windows+NT+10.0;+Win64;+x64)+AppleWebKit/537.36+(KHTML,+like+Gecko)+Chrome/58.0.3029.110+Safari/537.36 http://localhost:51722/User 200 0 0 1156
2017-05-31 17:01:12 ::1 GET /User/GetAllEnabledTransactionMappingAccorssAllRoles _=1496250072323 51722 - ::1 Mozilla/5.0+(Windows+NT+10.0;+Win64;+x64)+AppleWebKit/537.36+(KHTML,+like+Gecko)+Chrome/58.0.3029.110+Safari/537.36 http://localhost:51722/User/Create 200 0 0 57
2017-05-31 17:01:12 ::1 GET /AjaxCall/GetCostCenterList/ _=1496250072389 51722 - ::1 Mozilla/5.0+(Windows+NT+10.0;+Win64;+x64)+AppleWebKit/537.36+(KHTML,+like+Gecko)+Chrome/58.0.3029.110+Safari/537.36 http://localhost:51722/User/Create 200 0 0 315
2017-05-31 17:01:12 ::1 GET /__browserLink/requestData/99cea57835cf401db8c3e772468cd806 version=2 51722 - ::1 Mozilla/5.0+(Windows+NT+10.0;+Win64;+x64)+AppleWebKit/537.36+(KHTML,+like+Gecko)+Chrome/58.0.3029.110+Safari/537.36 http://localhost:51722/User/Create 200 0 0 287
2017-05-31 17:01:13 ::1 GET /AjaxCall/GetCompanyList/ _=1496250072387 51722 - ::1 Mozilla/5.0+(Windows+NT+10.0;+Win64;+x64)+AppleWebKit/537.36+(KHTML,+like+Gecko)+Chrome/58.0.3029.110+Safari/537.36 http://localhost:51722/User/Create 200 0 0 747
2017-05-31 17:01:13 ::1 GET /AjaxCall/GetBusinessUnitList/ _=1496250072388 51722 - ::1 Mozilla/5.0+(Windows+NT+10.0;+Win64;+x64)+AppleWebKit/537.36+(KHTML,+like+Gecko)+Chrome/58.0.3029.110+Safari/537.36 http://localhost:51722/User/Create 200 0 0 795
2017-05-31 17:02:10 ::1 GET /AjaxCall/GetBusinessUnitList/ CompanyId=11&_=1496250130062 51722 - ::1 Mozilla/5.0+(Windows+NT+10.0;+Win64;+x64)+AppleWebKit/537.36+(KHTML,+like+Gecko)+Chrome/58.0.3029.110+Safari/537.36 http://localhost:51722/User/Create 200 0 0 60
2017-05-31 17:02:13 ::1 GET /AjaxCall/GetCostCenterList/ CompanyId=11&BusinessUnitId=34&_=1496250132982 51722 - ::1 Mozilla/5.0+(Windows+NT+10.0;+Win64;+x64)+AppleWebKit/537.36+(KHTML,+like+Gecko)+Chrome/58.0.3029.110+Safari/537.36 http://localhost:51722/User/Create 200 0 0 70
2017-05-31 17:02:15 ::1 POST /User/Create - 51722 - ::1 Mozilla/5.0+(Windows+NT+10.0;+Win64;+x64)+AppleWebKit/537.36+(KHTML,+like+Gecko)+Chrome/58.0.3029.110+Safari/537.36 http://localhost:51722/User/Create 200 0 0 1244
2017-05-31 17:02:15 ::1 GET /User/GetAllEnabledTransactionMappingAccorssAllRoles _=1496250135646 51722 - ::1 Mozilla/5.0+(Windows+NT+10.0;+Win64;+x64)+AppleWebKit/537.36+(KHTML,+like+Gecko)+Chrome/58.0.3029.110+Safari/537.36 http://localhost:51722/User/Create 200 0 0 56
2017-05-31 17:02:15 ::1 GET /AjaxCall/GetBusinessUnitList/ _=1496250135710 51722 - ::1 Mozilla/5.0+(Windows+NT+10.0;+Win64;+x64)+AppleWebKit/537.36+(KHTML,+like+Gecko)+Chrome/58.0.3029.110+Safari/537.36 http://localhost:51722/User/Create 200 0 0 216
2017-05-31 17:02:15 ::1 GET /__browserLink/requestData/0ada5427e8cc411e9b3e0fc5f2fa0b02 version=2 51722 - ::1 Mozilla/5.0+(Windows+NT+10.0;+Win64;+x64)+AppleWebKit/537.36+(KHTML,+like+Gecko)+Chrome/58.0.3029.110+Safari/537.36 http://localhost:51722/User/Create 200 0 0 55
2017-05-31 17:02:16 ::1 GET /AjaxCall/GetCostCenterList/ _=1496250135711 51722 - ::1 Mozilla/5.0+(Windows+NT+10.0;+Win64;+x64)+AppleWebKit/537.36+(KHTML,+like+Gecko)+Chrome/58.0.3029.110+Safari/537.36 http://localhost:51722/User/Create 200 0 0 761
2017-05-31 17:02:16 ::1 GET /AjaxCall/GetCompanyList/ _=1496250135709 51722 - ::1 Mozilla/5.0+(Windows+NT+10.0;+Win64;+x64)+AppleWebKit/537.36+(KHTML,+like+Gecko)+Chrome/58.0.3029.110+Safari/537.36 http://localhost:51722/User/Create 200 0 0 1272
2017-05-31 17:02:19 ::1 GET /User - 51722 - ::1 Mozilla/5.0+(Windows+NT+10.0;+Win64;+x64)+AppleWebKit/537.36+(KHTML,+like+Gecko)+Chrome/58.0.3029.110+Safari/537.36 http://localhost:51722/User/Create 200 0 0 878
2017-05-31 17:02:19 ::1 GET /AjaxCall/GetBusinessUnitList/ CompanyId=0 51722 - ::1 Mozilla/5.0+(Windows+NT+10.0;+Win64;+x64)+AppleWebKit/537.36+(KHTML,+like+Gecko)+Chrome/58.0.3029.110+Safari/537.36 http://localhost:51722/User 200 0 0 223
2017-05-31 17:02:19 ::1 GET /__browserLink/requestData/917853986cab4165884104b5edf45c48 version=2 51722 - ::1 Mozilla/5.0+(Windows+NT+10.0;+Win64;+x64)+AppleWebKit/537.36+(KHTML,+like+Gecko)+Chrome/58.0.3029.110+Safari/537.36 http://localhost:51722/User 200 0 0 129
2017-05-31 17:02:19 ::1 GET /AjaxCall/GetCompanyList/ - 51722 - ::1 Mozilla/5.0+(Windows+NT+10.0;+Win64;+x64)+AppleWebKit/537.36+(KHTML,+like+Gecko)+Chrome/58.0.3029.110+Safari/537.36 http://localhost:51722/User 200 0 0 754
2017-05-31 17:02:19 ::1 GET /AjaxCall/GetBusinessUnitList/ CompanyId=0 51722 - ::1 Mozilla/5.0+(Windows+NT+10.0;+Win64;+x64)+AppleWebKit/537.36+(KHTML,+like+Gecko)+Chrome/58.0.3029.110+Safari/537.36 http://localhost:51722/User 200 0 0 55
2017-05-31 17:02:21 ::1 GET /User/Edit/277 - 51722 - ::1 Mozilla/5.0+(Windows+NT+10.0;+Win64;+x64)+AppleWebKit/537.36+(KHTML,+like+Gecko)+Chrome/58.0.3029.110+Safari/537.36 http://localhost:51722/User 200 0 0 1267
2017-05-31 17:02:21 ::1 GET /User/GetAllEnabledTransactionMappingAccorssAllRoles _=1496250142208 51722 - ::1 Mozilla/5.0+(Windows+NT+10.0;+Win64;+x64)+AppleWebKit/537.36+(KHTML,+like+Gecko)+Chrome/58.0.3029.110+Safari/537.36 http://localhost:51722/User/Edit/277 200 0 0 53
2017-05-31 17:02:21 ::1 GET /AjaxCall/GetCompanyList/ _=1496250142265 51722 - ::1 Mozilla/5.0+(Windows+NT+10.0;+Win64;+x64)+AppleWebKit/537.36+(KHTML,+like+Gecko)+Chrome/58.0.3029.110+Safari/537.36 http://localhost:51722/User/Edit/277 200 0 0 228
2017-05-31 17:02:21 ::1 GET /__browserLink/requestData/bbb915fb7d2644ee8056a0e2110794c6 version=2 51722 - ::1 Mozilla/5.0+(Windows+NT+10.0;+Win64;+x64)+AppleWebKit/537.36+(KHTML,+like+Gecko)+Chrome/58.0.3029.110+Safari/537.36 http://localhost:51722/User/Edit/277 200 0 0 100
2017-05-31 17:02:21 ::1 GET /AjaxCall/GetBusinessUnitList/ CompanyId=11&_=1496250142514 51722 - ::1 Mozilla/5.0+(Windows+NT+10.0;+Win64;+x64)+AppleWebKit/537.36+(KHTML,+like+Gecko)+Chrome/58.0.3029.110+Safari/537.36 http://localhost:51722/User/Edit/277 200 0 0 77
2017-05-31 17:02:21 ::1 GET /AjaxCall/GetCostCenterList/ CompanyId=11&BusinessUnitId=34&_=1496250142611 51722 - ::1 Mozilla/5.0+(Windows+NT+10.0;+Win64;+x64)+AppleWebKit/537.36+(KHTML,+like+Gecko)+Chrome/58.0.3029.110+Safari/537.36 http://localhost:51722/User/Edit/277 200 0 0 64
2017-05-31 17:02:22 ::1 GET /User/GetProjectConfigurationLabelInfo RoleId=41&_=1496250142267 51722 - ::1 Mozilla/5.0+(Windows+NT+10.0;+Win64;+x64)+AppleWebKit/537.36+(KHTML,+like+Gecko)+Chrome/58.0.3029.110+Safari/537.36 http://localhost:51722/User/Edit/277 200 0 0 704
2017-05-31 17:02:26 ::1 POST /User/Edit/277 - 51722 - ::1 Mozilla/5.0+(Windows+NT+10.0;+Win64;+x64)+AppleWebKit/537.36+(KHTML,+like+Gecko)+Chrome/58.0.3029.110+Safari/537.36 http://localhost:51722/User/Edit/277 302 0 0 1698
2017-05-31 17:02:26 ::1 GET /User/Edit/277 - 51722 - ::1 Mozilla/5.0+(Windows+NT+10.0;+Win64;+x64)+AppleWebKit/537.36+(KHTML,+like+Gecko)+Chrome/58.0.3029.110+Safari/537.36 http://localhost:51722/User/Edit/277 200 0 0 921
2017-05-31 17:02:27 ::1 GET /images/icons/tick_circle.png - 51722 - ::1 Mozilla/5.0+(Windows+NT+10.0;+Win64;+x64)+AppleWebKit/537.36+(KHTML,+like+Gecko)+Chrome/58.0.3029.110+Safari/537.36 http://localhost:51722/css/SiteLayoutPageForMasters-css?v=IqWVEtAmBh7OiW3ls3g70cU4ecHwN_M9j600X5meO141 200 0 0 35
2017-05-31 17:02:27 ::1 GET /User/GetAllEnabledTransactionMappingAccorssAllRoles _=1496250147201 51722 - ::1 Mozilla/5.0+(Windows+NT+10.0;+Win64;+x64)+AppleWebKit/537.36+(KHTML,+like+Gecko)+Chrome/58.0.3029.110+Safari/537.36 http://localhost:51722/User/Edit/277 200 0 0 47
2017-05-31 17:02:27 ::1 GET /AjaxCall/GetCompanyList/ _=1496250147252 51722 - ::1 Mozilla/5.0+(Windows+NT+10.0;+Win64;+x64)+AppleWebKit/537.36+(KHTML,+like+Gecko)+Chrome/58.0.3029.110+Safari/537.36 http://localhost:51722/User/Edit/277 200 0 0 242
2017-05-31 17:02:27 ::1 GET /__browserLink/requestData/8820d59732594f65bdaadfc34a8feefa version=2 51722 - ::1 Mozilla/5.0+(Windows+NT+10.0;+Win64;+x64)+AppleWebKit/537.36+(KHTML,+like+Gecko)+Chrome/58.0.3029.110+Safari/537.36 http://localhost:51722/User/Edit/277 200 0 0 273
2017-05-31 17:02:27 ::1 GET /AjaxCall/GetBusinessUnitList/ CompanyId=11&_=1496250147501 51722 - ::1 Mozilla/5.0+(Windows+NT+10.0;+Win64;+x64)+AppleWebKit/537.36+(KHTML,+like+Gecko)+Chrome/58.0.3029.110+Safari/537.36 http://localhost:51722/User/Edit/277 200 0 0 196
2017-05-31 17:02:27 ::1 GET /AjaxCall/GetCostCenterList/ CompanyId=11&BusinessUnitId=34&_=1496250147706 51722 - ::1 Mozilla/5.0+(Windows+NT+10.0;+Win64;+x64)+AppleWebKit/537.36+(KHTML,+like+Gecko)+Chrome/58.0.3029.110+Safari/537.36 http://localhost:51722/User/Edit/277 200 0 0 86
2017-05-31 17:02:27 ::1 GET /User/GetProjectConfigurationLabelInfo RoleId=41&_=1496250147254 51722 - ::1 Mozilla/5.0+(Windows+NT+10.0;+Win64;+x64)+AppleWebKit/537.36+(KHTML,+like+Gecko)+Chrome/58.0.3029.110+Safari/537.36 http://localhost:51722/User/Edit/277 200 0 0 695
