#Software: Microsoft Internet Information Services 8.0
#Version: 1.0
#Date: 2017-03-29 06:19:14
#Fields: date time s-ip cs-method cs-uri-stem cs-uri-query s-port cs-username c-ip cs(User-Agent) cs(Referer) sc-status sc-substatus sc-win32-status time-taken
2017-03-29 06:19:14 ::1 GET / - 51722 - ::1 Mozilla/5.0+(Windows+NT+10.0;+WOW64)+AppleWebKit/537.36+(KHTML,+like+Gecko)+Chrome/56.0.2924.87+Safari/537.36 - 302 0 0 41465
2017-03-29 06:19:34 ::1 GET /User/LogOn - 51722 - ::1 Mozilla/5.0+(Windows+NT+10.0;+WOW64)+AppleWebKit/537.36+(KHTML,+like+Gecko)+Chrome/56.0.2924.87+Safari/537.36 - 200 0 0 19532
2017-03-29 06:19:38 ::1 GET /__browserLink/requestData/9b86d8a1338c4e4bb932d6c789a9f2ea version=2 51722 - ::1 Mozilla/5.0+(Windows+NT+10.0;+WOW64)+AppleWebKit/537.36+(KHTML,+like+Gecko)+Chrome/56.0.2924.87+Safari/537.36 http://localhost:51722/User/LogOn 200 0 0 541
#Software: Microsoft Internet Information Services 8.0
#Version: 1.0
#Date: 2017-03-29 09:26:11
#Fields: date time s-ip cs-method cs-uri-stem cs-uri-query s-port cs-username c-ip cs(User-Agent) cs(Referer) sc-status sc-substatus sc-win32-status time-taken
2017-03-29 09:26:11 ::1 POST /User/LogOn - 51722 - ::1 Mozilla/5.0+(Windows+NT+10.0;+WOW64)+AppleWebKit/537.36+(KHTML,+like+Gecko)+Chrome/56.0.2924.87+Safari/537.36 http://localhost:51722/User/LogOn 302 0 0 22335
2017-03-29 09:26:27 ::1 GET / - 51722 - ::1 Mozilla/5.0+(Windows+NT+10.0;+WOW64)+AppleWebKit/537.36+(KHTML,+like+Gecko)+Chrome/56.0.2924.87+Safari/537.36 http://localhost:51722/User/LogOn 200 0 64 16673
2017-03-29 09:26:30 ::1 POST /User/LogOn - 51722 - ::1 Mozilla/5.0+(Windows+NT+10.0;+WOW64)+AppleWebKit/537.36+(KHTML,+like+Gecko)+Chrome/56.0.2924.87+Safari/537.36 http://localhost:51722/User/LogOn 500 0 0 19026
2017-03-29 09:26:30 ::1 GET /__browserLink/requestData/4b1e7af818a94f54abc292a3796387ae version=2 51722 - ::1 Mozilla/5.0+(Windows+NT+10.0;+WOW64)+AppleWebKit/537.36+(KHTML,+like+Gecko)+Chrome/56.0.2924.87+Safari/537.36 http://localhost:51722/User/LogOn 200 0 0 24
2017-03-29 09:26:40 ::1 GET /User/LogOff - 51722 - ::1 Mozilla/5.0+(Windows+NT+10.0;+WOW64)+AppleWebKit/537.36+(KHTML,+like+Gecko)+Chrome/56.0.2924.87+Safari/537.36 http://localhost:51722/User/LogOn 302 0 0 45
2017-03-29 09:26:40 ::1 GET / - 51722 - ::1 Mozilla/5.0+(Windows+NT+10.0;+WOW64)+AppleWebKit/537.36+(KHTML,+like+Gecko)+Chrome/56.0.2924.87+Safari/537.36 http://localhost:51722/User/LogOn 302 0 0 21
2017-03-29 09:26:40 ::1 GET /User/LogOn - 51722 - ::1 Mozilla/5.0+(Windows+NT+10.0;+WOW64)+AppleWebKit/537.36+(KHTML,+like+Gecko)+Chrome/56.0.2924.87+Safari/537.36 http://localhost:51722/User/LogOn 200 0 0 195
2017-03-29 09:26:40 ::1 GET /__browserLink/requestData/a2d4163788c2493a8866dd373295874a version=2 51722 - ::1 Mozilla/5.0+(Windows+NT+10.0;+WOW64)+AppleWebKit/537.36+(KHTML,+like+Gecko)+Chrome/56.0.2924.87+Safari/537.36 http://localhost:51722/User/LogOn 200 0 0 7
2017-03-29 09:26:55 ::1 POST /User/LogOn - 51722 - ::1 Mozilla/5.0+(Windows+NT+10.0;+WOW64)+AppleWebKit/537.36+(KHTML,+like+Gecko)+Chrome/56.0.2924.87+Safari/537.36 http://localhost:51722/User/LogOn 302 0 0 11245
2017-03-29 09:26:55 ::1 GET / - 51722 - ::1 Mozilla/5.0+(Windows+NT+10.0;+WOW64)+AppleWebKit/537.36+(KHTML,+like+Gecko)+Chrome/56.0.2924.87+Safari/537.36 http://localhost:51722/User/LogOn 200 0 0 711
2017-03-29 09:26:56 ::1 GET /__browserLink/requestData/d832aa2d58c444908aeaa999b2244251 version=2 51722 - ::1 Mozilla/5.0+(Windows+NT+10.0;+WOW64)+AppleWebKit/537.36+(KHTML,+like+Gecko)+Chrome/56.0.2924.87+Safari/537.36 http://localhost:51722/ 200 0 0 7
2017-03-29 09:27:07 ::1 GET / - 51722 - ::1 Mozilla/5.0+(Windows+NT+10.0;+WOW64)+AppleWebKit/537.36+(KHTML,+like+Gecko)+Chrome/56.0.2924.87+Safari/537.36 http://localhost:51722/ 200 0 0 598
2017-03-29 09:27:07 ::1 GET /__browserLink/requestData/b7b3fed22c9342e49a6b00d235913606 version=2 51722 - ::1 Mozilla/5.0+(Windows+NT+10.0;+WOW64)+AppleWebKit/537.36+(KHTML,+like+Gecko)+Chrome/56.0.2924.87+Safari/537.36 http://localhost:51722/ 200 0 0 7
2017-03-29 09:27:17 ::1 GET /User/BankProfileList - 51722 - ::1 Mozilla/5.0+(Windows+NT+10.0;+WOW64)+AppleWebKit/537.36+(KHTML,+like+Gecko)+Chrome/56.0.2924.87+Safari/537.36 http://localhost:51722/ 200 0 0 1034
2017-03-29 09:27:17 ::1 GET /__browserLink/requestData/d7de98ec6fb5459db1b320730f27272e version=2 51722 - ::1 Mozilla/5.0+(Windows+NT+10.0;+WOW64)+AppleWebKit/537.36+(KHTML,+like+Gecko)+Chrome/56.0.2924.87+Safari/537.36 http://localhost:51722/User/BankProfileList 200 0 0 9
2017-03-29 09:32:14 ::1 GET /User/Yourprofile - 51722 - ::1 Mozilla/5.0+(Windows+NT+10.0;+WOW64)+AppleWebKit/537.36+(KHTML,+like+Gecko)+Chrome/56.0.2924.87+Safari/537.36 http://localhost:51722/User/BankProfileList 200 0 0 995
2017-03-29 09:32:14 ::1 GET /__browserLink/requestData/3595adfca30440749e2378c968cf137d version=2 51722 - ::1 Mozilla/5.0+(Windows+NT+10.0;+WOW64)+AppleWebKit/537.36+(KHTML,+like+Gecko)+Chrome/56.0.2924.87+Safari/537.36 http://localhost:51722/User/Yourprofile 200 0 0 10
2017-03-29 09:32:25 ::1 GET /User/Yourprofile - 51722 - ::1 Mozilla/5.0+(Windows+NT+10.0;+WOW64)+AppleWebKit/537.36+(KHTML,+like+Gecko)+Chrome/56.0.2924.87+Safari/537.36 http://localhost:51722/User/Yourprofile 200 0 0 638
2017-03-29 09:32:25 ::1 GET /__browserLink/requestData/b178f416a6964ca1918cff3012131227 version=2 51722 - ::1 Mozilla/5.0+(Windows+NT+10.0;+WOW64)+AppleWebKit/537.36+(KHTML,+like+Gecko)+Chrome/56.0.2924.87+Safari/537.36 http://localhost:51722/User/Yourprofile 200 0 0 9
2017-03-29 09:32:44 ::1 GET /User/PartialUserReimbursableProfile UserId=277&_=1490779954735 51722 - ::1 Mozilla/5.0+(Windows+NT+10.0;+WOW64)+AppleWebKit/537.36+(KHTML,+like+Gecko)+Chrome/56.0.2924.87+Safari/537.36 http://localhost:51722/User/Yourprofile 200 0 0 9697
2017-03-29 09:34:18 ::1 GET /User/PartialUserReimbursableProfile UserId=277 51722 - ::1 Mozilla/5.0+(Windows+NT+10.0;+WOW64)+AppleWebKit/537.36+(KHTML,+like+Gecko)+Chrome/56.0.2924.87+Safari/537.36 - 200 0 0 8502
2017-03-29 09:34:45 ::1 GET /User/PartialUserReimbursableProfile UserId=277 51722 - ::1 Mozilla/5.0+(Windows+NT+10.0;+WOW64)+AppleWebKit/537.36+(KHTML,+like+Gecko)+Chrome/56.0.2924.87+Safari/537.36 - 200 0 0 7128
2017-03-29 09:35:26 ::1 GET /User/PartialUserReimbursableProfile UserId=278 51722 - ::1 Mozilla/5.0+(Windows+NT+10.0;+WOW64)+AppleWebKit/537.36+(KHTML,+like+Gecko)+Chrome/56.0.2924.87+Safari/537.36 - 200 0 0 7137
2017-03-29 09:36:09 ::1 GET /User/PartialUserReimbursableProfile UserId=277 51722 - ::1 Mozilla/5.0+(Windows+NT+10.0;+WOW64)+AppleWebKit/537.36+(KHTML,+like+Gecko)+Chrome/56.0.2924.87+Safari/537.36 - 200 0 0 7115
2017-03-29 09:36:41 ::1 GET /User/LogOff - 51722 - ::1 Mozilla/5.0+(Windows+NT+10.0;+WOW64)+AppleWebKit/537.36+(KHTML,+like+Gecko)+Chrome/56.0.2924.87+Safari/537.36 http://localhost:51722/User/Yourprofile 302 0 0 24
2017-03-29 09:36:41 ::1 GET / - 51722 - ::1 Mozilla/5.0+(Windows+NT+10.0;+WOW64)+AppleWebKit/537.36+(KHTML,+like+Gecko)+Chrome/56.0.2924.87+Safari/537.36 http://localhost:51722/User/Yourprofile 302 0 0 22
2017-03-29 09:36:41 ::1 GET /User/LogOn - 51722 - ::1 Mozilla/5.0+(Windows+NT+10.0;+WOW64)+AppleWebKit/537.36+(KHTML,+like+Gecko)+Chrome/56.0.2924.87+Safari/537.36 http://localhost:51722/User/Yourprofile 200 0 0 261
2017-03-29 09:36:41 ::1 GET /__browserLink/requestData/936a0997a3f947c1ab78b0c192b43d00 version=2 51722 - ::1 Mozilla/5.0+(Windows+NT+10.0;+WOW64)+AppleWebKit/537.36+(KHTML,+like+Gecko)+Chrome/56.0.2924.87+Safari/537.36 http://localhost:51722/User/LogOn 200 0 0 8
2017-03-29 09:37:02 ::1 POST /User/LogOn - 51722 - ::1 Mozilla/5.0+(Windows+NT+10.0;+WOW64)+AppleWebKit/537.36+(KHTML,+like+Gecko)+Chrome/56.0.2924.87+Safari/537.36 http://localhost:51722/User/LogOn 302 0 0 12555
2017-03-29 09:37:03 ::1 GET / - 51722 - ::1 Mozilla/5.0+(Windows+NT+10.0;+WOW64)+AppleWebKit/537.36+(KHTML,+like+Gecko)+Chrome/56.0.2924.87+Safari/537.36 http://localhost:51722/User/LogOn 200 0 0 1436
2017-03-29 09:37:03 ::1 GET /__browserLink/requestData/c01e02aa36a54a16a2da5affb25cf246 version=2 51722 - ::1 Mozilla/5.0+(Windows+NT+10.0;+WOW64)+AppleWebKit/537.36+(KHTML,+like+Gecko)+Chrome/56.0.2924.87+Safari/537.36 http://localhost:51722/ 200 0 0 9
2017-03-29 09:37:25 ::1 GET /User/Yourprofile - 51722 - ::1 Mozilla/5.0+(Windows+NT+10.0;+WOW64)+AppleWebKit/537.36+(KHTML,+like+Gecko)+Chrome/56.0.2924.87+Safari/537.36 http://localhost:51722/ 200 0 0 568
2017-03-29 09:37:25 ::1 GET /__browserLink/requestData/292067c290d24401a73073cfa6443603 version=2 51722 - ::1 Mozilla/5.0+(Windows+NT+10.0;+WOW64)+AppleWebKit/537.36+(KHTML,+like+Gecko)+Chrome/56.0.2924.87+Safari/537.36 http://localhost:51722/User/Yourprofile 200 0 0 11
2017-03-29 09:37:54 ::1 GET / - 51722 - ::1 Mozilla/5.0+(Windows+NT+10.0;+WOW64)+AppleWebKit/537.36+(KHTML,+like+Gecko)+Chrome/56.0.2924.87+Safari/537.36 http://localhost:51722/User/Yourprofile 200 0 0 968
2017-03-29 09:37:54 ::1 GET /__browserLink/requestData/bbf07ed6091e43a2bb5b7088d1c9dfa9 version=2 51722 - ::1 Mozilla/5.0+(Windows+NT+10.0;+WOW64)+AppleWebKit/537.36+(KHTML,+like+Gecko)+Chrome/56.0.2924.87+Safari/537.36 http://localhost:51722/ 200 0 0 11
2017-03-29 09:37:57 ::1 GET /User/LogOff - 51722 - ::1 Mozilla/5.0+(Windows+NT+10.0;+WOW64)+AppleWebKit/537.36+(KHTML,+like+Gecko)+Chrome/56.0.2924.87+Safari/537.36 http://localhost:51722/ 302 0 0 23
2017-03-29 09:37:57 ::1 GET / - 51722 - ::1 Mozilla/5.0+(Windows+NT+10.0;+WOW64)+AppleWebKit/537.36+(KHTML,+like+Gecko)+Chrome/56.0.2924.87+Safari/537.36 http://localhost:51722/ 302 0 0 18
2017-03-29 09:37:57 ::1 GET /User/LogOn - 51722 - ::1 Mozilla/5.0+(Windows+NT+10.0;+WOW64)+AppleWebKit/537.36+(KHTML,+like+Gecko)+Chrome/56.0.2924.87+Safari/537.36 http://localhost:51722/ 200 0 0 128
2017-03-29 09:37:57 ::1 GET /__browserLink/requestData/2e625701bb25457f9b81ffac70c58084 version=2 51722 - ::1 Mozilla/5.0+(Windows+NT+10.0;+WOW64)+AppleWebKit/537.36+(KHTML,+like+Gecko)+Chrome/56.0.2924.87+Safari/537.36 http://localhost:51722/User/LogOn 200 0 0 7
2017-03-29 09:38:15 ::1 POST /User/LogOn - 51722 - ::1 Mozilla/5.0+(Windows+NT+10.0;+WOW64)+AppleWebKit/537.36+(KHTML,+like+Gecko)+Chrome/56.0.2924.87+Safari/537.36 http://localhost:51722/User/LogOn 302 0 0 10244
2017-03-29 09:38:15 ::1 GET / - 51722 - ::1 Mozilla/5.0+(Windows+NT+10.0;+WOW64)+AppleWebKit/537.36+(KHTML,+like+Gecko)+Chrome/56.0.2924.87+Safari/537.36 http://localhost:51722/User/LogOn 302 0 0 31
2017-03-29 09:38:20 ::1 GET /Dashboard/ViewDashboard - 51722 - ::1 Mozilla/5.0+(Windows+NT+10.0;+WOW64)+AppleWebKit/537.36+(KHTML,+like+Gecko)+Chrome/56.0.2924.87+Safari/537.36 http://localhost:51722/User/LogOn 200 0 0 5254
2017-03-29 09:38:20 ::1 GET /__browserLink/requestData/90b54668acb74519be400d755dd7eac4 version=2 51722 - ::1 Mozilla/5.0+(Windows+NT+10.0;+WOW64)+AppleWebKit/537.36+(KHTML,+like+Gecko)+Chrome/56.0.2924.87+Safari/537.36 http://localhost:51722/Dashboard/ViewDashboard 200 0 0 130
2017-03-29 09:38:20 ::1 GET /Dashboard/getAjaxTab/1 sDate=null&eDate=null 51722 - ::1 Mozilla/5.0+(Windows+NT+10.0;+WOW64)+AppleWebKit/537.36+(KHTML,+like+Gecko)+Chrome/56.0.2924.87+Safari/537.36 http://localhost:51722/Dashboard/ViewDashboard 200 0 0 422
2017-03-29 09:38:20 ::1 GET /Scripts/v2/easy.pie.chart/jquery.easing.1.3.js _=1490780301360 51722 - ::1 Mozilla/5.0+(Windows+NT+10.0;+WOW64)+AppleWebKit/537.36+(KHTML,+like+Gecko)+Chrome/56.0.2924.87+Safari/537.36 http://localhost:51722/Dashboard/ViewDashboard 200 0 0 50
2017-03-29 09:38:20 ::1 GET /Scripts/v2/easy.pie.chart/jquery.easypiechart.min.js _=1490780301416 51722 - ::1 Mozilla/5.0+(Windows+NT+10.0;+WOW64)+AppleWebKit/537.36+(KHTML,+like+Gecko)+Chrome/56.0.2924.87+Safari/537.36 http://localhost:51722/Dashboard/ViewDashboard 200 0 0 10
2017-03-29 09:38:20 ::1 GET /Scripts/v2/morris.charts/morris.min.js _=1490780301431 51722 - ::1 Mozilla/5.0+(Windows+NT+10.0;+WOW64)+AppleWebKit/537.36+(KHTML,+like+Gecko)+Chrome/56.0.2924.87+Safari/537.36 http://localhost:51722/Dashboard/ViewDashboard 200 0 0 15
2017-03-29 09:38:20 ::1 GET /Scripts/v2/morris.charts/raphael.min.js _=1490780301519 51722 - ::1 Mozilla/5.0+(Windows+NT+10.0;+WOW64)+AppleWebKit/537.36+(KHTML,+like+Gecko)+Chrome/56.0.2924.87+Safari/537.36 http://localhost:51722/Dashboard/ViewDashboard 200 0 0 14
2017-03-29 09:38:23 ::1 GET /Dashboard/GetExpenseApprovals/ sDate=null&eDate=null 51722 - ::1 Mozilla/5.0+(Windows+NT+10.0;+WOW64)+AppleWebKit/537.36+(KHTML,+like+Gecko)+Chrome/56.0.2924.87+Safari/537.36 http://localhost:51722/Dashboard/ViewDashboard 200 0 0 1527
2017-03-29 09:38:23 ::1 GET /Dashboard/GetExpenseSubmissions/ sDate=null&eDate=null 51722 - ::1 Mozilla/5.0+(Windows+NT+10.0;+WOW64)+AppleWebKit/537.36+(KHTML,+like+Gecko)+Chrome/56.0.2924.87+Safari/537.36 http://localhost:51722/Dashboard/ViewDashboard 200 0 0 1873
2017-03-29 09:38:24 ::1 GET /Dashboard/GetExpenseTypesAmount/ sDate=null&eDate=null 51722 - ::1 Mozilla/5.0+(Windows+NT+10.0;+WOW64)+AppleWebKit/537.36+(KHTML,+like+Gecko)+Chrome/56.0.2924.87+Safari/537.36 http://localhost:51722/Dashboard/ViewDashboard 200 0 0 2805
2017-03-29 09:38:24 ::1 GET /Dashboard/GetPayMethodsAmount/ sDate=null&eDate=null 51722 - ::1 Mozilla/5.0+(Windows+NT+10.0;+WOW64)+AppleWebKit/537.36+(KHTML,+like+Gecko)+Chrome/56.0.2924.87+Safari/537.36 http://localhost:51722/Dashboard/ViewDashboard 200 0 0 3547
2017-03-29 09:38:26 ::1 GET /User - 51722 - ::1 Mozilla/5.0+(Windows+NT+10.0;+WOW64)+AppleWebKit/537.36+(KHTML,+like+Gecko)+Chrome/56.0.2924.87+Safari/537.36 http://localhost:51722/Dashboard/ViewDashboard 200 0 0 2637
2017-03-29 09:38:26 ::1 GET /__browserLink/requestData/1480a132513345e89488ac4cfcee6b1e version=2 51722 - ::1 Mozilla/5.0+(Windows+NT+10.0;+WOW64)+AppleWebKit/537.36+(KHTML,+like+Gecko)+Chrome/56.0.2924.87+Safari/537.36 http://localhost:51722/User 200 0 0 49
2017-03-29 09:38:27 ::1 GET /AjaxCall/GetBusinessUnitList/ CompanyId=0 51722 - ::1 Mozilla/5.0+(Windows+NT+10.0;+WOW64)+AppleWebKit/537.36+(KHTML,+like+Gecko)+Chrome/56.0.2924.87+Safari/537.36 http://localhost:51722/User 200 0 0 1009
2017-03-29 09:38:27 ::1 GET /AjaxCall/GetCompanyList/ - 51722 - ::1 Mozilla/5.0+(Windows+NT+10.0;+WOW64)+AppleWebKit/537.36+(KHTML,+like+Gecko)+Chrome/56.0.2924.87+Safari/537.36 http://localhost:51722/User 200 0 0 1129
2017-03-29 09:38:27 ::1 GET /AjaxCall/GetBusinessUnitList/ CompanyId=0 51722 - ::1 Mozilla/5.0+(Windows+NT+10.0;+WOW64)+AppleWebKit/537.36+(KHTML,+like+Gecko)+Chrome/56.0.2924.87+Safari/537.36 http://localhost:51722/User 200 0 0 33
2017-03-29 09:38:27 ::1 GET /Dashboard/GetExpensePostings/ sDate=null&eDate=null 51722 - ::1 Mozilla/5.0+(Windows+NT+10.0;+WOW64)+AppleWebKit/537.36+(KHTML,+like+Gecko)+Chrome/56.0.2924.87+Safari/537.36 http://localhost:51722/Dashboard/ViewDashboard 200 0 64 6680
2017-03-29 09:38:49 ::1 GET /User/Edit/278 - 51722 - ::1 Mozilla/5.0+(Windows+NT+10.0;+WOW64)+AppleWebKit/537.36+(KHTML,+like+Gecko)+Chrome/56.0.2924.87+Safari/537.36 http://localhost:51722/User 200 0 0 1929
2017-03-29 09:38:49 ::1 GET /User/GetAllEnabledTransactionMappingAccorssAllRoles _=1490780329885 51722 - ::1 Mozilla/5.0+(Windows+NT+10.0;+WOW64)+AppleWebKit/537.36+(KHTML,+like+Gecko)+Chrome/56.0.2924.87+Safari/537.36 http://localhost:51722/User/Edit/278 200 0 0 115
2017-03-29 09:38:49 ::1 GET /AjaxCall/GetCompanyList/ _=1490780330006 51722 - ::1 Mozilla/5.0+(Windows+NT+10.0;+WOW64)+AppleWebKit/537.36+(KHTML,+like+Gecko)+Chrome/56.0.2924.87+Safari/537.36 http://localhost:51722/User/Edit/278 200 0 0 41
2017-03-29 09:38:49 ::1 GET /AjaxCall/GetBusinessUnitList/ CompanyId=11&_=1490780330102 51722 - ::1 Mozilla/5.0+(Windows+NT+10.0;+WOW64)+AppleWebKit/537.36+(KHTML,+like+Gecko)+Chrome/56.0.2924.87+Safari/537.36 http://localhost:51722/User/Edit/278 200 0 0 95
2017-03-29 09:38:49 ::1 GET /AjaxCall/GetCostCenterList/ CompanyId=11&BusinessUnitId=34&_=1490780330203 51722 - ::1 Mozilla/5.0+(Windows+NT+10.0;+WOW64)+AppleWebKit/537.36+(KHTML,+like+Gecko)+Chrome/56.0.2924.87+Safari/537.36 http://localhost:51722/User/Edit/278 200 0 0 251
2017-03-29 09:38:49 ::1 GET /__browserLink/requestData/ee256836cbb44788bdabcd168e6e49bb version=2 51722 - ::1 Mozilla/5.0+(Windows+NT+10.0;+WOW64)+AppleWebKit/537.36+(KHTML,+like+Gecko)+Chrome/56.0.2924.87+Safari/537.36 http://localhost:51722/User/Edit/278 200 0 0 127
2017-03-29 09:38:50 ::1 GET /User/GetProjectConfigurationLabelInfo RoleId=41&_=1490780330008 51722 - ::1 Mozilla/5.0+(Windows+NT+10.0;+WOW64)+AppleWebKit/537.36+(KHTML,+like+Gecko)+Chrome/56.0.2924.87+Safari/537.36 http://localhost:51722/User/Edit/278 200 0 0 570
2017-03-29 09:39:03 ::1 GET /User/PartialUserReimbursableProfile UserId=278&_=1490780335190 51722 - ::1 Mozilla/5.0+(Windows+NT+10.0;+WOW64)+AppleWebKit/537.36+(KHTML,+like+Gecko)+Chrome/56.0.2924.87+Safari/537.36 http://localhost:51722/User/Edit/278 200 0 0 8525
2017-03-29 09:40:45 ::1 GET /User/PartialUserReimbursableProfile UserId=278&_=1490780400695 51722 - ::1 Mozilla/5.0+(Windows+NT+10.0;+WOW64)+AppleWebKit/537.36+(KHTML,+like+Gecko)+Chrome/56.0.2924.87+Safari/537.36 http://localhost:51722/User/Edit/278 200 0 0 44325
2017-03-29 09:54:38 ::1 GET /User/PartialUserReimbursableProfile UserId=278&_=1490781263599 51722 - ::1 Mozilla/5.0+(Windows+NT+10.0;+WOW64)+AppleWebKit/537.36+(KHTML,+like+Gecko)+Chrome/56.0.2924.87+Safari/537.36 http://localhost:51722/User/Edit/278 200 0 0 15353
2017-03-29 09:55:14 ::1 POST /User/PartialUserReimbursableProfile UserId=278&_=1490781263599 51722 - ::1 Mozilla/5.0+(Windows+NT+10.0;+WOW64)+AppleWebKit/537.36+(KHTML,+like+Gecko)+Chrome/56.0.2924.87+Safari/537.36 http://localhost:51722/User/Edit/278 302 0 0 16921
2017-03-29 09:55:14 ::1 GET /User/Edit/278 - 51722 - ::1 Mozilla/5.0+(Windows+NT+10.0;+WOW64)+AppleWebKit/537.36+(KHTML,+like+Gecko)+Chrome/56.0.2924.87+Safari/537.36 http://localhost:51722/User/Edit/278 200 0 0 925
2017-03-29 09:55:15 ::1 GET /User/GetAllEnabledTransactionMappingAccorssAllRoles _=1490781315536 51722 - ::1 Mozilla/5.0+(Windows+NT+10.0;+WOW64)+AppleWebKit/537.36+(KHTML,+like+Gecko)+Chrome/56.0.2924.87+Safari/537.36 http://localhost:51722/User/Edit/278 200 0 0 29
2017-03-29 09:55:15 ::1 GET /AjaxCall/GetCompanyList/ _=1490781315570 51722 - ::1 Mozilla/5.0+(Windows+NT+10.0;+WOW64)+AppleWebKit/537.36+(KHTML,+like+Gecko)+Chrome/56.0.2924.87+Safari/537.36 http://localhost:51722/User/Edit/278 200 0 0 60
2017-03-29 09:55:15 ::1 GET /AjaxCall/GetBusinessUnitList/ CompanyId=11&_=1490781315710 51722 - ::1 Mozilla/5.0+(Windows+NT+10.0;+WOW64)+AppleWebKit/537.36+(KHTML,+like+Gecko)+Chrome/56.0.2924.87+Safari/537.36 http://localhost:51722/User/Edit/278 200 0 0 131
2017-03-29 09:55:15 ::1 GET /__browserLink/requestData/565fbccf301b47abb545ed7291002bfc version=2 51722 - ::1 Mozilla/5.0+(Windows+NT+10.0;+WOW64)+AppleWebKit/537.36+(KHTML,+like+Gecko)+Chrome/56.0.2924.87+Safari/537.36 http://localhost:51722/User/Edit/278 200 0 0 195
2017-03-29 09:55:15 ::1 GET /AjaxCall/GetCostCenterList/ CompanyId=11&BusinessUnitId=34&_=1490781315848 51722 - ::1 Mozilla/5.0+(Windows+NT+10.0;+WOW64)+AppleWebKit/537.36+(KHTML,+like+Gecko)+Chrome/56.0.2924.87+Safari/537.36 http://localhost:51722/User/Edit/278 200 0 0 259
2017-03-29 09:55:15 ::1 GET /User/GetProjectConfigurationLabelInfo RoleId=41&_=1490781315572 51722 - ::1 Mozilla/5.0+(Windows+NT+10.0;+WOW64)+AppleWebKit/537.36+(KHTML,+like+Gecko)+Chrome/56.0.2924.87+Safari/537.36 http://localhost:51722/User/Edit/278 200 0 0 615
2017-03-29 09:55:25 ::1 GET /User/PartialUserReimbursableProfile UserId=278&_=1490781318582 51722 - ::1 Mozilla/5.0+(Windows+NT+10.0;+WOW64)+AppleWebKit/537.36+(KHTML,+like+Gecko)+Chrome/56.0.2924.87+Safari/537.36 http://localhost:51722/User/Edit/278 200 0 0 6739
2017-03-29 09:56:09 ::1 GET /User/PartialOutOfOfficeSettings UserId=278 51722 - ::1 Mozilla/5.0+(Windows+NT+10.0;+WOW64)+AppleWebKit/537.36+(KHTML,+like+Gecko)+Chrome/56.0.2924.87+Safari/537.36 - 200 0 0 122
2017-03-29 09:57:12 ::1 GET /User/PartialUserReimbursableProfile UserId=278 51722 - ::1 Mozilla/5.0+(Windows+NT+10.0;+WOW64)+AppleWebKit/537.36+(KHTML,+like+Gecko)+Chrome/56.0.2924.87+Safari/537.36 - 200 0 0 7470
2017-03-29 09:57:26 ::1 GET /User/PartialUserReimbursableProfile UserId=277 51722 - ::1 Mozilla/5.0+(Windows+NT+10.0;+WOW64)+AppleWebKit/537.36+(KHTML,+like+Gecko)+Chrome/56.0.2924.87+Safari/537.36 - 200 0 0 6665
2017-03-29 09:57:36 ::1 POST /User/PartialUserReimbursableProfile UserId=277 51722 - ::1 Mozilla/5.0+(Windows+NT+10.0;+WOW64)+AppleWebKit/537.36+(KHTML,+like+Gecko)+Chrome/56.0.2924.87+Safari/537.36 http://localhost:51722/User/PartialUserReimbursableProfile?UserId=277 302 0 0 7721
2017-03-29 09:57:37 ::1 GET /User/Edit/277 - 51722 - ::1 Mozilla/5.0+(Windows+NT+10.0;+WOW64)+AppleWebKit/537.36+(KHTML,+like+Gecko)+Chrome/56.0.2924.87+Safari/537.36 http://localhost:51722/User/PartialUserReimbursableProfile?UserId=277 200 0 0 1096
2017-03-29 09:57:37 ::1 GET /User/GetAllEnabledTransactionMappingAccorssAllRoles _=1490781458381 51722 - ::1 Mozilla/5.0+(Windows+NT+10.0;+WOW64)+AppleWebKit/537.36+(KHTML,+like+Gecko)+Chrome/56.0.2924.87+Safari/537.36 http://localhost:51722/User/Edit/277 200 0 0 40
2017-03-29 09:57:37 ::1 GET /User/GetProjectConfigurationLabelInfo RoleId=41&_=1490781458421 51722 - ::1 Mozilla/5.0+(Windows+NT+10.0;+WOW64)+AppleWebKit/537.36+(KHTML,+like+Gecko)+Chrome/56.0.2924.87+Safari/537.36 http://localhost:51722/User/Edit/277 200 0 0 126
2017-03-29 09:57:38 ::1 GET /__browserLink/requestData/09d20a6402fe4ed8acf740fd725e6619 version=2 51722 - ::1 Mozilla/5.0+(Windows+NT+10.0;+WOW64)+AppleWebKit/537.36+(KHTML,+like+Gecko)+Chrome/56.0.2924.87+Safari/537.36 http://localhost:51722/User/Edit/277 200 0 0 58
2017-03-29 09:57:38 ::1 GET /AjaxCall/GetCompanyList/ _=1490781458419 51722 - ::1 Mozilla/5.0+(Windows+NT+10.0;+WOW64)+AppleWebKit/537.36+(KHTML,+like+Gecko)+Chrome/56.0.2924.87+Safari/537.36 http://localhost:51722/User/Edit/277 200 0 0 675
2017-03-29 09:57:38 ::1 GET /AjaxCall/GetBusinessUnitList/ CompanyId=11&_=1490781459104 51722 - ::1 Mozilla/5.0+(Windows+NT+10.0;+WOW64)+AppleWebKit/537.36+(KHTML,+like+Gecko)+Chrome/56.0.2924.87+Safari/537.36 http://localhost:51722/User/Edit/277 200 0 0 38
2017-03-29 09:57:38 ::1 GET /AjaxCall/GetCostCenterList/ CompanyId=11&BusinessUnitId=34&_=1490781459169 51722 - ::1 Mozilla/5.0+(Windows+NT+10.0;+WOW64)+AppleWebKit/537.36+(KHTML,+like+Gecko)+Chrome/56.0.2924.87+Safari/537.36 http://localhost:51722/User/Edit/277 200 0 0 49
2017-03-29 09:57:48 ::1 GET /User/PartialUserReimbursableProfile UserId=277&_=1490781461889 51722 - ::1 Mozilla/5.0+(Windows+NT+10.0;+WOW64)+AppleWebKit/537.36+(KHTML,+like+Gecko)+Chrome/56.0.2924.87+Safari/537.36 http://localhost:51722/User/Edit/277 200 0 0 6830
2017-03-29 09:58:04 ::1 POST /User/PartialUserReimbursableProfile UserId=277&_=1490781461889 51722 - ::1 Mozilla/5.0+(Windows+NT+10.0;+WOW64)+AppleWebKit/537.36+(KHTML,+like+Gecko)+Chrome/56.0.2924.87+Safari/537.36 http://localhost:51722/User/Edit/277 302 0 0 6680
2017-03-29 09:58:04 ::1 GET /User/Edit/277 - 51722 - ::1 Mozilla/5.0+(Windows+NT+10.0;+WOW64)+AppleWebKit/537.36+(KHTML,+like+Gecko)+Chrome/56.0.2924.87+Safari/537.36 http://localhost:51722/User/Edit/277 200 0 0 859
2017-03-29 09:58:05 ::1 GET /User/GetAllEnabledTransactionMappingAccorssAllRoles _=1490781485691 51722 - ::1 Mozilla/5.0+(Windows+NT+10.0;+WOW64)+AppleWebKit/537.36+(KHTML,+like+Gecko)+Chrome/56.0.2924.87+Safari/537.36 http://localhost:51722/User/Edit/277 200 0 0 19
2017-03-29 09:58:05 ::1 GET /AjaxCall/GetCompanyList/ _=1490781485714 51722 - ::1 Mozilla/5.0+(Windows+NT+10.0;+WOW64)+AppleWebKit/537.36+(KHTML,+like+Gecko)+Chrome/56.0.2924.87+Safari/537.36 http://localhost:51722/User/Edit/277 200 0 0 45
2017-03-29 09:58:05 ::1 GET /AjaxCall/GetBusinessUnitList/ CompanyId=11&_=1490781485788 51722 - ::1 Mozilla/5.0+(Windows+NT+10.0;+WOW64)+AppleWebKit/537.36+(KHTML,+like+Gecko)+Chrome/56.0.2924.87+Safari/537.36 http://localhost:51722/User/Edit/277 200 0 0 80
2017-03-29 09:58:05 ::1 GET /AjaxCall/GetCostCenterList/ CompanyId=11&BusinessUnitId=34&_=1490781485905 51722 - ::1 Mozilla/5.0+(Windows+NT+10.0;+WOW64)+AppleWebKit/537.36+(KHTML,+like+Gecko)+Chrome/56.0.2924.87+Safari/537.36 http://localhost:51722/User/Edit/277 200 0 0 185
2017-03-29 09:58:05 ::1 GET /__browserLink/requestData/db96fd69bde44c12803d4c394e806c63 version=2 51722 - ::1 Mozilla/5.0+(Windows+NT+10.0;+WOW64)+AppleWebKit/537.36+(KHTML,+like+Gecko)+Chrome/56.0.2924.87+Safari/537.36 http://localhost:51722/User/Edit/277 200 0 0 95
2017-03-29 09:58:05 ::1 GET /User/GetProjectConfigurationLabelInfo RoleId=41&_=1490781485715 51722 - ::1 Mozilla/5.0+(Windows+NT+10.0;+WOW64)+AppleWebKit/537.36+(KHTML,+like+Gecko)+Chrome/56.0.2924.87+Safari/537.36 http://localhost:51722/User/Edit/277 200 0 0 595
2017-03-29 09:58:39 ::1 GET /User/PartialUserReimbursableProfile UserId=278 51722 - ::1 Mozilla/5.0+(Windows+NT+10.0;+WOW64)+AppleWebKit/537.36+(KHTML,+like+Gecko)+Chrome/56.0.2924.87+Safari/537.36 - 200 0 0 6827
2017-03-29 09:58:50 ::1 GET /User/PartialUserReimbursableProfile UserId=277&_=1490781524336 51722 - ::1 Mozilla/5.0+(Windows+NT+10.0;+WOW64)+AppleWebKit/537.36+(KHTML,+like+Gecko)+Chrome/56.0.2924.87+Safari/537.36 http://localhost:51722/User/Edit/277 200 0 0 6531
2017-03-29 09:59:13 ::1 GET /User/PartialUserReimbursableProfile UserId=277 51722 - ::1 Mozilla/5.0+(Windows+NT+10.0;+WOW64)+AppleWebKit/537.36+(KHTML,+like+Gecko)+Chrome/56.0.2924.87+Safari/537.36 - 200 0 0 6967
2017-03-29 10:00:08 ::1 GET /User/LogOff - 51722 - ::1 Mozilla/5.0+(Windows+NT+10.0;+WOW64)+AppleWebKit/537.36+(KHTML,+like+Gecko)+Chrome/56.0.2924.87+Safari/537.36 http://localhost:51722/User/Edit/277 302 0 0 33
2017-03-29 10:00:08 ::1 GET / - 51722 - ::1 Mozilla/5.0+(Windows+NT+10.0;+WOW64)+AppleWebKit/537.36+(KHTML,+like+Gecko)+Chrome/56.0.2924.87+Safari/537.36 http://localhost:51722/User/Edit/277 302 0 0 26
2017-03-29 10:00:08 ::1 GET /User/LogOn - 51722 - ::1 Mozilla/5.0+(Windows+NT+10.0;+WOW64)+AppleWebKit/537.36+(KHTML,+like+Gecko)+Chrome/56.0.2924.87+Safari/537.36 http://localhost:51722/User/Edit/277 200 0 0 168
2017-03-29 10:00:08 ::1 GET /__browserLink/requestData/7bf6f876c87247aabb4a3e9dc6ab29fd version=2 51722 - ::1 Mozilla/5.0+(Windows+NT+10.0;+WOW64)+AppleWebKit/537.36+(KHTML,+like+Gecko)+Chrome/56.0.2924.87+Safari/537.36 http://localhost:51722/User/LogOn 200 0 0 14
2017-03-29 10:00:27 ::1 POST /User/LogOn - 51722 - ::1 Mozilla/5.0+(Windows+NT+10.0;+WOW64)+AppleWebKit/537.36+(KHTML,+like+Gecko)+Chrome/56.0.2924.87+Safari/537.36 http://localhost:51722/User/LogOn 302 0 0 11865
2017-03-29 10:00:27 ::1 GET / - 51722 - ::1 Mozilla/5.0+(Windows+NT+10.0;+WOW64)+AppleWebKit/537.36+(KHTML,+like+Gecko)+Chrome/56.0.2924.87+Safari/537.36 http://localhost:51722/User/LogOn 200 0 0 733
2017-03-29 10:00:28 ::1 GET /__browserLink/requestData/37bd8973c9574df2a42fce10c389f778 version=2 51722 - ::1 Mozilla/5.0+(Windows+NT+10.0;+WOW64)+AppleWebKit/537.36+(KHTML,+like+Gecko)+Chrome/56.0.2924.87+Safari/537.36 http://localhost:51722/ 200 0 0 7
2017-03-29 10:00:33 ::1 GET /User/Yourprofile - 51722 - ::1 Mozilla/5.0+(Windows+NT+10.0;+WOW64)+AppleWebKit/537.36+(KHTML,+like+Gecko)+Chrome/56.0.2924.87+Safari/537.36 http://localhost:51722/ 200 0 0 744
2017-03-29 10:00:33 ::1 GET /__browserLink/requestData/b5f0fdf87a8d4b42bed4c8ae3526c931 version=2 51722 - ::1 Mozilla/5.0+(Windows+NT+10.0;+WOW64)+AppleWebKit/537.36+(KHTML,+like+Gecko)+Chrome/56.0.2924.87+Safari/537.36 http://localhost:51722/User/Yourprofile 200 0 0 22
2017-03-29 10:00:43 ::1 GET /User/PartialUserReimbursableProfile UserId=277&_=1490781636347 51722 - ::1 Mozilla/5.0+(Windows+NT+10.0;+WOW64)+AppleWebKit/537.36+(KHTML,+like+Gecko)+Chrome/56.0.2924.87+Safari/537.36 http://localhost:51722/User/Yourprofile 200 0 0 7027
2017-03-29 10:00:56 ::1 GET /User/PartialUserReimbursableProfile UserId=277 51722 - ::1 Mozilla/5.0+(Windows+NT+10.0;+WOW64)+AppleWebKit/537.36+(KHTML,+like+Gecko)+Chrome/56.0.2924.87+Safari/537.36 - 200 0 0 6786
2017-03-29 10:00:56 ::1 GET /favicon.ico - 51722 - ::1 Mozilla/5.0+(Windows+NT+10.0;+WOW64)+AppleWebKit/537.36+(KHTML,+like+Gecko)+Chrome/56.0.2924.87+Safari/537.36 http://localhost:51722/User/PartialUserReimbursableProfile?UserId=277 200 0 0 12
2017-03-29 10:01:07 ::1 GET /User/PartialUserReimbursableProfile UserId=278 51722 - ::1 Mozilla/5.0+(Windows+NT+10.0;+WOW64)+AppleWebKit/537.36+(KHTML,+like+Gecko)+Chrome/56.0.2924.87+Safari/537.36 - 200 0 0 6785
2017-03-29 10:01:24 ::1 POST /User/PartialUserReimbursableProfile UserId=278 51722 - ::1 Mozilla/5.0+(Windows+NT+10.0;+WOW64)+AppleWebKit/537.36+(KHTML,+like+Gecko)+Chrome/56.0.2924.87+Safari/537.36 http://localhost:51722/User/PartialUserReimbursableProfile?UserId=278 302 0 0 7746
2017-03-29 10:01:24 ::1 GET /User/YourProfile - 51722 - ::1 Mozilla/5.0+(Windows+NT+10.0;+WOW64)+AppleWebKit/537.36+(KHTML,+like+Gecko)+Chrome/56.0.2924.87+Safari/537.36 http://localhost:51722/User/PartialUserReimbursableProfile?UserId=278 200 0 0 565
2017-03-29 10:01:24 ::1 GET /__browserLink/requestData/cbecb96492f74aaaa4c4f08188e580ef version=2 51722 - ::1 Mozilla/5.0+(Windows+NT+10.0;+WOW64)+AppleWebKit/537.36+(KHTML,+like+Gecko)+Chrome/56.0.2924.87+Safari/537.36 http://localhost:51722/User/YourProfile 200 0 0 9
2017-03-29 10:02:26 ::1 GET /User/PartialUserReimbursableProfile UserId=277&_=1490781739377 51722 - ::1 Mozilla/5.0+(Windows+NT+10.0;+WOW64)+AppleWebKit/537.36+(KHTML,+like+Gecko)+Chrome/56.0.2924.87+Safari/537.36 http://localhost:51722/User/YourProfile 200 0 0 6816
#Software: Microsoft Internet Information Services 8.0
#Version: 1.0
#Date: 2017-03-29 11:54:41
#Fields: date time s-ip cs-method cs-uri-stem cs-uri-query s-port cs-username c-ip cs(User-Agent) cs(Referer) sc-status sc-substatus sc-win32-status time-taken
2017-03-29 11:54:41 ::1 GET / - 51722 - ::1 Mozilla/5.0+(Windows+NT+10.0;+WOW64)+AppleWebKit/537.36+(KHTML,+like+Gecko)+Chrome/56.0.2924.87+Safari/537.36 - 302 0 0 35504
2017-03-29 11:54:59 ::1 GET /User/LogOut - 51722 - ::1 Mozilla/5.0+(Windows+NT+10.0;+WOW64)+AppleWebKit/537.36+(KHTML,+like+Gecko)+Chrome/56.0.2924.87+Safari/537.36 - 200 0 64 50066
2017-03-29 11:54:59 ::1 GET /User/LogOut - 51722 - ::1 Mozilla/5.0+(Windows+NT+10.0;+WOW64)+AppleWebKit/537.36+(KHTML,+like+Gecko)+Chrome/56.0.2924.87+Safari/537.36 - 200 0 64 49151
2017-03-29 11:54:59 ::1 GET /User/LogOut - 51722 - ::1 Mozilla/5.0+(Windows+NT+10.0;+WOW64)+AppleWebKit/537.36+(KHTML,+like+Gecko)+Chrome/56.0.2924.87+Safari/537.36 - 200 0 64 51357
2017-03-29 11:55:00 ::1 GET /User/LogOn - 51722 - ::1 Mozilla/5.0+(Windows+NT+10.0;+WOW64)+AppleWebKit/537.36+(KHTML,+like+Gecko)+Chrome/56.0.2924.87+Safari/537.36 - 200 0 0 19554
2017-03-29 11:55:01 ::1 GET /__browserLink/requestData/484cd6117df94940919f48c01746cc58 version=2 51722 - ::1 Mozilla/5.0+(Windows+NT+10.0;+WOW64)+AppleWebKit/537.36+(KHTML,+like+Gecko)+Chrome/56.0.2924.87+Safari/537.36 http://localhost:51722/User/LogOn 200 0 0 270
2017-03-29 11:55:22 ::1 POST /User/LogOn - 51722 - ::1 Mozilla/5.0+(Windows+NT+10.0;+WOW64)+AppleWebKit/537.36+(KHTML,+like+Gecko)+Chrome/56.0.2924.87+Safari/537.36 http://localhost:51722/User/LogOn 302 0 0 18760
2017-03-29 11:55:52 ::1 GET / - 51722 - ::1 Mozilla/5.0+(Windows+NT+10.0;+WOW64)+AppleWebKit/537.36+(KHTML,+like+Gecko)+Chrome/56.0.2924.87+Safari/537.36 http://localhost:51722/User/LogOn 200 0 0 29911
2017-03-29 11:55:52 ::1 GET /__browserLink/requestData/f0b9501230db4ba5a8bf9c904584f77b version=2 51722 - ::1 Mozilla/5.0+(Windows+NT+10.0;+WOW64)+AppleWebKit/537.36+(KHTML,+like+Gecko)+Chrome/56.0.2924.87+Safari/537.36 http://localhost:51722/ 200 0 0 9
2017-03-29 11:55:58 ::1 GET /User/Yourprofile - 51722 - ::1 Mozilla/5.0+(Windows+NT+10.0;+WOW64)+AppleWebKit/537.36+(KHTML,+like+Gecko)+Chrome/56.0.2924.87+Safari/537.36 http://localhost:51722/ 200 0 0 1012
2017-03-29 11:55:58 ::1 GET /__browserLink/requestData/c9e5a21081e740949be356ff9fcf181f version=2 51722 - ::1 Mozilla/5.0+(Windows+NT+10.0;+WOW64)+AppleWebKit/537.36+(KHTML,+like+Gecko)+Chrome/56.0.2924.87+Safari/537.36 http://localhost:51722/User/Yourprofile 200 0 0 17
#Software: Microsoft Internet Information Services 8.0
#Version: 1.0
#Date: 2017-03-29 12:00:30
#Fields: date time s-ip cs-method cs-uri-stem cs-uri-query s-port cs-username c-ip cs(User-Agent) cs(Referer) sc-status sc-substatus sc-win32-status time-taken
2017-03-29 12:00:30 ::1 GET / - 51722 - ::1 Mozilla/5.0+(Windows+NT+10.0;+WOW64)+AppleWebKit/537.36+(KHTML,+like+Gecko)+Chrome/56.0.2924.87+Safari/537.36 - 302 0 0 34236
2017-03-29 12:00:55 ::1 GET /User/LogOn - 51722 - ::1 Mozilla/5.0+(Windows+NT+10.0;+WOW64)+AppleWebKit/537.36+(KHTML,+like+Gecko)+Chrome/56.0.2924.87+Safari/537.36 - 200 0 0 24651
2017-03-29 12:00:56 ::1 GET /__browserLink/requestData/a8b08dcf76344c888356c1c221410d04 version=2 51722 - ::1 Mozilla/5.0+(Windows+NT+10.0;+WOW64)+AppleWebKit/537.36+(KHTML,+like+Gecko)+Chrome/56.0.2924.87+Safari/537.36 http://localhost:51722/User/LogOn 200 0 0 109
2017-03-29 12:01:33 ::1 POST /User/LogOn - 51722 - ::1 Mozilla/5.0+(Windows+NT+10.0;+WOW64)+AppleWebKit/537.36+(KHTML,+like+Gecko)+Chrome/56.0.2924.87+Safari/537.36 http://localhost:51722/User/LogOn 302 0 0 17450
2017-03-29 12:01:33 ::1 GET / - 51722 - ::1 Mozilla/5.0+(Windows+NT+10.0;+WOW64)+AppleWebKit/537.36+(KHTML,+like+Gecko)+Chrome/56.0.2924.87+Safari/537.36 http://localhost:51722/User/LogOn 302 0 0 47
2017-03-29 12:01:47 ::1 GET /Dashboard/ViewDashboard - 51722 - ::1 Mozilla/5.0+(Windows+NT+10.0;+WOW64)+AppleWebKit/537.36+(KHTML,+like+Gecko)+Chrome/56.0.2924.87+Safari/537.36 http://localhost:51722/User/LogOn 200 0 0 13734
2017-03-29 12:01:47 ::1 GET /__browserLink/requestData/4821cc2afc9248d2bb7e1dfe749c16f5 version=2 51722 - ::1 Mozilla/5.0+(Windows+NT+10.0;+WOW64)+AppleWebKit/537.36+(KHTML,+like+Gecko)+Chrome/56.0.2924.87+Safari/537.36 http://localhost:51722/Dashboard/ViewDashboard 200 0 0 144
2017-03-29 12:01:47 ::1 GET /Dashboard/getAjaxTab/1 sDate=null&eDate=null 51722 - ::1 Mozilla/5.0+(Windows+NT+10.0;+WOW64)+AppleWebKit/537.36+(KHTML,+like+Gecko)+Chrome/56.0.2924.87+Safari/537.36 http://localhost:51722/Dashboard/ViewDashboard 200 0 0 476
2017-03-29 12:01:47 ::1 GET /Scripts/v2/easy.pie.chart/jquery.easing.1.3.js _=1490788908332 51722 - ::1 Mozilla/5.0+(Windows+NT+10.0;+WOW64)+AppleWebKit/537.36+(KHTML,+like+Gecko)+Chrome/56.0.2924.87+Safari/537.36 http://localhost:51722/Dashboard/ViewDashboard 200 0 0 40
2017-03-29 12:01:47 ::1 GET /Scripts/v2/easy.pie.chart/jquery.easypiechart.min.js _=1490788908381 51722 - ::1 Mozilla/5.0+(Windows+NT+10.0;+WOW64)+AppleWebKit/537.36+(KHTML,+like+Gecko)+Chrome/56.0.2924.87+Safari/537.36 http://localhost:51722/Dashboard/ViewDashboard 200 0 0 16
2017-03-29 12:01:47 ::1 GET /Scripts/v2/morris.charts/morris.min.js _=1490788908413 51722 - ::1 Mozilla/5.0+(Windows+NT+10.0;+WOW64)+AppleWebKit/537.36+(KHTML,+like+Gecko)+Chrome/56.0.2924.87+Safari/537.36 http://localhost:51722/Dashboard/ViewDashboard 200 0 0 16
2017-03-29 12:01:47 ::1 GET /Scripts/v2/morris.charts/raphael.min.js _=1490788908452 51722 - ::1 Mozilla/5.0+(Windows+NT+10.0;+WOW64)+AppleWebKit/537.36+(KHTML,+like+Gecko)+Chrome/56.0.2924.87+Safari/537.36 http://localhost:51722/Dashboard/ViewDashboard 200 0 0 37
2017-03-29 12:01:51 ::1 GET /Dashboard/GetExpenseApprovals/ sDate=null&eDate=null 51722 - ::1 Mozilla/5.0+(Windows+NT+10.0;+WOW64)+AppleWebKit/537.36+(KHTML,+like+Gecko)+Chrome/56.0.2924.87+Safari/537.36 http://localhost:51722/Dashboard/ViewDashboard 200 0 0 2504
2017-03-29 12:01:52 ::1 GET /Dashboard/GetPayMethodsAmount/ sDate=null&eDate=null 51722 - ::1 Mozilla/5.0+(Windows+NT+10.0;+WOW64)+AppleWebKit/537.36+(KHTML,+like+Gecko)+Chrome/56.0.2924.87+Safari/537.36 http://localhost:51722/Dashboard/ViewDashboard 200 0 0 3505
2017-03-29 12:01:52 ::1 GET /Dashboard/GetExpenseTypesAmount/ sDate=null&eDate=null 51722 - ::1 Mozilla/5.0+(Windows+NT+10.0;+WOW64)+AppleWebKit/537.36+(KHTML,+like+Gecko)+Chrome/56.0.2924.87+Safari/537.36 http://localhost:51722/Dashboard/ViewDashboard 200 0 0 4247
2017-03-29 12:01:53 ::1 GET /Dashboard/GetExpensePostings/ sDate=null&eDate=null 51722 - ::1 Mozilla/5.0+(Windows+NT+10.0;+WOW64)+AppleWebKit/537.36+(KHTML,+like+Gecko)+Chrome/56.0.2924.87+Safari/537.36 http://localhost:51722/Dashboard/ViewDashboard 200 0 0 5200
2017-03-29 12:01:53 ::1 GET /Dashboard/GetExpenseSubmissions/ sDate=null&eDate=null 51722 - ::1 Mozilla/5.0+(Windows+NT+10.0;+WOW64)+AppleWebKit/537.36+(KHTML,+like+Gecko)+Chrome/56.0.2924.87+Safari/537.36 http://localhost:51722/Dashboard/ViewDashboard 200 0 0 6080
2017-03-29 12:02:16 ::1 GET /User/Yourprofile - 51722 - ::1 Mozilla/5.0+(Windows+NT+10.0;+WOW64)+AppleWebKit/537.36+(KHTML,+like+Gecko)+Chrome/56.0.2924.87+Safari/537.36 http://localhost:51722/Dashboard/ViewDashboard 200 0 0 2422
2017-03-29 12:02:16 ::1 GET /__browserLink/requestData/3ca24e1ef75f4dea9f0a11c2b4e8e696 version=2 51722 - ::1 Mozilla/5.0+(Windows+NT+10.0;+WOW64)+AppleWebKit/537.36+(KHTML,+like+Gecko)+Chrome/56.0.2924.87+Safari/537.36 http://localhost:51722/User/Yourprofile 200 0 0 62
#Software: Microsoft Internet Information Services 8.0
#Version: 1.0
#Date: 2017-03-29 12:20:38
#Fields: date time s-ip cs-method cs-uri-stem cs-uri-query s-port cs-username c-ip cs(User-Agent) cs(Referer) sc-status sc-substatus sc-win32-status time-taken
2017-03-29 12:20:38 ::1 GET / - 51722 - ::1 Mozilla/5.0+(Windows+NT+10.0;+WOW64)+AppleWebKit/537.36+(KHTML,+like+Gecko)+Chrome/56.0.2924.87+Safari/537.36 - 302 0 0 26301
2017-03-29 12:20:57 ::1 GET /User/LogOn - 51722 - ::1 Mozilla/5.0+(Windows+NT+10.0;+WOW64)+AppleWebKit/537.36+(KHTML,+like+Gecko)+Chrome/56.0.2924.87+Safari/537.36 - 200 0 0 18857
2017-03-29 12:20:58 ::1 GET /__browserLink/requestData/860a480128e64bdfb005efe3930f7851 version=2 51722 - ::1 Mozilla/5.0+(Windows+NT+10.0;+WOW64)+AppleWebKit/537.36+(KHTML,+like+Gecko)+Chrome/56.0.2924.87+Safari/537.36 http://localhost:51722/User/LogOn 200 0 0 302
2017-03-29 12:22:14 ::1 POST /User/LogOn - 51722 - ::1 Mozilla/5.0+(Windows+NT+10.0;+WOW64)+AppleWebKit/537.36+(KHTML,+like+Gecko)+Chrome/56.0.2924.87+Safari/537.36 http://localhost:51722/User/LogOn 302 0 0 19990
2017-03-29 12:22:43 ::1 GET / - 51722 - ::1 Mozilla/5.0+(Windows+NT+10.0;+WOW64)+AppleWebKit/537.36+(KHTML,+like+Gecko)+Chrome/56.0.2924.87+Safari/537.36 http://localhost:51722/User/LogOn 200 0 0 29188
2017-03-29 12:22:43 ::1 GET /__browserLink/requestData/768445807b0f4755b43faad9e8dcb6d2 version=2 51722 - ::1 Mozilla/5.0+(Windows+NT+10.0;+WOW64)+AppleWebKit/537.36+(KHTML,+like+Gecko)+Chrome/56.0.2924.87+Safari/537.36 http://localhost:51722/ 200 0 0 23
2017-03-29 12:22:50 ::1 GET /User/Yourprofile - 51722 - ::1 Mozilla/5.0+(Windows+NT+10.0;+WOW64)+AppleWebKit/537.36+(KHTML,+like+Gecko)+Chrome/56.0.2924.87+Safari/537.36 http://localhost:51722/ 200 0 0 1198
2017-03-29 12:22:50 ::1 GET /__browserLink/requestData/0fbebd24dc214dc2aa235a3f2da47b80 version=2 51722 - ::1 Mozilla/5.0+(Windows+NT+10.0;+WOW64)+AppleWebKit/537.36+(KHTML,+like+Gecko)+Chrome/56.0.2924.87+Safari/537.36 http://localhost:51722/User/Yourprofile 200 0 0 31
2017-03-29 12:23:01 ::1 GET /User/PartialUserReimbursableProfile UserId=277&_=1490790173127 51722 - ::1 Mozilla/5.0+(Windows+NT+10.0;+WOW64)+AppleWebKit/537.36+(KHTML,+like+Gecko)+Chrome/56.0.2924.87+Safari/537.36 http://localhost:51722/User/Yourprofile 200 0 0 8408
2017-03-29 12:24:02 ::1 GET /User/PartialUserReimbursableProfile UserId=277 51722 - ::1 Mozilla/5.0+(Windows+NT+10.0;+WOW64)+AppleWebKit/537.36+(KHTML,+like+Gecko)+Chrome/56.0.2924.87+Safari/537.36 - 200 0 0 21497
2017-03-29 12:24:10 ::1 GET /User/PartialUserReimbursableProfile UserId=277 51722 - ::1 Mozilla/5.0+(Windows+NT+10.0;+WOW64)+AppleWebKit/537.36+(KHTML,+like+Gecko)+Chrome/56.0.2924.87+Safari/537.36 - 200 0 0 7567
2017-03-29 12:24:10 ::1 GET /favicon.ico - 51722 - ::1 Mozilla/5.0+(Windows+NT+10.0;+WOW64)+AppleWebKit/537.36+(KHTML,+like+Gecko)+Chrome/56.0.2924.87+Safari/537.36 http://localhost:51722/User/PartialUserReimbursableProfile?UserId=277 200 0 0 35
2017-03-29 12:24:53 ::1 GET /User/PartialUserReimbursableProfile UserId=278 51722 - ::1 Mozilla/5.0+(Windows+NT+10.0;+WOW64)+AppleWebKit/537.36+(KHTML,+like+Gecko)+Chrome/56.0.2924.87+Safari/537.36 - 500 0 0 29136
2017-03-29 12:24:53 ::1 GET /__browserLink/requestData/2a7bdccae6114c3d86e0f23426a41026 version=2 51722 - ::1 Mozilla/5.0+(Windows+NT+10.0;+WOW64)+AppleWebKit/537.36+(KHTML,+like+Gecko)+Chrome/56.0.2924.87+Safari/537.36 http://localhost:51722/User/PartialUserReimbursableProfile?UserId=278 200 0 0 19
#Software: Microsoft Internet Information Services 8.0
#Version: 1.0
#Date: 2017-03-29 12:41:46
#Fields: date time s-ip cs-method cs-uri-stem cs-uri-query s-port cs-username c-ip cs(User-Agent) cs(Referer) sc-status sc-substatus sc-win32-status time-taken
2017-03-29 12:41:46 ::1 GET / - 51722 - ::1 Mozilla/5.0+(Windows+NT+10.0;+WOW64)+AppleWebKit/537.36+(KHTML,+like+Gecko)+Chrome/56.0.2924.87+Safari/537.36 http://localhost:51722/User/Yourprofile 200 0 0 1541
2017-03-29 12:41:47 ::1 GET /__browserLink/requestData/5bcf514ad51f4ad9b8372ec4953a8c42 version=2 51722 - ::1 Mozilla/5.0+(Windows+NT+10.0;+WOW64)+AppleWebKit/537.36+(KHTML,+like+Gecko)+Chrome/56.0.2924.87+Safari/537.36 http://localhost:51722/ 200 0 0 9
2017-03-29 12:41:55 ::1 GET /User/LogOff - 51722 - ::1 Mozilla/5.0+(Windows+NT+10.0;+WOW64)+AppleWebKit/537.36+(KHTML,+like+Gecko)+Chrome/56.0.2924.87+Safari/537.36 http://localhost:51722/ 302 0 0 405
2017-03-29 12:41:55 ::1 GET / - 51722 - ::1 Mozilla/5.0+(Windows+NT+10.0;+WOW64)+AppleWebKit/537.36+(KHTML,+like+Gecko)+Chrome/56.0.2924.87+Safari/537.36 http://localhost:51722/ 302 0 0 149
2017-03-29 12:41:55 ::1 GET /User/LogOn - 51722 - ::1 Mozilla/5.0+(Windows+NT+10.0;+WOW64)+AppleWebKit/537.36+(KHTML,+like+Gecko)+Chrome/56.0.2924.87+Safari/537.36 http://localhost:51722/ 200 0 0 208
2017-03-29 12:41:56 ::1 GET /__browserLink/requestData/c5b2d249718e4d9db331cc0d857efd11 version=2 51722 - ::1 Mozilla/5.0+(Windows+NT+10.0;+WOW64)+AppleWebKit/537.36+(KHTML,+like+Gecko)+Chrome/56.0.2924.87+Safari/537.36 http://localhost:51722/User/LogOn 200 0 0 15
2017-03-29 12:42:53 ::1 POST /User/LogOn - 51722 - ::1 Mozilla/5.0+(Windows+NT+10.0;+WOW64)+AppleWebKit/537.36+(KHTML,+like+Gecko)+Chrome/56.0.2924.87+Safari/537.36 http://localhost:51722/User/LogOn 302 0 0 51213
2017-03-29 12:42:53 ::1 GET / - 51722 - ::1 Mozilla/5.0+(Windows+NT+10.0;+WOW64)+AppleWebKit/537.36+(KHTML,+like+Gecko)+Chrome/56.0.2924.87+Safari/537.36 http://localhost:51722/User/LogOn 302 0 0 25
2017-03-29 12:43:23 ::1 GET /Dashboard/ViewDashboard - 51722 - ::1 Mozilla/5.0+(Windows+NT+10.0;+WOW64)+AppleWebKit/537.36+(KHTML,+like+Gecko)+Chrome/56.0.2924.87+Safari/537.36 http://localhost:51722/User/LogOn 200 0 0 30589
2017-03-29 12:43:23 ::1 GET /__browserLink/requestData/eb38cf44baa9403c9e3f537955b9a750 version=2 51722 - ::1 Mozilla/5.0+(Windows+NT+10.0;+WOW64)+AppleWebKit/537.36+(KHTML,+like+Gecko)+Chrome/56.0.2924.87+Safari/537.36 http://localhost:51722/Dashboard/ViewDashboard 200 0 0 120
2017-03-29 12:43:25 ::1 GET /Dashboard/getAjaxTab/1 sDate=null&eDate=null 51722 - ::1 Mozilla/5.0+(Windows+NT+10.0;+WOW64)+AppleWebKit/537.36+(KHTML,+like+Gecko)+Chrome/56.0.2924.87+Safari/537.36 http://localhost:51722/Dashboard/ViewDashboard 200 0 0 887
2017-03-29 12:43:25 ::1 GET /Scripts/v2/easy.pie.chart/jquery.easing.1.3.js _=1490791405439 51722 - ::1 Mozilla/5.0+(Windows+NT+10.0;+WOW64)+AppleWebKit/537.36+(KHTML,+like+Gecko)+Chrome/56.0.2924.87+Safari/537.36 http://localhost:51722/Dashboard/ViewDashboard 200 0 0 64
2017-03-29 12:43:25 ::1 GET /Scripts/v2/easy.pie.chart/jquery.easypiechart.min.js _=1490791405594 51722 - ::1 Mozilla/5.0+(Windows+NT+10.0;+WOW64)+AppleWebKit/537.36+(KHTML,+like+Gecko)+Chrome/56.0.2924.87+Safari/537.36 http://localhost:51722/Dashboard/ViewDashboard 200 0 0 427
2017-03-29 12:43:25 ::1 GET /Scripts/v2/morris.charts/morris.min.js _=1490791406120 51722 - ::1 Mozilla/5.0+(Windows+NT+10.0;+WOW64)+AppleWebKit/537.36+(KHTML,+like+Gecko)+Chrome/56.0.2924.87+Safari/537.36 http://localhost:51722/Dashboard/ViewDashboard 200 0 0 88
2017-03-29 12:43:25 ::1 GET /Scripts/v2/morris.charts/raphael.min.js _=1490791406224 51722 - ::1 Mozilla/5.0+(Windows+NT+10.0;+WOW64)+AppleWebKit/537.36+(KHTML,+like+Gecko)+Chrome/56.0.2924.87+Safari/537.36 http://localhost:51722/Dashboard/ViewDashboard 200 0 0 180
2017-03-29 12:43:31 ::1 GET /Dashboard/GetExpenseApprovals/ sDate=null&eDate=null 51722 - ::1 Mozilla/5.0+(Windows+NT+10.0;+WOW64)+AppleWebKit/537.36+(KHTML,+like+Gecko)+Chrome/56.0.2924.87+Safari/537.36 http://localhost:51722/Dashboard/ViewDashboard 200 0 0 3638
2017-03-29 12:43:33 ::1 GET /Dashboard/GetPayMethodsAmount/ sDate=null&eDate=null 51722 - ::1 Mozilla/5.0+(Windows+NT+10.0;+WOW64)+AppleWebKit/537.36+(KHTML,+like+Gecko)+Chrome/56.0.2924.87+Safari/537.36 http://localhost:51722/Dashboard/ViewDashboard 200 0 0 5898
2017-03-29 12:43:35 ::1 GET /Dashboard/GetExpenseTypesAmount/ sDate=null&eDate=null 51722 - ::1 Mozilla/5.0+(Windows+NT+10.0;+WOW64)+AppleWebKit/537.36+(KHTML,+like+Gecko)+Chrome/56.0.2924.87+Safari/537.36 http://localhost:51722/Dashboard/ViewDashboard 200 0 0 7879
2017-03-29 12:43:36 ::1 GET /Dashboard/GetExpenseSubmissions/ sDate=null&eDate=null 51722 - ::1 Mozilla/5.0+(Windows+NT+10.0;+WOW64)+AppleWebKit/537.36+(KHTML,+like+Gecko)+Chrome/56.0.2924.87+Safari/537.36 http://localhost:51722/Dashboard/ViewDashboard 200 0 0 9045
2017-03-29 12:43:38 ::1 GET /Dashboard/GetExpensePostings/ sDate=null&eDate=null 51722 - ::1 Mozilla/5.0+(Windows+NT+10.0;+WOW64)+AppleWebKit/537.36+(KHTML,+like+Gecko)+Chrome/56.0.2924.87+Safari/537.36 http://localhost:51722/Dashboard/ViewDashboard 200 0 0 10808
2017-03-29 12:43:43 ::1 GET /CodeCombinationRulesModule - 51722 - ::1 Mozilla/5.0+(Windows+NT+10.0;+WOW64)+AppleWebKit/537.36+(KHTML,+like+Gecko)+Chrome/56.0.2924.87+Safari/537.36 http://localhost:51722/Dashboard/ViewDashboard 200 0 0 3070
2017-03-29 12:43:43 ::1 GET /__browserLink/requestData/5194a3f59962447185316358d3e877ae version=2 51722 - ::1 Mozilla/5.0+(Windows+NT+10.0;+WOW64)+AppleWebKit/537.36+(KHTML,+like+Gecko)+Chrome/56.0.2924.87+Safari/537.36 http://localhost:51722/CodeCombinationRulesModule 200 0 0 150
2017-03-29 12:43:47 ::1 GET /CodeCombinationRulesModule/Create - 51722 - ::1 Mozilla/5.0+(Windows+NT+10.0;+WOW64)+AppleWebKit/537.36+(KHTML,+like+Gecko)+Chrome/56.0.2924.87+Safari/537.36 http://localhost:51722/CodeCombinationRulesModule 200 0 0 1359
2017-03-29 12:43:47 ::1 GET /images/icons/add_16.png - 51722 - ::1 Mozilla/5.0+(Windows+NT+10.0;+WOW64)+AppleWebKit/537.36+(KHTML,+like+Gecko)+Chrome/56.0.2924.87+Safari/537.36 http://localhost:51722/CodeCombinationRulesModule/Create 200 0 0 247
2017-03-29 12:43:47 ::1 GET /__browserLink/requestData/a0e21894939e41c6afe295d66a8e3eea version=2 51722 - ::1 Mozilla/5.0+(Windows+NT+10.0;+WOW64)+AppleWebKit/537.36+(KHTML,+like+Gecko)+Chrome/56.0.2924.87+Safari/537.36 http://localhost:51722/CodeCombinationRulesModule/Create 200 0 0 192
2017-03-29 12:44:02 ::1 GET /CodeCombinationRulesModule/ValidateDuplicateCCRuleName CCRuleName=test&CCRuleHeaderID=0 51722 - ::1 Mozilla/5.0+(Windows+NT+10.0;+WOW64)+AppleWebKit/537.36+(KHTML,+like+Gecko)+Chrome/56.0.2924.87+Safari/537.36 http://localhost:51722/CodeCombinationRulesModule/Create 200 0 0 485
2017-03-29 12:44:31 ::1 POST /CodeCombinationRulesModule/CreateCodeCombinationRule CCRuleName=test 51722 - ::1 Mozilla/5.0+(Windows+NT+10.0;+WOW64)+AppleWebKit/537.36+(KHTML,+like+Gecko)+Chrome/56.0.2924.87+Safari/537.36 http://localhost:51722/CodeCombinationRulesModule/Create 200 0 0 28706
2017-03-29 12:51:58 ::1 GET /CodeCombinationRulesModule/ValidateDuplicateCCRuleName CCRuleName=test&CCRuleHeaderID=0 51722 - ::1 Mozilla/5.0+(Windows+NT+10.0;+WOW64)+AppleWebKit/537.36+(KHTML,+like+Gecko)+Chrome/56.0.2924.87+Safari/537.36 http://localhost:51722/CodeCombinationRulesModule/Create 200 0 0 43
2017-03-29 12:54:40 ::1 POST /CodeCombinationRulesModule/CreateCodeCombinationRule CCRuleName=test 51722 - ::1 Mozilla/5.0+(Windows+NT+10.0;+WOW64)+AppleWebKit/537.36+(KHTML,+like+Gecko)+Chrome/56.0.2924.87+Safari/537.36 http://localhost:51722/CodeCombinationRulesModule/Create 200 0 0 162781
2017-03-29 12:54:44 ::1 GET /CodeCombinationRulesModule/ValidateDuplicateCCRuleName CCRuleName=test&CCRuleHeaderID=0 51722 - ::1 Mozilla/5.0+(Windows+NT+10.0;+WOW64)+AppleWebKit/537.36+(KHTML,+like+Gecko)+Chrome/56.0.2924.87+Safari/537.36 http://localhost:51722/CodeCombinationRulesModule/Create 200 0 0 101
2017-03-29 12:56:37 ::1 POST /CodeCombinationRulesModule/CreateCodeCombinationRule CCRuleName=test 51722 - ::1 Mozilla/5.0+(Windows+NT+10.0;+WOW64)+AppleWebKit/537.36+(KHTML,+like+Gecko)+Chrome/56.0.2924.87+Safari/537.36 http://localhost:51722/CodeCombinationRulesModule/Create 200 0 0 112913
2017-03-29 12:56:49 ::1 GET /CodeCombinationRulesModule/ValidateDuplicateCCRuleName CCRuleName=test&CCRuleHeaderID=0 51722 - ::1 Mozilla/5.0+(Windows+NT+10.0;+WOW64)+AppleWebKit/537.36+(KHTML,+like+Gecko)+Chrome/56.0.2924.87+Safari/537.36 http://localhost:51722/CodeCombinationRulesModule/Create 200 0 0 72
2017-03-29 13:00:20 ::1 POST /CodeCombinationRulesModule/CreateCodeCombinationRule CCRuleName=test 51722 - ::1 Mozilla/5.0+(Windows+NT+10.0;+WOW64)+AppleWebKit/537.36+(KHTML,+like+Gecko)+Chrome/56.0.2924.87+Safari/537.36 http://localhost:51722/CodeCombinationRulesModule/Create 200 0 0 210189
2017-03-29 13:00:26 ::1 GET /CodeCombinationRulesModule/ValidateDuplicateCCRuleName CCRuleName=test&CCRuleHeaderID=0 51722 - ::1 Mozilla/5.0+(Windows+NT+10.0;+WOW64)+AppleWebKit/537.36+(KHTML,+like+Gecko)+Chrome/56.0.2924.87+Safari/537.36 http://localhost:51722/CodeCombinationRulesModule/Create 200 0 0 32
2017-03-29 13:00:45 ::1 POST /CodeCombinationRulesModule/CreateCodeCombinationRule CCRuleName=test 51722 - ::1 Mozilla/5.0+(Windows+NT+10.0;+WOW64)+AppleWebKit/537.36+(KHTML,+like+Gecko)+Chrome/56.0.2924.87+Safari/537.36 http://localhost:51722/CodeCombinationRulesModule/Create 200 0 0 19545
2017-03-29 13:04:33 ::1 GET /CodeCombinationRulesModule - 51722 - ::1 Mozilla/5.0+(Windows+NT+10.0;+WOW64)+AppleWebKit/537.36+(KHTML,+like+Gecko)+Chrome/56.0.2924.87+Safari/537.36 http://localhost:51722/CodeCombinationRulesModule/Create 200 0 0 5103
2017-03-29 13:04:35 ::1 GET /__browserLink/requestData/3a9fe7ace1f84b12b446a71c0a0812ae version=2 51722 - ::1 Mozilla/5.0+(Windows+NT+10.0;+WOW64)+AppleWebKit/537.36+(KHTML,+like+Gecko)+Chrome/56.0.2924.87+Safari/537.36 http://localhost:51722/CodeCombinationRulesModule 200 0 0 164
2017-03-29 13:05:13 ::1 GET /CodeCombinationRulesModule/Create - 51722 - ::1 Mozilla/5.0+(Windows+NT+10.0;+WOW64)+AppleWebKit/537.36+(KHTML,+like+Gecko)+Chrome/56.0.2924.87+Safari/537.36 http://localhost:51722/CodeCombinationRulesModule 200 0 0 35069
2017-03-29 13:05:13 ::1 GET /__browserLink/requestData/6152fc37dd3547f08c418b84c42b49ff version=2 51722 - ::1 Mozilla/5.0+(Windows+NT+10.0;+WOW64)+AppleWebKit/537.36+(KHTML,+like+Gecko)+Chrome/56.0.2924.87+Safari/537.36 http://localhost:51722/CodeCombinationRulesModule/Create 200 0 0 147
2017-03-29 13:05:46 ::1 GET /CodeCombinationRulesModule/ValidateDuplicateCCRuleName CCRuleName=tt&CCRuleHeaderID=0 51722 - ::1 Mozilla/5.0+(Windows+NT+10.0;+WOW64)+AppleWebKit/537.36+(KHTML,+like+Gecko)+Chrome/56.0.2924.87+Safari/537.36 http://localhost:51722/CodeCombinationRulesModule/Create 200 0 0 30
2017-03-29 13:07:04 ::1 POST /CodeCombinationRulesModule/CreateCodeCombinationRule CCRuleName=tt 51722 - ::1 Mozilla/5.0+(Windows+NT+10.0;+WOW64)+AppleWebKit/537.36+(KHTML,+like+Gecko)+Chrome/56.0.2924.87+Safari/537.36 http://localhost:51722/CodeCombinationRulesModule/Create 200 0 0 78054
#Software: Microsoft Internet Information Services 8.0
#Version: 1.0
#Date: 2017-03-29 13:11:35
#Fields: date time s-ip cs-method cs-uri-stem cs-uri-query s-port cs-username c-ip cs(User-Agent) cs(Referer) sc-status sc-substatus sc-win32-status time-taken
2017-03-29 13:11:35 ::1 GET / - 51722 - ::1 Mozilla/5.0+(Windows+NT+10.0;+WOW64)+AppleWebKit/537.36+(KHTML,+like+Gecko)+Chrome/56.0.2924.87+Safari/537.36 - 302 0 0 13119
2017-03-29 13:11:40 ::1 GET /error.aspx aspxerrorpath=/ 51722 - ::1 Mozilla/5.0+(Windows+NT+10.0;+WOW64)+AppleWebKit/537.36+(KHTML,+like+Gecko)+Chrome/56.0.2924.87+Safari/537.36 - 500 0 0 1176
#Software: Microsoft Internet Information Services 8.0
#Version: 1.0
#Date: 2017-03-29 13:12:41
#Fields: date time s-ip cs-method cs-uri-stem cs-uri-query s-port cs-username c-ip cs(User-Agent) cs(Referer) sc-status sc-substatus sc-win32-status time-taken
2017-03-29 13:12:41 ::1 GET / - 51722 - ::1 Mozilla/5.0+(Windows+NT+10.0;+WOW64)+AppleWebKit/537.36+(KHTML,+like+Gecko)+Chrome/56.0.2924.87+Safari/537.36 - 302 0 0 17345
2017-03-29 13:12:58 ::1 GET /User/LogOn - 51722 - ::1 Mozilla/5.0+(Windows+NT+10.0;+WOW64)+AppleWebKit/537.36+(KHTML,+like+Gecko)+Chrome/56.0.2924.87+Safari/537.36 - 200 0 0 17659
2017-03-29 13:12:58 ::1 GET /__browserLink/requestData/0c1fd482ac2d446ca80633bd0b7df976 version=2 51722 - ::1 Mozilla/5.0+(Windows+NT+10.0;+WOW64)+AppleWebKit/537.36+(KHTML,+like+Gecko)+Chrome/56.0.2924.87+Safari/537.36 http://localhost:51722/User/LogOn 200 0 0 212
2017-03-29 13:14:09 ::1 POST /User/LogOn - 51722 - ::1 Mozilla/5.0+(Windows+NT+10.0;+WOW64)+AppleWebKit/537.36+(KHTML,+like+Gecko)+Chrome/56.0.2924.87+Safari/537.36 http://localhost:51722/User/LogOn 302 0 0 16951
2017-03-29 13:14:09 ::1 GET / - 51722 - ::1 Mozilla/5.0+(Windows+NT+10.0;+WOW64)+AppleWebKit/537.36+(KHTML,+like+Gecko)+Chrome/56.0.2924.87+Safari/537.36 http://localhost:51722/User/LogOn 302 0 0 23
2017-03-29 13:14:20 ::1 GET /Dashboard/ViewDashboard - 51722 - ::1 Mozilla/5.0+(Windows+NT+10.0;+WOW64)+AppleWebKit/537.36+(KHTML,+like+Gecko)+Chrome/56.0.2924.87+Safari/537.36 http://localhost:51722/User/LogOn 200 0 0 10984
2017-03-29 13:14:20 ::1 GET /__browserLink/requestData/a91d40a22d514c9da667f8e4caf8d800 version=2 51722 - ::1 Mozilla/5.0+(Windows+NT+10.0;+WOW64)+AppleWebKit/537.36+(KHTML,+like+Gecko)+Chrome/56.0.2924.87+Safari/537.36 http://localhost:51722/Dashboard/ViewDashboard 200 0 0 90
2017-03-29 13:14:21 ::1 GET /Dashboard/getAjaxTab/1 sDate=null&eDate=null 51722 - ::1 Mozilla/5.0+(Windows+NT+10.0;+WOW64)+AppleWebKit/537.36+(KHTML,+like+Gecko)+Chrome/56.0.2924.87+Safari/537.36 http://localhost:51722/Dashboard/ViewDashboard 200 0 0 675
2017-03-29 13:14:21 ::1 GET /Scripts/v2/easy.pie.chart/jquery.easing.1.3.js _=1490793261202 51722 - ::1 Mozilla/5.0+(Windows+NT+10.0;+WOW64)+AppleWebKit/537.36+(KHTML,+like+Gecko)+Chrome/56.0.2924.87+Safari/537.36 http://localhost:51722/Dashboard/ViewDashboard 200 0 0 66
2017-03-29 13:14:21 ::1 GET /Scripts/v2/easy.pie.chart/jquery.easypiechart.min.js _=1490793261276 51722 - ::1 Mozilla/5.0+(Windows+NT+10.0;+WOW64)+AppleWebKit/537.36+(KHTML,+like+Gecko)+Chrome/56.0.2924.87+Safari/537.36 http://localhost:51722/Dashboard/ViewDashboard 200 0 0 17
2017-03-29 13:14:21 ::1 GET /Scripts/v2/morris.charts/morris.min.js _=1490793261325 51722 - ::1 Mozilla/5.0+(Windows+NT+10.0;+WOW64)+AppleWebKit/537.36+(KHTML,+like+Gecko)+Chrome/56.0.2924.87+Safari/537.36 http://localhost:51722/Dashboard/ViewDashboard 200 0 0 51
2017-03-29 13:14:21 ::1 GET /Scripts/v2/morris.charts/raphael.min.js _=1490793261386 51722 - ::1 Mozilla/5.0+(Windows+NT+10.0;+WOW64)+AppleWebKit/537.36+(KHTML,+like+Gecko)+Chrome/56.0.2924.87+Safari/537.36 http://localhost:51722/Dashboard/ViewDashboard 200 0 0 207
2017-03-29 13:14:23 ::1 GET /Dashboard/GetExpenseApprovals/ sDate=null&eDate=null 51722 - ::1 Mozilla/5.0+(Windows+NT+10.0;+WOW64)+AppleWebKit/537.36+(KHTML,+like+Gecko)+Chrome/56.0.2924.87+Safari/537.36 http://localhost:51722/Dashboard/ViewDashboard 200 0 0 1560
2017-03-29 13:14:23 ::1 GET /Dashboard/GetExpenseTypesAmount/ sDate=null&eDate=null 51722 - ::1 Mozilla/5.0+(Windows+NT+10.0;+WOW64)+AppleWebKit/537.36+(KHTML,+like+Gecko)+Chrome/56.0.2924.87+Safari/537.36 http://localhost:51722/Dashboard/ViewDashboard 200 0 0 2116
2017-03-29 13:14:24 ::1 GET /Dashboard/GetPayMethodsAmount/ sDate=null&eDate=null 51722 - ::1 Mozilla/5.0+(Windows+NT+10.0;+WOW64)+AppleWebKit/537.36+(KHTML,+like+Gecko)+Chrome/56.0.2924.87+Safari/537.36 http://localhost:51722/Dashboard/ViewDashboard 200 0 0 3091
2017-03-29 13:14:24 ::1 GET /Dashboard/GetExpensePostings/ sDate=null&eDate=null 51722 - ::1 Mozilla/5.0+(Windows+NT+10.0;+WOW64)+AppleWebKit/537.36+(KHTML,+like+Gecko)+Chrome/56.0.2924.87+Safari/537.36 http://localhost:51722/Dashboard/ViewDashboard 200 0 0 3969
2017-03-29 13:14:26 ::1 GET /Dashboard/GetExpenseSubmissions/ sDate=null&eDate=null 51722 - ::1 Mozilla/5.0+(Windows+NT+10.0;+WOW64)+AppleWebKit/537.36+(KHTML,+like+Gecko)+Chrome/56.0.2924.87+Safari/537.36 http://localhost:51722/Dashboard/ViewDashboard 200 0 0 4757
2017-03-29 13:16:18 ::1 GET /CodeCombinationRulesModule - 51722 - ::1 Mozilla/5.0+(Windows+NT+10.0;+WOW64)+AppleWebKit/537.36+(KHTML,+like+Gecko)+Chrome/56.0.2924.87+Safari/537.36 http://localhost:51722/Dashboard/ViewDashboard 200 0 0 3275
2017-03-29 13:16:18 ::1 GET /__browserLink/requestData/519ac1294d854af593873b34b5d274e4 version=2 51722 - ::1 Mozilla/5.0+(Windows+NT+10.0;+WOW64)+AppleWebKit/537.36+(KHTML,+like+Gecko)+Chrome/56.0.2924.87+Safari/537.36 http://localhost:51722/CodeCombinationRulesModule 200 0 0 46
2017-03-29 13:16:26 ::1 GET /CodeCombinationRulesModule/Create - 51722 - ::1 Mozilla/5.0+(Windows+NT+10.0;+WOW64)+AppleWebKit/537.36+(KHTML,+like+Gecko)+Chrome/56.0.2924.87+Safari/537.36 http://localhost:51722/CodeCombinationRulesModule 200 0 0 4802
2017-03-29 13:16:26 ::1 GET /__browserLink/requestData/e44cf61f1789448a819a66cb29c343f2 version=2 51722 - ::1 Mozilla/5.0+(Windows+NT+10.0;+WOW64)+AppleWebKit/537.36+(KHTML,+like+Gecko)+Chrome/56.0.2924.87+Safari/537.36 http://localhost:51722/CodeCombinationRulesModule/Create 200 0 0 104
2017-03-29 13:16:44 ::1 GET /CodeCombinationRulesModule/ValidateDuplicateCCRuleName CCRuleName=rr&CCRuleHeaderID=0 51722 - ::1 Mozilla/5.0+(Windows+NT+10.0;+WOW64)+AppleWebKit/537.36+(KHTML,+like+Gecko)+Chrome/56.0.2924.87+Safari/537.36 http://localhost:51722/CodeCombinationRulesModule/Create 200 0 0 96
2017-03-29 13:17:13 ::1 POST /CodeCombinationRulesModule/CreateCodeCombinationRule CCRuleName=rr 51722 - ::1 Mozilla/5.0+(Windows+NT+10.0;+WOW64)+AppleWebKit/537.36+(KHTML,+like+Gecko)+Chrome/56.0.2924.87+Safari/537.36 http://localhost:51722/CodeCombinationRulesModule/Create 200 0 0 29253
2017-03-29 13:17:13 ::1 GET /CodeCombinationRulesModule - 51722 - ::1 Mozilla/5.0+(Windows+NT+10.0;+WOW64)+AppleWebKit/537.36+(KHTML,+like+Gecko)+Chrome/56.0.2924.87+Safari/537.36 http://localhost:51722/CodeCombinationRulesModule/Create 200 0 0 873
2017-03-29 13:17:15 ::1 GET /__browserLink/requestData/9bbcef087a794821a082173e05d8279d version=2 51722 - ::1 Mozilla/5.0+(Windows+NT+10.0;+WOW64)+AppleWebKit/537.36+(KHTML,+like+Gecko)+Chrome/56.0.2924.87+Safari/537.36 http://localhost:51722/CodeCombinationRulesModule 200 0 0 86
2017-03-29 13:18:25 ::1 GET /CodeCombinationRulesModule/Create - 51722 - ::1 Mozilla/5.0+(Windows+NT+10.0;+WOW64)+AppleWebKit/537.36+(KHTML,+like+Gecko)+Chrome/56.0.2924.87+Safari/537.36 http://localhost:51722/CodeCombinationRulesModule 200 0 0 3700
2017-03-29 13:18:25 ::1 GET /__browserLink/requestData/4f916287711a4f9086534d25424c6a32 version=2 51722 - ::1 Mozilla/5.0+(Windows+NT+10.0;+WOW64)+AppleWebKit/537.36+(KHTML,+like+Gecko)+Chrome/56.0.2924.87+Safari/537.36 http://localhost:51722/CodeCombinationRulesModule/Create 200 0 0 87
2017-03-29 13:18:38 ::1 GET /CodeCombinationRulesModule/ValidateDuplicateCCRuleName CCRuleName=tt&CCRuleHeaderID=0 51722 - ::1 Mozilla/5.0+(Windows+NT+10.0;+WOW64)+AppleWebKit/537.36+(KHTML,+like+Gecko)+Chrome/56.0.2924.87+Safari/537.36 http://localhost:51722/CodeCombinationRulesModule/Create 200 0 0 116
2017-03-29 13:18:48 ::1 POST /CodeCombinationRulesModule/CreateCodeCombinationRule CCRuleName=tt 51722 - ::1 Mozilla/5.0+(Windows+NT+10.0;+WOW64)+AppleWebKit/537.36+(KHTML,+like+Gecko)+Chrome/56.0.2924.87+Safari/537.36 http://localhost:51722/CodeCombinationRulesModule/Create 200 0 0 10133
2017-03-29 13:18:58 ::1 GET /CodeCombinationRulesModule - 51722 - ::1 Mozilla/5.0+(Windows+NT+10.0;+WOW64)+AppleWebKit/537.36+(KHTML,+like+Gecko)+Chrome/56.0.2924.87+Safari/537.36 http://localhost:51722/CodeCombinationRulesModule/Create 200 0 0 10484
2017-03-29 13:18:58 ::1 GET /__browserLink/requestData/b3cce713824b492d8e823ee6abd1eb85 version=2 51722 - ::1 Mozilla/5.0+(Windows+NT+10.0;+WOW64)+AppleWebKit/537.36+(KHTML,+like+Gecko)+Chrome/56.0.2924.87+Safari/537.36 http://localhost:51722/CodeCombinationRulesModule 200 0 0 35
2017-03-29 13:20:10 ::1 GET /CodeCombinationRulesModule/Create - 51722 - ::1 Mozilla/5.0+(Windows+NT+10.0;+WOW64)+AppleWebKit/537.36+(KHTML,+like+Gecko)+Chrome/56.0.2924.87+Safari/537.36 http://localhost:51722/CodeCombinationRulesModule 200 0 0 7038
2017-03-29 13:20:10 ::1 GET /__browserLink/requestData/57771571cc07433e945065ac4dfb9281 version=2 51722 - ::1 Mozilla/5.0+(Windows+NT+10.0;+WOW64)+AppleWebKit/537.36+(KHTML,+like+Gecko)+Chrome/56.0.2924.87+Safari/537.36 http://localhost:51722/CodeCombinationRulesModule/Create 200 0 0 88
2017-03-29 13:23:01 ::1 GET /CodeCombinationRulesModule/ValidateDuplicateCCRuleName CCRuleName=ee&CCRuleHeaderID=0 51722 - ::1 Mozilla/5.0+(Windows+NT+10.0;+WOW64)+AppleWebKit/537.36+(KHTML,+like+Gecko)+Chrome/56.0.2924.87+Safari/537.36 http://localhost:51722/CodeCombinationRulesModule/Create 200 0 0 41
2017-03-29 13:23:44 ::1 POST /CodeCombinationRulesModule/CreateCodeCombinationRule CCRuleName=ee 51722 - ::1 Mozilla/5.0+(Windows+NT+10.0;+WOW64)+AppleWebKit/537.36+(KHTML,+like+Gecko)+Chrome/56.0.2924.87+Safari/537.36 http://localhost:51722/CodeCombinationRulesModule/Create 200 0 0 43511
2017-03-29 13:23:51 ::1 GET /CodeCombinationRulesModule - 51722 - ::1 Mozilla/5.0+(Windows+NT+10.0;+WOW64)+AppleWebKit/537.36+(KHTML,+like+Gecko)+Chrome/56.0.2924.87+Safari/537.36 http://localhost:51722/CodeCombinationRulesModule/Create 200 0 0 6927
2017-03-29 13:23:51 ::1 GET /__browserLink/requestData/b582e22b9b974fd183e2ec3d6e419bd2 version=2 51722 - ::1 Mozilla/5.0+(Windows+NT+10.0;+WOW64)+AppleWebKit/537.36+(KHTML,+like+Gecko)+Chrome/56.0.2924.87+Safari/537.36 http://localhost:51722/CodeCombinationRulesModule 200 0 0 34
#Software: Microsoft Internet Information Services 8.0
#Version: 1.0
#Date: 2017-03-29 13:30:07
#Fields: date time s-ip cs-method cs-uri-stem cs-uri-query s-port cs-username c-ip cs(User-Agent) cs(Referer) sc-status sc-substatus sc-win32-status time-taken
2017-03-29 13:30:07 ::1 GET /CodeCombinationRulesModule/Create - 51722 - ::1 Mozilla/5.0+(Windows+NT+10.0;+WOW64)+AppleWebKit/537.36+(KHTML,+like+Gecko)+Chrome/56.0.2924.87+Safari/537.36 - 302 0 0 34906
2017-03-29 13:30:28 ::1 GET /User/LogOn - 51722 - ::1 Mozilla/5.0+(Windows+NT+10.0;+WOW64)+AppleWebKit/537.36+(KHTML,+like+Gecko)+Chrome/56.0.2924.87+Safari/537.36 - 200 0 64 20658
#Software: Microsoft Internet Information Services 8.0
#Version: 1.0
#Date: 2017-03-29 13:31:15
#Fields: date time s-ip cs-method cs-uri-stem cs-uri-query s-port cs-username c-ip cs(User-Agent) cs(Referer) sc-status sc-substatus sc-win32-status time-taken
2017-03-29 13:31:15 ::1 GET / - 51722 - ::1 Mozilla/5.0+(Windows+NT+10.0;+WOW64)+AppleWebKit/537.36+(KHTML,+like+Gecko)+Chrome/56.0.2924.87+Safari/537.36 - 302 0 0 8969
2017-03-29 13:31:18 ::1 GET /User/LogOn - 51722 - ::1 Mozilla/5.0+(Windows+NT+10.0;+WOW64)+AppleWebKit/537.36+(KHTML,+like+Gecko)+Chrome/56.0.2924.87+Safari/537.36 - 200 0 0 3334
2017-03-29 13:31:18 ::1 GET /__browserLink/requestData/02deb0a1b66c4042a196ec2437e9c198 version=2 51722 - ::1 Mozilla/5.0+(Windows+NT+10.0;+WOW64)+AppleWebKit/537.36+(KHTML,+like+Gecko)+Chrome/56.0.2924.87+Safari/537.36 http://localhost:51722/User/LogOn 200 0 0 101
2017-03-29 13:31:40 ::1 POST /User/LogOn - 51722 - ::1 Mozilla/5.0+(Windows+NT+10.0;+WOW64)+AppleWebKit/537.36+(KHTML,+like+Gecko)+Chrome/56.0.2924.87+Safari/537.36 http://localhost:51722/User/LogOn 302 0 0 18312
2017-03-29 13:31:40 ::1 GET / - 51722 - ::1 Mozilla/5.0+(Windows+NT+10.0;+WOW64)+AppleWebKit/537.36+(KHTML,+like+Gecko)+Chrome/56.0.2924.87+Safari/537.36 http://localhost:51722/User/LogOn 302 0 0 47
2017-03-29 13:31:55 ::1 GET /Dashboard/ViewDashboard - 51722 - ::1 Mozilla/5.0+(Windows+NT+10.0;+WOW64)+AppleWebKit/537.36+(KHTML,+like+Gecko)+Chrome/56.0.2924.87+Safari/537.36 http://localhost:51722/User/LogOn 200 0 0 15393
2017-03-29 13:31:55 ::1 GET /__browserLink/requestData/8e0b29c1ebf34d198e9695f668f9d5b7 version=2 51722 - ::1 Mozilla/5.0+(Windows+NT+10.0;+WOW64)+AppleWebKit/537.36+(KHTML,+like+Gecko)+Chrome/56.0.2924.87+Safari/537.36 http://localhost:51722/Dashboard/ViewDashboard 200 0 0 84
2017-03-29 13:31:56 ::1 GET /Dashboard/getAjaxTab/1 sDate=null&eDate=null 51722 - ::1 Mozilla/5.0+(Windows+NT+10.0;+WOW64)+AppleWebKit/537.36+(KHTML,+like+Gecko)+Chrome/56.0.2924.87+Safari/537.36 http://localhost:51722/Dashboard/ViewDashboard 200 0 0 709
2017-03-29 13:31:56 ::1 GET /Scripts/v2/easy.pie.chart/jquery.easing.1.3.js _=1490794316515 51722 - ::1 Mozilla/5.0+(Windows+NT+10.0;+WOW64)+AppleWebKit/537.36+(KHTML,+like+Gecko)+Chrome/56.0.2924.87+Safari/537.36 http://localhost:51722/Dashboard/ViewDashboard 200 0 0 63
2017-03-29 13:31:56 ::1 GET /Scripts/v2/easy.pie.chart/jquery.easypiechart.min.js _=1490794316629 51722 - ::1 Mozilla/5.0+(Windows+NT+10.0;+WOW64)+AppleWebKit/537.36+(KHTML,+like+Gecko)+Chrome/56.0.2924.87+Safari/537.36 http://localhost:51722/Dashboard/ViewDashboard 200 0 0 13
2017-03-29 13:31:56 ::1 GET /Scripts/v2/morris.charts/morris.min.js _=1490794316663 51722 - ::1 Mozilla/5.0+(Windows+NT+10.0;+WOW64)+AppleWebKit/537.36+(KHTML,+like+Gecko)+Chrome/56.0.2924.87+Safari/537.36 http://localhost:51722/Dashboard/ViewDashboard 200 0 0 21
2017-03-29 13:31:56 ::1 GET /Scripts/v2/morris.charts/raphael.min.js _=1490794316694 51722 - ::1 Mozilla/5.0+(Windows+NT+10.0;+WOW64)+AppleWebKit/537.36+(KHTML,+like+Gecko)+Chrome/56.0.2924.87+Safari/537.36 http://localhost:51722/Dashboard/ViewDashboard 200 0 0 46
2017-03-29 13:31:59 ::1 GET /Dashboard/GetExpenseApprovals/ sDate=null&eDate=null 51722 - ::1 Mozilla/5.0+(Windows+NT+10.0;+WOW64)+AppleWebKit/537.36+(KHTML,+like+Gecko)+Chrome/56.0.2924.87+Safari/537.36 http://localhost:51722/Dashboard/ViewDashboard 200 0 0 2633
2017-03-29 13:32:00 ::1 GET /Dashboard/GetPayMethodsAmount/ sDate=null&eDate=null 51722 - ::1 Mozilla/5.0+(Windows+NT+10.0;+WOW64)+AppleWebKit/537.36+(KHTML,+like+Gecko)+Chrome/56.0.2924.87+Safari/537.36 http://localhost:51722/Dashboard/ViewDashboard 200 0 0 3808
2017-03-29 13:32:02 ::1 GET /Dashboard/GetExpensePostings/ sDate=null&eDate=null 51722 - ::1 Mozilla/5.0+(Windows+NT+10.0;+WOW64)+AppleWebKit/537.36+(KHTML,+like+Gecko)+Chrome/56.0.2924.87+Safari/537.36 http://localhost:51722/Dashboard/ViewDashboard 200 0 0 5185
2017-03-29 13:32:04 ::1 GET /Dashboard/GetExpenseTypesAmount/ sDate=null&eDate=null 51722 - ::1 Mozilla/5.0+(Windows+NT+10.0;+WOW64)+AppleWebKit/537.36+(KHTML,+like+Gecko)+Chrome/56.0.2924.87+Safari/537.36 http://localhost:51722/Dashboard/ViewDashboard 200 0 0 7008
2017-03-29 13:32:04 ::1 GET /Dashboard/GetExpenseSubmissions/ sDate=null&eDate=null 51722 - ::1 Mozilla/5.0+(Windows+NT+10.0;+WOW64)+AppleWebKit/537.36+(KHTML,+like+Gecko)+Chrome/56.0.2924.87+Safari/537.36 http://localhost:51722/Dashboard/ViewDashboard 200 0 0 7954
2017-03-29 13:32:10 ::1 GET /CodeCombinationRulesModule - 51722 - ::1 Mozilla/5.0+(Windows+NT+10.0;+WOW64)+AppleWebKit/537.36+(KHTML,+like+Gecko)+Chrome/56.0.2924.87+Safari/537.36 http://localhost:51722/Dashboard/ViewDashboard 200 0 0 4595
2017-03-29 13:32:10 ::1 GET /__browserLink/requestData/da1f15c9b77f4471918a59f154aa9af7 version=2 51722 - ::1 Mozilla/5.0+(Windows+NT+10.0;+WOW64)+AppleWebKit/537.36+(KHTML,+like+Gecko)+Chrome/56.0.2924.87+Safari/537.36 http://localhost:51722/CodeCombinationRulesModule 200 0 0 68
2017-03-29 13:32:24 ::1 GET /CodeCombinationRulesModule/Create - 51722 - ::1 Mozilla/5.0+(Windows+NT+10.0;+WOW64)+AppleWebKit/537.36+(KHTML,+like+Gecko)+Chrome/56.0.2924.87+Safari/537.36 http://localhost:51722/CodeCombinationRulesModule 200 0 0 2735
2017-03-29 13:32:24 ::1 GET /__browserLink/requestData/31e5db73647e4b2b889e8024c483617e version=2 51722 - ::1 Mozilla/5.0+(Windows+NT+10.0;+WOW64)+AppleWebKit/537.36+(KHTML,+like+Gecko)+Chrome/56.0.2924.87+Safari/537.36 http://localhost:51722/CodeCombinationRulesModule/Create 200 0 0 91
2017-03-29 13:33:06 ::1 POST /CodeCombinationRulesModule/Create - 51722 - ::1 Mozilla/5.0+(Windows+NT+10.0;+WOW64)+AppleWebKit/537.36+(KHTML,+like+Gecko)+Chrome/56.0.2924.87+Safari/537.36 http://localhost:51722/CodeCombinationRulesModule/Create 200 0 0 20988
2017-03-29 13:33:06 ::1 GET /__browserLink/requestData/3358bc0816484eaa8530e354b28adeb9 version=2 51722 - ::1 Mozilla/5.0+(Windows+NT+10.0;+WOW64)+AppleWebKit/537.36+(KHTML,+like+Gecko)+Chrome/56.0.2924.87+Safari/537.36 http://localhost:51722/CodeCombinationRulesModule/Create 200 0 0 78
2017-03-29 13:34:22 ::1 POST /CodeCombinationRulesModule/Create - 51722 - ::1 Mozilla/5.0+(Windows+NT+10.0;+WOW64)+AppleWebKit/537.36+(KHTML,+like+Gecko)+Chrome/56.0.2924.87+Safari/537.36 http://localhost:51722/CodeCombinationRulesModule/Create 200 0 0 57910
2017-03-29 13:34:22 ::1 GET /__browserLink/requestData/550a96b1605f470d972d98be4495a4d5 version=2 51722 - ::1 Mozilla/5.0+(Windows+NT+10.0;+WOW64)+AppleWebKit/537.36+(KHTML,+like+Gecko)+Chrome/56.0.2924.87+Safari/537.36 http://localhost:51722/CodeCombinationRulesModule/Create 200 0 0 91
2017-03-29 13:36:00 ::1 POST /CodeCombinationRulesModule/Create - 51722 - ::1 Mozilla/5.0+(Windows+NT+10.0;+WOW64)+AppleWebKit/537.36+(KHTML,+like+Gecko)+Chrome/56.0.2924.87+Safari/537.36 http://localhost:51722/CodeCombinationRulesModule/Create 200 0 0 5780
2017-03-29 13:36:00 ::1 GET /favicon.ico - 51722 - ::1 Mozilla/5.0+(Windows+NT+10.0;+WOW64)+AppleWebKit/537.36+(KHTML,+like+Gecko)+Chrome/56.0.2924.87+Safari/537.36 http://localhost:51722/CodeCombinationRulesModule/Create 200 0 0 58
2017-03-29 13:36:00 ::1 GET /__browserLink/requestData/06b5bb53f3b64898848e4d7d3dbf9358 version=2 51722 - ::1 Mozilla/5.0+(Windows+NT+10.0;+WOW64)+AppleWebKit/537.36+(KHTML,+like+Gecko)+Chrome/56.0.2924.87+Safari/537.36 http://localhost:51722/CodeCombinationRulesModule/Create 200 0 0 73
2017-03-29 13:36:26 ::1 GET /CodeCombinationRulesModule/ValidateDuplicateCCRuleName CCRuleName=testq&CCRuleHeaderID=0 51722 - ::1 Mozilla/5.0+(Windows+NT+10.0;+WOW64)+AppleWebKit/537.36+(KHTML,+like+Gecko)+Chrome/56.0.2924.87+Safari/537.36 http://localhost:51722/CodeCombinationRulesModule/Create 200 0 0 137
2017-03-29 13:37:16 ::1 POST /CodeCombinationRulesModule/CreateCodeCombinationRule CCRuleName=testq 51722 - ::1 Mozilla/5.0+(Windows+NT+10.0;+WOW64)+AppleWebKit/537.36+(KHTML,+like+Gecko)+Chrome/56.0.2924.87+Safari/537.36 http://localhost:51722/CodeCombinationRulesModule/Create 200 0 0 45518
2017-03-29 13:37:23 ::1 GET /CodeCombinationRulesModule/ValidateDuplicateCCRuleName CCRuleName=testq&CCRuleHeaderID=0 51722 - ::1 Mozilla/5.0+(Windows+NT+10.0;+WOW64)+AppleWebKit/537.36+(KHTML,+like+Gecko)+Chrome/56.0.2924.87+Safari/537.36 http://localhost:51722/CodeCombinationRulesModule/Create 200 0 0 32
2017-03-29 13:37:36 ::1 POST /CodeCombinationRulesModule/CreateCodeCombinationRule CCRuleName=testq 51722 - ::1 Mozilla/5.0+(Windows+NT+10.0;+WOW64)+AppleWebKit/537.36+(KHTML,+like+Gecko)+Chrome/56.0.2924.87+Safari/537.36 http://localhost:51722/CodeCombinationRulesModule/Create 200 0 0 3230
2017-03-29 13:39:51 ::1 POST /CodeCombinationRulesModule/Create - 51722 - ::1 Mozilla/5.0+(Windows+NT+10.0;+WOW64)+AppleWebKit/537.36+(KHTML,+like+Gecko)+Chrome/56.0.2924.87+Safari/537.36 http://localhost:51722/CodeCombinationRulesModule/Create 200 0 0 4888
2017-03-29 13:39:51 ::1 GET /favicon.ico - 51722 - ::1 Mozilla/5.0+(Windows+NT+10.0;+WOW64)+AppleWebKit/537.36+(KHTML,+like+Gecko)+Chrome/56.0.2924.87+Safari/537.36 http://localhost:51722/CodeCombinationRulesModule/Create 200 0 0 30
2017-03-29 13:39:51 ::1 GET /__browserLink/requestData/9d9cf030ab7e41bdabd92c503d0452c9 version=2 51722 - ::1 Mozilla/5.0+(Windows+NT+10.0;+WOW64)+AppleWebKit/537.36+(KHTML,+like+Gecko)+Chrome/56.0.2924.87+Safari/537.36 http://localhost:51722/CodeCombinationRulesModule/Create 200 0 0 63
2017-03-29 13:40:03 ::1 GET /CodeCombinationRulesModule/ValidateDuplicateCCRuleName CCRuleName=sd&CCRuleHeaderID=0 51722 - ::1 Mozilla/5.0+(Windows+NT+10.0;+WOW64)+AppleWebKit/537.36+(KHTML,+like+Gecko)+Chrome/56.0.2924.87+Safari/537.36 http://localhost:51722/CodeCombinationRulesModule/Create 200 0 0 26
2017-03-29 13:40:15 ::1 POST /CodeCombinationRulesModule/CreateCodeCombinationRule CCRuleName=sd 51722 - ::1 Mozilla/5.0+(Windows+NT+10.0;+WOW64)+AppleWebKit/537.36+(KHTML,+like+Gecko)+Chrome/56.0.2924.87+Safari/537.36 http://localhost:51722/CodeCombinationRulesModule/Create 200 0 0 3640
2017-03-29 13:41:22 ::1 POST /CodeCombinationRulesModule/Create - 51722 - ::1 Mozilla/5.0+(Windows+NT+10.0;+WOW64)+AppleWebKit/537.36+(KHTML,+like+Gecko)+Chrome/56.0.2924.87+Safari/537.36 http://localhost:51722/CodeCombinationRulesModule/Create 200 0 0 4981
2017-03-29 13:41:22 ::1 GET /favicon.ico - 51722 - ::1 Mozilla/5.0+(Windows+NT+10.0;+WOW64)+AppleWebKit/537.36+(KHTML,+like+Gecko)+Chrome/56.0.2924.87+Safari/537.36 http://localhost:51722/CodeCombinationRulesModule/Create 200 0 0 49
2017-03-29 13:41:22 ::1 GET /__browserLink/requestData/43196500eb8d4a678318945c1988b77d version=2 51722 - ::1 Mozilla/5.0+(Windows+NT+10.0;+WOW64)+AppleWebKit/537.36+(KHTML,+like+Gecko)+Chrome/56.0.2924.87+Safari/537.36 http://localhost:51722/CodeCombinationRulesModule/Create 200 0 0 75
2017-03-29 13:41:34 ::1 GET /CodeCombinationRulesModule/ValidateDuplicateCCRuleName CCRuleName=sd&CCRuleHeaderID=0 51722 - ::1 Mozilla/5.0+(Windows+NT+10.0;+WOW64)+AppleWebKit/537.36+(KHTML,+like+Gecko)+Chrome/56.0.2924.87+Safari/537.36 http://localhost:51722/CodeCombinationRulesModule/Create 200 0 0 29
2017-03-29 13:41:46 ::1 POST /CodeCombinationRulesModule/CreateCodeCombinationRule CCRuleName=sd 51722 - ::1 Mozilla/5.0+(Windows+NT+10.0;+WOW64)+AppleWebKit/537.36+(KHTML,+like+Gecko)+Chrome/56.0.2924.87+Safari/537.36 http://localhost:51722/CodeCombinationRulesModule/Create 200 0 0 2456
2017-03-29 13:41:48 ::1 GET /CodeCombinationRulesModule/ValidateDuplicateCCRuleName CCRuleName=sd&CCRuleHeaderID=0 51722 - ::1 Mozilla/5.0+(Windows+NT+10.0;+WOW64)+AppleWebKit/537.36+(KHTML,+like+Gecko)+Chrome/56.0.2924.87+Safari/537.36 http://localhost:51722/CodeCombinationRulesModule/Create 200 0 0 30
2017-03-29 13:41:57 ::1 POST /CodeCombinationRulesModule/CreateCodeCombinationRule CCRuleName=sd 51722 - ::1 Mozilla/5.0+(Windows+NT+10.0;+WOW64)+AppleWebKit/537.36+(KHTML,+like+Gecko)+Chrome/56.0.2924.87+Safari/537.36 http://localhost:51722/CodeCombinationRulesModule/Create 200 0 0 2366
2017-03-29 13:42:52 ::1 POST /CodeCombinationRulesModule/Create - 51722 - ::1 Mozilla/5.0+(Windows+NT+10.0;+WOW64)+AppleWebKit/537.36+(KHTML,+like+Gecko)+Chrome/56.0.2924.87+Safari/537.36 http://localhost:51722/CodeCombinationRulesModule/Create 200 0 0 4751
2017-03-29 13:42:52 ::1 GET /favicon.ico - 51722 - ::1 Mozilla/5.0+(Windows+NT+10.0;+WOW64)+AppleWebKit/537.36+(KHTML,+like+Gecko)+Chrome/56.0.2924.87+Safari/537.36 http://localhost:51722/CodeCombinationRulesModule/Create 200 0 0 13
2017-03-29 13:42:52 ::1 GET /__browserLink/requestData/801041f7ebd8465dafca29b3c05158e1 version=2 51722 - ::1 Mozilla/5.0+(Windows+NT+10.0;+WOW64)+AppleWebKit/537.36+(KHTML,+like+Gecko)+Chrome/56.0.2924.87+Safari/537.36 http://localhost:51722/CodeCombinationRulesModule/Create 200 0 0 71
2017-03-29 13:43:05 ::1 GET /CodeCombinationRulesModule/ValidateDuplicateCCRuleName CCRuleName=sv&CCRuleHeaderID=0 51722 - ::1 Mozilla/5.0+(Windows+NT+10.0;+WOW64)+AppleWebKit/537.36+(KHTML,+like+Gecko)+Chrome/56.0.2924.87+Safari/537.36 http://localhost:51722/CodeCombinationRulesModule/Create 200 0 0 29
2017-03-29 13:43:13 ::1 POST /CodeCombinationRulesModule/CreateCodeCombinationRule CCRuleName=sv 51722 - ::1 Mozilla/5.0+(Windows+NT+10.0;+WOW64)+AppleWebKit/537.36+(KHTML,+like+Gecko)+Chrome/56.0.2924.87+Safari/537.36 http://localhost:51722/CodeCombinationRulesModule/Create 200 0 0 3260
2017-03-29 13:43:48 ::1 POST /CodeCombinationRulesModule/Create - 51722 - ::1 Mozilla/5.0+(Windows+NT+10.0;+WOW64)+AppleWebKit/537.36+(KHTML,+like+Gecko)+Chrome/56.0.2924.87+Safari/537.36 http://localhost:51722/CodeCombinationRulesModule/Create 200 0 0 4540
2017-03-29 13:43:48 ::1 GET /favicon.ico - 51722 - ::1 Mozilla/5.0+(Windows+NT+10.0;+WOW64)+AppleWebKit/537.36+(KHTML,+like+Gecko)+Chrome/56.0.2924.87+Safari/537.36 http://localhost:51722/CodeCombinationRulesModule/Create 200 0 0 32
2017-03-29 13:43:48 ::1 GET /__browserLink/requestData/ce67e651dc9b4b6d93f05e51f0abb1ac version=2 51722 - ::1 Mozilla/5.0+(Windows+NT+10.0;+WOW64)+AppleWebKit/537.36+(KHTML,+like+Gecko)+Chrome/56.0.2924.87+Safari/537.36 http://localhost:51722/CodeCombinationRulesModule/Create 200 0 0 77
2017-03-29 13:43:58 ::1 GET /CodeCombinationRulesModule/ValidateDuplicateCCRuleName CCRuleName=sdf&CCRuleHeaderID=0 51722 - ::1 Mozilla/5.0+(Windows+NT+10.0;+WOW64)+AppleWebKit/537.36+(KHTML,+like+Gecko)+Chrome/56.0.2924.87+Safari/537.36 http://localhost:51722/CodeCombinationRulesModule/Create 200 0 0 28
2017-03-29 13:44:48 ::1 POST /CodeCombinationRulesModule/CreateCodeCombinationRule CCRuleName=sdf 51722 - ::1 Mozilla/5.0+(Windows+NT+10.0;+WOW64)+AppleWebKit/537.36+(KHTML,+like+Gecko)+Chrome/56.0.2924.87+Safari/537.36 http://localhost:51722/CodeCombinationRulesModule/Create 200 0 0 18080
2017-03-29 13:45:21 ::1 GET /CodeCombinationRulesModule/ValidateDuplicateCCRuleName CCRuleName=sdf&CCRuleHeaderID=0 51722 - ::1 Mozilla/5.0+(Windows+NT+10.0;+WOW64)+AppleWebKit/537.36+(KHTML,+like+Gecko)+Chrome/56.0.2924.87+Safari/537.36 http://localhost:51722/CodeCombinationRulesModule/Create 200 0 0 29
2017-03-29 13:45:56 ::1 POST /CodeCombinationRulesModule/CreateCodeCombinationRule CCRuleName=sdf 51722 - ::1 Mozilla/5.0+(Windows+NT+10.0;+WOW64)+AppleWebKit/537.36+(KHTML,+like+Gecko)+Chrome/56.0.2924.87+Safari/537.36 http://localhost:51722/CodeCombinationRulesModule/Create 200 0 0 3233
2017-03-29 13:47:06 ::1 GET /CodeCombinationRulesModule/ValidateDuplicateCCRuleName CCRuleName=sdf&CCRuleHeaderID=0 51722 - ::1 Mozilla/5.0+(Windows+NT+10.0;+WOW64)+AppleWebKit/537.36+(KHTML,+like+Gecko)+Chrome/56.0.2924.87+Safari/537.36 http://localhost:51722/CodeCombinationRulesModule/Create 200 0 0 26
2017-03-29 13:50:27 ::1 POST /CodeCombinationRulesModule/CreateCodeCombinationRule CCRuleName=sdf 51722 - ::1 Mozilla/5.0+(Windows+NT+10.0;+WOW64)+AppleWebKit/537.36+(KHTML,+like+Gecko)+Chrome/56.0.2924.87+Safari/537.36 http://localhost:51722/CodeCombinationRulesModule/Create 200 0 0 3275
2017-03-29 13:50:39 ::1 POST /CodeCombinationRulesModule/Create - 51722 - ::1 Mozilla/5.0+(Windows+NT+10.0;+WOW64)+AppleWebKit/537.36+(KHTML,+like+Gecko)+Chrome/56.0.2924.87+Safari/537.36 http://localhost:51722/CodeCombinationRulesModule/Create 200 0 0 5356
2017-03-29 13:50:39 ::1 GET /favicon.ico - 51722 - ::1 Mozilla/5.0+(Windows+NT+10.0;+WOW64)+AppleWebKit/537.36+(KHTML,+like+Gecko)+Chrome/56.0.2924.87+Safari/537.36 http://localhost:51722/CodeCombinationRulesModule/Create 200 0 0 67
2017-03-29 13:50:39 ::1 GET /__browserLink/requestData/caad2c51e44843e7ac00c5635d561895 version=2 51722 - ::1 Mozilla/5.0+(Windows+NT+10.0;+WOW64)+AppleWebKit/537.36+(KHTML,+like+Gecko)+Chrome/56.0.2924.87+Safari/537.36 http://localhost:51722/CodeCombinationRulesModule/Create 200 0 0 74
2017-03-29 13:50:53 ::1 POST /CodeCombinationRulesModule/Create - 51722 - ::1 Mozilla/5.0+(Windows+NT+10.0;+WOW64)+AppleWebKit/537.36+(KHTML,+like+Gecko)+Chrome/56.0.2924.87+Safari/537.36 http://localhost:51722/CodeCombinationRulesModule/Create 200 0 0 3622
2017-03-29 13:50:53 ::1 GET /__browserLink/requestData/fb5df2fa56a74cbe8ce33961e2df975a version=2 51722 - ::1 Mozilla/5.0+(Windows+NT+10.0;+WOW64)+AppleWebKit/537.36+(KHTML,+like+Gecko)+Chrome/56.0.2924.87+Safari/537.36 http://localhost:51722/CodeCombinationRulesModule/Create 200 0 0 59
2017-03-29 13:51:45 ::1 POST /CodeCombinationRulesModule/Create - 51722 - ::1 Mozilla/5.0+(Windows+NT+10.0;+WOW64)+AppleWebKit/537.36+(KHTML,+like+Gecko)+Chrome/56.0.2924.87+Safari/537.36 http://localhost:51722/CodeCombinationRulesModule/Create 200 0 0 4686
2017-03-29 13:51:45 ::1 GET /favicon.ico - 51722 - ::1 Mozilla/5.0+(Windows+NT+10.0;+WOW64)+AppleWebKit/537.36+(KHTML,+like+Gecko)+Chrome/56.0.2924.87+Safari/537.36 http://localhost:51722/CodeCombinationRulesModule/Create 200 0 0 37
2017-03-29 13:51:45 ::1 GET /__browserLink/requestData/dda2d6df96274ab6a47078b9fbf02ca3 version=2 51722 - ::1 Mozilla/5.0+(Windows+NT+10.0;+WOW64)+AppleWebKit/537.36+(KHTML,+like+Gecko)+Chrome/56.0.2924.87+Safari/537.36 http://localhost:51722/CodeCombinationRulesModule/Create 200 0 0 160
2017-03-29 13:51:56 ::1 GET /CodeCombinationRulesModule/ValidateDuplicateCCRuleName CCRuleName=ddf&CCRuleHeaderID=0 51722 - ::1 Mozilla/5.0+(Windows+NT+10.0;+WOW64)+AppleWebKit/537.36+(KHTML,+like+Gecko)+Chrome/56.0.2924.87+Safari/537.36 http://localhost:51722/CodeCombinationRulesModule/Create 200 0 0 36
2017-03-29 13:52:32 ::1 POST /CodeCombinationRulesModule/CreateCodeCombinationRule CCRuleName=ddf 51722 - ::1 Mozilla/5.0+(Windows+NT+10.0;+WOW64)+AppleWebKit/537.36+(KHTML,+like+Gecko)+Chrome/56.0.2924.87+Safari/537.36 http://localhost:51722/CodeCombinationRulesModule/Create 200 0 0 18267
2017-03-29 13:53:29 ::1 GET /CodeCombinationRulesModule/ValidateDuplicateCCRuleName CCRuleName=ddf&CCRuleHeaderID=0 51722 - ::1 Mozilla/5.0+(Windows+NT+10.0;+WOW64)+AppleWebKit/537.36+(KHTML,+like+Gecko)+Chrome/56.0.2924.87+Safari/537.36 http://localhost:51722/CodeCombinationRulesModule/Create 200 0 0 28
2017-03-29 13:53:52 ::1 POST /CodeCombinationRulesModule/CreateCodeCombinationRule CCRuleName=ddf 51722 - ::1 Mozilla/5.0+(Windows+NT+10.0;+WOW64)+AppleWebKit/537.36+(KHTML,+like+Gecko)+Chrome/56.0.2924.87+Safari/537.36 http://localhost:51722/CodeCombinationRulesModule/Create 200 0 0 5345
2017-03-29 13:55:53 ::1 POST /CodeCombinationRulesModule/Create - 51722 - ::1 Mozilla/5.0+(Windows+NT+10.0;+WOW64)+AppleWebKit/537.36+(KHTML,+like+Gecko)+Chrome/56.0.2924.87+Safari/537.36 http://localhost:51722/CodeCombinationRulesModule/Create 200 0 0 9902
2017-03-29 13:55:53 ::1 GET /CodeCombinationRulesModule/ValidateDuplicateCCRuleName CCRuleName=ddf&CCRuleHeaderID=0 51722 - ::1 Mozilla/5.0+(Windows+NT+10.0;+WOW64)+AppleWebKit/537.36+(KHTML,+like+Gecko)+Chrome/56.0.2924.87+Safari/537.36 http://localhost:51722/CodeCombinationRulesModule/Create 200 0 0 1594
2017-03-29 13:55:57 ::1 GET /favicon.ico - 51722 - ::1 Mozilla/5.0+(Windows+NT+10.0;+WOW64)+AppleWebKit/537.36+(KHTML,+like+Gecko)+Chrome/56.0.2924.87+Safari/537.36 http://localhost:51722/CodeCombinationRulesModule/Create 200 0 0 54
2017-03-29 13:56:05 ::1 GET /__browserLink/requestData/4db55b3742ec4ca9b79c84990fceadce version=2 51722 - ::1 Mozilla/5.0+(Windows+NT+10.0;+WOW64)+AppleWebKit/537.36+(KHTML,+like+Gecko)+Chrome/56.0.2924.87+Safari/537.36 http://localhost:51722/CodeCombinationRulesModule/Create 200 0 0 8016
2017-03-29 13:56:05 ::1 POST /CodeCombinationRulesModule/CreateCodeCombinationRule CCRuleName=ddf 51722 - ::1 Mozilla/5.0+(Windows+NT+10.0;+WOW64)+AppleWebKit/537.36+(KHTML,+like+Gecko)+Chrome/56.0.2924.87+Safari/537.36 http://localhost:51722/CodeCombinationRulesModule/Create 200 0 64 8936
