#Software: Microsoft Internet Information Services 8.0
#Version: 1.0
#Date: 2017-05-09 12:26:22
#Fields: date time s-ip cs-method cs-uri-stem cs-uri-query s-port cs-username c-ip cs(User-Agent) cs(Referer) sc-status sc-substatus sc-win32-status time-taken
2017-05-09 12:26:22 ::1 GET / - 51722 - ::1 Mozilla/5.0+(Windows+NT+10.0;+Win64;+x64)+AppleWebKit/537.36+(KHTML,+like+Gecko)+Chrome/58.0.3029.96+Safari/537.36 - 500 0 0 28321
#Software: Microsoft Internet Information Services 8.0
#Version: 1.0
#Date: 2017-05-09 12:28:22
#Fields: date time s-ip cs-method cs-uri-stem cs-uri-query s-port cs-username c-ip cs(User-Agent) cs(Referer) sc-status sc-substatus sc-win32-status time-taken
2017-05-09 12:28:22 ::1 GET / - 51722 - ::1 Mozilla/5.0+(Windows+NT+10.0;+Win64;+x64)+AppleWebKit/537.36+(KHTML,+like+Gecko)+Chrome/58.0.3029.96+Safari/537.36 - 500 0 0 28566
2017-05-09 12:28:47 ::1 GET /User/LogOn - 51722 - ::1 Mozilla/5.0+(Windows+NT+10.0;+Win64;+x64)+AppleWebKit/537.36+(KHTML,+like+Gecko)+Chrome/58.0.3029.96+Safari/537.36 - 500 0 0 13211
#Software: Microsoft Internet Information Services 8.0
#Version: 1.0
#Date: 2017-05-09 12:30:22
#Fields: date time s-ip cs-method cs-uri-stem cs-uri-query s-port cs-username c-ip cs(User-Agent) cs(Referer) sc-status sc-substatus sc-win32-status time-taken
2017-05-09 12:30:22 ::1 GET / - 51722 - ::1 Mozilla/5.0+(Windows+NT+10.0;+Win64;+x64)+AppleWebKit/537.36+(KHTML,+like+Gecko)+Chrome/58.0.3029.96+Safari/537.36 - 500 0 0 20987
#Software: Microsoft Internet Information Services 8.0
#Version: 1.0
#Date: 2017-05-09 12:31:46
#Fields: date time s-ip cs-method cs-uri-stem cs-uri-query s-port cs-username c-ip cs(User-Agent) cs(Referer) sc-status sc-substatus sc-win32-status time-taken
2017-05-09 12:31:46 ::1 GET / - 51722 - ::1 Mozilla/5.0+(Windows+NT+10.0;+Win64;+x64)+AppleWebKit/537.36+(KHTML,+like+Gecko)+Chrome/58.0.3029.96+Safari/537.36 - 500 0 0 15078
#Software: Microsoft Internet Information Services 8.0
#Version: 1.0
#Date: 2017-05-09 12:33:24
#Fields: date time s-ip cs-method cs-uri-stem cs-uri-query s-port cs-username c-ip cs(User-Agent) cs(Referer) sc-status sc-substatus sc-win32-status time-taken
2017-05-09 12:33:24 ::1 GET / - 51722 - ::1 Mozilla/5.0+(Windows+NT+10.0;+Win64;+x64)+AppleWebKit/537.36+(KHTML,+like+Gecko)+Chrome/58.0.3029.96+Safari/537.36 - 500 0 0 12394
#Software: Microsoft Internet Information Services 8.0
#Version: 1.0
#Date: 2017-05-09 12:36:12
#Fields: date time s-ip cs-method cs-uri-stem cs-uri-query s-port cs-username c-ip cs(User-Agent) cs(Referer) sc-status sc-substatus sc-win32-status time-taken
2017-05-09 12:36:12 ::1 GET / - 51722 - ::1 Mozilla/5.0+(Windows+NT+10.0;+Win64;+x64)+AppleWebKit/537.36+(KHTML,+like+Gecko)+Chrome/58.0.3029.96+Safari/537.36 - 500 0 0 13375
#Software: Microsoft Internet Information Services 8.0
#Version: 1.0
#Date: 2017-05-09 12:37:06
#Fields: date time s-ip cs-method cs-uri-stem cs-uri-query s-port cs-username c-ip cs(User-Agent) cs(Referer) sc-status sc-substatus sc-win32-status time-taken
2017-05-09 12:37:06 ::1 GET / - 51722 - ::1 Mozilla/5.0+(Windows+NT+10.0;+Win64;+x64)+AppleWebKit/537.36+(KHTML,+like+Gecko)+Chrome/58.0.3029.96+Safari/537.36 - 500 0 0 13852
#Software: Microsoft Internet Information Services 8.0
#Version: 1.0
#Date: 2017-05-09 12:37:58
#Fields: date time s-ip cs-method cs-uri-stem cs-uri-query s-port cs-username c-ip cs(User-Agent) cs(Referer) sc-status sc-substatus sc-win32-status time-taken
2017-05-09 12:37:58 ::1 GET / - 51722 - ::1 Mozilla/5.0+(Windows+NT+10.0;+Win64;+x64)+AppleWebKit/537.36+(KHTML,+like+Gecko)+Chrome/58.0.3029.96+Safari/537.36 - 500 0 0 14655
#Software: Microsoft Internet Information Services 8.0
#Version: 1.0
#Date: 2017-05-09 12:41:55
#Fields: date time s-ip cs-method cs-uri-stem cs-uri-query s-port cs-username c-ip cs(User-Agent) cs(Referer) sc-status sc-substatus sc-win32-status time-taken
2017-05-09 12:41:55 ::1 GET / - 51722 - ::1 Mozilla/5.0+(Windows+NT+10.0;+Win64;+x64)+AppleWebKit/537.36+(KHTML,+like+Gecko)+Chrome/58.0.3029.96+Safari/537.36 - 500 0 0 11472
#Software: Microsoft Internet Information Services 8.0
#Version: 1.0
#Date: 2017-05-09 12:49:23
#Fields: date time s-ip cs-method cs-uri-stem cs-uri-query s-port cs-username c-ip cs(User-Agent) cs(Referer) sc-status sc-substatus sc-win32-status time-taken
2017-05-09 12:49:23 ::1 GET / - 51722 - ::1 Mozilla/5.0+(Windows+NT+10.0;+Win64;+x64)+AppleWebKit/537.36+(KHTML,+like+Gecko)+Chrome/58.0.3029.96+Safari/537.36 - 500 0 0 9989
#Software: Microsoft Internet Information Services 8.0
#Version: 1.0
#Date: 2017-05-09 12:59:13
#Fields: date time s-ip cs-method cs-uri-stem cs-uri-query s-port cs-username c-ip cs(User-Agent) cs(Referer) sc-status sc-substatus sc-win32-status time-taken
2017-05-09 12:59:13 ::1 GET / - 51722 - ::1 Mozilla/5.0+(Windows+NT+10.0;+Win64;+x64)+AppleWebKit/537.36+(KHTML,+like+Gecko)+Chrome/58.0.3029.96+Safari/537.36 - 500 0 0 12587
#Software: Microsoft Internet Information Services 8.0
#Version: 1.0
#Date: 2017-05-09 13:01:09
#Fields: date time s-ip cs-method cs-uri-stem cs-uri-query s-port cs-username c-ip cs(User-Agent) cs(Referer) sc-status sc-substatus sc-win32-status time-taken
2017-05-09 13:01:09 ::1 GET / - 51722 - ::1 Mozilla/5.0+(Windows+NT+10.0;+Win64;+x64)+AppleWebKit/537.36+(KHTML,+like+Gecko)+Chrome/58.0.3029.96+Safari/537.36 - 500 0 0 12017
#Software: Microsoft Internet Information Services 8.0
#Version: 1.0
#Date: 2017-05-09 13:17:28
#Fields: date time s-ip cs-method cs-uri-stem cs-uri-query s-port cs-username c-ip cs(User-Agent) cs(Referer) sc-status sc-substatus sc-win32-status time-taken
2017-05-09 13:17:28 ::1 GET / - 51722 - ::1 Mozilla/5.0+(Windows+NT+10.0;+Win64;+x64)+AppleWebKit/537.36+(KHTML,+like+Gecko)+Chrome/58.0.3029.96+Safari/537.36 - 302 0 0 34635
2017-05-09 13:29:02 ::1 GET /User/LogOn - 51722 - ::1 Mozilla/5.0+(Windows+NT+10.0;+Win64;+x64)+AppleWebKit/537.36+(KHTML,+like+Gecko)+Chrome/58.0.3029.96+Safari/537.36 - 200 0 0 693888
2017-05-09 13:40:08 ::1 GET /User/LogOn - 51722 - ::1 Mozilla/5.0+(Windows+NT+10.0;+Win64;+x64)+AppleWebKit/537.36+(KHTML,+like+Gecko)+Chrome/58.0.3029.96+Safari/537.36 - 200 0 0 10643
2017-05-09 13:40:08 ::1 GET /favicon.ico - 51722 - ::1 Mozilla/5.0+(Windows+NT+10.0;+Win64;+x64)+AppleWebKit/537.36+(KHTML,+like+Gecko)+Chrome/58.0.3029.96+Safari/537.36 http://localhost:51722/User/LogOn 200 0 0 49
2017-05-09 13:40:49 ::1 POST /User/ResetPass - 51722 - ::1 Mozilla/5.0+(Windows+NT+10.0;+Win64;+x64)+AppleWebKit/537.36+(KHTML,+like+Gecko)+Chrome/58.0.3029.96+Safari/537.36 http://localhost:51722/User/LogOn 200 0 0 7113
2017-05-09 13:41:03 ::1 POST /User/ResetPass - 51722 - ::1 Mozilla/5.0+(Windows+NT+10.0;+Win64;+x64)+AppleWebKit/537.36+(KHTML,+like+Gecko)+Chrome/58.0.3029.96+Safari/537.36 http://localhost:51722/User/LogOn 200 0 0 80
2017-05-09 13:41:11 ::1 POST /User/ResetPass - 51722 - ::1 Mozilla/5.0+(Windows+NT+10.0;+Win64;+x64)+AppleWebKit/537.36+(KHTML,+like+Gecko)+Chrome/58.0.3029.96+Safari/537.36 http://localhost:51722/User/LogOn 200 0 0 129
#Software: Microsoft Internet Information Services 8.0
#Version: 1.0
#Date: 2017-05-09 15:00:00
#Fields: date time s-ip cs-method cs-uri-stem cs-uri-query s-port cs-username c-ip cs(User-Agent) cs(Referer) sc-status sc-substatus sc-win32-status time-taken
2017-05-09 15:00:00 ::1 GET /User/LogOn - 51722 - ::1 Mozilla/5.0+(Windows+NT+10.0;+Win64;+x64)+AppleWebKit/537.36+(KHTML,+like+Gecko)+Chrome/58.0.3029.96+Safari/537.36 - 200 0 0 10482
2017-05-09 15:00:00 ::1 GET /favicon.ico - 51722 - ::1 Mozilla/5.0+(Windows+NT+10.0;+Win64;+x64)+AppleWebKit/537.36+(KHTML,+like+Gecko)+Chrome/58.0.3029.96+Safari/537.36 http://localhost:51722/User/LogOn 200 0 0 31
2017-05-09 15:00:22 ::1 POST /User/ResetPass - 51722 - ::1 Mozilla/5.0+(Windows+NT+10.0;+Win64;+x64)+AppleWebKit/537.36+(KHTML,+like+Gecko)+Chrome/58.0.3029.96+Safari/537.36 http://localhost:51722/User/LogOn 200 0 0 206
2017-05-09 15:01:10 ::1 GET /User/LogOn - 51722 - ::1 Mozilla/5.0+(Windows+NT+10.0;+Win64;+x64)+AppleWebKit/537.36+(KHTML,+like+Gecko)+Chrome/58.0.3029.96+Safari/537.36 - 200 0 0 4655
2017-05-09 15:01:10 ::1 GET /favicon.ico - 51722 - ::1 Mozilla/5.0+(Windows+NT+10.0;+Win64;+x64)+AppleWebKit/537.36+(KHTML,+like+Gecko)+Chrome/58.0.3029.96+Safari/537.36 http://localhost:51722/User/LogOn 200 0 0 29
2017-05-09 15:01:15 ::1 POST /User/ResetPass - 51722 - ::1 Mozilla/5.0+(Windows+NT+10.0;+Win64;+x64)+AppleWebKit/537.36+(KHTML,+like+Gecko)+Chrome/58.0.3029.96+Safari/537.36 http://localhost:51722/User/LogOn 200 0 0 176
2017-05-09 15:01:32 ::1 POST /User/ResetPass - 51722 - ::1 Mozilla/5.0+(Windows+NT+10.0;+Win64;+x64)+AppleWebKit/537.36+(KHTML,+like+Gecko)+Chrome/58.0.3029.96+Safari/537.36 http://localhost:51722/User/LogOn 200 0 0 175
2017-05-09 15:01:58 ::1 POST /User/ResetPass - 51722 - ::1 Mozilla/5.0+(Windows+NT+10.0;+Win64;+x64)+AppleWebKit/537.36+(KHTML,+like+Gecko)+Chrome/58.0.3029.96+Safari/537.36 http://localhost:51722/User/LogOn 200 0 0 417
2017-05-09 15:02:04 ::1 POST /User/ResetPass - 51722 - ::1 Mozilla/5.0+(Windows+NT+10.0;+Win64;+x64)+AppleWebKit/537.36+(KHTML,+like+Gecko)+Chrome/58.0.3029.96+Safari/537.36 http://localhost:51722/User/LogOn 200 0 0 241
2017-05-09 15:02:09 ::1 POST /User/ResetPass - 51722 - ::1 Mozilla/5.0+(Windows+NT+10.0;+Win64;+x64)+AppleWebKit/537.36+(KHTML,+like+Gecko)+Chrome/58.0.3029.96+Safari/537.36 http://localhost:51722/User/LogOn 200 0 0 169
2017-05-09 15:02:54 ::1 POST /User/LogOn - 51722 - ::1 Mozilla/5.0+(Windows+NT+10.0;+Win64;+x64)+AppleWebKit/537.36+(KHTML,+like+Gecko)+Chrome/58.0.3029.96+Safari/537.36 http://localhost:51722/User/LogOn 200 0 0 1880
2017-05-09 15:04:01 ::1 POST /User/LogOn - 51722 - ::1 Mozilla/5.0+(Windows+NT+10.0;+Win64;+x64)+AppleWebKit/537.36+(KHTML,+like+Gecko)+Chrome/58.0.3029.96+Safari/537.36 http://localhost:51722/User/LogOn 200 0 0 1814
2017-05-09 15:04:01 ::1 GET /favicon.ico - 51722 - ::1 Mozilla/5.0+(Windows+NT+10.0;+Win64;+x64)+AppleWebKit/537.36+(KHTML,+like+Gecko)+Chrome/58.0.3029.96+Safari/537.36 http://localhost:51722/User/LogOn 200 0 0 32
2017-05-09 15:04:15 ::1 POST /User/ResetPass - 51722 - ::1 Mozilla/5.0+(Windows+NT+10.0;+Win64;+x64)+AppleWebKit/537.36+(KHTML,+like+Gecko)+Chrome/58.0.3029.96+Safari/537.36 http://localhost:51722/User/LogOn 200 0 0 169
2017-05-09 15:04:20 ::1 POST /User/LogOn - 51722 - ::1 Mozilla/5.0+(Windows+NT+10.0;+Win64;+x64)+AppleWebKit/537.36+(KHTML,+like+Gecko)+Chrome/58.0.3029.96+Safari/537.36 http://localhost:51722/User/LogOn 200 0 0 272
2017-05-09 15:04:20 ::1 GET /favicon.ico - 51722 - ::1 Mozilla/5.0+(Windows+NT+10.0;+Win64;+x64)+AppleWebKit/537.36+(KHTML,+like+Gecko)+Chrome/58.0.3029.96+Safari/537.36 http://localhost:51722/User/LogOn 200 0 0 1
2017-05-09 15:04:28 ::1 POST /User/ResetPass - 51722 - ::1 Mozilla/5.0+(Windows+NT+10.0;+Win64;+x64)+AppleWebKit/537.36+(KHTML,+like+Gecko)+Chrome/58.0.3029.96+Safari/537.36 http://localhost:51722/User/LogOn 200 0 0 155
2017-05-09 15:05:07 ::1 POST /User/LogOn - 51722 - ::1 Mozilla/5.0+(Windows+NT+10.0;+Win64;+x64)+AppleWebKit/537.36+(KHTML,+like+Gecko)+Chrome/58.0.3029.96+Safari/537.36 http://localhost:51722/User/LogOn 200 0 0 2466
2017-05-09 15:05:20 ::1 POST /User/ResetPass - 51722 - ::1 Mozilla/5.0+(Windows+NT+10.0;+Win64;+x64)+AppleWebKit/537.36+(KHTML,+like+Gecko)+Chrome/58.0.3029.96+Safari/537.36 http://localhost:51722/User/LogOn 200 0 0 272
2017-05-09 15:05:51 ::1 POST /User/ResetPass - 51722 - ::1 Mozilla/5.0+(Windows+NT+10.0;+Win64;+x64)+AppleWebKit/537.36+(KHTML,+like+Gecko)+Chrome/58.0.3029.96+Safari/537.36 http://localhost:51722/User/LogOn 200 0 0 81
2017-05-09 15:06:04 ::1 POST /User/ResetPass - 51722 - ::1 Mozilla/5.0+(Windows+NT+10.0;+Win64;+x64)+AppleWebKit/537.36+(KHTML,+like+Gecko)+Chrome/58.0.3029.96+Safari/537.36 http://localhost:51722/User/LogOn 200 0 0 82
2017-05-09 15:06:15 ::1 POST /User/ResetPass - 51722 - ::1 Mozilla/5.0+(Windows+NT+10.0;+Win64;+x64)+AppleWebKit/537.36+(KHTML,+like+Gecko)+Chrome/58.0.3029.96+Safari/537.36 http://localhost:51722/User/LogOn 200 0 0 182
2017-05-09 15:06:42 ::1 POST /User/LogOn - 51722 - ::1 Mozilla/5.0+(Windows+NT+10.0;+Win64;+x64)+AppleWebKit/537.36+(KHTML,+like+Gecko)+Chrome/58.0.3029.96+Safari/537.36 http://localhost:51722/User/LogOn 200 0 0 652
2017-05-09 15:06:49 ::1 POST /User/LogOn - 51722 - ::1 Mozilla/5.0+(Windows+NT+10.0;+Win64;+x64)+AppleWebKit/537.36+(KHTML,+like+Gecko)+Chrome/58.0.3029.96+Safari/537.36 http://localhost:51722/User/LogOn 200 0 0 454
2017-05-09 15:07:02 ::1 POST /User/LogOn - 51722 - ::1 Mozilla/5.0+(Windows+NT+10.0;+Win64;+x64)+AppleWebKit/537.36+(KHTML,+like+Gecko)+Chrome/58.0.3029.96+Safari/537.36 http://localhost:51722/User/LogOn 302 0 0 3956
2017-05-09 15:07:02 ::1 GET / - 51722 - ::1 Mozilla/5.0+(Windows+NT+10.0;+Win64;+x64)+AppleWebKit/537.36+(KHTML,+like+Gecko)+Chrome/58.0.3029.96+Safari/537.36 http://localhost:51722/User/LogOn 302 0 0 81
2017-05-09 15:07:18 ::1 GET /Dashboard/ViewDashboard - 51722 - ::1 Mozilla/5.0+(Windows+NT+10.0;+Win64;+x64)+AppleWebKit/537.36+(KHTML,+like+Gecko)+Chrome/58.0.3029.96+Safari/537.36 http://localhost:51722/User/LogOn 200 0 0 15798
2017-05-09 15:07:19 ::1 GET /Dashboard/getAjaxTab/1 sDate=null&eDate=null 51722 - ::1 Mozilla/5.0+(Windows+NT+10.0;+Win64;+x64)+AppleWebKit/537.36+(KHTML,+like+Gecko)+Chrome/58.0.3029.96+Safari/537.36 http://localhost:51722/Dashboard/ViewDashboard 200 0 0 593
2017-05-09 15:07:19 ::1 GET /Scripts/v2/easy.pie.chart/jquery.easing.1.3.js _=1494342439916 51722 - ::1 Mozilla/5.0+(Windows+NT+10.0;+Win64;+x64)+AppleWebKit/537.36+(KHTML,+like+Gecko)+Chrome/58.0.3029.96+Safari/537.36 http://localhost:51722/Dashboard/ViewDashboard 200 0 0 99
2017-05-09 15:07:19 ::1 GET /Scripts/v2/easy.pie.chart/jquery.easypiechart.min.js _=1494342440029 51722 - ::1 Mozilla/5.0+(Windows+NT+10.0;+Win64;+x64)+AppleWebKit/537.36+(KHTML,+like+Gecko)+Chrome/58.0.3029.96+Safari/537.36 http://localhost:51722/Dashboard/ViewDashboard 200 0 0 43
2017-05-09 15:07:19 ::1 GET /Scripts/v2/morris.charts/morris.min.js _=1494342440103 51722 - ::1 Mozilla/5.0+(Windows+NT+10.0;+Win64;+x64)+AppleWebKit/537.36+(KHTML,+like+Gecko)+Chrome/58.0.3029.96+Safari/537.36 http://localhost:51722/Dashboard/ViewDashboard 200 0 0 40
2017-05-09 15:07:19 ::1 GET /Scripts/v2/morris.charts/raphael.min.js _=1494342440187 51722 - ::1 Mozilla/5.0+(Windows+NT+10.0;+Win64;+x64)+AppleWebKit/537.36+(KHTML,+like+Gecko)+Chrome/58.0.3029.96+Safari/537.36 http://localhost:51722/Dashboard/ViewDashboard 200 0 0 139
2017-05-09 15:07:22 ::1 GET /__browserLink/requestData/08e2ffd705a64cb788f859371bb7423a version=2 51722 - ::1 Mozilla/5.0+(Windows+NT+10.0;+Win64;+x64)+AppleWebKit/537.36+(KHTML,+like+Gecko)+Chrome/58.0.3029.96+Safari/537.36 http://localhost:51722/Dashboard/ViewDashboard 200 0 0 255
2017-05-09 15:07:23 ::1 GET /Dashboard/GetExpenseSubmissions/ sDate=null&eDate=null 51722 - ::1 Mozilla/5.0+(Windows+NT+10.0;+Win64;+x64)+AppleWebKit/537.36+(KHTML,+like+Gecko)+Chrome/58.0.3029.96+Safari/537.36 http://localhost:51722/Dashboard/ViewDashboard 200 0 0 3061
2017-05-09 15:07:25 ::1 GET /User - 51722 - ::1 Mozilla/5.0+(Windows+NT+10.0;+Win64;+x64)+AppleWebKit/537.36+(KHTML,+like+Gecko)+Chrome/58.0.3029.96+Safari/537.36 http://localhost:51722/Dashboard/ViewDashboard 200 0 0 3412
2017-05-09 15:07:25 ::1 GET /__browserLink/requestData/2688e050d6944e5ebf11671a962875d1 version=2 51722 - ::1 Mozilla/5.0+(Windows+NT+10.0;+Win64;+x64)+AppleWebKit/537.36+(KHTML,+like+Gecko)+Chrome/58.0.3029.96+Safari/537.36 http://localhost:51722/User 200 0 0 45
2017-05-09 15:07:25 ::1 GET /Dashboard/GetExpenseApprovals/ sDate=null&eDate=null 51722 - ::1 Mozilla/5.0+(Windows+NT+10.0;+Win64;+x64)+AppleWebKit/537.36+(KHTML,+like+Gecko)+Chrome/58.0.3029.96+Safari/537.36 http://localhost:51722/Dashboard/ViewDashboard 200 0 64 5839
2017-05-09 15:07:27 ::1 GET /AjaxCall/GetBusinessUnitList/ CompanyId=0 51722 - ::1 Mozilla/5.0+(Windows+NT+10.0;+Win64;+x64)+AppleWebKit/537.36+(KHTML,+like+Gecko)+Chrome/58.0.3029.96+Safari/537.36 http://localhost:51722/User 200 0 0 1513
2017-05-09 15:07:29 ::1 GET /Dashboard/GetExpenseTypesAmount/ sDate=null&eDate=null 51722 - ::1 Mozilla/5.0+(Windows+NT+10.0;+Win64;+x64)+AppleWebKit/537.36+(KHTML,+like+Gecko)+Chrome/58.0.3029.96+Safari/537.36 http://localhost:51722/Dashboard/ViewDashboard 200 0 64 8596
2017-05-09 15:07:29 ::1 GET /AjaxCall/GetCompanyList/ - 51722 - ::1 Mozilla/5.0+(Windows+NT+10.0;+Win64;+x64)+AppleWebKit/537.36+(KHTML,+like+Gecko)+Chrome/58.0.3029.96+Safari/537.36 http://localhost:51722/User 200 0 0 3842
2017-05-09 15:07:29 ::1 GET /AjaxCall/GetBusinessUnitList/ CompanyId=0 51722 - ::1 Mozilla/5.0+(Windows+NT+10.0;+Win64;+x64)+AppleWebKit/537.36+(KHTML,+like+Gecko)+Chrome/58.0.3029.96+Safari/537.36 http://localhost:51722/User 200 0 0 85
2017-05-09 15:07:31 ::1 GET /Dashboard/GetExpensePostings/ sDate=null&eDate=null 51722 - ::1 Mozilla/5.0+(Windows+NT+10.0;+Win64;+x64)+AppleWebKit/537.36+(KHTML,+like+Gecko)+Chrome/58.0.3029.96+Safari/537.36 http://localhost:51722/Dashboard/ViewDashboard 200 0 64 10271
2017-05-09 15:07:31 ::1 GET /Dashboard/GetPayMethodsAmount/ sDate=null&eDate=null 51722 - ::1 Mozilla/5.0+(Windows+NT+10.0;+Win64;+x64)+AppleWebKit/537.36+(KHTML,+like+Gecko)+Chrome/58.0.3029.96+Safari/537.36 http://localhost:51722/Dashboard/ViewDashboard 200 0 64 11154
2017-05-09 15:07:37 ::1 GET /User/Create - 51722 - ::1 Mozilla/5.0+(Windows+NT+10.0;+Win64;+x64)+AppleWebKit/537.36+(KHTML,+like+Gecko)+Chrome/58.0.3029.96+Safari/537.36 http://localhost:51722/User 200 0 0 2212
2017-05-09 15:07:37 ::1 GET /User/GetAllEnabledTransactionMappingAccorssAllRoles _=1494342457594 51722 - ::1 Mozilla/5.0+(Windows+NT+10.0;+Win64;+x64)+AppleWebKit/537.36+(KHTML,+like+Gecko)+Chrome/58.0.3029.96+Safari/537.36 http://localhost:51722/User/Create 200 0 0 369
2017-05-09 15:07:38 ::1 GET /AjaxCall/GetCompanyList/ _=1494342458021 51722 - ::1 Mozilla/5.0+(Windows+NT+10.0;+Win64;+x64)+AppleWebKit/537.36+(KHTML,+like+Gecko)+Chrome/58.0.3029.96+Safari/537.36 http://localhost:51722/User/Create 200 0 0 320
2017-05-09 15:07:38 ::1 GET /__browserLink/requestData/b752ffab9f4a43a2b6285966cfa06398 version=2 51722 - ::1 Mozilla/5.0+(Windows+NT+10.0;+Win64;+x64)+AppleWebKit/537.36+(KHTML,+like+Gecko)+Chrome/58.0.3029.96+Safari/537.36 http://localhost:51722/User/Create 200 0 0 147
2017-05-09 15:07:38 ::1 GET /AjaxCall/GetBusinessUnitList/ _=1494342458021 51722 - ::1 Mozilla/5.0+(Windows+NT+10.0;+Win64;+x64)+AppleWebKit/537.36+(KHTML,+like+Gecko)+Chrome/58.0.3029.96+Safari/537.36 http://localhost:51722/User/Create 200 0 0 772
2017-05-09 15:07:38 ::1 GET /AjaxCall/GetCostCenterList/ _=1494342458022 51722 - ::1 Mozilla/5.0+(Windows+NT+10.0;+Win64;+x64)+AppleWebKit/537.36+(KHTML,+like+Gecko)+Chrome/58.0.3029.96+Safari/537.36 http://localhost:51722/User/Create 200 0 0 935
2017-05-09 15:08:15 ::1 GET /User/GetProjectConfigurationLabelInfo RoleId=41&_=1494342495047 51722 - ::1 Mozilla/5.0+(Windows+NT+10.0;+Win64;+x64)+AppleWebKit/537.36+(KHTML,+like+Gecko)+Chrome/58.0.3029.96+Safari/537.36 http://localhost:51722/User/Create 200 0 0 81
2017-05-09 15:08:22 ::1 GET /AjaxCall/GetBusinessUnitList/ CompanyId=11&_=1494342502122 51722 - ::1 Mozilla/5.0+(Windows+NT+10.0;+Win64;+x64)+AppleWebKit/537.36+(KHTML,+like+Gecko)+Chrome/58.0.3029.96+Safari/537.36 http://localhost:51722/User/Create 200 0 0 86
2017-05-09 15:08:25 ::1 GET /AjaxCall/GetCostCenterList/ CompanyId=11&BusinessUnitId=34&_=1494342505676 51722 - ::1 Mozilla/5.0+(Windows+NT+10.0;+Win64;+x64)+AppleWebKit/537.36+(KHTML,+like+Gecko)+Chrome/58.0.3029.96+Safari/537.36 http://localhost:51722/User/Create 200 0 0 83
2017-05-09 15:08:35 ::1 POST /User/Create - 51722 - ::1 Mozilla/5.0+(Windows+NT+10.0;+Win64;+x64)+AppleWebKit/537.36+(KHTML,+like+Gecko)+Chrome/58.0.3029.96+Safari/537.36 http://localhost:51722/User/Create 200 0 0 3123
2017-05-09 15:08:35 ::1 GET /AjaxCall/GetCompanyList/ - 51722 - ::1 Mozilla/5.0+(Windows+NT+10.0;+Win64;+x64)+AppleWebKit/537.36+(KHTML,+like+Gecko)+Chrome/58.0.3029.96+Safari/537.36 http://localhost:51722/User/Create 200 0 0 209
2017-05-09 15:08:35 ::1 GET /__browserLink/requestData/b71d0dd1ae5a4957a734b240c336446f version=2 51722 - ::1 Mozilla/5.0+(Windows+NT+10.0;+Win64;+x64)+AppleWebKit/537.36+(KHTML,+like+Gecko)+Chrome/58.0.3029.96+Safari/537.36 http://localhost:51722/User/Create 200 0 0 94
2017-05-09 15:08:35 ::1 GET /AjaxCall/GetBusinessUnitList/ - 51722 - ::1 Mozilla/5.0+(Windows+NT+10.0;+Win64;+x64)+AppleWebKit/537.36+(KHTML,+like+Gecko)+Chrome/58.0.3029.96+Safari/537.36 http://localhost:51722/User/Create 200 0 0 698
2017-05-09 15:08:36 ::1 GET /AjaxCall/GetBusinessUnitList/ - 51722 - ::1 Mozilla/5.0+(Windows+NT+10.0;+Win64;+x64)+AppleWebKit/537.36+(KHTML,+like+Gecko)+Chrome/58.0.3029.96+Safari/537.36 http://localhost:51722/User/Create 200 0 0 94
2017-05-09 15:08:42 ::1 GET /User/LogOff - 51722 - ::1 Mozilla/5.0+(Windows+NT+10.0;+Win64;+x64)+AppleWebKit/537.36+(KHTML,+like+Gecko)+Chrome/58.0.3029.96+Safari/537.36 http://localhost:51722/User/Create 302 0 0 97
2017-05-09 15:08:42 ::1 GET / - 51722 - ::1 Mozilla/5.0+(Windows+NT+10.0;+Win64;+x64)+AppleWebKit/537.36+(KHTML,+like+Gecko)+Chrome/58.0.3029.96+Safari/537.36 http://localhost:51722/User/Create 302 0 0 63
2017-05-09 15:08:46 ::1 GET /User/LogOn - 51722 - ::1 Mozilla/5.0+(Windows+NT+10.0;+Win64;+x64)+AppleWebKit/537.36+(KHTML,+like+Gecko)+Chrome/58.0.3029.96+Safari/537.36 http://localhost:51722/User/Create 200 0 0 4540
2017-05-09 15:09:33 ::1 POST /User/ResetPass - 51722 - ::1 Mozilla/5.0+(Windows+NT+10.0;+Win64;+x64)+AppleWebKit/537.36+(KHTML,+like+Gecko)+Chrome/58.0.3029.96+Safari/537.36 http://localhost:51722/User/LogOn 200 0 0 4177
2017-05-09 15:13:20 ::1 GET /User/LogOn - 51722 - ::1 Mozilla/5.0+(Windows+NT+10.0;+Win64;+x64)+AppleWebKit/537.36+(KHTML,+like+Gecko)+Chrome/58.0.3029.96+Safari/537.36 http://localhost:51722/User/Create 200 0 0 4735
2017-05-09 15:13:20 ::1 GET /favicon.ico - 51722 - ::1 Mozilla/5.0+(Windows+NT+10.0;+Win64;+x64)+AppleWebKit/537.36+(KHTML,+like+Gecko)+Chrome/58.0.3029.96+Safari/537.36 http://localhost:51722/User/LogOn 200 0 0 27
2017-05-09 15:13:35 ::1 POST /User/ResetPass - 51722 - ::1 Mozilla/5.0+(Windows+NT+10.0;+Win64;+x64)+AppleWebKit/537.36+(KHTML,+like+Gecko)+Chrome/58.0.3029.96+Safari/537.36 http://localhost:51722/User/LogOn 200 0 0 3940
2017-05-09 15:22:13 ::1 GET /User/LogOn - 51722 - ::1 Mozilla/5.0+(Windows+NT+10.0;+Win64;+x64)+AppleWebKit/537.36+(KHTML,+like+Gecko)+Chrome/58.0.3029.96+Safari/537.36 http://localhost:51722/User/Create 200 0 0 2773
2017-05-09 15:22:13 ::1 GET /favicon.ico - 51722 - ::1 Mozilla/5.0+(Windows+NT+10.0;+Win64;+x64)+AppleWebKit/537.36+(KHTML,+like+Gecko)+Chrome/58.0.3029.96+Safari/537.36 http://localhost:51722/User/LogOn 200 0 0 28
2017-05-09 15:22:21 ::1 POST /User/LogOn - 51722 - ::1 Mozilla/5.0+(Windows+NT+10.0;+Win64;+x64)+AppleWebKit/537.36+(KHTML,+like+Gecko)+Chrome/58.0.3029.96+Safari/537.36 http://localhost:51722/User/LogOn 302 0 0 400
2017-05-09 15:22:21 ::1 GET / - 51722 - ::1 Mozilla/5.0+(Windows+NT+10.0;+Win64;+x64)+AppleWebKit/537.36+(KHTML,+like+Gecko)+Chrome/58.0.3029.96+Safari/537.36 http://localhost:51722/User/LogOn 302 0 0 45
2017-05-09 15:22:21 ::1 GET /Dashboard/ViewDashboard - 51722 - ::1 Mozilla/5.0+(Windows+NT+10.0;+Win64;+x64)+AppleWebKit/537.36+(KHTML,+like+Gecko)+Chrome/58.0.3029.96+Safari/537.36 http://localhost:51722/User/LogOn 200 0 0 685
2017-05-09 15:22:22 ::1 GET /__browserLink/requestData/3496fa4d6c464eeba7ab2674e4bfb3e9 version=2 51722 - ::1 Mozilla/5.0+(Windows+NT+10.0;+Win64;+x64)+AppleWebKit/537.36+(KHTML,+like+Gecko)+Chrome/58.0.3029.96+Safari/537.36 http://localhost:51722/Dashboard/ViewDashboard 200 0 0 236
2017-05-09 15:22:22 ::1 GET /Dashboard/getAjaxTab/1 sDate=null&eDate=null 51722 - ::1 Mozilla/5.0+(Windows+NT+10.0;+Win64;+x64)+AppleWebKit/537.36+(KHTML,+like+Gecko)+Chrome/58.0.3029.96+Safari/537.36 http://localhost:51722/Dashboard/ViewDashboard 200 0 0 449
2017-05-09 15:22:22 ::1 GET /Scripts/v2/easy.pie.chart/jquery.easing.1.3.js _=1494343342474 51722 - ::1 Mozilla/5.0+(Windows+NT+10.0;+Win64;+x64)+AppleWebKit/537.36+(KHTML,+like+Gecko)+Chrome/58.0.3029.96+Safari/537.36 http://localhost:51722/Dashboard/ViewDashboard 200 0 0 49
2017-05-09 15:22:22 ::1 GET /Scripts/v2/easy.pie.chart/jquery.easypiechart.min.js _=1494343342538 51722 - ::1 Mozilla/5.0+(Windows+NT+10.0;+Win64;+x64)+AppleWebKit/537.36+(KHTML,+like+Gecko)+Chrome/58.0.3029.96+Safari/537.36 http://localhost:51722/Dashboard/ViewDashboard 200 0 0 15
2017-05-09 15:22:22 ::1 GET /Scripts/v2/morris.charts/morris.min.js _=1494343342563 51722 - ::1 Mozilla/5.0+(Windows+NT+10.0;+Win64;+x64)+AppleWebKit/537.36+(KHTML,+like+Gecko)+Chrome/58.0.3029.96+Safari/537.36 http://localhost:51722/Dashboard/ViewDashboard 200 0 0 46
2017-05-09 15:22:22 ::1 GET /Scripts/v2/morris.charts/raphael.min.js _=1494343342630 51722 - ::1 Mozilla/5.0+(Windows+NT+10.0;+Win64;+x64)+AppleWebKit/537.36+(KHTML,+like+Gecko)+Chrome/58.0.3029.96+Safari/537.36 http://localhost:51722/Dashboard/ViewDashboard 200 0 0 95
2017-05-09 15:22:22 ::1 GET /Dashboard/GetExpenseSubmissions/ sDate=null&eDate=null 51722 - ::1 Mozilla/5.0+(Windows+NT+10.0;+Win64;+x64)+AppleWebKit/537.36+(KHTML,+like+Gecko)+Chrome/58.0.3029.96+Safari/537.36 http://localhost:51722/Dashboard/ViewDashboard 200 0 0 524
2017-05-09 15:22:23 ::1 GET /Dashboard/GetExpenseApprovals/ sDate=null&eDate=null 51722 - ::1 Mozilla/5.0+(Windows+NT+10.0;+Win64;+x64)+AppleWebKit/537.36+(KHTML,+like+Gecko)+Chrome/58.0.3029.96+Safari/537.36 http://localhost:51722/Dashboard/ViewDashboard 200 0 0 1025
2017-05-09 15:22:23 ::1 GET /Dashboard/GetExpensePostings/ sDate=null&eDate=null 51722 - ::1 Mozilla/5.0+(Windows+NT+10.0;+Win64;+x64)+AppleWebKit/537.36+(KHTML,+like+Gecko)+Chrome/58.0.3029.96+Safari/537.36 http://localhost:51722/Dashboard/ViewDashboard 200 0 0 1730
2017-05-09 15:22:24 ::1 GET /Dashboard/GetExpenseTypesAmount/ sDate=null&eDate=null 51722 - ::1 Mozilla/5.0+(Windows+NT+10.0;+Win64;+x64)+AppleWebKit/537.36+(KHTML,+like+Gecko)+Chrome/58.0.3029.96+Safari/537.36 http://localhost:51722/Dashboard/ViewDashboard 200 0 0 2100
2017-05-09 15:22:24 ::1 GET /Dashboard/GetPayMethodsAmount/ sDate=null&eDate=null 51722 - ::1 Mozilla/5.0+(Windows+NT+10.0;+Win64;+x64)+AppleWebKit/537.36+(KHTML,+like+Gecko)+Chrome/58.0.3029.96+Safari/537.36 http://localhost:51722/Dashboard/ViewDashboard 200 0 0 2745
2017-05-09 15:22:24 ::1 GET /User/LogOff - 51722 - ::1 Mozilla/5.0+(Windows+NT+10.0;+Win64;+x64)+AppleWebKit/537.36+(KHTML,+like+Gecko)+Chrome/58.0.3029.96+Safari/537.36 http://localhost:51722/Dashboard/ViewDashboard 302 0 0 1691
2017-05-09 15:22:24 ::1 GET / - 51722 - ::1 Mozilla/5.0+(Windows+NT+10.0;+Win64;+x64)+AppleWebKit/537.36+(KHTML,+like+Gecko)+Chrome/58.0.3029.96+Safari/537.36 http://localhost:51722/Dashboard/ViewDashboard 302 0 0 57
2017-05-09 15:22:28 ::1 GET /User/LogOn - 51722 - ::1 Mozilla/5.0+(Windows+NT+10.0;+Win64;+x64)+AppleWebKit/537.36+(KHTML,+like+Gecko)+Chrome/58.0.3029.96+Safari/537.36 http://localhost:51722/Dashboard/ViewDashboard 200 0 0 2254
2017-05-09 15:22:47 ::1 POST /User/ResetPass - 51722 - ::1 Mozilla/5.0+(Windows+NT+10.0;+Win64;+x64)+AppleWebKit/537.36+(KHTML,+like+Gecko)+Chrome/58.0.3029.96+Safari/537.36 http://localhost:51722/User/LogOn 200 0 0 4515
2017-05-09 15:26:16 ::1 GET /User/LogOn - 51722 - ::1 Mozilla/5.0+(Windows+NT+10.0;+Win64;+x64)+AppleWebKit/537.36+(KHTML,+like+Gecko)+Chrome/58.0.3029.96+Safari/537.36 http://localhost:51722/Dashboard/ViewDashboard 200 0 0 2404
2017-05-09 15:26:16 ::1 GET /favicon.ico - 51722 - ::1 Mozilla/5.0+(Windows+NT+10.0;+Win64;+x64)+AppleWebKit/537.36+(KHTML,+like+Gecko)+Chrome/58.0.3029.96+Safari/537.36 http://localhost:51722/User/LogOn 200 0 0 2
2017-05-09 15:26:39 ::1 POST /User/ResetPass - 51722 - ::1 Mozilla/5.0+(Windows+NT+10.0;+Win64;+x64)+AppleWebKit/537.36+(KHTML,+like+Gecko)+Chrome/58.0.3029.96+Safari/537.36 http://localhost:51722/User/LogOn 200 0 0 3854
2017-05-09 15:26:47 ::1 POST /User/LogOn - 51722 - ::1 Mozilla/5.0+(Windows+NT+10.0;+Win64;+x64)+AppleWebKit/537.36+(KHTML,+like+Gecko)+Chrome/58.0.3029.96+Safari/537.36 http://localhost:51722/User/LogOn 200 0 0 162
2017-05-09 15:29:37 ::1 POST /User/LogOn - 51722 - ::1 Mozilla/5.0+(Windows+NT+10.0;+Win64;+x64)+AppleWebKit/537.36+(KHTML,+like+Gecko)+Chrome/58.0.3029.96+Safari/537.36 http://localhost:51722/User/LogOn 200 0 0 169
2017-05-09 15:29:37 ::1 GET /favicon.ico - 51722 - ::1 Mozilla/5.0+(Windows+NT+10.0;+Win64;+x64)+AppleWebKit/537.36+(KHTML,+like+Gecko)+Chrome/58.0.3029.96+Safari/537.36 http://localhost:51722/User/LogOn 200 0 0 26
2017-05-09 15:29:41 ::1 POST /User/LogOn - 51722 - ::1 Mozilla/5.0+(Windows+NT+10.0;+Win64;+x64)+AppleWebKit/537.36+(KHTML,+like+Gecko)+Chrome/58.0.3029.96+Safari/537.36 http://localhost:51722/User/LogOn 200 0 0 137
2017-05-09 15:29:41 ::1 GET /favicon.ico - 51722 - ::1 Mozilla/5.0+(Windows+NT+10.0;+Win64;+x64)+AppleWebKit/537.36+(KHTML,+like+Gecko)+Chrome/58.0.3029.96+Safari/537.36 http://localhost:51722/User/LogOn 200 0 0 4
2017-05-09 15:29:49 ::1 POST /User/LogOn - 51722 - ::1 Mozilla/5.0+(Windows+NT+10.0;+Win64;+x64)+AppleWebKit/537.36+(KHTML,+like+Gecko)+Chrome/58.0.3029.96+Safari/537.36 http://localhost:51722/User/LogOn 200 0 0 185
2017-05-09 15:29:49 ::1 GET /favicon.ico - 51722 - ::1 Mozilla/5.0+(Windows+NT+10.0;+Win64;+x64)+AppleWebKit/537.36+(KHTML,+like+Gecko)+Chrome/58.0.3029.96+Safari/537.36 http://localhost:51722/User/LogOn 200 0 0 1
2017-05-09 15:30:13 ::1 POST /User/ResetPass - 51722 - ::1 Mozilla/5.0+(Windows+NT+10.0;+Win64;+x64)+AppleWebKit/537.36+(KHTML,+like+Gecko)+Chrome/58.0.3029.96+Safari/537.36 http://localhost:51722/User/LogOn 200 0 0 4480
2017-05-09 15:30:20 ::1 POST /User/LogOn - 51722 - ::1 Mozilla/5.0+(Windows+NT+10.0;+Win64;+x64)+AppleWebKit/537.36+(KHTML,+like+Gecko)+Chrome/58.0.3029.96+Safari/537.36 http://localhost:51722/User/LogOn 200 0 0 171
2017-05-09 15:30:38 ::1 POST /User/LogOn - 51722 - ::1 Mozilla/5.0+(Windows+NT+10.0;+Win64;+x64)+AppleWebKit/537.36+(KHTML,+like+Gecko)+Chrome/58.0.3029.96+Safari/537.36 http://localhost:51722/User/LogOn 302 0 0 739
2017-05-09 15:30:38 ::1 GET / - 51722 - ::1 Mozilla/5.0+(Windows+NT+10.0;+Win64;+x64)+AppleWebKit/537.36+(KHTML,+like+Gecko)+Chrome/58.0.3029.96+Safari/537.36 http://localhost:51722/User/LogOn 302 0 0 216
2017-05-09 15:30:40 ::1 GET /Dashboard/ViewDashboard - 51722 - ::1 Mozilla/5.0+(Windows+NT+10.0;+Win64;+x64)+AppleWebKit/537.36+(KHTML,+like+Gecko)+Chrome/58.0.3029.96+Safari/537.36 http://localhost:51722/User/LogOn 200 0 0 921
2017-05-09 15:30:40 ::1 GET /__browserLink/requestData/90ae48bab63c455197007461c0fd8c8d version=2 51722 - ::1 Mozilla/5.0+(Windows+NT+10.0;+Win64;+x64)+AppleWebKit/537.36+(KHTML,+like+Gecko)+Chrome/58.0.3029.96+Safari/537.36 http://localhost:51722/Dashboard/ViewDashboard 200 0 0 141
2017-05-09 15:30:40 ::1 GET /Dashboard/getAjaxTab/1 sDate=null&eDate=null 51722 - ::1 Mozilla/5.0+(Windows+NT+10.0;+Win64;+x64)+AppleWebKit/537.36+(KHTML,+like+Gecko)+Chrome/58.0.3029.96+Safari/537.36 http://localhost:51722/Dashboard/ViewDashboard 200 0 0 380
2017-05-09 15:30:40 ::1 GET /Scripts/v2/easy.pie.chart/jquery.easing.1.3.js _=1494343840607 51722 - ::1 Mozilla/5.0+(Windows+NT+10.0;+Win64;+x64)+AppleWebKit/537.36+(KHTML,+like+Gecko)+Chrome/58.0.3029.96+Safari/537.36 http://localhost:51722/Dashboard/ViewDashboard 200 0 0 7
2017-05-09 15:30:40 ::1 GET /Scripts/v2/easy.pie.chart/jquery.easypiechart.min.js _=1494343840627 51722 - ::1 Mozilla/5.0+(Windows+NT+10.0;+Win64;+x64)+AppleWebKit/537.36+(KHTML,+like+Gecko)+Chrome/58.0.3029.96+Safari/537.36 http://localhost:51722/Dashboard/ViewDashboard 200 0 0 12
2017-05-09 15:30:40 ::1 GET /Scripts/v2/morris.charts/morris.min.js _=1494343840643 51722 - ::1 Mozilla/5.0+(Windows+NT+10.0;+Win64;+x64)+AppleWebKit/537.36+(KHTML,+like+Gecko)+Chrome/58.0.3029.96+Safari/537.36 http://localhost:51722/Dashboard/ViewDashboard 200 0 0 31
2017-05-09 15:30:40 ::1 GET /Scripts/v2/morris.charts/raphael.min.js _=1494343840683 51722 - ::1 Mozilla/5.0+(Windows+NT+10.0;+Win64;+x64)+AppleWebKit/537.36+(KHTML,+like+Gecko)+Chrome/58.0.3029.96+Safari/537.36 http://localhost:51722/Dashboard/ViewDashboard 200 0 0 13
2017-05-09 15:30:41 ::1 GET /Dashboard/GetExpensePostings/ sDate=null&eDate=null 51722 - ::1 Mozilla/5.0+(Windows+NT+10.0;+Win64;+x64)+AppleWebKit/537.36+(KHTML,+like+Gecko)+Chrome/58.0.3029.96+Safari/537.36 http://localhost:51722/Dashboard/ViewDashboard 200 0 0 675
2017-05-09 15:30:41 ::1 GET /Dashboard/GetExpenseTypesAmount/ sDate=null&eDate=null 51722 - ::1 Mozilla/5.0+(Windows+NT+10.0;+Win64;+x64)+AppleWebKit/537.36+(KHTML,+like+Gecko)+Chrome/58.0.3029.96+Safari/537.36 http://localhost:51722/Dashboard/ViewDashboard 200 0 0 1043
2017-05-09 15:30:42 ::1 GET /Dashboard/GetPayMethodsAmount/ sDate=null&eDate=null 51722 - ::1 Mozilla/5.0+(Windows+NT+10.0;+Win64;+x64)+AppleWebKit/537.36+(KHTML,+like+Gecko)+Chrome/58.0.3029.96+Safari/537.36 http://localhost:51722/Dashboard/ViewDashboard 200 0 0 1675
2017-05-09 15:30:42 ::1 GET /Dashboard/GetExpenseApprovals/ sDate=null&eDate=null 51722 - ::1 Mozilla/5.0+(Windows+NT+10.0;+Win64;+x64)+AppleWebKit/537.36+(KHTML,+like+Gecko)+Chrome/58.0.3029.96+Safari/537.36 http://localhost:51722/Dashboard/ViewDashboard 200 0 0 2156
2017-05-09 15:30:42 ::1 GET /Dashboard/GetExpenseSubmissions/ sDate=null&eDate=null 51722 - ::1 Mozilla/5.0+(Windows+NT+10.0;+Win64;+x64)+AppleWebKit/537.36+(KHTML,+like+Gecko)+Chrome/58.0.3029.96+Safari/537.36 http://localhost:51722/Dashboard/ViewDashboard 200 0 0 2528
2017-05-09 15:31:19 ::1 GET /User/LogOff - 51722 - ::1 Mozilla/5.0+(Windows+NT+10.0;+Win64;+x64)+AppleWebKit/537.36+(KHTML,+like+Gecko)+Chrome/58.0.3029.96+Safari/537.36 http://localhost:51722/Dashboard/ViewDashboard 302 0 0 58
2017-05-09 15:31:19 ::1 GET / - 51722 - ::1 Mozilla/5.0+(Windows+NT+10.0;+Win64;+x64)+AppleWebKit/537.36+(KHTML,+like+Gecko)+Chrome/58.0.3029.96+Safari/537.36 http://localhost:51722/Dashboard/ViewDashboard 302 0 0 53
2017-05-09 15:31:22 ::1 GET /User/LogOn - 51722 - ::1 Mozilla/5.0+(Windows+NT+10.0;+Win64;+x64)+AppleWebKit/537.36+(KHTML,+like+Gecko)+Chrome/58.0.3029.96+Safari/537.36 http://localhost:51722/Dashboard/ViewDashboard 200 0 0 2316
#Software: Microsoft Internet Information Services 8.0
#Version: 1.0
#Date: 2017-05-09 15:57:42
#Fields: date time s-ip cs-method cs-uri-stem cs-uri-query s-port cs-username c-ip cs(User-Agent) cs(Referer) sc-status sc-substatus sc-win32-status time-taken
2017-05-09 15:57:42 ::1 GET / - 51722 - ::1 Mozilla/5.0+(Windows+NT+10.0;+Win64;+x64)+AppleWebKit/537.36+(KHTML,+like+Gecko)+Chrome/58.0.3029.96+Safari/537.36 - 302 0 0 37701
2017-05-09 15:57:50 ::1 GET /User/LogOn - 51722 - ::1 Mozilla/5.0+(Windows+NT+10.0;+Win64;+x64)+AppleWebKit/537.36+(KHTML,+like+Gecko)+Chrome/58.0.3029.96+Safari/537.36 - 200 0 0 7715
2017-05-09 15:58:51 ::1 POST /User/LogOn - 51722 - ::1 Mozilla/5.0+(Windows+NT+10.0;+Win64;+x64)+AppleWebKit/537.36+(KHTML,+like+Gecko)+Chrome/58.0.3029.96+Safari/537.36 http://localhost:51722/User/LogOn 200 0 0 61
2017-05-09 15:59:20 ::1 POST /User/LogOn - 51722 - ::1 Mozilla/5.0+(Windows+NT+10.0;+Win64;+x64)+AppleWebKit/537.36+(KHTML,+like+Gecko)+Chrome/58.0.3029.96+Safari/537.36 http://localhost:51722/User/LogOn 200 0 0 19
2017-05-09 15:59:20 ::1 GET /favicon.ico - 51722 - ::1 Mozilla/5.0+(Windows+NT+10.0;+Win64;+x64)+AppleWebKit/537.36+(KHTML,+like+Gecko)+Chrome/58.0.3029.96+Safari/537.36 http://localhost:51722/User/LogOn 200 0 0 35
2017-05-09 15:59:27 ::1 POST /User/LogOn - 51722 - ::1 Mozilla/5.0+(Windows+NT+10.0;+Win64;+x64)+AppleWebKit/537.36+(KHTML,+like+Gecko)+Chrome/58.0.3029.96+Safari/537.36 http://localhost:51722/User/LogOn 200 0 0 1820
2017-05-09 16:01:25 ::1 POST /User/LogOn - 51722 - ::1 Mozilla/5.0+(Windows+NT+10.0;+Win64;+x64)+AppleWebKit/537.36+(KHTML,+like+Gecko)+Chrome/58.0.3029.96+Safari/537.36 http://localhost:51722/User/LogOn 200 0 0 109
2017-05-09 16:01:25 ::1 GET /favicon.ico - 51722 - ::1 Mozilla/5.0+(Windows+NT+10.0;+Win64;+x64)+AppleWebKit/537.36+(KHTML,+like+Gecko)+Chrome/58.0.3029.96+Safari/537.36 http://localhost:51722/User/LogOn 200 0 0 26
2017-05-09 16:01:37 ::1 GET / - 51722 - ::1 Mozilla/5.0+(Windows+NT+10.0;+Win64;+x64)+AppleWebKit/537.36+(KHTML,+like+Gecko)+Chrome/58.0.3029.96+Safari/537.36 - 302 0 0 9
2017-05-09 16:01:37 ::1 GET /User/LogOn - 51722 - ::1 Mozilla/5.0+(Windows+NT+10.0;+Win64;+x64)+AppleWebKit/537.36+(KHTML,+like+Gecko)+Chrome/58.0.3029.96+Safari/537.36 - 200 0 0 20
2017-05-09 16:01:45 ::1 POST /User/LogOn - 51722 - ::1 Mozilla/5.0+(Windows+NT+10.0;+Win64;+x64)+AppleWebKit/537.36+(KHTML,+like+Gecko)+Chrome/58.0.3029.96+Safari/537.36 http://localhost:51722/User/LogOn 200 0 0 382
#Software: Microsoft Internet Information Services 8.0
#Version: 1.0
#Date: 2017-05-09 16:27:01
#Fields: date time s-ip cs-method cs-uri-stem cs-uri-query s-port cs-username c-ip cs(User-Agent) cs(Referer) sc-status sc-substatus sc-win32-status time-taken
2017-05-09 16:27:01 ::1 POST /User/LogOn - 51722 - ::1 Mozilla/5.0+(Windows+NT+10.0;+Win64;+x64)+AppleWebKit/537.36+(KHTML,+like+Gecko)+Chrome/58.0.3029.96+Safari/537.36 http://localhost:51722/User/LogOn 200 0 0 34
2017-05-09 16:27:01 ::1 GET /favicon.ico - 51722 - ::1 Mozilla/5.0+(Windows+NT+10.0;+Win64;+x64)+AppleWebKit/537.36+(KHTML,+like+Gecko)+Chrome/58.0.3029.96+Safari/537.36 http://localhost:51722/User/LogOn 200 0 0 25
2017-05-09 16:28:42 ::1 POST /User/LogOn - 51722 - ::1 Mozilla/5.0+(Windows+NT+10.0;+Win64;+x64)+AppleWebKit/537.36+(KHTML,+like+Gecko)+Chrome/58.0.3029.96+Safari/537.36 http://localhost:51722/User/LogOn 200 0 0 5788
2017-05-09 16:28:42 ::1 GET /favicon.ico - 51722 - ::1 Mozilla/5.0+(Windows+NT+10.0;+Win64;+x64)+AppleWebKit/537.36+(KHTML,+like+Gecko)+Chrome/58.0.3029.96+Safari/537.36 http://localhost:51722/User/LogOn 200 0 0 31
2017-05-09 16:29:53 ::1 GET /User/LogOn - 51722 - ::1 Mozilla/5.0+(Windows+NT+10.0;+Win64;+x64)+AppleWebKit/537.36+(KHTML,+like+Gecko)+Chrome/58.0.3029.96+Safari/537.36 - 200 0 0 1766
2017-05-09 16:31:50 ::1 GET /User/LogOn - 51722 - ::1 Mozilla/5.0+(Windows+NT+10.0;+Win64;+x64)+AppleWebKit/537.36+(KHTML,+like+Gecko)+Chrome/58.0.3029.96+Safari/537.36 - 200 0 0 1902
2017-05-09 16:31:58 ::1 GET /User/LogOnGeneric/ - 51722 - ::1 Mozilla/5.0+(Windows+NT+10.0;+Win64;+x64)+AppleWebKit/537.36+(KHTML,+like+Gecko)+Chrome/58.0.3029.96+Safari/537.36 http://localhost:51722/User/LogOn 200 0 0 910
2017-05-09 16:31:58 ::1 GET /css/login-css v=_9JPOizRK7dJ13VjVBDqShfr002h3da16RNClfsfAFE1 51722 - ::1 Mozilla/5.0+(Windows+NT+10.0;+Win64;+x64)+AppleWebKit/537.36+(KHTML,+like+Gecko)+Chrome/58.0.3029.96+Safari/537.36 http://localhost:51722/User/LogOnGeneric/ 200 0 0 76
2017-05-09 16:31:58 ::1 GET /__browserLink/requestData/b1a75a57debc47eebbf76cfde5d74151 version=2 51722 - ::1 Mozilla/5.0+(Windows+NT+10.0;+Win64;+x64)+AppleWebKit/537.36+(KHTML,+like+Gecko)+Chrome/58.0.3029.96+Safari/537.36 http://localhost:51722/User/LogOnGeneric/ 200 0 0 51
