#Software: Microsoft Internet Information Services 8.0
#Version: 1.0
#Date: 2018-05-16 09:26:16
#Fields: date time s-ip cs-method cs-uri-stem cs-uri-query s-port cs-username c-ip cs(User-Agent) cs(Referer) sc-status sc-substatus sc-win32-status time-taken
2018-05-16 09:26:16 ::1 GET / - 51722 - ::1 Mozilla/5.0+(Windows+NT+10.0;+Win64;+x64)+AppleWebKit/537.36+(KHTML,+like+Gecko)+Chrome/66.0.3359.170+Safari/537.36 - 302 0 0 67523
2018-05-16 09:26:20 ::1 GET /User/LogOn - 51722 - ::1 Mozilla/5.0+(Windows+NT+10.0;+Win64;+x64)+AppleWebKit/537.36+(KHTML,+like+Gecko)+Chrome/66.0.3359.170+Safari/537.36 - 200 0 0 4076
2018-05-16 09:26:20 ::1 GET /User/assets/pages/img/login/bg1.jpg - 51722 - ::1 Mozilla/5.0+(Windows+NT+10.0;+Win64;+x64)+AppleWebKit/537.36+(KHTML,+like+Gecko)+Chrome/66.0.3359.170+Safari/537.36 http://localhost:51722/User/LogOn 404 0 2 8
2018-05-16 09:34:52 ::1 POST /User/LogOn - 51722 - ::1 Mozilla/5.0+(Windows+NT+10.0;+Win64;+x64)+AppleWebKit/537.36+(KHTML,+like+Gecko)+Chrome/66.0.3359.170+Safari/537.36 http://localhost:51722/User/LogOn 302 0 0 35085
2018-05-16 09:35:19 ::1 GET / - 51722 qcemployee7.gorilla@gmail.com ::1 Mozilla/5.0+(Windows+NT+10.0;+Win64;+x64)+AppleWebKit/537.36+(KHTML,+like+Gecko)+Chrome/66.0.3359.170+Safari/537.36 http://localhost:51722/User/LogOn 200 0 0 27286
2018-05-16 09:36:07 ::1 GET /ReceiptBox - 51722 qcemployee7.gorilla@gmail.com ::1 Mozilla/5.0+(Windows+NT+10.0;+Win64;+x64)+AppleWebKit/537.36+(KHTML,+like+Gecko)+Chrome/66.0.3359.170+Safari/537.36 http://localhost:51722/ 200 0 0 9169
2018-05-16 09:36:13 ::1 GET /ReceiptBox/GetScanningStatusbulk/ - 51722 qcemployee7.gorilla@gmail.com ::1 Mozilla/5.0+(Windows+NT+10.0;+Win64;+x64)+AppleWebKit/537.36+(KHTML,+like+Gecko)+Chrome/66.0.3359.170+Safari/537.36 http://localhost:51722/ReceiptBox 200 0 0 4837
2018-05-16 09:36:38 ::1 GET /Scripts/jquery.qtip.min.map - 51722 - ::1 Mozilla/5.0+(Windows+NT+10.0;+Win64;+x64)+AppleWebKit/537.36+(KHTML,+like+Gecko)+Chrome/66.0.3359.170+Safari/537.36 - 404 0 2 4
2018-05-16 09:36:51 ::1 GET /ReceiptBox/Index/ page=1&NumberOfRecords=NaN&currentTab=0&day=30 51722 qcemployee7.gorilla@gmail.com ::1 Mozilla/5.0+(Windows+NT+10.0;+Win64;+x64)+AppleWebKit/537.36+(KHTML,+like+Gecko)+Chrome/66.0.3359.170+Safari/537.36 http://localhost:51722/ReceiptBox 200 0 0 8201
2018-05-16 09:36:54 ::1 GET /ReceiptBox/GetScanningStatusbulk/ - 51722 qcemployee7.gorilla@gmail.com ::1 Mozilla/5.0+(Windows+NT+10.0;+Win64;+x64)+AppleWebKit/537.36+(KHTML,+like+Gecko)+Chrome/66.0.3359.170+Safari/537.36 http://localhost:51722/ReceiptBox 200 0 0 2539
2018-05-16 09:37:11 ::1 GET /ReceiptBox/Index/ page=1&NumberOfRecords=NaN&currentTab=0&day=30 51722 qcemployee7.gorilla@gmail.com ::1 Mozilla/5.0+(Windows+NT+10.0;+Win64;+x64)+AppleWebKit/537.36+(KHTML,+like+Gecko)+Chrome/66.0.3359.170+Safari/537.36 http://localhost:51722/ReceiptBox 200 0 0 9380
2018-05-16 09:37:14 ::1 GET /ReceiptBox/GetScanningStatusbulk/ - 51722 qcemployee7.gorilla@gmail.com ::1 Mozilla/5.0+(Windows+NT+10.0;+Win64;+x64)+AppleWebKit/537.36+(KHTML,+like+Gecko)+Chrome/66.0.3359.170+Safari/537.36 http://localhost:51722/ReceiptBox 200 0 0 2369
2018-05-16 09:37:31 ::1 GET /ReceiptBox/Index/ page=1&NumberOfRecords=NaN&currentTab=0&day=30 51722 qcemployee7.gorilla@gmail.com ::1 Mozilla/5.0+(Windows+NT+10.0;+Win64;+x64)+AppleWebKit/537.36+(KHTML,+like+Gecko)+Chrome/66.0.3359.170+Safari/537.36 http://localhost:51722/ReceiptBox 200 0 0 7018
2018-05-16 09:37:33 ::1 GET /ReceiptBox/GetScanningStatusbulk/ - 51722 qcemployee7.gorilla@gmail.com ::1 Mozilla/5.0+(Windows+NT+10.0;+Win64;+x64)+AppleWebKit/537.36+(KHTML,+like+Gecko)+Chrome/66.0.3359.170+Safari/537.36 http://localhost:51722/ReceiptBox 200 0 0 2262
2018-05-16 09:38:17 ::1 GET /ReceiptBox/Index/ page=1&NumberOfRecords=NaN&currentTab=0&day=30 51722 qcemployee7.gorilla@gmail.com ::1 Mozilla/5.0+(Windows+NT+10.0;+Win64;+x64)+AppleWebKit/537.36+(KHTML,+like+Gecko)+Chrome/66.0.3359.170+Safari/537.36 http://localhost:51722/ReceiptBox 200 0 0 10368
2018-05-16 09:38:20 ::1 GET /ReceiptBox/GetScanningStatusbulk/ - 51722 qcemployee7.gorilla@gmail.com ::1 Mozilla/5.0+(Windows+NT+10.0;+Win64;+x64)+AppleWebKit/537.36+(KHTML,+like+Gecko)+Chrome/66.0.3359.170+Safari/537.36 http://localhost:51722/ReceiptBox 200 0 0 2432
2018-05-16 09:38:46 ::1 GET /Scripts/jquery.qtip.min.map - 51722 - ::1 Mozilla/5.0+(Windows+NT+10.0;+Win64;+x64)+AppleWebKit/537.36+(KHTML,+like+Gecko)+Chrome/66.0.3359.170+Safari/537.36 - 404 0 2 6
2018-05-16 09:38:46 ::1 GET /Scripts/jquery.qtip.min.map - 51722 - ::1 Mozilla/5.0+(Windows+NT+10.0;+Win64;+x64)+AppleWebKit/537.36+(KHTML,+like+Gecko)+Chrome/66.0.3359.170+Safari/537.36 - 404 0 2 6
2018-05-16 09:39:43 ::1 GET /ReceiptBox/Index/ page=1&NumberOfRecords=NaN&currentTab=0&day=30 51722 qcemployee7.gorilla@gmail.com ::1 Mozilla/5.0+(Windows+NT+10.0;+Win64;+x64)+AppleWebKit/537.36+(KHTML,+like+Gecko)+Chrome/66.0.3359.170+Safari/537.36 http://localhost:51722/ReceiptBox 200 0 0 46762
2018-05-16 09:39:43 ::1 GET /Scripts/jquery.qtip.min.map - 51722 - ::1 Mozilla/5.0+(Windows+NT+10.0;+Win64;+x64)+AppleWebKit/537.36+(KHTML,+like+Gecko)+Chrome/66.0.3359.170+Safari/537.36 - 404 0 2 12
2018-05-16 09:39:43 ::1 GET /Scripts/jquery.qtip.min.map - 51722 - ::1 Mozilla/5.0+(Windows+NT+10.0;+Win64;+x64)+AppleWebKit/537.36+(KHTML,+like+Gecko)+Chrome/66.0.3359.170+Safari/537.36 - 404 0 2 28
2018-05-16 09:39:43 ::1 GET /Scripts/jquery.qtip.min.map - 51722 - ::1 Mozilla/5.0+(Windows+NT+10.0;+Win64;+x64)+AppleWebKit/537.36+(KHTML,+like+Gecko)+Chrome/66.0.3359.170+Safari/537.36 - 404 0 2 12
2018-05-16 09:39:47 ::1 GET /ReceiptBox/GetScanningStatusbulk/ - 51722 qcemployee7.gorilla@gmail.com ::1 Mozilla/5.0+(Windows+NT+10.0;+Win64;+x64)+AppleWebKit/537.36+(KHTML,+like+Gecko)+Chrome/66.0.3359.170+Safari/537.36 http://localhost:51722/ReceiptBox 200 0 0 2408
#Software: Microsoft Internet Information Services 8.0
#Version: 1.0
#Date: 2018-05-16 09:52:18
#Fields: date time s-ip cs-method cs-uri-stem cs-uri-query s-port cs-username c-ip cs(User-Agent) cs(Referer) sc-status sc-substatus sc-win32-status time-taken
2018-05-16 09:52:18 ::1 GET /ReceiptBox/UnAttachedReciepts - 51722 qcemployee7.gorilla@gmail.com ::1 Mozilla/5.0+(Windows+NT+10.0;+Win64;+x64)+AppleWebKit/537.36+(KHTML,+like+Gecko)+Chrome/66.0.3359.170+Safari/537.36 - 302 0 0 42123
2018-05-16 09:52:50 ::1 GET /Error/NotFound aspxerrorpath=/ReceiptBox/UnAttachedReciepts 51722 qcemployee7.gorilla@gmail.com ::1 Mozilla/5.0+(Windows+NT+10.0;+Win64;+x64)+AppleWebKit/537.36+(KHTML,+like+Gecko)+Chrome/66.0.3359.170+Safari/537.36 - 302 0 64 31623
2018-05-16 09:52:50 ::1 GET /User/LogOn - 51722 qcemployee7.gorilla@gmail.com ::1 Mozilla/5.0+(Windows+NT+10.0;+Win64;+x64)+AppleWebKit/537.36+(KHTML,+like+Gecko)+Chrome/66.0.3359.170+Safari/537.36 - 200 0 0 25920
2018-05-16 09:52:51 ::1 GET /User/assets/pages/img/login/bg1.jpg - 51722 - ::1 Mozilla/5.0+(Windows+NT+10.0;+Win64;+x64)+AppleWebKit/537.36+(KHTML,+like+Gecko)+Chrome/66.0.3359.170+Safari/537.36 http://localhost:51722/User/LogOn 404 0 2 13
2018-05-16 09:53:38 ::1 POST /User/LogOn - 51722 qcemployee7.gorilla@gmail.com ::1 Mozilla/5.0+(Windows+NT+10.0;+Win64;+x64)+AppleWebKit/537.36+(KHTML,+like+Gecko)+Chrome/66.0.3359.170+Safari/537.36 http://localhost:51722/User/LogOn 302 0 0 31067
2018-05-16 09:53:59 ::1 GET / - 51722 qcemployee7.gorilla@gmail.com ::1 Mozilla/5.0+(Windows+NT+10.0;+Win64;+x64)+AppleWebKit/537.36+(KHTML,+like+Gecko)+Chrome/66.0.3359.170+Safari/537.36 http://localhost:51722/User/LogOn 200 0 0 21307
2018-05-16 09:54:21 ::1 GET /ReceiptBox - 51722 qcemployee7.gorilla@gmail.com ::1 Mozilla/5.0+(Windows+NT+10.0;+Win64;+x64)+AppleWebKit/537.36+(KHTML,+like+Gecko)+Chrome/66.0.3359.170+Safari/537.36 http://localhost:51722/ 200 0 0 13943
2018-05-16 09:54:25 ::1 GET /ReceiptBox/GetScanningStatusbulk/ - 51722 qcemployee7.gorilla@gmail.com ::1 Mozilla/5.0+(Windows+NT+10.0;+Win64;+x64)+AppleWebKit/537.36+(KHTML,+like+Gecko)+Chrome/66.0.3359.170+Safari/537.36 http://localhost:51722/ReceiptBox 200 0 0 4025
2018-05-16 09:54:35 ::1 GET /ReceiptBox/UploadImage - 51722 qcemployee7.gorilla@gmail.com ::1 Mozilla/5.0+(Windows+NT+10.0;+Win64;+x64)+AppleWebKit/537.36+(KHTML,+like+Gecko)+Chrome/66.0.3359.170+Safari/537.36 http://localhost:51722/ReceiptBox 200 0 0 191
2018-05-16 09:56:02 ::1 POST /ReceiptBox/UploadReceiptInBox - 51722 qcemployee7.gorilla@gmail.com ::1 Mozilla/5.0+(Windows+NT+10.0;+Win64;+x64)+AppleWebKit/537.36+(KHTML,+like+Gecko)+Chrome/66.0.3359.170+Safari/537.36 http://localhost:51722/ReceiptBox/UploadImage 200 0 0 10838
2018-05-16 09:56:32 ::1 GET /ReceiptBox page=0&NumberOfRecords=25&currentTab=0&day=30 51722 qcemployee7.gorilla@gmail.com ::1 Mozilla/5.0+(Windows+NT+10.0;+Win64;+x64)+AppleWebKit/537.36+(KHTML,+like+Gecko)+Chrome/66.0.3359.170+Safari/537.36 http://localhost:51722/ReceiptBox 200 0 0 12475
2018-05-16 09:57:35 ::1 GET /ReceiptBox/GetScanningStatusbulk/ - 51722 qcemployee7.gorilla@gmail.com ::1 Mozilla/5.0+(Windows+NT+10.0;+Win64;+x64)+AppleWebKit/537.36+(KHTML,+like+Gecko)+Chrome/66.0.3359.170+Safari/537.36 http://localhost:51722/ReceiptBox?page=0&NumberOfRecords=25&currentTab=0&day=30 500 0 0 62591
2018-05-16 09:57:55 ::1 GET /ReceiptBox/Index/ page=1&NumberOfRecords=NaN&currentTab=0&day=30 51722 qcemployee7.gorilla@gmail.com ::1 Mozilla/5.0+(Windows+NT+10.0;+Win64;+x64)+AppleWebKit/537.36+(KHTML,+like+Gecko)+Chrome/66.0.3359.170+Safari/537.36 http://localhost:51722/ReceiptBox?page=0&NumberOfRecords=25&currentTab=0&day=30 200 0 0 6929
2018-05-16 09:57:59 ::1 GET /ReceiptBox/GetScanningStatusbulk/ - 51722 qcemployee7.gorilla@gmail.com ::1 Mozilla/5.0+(Windows+NT+10.0;+Win64;+x64)+AppleWebKit/537.36+(KHTML,+like+Gecko)+Chrome/66.0.3359.170+Safari/537.36 http://localhost:51722/ReceiptBox?page=0&NumberOfRecords=25&currentTab=0&day=30 200 0 0 3291
2018-05-16 09:58:13 ::1 GET /ReceiptBox/Index/ page=1&NumberOfRecords=NaN&currentTab=0&day=30 51722 qcemployee7.gorilla@gmail.com ::1 Mozilla/5.0+(Windows+NT+10.0;+Win64;+x64)+AppleWebKit/537.36+(KHTML,+like+Gecko)+Chrome/66.0.3359.170+Safari/537.36 http://localhost:51722/ReceiptBox?page=0&NumberOfRecords=25&currentTab=0&day=30 200 0 0 6642
2018-05-16 09:58:16 ::1 GET /ReceiptBox/GetScanningStatusbulk/ - 51722 qcemployee7.gorilla@gmail.com ::1 Mozilla/5.0+(Windows+NT+10.0;+Win64;+x64)+AppleWebKit/537.36+(KHTML,+like+Gecko)+Chrome/66.0.3359.170+Safari/537.36 http://localhost:51722/ReceiptBox?page=0&NumberOfRecords=25&currentTab=0&day=30 200 0 0 2627
2018-05-16 10:04:55 ::1 GET /User/LogOn - 51722 qcemployee7.gorilla@gmail.com ::1 Mozilla/5.0+(Windows+NT+10.0;+Win64;+x64)+AppleWebKit/537.36+(KHTML,+like+Gecko)+Chrome/66.0.3359.170+Safari/537.36 http://localhost:51722/ReceiptBox?page=0&NumberOfRecords=25&currentTab=0&day=30 302 0 0 2409
2018-05-16 10:05:17 ::1 GET / - 51722 qcemployee7.gorilla@gmail.com ::1 Mozilla/5.0+(Windows+NT+10.0;+Win64;+x64)+AppleWebKit/537.36+(KHTML,+like+Gecko)+Chrome/66.0.3359.170+Safari/537.36 http://localhost:51722/ReceiptBox?page=0&NumberOfRecords=25&currentTab=0&day=30 200 0 0 21406
2018-05-16 10:06:18 ::1 GET /User/LogOn - 51722 qcemployee7.gorilla@gmail.com ::1 Mozilla/5.0+(Windows+NT+10.0;+Win64;+x64)+AppleWebKit/537.36+(KHTML,+like+Gecko)+Chrome/66.0.3359.170+Safari/537.36 http://localhost:51722/ReceiptBox?page=0&NumberOfRecords=25&currentTab=0&day=30 302 0 0 2353
2018-05-16 10:06:36 ::1 GET / - 51722 qcemployee7.gorilla@gmail.com ::1 Mozilla/5.0+(Windows+NT+10.0;+Win64;+x64)+AppleWebKit/537.36+(KHTML,+like+Gecko)+Chrome/66.0.3359.170+Safari/537.36 http://localhost:51722/ReceiptBox?page=0&NumberOfRecords=25&currentTab=0&day=30 200 0 0 18158
2018-05-16 10:06:39 ::1 GET /User/LogOn - 51722 qcemployee7.gorilla@gmail.com ::1 Mozilla/5.0+(Windows+NT+10.0;+Win64;+x64)+AppleWebKit/537.36+(KHTML,+like+Gecko)+Chrome/66.0.3359.170+Safari/537.36 http://localhost:51722/ReceiptBox?page=0&NumberOfRecords=25&currentTab=0&day=30 302 0 0 5364
2018-05-16 10:06:58 ::1 GET / - 51722 qcemployee7.gorilla@gmail.com ::1 Mozilla/5.0+(Windows+NT+10.0;+Win64;+x64)+AppleWebKit/537.36+(KHTML,+like+Gecko)+Chrome/66.0.3359.170+Safari/537.36 http://localhost:51722/ReceiptBox?page=0&NumberOfRecords=25&currentTab=0&day=30 200 0 0 19224
2018-05-16 10:11:27 ::1 GET /ReceiptBox/UploadImage - 51722 qcemployee7.gorilla@gmail.com ::1 Mozilla/5.0+(Windows+NT+10.0;+Win64;+x64)+AppleWebKit/537.36+(KHTML,+like+Gecko)+Chrome/66.0.3359.170+Safari/537.36 http://localhost:51722/ReceiptBox?page=0&NumberOfRecords=25&currentTab=0&day=30 200 0 0 45
2018-05-16 10:13:15 ::1 GET /User/LogOn - 51722 qcemployee7.gorilla@gmail.com ::1 Mozilla/5.0+(Windows+NT+10.0;+Win64;+x64)+AppleWebKit/537.36+(KHTML,+like+Gecko)+Chrome/66.0.3359.170+Safari/537.36 http://localhost:51722/ReceiptBox?page=0&NumberOfRecords=25&currentTab=0&day=30 302 0 0 2461
2018-05-16 10:13:44 ::1 GET / - 51722 qcemployee7.gorilla@gmail.com ::1 Mozilla/5.0+(Windows+NT+10.0;+Win64;+x64)+AppleWebKit/537.36+(KHTML,+like+Gecko)+Chrome/66.0.3359.170+Safari/537.36 http://localhost:51722/ReceiptBox?page=0&NumberOfRecords=25&currentTab=0&day=30 200 0 0 29175
2018-05-16 10:14:38 ::1 GET /User/LogOn - 51722 qcemployee7.gorilla@gmail.com ::1 Mozilla/5.0+(Windows+NT+10.0;+Win64;+x64)+AppleWebKit/537.36+(KHTML,+like+Gecko)+Chrome/66.0.3359.170+Safari/537.36 http://localhost:51722/ReceiptBox?page=0&NumberOfRecords=25&currentTab=0&day=30 302 0 0 2580
2018-05-16 10:14:59 ::1 GET / - 51722 qcemployee7.gorilla@gmail.com ::1 Mozilla/5.0+(Windows+NT+10.0;+Win64;+x64)+AppleWebKit/537.36+(KHTML,+like+Gecko)+Chrome/66.0.3359.170+Safari/537.36 http://localhost:51722/ReceiptBox?page=0&NumberOfRecords=25&currentTab=0&day=30 200 0 0 20952
2018-05-16 10:15:02 ::1 GET /User/LogOn - 51722 qcemployee7.gorilla@gmail.com ::1 Mozilla/5.0+(Windows+NT+10.0;+Win64;+x64)+AppleWebKit/537.36+(KHTML,+like+Gecko)+Chrome/66.0.3359.170+Safari/537.36 http://localhost:51722/ReceiptBox?page=0&NumberOfRecords=25&currentTab=0&day=30 302 0 0 8393
2018-05-16 10:15:22 ::1 GET / - 51722 qcemployee7.gorilla@gmail.com ::1 Mozilla/5.0+(Windows+NT+10.0;+Win64;+x64)+AppleWebKit/537.36+(KHTML,+like+Gecko)+Chrome/66.0.3359.170+Safari/537.36 http://localhost:51722/ReceiptBox?page=0&NumberOfRecords=25&currentTab=0&day=30 200 0 0 19805
2018-05-16 10:22:06 ::1 GET /User/LogOn - 51722 - ::1 Mozilla/5.0+(Windows+NT+10.0;+Win64;+x64)+AppleWebKit/537.36+(KHTML,+like+Gecko)+Chrome/66.0.3359.170+Safari/537.36 http://localhost:51722/ReceiptBox?page=0&NumberOfRecords=25&currentTab=0&day=30 500 22 50 33297
2018-05-16 10:23:00 ::1 GET /User/LogOn - 51722 - ::1 Mozilla/5.0+(Windows+NT+10.0;+Win64;+x64)+AppleWebKit/537.36+(KHTML,+like+Gecko)+Chrome/66.0.3359.170+Safari/537.36 http://localhost:51722/ReceiptBox?page=0&NumberOfRecords=25&currentTab=0&day=30 500 22 50 1895
2018-05-16 10:26:46 ::1 GET /User/LogOut - 51722 - ::1 Mozilla/5.0+(Windows+NT+10.0;+Win64;+x64)+AppleWebKit/537.36+(KHTML,+like+Gecko)+Chrome/66.0.3359.170+Safari/537.36 http://localhost:51722/ReceiptBox?page=0&NumberOfRecords=25&currentTab=0&day=30 500 0 64 3180
2018-05-16 10:26:46 ::1 GET /User/LogOut - 51722 - ::1 Mozilla/5.0+(Windows+NT+10.0;+Win64;+x64)+AppleWebKit/537.36+(KHTML,+like+Gecko)+Chrome/66.0.3359.170+Safari/537.36 http://localhost:51722/ReceiptBox?page=0&NumberOfRecords=25&currentTab=0&day=30 500 0 64 15195
2018-05-16 10:26:46 ::1 GET /User/LogOut - 51722 - ::1 Mozilla/5.0+(Windows+NT+10.0;+Win64;+x64)+AppleWebKit/537.36+(KHTML,+like+Gecko)+Chrome/66.0.3359.170+Safari/537.36 http://localhost:51722/ReceiptBox?page=0&NumberOfRecords=25&currentTab=0&day=30 500 0 64 19115
2018-05-16 10:26:46 ::1 GET /User/LogOut - 51722 - ::1 Mozilla/5.0+(Windows+NT+10.0;+Win64;+x64)+AppleWebKit/537.36+(KHTML,+like+Gecko)+Chrome/66.0.3359.170+Safari/537.36 http://localhost:51722/ReceiptBox?page=0&NumberOfRecords=25&currentTab=0&day=30 500 0 64 13189
2018-05-16 10:26:46 ::1 GET /User/LogOut - 51722 - ::1 Mozilla/5.0+(Windows+NT+10.0;+Win64;+x64)+AppleWebKit/537.36+(KHTML,+like+Gecko)+Chrome/66.0.3359.170+Safari/537.36 http://localhost:51722/ReceiptBox?page=0&NumberOfRecords=25&currentTab=0&day=30 500 0 64 5192
2018-05-16 10:26:46 ::1 GET /User/LogOut - 51722 - ::1 Mozilla/5.0+(Windows+NT+10.0;+Win64;+x64)+AppleWebKit/537.36+(KHTML,+like+Gecko)+Chrome/66.0.3359.170+Safari/537.36 http://localhost:51722/ReceiptBox?page=0&NumberOfRecords=25&currentTab=0&day=30 500 0 64 9137
2018-05-16 10:26:46 ::1 GET /User/LogOut - 51722 - ::1 Mozilla/5.0+(Windows+NT+10.0;+Win64;+x64)+AppleWebKit/537.36+(KHTML,+like+Gecko)+Chrome/66.0.3359.170+Safari/537.36 http://localhost:51722/ReceiptBox?page=0&NumberOfRecords=25&currentTab=0&day=30 500 0 64 7198
2018-05-16 10:26:46 ::1 GET /User/LogOut - 51722 - ::1 Mozilla/5.0+(Windows+NT+10.0;+Win64;+x64)+AppleWebKit/537.36+(KHTML,+like+Gecko)+Chrome/66.0.3359.170+Safari/537.36 http://localhost:51722/ReceiptBox?page=0&NumberOfRecords=25&currentTab=0&day=30 500 0 64 17153
2018-05-16 10:26:46 ::1 GET /User/LogOut - 51722 - ::1 Mozilla/5.0+(Windows+NT+10.0;+Win64;+x64)+AppleWebKit/537.36+(KHTML,+like+Gecko)+Chrome/66.0.3359.170+Safari/537.36 http://localhost:51722/ReceiptBox?page=0&NumberOfRecords=25&currentTab=0&day=30 500 0 64 11113
2018-05-16 10:26:46 ::1 GET /User/LogOut - 51722 - ::1 Mozilla/5.0+(Windows+NT+10.0;+Win64;+x64)+AppleWebKit/537.36+(KHTML,+like+Gecko)+Chrome/66.0.3359.170+Safari/537.36 http://localhost:51722/ReceiptBox?page=0&NumberOfRecords=25&currentTab=0&day=30 500 0 0 1197
#Software: Microsoft Internet Information Services 8.0
#Version: 1.0
#Date: 2018-05-16 12:55:26
#Fields: date time s-ip cs-method cs-uri-stem cs-uri-query s-port cs-username c-ip cs(User-Agent) cs(Referer) sc-status sc-substatus sc-win32-status time-taken
2018-05-16 12:55:26 ::1 GET / - 51722 - ::1 Mozilla/5.0+(Windows+NT+10.0;+Win64;+x64)+AppleWebKit/537.36+(KHTML,+like+Gecko)+Chrome/66.0.3359.170+Safari/537.36 - 500 22 50 33229
#Software: Microsoft Internet Information Services 8.0
#Version: 1.0
#Date: 2018-05-16 13:00:59
#Fields: date time s-ip cs-method cs-uri-stem cs-uri-query s-port cs-username c-ip cs(User-Agent) cs(Referer) sc-status sc-substatus sc-win32-status time-taken
2018-05-16 13:00:59 ::1 GET / - 51722 - ::1 Mozilla/5.0+(Windows+NT+10.0;+Win64;+x64)+AppleWebKit/537.36+(KHTML,+like+Gecko)+Chrome/66.0.3359.170+Safari/537.36 - 500 0 0 36375
#Software: Microsoft Internet Information Services 8.0
#Version: 1.0
#Date: 2018-05-16 13:53:23
#Fields: date time s-ip cs-method cs-uri-stem cs-uri-query s-port cs-username c-ip cs(User-Agent) cs(Referer) sc-status sc-substatus sc-win32-status time-taken
2018-05-16 13:53:22 ::1 GET /ReceiptBox/UnAttachedReciepts - 51722 - ::1 Mozilla/5.0+(Windows+NT+10.0;+Win64;+x64)+AppleWebKit/537.36+(KHTML,+like+Gecko)+Chrome/66.0.3359.170+Safari/537.36 - 500 0 0 48917
#Software: Microsoft Internet Information Services 8.0
#Version: 1.0
#Date: 2018-05-16 14:04:13
#Fields: date time s-ip cs-method cs-uri-stem cs-uri-query s-port cs-username c-ip cs(User-Agent) cs(Referer) sc-status sc-substatus sc-win32-status time-taken
2018-05-16 14:04:13 ::1 GET /ReceiptBox/UnAttachedReciepts - 51722 - ::1 Mozilla/5.0+(Windows+NT+10.0;+Win64;+x64)+AppleWebKit/537.36+(KHTML,+like+Gecko)+Chrome/66.0.3359.170+Safari/537.36 - 500 0 0 20433
#Software: Microsoft Internet Information Services 8.0
#Version: 1.0
#Date: 2018-05-16 14:20:39
#Fields: date time s-ip cs-method cs-uri-stem cs-uri-query s-port cs-username c-ip cs(User-Agent) cs(Referer) sc-status sc-substatus sc-win32-status time-taken
2018-05-16 14:20:39 ::1 GET / - 51722 - ::1 Mozilla/5.0+(Windows+NT+10.0;+Win64;+x64)+AppleWebKit/537.36+(KHTML,+like+Gecko)+Chrome/66.0.3359.181+Safari/537.36 - 302 0 0 94802
2018-05-16 14:21:14 ::1 GET /User/LogOn - 51722 - ::1 Mozilla/5.0+(Windows+NT+10.0;+Win64;+x64)+AppleWebKit/537.36+(KHTML,+like+Gecko)+Chrome/66.0.3359.181+Safari/537.36 - 200 0 0 34877
2018-05-16 14:21:14 ::1 GET /User/assets/pages/img/login/bg1.jpg - 51722 - ::1 Mozilla/5.0+(Windows+NT+10.0;+Win64;+x64)+AppleWebKit/537.36+(KHTML,+like+Gecko)+Chrome/66.0.3359.181+Safari/537.36 http://localhost:51722/User/LogOn 404 0 2 77
2018-05-16 14:22:43 ::1 POST /User/LogOn - 51722 - ::1 Mozilla/5.0+(Windows+NT+10.0;+Win64;+x64)+AppleWebKit/537.36+(KHTML,+like+Gecko)+Chrome/66.0.3359.181+Safari/537.36 http://localhost:51722/User/LogOn 302 0 0 36584
2018-05-16 14:23:34 ::1 GET / - 51722 qcemployee7.gorilla@gmail.com ::1 Mozilla/5.0+(Windows+NT+10.0;+Win64;+x64)+AppleWebKit/537.36+(KHTML,+like+Gecko)+Chrome/66.0.3359.181+Safari/537.36 http://localhost:51722/User/LogOn 200 0 0 51136
2018-05-16 14:23:34 ::1 GET /css/SiteLayoutPageForMasters-css v=tYCFPUvfhMe1vmZxcbcDA87hINYJdoZqWZmrS9VAazU1 51722 qcemployee7.gorilla@gmail.com ::1 Mozilla/5.0+(Windows+NT+10.0;+Win64;+x64)+AppleWebKit/537.36+(KHTML,+like+Gecko)+Chrome/66.0.3359.181+Safari/537.36 http://localhost:51722/ 200 0 0 43
2018-05-16 14:23:34 ::1 GET /Scripts/SiteLayoutPageForMasters-js v=NMauVSy_gT5RAxxlGvKHHiQU4fD1J3tKXjMwy7O32kM1 51722 qcemployee7.gorilla@gmail.com ::1 Mozilla/5.0+(Windows+NT+10.0;+Win64;+x64)+AppleWebKit/537.36+(KHTML,+like+Gecko)+Chrome/66.0.3359.181+Safari/537.36 http://localhost:51722/ 200 0 0 185
2018-05-16 14:24:12 ::1 GET /ReceiptBox - 51722 qcemployee7.gorilla@gmail.com ::1 Mozilla/5.0+(Windows+NT+10.0;+Win64;+x64)+AppleWebKit/537.36+(KHTML,+like+Gecko)+Chrome/66.0.3359.181+Safari/537.36 http://localhost:51722/ 200 0 0 16074
2018-05-16 14:24:24 ::1 GET /ReceiptBox/GetScanningStatusbulk/ - 51722 qcemployee7.gorilla@gmail.com ::1 Mozilla/5.0+(Windows+NT+10.0;+Win64;+x64)+AppleWebKit/537.36+(KHTML,+like+Gecko)+Chrome/66.0.3359.181+Safari/537.36 http://localhost:51722/ReceiptBox 200 0 0 10811
2018-05-16 14:24:38 ::1 GET /ReceiptBox/UploadImage - 51722 qcemployee7.gorilla@gmail.com ::1 Mozilla/5.0+(Windows+NT+10.0;+Win64;+x64)+AppleWebKit/537.36+(KHTML,+like+Gecko)+Chrome/66.0.3359.181+Safari/537.36 http://localhost:51722/ReceiptBox 200 0 0 107
2018-05-16 14:25:09 ::1 POST /ReceiptBox/UploadReceiptInBox - 51722 qcemployee7.gorilla@gmail.com ::1 Mozilla/5.0+(Windows+NT+10.0;+Win64;+x64)+AppleWebKit/537.36+(KHTML,+like+Gecko)+Chrome/66.0.3359.181+Safari/537.36 http://localhost:51722/ReceiptBox/UploadImage 200 0 0 6825
2018-05-16 14:25:19 ::1 GET /ReceiptBox page=0&NumberOfRecords=25&currentTab=0&day=30 51722 qcemployee7.gorilla@gmail.com ::1 Mozilla/5.0+(Windows+NT+10.0;+Win64;+x64)+AppleWebKit/537.36+(KHTML,+like+Gecko)+Chrome/66.0.3359.181+Safari/537.36 http://localhost:51722/ReceiptBox 200 0 0 6392
2018-05-16 14:25:24 ::1 GET /ReceiptBox/GetScanningStatusbulk/ - 51722 qcemployee7.gorilla@gmail.com ::1 Mozilla/5.0+(Windows+NT+10.0;+Win64;+x64)+AppleWebKit/537.36+(KHTML,+like+Gecko)+Chrome/66.0.3359.181+Safari/537.36 http://localhost:51722/ReceiptBox?page=0&NumberOfRecords=25&currentTab=0&day=30 200 0 0 4582
2018-05-16 14:25:42 ::1 GET /ReceiptBox/Index/ page=1&NumberOfRecords=NaN&currentTab=0&day=30 51722 qcemployee7.gorilla@gmail.com ::1 Mozilla/5.0+(Windows+NT+10.0;+Win64;+x64)+AppleWebKit/537.36+(KHTML,+like+Gecko)+Chrome/66.0.3359.181+Safari/537.36 http://localhost:51722/ReceiptBox?page=0&NumberOfRecords=25&currentTab=0&day=30 200 0 0 6764
2018-05-16 14:26:09 ::1 GET /ReceiptBox/GetScanningStatusbulk/ - 51722 qcemployee7.gorilla@gmail.com ::1 Mozilla/5.0+(Windows+NT+10.0;+Win64;+x64)+AppleWebKit/537.36+(KHTML,+like+Gecko)+Chrome/66.0.3359.181+Safari/537.36 http://localhost:51722/ReceiptBox?page=0&NumberOfRecords=25&currentTab=0&day=30 200 0 0 26404
2018-05-16 14:26:48 ::1 GET /ReceiptBox/Index/ page=1&NumberOfRecords=NaN&currentTab=0&day=30 51722 qcemployee7.gorilla@gmail.com ::1 Mozilla/5.0+(Windows+NT+10.0;+Win64;+x64)+AppleWebKit/537.36+(KHTML,+like+Gecko)+Chrome/66.0.3359.181+Safari/537.36 http://localhost:51722/ReceiptBox?page=0&NumberOfRecords=25&currentTab=0&day=30 200 0 0 5848
2018-05-16 14:26:54 ::1 GET /ReceiptBox/GetScanningStatusbulk/ - 51722 qcemployee7.gorilla@gmail.com ::1 Mozilla/5.0+(Windows+NT+10.0;+Win64;+x64)+AppleWebKit/537.36+(KHTML,+like+Gecko)+Chrome/66.0.3359.181+Safari/537.36 http://localhost:51722/ReceiptBox?page=0&NumberOfRecords=25&currentTab=0&day=30 200 0 0 5517
2018-05-16 14:27:30 ::1 GET /Scripts/jquery.qtip.min.map - 51722 - ::1 Mozilla/5.0+(Windows+NT+10.0;+Win64;+x64)+AppleWebKit/537.36+(KHTML,+like+Gecko)+Chrome/66.0.3359.181+Safari/537.36 - 404 0 2 3
2018-05-16 14:28:02 ::1 GET /ReceiptBox/Index/ page=1&NumberOfRecords=NaN&currentTab=0&day=30 51722 qcemployee7.gorilla@gmail.com ::1 Mozilla/5.0+(Windows+NT+10.0;+Win64;+x64)+AppleWebKit/537.36+(KHTML,+like+Gecko)+Chrome/66.0.3359.181+Safari/537.36 http://localhost:51722/ReceiptBox?page=0&NumberOfRecords=25&currentTab=0&day=30 200 0 0 5843
2018-05-16 14:28:02 ::1 GET /Scripts/jquery.qtip.min.map - 51722 - ::1 Mozilla/5.0+(Windows+NT+10.0;+Win64;+x64)+AppleWebKit/537.36+(KHTML,+like+Gecko)+Chrome/66.0.3359.181+Safari/537.36 - 404 0 2 6
2018-05-16 14:28:02 ::1 GET /Scripts/jquery.qtip.min.map - 51722 - ::1 Mozilla/5.0+(Windows+NT+10.0;+Win64;+x64)+AppleWebKit/537.36+(KHTML,+like+Gecko)+Chrome/66.0.3359.181+Safari/537.36 - 404 0 2 10
2018-05-16 14:28:02 ::1 GET /Scripts/jquery.qtip.min.map - 51722 - ::1 Mozilla/5.0+(Windows+NT+10.0;+Win64;+x64)+AppleWebKit/537.36+(KHTML,+like+Gecko)+Chrome/66.0.3359.181+Safari/537.36 - 404 0 2 34
2018-05-16 14:28:21 ::1 GET /ReceiptBox/GetScanningStatusbulk/ - 51722 qcemployee7.gorilla@gmail.com ::1 Mozilla/5.0+(Windows+NT+10.0;+Win64;+x64)+AppleWebKit/537.36+(KHTML,+like+Gecko)+Chrome/66.0.3359.181+Safari/537.36 http://localhost:51722/ReceiptBox?page=0&NumberOfRecords=25&currentTab=0&day=30 200 0 0 18495
2018-05-16 14:33:28 ::1 GET /ReceiptBox/UploadImage - 51722 qcemployee7.gorilla@gmail.com ::1 Mozilla/5.0+(Windows+NT+10.0;+Win64;+x64)+AppleWebKit/537.36+(KHTML,+like+Gecko)+Chrome/66.0.3359.181+Safari/537.36 http://localhost:51722/ReceiptBox?page=0&NumberOfRecords=25&currentTab=0&day=30 200 0 0 39
2018-05-16 14:34:04 ::1 GET /User/LogOn - 51722 qcemployee7.gorilla@gmail.com ::1 Mozilla/5.0+(Windows+NT+10.0;+Win64;+x64)+AppleWebKit/537.36+(KHTML,+like+Gecko)+Chrome/66.0.3359.181+Safari/537.36 http://localhost:51722/ReceiptBox?page=0&NumberOfRecords=25&currentTab=0&day=30 302 0 0 2519
2018-05-16 14:34:26 ::1 GET / - 51722 qcemployee7.gorilla@gmail.com ::1 Mozilla/5.0+(Windows+NT+10.0;+Win64;+x64)+AppleWebKit/537.36+(KHTML,+like+Gecko)+Chrome/66.0.3359.181+Safari/537.36 http://localhost:51722/ReceiptBox?page=0&NumberOfRecords=25&currentTab=0&day=30 200 0 0 21942
2018-05-16 14:34:29 ::1 GET /User/LogOn - 51722 qcemployee7.gorilla@gmail.com ::1 Mozilla/5.0+(Windows+NT+10.0;+Win64;+x64)+AppleWebKit/537.36+(KHTML,+like+Gecko)+Chrome/66.0.3359.181+Safari/537.36 http://localhost:51722/ReceiptBox?page=0&NumberOfRecords=25&currentTab=0&day=30 302 0 0 3913
2018-05-16 14:34:49 ::1 GET / - 51722 qcemployee7.gorilla@gmail.com ::1 Mozilla/5.0+(Windows+NT+10.0;+Win64;+x64)+AppleWebKit/537.36+(KHTML,+like+Gecko)+Chrome/66.0.3359.181+Safari/537.36 http://localhost:51722/ReceiptBox?page=0&NumberOfRecords=25&currentTab=0&day=30 200 0 0 19398
2018-05-16 14:35:39 ::1 GET /ReceiptBox/Index/ page=1&NumberOfRecords=NaN&currentTab=0&day=30 51722 qcemployee7.gorilla@gmail.com ::1 Mozilla/5.0+(Windows+NT+10.0;+Win64;+x64)+AppleWebKit/537.36+(KHTML,+like+Gecko)+Chrome/66.0.3359.181+Safari/537.36 http://localhost:51722/ReceiptBox?page=0&NumberOfRecords=25&currentTab=0&day=30 200 0 0 13046
2018-05-16 14:35:42 ::1 GET /User/LogOn - 51722 qcemployee7.gorilla@gmail.com ::1 Mozilla/5.0+(Windows+NT+10.0;+Win64;+x64)+AppleWebKit/537.36+(KHTML,+like+Gecko)+Chrome/66.0.3359.181+Safari/537.36 http://localhost:51722/ReceiptBox?page=0&NumberOfRecords=25&currentTab=0&day=30 302 0 0 10956
2018-05-16 14:36:02 ::1 GET / - 51722 qcemployee7.gorilla@gmail.com ::1 Mozilla/5.0+(Windows+NT+10.0;+Win64;+x64)+AppleWebKit/537.36+(KHTML,+like+Gecko)+Chrome/66.0.3359.181+Safari/537.36 http://localhost:51722/ReceiptBox?page=0&NumberOfRecords=25&currentTab=0&day=30 200 0 0 20517
2018-05-16 14:36:33 ::1 GET /ReceiptBox/GetScanningStatusbulk/ - 51722 qcemployee7.gorilla@gmail.com ::1 Mozilla/5.0+(Windows+NT+10.0;+Win64;+x64)+AppleWebKit/537.36+(KHTML,+like+Gecko)+Chrome/66.0.3359.181+Safari/537.36 http://localhost:51722/ReceiptBox?page=0&NumberOfRecords=25&currentTab=0&day=30 200 0 0 53092
2018-05-16 14:36:48 ::1 GET /User/LogOn - 51722 qcemployee7.gorilla@gmail.com ::1 Mozilla/5.0+(Windows+NT+10.0;+Win64;+x64)+AppleWebKit/537.36+(KHTML,+like+Gecko)+Chrome/66.0.3359.181+Safari/537.36 http://localhost:51722/ReceiptBox?page=0&NumberOfRecords=25&currentTab=0&day=30 302 0 0 2375
2018-05-16 14:37:08 ::1 GET / - 51722 qcemployee7.gorilla@gmail.com ::1 Mozilla/5.0+(Windows+NT+10.0;+Win64;+x64)+AppleWebKit/537.36+(KHTML,+like+Gecko)+Chrome/66.0.3359.181+Safari/537.36 http://localhost:51722/ReceiptBox?page=0&NumberOfRecords=25&currentTab=0&day=30 200 0 0 19958
2018-05-16 14:40:45 ::1 GET /ReceiptBox/UploadImage - 51722 qcemployee7.gorilla@gmail.com ::1 Mozilla/5.0+(Windows+NT+10.0;+Win64;+x64)+AppleWebKit/537.36+(KHTML,+like+Gecko)+Chrome/66.0.3359.181+Safari/537.36 http://localhost:51722/ReceiptBox?page=0&NumberOfRecords=25&currentTab=0&day=30 200 0 0 186
2018-05-16 14:41:19 ::1 POST /ReceiptBox/UploadReceiptInBox - 51722 qcemployee7.gorilla@gmail.com ::1 Mozilla/5.0+(Windows+NT+10.0;+Win64;+x64)+AppleWebKit/537.36+(KHTML,+like+Gecko)+Chrome/66.0.3359.181+Safari/537.36 http://localhost:51722/ReceiptBox/UploadImage 200 0 0 8723
2018-05-16 14:41:26 ::1 GET /ReceiptBox page=0&NumberOfRecords=25&currentTab=0&day=30 51722 qcemployee7.gorilla@gmail.com ::1 Mozilla/5.0+(Windows+NT+10.0;+Win64;+x64)+AppleWebKit/537.36+(KHTML,+like+Gecko)+Chrome/66.0.3359.181+Safari/537.36 http://localhost:51722/ReceiptBox?page=0&NumberOfRecords=25&currentTab=0&day=30 200 0 0 6210
2018-05-16 14:41:31 ::1 GET /ReceiptBox/GetScanningStatusbulk/ - 51722 qcemployee7.gorilla@gmail.com ::1 Mozilla/5.0+(Windows+NT+10.0;+Win64;+x64)+AppleWebKit/537.36+(KHTML,+like+Gecko)+Chrome/66.0.3359.181+Safari/537.36 http://localhost:51722/ReceiptBox?page=0&NumberOfRecords=25&currentTab=0&day=30 200 0 0 4139
2018-05-16 14:41:44 ::1 GET /ReceiptBox/Index/ page=1&NumberOfRecords=NaN&currentTab=0&day=30 51722 qcemployee7.gorilla@gmail.com ::1 Mozilla/5.0+(Windows+NT+10.0;+Win64;+x64)+AppleWebKit/537.36+(KHTML,+like+Gecko)+Chrome/66.0.3359.181+Safari/537.36 http://localhost:51722/ReceiptBox?page=0&NumberOfRecords=25&currentTab=0&day=30 200 0 0 5961
2018-05-16 14:41:48 ::1 GET /ReceiptBox/GetScanningStatusbulk/ - 51722 qcemployee7.gorilla@gmail.com ::1 Mozilla/5.0+(Windows+NT+10.0;+Win64;+x64)+AppleWebKit/537.36+(KHTML,+like+Gecko)+Chrome/66.0.3359.181+Safari/537.36 http://localhost:51722/ReceiptBox?page=0&NumberOfRecords=25&currentTab=0&day=30 200 0 0 4174
2018-05-16 14:41:57 ::1 GET /ReceiptBox/Index/ page=1&NumberOfRecords=NaN&currentTab=0&day=30 51722 qcemployee7.gorilla@gmail.com ::1 Mozilla/5.0+(Windows+NT+10.0;+Win64;+x64)+AppleWebKit/537.36+(KHTML,+like+Gecko)+Chrome/66.0.3359.181+Safari/537.36 http://localhost:51722/ReceiptBox?page=0&NumberOfRecords=25&currentTab=0&day=30 200 0 0 5581
2018-05-16 14:42:02 ::1 GET /ReceiptBox/GetScanningStatusbulk/ - 51722 qcemployee7.gorilla@gmail.com ::1 Mozilla/5.0+(Windows+NT+10.0;+Win64;+x64)+AppleWebKit/537.36+(KHTML,+like+Gecko)+Chrome/66.0.3359.181+Safari/537.36 http://localhost:51722/ReceiptBox?page=0&NumberOfRecords=25&currentTab=0&day=30 200 0 0 4323
2018-05-16 14:42:13 ::1 GET /ReceiptBox/Index/ page=1&NumberOfRecords=NaN&currentTab=0&day=30 51722 qcemployee7.gorilla@gmail.com ::1 Mozilla/5.0+(Windows+NT+10.0;+Win64;+x64)+AppleWebKit/537.36+(KHTML,+like+Gecko)+Chrome/66.0.3359.181+Safari/537.36 http://localhost:51722/ReceiptBox?page=0&NumberOfRecords=25&currentTab=0&day=30 200 0 0 5942
2018-05-16 14:42:23 ::1 GET /ReceiptBox/GetScanningStatusbulk/ - 51722 qcemployee7.gorilla@gmail.com ::1 Mozilla/5.0+(Windows+NT+10.0;+Win64;+x64)+AppleWebKit/537.36+(KHTML,+like+Gecko)+Chrome/66.0.3359.181+Safari/537.36 http://localhost:51722/ReceiptBox?page=0&NumberOfRecords=25&currentTab=0&day=30 200 0 0 9473
2018-05-16 14:42:37 ::1 GET /ReceiptBox/Index/ page=1&NumberOfRecords=NaN&currentTab=0&day=30 51722 qcemployee7.gorilla@gmail.com ::1 Mozilla/5.0+(Windows+NT+10.0;+Win64;+x64)+AppleWebKit/537.36+(KHTML,+like+Gecko)+Chrome/66.0.3359.181+Safari/537.36 http://localhost:51722/ReceiptBox?page=0&NumberOfRecords=25&currentTab=0&day=30 200 0 0 6339
2018-05-16 14:42:44 ::1 GET /ReceiptBox/GetScanningStatusbulk/ - 51722 qcemployee7.gorilla@gmail.com ::1 Mozilla/5.0+(Windows+NT+10.0;+Win64;+x64)+AppleWebKit/537.36+(KHTML,+like+Gecko)+Chrome/66.0.3359.181+Safari/537.36 http://localhost:51722/ReceiptBox?page=0&NumberOfRecords=25&currentTab=0&day=30 200 0 0 6043
2018-05-16 14:43:36 ::1 GET /ReceiptBox/Index/ page=1&NumberOfRecords=NaN&currentTab=0&day=30 51722 qcemployee7.gorilla@gmail.com ::1 Mozilla/5.0+(Windows+NT+10.0;+Win64;+x64)+AppleWebKit/537.36+(KHTML,+like+Gecko)+Chrome/66.0.3359.181+Safari/537.36 http://localhost:51722/ReceiptBox?page=0&NumberOfRecords=25&currentTab=0&day=30 200 0 0 5778
2018-05-16 14:43:42 ::1 GET /ReceiptBox/GetScanningStatusbulk/ - 51722 qcemployee7.gorilla@gmail.com ::1 Mozilla/5.0+(Windows+NT+10.0;+Win64;+x64)+AppleWebKit/537.36+(KHTML,+like+Gecko)+Chrome/66.0.3359.181+Safari/537.36 http://localhost:51722/ReceiptBox?page=0&NumberOfRecords=25&currentTab=0&day=30 200 0 0 5331
2018-05-16 14:43:53 ::1 GET /ReceiptBox/Index/ page=1&NumberOfRecords=NaN&currentTab=0&day=30 51722 qcemployee7.gorilla@gmail.com ::1 Mozilla/5.0+(Windows+NT+10.0;+Win64;+x64)+AppleWebKit/537.36+(KHTML,+like+Gecko)+Chrome/66.0.3359.181+Safari/537.36 http://localhost:51722/ReceiptBox?page=0&NumberOfRecords=25&currentTab=0&day=30 200 0 0 5977
2018-05-16 14:44:15 ::1 GET /ReceiptBox/GetScanningStatusbulk/ - 51722 qcemployee7.gorilla@gmail.com ::1 Mozilla/5.0+(Windows+NT+10.0;+Win64;+x64)+AppleWebKit/537.36+(KHTML,+like+Gecko)+Chrome/66.0.3359.181+Safari/537.36 http://localhost:51722/ReceiptBox?page=0&NumberOfRecords=25&currentTab=0&day=30 200 0 0 21746
2018-05-16 14:49:50 ::1 GET /User/LogOn - 51722 qcemployee7.gorilla@gmail.com ::1 Mozilla/5.0+(Windows+NT+10.0;+Win64;+x64)+AppleWebKit/537.36+(KHTML,+like+Gecko)+Chrome/66.0.3359.181+Safari/537.36 http://localhost:51722/ReceiptBox?page=0&NumberOfRecords=25&currentTab=0&day=30 302 0 0 2578
2018-05-16 14:50:11 ::1 GET / - 51722 qcemployee7.gorilla@gmail.com ::1 Mozilla/5.0+(Windows+NT+10.0;+Win64;+x64)+AppleWebKit/537.36+(KHTML,+like+Gecko)+Chrome/66.0.3359.181+Safari/537.36 http://localhost:51722/ReceiptBox?page=0&NumberOfRecords=25&currentTab=0&day=30 200 0 0 20801
2018-05-16 14:50:16 ::1 GET /User/LogOn - 51722 qcemployee7.gorilla@gmail.com ::1 Mozilla/5.0+(Windows+NT+10.0;+Win64;+x64)+AppleWebKit/537.36+(KHTML,+like+Gecko)+Chrome/66.0.3359.181+Safari/537.36 http://localhost:51722/ReceiptBox?page=0&NumberOfRecords=25&currentTab=0&day=30 302 0 0 11009
2018-05-16 14:50:35 ::1 GET / - 51722 qcemployee7.gorilla@gmail.com ::1 Mozilla/5.0+(Windows+NT+10.0;+Win64;+x64)+AppleWebKit/537.36+(KHTML,+like+Gecko)+Chrome/66.0.3359.181+Safari/537.36 http://localhost:51722/ReceiptBox?page=0&NumberOfRecords=25&currentTab=0&day=30 200 0 0 19007
2018-05-16 14:50:37 ::1 GET /User/LogOn - 51722 qcemployee7.gorilla@gmail.com ::1 Mozilla/5.0+(Windows+NT+10.0;+Win64;+x64)+AppleWebKit/537.36+(KHTML,+like+Gecko)+Chrome/66.0.3359.181+Safari/537.36 http://localhost:51722/ReceiptBox?page=0&NumberOfRecords=25&currentTab=0&day=30 302 0 0 19582
2018-05-16 14:50:37 ::1 GET /User/LogOn - 51722 qcemployee7.gorilla@gmail.com ::1 Mozilla/5.0+(Windows+NT+10.0;+Win64;+x64)+AppleWebKit/537.36+(KHTML,+like+Gecko)+Chrome/66.0.3359.181+Safari/537.36 http://localhost:51722/ReceiptBox?page=0&NumberOfRecords=25&currentTab=0&day=30 302 0 0 171
2018-05-16 14:50:57 ::1 GET / - 51722 qcemployee7.gorilla@gmail.com ::1 Mozilla/5.0+(Windows+NT+10.0;+Win64;+x64)+AppleWebKit/537.36+(KHTML,+like+Gecko)+Chrome/66.0.3359.181+Safari/537.36 http://localhost:51722/ReceiptBox?page=0&NumberOfRecords=25&currentTab=0&day=30 200 0 0 19643
2018-05-16 14:51:17 ::1 GET / - 51722 qcemployee7.gorilla@gmail.com ::1 Mozilla/5.0+(Windows+NT+10.0;+Win64;+x64)+AppleWebKit/537.36+(KHTML,+like+Gecko)+Chrome/66.0.3359.181+Safari/537.36 http://localhost:51722/ReceiptBox?page=0&NumberOfRecords=25&currentTab=0&day=30 200 0 0 19623
2018-05-16 14:51:19 ::1 GET /User/LogOn - 51722 qcemployee7.gorilla@gmail.com ::1 Mozilla/5.0+(Windows+NT+10.0;+Win64;+x64)+AppleWebKit/537.36+(KHTML,+like+Gecko)+Chrome/66.0.3359.181+Safari/537.36 http://localhost:51722/ReceiptBox?page=0&NumberOfRecords=25&currentTab=0&day=30 302 0 0 20681
2018-05-16 14:51:38 ::1 GET / - 51722 qcemployee7.gorilla@gmail.com ::1 Mozilla/5.0+(Windows+NT+10.0;+Win64;+x64)+AppleWebKit/537.36+(KHTML,+like+Gecko)+Chrome/66.0.3359.181+Safari/537.36 http://localhost:51722/ReceiptBox?page=0&NumberOfRecords=25&currentTab=0&day=30 200 0 0 18956
2018-05-16 14:52:00 ::1 GET /User/LogOn - 51722 qcemployee7.gorilla@gmail.com ::1 Mozilla/5.0+(Windows+NT+10.0;+Win64;+x64)+AppleWebKit/537.36+(KHTML,+like+Gecko)+Chrome/66.0.3359.181+Safari/537.36 http://localhost:51722/ReceiptBox?page=0&NumberOfRecords=25&currentTab=0&day=30 302 0 0 2264
2018-05-16 14:52:19 ::1 GET / - 51722 qcemployee7.gorilla@gmail.com ::1 Mozilla/5.0+(Windows+NT+10.0;+Win64;+x64)+AppleWebKit/537.36+(KHTML,+like+Gecko)+Chrome/66.0.3359.181+Safari/537.36 http://localhost:51722/ReceiptBox?page=0&NumberOfRecords=25&currentTab=0&day=30 200 0 0 19097
2018-05-16 14:52:22 ::1 GET /User/LogOn - 51722 qcemployee7.gorilla@gmail.com ::1 Mozilla/5.0+(Windows+NT+10.0;+Win64;+x64)+AppleWebKit/537.36+(KHTML,+like+Gecko)+Chrome/66.0.3359.181+Safari/537.36 http://localhost:51722/ReceiptBox?page=0&NumberOfRecords=25&currentTab=0&day=30 302 0 0 8029
2018-05-16 14:52:41 ::1 GET / - 51722 qcemployee7.gorilla@gmail.com ::1 Mozilla/5.0+(Windows+NT+10.0;+Win64;+x64)+AppleWebKit/537.36+(KHTML,+like+Gecko)+Chrome/66.0.3359.181+Safari/537.36 http://localhost:51722/ReceiptBox?page=0&NumberOfRecords=25&currentTab=0&day=30 200 0 0 19650
2018-05-16 14:58:11 ::1 GET /User/LogOn - 51722 qcemployee7.gorilla@gmail.com ::1 Mozilla/5.0+(Windows+NT+10.0;+Win64;+x64)+AppleWebKit/537.36+(KHTML,+like+Gecko)+Chrome/66.0.3359.181+Safari/537.36 http://localhost:51722/ReceiptBox?page=0&NumberOfRecords=25&currentTab=0&day=30 302 0 0 2388
2018-05-16 14:58:34 ::1 GET / - 51722 qcemployee7.gorilla@gmail.com ::1 Mozilla/5.0+(Windows+NT+10.0;+Win64;+x64)+AppleWebKit/537.36+(KHTML,+like+Gecko)+Chrome/66.0.3359.181+Safari/537.36 http://localhost:51722/ReceiptBox?page=0&NumberOfRecords=25&currentTab=0&day=30 200 0 0 23032
2018-05-16 14:58:40 ::1 GET /User/LogOn - 51722 qcemployee7.gorilla@gmail.com ::1 Mozilla/5.0+(Windows+NT+10.0;+Win64;+x64)+AppleWebKit/537.36+(KHTML,+like+Gecko)+Chrome/66.0.3359.181+Safari/537.36 http://localhost:51722/ReceiptBox?page=0&NumberOfRecords=25&currentTab=0&day=30 302 0 0 2274
2018-05-16 14:58:59 ::1 GET / - 51722 qcemployee7.gorilla@gmail.com ::1 Mozilla/5.0+(Windows+NT+10.0;+Win64;+x64)+AppleWebKit/537.36+(KHTML,+like+Gecko)+Chrome/66.0.3359.181+Safari/537.36 http://localhost:51722/ReceiptBox?page=0&NumberOfRecords=25&currentTab=0&day=30 200 0 0 18648
2018-05-16 14:58:59 ::1 GET /User/LogOut - 51722 qcemployee7.gorilla@gmail.com ::1 Mozilla/5.0+(Windows+NT+10.0;+Win64;+x64)+AppleWebKit/537.36+(KHTML,+like+Gecko)+Chrome/66.0.3359.181+Safari/537.36 http://localhost:51722/ReceiptBox?page=0&NumberOfRecords=25&currentTab=0&day=30 302 0 0 38
#Software: Microsoft Internet Information Services 8.0
#Version: 1.0
#Date: 2018-05-16 16:21:37
#Fields: date time s-ip cs-method cs-uri-stem cs-uri-query s-port cs-username c-ip cs(User-Agent) cs(Referer) sc-status sc-substatus sc-win32-status time-taken
2018-05-16 16:21:37 ::1 GET / - 51722 - ::1 Mozilla/5.0+(Windows+NT+10.0;+Win64;+x64)+AppleWebKit/537.36+(KHTML,+like+Gecko)+Chrome/66.0.3359.181+Safari/537.36 - 302 0 0 153523
2018-05-16 16:21:55 ::1 GET /User/LogOn - 51722 - ::1 Mozilla/5.0+(Windows+NT+10.0;+Win64;+x64)+AppleWebKit/537.36+(KHTML,+like+Gecko)+Chrome/66.0.3359.181+Safari/537.36 - 200 0 0 18136
2018-05-16 16:21:55 ::1 GET /User/assets/pages/img/login/bg1.jpg - 51722 - ::1 Mozilla/5.0+(Windows+NT+10.0;+Win64;+x64)+AppleWebKit/537.36+(KHTML,+like+Gecko)+Chrome/66.0.3359.181+Safari/537.36 http://localhost:51722/User/LogOn 404 0 2 48
2018-05-16 16:23:14 ::1 POST /User/LogOn - 51722 - ::1 Mozilla/5.0+(Windows+NT+10.0;+Win64;+x64)+AppleWebKit/537.36+(KHTML,+like+Gecko)+Chrome/66.0.3359.181+Safari/537.36 http://localhost:51722/User/LogOn 302 0 0 36481
2018-05-16 16:24:13 ::1 GET / - 51722 qcemployee7.gorilla@gmail.com ::1 Mozilla/5.0+(Windows+NT+10.0;+Win64;+x64)+AppleWebKit/537.36+(KHTML,+like+Gecko)+Chrome/66.0.3359.181+Safari/537.36 http://localhost:51722/User/LogOn 200 0 0 59070
2018-05-16 16:26:05 ::1 GET /ReceiptBox - 51722 qcemployee7.gorilla@gmail.com ::1 Mozilla/5.0+(Windows+NT+10.0;+Win64;+x64)+AppleWebKit/537.36+(KHTML,+like+Gecko)+Chrome/66.0.3359.181+Safari/537.36 http://localhost:51722/ 200 0 0 41505
2018-05-16 16:26:21 ::1 GET /ReceiptBox/UploadImage - 51722 qcemployee7.gorilla@gmail.com ::1 Mozilla/5.0+(Windows+NT+10.0;+Win64;+x64)+AppleWebKit/537.36+(KHTML,+like+Gecko)+Chrome/66.0.3359.181+Safari/537.36 http://localhost:51722/ReceiptBox 200 0 0 274
2018-05-16 16:26:38 ::1 POST /ReceiptBox/UploadReceiptInBox - 51722 qcemployee7.gorilla@gmail.com ::1 Mozilla/5.0+(Windows+NT+10.0;+Win64;+x64)+AppleWebKit/537.36+(KHTML,+like+Gecko)+Chrome/66.0.3359.181+Safari/537.36 http://localhost:51722/ReceiptBox/UploadImage 200 0 0 8762
2018-05-16 16:26:46 ::1 GET /ReceiptBox page=0&NumberOfRecords=25&currentTab=0&day=30 51722 qcemployee7.gorilla@gmail.com ::1 Mozilla/5.0+(Windows+NT+10.0;+Win64;+x64)+AppleWebKit/537.36+(KHTML,+like+Gecko)+Chrome/66.0.3359.181+Safari/537.36 http://localhost:51722/ReceiptBox 200 0 0 7431
2018-05-16 16:26:49 ::1 GET /ReceiptBox/GetScanningStatusbulk/ - 51722 qcemployee7.gorilla@gmail.com ::1 Mozilla/5.0+(Windows+NT+10.0;+Win64;+x64)+AppleWebKit/537.36+(KHTML,+like+Gecko)+Chrome/66.0.3359.181+Safari/537.36 http://localhost:51722/ReceiptBox?page=0&NumberOfRecords=25&currentTab=0&day=30 200 0 0 2854
2018-05-16 16:35:09 ::1 GET /User/LogOn - 51722 qcemployee7.gorilla@gmail.com ::1 Mozilla/5.0+(Windows+NT+10.0;+Win64;+x64)+AppleWebKit/537.36+(KHTML,+like+Gecko)+Chrome/66.0.3359.181+Safari/537.36 http://localhost:51722/ReceiptBox?page=0&NumberOfRecords=25&currentTab=0&day=30 302 0 0 2631
2018-05-16 16:35:30 ::1 GET / - 51722 qcemployee7.gorilla@gmail.com ::1 Mozilla/5.0+(Windows+NT+10.0;+Win64;+x64)+AppleWebKit/537.36+(KHTML,+like+Gecko)+Chrome/66.0.3359.181+Safari/537.36 http://localhost:51722/ReceiptBox?page=0&NumberOfRecords=25&currentTab=0&day=30 200 0 0 20295
2018-05-16 16:41:48 ::1 GET /User/LogOut - 51722 qcemployee7.gorilla@gmail.com ::1 Mozilla/5.0+(Windows+NT+10.0;+Win64;+x64)+AppleWebKit/537.36+(KHTML,+like+Gecko)+Chrome/66.0.3359.181+Safari/537.36 http://localhost:51722/ReceiptBox?page=0&NumberOfRecords=25&currentTab=0&day=30 302 0 0 212
2018-05-16 16:42:05 ::1 GET /User/LogOut - 51722 - ::1 Mozilla/5.0+(Windows+NT+10.0;+Win64;+x64)+AppleWebKit/537.36+(KHTML,+like+Gecko)+Chrome/66.0.3359.181+Safari/537.36 http://localhost:51722/ReceiptBox?page=0&NumberOfRecords=25&currentTab=0&day=30 302 0 64 15277
2018-05-16 16:42:05 ::1 GET /User/LogOut - 51722 - ::1 Mozilla/5.0+(Windows+NT+10.0;+Win64;+x64)+AppleWebKit/537.36+(KHTML,+like+Gecko)+Chrome/66.0.3359.181+Safari/537.36 http://localhost:51722/ReceiptBox?page=0&NumberOfRecords=25&currentTab=0&day=30 302 0 64 13307
2018-05-16 16:42:10 ::1 GET /User/LogOut - 51722 - ::1 Mozilla/5.0+(Windows+NT+10.0;+Win64;+x64)+AppleWebKit/537.36+(KHTML,+like+Gecko)+Chrome/66.0.3359.181+Safari/537.36 http://localhost:51722/ReceiptBox?page=0&NumberOfRecords=25&currentTab=0&day=30 302 0 64 6229
2018-05-16 16:42:10 ::1 GET /User/LogOut - 51722 - ::1 Mozilla/5.0+(Windows+NT+10.0;+Win64;+x64)+AppleWebKit/537.36+(KHTML,+like+Gecko)+Chrome/66.0.3359.181+Safari/537.36 http://localhost:51722/ReceiptBox?page=0&NumberOfRecords=25&currentTab=0&day=30 302 0 64 14248
2018-05-16 16:42:10 ::1 GET /User/LogOut - 51722 - ::1 Mozilla/5.0+(Windows+NT+10.0;+Win64;+x64)+AppleWebKit/537.36+(KHTML,+like+Gecko)+Chrome/66.0.3359.181+Safari/537.36 http://localhost:51722/ReceiptBox?page=0&NumberOfRecords=25&currentTab=0&day=30 302 0 64 4295
2018-05-16 16:42:10 ::1 GET /User/LogOut - 51722 - ::1 Mozilla/5.0+(Windows+NT+10.0;+Win64;+x64)+AppleWebKit/537.36+(KHTML,+like+Gecko)+Chrome/66.0.3359.181+Safari/537.36 http://localhost:51722/ReceiptBox?page=0&NumberOfRecords=25&currentTab=0&day=30 302 0 64 8280
2018-05-16 16:42:10 ::1 GET /User/LogOut - 51722 - ::1 Mozilla/5.0+(Windows+NT+10.0;+Win64;+x64)+AppleWebKit/537.36+(KHTML,+like+Gecko)+Chrome/66.0.3359.181+Safari/537.36 http://localhost:51722/ReceiptBox?page=0&NumberOfRecords=25&currentTab=0&day=30 302 0 64 10314
2018-05-16 16:42:10 ::1 GET /User/LogOut - 51722 - ::1 Mozilla/5.0+(Windows+NT+10.0;+Win64;+x64)+AppleWebKit/537.36+(KHTML,+like+Gecko)+Chrome/66.0.3359.181+Safari/537.36 http://localhost:51722/ReceiptBox?page=0&NumberOfRecords=25&currentTab=0&day=30 302 0 64 12486
2018-05-16 16:42:10 ::1 GET /User/LogOut - 51722 - ::1 Mozilla/5.0+(Windows+NT+10.0;+Win64;+x64)+AppleWebKit/537.36+(KHTML,+like+Gecko)+Chrome/66.0.3359.181+Safari/537.36 http://localhost:51722/ReceiptBox?page=0&NumberOfRecords=25&currentTab=0&day=30 302 0 64 16492
2018-05-16 16:42:10 ::1 GET /User/LogOut - 51722 - ::1 Mozilla/5.0+(Windows+NT+10.0;+Win64;+x64)+AppleWebKit/537.36+(KHTML,+like+Gecko)+Chrome/66.0.3359.181+Safari/537.36 http://localhost:51722/ReceiptBox?page=0&NumberOfRecords=25&currentTab=0&day=30 302 0 64 2668
2018-05-16 16:42:10 ::1 GET /User/LogOut - 51722 - ::1 Mozilla/5.0+(Windows+NT+10.0;+Win64;+x64)+AppleWebKit/537.36+(KHTML,+like+Gecko)+Chrome/66.0.3359.181+Safari/537.36 http://localhost:51722/ReceiptBox?page=0&NumberOfRecords=25&currentTab=0&day=30 302 0 0 696
2018-05-16 16:42:10 ::1 GET / - 51722 - ::1 Mozilla/5.0+(Windows+NT+10.0;+Win64;+x64)+AppleWebKit/537.36+(KHTML,+like+Gecko)+Chrome/66.0.3359.181+Safari/537.36 http://localhost:51722/ReceiptBox?page=0&NumberOfRecords=25&currentTab=0&day=30 302 0 0 250
2018-05-16 16:42:14 ::1 GET /User/LogOn - 51722 - ::1 Mozilla/5.0+(Windows+NT+10.0;+Win64;+x64)+AppleWebKit/537.36+(KHTML,+like+Gecko)+Chrome/66.0.3359.181+Safari/537.36 http://localhost:51722/ReceiptBox?page=0&NumberOfRecords=25&currentTab=0&day=30 200 0 64 3259
2018-05-16 16:42:29 ::1 GET /User/LogOut - 51722 - ::1 Mozilla/5.0+(Windows+NT+10.0;+Win64;+x64)+AppleWebKit/537.36+(KHTML,+like+Gecko)+Chrome/66.0.3359.181+Safari/537.36 http://localhost:51722/ReceiptBox?page=0&NumberOfRecords=25&currentTab=0&day=30 302 0 64 17132
2018-05-16 16:42:43 ::1 GET /User/LogOut - 51722 - ::1 Mozilla/5.0+(Windows+NT+10.0;+Win64;+x64)+AppleWebKit/537.36+(KHTML,+like+Gecko)+Chrome/66.0.3359.181+Safari/537.36 http://localhost:51722/ReceiptBox?page=0&NumberOfRecords=25&currentTab=0&day=30 302 0 64 23693
2018-05-16 16:42:43 ::1 GET /User/LogOut - 51722 - ::1 Mozilla/5.0+(Windows+NT+10.0;+Win64;+x64)+AppleWebKit/537.36+(KHTML,+like+Gecko)+Chrome/66.0.3359.181+Safari/537.36 http://localhost:51722/ReceiptBox?page=0&NumberOfRecords=25&currentTab=0&day=30 302 0 64 21964
2018-05-16 16:42:43 ::1 GET /User/LogOut - 51722 - ::1 Mozilla/5.0+(Windows+NT+10.0;+Win64;+x64)+AppleWebKit/537.36+(KHTML,+like+Gecko)+Chrome/66.0.3359.181+Safari/537.36 http://localhost:51722/ReceiptBox?page=0&NumberOfRecords=25&currentTab=0&day=30 302 0 0 207
2018-05-16 16:42:43 ::1 GET / - 51722 - ::1 Mozilla/5.0+(Windows+NT+10.0;+Win64;+x64)+AppleWebKit/537.36+(KHTML,+like+Gecko)+Chrome/66.0.3359.181+Safari/537.36 http://localhost:51722/ReceiptBox?page=0&NumberOfRecords=25&currentTab=0&day=30 302 0 0 421
2018-05-16 16:42:44 ::1 GET /User/LogOut - 51722 - ::1 Mozilla/5.0+(Windows+NT+10.0;+Win64;+x64)+AppleWebKit/537.36+(KHTML,+like+Gecko)+Chrome/66.0.3359.181+Safari/537.36 http://localhost:51722/ReceiptBox?page=0&NumberOfRecords=25&currentTab=0&day=30 302 0 64 20970
2018-05-16 16:42:44 ::1 GET /User/LogOut - 51722 - ::1 Mozilla/5.0+(Windows+NT+10.0;+Win64;+x64)+AppleWebKit/537.36+(KHTML,+like+Gecko)+Chrome/66.0.3359.181+Safari/537.36 http://localhost:51722/ReceiptBox?page=0&NumberOfRecords=25&currentTab=0&day=30 302 0 64 27247
2018-05-16 16:42:44 ::1 GET /User/LogOut - 51722 - ::1 Mozilla/5.0+(Windows+NT+10.0;+Win64;+x64)+AppleWebKit/537.36+(KHTML,+like+Gecko)+Chrome/66.0.3359.181+Safari/537.36 http://localhost:51722/ReceiptBox?page=0&NumberOfRecords=25&currentTab=0&day=30 302 0 64 29671
2018-05-16 16:42:44 ::1 GET /User/LogOut - 51722 - ::1 Mozilla/5.0+(Windows+NT+10.0;+Win64;+x64)+AppleWebKit/537.36+(KHTML,+like+Gecko)+Chrome/66.0.3359.181+Safari/537.36 http://localhost:51722/ReceiptBox?page=0&NumberOfRecords=25&currentTab=0&day=30 302 0 64 3840
2018-05-16 16:42:46 ::1 GET /User/LogOut - 51722 - ::1 Mozilla/5.0+(Windows+NT+10.0;+Win64;+x64)+AppleWebKit/537.36+(KHTML,+like+Gecko)+Chrome/66.0.3359.181+Safari/537.36 http://localhost:51722/ReceiptBox?page=0&NumberOfRecords=25&currentTab=0&day=30 302 0 64 8338
2018-05-16 16:42:46 ::1 GET /User/LogOut - 51722 - ::1 Mozilla/5.0+(Windows+NT+10.0;+Win64;+x64)+AppleWebKit/537.36+(KHTML,+like+Gecko)+Chrome/66.0.3359.181+Safari/537.36 http://localhost:51722/ReceiptBox?page=0&NumberOfRecords=25&currentTab=0&day=30 302 0 64 10858
2018-05-16 16:42:48 ::1 GET /User/LogOut - 51722 - ::1 Mozilla/5.0+(Windows+NT+10.0;+Win64;+x64)+AppleWebKit/537.36+(KHTML,+like+Gecko)+Chrome/66.0.3359.181+Safari/537.36 http://localhost:51722/ReceiptBox?page=0&NumberOfRecords=25&currentTab=0&day=30 302 0 64 8132
2018-05-16 16:42:48 ::1 GET /User/LogOn - 51722 - ::1 Mozilla/5.0+(Windows+NT+10.0;+Win64;+x64)+AppleWebKit/537.36+(KHTML,+like+Gecko)+Chrome/66.0.3359.181+Safari/537.36 http://localhost:51722/ReceiptBox?page=0&NumberOfRecords=25&currentTab=0&day=30 200 0 64 3604
2018-05-16 16:42:48 ::1 GET /User/LogOut - 51722 - ::1 Mozilla/5.0+(Windows+NT+10.0;+Win64;+x64)+AppleWebKit/537.36+(KHTML,+like+Gecko)+Chrome/66.0.3359.181+Safari/537.36 http://localhost:51722/ReceiptBox?page=0&NumberOfRecords=25&currentTab=0&day=30 302 0 64 34343
2018-05-16 16:42:48 ::1 GET /User/LogOut - 51722 - ::1 Mozilla/5.0+(Windows+NT+10.0;+Win64;+x64)+AppleWebKit/537.36+(KHTML,+like+Gecko)+Chrome/66.0.3359.181+Safari/537.36 http://localhost:51722/ReceiptBox?page=0&NumberOfRecords=25&currentTab=0&day=30 302 0 64 18603
2018-05-16 16:43:02 ::1 GET /User/LogOut - 51722 - ::1 Mozilla/5.0+(Windows+NT+10.0;+Win64;+x64)+AppleWebKit/537.36+(KHTML,+like+Gecko)+Chrome/66.0.3359.181+Safari/537.36 http://localhost:51722/ReceiptBox?page=0&NumberOfRecords=25&currentTab=0&day=30 302 0 64 17019
2018-05-16 16:43:02 ::1 GET /User/LogOut - 51722 - ::1 Mozilla/5.0+(Windows+NT+10.0;+Win64;+x64)+AppleWebKit/537.36+(KHTML,+like+Gecko)+Chrome/66.0.3359.181+Safari/537.36 http://localhost:51722/ReceiptBox?page=0&NumberOfRecords=25&currentTab=0&day=30 302 0 64 29026
2018-05-16 16:43:17 ::1 GET /User/LogOut - 51722 - ::1 Mozilla/5.0+(Windows+NT+10.0;+Win64;+x64)+AppleWebKit/537.36+(KHTML,+like+Gecko)+Chrome/66.0.3359.181+Safari/537.36 http://localhost:51722/ReceiptBox?page=0&NumberOfRecords=25&currentTab=0&day=30 302 0 64 15461
2018-05-16 16:43:17 ::1 GET /User/LogOut - 51722 - ::1 Mozilla/5.0+(Windows+NT+10.0;+Win64;+x64)+AppleWebKit/537.36+(KHTML,+like+Gecko)+Chrome/66.0.3359.181+Safari/537.36 http://localhost:51722/ReceiptBox?page=0&NumberOfRecords=25&currentTab=0&day=30 302 0 64 51457
2018-05-16 16:43:17 ::1 GET /User/LogOut - 51722 - ::1 Mozilla/5.0+(Windows+NT+10.0;+Win64;+x64)+AppleWebKit/537.36+(KHTML,+like+Gecko)+Chrome/66.0.3359.181+Safari/537.36 http://localhost:51722/ReceiptBox?page=0&NumberOfRecords=25&currentTab=0&day=30 302 0 0 1804
2018-05-16 16:43:17 ::1 GET /User/LogOut - 51722 - ::1 Mozilla/5.0+(Windows+NT+10.0;+Win64;+x64)+AppleWebKit/537.36+(KHTML,+like+Gecko)+Chrome/66.0.3359.181+Safari/537.36 http://localhost:51722/ReceiptBox?page=0&NumberOfRecords=25&currentTab=0&day=30 302 0 64 45818
2018-05-16 16:43:18 ::1 GET /User/LogOut - 51722 - ::1 Mozilla/5.0+(Windows+NT+10.0;+Win64;+x64)+AppleWebKit/537.36+(KHTML,+like+Gecko)+Chrome/66.0.3359.181+Safari/537.36 http://localhost:51722/ReceiptBox?page=0&NumberOfRecords=25&currentTab=0&day=30 302 0 64 50517
2018-05-16 16:43:18 ::1 GET / - 51722 - ::1 Mozilla/5.0+(Windows+NT+10.0;+Win64;+x64)+AppleWebKit/537.36+(KHTML,+like+Gecko)+Chrome/66.0.3359.181+Safari/537.36 http://localhost:51722/ReceiptBox?page=0&NumberOfRecords=25&currentTab=0&day=30 302 0 64 702
2018-05-16 16:43:18 ::1 GET /User/LogOut - 51722 - ::1 Mozilla/5.0+(Windows+NT+10.0;+Win64;+x64)+AppleWebKit/537.36+(KHTML,+like+Gecko)+Chrome/66.0.3359.181+Safari/537.36 http://localhost:51722/ReceiptBox?page=0&NumberOfRecords=25&currentTab=0&day=30 302 0 64 12384
2018-05-16 16:43:18 ::1 GET /User/LogOut - 51722 - ::1 Mozilla/5.0+(Windows+NT+10.0;+Win64;+x64)+AppleWebKit/537.36+(KHTML,+like+Gecko)+Chrome/66.0.3359.181+Safari/537.36 http://localhost:51722/ReceiptBox?page=0&NumberOfRecords=25&currentTab=0&day=30 302 0 0 556
2018-05-16 16:43:18 ::1 GET / - 51722 - ::1 Mozilla/5.0+(Windows+NT+10.0;+Win64;+x64)+AppleWebKit/537.36+(KHTML,+like+Gecko)+Chrome/66.0.3359.181+Safari/537.36 http://localhost:51722/ReceiptBox?page=0&NumberOfRecords=25&currentTab=0&day=30 302 0 0 390
2018-05-16 16:43:18 ::1 GET /User/LogOut - 51722 - ::1 Mozilla/5.0+(Windows+NT+10.0;+Win64;+x64)+AppleWebKit/537.36+(KHTML,+like+Gecko)+Chrome/66.0.3359.181+Safari/537.36 http://localhost:51722/ReceiptBox?page=0&NumberOfRecords=25&currentTab=0&day=30 302 0 64 4961
2018-05-16 16:43:18 ::1 GET /User/LogOut - 51722 - ::1 Mozilla/5.0+(Windows+NT+10.0;+Win64;+x64)+AppleWebKit/537.36+(KHTML,+like+Gecko)+Chrome/66.0.3359.181+Safari/537.36 http://localhost:51722/ReceiptBox?page=0&NumberOfRecords=25&currentTab=0&day=30 302 0 64 31361
2018-05-16 16:43:19 ::1 GET /User/LogOut - 51722 - ::1 Mozilla/5.0+(Windows+NT+10.0;+Win64;+x64)+AppleWebKit/537.36+(KHTML,+like+Gecko)+Chrome/66.0.3359.181+Safari/537.36 http://localhost:51722/ReceiptBox?page=0&NumberOfRecords=25&currentTab=0&day=30 302 0 64 25534
2018-05-16 16:43:19 ::1 GET /User/LogOut - 51722 - ::1 Mozilla/5.0+(Windows+NT+10.0;+Win64;+x64)+AppleWebKit/537.36+(KHTML,+like+Gecko)+Chrome/66.0.3359.181+Safari/537.36 http://localhost:51722/ReceiptBox?page=0&NumberOfRecords=25&currentTab=0&day=30 302 0 64 7761
2018-05-16 16:43:19 ::1 GET /User/LogOut - 51722 - ::1 Mozilla/5.0+(Windows+NT+10.0;+Win64;+x64)+AppleWebKit/537.36+(KHTML,+like+Gecko)+Chrome/66.0.3359.181+Safari/537.36 http://localhost:51722/ReceiptBox?page=0&NumberOfRecords=25&currentTab=0&day=30 302 0 64 24013
2018-05-16 16:43:19 ::1 GET /User/LogOut - 51722 - ::1 Mozilla/5.0+(Windows+NT+10.0;+Win64;+x64)+AppleWebKit/537.36+(KHTML,+like+Gecko)+Chrome/66.0.3359.181+Safari/537.36 http://localhost:51722/ReceiptBox?page=0&NumberOfRecords=25&currentTab=0&day=30 302 0 64 10309
2018-05-16 16:43:20 ::1 GET /User/LogOut - 51722 - ::1 Mozilla/5.0+(Windows+NT+10.0;+Win64;+x64)+AppleWebKit/537.36+(KHTML,+like+Gecko)+Chrome/66.0.3359.181+Safari/537.36 http://localhost:51722/ReceiptBox?page=0&NumberOfRecords=25&currentTab=0&day=30 302 0 64 30638
2018-05-16 16:43:20 ::1 GET /User/LogOut - 51722 - ::1 Mozilla/5.0+(Windows+NT+10.0;+Win64;+x64)+AppleWebKit/537.36+(KHTML,+like+Gecko)+Chrome/66.0.3359.181+Safari/537.36 http://localhost:51722/ReceiptBox?page=0&NumberOfRecords=25&currentTab=0&day=30 302 0 64 13014
2018-05-16 16:43:22 ::1 GET /User/LogOut - 51722 - ::1 Mozilla/5.0+(Windows+NT+10.0;+Win64;+x64)+AppleWebKit/537.36+(KHTML,+like+Gecko)+Chrome/66.0.3359.181+Safari/537.36 http://localhost:51722/ReceiptBox?page=0&NumberOfRecords=25&currentTab=0&day=30 302 0 64 22303
2018-05-16 16:43:22 ::1 GET /User/LogOn - 51722 - ::1 Mozilla/5.0+(Windows+NT+10.0;+Win64;+x64)+AppleWebKit/537.36+(KHTML,+like+Gecko)+Chrome/66.0.3359.181+Safari/537.36 http://localhost:51722/ReceiptBox?page=0&NumberOfRecords=25&currentTab=0&day=30 200 0 64 3424
2018-05-16 16:43:36 ::1 GET /User/LogOut - 51722 - ::1 Mozilla/5.0+(Windows+NT+10.0;+Win64;+x64)+AppleWebKit/537.36+(KHTML,+like+Gecko)+Chrome/66.0.3359.181+Safari/537.36 http://localhost:51722/ReceiptBox?page=0&NumberOfRecords=25&currentTab=0&day=30 302 0 64 37379
2018-05-16 16:43:36 ::1 GET /User/LogOut - 51722 - ::1 Mozilla/5.0+(Windows+NT+10.0;+Win64;+x64)+AppleWebKit/537.36+(KHTML,+like+Gecko)+Chrome/66.0.3359.181+Safari/537.36 http://localhost:51722/ReceiptBox?page=0&NumberOfRecords=25&currentTab=0&day=30 302 0 64 14970
2018-05-16 16:43:36 ::1 GET /User/LogOut - 51722 - ::1 Mozilla/5.0+(Windows+NT+10.0;+Win64;+x64)+AppleWebKit/537.36+(KHTML,+like+Gecko)+Chrome/66.0.3359.181+Safari/537.36 http://localhost:51722/ReceiptBox?page=0&NumberOfRecords=25&currentTab=0&day=30 302 0 0 1230
2018-05-16 16:43:36 ::1 GET / - 51722 - ::1 Mozilla/5.0+(Windows+NT+10.0;+Win64;+x64)+AppleWebKit/537.36+(KHTML,+like+Gecko)+Chrome/66.0.3359.181+Safari/537.36 http://localhost:51722/ReceiptBox?page=0&NumberOfRecords=25&currentTab=0&day=30 302 0 0 476
2018-05-16 16:43:36 ::1 GET /User/LogOut - 51722 - ::1 Mozilla/5.0+(Windows+NT+10.0;+Win64;+x64)+AppleWebKit/537.36+(KHTML,+like+Gecko)+Chrome/66.0.3359.181+Safari/537.36 http://localhost:51722/ReceiptBox?page=0&NumberOfRecords=25&currentTab=0&day=30 302 0 64 45745
2018-05-16 16:43:36 ::1 GET /User/LogOut - 51722 - ::1 Mozilla/5.0+(Windows+NT+10.0;+Win64;+x64)+AppleWebKit/537.36+(KHTML,+like+Gecko)+Chrome/66.0.3359.181+Safari/537.36 http://localhost:51722/ReceiptBox?page=0&NumberOfRecords=25&currentTab=0&day=30 302 0 64 17751
2018-05-16 16:43:38 ::1 GET /User/LogOut - 51722 - ::1 Mozilla/5.0+(Windows+NT+10.0;+Win64;+x64)+AppleWebKit/537.36+(KHTML,+like+Gecko)+Chrome/66.0.3359.181+Safari/537.36 http://localhost:51722/ReceiptBox?page=0&NumberOfRecords=25&currentTab=0&day=30 302 0 64 4210
2018-05-16 16:43:38 ::1 GET /User/LogOut - 51722 - ::1 Mozilla/5.0+(Windows+NT+10.0;+Win64;+x64)+AppleWebKit/537.36+(KHTML,+like+Gecko)+Chrome/66.0.3359.181+Safari/537.36 http://localhost:51722/ReceiptBox?page=0&NumberOfRecords=25&currentTab=0&day=30 302 0 64 10387
2018-05-16 16:43:38 ::1 GET /User/LogOut - 51722 - ::1 Mozilla/5.0+(Windows+NT+10.0;+Win64;+x64)+AppleWebKit/537.36+(KHTML,+like+Gecko)+Chrome/66.0.3359.181+Safari/537.36 http://localhost:51722/ReceiptBox?page=0&NumberOfRecords=25&currentTab=0&day=30 302 0 64 6696
2018-05-16 16:43:38 ::1 GET /User/LogOut - 51722 - ::1 Mozilla/5.0+(Windows+NT+10.0;+Win64;+x64)+AppleWebKit/537.36+(KHTML,+like+Gecko)+Chrome/66.0.3359.181+Safari/537.36 http://localhost:51722/ReceiptBox?page=0&NumberOfRecords=25&currentTab=0&day=30 302 0 64 14829
2018-05-16 16:43:39 ::1 GET /User/LogOut - 51722 - ::1 Mozilla/5.0+(Windows+NT+10.0;+Win64;+x64)+AppleWebKit/537.36+(KHTML,+like+Gecko)+Chrome/66.0.3359.181+Safari/537.36 http://localhost:51722/ReceiptBox?page=0&NumberOfRecords=25&currentTab=0&day=30 302 0 64 9371
2018-05-16 16:43:40 ::1 GET /User/LogOut - 51722 - ::1 Mozilla/5.0+(Windows+NT+10.0;+Win64;+x64)+AppleWebKit/537.36+(KHTML,+like+Gecko)+Chrome/66.0.3359.181+Safari/537.36 http://localhost:51722/ReceiptBox?page=0&NumberOfRecords=25&currentTab=0&day=30 302 0 64 14507
2018-05-16 16:43:40 ::1 GET /User/LogOn - 51722 - ::1 Mozilla/5.0+(Windows+NT+10.0;+Win64;+x64)+AppleWebKit/537.36+(KHTML,+like+Gecko)+Chrome/66.0.3359.181+Safari/537.36 http://localhost:51722/ReceiptBox?page=0&NumberOfRecords=25&currentTab=0&day=30 200 0 64 3001
2018-05-16 16:43:40 ::1 GET /User/LogOut - 51722 - ::1 Mozilla/5.0+(Windows+NT+10.0;+Win64;+x64)+AppleWebKit/537.36+(KHTML,+like+Gecko)+Chrome/66.0.3359.181+Safari/537.36 http://localhost:51722/ReceiptBox?page=0&NumberOfRecords=25&currentTab=0&day=30 302 0 0 1089
2018-05-16 16:43:40 ::1 GET / - 51722 - ::1 Mozilla/5.0+(Windows+NT+10.0;+Win64;+x64)+AppleWebKit/537.36+(KHTML,+like+Gecko)+Chrome/66.0.3359.181+Safari/537.36 http://localhost:51722/ReceiptBox?page=0&NumberOfRecords=25&currentTab=0&day=30 302 0 0 269
2018-05-16 16:43:42 ::1 GET /User/LogOut - 51722 - ::1 Mozilla/5.0+(Windows+NT+10.0;+Win64;+x64)+AppleWebKit/537.36+(KHTML,+like+Gecko)+Chrome/66.0.3359.181+Safari/537.36 http://localhost:51722/ReceiptBox?page=0&NumberOfRecords=25&currentTab=0&day=30 302 0 64 4145
2018-05-16 16:43:42 ::1 GET /User/LogOn - 51722 - ::1 Mozilla/5.0+(Windows+NT+10.0;+Win64;+x64)+AppleWebKit/537.36+(KHTML,+like+Gecko)+Chrome/66.0.3359.181+Safari/537.36 http://localhost:51722/ReceiptBox?page=0&NumberOfRecords=25&currentTab=0&day=30 200 0 64 824
2018-05-16 16:43:56 ::1 GET /User/LogOut - 51722 - ::1 Mozilla/5.0+(Windows+NT+10.0;+Win64;+x64)+AppleWebKit/537.36+(KHTML,+like+Gecko)+Chrome/66.0.3359.181+Safari/537.36 http://localhost:51722/ReceiptBox?page=0&NumberOfRecords=25&currentTab=0&day=30 302 0 64 14885
2018-05-16 16:44:11 ::1 GET /User/LogOut - 51722 - ::1 Mozilla/5.0+(Windows+NT+10.0;+Win64;+x64)+AppleWebKit/537.36+(KHTML,+like+Gecko)+Chrome/66.0.3359.181+Safari/537.36 http://localhost:51722/ReceiptBox?page=0&NumberOfRecords=25&currentTab=0&day=30 302 0 64 15388
2018-05-16 16:44:11 ::1 GET /User/LogOut - 51722 - ::1 Mozilla/5.0+(Windows+NT+10.0;+Win64;+x64)+AppleWebKit/537.36+(KHTML,+like+Gecko)+Chrome/66.0.3359.181+Safari/537.36 http://localhost:51722/ReceiptBox?page=0&NumberOfRecords=25&currentTab=0&day=30 302 0 64 3737
2018-05-16 16:44:11 ::1 GET /User/LogOut - 51722 - ::1 Mozilla/5.0+(Windows+NT+10.0;+Win64;+x64)+AppleWebKit/537.36+(KHTML,+like+Gecko)+Chrome/66.0.3359.181+Safari/537.36 http://localhost:51722/ReceiptBox?page=0&NumberOfRecords=25&currentTab=0&day=30 302 0 64 17878
2018-05-16 16:44:11 ::1 GET /User/LogOut - 51722 - ::1 Mozilla/5.0+(Windows+NT+10.0;+Win64;+x64)+AppleWebKit/537.36+(KHTML,+like+Gecko)+Chrome/66.0.3359.181+Safari/537.36 http://localhost:51722/ReceiptBox?page=0&NumberOfRecords=25&currentTab=0&day=30 302 0 0 177
2018-05-16 16:44:12 ::1 GET / - 51722 - ::1 Mozilla/5.0+(Windows+NT+10.0;+Win64;+x64)+AppleWebKit/537.36+(KHTML,+like+Gecko)+Chrome/66.0.3359.181+Safari/537.36 http://localhost:51722/ReceiptBox?page=0&NumberOfRecords=25&currentTab=0&day=30 302 0 0 342
2018-05-16 16:44:12 ::1 GET /User/LogOut - 51722 - ::1 Mozilla/5.0+(Windows+NT+10.0;+Win64;+x64)+AppleWebKit/537.36+(KHTML,+like+Gecko)+Chrome/66.0.3359.181+Safari/537.36 http://localhost:51722/ReceiptBox?page=0&NumberOfRecords=25&currentTab=0&day=30 302 0 64 14529
2018-05-16 16:44:12 ::1 GET /User/LogOut - 51722 - ::1 Mozilla/5.0+(Windows+NT+10.0;+Win64;+x64)+AppleWebKit/537.36+(KHTML,+like+Gecko)+Chrome/66.0.3359.181+Safari/537.36 http://localhost:51722/ReceiptBox?page=0&NumberOfRecords=25&currentTab=0&day=30 302 0 64 2826
2018-05-16 16:44:12 ::1 GET /User/LogOut - 51722 - ::1 Mozilla/5.0+(Windows+NT+10.0;+Win64;+x64)+AppleWebKit/537.36+(KHTML,+like+Gecko)+Chrome/66.0.3359.181+Safari/537.36 http://localhost:51722/ReceiptBox?page=0&NumberOfRecords=25&currentTab=0&day=30 302 0 64 7272
2018-05-16 16:44:13 ::1 GET /User/LogOut - 51722 - ::1 Mozilla/5.0+(Windows+NT+10.0;+Win64;+x64)+AppleWebKit/537.36+(KHTML,+like+Gecko)+Chrome/66.0.3359.181+Safari/537.36 http://localhost:51722/ReceiptBox?page=0&NumberOfRecords=25&currentTab=0&day=30 302 0 64 23512
2018-05-16 16:44:13 ::1 GET /User/LogOut - 51722 - ::1 Mozilla/5.0+(Windows+NT+10.0;+Win64;+x64)+AppleWebKit/537.36+(KHTML,+like+Gecko)+Chrome/66.0.3359.181+Safari/537.36 http://localhost:51722/ReceiptBox?page=0&NumberOfRecords=25&currentTab=0&day=30 302 0 64 9760
2018-05-16 16:44:13 ::1 GET /User/LogOut - 51722 - ::1 Mozilla/5.0+(Windows+NT+10.0;+Win64;+x64)+AppleWebKit/537.36+(KHTML,+like+Gecko)+Chrome/66.0.3359.181+Safari/537.36 http://localhost:51722/ReceiptBox?page=0&NumberOfRecords=25&currentTab=0&day=30 302 0 64 21904
2018-05-16 16:44:13 ::1 GET /User/LogOut - 51722 - ::1 Mozilla/5.0+(Windows+NT+10.0;+Win64;+x64)+AppleWebKit/537.36+(KHTML,+like+Gecko)+Chrome/66.0.3359.181+Safari/537.36 http://localhost:51722/ReceiptBox?page=0&NumberOfRecords=25&currentTab=0&day=30 302 0 64 12338
2018-05-16 16:44:13 ::1 GET /User/LogOut - 51722 - ::1 Mozilla/5.0+(Windows+NT+10.0;+Win64;+x64)+AppleWebKit/537.36+(KHTML,+like+Gecko)+Chrome/66.0.3359.181+Safari/537.36 http://localhost:51722/ReceiptBox?page=0&NumberOfRecords=25&currentTab=0&day=30 302 0 64 28523
2018-05-16 16:44:15 ::1 GET /User/LogOut - 51722 - ::1 Mozilla/5.0+(Windows+NT+10.0;+Win64;+x64)+AppleWebKit/537.36+(KHTML,+like+Gecko)+Chrome/66.0.3359.181+Safari/537.36 http://localhost:51722/ReceiptBox?page=0&NumberOfRecords=25&currentTab=0&day=30 302 0 64 15491
2018-05-16 16:44:15 ::1 GET /User/LogOn - 51722 - ::1 Mozilla/5.0+(Windows+NT+10.0;+Win64;+x64)+AppleWebKit/537.36+(KHTML,+like+Gecko)+Chrome/66.0.3359.181+Safari/537.36 http://localhost:51722/ReceiptBox?page=0&NumberOfRecords=25&currentTab=0&day=30 200 0 64 2986
2018-05-16 16:44:15 ::1 GET /User/LogOut - 51722 - ::1 Mozilla/5.0+(Windows+NT+10.0;+Win64;+x64)+AppleWebKit/537.36+(KHTML,+like+Gecko)+Chrome/66.0.3359.181+Safari/537.36 http://localhost:51722/ReceiptBox?page=0&NumberOfRecords=25&currentTab=0&day=30 302 0 0 1670
2018-05-16 16:44:15 ::1 GET / - 51722 - ::1 Mozilla/5.0+(Windows+NT+10.0;+Win64;+x64)+AppleWebKit/537.36+(KHTML,+like+Gecko)+Chrome/66.0.3359.181+Safari/537.36 http://localhost:51722/ReceiptBox?page=0&NumberOfRecords=25&currentTab=0&day=30 302 0 0 167
2018-05-16 16:44:15 ::1 GET /User/LogOut - 51722 - ::1 Mozilla/5.0+(Windows+NT+10.0;+Win64;+x64)+AppleWebKit/537.36+(KHTML,+like+Gecko)+Chrome/66.0.3359.181+Safari/537.36 http://localhost:51722/ReceiptBox?page=0&NumberOfRecords=25&currentTab=0&day=30 302 0 64 32329
2018-05-16 16:44:16 ::1 GET /User/LogOn - 51722 - ::1 Mozilla/5.0+(Windows+NT+10.0;+Win64;+x64)+AppleWebKit/537.36+(KHTML,+like+Gecko)+Chrome/66.0.3359.181+Safari/537.36 http://localhost:51722/ReceiptBox?page=0&NumberOfRecords=25&currentTab=0&day=30 200 0 64 704
2018-05-16 16:44:30 ::1 GET /User/LogOut - 51722 - ::1 Mozilla/5.0+(Windows+NT+10.0;+Win64;+x64)+AppleWebKit/537.36+(KHTML,+like+Gecko)+Chrome/66.0.3359.181+Safari/537.36 http://localhost:51722/ReceiptBox?page=0&NumberOfRecords=25&currentTab=0&day=30 302 0 64 14932
2018-05-16 16:44:30 ::1 GET /User/LogOut - 51722 - ::1 Mozilla/5.0+(Windows+NT+10.0;+Win64;+x64)+AppleWebKit/537.36+(KHTML,+like+Gecko)+Chrome/66.0.3359.181+Safari/537.36 http://localhost:51722/ReceiptBox?page=0&NumberOfRecords=25&currentTab=0&day=30 302 0 64 42891
2018-05-16 16:44:45 ::1 GET /User/LogOut - 51722 - ::1 Mozilla/5.0+(Windows+NT+10.0;+Win64;+x64)+AppleWebKit/537.36+(KHTML,+like+Gecko)+Chrome/66.0.3359.181+Safari/537.36 http://localhost:51722/ReceiptBox?page=0&NumberOfRecords=25&currentTab=0&day=30 302 0 64 15350
2018-05-16 16:44:45 ::1 GET /User/LogOut - 51722 - ::1 Mozilla/5.0+(Windows+NT+10.0;+Win64;+x64)+AppleWebKit/537.36+(KHTML,+like+Gecko)+Chrome/66.0.3359.181+Safari/537.36 http://localhost:51722/ReceiptBox?page=0&NumberOfRecords=25&currentTab=0&day=30 302 0 0 1667
2018-05-16 16:44:45 ::1 GET / - 51722 - ::1 Mozilla/5.0+(Windows+NT+10.0;+Win64;+x64)+AppleWebKit/537.36+(KHTML,+like+Gecko)+Chrome/66.0.3359.181+Safari/537.36 http://localhost:51722/ReceiptBox?page=0&NumberOfRecords=25&currentTab=0&day=30 302 0 64 368
2018-05-16 16:44:45 ::1 GET /User/LogOut - 51722 - ::1 Mozilla/5.0+(Windows+NT+10.0;+Win64;+x64)+AppleWebKit/537.36+(KHTML,+like+Gecko)+Chrome/66.0.3359.181+Safari/537.36 http://localhost:51722/ReceiptBox?page=0&NumberOfRecords=25&currentTab=0&day=30 302 0 64 18337
2018-05-16 16:44:45 ::1 GET /User/LogOut - 51722 - ::1 Mozilla/5.0+(Windows+NT+10.0;+Win64;+x64)+AppleWebKit/537.36+(KHTML,+like+Gecko)+Chrome/66.0.3359.181+Safari/537.36 http://localhost:51722/ReceiptBox?page=0&NumberOfRecords=25&currentTab=0&day=30 302 0 0 332
2018-05-16 16:44:46 ::1 GET / - 51722 - ::1 Mozilla/5.0+(Windows+NT+10.0;+Win64;+x64)+AppleWebKit/537.36+(KHTML,+like+Gecko)+Chrome/66.0.3359.181+Safari/537.36 http://localhost:51722/ReceiptBox?page=0&NumberOfRecords=25&currentTab=0&day=30 302 0 0 373
2018-05-16 16:44:46 ::1 GET /User/LogOut - 51722 - ::1 Mozilla/5.0+(Windows+NT+10.0;+Win64;+x64)+AppleWebKit/537.36+(KHTML,+like+Gecko)+Chrome/66.0.3359.181+Safari/537.36 http://localhost:51722/ReceiptBox?page=0&NumberOfRecords=25&currentTab=0&day=30 302 0 64 22740
2018-05-16 16:44:46 ::1 GET /User/LogOut - 51722 - ::1 Mozilla/5.0+(Windows+NT+10.0;+Win64;+x64)+AppleWebKit/537.36+(KHTML,+like+Gecko)+Chrome/66.0.3359.181+Safari/537.36 http://localhost:51722/ReceiptBox?page=0&NumberOfRecords=25&currentTab=0&day=30 302 0 64 15167
2018-05-16 16:44:46 ::1 GET /User/LogOn - 51722 - ::1 Mozilla/5.0+(Windows+NT+10.0;+Win64;+x64)+AppleWebKit/537.36+(KHTML,+like+Gecko)+Chrome/66.0.3359.181+Safari/537.36 http://localhost:51722/ReceiptBox?page=0&NumberOfRecords=25&currentTab=0&day=30 200 0 0 876
2018-05-16 16:44:46 ::1 GET /User/LogOut - 51722 - ::1 Mozilla/5.0+(Windows+NT+10.0;+Win64;+x64)+AppleWebKit/537.36+(KHTML,+like+Gecko)+Chrome/66.0.3359.181+Safari/537.36 http://localhost:51722/ReceiptBox?page=0&NumberOfRecords=25&currentTab=0&day=30 302 0 64 5664
2018-05-16 16:44:47 ::1 GET /User/LogOut - 51722 - ::1 Mozilla/5.0+(Windows+NT+10.0;+Win64;+x64)+AppleWebKit/537.36+(KHTML,+like+Gecko)+Chrome/66.0.3359.181+Safari/537.36 http://localhost:51722/ReceiptBox?page=0&NumberOfRecords=25&currentTab=0&day=30 302 0 64 7916
2018-05-16 16:44:47 ::1 GET /User/assets/pages/img/login/bg1.jpg - 51722 - ::1 Mozilla/5.0+(Windows+NT+10.0;+Win64;+x64)+AppleWebKit/537.36+(KHTML,+like+Gecko)+Chrome/66.0.3359.181+Safari/537.36 http://localhost:51722/User/LogOn 404 0 2 88
2018-05-16 16:44:47 ::1 GET /User/LogOut - 51722 - ::1 Mozilla/5.0+(Windows+NT+10.0;+Win64;+x64)+AppleWebKit/537.36+(KHTML,+like+Gecko)+Chrome/66.0.3359.181+Safari/537.36 http://localhost:51722/ReceiptBox?page=0&NumberOfRecords=25&currentTab=0&day=30 302 0 64 22229
2018-05-16 16:44:49 ::1 GET /User/LogOut - 51722 - ::1 Mozilla/5.0+(Windows+NT+10.0;+Win64;+x64)+AppleWebKit/537.36+(KHTML,+like+Gecko)+Chrome/66.0.3359.181+Safari/537.36 http://localhost:51722/ReceiptBox?page=0&NumberOfRecords=25&currentTab=0&day=30 302 0 64 27096
2018-05-16 16:44:49 ::1 GET /User/LogOut - 51722 - ::1 Mozilla/5.0+(Windows+NT+10.0;+Win64;+x64)+AppleWebKit/537.36+(KHTML,+like+Gecko)+Chrome/66.0.3359.181+Safari/537.36 http://localhost:51722/ReceiptBox?page=0&NumberOfRecords=25&currentTab=0&day=30 302 0 64 29377
2018-05-16 16:44:49 ::1 GET /User/LogOut - 51722 - ::1 Mozilla/5.0+(Windows+NT+10.0;+Win64;+x64)+AppleWebKit/537.36+(KHTML,+like+Gecko)+Chrome/66.0.3359.181+Safari/537.36 http://localhost:51722/ReceiptBox?page=0&NumberOfRecords=25&currentTab=0&day=30 302 0 64 31716
2018-05-16 16:44:49 ::1 GET /User/LogOut - 51722 - ::1 Mozilla/5.0+(Windows+NT+10.0;+Win64;+x64)+AppleWebKit/537.36+(KHTML,+like+Gecko)+Chrome/66.0.3359.181+Safari/537.36 http://localhost:51722/ReceiptBox?page=0&NumberOfRecords=25&currentTab=0&day=30 302 0 64 11925
2018-05-16 16:45:04 ::1 GET /User/LogOut - 51722 - ::1 Mozilla/5.0+(Windows+NT+10.0;+Win64;+x64)+AppleWebKit/537.36+(KHTML,+like+Gecko)+Chrome/66.0.3359.181+Safari/537.36 http://localhost:51722/ReceiptBox?page=0&NumberOfRecords=25&currentTab=0&day=30 302 0 64 28783
2018-05-16 16:45:19 ::1 GET /User/LogOut - 51722 - ::1 Mozilla/5.0+(Windows+NT+10.0;+Win64;+x64)+AppleWebKit/537.36+(KHTML,+like+Gecko)+Chrome/66.0.3359.181+Safari/537.36 http://localhost:51722/ReceiptBox?page=0&NumberOfRecords=25&currentTab=0&day=30 302 0 64 45158
#Software: Microsoft Internet Information Services 8.0
#Version: 1.0
#Date: 2018-05-16 17:05:37
#Fields: date time s-ip cs-method cs-uri-stem cs-uri-query s-port cs-username c-ip cs(User-Agent) cs(Referer) sc-status sc-substatus sc-win32-status time-taken
2018-05-16 17:05:37 ::1 POST /User/LogOn - 51722 - ::1 Mozilla/5.0+(Windows+NT+10.0;+Win64;+x64)+AppleWebKit/537.36+(KHTML,+like+Gecko)+Chrome/66.0.3359.181+Safari/537.36 http://localhost:51722/User/LogOn 302 0 0 32976
2018-05-16 17:05:57 ::1 GET / - 51722 qcemployee7.gorilla@gmail.com ::1 Mozilla/5.0+(Windows+NT+10.0;+Win64;+x64)+AppleWebKit/537.36+(KHTML,+like+Gecko)+Chrome/66.0.3359.181+Safari/537.36 http://localhost:51722/User/LogOn 200 0 0 19729
2018-05-16 17:08:24 ::1 GET /ReceiptBox - 51722 qcemployee7.gorilla@gmail.com ::1 Mozilla/5.0+(Windows+NT+10.0;+Win64;+x64)+AppleWebKit/537.36+(KHTML,+like+Gecko)+Chrome/66.0.3359.181+Safari/537.36 http://localhost:51722/ 200 0 0 7162
2018-05-16 17:08:30 ::1 GET /ReceiptBox/GetScanningStatusbulk/ - 51722 qcemployee7.gorilla@gmail.com ::1 Mozilla/5.0+(Windows+NT+10.0;+Win64;+x64)+AppleWebKit/537.36+(KHTML,+like+Gecko)+Chrome/66.0.3359.181+Safari/537.36 http://localhost:51722/ReceiptBox 200 0 0 5110
2018-05-16 17:11:04 ::1 GET /ReceiptBox/Index/ page=1&NumberOfRecords=NaN&currentTab=0&day=30 51722 qcemployee7.gorilla@gmail.com ::1 Mozilla/5.0+(Windows+NT+10.0;+Win64;+x64)+AppleWebKit/537.36+(KHTML,+like+Gecko)+Chrome/66.0.3359.181+Safari/537.36 http://localhost:51722/ReceiptBox 200 0 0 6070
2018-05-16 17:16:48 ::1 GET /User/LogOn - 51722 qcemployee7.gorilla@gmail.com ::1 Mozilla/5.0+(Windows+NT+10.0;+Win64;+x64)+AppleWebKit/537.36+(KHTML,+like+Gecko)+Chrome/66.0.3359.181+Safari/537.36 http://localhost:51722/ReceiptBox 302 0 0 2232
2018-05-16 17:17:08 ::1 GET / - 51722 qcemployee7.gorilla@gmail.com ::1 Mozilla/5.0+(Windows+NT+10.0;+Win64;+x64)+AppleWebKit/537.36+(KHTML,+like+Gecko)+Chrome/66.0.3359.181+Safari/537.36 http://localhost:51722/ReceiptBox 200 0 0 19660
2018-05-16 17:19:27 ::1 GET /User/LogOn - 51722 qcemployee7.gorilla@gmail.com ::1 Mozilla/5.0+(Windows+NT+10.0;+Win64;+x64)+AppleWebKit/537.36+(KHTML,+like+Gecko)+Chrome/66.0.3359.181+Safari/537.36 http://localhost:51722/ReceiptBox 302 0 0 2300
2018-05-16 17:19:45 ::1 GET / - 51722 qcemployee7.gorilla@gmail.com ::1 Mozilla/5.0+(Windows+NT+10.0;+Win64;+x64)+AppleWebKit/537.36+(KHTML,+like+Gecko)+Chrome/66.0.3359.181+Safari/537.36 http://localhost:51722/ReceiptBox 200 0 0 17535
2018-05-16 19:15:36 ::1 GET /User/LogOut - 51722 - ::1 Mozilla/5.0+(Windows+NT+10.0;+Win64;+x64)+AppleWebKit/537.36+(KHTML,+like+Gecko)+Chrome/66.0.3359.181+Safari/537.36 http://localhost:51722/ReceiptBox 302 0 64 16743
2018-05-16 19:15:51 ::1 GET /User/LogOut - 51722 - ::1 Mozilla/5.0+(Windows+NT+10.0;+Win64;+x64)+AppleWebKit/537.36+(KHTML,+like+Gecko)+Chrome/66.0.3359.181+Safari/537.36 http://localhost:51722/ReceiptBox 302 0 64 15943
2018-05-16 19:15:51 ::1 GET /User/LogOut - 51722 - ::1 Mozilla/5.0+(Windows+NT+10.0;+Win64;+x64)+AppleWebKit/537.36+(KHTML,+like+Gecko)+Chrome/66.0.3359.181+Safari/537.36 http://localhost:51722/ReceiptBox 302 0 64 4134
2018-05-16 19:15:51 ::1 GET /User/LogOut - 51722 - ::1 Mozilla/5.0+(Windows+NT+10.0;+Win64;+x64)+AppleWebKit/537.36+(KHTML,+like+Gecko)+Chrome/66.0.3359.181+Safari/537.36 http://localhost:51722/ReceiptBox 302 0 64 12293
2018-05-16 19:15:51 ::1 GET /User/LogOut - 51722 - ::1 Mozilla/5.0+(Windows+NT+10.0;+Win64;+x64)+AppleWebKit/537.36+(KHTML,+like+Gecko)+Chrome/66.0.3359.181+Safari/537.36 http://localhost:51722/ReceiptBox 302 0 64 20441
2018-05-16 19:15:51 ::1 GET /User/LogOut - 51722 - ::1 Mozilla/5.0+(Windows+NT+10.0;+Win64;+x64)+AppleWebKit/537.36+(KHTML,+like+Gecko)+Chrome/66.0.3359.181+Safari/537.36 http://localhost:51722/ReceiptBox 302 0 64 24777
2018-05-16 19:15:52 ::1 GET /User/LogOut - 51722 - ::1 Mozilla/5.0+(Windows+NT+10.0;+Win64;+x64)+AppleWebKit/537.36+(KHTML,+like+Gecko)+Chrome/66.0.3359.181+Safari/537.36 http://localhost:51722/ReceiptBox 302 0 64 23096
2018-05-16 19:15:52 ::1 GET /User/LogOut - 51722 - ::1 Mozilla/5.0+(Windows+NT+10.0;+Win64;+x64)+AppleWebKit/537.36+(KHTML,+like+Gecko)+Chrome/66.0.3359.181+Safari/537.36 http://localhost:51722/ReceiptBox 302 0 64 15363
2018-05-16 19:15:52 ::1 GET /User/LogOut - 51722 - ::1 Mozilla/5.0+(Windows+NT+10.0;+Win64;+x64)+AppleWebKit/537.36+(KHTML,+like+Gecko)+Chrome/66.0.3359.181+Safari/537.36 http://localhost:51722/ReceiptBox 302 0 64 27789
2018-05-16 19:15:52 ::1 GET /User/LogOut - 51722 - ::1 Mozilla/5.0+(Windows+NT+10.0;+Win64;+x64)+AppleWebKit/537.36+(KHTML,+like+Gecko)+Chrome/66.0.3359.181+Safari/537.36 http://localhost:51722/ReceiptBox 302 0 64 19925
2018-05-16 19:15:52 ::1 GET /User/LogOut - 51722 - ::1 Mozilla/5.0+(Windows+NT+10.0;+Win64;+x64)+AppleWebKit/537.36+(KHTML,+like+Gecko)+Chrome/66.0.3359.181+Safari/537.36 http://localhost:51722/ReceiptBox 302 0 64 8220
2018-05-16 19:15:54 ::1 GET /User/LogOut - 51722 - ::1 Mozilla/5.0+(Windows+NT+10.0;+Win64;+x64)+AppleWebKit/537.36+(KHTML,+like+Gecko)+Chrome/66.0.3359.181+Safari/537.36 http://localhost:51722/ReceiptBox 302 0 64 12865
2018-05-16 19:15:54 ::1 GET /User/LogOut - 51722 - ::1 Mozilla/5.0+(Windows+NT+10.0;+Win64;+x64)+AppleWebKit/537.36+(KHTML,+like+Gecko)+Chrome/66.0.3359.181+Safari/537.36 http://localhost:51722/ReceiptBox 302 0 64 11292
#Software: Microsoft Internet Information Services 8.0
#Version: 1.0
#Date: 2018-05-16 19:32:09
#Fields: date time s-ip cs-method cs-uri-stem cs-uri-query s-port cs-username c-ip cs(User-Agent) cs(Referer) sc-status sc-substatus sc-win32-status time-taken
2018-05-16 19:32:09 ::1 GET /User/LogOut - 51722 - ::1 Mozilla/5.0+(Windows+NT+10.0;+Win64;+x64)+AppleWebKit/537.36+(KHTML,+like+Gecko)+Chrome/66.0.3359.181+Safari/537.36 - 302 0 0 15251
2018-05-16 19:32:23 ::1 GET / - 51722 - ::1 Mozilla/5.0+(Windows+NT+10.0;+Win64;+x64)+AppleWebKit/537.36+(KHTML,+like+Gecko)+Chrome/66.0.3359.181+Safari/537.36 - 302 0 0 14431
2018-05-16 19:32:30 ::1 GET /User/LogOn - 51722 - ::1 Mozilla/5.0+(Windows+NT+10.0;+Win64;+x64)+AppleWebKit/537.36+(KHTML,+like+Gecko)+Chrome/66.0.3359.181+Safari/537.36 - 200 0 0 6843
2018-05-16 19:32:30 ::1 GET /User/assets/pages/img/login/bg1.jpg - 51722 - ::1 Mozilla/5.0+(Windows+NT+10.0;+Win64;+x64)+AppleWebKit/537.36+(KHTML,+like+Gecko)+Chrome/66.0.3359.181+Safari/537.36 http://localhost:51722/User/LogOn 404 0 2 4
