#Software: Microsoft Internet Information Services 8.0
#Version: 1.0
#Date: 2018-05-25 09:45:01
#Fields: date time s-ip cs-method cs-uri-stem cs-uri-query s-port cs-username c-ip cs(User-Agent) cs(Referer) sc-status sc-substatus sc-win32-status time-taken
2018-05-25 09:45:00 ::1 GET / - 51722 - ::1 Mozilla/5.0+(Windows+NT+10.0;+Win64;+x64)+AppleWebKit/537.36+(KHTML,+like+Gecko)+Chrome/66.0.3359.181+Safari/537.36 - 302 0 0 184029
2018-05-25 09:45:33 ::1 GET /User/LogOn - 51722 - ::1 Mozilla/5.0+(Windows+NT+10.0;+Win64;+x64)+AppleWebKit/537.36+(KHTML,+like+Gecko)+Chrome/66.0.3359.181+Safari/537.36 - 200 0 0 32867
2018-05-25 09:45:33 ::1 GET /assets/pages/css/font.css - 51722 - ::1 Mozilla/5.0+(Windows+NT+10.0;+Win64;+x64)+AppleWebKit/537.36+(KHTML,+like+Gecko)+Chrome/66.0.3359.181+Safari/537.36 http://localhost:51722/User/LogOn 200 0 0 163
2018-05-25 09:45:33 ::1 GET /assets/global/plugins/bootstrap-switch/css/bootstrap-switch.min.css - 51722 - ::1 Mozilla/5.0+(Windows+NT+10.0;+Win64;+x64)+AppleWebKit/537.36+(KHTML,+like+Gecko)+Chrome/66.0.3359.181+Safari/537.36 http://localhost:51722/User/LogOn 200 0 0 145
2018-05-25 09:45:33 ::1 GET /assets/global/plugins/simple-line-icons/simple-line-icons.min.css - 51722 - ::1 Mozilla/5.0+(Windows+NT+10.0;+Win64;+x64)+AppleWebKit/537.36+(KHTML,+like+Gecko)+Chrome/66.0.3359.181+Safari/537.36 http://localhost:51722/User/LogOn 200 0 0 160
2018-05-25 09:45:33 ::1 GET /assets/global/plugins/select2/css/select2-bootstrap.min.css - 51722 - ::1 Mozilla/5.0+(Windows+NT+10.0;+Win64;+x64)+AppleWebKit/537.36+(KHTML,+like+Gecko)+Chrome/66.0.3359.181+Safari/537.36 http://localhost:51722/User/LogOn 200 0 0 398
2018-05-25 09:45:33 ::1 GET /assets/global/plugins/select2/css/select2.min.css - 51722 - ::1 Mozilla/5.0+(Windows+NT+10.0;+Win64;+x64)+AppleWebKit/537.36+(KHTML,+like+Gecko)+Chrome/66.0.3359.181+Safari/537.36 http://localhost:51722/User/LogOn 200 0 0 413
2018-05-25 09:45:33 ::1 GET /assets/pages/css/login-5.min.css - 51722 - ::1 Mozilla/5.0+(Windows+NT+10.0;+Win64;+x64)+AppleWebKit/537.36+(KHTML,+like+Gecko)+Chrome/66.0.3359.181+Safari/537.36 http://localhost:51722/User/LogOn 200 0 0 337
2018-05-25 09:45:33 ::1 GET /assets/global/plugins/bootstrap/css/bootstrap.min.css - 51722 - ::1 Mozilla/5.0+(Windows+NT+10.0;+Win64;+x64)+AppleWebKit/537.36+(KHTML,+like+Gecko)+Chrome/66.0.3359.181+Safari/537.36 http://localhost:51722/User/LogOn 200 0 0 514
2018-05-25 09:45:33 ::1 GET /assets/global/css/plugins.min.css - 51722 - ::1 Mozilla/5.0+(Windows+NT+10.0;+Win64;+x64)+AppleWebKit/537.36+(KHTML,+like+Gecko)+Chrome/66.0.3359.181+Safari/537.36 http://localhost:51722/User/LogOn 200 0 0 469
2018-05-25 09:45:33 ::1 GET /assets/global/css/components.min.css - 51722 - ::1 Mozilla/5.0+(Windows+NT+10.0;+Win64;+x64)+AppleWebKit/537.36+(KHTML,+like+Gecko)+Chrome/66.0.3359.181+Safari/537.36 http://localhost:51722/User/LogOn 200 0 0 653
2018-05-25 09:45:34 ::1 GET /assets/global/plugins/jquery.min.js - 51722 - ::1 Mozilla/5.0+(Windows+NT+10.0;+Win64;+x64)+AppleWebKit/537.36+(KHTML,+like+Gecko)+Chrome/66.0.3359.181+Safari/537.36 http://localhost:51722/User/LogOn 200 0 0 361
2018-05-25 09:45:34 ::1 GET /assets/global/plugins/bootstrap/js/bootstrap.min.js - 51722 - ::1 Mozilla/5.0+(Windows+NT+10.0;+Win64;+x64)+AppleWebKit/537.36+(KHTML,+like+Gecko)+Chrome/66.0.3359.181+Safari/537.36 http://localhost:51722/User/LogOn 200 0 0 120
2018-05-25 09:45:34 ::1 GET /assets/global/plugins/js.cookie.min.js - 51722 - ::1 Mozilla/5.0+(Windows+NT+10.0;+Win64;+x64)+AppleWebKit/537.36+(KHTML,+like+Gecko)+Chrome/66.0.3359.181+Safari/537.36 http://localhost:51722/User/LogOn 200 0 0 135
2018-05-25 09:45:34 ::1 GET /assets/global/plugins/jquery.blockui.min.js - 51722 - ::1 Mozilla/5.0+(Windows+NT+10.0;+Win64;+x64)+AppleWebKit/537.36+(KHTML,+like+Gecko)+Chrome/66.0.3359.181+Safari/537.36 http://localhost:51722/User/LogOn 200 0 0 136
2018-05-25 09:45:34 ::1 GET /assets/global/plugins/jquery-slimscroll/jquery.slimscroll.min.js - 51722 - ::1 Mozilla/5.0+(Windows+NT+10.0;+Win64;+x64)+AppleWebKit/537.36+(KHTML,+like+Gecko)+Chrome/66.0.3359.181+Safari/537.36 http://localhost:51722/User/LogOn 200 0 0 248
2018-05-25 09:45:34 ::1 GET /assets/global/plugins/bootstrap-switch/js/bootstrap-switch.min.js - 51722 - ::1 Mozilla/5.0+(Windows+NT+10.0;+Win64;+x64)+AppleWebKit/537.36+(KHTML,+like+Gecko)+Chrome/66.0.3359.181+Safari/537.36 http://localhost:51722/User/LogOn 200 0 0 246
2018-05-25 09:45:34 ::1 GET /assets/global/plugins/jquery-validation/js/jquery.validate.min.js - 51722 - ::1 Mozilla/5.0+(Windows+NT+10.0;+Win64;+x64)+AppleWebKit/537.36+(KHTML,+like+Gecko)+Chrome/66.0.3359.181+Safari/537.36 http://localhost:51722/User/LogOn 200 0 0 192
2018-05-25 09:45:34 ::1 GET /assets/global/scripts/app.min.js - 51722 - ::1 Mozilla/5.0+(Windows+NT+10.0;+Win64;+x64)+AppleWebKit/537.36+(KHTML,+like+Gecko)+Chrome/66.0.3359.181+Safari/537.36 http://localhost:51722/User/LogOn 200 0 0 238
2018-05-25 09:45:34 ::1 GET /assets/global/plugins/jquery-validation/js/additional-methods.min.js - 51722 - ::1 Mozilla/5.0+(Windows+NT+10.0;+Win64;+x64)+AppleWebKit/537.36+(KHTML,+like+Gecko)+Chrome/66.0.3359.181+Safari/537.36 http://localhost:51722/User/LogOn 200 0 0 315
2018-05-25 09:45:34 ::1 GET /assets/pages/scripts/login-5.min.js - 51722 - ::1 Mozilla/5.0+(Windows+NT+10.0;+Win64;+x64)+AppleWebKit/537.36+(KHTML,+like+Gecko)+Chrome/66.0.3359.181+Safari/537.36 http://localhost:51722/User/LogOn 200 0 0 253
2018-05-25 09:45:34 ::1 GET /assets/global/plugins/backstretch/jquery.backstretch.min.js - 51722 - ::1 Mozilla/5.0+(Windows+NT+10.0;+Win64;+x64)+AppleWebKit/537.36+(KHTML,+like+Gecko)+Chrome/66.0.3359.181+Safari/537.36 http://localhost:51722/User/LogOn 200 0 0 276
2018-05-25 09:45:34 ::1 GET /assets/global/plugins/select2/js/select2.full.min.js - 51722 - ::1 Mozilla/5.0+(Windows+NT+10.0;+Win64;+x64)+AppleWebKit/537.36+(KHTML,+like+Gecko)+Chrome/66.0.3359.181+Safari/537.36 http://localhost:51722/User/LogOn 200 0 0 326
2018-05-25 09:45:34 ::1 GET /Images/sign-in-light.png - 51722 - ::1 Mozilla/5.0+(Windows+NT+10.0;+Win64;+x64)+AppleWebKit/537.36+(KHTML,+like+Gecko)+Chrome/66.0.3359.181+Safari/537.36 http://localhost:51722/User/LogOn 200 0 0 70
2018-05-25 09:45:34 ::1 GET /images/logo_1.png - 51722 - ::1 Mozilla/5.0+(Windows+NT+10.0;+Win64;+x64)+AppleWebKit/537.36+(KHTML,+like+Gecko)+Chrome/66.0.3359.181+Safari/537.36 http://localhost:51722/User/LogOn 200 0 0 329
2018-05-25 09:45:34 ::1 GET /User/assets/pages/img/login/bg1.jpg - 51722 - ::1 Mozilla/5.0+(Windows+NT+10.0;+Win64;+x64)+AppleWebKit/537.36+(KHTML,+like+Gecko)+Chrome/66.0.3359.181+Safari/537.36 http://localhost:51722/User/LogOn 404 0 2 60
2018-05-25 09:45:36 ::1 GET /assets/pages/img/login/bg1.jpg - 51722 - ::1 Mozilla/5.0+(Windows+NT+10.0;+Win64;+x64)+AppleWebKit/537.36+(KHTML,+like+Gecko)+Chrome/66.0.3359.181+Safari/537.36 http://localhost:51722/User/LogOn 200 0 0 204
2018-05-25 09:45:36 ::1 GET /assets/pages/img/login/bg2.jpg - 51722 - ::1 Mozilla/5.0+(Windows+NT+10.0;+Win64;+x64)+AppleWebKit/537.36+(KHTML,+like+Gecko)+Chrome/66.0.3359.181+Safari/537.36 http://localhost:51722/User/LogOn 200 0 0 263
