#Software: Microsoft Internet Information Services 8.0
#Version: 1.0
#Date: 2018-06-20 11:54:05
#Fields: date time s-ip cs-method cs-uri-stem cs-uri-query s-port cs-username c-ip cs(User-Agent) cs(Referer) sc-status sc-substatus sc-win32-status time-taken
2018-06-20 11:54:05 ::1 GET / - 51722 - ::1 Mozilla/5.0+(Windows+NT+10.0;+Win64;+x64)+AppleWebKit/537.36+(KHTML,+like+Gecko)+Chrome/67.0.3396.87+Safari/537.36 - 302 0 0 73515
2018-06-20 11:54:23 ::1 GET /User/LogOn - 51722 - ::1 Mozilla/5.0+(Windows+NT+10.0;+Win64;+x64)+AppleWebKit/537.36+(KHTML,+like+Gecko)+Chrome/67.0.3396.87+Safari/537.36 - 200 0 0 18388
2018-06-20 11:54:23 ::1 GET /assets/pages/css/font.css - 51722 - ::1 Mozilla/5.0+(Windows+NT+10.0;+Win64;+x64)+AppleWebKit/537.36+(KHTML,+like+Gecko)+Chrome/67.0.3396.87+Safari/537.36 http://localhost:51722/User/LogOn 200 0 0 81
2018-06-20 11:54:23 ::1 GET /assets/global/plugins/bootstrap-switch/css/bootstrap-switch.min.css - 51722 - ::1 Mozilla/5.0+(Windows+NT+10.0;+Win64;+x64)+AppleWebKit/537.36+(KHTML,+like+Gecko)+Chrome/67.0.3396.87+Safari/537.36 http://localhost:51722/User/LogOn 200 0 0 81
2018-06-20 11:54:23 ::1 GET /assets/global/plugins/simple-line-icons/simple-line-icons.min.css - 51722 - ::1 Mozilla/5.0+(Windows+NT+10.0;+Win64;+x64)+AppleWebKit/537.36+(KHTML,+like+Gecko)+Chrome/67.0.3396.87+Safari/537.36 http://localhost:51722/User/LogOn 200 0 0 154
2018-06-20 11:54:23 ::1 GET /assets/global/plugins/select2/css/select2-bootstrap.min.css - 51722 - ::1 Mozilla/5.0+(Windows+NT+10.0;+Win64;+x64)+AppleWebKit/537.36+(KHTML,+like+Gecko)+Chrome/67.0.3396.87+Safari/537.36 http://localhost:51722/User/LogOn 200 0 0 276
2018-06-20 11:54:23 ::1 GET /assets/global/plugins/select2/css/select2.min.css - 51722 - ::1 Mozilla/5.0+(Windows+NT+10.0;+Win64;+x64)+AppleWebKit/537.36+(KHTML,+like+Gecko)+Chrome/67.0.3396.87+Safari/537.36 http://localhost:51722/User/LogOn 200 0 0 335
2018-06-20 11:54:23 ::1 GET /assets/global/css/plugins.min.css - 51722 - ::1 Mozilla/5.0+(Windows+NT+10.0;+Win64;+x64)+AppleWebKit/537.36+(KHTML,+like+Gecko)+Chrome/67.0.3396.87+Safari/537.36 http://localhost:51722/User/LogOn 200 0 0 176
2018-06-20 11:54:23 ::1 GET /assets/global/plugins/bootstrap/css/bootstrap.min.css - 51722 - ::1 Mozilla/5.0+(Windows+NT+10.0;+Win64;+x64)+AppleWebKit/537.36+(KHTML,+like+Gecko)+Chrome/67.0.3396.87+Safari/537.36 http://localhost:51722/User/LogOn 200 0 0 350
2018-06-20 11:54:23 ::1 GET /assets/pages/css/login-5.min.css - 51722 - ::1 Mozilla/5.0+(Windows+NT+10.0;+Win64;+x64)+AppleWebKit/537.36+(KHTML,+like+Gecko)+Chrome/67.0.3396.87+Safari/537.36 http://localhost:51722/User/LogOn 200 0 0 200
2018-06-20 11:54:23 ::1 GET /images/logo_1.png - 51722 - ::1 Mozilla/5.0+(Windows+NT+10.0;+Win64;+x64)+AppleWebKit/537.36+(KHTML,+like+Gecko)+Chrome/67.0.3396.87+Safari/537.36 http://localhost:51722/User/LogOn 200 0 0 84
2018-06-20 11:54:23 ::1 GET /Images/sign-in-light.png - 51722 - ::1 Mozilla/5.0+(Windows+NT+10.0;+Win64;+x64)+AppleWebKit/537.36+(KHTML,+like+Gecko)+Chrome/67.0.3396.87+Safari/537.36 http://localhost:51722/User/LogOn 200 0 0 47
2018-06-20 11:54:23 ::1 GET /assets/global/plugins/bootstrap/js/bootstrap.min.js - 51722 - ::1 Mozilla/5.0+(Windows+NT+10.0;+Win64;+x64)+AppleWebKit/537.36+(KHTML,+like+Gecko)+Chrome/67.0.3396.87+Safari/537.36 http://localhost:51722/User/LogOn 200 0 0 130
2018-06-20 11:54:23 ::1 GET /assets/global/plugins/jquery.min.js - 51722 - ::1 Mozilla/5.0+(Windows+NT+10.0;+Win64;+x64)+AppleWebKit/537.36+(KHTML,+like+Gecko)+Chrome/67.0.3396.87+Safari/537.36 http://localhost:51722/User/LogOn 200 0 0 192
2018-06-20 11:54:23 ::1 GET /assets/global/plugins/js.cookie.min.js - 51722 - ::1 Mozilla/5.0+(Windows+NT+10.0;+Win64;+x64)+AppleWebKit/537.36+(KHTML,+like+Gecko)+Chrome/67.0.3396.87+Safari/537.36 http://localhost:51722/User/LogOn 200 0 0 62
2018-06-20 11:54:23 ::1 GET /assets/global/plugins/jquery.blockui.min.js - 51722 - ::1 Mozilla/5.0+(Windows+NT+10.0;+Win64;+x64)+AppleWebKit/537.36+(KHTML,+like+Gecko)+Chrome/67.0.3396.87+Safari/537.36 http://localhost:51722/User/LogOn 200 0 0 35
2018-06-20 11:54:23 ::1 GET /assets/global/plugins/jquery-slimscroll/jquery.slimscroll.min.js - 51722 - ::1 Mozilla/5.0+(Windows+NT+10.0;+Win64;+x64)+AppleWebKit/537.36+(KHTML,+like+Gecko)+Chrome/67.0.3396.87+Safari/537.36 http://localhost:51722/User/LogOn 200 0 0 79
2018-06-20 11:54:23 ::1 GET /assets/global/css/components.min.css - 51722 - ::1 Mozilla/5.0+(Windows+NT+10.0;+Win64;+x64)+AppleWebKit/537.36+(KHTML,+like+Gecko)+Chrome/67.0.3396.87+Safari/537.36 http://localhost:51722/User/LogOn 200 0 0 752
2018-06-20 11:54:23 ::1 GET /assets/global/plugins/bootstrap-switch/js/bootstrap-switch.min.js - 51722 - ::1 Mozilla/5.0+(Windows+NT+10.0;+Win64;+x64)+AppleWebKit/537.36+(KHTML,+like+Gecko)+Chrome/67.0.3396.87+Safari/537.36 http://localhost:51722/User/LogOn 200 0 0 88
2018-06-20 11:54:23 ::1 GET /assets/global/plugins/jquery-validation/js/jquery.validate.min.js - 51722 - ::1 Mozilla/5.0+(Windows+NT+10.0;+Win64;+x64)+AppleWebKit/537.36+(KHTML,+like+Gecko)+Chrome/67.0.3396.87+Safari/537.36 http://localhost:51722/User/LogOn 200 0 0 76
2018-06-20 11:54:23 ::1 GET /assets/pages/scripts/login-5.min.js - 51722 - ::1 Mozilla/5.0+(Windows+NT+10.0;+Win64;+x64)+AppleWebKit/537.36+(KHTML,+like+Gecko)+Chrome/67.0.3396.87+Safari/537.36 http://localhost:51722/User/LogOn 200 0 0 54
2018-06-20 11:54:24 ::1 GET /assets/global/scripts/app.min.js - 51722 - ::1 Mozilla/5.0+(Windows+NT+10.0;+Win64;+x64)+AppleWebKit/537.36+(KHTML,+like+Gecko)+Chrome/67.0.3396.87+Safari/537.36 http://localhost:51722/User/LogOn 200 0 0 145
2018-06-20 11:54:24 ::1 GET /assets/global/plugins/backstretch/jquery.backstretch.min.js - 51722 - ::1 Mozilla/5.0+(Windows+NT+10.0;+Win64;+x64)+AppleWebKit/537.36+(KHTML,+like+Gecko)+Chrome/67.0.3396.87+Safari/537.36 http://localhost:51722/User/LogOn 200 0 0 146
2018-06-20 11:54:24 ::1 GET /assets/global/plugins/select2/js/select2.full.min.js - 51722 - ::1 Mozilla/5.0+(Windows+NT+10.0;+Win64;+x64)+AppleWebKit/537.36+(KHTML,+like+Gecko)+Chrome/67.0.3396.87+Safari/537.36 http://localhost:51722/User/LogOn 200 0 0 150
2018-06-20 11:54:24 ::1 GET /assets/global/plugins/jquery-validation/js/additional-methods.min.js - 51722 - ::1 Mozilla/5.0+(Windows+NT+10.0;+Win64;+x64)+AppleWebKit/537.36+(KHTML,+like+Gecko)+Chrome/67.0.3396.87+Safari/537.36 http://localhost:51722/User/LogOn 200 0 0 239
2018-06-20 11:54:24 ::1 GET /User/assets/pages/img/login/bg1.jpg - 51722 - ::1 Mozilla/5.0+(Windows+NT+10.0;+Win64;+x64)+AppleWebKit/537.36+(KHTML,+like+Gecko)+Chrome/67.0.3396.87+Safari/537.36 http://localhost:51722/User/LogOn 404 0 2 57
2018-06-20 11:54:24 ::1 GET /assets/pages/img/login/bg2.jpg - 51722 - ::1 Mozilla/5.0+(Windows+NT+10.0;+Win64;+x64)+AppleWebKit/537.36+(KHTML,+like+Gecko)+Chrome/67.0.3396.87+Safari/537.36 http://localhost:51722/User/LogOn 200 0 0 67
2018-06-20 11:54:24 ::1 GET /assets/pages/img/login/bg1.jpg - 51722 - ::1 Mozilla/5.0+(Windows+NT+10.0;+Win64;+x64)+AppleWebKit/537.36+(KHTML,+like+Gecko)+Chrome/67.0.3396.87+Safari/537.36 http://localhost:51722/User/LogOn 200 0 0 123
2018-06-20 11:54:26 ::1 GET /favicon.ico - 51722 - ::1 Mozilla/5.0+(Windows+NT+10.0;+Win64;+x64)+AppleWebKit/537.36+(KHTML,+like+Gecko)+Chrome/67.0.3396.87+Safari/537.36 http://localhost:51722/User/LogOn 200 0 0 29
2018-06-20 11:55:35 ::1 POST /User/LogOn - 51722 - ::1 Mozilla/5.0+(Windows+NT+10.0;+Win64;+x64)+AppleWebKit/537.36+(KHTML,+like+Gecko)+Chrome/67.0.3396.87+Safari/537.36 http://localhost:51722/User/LogOn 302 0 0 37561
2018-06-20 11:56:40 ::1 GET / - 51722 qcemployee7.gorilla@gmail.com ::1 Mozilla/5.0+(Windows+NT+10.0;+Win64;+x64)+AppleWebKit/537.36+(KHTML,+like+Gecko)+Chrome/67.0.3396.87+Safari/537.36 http://localhost:51722/User/LogOn 200 0 0 65162
2018-06-20 11:56:40 ::1 GET /css/SiteLayoutPageForMasters-css v=tYCFPUvfhMe1vmZxcbcDA87hINYJdoZqWZmrS9VAazU1 51722 qcemployee7.gorilla@gmail.com ::1 Mozilla/5.0+(Windows+NT+10.0;+Win64;+x64)+AppleWebKit/537.36+(KHTML,+like+Gecko)+Chrome/67.0.3396.87+Safari/537.36 http://localhost:51722/ 200 0 0 217
2018-06-20 11:56:40 ::1 GET /Scripts/SiteLayoutPageForMasters-js v=NMauVSy_gT5RAxxlGvKHHiQU4fD1J3tKXjMwy7O32kM1 51722 qcemployee7.gorilla@gmail.com ::1 Mozilla/5.0+(Windows+NT+10.0;+Win64;+x64)+AppleWebKit/537.36+(KHTML,+like+Gecko)+Chrome/67.0.3396.87+Safari/537.36 http://localhost:51722/ 200 0 0 302
2018-06-20 11:56:40 ::1 GET /images/icons/home_48.png - 51722 - ::1 Mozilla/5.0+(Windows+NT+10.0;+Win64;+x64)+AppleWebKit/537.36+(KHTML,+like+Gecko)+Chrome/67.0.3396.87+Safari/537.36 http://localhost:51722/ 200 0 0 38
2018-06-20 11:56:40 ::1 GET /Images/icons/cross.png - 51722 - ::1 Mozilla/5.0+(Windows+NT+10.0;+Win64;+x64)+AppleWebKit/537.36+(KHTML,+like+Gecko)+Chrome/67.0.3396.87+Safari/537.36 http://localhost:51722/ 200 0 0 8
2018-06-20 11:56:40 ::1 GET /images/icons/paper_pencil_48.png - 51722 - ::1 Mozilla/5.0+(Windows+NT+10.0;+Win64;+x64)+AppleWebKit/537.36+(KHTML,+like+Gecko)+Chrome/67.0.3396.87+Safari/537.36 http://localhost:51722/ 200 0 0 18
2018-06-20 11:56:40 ::1 GET /images/icons/pie_chart_48.png - 51722 - ::1 Mozilla/5.0+(Windows+NT+10.0;+Win64;+x64)+AppleWebKit/537.36+(KHTML,+like+Gecko)+Chrome/67.0.3396.87+Safari/537.36 http://localhost:51722/ 200 0 0 18
2018-06-20 11:56:40 ::1 GET /images/icons/add_48.png - 51722 - ::1 Mozilla/5.0+(Windows+NT+10.0;+Win64;+x64)+AppleWebKit/537.36+(KHTML,+like+Gecko)+Chrome/67.0.3396.87+Safari/537.36 http://localhost:51722/ 200 0 0 37
2018-06-20 11:56:40 ::1 GET /images/shortcut-button-bg.gif - 51722 - ::1 Mozilla/5.0+(Windows+NT+10.0;+Win64;+x64)+AppleWebKit/537.36+(KHTML,+like+Gecko)+Chrome/67.0.3396.87+Safari/537.36 http://localhost:51722/css/SiteLayoutPageForMasters-css?v=tYCFPUvfhMe1vmZxcbcDA87hINYJdoZqWZmrS9VAazU1 200 0 0 45
2018-06-20 12:01:29 ::1 GET /ReceiptBox - 51722 qcemployee7.gorilla@gmail.com ::1 Mozilla/5.0+(Windows+NT+10.0;+Win64;+x64)+AppleWebKit/537.36+(KHTML,+like+Gecko)+Chrome/67.0.3396.87+Safari/537.36 http://localhost:51722/ 200 0 64 61062
2018-06-20 12:01:38 ::1 GET /ReceiptBox - 51722 qcemployee7.gorilla@gmail.com ::1 Mozilla/5.0+(Windows+NT+10.0;+Win64;+x64)+AppleWebKit/537.36+(KHTML,+like+Gecko)+Chrome/67.0.3396.87+Safari/537.36 http://localhost:51722/ 200 0 0 41149
2018-06-20 12:01:38 ::1 GET /Content/jquery.qtip.min.css - 51722 - ::1 Mozilla/5.0+(Windows+NT+10.0;+Win64;+x64)+AppleWebKit/537.36+(KHTML,+like+Gecko)+Chrome/67.0.3396.87+Safari/537.36 http://localhost:51722/ReceiptBox 200 0 0 83
2018-06-20 12:01:38 ::1 GET /Content/jquery.fancybox.css - 51722 - ::1 Mozilla/5.0+(Windows+NT+10.0;+Win64;+x64)+AppleWebKit/537.36+(KHTML,+like+Gecko)+Chrome/67.0.3396.87+Safari/537.36 http://localhost:51722/ReceiptBox 200 0 0 84
2018-06-20 12:01:38 ::1 GET /Content/RecieptBox.css - 51722 - ::1 Mozilla/5.0+(Windows+NT+10.0;+Win64;+x64)+AppleWebKit/537.36+(KHTML,+like+Gecko)+Chrome/67.0.3396.87+Safari/537.36 http://localhost:51722/ReceiptBox 200 0 0 93
2018-06-20 12:01:38 ::1 GET /Scripts/jquery.mousewheel-3.0.6.pack.js - 51722 - ::1 Mozilla/5.0+(Windows+NT+10.0;+Win64;+x64)+AppleWebKit/537.36+(KHTML,+like+Gecko)+Chrome/67.0.3396.87+Safari/537.36 http://localhost:51722/ReceiptBox 200 0 0 112
2018-06-20 12:01:38 ::1 GET /Scripts/jQueryRotate.js - 51722 - ::1 Mozilla/5.0+(Windows+NT+10.0;+Win64;+x64)+AppleWebKit/537.36+(KHTML,+like+Gecko)+Chrome/67.0.3396.87+Safari/537.36 http://localhost:51722/ReceiptBox 200 0 0 94
2018-06-20 12:01:38 ::1 GET /Scripts/jquery.loading.1.6.4.js - 51722 - ::1 Mozilla/5.0+(Windows+NT+10.0;+Win64;+x64)+AppleWebKit/537.36+(KHTML,+like+Gecko)+Chrome/67.0.3396.87+Safari/537.36 http://localhost:51722/ReceiptBox 200 0 0 124
2018-06-20 12:01:38 ::1 GET /Scripts/jquery.imgcheckbox.js - 51722 - ::1 Mozilla/5.0+(Windows+NT+10.0;+Win64;+x64)+AppleWebKit/537.36+(KHTML,+like+Gecko)+Chrome/67.0.3396.87+Safari/537.36 http://localhost:51722/ReceiptBox 200 0 0 102
2018-06-20 12:01:38 ::1 GET /Scripts/jquery.twbsPagination.js - 51722 - ::1 Mozilla/5.0+(Windows+NT+10.0;+Win64;+x64)+AppleWebKit/537.36+(KHTML,+like+Gecko)+Chrome/67.0.3396.87+Safari/537.36 http://localhost:51722/ReceiptBox 200 0 0 144
2018-06-20 12:01:38 ::1 GET /images/pdf-rec.png - 51722 - ::1 Mozilla/5.0+(Windows+NT+10.0;+Win64;+x64)+AppleWebKit/537.36+(KHTML,+like+Gecko)+Chrome/67.0.3396.87+Safari/537.36 http://localhost:51722/ReceiptBox 200 0 0 51
2018-06-20 12:01:38 ::1 GET /Scripts/jquery.qtip.min.js - 51722 - ::1 Mozilla/5.0+(Windows+NT+10.0;+Win64;+x64)+AppleWebKit/537.36+(KHTML,+like+Gecko)+Chrome/67.0.3396.87+Safari/537.36 http://localhost:51722/ReceiptBox 200 0 0 191
2018-06-20 12:01:38 ::1 GET /Scripts/jquery.fancybox.js - 51722 - ::1 Mozilla/5.0+(Windows+NT+10.0;+Win64;+x64)+AppleWebKit/537.36+(KHTML,+like+Gecko)+Chrome/67.0.3396.87+Safari/537.36 http://localhost:51722/ReceiptBox 200 0 0 339
2018-06-20 12:01:39 ::1 GET /Images/first.png - 51722 - ::1 Mozilla/5.0+(Windows+NT+10.0;+Win64;+x64)+AppleWebKit/537.36+(KHTML,+like+Gecko)+Chrome/67.0.3396.87+Safari/537.36 http://localhost:51722/ReceiptBox 200 0 0 63
2018-06-20 12:01:39 ::1 GET /Images/prev.png - 51722 - ::1 Mozilla/5.0+(Windows+NT+10.0;+Win64;+x64)+AppleWebKit/537.36+(KHTML,+like+Gecko)+Chrome/67.0.3396.87+Safari/537.36 http://localhost:51722/ReceiptBox 200 0 0 63
2018-06-20 12:01:39 ::1 GET /Images/next.png - 51722 - ::1 Mozilla/5.0+(Windows+NT+10.0;+Win64;+x64)+AppleWebKit/537.36+(KHTML,+like+Gecko)+Chrome/67.0.3396.87+Safari/537.36 http://localhost:51722/ReceiptBox 200 0 0 32
2018-06-20 12:01:39 ::1 GET /Images/last.png - 51722 - ::1 Mozilla/5.0+(Windows+NT+10.0;+Win64;+x64)+AppleWebKit/537.36+(KHTML,+like+Gecko)+Chrome/67.0.3396.87+Safari/537.36 http://localhost:51722/ReceiptBox 200 0 0 51
2018-06-20 12:01:39 ::1 GET /images/bg-form-field.gif - 51722 - ::1 Mozilla/5.0+(Windows+NT+10.0;+Win64;+x64)+AppleWebKit/537.36+(KHTML,+like+Gecko)+Chrome/67.0.3396.87+Safari/537.36 http://localhost:51722/ReceiptBox 200 0 0 9
2018-06-20 12:10:03 ::1 GET /User/LogOn - 51722 qcemployee7.gorilla@gmail.com ::1 Mozilla/5.0+(Windows+NT+10.0;+Win64;+x64)+AppleWebKit/537.36+(KHTML,+like+Gecko)+Chrome/67.0.3396.87+Safari/537.36 http://localhost:51722/ReceiptBox 302 0 0 3153
2018-06-20 12:10:36 ::1 GET / - 51722 qcemployee7.gorilla@gmail.com ::1 Mozilla/5.0+(Windows+NT+10.0;+Win64;+x64)+AppleWebKit/537.36+(KHTML,+like+Gecko)+Chrome/67.0.3396.87+Safari/537.36 http://localhost:51722/ReceiptBox 200 0 0 33098
2018-06-20 12:11:41 ::1 GET /images/ui-bg_flat_75_ffffff_40x100.png - 51722 - ::1 Mozilla/5.0+(Windows+NT+10.0;+Win64;+x64)+AppleWebKit/537.36+(KHTML,+like+Gecko)+Chrome/67.0.3396.87+Safari/537.36 http://localhost:51722/css/SiteLayoutPageForMasters-css?v=tYCFPUvfhMe1vmZxcbcDA87hINYJdoZqWZmrS9VAazU1 200 0 0 24
2018-06-20 12:11:41 ::1 GET /images/ui-bg_flat_0_aaaaaa_40x100.png - 51722 - ::1 Mozilla/5.0+(Windows+NT+10.0;+Win64;+x64)+AppleWebKit/537.36+(KHTML,+like+Gecko)+Chrome/67.0.3396.87+Safari/537.36 http://localhost:51722/css/SiteLayoutPageForMasters-css?v=tYCFPUvfhMe1vmZxcbcDA87hINYJdoZqWZmrS9VAazU1 200 0 0 16
2018-06-20 12:11:41 ::1 GET /images/ui-icons_222222_256x240.png - 51722 - ::1 Mozilla/5.0+(Windows+NT+10.0;+Win64;+x64)+AppleWebKit/537.36+(KHTML,+like+Gecko)+Chrome/67.0.3396.87+Safari/537.36 http://localhost:51722/css/SiteLayoutPageForMasters-css?v=tYCFPUvfhMe1vmZxcbcDA87hINYJdoZqWZmrS9VAazU1 200 0 0 85
2018-06-20 12:17:35 ::1 GET /ReceiptBox/Index/ page=1&NumberOfRecords=NaN&currentTab=0&day=30 51722 qcemployee7.gorilla@gmail.com ::1 Mozilla/5.0+(Windows+NT+10.0;+Win64;+x64)+AppleWebKit/537.36+(KHTML,+like+Gecko)+Chrome/67.0.3396.87+Safari/537.36 http://localhost:51722/ReceiptBox 200 0 0 10366
2018-06-20 12:18:06 ::1 GET /ReceiptBox/Index/ page=1&NumberOfRecords=NaN&currentTab=0&day=30 51722 qcemployee7.gorilla@gmail.com ::1 Mozilla/5.0+(Windows+NT+10.0;+Win64;+x64)+AppleWebKit/537.36+(KHTML,+like+Gecko)+Chrome/67.0.3396.87+Safari/537.36 http://localhost:51722/ReceiptBox 200 0 0 22833
2018-06-20 12:20:07 ::1 GET /User/LogOn - 51722 qcemployee7.gorilla@gmail.com ::1 Mozilla/5.0+(Windows+NT+10.0;+Win64;+x64)+AppleWebKit/537.36+(KHTML,+like+Gecko)+Chrome/67.0.3396.87+Safari/537.36 http://localhost:51722/ReceiptBox 302 0 0 3022
2018-06-20 12:20:34 ::1 GET / - 51722 qcemployee7.gorilla@gmail.com ::1 Mozilla/5.0+(Windows+NT+10.0;+Win64;+x64)+AppleWebKit/537.36+(KHTML,+like+Gecko)+Chrome/67.0.3396.87+Safari/537.36 http://localhost:51722/ReceiptBox 200 0 0 27728
2018-06-20 12:25:59 ::1 GET /User/LogOn - 51722 qcemployee7.gorilla@gmail.com ::1 Mozilla/5.0+(Windows+NT+10.0;+Win64;+x64)+AppleWebKit/537.36+(KHTML,+like+Gecko)+Chrome/67.0.3396.87+Safari/537.36 http://localhost:51722/ReceiptBox 302 0 0 3364
2018-06-20 12:26:37 ::1 GET / - 51722 qcemployee7.gorilla@gmail.com ::1 Mozilla/5.0+(Windows+NT+10.0;+Win64;+x64)+AppleWebKit/537.36+(KHTML,+like+Gecko)+Chrome/67.0.3396.87+Safari/537.36 http://localhost:51722/ReceiptBox 200 0 0 38307
2018-06-20 12:26:40 ::1 GET /User/LogOn - 51722 qcemployee7.gorilla@gmail.com ::1 Mozilla/5.0+(Windows+NT+10.0;+Win64;+x64)+AppleWebKit/537.36+(KHTML,+like+Gecko)+Chrome/67.0.3396.87+Safari/537.36 http://localhost:51722/ReceiptBox 302 0 0 12342
2018-06-20 12:27:10 ::1 GET / - 51722 qcemployee7.gorilla@gmail.com ::1 Mozilla/5.0+(Windows+NT+10.0;+Win64;+x64)+AppleWebKit/537.36+(KHTML,+like+Gecko)+Chrome/67.0.3396.87+Safari/537.36 http://localhost:51722/ReceiptBox 200 0 0 29732
2018-06-20 12:33:09 ::1 GET /User/LogOut - 51722 qcemployee7.gorilla@gmail.com ::1 Mozilla/5.0+(Windows+NT+10.0;+Win64;+x64)+AppleWebKit/537.36+(KHTML,+like+Gecko)+Chrome/67.0.3396.87+Safari/537.36 http://localhost:51722/ReceiptBox 302 0 0 252
2018-06-20 12:33:26 ::1 GET /User/LogOut - 51722 - ::1 Mozilla/5.0+(Windows+NT+10.0;+Win64;+x64)+AppleWebKit/537.36+(KHTML,+like+Gecko)+Chrome/67.0.3396.87+Safari/537.36 http://localhost:51722/ReceiptBox 302 0 64 9348
2018-06-20 12:33:26 ::1 GET /User/LogOut - 51722 - ::1 Mozilla/5.0+(Windows+NT+10.0;+Win64;+x64)+AppleWebKit/537.36+(KHTML,+like+Gecko)+Chrome/67.0.3396.87+Safari/537.36 http://localhost:51722/ReceiptBox 302 0 64 11367
2018-06-20 12:33:26 ::1 GET /User/LogOut - 51722 - ::1 Mozilla/5.0+(Windows+NT+10.0;+Win64;+x64)+AppleWebKit/537.36+(KHTML,+like+Gecko)+Chrome/67.0.3396.87+Safari/537.36 http://localhost:51722/ReceiptBox 302 0 64 13333
2018-06-20 12:33:26 ::1 GET /User/LogOut - 51722 - ::1 Mozilla/5.0+(Windows+NT+10.0;+Win64;+x64)+AppleWebKit/537.36+(KHTML,+like+Gecko)+Chrome/67.0.3396.87+Safari/537.36 http://localhost:51722/ReceiptBox 302 0 64 7421
2018-06-20 12:33:26 ::1 GET /User/LogOut - 51722 - ::1 Mozilla/5.0+(Windows+NT+10.0;+Win64;+x64)+AppleWebKit/537.36+(KHTML,+like+Gecko)+Chrome/67.0.3396.87+Safari/537.36 http://localhost:51722/ReceiptBox 302 0 64 15439
2018-06-20 12:33:26 ::1 GET /User/LogOut - 51722 - ::1 Mozilla/5.0+(Windows+NT+10.0;+Win64;+x64)+AppleWebKit/537.36+(KHTML,+like+Gecko)+Chrome/67.0.3396.87+Safari/537.36 http://localhost:51722/ReceiptBox 302 0 64 5452
2018-06-20 12:33:38 ::1 GET /User/LogOut - 51722 - ::1 Mozilla/5.0+(Windows+NT+10.0;+Win64;+x64)+AppleWebKit/537.36+(KHTML,+like+Gecko)+Chrome/67.0.3396.87+Safari/537.36 http://localhost:51722/ReceiptBox 302 0 64 13515
2018-06-20 12:33:38 ::1 GET /User/LogOut - 51722 - ::1 Mozilla/5.0+(Windows+NT+10.0;+Win64;+x64)+AppleWebKit/537.36+(KHTML,+like+Gecko)+Chrome/67.0.3396.87+Safari/537.36 http://localhost:51722/ReceiptBox 302 0 64 9571
2018-06-20 12:33:38 ::1 GET /User/LogOut - 51722 - ::1 Mozilla/5.0+(Windows+NT+10.0;+Win64;+x64)+AppleWebKit/537.36+(KHTML,+like+Gecko)+Chrome/67.0.3396.87+Safari/537.36 http://localhost:51722/ReceiptBox 302 0 0 1574
2018-06-20 12:33:38 ::1 GET /User/LogOut - 51722 - ::1 Mozilla/5.0+(Windows+NT+10.0;+Win64;+x64)+AppleWebKit/537.36+(KHTML,+like+Gecko)+Chrome/67.0.3396.87+Safari/537.36 http://localhost:51722/ReceiptBox 302 0 64 5582
2018-06-20 12:33:38 ::1 GET /User/LogOut - 51722 - ::1 Mozilla/5.0+(Windows+NT+10.0;+Win64;+x64)+AppleWebKit/537.36+(KHTML,+like+Gecko)+Chrome/67.0.3396.87+Safari/537.36 http://localhost:51722/ReceiptBox 302 0 64 3613
2018-06-20 12:33:38 ::1 GET /User/LogOut - 51722 - ::1 Mozilla/5.0+(Windows+NT+10.0;+Win64;+x64)+AppleWebKit/537.36+(KHTML,+like+Gecko)+Chrome/67.0.3396.87+Safari/537.36 http://localhost:51722/ReceiptBox 302 0 64 7612
2018-06-20 12:33:38 ::1 GET /User/LogOut - 51722 - ::1 Mozilla/5.0+(Windows+NT+10.0;+Win64;+x64)+AppleWebKit/537.36+(KHTML,+like+Gecko)+Chrome/67.0.3396.87+Safari/537.36 http://localhost:51722/ReceiptBox 302 0 64 15934
2018-06-20 12:33:38 ::1 GET /User/LogOut - 51722 - ::1 Mozilla/5.0+(Windows+NT+10.0;+Win64;+x64)+AppleWebKit/537.36+(KHTML,+like+Gecko)+Chrome/67.0.3396.87+Safari/537.36 http://localhost:51722/ReceiptBox 302 0 64 12030
2018-06-20 12:33:38 ::1 GET / - 51722 - ::1 Mozilla/5.0+(Windows+NT+10.0;+Win64;+x64)+AppleWebKit/537.36+(KHTML,+like+Gecko)+Chrome/67.0.3396.87+Safari/537.36 http://localhost:51722/ReceiptBox 302 0 0 452
2018-06-20 12:33:41 ::1 GET /User/LogOn - 51722 - ::1 Mozilla/5.0+(Windows+NT+10.0;+Win64;+x64)+AppleWebKit/537.36+(KHTML,+like+Gecko)+Chrome/67.0.3396.87+Safari/537.36 http://localhost:51722/ReceiptBox 200 0 64 2635
2018-06-20 12:33:41 ::1 GET /User/LogOut - 51722 - ::1 Mozilla/5.0+(Windows+NT+10.0;+Win64;+x64)+AppleWebKit/537.36+(KHTML,+like+Gecko)+Chrome/67.0.3396.87+Safari/537.36 http://localhost:51722/ReceiptBox 302 0 64 2731
2018-06-20 12:33:41 ::1 GET /User/LogOut - 51722 - ::1 Mozilla/5.0+(Windows+NT+10.0;+Win64;+x64)+AppleWebKit/537.36+(KHTML,+like+Gecko)+Chrome/67.0.3396.87+Safari/537.36 http://localhost:51722/ReceiptBox 302 0 0 1116
2018-06-20 12:33:41 ::1 GET / - 51722 - ::1 Mozilla/5.0+(Windows+NT+10.0;+Win64;+x64)+AppleWebKit/537.36+(KHTML,+like+Gecko)+Chrome/67.0.3396.87+Safari/537.36 http://localhost:51722/ReceiptBox 302 0 0 168
2018-06-20 12:33:42 ::1 GET /User/LogOn - 51722 - ::1 Mozilla/5.0+(Windows+NT+10.0;+Win64;+x64)+AppleWebKit/537.36+(KHTML,+like+Gecko)+Chrome/67.0.3396.87+Safari/537.36 http://localhost:51722/ReceiptBox 200 0 0 409
2018-06-20 12:33:46 ::1 GET /User/assets/pages/img/login/bg1.jpg - 51722 - ::1 Mozilla/5.0+(Windows+NT+10.0;+Win64;+x64)+AppleWebKit/537.36+(KHTML,+like+Gecko)+Chrome/67.0.3396.87+Safari/537.36 http://localhost:51722/User/LogOn 404 0 2 4
