#Software: Microsoft Internet Information Services 8.0
#Version: 1.0
#Date: 2018-07-12 10:57:10
#Fields: date time s-ip cs-method cs-uri-stem cs-uri-query s-port cs-username c-ip cs(User-Agent) cs(Referer) sc-status sc-substatus sc-win32-status time-taken
2018-07-12 10:57:10 ::1 GET / - 51722 - ::1 Mozilla/5.0+(Windows+NT+10.0;+Win64;+x64)+AppleWebKit/537.36+(KHTML,+like+Gecko)+Chrome/67.0.3396.99+Safari/537.36 - 302 0 0 75753
2018-07-12 10:57:32 ::1 GET /User/LogOn - 51722 - ::1 Mozilla/5.0+(Windows+NT+10.0;+Win64;+x64)+AppleWebKit/537.36+(KHTML,+like+Gecko)+Chrome/67.0.3396.99+Safari/537.36 - 200 0 0 22088
2018-07-12 10:57:32 ::1 GET /assets/global/plugins/bootstrap-switch/css/bootstrap-switch.min.css - 51722 - ::1 Mozilla/5.0+(Windows+NT+10.0;+Win64;+x64)+AppleWebKit/537.36+(KHTML,+like+Gecko)+Chrome/67.0.3396.99+Safari/537.36 http://localhost:51722/User/LogOn 200 0 0 81
2018-07-12 10:57:32 ::1 GET /assets/global/plugins/simple-line-icons/simple-line-icons.min.css - 51722 - ::1 Mozilla/5.0+(Windows+NT+10.0;+Win64;+x64)+AppleWebKit/537.36+(KHTML,+like+Gecko)+Chrome/67.0.3396.99+Safari/537.36 http://localhost:51722/User/LogOn 200 0 0 91
2018-07-12 10:57:32 ::1 GET /assets/pages/css/font.css - 51722 - ::1 Mozilla/5.0+(Windows+NT+10.0;+Win64;+x64)+AppleWebKit/537.36+(KHTML,+like+Gecko)+Chrome/67.0.3396.99+Safari/537.36 http://localhost:51722/User/LogOn 200 0 0 174
2018-07-12 10:57:32 ::1 GET /assets/global/plugins/select2/css/select2.min.css - 51722 - ::1 Mozilla/5.0+(Windows+NT+10.0;+Win64;+x64)+AppleWebKit/537.36+(KHTML,+like+Gecko)+Chrome/67.0.3396.99+Safari/537.36 http://localhost:51722/User/LogOn 200 0 0 235
2018-07-12 10:57:32 ::1 GET /assets/global/plugins/select2/css/select2-bootstrap.min.css - 51722 - ::1 Mozilla/5.0+(Windows+NT+10.0;+Win64;+x64)+AppleWebKit/537.36+(KHTML,+like+Gecko)+Chrome/67.0.3396.99+Safari/537.36 http://localhost:51722/User/LogOn 200 0 0 315
2018-07-12 10:57:32 ::1 GET /assets/pages/css/login-5.min.css - 51722 - ::1 Mozilla/5.0+(Windows+NT+10.0;+Win64;+x64)+AppleWebKit/537.36+(KHTML,+like+Gecko)+Chrome/67.0.3396.99+Safari/537.36 http://localhost:51722/User/LogOn 200 0 0 186
2018-07-12 10:57:32 ::1 GET /assets/global/plugins/bootstrap/css/bootstrap.min.css - 51722 - ::1 Mozilla/5.0+(Windows+NT+10.0;+Win64;+x64)+AppleWebKit/537.36+(KHTML,+like+Gecko)+Chrome/67.0.3396.99+Safari/537.36 http://localhost:51722/User/LogOn 200 0 0 460
2018-07-12 10:57:32 ::1 GET /assets/global/css/plugins.min.css - 51722 - ::1 Mozilla/5.0+(Windows+NT+10.0;+Win64;+x64)+AppleWebKit/537.36+(KHTML,+like+Gecko)+Chrome/67.0.3396.99+Safari/537.36 http://localhost:51722/User/LogOn 200 0 0 384
2018-07-12 10:57:32 ::1 GET /Images/sign-in-light.png - 51722 - ::1 Mozilla/5.0+(Windows+NT+10.0;+Win64;+x64)+AppleWebKit/537.36+(KHTML,+like+Gecko)+Chrome/67.0.3396.99+Safari/537.36 http://localhost:51722/User/LogOn 200 0 0 208
2018-07-12 10:57:32 ::1 GET /images/logo_1.png - 51722 - ::1 Mozilla/5.0+(Windows+NT+10.0;+Win64;+x64)+AppleWebKit/537.36+(KHTML,+like+Gecko)+Chrome/67.0.3396.99+Safari/537.36 http://localhost:51722/User/LogOn 200 0 0 269
2018-07-12 10:57:32 ::1 GET /assets/global/plugins/bootstrap/js/bootstrap.min.js - 51722 - ::1 Mozilla/5.0+(Windows+NT+10.0;+Win64;+x64)+AppleWebKit/537.36+(KHTML,+like+Gecko)+Chrome/67.0.3396.99+Safari/537.36 http://localhost:51722/User/LogOn 200 0 0 204
2018-07-12 10:57:32 ::1 GET /assets/global/css/components.min.css - 51722 - ::1 Mozilla/5.0+(Windows+NT+10.0;+Win64;+x64)+AppleWebKit/537.36+(KHTML,+like+Gecko)+Chrome/67.0.3396.99+Safari/537.36 http://localhost:51722/User/LogOn 200 0 0 697
2018-07-12 10:57:32 ::1 GET /assets/global/plugins/jquery.min.js - 51722 - ::1 Mozilla/5.0+(Windows+NT+10.0;+Win64;+x64)+AppleWebKit/537.36+(KHTML,+like+Gecko)+Chrome/67.0.3396.99+Safari/537.36 http://localhost:51722/User/LogOn 200 0 0 295
2018-07-12 10:57:32 ::1 GET /assets/global/plugins/js.cookie.min.js - 51722 - ::1 Mozilla/5.0+(Windows+NT+10.0;+Win64;+x64)+AppleWebKit/537.36+(KHTML,+like+Gecko)+Chrome/67.0.3396.99+Safari/537.36 http://localhost:51722/User/LogOn 200 0 0 93
2018-07-12 10:57:32 ::1 GET /assets/global/plugins/jquery-validation/js/jquery.validate.min.js - 51722 - ::1 Mozilla/5.0+(Windows+NT+10.0;+Win64;+x64)+AppleWebKit/537.36+(KHTML,+like+Gecko)+Chrome/67.0.3396.99+Safari/537.36 http://localhost:51722/User/LogOn 200 0 0 80
2018-07-12 10:57:32 ::1 GET /assets/global/plugins/jquery-slimscroll/jquery.slimscroll.min.js - 51722 - ::1 Mozilla/5.0+(Windows+NT+10.0;+Win64;+x64)+AppleWebKit/537.36+(KHTML,+like+Gecko)+Chrome/67.0.3396.99+Safari/537.36 http://localhost:51722/User/LogOn 200 0 0 101
2018-07-12 10:57:33 ::1 GET /assets/global/plugins/jquery.blockui.min.js - 51722 - ::1 Mozilla/5.0+(Windows+NT+10.0;+Win64;+x64)+AppleWebKit/537.36+(KHTML,+like+Gecko)+Chrome/67.0.3396.99+Safari/537.36 http://localhost:51722/User/LogOn 200 0 0 115
2018-07-12 10:57:33 ::1 GET /assets/global/plugins/backstretch/jquery.backstretch.min.js - 51722 - ::1 Mozilla/5.0+(Windows+NT+10.0;+Win64;+x64)+AppleWebKit/537.36+(KHTML,+like+Gecko)+Chrome/67.0.3396.99+Safari/537.36 http://localhost:51722/User/LogOn 200 0 0 75
2018-07-12 10:57:33 ::1 GET /assets/global/plugins/select2/js/select2.full.min.js - 51722 - ::1 Mozilla/5.0+(Windows+NT+10.0;+Win64;+x64)+AppleWebKit/537.36+(KHTML,+like+Gecko)+Chrome/67.0.3396.99+Safari/537.36 http://localhost:51722/User/LogOn 200 0 0 227
2018-07-12 10:57:33 ::1 GET /assets/pages/scripts/login-5.min.js - 51722 - ::1 Mozilla/5.0+(Windows+NT+10.0;+Win64;+x64)+AppleWebKit/537.36+(KHTML,+like+Gecko)+Chrome/67.0.3396.99+Safari/537.36 http://localhost:51722/User/LogOn 200 0 0 202
2018-07-12 10:57:33 ::1 GET /assets/global/plugins/jquery-validation/js/additional-methods.min.js - 51722 - ::1 Mozilla/5.0+(Windows+NT+10.0;+Win64;+x64)+AppleWebKit/537.36+(KHTML,+like+Gecko)+Chrome/67.0.3396.99+Safari/537.36 http://localhost:51722/User/LogOn 200 0 0 261
2018-07-12 10:57:33 ::1 GET /User/assets/pages/img/login/bg1.jpg - 51722 - ::1 Mozilla/5.0+(Windows+NT+10.0;+Win64;+x64)+AppleWebKit/537.36+(KHTML,+like+Gecko)+Chrome/67.0.3396.99+Safari/537.36 http://localhost:51722/User/LogOn 404 0 2 198
2018-07-12 10:57:33 ::1 GET /assets/global/plugins/bootstrap-switch/js/bootstrap-switch.min.js - 51722 - ::1 Mozilla/5.0+(Windows+NT+10.0;+Win64;+x64)+AppleWebKit/537.36+(KHTML,+like+Gecko)+Chrome/67.0.3396.99+Safari/537.36 http://localhost:51722/User/LogOn 200 0 0 387
2018-07-12 10:57:33 ::1 GET /assets/global/scripts/app.min.js - 51722 - ::1 Mozilla/5.0+(Windows+NT+10.0;+Win64;+x64)+AppleWebKit/537.36+(KHTML,+like+Gecko)+Chrome/67.0.3396.99+Safari/537.36 http://localhost:51722/User/LogOn 200 0 0 343
2018-07-12 10:57:33 ::1 GET /assets/pages/img/login/bg2.jpg - 51722 - ::1 Mozilla/5.0+(Windows+NT+10.0;+Win64;+x64)+AppleWebKit/537.36+(KHTML,+like+Gecko)+Chrome/67.0.3396.99+Safari/537.36 http://localhost:51722/User/LogOn 200 0 0 111
2018-07-12 10:57:33 ::1 GET /favicon.ico - 51722 - ::1 Mozilla/5.0+(Windows+NT+10.0;+Win64;+x64)+AppleWebKit/537.36+(KHTML,+like+Gecko)+Chrome/67.0.3396.99+Safari/537.36 http://localhost:51722/User/LogOn 200 0 0 51
2018-07-12 10:59:18 ::1 POST /User/LogOn - 51722 - ::1 Mozilla/5.0+(Windows+NT+10.0;+Win64;+x64)+AppleWebKit/537.36+(KHTML,+like+Gecko)+Chrome/67.0.3396.99+Safari/537.36 http://localhost:51722/User/LogOn 302 0 0 37520
2018-07-12 11:00:06 ::1 GET / - 51722 androidtest@abc.com ::1 Mozilla/5.0+(Windows+NT+10.0;+Win64;+x64)+AppleWebKit/537.36+(KHTML,+like+Gecko)+Chrome/67.0.3396.99+Safari/537.36 http://localhost:51722/User/LogOn 200 0 0 47855
2018-07-12 11:00:06 ::1 GET /css/SiteLayoutPageForMasters-css v=tYCFPUvfhMe1vmZxcbcDA87hINYJdoZqWZmrS9VAazU1 51722 androidtest@abc.com ::1 Mozilla/5.0+(Windows+NT+10.0;+Win64;+x64)+AppleWebKit/537.36+(KHTML,+like+Gecko)+Chrome/67.0.3396.99+Safari/537.36 http://localhost:51722/ 200 0 0 186
2018-07-12 11:00:06 ::1 GET /Scripts/SiteLayoutPageForMasters-js v=NMauVSy_gT5RAxxlGvKHHiQU4fD1J3tKXjMwy7O32kM1 51722 androidtest@abc.com ::1 Mozilla/5.0+(Windows+NT+10.0;+Win64;+x64)+AppleWebKit/537.36+(KHTML,+like+Gecko)+Chrome/67.0.3396.99+Safari/537.36 http://localhost:51722/ 200 0 0 255
2018-07-12 11:00:06 ::1 GET /images/icons/home_48.png - 51722 - ::1 Mozilla/5.0+(Windows+NT+10.0;+Win64;+x64)+AppleWebKit/537.36+(KHTML,+like+Gecko)+Chrome/67.0.3396.99+Safari/537.36 http://localhost:51722/ 200 0 0 77
2018-07-12 11:00:06 ::1 GET /images/icons/add_48.png - 51722 - ::1 Mozilla/5.0+(Windows+NT+10.0;+Win64;+x64)+AppleWebKit/537.36+(KHTML,+like+Gecko)+Chrome/67.0.3396.99+Safari/537.36 http://localhost:51722/ 200 0 0 129
2018-07-12 11:00:06 ::1 GET /images/icons/paper_pencil_48.png - 51722 - ::1 Mozilla/5.0+(Windows+NT+10.0;+Win64;+x64)+AppleWebKit/537.36+(KHTML,+like+Gecko)+Chrome/67.0.3396.99+Safari/537.36 http://localhost:51722/ 200 0 0 134
2018-07-12 11:00:06 ::1 GET /images/icons/pie_chart_48.png - 51722 - ::1 Mozilla/5.0+(Windows+NT+10.0;+Win64;+x64)+AppleWebKit/537.36+(KHTML,+like+Gecko)+Chrome/67.0.3396.99+Safari/537.36 http://localhost:51722/ 200 0 0 132
2018-07-12 11:00:06 ::1 GET /Images/icons/cross.png - 51722 - ::1 Mozilla/5.0+(Windows+NT+10.0;+Win64;+x64)+AppleWebKit/537.36+(KHTML,+like+Gecko)+Chrome/67.0.3396.99+Safari/537.36 http://localhost:51722/ 200 0 0 87
2018-07-12 11:00:06 ::1 GET /images/icons/exclamation.png - 51722 - ::1 Mozilla/5.0+(Windows+NT+10.0;+Win64;+x64)+AppleWebKit/537.36+(KHTML,+like+Gecko)+Chrome/67.0.3396.99+Safari/537.36 http://localhost:51722/css/SiteLayoutPageForMasters-css?v=tYCFPUvfhMe1vmZxcbcDA87hINYJdoZqWZmrS9VAazU1 200 0 0 120
2018-07-12 11:00:06 ::1 GET /images/shortcut-button-bg.gif - 51722 - ::1 Mozilla/5.0+(Windows+NT+10.0;+Win64;+x64)+AppleWebKit/537.36+(KHTML,+like+Gecko)+Chrome/67.0.3396.99+Safari/537.36 http://localhost:51722/css/SiteLayoutPageForMasters-css?v=tYCFPUvfhMe1vmZxcbcDA87hINYJdoZqWZmrS9VAazU1 200 0 0 102
2018-07-12 11:05:02 ::1 GET /ReceiptBox - 51722 androidtest@abc.com ::1 Mozilla/5.0+(Windows+NT+10.0;+Win64;+x64)+AppleWebKit/537.36+(KHTML,+like+Gecko)+Chrome/67.0.3396.99+Safari/537.36 http://localhost:51722/ 200 0 0 276508
2018-07-12 11:05:02 ::1 GET /Scripts/jquery.mousewheel-3.0.6.pack.js - 51722 - ::1 Mozilla/5.0+(Windows+NT+10.0;+Win64;+x64)+AppleWebKit/537.36+(KHTML,+like+Gecko)+Chrome/67.0.3396.99+Safari/537.36 http://localhost:51722/ReceiptBox 200 0 0 106
2018-07-12 11:05:02 ::1 GET /Content/jquery.qtip.min.css - 51722 - ::1 Mozilla/5.0+(Windows+NT+10.0;+Win64;+x64)+AppleWebKit/537.36+(KHTML,+like+Gecko)+Chrome/67.0.3396.99+Safari/537.36 http://localhost:51722/ReceiptBox 200 0 0 129
2018-07-12 11:05:02 ::1 GET /Content/RecieptBox.css - 51722 - ::1 Mozilla/5.0+(Windows+NT+10.0;+Win64;+x64)+AppleWebKit/537.36+(KHTML,+like+Gecko)+Chrome/67.0.3396.99+Safari/537.36 http://localhost:51722/ReceiptBox 200 0 0 132
2018-07-12 11:05:02 ::1 GET /Content/jquery.fancybox.css - 51722 - ::1 Mozilla/5.0+(Windows+NT+10.0;+Win64;+x64)+AppleWebKit/537.36+(KHTML,+like+Gecko)+Chrome/67.0.3396.99+Safari/537.36 http://localhost:51722/ReceiptBox 200 0 0 197
2018-07-12 11:05:02 ::1 GET /Scripts/jquery.imgcheckbox.js - 51722 - ::1 Mozilla/5.0+(Windows+NT+10.0;+Win64;+x64)+AppleWebKit/537.36+(KHTML,+like+Gecko)+Chrome/67.0.3396.99+Safari/537.36 http://localhost:51722/ReceiptBox 200 0 0 55
2018-07-12 11:05:02 ::1 GET /Scripts/jquery.twbsPagination.js - 51722 - ::1 Mozilla/5.0+(Windows+NT+10.0;+Win64;+x64)+AppleWebKit/537.36+(KHTML,+like+Gecko)+Chrome/67.0.3396.99+Safari/537.36 http://localhost:51722/ReceiptBox 200 0 0 104
2018-07-12 11:05:02 ::1 GET /Scripts/jQueryRotate.js - 51722 - ::1 Mozilla/5.0+(Windows+NT+10.0;+Win64;+x64)+AppleWebKit/537.36+(KHTML,+like+Gecko)+Chrome/67.0.3396.99+Safari/537.36 http://localhost:51722/ReceiptBox 200 0 0 121
2018-07-12 11:05:02 ::1 GET /Scripts/jquery.loading.1.6.4.js - 51722 - ::1 Mozilla/5.0+(Windows+NT+10.0;+Win64;+x64)+AppleWebKit/537.36+(KHTML,+like+Gecko)+Chrome/67.0.3396.99+Safari/537.36 http://localhost:51722/ReceiptBox 200 0 0 140
2018-07-12 11:05:02 ::1 GET /Scripts/jquery.qtip.min.js - 51722 - ::1 Mozilla/5.0+(Windows+NT+10.0;+Win64;+x64)+AppleWebKit/537.36+(KHTML,+like+Gecko)+Chrome/67.0.3396.99+Safari/537.36 http://localhost:51722/ReceiptBox 200 0 0 202
2018-07-12 11:05:02 ::1 GET /Images/prev.png - 51722 - ::1 Mozilla/5.0+(Windows+NT+10.0;+Win64;+x64)+AppleWebKit/537.36+(KHTML,+like+Gecko)+Chrome/67.0.3396.99+Safari/537.36 http://localhost:51722/ReceiptBox 200 0 0 73
2018-07-12 11:05:02 ::1 GET /Images/next.png - 51722 - ::1 Mozilla/5.0+(Windows+NT+10.0;+Win64;+x64)+AppleWebKit/537.36+(KHTML,+like+Gecko)+Chrome/67.0.3396.99+Safari/537.36 http://localhost:51722/ReceiptBox 200 0 0 52
2018-07-12 11:05:02 ::1 GET /Images/first.png - 51722 - ::1 Mozilla/5.0+(Windows+NT+10.0;+Win64;+x64)+AppleWebKit/537.36+(KHTML,+like+Gecko)+Chrome/67.0.3396.99+Safari/537.36 http://localhost:51722/ReceiptBox 200 0 0 122
2018-07-12 11:05:02 ::1 GET /images/loading.gif - 51722 - ::1 Mozilla/5.0+(Windows+NT+10.0;+Win64;+x64)+AppleWebKit/537.36+(KHTML,+like+Gecko)+Chrome/67.0.3396.99+Safari/537.36 http://localhost:51722/ReceiptBox 200 0 0 184
2018-07-12 11:05:02 ::1 GET /Scripts/jquery.fancybox.js - 51722 - ::1 Mozilla/5.0+(Windows+NT+10.0;+Win64;+x64)+AppleWebKit/537.36+(KHTML,+like+Gecko)+Chrome/67.0.3396.99+Safari/537.36 http://localhost:51722/ReceiptBox 200 0 0 290
2018-07-12 11:05:02 ::1 GET /Images/last.png - 51722 - ::1 Mozilla/5.0+(Windows+NT+10.0;+Win64;+x64)+AppleWebKit/537.36+(KHTML,+like+Gecko)+Chrome/67.0.3396.99+Safari/537.36 http://localhost:51722/ReceiptBox 200 0 0 31
2018-07-12 11:05:02 ::1 GET /images/bg-form-field.gif - 51722 - ::1 Mozilla/5.0+(Windows+NT+10.0;+Win64;+x64)+AppleWebKit/537.36+(KHTML,+like+Gecko)+Chrome/67.0.3396.99+Safari/537.36 http://localhost:51722/ReceiptBox 200 0 0 27
2018-07-12 11:15:41 ::1 GET /ReceiptBox/Index/ page=1&NumberOfRecords=NaN&currentTab=0&day=30 51722 androidtest@abc.com ::1 Mozilla/5.0+(Windows+NT+10.0;+Win64;+x64)+AppleWebKit/537.36+(KHTML,+like+Gecko)+Chrome/67.0.3396.99+Safari/537.36 http://localhost:51722/ReceiptBox 200 0 0 383816
2018-07-12 11:15:43 ::1 GET /User/LogOn - 51722 androidtest@abc.com ::1 Mozilla/5.0+(Windows+NT+10.0;+Win64;+x64)+AppleWebKit/537.36+(KHTML,+like+Gecko)+Chrome/67.0.3396.99+Safari/537.36 http://localhost:51722/ReceiptBox 302 0 0 140867
2018-07-12 11:15:50 ::1 GET / - 51722 androidtest@abc.com ::1 Mozilla/5.0+(Windows+NT+10.0;+Win64;+x64)+AppleWebKit/537.36+(KHTML,+like+Gecko)+Chrome/67.0.3396.99+Safari/537.36 http://localhost:51722/ReceiptBox 200 0 0 6866
2018-07-12 11:20:03 ::1 GET /ReceiptBox/Index/ page=1&NumberOfRecords=NaN&currentTab=0&day=30 51722 androidtest@abc.com ::1 Mozilla/5.0+(Windows+NT+10.0;+Win64;+x64)+AppleWebKit/537.36+(KHTML,+like+Gecko)+Chrome/67.0.3396.99+Safari/537.36 http://localhost:51722/ReceiptBox 200 0 0 12481
2018-07-12 11:22:12 ::1 GET /ReceiptBox/Index/ page=1&NumberOfRecords=NaN&currentTab=0&day=30 51722 androidtest@abc.com ::1 Mozilla/5.0+(Windows+NT+10.0;+Win64;+x64)+AppleWebKit/537.36+(KHTML,+like+Gecko)+Chrome/67.0.3396.99+Safari/537.36 http://localhost:51722/ReceiptBox 200 0 0 71733
2018-07-12 11:22:49 ::1 GET /ReceiptBox/Index/ page=1&NumberOfRecords=NaN&currentTab=0&day=30 51722 androidtest@abc.com ::1 Mozilla/5.0+(Windows+NT+10.0;+Win64;+x64)+AppleWebKit/537.36+(KHTML,+like+Gecko)+Chrome/67.0.3396.99+Safari/537.36 http://localhost:51722/ReceiptBox 200 0 0 36823
2018-07-12 11:22:51 ::1 GET /User/LogOn - 51722 androidtest@abc.com ::1 Mozilla/5.0+(Windows+NT+10.0;+Win64;+x64)+AppleWebKit/537.36+(KHTML,+like+Gecko)+Chrome/67.0.3396.99+Safari/537.36 http://localhost:51722/ReceiptBox 302 0 0 68803
2018-07-12 11:23:00 ::1 GET / - 51722 androidtest@abc.com ::1 Mozilla/5.0+(Windows+NT+10.0;+Win64;+x64)+AppleWebKit/537.36+(KHTML,+like+Gecko)+Chrome/67.0.3396.99+Safari/537.36 http://localhost:51722/ReceiptBox 200 0 0 8584
2018-07-12 11:23:07 ::1 GET /ReceiptBox/GetScanningStatusbulk/ - 51722 androidtest@abc.com ::1 Mozilla/5.0+(Windows+NT+10.0;+Win64;+x64)+AppleWebKit/537.36+(KHTML,+like+Gecko)+Chrome/67.0.3396.99+Safari/537.36 http://localhost:51722/ReceiptBox 200 0 0 18489
2018-07-12 11:23:20 ::1 GET /ReceiptBox/Index/ page=1&NumberOfRecords=NaN&currentTab=0&day=30 51722 androidtest@abc.com ::1 Mozilla/5.0+(Windows+NT+10.0;+Win64;+x64)+AppleWebKit/537.36+(KHTML,+like+Gecko)+Chrome/67.0.3396.99+Safari/537.36 http://localhost:51722/ReceiptBox 200 0 0 9536
2018-07-12 11:24:04 ::1 GET /User/LogOn - 51722 androidtest@abc.com ::1 Mozilla/5.0+(Windows+NT+10.0;+Win64;+x64)+AppleWebKit/537.36+(KHTML,+like+Gecko)+Chrome/67.0.3396.99+Safari/537.36 http://localhost:51722/ReceiptBox 302 0 0 2401
2018-07-12 11:24:11 ::1 GET / - 51722 androidtest@abc.com ::1 Mozilla/5.0+(Windows+NT+10.0;+Win64;+x64)+AppleWebKit/537.36+(KHTML,+like+Gecko)+Chrome/67.0.3396.99+Safari/537.36 http://localhost:51722/ReceiptBox 200 0 0 6945
#Software: Microsoft Internet Information Services 8.0
#Version: 1.0
#Date: 2018-07-12 11:31:03
#Fields: date time s-ip cs-method cs-uri-stem cs-uri-query s-port cs-username c-ip cs(User-Agent) cs(Referer) sc-status sc-substatus sc-win32-status time-taken
2018-07-12 11:31:03 ::1 GET /ReceiptBox/AttachRecieptToExpenseReportFromRecieptBox - 51722 androidtest@abc.com ::1 Mozilla/5.0+(Windows+NT+10.0;+Win64;+x64)+AppleWebKit/537.36+(KHTML,+like+Gecko)+Chrome/67.0.3396.99+Safari/537.36 - 302 0 0 58823
2018-07-12 11:31:03 ::1 GET /User/LogOn - 51722 androidtest@abc.com ::1 Mozilla/5.0+(Windows+NT+10.0;+Win64;+x64)+AppleWebKit/537.36+(KHTML,+like+Gecko)+Chrome/67.0.3396.99+Safari/537.36 http://localhost:51722/ReceiptBox 200 0 0 59598
2018-07-12 11:31:03 ::1 GET /User/LogOn - 51722 androidtest@abc.com ::1 Mozilla/5.0+(Windows+NT+10.0;+Win64;+x64)+AppleWebKit/537.36+(KHTML,+like+Gecko)+Chrome/67.0.3396.99+Safari/537.36 http://localhost:51722/ReceiptBox 200 0 0 10599
2018-07-12 11:31:03 ::1 GET /User/LogOn - 51722 androidtest@abc.com ::1 Mozilla/5.0+(Windows+NT+10.0;+Win64;+x64)+AppleWebKit/537.36+(KHTML,+like+Gecko)+Chrome/67.0.3396.99+Safari/537.36 - 200 0 0 338
2018-07-12 11:31:03 ::1 GET /User/assets/pages/img/login/bg1.jpg - 51722 - ::1 Mozilla/5.0+(Windows+NT+10.0;+Win64;+x64)+AppleWebKit/537.36+(KHTML,+like+Gecko)+Chrome/67.0.3396.99+Safari/537.36 http://localhost:51722/User/LogOn 404 0 2 9
2018-07-12 11:31:27 ::1 GET /User/LogOn - 51722 androidtest@abc.com ::1 Mozilla/5.0+(Windows+NT+10.0;+Win64;+x64)+AppleWebKit/537.36+(KHTML,+like+Gecko)+Chrome/67.0.3396.99+Safari/537.36 http://localhost:51722/ReceiptBox 200 0 0 17351
2018-07-12 11:31:58 ::1 GET /User/LogOn - 51722 androidtest@abc.com ::1 Mozilla/5.0+(Windows+NT+10.0;+Win64;+x64)+AppleWebKit/537.36+(KHTML,+like+Gecko)+Chrome/67.0.3396.99+Safari/537.36 http://localhost:51722/ReceiptBox 200 0 0 17446
2018-07-12 11:32:28 ::1 POST /User/LogOn - 51722 androidtest@abc.com ::1 Mozilla/5.0+(Windows+NT+10.0;+Win64;+x64)+AppleWebKit/537.36+(KHTML,+like+Gecko)+Chrome/67.0.3396.99+Safari/537.36 http://localhost:51722/User/LogOn 302 0 0 16537
2018-07-12 11:32:38 ::1 GET / - 51722 androidtest@abc.com ::1 Mozilla/5.0+(Windows+NT+10.0;+Win64;+x64)+AppleWebKit/537.36+(KHTML,+like+Gecko)+Chrome/67.0.3396.99+Safari/537.36 http://localhost:51722/User/LogOn 200 0 0 9773
2018-07-12 11:32:38 ::1 GET /User/LogOn - 51722 androidtest@abc.com ::1 Mozilla/5.0+(Windows+NT+10.0;+Win64;+x64)+AppleWebKit/537.36+(KHTML,+like+Gecko)+Chrome/67.0.3396.99+Safari/537.36 http://localhost:51722/ReceiptBox 302 0 64 16339
2018-07-12 11:34:35 ::1 GET /ReceiptBox - 51722 androidtest@abc.com ::1 Mozilla/5.0+(Windows+NT+10.0;+Win64;+x64)+AppleWebKit/537.36+(KHTML,+like+Gecko)+Chrome/67.0.3396.99+Safari/537.36 http://localhost:51722/ 200 0 0 13468
2018-07-12 11:34:59 ::1 GET /ReceiptBox/AttachedReciepts/ page=1&NumberOfRecords=25&currentTab=1&day=30&LoadCompletedReciepts=Completed 51722 androidtest@abc.com ::1 Mozilla/5.0+(Windows+NT+10.0;+Win64;+x64)+AppleWebKit/537.36+(KHTML,+like+Gecko)+Chrome/67.0.3396.99+Safari/537.36 http://localhost:51722/ReceiptBox 200 0 0 14986
2018-07-12 11:34:59 ::1 GET /Scripts/jquery.mousewheel-3.0.6.pack.js _=1531395299071 51722 - ::1 Mozilla/5.0+(Windows+NT+10.0;+Win64;+x64)+AppleWebKit/537.36+(KHTML,+like+Gecko)+Chrome/67.0.3396.99+Safari/537.36 http://localhost:51722/ReceiptBox 200 0 0 29
2018-07-12 11:34:59 ::1 GET /Scripts/jquery.fancybox.js _=1531395299120 51722 - ::1 Mozilla/5.0+(Windows+NT+10.0;+Win64;+x64)+AppleWebKit/537.36+(KHTML,+like+Gecko)+Chrome/67.0.3396.99+Safari/537.36 http://localhost:51722/ReceiptBox 200 0 0 110
2018-07-12 11:34:59 ::1 GET /Scripts/jQueryRotate.js _=1531395299266 51722 - ::1 Mozilla/5.0+(Windows+NT+10.0;+Win64;+x64)+AppleWebKit/537.36+(KHTML,+like+Gecko)+Chrome/67.0.3396.99+Safari/537.36 http://localhost:51722/ReceiptBox 200 0 0 67
2018-07-12 11:34:59 ::1 GET /Scripts/jquery.twbsPagination.js _=1531395299366 51722 - ::1 Mozilla/5.0+(Windows+NT+10.0;+Win64;+x64)+AppleWebKit/537.36+(KHTML,+like+Gecko)+Chrome/67.0.3396.99+Safari/537.36 http://localhost:51722/ReceiptBox 200 0 0 34
2018-07-12 11:34:59 ::1 GET /Scripts/jquery.qtip.min.js _=1531395299414 51722 - ::1 Mozilla/5.0+(Windows+NT+10.0;+Win64;+x64)+AppleWebKit/537.36+(KHTML,+like+Gecko)+Chrome/67.0.3396.99+Safari/537.36 http://localhost:51722/ReceiptBox 200 0 0 46
2018-07-12 11:34:59 ::1 GET /Scripts/jquery.imgcheckbox.js _=1531395299488 51722 - ::1 Mozilla/5.0+(Windows+NT+10.0;+Win64;+x64)+AppleWebKit/537.36+(KHTML,+like+Gecko)+Chrome/67.0.3396.99+Safari/537.36 http://localhost:51722/ReceiptBox 200 0 0 29
2018-07-12 11:35:48 ::1 GET /ReceiptBox/GetScanningStatusbulk/ - 51722 androidtest@abc.com ::1 Mozilla/5.0+(Windows+NT+10.0;+Win64;+x64)+AppleWebKit/537.36+(KHTML,+like+Gecko)+Chrome/67.0.3396.99+Safari/537.36 http://localhost:51722/ReceiptBox 500 0 0 48746
2018-07-12 11:35:55 ::1 GET /Scripts/jquery.qtip.min.map - 51722 - ::1 Mozilla/5.0+(Windows+NT+10.0;+Win64;+x64)+AppleWebKit/537.36+(KHTML,+like+Gecko)+Chrome/67.0.3396.99+Safari/537.36 - 404 0 2 4
2018-07-12 11:36:17 ::1 GET /ReceiptBox/AttachedReciepts/ page=1&NumberOfRecords=25&currentTab=1&day=30&LoadCompletedReciepts=Completed 51722 androidtest@abc.com ::1 Mozilla/5.0+(Windows+NT+10.0;+Win64;+x64)+AppleWebKit/537.36+(KHTML,+like+Gecko)+Chrome/67.0.3396.99+Safari/537.36 http://localhost:51722/ReceiptBox 200 0 0 13047
2018-07-12 11:36:17 ::1 GET /Scripts/jquery.mousewheel-3.0.6.pack.js _=1531395377954 51722 - ::1 Mozilla/5.0+(Windows+NT+10.0;+Win64;+x64)+AppleWebKit/537.36+(KHTML,+like+Gecko)+Chrome/67.0.3396.99+Safari/537.36 http://localhost:51722/ReceiptBox 200 0 0 116
2018-07-12 11:36:17 ::1 GET /Scripts/jquery.fancybox.js _=1531395378082 51722 - ::1 Mozilla/5.0+(Windows+NT+10.0;+Win64;+x64)+AppleWebKit/537.36+(KHTML,+like+Gecko)+Chrome/67.0.3396.99+Safari/537.36 http://localhost:51722/ReceiptBox 200 0 0 109
2018-07-12 11:36:17 ::1 GET /Scripts/jQueryRotate.js _=1531395378207 51722 - ::1 Mozilla/5.0+(Windows+NT+10.0;+Win64;+x64)+AppleWebKit/537.36+(KHTML,+like+Gecko)+Chrome/67.0.3396.99+Safari/537.36 http://localhost:51722/ReceiptBox 200 0 0 72
2018-07-12 11:36:17 ::1 GET /Scripts/jquery.twbsPagination.js _=1531395378290 51722 - ::1 Mozilla/5.0+(Windows+NT+10.0;+Win64;+x64)+AppleWebKit/537.36+(KHTML,+like+Gecko)+Chrome/67.0.3396.99+Safari/537.36 http://localhost:51722/ReceiptBox 200 0 0 36
2018-07-12 11:36:17 ::1 GET /Scripts/jquery.qtip.min.js _=1531395378364 51722 - ::1 Mozilla/5.0+(Windows+NT+10.0;+Win64;+x64)+AppleWebKit/537.36+(KHTML,+like+Gecko)+Chrome/67.0.3396.99+Safari/537.36 http://localhost:51722/ReceiptBox 200 0 0 76
2018-07-12 11:36:17 ::1 GET /Scripts/jquery.imgcheckbox.js _=1531395378454 51722 - ::1 Mozilla/5.0+(Windows+NT+10.0;+Win64;+x64)+AppleWebKit/537.36+(KHTML,+like+Gecko)+Chrome/67.0.3396.99+Safari/537.36 http://localhost:51722/ReceiptBox 200 0 0 41
#Software: Microsoft Internet Information Services 8.0
#Version: 1.0
#Date: 2018-07-12 11:57:30
#Fields: date time s-ip cs-method cs-uri-stem cs-uri-query s-port cs-username c-ip cs(User-Agent) cs(Referer) sc-status sc-substatus sc-win32-status time-taken
2018-07-12 11:57:30 ::1 GET / - 51722 - ::1 Mozilla/5.0+(Windows+NT+10.0;+Win64;+x64)+AppleWebKit/537.36+(KHTML,+like+Gecko)+Chrome/67.0.3396.99+Safari/537.36 - 302 0 0 399278
2018-07-12 11:57:33 ::1 GET /User/LogOn - 51722 - ::1 Mozilla/5.0+(Windows+NT+10.0;+Win64;+x64)+AppleWebKit/537.36+(KHTML,+like+Gecko)+Chrome/67.0.3396.99+Safari/537.36 - 200 0 0 3120
2018-07-12 11:57:33 ::1 GET /User/assets/pages/img/login/bg1.jpg - 51722 - ::1 Mozilla/5.0+(Windows+NT+10.0;+Win64;+x64)+AppleWebKit/537.36+(KHTML,+like+Gecko)+Chrome/67.0.3396.99+Safari/537.36 http://localhost:51722/User/LogOn 404 0 2 19
2018-07-12 11:58:20 ::1 POST /User/LogOn - 51722 - ::1 Mozilla/5.0+(Windows+NT+10.0;+Win64;+x64)+AppleWebKit/537.36+(KHTML,+like+Gecko)+Chrome/67.0.3396.99+Safari/537.36 http://localhost:51722/User/LogOn 302 0 0 30525
2018-07-12 11:58:30 ::1 GET / - 51722 androidtest@abc.com ::1 Mozilla/5.0+(Windows+NT+10.0;+Win64;+x64)+AppleWebKit/537.36+(KHTML,+like+Gecko)+Chrome/67.0.3396.99+Safari/537.36 http://localhost:51722/User/LogOn 200 0 0 10134
2018-07-12 11:59:39 ::1 GET /ReceiptBox - 51722 androidtest@abc.com ::1 Mozilla/5.0+(Windows+NT+10.0;+Win64;+x64)+AppleWebKit/537.36+(KHTML,+like+Gecko)+Chrome/67.0.3396.99+Safari/537.36 http://localhost:51722/ 200 0 0 60665
2018-07-12 12:00:02 ::1 GET /ReceiptBox/AttachedReciepts/ page=1&NumberOfRecords=25&currentTab=1&day=30&LoadCompletedReciepts=Completed 51722 androidtest@abc.com ::1 Mozilla/5.0+(Windows+NT+10.0;+Win64;+x64)+AppleWebKit/537.36+(KHTML,+like+Gecko)+Chrome/67.0.3396.99+Safari/537.36 http://localhost:51722/ReceiptBox 200 0 0 14137
2018-07-12 12:00:02 ::1 GET /Scripts/jquery.mousewheel-3.0.6.pack.js _=1531396802295 51722 - ::1 Mozilla/5.0+(Windows+NT+10.0;+Win64;+x64)+AppleWebKit/537.36+(KHTML,+like+Gecko)+Chrome/67.0.3396.99+Safari/537.36 http://localhost:51722/ReceiptBox 200 0 0 164
2018-07-12 12:00:02 ::1 GET /Scripts/jquery.fancybox.js _=1531396802497 51722 - ::1 Mozilla/5.0+(Windows+NT+10.0;+Win64;+x64)+AppleWebKit/537.36+(KHTML,+like+Gecko)+Chrome/67.0.3396.99+Safari/537.36 http://localhost:51722/ReceiptBox 200 0 0 102
2018-07-12 12:00:02 ::1 GET /Scripts/jQueryRotate.js _=1531396802654 51722 - ::1 Mozilla/5.0+(Windows+NT+10.0;+Win64;+x64)+AppleWebKit/537.36+(KHTML,+like+Gecko)+Chrome/67.0.3396.99+Safari/537.36 http://localhost:51722/ReceiptBox 200 0 0 91
2018-07-12 12:00:02 ::1 GET /Scripts/jquery.twbsPagination.js _=1531396802775 51722 - ::1 Mozilla/5.0+(Windows+NT+10.0;+Win64;+x64)+AppleWebKit/537.36+(KHTML,+like+Gecko)+Chrome/67.0.3396.99+Safari/537.36 http://localhost:51722/ReceiptBox 200 0 0 36
2018-07-12 12:00:02 ::1 GET /Scripts/jquery.qtip.min.js _=1531396802817 51722 - ::1 Mozilla/5.0+(Windows+NT+10.0;+Win64;+x64)+AppleWebKit/537.36+(KHTML,+like+Gecko)+Chrome/67.0.3396.99+Safari/537.36 http://localhost:51722/ReceiptBox 200 0 0 42
2018-07-12 12:00:02 ::1 GET /Scripts/jquery.imgcheckbox.js _=1531396802880 51722 - ::1 Mozilla/5.0+(Windows+NT+10.0;+Win64;+x64)+AppleWebKit/537.36+(KHTML,+like+Gecko)+Chrome/67.0.3396.99+Safari/537.36 http://localhost:51722/ReceiptBox 200 0 0 55
2018-07-12 12:09:48 ::1 GET /images/ui-bg_flat_75_ffffff_40x100.png - 51722 - ::1 Mozilla/5.0+(Windows+NT+10.0;+Win64;+x64)+AppleWebKit/537.36+(KHTML,+like+Gecko)+Chrome/67.0.3396.99+Safari/537.36 http://localhost:51722/css/SiteLayoutPageForMasters-css?v=tYCFPUvfhMe1vmZxcbcDA87hINYJdoZqWZmrS9VAazU1 200 0 0 13
2018-07-12 12:09:48 ::1 GET /images/ui-icons_222222_256x240.png - 51722 - ::1 Mozilla/5.0+(Windows+NT+10.0;+Win64;+x64)+AppleWebKit/537.36+(KHTML,+like+Gecko)+Chrome/67.0.3396.99+Safari/537.36 http://localhost:51722/css/SiteLayoutPageForMasters-css?v=tYCFPUvfhMe1vmZxcbcDA87hINYJdoZqWZmrS9VAazU1 200 0 0 18
2018-07-12 12:09:48 ::1 GET /images/ui-bg_flat_0_aaaaaa_40x100.png - 51722 - ::1 Mozilla/5.0+(Windows+NT+10.0;+Win64;+x64)+AppleWebKit/537.36+(KHTML,+like+Gecko)+Chrome/67.0.3396.99+Safari/537.36 http://localhost:51722/css/SiteLayoutPageForMasters-css?v=tYCFPUvfhMe1vmZxcbcDA87hINYJdoZqWZmrS9VAazU1 200 0 0 48
2018-07-12 12:21:23 ::1 GET /ReceiptBox/GetScanningStatusbulk/ - 51722 androidtest@abc.com ::1 Mozilla/5.0+(Windows+NT+10.0;+Win64;+x64)+AppleWebKit/537.36+(KHTML,+like+Gecko)+Chrome/67.0.3396.99+Safari/537.36 http://localhost:51722/ReceiptBox 500 0 0 1281018
2018-07-12 12:21:35 ::1 GET /User/LogOn - 51722 - ::1 Mozilla/5.0+(Windows+NT+10.0;+Win64;+x64)+AppleWebKit/537.36+(KHTML,+like+Gecko)+Chrome/67.0.3396.99+Safari/537.36 http://localhost:51722/ReceiptBox 200 0 0 816184
2018-07-12 12:21:35 ::1 GET /ReceiptBox/AttachedReciepts/ page=1&NumberOfRecords=25&currentTab=1&day=30&LoadCompletedReciepts=Completed 51722 - ::1 Mozilla/5.0+(Windows+NT+10.0;+Win64;+x64)+AppleWebKit/537.36+(KHTML,+like+Gecko)+Chrome/67.0.3396.99+Safari/537.36 http://localhost:51722/ReceiptBox 302 0 0 14479
2018-07-12 12:21:35 ::1 GET /User/LogOut - 51722 - ::1 Mozilla/5.0+(Windows+NT+10.0;+Win64;+x64)+AppleWebKit/537.36+(KHTML,+like+Gecko)+Chrome/67.0.3396.99+Safari/537.36 http://localhost:51722/ReceiptBox 302 0 64 103689
2018-07-12 12:21:35 ::1 GET /User/LogOut - 51722 - ::1 Mozilla/5.0+(Windows+NT+10.0;+Win64;+x64)+AppleWebKit/537.36+(KHTML,+like+Gecko)+Chrome/67.0.3396.99+Safari/537.36 http://localhost:51722/ReceiptBox 302 0 64 133963
2018-07-12 12:21:35 ::1 GET /User/LogOut - 51722 - ::1 Mozilla/5.0+(Windows+NT+10.0;+Win64;+x64)+AppleWebKit/537.36+(KHTML,+like+Gecko)+Chrome/67.0.3396.99+Safari/537.36 http://localhost:51722/ReceiptBox 302 0 64 94118
2018-07-12 12:21:37 ::1 GET /User/LogOut - 51722 - ::1 Mozilla/5.0+(Windows+NT+10.0;+Win64;+x64)+AppleWebKit/537.36+(KHTML,+like+Gecko)+Chrome/67.0.3396.99+Safari/537.36 http://localhost:51722/ReceiptBox 302 0 0 1267
2018-07-12 12:21:37 ::1 GET / - 51722 - ::1 Mozilla/5.0+(Windows+NT+10.0;+Win64;+x64)+AppleWebKit/537.36+(KHTML,+like+Gecko)+Chrome/67.0.3396.99+Safari/537.36 http://localhost:51722/ReceiptBox 302 0 0 381
2018-07-12 12:21:37 ::1 GET /User/LogOut - 51722 - ::1 Mozilla/5.0+(Windows+NT+10.0;+Win64;+x64)+AppleWebKit/537.36+(KHTML,+like+Gecko)+Chrome/67.0.3396.99+Safari/537.36 http://localhost:51722/ReceiptBox 302 0 64 15664
2018-07-12 12:21:38 ::1 GET /User/LogOn - 51722 - ::1 Mozilla/5.0+(Windows+NT+10.0;+Win64;+x64)+AppleWebKit/537.36+(KHTML,+like+Gecko)+Chrome/67.0.3396.99+Safari/537.36 http://localhost:51722/ReceiptBox 200 0 64 654
2018-07-12 12:21:38 ::1 GET /User/LogOut - 51722 - ::1 Mozilla/5.0+(Windows+NT+10.0;+Win64;+x64)+AppleWebKit/537.36+(KHTML,+like+Gecko)+Chrome/67.0.3396.99+Safari/537.36 http://localhost:51722/ReceiptBox 302 0 64 131467
2018-07-12 12:21:38 ::1 GET /User/LogOut - 51722 - ::1 Mozilla/5.0+(Windows+NT+10.0;+Win64;+x64)+AppleWebKit/537.36+(KHTML,+like+Gecko)+Chrome/67.0.3396.99+Safari/537.36 http://localhost:51722/ReceiptBox 302 0 64 4597
2018-07-12 12:21:52 ::1 GET /User/LogOut - 51722 - ::1 Mozilla/5.0+(Windows+NT+10.0;+Win64;+x64)+AppleWebKit/537.36+(KHTML,+like+Gecko)+Chrome/67.0.3396.99+Safari/537.36 http://localhost:51722/ReceiptBox 302 0 64 15144
2018-07-12 12:21:52 ::1 GET /User/LogOut - 51722 - ::1 Mozilla/5.0+(Windows+NT+10.0;+Win64;+x64)+AppleWebKit/537.36+(KHTML,+like+Gecko)+Chrome/67.0.3396.99+Safari/537.36 http://localhost:51722/ReceiptBox 302 0 64 25151
2018-07-12 12:22:07 ::1 GET /User/LogOut - 51722 - ::1 Mozilla/5.0+(Windows+NT+10.0;+Win64;+x64)+AppleWebKit/537.36+(KHTML,+like+Gecko)+Chrome/67.0.3396.99+Safari/537.36 http://localhost:51722/ReceiptBox 302 0 64 25583
2018-07-12 12:22:07 ::1 GET /User/LogOut - 51722 - ::1 Mozilla/5.0+(Windows+NT+10.0;+Win64;+x64)+AppleWebKit/537.36+(KHTML,+like+Gecko)+Chrome/67.0.3396.99+Safari/537.36 http://localhost:51722/ReceiptBox 302 0 64 41603
2018-07-12 12:22:07 ::1 GET /User/LogOut - 51722 - ::1 Mozilla/5.0+(Windows+NT+10.0;+Win64;+x64)+AppleWebKit/537.36+(KHTML,+like+Gecko)+Chrome/67.0.3396.99+Safari/537.36 http://localhost:51722/ReceiptBox 302 0 64 58841
2018-07-12 12:22:07 ::1 GET /User/LogOut - 51722 - ::1 Mozilla/5.0+(Windows+NT+10.0;+Win64;+x64)+AppleWebKit/537.36+(KHTML,+like+Gecko)+Chrome/67.0.3396.99+Safari/537.36 http://localhost:51722/ReceiptBox 302 0 64 5797
2018-07-12 12:22:07 ::1 GET /User/LogOut - 51722 - ::1 Mozilla/5.0+(Windows+NT+10.0;+Win64;+x64)+AppleWebKit/537.36+(KHTML,+like+Gecko)+Chrome/67.0.3396.99+Safari/537.36 http://localhost:51722/ReceiptBox 302 0 64 28039
2018-07-12 12:22:07 ::1 GET /User/LogOut - 51722 - ::1 Mozilla/5.0+(Windows+NT+10.0;+Win64;+x64)+AppleWebKit/537.36+(KHTML,+like+Gecko)+Chrome/67.0.3396.99+Safari/537.36 http://localhost:51722/ReceiptBox 302 0 64 127106
2018-07-12 12:22:07 ::1 GET /User/LogOut - 51722 - ::1 Mozilla/5.0+(Windows+NT+10.0;+Win64;+x64)+AppleWebKit/537.36+(KHTML,+like+Gecko)+Chrome/67.0.3396.99+Safari/537.36 http://localhost:51722/ReceiptBox 302 0 64 4266
2018-07-12 12:22:07 ::1 GET /User/LogOn ReturnUrl=%2fReceiptBox%2fAttachedReciepts%2f%3fpage%3d1%26NumberOfRecords%3d25%26currentTab%3d1%26day%3d30%26LoadCompletedReciepts%3dCompleted&page=1&NumberOfRecords=25&currentTab=1&day=30&LoadCompletedReciepts=Completed 51722 - ::1 Mozilla/5.0+(Windows+NT+10.0;+Win64;+x64)+AppleWebKit/537.36+(KHTML,+like+Gecko)+Chrome/67.0.3396.99+Safari/537.36 http://localhost:51722/ReceiptBox 302 0 0 31807
2018-07-12 12:22:07 ::1 GET /User/LogOut - 51722 - ::1 Mozilla/5.0+(Windows+NT+10.0;+Win64;+x64)+AppleWebKit/537.36+(KHTML,+like+Gecko)+Chrome/67.0.3396.99+Safari/537.36 http://localhost:51722/ReceiptBox 302 0 64 16449
2018-07-12 12:22:07 ::1 GET /User/LogOut - 51722 - ::1 Mozilla/5.0+(Windows+NT+10.0;+Win64;+x64)+AppleWebKit/537.36+(KHTML,+like+Gecko)+Chrome/67.0.3396.99+Safari/537.36 http://localhost:51722/ReceiptBox 302 0 64 44473
2018-07-12 12:22:08 ::1 GET /User/LogOut - 51722 - ::1 Mozilla/5.0+(Windows+NT+10.0;+Win64;+x64)+AppleWebKit/537.36+(KHTML,+like+Gecko)+Chrome/67.0.3396.99+Safari/537.36 http://localhost:51722/ReceiptBox 302 0 0 716
2018-07-12 12:22:08 ::1 GET /User/LogOut - 51722 - ::1 Mozilla/5.0+(Windows+NT+10.0;+Win64;+x64)+AppleWebKit/537.36+(KHTML,+like+Gecko)+Chrome/67.0.3396.99+Safari/537.36 http://localhost:51722/ReceiptBox 302 0 64 36747
2018-07-12 12:22:08 ::1 GET / - 51722 - ::1 Mozilla/5.0+(Windows+NT+10.0;+Win64;+x64)+AppleWebKit/537.36+(KHTML,+like+Gecko)+Chrome/67.0.3396.99+Safari/537.36 http://localhost:51722/ReceiptBox 302 0 0 331
2018-07-12 12:22:08 ::1 GET /User/LogOut - 51722 - ::1 Mozilla/5.0+(Windows+NT+10.0;+Win64;+x64)+AppleWebKit/537.36+(KHTML,+like+Gecko)+Chrome/67.0.3396.99+Safari/537.36 http://localhost:51722/ReceiptBox 302 0 64 164099
2018-07-12 12:22:08 ::1 GET /User/LogOut - 51722 - ::1 Mozilla/5.0+(Windows+NT+10.0;+Win64;+x64)+AppleWebKit/537.36+(KHTML,+like+Gecko)+Chrome/67.0.3396.99+Safari/537.36 http://localhost:51722/ReceiptBox 302 0 0 341
2018-07-12 12:22:08 ::1 GET /User/LogOut - 51722 - ::1 Mozilla/5.0+(Windows+NT+10.0;+Win64;+x64)+AppleWebKit/537.36+(KHTML,+like+Gecko)+Chrome/67.0.3396.99+Safari/537.36 http://localhost:51722/ReceiptBox 302 0 64 3471
2018-07-12 12:22:08 ::1 GET /User/LogOut - 51722 - ::1 Mozilla/5.0+(Windows+NT+10.0;+Win64;+x64)+AppleWebKit/537.36+(KHTML,+like+Gecko)+Chrome/67.0.3396.99+Safari/537.36 http://localhost:51722/ReceiptBox 302 0 64 39497
2018-07-12 12:22:08 ::1 GET / - 51722 - ::1 Mozilla/5.0+(Windows+NT+10.0;+Win64;+x64)+AppleWebKit/537.36+(KHTML,+like+Gecko)+Chrome/67.0.3396.99+Safari/537.36 http://localhost:51722/ReceiptBox 302 0 0 426
2018-07-12 12:22:08 ::1 GET /User/LogOut - 51722 - ::1 Mozilla/5.0+(Windows+NT+10.0;+Win64;+x64)+AppleWebKit/537.36+(KHTML,+like+Gecko)+Chrome/67.0.3396.99+Safari/537.36 http://localhost:51722/ReceiptBox 302 0 64 62707
2018-07-12 12:22:08 ::1 GET /User/LogOut - 51722 - ::1 Mozilla/5.0+(Windows+NT+10.0;+Win64;+x64)+AppleWebKit/537.36+(KHTML,+like+Gecko)+Chrome/67.0.3396.99+Safari/537.36 http://localhost:51722/ReceiptBox 302 0 64 9681
2018-07-12 12:22:10 ::1 GET /User/LogOut - 51722 - ::1 Mozilla/5.0+(Windows+NT+10.0;+Win64;+x64)+AppleWebKit/537.36+(KHTML,+like+Gecko)+Chrome/67.0.3396.99+Safari/537.36 http://localhost:51722/ReceiptBox 302 0 64 51440
2018-07-12 12:22:10 ::1 GET /User/LogOut - 51722 - ::1 Mozilla/5.0+(Windows+NT+10.0;+Win64;+x64)+AppleWebKit/537.36+(KHTML,+like+Gecko)+Chrome/67.0.3396.99+Safari/537.36 http://localhost:51722/ReceiptBox 302 0 64 12387
2018-07-12 12:22:10 ::1 GET /User/LogOut - 51722 - ::1 Mozilla/5.0+(Windows+NT+10.0;+Win64;+x64)+AppleWebKit/537.36+(KHTML,+like+Gecko)+Chrome/67.0.3396.99+Safari/537.36 http://localhost:51722/ReceiptBox 302 0 0 392
2018-07-12 12:22:10 ::1 GET / - 51722 - ::1 Mozilla/5.0+(Windows+NT+10.0;+Win64;+x64)+AppleWebKit/537.36+(KHTML,+like+Gecko)+Chrome/67.0.3396.99+Safari/537.36 http://localhost:51722/ReceiptBox 302 0 0 283
2018-07-12 12:22:10 ::1 GET /User/LogOut - 51722 - ::1 Mozilla/5.0+(Windows+NT+10.0;+Win64;+x64)+AppleWebKit/537.36+(KHTML,+like+Gecko)+Chrome/67.0.3396.99+Safari/537.36 http://localhost:51722/ReceiptBox 302 0 64 53851
2018-07-12 12:22:10 ::1 GET /User/LogOut - 51722 - ::1 Mozilla/5.0+(Windows+NT+10.0;+Win64;+x64)+AppleWebKit/537.36+(KHTML,+like+Gecko)+Chrome/67.0.3396.99+Safari/537.36 http://localhost:51722/ReceiptBox 302 0 64 14810
2018-07-12 12:22:10 ::1 GET /User/LogOut - 51722 - ::1 Mozilla/5.0+(Windows+NT+10.0;+Win64;+x64)+AppleWebKit/537.36+(KHTML,+like+Gecko)+Chrome/67.0.3396.99+Safari/537.36 http://localhost:51722/ReceiptBox 302 0 64 65983
2018-07-12 12:22:10 ::1 GET /User/LogOut - 51722 - ::1 Mozilla/5.0+(Windows+NT+10.0;+Win64;+x64)+AppleWebKit/537.36+(KHTML,+like+Gecko)+Chrome/67.0.3396.99+Safari/537.36 http://localhost:51722/ReceiptBox 302 0 64 50680
2018-07-12 12:22:10 ::1 GET /User/LogOut - 51722 - ::1 Mozilla/5.0+(Windows+NT+10.0;+Win64;+x64)+AppleWebKit/537.36+(KHTML,+like+Gecko)+Chrome/67.0.3396.99+Safari/537.36 http://localhost:51722/ReceiptBox 302 0 64 17218
2018-07-12 12:22:10 ::1 GET /User/LogOut - 51722 - ::1 Mozilla/5.0+(Windows+NT+10.0;+Win64;+x64)+AppleWebKit/537.36+(KHTML,+like+Gecko)+Chrome/67.0.3396.99+Safari/537.36 http://localhost:51722/ReceiptBox 302 0 64 68364
2018-07-12 12:22:11 ::1 GET /User/LogOn - 51722 - ::1 Mozilla/5.0+(Windows+NT+10.0;+Win64;+x64)+AppleWebKit/537.36+(KHTML,+like+Gecko)+Chrome/67.0.3396.99+Safari/537.36 http://localhost:51722/ReceiptBox 200 0 0 2225
2018-07-12 12:22:11 ::1 GET /assets/global/plugins/jquery.min.js _=1531398132004 51722 - ::1 Mozilla/5.0+(Windows+NT+10.0;+Win64;+x64)+AppleWebKit/537.36+(KHTML,+like+Gecko)+Chrome/67.0.3396.99+Safari/537.36 http://localhost:51722/ReceiptBox 200 0 0 57
2018-07-12 12:22:11 ::1 GET /User/LogOut - 51722 - ::1 Mozilla/5.0+(Windows+NT+10.0;+Win64;+x64)+AppleWebKit/537.36+(KHTML,+like+Gecko)+Chrome/67.0.3396.99+Safari/537.36 http://localhost:51722/ReceiptBox 302 0 64 22440
2018-07-12 12:22:11 ::1 GET /User/LogOut - 51722 - ::1 Mozilla/5.0+(Windows+NT+10.0;+Win64;+x64)+AppleWebKit/537.36+(KHTML,+like+Gecko)+Chrome/67.0.3396.99+Safari/537.36 http://localhost:51722/ReceiptBox 302 0 64 133494
2018-07-12 12:22:11 ::1 GET /assets/global/plugins/bootstrap/js/bootstrap.min.js _=1531398132125 51722 - ::1 Mozilla/5.0+(Windows+NT+10.0;+Win64;+x64)+AppleWebKit/537.36+(KHTML,+like+Gecko)+Chrome/67.0.3396.99+Safari/537.36 http://localhost:51722/ReceiptBox 200 0 0 76
2018-07-12 12:22:11 ::1 GET /User/LogOn - 51722 - ::1 Mozilla/5.0+(Windows+NT+10.0;+Win64;+x64)+AppleWebKit/537.36+(KHTML,+like+Gecko)+Chrome/67.0.3396.99+Safari/537.36 http://localhost:51722/ReceiptBox 200 0 64 3471
2018-07-12 12:22:11 ::1 GET /User/LogOut - 51722 - ::1 Mozilla/5.0+(Windows+NT+10.0;+Win64;+x64)+AppleWebKit/537.36+(KHTML,+like+Gecko)+Chrome/67.0.3396.99+Safari/537.36 http://localhost:51722/ReceiptBox 302 0 0 542
2018-07-12 12:22:11 ::1 GET /assets/global/plugins/js.cookie.min.js _=1531398132256 51722 - ::1 Mozilla/5.0+(Windows+NT+10.0;+Win64;+x64)+AppleWebKit/537.36+(KHTML,+like+Gecko)+Chrome/67.0.3396.99+Safari/537.36 http://localhost:51722/ReceiptBox 200 0 0 31
2018-07-12 12:22:11 ::1 GET /assets/global/plugins/jquery-slimscroll/jquery.slimscroll.min.js _=1531398132325 51722 - ::1 Mozilla/5.0+(Windows+NT+10.0;+Win64;+x64)+AppleWebKit/537.36+(KHTML,+like+Gecko)+Chrome/67.0.3396.99+Safari/537.36 http://localhost:51722/ReceiptBox 200 0 0 67
2018-07-12 12:22:11 ::1 GET /assets/global/plugins/jquery.blockui.min.js _=1531398132426 51722 - ::1 Mozilla/5.0+(Windows+NT+10.0;+Win64;+x64)+AppleWebKit/537.36+(KHTML,+like+Gecko)+Chrome/67.0.3396.99+Safari/537.36 http://localhost:51722/ReceiptBox 200 0 0 63
2018-07-12 12:22:11 ::1 GET /assets/global/plugins/bootstrap-switch/js/bootstrap-switch.min.js _=1531398132519 51722 - ::1 Mozilla/5.0+(Windows+NT+10.0;+Win64;+x64)+AppleWebKit/537.36+(KHTML,+like+Gecko)+Chrome/67.0.3396.99+Safari/537.36 http://localhost:51722/ReceiptBox 200 0 0 50
2018-07-12 12:22:11 ::1 GET /assets/global/plugins/jquery-validation/js/jquery.validate.min.js _=1531398132592 51722 - ::1 Mozilla/5.0+(Windows+NT+10.0;+Win64;+x64)+AppleWebKit/537.36+(KHTML,+like+Gecko)+Chrome/67.0.3396.99+Safari/537.36 http://localhost:51722/ReceiptBox 200 0 0 45
2018-07-12 12:22:11 ::1 GET /assets/global/plugins/jquery-validation/js/additional-methods.min.js _=1531398132645 51722 - ::1 Mozilla/5.0+(Windows+NT+10.0;+Win64;+x64)+AppleWebKit/537.36+(KHTML,+like+Gecko)+Chrome/67.0.3396.99+Safari/537.36 http://localhost:51722/ReceiptBox 200 0 0 104
2018-07-12 12:22:11 ::1 GET /assets/global/plugins/select2/js/select2.full.min.js _=1531398132780 51722 - ::1 Mozilla/5.0+(Windows+NT+10.0;+Win64;+x64)+AppleWebKit/537.36+(KHTML,+like+Gecko)+Chrome/67.0.3396.99+Safari/537.36 http://localhost:51722/ReceiptBox 200 0 0 67
2018-07-12 12:22:13 ::1 GET /assets/global/plugins/backstretch/jquery.backstretch.min.js _=1531398132892 51722 - ::1 Mozilla/5.0+(Windows+NT+10.0;+Win64;+x64)+AppleWebKit/537.36+(KHTML,+like+Gecko)+Chrome/67.0.3396.99+Safari/537.36 http://localhost:51722/ReceiptBox 200 0 0 62
2018-07-12 12:22:13 ::1 GET /assets/global/scripts/app.min.js _=1531398133012 51722 - ::1 Mozilla/5.0+(Windows+NT+10.0;+Win64;+x64)+AppleWebKit/537.36+(KHTML,+like+Gecko)+Chrome/67.0.3396.99+Safari/537.36 http://localhost:51722/ReceiptBox 200 0 0 46
2018-07-12 12:22:13 ::1 GET /assets/pages/scripts/login-5.min.js _=1531398133066 51722 - ::1 Mozilla/5.0+(Windows+NT+10.0;+Win64;+x64)+AppleWebKit/537.36+(KHTML,+like+Gecko)+Chrome/67.0.3396.99+Safari/537.36 http://localhost:51722/ReceiptBox 200 0 0 36
2018-07-12 12:22:13 ::1 GET /assets/pages/img/login/bg1.jpg - 51722 - ::1 Mozilla/5.0+(Windows+NT+10.0;+Win64;+x64)+AppleWebKit/537.36+(KHTML,+like+Gecko)+Chrome/67.0.3396.99+Safari/537.36 http://localhost:51722/ReceiptBox 200 0 0 87
#Software: Microsoft Internet Information Services 8.0
#Version: 1.0
#Date: 2018-07-12 12:44:43
#Fields: date time s-ip cs-method cs-uri-stem cs-uri-query s-port cs-username c-ip cs(User-Agent) cs(Referer) sc-status sc-substatus sc-win32-status time-taken
2018-07-12 12:44:43 ::1 GET /ReceiptBox/AttachRecieptToExpenseReportFromRecieptBox - 51722 - ::1 Mozilla/5.0+(Windows+NT+10.0;+Win64;+x64)+AppleWebKit/537.36+(KHTML,+like+Gecko)+Chrome/67.0.3396.99+Safari/537.36 - 302 0 0 112132
2018-07-12 12:44:43 ::1 GET /User/LogOn ReturnUrl=%2fReceiptBox%2fAttachRecieptToExpenseReportFromRecieptBox 51722 - ::1 Mozilla/5.0+(Windows+NT+10.0;+Win64;+x64)+AppleWebKit/537.36+(KHTML,+like+Gecko)+Chrome/67.0.3396.99+Safari/537.36 - 302 0 0 267
2018-07-12 12:44:43 ::1 GET /User/LogOut - 51722 - ::1 Mozilla/5.0+(Windows+NT+10.0;+Win64;+x64)+AppleWebKit/537.36+(KHTML,+like+Gecko)+Chrome/67.0.3396.99+Safari/537.36 - 302 0 0 147
2018-07-12 12:44:43 ::1 GET / - 51722 - ::1 Mozilla/5.0+(Windows+NT+10.0;+Win64;+x64)+AppleWebKit/537.36+(KHTML,+like+Gecko)+Chrome/67.0.3396.99+Safari/537.36 - 302 0 0 248
2018-07-12 12:44:47 ::1 GET /User/LogOn - 51722 - ::1 Mozilla/5.0+(Windows+NT+10.0;+Win64;+x64)+AppleWebKit/537.36+(KHTML,+like+Gecko)+Chrome/67.0.3396.99+Safari/537.36 - 200 0 0 3208
2018-07-12 12:44:47 ::1 GET /User/assets/pages/img/login/bg1.jpg - 51722 - ::1 Mozilla/5.0+(Windows+NT+10.0;+Win64;+x64)+AppleWebKit/537.36+(KHTML,+like+Gecko)+Chrome/67.0.3396.99+Safari/537.36 http://localhost:51722/User/LogOn 404 0 2 29
2018-07-12 12:47:01 ::1 POST /User/LogOn - 51722 - ::1 Mozilla/5.0+(Windows+NT+10.0;+Win64;+x64)+AppleWebKit/537.36+(KHTML,+like+Gecko)+Chrome/67.0.3396.99+Safari/537.36 http://localhost:51722/User/LogOn 302 0 0 33720
2018-07-12 12:47:12 ::1 GET / - 51722 androidtest@abc.com ::1 Mozilla/5.0+(Windows+NT+10.0;+Win64;+x64)+AppleWebKit/537.36+(KHTML,+like+Gecko)+Chrome/67.0.3396.99+Safari/537.36 http://localhost:51722/User/LogOn 200 0 0 10945
2018-07-12 12:48:33 ::1 GET /Expense/AddTransactionToReport ExpenseId=2763 51722 androidtest@abc.com ::1 Mozilla/5.0+(Windows+NT+10.0;+Win64;+x64)+AppleWebKit/537.36+(KHTML,+like+Gecko)+Chrome/67.0.3396.99+Safari/537.36 http://localhost:51722/ 200 0 0 26629
2018-07-12 12:48:33 ::1 GET /css/jquery.loading.1.6.css - 51722 - ::1 Mozilla/5.0+(Windows+NT+10.0;+Win64;+x64)+AppleWebKit/537.36+(KHTML,+like+Gecko)+Chrome/67.0.3396.99+Safari/537.36 http://localhost:51722/Expense/AddTransactionToReport?ExpenseId=2763 200 0 0 43
2018-07-12 12:48:33 ::1 GET /Scripts/chosen/chosen.css - 51722 - ::1 Mozilla/5.0+(Windows+NT+10.0;+Win64;+x64)+AppleWebKit/537.36+(KHTML,+like+Gecko)+Chrome/67.0.3396.99+Safari/537.36 http://localhost:51722/Expense/AddTransactionToReport?ExpenseId=2763 200 0 0 56
2018-07-12 12:48:33 ::1 GET /Scripts/chosen/chosen.jquery.js - 51722 - ::1 Mozilla/5.0+(Windows+NT+10.0;+Win64;+x64)+AppleWebKit/537.36+(KHTML,+like+Gecko)+Chrome/67.0.3396.99+Safari/537.36 http://localhost:51722/Expense/AddTransactionToReport?ExpenseId=2763 200 0 0 94
2018-07-12 12:48:33 ::1 GET /css/tranx-gorilla-css v=1ee7wey9jOjuOBvePiFQfakhzxfcrOPyzTaAVzyYPO41 51722 androidtest@abc.com ::1 Mozilla/5.0+(Windows+NT+10.0;+Win64;+x64)+AppleWebKit/537.36+(KHTML,+like+Gecko)+Chrome/67.0.3396.99+Safari/537.36 http://localhost:51722/Expense/AddTransactionToReport?ExpenseId=2763 200 0 0 112
2018-07-12 12:48:33 ::1 GET /Scripts/tranx-gorilla-js v=HEb0gldBuIh13UEztM3sMgRRLx67H1ZOvkNsIMGR_Ng1 51722 androidtest@abc.com ::1 Mozilla/5.0+(Windows+NT+10.0;+Win64;+x64)+AppleWebKit/537.36+(KHTML,+like+Gecko)+Chrome/67.0.3396.99+Safari/537.36 http://localhost:51722/Expense/AddTransactionToReport?ExpenseId=2763 200 0 0 116
2018-07-12 12:48:33 ::1 GET /scripts/v2/progress.min.css - 51722 - ::1 Mozilla/5.0+(Windows+NT+10.0;+Win64;+x64)+AppleWebKit/537.36+(KHTML,+like+Gecko)+Chrome/67.0.3396.99+Safari/537.36 http://localhost:51722/Expense/AddTransactionToReport?ExpenseId=2763 200 0 0 174
2018-07-12 12:48:33 ::1 GET /Scripts/v2/common.js - 51722 - ::1 Mozilla/5.0+(Windows+NT+10.0;+Win64;+x64)+AppleWebKit/537.36+(KHTML,+like+Gecko)+Chrome/67.0.3396.99+Safari/537.36 http://localhost:51722/Expense/AddTransactionToReport?ExpenseId=2763 200 0 0 80
2018-07-12 12:48:33 ::1 GET /images/icons/cross.png - 51722 - ::1 Mozilla/5.0+(Windows+NT+10.0;+Win64;+x64)+AppleWebKit/537.36+(KHTML,+like+Gecko)+Chrome/67.0.3396.99+Safari/537.36 http://localhost:51722/Expense/AddTransactionToReport?ExpenseId=2763 200 0 0 52
2018-07-12 12:48:33 ::1 GET /images/icons/pencil.png - 51722 - ::1 Mozilla/5.0+(Windows+NT+10.0;+Win64;+x64)+AppleWebKit/537.36+(KHTML,+like+Gecko)+Chrome/67.0.3396.99+Safari/537.36 http://localhost:51722/Expense/AddTransactionToReport?ExpenseId=2763 200 0 0 51
2018-07-12 12:48:33 ::1 GET /Scripts/jquery.loading.1.6.4.min.js - 51722 - ::1 Mozilla/5.0+(Windows+NT+10.0;+Win64;+x64)+AppleWebKit/537.36+(KHTML,+like+Gecko)+Chrome/67.0.3396.99+Safari/537.36 http://localhost:51722/Expense/AddTransactionToReport?ExpenseId=2763 200 0 0 69
2018-07-12 12:48:33 ::1 GET /images/icons/split.png - 51722 - ::1 Mozilla/5.0+(Windows+NT+10.0;+Win64;+x64)+AppleWebKit/537.36+(KHTML,+like+Gecko)+Chrome/67.0.3396.99+Safari/537.36 http://localhost:51722/Expense/AddTransactionToReport?ExpenseId=2763 200 0 0 61
2018-07-12 12:48:33 ::1 GET /images/icons/copy.png - 51722 - ::1 Mozilla/5.0+(Windows+NT+10.0;+Win64;+x64)+AppleWebKit/537.36+(KHTML,+like+Gecko)+Chrome/67.0.3396.99+Safari/537.36 http://localhost:51722/Expense/AddTransactionToReport?ExpenseId=2763 200 0 0 85
2018-07-12 12:48:33 ::1 GET /Images/loading.gif - 51722 - ::1 Mozilla/5.0+(Windows+NT+10.0;+Win64;+x64)+AppleWebKit/537.36+(KHTML,+like+Gecko)+Chrome/67.0.3396.99+Safari/537.36 http://localhost:51722/Expense/AddTransactionToReport?ExpenseId=2763 200 0 0 55
2018-07-12 12:48:33 ::1 GET /Scripts/chosen/chosen-sprite.png - 51722 - ::1 Mozilla/5.0+(Windows+NT+10.0;+Win64;+x64)+AppleWebKit/537.36+(KHTML,+like+Gecko)+Chrome/67.0.3396.99+Safari/537.36 http://localhost:51722/Scripts/chosen/chosen.css 200 0 0 72
2018-07-12 12:48:35 ::1 GET /Expense/GetTravelTypeHeaderMapping TravelTypeId=19 51722 androidtest@abc.com ::1 Mozilla/5.0+(Windows+NT+10.0;+Win64;+x64)+AppleWebKit/537.36+(KHTML,+like+Gecko)+Chrome/67.0.3396.99+Safari/537.36 http://localhost:51722/Expense/AddTransactionToReport?ExpenseId=2763 200 0 0 346
2018-07-12 12:48:35 ::1 GET /AjaxCall/GetCustomers/ _=1531399715057 51722 androidtest@abc.com ::1 Mozilla/5.0+(Windows+NT+10.0;+Win64;+x64)+AppleWebKit/537.36+(KHTML,+like+Gecko)+Chrome/67.0.3396.99+Safari/537.36 http://localhost:51722/Expense/AddTransactionToReport?ExpenseId=2763 200 0 0 746
2018-07-12 12:48:36 ::1 GET /AjaxCall/GetProjects/ CustomerName=GORILLA%20EXPENSE%20(PROJECT%206%20&%207,%208%20&%209)&_=1531399715830 51722 androidtest@abc.com ::1 Mozilla/5.0+(Windows+NT+10.0;+Win64;+x64)+AppleWebKit/537.36+(KHTML,+like+Gecko)+Chrome/67.0.3396.99+Safari/537.36 http://localhost:51722/Expense/AddTransactionToReport?ExpenseId=2763 200 0 0 642
2018-07-12 12:48:46 ::1 GET /Expense/PrepareExpenseApprovalProgressBar/ ExpenseId=2763&UserId=477&_=1531399714693 51722 androidtest@abc.com ::1 Mozilla/5.0+(Windows+NT+10.0;+Win64;+x64)+AppleWebKit/537.36+(KHTML,+like+Gecko)+Chrome/67.0.3396.99+Safari/537.36 http://localhost:51722/Expense/AddTransactionToReport?ExpenseId=2763 200 0 0 11822
2018-07-12 12:49:04 ::1 GET /ExpenseDetail/SelectSourceToUploadReceipt id=14300&TransactionSource=Web&ExpenseUserId=477&currentAction=AddTransactionToReport&TransactionReferenceType=Actual&_=1531399717584 51722 androidtest@abc.com ::1 Mozilla/5.0+(Windows+NT+10.0;+Win64;+x64)+AppleWebKit/537.36+(KHTML,+like+Gecko)+Chrome/67.0.3396.99+Safari/537.36 http://localhost:51722/Expense/AddTransactionToReport?ExpenseId=2763 200 0 0 27357
2018-07-12 12:49:04 ::1 GET /Scripts/v2/jquery.validate.unobtrusive.js _=1531399744952 51722 - ::1 Mozilla/5.0+(Windows+NT+10.0;+Win64;+x64)+AppleWebKit/537.36+(KHTML,+like+Gecko)+Chrome/67.0.3396.99+Safari/537.36 http://localhost:51722/Expense/AddTransactionToReport?ExpenseId=2763 200 0 0 25
2018-07-12 12:49:04 ::1 GET /TravelType/IsSubTravelCashAdvanced TravelTypeId=19 51722 androidtest@abc.com ::1 Mozilla/5.0+(Windows+NT+10.0;+Win64;+x64)+AppleWebKit/537.36+(KHTML,+like+Gecko)+Chrome/67.0.3396.99+Safari/537.36 http://localhost:51722/Expense/AddTransactionToReport?ExpenseId=2763 200 0 0 30859
2018-07-12 12:49:56 ::1 GET /ReceiptBox/AttachRecieptToExpenseReportFromRecieptBox UserId=477&IsUploadReciept=YES&ExpenseDetailId=14300&_=1531399751084 51722 androidtest@abc.com ::1 Mozilla/5.0+(Windows+NT+10.0;+Win64;+x64)+AppleWebKit/537.36+(KHTML,+like+Gecko)+Chrome/67.0.3396.99+Safari/537.36 http://localhost:51722/Expense/AddTransactionToReport?ExpenseId=2763 200 0 0 45595
2018-07-12 12:49:56 ::1 GET /Scripts/jquery.mousewheel-3.0.6.pack.js _=1531399796689 51722 - ::1 Mozilla/5.0+(Windows+NT+10.0;+Win64;+x64)+AppleWebKit/537.36+(KHTML,+like+Gecko)+Chrome/67.0.3396.99+Safari/537.36 http://localhost:51722/Expense/AddTransactionToReport?ExpenseId=2763 200 0 0 29
2018-07-12 12:49:56 ::1 GET /Scripts/jquery.fancybox.js _=1531399796732 51722 - ::1 Mozilla/5.0+(Windows+NT+10.0;+Win64;+x64)+AppleWebKit/537.36+(KHTML,+like+Gecko)+Chrome/67.0.3396.99+Safari/537.36 http://localhost:51722/Expense/AddTransactionToReport?ExpenseId=2763 200 0 0 117
2018-07-12 12:49:56 ::1 GET /Scripts/jQueryRotate.js _=1531399796869 51722 - ::1 Mozilla/5.0+(Windows+NT+10.0;+Win64;+x64)+AppleWebKit/537.36+(KHTML,+like+Gecko)+Chrome/67.0.3396.99+Safari/537.36 http://localhost:51722/Expense/AddTransactionToReport?ExpenseId=2763 200 0 0 63
2018-07-12 12:49:56 ::1 GET /Scripts/jquery.twbsPagination.js _=1531399796950 51722 - ::1 Mozilla/5.0+(Windows+NT+10.0;+Win64;+x64)+AppleWebKit/537.36+(KHTML,+like+Gecko)+Chrome/67.0.3396.99+Safari/537.36 http://localhost:51722/Expense/AddTransactionToReport?ExpenseId=2763 200 0 0 67
2018-07-12 12:49:56 ::1 GET /Scripts/jquery.qtip.min.js _=1531399797072 51722 - ::1 Mozilla/5.0+(Windows+NT+10.0;+Win64;+x64)+AppleWebKit/537.36+(KHTML,+like+Gecko)+Chrome/67.0.3396.99+Safari/537.36 http://localhost:51722/Expense/AddTransactionToReport?ExpenseId=2763 200 0 0 42
2018-07-12 12:49:56 ::1 GET /Scripts/jquery.imgcheckbox.js _=1531399797168 51722 - ::1 Mozilla/5.0+(Windows+NT+10.0;+Win64;+x64)+AppleWebKit/537.36+(KHTML,+like+Gecko)+Chrome/67.0.3396.99+Safari/537.36 http://localhost:51722/Expense/AddTransactionToReport?ExpenseId=2763 200 0 0 30
2018-07-12 12:49:56 ::1 GET /images/icons/information.png - 51722 - ::1 Mozilla/5.0+(Windows+NT+10.0;+Win64;+x64)+AppleWebKit/537.36+(KHTML,+like+Gecko)+Chrome/67.0.3396.99+Safari/537.36 http://localhost:51722/css/SiteLayoutPageForMasters-css?v=tYCFPUvfhMe1vmZxcbcDA87hINYJdoZqWZmrS9VAazU1 200 0 0 61
2018-07-12 12:50:03 ::1 GET /Expense/jquery.qtip.min.map - 51722 - ::1 Mozilla/5.0+(Windows+NT+10.0;+Win64;+x64)+AppleWebKit/537.36+(KHTML,+like+Gecko)+Chrome/67.0.3396.99+Safari/537.36 - 404 0 2 3
2018-07-12 12:51:49 ::1 POST /ReceiptBox/SaveRecieptDetailsWithTransactionDetails RecieptBoxId=2772&ExpenseDetailId=14300 51722 androidtest@abc.com ::1 Mozilla/5.0+(Windows+NT+10.0;+Win64;+x64)+AppleWebKit/537.36+(KHTML,+like+Gecko)+Chrome/67.0.3396.99+Safari/537.36 http://localhost:51722/Expense/AddTransactionToReport?ExpenseId=2763 200 0 0 72342
2018-07-12 12:52:11 ::1 GET /Expense/AddTransactionToReport ExpenseId=2763 51722 androidtest@abc.com ::1 Mozilla/5.0+(Windows+NT+10.0;+Win64;+x64)+AppleWebKit/537.36+(KHTML,+like+Gecko)+Chrome/67.0.3396.99+Safari/537.36 http://localhost:51722/Expense/AddTransactionToReport?ExpenseId=2763 200 0 0 22107
2018-07-12 12:52:12 ::1 GET /TravelType/IsSubTravelCashAdvanced TravelTypeId=19 51722 androidtest@abc.com ::1 Mozilla/5.0+(Windows+NT+10.0;+Win64;+x64)+AppleWebKit/537.36+(KHTML,+like+Gecko)+Chrome/67.0.3396.99+Safari/537.36 http://localhost:51722/Expense/AddTransactionToReport?ExpenseId=2763 200 0 0 520
2018-07-12 12:52:21 ::1 GET /Expense/PrepareExpenseApprovalProgressBar/ ExpenseId=2763&UserId=477&_=1531399931515 51722 androidtest@abc.com ::1 Mozilla/5.0+(Windows+NT+10.0;+Win64;+x64)+AppleWebKit/537.36+(KHTML,+like+Gecko)+Chrome/67.0.3396.99+Safari/537.36 http://localhost:51722/Expense/AddTransactionToReport?ExpenseId=2763 200 0 0 9363
2018-07-12 12:52:21 ::1 GET /Expense/GetTravelTypeHeaderMapping TravelTypeId=19 51722 androidtest@abc.com ::1 Mozilla/5.0+(Windows+NT+10.0;+Win64;+x64)+AppleWebKit/537.36+(KHTML,+like+Gecko)+Chrome/67.0.3396.99+Safari/537.36 http://localhost:51722/Expense/AddTransactionToReport?ExpenseId=2763 200 0 0 9846
2018-07-12 12:52:21 ::1 GET /AjaxCall/GetCustomers/ _=1531399941594 51722 androidtest@abc.com ::1 Mozilla/5.0+(Windows+NT+10.0;+Win64;+x64)+AppleWebKit/537.36+(KHTML,+like+Gecko)+Chrome/67.0.3396.99+Safari/537.36 http://localhost:51722/Expense/AddTransactionToReport?ExpenseId=2763 200 0 0 272
2018-07-12 12:58:52 ::1 GET /ExpenseDetail/DisplayReceipt ExpenseDetailId=14300&_=1531400327635 51722 androidtest@abc.com ::1 Mozilla/5.0+(Windows+NT+10.0;+Win64;+x64)+AppleWebKit/537.36+(KHTML,+like+Gecko)+Chrome/67.0.3396.99+Safari/537.36 http://localhost:51722/Expense/AddTransactionToReport?ExpenseId=2763 200 0 0 4735
2018-07-12 12:58:52 ::1 GET /css/displayreceipt-css v=FFqsaiZIPIPIZJiZ5Bt7oi7znwpguny5mY_ePOk3XwE1 51722 androidtest@abc.com ::1 Mozilla/5.0+(Windows+NT+10.0;+Win64;+x64)+AppleWebKit/537.36+(KHTML,+like+Gecko)+Chrome/67.0.3396.99+Safari/537.36 http://localhost:51722/Expense/AddTransactionToReport?ExpenseId=2763 200 0 0 13
2018-07-12 12:58:52 ::1 GET /Scripts/displayreceipt-js v=2AlxdAYRlyg_4qrIwaOxfz6Y81AbcAqGH-bMVM7WxRg1&_=1531400332384 51722 androidtest@abc.com ::1 Mozilla/5.0+(Windows+NT+10.0;+Win64;+x64)+AppleWebKit/537.36+(KHTML,+like+Gecko)+Chrome/67.0.3396.99+Safari/537.36 http://localhost:51722/Expense/AddTransactionToReport?ExpenseId=2763 200 0 0 14
2018-07-12 12:59:00 ::1 GET /images/ui-icons_454545_256x240.png - 51722 - ::1 Mozilla/5.0+(Windows+NT+10.0;+Win64;+x64)+AppleWebKit/537.36+(KHTML,+like+Gecko)+Chrome/67.0.3396.99+Safari/537.36 http://localhost:51722/css/displayreceipt-css?v=FFqsaiZIPIPIZJiZ5Bt7oi7znwpguny5mY_ePOk3XwE1 200 0 0 42
2018-07-12 12:59:15 ::1 GET /ReceiptBox - 51722 androidtest@abc.com ::1 Mozilla/5.0+(Windows+NT+10.0;+Win64;+x64)+AppleWebKit/537.36+(KHTML,+like+Gecko)+Chrome/67.0.3396.99+Safari/537.36 http://localhost:51722/Expense/AddTransactionToReport?ExpenseId=2763 200 0 0 8223
2018-07-12 12:59:34 ::1 GET /ReceiptBox/AttachedReciepts/ page=1&NumberOfRecords=25&currentTab=1&day=30&LoadCompletedReciepts=Completed 51722 androidtest@abc.com ::1 Mozilla/5.0+(Windows+NT+10.0;+Win64;+x64)+AppleWebKit/537.36+(KHTML,+like+Gecko)+Chrome/67.0.3396.99+Safari/537.36 http://localhost:51722/ReceiptBox 200 0 0 13757
2018-07-12 12:59:34 ::1 GET /Scripts/jquery.mousewheel-3.0.6.pack.js _=1531400374926 51722 - ::1 Mozilla/5.0+(Windows+NT+10.0;+Win64;+x64)+AppleWebKit/537.36+(KHTML,+like+Gecko)+Chrome/67.0.3396.99+Safari/537.36 http://localhost:51722/ReceiptBox 200 0 0 27
2018-07-12 12:59:34 ::1 GET /Scripts/jquery.fancybox.js _=1531400374969 51722 - ::1 Mozilla/5.0+(Windows+NT+10.0;+Win64;+x64)+AppleWebKit/537.36+(KHTML,+like+Gecko)+Chrome/67.0.3396.99+Safari/537.36 http://localhost:51722/ReceiptBox 200 0 0 20
2018-07-12 12:59:34 ::1 GET /Scripts/jQueryRotate.js _=1531400375009 51722 - ::1 Mozilla/5.0+(Windows+NT+10.0;+Win64;+x64)+AppleWebKit/537.36+(KHTML,+like+Gecko)+Chrome/67.0.3396.99+Safari/537.36 http://localhost:51722/ReceiptBox 200 0 0 21
2018-07-12 12:59:34 ::1 GET /Scripts/jquery.twbsPagination.js _=1531400375062 51722 - ::1 Mozilla/5.0+(Windows+NT+10.0;+Win64;+x64)+AppleWebKit/537.36+(KHTML,+like+Gecko)+Chrome/67.0.3396.99+Safari/537.36 http://localhost:51722/ReceiptBox 200 0 0 27
2018-07-12 12:59:34 ::1 GET /Scripts/jquery.qtip.min.js _=1531400375116 51722 - ::1 Mozilla/5.0+(Windows+NT+10.0;+Win64;+x64)+AppleWebKit/537.36+(KHTML,+like+Gecko)+Chrome/67.0.3396.99+Safari/537.36 http://localhost:51722/ReceiptBox 200 0 0 64
2018-07-12 12:59:34 ::1 GET /Scripts/jquery.imgcheckbox.js _=1531400375195 51722 - ::1 Mozilla/5.0+(Windows+NT+10.0;+Win64;+x64)+AppleWebKit/537.36+(KHTML,+like+Gecko)+Chrome/67.0.3396.99+Safari/537.36 http://localhost:51722/ReceiptBox 200 0 0 15
2018-07-12 13:07:38 ::1 GET /User/LogOn - 51722 androidtest@abc.com ::1 Mozilla/5.0+(Windows+NT+10.0;+Win64;+x64)+AppleWebKit/537.36+(KHTML,+like+Gecko)+Chrome/67.0.3396.99+Safari/537.36 http://localhost:51722/ReceiptBox 302 0 0 2411
2018-07-12 13:07:47 ::1 GET / - 51722 androidtest@abc.com ::1 Mozilla/5.0+(Windows+NT+10.0;+Win64;+x64)+AppleWebKit/537.36+(KHTML,+like+Gecko)+Chrome/67.0.3396.99+Safari/537.36 http://localhost:51722/ReceiptBox 200 0 0 9272
2018-07-12 13:15:24 ::1 GET /User/LogOut - 51722 androidtest@abc.com ::1 Mozilla/5.0+(Windows+NT+10.0;+Win64;+x64)+AppleWebKit/537.36+(KHTML,+like+Gecko)+Chrome/67.0.3396.99+Safari/537.36 http://localhost:51722/ReceiptBox 302 0 0 49
2018-07-12 13:15:40 ::1 GET /User/LogOut - 51722 - ::1 Mozilla/5.0+(Windows+NT+10.0;+Win64;+x64)+AppleWebKit/537.36+(KHTML,+like+Gecko)+Chrome/67.0.3396.99+Safari/537.36 http://localhost:51722/ReceiptBox 302 0 64 12235
2018-07-12 13:15:40 ::1 GET /User/LogOut - 51722 - ::1 Mozilla/5.0+(Windows+NT+10.0;+Win64;+x64)+AppleWebKit/537.36+(KHTML,+like+Gecko)+Chrome/67.0.3396.99+Safari/537.36 http://localhost:51722/ReceiptBox 302 0 64 15212
2018-07-12 13:15:40 ::1 GET /User/LogOut - 51722 - ::1 Mozilla/5.0+(Windows+NT+10.0;+Win64;+x64)+AppleWebKit/537.36+(KHTML,+like+Gecko)+Chrome/67.0.3396.99+Safari/537.36 http://localhost:51722/ReceiptBox 302 0 64 10246
2018-07-12 13:15:48 ::1 GET /User/LogOut - 51722 - ::1 Mozilla/5.0+(Windows+NT+10.0;+Win64;+x64)+AppleWebKit/537.36+(KHTML,+like+Gecko)+Chrome/67.0.3396.99+Safari/537.36 http://localhost:51722/ReceiptBox 302 0 64 10501
2018-07-12 13:15:48 ::1 GET /User/LogOut - 51722 - ::1 Mozilla/5.0+(Windows+NT+10.0;+Win64;+x64)+AppleWebKit/537.36+(KHTML,+like+Gecko)+Chrome/67.0.3396.99+Safari/537.36 http://localhost:51722/ReceiptBox 302 0 64 8502
2018-07-12 13:15:48 ::1 GET /User/LogOut - 51722 - ::1 Mozilla/5.0+(Windows+NT+10.0;+Win64;+x64)+AppleWebKit/537.36+(KHTML,+like+Gecko)+Chrome/67.0.3396.99+Safari/537.36 http://localhost:51722/ReceiptBox 302 0 64 4579
2018-07-12 13:15:48 ::1 GET /User/LogOut - 51722 - ::1 Mozilla/5.0+(Windows+NT+10.0;+Win64;+x64)+AppleWebKit/537.36+(KHTML,+like+Gecko)+Chrome/67.0.3396.99+Safari/537.36 http://localhost:51722/ReceiptBox 302 0 64 2583
2018-07-12 13:15:48 ::1 GET /User/LogOut - 51722 - ::1 Mozilla/5.0+(Windows+NT+10.0;+Win64;+x64)+AppleWebKit/537.36+(KHTML,+like+Gecko)+Chrome/67.0.3396.99+Safari/537.36 http://localhost:51722/ReceiptBox 302 0 64 12605
2018-07-12 13:15:48 ::1 GET /User/LogOut - 51722 - ::1 Mozilla/5.0+(Windows+NT+10.0;+Win64;+x64)+AppleWebKit/537.36+(KHTML,+like+Gecko)+Chrome/67.0.3396.99+Safari/537.36 http://localhost:51722/ReceiptBox 302 0 64 15422
2018-07-12 13:15:48 ::1 GET /User/LogOut - 51722 - ::1 Mozilla/5.0+(Windows+NT+10.0;+Win64;+x64)+AppleWebKit/537.36+(KHTML,+like+Gecko)+Chrome/67.0.3396.99+Safari/537.36 http://localhost:51722/ReceiptBox 302 0 64 16805
2018-07-12 13:15:48 ::1 GET /User/LogOut - 51722 - ::1 Mozilla/5.0+(Windows+NT+10.0;+Win64;+x64)+AppleWebKit/537.36+(KHTML,+like+Gecko)+Chrome/67.0.3396.99+Safari/537.36 http://localhost:51722/ReceiptBox 302 0 64 6804
2018-07-12 13:15:48 ::1 GET /User/LogOut - 51722 - ::1 Mozilla/5.0+(Windows+NT+10.0;+Win64;+x64)+AppleWebKit/537.36+(KHTML,+like+Gecko)+Chrome/67.0.3396.99+Safari/537.36 http://localhost:51722/ReceiptBox 302 0 0 803
2018-07-12 13:15:48 ::1 GET / - 51722 - ::1 Mozilla/5.0+(Windows+NT+10.0;+Win64;+x64)+AppleWebKit/537.36+(KHTML,+like+Gecko)+Chrome/67.0.3396.99+Safari/537.36 http://localhost:51722/ReceiptBox 302 0 0 254
2018-07-12 13:15:51 ::1 GET /User/LogOn - 51722 - ::1 Mozilla/5.0+(Windows+NT+10.0;+Win64;+x64)+AppleWebKit/537.36+(KHTML,+like+Gecko)+Chrome/67.0.3396.99+Safari/537.36 http://localhost:51722/ReceiptBox 200 0 64 2760
2018-07-12 13:16:06 ::1 GET /User/LogOut - 51722 - ::1 Mozilla/5.0+(Windows+NT+10.0;+Win64;+x64)+AppleWebKit/537.36+(KHTML,+like+Gecko)+Chrome/67.0.3396.99+Safari/537.36 http://localhost:51722/ReceiptBox 302 0 64 14927
2018-07-12 13:16:21 ::1 GET /User/LogOut - 51722 - ::1 Mozilla/5.0+(Windows+NT+10.0;+Win64;+x64)+AppleWebKit/537.36+(KHTML,+like+Gecko)+Chrome/67.0.3396.99+Safari/537.36 http://localhost:51722/ReceiptBox 302 0 64 15427
2018-07-12 13:16:21 ::1 GET /User/LogOut - 51722 - ::1 Mozilla/5.0+(Windows+NT+10.0;+Win64;+x64)+AppleWebKit/537.36+(KHTML,+like+Gecko)+Chrome/67.0.3396.99+Safari/537.36 http://localhost:51722/ReceiptBox 302 0 0 1634
2018-07-12 13:16:21 ::1 GET / - 51722 - ::1 Mozilla/5.0+(Windows+NT+10.0;+Win64;+x64)+AppleWebKit/537.36+(KHTML,+like+Gecko)+Chrome/67.0.3396.99+Safari/537.36 http://localhost:51722/ReceiptBox 302 0 0 246
2018-07-12 13:16:21 ::1 GET /User/LogOut - 51722 - ::1 Mozilla/5.0+(Windows+NT+10.0;+Win64;+x64)+AppleWebKit/537.36+(KHTML,+like+Gecko)+Chrome/67.0.3396.99+Safari/537.36 http://localhost:51722/ReceiptBox 302 0 64 13908
2018-07-12 13:16:21 ::1 GET /User/LogOut - 51722 - ::1 Mozilla/5.0+(Windows+NT+10.0;+Win64;+x64)+AppleWebKit/537.36+(KHTML,+like+Gecko)+Chrome/67.0.3396.99+Safari/537.36 http://localhost:51722/ReceiptBox 302 0 64 24140
2018-07-12 13:16:22 ::1 GET /User/LogOut - 51722 - ::1 Mozilla/5.0+(Windows+NT+10.0;+Win64;+x64)+AppleWebKit/537.36+(KHTML,+like+Gecko)+Chrome/67.0.3396.99+Safari/537.36 http://localhost:51722/ReceiptBox 302 0 64 18417
2018-07-12 13:16:22 ::1 GET /User/LogOut - 51722 - ::1 Mozilla/5.0+(Windows+NT+10.0;+Win64;+x64)+AppleWebKit/537.36+(KHTML,+like+Gecko)+Chrome/67.0.3396.99+Safari/537.36 http://localhost:51722/ReceiptBox 302 0 64 4711
2018-07-12 13:16:22 ::1 GET /User/LogOut - 51722 - ::1 Mozilla/5.0+(Windows+NT+10.0;+Win64;+x64)+AppleWebKit/537.36+(KHTML,+like+Gecko)+Chrome/67.0.3396.99+Safari/537.36 http://localhost:51722/ReceiptBox 302 0 64 20948
2018-07-12 13:16:22 ::1 GET /User/LogOut - 51722 - ::1 Mozilla/5.0+(Windows+NT+10.0;+Win64;+x64)+AppleWebKit/537.36+(KHTML,+like+Gecko)+Chrome/67.0.3396.99+Safari/537.36 http://localhost:51722/ReceiptBox 302 0 64 7271
2018-07-12 13:16:23 ::1 GET /User/LogOut - 51722 - ::1 Mozilla/5.0+(Windows+NT+10.0;+Win64;+x64)+AppleWebKit/537.36+(KHTML,+like+Gecko)+Chrome/67.0.3396.99+Safari/537.36 http://localhost:51722/ReceiptBox 302 0 64 29448
2018-07-12 13:16:23 ::1 GET /User/LogOut - 51722 - ::1 Mozilla/5.0+(Windows+NT+10.0;+Win64;+x64)+AppleWebKit/537.36+(KHTML,+like+Gecko)+Chrome/67.0.3396.99+Safari/537.36 http://localhost:51722/ReceiptBox 302 0 64 9785
2018-07-12 13:16:23 ::1 GET /User/LogOut - 51722 - ::1 Mozilla/5.0+(Windows+NT+10.0;+Win64;+x64)+AppleWebKit/537.36+(KHTML,+like+Gecko)+Chrome/67.0.3396.99+Safari/537.36 http://localhost:51722/ReceiptBox 302 0 64 27970
2018-07-12 13:16:24 ::1 GET /User/LogOn - 51722 - ::1 Mozilla/5.0+(Windows+NT+10.0;+Win64;+x64)+AppleWebKit/537.36+(KHTML,+like+Gecko)+Chrome/67.0.3396.99+Safari/537.36 http://localhost:51722/ReceiptBox 200 0 64 2729
2018-07-12 13:16:24 ::1 GET /User/LogOut - 51722 - ::1 Mozilla/5.0+(Windows+NT+10.0;+Win64;+x64)+AppleWebKit/537.36+(KHTML,+like+Gecko)+Chrome/67.0.3396.99+Safari/537.36 http://localhost:51722/ReceiptBox 302 0 64 12625
2018-07-12 13:16:24 ::1 GET /User/LogOut - 51722 - ::1 Mozilla/5.0+(Windows+NT+10.0;+Win64;+x64)+AppleWebKit/537.36+(KHTML,+like+Gecko)+Chrome/67.0.3396.99+Safari/537.36 http://localhost:51722/ReceiptBox 302 0 64 14876
2018-07-12 13:16:24 ::1 GET /User/LogOut - 51722 - ::1 Mozilla/5.0+(Windows+NT+10.0;+Win64;+x64)+AppleWebKit/537.36+(KHTML,+like+Gecko)+Chrome/67.0.3396.99+Safari/537.36 http://localhost:51722/ReceiptBox 302 0 64 2884
2018-07-12 13:16:24 ::1 GET /User/LogOut - 51722 - ::1 Mozilla/5.0+(Windows+NT+10.0;+Win64;+x64)+AppleWebKit/537.36+(KHTML,+like+Gecko)+Chrome/67.0.3396.99+Safari/537.36 http://localhost:51722/ReceiptBox 302 0 64 35165
2018-07-12 13:16:24 ::1 GET /User/LogOut - 51722 - ::1 Mozilla/5.0+(Windows+NT+10.0;+Win64;+x64)+AppleWebKit/537.36+(KHTML,+like+Gecko)+Chrome/67.0.3396.99+Safari/537.36 http://localhost:51722/ReceiptBox 302 0 0 1174
2018-07-12 13:16:24 ::1 GET / - 51722 - ::1 Mozilla/5.0+(Windows+NT+10.0;+Win64;+x64)+AppleWebKit/537.36+(KHTML,+like+Gecko)+Chrome/67.0.3396.99+Safari/537.36 http://localhost:51722/ReceiptBox 302 0 0 168
2018-07-12 13:16:25 ::1 GET /User/LogOut - 51722 - ::1 Mozilla/5.0+(Windows+NT+10.0;+Win64;+x64)+AppleWebKit/537.36+(KHTML,+like+Gecko)+Chrome/67.0.3396.99+Safari/537.36 http://localhost:51722/ReceiptBox 302 0 64 25688
2018-07-12 13:16:25 ::1 GET /User/LogOn - 51722 - ::1 Mozilla/5.0+(Windows+NT+10.0;+Win64;+x64)+AppleWebKit/537.36+(KHTML,+like+Gecko)+Chrome/67.0.3396.99+Safari/537.36 http://localhost:51722/ReceiptBox 200 0 0 495
2018-07-12 13:16:25 ::1 GET /User/assets/pages/img/login/bg1.jpg - 51722 - ::1 Mozilla/5.0+(Windows+NT+10.0;+Win64;+x64)+AppleWebKit/537.36+(KHTML,+like+Gecko)+Chrome/67.0.3396.99+Safari/537.36 http://localhost:51722/User/LogOn 404 0 2 8
#Software: Microsoft Internet Information Services 8.0
#Version: 1.0
#Date: 2018-07-12 14:12:03
#Fields: date time s-ip cs-method cs-uri-stem cs-uri-query s-port cs-username c-ip cs(User-Agent) cs(Referer) sc-status sc-substatus sc-win32-status time-taken
2018-07-12 14:12:03 ::1 GET / - 51722 - ::1 Mozilla/5.0+(Windows+NT+10.0;+Win64;+x64)+AppleWebKit/537.36+(KHTML,+like+Gecko)+Chrome/67.0.3396.99+Safari/537.36 - 302 0 0 57097
2018-07-12 14:12:07 ::1 GET /User/LogOn - 51722 - ::1 Mozilla/5.0+(Windows+NT+10.0;+Win64;+x64)+AppleWebKit/537.36+(KHTML,+like+Gecko)+Chrome/67.0.3396.99+Safari/537.36 - 200 0 0 3824
2018-07-12 14:12:07 ::1 GET /User/assets/pages/img/login/bg1.jpg - 51722 - ::1 Mozilla/5.0+(Windows+NT+10.0;+Win64;+x64)+AppleWebKit/537.36+(KHTML,+like+Gecko)+Chrome/67.0.3396.99+Safari/537.36 http://localhost:51722/User/LogOn 404 0 2 4
2018-07-12 14:12:58 ::1 POST /User/LogOn - 51722 - ::1 Mozilla/5.0+(Windows+NT+10.0;+Win64;+x64)+AppleWebKit/537.36+(KHTML,+like+Gecko)+Chrome/67.0.3396.99+Safari/537.36 http://localhost:51722/User/LogOn 302 0 0 34171
2018-07-12 14:13:09 ::1 GET / - 51722 androidtest@abc.com ::1 Mozilla/5.0+(Windows+NT+10.0;+Win64;+x64)+AppleWebKit/537.36+(KHTML,+like+Gecko)+Chrome/67.0.3396.99+Safari/537.36 http://localhost:51722/User/LogOn 200 0 0 10522
2018-07-12 14:14:12 ::1 GET /Expense/AddTransactionToReport ExpenseId=2764 51722 androidtest@abc.com ::1 Mozilla/5.0+(Windows+NT+10.0;+Win64;+x64)+AppleWebKit/537.36+(KHTML,+like+Gecko)+Chrome/67.0.3396.99+Safari/537.36 http://localhost:51722/ 200 0 0 33240
2018-07-12 14:14:12 ::1 GET /Expense/GetTravelTypeHeaderMapping TravelTypeId=19 51722 androidtest@abc.com ::1 Mozilla/5.0+(Windows+NT+10.0;+Win64;+x64)+AppleWebKit/537.36+(KHTML,+like+Gecko)+Chrome/67.0.3396.99+Safari/537.36 http://localhost:51722/Expense/AddTransactionToReport?ExpenseId=2764 200 0 0 278
2018-07-12 14:14:13 ::1 GET /AjaxCall/GetCustomers/ _=1531404853233 51722 androidtest@abc.com ::1 Mozilla/5.0+(Windows+NT+10.0;+Win64;+x64)+AppleWebKit/537.36+(KHTML,+like+Gecko)+Chrome/67.0.3396.99+Safari/537.36 http://localhost:51722/Expense/AddTransactionToReport?ExpenseId=2764 200 0 0 461
2018-07-12 14:14:13 ::1 GET /AjaxCall/GetProjects/ CustomerName=GORILLA%20EXPENSE%20(PROJECT%206%20&%207,%208%20&%209)&_=1531404853743 51722 androidtest@abc.com ::1 Mozilla/5.0+(Windows+NT+10.0;+Win64;+x64)+AppleWebKit/537.36+(KHTML,+like+Gecko)+Chrome/67.0.3396.99+Safari/537.36 http://localhost:51722/Expense/AddTransactionToReport?ExpenseId=2764 200 0 0 628
2018-07-12 14:14:14 ::1 GET /TravelType/IsSubTravelCashAdvanced TravelTypeId=19 51722 androidtest@abc.com ::1 Mozilla/5.0+(Windows+NT+10.0;+Win64;+x64)+AppleWebKit/537.36+(KHTML,+like+Gecko)+Chrome/67.0.3396.99+Safari/537.36 http://localhost:51722/Expense/AddTransactionToReport?ExpenseId=2764 200 0 0 2005
2018-07-12 14:14:24 ::1 GET /Expense/PrepareExpenseApprovalProgressBar/ ExpenseId=2764&UserId=477&_=1531404852933 51722 androidtest@abc.com ::1 Mozilla/5.0+(Windows+NT+10.0;+Win64;+x64)+AppleWebKit/537.36+(KHTML,+like+Gecko)+Chrome/67.0.3396.99+Safari/537.36 http://localhost:51722/Expense/AddTransactionToReport?ExpenseId=2764 200 0 0 11265
2018-07-12 14:14:39 ::1 GET /Expense/AddNewTransaction ExpenseId=2764 51722 androidtest@abc.com ::1 Mozilla/5.0+(Windows+NT+10.0;+Win64;+x64)+AppleWebKit/537.36+(KHTML,+like+Gecko)+Chrome/67.0.3396.99+Safari/537.36 http://localhost:51722/Expense/AddTransactionToReport?ExpenseId=2764 200 0 0 20778
2018-07-12 14:14:39 ::1 GET /Scripts/v2/jquery.validate.unobtrusive.js - 51722 - ::1 Mozilla/5.0+(Windows+NT+10.0;+Win64;+x64)+AppleWebKit/537.36+(KHTML,+like+Gecko)+Chrome/67.0.3396.99+Safari/537.36 http://localhost:51722/Expense/AddTransactionToReport?ExpenseId=2764 200 0 0 32
2018-07-12 14:14:39 ::1 GET /Scripts/chosen/ChosenOriginal.css - 51722 - ::1 Mozilla/5.0+(Windows+NT+10.0;+Win64;+x64)+AppleWebKit/537.36+(KHTML,+like+Gecko)+Chrome/67.0.3396.99+Safari/537.36 http://localhost:51722/Expense/AddTransactionToReport?ExpenseId=2764 200 0 0 80
2018-07-12 14:14:39 ::1 GET /PayMethod/GetPayMethodIsReimbursable MethodId=0 51722 androidtest@abc.com ::1 Mozilla/5.0+(Windows+NT+10.0;+Win64;+x64)+AppleWebKit/537.36+(KHTML,+like+Gecko)+Chrome/67.0.3396.99+Safari/537.36 http://localhost:51722/Expense/AddTransactionToReport?ExpenseId=2764 200 0 0 63
2018-07-12 14:14:40 ::1 GET /AjaxCall/GetCompanyList/ - 51722 androidtest@abc.com ::1 Mozilla/5.0+(Windows+NT+10.0;+Win64;+x64)+AppleWebKit/537.36+(KHTML,+like+Gecko)+Chrome/67.0.3396.99+Safari/537.36 http://localhost:51722/Expense/AddTransactionToReport?ExpenseId=2764 200 0 0 822
2018-07-12 14:14:40 ::1 GET /AjaxCall/GetBusinessUnitList/ CompanyId=32 51722 androidtest@abc.com ::1 Mozilla/5.0+(Windows+NT+10.0;+Win64;+x64)+AppleWebKit/537.36+(KHTML,+like+Gecko)+Chrome/67.0.3396.99+Safari/537.36 http://localhost:51722/Expense/AddTransactionToReport?ExpenseId=2764 200 0 0 607
2018-07-12 14:14:44 ::1 GET /AjaxCall/GetCostCenterList/ CompanyId=32&BusinessUnitId=0 51722 androidtest@abc.com ::1 Mozilla/5.0+(Windows+NT+10.0;+Win64;+x64)+AppleWebKit/537.36+(KHTML,+like+Gecko)+Chrome/67.0.3396.99+Safari/537.36 http://localhost:51722/Expense/AddTransactionToReport?ExpenseId=2764 200 0 0 3300
2018-07-12 14:14:46 ::1 GET /AjaxCall/GetCustomerList/ UserId=477 51722 androidtest@abc.com ::1 Mozilla/5.0+(Windows+NT+10.0;+Win64;+x64)+AppleWebKit/537.36+(KHTML,+like+Gecko)+Chrome/67.0.3396.99+Safari/537.36 http://localhost:51722/Expense/AddTransactionToReport?ExpenseId=2764 200 0 0 1696
2018-07-12 14:14:46 ::1 GET /AjaxCall/GetBusinessActivityList/ ProjectId=null 51722 androidtest@abc.com ::1 Mozilla/5.0+(Windows+NT+10.0;+Win64;+x64)+AppleWebKit/537.36+(KHTML,+like+Gecko)+Chrome/67.0.3396.99+Safari/537.36 http://localhost:51722/Expense/AddTransactionToReport?ExpenseId=2764 200 0 0 2544
2018-07-12 14:14:47 ::1 GET /AjaxCall/GetStaffMemberList - 51722 androidtest@abc.com ::1 Mozilla/5.0+(Windows+NT+10.0;+Win64;+x64)+AppleWebKit/537.36+(KHTML,+like+Gecko)+Chrome/67.0.3396.99+Safari/537.36 http://localhost:51722/Expense/AddTransactionToReport?ExpenseId=2764 200 0 0 256
2018-07-12 14:17:21 ::1 GET /User/GetEmployees - 51722 androidtest@abc.com ::1 Mozilla/5.0+(Windows+NT+10.0;+Win64;+x64)+AppleWebKit/537.36+(KHTML,+like+Gecko)+Chrome/67.0.3396.99+Safari/537.36 http://localhost:51722/Expense/AddTransactionToReport?ExpenseId=2764 200 0 0 153579
2018-07-12 14:17:21 ::1 GET /ExpenseDetail/GetVendorNamesJson UserId477&_=1531405041176 51722 androidtest@abc.com ::1 Mozilla/5.0+(Windows+NT+10.0;+Win64;+x64)+AppleWebKit/537.36+(KHTML,+like+Gecko)+Chrome/67.0.3396.99+Safari/537.36 http://localhost:51722/Expense/AddTransactionToReport?ExpenseId=2764 200 0 0 297
2018-07-12 14:17:27 ::1 GET /AjaxCall/GetProjectList/ CustomerId=0&UserId=477&ExpenseDate=07/12/2018 51722 androidtest@abc.com ::1 Mozilla/5.0+(Windows+NT+10.0;+Win64;+x64)+AppleWebKit/537.36+(KHTML,+like+Gecko)+Chrome/67.0.3396.99+Safari/537.36 http://localhost:51722/Expense/AddTransactionToReport?ExpenseId=2764 200 0 0 6402
2018-07-12 14:17:27 ::1 GET /AjaxCall/GetProjectTaskList/ ProjectId=0&ExpenseDate=07/12/2018&TaskType=Expense 51722 androidtest@abc.com ::1 Mozilla/5.0+(Windows+NT+10.0;+Win64;+x64)+AppleWebKit/537.36+(KHTML,+like+Gecko)+Chrome/67.0.3396.99+Safari/537.36 http://localhost:51722/Expense/AddTransactionToReport?ExpenseId=2764 200 0 0 18
2018-07-12 14:17:27 ::1 GET /AjaxCall/GetApproverList/ ProjectId=0 51722 androidtest@abc.com ::1 Mozilla/5.0+(Windows+NT+10.0;+Win64;+x64)+AppleWebKit/537.36+(KHTML,+like+Gecko)+Chrome/67.0.3396.99+Safari/537.36 http://localhost:51722/Expense/AddTransactionToReport?ExpenseId=2764 200 0 0 268
2018-07-12 14:17:28 ::1 GET /AjaxCall/GetReferenceList/ - 51722 androidtest@abc.com ::1 Mozilla/5.0+(Windows+NT+10.0;+Win64;+x64)+AppleWebKit/537.36+(KHTML,+like+Gecko)+Chrome/67.0.3396.99+Safari/537.36 http://localhost:51722/Expense/AddTransactionToReport?ExpenseId=2764 200 0 0 161578
2018-07-12 14:17:28 ::1 GET /AjaxCall/GetBillingCodeList/ - 51722 androidtest@abc.com ::1 Mozilla/5.0+(Windows+NT+10.0;+Win64;+x64)+AppleWebKit/537.36+(KHTML,+like+Gecko)+Chrome/67.0.3396.99+Safari/537.36 http://localhost:51722/Expense/AddTransactionToReport?ExpenseId=2764 200 0 0 164651
2018-07-12 14:19:48 ::1 GET /Expense/GetReceiptViolationReasonsList/ ExpenseTypeId=124 51722 androidtest@abc.com ::1 Mozilla/5.0+(Windows+NT+10.0;+Win64;+x64)+AppleWebKit/537.36+(KHTML,+like+Gecko)+Chrome/67.0.3396.99+Safari/537.36 http://localhost:51722/Expense/AddTransactionToReport?ExpenseId=2764 200 0 0 754
2018-07-12 14:19:48 ::1 GET /Expense/GetViolationReasonsList/ ExpenseTypeId=124 51722 androidtest@abc.com ::1 Mozilla/5.0+(Windows+NT+10.0;+Win64;+x64)+AppleWebKit/537.36+(KHTML,+like+Gecko)+Chrome/67.0.3396.99+Safari/537.36 http://localhost:51722/Expense/AddTransactionToReport?ExpenseId=2764 200 0 0 1730
2018-07-12 14:19:50 ::1 GET /ExpenseDetail/GetExpenseTypePolicyAmount ExpenseTypeId=124 51722 androidtest@abc.com ::1 Mozilla/5.0+(Windows+NT+10.0;+Win64;+x64)+AppleWebKit/537.36+(KHTML,+like+Gecko)+Chrome/67.0.3396.99+Safari/537.36 http://localhost:51722/Expense/AddTransactionToReport?ExpenseId=2764 200 0 0 2581
2018-07-12 14:19:50 ::1 GET /ExpenseDetail/GetCurrencyRate currencyId=168&transactionDate=12/07/2018 51722 androidtest@abc.com ::1 Mozilla/5.0+(Windows+NT+10.0;+Win64;+x64)+AppleWebKit/537.36+(KHTML,+like+Gecko)+Chrome/67.0.3396.99+Safari/537.36 http://localhost:51722/Expense/AddTransactionToReport?ExpenseId=2764 200 0 0 327
2018-07-12 14:19:53 ::1 GET /AjaxCall/FindAndApplyCodeCombinationRule/ ProjectId=0&ExpenseTypeId=124&ExpenseDate=12/07/2018 51722 androidtest@abc.com ::1 Mozilla/5.0+(Windows+NT+10.0;+Win64;+x64)+AppleWebKit/537.36+(KHTML,+like+Gecko)+Chrome/67.0.3396.99+Safari/537.36 http://localhost:51722/Expense/AddTransactionToReport?ExpenseId=2764 200 0 0 3337
2018-07-12 14:19:53 ::1 GET /AjaxCall/GetBusinessActivityList/ - 51722 androidtest@abc.com ::1 Mozilla/5.0+(Windows+NT+10.0;+Win64;+x64)+AppleWebKit/537.36+(KHTML,+like+Gecko)+Chrome/67.0.3396.99+Safari/537.36 http://localhost:51722/Expense/AddTransactionToReport?ExpenseId=2764 200 0 0 225
2018-07-12 14:19:58 ::1 GET /PayMethod/GetPayMethodIsReimbursable MethodId=65 51722 androidtest@abc.com ::1 Mozilla/5.0+(Windows+NT+10.0;+Win64;+x64)+AppleWebKit/537.36+(KHTML,+like+Gecko)+Chrome/67.0.3396.99+Safari/537.36 http://localhost:51722/Expense/AddTransactionToReport?ExpenseId=2764 200 0 0 257
2018-07-12 14:20:06 ::1 GET /Expense/IsExpenseTypeBudgetExceeded projectId=0&ConvertedAmount=1.00&ExpenseDetailID=0&CurrencyId=168&UserId=477&ExpenseTypeId=124&ExpenseDate=12/07/2018 51722 androidtest@abc.com ::1 Mozilla/5.0+(Windows+NT+10.0;+Win64;+x64)+AppleWebKit/537.36+(KHTML,+like+Gecko)+Chrome/67.0.3396.99+Safari/537.36 http://localhost:51722/Expense/AddTransactionToReport?ExpenseId=2764 200 0 0 835
2018-07-12 14:20:10 ::1 POST /Expense/AddNewTransaction - 51722 androidtest@abc.com ::1 Mozilla/5.0+(Windows+NT+10.0;+Win64;+x64)+AppleWebKit/537.36+(KHTML,+like+Gecko)+Chrome/67.0.3396.99+Safari/537.36 http://localhost:51722/Expense/AddTransactionToReport?ExpenseId=2764 302 0 0 3677
2018-07-12 14:20:41 ::1 GET /Expense/AddTransactionToReport ExpenseId=2764 51722 androidtest@abc.com ::1 Mozilla/5.0+(Windows+NT+10.0;+Win64;+x64)+AppleWebKit/537.36+(KHTML,+like+Gecko)+Chrome/67.0.3396.99+Safari/537.36 http://localhost:51722/Expense/AddTransactionToReport?ExpenseId=2764 200 0 0 31295
2018-07-12 14:20:42 ::1 GET /TravelType/IsSubTravelCashAdvanced TravelTypeId=19 51722 androidtest@abc.com ::1 Mozilla/5.0+(Windows+NT+10.0;+Win64;+x64)+AppleWebKit/537.36+(KHTML,+like+Gecko)+Chrome/67.0.3396.99+Safari/537.36 http://localhost:51722/Expense/AddTransactionToReport?ExpenseId=2764 200 0 0 500
2018-07-12 14:20:42 ::1 GET /Expense/GetTravelTypeHeaderMapping TravelTypeId=19 51722 androidtest@abc.com ::1 Mozilla/5.0+(Windows+NT+10.0;+Win64;+x64)+AppleWebKit/537.36+(KHTML,+like+Gecko)+Chrome/67.0.3396.99+Safari/537.36 http://localhost:51722/Expense/AddTransactionToReport?ExpenseId=2764 200 0 0 755
2018-07-12 14:20:42 ::1 GET /AjaxCall/GetCustomers/ _=1531405242826 51722 androidtest@abc.com ::1 Mozilla/5.0+(Windows+NT+10.0;+Win64;+x64)+AppleWebKit/537.36+(KHTML,+like+Gecko)+Chrome/67.0.3396.99+Safari/537.36 http://localhost:51722/Expense/AddTransactionToReport?ExpenseId=2764 200 0 0 437
2018-07-12 14:20:52 ::1 GET /Expense/PrepareExpenseApprovalProgressBar/ ExpenseId=2764&UserId=477&_=1531405242045 51722 androidtest@abc.com ::1 Mozilla/5.0+(Windows+NT+10.0;+Win64;+x64)+AppleWebKit/537.36+(KHTML,+like+Gecko)+Chrome/67.0.3396.99+Safari/537.36 http://localhost:51722/Expense/AddTransactionToReport?ExpenseId=2764 200 0 0 10246
2018-07-12 14:24:11 ::1 GET /Expense/AddNewTransaction ExpenseId=2764 51722 androidtest@abc.com ::1 Mozilla/5.0+(Windows+NT+10.0;+Win64;+x64)+AppleWebKit/537.36+(KHTML,+like+Gecko)+Chrome/67.0.3396.99+Safari/537.36 http://localhost:51722/Expense/AddTransactionToReport?ExpenseId=2764 200 0 0 12193
2018-07-12 14:24:11 ::1 GET /ExpenseDetail/GetVendorNamesJson UserId477&_=1531405451511 51722 androidtest@abc.com ::1 Mozilla/5.0+(Windows+NT+10.0;+Win64;+x64)+AppleWebKit/537.36+(KHTML,+like+Gecko)+Chrome/67.0.3396.99+Safari/537.36 http://localhost:51722/Expense/AddTransactionToReport?ExpenseId=2764 200 0 0 237
2018-07-12 14:25:11 ::1 GET /Expense/GetViolationReasonsList/ ExpenseTypeId=53 51722 androidtest@abc.com ::1 Mozilla/5.0+(Windows+NT+10.0;+Win64;+x64)+AppleWebKit/537.36+(KHTML,+like+Gecko)+Chrome/67.0.3396.99+Safari/537.36 http://localhost:51722/Expense/AddTransactionToReport?ExpenseId=2764 200 0 0 701
2018-07-12 14:25:12 ::1 GET /Expense/GetReceiptViolationReasonsList/ ExpenseTypeId=53 51722 androidtest@abc.com ::1 Mozilla/5.0+(Windows+NT+10.0;+Win64;+x64)+AppleWebKit/537.36+(KHTML,+like+Gecko)+Chrome/67.0.3396.99+Safari/537.36 http://localhost:51722/Expense/AddTransactionToReport?ExpenseId=2764 200 0 0 1732
2018-07-12 14:25:12 ::1 GET /ExpenseDetail/GetExpenseTypePolicyAmount ExpenseTypeId=53 51722 androidtest@abc.com ::1 Mozilla/5.0+(Windows+NT+10.0;+Win64;+x64)+AppleWebKit/537.36+(KHTML,+like+Gecko)+Chrome/67.0.3396.99+Safari/537.36 http://localhost:51722/Expense/AddTransactionToReport?ExpenseId=2764 200 0 0 2480
2018-07-12 14:25:15 ::1 GET /AjaxCall/FindAndApplyCodeCombinationRule/ ProjectId=0&ExpenseTypeId=53&ExpenseDate=12/07/2018 51722 androidtest@abc.com ::1 Mozilla/5.0+(Windows+NT+10.0;+Win64;+x64)+AppleWebKit/537.36+(KHTML,+like+Gecko)+Chrome/67.0.3396.99+Safari/537.36 http://localhost:51722/Expense/AddTransactionToReport?ExpenseId=2764 200 0 0 2203
2018-07-12 14:26:09 ::1 GET /ExpenseDetail/SelectSourceToAttachReceipt TransactionSource=Web&ExpenseUserId=477&BankExpenseDetailId=0 51722 androidtest@abc.com ::1 Mozilla/5.0+(Windows+NT+10.0;+Win64;+x64)+AppleWebKit/537.36+(KHTML,+like+Gecko)+Chrome/67.0.3396.99+Safari/537.36 http://localhost:51722/Expense/AddTransactionToReport?ExpenseId=2764 200 0 0 1049
2018-07-12 14:26:39 ::1 GET /ReceiptBox/AttachRecieptToExpenseReportFromRecieptBox UserId=477 51722 androidtest@abc.com ::1 Mozilla/5.0+(Windows+NT+10.0;+Win64;+x64)+AppleWebKit/537.36+(KHTML,+like+Gecko)+Chrome/67.0.3396.99+Safari/537.36 http://localhost:51722/Expense/AddTransactionToReport?ExpenseId=2764 200 0 0 6204
2018-07-12 14:26:43 ::1 GET /Expense/jquery.qtip.min.map - 51722 - ::1 Mozilla/5.0+(Windows+NT+10.0;+Win64;+x64)+AppleWebKit/537.36+(KHTML,+like+Gecko)+Chrome/67.0.3396.99+Safari/537.36 - 404 0 2 3
2018-07-12 14:27:28 ::1 GET /Expense/IsExpenseTypeBudgetExceeded projectId=0&ConvertedAmount=1.00&ExpenseDetailID=0&CurrencyId=168&UserId=477&ExpenseTypeId=53&ExpenseDate=12/07/2018 51722 androidtest@abc.com ::1 Mozilla/5.0+(Windows+NT+10.0;+Win64;+x64)+AppleWebKit/537.36+(KHTML,+like+Gecko)+Chrome/67.0.3396.99+Safari/537.36 http://localhost:51722/Expense/AddTransactionToReport?ExpenseId=2764 200 0 0 697
2018-07-12 14:27:31 ::1 POST /Expense/AddNewTransaction - 51722 androidtest@abc.com ::1 Mozilla/5.0+(Windows+NT+10.0;+Win64;+x64)+AppleWebKit/537.36+(KHTML,+like+Gecko)+Chrome/67.0.3396.99+Safari/537.36 http://localhost:51722/Expense/AddTransactionToReport?ExpenseId=2764 302 0 0 3354
2018-07-12 14:28:05 ::1 GET /Expense/AddTransactionToReport ExpenseId=2764 51722 androidtest@abc.com ::1 Mozilla/5.0+(Windows+NT+10.0;+Win64;+x64)+AppleWebKit/537.36+(KHTML,+like+Gecko)+Chrome/67.0.3396.99+Safari/537.36 http://localhost:51722/Expense/AddTransactionToReport?ExpenseId=2764 200 0 0 33735
2018-07-12 14:28:06 ::1 GET /TravelType/IsSubTravelCashAdvanced TravelTypeId=19 51722 androidtest@abc.com ::1 Mozilla/5.0+(Windows+NT+10.0;+Win64;+x64)+AppleWebKit/537.36+(KHTML,+like+Gecko)+Chrome/67.0.3396.99+Safari/537.36 http://localhost:51722/Expense/AddTransactionToReport?ExpenseId=2764 200 0 0 497
2018-07-12 14:28:06 ::1 GET /Expense/GetTravelTypeHeaderMapping TravelTypeId=19 51722 androidtest@abc.com ::1 Mozilla/5.0+(Windows+NT+10.0;+Win64;+x64)+AppleWebKit/537.36+(KHTML,+like+Gecko)+Chrome/67.0.3396.99+Safari/537.36 http://localhost:51722/Expense/AddTransactionToReport?ExpenseId=2764 200 0 0 765
2018-07-12 14:28:06 ::1 GET /AjaxCall/GetCustomers/ _=1531405686673 51722 androidtest@abc.com ::1 Mozilla/5.0+(Windows+NT+10.0;+Win64;+x64)+AppleWebKit/537.36+(KHTML,+like+Gecko)+Chrome/67.0.3396.99+Safari/537.36 http://localhost:51722/Expense/AddTransactionToReport?ExpenseId=2764 200 0 0 257
2018-07-12 14:28:15 ::1 GET /Expense/PrepareExpenseApprovalProgressBar/ ExpenseId=2764&UserId=477&_=1531405685879 51722 androidtest@abc.com ::1 Mozilla/5.0+(Windows+NT+10.0;+Win64;+x64)+AppleWebKit/537.36+(KHTML,+like+Gecko)+Chrome/67.0.3396.99+Safari/537.36 http://localhost:51722/Expense/AddTransactionToReport?ExpenseId=2764 200 0 0 9798
2018-07-12 14:28:38 ::1 GET /ExpenseDetail/SelectSourceToUploadReceipt id=14305&TransactionSource=Web&ExpenseUserId=477&currentAction=AddTransactionToReport&TransactionReferenceType=Actual&_=1531405718510 51722 androidtest@abc.com ::1 Mozilla/5.0+(Windows+NT+10.0;+Win64;+x64)+AppleWebKit/537.36+(KHTML,+like+Gecko)+Chrome/67.0.3396.99+Safari/537.36 http://localhost:51722/Expense/AddTransactionToReport?ExpenseId=2764 200 0 0 104
2018-07-12 14:28:38 ::1 GET /Scripts/v2/jquery.validate.unobtrusive.js _=1531405718624 51722 - ::1 Mozilla/5.0+(Windows+NT+10.0;+Win64;+x64)+AppleWebKit/537.36+(KHTML,+like+Gecko)+Chrome/67.0.3396.99+Safari/537.36 http://localhost:51722/Expense/AddTransactionToReport?ExpenseId=2764 200 0 0 97
2018-07-12 14:28:45 ::1 GET /ReceiptBox/AttachRecieptToExpenseReportFromRecieptBox UserId=477&IsUploadReciept=YES&ExpenseDetailId=14305&_=1531405720614 51722 androidtest@abc.com ::1 Mozilla/5.0+(Windows+NT+10.0;+Win64;+x64)+AppleWebKit/537.36+(KHTML,+like+Gecko)+Chrome/67.0.3396.99+Safari/537.36 http://localhost:51722/Expense/AddTransactionToReport?ExpenseId=2764 200 0 0 4791
2018-07-12 14:28:45 ::1 GET /Scripts/jquery.mousewheel-3.0.6.pack.js _=1531405725415 51722 - ::1 Mozilla/5.0+(Windows+NT+10.0;+Win64;+x64)+AppleWebKit/537.36+(KHTML,+like+Gecko)+Chrome/67.0.3396.99+Safari/537.36 http://localhost:51722/Expense/AddTransactionToReport?ExpenseId=2764 200 0 0 47
2018-07-12 14:28:45 ::1 GET /Scripts/jquery.fancybox.js _=1531405725474 51722 - ::1 Mozilla/5.0+(Windows+NT+10.0;+Win64;+x64)+AppleWebKit/537.36+(KHTML,+like+Gecko)+Chrome/67.0.3396.99+Safari/537.36 http://localhost:51722/Expense/AddTransactionToReport?ExpenseId=2764 200 0 0 16
2018-07-12 14:28:45 ::1 GET /Scripts/jQueryRotate.js _=1531405725507 51722 - ::1 Mozilla/5.0+(Windows+NT+10.0;+Win64;+x64)+AppleWebKit/537.36+(KHTML,+like+Gecko)+Chrome/67.0.3396.99+Safari/537.36 http://localhost:51722/Expense/AddTransactionToReport?ExpenseId=2764 200 0 0 8
2018-07-12 14:28:45 ::1 GET /Scripts/jquery.twbsPagination.js _=1531405725530 51722 - ::1 Mozilla/5.0+(Windows+NT+10.0;+Win64;+x64)+AppleWebKit/537.36+(KHTML,+like+Gecko)+Chrome/67.0.3396.99+Safari/537.36 http://localhost:51722/Expense/AddTransactionToReport?ExpenseId=2764 200 0 0 16
2018-07-12 14:28:45 ::1 GET /Scripts/jquery.qtip.min.js _=1531405725559 51722 - ::1 Mozilla/5.0+(Windows+NT+10.0;+Win64;+x64)+AppleWebKit/537.36+(KHTML,+like+Gecko)+Chrome/67.0.3396.99+Safari/537.36 http://localhost:51722/Expense/AddTransactionToReport?ExpenseId=2764 200 0 0 46
2018-07-12 14:28:45 ::1 GET /Scripts/jquery.imgcheckbox.js _=1531405725627 51722 - ::1 Mozilla/5.0+(Windows+NT+10.0;+Win64;+x64)+AppleWebKit/537.36+(KHTML,+like+Gecko)+Chrome/67.0.3396.99+Safari/537.36 http://localhost:51722/Expense/AddTransactionToReport?ExpenseId=2764 200 0 0 22
2018-07-12 14:30:01 ::1 POST /ReceiptBox/SaveRecieptDetailsWithTransactionDetails RecieptBoxId=2777&ExpenseDetailId=14305 51722 androidtest@abc.com ::1 Mozilla/5.0+(Windows+NT+10.0;+Win64;+x64)+AppleWebKit/537.36+(KHTML,+like+Gecko)+Chrome/67.0.3396.99+Safari/537.36 http://localhost:51722/Expense/AddTransactionToReport?ExpenseId=2764 200 0 0 69487
2018-07-12 14:30:35 ::1 GET /Expense/AddTransactionToReport ExpenseId=2764 51722 androidtest@abc.com ::1 Mozilla/5.0+(Windows+NT+10.0;+Win64;+x64)+AppleWebKit/537.36+(KHTML,+like+Gecko)+Chrome/67.0.3396.99+Safari/537.36 http://localhost:51722/Expense/AddTransactionToReport?ExpenseId=2764 200 0 0 34346
2018-07-12 14:30:36 ::1 GET /TravelType/IsSubTravelCashAdvanced TravelTypeId=19 51722 androidtest@abc.com ::1 Mozilla/5.0+(Windows+NT+10.0;+Win64;+x64)+AppleWebKit/537.36+(KHTML,+like+Gecko)+Chrome/67.0.3396.99+Safari/537.36 http://localhost:51722/Expense/AddTransactionToReport?ExpenseId=2764 200 0 0 487
2018-07-12 14:30:36 ::1 GET /Expense/GetTravelTypeHeaderMapping TravelTypeId=19 51722 androidtest@abc.com ::1 Mozilla/5.0+(Windows+NT+10.0;+Win64;+x64)+AppleWebKit/537.36+(KHTML,+like+Gecko)+Chrome/67.0.3396.99+Safari/537.36 http://localhost:51722/Expense/AddTransactionToReport?ExpenseId=2764 200 0 0 746
2018-07-12 14:30:36 ::1 GET /AjaxCall/GetCustomers/ _=1531405836726 51722 androidtest@abc.com ::1 Mozilla/5.0+(Windows+NT+10.0;+Win64;+x64)+AppleWebKit/537.36+(KHTML,+like+Gecko)+Chrome/67.0.3396.99+Safari/537.36 http://localhost:51722/Expense/AddTransactionToReport?ExpenseId=2764 200 0 0 258
2018-07-12 14:30:46 ::1 GET /Expense/PrepareExpenseApprovalProgressBar/ ExpenseId=2764&UserId=477&_=1531405835964 51722 androidtest@abc.com ::1 Mozilla/5.0+(Windows+NT+10.0;+Win64;+x64)+AppleWebKit/537.36+(KHTML,+like+Gecko)+Chrome/67.0.3396.99+Safari/537.36 http://localhost:51722/Expense/AddTransactionToReport?ExpenseId=2764 200 0 0 10580
2018-07-12 23:59:59 ::1 GET /User/LogOut - 51722 - ::1 Mozilla/5.0+(Windows+NT+10.0;+Win64;+x64)+AppleWebKit/537.36+(KHTML,+like+Gecko)+Chrome/67.0.3396.99+Safari/537.36 http://localhost:51722/Expense/AddTransactionToReport?ExpenseId=2764 302 0 0 16001
2018-07-12 23:59:59 ::1 GET / - 51722 - ::1 Mozilla/5.0+(Windows+NT+10.0;+Win64;+x64)+AppleWebKit/537.36+(KHTML,+like+Gecko)+Chrome/67.0.3396.99+Safari/537.36 http://localhost:51722/Expense/AddTransactionToReport?ExpenseId=2764 302 0 0 15472
2018-07-12 23:59:59 ::1 GET /User/LogOn - 51722 - ::1 Mozilla/5.0+(Windows+NT+10.0;+Win64;+x64)+AppleWebKit/537.36+(KHTML,+like+Gecko)+Chrome/67.0.3396.99+Safari/537.36 - 200 0 0 43451
2018-07-12 23:59:59 ::1 GET /User/assets/pages/img/login/bg1.jpg - 51722 - ::1 Mozilla/5.0+(Windows+NT+10.0;+Win64;+x64)+AppleWebKit/537.36+(KHTML,+like+Gecko)+Chrome/67.0.3396.99+Safari/537.36 http://localhost:51722/User/LogOn 404 0 2 152
