#Software: Microsoft Internet Information Services 8.0
#Version: 1.0
#Date: 2018-04-16 09:52:32
#Fields: date time s-ip cs-method cs-uri-stem cs-uri-query s-port cs-username c-ip cs(User-Agent) cs(Referer) sc-status sc-substatus sc-win32-status time-taken
2018-04-16 09:52:32 ::1 GET /ReceiptBox/UnAttachedReciepts - 51722 - ::1 Mozilla/5.0+(Windows+NT+10.0;+Win64;+x64)+AppleWebKit/537.36+(KHTML,+like+Gecko)+Chrome/65.0.3325.181+Safari/537.36 - 302 0 0 346919
2018-04-16 09:52:48 ::1 GET /User/LogOn - 51722 - ::1 Mozilla/5.0+(Windows+NT+10.0;+Win64;+x64)+AppleWebKit/537.36+(KHTML,+like+Gecko)+Chrome/65.0.3325.181+Safari/537.36 - 200 0 0 6144
2018-04-16 09:52:48 ::1 GET /assets/global/plugins/bootstrap-switch/css/bootstrap-switch.min.css - 51722 - ::1 Mozilla/5.0+(Windows+NT+10.0;+Win64;+x64)+AppleWebKit/537.36+(KHTML,+like+Gecko)+Chrome/65.0.3325.181+Safari/537.36 http://localhost:51722/User/LogOn 200 0 0 207
2018-04-16 09:52:48 ::1 GET /assets/pages/css/font.css - 51722 - ::1 Mozilla/5.0+(Windows+NT+10.0;+Win64;+x64)+AppleWebKit/537.36+(KHTML,+like+Gecko)+Chrome/65.0.3325.181+Safari/537.36 http://localhost:51722/User/LogOn 200 0 0 225
2018-04-16 09:52:48 ::1 GET /assets/global/plugins/simple-line-icons/simple-line-icons.min.css - 51722 - ::1 Mozilla/5.0+(Windows+NT+10.0;+Win64;+x64)+AppleWebKit/537.36+(KHTML,+like+Gecko)+Chrome/65.0.3325.181+Safari/537.36 http://localhost:51722/User/LogOn 200 0 0 210
2018-04-16 09:52:48 ::1 GET /assets/global/plugins/select2/css/select2.min.css - 51722 - ::1 Mozilla/5.0+(Windows+NT+10.0;+Win64;+x64)+AppleWebKit/537.36+(KHTML,+like+Gecko)+Chrome/65.0.3325.181+Safari/537.36 http://localhost:51722/User/LogOn 200 0 0 249
2018-04-16 09:52:48 ::1 GET /assets/global/plugins/select2/css/select2-bootstrap.min.css - 51722 - ::1 Mozilla/5.0+(Windows+NT+10.0;+Win64;+x64)+AppleWebKit/537.36+(KHTML,+like+Gecko)+Chrome/65.0.3325.181+Safari/537.36 http://localhost:51722/User/LogOn 200 0 0 368
2018-04-16 09:52:48 ::1 GET /assets/pages/css/login-5.min.css - 51722 - ::1 Mozilla/5.0+(Windows+NT+10.0;+Win64;+x64)+AppleWebKit/537.36+(KHTML,+like+Gecko)+Chrome/65.0.3325.181+Safari/537.36 http://localhost:51722/User/LogOn 200 0 0 182
2018-04-16 09:52:48 ::1 GET /assets/global/css/plugins.min.css - 51722 - ::1 Mozilla/5.0+(Windows+NT+10.0;+Win64;+x64)+AppleWebKit/537.36+(KHTML,+like+Gecko)+Chrome/65.0.3325.181+Safari/537.36 http://localhost:51722/User/LogOn 200 0 0 185
2018-04-16 09:52:48 ::1 GET /assets/global/plugins/bootstrap/css/bootstrap.min.css - 51722 - ::1 Mozilla/5.0+(Windows+NT+10.0;+Win64;+x64)+AppleWebKit/537.36+(KHTML,+like+Gecko)+Chrome/65.0.3325.181+Safari/537.36 http://localhost:51722/User/LogOn 200 0 0 502
2018-04-16 09:52:48 ::1 GET /assets/global/css/components.min.css - 51722 - ::1 Mozilla/5.0+(Windows+NT+10.0;+Win64;+x64)+AppleWebKit/537.36+(KHTML,+like+Gecko)+Chrome/65.0.3325.181+Safari/537.36 http://localhost:51722/User/LogOn 200 0 0 389
2018-04-16 09:52:48 ::1 GET /assets/global/plugins/js.cookie.min.js - 51722 - ::1 Mozilla/5.0+(Windows+NT+10.0;+Win64;+x64)+AppleWebKit/537.36+(KHTML,+like+Gecko)+Chrome/65.0.3325.181+Safari/537.36 http://localhost:51722/User/LogOn 200 0 0 95
2018-04-16 09:52:48 ::1 GET /assets/global/plugins/jquery-slimscroll/jquery.slimscroll.min.js - 51722 - ::1 Mozilla/5.0+(Windows+NT+10.0;+Win64;+x64)+AppleWebKit/537.36+(KHTML,+like+Gecko)+Chrome/65.0.3325.181+Safari/537.36 http://localhost:51722/User/LogOn 200 0 0 96
2018-04-16 09:52:48 ::1 GET /assets/global/plugins/bootstrap/js/bootstrap.min.js - 51722 - ::1 Mozilla/5.0+(Windows+NT+10.0;+Win64;+x64)+AppleWebKit/537.36+(KHTML,+like+Gecko)+Chrome/65.0.3325.181+Safari/537.36 http://localhost:51722/User/LogOn 200 0 0 110
2018-04-16 09:52:49 ::1 GET /assets/global/plugins/jquery.min.js - 51722 - ::1 Mozilla/5.0+(Windows+NT+10.0;+Win64;+x64)+AppleWebKit/537.36+(KHTML,+like+Gecko)+Chrome/65.0.3325.181+Safari/537.36 http://localhost:51722/User/LogOn 200 0 0 302
2018-04-16 09:52:49 ::1 GET /assets/global/plugins/jquery-validation/js/jquery.validate.min.js - 51722 - ::1 Mozilla/5.0+(Windows+NT+10.0;+Win64;+x64)+AppleWebKit/537.36+(KHTML,+like+Gecko)+Chrome/65.0.3325.181+Safari/537.36 http://localhost:51722/User/LogOn 200 0 0 141
2018-04-16 09:52:49 ::1 GET /assets/global/plugins/jquery.blockui.min.js - 51722 - ::1 Mozilla/5.0+(Windows+NT+10.0;+Win64;+x64)+AppleWebKit/537.36+(KHTML,+like+Gecko)+Chrome/65.0.3325.181+Safari/537.36 http://localhost:51722/User/LogOn 200 0 0 250
2018-04-16 09:52:49 ::1 GET /assets/global/plugins/bootstrap-switch/js/bootstrap-switch.min.js - 51722 - ::1 Mozilla/5.0+(Windows+NT+10.0;+Win64;+x64)+AppleWebKit/537.36+(KHTML,+like+Gecko)+Chrome/65.0.3325.181+Safari/537.36 http://localhost:51722/User/LogOn 200 0 0 267
2018-04-16 09:52:49 ::1 GET /assets/global/plugins/jquery-validation/js/additional-methods.min.js - 51722 - ::1 Mozilla/5.0+(Windows+NT+10.0;+Win64;+x64)+AppleWebKit/537.36+(KHTML,+like+Gecko)+Chrome/65.0.3325.181+Safari/537.36 http://localhost:51722/User/LogOn 200 0 0 202
2018-04-16 09:52:49 ::1 GET /assets/global/plugins/backstretch/jquery.backstretch.min.js - 51722 - ::1 Mozilla/5.0+(Windows+NT+10.0;+Win64;+x64)+AppleWebKit/537.36+(KHTML,+like+Gecko)+Chrome/65.0.3325.181+Safari/537.36 http://localhost:51722/User/LogOn 200 0 0 76
2018-04-16 09:52:49 ::1 GET /assets/global/plugins/select2/js/select2.full.min.js - 51722 - ::1 Mozilla/5.0+(Windows+NT+10.0;+Win64;+x64)+AppleWebKit/537.36+(KHTML,+like+Gecko)+Chrome/65.0.3325.181+Safari/537.36 http://localhost:51722/User/LogOn 200 0 0 290
2018-04-16 09:52:49 ::1 GET /assets/global/scripts/app.min.js - 51722 - ::1 Mozilla/5.0+(Windows+NT+10.0;+Win64;+x64)+AppleWebKit/537.36+(KHTML,+like+Gecko)+Chrome/65.0.3325.181+Safari/537.36 http://localhost:51722/User/LogOn 200 0 0 68
2018-04-16 09:52:49 ::1 GET /Images/sign-in-light.png - 51722 - ::1 Mozilla/5.0+(Windows+NT+10.0;+Win64;+x64)+AppleWebKit/537.36+(KHTML,+like+Gecko)+Chrome/65.0.3325.181+Safari/537.36 http://localhost:51722/User/LogOn 200 0 0 84
2018-04-16 09:52:49 ::1 GET /images/logo_1.png - 51722 - ::1 Mozilla/5.0+(Windows+NT+10.0;+Win64;+x64)+AppleWebKit/537.36+(KHTML,+like+Gecko)+Chrome/65.0.3325.181+Safari/537.36 http://localhost:51722/User/LogOn 200 0 0 88
2018-04-16 09:52:49 ::1 GET /assets/pages/scripts/login-5.min.js - 51722 - ::1 Mozilla/5.0+(Windows+NT+10.0;+Win64;+x64)+AppleWebKit/537.36+(KHTML,+like+Gecko)+Chrome/65.0.3325.181+Safari/537.36 http://localhost:51722/User/LogOn 200 0 0 101
2018-04-16 09:52:49 ::1 GET /User/assets/pages/img/login/bg1.jpg - 51722 - ::1 Mozilla/5.0+(Windows+NT+10.0;+Win64;+x64)+AppleWebKit/537.36+(KHTML,+like+Gecko)+Chrome/65.0.3325.181+Safari/537.36 http://localhost:51722/User/LogOn 404 0 2 106
2018-04-16 09:52:49 ::1 GET /assets/pages/img/login/bg1.jpg - 51722 - ::1 Mozilla/5.0+(Windows+NT+10.0;+Win64;+x64)+AppleWebKit/537.36+(KHTML,+like+Gecko)+Chrome/65.0.3325.181+Safari/537.36 http://localhost:51722/User/LogOn 200 0 0 116
2018-04-16 09:52:49 ::1 GET /assets/pages/img/login/bg2.jpg - 51722 - ::1 Mozilla/5.0+(Windows+NT+10.0;+Win64;+x64)+AppleWebKit/537.36+(KHTML,+like+Gecko)+Chrome/65.0.3325.181+Safari/537.36 http://localhost:51722/User/LogOn 200 0 0 144
#Software: Microsoft Internet Information Services 8.0
#Version: 1.0
#Date: 2018-04-16 09:53:57
#Fields: date time s-ip cs-method cs-uri-stem cs-uri-query s-port cs-username c-ip cs(User-Agent) cs(Referer) sc-status sc-substatus sc-win32-status time-taken
2018-04-16 09:53:57 ::1 GET / - 51722 - ::1 Mozilla/5.0+(Windows+NT+10.0;+Win64;+x64)+AppleWebKit/537.36+(KHTML,+like+Gecko)+Chrome/65.0.3325.181+Safari/537.36 - 302 0 0 16220
2018-04-16 09:54:01 ::1 GET /User/LogOn - 51722 - ::1 Mozilla/5.0+(Windows+NT+10.0;+Win64;+x64)+AppleWebKit/537.36+(KHTML,+like+Gecko)+Chrome/65.0.3325.181+Safari/537.36 - 200 0 0 3540
2018-04-16 09:54:01 ::1 GET /User/assets/pages/img/login/bg1.jpg - 51722 - ::1 Mozilla/5.0+(Windows+NT+10.0;+Win64;+x64)+AppleWebKit/537.36+(KHTML,+like+Gecko)+Chrome/65.0.3325.181+Safari/537.36 http://localhost:51722/User/LogOn 404 0 2 10
2018-04-16 09:54:36 ::1 POST /User/LogOn - 51722 - ::1 Mozilla/5.0+(Windows+NT+10.0;+Win64;+x64)+AppleWebKit/537.36+(KHTML,+like+Gecko)+Chrome/65.0.3325.181+Safari/537.36 http://localhost:51722/User/LogOn 302 0 0 25103
2018-04-16 09:59:13 ::1 GET / - 51722 qcemployee7.gorilla@gmail.com ::1 Mozilla/5.0+(Windows+NT+10.0;+Win64;+x64)+AppleWebKit/537.36+(KHTML,+like+Gecko)+Chrome/65.0.3325.181+Safari/537.36 http://localhost:51722/User/LogOn 200 0 0 277277
2018-04-16 09:59:13 ::1 GET /css/SiteLayoutPageForMasters-css v=tYCFPUvfhMe1vmZxcbcDA87hINYJdoZqWZmrS9VAazU1 51722 qcemployee7.gorilla@gmail.com ::1 Mozilla/5.0+(Windows+NT+10.0;+Win64;+x64)+AppleWebKit/537.36+(KHTML,+like+Gecko)+Chrome/65.0.3325.181+Safari/537.36 http://localhost:51722/ 200 0 0 90
2018-04-16 09:59:13 ::1 GET /Scripts/SiteLayoutPageForMasters-js v=NMauVSy_gT5RAxxlGvKHHiQU4fD1J3tKXjMwy7O32kM1 51722 qcemployee7.gorilla@gmail.com ::1 Mozilla/5.0+(Windows+NT+10.0;+Win64;+x64)+AppleWebKit/537.36+(KHTML,+like+Gecko)+Chrome/65.0.3325.181+Safari/537.36 http://localhost:51722/ 200 0 0 159
2018-04-16 09:59:13 ::1 GET /images/icons/home_48.png - 51722 - ::1 Mozilla/5.0+(Windows+NT+10.0;+Win64;+x64)+AppleWebKit/537.36+(KHTML,+like+Gecko)+Chrome/65.0.3325.181+Safari/537.36 http://localhost:51722/ 200 0 0 57
2018-04-16 09:59:13 ::1 GET /images/icons/paper_pencil_48.png - 51722 - ::1 Mozilla/5.0+(Windows+NT+10.0;+Win64;+x64)+AppleWebKit/537.36+(KHTML,+like+Gecko)+Chrome/65.0.3325.181+Safari/537.36 http://localhost:51722/ 200 0 0 60
2018-04-16 09:59:13 ::1 GET /images/icons/pie_chart_48.png - 51722 - ::1 Mozilla/5.0+(Windows+NT+10.0;+Win64;+x64)+AppleWebKit/537.36+(KHTML,+like+Gecko)+Chrome/65.0.3325.181+Safari/537.36 http://localhost:51722/ 200 0 0 55
2018-04-16 09:59:13 ::1 GET /images/icons/add_48.png - 51722 - ::1 Mozilla/5.0+(Windows+NT+10.0;+Win64;+x64)+AppleWebKit/537.36+(KHTML,+like+Gecko)+Chrome/65.0.3325.181+Safari/537.36 http://localhost:51722/ 200 0 0 65
2018-04-16 09:59:13 ::1 GET /images/shortcut-button-bg.gif - 51722 - ::1 Mozilla/5.0+(Windows+NT+10.0;+Win64;+x64)+AppleWebKit/537.36+(KHTML,+like+Gecko)+Chrome/65.0.3325.181+Safari/537.36 http://localhost:51722/css/SiteLayoutPageForMasters-css?v=tYCFPUvfhMe1vmZxcbcDA87hINYJdoZqWZmrS9VAazU1 200 0 0 63
2018-04-16 10:03:43 ::1 GET /ReceiptBox - 51722 qcemployee7.gorilla@gmail.com ::1 Mozilla/5.0+(Windows+NT+10.0;+Win64;+x64)+AppleWebKit/537.36+(KHTML,+like+Gecko)+Chrome/65.0.3325.181+Safari/537.36 http://localhost:51722/ 200 0 0 12503
2018-04-16 10:03:43 ::1 GET /Scripts/jquery.mousewheel-3.0.6.pack.js - 51722 - ::1 Mozilla/5.0+(Windows+NT+10.0;+Win64;+x64)+AppleWebKit/537.36+(KHTML,+like+Gecko)+Chrome/65.0.3325.181+Safari/537.36 http://localhost:51722/ReceiptBox 200 0 0 52
2018-04-16 10:03:43 ::1 GET /Content/jquery.fancybox.css - 51722 - ::1 Mozilla/5.0+(Windows+NT+10.0;+Win64;+x64)+AppleWebKit/537.36+(KHTML,+like+Gecko)+Chrome/65.0.3325.181+Safari/537.36 http://localhost:51722/ReceiptBox 200 0 0 108
2018-04-16 10:03:43 ::1 GET /Content/RecieptBox.css - 51722 - ::1 Mozilla/5.0+(Windows+NT+10.0;+Win64;+x64)+AppleWebKit/537.36+(KHTML,+like+Gecko)+Chrome/65.0.3325.181+Safari/537.36 http://localhost:51722/ReceiptBox 200 0 0 114
2018-04-16 10:03:43 ::1 GET /Content/jquery.qtip.min.css - 51722 - ::1 Mozilla/5.0+(Windows+NT+10.0;+Win64;+x64)+AppleWebKit/537.36+(KHTML,+like+Gecko)+Chrome/65.0.3325.181+Safari/537.36 http://localhost:51722/ReceiptBox 200 0 0 117
2018-04-16 10:03:43 ::1 GET /Scripts/jquery.fancybox.js - 51722 - ::1 Mozilla/5.0+(Windows+NT+10.0;+Win64;+x64)+AppleWebKit/537.36+(KHTML,+like+Gecko)+Chrome/65.0.3325.181+Safari/537.36 http://localhost:51722/ReceiptBox 200 0 0 99
2018-04-16 10:03:43 ::1 GET /Scripts/jQueryRotate.js - 51722 - ::1 Mozilla/5.0+(Windows+NT+10.0;+Win64;+x64)+AppleWebKit/537.36+(KHTML,+like+Gecko)+Chrome/65.0.3325.181+Safari/537.36 http://localhost:51722/ReceiptBox 200 0 0 38
2018-04-16 10:03:43 ::1 GET /Scripts/jquery.twbsPagination.js - 51722 - ::1 Mozilla/5.0+(Windows+NT+10.0;+Win64;+x64)+AppleWebKit/537.36+(KHTML,+like+Gecko)+Chrome/65.0.3325.181+Safari/537.36 http://localhost:51722/ReceiptBox 200 0 0 30
2018-04-16 10:03:43 ::1 GET /Scripts/jquery.loading.1.6.4.js - 51722 - ::1 Mozilla/5.0+(Windows+NT+10.0;+Win64;+x64)+AppleWebKit/537.36+(KHTML,+like+Gecko)+Chrome/65.0.3325.181+Safari/537.36 http://localhost:51722/ReceiptBox 200 0 0 57
2018-04-16 10:03:43 ::1 GET /Scripts/jquery.qtip.min.js - 51722 - ::1 Mozilla/5.0+(Windows+NT+10.0;+Win64;+x64)+AppleWebKit/537.36+(KHTML,+like+Gecko)+Chrome/65.0.3325.181+Safari/537.36 http://localhost:51722/ReceiptBox 200 0 0 40
2018-04-16 10:03:43 ::1 GET /Images/first.png - 51722 - ::1 Mozilla/5.0+(Windows+NT+10.0;+Win64;+x64)+AppleWebKit/537.36+(KHTML,+like+Gecko)+Chrome/65.0.3325.181+Safari/537.36 http://localhost:51722/ReceiptBox 200 0 0 48
2018-04-16 10:03:43 ::1 GET /Images/prev.png - 51722 - ::1 Mozilla/5.0+(Windows+NT+10.0;+Win64;+x64)+AppleWebKit/537.36+(KHTML,+like+Gecko)+Chrome/65.0.3325.181+Safari/537.36 http://localhost:51722/ReceiptBox 200 0 0 67
2018-04-16 10:03:43 ::1 GET /Images/next.png - 51722 - ::1 Mozilla/5.0+(Windows+NT+10.0;+Win64;+x64)+AppleWebKit/537.36+(KHTML,+like+Gecko)+Chrome/65.0.3325.181+Safari/537.36 http://localhost:51722/ReceiptBox 200 0 0 61
2018-04-16 10:03:43 ::1 GET /Images/last.png - 51722 - ::1 Mozilla/5.0+(Windows+NT+10.0;+Win64;+x64)+AppleWebKit/537.36+(KHTML,+like+Gecko)+Chrome/65.0.3325.181+Safari/537.36 http://localhost:51722/ReceiptBox 200 0 0 30
2018-04-16 10:03:43 ::1 GET /Scripts/jquery.imgcheckbox.js - 51722 - ::1 Mozilla/5.0+(Windows+NT+10.0;+Win64;+x64)+AppleWebKit/537.36+(KHTML,+like+Gecko)+Chrome/65.0.3325.181+Safari/537.36 http://localhost:51722/ReceiptBox 200 0 0 97
2018-04-16 10:03:43 ::1 GET /images/bg-form-field.gif - 51722 - ::1 Mozilla/5.0+(Windows+NT+10.0;+Win64;+x64)+AppleWebKit/537.36+(KHTML,+like+Gecko)+Chrome/65.0.3325.181+Safari/537.36 http://localhost:51722/ReceiptBox 200 0 0 30
2018-04-16 10:06:08 ::1 POST /ReceiptBox/SelectPDFList/ - 51722 qcemployee7.gorilla@gmail.com ::1 Mozilla/5.0+(Windows+NT+10.0;+Win64;+x64)+AppleWebKit/537.36+(KHTML,+like+Gecko)+Chrome/65.0.3325.181+Safari/537.36 http://localhost:51722/ReceiptBox 200 0 0 1674
2018-04-16 10:06:13 ::1 POST /ReceiptBox/SelectPDFList/ - 51722 qcemployee7.gorilla@gmail.com ::1 Mozilla/5.0+(Windows+NT+10.0;+Win64;+x64)+AppleWebKit/537.36+(KHTML,+like+Gecko)+Chrome/65.0.3325.181+Safari/537.36 http://localhost:51722/ReceiptBox 200 0 0 3237
2018-04-16 10:06:17 ::1 GET /images/ui-bg_flat_75_ffffff_40x100.png - 51722 - ::1 Mozilla/5.0+(Windows+NT+10.0;+Win64;+x64)+AppleWebKit/537.36+(KHTML,+like+Gecko)+Chrome/65.0.3325.181+Safari/537.36 http://localhost:51722/css/SiteLayoutPageForMasters-css?v=tYCFPUvfhMe1vmZxcbcDA87hINYJdoZqWZmrS9VAazU1 200 0 0 9
2018-04-16 10:06:17 ::1 GET /images/ui-bg_flat_0_aaaaaa_40x100.png - 51722 - ::1 Mozilla/5.0+(Windows+NT+10.0;+Win64;+x64)+AppleWebKit/537.36+(KHTML,+like+Gecko)+Chrome/65.0.3325.181+Safari/537.36 http://localhost:51722/css/SiteLayoutPageForMasters-css?v=tYCFPUvfhMe1vmZxcbcDA87hINYJdoZqWZmrS9VAazU1 200 0 0 6
2018-04-16 10:06:17 ::1 GET /images/ui-icons_222222_256x240.png - 51722 - ::1 Mozilla/5.0+(Windows+NT+10.0;+Win64;+x64)+AppleWebKit/537.36+(KHTML,+like+Gecko)+Chrome/65.0.3325.181+Safari/537.36 http://localhost:51722/css/SiteLayoutPageForMasters-css?v=tYCFPUvfhMe1vmZxcbcDA87hINYJdoZqWZmrS9VAazU1 200 0 0 75
2018-04-16 10:06:26 ::1 GET /ReceiptBox/ArrangeReceiptsPopup - 51722 qcemployee7.gorilla@gmail.com ::1 Mozilla/5.0+(Windows+NT+10.0;+Win64;+x64)+AppleWebKit/537.36+(KHTML,+like+Gecko)+Chrome/65.0.3325.181+Safari/537.36 http://localhost:51722/ReceiptBox 200 0 0 8391
2018-04-16 10:06:26 ::1 GET /Scripts/jquery.mousewheel-3.0.6.pack.js _=1523873186133 51722 - ::1 Mozilla/5.0+(Windows+NT+10.0;+Win64;+x64)+AppleWebKit/537.36+(KHTML,+like+Gecko)+Chrome/65.0.3325.181+Safari/537.36 http://localhost:51722/ReceiptBox 200 0 0 56
2018-04-16 10:06:26 ::1 GET /Scripts/jQueryRotate.js _=1523873186192 51722 - ::1 Mozilla/5.0+(Windows+NT+10.0;+Win64;+x64)+AppleWebKit/537.36+(KHTML,+like+Gecko)+Chrome/65.0.3325.181+Safari/537.36 http://localhost:51722/ReceiptBox 200 0 0 55
2018-04-16 10:06:26 ::1 GET /Scripts/jquery.twbsPagination.js _=1523873186269 51722 - ::1 Mozilla/5.0+(Windows+NT+10.0;+Win64;+x64)+AppleWebKit/537.36+(KHTML,+like+Gecko)+Chrome/65.0.3325.181+Safari/537.36 http://localhost:51722/ReceiptBox 200 0 0 50
2018-04-16 10:06:26 ::1 GET /Scripts/jquery.qtip.min.js _=1523873186323 51722 - ::1 Mozilla/5.0+(Windows+NT+10.0;+Win64;+x64)+AppleWebKit/537.36+(KHTML,+like+Gecko)+Chrome/65.0.3325.181+Safari/537.36 http://localhost:51722/ReceiptBox 200 0 0 43
2018-04-16 10:06:26 ::1 GET /Scripts/jquery.imgcheckbox.js _=1523873186401 51722 - ::1 Mozilla/5.0+(Windows+NT+10.0;+Win64;+x64)+AppleWebKit/537.36+(KHTML,+like+Gecko)+Chrome/65.0.3325.181+Safari/537.36 http://localhost:51722/ReceiptBox 200 0 0 39
2018-04-16 10:06:28 ::1 GET /images/ui-icons_454545_256x240.png - 51722 - ::1 Mozilla/5.0+(Windows+NT+10.0;+Win64;+x64)+AppleWebKit/537.36+(KHTML,+like+Gecko)+Chrome/65.0.3325.181+Safari/537.36 http://localhost:51722/css/SiteLayoutPageForMasters-css?v=tYCFPUvfhMe1vmZxcbcDA87hINYJdoZqWZmrS9VAazU1 200 0 0 23
2018-04-16 10:06:40 ::1 GET /ReceiptBox - 51722 qcemployee7.gorilla@gmail.com ::1 Mozilla/5.0+(Windows+NT+10.0;+Win64;+x64)+AppleWebKit/537.36+(KHTML,+like+Gecko)+Chrome/65.0.3325.181+Safari/537.36 http://localhost:51722/ 200 0 0 7922
2018-04-16 10:06:40 ::1 GET /Content/RecieptBox.css - 51722 - ::1 Mozilla/5.0+(Windows+NT+10.0;+Win64;+x64)+AppleWebKit/537.36+(KHTML,+like+Gecko)+Chrome/65.0.3325.181+Safari/537.36 http://localhost:51722/ReceiptBox 200 0 0 31
2018-04-16 10:06:40 ::1 GET /Content/jquery.qtip.min.css - 51722 - ::1 Mozilla/5.0+(Windows+NT+10.0;+Win64;+x64)+AppleWebKit/537.36+(KHTML,+like+Gecko)+Chrome/65.0.3325.181+Safari/537.36 http://localhost:51722/ReceiptBox 200 0 0 47
2018-04-16 10:06:40 ::1 GET /Content/jquery.fancybox.css - 51722 - ::1 Mozilla/5.0+(Windows+NT+10.0;+Win64;+x64)+AppleWebKit/537.36+(KHTML,+like+Gecko)+Chrome/65.0.3325.181+Safari/537.36 http://localhost:51722/ReceiptBox 200 0 0 50
2018-04-16 10:06:40 ::1 GET /css/SiteLayoutPageForMasters-css v=tYCFPUvfhMe1vmZxcbcDA87hINYJdoZqWZmrS9VAazU1 51722 qcemployee7.gorilla@gmail.com ::1 Mozilla/5.0+(Windows+NT+10.0;+Win64;+x64)+AppleWebKit/537.36+(KHTML,+like+Gecko)+Chrome/65.0.3325.181+Safari/537.36 http://localhost:51722/ReceiptBox 200 0 0 65
2018-04-16 10:06:40 ::1 GET /Scripts/SiteLayoutPageForMasters-js v=NMauVSy_gT5RAxxlGvKHHiQU4fD1J3tKXjMwy7O32kM1 51722 qcemployee7.gorilla@gmail.com ::1 Mozilla/5.0+(Windows+NT+10.0;+Win64;+x64)+AppleWebKit/537.36+(KHTML,+like+Gecko)+Chrome/65.0.3325.181+Safari/537.36 http://localhost:51722/ReceiptBox 200 0 0 147
2018-04-16 10:06:40 ::1 GET /Scripts/jquery.mousewheel-3.0.6.pack.js - 51722 - ::1 Mozilla/5.0+(Windows+NT+10.0;+Win64;+x64)+AppleWebKit/537.36+(KHTML,+like+Gecko)+Chrome/65.0.3325.181+Safari/537.36 http://localhost:51722/ReceiptBox 200 0 0 29
2018-04-16 10:06:40 ::1 GET /images/logo_1.png - 51722 - ::1 Mozilla/5.0+(Windows+NT+10.0;+Win64;+x64)+AppleWebKit/537.36+(KHTML,+like+Gecko)+Chrome/65.0.3325.181+Safari/537.36 http://localhost:51722/ReceiptBox 200 0 0 48
2018-04-16 10:06:40 ::1 GET /Scripts/jQueryRotate.js - 51722 - ::1 Mozilla/5.0+(Windows+NT+10.0;+Win64;+x64)+AppleWebKit/537.36+(KHTML,+like+Gecko)+Chrome/65.0.3325.181+Safari/537.36 http://localhost:51722/ReceiptBox 200 0 0 18
2018-04-16 10:06:40 ::1 GET /Scripts/jquery.twbsPagination.js - 51722 - ::1 Mozilla/5.0+(Windows+NT+10.0;+Win64;+x64)+AppleWebKit/537.36+(KHTML,+like+Gecko)+Chrome/65.0.3325.181+Safari/537.36 http://localhost:51722/ReceiptBox 200 0 0 31
2018-04-16 10:06:40 ::1 GET /Scripts/jquery.qtip.min.js - 51722 - ::1 Mozilla/5.0+(Windows+NT+10.0;+Win64;+x64)+AppleWebKit/537.36+(KHTML,+like+Gecko)+Chrome/65.0.3325.181+Safari/537.36 http://localhost:51722/ReceiptBox 200 0 0 52
2018-04-16 10:06:40 ::1 GET /Scripts/jquery.loading.1.6.4.js - 51722 - ::1 Mozilla/5.0+(Windows+NT+10.0;+Win64;+x64)+AppleWebKit/537.36+(KHTML,+like+Gecko)+Chrome/65.0.3325.181+Safari/537.36 http://localhost:51722/ReceiptBox 200 0 0 61
2018-04-16 10:06:40 ::1 GET /Images/first.png - 51722 - ::1 Mozilla/5.0+(Windows+NT+10.0;+Win64;+x64)+AppleWebKit/537.36+(KHTML,+like+Gecko)+Chrome/65.0.3325.181+Safari/537.36 http://localhost:51722/ReceiptBox 200 0 0 62
2018-04-16 10:06:40 ::1 GET /Images/prev.png - 51722 - ::1 Mozilla/5.0+(Windows+NT+10.0;+Win64;+x64)+AppleWebKit/537.36+(KHTML,+like+Gecko)+Chrome/65.0.3325.181+Safari/537.36 http://localhost:51722/ReceiptBox 200 0 0 34
2018-04-16 10:06:40 ::1 GET /Scripts/jquery.imgcheckbox.js - 51722 - ::1 Mozilla/5.0+(Windows+NT+10.0;+Win64;+x64)+AppleWebKit/537.36+(KHTML,+like+Gecko)+Chrome/65.0.3325.181+Safari/537.36 http://localhost:51722/ReceiptBox 200 0 0 84
2018-04-16 10:06:40 ::1 GET /Images/next.png - 51722 - ::1 Mozilla/5.0+(Windows+NT+10.0;+Win64;+x64)+AppleWebKit/537.36+(KHTML,+like+Gecko)+Chrome/65.0.3325.181+Safari/537.36 http://localhost:51722/ReceiptBox 200 0 0 32
2018-04-16 10:06:40 ::1 GET /Scripts/jquery.fancybox.js - 51722 - ::1 Mozilla/5.0+(Windows+NT+10.0;+Win64;+x64)+AppleWebKit/537.36+(KHTML,+like+Gecko)+Chrome/65.0.3325.181+Safari/537.36 http://localhost:51722/ReceiptBox 200 0 0 190
2018-04-16 10:06:40 ::1 GET /Images/last.png - 51722 - ::1 Mozilla/5.0+(Windows+NT+10.0;+Win64;+x64)+AppleWebKit/537.36+(KHTML,+like+Gecko)+Chrome/65.0.3325.181+Safari/537.36 http://localhost:51722/ReceiptBox 200 0 0 21
2018-04-16 10:06:40 ::1 GET /images/bg-form-field.gif - 51722 - ::1 Mozilla/5.0+(Windows+NT+10.0;+Win64;+x64)+AppleWebKit/537.36+(KHTML,+like+Gecko)+Chrome/65.0.3325.181+Safari/537.36 http://localhost:51722/ReceiptBox 200 0 0 32
2018-04-16 10:06:46 ::1 POST /ReceiptBox/SelectPDFList/ - 51722 qcemployee7.gorilla@gmail.com ::1 Mozilla/5.0+(Windows+NT+10.0;+Win64;+x64)+AppleWebKit/537.36+(KHTML,+like+Gecko)+Chrome/65.0.3325.181+Safari/537.36 http://localhost:51722/ReceiptBox 200 0 0 3210
2018-04-16 10:06:50 ::1 POST /ReceiptBox/SelectPDFList/ - 51722 qcemployee7.gorilla@gmail.com ::1 Mozilla/5.0+(Windows+NT+10.0;+Win64;+x64)+AppleWebKit/537.36+(KHTML,+like+Gecko)+Chrome/65.0.3325.181+Safari/537.36 http://localhost:51722/ReceiptBox 200 0 0 2247
2018-04-16 10:06:51 ::1 GET /favicon.ico - 51722 - ::1 Mozilla/5.0+(Windows+NT+10.0;+Win64;+x64)+AppleWebKit/537.36+(KHTML,+like+Gecko)+Chrome/65.0.3325.181+Safari/537.36 http://localhost:51722/ReceiptBox 200 0 0 49
2018-04-16 10:07:02 ::1 GET /ReceiptBox/ArrangeReceiptsPopup - 51722 qcemployee7.gorilla@gmail.com ::1 Mozilla/5.0+(Windows+NT+10.0;+Win64;+x64)+AppleWebKit/537.36+(KHTML,+like+Gecko)+Chrome/65.0.3325.181+Safari/537.36 http://localhost:51722/ReceiptBox 200 0 0 4614
2018-04-16 10:07:02 ::1 GET /Scripts/jquery.mousewheel-3.0.6.pack.js _=1523873222525 51722 - ::1 Mozilla/5.0+(Windows+NT+10.0;+Win64;+x64)+AppleWebKit/537.36+(KHTML,+like+Gecko)+Chrome/65.0.3325.181+Safari/537.36 http://localhost:51722/ReceiptBox 200 0 0 49
2018-04-16 10:07:02 ::1 GET /Scripts/jQueryRotate.js _=1523873222579 51722 - ::1 Mozilla/5.0+(Windows+NT+10.0;+Win64;+x64)+AppleWebKit/537.36+(KHTML,+like+Gecko)+Chrome/65.0.3325.181+Safari/537.36 http://localhost:51722/ReceiptBox 200 0 0 22
2018-04-16 10:07:02 ::1 GET /Scripts/jquery.twbsPagination.js _=1523873222607 51722 - ::1 Mozilla/5.0+(Windows+NT+10.0;+Win64;+x64)+AppleWebKit/537.36+(KHTML,+like+Gecko)+Chrome/65.0.3325.181+Safari/537.36 http://localhost:51722/ReceiptBox 200 0 0 14
2018-04-16 10:07:02 ::1 GET /Scripts/jquery.qtip.min.js _=1523873222634 51722 - ::1 Mozilla/5.0+(Windows+NT+10.0;+Win64;+x64)+AppleWebKit/537.36+(KHTML,+like+Gecko)+Chrome/65.0.3325.181+Safari/537.36 http://localhost:51722/ReceiptBox 200 0 0 22
2018-04-16 10:07:02 ::1 GET /Scripts/jquery.imgcheckbox.js _=1523873222682 51722 - ::1 Mozilla/5.0+(Windows+NT+10.0;+Win64;+x64)+AppleWebKit/537.36+(KHTML,+like+Gecko)+Chrome/65.0.3325.181+Safari/537.36 http://localhost:51722/ReceiptBox 200 0 0 21
2018-04-16 10:07:07 ::1 GET /Scripts/jquery.qtip.min.map - 51722 - ::1 Mozilla/5.0+(Windows+NT+10.0;+Win64;+x64)+AppleWebKit/537.36+(KHTML,+like+Gecko)+Chrome/65.0.3325.181+Safari/537.36 - 404 0 2 13
2018-04-16 10:07:07 ::1 GET /jquery.qtip.min.map - 51722 - ::1 Mozilla/5.0+(Windows+NT+10.0;+Win64;+x64)+AppleWebKit/537.36+(KHTML,+like+Gecko)+Chrome/65.0.3325.181+Safari/537.36 - 404 0 2 29
2018-04-16 10:08:01 ::1 GET /ReceiptBox - 51722 qcemployee7.gorilla@gmail.com ::1 Mozilla/5.0+(Windows+NT+10.0;+Win64;+x64)+AppleWebKit/537.36+(KHTML,+like+Gecko)+Chrome/65.0.3325.181+Safari/537.36 http://localhost:51722/ 200 0 0 10261
2018-04-16 10:08:06 ::1 POST /ReceiptBox/SelectPDFList/ - 51722 qcemployee7.gorilla@gmail.com ::1 Mozilla/5.0+(Windows+NT+10.0;+Win64;+x64)+AppleWebKit/537.36+(KHTML,+like+Gecko)+Chrome/65.0.3325.181+Safari/537.36 http://localhost:51722/ReceiptBox 200 0 0 3152
2018-04-16 10:08:13 ::1 POST /ReceiptBox/SelectPDFList/ - 51722 qcemployee7.gorilla@gmail.com ::1 Mozilla/5.0+(Windows+NT+10.0;+Win64;+x64)+AppleWebKit/537.36+(KHTML,+like+Gecko)+Chrome/65.0.3325.181+Safari/537.36 http://localhost:51722/ReceiptBox 200 0 0 5577
2018-04-16 10:08:15 ::1 GET /favicon.ico - 51722 - ::1 Mozilla/5.0+(Windows+NT+10.0;+Win64;+x64)+AppleWebKit/537.36+(KHTML,+like+Gecko)+Chrome/65.0.3325.181+Safari/537.36 http://localhost:51722/ReceiptBox 200 0 0 19
2018-04-16 10:08:20 ::1 GET /Scripts/jquery.qtip.min.map - 51722 - ::1 Mozilla/5.0+(Windows+NT+10.0;+Win64;+x64)+AppleWebKit/537.36+(KHTML,+like+Gecko)+Chrome/65.0.3325.181+Safari/537.36 - 404 0 2 2
2018-04-16 10:08:27 ::1 GET /ReceiptBox/ArrangeReceiptsPopup - 51722 qcemployee7.gorilla@gmail.com ::1 Mozilla/5.0+(Windows+NT+10.0;+Win64;+x64)+AppleWebKit/537.36+(KHTML,+like+Gecko)+Chrome/65.0.3325.181+Safari/537.36 http://localhost:51722/ReceiptBox 200 0 0 3889
2018-04-16 10:08:27 ::1 GET /Scripts/jquery.mousewheel-3.0.6.pack.js _=1523873307987 51722 - ::1 Mozilla/5.0+(Windows+NT+10.0;+Win64;+x64)+AppleWebKit/537.36+(KHTML,+like+Gecko)+Chrome/65.0.3325.181+Safari/537.36 http://localhost:51722/ReceiptBox 200 0 0 25
2018-04-16 10:08:27 ::1 GET /Scripts/jQueryRotate.js _=1523873308017 51722 - ::1 Mozilla/5.0+(Windows+NT+10.0;+Win64;+x64)+AppleWebKit/537.36+(KHTML,+like+Gecko)+Chrome/65.0.3325.181+Safari/537.36 http://localhost:51722/ReceiptBox 200 0 0 62
2018-04-16 10:08:27 ::1 GET /Scripts/jquery.twbsPagination.js _=1523873308087 51722 - ::1 Mozilla/5.0+(Windows+NT+10.0;+Win64;+x64)+AppleWebKit/537.36+(KHTML,+like+Gecko)+Chrome/65.0.3325.181+Safari/537.36 http://localhost:51722/ReceiptBox 200 0 0 30
2018-04-16 10:08:27 ::1 GET /Scripts/jquery.qtip.min.js _=1523873308145 51722 - ::1 Mozilla/5.0+(Windows+NT+10.0;+Win64;+x64)+AppleWebKit/537.36+(KHTML,+like+Gecko)+Chrome/65.0.3325.181+Safari/537.36 http://localhost:51722/ReceiptBox 200 0 0 37
2018-04-16 10:08:27 ::1 GET /jquery.qtip.min.map - 51722 - ::1 Mozilla/5.0+(Windows+NT+10.0;+Win64;+x64)+AppleWebKit/537.36+(KHTML,+like+Gecko)+Chrome/65.0.3325.181+Safari/537.36 - 404 0 2 0
2018-04-16 10:08:27 ::1 GET /Scripts/jquery.imgcheckbox.js _=1523873308236 51722 - ::1 Mozilla/5.0+(Windows+NT+10.0;+Win64;+x64)+AppleWebKit/537.36+(KHTML,+like+Gecko)+Chrome/65.0.3325.181+Safari/537.36 http://localhost:51722/ReceiptBox 200 0 0 45
2018-04-16 10:09:43 ::1 GET /Scripts/jquery.qtip.min.map - 51722 - ::1 Mozilla/5.0+(Windows+NT+10.0;+Win64;+x64)+AppleWebKit/537.36+(KHTML,+like+Gecko)+Chrome/65.0.3325.181+Safari/537.36 - 404 0 2 13
2018-04-16 10:10:09 ::1 GET /Scripts/jquery.qtip.min.map - 51722 - ::1 Mozilla/5.0+(Windows+NT+10.0;+Win64;+x64)+AppleWebKit/537.36+(KHTML,+like+Gecko)+Chrome/65.0.3325.181+Safari/537.36 - 404 0 2 2
2018-04-16 10:10:22 ::1 GET /Scripts/jquery.qtip.min.map - 51722 - ::1 Mozilla/5.0+(Windows+NT+10.0;+Win64;+x64)+AppleWebKit/537.36+(KHTML,+like+Gecko)+Chrome/65.0.3325.181+Safari/537.36 - 404 0 2 2
2018-04-16 10:13:27 ::1 GET /Scripts/jquery.qtip.min.map - 51722 - ::1 Mozilla/5.0+(Windows+NT+10.0;+Win64;+x64)+AppleWebKit/537.36+(KHTML,+like+Gecko)+Chrome/65.0.3325.181+Safari/537.36 - 404 0 2 4
2018-04-16 10:13:46 ::1 GET /ReceiptBox - 51722 qcemployee7.gorilla@gmail.com ::1 Mozilla/5.0+(Windows+NT+10.0;+Win64;+x64)+AppleWebKit/537.36+(KHTML,+like+Gecko)+Chrome/65.0.3325.181+Safari/537.36 http://localhost:51722/ 200 0 0 15022
2018-04-16 10:13:46 ::1 GET /Scripts/jquery.qtip.min.map - 51722 - ::1 Mozilla/5.0+(Windows+NT+10.0;+Win64;+x64)+AppleWebKit/537.36+(KHTML,+like+Gecko)+Chrome/65.0.3325.181+Safari/537.36 - 404 0 2 3
2018-04-16 10:13:46 ::1 GET /Scripts/jquery.qtip.min.map - 51722 - ::1 Mozilla/5.0+(Windows+NT+10.0;+Win64;+x64)+AppleWebKit/537.36+(KHTML,+like+Gecko)+Chrome/65.0.3325.181+Safari/537.36 - 404 0 2 22
2018-04-16 10:14:33 ::1 GET /ReceiptBox - 51722 qcemployee7.gorilla@gmail.com ::1 Mozilla/5.0+(Windows+NT+10.0;+Win64;+x64)+AppleWebKit/537.36+(KHTML,+like+Gecko)+Chrome/65.0.3325.181+Safari/537.36 http://localhost:51722/ 200 0 0 7841
2018-04-16 10:14:33 ::1 GET /Scripts/jquery.qtip.min.map - 51722 - ::1 Mozilla/5.0+(Windows+NT+10.0;+Win64;+x64)+AppleWebKit/537.36+(KHTML,+like+Gecko)+Chrome/65.0.3325.181+Safari/537.36 - 404 0 2 5
2018-04-16 10:14:33 ::1 GET /Scripts/jquery.qtip.min.map - 51722 - ::1 Mozilla/5.0+(Windows+NT+10.0;+Win64;+x64)+AppleWebKit/537.36+(KHTML,+like+Gecko)+Chrome/65.0.3325.181+Safari/537.36 - 404 0 2 6
2018-04-16 10:17:37 ::1 POST /ReceiptBox/SelectPDFList/ - 51722 qcemployee7.gorilla@gmail.com ::1 Mozilla/5.0+(Windows+NT+10.0;+Win64;+x64)+AppleWebKit/537.36+(KHTML,+like+Gecko)+Chrome/65.0.3325.181+Safari/537.36 http://localhost:51722/ReceiptBox 200 0 0 3465
2018-04-16 10:17:42 ::1 POST /ReceiptBox/SelectPDFList/ - 51722 qcemployee7.gorilla@gmail.com ::1 Mozilla/5.0+(Windows+NT+10.0;+Win64;+x64)+AppleWebKit/537.36+(KHTML,+like+Gecko)+Chrome/65.0.3325.181+Safari/537.36 http://localhost:51722/ReceiptBox 200 0 0 3639
2018-04-16 10:17:47 ::1 GET /Scripts/jquery.qtip.min.map - 51722 - ::1 Mozilla/5.0+(Windows+NT+10.0;+Win64;+x64)+AppleWebKit/537.36+(KHTML,+like+Gecko)+Chrome/65.0.3325.181+Safari/537.36 - 404 0 2 2
2018-04-16 10:17:47 ::1 GET /Scripts/jquery.qtip.min.map - 51722 - ::1 Mozilla/5.0+(Windows+NT+10.0;+Win64;+x64)+AppleWebKit/537.36+(KHTML,+like+Gecko)+Chrome/65.0.3325.181+Safari/537.36 - 404 0 2 4
2018-04-16 10:23:43 ::1 GET /ReceiptBox - 51722 qcemployee7.gorilla@gmail.com ::1 Mozilla/5.0+(Windows+NT+10.0;+Win64;+x64)+AppleWebKit/537.36+(KHTML,+like+Gecko)+Chrome/65.0.3325.181+Safari/537.36 - 200 0 0 9104
2018-04-16 10:23:49 ::1 POST /ReceiptBox/SelectPDFList/ - 51722 qcemployee7.gorilla@gmail.com ::1 Mozilla/5.0+(Windows+NT+10.0;+Win64;+x64)+AppleWebKit/537.36+(KHTML,+like+Gecko)+Chrome/65.0.3325.181+Safari/537.36 http://localhost:51722/ReceiptBox 200 0 0 3722
2018-04-16 10:23:54 ::1 POST /ReceiptBox/SelectPDFList/ - 51722 qcemployee7.gorilla@gmail.com ::1 Mozilla/5.0+(Windows+NT+10.0;+Win64;+x64)+AppleWebKit/537.36+(KHTML,+like+Gecko)+Chrome/65.0.3325.181+Safari/537.36 http://localhost:51722/ReceiptBox 200 0 0 3110
2018-04-16 10:24:00 ::1 POST /ReceiptBox/SelectPDFList/ - 51722 qcemployee7.gorilla@gmail.com ::1 Mozilla/5.0+(Windows+NT+10.0;+Win64;+x64)+AppleWebKit/537.36+(KHTML,+like+Gecko)+Chrome/65.0.3325.181+Safari/537.36 http://localhost:51722/ReceiptBox 200 0 0 2864
2018-04-16 10:24:11 ::1 GET /ReceiptBox/Index/ page=1&NumberOfRecords=NaN&currentTab=0&day=30 51722 qcemployee7.gorilla@gmail.com ::1 Mozilla/5.0+(Windows+NT+10.0;+Win64;+x64)+AppleWebKit/537.36+(KHTML,+like+Gecko)+Chrome/65.0.3325.181+Safari/537.36 http://localhost:51722/ReceiptBox 200 0 0 5931
2018-04-16 10:24:15 ::1 POST /ReceiptBox/SelectPDFList/ - 51722 qcemployee7.gorilla@gmail.com ::1 Mozilla/5.0+(Windows+NT+10.0;+Win64;+x64)+AppleWebKit/537.36+(KHTML,+like+Gecko)+Chrome/65.0.3325.181+Safari/537.36 http://localhost:51722/ReceiptBox 200 0 0 2887
2018-04-16 10:26:02 ::1 GET /User/LogOn - 51722 qcemployee7.gorilla@gmail.com ::1 Mozilla/5.0+(Windows+NT+10.0;+Win64;+x64)+AppleWebKit/537.36+(KHTML,+like+Gecko)+Chrome/65.0.3325.181+Safari/537.36 http://localhost:51722/ReceiptBox 302 0 0 2890
2018-04-16 10:30:04 ::1 GET / - 51722 qcemployee7.gorilla@gmail.com ::1 Mozilla/5.0+(Windows+NT+10.0;+Win64;+x64)+AppleWebKit/537.36+(KHTML,+like+Gecko)+Chrome/65.0.3325.181+Safari/537.36 http://localhost:51722/ReceiptBox 200 0 0 242551
2018-04-16 10:32:12 ::1 GET /User/LogOn - 51722 qcemployee7.gorilla@gmail.com ::1 Mozilla/5.0+(Windows+NT+10.0;+Win64;+x64)+AppleWebKit/537.36+(KHTML,+like+Gecko)+Chrome/65.0.3325.181+Safari/537.36 http://localhost:51722/ReceiptBox 302 0 0 2724
2018-04-16 10:36:05 ::1 GET / - 51722 qcemployee7.gorilla@gmail.com ::1 Mozilla/5.0+(Windows+NT+10.0;+Win64;+x64)+AppleWebKit/537.36+(KHTML,+like+Gecko)+Chrome/65.0.3325.181+Safari/537.36 http://localhost:51722/ReceiptBox 200 0 64 233752
2018-04-16 10:36:08 ::1 GET /User/LogOn - 51722 qcemployee7.gorilla@gmail.com ::1 Mozilla/5.0+(Windows+NT+10.0;+Win64;+x64)+AppleWebKit/537.36+(KHTML,+like+Gecko)+Chrome/65.0.3325.181+Safari/537.36 http://localhost:51722/ReceiptBox 302 0 0 214569
2018-04-16 10:36:08 ::1 GET /User/LogOn - 51722 qcemployee7.gorilla@gmail.com ::1 Mozilla/5.0+(Windows+NT+10.0;+Win64;+x64)+AppleWebKit/537.36+(KHTML,+like+Gecko)+Chrome/65.0.3325.181+Safari/537.36 http://localhost:51722/ReceiptBox 302 0 0 89646
2018-04-16 10:36:23 ::1 POST /ReceiptBox/SelectPDFList/ - 51722 qcemployee7.gorilla@gmail.com ::1 Mozilla/5.0+(Windows+NT+10.0;+Win64;+x64)+AppleWebKit/537.36+(KHTML,+like+Gecko)+Chrome/65.0.3325.181+Safari/537.36 http://localhost:51722/ReceiptBox 200 0 0 28270
2018-04-16 10:40:25 ::1 GET / - 51722 qcemployee7.gorilla@gmail.com ::1 Mozilla/5.0+(Windows+NT+10.0;+Win64;+x64)+AppleWebKit/537.36+(KHTML,+like+Gecko)+Chrome/65.0.3325.181+Safari/537.36 http://localhost:51722/ReceiptBox 200 0 0 242265
2018-04-16 10:40:38 ::1 GET /ReceiptBox/ArrangeReceiptsPopup - 51722 qcemployee7.gorilla@gmail.com ::1 Mozilla/5.0+(Windows+NT+10.0;+Win64;+x64)+AppleWebKit/537.36+(KHTML,+like+Gecko)+Chrome/65.0.3325.181+Safari/537.36 http://localhost:51722/ReceiptBox 200 0 0 129597
2018-04-16 10:40:38 ::1 GET /Scripts/jquery.mousewheel-3.0.6.pack.js _=1523875238014 51722 - ::1 Mozilla/5.0+(Windows+NT+10.0;+Win64;+x64)+AppleWebKit/537.36+(KHTML,+like+Gecko)+Chrome/65.0.3325.181+Safari/537.36 http://localhost:51722/ReceiptBox 200 0 0 35
2018-04-16 10:40:38 ::1 GET /Scripts/jQueryRotate.js _=1523875238053 51722 - ::1 Mozilla/5.0+(Windows+NT+10.0;+Win64;+x64)+AppleWebKit/537.36+(KHTML,+like+Gecko)+Chrome/65.0.3325.181+Safari/537.36 http://localhost:51722/ReceiptBox 200 0 0 59
2018-04-16 10:40:38 ::1 GET /Scripts/jquery.twbsPagination.js _=1523875238154 51722 - ::1 Mozilla/5.0+(Windows+NT+10.0;+Win64;+x64)+AppleWebKit/537.36+(KHTML,+like+Gecko)+Chrome/65.0.3325.181+Safari/537.36 http://localhost:51722/ReceiptBox 200 0 0 30
2018-04-16 10:40:38 ::1 GET /Scripts/jquery.qtip.min.js _=1523875238200 51722 - ::1 Mozilla/5.0+(Windows+NT+10.0;+Win64;+x64)+AppleWebKit/537.36+(KHTML,+like+Gecko)+Chrome/65.0.3325.181+Safari/537.36 http://localhost:51722/ReceiptBox 200 0 0 40
2018-04-16 10:40:38 ::1 GET /Scripts/jquery.imgcheckbox.js _=1523875238271 51722 - ::1 Mozilla/5.0+(Windows+NT+10.0;+Win64;+x64)+AppleWebKit/537.36+(KHTML,+like+Gecko)+Chrome/65.0.3325.181+Safari/537.36 http://localhost:51722/ReceiptBox 200 0 0 21
2018-04-16 10:41:04 ::1 GET /Scripts/jquery.qtip.min.map - 51722 - ::1 Mozilla/5.0+(Windows+NT+10.0;+Win64;+x64)+AppleWebKit/537.36+(KHTML,+like+Gecko)+Chrome/65.0.3325.181+Safari/537.36 - 404 0 2 2
2018-04-16 10:41:04 ::1 GET /Scripts/jquery.qtip.min.map - 51722 - ::1 Mozilla/5.0+(Windows+NT+10.0;+Win64;+x64)+AppleWebKit/537.36+(KHTML,+like+Gecko)+Chrome/65.0.3325.181+Safari/537.36 - 404 0 2 7
2018-04-16 10:41:04 ::1 GET /Scripts/jquery.qtip.min.map - 51722 - ::1 Mozilla/5.0+(Windows+NT+10.0;+Win64;+x64)+AppleWebKit/537.36+(KHTML,+like+Gecko)+Chrome/65.0.3325.181+Safari/537.36 - 404 0 2 2
2018-04-16 10:41:04 ::1 GET /jquery.qtip.min.map - 51722 - ::1 Mozilla/5.0+(Windows+NT+10.0;+Win64;+x64)+AppleWebKit/537.36+(KHTML,+like+Gecko)+Chrome/65.0.3325.181+Safari/537.36 - 404 0 2 2
2018-04-16 10:41:34 ::1 GET /Scripts/jquery.qtip.min.map - 51722 - ::1 Mozilla/5.0+(Windows+NT+10.0;+Win64;+x64)+AppleWebKit/537.36+(KHTML,+like+Gecko)+Chrome/65.0.3325.181+Safari/537.36 - 404 0 2 2
2018-04-16 10:41:34 ::1 GET /Scripts/jquery.qtip.min.map - 51722 - ::1 Mozilla/5.0+(Windows+NT+10.0;+Win64;+x64)+AppleWebKit/537.36+(KHTML,+like+Gecko)+Chrome/65.0.3325.181+Safari/537.36 - 404 0 2 2
#Software: Microsoft Internet Information Services 8.0
#Version: 1.0
#Date: 2018-04-16 10:52:23
#Fields: date time s-ip cs-method cs-uri-stem cs-uri-query s-port cs-username c-ip cs(User-Agent) cs(Referer) sc-status sc-substatus sc-win32-status time-taken
2018-04-16 10:52:23 ::1 GET /ReceiptBox/ArrangeReceiptsPopup - 51722 qcemployee7.gorilla@gmail.com ::1 Mozilla/5.0+(Windows+NT+10.0;+Win64;+x64)+AppleWebKit/537.36+(KHTML,+like+Gecko)+Chrome/65.0.3325.181+Safari/537.36 - 302 0 0 32759
2018-04-16 10:52:25 ::1 GET /User/LogOn - 51722 qcemployee7.gorilla@gmail.com ::1 Mozilla/5.0+(Windows+NT+10.0;+Win64;+x64)+AppleWebKit/537.36+(KHTML,+like+Gecko)+Chrome/65.0.3325.181+Safari/537.36 - 200 0 0 1350
2018-04-16 10:52:25 ::1 GET /User/assets/pages/img/login/bg1.jpg - 51722 - ::1 Mozilla/5.0+(Windows+NT+10.0;+Win64;+x64)+AppleWebKit/537.36+(KHTML,+like+Gecko)+Chrome/65.0.3325.181+Safari/537.36 http://localhost:51722/User/LogOn 404 0 2 4
2018-04-16 10:52:53 ::1 POST /User/LogOn - 51722 qcemployee7.gorilla@gmail.com ::1 Mozilla/5.0+(Windows+NT+10.0;+Win64;+x64)+AppleWebKit/537.36+(KHTML,+like+Gecko)+Chrome/65.0.3325.181+Safari/537.36 http://localhost:51722/User/LogOn 302 0 0 19189
2018-04-16 10:57:14 ::1 GET / - 51722 qcemployee7.gorilla@gmail.com ::1 Mozilla/5.0+(Windows+NT+10.0;+Win64;+x64)+AppleWebKit/537.36+(KHTML,+like+Gecko)+Chrome/65.0.3325.181+Safari/537.36 http://localhost:51722/User/LogOn 200 0 0 261724
2018-04-16 10:57:59 ::1 GET /ReceiptBox - 51722 qcemployee7.gorilla@gmail.com ::1 Mozilla/5.0+(Windows+NT+10.0;+Win64;+x64)+AppleWebKit/537.36+(KHTML,+like+Gecko)+Chrome/65.0.3325.181+Safari/537.36 http://localhost:51722/ 200 0 0 9885
2018-04-16 10:58:13 ::1 GET /Scripts/jquery.qtip.min.map - 51722 - ::1 Mozilla/5.0+(Windows+NT+10.0;+Win64;+x64)+AppleWebKit/537.36+(KHTML,+like+Gecko)+Chrome/65.0.3325.181+Safari/537.36 - 404 0 2 2
2018-04-16 10:58:27 ::1 POST /ReceiptBox/SelectPDFList/ - 51722 qcemployee7.gorilla@gmail.com ::1 Mozilla/5.0+(Windows+NT+10.0;+Win64;+x64)+AppleWebKit/537.36+(KHTML,+like+Gecko)+Chrome/65.0.3325.181+Safari/537.36 http://localhost:51722/ReceiptBox 200 0 0 1334
2018-04-16 10:58:32 ::1 POST /ReceiptBox/SelectPDFList/ - 51722 qcemployee7.gorilla@gmail.com ::1 Mozilla/5.0+(Windows+NT+10.0;+Win64;+x64)+AppleWebKit/537.36+(KHTML,+like+Gecko)+Chrome/65.0.3325.181+Safari/537.36 http://localhost:51722/ReceiptBox 200 0 0 2081
2018-04-16 10:58:37 ::1 GET /ReceiptBox/ArrangeReceiptsPopup - 51722 qcemployee7.gorilla@gmail.com ::1 Mozilla/5.0+(Windows+NT+10.0;+Win64;+x64)+AppleWebKit/537.36+(KHTML,+like+Gecko)+Chrome/65.0.3325.181+Safari/537.36 http://localhost:51722/ReceiptBox 200 0 0 3731
2018-04-16 10:58:37 ::1 GET /Scripts/jquery.mousewheel-3.0.6.pack.js _=1523876317885 51722 - ::1 Mozilla/5.0+(Windows+NT+10.0;+Win64;+x64)+AppleWebKit/537.36+(KHTML,+like+Gecko)+Chrome/65.0.3325.181+Safari/537.36 http://localhost:51722/ReceiptBox 200 0 0 16
2018-04-16 10:58:37 ::1 GET /Scripts/jQueryRotate.js _=1523876317905 51722 - ::1 Mozilla/5.0+(Windows+NT+10.0;+Win64;+x64)+AppleWebKit/537.36+(KHTML,+like+Gecko)+Chrome/65.0.3325.181+Safari/537.36 http://localhost:51722/ReceiptBox 200 0 0 7
2018-04-16 10:58:37 ::1 GET /Scripts/jquery.twbsPagination.js _=1523876317934 51722 - ::1 Mozilla/5.0+(Windows+NT+10.0;+Win64;+x64)+AppleWebKit/537.36+(KHTML,+like+Gecko)+Chrome/65.0.3325.181+Safari/537.36 http://localhost:51722/ReceiptBox 200 0 0 22
2018-04-16 10:58:37 ::1 GET /Scripts/jquery.qtip.min.js _=1523876317959 51722 - ::1 Mozilla/5.0+(Windows+NT+10.0;+Win64;+x64)+AppleWebKit/537.36+(KHTML,+like+Gecko)+Chrome/65.0.3325.181+Safari/537.36 http://localhost:51722/ReceiptBox 200 0 0 19
2018-04-16 10:58:37 ::1 GET /Scripts/jquery.imgcheckbox.js _=1523876317999 51722 - ::1 Mozilla/5.0+(Windows+NT+10.0;+Win64;+x64)+AppleWebKit/537.36+(KHTML,+like+Gecko)+Chrome/65.0.3325.181+Safari/537.36 http://localhost:51722/ReceiptBox 200 0 0 17
2018-04-16 10:58:42 ::1 GET /Scripts/jquery.qtip.min.map - 51722 - ::1 Mozilla/5.0+(Windows+NT+10.0;+Win64;+x64)+AppleWebKit/537.36+(KHTML,+like+Gecko)+Chrome/65.0.3325.181+Safari/537.36 - 404 0 2 0
2018-04-16 10:58:42 ::1 GET /jquery.qtip.min.map - 51722 - ::1 Mozilla/5.0+(Windows+NT+10.0;+Win64;+x64)+AppleWebKit/537.36+(KHTML,+like+Gecko)+Chrome/65.0.3325.181+Safari/537.36 - 404 0 2 0
2018-04-16 10:59:03 ::1 GET /Scripts/jquery.qtip.min.map - 51722 - ::1 Mozilla/5.0+(Windows+NT+10.0;+Win64;+x64)+AppleWebKit/537.36+(KHTML,+like+Gecko)+Chrome/65.0.3325.181+Safari/537.36 - 404 0 2 1
2018-04-16 11:01:15 ::1 GET /Scripts/jquery.qtip.min.map - 51722 - ::1 Mozilla/5.0+(Windows+NT+10.0;+Win64;+x64)+AppleWebKit/537.36+(KHTML,+like+Gecko)+Chrome/65.0.3325.181+Safari/537.36 - 404 0 2 7
2018-04-16 11:05:27 ::1 GET /ReceiptBox - 51722 qcemployee7.gorilla@gmail.com ::1 Mozilla/5.0+(Windows+NT+10.0;+Win64;+x64)+AppleWebKit/537.36+(KHTML,+like+Gecko)+Chrome/65.0.3325.181+Safari/537.36 http://localhost:51722/ 200 0 0 16348
2018-04-16 11:05:27 ::1 GET /Scripts/jquery.qtip.min.map - 51722 - ::1 Mozilla/5.0+(Windows+NT+10.0;+Win64;+x64)+AppleWebKit/537.36+(KHTML,+like+Gecko)+Chrome/65.0.3325.181+Safari/537.36 - 404 0 2 3
2018-04-16 11:05:27 ::1 GET /Scripts/jquery.qtip.min.map - 51722 - ::1 Mozilla/5.0+(Windows+NT+10.0;+Win64;+x64)+AppleWebKit/537.36+(KHTML,+like+Gecko)+Chrome/65.0.3325.181+Safari/537.36 - 404 0 2 4
2018-04-16 11:05:37 ::1 POST /ReceiptBox/SelectPDFList/ - 51722 qcemployee7.gorilla@gmail.com ::1 Mozilla/5.0+(Windows+NT+10.0;+Win64;+x64)+AppleWebKit/537.36+(KHTML,+like+Gecko)+Chrome/65.0.3325.181+Safari/537.36 http://localhost:51722/ReceiptBox 200 0 0 3234
2018-04-16 11:05:41 ::1 POST /ReceiptBox/SelectPDFList/ - 51722 qcemployee7.gorilla@gmail.com ::1 Mozilla/5.0+(Windows+NT+10.0;+Win64;+x64)+AppleWebKit/537.36+(KHTML,+like+Gecko)+Chrome/65.0.3325.181+Safari/537.36 http://localhost:51722/ReceiptBox 200 0 0 3111
2018-04-16 11:05:54 ::1 GET /ReceiptBox/ArrangeReceiptsPopup - 51722 qcemployee7.gorilla@gmail.com ::1 Mozilla/5.0+(Windows+NT+10.0;+Win64;+x64)+AppleWebKit/537.36+(KHTML,+like+Gecko)+Chrome/65.0.3325.181+Safari/537.36 http://localhost:51722/ReceiptBox 200 0 0 5664
2018-04-16 11:05:54 ::1 GET /Scripts/jquery.mousewheel-3.0.6.pack.js _=1523876754425 51722 - ::1 Mozilla/5.0+(Windows+NT+10.0;+Win64;+x64)+AppleWebKit/537.36+(KHTML,+like+Gecko)+Chrome/65.0.3325.181+Safari/537.36 http://localhost:51722/ReceiptBox 200 0 0 34
2018-04-16 11:05:54 ::1 GET /Scripts/jQueryRotate.js _=1523876754463 51722 - ::1 Mozilla/5.0+(Windows+NT+10.0;+Win64;+x64)+AppleWebKit/537.36+(KHTML,+like+Gecko)+Chrome/65.0.3325.181+Safari/537.36 http://localhost:51722/ReceiptBox 200 0 0 111
2018-04-16 11:05:54 ::1 GET /Scripts/jquery.twbsPagination.js _=1523876754580 51722 - ::1 Mozilla/5.0+(Windows+NT+10.0;+Win64;+x64)+AppleWebKit/537.36+(KHTML,+like+Gecko)+Chrome/65.0.3325.181+Safari/537.36 http://localhost:51722/ReceiptBox 200 0 0 45
2018-04-16 11:05:54 ::1 GET /Scripts/jquery.qtip.min.js _=1523876754631 51722 - ::1 Mozilla/5.0+(Windows+NT+10.0;+Win64;+x64)+AppleWebKit/537.36+(KHTML,+like+Gecko)+Chrome/65.0.3325.181+Safari/537.36 http://localhost:51722/ReceiptBox 200 0 0 70
2018-04-16 11:05:54 ::1 GET /Scripts/jquery.imgcheckbox.js _=1523876754768 51722 - ::1 Mozilla/5.0+(Windows+NT+10.0;+Win64;+x64)+AppleWebKit/537.36+(KHTML,+like+Gecko)+Chrome/65.0.3325.181+Safari/537.36 http://localhost:51722/ReceiptBox 200 0 0 33
#Software: Microsoft Internet Information Services 8.0
#Version: 1.0
#Date: 2018-04-16 12:48:19
#Fields: date time s-ip cs-method cs-uri-stem cs-uri-query s-port cs-username c-ip cs(User-Agent) cs(Referer) sc-status sc-substatus sc-win32-status time-taken
2018-04-16 12:48:19 ::1 GET / - 51722 - ::1 Mozilla/5.0+(Windows+NT+10.0;+Win64;+x64)+AppleWebKit/537.36+(KHTML,+like+Gecko)+Chrome/65.0.3325.181+Safari/537.36 - 302 0 0 59224
2018-04-16 12:48:45 ::1 GET /User/LogOn - 51722 - ::1 Mozilla/5.0+(Windows+NT+10.0;+Win64;+x64)+AppleWebKit/537.36+(KHTML,+like+Gecko)+Chrome/65.0.3325.181+Safari/537.36 - 200 0 0 26089
2018-04-16 12:48:45 ::1 GET /User/assets/pages/img/login/bg1.jpg - 51722 - ::1 Mozilla/5.0+(Windows+NT+10.0;+Win64;+x64)+AppleWebKit/537.36+(KHTML,+like+Gecko)+Chrome/65.0.3325.181+Safari/537.36 http://localhost:51722/User/LogOn 404 0 2 39
#Software: Microsoft Internet Information Services 8.0
#Version: 1.0
#Date: 2018-04-16 13:32:23
#Fields: date time s-ip cs-method cs-uri-stem cs-uri-query s-port cs-username c-ip cs(User-Agent) cs(Referer) sc-status sc-substatus sc-win32-status time-taken
2018-04-16 13:32:23 ::1 GET / - 51722 - ::1 Mozilla/5.0+(Windows+NT+10.0;+Win64;+x64)+AppleWebKit/537.36+(KHTML,+like+Gecko)+Chrome/65.0.3325.181+Safari/537.36 - 302 0 0 15733
2018-04-16 13:32:27 ::1 GET /User/LogOn - 51722 - ::1 Mozilla/5.0+(Windows+NT+10.0;+Win64;+x64)+AppleWebKit/537.36+(KHTML,+like+Gecko)+Chrome/65.0.3325.181+Safari/537.36 - 200 0 0 3208
2018-04-16 13:32:27 ::1 GET /User/assets/pages/img/login/bg1.jpg - 51722 - ::1 Mozilla/5.0+(Windows+NT+10.0;+Win64;+x64)+AppleWebKit/537.36+(KHTML,+like+Gecko)+Chrome/65.0.3325.181+Safari/537.36 http://localhost:51722/User/LogOn 404 0 2 6
#Software: Microsoft Internet Information Services 8.0
#Version: 1.0
#Date: 2018-04-16 14:07:28
#Fields: date time s-ip cs-method cs-uri-stem cs-uri-query s-port cs-username c-ip cs(User-Agent) cs(Referer) sc-status sc-substatus sc-win32-status time-taken
2018-04-16 14:07:28 ::1 POST /User/LogOn - 51722 - ::1 Mozilla/5.0+(Windows+NT+10.0;+Win64;+x64)+AppleWebKit/537.36+(KHTML,+like+Gecko)+Chrome/65.0.3325.181+Safari/537.36 http://localhost:51722/User/LogOn 302 0 0 21137
2018-04-16 14:11:58 ::1 GET / - 51722 qcemployee7.gorilla@gmail.com ::1 Mozilla/5.0+(Windows+NT+10.0;+Win64;+x64)+AppleWebKit/537.36+(KHTML,+like+Gecko)+Chrome/65.0.3325.181+Safari/537.36 http://localhost:51722/User/LogOn 200 0 0 269484
2018-04-16 14:14:46 ::1 GET /ReceiptBox - 51722 qcemployee7.gorilla@gmail.com ::1 Mozilla/5.0+(Windows+NT+10.0;+Win64;+x64)+AppleWebKit/537.36+(KHTML,+like+Gecko)+Chrome/65.0.3325.181+Safari/537.36 http://localhost:51722/ 200 0 0 16335
2018-04-16 14:14:56 ::1 POST /ReceiptBox/SelectPDFList/ - 51722 qcemployee7.gorilla@gmail.com ::1 Mozilla/5.0+(Windows+NT+10.0;+Win64;+x64)+AppleWebKit/537.36+(KHTML,+like+Gecko)+Chrome/65.0.3325.181+Safari/537.36 http://localhost:51722/ReceiptBox 200 0 0 5693
2018-04-16 14:15:01 ::1 POST /ReceiptBox/SelectPDFList/ - 51722 qcemployee7.gorilla@gmail.com ::1 Mozilla/5.0+(Windows+NT+10.0;+Win64;+x64)+AppleWebKit/537.36+(KHTML,+like+Gecko)+Chrome/65.0.3325.181+Safari/537.36 http://localhost:51722/ReceiptBox 200 0 0 2785
2018-04-16 14:15:43 ::1 GET /ReceiptBox/ArrangeReceiptsPopup - 51722 qcemployee7.gorilla@gmail.com ::1 Mozilla/5.0+(Windows+NT+10.0;+Win64;+x64)+AppleWebKit/537.36+(KHTML,+like+Gecko)+Chrome/65.0.3325.181+Safari/537.36 http://localhost:51722/ReceiptBox 200 0 0 36980
2018-04-16 14:15:43 ::1 GET /Scripts/jquery.mousewheel-3.0.6.pack.js _=1523888143178 51722 - ::1 Mozilla/5.0+(Windows+NT+10.0;+Win64;+x64)+AppleWebKit/537.36+(KHTML,+like+Gecko)+Chrome/65.0.3325.181+Safari/537.36 http://localhost:51722/ReceiptBox 200 0 0 90
2018-04-16 14:15:43 ::1 GET /Scripts/jQueryRotate.js _=1523888143273 51722 - ::1 Mozilla/5.0+(Windows+NT+10.0;+Win64;+x64)+AppleWebKit/537.36+(KHTML,+like+Gecko)+Chrome/65.0.3325.181+Safari/537.36 http://localhost:51722/ReceiptBox 200 0 0 57
2018-04-16 14:15:43 ::1 GET /Scripts/jquery.twbsPagination.js _=1523888143350 51722 - ::1 Mozilla/5.0+(Windows+NT+10.0;+Win64;+x64)+AppleWebKit/537.36+(KHTML,+like+Gecko)+Chrome/65.0.3325.181+Safari/537.36 http://localhost:51722/ReceiptBox 200 0 0 40
2018-04-16 14:15:43 ::1 GET /Scripts/jquery.qtip.min.js _=1523888143413 51722 - ::1 Mozilla/5.0+(Windows+NT+10.0;+Win64;+x64)+AppleWebKit/537.36+(KHTML,+like+Gecko)+Chrome/65.0.3325.181+Safari/537.36 http://localhost:51722/ReceiptBox 200 0 0 47
2018-04-16 14:15:43 ::1 GET /Scripts/jquery.imgcheckbox.js _=1523888143482 51722 - ::1 Mozilla/5.0+(Windows+NT+10.0;+Win64;+x64)+AppleWebKit/537.36+(KHTML,+like+Gecko)+Chrome/65.0.3325.181+Safari/537.36 http://localhost:51722/ReceiptBox 200 0 0 73
2018-04-16 14:17:09 ::1 GET /ReceiptBox/ReceiptBoxPdfPreview receiptPath=https://az727460.vo.msecnd.net/cdn/receiptuploads/gorillaproqc1/qcemployee7.gorilla@gmail.com/04092018101610942407AM_04092018101610942407AM.jpg,https://az727460.vo.msecnd.net/cdn/receiptuploads/gorillaproqc1/qcemployee7.gorilla@gmail.com/04092018101559772375AM_04092018101559772375AM.jpg, 51722 qcemployee7.gorilla@gmail.com ::1 Mozilla/5.0+(Windows+NT+10.0;+Win64;+x64)+AppleWebKit/537.36+(KHTML,+like+Gecko)+Chrome/65.0.3325.181+Safari/537.36 http://localhost:51722/ReceiptBox 200 0 0 79654
2018-04-16 14:17:09 ::1 GET /PDF/MergedReceiptboxReceipts4616.pdf - 51722 qcemployee7.gorilla@gmail.com ::1 Mozilla/5.0+(Windows+NT+10.0;+Win64;+x64)+AppleWebKit/537.36+(KHTML,+like+Gecko)+Chrome/65.0.3325.181+Safari/537.36 http://localhost:51722/ReceiptBox 200 0 0 131
2018-04-16 14:23:10 ::1 GET /User/LogOn - 51722 qcemployee7.gorilla@gmail.com ::1 Mozilla/5.0+(Windows+NT+10.0;+Win64;+x64)+AppleWebKit/537.36+(KHTML,+like+Gecko)+Chrome/65.0.3325.181+Safari/537.36 http://localhost:51722/ReceiptBox 302 0 0 3227
2018-04-16 14:26:56 ::1 GET / - 51722 qcemployee7.gorilla@gmail.com ::1 Mozilla/5.0+(Windows+NT+10.0;+Win64;+x64)+AppleWebKit/537.36+(KHTML,+like+Gecko)+Chrome/65.0.3325.181+Safari/537.36 http://localhost:51722/ReceiptBox 200 0 0 226189
2018-04-16 14:33:09 ::1 GET /User/LogOut - 51722 qcemployee7.gorilla@gmail.com ::1 Mozilla/5.0+(Windows+NT+10.0;+Win64;+x64)+AppleWebKit/537.36+(KHTML,+like+Gecko)+Chrome/65.0.3325.181+Safari/537.36 http://localhost:51722/ReceiptBox 302 0 0 229
2018-04-16 14:33:10 ::1 GET /User/LogOut - 51722 - ::1 Mozilla/5.0+(Windows+NT+10.0;+Win64;+x64)+AppleWebKit/537.36+(KHTML,+like+Gecko)+Chrome/65.0.3325.181+Safari/537.36 http://localhost:51722/ReceiptBox 302 0 0 45
2018-04-16 14:33:10 ::1 GET / - 51722 - ::1 Mozilla/5.0+(Windows+NT+10.0;+Win64;+x64)+AppleWebKit/537.36+(KHTML,+like+Gecko)+Chrome/65.0.3325.181+Safari/537.36 http://localhost:51722/ReceiptBox 302 0 0 26
2018-04-16 14:33:13 ::1 GET /User/LogOut - 51722 - ::1 Mozilla/5.0+(Windows+NT+10.0;+Win64;+x64)+AppleWebKit/537.36+(KHTML,+like+Gecko)+Chrome/65.0.3325.181+Safari/537.36 http://localhost:51722/ReceiptBox 302 0 0 1078
2018-04-16 14:33:13 ::1 GET /User/LogOn - 51722 - ::1 Mozilla/5.0+(Windows+NT+10.0;+Win64;+x64)+AppleWebKit/537.36+(KHTML,+like+Gecko)+Chrome/65.0.3325.181+Safari/537.36 http://localhost:51722/ReceiptBox 200 0 64 3686
2018-04-16 14:33:13 ::1 GET / - 51722 - ::1 Mozilla/5.0+(Windows+NT+10.0;+Win64;+x64)+AppleWebKit/537.36+(KHTML,+like+Gecko)+Chrome/65.0.3325.181+Safari/537.36 http://localhost:51722/ReceiptBox 302 0 0 693
2018-04-16 14:33:15 ::1 GET /User/LogOn - 51722 - ::1 Mozilla/5.0+(Windows+NT+10.0;+Win64;+x64)+AppleWebKit/537.36+(KHTML,+like+Gecko)+Chrome/65.0.3325.181+Safari/537.36 http://localhost:51722/ReceiptBox 200 0 64 442
2018-04-16 14:33:15 ::1 GET /User/LogOut - 51722 - ::1 Mozilla/5.0+(Windows+NT+10.0;+Win64;+x64)+AppleWebKit/537.36+(KHTML,+like+Gecko)+Chrome/65.0.3325.181+Safari/537.36 http://localhost:51722/ReceiptBox 302 0 0 612
2018-04-16 14:33:15 ::1 GET / - 51722 - ::1 Mozilla/5.0+(Windows+NT+10.0;+Win64;+x64)+AppleWebKit/537.36+(KHTML,+like+Gecko)+Chrome/65.0.3325.181+Safari/537.36 http://localhost:51722/ReceiptBox 302 0 0 20
2018-04-16 14:33:15 ::1 GET /User/LogOn - 51722 - ::1 Mozilla/5.0+(Windows+NT+10.0;+Win64;+x64)+AppleWebKit/537.36+(KHTML,+like+Gecko)+Chrome/65.0.3325.181+Safari/537.36 http://localhost:51722/ReceiptBox 200 0 0 405
2018-04-16 14:33:16 ::1 GET /User/assets/pages/img/login/bg1.jpg - 51722 - ::1 Mozilla/5.0+(Windows+NT+10.0;+Win64;+x64)+AppleWebKit/537.36+(KHTML,+like+Gecko)+Chrome/65.0.3325.181+Safari/537.36 http://localhost:51722/User/LogOn 404 0 2 125
2018-04-16 14:33:29 ::1 GET /__browserLink/requestData/39ea00fbf9cb4c368410aa4e040699c9 version=2 51722 - ::1 Mozilla/5.0+(Windows+NT+10.0;+Win64;+x64)+AppleWebKit/537.36+(KHTML,+like+Gecko)+Chrome/65.0.3325.181+Safari/537.36 http://localhost:51722/User/LogOn 200 0 0 463
2018-04-16 14:47:20 ::1 POST /User/LogOn - 51722 - ::1 Mozilla/5.0+(Windows+NT+10.0;+Win64;+x64)+AppleWebKit/537.36+(KHTML,+like+Gecko)+Chrome/65.0.3325.181+Safari/537.36 http://localhost:51722/User/LogOn 302 0 0 14638
2018-04-16 14:51:03 ::1 GET / - 51722 qcemployee7.gorilla@gmail.com ::1 Mozilla/5.0+(Windows+NT+10.0;+Win64;+x64)+AppleWebKit/537.36+(KHTML,+like+Gecko)+Chrome/65.0.3325.181+Safari/537.36 http://localhost:51722/User/LogOn 200 0 0 222795
2018-04-16 14:52:08 ::1 GET /ReceiptBox - 51722 qcemployee7.gorilla@gmail.com ::1 Mozilla/5.0+(Windows+NT+10.0;+Win64;+x64)+AppleWebKit/537.36+(KHTML,+like+Gecko)+Chrome/65.0.3325.181+Safari/537.36 http://localhost:51722/ 200 0 0 6723
2018-04-16 14:52:12 ::1 POST /ReceiptBox/SelectPDFList/ - 51722 qcemployee7.gorilla@gmail.com ::1 Mozilla/5.0+(Windows+NT+10.0;+Win64;+x64)+AppleWebKit/537.36+(KHTML,+like+Gecko)+Chrome/65.0.3325.181+Safari/537.36 http://localhost:51722/ReceiptBox 200 0 0 1266
2018-04-16 14:52:20 ::1 POST /ReceiptBox/SelectPDFList/ - 51722 qcemployee7.gorilla@gmail.com ::1 Mozilla/5.0+(Windows+NT+10.0;+Win64;+x64)+AppleWebKit/537.36+(KHTML,+like+Gecko)+Chrome/65.0.3325.181+Safari/537.36 http://localhost:51722/ReceiptBox 200 0 0 5357
2018-04-16 14:53:03 ::1 GET /ReceiptBox/ArrangeReceiptsPopup - 51722 qcemployee7.gorilla@gmail.com ::1 Mozilla/5.0+(Windows+NT+10.0;+Win64;+x64)+AppleWebKit/537.36+(KHTML,+like+Gecko)+Chrome/65.0.3325.181+Safari/537.36 http://localhost:51722/ReceiptBox 200 0 0 4491
2018-04-16 14:53:03 ::1 GET /Scripts/jquery.mousewheel-3.0.6.pack.js _=1523890383193 51722 - ::1 Mozilla/5.0+(Windows+NT+10.0;+Win64;+x64)+AppleWebKit/537.36+(KHTML,+like+Gecko)+Chrome/65.0.3325.181+Safari/537.36 http://localhost:51722/ReceiptBox 200 0 0 73
2018-04-16 14:53:03 ::1 GET /Scripts/jQueryRotate.js _=1523890383271 51722 - ::1 Mozilla/5.0+(Windows+NT+10.0;+Win64;+x64)+AppleWebKit/537.36+(KHTML,+like+Gecko)+Chrome/65.0.3325.181+Safari/537.36 http://localhost:51722/ReceiptBox 200 0 0 72
2018-04-16 14:53:03 ::1 GET /Scripts/jquery.twbsPagination.js _=1523890383348 51722 - ::1 Mozilla/5.0+(Windows+NT+10.0;+Win64;+x64)+AppleWebKit/537.36+(KHTML,+like+Gecko)+Chrome/65.0.3325.181+Safari/537.36 http://localhost:51722/ReceiptBox 200 0 0 73
2018-04-16 14:53:03 ::1 GET /Scripts/jquery.qtip.min.js _=1523890383424 51722 - ::1 Mozilla/5.0+(Windows+NT+10.0;+Win64;+x64)+AppleWebKit/537.36+(KHTML,+like+Gecko)+Chrome/65.0.3325.181+Safari/537.36 http://localhost:51722/ReceiptBox 200 0 0 47
2018-04-16 14:53:03 ::1 GET /Scripts/jquery.imgcheckbox.js _=1523890383483 51722 - ::1 Mozilla/5.0+(Windows+NT+10.0;+Win64;+x64)+AppleWebKit/537.36+(KHTML,+like+Gecko)+Chrome/65.0.3325.181+Safari/537.36 http://localhost:51722/ReceiptBox 200 0 0 66
2018-04-16 14:59:12 ::1 GET /ReceiptBox/ReceiptBoxPdfPreview receiptPath=https://az727460.vo.msecnd.net/cdn/receiptuploads/gorillaproqc1/qcemployee7.gorilla@gmail.com/04092018101610942407AM_04092018101610942407AM.jpg,https://az727460.vo.msecnd.net/cdn/receiptuploads/gorillaproqc1/qcemployee7.gorilla@gmail.com/04092018101559772375AM_04092018101559772375AM.jpg, 51722 qcemployee7.gorilla@gmail.com ::1 Mozilla/5.0+(Windows+NT+10.0;+Win64;+x64)+AppleWebKit/537.36+(KHTML,+like+Gecko)+Chrome/65.0.3325.181+Safari/537.36 http://localhost:51722/ReceiptBox 200 0 0 366275
2018-04-16 14:59:12 ::1 GET /PDF/MergedReceiptboxReceipts2904.pdf - 51722 qcemployee7.gorilla@gmail.com ::1 Mozilla/5.0+(Windows+NT+10.0;+Win64;+x64)+AppleWebKit/537.36+(KHTML,+like+Gecko)+Chrome/65.0.3325.181+Safari/537.36 http://localhost:51722/ReceiptBox 200 0 0 527
2018-04-16 15:00:31 ::1 GET /User/LogOn - 51722 qcemployee7.gorilla@gmail.com ::1 Mozilla/5.0+(Windows+NT+10.0;+Win64;+x64)+AppleWebKit/537.36+(KHTML,+like+Gecko)+Chrome/65.0.3325.181+Safari/537.36 http://localhost:51722/ReceiptBox 302 0 0 2539
2018-04-16 15:00:33 ::1 GET /PDF/MergedReceiptboxReceipts2904.pdf - 51722 qcemployee7.gorilla@gmail.com ::1 Mozilla/5.0+(Windows+NT+10.0;+Win64;+x64)+AppleWebKit/537.36+(KHTML,+like+Gecko)+Chrome/65.0.3325.181+Safari/537.36 http://localhost:51722/ReceiptBox 200 0 64 35
#Software: Microsoft Internet Information Services 8.0
#Version: 1.0
#Date: 2018-04-16 15:03:37
#Fields: date time s-ip cs-method cs-uri-stem cs-uri-query s-port cs-username c-ip cs(User-Agent) cs(Referer) sc-status sc-substatus sc-win32-status time-taken
2018-04-16 15:03:37 ::1 GET /ReceiptBox/ReceiptBoxPdfPreview - 51722 qcemployee7.gorilla@gmail.com ::1 Mozilla/5.0+(Windows+NT+10.0;+Win64;+x64)+AppleWebKit/537.36+(KHTML,+like+Gecko)+Chrome/65.0.3325.181+Safari/537.36 - 302 0 0 41676
2018-04-16 15:03:38 ::1 GET /User/LogOn - 51722 qcemployee7.gorilla@gmail.com ::1 Mozilla/5.0+(Windows+NT+10.0;+Win64;+x64)+AppleWebKit/537.36+(KHTML,+like+Gecko)+Chrome/65.0.3325.181+Safari/537.36 - 200 0 0 1594
2018-04-16 15:03:38 ::1 GET /User/assets/pages/img/login/bg1.jpg - 51722 - ::1 Mozilla/5.0+(Windows+NT+10.0;+Win64;+x64)+AppleWebKit/537.36+(KHTML,+like+Gecko)+Chrome/65.0.3325.181+Safari/537.36 http://localhost:51722/User/LogOn 404 0 2 95
2018-04-16 15:05:40 ::1 POST /User/LogOn - 51722 qcemployee7.gorilla@gmail.com ::1 Mozilla/5.0+(Windows+NT+10.0;+Win64;+x64)+AppleWebKit/537.36+(KHTML,+like+Gecko)+Chrome/65.0.3325.181+Safari/537.36 http://localhost:51722/User/LogOn 302 0 0 18506
2018-04-16 15:09:36 ::1 GET / - 51722 qcemployee7.gorilla@gmail.com ::1 Mozilla/5.0+(Windows+NT+10.0;+Win64;+x64)+AppleWebKit/537.36+(KHTML,+like+Gecko)+Chrome/65.0.3325.181+Safari/537.36 http://localhost:51722/User/LogOn 200 0 64 236353
2018-04-16 15:09:44 ::1 POST /User/LogOn - 51722 qcemployee7.gorilla@gmail.com ::1 Mozilla/5.0+(Windows+NT+10.0;+Win64;+x64)+AppleWebKit/537.36+(KHTML,+like+Gecko)+Chrome/65.0.3325.181+Safari/537.36 http://localhost:51722/User/LogOn 302 0 0 17135
2018-04-16 15:13:31 ::1 GET / - 51722 qcemployee7.gorilla@gmail.com ::1 Mozilla/5.0+(Windows+NT+10.0;+Win64;+x64)+AppleWebKit/537.36+(KHTML,+like+Gecko)+Chrome/65.0.3325.181+Safari/537.36 http://localhost:51722/User/LogOn 200 0 0 226456
2018-04-16 15:14:27 ::1 GET /ReceiptBox - 51722 qcemployee7.gorilla@gmail.com ::1 Mozilla/5.0+(Windows+NT+10.0;+Win64;+x64)+AppleWebKit/537.36+(KHTML,+like+Gecko)+Chrome/65.0.3325.181+Safari/537.36 http://localhost:51722/ 200 0 0 7277
2018-04-16 15:14:35 ::1 POST /ReceiptBox/SelectPDFList/ - 51722 qcemployee7.gorilla@gmail.com ::1 Mozilla/5.0+(Windows+NT+10.0;+Win64;+x64)+AppleWebKit/537.36+(KHTML,+like+Gecko)+Chrome/65.0.3325.181+Safari/537.36 http://localhost:51722/ReceiptBox 200 0 0 1471
2018-04-16 15:14:40 ::1 POST /ReceiptBox/SelectPDFList/ - 51722 qcemployee7.gorilla@gmail.com ::1 Mozilla/5.0+(Windows+NT+10.0;+Win64;+x64)+AppleWebKit/537.36+(KHTML,+like+Gecko)+Chrome/65.0.3325.181+Safari/537.36 http://localhost:51722/ReceiptBox 200 0 0 2358
2018-04-16 15:14:47 ::1 GET /ReceiptBox/ArrangeReceiptsPopup - 51722 qcemployee7.gorilla@gmail.com ::1 Mozilla/5.0+(Windows+NT+10.0;+Win64;+x64)+AppleWebKit/537.36+(KHTML,+like+Gecko)+Chrome/65.0.3325.181+Safari/537.36 http://localhost:51722/ReceiptBox 200 0 0 4083
2018-04-16 15:14:47 ::1 GET /Scripts/jquery.mousewheel-3.0.6.pack.js _=1523891687740 51722 - ::1 Mozilla/5.0+(Windows+NT+10.0;+Win64;+x64)+AppleWebKit/537.36+(KHTML,+like+Gecko)+Chrome/65.0.3325.181+Safari/537.36 http://localhost:51722/ReceiptBox 200 0 0 55
2018-04-16 15:14:47 ::1 GET /Scripts/jQueryRotate.js _=1523891687800 51722 - ::1 Mozilla/5.0+(Windows+NT+10.0;+Win64;+x64)+AppleWebKit/537.36+(KHTML,+like+Gecko)+Chrome/65.0.3325.181+Safari/537.36 http://localhost:51722/ReceiptBox 200 0 0 46
2018-04-16 15:14:47 ::1 GET /Scripts/jquery.twbsPagination.js _=1523891687873 51722 - ::1 Mozilla/5.0+(Windows+NT+10.0;+Win64;+x64)+AppleWebKit/537.36+(KHTML,+like+Gecko)+Chrome/65.0.3325.181+Safari/537.36 http://localhost:51722/ReceiptBox 200 0 0 30
2018-04-16 15:14:47 ::1 GET /Scripts/jquery.qtip.min.js _=1523891687911 51722 - ::1 Mozilla/5.0+(Windows+NT+10.0;+Win64;+x64)+AppleWebKit/537.36+(KHTML,+like+Gecko)+Chrome/65.0.3325.181+Safari/537.36 http://localhost:51722/ReceiptBox 200 0 0 33
2018-04-16 15:14:47 ::1 GET /Scripts/jquery.imgcheckbox.js _=1523891688000 51722 - ::1 Mozilla/5.0+(Windows+NT+10.0;+Win64;+x64)+AppleWebKit/537.36+(KHTML,+like+Gecko)+Chrome/65.0.3325.181+Safari/537.36 http://localhost:51722/ReceiptBox 200 0 0 30
2018-04-16 15:15:46 ::1 GET /ReceiptBox/ReceiptBoxPdfPreview receiptPath=https://az727460.vo.msecnd.net/cdn/receiptuploads/gorillaproqc1/qcemployee7.gorilla@gmail.com/04092018101610942407AM_04092018101610942407AM.jpg,https://az727460.vo.msecnd.net/cdn/receiptuploads/gorillaproqc1/qcemployee7.gorilla@gmail.com/04092018101559772375AM_04092018101559772375AM.jpg, 51722 qcemployee7.gorilla@gmail.com ::1 Mozilla/5.0+(Windows+NT+10.0;+Win64;+x64)+AppleWebKit/537.36+(KHTML,+like+Gecko)+Chrome/65.0.3325.181+Safari/537.36 http://localhost:51722/ReceiptBox 200 0 0 55831
2018-04-16 15:15:46 ::1 GET /PDF/MergedReceiptboxReceipts4546.pdf - 51722 qcemployee7.gorilla@gmail.com ::1 Mozilla/5.0+(Windows+NT+10.0;+Win64;+x64)+AppleWebKit/537.36+(KHTML,+like+Gecko)+Chrome/65.0.3325.181+Safari/537.36 http://localhost:51722/ReceiptBox 200 0 0 102
2018-04-16 15:15:50 ::1 GET /PDF/MergedReceiptboxReceipts4546.pdf - 51722 qcemployee7.gorilla@gmail.com ::1 Mozilla/5.0+(Windows+NT+10.0;+Win64;+x64)+AppleWebKit/537.36+(KHTML,+like+Gecko)+Chrome/65.0.3325.181+Safari/537.36 http://localhost:51722/ReceiptBox 200 0 64 12
2018-04-16 15:15:59 ::1 GET /ReceiptBox/ReceiptBoxPdfPreview receiptPath=https://az727460.vo.msecnd.net/cdn/receiptuploads/gorillaproqc1/qcemployee7.gorilla@gmail.com/04092018101559772375AM_04092018101559772375AM.jpg,https://az727460.vo.msecnd.net/cdn/receiptuploads/gorillaproqc1/qcemployee7.gorilla@gmail.com/04092018101610942407AM_04092018101610942407AM.jpg, 51722 qcemployee7.gorilla@gmail.com ::1 Mozilla/5.0+(Windows+NT+10.0;+Win64;+x64)+AppleWebKit/537.36+(KHTML,+like+Gecko)+Chrome/65.0.3325.181+Safari/537.36 http://localhost:51722/ReceiptBox 200 0 0 3573
2018-04-16 15:15:59 ::1 GET /PDF/MergedReceiptboxReceipts4559.pdf - 51722 qcemployee7.gorilla@gmail.com ::1 Mozilla/5.0+(Windows+NT+10.0;+Win64;+x64)+AppleWebKit/537.36+(KHTML,+like+Gecko)+Chrome/65.0.3325.181+Safari/537.36 http://localhost:51722/ReceiptBox 200 0 0 112
2018-04-16 15:18:48 ::1 POST /ReceiptBox/SelectPDFList/ - 51722 qcemployee7.gorilla@gmail.com ::1 Mozilla/5.0+(Windows+NT+10.0;+Win64;+x64)+AppleWebKit/537.36+(KHTML,+like+Gecko)+Chrome/65.0.3325.181+Safari/537.36 http://localhost:51722/ReceiptBox 200 0 0 2349
2018-04-16 15:18:57 ::1 GET /ReceiptBox/ArrangeReceiptsPopup - 51722 qcemployee7.gorilla@gmail.com ::1 Mozilla/5.0+(Windows+NT+10.0;+Win64;+x64)+AppleWebKit/537.36+(KHTML,+like+Gecko)+Chrome/65.0.3325.181+Safari/537.36 http://localhost:51722/ReceiptBox 200 0 0 3711
2018-04-16 15:18:57 ::1 GET /Scripts/jquery.mousewheel-3.0.6.pack.js _=1523891937851 51722 - ::1 Mozilla/5.0+(Windows+NT+10.0;+Win64;+x64)+AppleWebKit/537.36+(KHTML,+like+Gecko)+Chrome/65.0.3325.181+Safari/537.36 http://localhost:51722/ReceiptBox 200 0 0 24
2018-04-16 15:18:57 ::1 GET /Scripts/jQueryRotate.js _=1523891937880 51722 - ::1 Mozilla/5.0+(Windows+NT+10.0;+Win64;+x64)+AppleWebKit/537.36+(KHTML,+like+Gecko)+Chrome/65.0.3325.181+Safari/537.36 http://localhost:51722/ReceiptBox 200 0 0 61
2018-04-16 15:18:57 ::1 GET /Scripts/jquery.twbsPagination.js _=1523891937946 51722 - ::1 Mozilla/5.0+(Windows+NT+10.0;+Win64;+x64)+AppleWebKit/537.36+(KHTML,+like+Gecko)+Chrome/65.0.3325.181+Safari/537.36 http://localhost:51722/ReceiptBox 200 0 0 32
2018-04-16 15:18:57 ::1 GET /Scripts/jquery.qtip.min.js _=1523891937992 51722 - ::1 Mozilla/5.0+(Windows+NT+10.0;+Win64;+x64)+AppleWebKit/537.36+(KHTML,+like+Gecko)+Chrome/65.0.3325.181+Safari/537.36 http://localhost:51722/ReceiptBox 200 0 0 21
2018-04-16 15:18:57 ::1 GET /Scripts/jquery.imgcheckbox.js _=1523891938076 51722 - ::1 Mozilla/5.0+(Windows+NT+10.0;+Win64;+x64)+AppleWebKit/537.36+(KHTML,+like+Gecko)+Chrome/65.0.3325.181+Safari/537.36 http://localhost:51722/ReceiptBox 200 0 0 48
2018-04-16 15:19:11 ::1 POST /ReceiptBox/SelectPDFList/ - 51722 qcemployee7.gorilla@gmail.com ::1 Mozilla/5.0+(Windows+NT+10.0;+Win64;+x64)+AppleWebKit/537.36+(KHTML,+like+Gecko)+Chrome/65.0.3325.181+Safari/537.36 http://localhost:51722/ReceiptBox 200 0 0 2077
2018-04-16 15:19:15 ::1 POST /ReceiptBox/SelectPDFList/ - 51722 qcemployee7.gorilla@gmail.com ::1 Mozilla/5.0+(Windows+NT+10.0;+Win64;+x64)+AppleWebKit/537.36+(KHTML,+like+Gecko)+Chrome/65.0.3325.181+Safari/537.36 http://localhost:51722/ReceiptBox 200 0 0 2381
2018-04-16 15:19:19 ::1 POST /ReceiptBox/SelectPDFList/ - 51722 qcemployee7.gorilla@gmail.com ::1 Mozilla/5.0+(Windows+NT+10.0;+Win64;+x64)+AppleWebKit/537.36+(KHTML,+like+Gecko)+Chrome/65.0.3325.181+Safari/537.36 http://localhost:51722/ReceiptBox 200 0 0 2072
2018-04-16 15:19:23 ::1 POST /ReceiptBox/SelectPDFList/ - 51722 qcemployee7.gorilla@gmail.com ::1 Mozilla/5.0+(Windows+NT+10.0;+Win64;+x64)+AppleWebKit/537.36+(KHTML,+like+Gecko)+Chrome/65.0.3325.181+Safari/537.36 http://localhost:51722/ReceiptBox 200 0 0 2037
2018-04-16 15:19:30 ::1 GET /ReceiptBox/ArrangeReceiptsPopup - 51722 qcemployee7.gorilla@gmail.com ::1 Mozilla/5.0+(Windows+NT+10.0;+Win64;+x64)+AppleWebKit/537.36+(KHTML,+like+Gecko)+Chrome/65.0.3325.181+Safari/537.36 http://localhost:51722/ReceiptBox 200 0 0 4406
2018-04-16 15:19:30 ::1 GET /Scripts/jquery.mousewheel-3.0.6.pack.js _=1523891970034 51722 - ::1 Mozilla/5.0+(Windows+NT+10.0;+Win64;+x64)+AppleWebKit/537.36+(KHTML,+like+Gecko)+Chrome/65.0.3325.181+Safari/537.36 http://localhost:51722/ReceiptBox 200 0 0 2
2018-04-16 15:19:30 ::1 GET /Scripts/jQueryRotate.js _=1523891970040 51722 - ::1 Mozilla/5.0+(Windows+NT+10.0;+Win64;+x64)+AppleWebKit/537.36+(KHTML,+like+Gecko)+Chrome/65.0.3325.181+Safari/537.36 http://localhost:51722/ReceiptBox 200 0 0 3
2018-04-16 15:19:30 ::1 GET /Scripts/jquery.twbsPagination.js _=1523891970047 51722 - ::1 Mozilla/5.0+(Windows+NT+10.0;+Win64;+x64)+AppleWebKit/537.36+(KHTML,+like+Gecko)+Chrome/65.0.3325.181+Safari/537.36 http://localhost:51722/ReceiptBox 200 0 0 2
2018-04-16 15:19:30 ::1 GET /Scripts/jquery.qtip.min.js _=1523891970052 51722 - ::1 Mozilla/5.0+(Windows+NT+10.0;+Win64;+x64)+AppleWebKit/537.36+(KHTML,+like+Gecko)+Chrome/65.0.3325.181+Safari/537.36 http://localhost:51722/ReceiptBox 200 0 0 4
2018-04-16 15:19:30 ::1 GET /Scripts/jquery.imgcheckbox.js _=1523891970087 51722 - ::1 Mozilla/5.0+(Windows+NT+10.0;+Win64;+x64)+AppleWebKit/537.36+(KHTML,+like+Gecko)+Chrome/65.0.3325.181+Safari/537.36 http://localhost:51722/ReceiptBox 200 0 0 3
2018-04-16 15:20:25 ::1 GET /ReceiptBox/ReceiptBoxPdfPreview receiptPath=https://az727460.vo.msecnd.net/cdn/receiptuploads/gorillaproqc1/qcemployee7.gorilla@gmail.com/04092018101610942407AM_04092018101610942407AM.jpg,https://az727460.vo.msecnd.net/cdn/receiptuploads/gorillaproqc1/qcemployee7.gorilla@gmail.com/04092018101559772375AM_04092018101559772375AM.jpg,https://az727460.vo.msecnd.net/cdn/receiptuploads/gorillaproqc1/qcemployee7.gorilla@gmail.com/03222018072800382612PM_03222018072800382612PM.jpg, 51722 qcemployee7.gorilla@gmail.com ::1 Mozilla/5.0+(Windows+NT+10.0;+Win64;+x64)+AppleWebKit/537.36+(KHTML,+like+Gecko)+Chrome/65.0.3325.181+Safari/537.36 http://localhost:51722/ReceiptBox 302 0 0 48301
2018-04-16 15:20:25 ::1 GET /User/LogOn - 51722 qcemployee7.gorilla@gmail.com ::1 Mozilla/5.0+(Windows+NT+10.0;+Win64;+x64)+AppleWebKit/537.36+(KHTML,+like+Gecko)+Chrome/65.0.3325.181+Safari/537.36 http://localhost:51722/ReceiptBox 302 0 0 240
2018-04-16 15:24:17 ::1 GET / - 51722 qcemployee7.gorilla@gmail.com ::1 Mozilla/5.0+(Windows+NT+10.0;+Win64;+x64)+AppleWebKit/537.36+(KHTML,+like+Gecko)+Chrome/65.0.3325.181+Safari/537.36 http://localhost:51722/ReceiptBox 200 0 0 232506
2018-04-16 15:24:17 ::1 GET /Scripts/SiteLayoutPageForMasters-js v=NMauVSy_gT5RAxxlGvKHHiQU4fD1J3tKXjMwy7O32kM1&_=1523892257882 51722 qcemployee7.gorilla@gmail.com ::1 Mozilla/5.0+(Windows+NT+10.0;+Win64;+x64)+AppleWebKit/537.36+(KHTML,+like+Gecko)+Chrome/65.0.3325.181+Safari/537.36 http://localhost:51722/ReceiptBox 200 0 0 95
2018-04-16 15:24:20 ::1 GET /User/LogOn - 51722 qcemployee7.gorilla@gmail.com ::1 Mozilla/5.0+(Windows+NT+10.0;+Win64;+x64)+AppleWebKit/537.36+(KHTML,+like+Gecko)+Chrome/65.0.3325.181+Safari/537.36 http://localhost:51722/ReceiptBox 302 0 0 92684
2018-04-16 15:28:07 ::1 GET / - 51722 qcemployee7.gorilla@gmail.com ::1 Mozilla/5.0+(Windows+NT+10.0;+Win64;+x64)+AppleWebKit/537.36+(KHTML,+like+Gecko)+Chrome/65.0.3325.181+Safari/537.36 http://localhost:51722/ReceiptBox 200 0 0 226691
2018-04-16 15:28:13 ::1 GET /ReceiptBox/Index/ page=1&NumberOfRecords=NaN&currentTab=0&day=30 51722 qcemployee7.gorilla@gmail.com ::1 Mozilla/5.0+(Windows+NT+10.0;+Win64;+x64)+AppleWebKit/537.36+(KHTML,+like+Gecko)+Chrome/65.0.3325.181+Safari/537.36 http://localhost:51722/ReceiptBox 200 0 0 179237
2018-04-16 15:28:16 ::1 POST /ReceiptBox/SelectPDFList/ - 51722 qcemployee7.gorilla@gmail.com ::1 Mozilla/5.0+(Windows+NT+10.0;+Win64;+x64)+AppleWebKit/537.36+(KHTML,+like+Gecko)+Chrome/65.0.3325.181+Safari/537.36 http://localhost:51722/ReceiptBox 200 0 0 2609
2018-04-16 15:28:18 ::1 POST /ReceiptBox/SelectPDFList/ - 51722 qcemployee7.gorilla@gmail.com ::1 Mozilla/5.0+(Windows+NT+10.0;+Win64;+x64)+AppleWebKit/537.36+(KHTML,+like+Gecko)+Chrome/65.0.3325.181+Safari/537.36 http://localhost:51722/ReceiptBox 200 0 0 1757
2018-04-16 15:28:20 ::1 POST /ReceiptBox/SelectPDFList/ - 51722 qcemployee7.gorilla@gmail.com ::1 Mozilla/5.0+(Windows+NT+10.0;+Win64;+x64)+AppleWebKit/537.36+(KHTML,+like+Gecko)+Chrome/65.0.3325.181+Safari/537.36 http://localhost:51722/ReceiptBox 200 0 0 1702
2018-04-16 15:28:25 ::1 GET /ReceiptBox/ReceiptBoxPdfPreview receiptPath=https://az727460.vo.msecnd.net/cdn/receiptuploads/gorillaproqc1/qcemployee7.gorilla@gmail.com/04092018101610942407AM_04092018101610942407AM.jpg,https://az727460.vo.msecnd.net/cdn/receiptuploads/gorillaproqc1/qcemployee7.gorilla@gmail.com/04092018101559772375AM_04092018101559772375AM.jpg,https://az727460.vo.msecnd.net/cdn/receiptuploads/gorillaproqc1/qcemployee7.gorilla@gmail.com/03222018072800382612PM_03222018072800382612PM.jpg, 51722 qcemployee7.gorilla@gmail.com ::1 Mozilla/5.0+(Windows+NT+10.0;+Win64;+x64)+AppleWebKit/537.36+(KHTML,+like+Gecko)+Chrome/65.0.3325.181+Safari/537.36 http://localhost:51722/ReceiptBox 200 0 0 219377
2018-04-16 15:30:37 ::1 GET /ReceiptBox/ArrangeReceiptsPopup - 51722 qcemployee7.gorilla@gmail.com ::1 Mozilla/5.0+(Windows+NT+10.0;+Win64;+x64)+AppleWebKit/537.36+(KHTML,+like+Gecko)+Chrome/65.0.3325.181+Safari/537.36 http://localhost:51722/ReceiptBox 200 0 0 4308
2018-04-16 15:30:37 ::1 GET /Scripts/jquery.mousewheel-3.0.6.pack.js _=1523892637238 51722 - ::1 Mozilla/5.0+(Windows+NT+10.0;+Win64;+x64)+AppleWebKit/537.36+(KHTML,+like+Gecko)+Chrome/65.0.3325.181+Safari/537.36 http://localhost:51722/ReceiptBox 200 0 0 26
2018-04-16 15:30:37 ::1 GET /Scripts/jQueryRotate.js _=1523892637294 51722 - ::1 Mozilla/5.0+(Windows+NT+10.0;+Win64;+x64)+AppleWebKit/537.36+(KHTML,+like+Gecko)+Chrome/65.0.3325.181+Safari/537.36 http://localhost:51722/ReceiptBox 200 0 0 69
2018-04-16 15:30:37 ::1 GET /Scripts/jquery.twbsPagination.js _=1523892637383 51722 - ::1 Mozilla/5.0+(Windows+NT+10.0;+Win64;+x64)+AppleWebKit/537.36+(KHTML,+like+Gecko)+Chrome/65.0.3325.181+Safari/537.36 http://localhost:51722/ReceiptBox 200 0 0 37
2018-04-16 15:30:37 ::1 GET /Scripts/jquery.qtip.min.js _=1523892637426 51722 - ::1 Mozilla/5.0+(Windows+NT+10.0;+Win64;+x64)+AppleWebKit/537.36+(KHTML,+like+Gecko)+Chrome/65.0.3325.181+Safari/537.36 http://localhost:51722/ReceiptBox 200 0 0 32
2018-04-16 15:30:37 ::1 GET /Scripts/jquery.imgcheckbox.js _=1523892637496 51722 - ::1 Mozilla/5.0+(Windows+NT+10.0;+Win64;+x64)+AppleWebKit/537.36+(KHTML,+like+Gecko)+Chrome/65.0.3325.181+Safari/537.36 http://localhost:51722/ReceiptBox 200 0 0 52
2018-04-16 15:30:45 ::1 GET /ReceiptBox/ReceiptBoxPdfPreview receiptPath=https://az727460.vo.msecnd.net/cdn/receiptuploads/gorillaproqc1/qcemployee7.gorilla@gmail.com/04092018101610942407AM_04092018101610942407AM.jpg,https://az727460.vo.msecnd.net/cdn/receiptuploads/gorillaproqc1/qcemployee7.gorilla@gmail.com/04092018101559772375AM_04092018101559772375AM.jpg,https://az727460.vo.msecnd.net/cdn/receiptuploads/gorillaproqc1/qcemployee7.gorilla@gmail.com/03222018072800382612PM_03222018072800382612PM.jpg, 51722 qcemployee7.gorilla@gmail.com ::1 Mozilla/5.0+(Windows+NT+10.0;+Win64;+x64)+AppleWebKit/537.36+(KHTML,+like+Gecko)+Chrome/65.0.3325.181+Safari/537.36 http://localhost:51722/ReceiptBox 200 0 0 4375
2018-04-16 15:30:45 ::1 GET /PDF/MergedReceiptboxReceipts45.pdf - 51722 qcemployee7.gorilla@gmail.com ::1 Mozilla/5.0+(Windows+NT+10.0;+Win64;+x64)+AppleWebKit/537.36+(KHTML,+like+Gecko)+Chrome/65.0.3325.181+Safari/537.36 http://localhost:51722/ReceiptBox 200 0 0 210
2018-04-16 15:31:10 ::1 GET /User/LogOn - 51722 qcemployee7.gorilla@gmail.com ::1 Mozilla/5.0+(Windows+NT+10.0;+Win64;+x64)+AppleWebKit/537.36+(KHTML,+like+Gecko)+Chrome/65.0.3325.181+Safari/537.36 http://localhost:51722/ReceiptBox 302 0 0 2730
2018-04-16 15:33:15 ::1 GET /PDF/MergedReceiptboxReceipts45.pdf - 51722 qcemployee7.gorilla@gmail.com ::1 Mozilla/5.0+(Windows+NT+10.0;+Win64;+x64)+AppleWebKit/537.36+(KHTML,+like+Gecko)+Chrome/65.0.3325.181+Safari/537.36 http://localhost:51722/ReceiptBox 200 0 64 20
2018-04-16 15:34:57 ::1 GET / - 51722 qcemployee7.gorilla@gmail.com ::1 Mozilla/5.0+(Windows+NT+10.0;+Win64;+x64)+AppleWebKit/537.36+(KHTML,+like+Gecko)+Chrome/65.0.3325.181+Safari/537.36 http://localhost:51722/ReceiptBox 200 0 0 226894
2018-04-16 15:35:00 ::1 GET /User/LogOn - 51722 qcemployee7.gorilla@gmail.com ::1 Mozilla/5.0+(Windows+NT+10.0;+Win64;+x64)+AppleWebKit/537.36+(KHTML,+like+Gecko)+Chrome/65.0.3325.181+Safari/537.36 http://localhost:51722/ReceiptBox 302 0 0 142476
2018-04-16 15:38:35 ::1 GET / - 51722 qcemployee7.gorilla@gmail.com ::1 Mozilla/5.0+(Windows+NT+10.0;+Win64;+x64)+AppleWebKit/537.36+(KHTML,+like+Gecko)+Chrome/65.0.3325.181+Safari/537.36 http://localhost:51722/ReceiptBox 200 0 0 214883
2018-04-16 15:38:38 ::1 GET /User/LogOn - 51722 qcemployee7.gorilla@gmail.com ::1 Mozilla/5.0+(Windows+NT+10.0;+Win64;+x64)+AppleWebKit/537.36+(KHTML,+like+Gecko)+Chrome/65.0.3325.181+Safari/537.36 http://localhost:51722/ReceiptBox 302 0 0 123980
2018-04-16 15:42:26 ::1 GET / - 51722 qcemployee7.gorilla@gmail.com ::1 Mozilla/5.0+(Windows+NT+10.0;+Win64;+x64)+AppleWebKit/537.36+(KHTML,+like+Gecko)+Chrome/65.0.3325.181+Safari/537.36 http://localhost:51722/ReceiptBox 200 0 0 228564
2018-04-16 15:42:30 ::1 GET /User/LogOn - 51722 qcemployee7.gorilla@gmail.com ::1 Mozilla/5.0+(Windows+NT+10.0;+Win64;+x64)+AppleWebKit/537.36+(KHTML,+like+Gecko)+Chrome/65.0.3325.181+Safari/537.36 http://localhost:51722/ReceiptBox 302 0 0 71881
2018-04-16 15:42:30 ::1 GET /User/LogOn - 51722 qcemployee7.gorilla@gmail.com ::1 Mozilla/5.0+(Windows+NT+10.0;+Win64;+x64)+AppleWebKit/537.36+(KHTML,+like+Gecko)+Chrome/65.0.3325.181+Safari/537.36 http://localhost:51722/ReceiptBox 302 0 0 182427
2018-04-16 15:46:05 ::1 GET / - 51722 qcemployee7.gorilla@gmail.com ::1 Mozilla/5.0+(Windows+NT+10.0;+Win64;+x64)+AppleWebKit/537.36+(KHTML,+like+Gecko)+Chrome/65.0.3325.181+Safari/537.36 http://localhost:51722/ReceiptBox 200 0 0 215698
2018-04-16 15:46:05 ::1 GET /User/LogOut - 51722 qcemployee7.gorilla@gmail.com ::1 Mozilla/5.0+(Windows+NT+10.0;+Win64;+x64)+AppleWebKit/537.36+(KHTML,+like+Gecko)+Chrome/65.0.3325.181+Safari/537.36 http://localhost:51722/ReceiptBox 302 0 64 20305
2018-04-16 15:46:05 ::1 GET /User/LogOut - 51722 qcemployee7.gorilla@gmail.com ::1 Mozilla/5.0+(Windows+NT+10.0;+Win64;+x64)+AppleWebKit/537.36+(KHTML,+like+Gecko)+Chrome/65.0.3325.181+Safari/537.36 http://localhost:51722/ReceiptBox 302 0 64 24370
2018-04-16 15:46:05 ::1 GET /User/LogOut - 51722 qcemployee7.gorilla@gmail.com ::1 Mozilla/5.0+(Windows+NT+10.0;+Win64;+x64)+AppleWebKit/537.36+(KHTML,+like+Gecko)+Chrome/65.0.3325.181+Safari/537.36 http://localhost:51722/ReceiptBox 302 0 0 536
2018-04-16 15:46:05 ::1 GET / - 51722 - ::1 Mozilla/5.0+(Windows+NT+10.0;+Win64;+x64)+AppleWebKit/537.36+(KHTML,+like+Gecko)+Chrome/65.0.3325.181+Safari/537.36 http://localhost:51722/ReceiptBox 302 0 0 92
2018-04-16 15:46:07 ::1 GET /User/LogOut - 51722 - ::1 Mozilla/5.0+(Windows+NT+10.0;+Win64;+x64)+AppleWebKit/537.36+(KHTML,+like+Gecko)+Chrome/65.0.3325.181+Safari/537.36 http://localhost:51722/ReceiptBox 302 0 0 26
2018-04-16 15:46:07 ::1 GET / - 51722 - ::1 Mozilla/5.0+(Windows+NT+10.0;+Win64;+x64)+AppleWebKit/537.36+(KHTML,+like+Gecko)+Chrome/65.0.3325.181+Safari/537.36 http://localhost:51722/ReceiptBox 302 0 0 23
2018-04-16 15:46:08 ::1 GET /User/LogOn - 51722 qcemployee7.gorilla@gmail.com ::1 Mozilla/5.0+(Windows+NT+10.0;+Win64;+x64)+AppleWebKit/537.36+(KHTML,+like+Gecko)+Chrome/65.0.3325.181+Safari/537.36 http://localhost:51722/ReceiptBox 200 0 0 74404
2018-04-16 15:46:08 ::1 GET /User/LogOut - 51722 qcemployee7.gorilla@gmail.com ::1 Mozilla/5.0+(Windows+NT+10.0;+Win64;+x64)+AppleWebKit/537.36+(KHTML,+like+Gecko)+Chrome/65.0.3325.181+Safari/537.36 http://localhost:51722/ReceiptBox 302 0 64 9319
2018-04-16 15:46:08 ::1 GET /User/LogOn - 51722 - ::1 Mozilla/5.0+(Windows+NT+10.0;+Win64;+x64)+AppleWebKit/537.36+(KHTML,+like+Gecko)+Chrome/65.0.3325.181+Safari/537.36 http://localhost:51722/ReceiptBox 200 0 0 313
2018-04-16 15:46:08 ::1 GET /User/LogOut - 51722 qcemployee7.gorilla@gmail.com ::1 Mozilla/5.0+(Windows+NT+10.0;+Win64;+x64)+AppleWebKit/537.36+(KHTML,+like+Gecko)+Chrome/65.0.3325.181+Safari/537.36 http://localhost:51722/ReceiptBox 302 0 64 19383
2018-04-16 15:46:08 ::1 GET /User/assets/pages/img/login/bg1.jpg - 51722 - ::1 Mozilla/5.0+(Windows+NT+10.0;+Win64;+x64)+AppleWebKit/537.36+(KHTML,+like+Gecko)+Chrome/65.0.3325.181+Safari/537.36 http://localhost:51722/User/LogOn 404 0 2 2
2018-04-16 15:46:08 ::1 GET /User/LogOut - 51722 qcemployee7.gorilla@gmail.com ::1 Mozilla/5.0+(Windows+NT+10.0;+Win64;+x64)+AppleWebKit/537.36+(KHTML,+like+Gecko)+Chrome/65.0.3325.181+Safari/537.36 http://localhost:51722/ReceiptBox 302 0 64 5576
2018-04-16 15:46:08 ::1 GET /User/LogOut - 51722 qcemployee7.gorilla@gmail.com ::1 Mozilla/5.0+(Windows+NT+10.0;+Win64;+x64)+AppleWebKit/537.36+(KHTML,+like+Gecko)+Chrome/65.0.3325.181+Safari/537.36 http://localhost:51722/ReceiptBox 302 0 64 7642
2018-04-16 15:46:08 ::1 GET /User/LogOut - 51722 qcemployee7.gorilla@gmail.com ::1 Mozilla/5.0+(Windows+NT+10.0;+Win64;+x64)+AppleWebKit/537.36+(KHTML,+like+Gecko)+Chrome/65.0.3325.181+Safari/537.36 http://localhost:51722/ReceiptBox 302 0 64 11776
2018-04-16 15:46:08 ::1 GET /User/LogOut - 51722 qcemployee7.gorilla@gmail.com ::1 Mozilla/5.0+(Windows+NT+10.0;+Win64;+x64)+AppleWebKit/537.36+(KHTML,+like+Gecko)+Chrome/65.0.3325.181+Safari/537.36 http://localhost:51722/ReceiptBox 302 0 64 15780
2018-04-16 15:46:08 ::1 GET /User/LogOut - 51722 qcemployee7.gorilla@gmail.com ::1 Mozilla/5.0+(Windows+NT+10.0;+Win64;+x64)+AppleWebKit/537.36+(KHTML,+like+Gecko)+Chrome/65.0.3325.181+Safari/537.36 http://localhost:51722/ReceiptBox 302 0 64 25905
2018-04-16 15:46:09 ::1 GET /User/LogOut - 51722 qcemployee7.gorilla@gmail.com ::1 Mozilla/5.0+(Windows+NT+10.0;+Win64;+x64)+AppleWebKit/537.36+(KHTML,+like+Gecko)+Chrome/65.0.3325.181+Safari/537.36 http://localhost:51722/ReceiptBox 302 0 64 14294
2018-04-16 15:46:09 ::1 GET / - 51722 qcemployee7.gorilla@gmail.com ::1 Mozilla/5.0+(Windows+NT+10.0;+Win64;+x64)+AppleWebKit/537.36+(KHTML,+like+Gecko)+Chrome/65.0.3325.181+Safari/537.36 http://localhost:51722/ReceiptBox 302 0 64 199335
2018-04-16 15:46:09 ::1 GET /User/LogOut - 51722 qcemployee7.gorilla@gmail.com ::1 Mozilla/5.0+(Windows+NT+10.0;+Win64;+x64)+AppleWebKit/537.36+(KHTML,+like+Gecko)+Chrome/65.0.3325.181+Safari/537.36 http://localhost:51722/ReceiptBox 302 0 64 18777
2018-04-16 15:46:09 ::1 GET /User/LogOut - 51722 qcemployee7.gorilla@gmail.com ::1 Mozilla/5.0+(Windows+NT+10.0;+Win64;+x64)+AppleWebKit/537.36+(KHTML,+like+Gecko)+Chrome/65.0.3325.181+Safari/537.36 http://localhost:51722/ReceiptBox 302 0 64 23280
#Software: Microsoft Internet Information Services 8.0
#Version: 1.0
#Date: 2018-04-16 16:03:00
#Fields: date time s-ip cs-method cs-uri-stem cs-uri-query s-port cs-username c-ip cs(User-Agent) cs(Referer) sc-status sc-substatus sc-win32-status time-taken
2018-04-16 16:03:00 ::1 POST /User/LogOn - 51722 - ::1 Mozilla/5.0+(Windows+NT+10.0;+Win64;+x64)+AppleWebKit/537.36+(KHTML,+like+Gecko)+Chrome/65.0.3325.181+Safari/537.36 http://localhost:51722/User/LogOn 302 0 0 14433
2018-04-16 16:06:45 ::1 GET / - 51722 qcemployee7.gorilla@gmail.com ::1 Mozilla/5.0+(Windows+NT+10.0;+Win64;+x64)+AppleWebKit/537.36+(KHTML,+like+Gecko)+Chrome/65.0.3325.181+Safari/537.36 http://localhost:51722/User/LogOn 200 0 64 224398
#Software: Microsoft Internet Information Services 8.0
#Version: 1.0
#Date: 2018-04-16 16:34:47
#Fields: date time s-ip cs-method cs-uri-stem cs-uri-query s-port cs-username c-ip cs(User-Agent) cs(Referer) sc-status sc-substatus sc-win32-status time-taken
2018-04-16 16:34:47 ::1 GET / - 51722 - ::1 Mozilla/5.0+(Windows+NT+10.0;+Win64;+x64)+AppleWebKit/537.36+(KHTML,+like+Gecko)+Chrome/65.0.3325.181+Safari/537.36 - 302 0 0 48270
2018-04-16 16:35:02 ::1 GET /User/LogOn - 51722 - ::1 Mozilla/5.0+(Windows+NT+10.0;+Win64;+x64)+AppleWebKit/537.36+(KHTML,+like+Gecko)+Chrome/65.0.3325.181+Safari/537.36 - 200 0 0 14373
2018-04-16 16:35:02 ::1 GET /User/assets/pages/img/login/bg1.jpg - 51722 - ::1 Mozilla/5.0+(Windows+NT+10.0;+Win64;+x64)+AppleWebKit/537.36+(KHTML,+like+Gecko)+Chrome/65.0.3325.181+Safari/537.36 http://localhost:51722/User/LogOn 404 0 2 7
2018-04-16 16:35:47 ::1 POST /User/LogOn - 51722 - ::1 Mozilla/5.0+(Windows+NT+10.0;+Win64;+x64)+AppleWebKit/537.36+(KHTML,+like+Gecko)+Chrome/65.0.3325.181+Safari/537.36 http://localhost:51722/User/LogOn 302 0 0 17500
2018-04-16 16:39:57 ::1 GET / - 51722 qcemployee7.gorilla@gmail.com ::1 Mozilla/5.0+(Windows+NT+10.0;+Win64;+x64)+AppleWebKit/537.36+(KHTML,+like+Gecko)+Chrome/65.0.3325.181+Safari/537.36 http://localhost:51722/User/LogOn 200 0 0 249455
2018-04-16 16:40:25 ::1 GET /ReceiptBox - 51722 qcemployee7.gorilla@gmail.com ::1 Mozilla/5.0+(Windows+NT+10.0;+Win64;+x64)+AppleWebKit/537.36+(KHTML,+like+Gecko)+Chrome/65.0.3325.181+Safari/537.36 http://localhost:51722/ 200 0 0 13971
2018-04-16 16:40:31 ::1 POST /ReceiptBox/SelectPDFList/ - 51722 qcemployee7.gorilla@gmail.com ::1 Mozilla/5.0+(Windows+NT+10.0;+Win64;+x64)+AppleWebKit/537.36+(KHTML,+like+Gecko)+Chrome/65.0.3325.181+Safari/537.36 http://localhost:51722/ReceiptBox 200 0 0 1605
2018-04-16 16:40:36 ::1 POST /ReceiptBox/SelectPDFList/ - 51722 qcemployee7.gorilla@gmail.com ::1 Mozilla/5.0+(Windows+NT+10.0;+Win64;+x64)+AppleWebKit/537.36+(KHTML,+like+Gecko)+Chrome/65.0.3325.181+Safari/537.36 http://localhost:51722/ReceiptBox 200 0 0 2804
2018-04-16 16:40:43 ::1 POST /ReceiptBox/SelectPDFList/ - 51722 qcemployee7.gorilla@gmail.com ::1 Mozilla/5.0+(Windows+NT+10.0;+Win64;+x64)+AppleWebKit/537.36+(KHTML,+like+Gecko)+Chrome/65.0.3325.181+Safari/537.36 http://localhost:51722/ReceiptBox 200 0 0 3645
2018-04-16 16:41:06 ::1 GET /ReceiptBox/ArrangeReceiptsPopup - 51722 qcemployee7.gorilla@gmail.com ::1 Mozilla/5.0+(Windows+NT+10.0;+Win64;+x64)+AppleWebKit/537.36+(KHTML,+like+Gecko)+Chrome/65.0.3325.181+Safari/537.36 http://localhost:51722/ReceiptBox 200 0 0 18344
2018-04-16 16:41:06 ::1 GET /Scripts/jquery.mousewheel-3.0.6.pack.js _=1523896866405 51722 - ::1 Mozilla/5.0+(Windows+NT+10.0;+Win64;+x64)+AppleWebKit/537.36+(KHTML,+like+Gecko)+Chrome/65.0.3325.181+Safari/537.36 http://localhost:51722/ReceiptBox 200 0 0 29
2018-04-16 16:41:06 ::1 GET /Scripts/jQueryRotate.js _=1523896866441 51722 - ::1 Mozilla/5.0+(Windows+NT+10.0;+Win64;+x64)+AppleWebKit/537.36+(KHTML,+like+Gecko)+Chrome/65.0.3325.181+Safari/537.36 http://localhost:51722/ReceiptBox 200 0 0 9
2018-04-16 16:41:06 ::1 GET /Scripts/jquery.twbsPagination.js _=1523896866502 51722 - ::1 Mozilla/5.0+(Windows+NT+10.0;+Win64;+x64)+AppleWebKit/537.36+(KHTML,+like+Gecko)+Chrome/65.0.3325.181+Safari/537.36 http://localhost:51722/ReceiptBox 200 0 0 30
2018-04-16 16:41:06 ::1 GET /Scripts/jquery.qtip.min.js _=1523896866538 51722 - ::1 Mozilla/5.0+(Windows+NT+10.0;+Win64;+x64)+AppleWebKit/537.36+(KHTML,+like+Gecko)+Chrome/65.0.3325.181+Safari/537.36 http://localhost:51722/ReceiptBox 200 0 0 17
2018-04-16 16:41:06 ::1 GET /Scripts/jquery.imgcheckbox.js _=1523896866579 51722 - ::1 Mozilla/5.0+(Windows+NT+10.0;+Win64;+x64)+AppleWebKit/537.36+(KHTML,+like+Gecko)+Chrome/65.0.3325.181+Safari/537.36 http://localhost:51722/ReceiptBox 200 0 0 56
2018-04-16 16:41:14 ::1 GET /ReceiptBox/ReceiptBoxPdfPreview receiptPath=https://az727460.vo.msecnd.net/cdn/receiptuploads/gorillaproqc1/qcemployee7.gorilla@gmail.com/04092018101610942407AM_04092018101610942407AM.jpg,https://az727460.vo.msecnd.net/cdn/receiptuploads/gorillaproqc1/qcemployee7.gorilla@gmail.com/04092018101559772375AM_04092018101559772375AM.jpg,https://az727460.vo.msecnd.net/cdn/receiptuploads/gorillaproqc1/qcemployee7.gorilla@gmail.com/03222018072800382612PM_03222018072800382612PM.jpg, 51722 qcemployee7.gorilla@gmail.com ::1 Mozilla/5.0+(Windows+NT+10.0;+Win64;+x64)+AppleWebKit/537.36+(KHTML,+like+Gecko)+Chrome/65.0.3325.181+Safari/537.36 http://localhost:51722/ReceiptBox 200 0 0 5054
2018-04-16 16:41:14 ::1 GET /PDF/MergedReceiptboxReceipts1114.pdf - 51722 qcemployee7.gorilla@gmail.com ::1 Mozilla/5.0+(Windows+NT+10.0;+Win64;+x64)+AppleWebKit/537.36+(KHTML,+like+Gecko)+Chrome/65.0.3325.181+Safari/537.36 http://localhost:51722/ReceiptBox 200 0 0 95
2018-04-16 16:41:55 ::1 GET /PDF/MergedReceiptboxReceipts1114.pdf - 51722 qcemployee7.gorilla@gmail.com ::1 Mozilla/5.0+(Windows+NT+10.0;+Win64;+x64)+AppleWebKit/537.36+(KHTML,+like+Gecko)+Chrome/65.0.3325.181+Safari/537.36 http://localhost:51722/ReceiptBox 200 0 64 18
2018-04-16 16:48:50 ::1 GET /User/LogOn - 51722 qcemployee7.gorilla@gmail.com ::1 Mozilla/5.0+(Windows+NT+10.0;+Win64;+x64)+AppleWebKit/537.36+(KHTML,+like+Gecko)+Chrome/65.0.3325.181+Safari/537.36 http://localhost:51722/ReceiptBox 302 0 0 4482
2018-04-16 16:52:37 ::1 GET / - 51722 qcemployee7.gorilla@gmail.com ::1 Mozilla/5.0+(Windows+NT+10.0;+Win64;+x64)+AppleWebKit/537.36+(KHTML,+like+Gecko)+Chrome/65.0.3325.181+Safari/537.36 http://localhost:51722/ReceiptBox 200 0 0 227004
