#Software: Microsoft Internet Information Services 8.0
#Version: 1.0
#Date: 2018-03-20 09:53:07
#Fields: date time s-ip cs-method cs-uri-stem cs-uri-query s-port cs-username c-ip cs(User-Agent) cs(Referer) sc-status sc-substatus sc-win32-status time-taken
2018-03-20 09:53:07 ::1 GET / - 51722 - ::1 Mozilla/5.0+(Windows+NT+10.0;+Win64;+x64)+AppleWebKit/537.36+(KHTML,+like+Gecko)+Chrome/64.0.3282.186+Safari/537.36 - 302 0 0 75543
2018-03-20 09:53:56 ::1 GET /User/LogOn - 51722 - ::1 Mozilla/5.0+(Windows+NT+10.0;+Win64;+x64)+AppleWebKit/537.36+(KHTML,+like+Gecko)+Chrome/64.0.3282.186+Safari/537.36 - 200 0 0 48231
2018-03-20 09:53:56 ::1 GET /assets/pages/css/font.css - 51722 - ::1 Mozilla/5.0+(Windows+NT+10.0;+Win64;+x64)+AppleWebKit/537.36+(KHTML,+like+Gecko)+Chrome/64.0.3282.186+Safari/537.36 http://localhost:51722/User/LogOn 200 0 0 411
2018-03-20 09:53:56 ::1 GET /assets/global/plugins/simple-line-icons/simple-line-icons.min.css - 51722 - ::1 Mozilla/5.0+(Windows+NT+10.0;+Win64;+x64)+AppleWebKit/537.36+(KHTML,+like+Gecko)+Chrome/64.0.3282.186+Safari/537.36 http://localhost:51722/User/LogOn 200 0 0 399
2018-03-20 09:53:56 ::1 GET /assets/global/plugins/bootstrap-switch/css/bootstrap-switch.min.css - 51722 - ::1 Mozilla/5.0+(Windows+NT+10.0;+Win64;+x64)+AppleWebKit/537.36+(KHTML,+like+Gecko)+Chrome/64.0.3282.186+Safari/537.36 http://localhost:51722/User/LogOn 200 0 0 395
2018-03-20 09:53:57 ::1 GET /assets/global/plugins/select2/css/select2-bootstrap.min.css - 51722 - ::1 Mozilla/5.0+(Windows+NT+10.0;+Win64;+x64)+AppleWebKit/537.36+(KHTML,+like+Gecko)+Chrome/64.0.3282.186+Safari/537.36 http://localhost:51722/User/LogOn 200 0 0 1073
2018-03-20 09:53:57 ::1 GET /assets/global/plugins/select2/css/select2.min.css - 51722 - ::1 Mozilla/5.0+(Windows+NT+10.0;+Win64;+x64)+AppleWebKit/537.36+(KHTML,+like+Gecko)+Chrome/64.0.3282.186+Safari/537.36 http://localhost:51722/User/LogOn 200 0 0 1075
2018-03-20 09:53:57 ::1 GET /assets/pages/css/login-5.min.css - 51722 - ::1 Mozilla/5.0+(Windows+NT+10.0;+Win64;+x64)+AppleWebKit/537.36+(KHTML,+like+Gecko)+Chrome/64.0.3282.186+Safari/537.36 http://localhost:51722/User/LogOn 200 0 0 749
2018-03-20 09:53:57 ::1 GET /assets/global/css/plugins.min.css - 51722 - ::1 Mozilla/5.0+(Windows+NT+10.0;+Win64;+x64)+AppleWebKit/537.36+(KHTML,+like+Gecko)+Chrome/64.0.3282.186+Safari/537.36 http://localhost:51722/User/LogOn 200 0 0 1028
2018-03-20 09:53:57 ::1 GET /assets/global/plugins/bootstrap/css/bootstrap.min.css - 51722 - ::1 Mozilla/5.0+(Windows+NT+10.0;+Win64;+x64)+AppleWebKit/537.36+(KHTML,+like+Gecko)+Chrome/64.0.3282.186+Safari/537.36 http://localhost:51722/User/LogOn 200 0 0 1596
2018-03-20 09:53:58 ::1 GET /assets/global/plugins/jquery.min.js - 51722 - ::1 Mozilla/5.0+(Windows+NT+10.0;+Win64;+x64)+AppleWebKit/537.36+(KHTML,+like+Gecko)+Chrome/64.0.3282.186+Safari/537.36 http://localhost:51722/User/LogOn 200 0 0 423
2018-03-20 09:53:58 ::1 GET /assets/global/plugins/bootstrap/js/bootstrap.min.js - 51722 - ::1 Mozilla/5.0+(Windows+NT+10.0;+Win64;+x64)+AppleWebKit/537.36+(KHTML,+like+Gecko)+Chrome/64.0.3282.186+Safari/537.36 http://localhost:51722/User/LogOn 200 0 0 199
2018-03-20 09:53:58 ::1 GET /assets/global/plugins/js.cookie.min.js - 51722 - ::1 Mozilla/5.0+(Windows+NT+10.0;+Win64;+x64)+AppleWebKit/537.36+(KHTML,+like+Gecko)+Chrome/64.0.3282.186+Safari/537.36 http://localhost:51722/User/LogOn 200 0 0 202
2018-03-20 09:53:58 ::1 GET /assets/global/plugins/jquery-slimscroll/jquery.slimscroll.min.js - 51722 - ::1 Mozilla/5.0+(Windows+NT+10.0;+Win64;+x64)+AppleWebKit/537.36+(KHTML,+like+Gecko)+Chrome/64.0.3282.186+Safari/537.36 http://localhost:51722/User/LogOn 200 0 0 397
2018-03-20 09:53:59 ::1 GET /assets/global/css/components.min.css - 51722 - ::1 Mozilla/5.0+(Windows+NT+10.0;+Win64;+x64)+AppleWebKit/537.36+(KHTML,+like+Gecko)+Chrome/64.0.3282.186+Safari/537.36 http://localhost:51722/User/LogOn 200 0 0 2877
2018-03-20 09:53:59 ::1 GET /assets/global/plugins/jquery.blockui.min.js - 51722 - ::1 Mozilla/5.0+(Windows+NT+10.0;+Win64;+x64)+AppleWebKit/537.36+(KHTML,+like+Gecko)+Chrome/64.0.3282.186+Safari/537.36 http://localhost:51722/User/LogOn 200 0 0 382
2018-03-20 09:53:59 ::1 GET /assets/global/plugins/jquery-validation/js/jquery.validate.min.js - 51722 - ::1 Mozilla/5.0+(Windows+NT+10.0;+Win64;+x64)+AppleWebKit/537.36+(KHTML,+like+Gecko)+Chrome/64.0.3282.186+Safari/537.36 http://localhost:51722/User/LogOn 200 0 0 300
2018-03-20 09:53:59 ::1 GET /assets/global/plugins/jquery-validation/js/additional-methods.min.js - 51722 - ::1 Mozilla/5.0+(Windows+NT+10.0;+Win64;+x64)+AppleWebKit/537.36+(KHTML,+like+Gecko)+Chrome/64.0.3282.186+Safari/537.36 http://localhost:51722/User/LogOn 200 0 0 466
2018-03-20 09:53:59 ::1 GET /assets/global/plugins/bootstrap-switch/js/bootstrap-switch.min.js - 51722 - ::1 Mozilla/5.0+(Windows+NT+10.0;+Win64;+x64)+AppleWebKit/537.36+(KHTML,+like+Gecko)+Chrome/64.0.3282.186+Safari/537.36 http://localhost:51722/User/LogOn 200 0 0 472
2018-03-20 09:53:59 ::1 GET /assets/global/plugins/backstretch/jquery.backstretch.min.js - 51722 - ::1 Mozilla/5.0+(Windows+NT+10.0;+Win64;+x64)+AppleWebKit/537.36+(KHTML,+like+Gecko)+Chrome/64.0.3282.186+Safari/537.36 http://localhost:51722/User/LogOn 200 0 0 600
2018-03-20 09:54:00 ::1 GET /assets/pages/scripts/login-5.min.js - 51722 - ::1 Mozilla/5.0+(Windows+NT+10.0;+Win64;+x64)+AppleWebKit/537.36+(KHTML,+like+Gecko)+Chrome/64.0.3282.186+Safari/537.36 http://localhost:51722/User/LogOn 200 0 0 411
2018-03-20 09:54:00 ::1 GET /assets/global/plugins/select2/js/select2.full.min.js - 51722 - ::1 Mozilla/5.0+(Windows+NT+10.0;+Win64;+x64)+AppleWebKit/537.36+(KHTML,+like+Gecko)+Chrome/64.0.3282.186+Safari/537.36 http://localhost:51722/User/LogOn 200 0 0 785
2018-03-20 09:54:00 ::1 GET /assets/global/scripts/app.min.js - 51722 - ::1 Mozilla/5.0+(Windows+NT+10.0;+Win64;+x64)+AppleWebKit/537.36+(KHTML,+like+Gecko)+Chrome/64.0.3282.186+Safari/537.36 http://localhost:51722/User/LogOn 200 0 0 927
2018-03-20 09:54:00 ::1 GET /images/logo_1.png - 51722 - ::1 Mozilla/5.0+(Windows+NT+10.0;+Win64;+x64)+AppleWebKit/537.36+(KHTML,+like+Gecko)+Chrome/64.0.3282.186+Safari/537.36 http://localhost:51722/User/LogOn 200 0 0 601
2018-03-20 09:54:00 ::1 GET /Images/sign-in-light.png - 51722 - ::1 Mozilla/5.0+(Windows+NT+10.0;+Win64;+x64)+AppleWebKit/537.36+(KHTML,+like+Gecko)+Chrome/64.0.3282.186+Safari/537.36 http://localhost:51722/User/LogOn 200 0 0 415
2018-03-20 09:54:02 ::1 GET /User/assets/pages/img/login/bg1.jpg - 51722 - ::1 Mozilla/5.0+(Windows+NT+10.0;+Win64;+x64)+AppleWebKit/537.36+(KHTML,+like+Gecko)+Chrome/64.0.3282.186+Safari/537.36 http://localhost:51722/User/LogOn 404 0 2 351
2018-03-20 09:54:07 ::1 GET /assets/pages/img/login/bg2.jpg - 51722 - ::1 Mozilla/5.0+(Windows+NT+10.0;+Win64;+x64)+AppleWebKit/537.36+(KHTML,+like+Gecko)+Chrome/64.0.3282.186+Safari/537.36 http://localhost:51722/User/LogOn 200 0 0 879
2018-03-20 09:54:07 ::1 GET /assets/pages/img/login/bg1.jpg - 51722 - ::1 Mozilla/5.0+(Windows+NT+10.0;+Win64;+x64)+AppleWebKit/537.36+(KHTML,+like+Gecko)+Chrome/64.0.3282.186+Safari/537.36 http://localhost:51722/User/LogOn 200 0 0 1021
2018-03-20 09:54:07 ::1 GET /favicon.ico - 51722 - ::1 Mozilla/5.0+(Windows+NT+10.0;+Win64;+x64)+AppleWebKit/537.36+(KHTML,+like+Gecko)+Chrome/64.0.3282.186+Safari/537.36 http://localhost:51722/User/LogOn 200 0 0 97
#Software: Microsoft Internet Information Services 8.0
#Version: 1.0
#Date: 2018-03-20 13:40:17
#Fields: date time s-ip cs-method cs-uri-stem cs-uri-query s-port cs-username c-ip cs(User-Agent) cs(Referer) sc-status sc-substatus sc-win32-status time-taken
2018-03-20 13:40:17 ::1 GET / - 51722 - ::1 Mozilla/5.0+(Windows+NT+10.0;+Win64;+x64)+AppleWebKit/537.36+(KHTML,+like+Gecko)+Chrome/64.0.3282.186+Safari/537.36 - 500 0 0 263659
#Software: Microsoft Internet Information Services 8.0
#Version: 1.0
#Date: 2018-03-20 14:10:00
#Fields: date time s-ip cs-method cs-uri-stem cs-uri-query s-port cs-username c-ip cs(User-Agent) cs(Referer) sc-status sc-substatus sc-win32-status time-taken
2018-03-20 14:10:00 ::1 GET / - 51722 - ::1 Mozilla/5.0+(Windows+NT+10.0;+Win64;+x64)+AppleWebKit/537.36+(KHTML,+like+Gecko)+Chrome/64.0.3282.186+Safari/537.36 - 302 0 0 47482
2018-03-20 14:10:06 ::1 GET /User/LogOn - 51722 - ::1 Mozilla/5.0+(Windows+NT+10.0;+Win64;+x64)+AppleWebKit/537.36+(KHTML,+like+Gecko)+Chrome/64.0.3282.186+Safari/537.36 - 200 0 0 5313
2018-03-20 14:10:06 ::1 GET /User/assets/pages/img/login/bg1.jpg - 51722 - ::1 Mozilla/5.0+(Windows+NT+10.0;+Win64;+x64)+AppleWebKit/537.36+(KHTML,+like+Gecko)+Chrome/64.0.3282.186+Safari/537.36 http://localhost:51722/User/LogOn 404 0 2 39
2018-03-20 14:10:40 ::1 POST /User/LogOn - 51722 - ::1 Mozilla/5.0+(Windows+NT+10.0;+Win64;+x64)+AppleWebKit/537.36+(KHTML,+like+Gecko)+Chrome/64.0.3282.186+Safari/537.36 http://localhost:51722/User/LogOn 302 0 0 21700
2018-03-20 14:15:21 ::1 GET / - 51722 qcemployee7.gorilla@gmail.com ::1 Mozilla/5.0+(Windows+NT+10.0;+Win64;+x64)+AppleWebKit/537.36+(KHTML,+like+Gecko)+Chrome/64.0.3282.186+Safari/537.36 http://localhost:51722/User/LogOn 200 0 0 281581
2018-03-20 14:15:21 ::1 GET /css/SiteLayoutPageForMasters-css v=AiRVo7cUBIiFwkQbOe4g2dRTXv-JAaPIqf7ujTO86-o1 51722 qcemployee7.gorilla@gmail.com ::1 Mozilla/5.0+(Windows+NT+10.0;+Win64;+x64)+AppleWebKit/537.36+(KHTML,+like+Gecko)+Chrome/64.0.3282.186+Safari/537.36 http://localhost:51722/ 200 0 0 92
2018-03-20 14:15:21 ::1 GET /Scripts/SiteLayoutPageForMasters-js v=Vlht4Qfm39Ck0shiJ4B7sBubUC4endoFXvVzayLHKnU1 51722 qcemployee7.gorilla@gmail.com ::1 Mozilla/5.0+(Windows+NT+10.0;+Win64;+x64)+AppleWebKit/537.36+(KHTML,+like+Gecko)+Chrome/64.0.3282.186+Safari/537.36 http://localhost:51722/ 200 0 0 215
2018-03-20 14:15:21 ::1 GET /images/icons/home_48.png - 51722 - ::1 Mozilla/5.0+(Windows+NT+10.0;+Win64;+x64)+AppleWebKit/537.36+(KHTML,+like+Gecko)+Chrome/64.0.3282.186+Safari/537.36 http://localhost:51722/ 200 0 0 134
2018-03-20 14:15:21 ::1 GET /Images/icons/cross.png - 51722 - ::1 Mozilla/5.0+(Windows+NT+10.0;+Win64;+x64)+AppleWebKit/537.36+(KHTML,+like+Gecko)+Chrome/64.0.3282.186+Safari/537.36 http://localhost:51722/ 200 0 0 79
2018-03-20 14:15:21 ::1 GET /images/icons/pie_chart_48.png - 51722 - ::1 Mozilla/5.0+(Windows+NT+10.0;+Win64;+x64)+AppleWebKit/537.36+(KHTML,+like+Gecko)+Chrome/64.0.3282.186+Safari/537.36 http://localhost:51722/ 200 0 0 92
2018-03-20 14:15:21 ::1 GET /images/icons/paper_pencil_48.png - 51722 - ::1 Mozilla/5.0+(Windows+NT+10.0;+Win64;+x64)+AppleWebKit/537.36+(KHTML,+like+Gecko)+Chrome/64.0.3282.186+Safari/537.36 http://localhost:51722/ 200 0 0 96
2018-03-20 14:15:22 ::1 GET /images/icons/add_48.png - 51722 - ::1 Mozilla/5.0+(Windows+NT+10.0;+Win64;+x64)+AppleWebKit/537.36+(KHTML,+like+Gecko)+Chrome/64.0.3282.186+Safari/537.36 http://localhost:51722/ 200 0 0 138
2018-03-20 14:15:22 ::1 GET /images/shortcut-button-bg.gif - 51722 - ::1 Mozilla/5.0+(Windows+NT+10.0;+Win64;+x64)+AppleWebKit/537.36+(KHTML,+like+Gecko)+Chrome/64.0.3282.186+Safari/537.36 http://localhost:51722/css/SiteLayoutPageForMasters-css?v=AiRVo7cUBIiFwkQbOe4g2dRTXv-JAaPIqf7ujTO86-o1 200 0 0 132
2018-03-20 14:17:44 ::1 GET /ReceiptBox - 51722 qcemployee7.gorilla@gmail.com ::1 Mozilla/5.0+(Windows+NT+10.0;+Win64;+x64)+AppleWebKit/537.36+(KHTML,+like+Gecko)+Chrome/64.0.3282.186+Safari/537.36 http://localhost:51722/ 200 0 0 91932
2018-03-20 14:17:44 ::1 GET /Scripts/jquery.mousewheel-3.0.6.pack.js - 51722 - ::1 Mozilla/5.0+(Windows+NT+10.0;+Win64;+x64)+AppleWebKit/537.36+(KHTML,+like+Gecko)+Chrome/64.0.3282.186+Safari/537.36 http://localhost:51722/ReceiptBox 200 0 0 51
2018-03-20 14:17:44 ::1 GET /Content/RecieptBox.css - 51722 - ::1 Mozilla/5.0+(Windows+NT+10.0;+Win64;+x64)+AppleWebKit/537.36+(KHTML,+like+Gecko)+Chrome/64.0.3282.186+Safari/537.36 http://localhost:51722/ReceiptBox 200 0 0 57
2018-03-20 14:17:44 ::1 GET /Content/jquery.qtip.min.css - 51722 - ::1 Mozilla/5.0+(Windows+NT+10.0;+Win64;+x64)+AppleWebKit/537.36+(KHTML,+like+Gecko)+Chrome/64.0.3282.186+Safari/537.36 http://localhost:51722/ReceiptBox 200 0 0 60
2018-03-20 14:17:44 ::1 GET /Content/jquery.fancybox.css - 51722 - ::1 Mozilla/5.0+(Windows+NT+10.0;+Win64;+x64)+AppleWebKit/537.36+(KHTML,+like+Gecko)+Chrome/64.0.3282.186+Safari/537.36 http://localhost:51722/ReceiptBox 200 0 0 81
2018-03-20 14:17:44 ::1 GET /Scripts/jquery.loading.1.6.4.js - 51722 - ::1 Mozilla/5.0+(Windows+NT+10.0;+Win64;+x64)+AppleWebKit/537.36+(KHTML,+like+Gecko)+Chrome/64.0.3282.186+Safari/537.36 http://localhost:51722/ReceiptBox 200 0 0 50
2018-03-20 14:17:44 ::1 GET /Scripts/jquery.twbsPagination.js - 51722 - ::1 Mozilla/5.0+(Windows+NT+10.0;+Win64;+x64)+AppleWebKit/537.36+(KHTML,+like+Gecko)+Chrome/64.0.3282.186+Safari/537.36 http://localhost:51722/ReceiptBox 200 0 0 76
2018-03-20 14:17:44 ::1 GET /Scripts/jQueryRotate.js - 51722 - ::1 Mozilla/5.0+(Windows+NT+10.0;+Win64;+x64)+AppleWebKit/537.36+(KHTML,+like+Gecko)+Chrome/64.0.3282.186+Safari/537.36 http://localhost:51722/ReceiptBox 200 0 0 106
2018-03-20 14:17:44 ::1 GET /Scripts/jquery.qtip.min.js - 51722 - ::1 Mozilla/5.0+(Windows+NT+10.0;+Win64;+x64)+AppleWebKit/537.36+(KHTML,+like+Gecko)+Chrome/64.0.3282.186+Safari/537.36 http://localhost:51722/ReceiptBox 200 0 0 104
2018-03-20 14:17:44 ::1 GET /Scripts/jquery.fancybox.js - 51722 - ::1 Mozilla/5.0+(Windows+NT+10.0;+Win64;+x64)+AppleWebKit/537.36+(KHTML,+like+Gecko)+Chrome/64.0.3282.186+Safari/537.36 http://localhost:51722/ReceiptBox 200 0 0 280
2018-03-20 14:17:44 ::1 GET /Scripts/jquery.imgcheckbox.js - 51722 - ::1 Mozilla/5.0+(Windows+NT+10.0;+Win64;+x64)+AppleWebKit/537.36+(KHTML,+like+Gecko)+Chrome/64.0.3282.186+Safari/537.36 http://localhost:51722/ReceiptBox 200 0 0 149
2018-03-20 14:17:44 ::1 GET /ReceiptUploades/QC1/qcemployee7gorilla@gmailcom/webThumb31201844304AM_31201844304AM.jpg - 51722 qcemployee7.gorilla@gmail.com ::1 Mozilla/5.0+(Windows+NT+10.0;+Win64;+x64)+AppleWebKit/537.36+(KHTML,+like+Gecko)+Chrome/64.0.3282.186+Safari/537.36 http://localhost:51722/ReceiptBox 200 0 0 67
2018-03-20 14:17:44 ::1 GET /ReceiptUploades/QC1/qcemployee7gorilla@gmailcom/webThumb31201824357AM_31201824357AM.jpg - 51722 qcemployee7.gorilla@gmail.com ::1 Mozilla/5.0+(Windows+NT+10.0;+Win64;+x64)+AppleWebKit/537.36+(KHTML,+like+Gecko)+Chrome/64.0.3282.186+Safari/537.36 http://localhost:51722/ReceiptBox 200 0 0 30
2018-03-20 14:17:44 ::1 GET /ReceiptUploades/QC1/qcemployee7gorilla@gmailcom/webThumb31201824411AM_31201824411AM.jpg - 51722 qcemployee7.gorilla@gmail.com ::1 Mozilla/5.0+(Windows+NT+10.0;+Win64;+x64)+AppleWebKit/537.36+(KHTML,+like+Gecko)+Chrome/64.0.3282.186+Safari/537.36 http://localhost:51722/ReceiptBox 200 0 0 72
2018-03-20 14:17:44 ::1 GET /ReceiptUploades/QC1/qcemployee7gorilla@gmailcom/webThumb31201811245AM_31201811245AM.png - 51722 qcemployee7.gorilla@gmail.com ::1 Mozilla/5.0+(Windows+NT+10.0;+Win64;+x64)+AppleWebKit/537.36+(KHTML,+like+Gecko)+Chrome/64.0.3282.186+Safari/537.36 http://localhost:51722/ReceiptBox 200 0 0 33
2018-03-20 14:17:44 ::1 GET /ReceiptUploades/QC1/qcemployee7gorilla@gmailcom/webThumb223201824820AM_223201824820AM.jpg - 51722 qcemployee7.gorilla@gmail.com ::1 Mozilla/5.0+(Windows+NT+10.0;+Win64;+x64)+AppleWebKit/537.36+(KHTML,+like+Gecko)+Chrome/64.0.3282.186+Safari/537.36 http://localhost:51722/ReceiptBox 200 0 0 14
2018-03-20 14:17:44 ::1 GET /Images/prev.png - 51722 - ::1 Mozilla/5.0+(Windows+NT+10.0;+Win64;+x64)+AppleWebKit/537.36+(KHTML,+like+Gecko)+Chrome/64.0.3282.186+Safari/537.36 http://localhost:51722/ReceiptBox 200 0 0 46
2018-03-20 14:17:44 ::1 GET /Images/first.png - 51722 - ::1 Mozilla/5.0+(Windows+NT+10.0;+Win64;+x64)+AppleWebKit/537.36+(KHTML,+like+Gecko)+Chrome/64.0.3282.186+Safari/537.36 http://localhost:51722/ReceiptBox 200 0 0 60
2018-03-20 14:17:44 ::1 GET /Images/last.png - 51722 - ::1 Mozilla/5.0+(Windows+NT+10.0;+Win64;+x64)+AppleWebKit/537.36+(KHTML,+like+Gecko)+Chrome/64.0.3282.186+Safari/537.36 http://localhost:51722/ReceiptBox 200 0 0 48
2018-03-20 14:17:44 ::1 GET /Images/next.png - 51722 - ::1 Mozilla/5.0+(Windows+NT+10.0;+Win64;+x64)+AppleWebKit/537.36+(KHTML,+like+Gecko)+Chrome/64.0.3282.186+Safari/537.36 http://localhost:51722/ReceiptBox 200 0 0 71
2018-03-20 14:17:44 ::1 GET /images/bg-form-field.gif - 51722 - ::1 Mozilla/5.0+(Windows+NT+10.0;+Win64;+x64)+AppleWebKit/537.36+(KHTML,+like+Gecko)+Chrome/64.0.3282.186+Safari/537.36 http://localhost:51722/ReceiptBox 200 0 0 7
2018-03-20 14:19:08 ::1 GET /Scripts/jquery.qtip.min.map - 51722 - ::1 Mozilla/5.0+(Windows+NT+10.0;+Win64;+x64)+AppleWebKit/537.36+(KHTML,+like+Gecko)+Chrome/64.0.3282.186+Safari/537.36 - 404 0 2 17
2018-03-20 14:19:43 ::1 GET /Scripts/jquery.qtip.min.map - 51722 - ::1 Mozilla/5.0+(Windows+NT+10.0;+Win64;+x64)+AppleWebKit/537.36+(KHTML,+like+Gecko)+Chrome/64.0.3282.186+Safari/537.36 - 404 0 2 3
2018-03-20 14:26:22 ::1 GET /User/LogOn - 51722 qcemployee7.gorilla@gmail.com ::1 Mozilla/5.0+(Windows+NT+10.0;+Win64;+x64)+AppleWebKit/537.36+(KHTML,+like+Gecko)+Chrome/64.0.3282.186+Safari/537.36 http://localhost:51722/ReceiptBox 200 0 0 16495
2018-03-20 14:26:44 ::1 GET /ReceiptBox - 51722 qcemployee7.gorilla@gmail.com ::1 Mozilla/5.0+(Windows+NT+10.0;+Win64;+x64)+AppleWebKit/537.36+(KHTML,+like+Gecko)+Chrome/64.0.3282.186+Safari/537.36 http://localhost:51722/ 302 0 0 18942
2018-03-20 14:26:44 ::1 GET /User/LogOn - 51722 qcemployee7.gorilla@gmail.com ::1 Mozilla/5.0+(Windows+NT+10.0;+Win64;+x64)+AppleWebKit/537.36+(KHTML,+like+Gecko)+Chrome/64.0.3282.186+Safari/537.36 http://localhost:51722/ 200 0 0 218
2018-03-20 14:26:44 ::1 GET /User/assets/pages/img/login/bg1.jpg - 51722 - ::1 Mozilla/5.0+(Windows+NT+10.0;+Win64;+x64)+AppleWebKit/537.36+(KHTML,+like+Gecko)+Chrome/64.0.3282.186+Safari/537.36 http://localhost:51722/User/LogOn 404 0 2 4
2018-03-20 14:27:09 ::1 POST /User/LogOn - 51722 qcemployee7.gorilla@gmail.com ::1 Mozilla/5.0+(Windows+NT+10.0;+Win64;+x64)+AppleWebKit/537.36+(KHTML,+like+Gecko)+Chrome/64.0.3282.186+Safari/537.36 http://localhost:51722/User/LogOn 302 0 0 16662
2018-03-20 14:31:38 ::1 GET / - 51722 qcemployee7.gorilla@gmail.com ::1 Mozilla/5.0+(Windows+NT+10.0;+Win64;+x64)+AppleWebKit/537.36+(KHTML,+like+Gecko)+Chrome/64.0.3282.186+Safari/537.36 http://localhost:51722/User/LogOn 200 0 0 268799
2018-03-20 14:32:28 ::1 GET /ReceiptBox - 51722 qcemployee7.gorilla@gmail.com ::1 Mozilla/5.0+(Windows+NT+10.0;+Win64;+x64)+AppleWebKit/537.36+(KHTML,+like+Gecko)+Chrome/64.0.3282.186+Safari/537.36 http://localhost:51722/ 200 0 0 8647
2018-03-20 14:32:28 ::1 GET /ReceiptUploades/QC1/qcemployee7gorilla@gmailcom/webThumb31201844304AM_31201844304AM.jpg - 51722 qcemployee7.gorilla@gmail.com ::1 Mozilla/5.0+(Windows+NT+10.0;+Win64;+x64)+AppleWebKit/537.36+(KHTML,+like+Gecko)+Chrome/64.0.3282.186+Safari/537.36 http://localhost:51722/ReceiptBox 200 0 0 23
2018-03-20 14:32:28 ::1 GET /ReceiptUploades/QC1/qcemployee7gorilla@gmailcom/webThumb31201824411AM_31201824411AM.jpg - 51722 qcemployee7.gorilla@gmail.com ::1 Mozilla/5.0+(Windows+NT+10.0;+Win64;+x64)+AppleWebKit/537.36+(KHTML,+like+Gecko)+Chrome/64.0.3282.186+Safari/537.36 http://localhost:51722/ReceiptBox 200 0 0 12
2018-03-20 14:32:28 ::1 GET /ReceiptUploades/QC1/qcemployee7gorilla@gmailcom/webThumb31201824357AM_31201824357AM.jpg - 51722 qcemployee7.gorilla@gmail.com ::1 Mozilla/5.0+(Windows+NT+10.0;+Win64;+x64)+AppleWebKit/537.36+(KHTML,+like+Gecko)+Chrome/64.0.3282.186+Safari/537.36 http://localhost:51722/ReceiptBox 200 0 0 10
2018-03-20 14:32:28 ::1 GET /ReceiptUploades/QC1/qcemployee7gorilla@gmailcom/webThumb31201811245AM_31201811245AM.png - 51722 qcemployee7.gorilla@gmail.com ::1 Mozilla/5.0+(Windows+NT+10.0;+Win64;+x64)+AppleWebKit/537.36+(KHTML,+like+Gecko)+Chrome/64.0.3282.186+Safari/537.36 http://localhost:51722/ReceiptBox 200 0 0 16
2018-03-20 14:32:28 ::1 GET /ReceiptUploades/QC1/qcemployee7gorilla@gmailcom/webThumb223201824820AM_223201824820AM.jpg - 51722 qcemployee7.gorilla@gmail.com ::1 Mozilla/5.0+(Windows+NT+10.0;+Win64;+x64)+AppleWebKit/537.36+(KHTML,+like+Gecko)+Chrome/64.0.3282.186+Safari/537.36 http://localhost:51722/ReceiptBox 200 0 0 10
2018-03-20 14:40:52 ::1 GET /User/LogOn - 51722 qcemployee7.gorilla@gmail.com ::1 Mozilla/5.0+(Windows+NT+10.0;+Win64;+x64)+AppleWebKit/537.36+(KHTML,+like+Gecko)+Chrome/64.0.3282.186+Safari/537.36 http://localhost:51722/ReceiptBox 302 0 0 3975
2018-03-20 14:43:33 ::1 GET /images/ui-bg_flat_0_aaaaaa_40x100.png - 51722 - ::1 Mozilla/5.0+(Windows+NT+10.0;+Win64;+x64)+AppleWebKit/537.36+(KHTML,+like+Gecko)+Chrome/64.0.3282.186+Safari/537.36 http://localhost:51722/css/SiteLayoutPageForMasters-css?v=AiRVo7cUBIiFwkQbOe4g2dRTXv-JAaPIqf7ujTO86-o1 200 0 0 1284
2018-03-20 14:43:33 ::1 GET /images/ui-bg_flat_75_ffffff_40x100.png - 51722 - ::1 Mozilla/5.0+(Windows+NT+10.0;+Win64;+x64)+AppleWebKit/537.36+(KHTML,+like+Gecko)+Chrome/64.0.3282.186+Safari/537.36 http://localhost:51722/css/SiteLayoutPageForMasters-css?v=AiRVo7cUBIiFwkQbOe4g2dRTXv-JAaPIqf7ujTO86-o1 200 0 0 1416
2018-03-20 14:43:33 ::1 GET /images/ui-icons_222222_256x240.png - 51722 - ::1 Mozilla/5.0+(Windows+NT+10.0;+Win64;+x64)+AppleWebKit/537.36+(KHTML,+like+Gecko)+Chrome/64.0.3282.186+Safari/537.36 http://localhost:51722/css/SiteLayoutPageForMasters-css?v=AiRVo7cUBIiFwkQbOe4g2dRTXv-JAaPIqf7ujTO86-o1 200 0 0 1614
2018-03-20 14:44:44 ::1 GET / - 51722 qcemployee7.gorilla@gmail.com ::1 Mozilla/5.0+(Windows+NT+10.0;+Win64;+x64)+AppleWebKit/537.36+(KHTML,+like+Gecko)+Chrome/64.0.3282.186+Safari/537.36 http://localhost:51722/ReceiptBox 200 0 0 231881
2018-03-20 14:48:32 ::1 GET /User/LogOut - 51722 qcemployee7.gorilla@gmail.com ::1 Mozilla/5.0+(Windows+NT+10.0;+Win64;+x64)+AppleWebKit/537.36+(KHTML,+like+Gecko)+Chrome/64.0.3282.186+Safari/537.36 http://localhost:51722/ReceiptBox 302 0 0 78
2018-03-20 14:48:34 ::1 GET /User/LogOut - 51722 - ::1 Mozilla/5.0+(Windows+NT+10.0;+Win64;+x64)+AppleWebKit/537.36+(KHTML,+like+Gecko)+Chrome/64.0.3282.186+Safari/537.36 http://localhost:51722/ReceiptBox 302 0 0 133
2018-03-20 14:48:34 ::1 GET / - 51722 - ::1 Mozilla/5.0+(Windows+NT+10.0;+Win64;+x64)+AppleWebKit/537.36+(KHTML,+like+Gecko)+Chrome/64.0.3282.186+Safari/537.36 http://localhost:51722/ReceiptBox 302 0 0 31
2018-03-20 14:48:39 ::1 GET /User/LogOn - 51722 - ::1 Mozilla/5.0+(Windows+NT+10.0;+Win64;+x64)+AppleWebKit/537.36+(KHTML,+like+Gecko)+Chrome/64.0.3282.186+Safari/537.36 http://localhost:51722/ReceiptBox 200 0 64 5103
2018-03-20 14:48:39 ::1 GET /User/LogOut - 51722 - ::1 Mozilla/5.0+(Windows+NT+10.0;+Win64;+x64)+AppleWebKit/537.36+(KHTML,+like+Gecko)+Chrome/64.0.3282.186+Safari/537.36 http://localhost:51722/ReceiptBox 302 0 0 1534
2018-03-20 14:48:39 ::1 GET / - 51722 - ::1 Mozilla/5.0+(Windows+NT+10.0;+Win64;+x64)+AppleWebKit/537.36+(KHTML,+like+Gecko)+Chrome/64.0.3282.186+Safari/537.36 http://localhost:51722/ReceiptBox 302 0 0 37
2018-03-20 14:48:39 ::1 GET /User/LogOut - 51722 - ::1 Mozilla/5.0+(Windows+NT+10.0;+Win64;+x64)+AppleWebKit/537.36+(KHTML,+like+Gecko)+Chrome/64.0.3282.186+Safari/537.36 http://localhost:51722/ReceiptBox 302 0 64 3579
2018-03-20 14:48:39 ::1 GET /User/LogOn - 51722 - ::1 Mozilla/5.0+(Windows+NT+10.0;+Win64;+x64)+AppleWebKit/537.36+(KHTML,+like+Gecko)+Chrome/64.0.3282.186+Safari/537.36 http://localhost:51722/ReceiptBox 200 0 0 310
2018-03-20 14:48:39 ::1 GET /User/assets/pages/img/login/bg1.jpg - 51722 - ::1 Mozilla/5.0+(Windows+NT+10.0;+Win64;+x64)+AppleWebKit/537.36+(KHTML,+like+Gecko)+Chrome/64.0.3282.186+Safari/537.36 http://localhost:51722/User/LogOn 404 0 2 7
2018-03-20 14:58:06 ::1 POST /User/LogOn - 51722 - ::1 Mozilla/5.0+(Windows+NT+10.0;+Win64;+x64)+AppleWebKit/537.36+(KHTML,+like+Gecko)+Chrome/64.0.3282.186+Safari/537.36 http://localhost:51722/User/LogOn 302 0 0 14093
2018-03-20 15:02:15 ::1 GET / - 51722 qcemployee7.gorilla@gmail.com ::1 Mozilla/5.0+(Windows+NT+10.0;+Win64;+x64)+AppleWebKit/537.36+(KHTML,+like+Gecko)+Chrome/64.0.3282.186+Safari/537.36 http://localhost:51722/User/LogOn 200 0 0 248247
2018-03-20 15:02:30 ::1 GET /ReceiptBox - 51722 qcemployee7.gorilla@gmail.com ::1 Mozilla/5.0+(Windows+NT+10.0;+Win64;+x64)+AppleWebKit/537.36+(KHTML,+like+Gecko)+Chrome/64.0.3282.186+Safari/537.36 http://localhost:51722/ 200 0 0 9759
2018-03-20 15:02:30 ::1 GET /ReceiptUploades/QC1/qcemployee7gorilla@gmailcom/webThumb31201824357AM_31201824357AM.jpg - 51722 qcemployee7.gorilla@gmail.com ::1 Mozilla/5.0+(Windows+NT+10.0;+Win64;+x64)+AppleWebKit/537.36+(KHTML,+like+Gecko)+Chrome/64.0.3282.186+Safari/537.36 http://localhost:51722/ReceiptBox 200 0 0 90
2018-03-20 15:02:30 ::1 GET /ReceiptUploades/QC1/qcemployee7gorilla@gmailcom/webThumb31201811245AM_31201811245AM.png - 51722 qcemployee7.gorilla@gmail.com ::1 Mozilla/5.0+(Windows+NT+10.0;+Win64;+x64)+AppleWebKit/537.36+(KHTML,+like+Gecko)+Chrome/64.0.3282.186+Safari/537.36 http://localhost:51722/ReceiptBox 200 0 0 90
2018-03-20 15:02:30 ::1 GET /ReceiptUploades/QC1/qcemployee7gorilla@gmailcom/webThumb31201844304AM_31201844304AM.jpg - 51722 qcemployee7.gorilla@gmail.com ::1 Mozilla/5.0+(Windows+NT+10.0;+Win64;+x64)+AppleWebKit/537.36+(KHTML,+like+Gecko)+Chrome/64.0.3282.186+Safari/537.36 http://localhost:51722/ReceiptBox 200 0 0 96
2018-03-20 15:02:30 ::1 GET /ReceiptUploades/QC1/qcemployee7gorilla@gmailcom/webThumb223201824820AM_223201824820AM.jpg - 51722 qcemployee7.gorilla@gmail.com ::1 Mozilla/5.0+(Windows+NT+10.0;+Win64;+x64)+AppleWebKit/537.36+(KHTML,+like+Gecko)+Chrome/64.0.3282.186+Safari/537.36 http://localhost:51722/ReceiptBox 200 0 0 92
2018-03-20 15:02:30 ::1 GET /ReceiptUploades/QC1/qcemployee7gorilla@gmailcom/webThumb31201824411AM_31201824411AM.jpg - 51722 qcemployee7.gorilla@gmail.com ::1 Mozilla/5.0+(Windows+NT+10.0;+Win64;+x64)+AppleWebKit/537.36+(KHTML,+like+Gecko)+Chrome/64.0.3282.186+Safari/537.36 http://localhost:51722/ReceiptBox 200 0 0 101
2018-03-20 15:02:53 ::1 GET /Scripts/jquery.qtip.min.map - 51722 - ::1 Mozilla/5.0+(Windows+NT+10.0;+Win64;+x64)+AppleWebKit/537.36+(KHTML,+like+Gecko)+Chrome/64.0.3282.186+Safari/537.36 - 404 0 2 3
2018-03-20 15:07:14 ::1 GET /Scripts/jquery.qtip.min.map - 51722 - ::1 Mozilla/5.0+(Windows+NT+10.0;+Win64;+x64)+AppleWebKit/537.36+(KHTML,+like+Gecko)+Chrome/64.0.3282.186+Safari/537.36 - 404 0 2 3
2018-03-20 15:08:34 ::1 GET /ReceiptBox - 51722 qcemployee7.gorilla@gmail.com ::1 Mozilla/5.0+(Windows+NT+10.0;+Win64;+x64)+AppleWebKit/537.36+(KHTML,+like+Gecko)+Chrome/64.0.3282.186+Safari/537.36 http://localhost:51722/ 200 0 0 7891
2018-03-20 15:08:34 ::1 GET /ReceiptUploades/QC1/qcemployee7gorilla@gmailcom/webThumb31201844304AM_31201844304AM.jpg - 51722 qcemployee7.gorilla@gmail.com ::1 Mozilla/5.0+(Windows+NT+10.0;+Win64;+x64)+AppleWebKit/537.36+(KHTML,+like+Gecko)+Chrome/64.0.3282.186+Safari/537.36 http://localhost:51722/ReceiptBox 200 0 0 27
2018-03-20 15:08:34 ::1 GET /ReceiptUploades/QC1/qcemployee7gorilla@gmailcom/webThumb31201824411AM_31201824411AM.jpg - 51722 qcemployee7.gorilla@gmail.com ::1 Mozilla/5.0+(Windows+NT+10.0;+Win64;+x64)+AppleWebKit/537.36+(KHTML,+like+Gecko)+Chrome/64.0.3282.186+Safari/537.36 http://localhost:51722/ReceiptBox 200 0 0 14
2018-03-20 15:08:34 ::1 GET /ReceiptUploades/QC1/qcemployee7gorilla@gmailcom/webThumb31201824357AM_31201824357AM.jpg - 51722 qcemployee7.gorilla@gmail.com ::1 Mozilla/5.0+(Windows+NT+10.0;+Win64;+x64)+AppleWebKit/537.36+(KHTML,+like+Gecko)+Chrome/64.0.3282.186+Safari/537.36 http://localhost:51722/ReceiptBox 200 0 0 14
2018-03-20 15:08:34 ::1 GET /ReceiptUploades/QC1/qcemployee7gorilla@gmailcom/webThumb31201811245AM_31201811245AM.png - 51722 qcemployee7.gorilla@gmail.com ::1 Mozilla/5.0+(Windows+NT+10.0;+Win64;+x64)+AppleWebKit/537.36+(KHTML,+like+Gecko)+Chrome/64.0.3282.186+Safari/537.36 http://localhost:51722/ReceiptBox 200 0 0 15
2018-03-20 15:08:34 ::1 GET /ReceiptUploades/QC1/qcemployee7gorilla@gmailcom/webThumb223201824820AM_223201824820AM.jpg - 51722 qcemployee7.gorilla@gmail.com ::1 Mozilla/5.0+(Windows+NT+10.0;+Win64;+x64)+AppleWebKit/537.36+(KHTML,+like+Gecko)+Chrome/64.0.3282.186+Safari/537.36 http://localhost:51722/ReceiptBox 200 0 0 17
2018-03-20 15:08:34 ::1 GET /favicon.ico - 51722 - ::1 Mozilla/5.0+(Windows+NT+10.0;+Win64;+x64)+AppleWebKit/537.36+(KHTML,+like+Gecko)+Chrome/64.0.3282.186+Safari/537.36 http://localhost:51722/ReceiptBox 200 0 0 41
2018-03-20 15:09:46 ::1 GET /ReceiptBox - 51722 qcemployee7.gorilla@gmail.com ::1 Mozilla/5.0+(Windows+NT+10.0;+Win64;+x64)+AppleWebKit/537.36+(KHTML,+like+Gecko)+Chrome/64.0.3282.186+Safari/537.36 http://localhost:51722/ 200 0 0 7364
2018-03-20 15:09:46 ::1 GET /ReceiptUploades/QC1/qcemployee7gorilla@gmailcom/webThumb31201844304AM_31201844304AM.jpg - 51722 qcemployee7.gorilla@gmail.com ::1 Mozilla/5.0+(Windows+NT+10.0;+Win64;+x64)+AppleWebKit/537.36+(KHTML,+like+Gecko)+Chrome/64.0.3282.186+Safari/537.36 http://localhost:51722/ReceiptBox 200 0 0 28
2018-03-20 15:09:46 ::1 GET /ReceiptUploades/QC1/qcemployee7gorilla@gmailcom/webThumb31201824411AM_31201824411AM.jpg - 51722 qcemployee7.gorilla@gmail.com ::1 Mozilla/5.0+(Windows+NT+10.0;+Win64;+x64)+AppleWebKit/537.36+(KHTML,+like+Gecko)+Chrome/64.0.3282.186+Safari/537.36 http://localhost:51722/ReceiptBox 200 0 0 18
2018-03-20 15:09:46 ::1 GET /ReceiptUploades/QC1/qcemployee7gorilla@gmailcom/webThumb31201824357AM_31201824357AM.jpg - 51722 qcemployee7.gorilla@gmail.com ::1 Mozilla/5.0+(Windows+NT+10.0;+Win64;+x64)+AppleWebKit/537.36+(KHTML,+like+Gecko)+Chrome/64.0.3282.186+Safari/537.36 http://localhost:51722/ReceiptBox 200 0 0 17
2018-03-20 15:09:46 ::1 GET /ReceiptUploades/QC1/qcemployee7gorilla@gmailcom/webThumb31201811245AM_31201811245AM.png - 51722 qcemployee7.gorilla@gmail.com ::1 Mozilla/5.0+(Windows+NT+10.0;+Win64;+x64)+AppleWebKit/537.36+(KHTML,+like+Gecko)+Chrome/64.0.3282.186+Safari/537.36 http://localhost:51722/ReceiptBox 200 0 0 17
2018-03-20 15:09:46 ::1 GET /ReceiptUploades/QC1/qcemployee7gorilla@gmailcom/webThumb223201824820AM_223201824820AM.jpg - 51722 qcemployee7.gorilla@gmail.com ::1 Mozilla/5.0+(Windows+NT+10.0;+Win64;+x64)+AppleWebKit/537.36+(KHTML,+like+Gecko)+Chrome/64.0.3282.186+Safari/537.36 http://localhost:51722/ReceiptBox 200 0 0 32
2018-03-20 15:09:46 ::1 GET /favicon.ico - 51722 - ::1 Mozilla/5.0+(Windows+NT+10.0;+Win64;+x64)+AppleWebKit/537.36+(KHTML,+like+Gecko)+Chrome/64.0.3282.186+Safari/537.36 http://localhost:51722/ReceiptBox 200 0 0 13
2018-03-20 15:10:15 ::1 GET /ReceiptBox - 51722 qcemployee7.gorilla@gmail.com ::1 Mozilla/5.0+(Windows+NT+10.0;+Win64;+x64)+AppleWebKit/537.36+(KHTML,+like+Gecko)+Chrome/64.0.3282.186+Safari/537.36 http://localhost:51722/ 200 0 0 4792
2018-03-20 15:10:15 ::1 GET /ReceiptUploades/QC1/qcemployee7gorilla@gmailcom/webThumb31201844304AM_31201844304AM.jpg - 51722 qcemployee7.gorilla@gmail.com ::1 Mozilla/5.0+(Windows+NT+10.0;+Win64;+x64)+AppleWebKit/537.36+(KHTML,+like+Gecko)+Chrome/64.0.3282.186+Safari/537.36 http://localhost:51722/ReceiptBox 200 0 0 23
2018-03-20 15:10:15 ::1 GET /ReceiptUploades/QC1/qcemployee7gorilla@gmailcom/webThumb31201824411AM_31201824411AM.jpg - 51722 qcemployee7.gorilla@gmail.com ::1 Mozilla/5.0+(Windows+NT+10.0;+Win64;+x64)+AppleWebKit/537.36+(KHTML,+like+Gecko)+Chrome/64.0.3282.186+Safari/537.36 http://localhost:51722/ReceiptBox 200 0 0 19
2018-03-20 15:10:15 ::1 GET /ReceiptUploades/QC1/qcemployee7gorilla@gmailcom/webThumb31201824357AM_31201824357AM.jpg - 51722 qcemployee7.gorilla@gmail.com ::1 Mozilla/5.0+(Windows+NT+10.0;+Win64;+x64)+AppleWebKit/537.36+(KHTML,+like+Gecko)+Chrome/64.0.3282.186+Safari/537.36 http://localhost:51722/ReceiptBox 200 0 0 16
2018-03-20 15:10:15 ::1 GET /ReceiptUploades/QC1/qcemployee7gorilla@gmailcom/webThumb31201811245AM_31201811245AM.png - 51722 qcemployee7.gorilla@gmail.com ::1 Mozilla/5.0+(Windows+NT+10.0;+Win64;+x64)+AppleWebKit/537.36+(KHTML,+like+Gecko)+Chrome/64.0.3282.186+Safari/537.36 http://localhost:51722/ReceiptBox 200 0 0 17
2018-03-20 15:10:15 ::1 GET /ReceiptUploades/QC1/qcemployee7gorilla@gmailcom/webThumb223201824820AM_223201824820AM.jpg - 51722 qcemployee7.gorilla@gmail.com ::1 Mozilla/5.0+(Windows+NT+10.0;+Win64;+x64)+AppleWebKit/537.36+(KHTML,+like+Gecko)+Chrome/64.0.3282.186+Safari/537.36 http://localhost:51722/ReceiptBox 200 0 0 14
2018-03-20 15:10:15 ::1 GET /favicon.ico - 51722 - ::1 Mozilla/5.0+(Windows+NT+10.0;+Win64;+x64)+AppleWebKit/537.36+(KHTML,+like+Gecko)+Chrome/64.0.3282.186+Safari/537.36 http://localhost:51722/ReceiptBox 200 0 0 17
2018-03-20 15:10:23 ::1 GET /Scripts/jquery.qtip.min.map - 51722 - ::1 Mozilla/5.0+(Windows+NT+10.0;+Win64;+x64)+AppleWebKit/537.36+(KHTML,+like+Gecko)+Chrome/64.0.3282.186+Safari/537.36 - 404 0 2 1
2018-03-20 15:11:09 ::1 GET /ReceiptBox - 51722 qcemployee7.gorilla@gmail.com ::1 Mozilla/5.0+(Windows+NT+10.0;+Win64;+x64)+AppleWebKit/537.36+(KHTML,+like+Gecko)+Chrome/64.0.3282.186+Safari/537.36 http://localhost:51722/ 500 0 0 16657
2018-03-20 15:11:09 ::1 GET /Scripts/chosen/chosen.css - 51722 - ::1 Mozilla/5.0+(Windows+NT+10.0;+Win64;+x64)+AppleWebKit/537.36+(KHTML,+like+Gecko)+Chrome/64.0.3282.186+Safari/537.36 http://localhost:51722/ReceiptBox 200 0 0 23
2018-03-20 15:11:09 ::1 GET /Scripts/chosen/chosen.jquery.js - 51722 - ::1 Mozilla/5.0+(Windows+NT+10.0;+Win64;+x64)+AppleWebKit/537.36+(KHTML,+like+Gecko)+Chrome/64.0.3282.186+Safari/537.36 http://localhost:51722/ReceiptBox 200 0 0 49
2018-03-20 15:11:09 ::1 GET /favicon.ico - 51722 - ::1 Mozilla/5.0+(Windows+NT+10.0;+Win64;+x64)+AppleWebKit/537.36+(KHTML,+like+Gecko)+Chrome/64.0.3282.186+Safari/537.36 http://localhost:51722/ReceiptBox 200 0 0 11
2018-03-20 15:11:12 ::1 GET /__browserLink/requestData/a023365fc2924f6e92721b3009db0ff9 version=2 51722 qcemployee7.gorilla@gmail.com ::1 Mozilla/5.0+(Windows+NT+10.0;+Win64;+x64)+AppleWebKit/537.36+(KHTML,+like+Gecko)+Chrome/64.0.3282.186+Safari/537.36 http://localhost:51722/ReceiptBox 200 0 0 159
#Software: Microsoft Internet Information Services 8.0
#Version: 1.0
#Date: 2018-03-20 15:12:32
#Fields: date time s-ip cs-method cs-uri-stem cs-uri-query s-port cs-username c-ip cs(User-Agent) cs(Referer) sc-status sc-substatus sc-win32-status time-taken
2018-03-20 15:12:32 ::1 GET /ReceiptBox/UnAttachedReciepts - 51722 qcemployee7.gorilla@gmail.com ::1 Mozilla/5.0+(Windows+NT+10.0;+Win64;+x64)+AppleWebKit/537.36+(KHTML,+like+Gecko)+Chrome/64.0.3282.186+Safari/537.36 - 302 0 0 26384
2018-03-20 15:12:37 ::1 GET /User/LogOn - 51722 qcemployee7.gorilla@gmail.com ::1 Mozilla/5.0+(Windows+NT+10.0;+Win64;+x64)+AppleWebKit/537.36+(KHTML,+like+Gecko)+Chrome/64.0.3282.186+Safari/537.36 - 200 0 0 603
2018-03-20 15:12:37 ::1 GET /User/assets/pages/img/login/bg1.jpg - 51722 - ::1 Mozilla/5.0+(Windows+NT+10.0;+Win64;+x64)+AppleWebKit/537.36+(KHTML,+like+Gecko)+Chrome/64.0.3282.186+Safari/537.36 http://localhost:51722/User/LogOn 404 0 2 18
2018-03-20 15:12:59 ::1 GET /ReceiptBox - 51722 qcemployee7.gorilla@gmail.com ::1 Mozilla/5.0+(Windows+NT+10.0;+Win64;+x64)+AppleWebKit/537.36+(KHTML,+like+Gecko)+Chrome/64.0.3282.186+Safari/537.36 - 302 0 64 53121
2018-03-20 15:12:59 ::1 GET /Error/NotFound aspxerrorpath=/ReceiptBox/UnAttachedReciepts 51722 qcemployee7.gorilla@gmail.com ::1 Mozilla/5.0+(Windows+NT+10.0;+Win64;+x64)+AppleWebKit/537.36+(KHTML,+like+Gecko)+Chrome/64.0.3282.186+Safari/537.36 - 302 0 64 26698
2018-03-20 15:13:13 ::1 POST /User/LogOn - 51722 qcemployee7.gorilla@gmail.com ::1 Mozilla/5.0+(Windows+NT+10.0;+Win64;+x64)+AppleWebKit/537.36+(KHTML,+like+Gecko)+Chrome/64.0.3282.186+Safari/537.36 http://localhost:51722/User/LogOn 302 0 0 28304
2018-03-20 15:13:13 ::1 GET / - 51722 qcemployee7.gorilla@gmail.com ::1 Mozilla/5.0+(Windows+NT+10.0;+Win64;+x64)+AppleWebKit/537.36+(KHTML,+like+Gecko)+Chrome/64.0.3282.186+Safari/537.36 http://localhost:51722/User/LogOn 302 0 0 23
2018-03-20 15:13:13 ::1 GET /User/LogOn - 51722 qcemployee7.gorilla@gmail.com ::1 Mozilla/5.0+(Windows+NT+10.0;+Win64;+x64)+AppleWebKit/537.36+(KHTML,+like+Gecko)+Chrome/64.0.3282.186+Safari/537.36 http://localhost:51722/User/LogOn 200 0 0 258
2018-03-20 15:13:13 ::1 GET /User/assets/pages/img/login/bg1.jpg - 51722 - ::1 Mozilla/5.0+(Windows+NT+10.0;+Win64;+x64)+AppleWebKit/537.36+(KHTML,+like+Gecko)+Chrome/64.0.3282.186+Safari/537.36 http://localhost:51722/User/LogOn 404 0 2 4
#Software: Microsoft Internet Information Services 8.0
#Version: 1.0
#Date: 2018-03-20 15:14:37
#Fields: date time s-ip cs-method cs-uri-stem cs-uri-query s-port cs-username c-ip cs(User-Agent) cs(Referer) sc-status sc-substatus sc-win32-status time-taken
2018-03-20 15:14:37 ::1 GET /ReceiptBox/Index - 51722 qcemployee7.gorilla@gmail.com ::1 Mozilla/5.0+(Windows+NT+10.0;+Win64;+x64)+AppleWebKit/537.36+(KHTML,+like+Gecko)+Chrome/64.0.3282.186+Safari/537.36 - 302 0 0 34811
2018-03-20 15:14:38 ::1 GET /User/LogOn - 51722 qcemployee7.gorilla@gmail.com ::1 Mozilla/5.0+(Windows+NT+10.0;+Win64;+x64)+AppleWebKit/537.36+(KHTML,+like+Gecko)+Chrome/64.0.3282.186+Safari/537.36 - 200 0 0 1314
2018-03-20 15:14:38 ::1 GET /User/assets/pages/img/login/bg1.jpg - 51722 - ::1 Mozilla/5.0+(Windows+NT+10.0;+Win64;+x64)+AppleWebKit/537.36+(KHTML,+like+Gecko)+Chrome/64.0.3282.186+Safari/537.36 http://localhost:51722/User/LogOn 404 0 2 8
2018-03-20 15:16:05 ::1 POST /User/LogOn - 51722 qcemployee7.gorilla@gmail.com ::1 Mozilla/5.0+(Windows+NT+10.0;+Win64;+x64)+AppleWebKit/537.36+(KHTML,+like+Gecko)+Chrome/64.0.3282.186+Safari/537.36 http://localhost:51722/User/LogOn 302 0 0 15775
2018-03-20 15:20:09 ::1 GET / - 51722 qcemployee7.gorilla@gmail.com ::1 Mozilla/5.0+(Windows+NT+10.0;+Win64;+x64)+AppleWebKit/537.36+(KHTML,+like+Gecko)+Chrome/64.0.3282.186+Safari/537.36 http://localhost:51722/User/LogOn 200 0 0 243782
2018-03-20 15:22:35 ::1 GET /ReceiptBox - 51722 qcemployee7.gorilla@gmail.com ::1 Mozilla/5.0+(Windows+NT+10.0;+Win64;+x64)+AppleWebKit/537.36+(KHTML,+like+Gecko)+Chrome/64.0.3282.186+Safari/537.36 http://localhost:51722/ 200 0 0 7351
2018-03-20 15:22:35 ::1 GET /ReceiptUploades/QC1/qcemployee7gorilla@gmailcom/webThumb31201844304AM_31201844304AM.jpg - 51722 qcemployee7.gorilla@gmail.com ::1 Mozilla/5.0+(Windows+NT+10.0;+Win64;+x64)+AppleWebKit/537.36+(KHTML,+like+Gecko)+Chrome/64.0.3282.186+Safari/537.36 http://localhost:51722/ReceiptBox 200 0 0 82
2018-03-20 15:22:35 ::1 GET /ReceiptUploades/QC1/qcemployee7gorilla@gmailcom/webThumb223201824820AM_223201824820AM.jpg - 51722 qcemployee7.gorilla@gmail.com ::1 Mozilla/5.0+(Windows+NT+10.0;+Win64;+x64)+AppleWebKit/537.36+(KHTML,+like+Gecko)+Chrome/64.0.3282.186+Safari/537.36 http://localhost:51722/ReceiptBox 200 0 0 119
2018-03-20 15:22:35 ::1 GET /ReceiptUploades/QC1/qcemployee7gorilla@gmailcom/webThumb31201811245AM_31201811245AM.png - 51722 qcemployee7.gorilla@gmail.com ::1 Mozilla/5.0+(Windows+NT+10.0;+Win64;+x64)+AppleWebKit/537.36+(KHTML,+like+Gecko)+Chrome/64.0.3282.186+Safari/537.36 http://localhost:51722/ReceiptBox 200 0 0 137
2018-03-20 15:22:35 ::1 GET /ReceiptUploades/QC1/qcemployee7gorilla@gmailcom/webThumb31201824357AM_31201824357AM.jpg - 51722 qcemployee7.gorilla@gmail.com ::1 Mozilla/5.0+(Windows+NT+10.0;+Win64;+x64)+AppleWebKit/537.36+(KHTML,+like+Gecko)+Chrome/64.0.3282.186+Safari/537.36 http://localhost:51722/ReceiptBox 200 0 0 137
2018-03-20 15:22:35 ::1 GET /ReceiptUploades/QC1/qcemployee7gorilla@gmailcom/webThumb31201824411AM_31201824411AM.jpg - 51722 qcemployee7.gorilla@gmail.com ::1 Mozilla/5.0+(Windows+NT+10.0;+Win64;+x64)+AppleWebKit/537.36+(KHTML,+like+Gecko)+Chrome/64.0.3282.186+Safari/537.36 http://localhost:51722/ReceiptBox 200 0 0 168
2018-03-20 15:26:57 ::1 GET /ReceiptBox - 51722 qcemployee7.gorilla@gmail.com ::1 Mozilla/5.0+(Windows+NT+10.0;+Win64;+x64)+AppleWebKit/537.36+(KHTML,+like+Gecko)+Chrome/64.0.3282.186+Safari/537.36 http://localhost:51722/ 200 0 0 6102
2018-03-20 15:26:57 ::1 GET /ReceiptUploades/QC1/qcemployee7gorilla@gmailcom/webThumb31201844304AM_31201844304AM.jpg - 51722 qcemployee7.gorilla@gmail.com ::1 Mozilla/5.0+(Windows+NT+10.0;+Win64;+x64)+AppleWebKit/537.36+(KHTML,+like+Gecko)+Chrome/64.0.3282.186+Safari/537.36 http://localhost:51722/ReceiptBox 200 0 0 70
2018-03-20 15:26:57 ::1 GET /ReceiptUploades/QC1/qcemployee7gorilla@gmailcom/webThumb31201824411AM_31201824411AM.jpg - 51722 qcemployee7.gorilla@gmail.com ::1 Mozilla/5.0+(Windows+NT+10.0;+Win64;+x64)+AppleWebKit/537.36+(KHTML,+like+Gecko)+Chrome/64.0.3282.186+Safari/537.36 http://localhost:51722/ReceiptBox 200 0 0 41
2018-03-20 15:26:57 ::1 GET /ReceiptUploades/QC1/qcemployee7gorilla@gmailcom/webThumb31201824357AM_31201824357AM.jpg - 51722 qcemployee7.gorilla@gmail.com ::1 Mozilla/5.0+(Windows+NT+10.0;+Win64;+x64)+AppleWebKit/537.36+(KHTML,+like+Gecko)+Chrome/64.0.3282.186+Safari/537.36 http://localhost:51722/ReceiptBox 200 0 0 34
2018-03-20 15:26:57 ::1 GET /ReceiptUploades/QC1/qcemployee7gorilla@gmailcom/webThumb31201811245AM_31201811245AM.png - 51722 qcemployee7.gorilla@gmail.com ::1 Mozilla/5.0+(Windows+NT+10.0;+Win64;+x64)+AppleWebKit/537.36+(KHTML,+like+Gecko)+Chrome/64.0.3282.186+Safari/537.36 http://localhost:51722/ReceiptBox 200 0 0 26
2018-03-20 15:26:57 ::1 GET /ReceiptUploades/QC1/qcemployee7gorilla@gmailcom/webThumb223201824820AM_223201824820AM.jpg - 51722 qcemployee7.gorilla@gmail.com ::1 Mozilla/5.0+(Windows+NT+10.0;+Win64;+x64)+AppleWebKit/537.36+(KHTML,+like+Gecko)+Chrome/64.0.3282.186+Safari/537.36 http://localhost:51722/ReceiptBox 200 0 0 57
2018-03-20 15:26:57 ::1 GET /favicon.ico - 51722 - ::1 Mozilla/5.0+(Windows+NT+10.0;+Win64;+x64)+AppleWebKit/537.36+(KHTML,+like+Gecko)+Chrome/64.0.3282.186+Safari/537.36 http://localhost:51722/ReceiptBox 200 0 0 80
2018-03-20 15:28:53 ::1 GET /ReceiptBox - 51722 qcemployee7.gorilla@gmail.com ::1 Mozilla/5.0+(Windows+NT+10.0;+Win64;+x64)+AppleWebKit/537.36+(KHTML,+like+Gecko)+Chrome/64.0.3282.186+Safari/537.36 http://localhost:51722/ 200 0 0 5417
2018-03-20 15:28:53 ::1 GET /ReceiptUploades/QC1/qcemployee7gorilla@gmailcom/webThumb31201844304AM_31201844304AM.jpg - 51722 qcemployee7.gorilla@gmail.com ::1 Mozilla/5.0+(Windows+NT+10.0;+Win64;+x64)+AppleWebKit/537.36+(KHTML,+like+Gecko)+Chrome/64.0.3282.186+Safari/537.36 http://localhost:51722/ReceiptBox 200 0 0 24
2018-03-20 15:28:53 ::1 GET /ReceiptUploades/QC1/qcemployee7gorilla@gmailcom/webThumb31201824411AM_31201824411AM.jpg - 51722 qcemployee7.gorilla@gmail.com ::1 Mozilla/5.0+(Windows+NT+10.0;+Win64;+x64)+AppleWebKit/537.36+(KHTML,+like+Gecko)+Chrome/64.0.3282.186+Safari/537.36 http://localhost:51722/ReceiptBox 200 0 0 29
2018-03-20 15:28:53 ::1 GET /ReceiptUploades/QC1/qcemployee7gorilla@gmailcom/webThumb31201824357AM_31201824357AM.jpg - 51722 qcemployee7.gorilla@gmail.com ::1 Mozilla/5.0+(Windows+NT+10.0;+Win64;+x64)+AppleWebKit/537.36+(KHTML,+like+Gecko)+Chrome/64.0.3282.186+Safari/537.36 http://localhost:51722/ReceiptBox 200 0 0 26
2018-03-20 15:28:53 ::1 GET /ReceiptUploades/QC1/qcemployee7gorilla@gmailcom/webThumb223201824820AM_223201824820AM.jpg - 51722 qcemployee7.gorilla@gmail.com ::1 Mozilla/5.0+(Windows+NT+10.0;+Win64;+x64)+AppleWebKit/537.36+(KHTML,+like+Gecko)+Chrome/64.0.3282.186+Safari/537.36 http://localhost:51722/ReceiptBox 200 0 0 33
2018-03-20 15:28:53 ::1 GET /ReceiptUploades/QC1/qcemployee7gorilla@gmailcom/webThumb31201811245AM_31201811245AM.png - 51722 qcemployee7.gorilla@gmail.com ::1 Mozilla/5.0+(Windows+NT+10.0;+Win64;+x64)+AppleWebKit/537.36+(KHTML,+like+Gecko)+Chrome/64.0.3282.186+Safari/537.36 http://localhost:51722/ReceiptBox 200 0 0 36
2018-03-20 15:28:53 ::1 GET /favicon.ico - 51722 - ::1 Mozilla/5.0+(Windows+NT+10.0;+Win64;+x64)+AppleWebKit/537.36+(KHTML,+like+Gecko)+Chrome/64.0.3282.186+Safari/537.36 http://localhost:51722/ReceiptBox 200 0 0 21
2018-03-20 15:30:13 ::1 GET /ReceiptBox - 51722 qcemployee7.gorilla@gmail.com ::1 Mozilla/5.0+(Windows+NT+10.0;+Win64;+x64)+AppleWebKit/537.36+(KHTML,+like+Gecko)+Chrome/64.0.3282.186+Safari/537.36 http://localhost:51722/ 200 0 0 5949
2018-03-20 15:30:13 ::1 GET /ReceiptUploades/QC1/qcemployee7gorilla@gmailcom/webThumb31201844304AM_31201844304AM.jpg - 51722 qcemployee7.gorilla@gmail.com ::1 Mozilla/5.0+(Windows+NT+10.0;+Win64;+x64)+AppleWebKit/537.36+(KHTML,+like+Gecko)+Chrome/64.0.3282.186+Safari/537.36 http://localhost:51722/ReceiptBox 200 0 0 40
2018-03-20 15:30:13 ::1 GET /ReceiptUploades/QC1/qcemployee7gorilla@gmailcom/webThumb31201824411AM_31201824411AM.jpg - 51722 qcemployee7.gorilla@gmail.com ::1 Mozilla/5.0+(Windows+NT+10.0;+Win64;+x64)+AppleWebKit/537.36+(KHTML,+like+Gecko)+Chrome/64.0.3282.186+Safari/537.36 http://localhost:51722/ReceiptBox 200 0 0 22
2018-03-20 15:30:13 ::1 GET /ReceiptUploades/QC1/qcemployee7gorilla@gmailcom/webThumb31201824357AM_31201824357AM.jpg - 51722 qcemployee7.gorilla@gmail.com ::1 Mozilla/5.0+(Windows+NT+10.0;+Win64;+x64)+AppleWebKit/537.36+(KHTML,+like+Gecko)+Chrome/64.0.3282.186+Safari/537.36 http://localhost:51722/ReceiptBox 200 0 0 26
2018-03-20 15:30:13 ::1 GET /ReceiptUploades/QC1/qcemployee7gorilla@gmailcom/webThumb31201811245AM_31201811245AM.png - 51722 qcemployee7.gorilla@gmail.com ::1 Mozilla/5.0+(Windows+NT+10.0;+Win64;+x64)+AppleWebKit/537.36+(KHTML,+like+Gecko)+Chrome/64.0.3282.186+Safari/537.36 http://localhost:51722/ReceiptBox 200 0 0 20
2018-03-20 15:30:13 ::1 GET /ReceiptUploades/QC1/qcemployee7gorilla@gmailcom/webThumb223201824820AM_223201824820AM.jpg - 51722 qcemployee7.gorilla@gmail.com ::1 Mozilla/5.0+(Windows+NT+10.0;+Win64;+x64)+AppleWebKit/537.36+(KHTML,+like+Gecko)+Chrome/64.0.3282.186+Safari/537.36 http://localhost:51722/ReceiptBox 200 0 0 39
2018-03-20 15:30:13 ::1 GET /favicon.ico - 51722 - ::1 Mozilla/5.0+(Windows+NT+10.0;+Win64;+x64)+AppleWebKit/537.36+(KHTML,+like+Gecko)+Chrome/64.0.3282.186+Safari/537.36 http://localhost:51722/ReceiptBox 200 0 0 30
2018-03-20 15:30:37 ::1 GET /ReceiptBox - 51722 qcemployee7.gorilla@gmail.com ::1 Mozilla/5.0+(Windows+NT+10.0;+Win64;+x64)+AppleWebKit/537.36+(KHTML,+like+Gecko)+Chrome/64.0.3282.186+Safari/537.36 http://localhost:51722/ 200 0 0 5489
2018-03-20 15:30:37 ::1 GET /Content/RecieptBox.css - 51722 - ::1 Mozilla/5.0+(Windows+NT+10.0;+Win64;+x64)+AppleWebKit/537.36+(KHTML,+like+Gecko)+Chrome/64.0.3282.186+Safari/537.36 http://localhost:51722/ReceiptBox 200 0 0 28
2018-03-20 15:30:37 ::1 GET /Content/jquery.fancybox.css - 51722 - ::1 Mozilla/5.0+(Windows+NT+10.0;+Win64;+x64)+AppleWebKit/537.36+(KHTML,+like+Gecko)+Chrome/64.0.3282.186+Safari/537.36 http://localhost:51722/ReceiptBox 200 0 0 44
2018-03-20 15:30:37 ::1 GET /Content/jquery.qtip.min.css - 51722 - ::1 Mozilla/5.0+(Windows+NT+10.0;+Win64;+x64)+AppleWebKit/537.36+(KHTML,+like+Gecko)+Chrome/64.0.3282.186+Safari/537.36 http://localhost:51722/ReceiptBox 200 0 0 47
2018-03-20 15:30:37 ::1 GET /css/SiteLayoutPageForMasters-css v=AiRVo7cUBIiFwkQbOe4g2dRTXv-JAaPIqf7ujTO86-o1 51722 qcemployee7.gorilla@gmail.com ::1 Mozilla/5.0+(Windows+NT+10.0;+Win64;+x64)+AppleWebKit/537.36+(KHTML,+like+Gecko)+Chrome/64.0.3282.186+Safari/537.36 http://localhost:51722/ReceiptBox 200 0 0 60
2018-03-20 15:30:37 ::1 GET /Scripts/SiteLayoutPageForMasters-js v=Vlht4Qfm39Ck0shiJ4B7sBubUC4endoFXvVzayLHKnU1 51722 qcemployee7.gorilla@gmail.com ::1 Mozilla/5.0+(Windows+NT+10.0;+Win64;+x64)+AppleWebKit/537.36+(KHTML,+like+Gecko)+Chrome/64.0.3282.186+Safari/537.36 http://localhost:51722/ReceiptBox 200 0 0 185
2018-03-20 15:30:37 ::1 GET /Scripts/jquery.mousewheel-3.0.6.pack.js - 51722 - ::1 Mozilla/5.0+(Windows+NT+10.0;+Win64;+x64)+AppleWebKit/537.36+(KHTML,+like+Gecko)+Chrome/64.0.3282.186+Safari/537.36 http://localhost:51722/ReceiptBox 200 0 0 75
2018-03-20 15:30:37 ::1 GET /Scripts/jQueryRotate.js - 51722 - ::1 Mozilla/5.0+(Windows+NT+10.0;+Win64;+x64)+AppleWebKit/537.36+(KHTML,+like+Gecko)+Chrome/64.0.3282.186+Safari/537.36 http://localhost:51722/ReceiptBox 200 0 0 113
2018-03-20 15:30:37 ::1 GET /Scripts/jquery.loading.1.6.4.js - 51722 - ::1 Mozilla/5.0+(Windows+NT+10.0;+Win64;+x64)+AppleWebKit/537.36+(KHTML,+like+Gecko)+Chrome/64.0.3282.186+Safari/537.36 http://localhost:51722/ReceiptBox 200 0 0 139
2018-03-20 15:30:37 ::1 GET /Scripts/jquery.twbsPagination.js - 51722 - ::1 Mozilla/5.0+(Windows+NT+10.0;+Win64;+x64)+AppleWebKit/537.36+(KHTML,+like+Gecko)+Chrome/64.0.3282.186+Safari/537.36 http://localhost:51722/ReceiptBox 200 0 0 52
2018-03-20 15:30:37 ::1 GET /images/logo_1.png - 51722 - ::1 Mozilla/5.0+(Windows+NT+10.0;+Win64;+x64)+AppleWebKit/537.36+(KHTML,+like+Gecko)+Chrome/64.0.3282.186+Safari/537.36 http://localhost:51722/ReceiptBox 200 0 0 55
2018-03-20 15:30:37 ::1 GET /Scripts/jquery.qtip.min.js - 51722 - ::1 Mozilla/5.0+(Windows+NT+10.0;+Win64;+x64)+AppleWebKit/537.36+(KHTML,+like+Gecko)+Chrome/64.0.3282.186+Safari/537.36 http://localhost:51722/ReceiptBox 200 0 0 79
2018-03-20 15:30:37 ::1 GET /Scripts/jquery.imgcheckbox.js - 51722 - ::1 Mozilla/5.0+(Windows+NT+10.0;+Win64;+x64)+AppleWebKit/537.36+(KHTML,+like+Gecko)+Chrome/64.0.3282.186+Safari/537.36 http://localhost:51722/ReceiptBox 200 0 0 102
2018-03-20 15:30:37 ::1 GET /ReceiptUploades/QC1/qcemployee7gorilla@gmailcom/webThumb31201844304AM_31201844304AM.jpg - 51722 qcemployee7.gorilla@gmail.com ::1 Mozilla/5.0+(Windows+NT+10.0;+Win64;+x64)+AppleWebKit/537.36+(KHTML,+like+Gecko)+Chrome/64.0.3282.186+Safari/537.36 http://localhost:51722/ReceiptBox 200 0 0 97
2018-03-20 15:30:37 ::1 GET /Scripts/jquery.fancybox.js - 51722 - ::1 Mozilla/5.0+(Windows+NT+10.0;+Win64;+x64)+AppleWebKit/537.36+(KHTML,+like+Gecko)+Chrome/64.0.3282.186+Safari/537.36 http://localhost:51722/ReceiptBox 200 0 0 323
2018-03-20 15:30:37 ::1 GET /Images/first.png - 51722 - ::1 Mozilla/5.0+(Windows+NT+10.0;+Win64;+x64)+AppleWebKit/537.36+(KHTML,+like+Gecko)+Chrome/64.0.3282.186+Safari/537.36 http://localhost:51722/ReceiptBox 200 0 0 34
2018-03-20 15:30:37 ::1 GET /ReceiptUploades/QC1/qcemployee7gorilla@gmailcom/webThumb31201811245AM_31201811245AM.png - 51722 qcemployee7.gorilla@gmail.com ::1 Mozilla/5.0+(Windows+NT+10.0;+Win64;+x64)+AppleWebKit/537.36+(KHTML,+like+Gecko)+Chrome/64.0.3282.186+Safari/537.36 http://localhost:51722/ReceiptBox 200 0 0 84
2018-03-20 15:30:37 ::1 GET /Images/prev.png - 51722 - ::1 Mozilla/5.0+(Windows+NT+10.0;+Win64;+x64)+AppleWebKit/537.36+(KHTML,+like+Gecko)+Chrome/64.0.3282.186+Safari/537.36 http://localhost:51722/ReceiptBox 200 0 0 23
2018-03-20 15:30:37 ::1 GET /Images/next.png - 51722 - ::1 Mozilla/5.0+(Windows+NT+10.0;+Win64;+x64)+AppleWebKit/537.36+(KHTML,+like+Gecko)+Chrome/64.0.3282.186+Safari/537.36 http://localhost:51722/ReceiptBox 200 0 0 29
2018-03-20 15:30:37 ::1 GET /ReceiptUploades/QC1/qcemployee7gorilla@gmailcom/webThumb31201824357AM_31201824357AM.jpg - 51722 qcemployee7.gorilla@gmail.com ::1 Mozilla/5.0+(Windows+NT+10.0;+Win64;+x64)+AppleWebKit/537.36+(KHTML,+like+Gecko)+Chrome/64.0.3282.186+Safari/537.36 http://localhost:51722/ReceiptBox 200 0 0 102
2018-03-20 15:30:37 ::1 GET /ReceiptUploades/QC1/qcemployee7gorilla@gmailcom/webThumb31201824411AM_31201824411AM.jpg - 51722 qcemployee7.gorilla@gmail.com ::1 Mozilla/5.0+(Windows+NT+10.0;+Win64;+x64)+AppleWebKit/537.36+(KHTML,+like+Gecko)+Chrome/64.0.3282.186+Safari/537.36 http://localhost:51722/ReceiptBox 200 0 0 182
2018-03-20 15:30:37 ::1 GET /ReceiptUploades/QC1/qcemployee7gorilla@gmailcom/webThumb223201824820AM_223201824820AM.jpg - 51722 qcemployee7.gorilla@gmail.com ::1 Mozilla/5.0+(Windows+NT+10.0;+Win64;+x64)+AppleWebKit/537.36+(KHTML,+like+Gecko)+Chrome/64.0.3282.186+Safari/537.36 http://localhost:51722/ReceiptBox 200 0 0 107
2018-03-20 15:30:37 ::1 GET /Images/last.png - 51722 - ::1 Mozilla/5.0+(Windows+NT+10.0;+Win64;+x64)+AppleWebKit/537.36+(KHTML,+like+Gecko)+Chrome/64.0.3282.186+Safari/537.36 http://localhost:51722/ReceiptBox 200 0 0 24
2018-03-20 15:30:37 ::1 GET /images/bg-form-field.gif - 51722 - ::1 Mozilla/5.0+(Windows+NT+10.0;+Win64;+x64)+AppleWebKit/537.36+(KHTML,+like+Gecko)+Chrome/64.0.3282.186+Safari/537.36 http://localhost:51722/ReceiptBox 200 0 0 12
2018-03-20 15:30:38 ::1 GET /favicon.ico - 51722 - ::1 Mozilla/5.0+(Windows+NT+10.0;+Win64;+x64)+AppleWebKit/537.36+(KHTML,+like+Gecko)+Chrome/64.0.3282.186+Safari/537.36 http://localhost:51722/ReceiptBox 200 0 0 32
2018-03-20 15:31:25 ::1 GET /ReceiptBox - 51722 qcemployee7.gorilla@gmail.com ::1 Mozilla/5.0+(Windows+NT+10.0;+Win64;+x64)+AppleWebKit/537.36+(KHTML,+like+Gecko)+Chrome/64.0.3282.186+Safari/537.36 http://localhost:51722/ 200 0 0 6576
2018-03-20 15:31:25 ::1 GET /ReceiptUploades/QC1/qcemployee7gorilla@gmailcom/webThumb31201844304AM_31201844304AM.jpg - 51722 qcemployee7.gorilla@gmail.com ::1 Mozilla/5.0+(Windows+NT+10.0;+Win64;+x64)+AppleWebKit/537.36+(KHTML,+like+Gecko)+Chrome/64.0.3282.186+Safari/537.36 http://localhost:51722/ReceiptBox 200 0 0 102
2018-03-20 15:31:25 ::1 GET /ReceiptUploades/QC1/qcemployee7gorilla@gmailcom/webThumb31201824411AM_31201824411AM.jpg - 51722 qcemployee7.gorilla@gmail.com ::1 Mozilla/5.0+(Windows+NT+10.0;+Win64;+x64)+AppleWebKit/537.36+(KHTML,+like+Gecko)+Chrome/64.0.3282.186+Safari/537.36 http://localhost:51722/ReceiptBox 200 0 0 49
2018-03-20 15:31:25 ::1 GET /ReceiptUploades/QC1/qcemployee7gorilla@gmailcom/webThumb31201824357AM_31201824357AM.jpg - 51722 qcemployee7.gorilla@gmail.com ::1 Mozilla/5.0+(Windows+NT+10.0;+Win64;+x64)+AppleWebKit/537.36+(KHTML,+like+Gecko)+Chrome/64.0.3282.186+Safari/537.36 http://localhost:51722/ReceiptBox 200 0 0 44
2018-03-20 15:31:25 ::1 GET /ReceiptUploades/QC1/qcemployee7gorilla@gmailcom/webThumb31201811245AM_31201811245AM.png - 51722 qcemployee7.gorilla@gmail.com ::1 Mozilla/5.0+(Windows+NT+10.0;+Win64;+x64)+AppleWebKit/537.36+(KHTML,+like+Gecko)+Chrome/64.0.3282.186+Safari/537.36 http://localhost:51722/ReceiptBox 200 0 0 22
2018-03-20 15:31:25 ::1 GET /ReceiptUploades/QC1/qcemployee7gorilla@gmailcom/webThumb223201824820AM_223201824820AM.jpg - 51722 qcemployee7.gorilla@gmail.com ::1 Mozilla/5.0+(Windows+NT+10.0;+Win64;+x64)+AppleWebKit/537.36+(KHTML,+like+Gecko)+Chrome/64.0.3282.186+Safari/537.36 http://localhost:51722/ReceiptBox 200 0 0 48
2018-03-20 15:31:25 ::1 GET /favicon.ico - 51722 - ::1 Mozilla/5.0+(Windows+NT+10.0;+Win64;+x64)+AppleWebKit/537.36+(KHTML,+like+Gecko)+Chrome/64.0.3282.186+Safari/537.36 http://localhost:51722/ReceiptBox 200 0 0 46
2018-03-20 15:31:42 ::1 GET /Scripts/jquery.qtip.min.map - 51722 - ::1 Mozilla/5.0+(Windows+NT+10.0;+Win64;+x64)+AppleWebKit/537.36+(KHTML,+like+Gecko)+Chrome/64.0.3282.186+Safari/537.36 - 404 0 2 2
2018-03-20 15:32:23 ::1 GET /ReceiptBox - 51722 qcemployee7.gorilla@gmail.com ::1 Mozilla/5.0+(Windows+NT+10.0;+Win64;+x64)+AppleWebKit/537.36+(KHTML,+like+Gecko)+Chrome/64.0.3282.186+Safari/537.36 http://localhost:51722/ 200 0 0 5803
2018-03-20 15:32:23 ::1 GET /css/SiteLayoutPageForMasters-css v=AiRVo7cUBIiFwkQbOe4g2dRTXv-JAaPIqf7ujTO86-o1 51722 qcemployee7.gorilla@gmail.com ::1 Mozilla/5.0+(Windows+NT+10.0;+Win64;+x64)+AppleWebKit/537.36+(KHTML,+like+Gecko)+Chrome/64.0.3282.186+Safari/537.36 http://localhost:51722/ReceiptBox 200 0 0 37
2018-03-20 15:32:23 ::1 GET /Content/RecieptBox.css - 51722 - ::1 Mozilla/5.0+(Windows+NT+10.0;+Win64;+x64)+AppleWebKit/537.36+(KHTML,+like+Gecko)+Chrome/64.0.3282.186+Safari/537.36 http://localhost:51722/ReceiptBox 200 0 0 152
2018-03-20 15:32:23 ::1 GET /Content/jquery.qtip.min.css - 51722 - ::1 Mozilla/5.0+(Windows+NT+10.0;+Win64;+x64)+AppleWebKit/537.36+(KHTML,+like+Gecko)+Chrome/64.0.3282.186+Safari/537.36 http://localhost:51722/ReceiptBox 200 0 0 163
2018-03-20 15:32:23 ::1 GET /Scripts/SiteLayoutPageForMasters-js v=Vlht4Qfm39Ck0shiJ4B7sBubUC4endoFXvVzayLHKnU1 51722 qcemployee7.gorilla@gmail.com ::1 Mozilla/5.0+(Windows+NT+10.0;+Win64;+x64)+AppleWebKit/537.36+(KHTML,+like+Gecko)+Chrome/64.0.3282.186+Safari/537.36 http://localhost:51722/ReceiptBox 200 0 0 196
2018-03-20 15:32:23 ::1 GET /Content/jquery.fancybox.css - 51722 - ::1 Mozilla/5.0+(Windows+NT+10.0;+Win64;+x64)+AppleWebKit/537.36+(KHTML,+like+Gecko)+Chrome/64.0.3282.186+Safari/537.36 http://localhost:51722/ReceiptBox 200 0 0 202
2018-03-20 15:32:23 ::1 GET /Scripts/jquery.mousewheel-3.0.6.pack.js - 51722 - ::1 Mozilla/5.0+(Windows+NT+10.0;+Win64;+x64)+AppleWebKit/537.36+(KHTML,+like+Gecko)+Chrome/64.0.3282.186+Safari/537.36 http://localhost:51722/ReceiptBox 200 0 0 36
2018-03-20 15:32:23 ::1 GET /images/logo_1.png - 51722 - ::1 Mozilla/5.0+(Windows+NT+10.0;+Win64;+x64)+AppleWebKit/537.36+(KHTML,+like+Gecko)+Chrome/64.0.3282.186+Safari/537.36 http://localhost:51722/ReceiptBox 200 0 0 24
2018-03-20 15:32:23 ::1 GET /Scripts/jquery.twbsPagination.js - 51722 - ::1 Mozilla/5.0+(Windows+NT+10.0;+Win64;+x64)+AppleWebKit/537.36+(KHTML,+like+Gecko)+Chrome/64.0.3282.186+Safari/537.36 http://localhost:51722/ReceiptBox 200 0 0 36
2018-03-20 15:32:23 ::1 GET /Scripts/jQueryRotate.js - 51722 - ::1 Mozilla/5.0+(Windows+NT+10.0;+Win64;+x64)+AppleWebKit/537.36+(KHTML,+like+Gecko)+Chrome/64.0.3282.186+Safari/537.36 http://localhost:51722/ReceiptBox 200 0 0 52
2018-03-20 15:32:23 ::1 GET /Scripts/jquery.loading.1.6.4.js - 51722 - ::1 Mozilla/5.0+(Windows+NT+10.0;+Win64;+x64)+AppleWebKit/537.36+(KHTML,+like+Gecko)+Chrome/64.0.3282.186+Safari/537.36 http://localhost:51722/ReceiptBox 200 0 0 66
2018-03-20 15:32:23 ::1 GET /Scripts/jquery.qtip.min.js - 51722 - ::1 Mozilla/5.0+(Windows+NT+10.0;+Win64;+x64)+AppleWebKit/537.36+(KHTML,+like+Gecko)+Chrome/64.0.3282.186+Safari/537.36 http://localhost:51722/ReceiptBox 200 0 0 69
2018-03-20 15:32:23 ::1 GET /Scripts/jquery.fancybox.js - 51722 - ::1 Mozilla/5.0+(Windows+NT+10.0;+Win64;+x64)+AppleWebKit/537.36+(KHTML,+like+Gecko)+Chrome/64.0.3282.186+Safari/537.36 http://localhost:51722/ReceiptBox 200 0 0 93
2018-03-20 15:32:23 ::1 GET /Scripts/jquery.imgcheckbox.js - 51722 - ::1 Mozilla/5.0+(Windows+NT+10.0;+Win64;+x64)+AppleWebKit/537.36+(KHTML,+like+Gecko)+Chrome/64.0.3282.186+Safari/537.36 http://localhost:51722/ReceiptBox 200 0 0 65
2018-03-20 15:32:23 ::1 GET /ReceiptUploades/QC1/qcemployee7gorilla@gmailcom/webThumb31201844304AM_31201844304AM.jpg - 51722 qcemployee7.gorilla@gmail.com ::1 Mozilla/5.0+(Windows+NT+10.0;+Win64;+x64)+AppleWebKit/537.36+(KHTML,+like+Gecko)+Chrome/64.0.3282.186+Safari/537.36 http://localhost:51722/ReceiptBox 200 0 0 67
2018-03-20 15:32:23 ::1 GET /ReceiptUploades/QC1/qcemployee7gorilla@gmailcom/webThumb31201824411AM_31201824411AM.jpg - 51722 qcemployee7.gorilla@gmail.com ::1 Mozilla/5.0+(Windows+NT+10.0;+Win64;+x64)+AppleWebKit/537.36+(KHTML,+like+Gecko)+Chrome/64.0.3282.186+Safari/537.36 http://localhost:51722/ReceiptBox 200 0 0 74
2018-03-20 15:32:23 ::1 GET /ReceiptUploades/QC1/qcemployee7gorilla@gmailcom/webThumb31201824357AM_31201824357AM.jpg - 51722 qcemployee7.gorilla@gmail.com ::1 Mozilla/5.0+(Windows+NT+10.0;+Win64;+x64)+AppleWebKit/537.36+(KHTML,+like+Gecko)+Chrome/64.0.3282.186+Safari/537.36 http://localhost:51722/ReceiptBox 200 0 0 22
2018-03-20 15:32:23 ::1 GET /ReceiptUploades/QC1/qcemployee7gorilla@gmailcom/webThumb31201811245AM_31201811245AM.png - 51722 qcemployee7.gorilla@gmail.com ::1 Mozilla/5.0+(Windows+NT+10.0;+Win64;+x64)+AppleWebKit/537.36+(KHTML,+like+Gecko)+Chrome/64.0.3282.186+Safari/537.36 http://localhost:51722/ReceiptBox 200 0 0 33
2018-03-20 15:32:23 ::1 GET /ReceiptUploades/QC1/qcemployee7gorilla@gmailcom/webThumb223201824820AM_223201824820AM.jpg - 51722 qcemployee7.gorilla@gmail.com ::1 Mozilla/5.0+(Windows+NT+10.0;+Win64;+x64)+AppleWebKit/537.36+(KHTML,+like+Gecko)+Chrome/64.0.3282.186+Safari/537.36 http://localhost:51722/ReceiptBox 200 0 0 72
2018-03-20 15:32:23 ::1 GET /images/bg-form-field.gif - 51722 - ::1 Mozilla/5.0+(Windows+NT+10.0;+Win64;+x64)+AppleWebKit/537.36+(KHTML,+like+Gecko)+Chrome/64.0.3282.186+Safari/537.36 http://localhost:51722/ReceiptBox 200 0 0 24
2018-03-20 15:32:23 ::1 GET /Images/prev.png - 51722 - ::1 Mozilla/5.0+(Windows+NT+10.0;+Win64;+x64)+AppleWebKit/537.36+(KHTML,+like+Gecko)+Chrome/64.0.3282.186+Safari/537.36 http://localhost:51722/ReceiptBox 200 0 0 65
2018-03-20 15:32:23 ::1 GET /Images/first.png - 51722 - ::1 Mozilla/5.0+(Windows+NT+10.0;+Win64;+x64)+AppleWebKit/537.36+(KHTML,+like+Gecko)+Chrome/64.0.3282.186+Safari/537.36 http://localhost:51722/ReceiptBox 200 0 0 80
2018-03-20 15:32:23 ::1 GET /Images/last.png - 51722 - ::1 Mozilla/5.0+(Windows+NT+10.0;+Win64;+x64)+AppleWebKit/537.36+(KHTML,+like+Gecko)+Chrome/64.0.3282.186+Safari/537.36 http://localhost:51722/ReceiptBox 200 0 0 78
2018-03-20 15:32:23 ::1 GET /Images/next.png - 51722 - ::1 Mozilla/5.0+(Windows+NT+10.0;+Win64;+x64)+AppleWebKit/537.36+(KHTML,+like+Gecko)+Chrome/64.0.3282.186+Safari/537.36 http://localhost:51722/ReceiptBox 200 0 0 84
2018-03-20 15:32:25 ::1 GET /favicon.ico - 51722 - ::1 Mozilla/5.0+(Windows+NT+10.0;+Win64;+x64)+AppleWebKit/537.36+(KHTML,+like+Gecko)+Chrome/64.0.3282.186+Safari/537.36 http://localhost:51722/ReceiptBox 200 0 0 44
2018-03-20 15:33:13 ::1 GET /Scripts/jquery.qtip.min.map - 51722 - ::1 Mozilla/5.0+(Windows+NT+10.0;+Win64;+x64)+AppleWebKit/537.36+(KHTML,+like+Gecko)+Chrome/64.0.3282.186+Safari/537.36 - 404 0 2 4
2018-03-20 15:33:55 ::1 GET /Scripts/jquery.qtip.min.map - 51722 - ::1 Mozilla/5.0+(Windows+NT+10.0;+Win64;+x64)+AppleWebKit/537.36+(KHTML,+like+Gecko)+Chrome/64.0.3282.186+Safari/537.36 - 404 0 2 3
2018-03-20 15:36:32 ::1 GET /ReceiptBox - 51722 qcemployee7.gorilla@gmail.com ::1 Mozilla/5.0+(Windows+NT+10.0;+Win64;+x64)+AppleWebKit/537.36+(KHTML,+like+Gecko)+Chrome/64.0.3282.186+Safari/537.36 http://localhost:51722/ 200 0 0 8104
2018-03-20 15:36:32 ::1 GET /ReceiptUploades/QC1/qcemployee7gorilla@gmailcom/webThumb31201844304AM_31201844304AM.jpg - 51722 qcemployee7.gorilla@gmail.com ::1 Mozilla/5.0+(Windows+NT+10.0;+Win64;+x64)+AppleWebKit/537.36+(KHTML,+like+Gecko)+Chrome/64.0.3282.186+Safari/537.36 http://localhost:51722/ReceiptBox 200 0 0 27
2018-03-20 15:36:32 ::1 GET /ReceiptUploades/QC1/qcemployee7gorilla@gmailcom/webThumb31201824411AM_31201824411AM.jpg - 51722 qcemployee7.gorilla@gmail.com ::1 Mozilla/5.0+(Windows+NT+10.0;+Win64;+x64)+AppleWebKit/537.36+(KHTML,+like+Gecko)+Chrome/64.0.3282.186+Safari/537.36 http://localhost:51722/ReceiptBox 200 0 0 13
2018-03-20 15:36:32 ::1 GET /ReceiptUploades/QC1/qcemployee7gorilla@gmailcom/webThumb31201824357AM_31201824357AM.jpg - 51722 qcemployee7.gorilla@gmail.com ::1 Mozilla/5.0+(Windows+NT+10.0;+Win64;+x64)+AppleWebKit/537.36+(KHTML,+like+Gecko)+Chrome/64.0.3282.186+Safari/537.36 http://localhost:51722/ReceiptBox 200 0 0 10
2018-03-20 15:36:32 ::1 GET /ReceiptUploades/QC1/qcemployee7gorilla@gmailcom/webThumb31201811245AM_31201811245AM.png - 51722 qcemployee7.gorilla@gmail.com ::1 Mozilla/5.0+(Windows+NT+10.0;+Win64;+x64)+AppleWebKit/537.36+(KHTML,+like+Gecko)+Chrome/64.0.3282.186+Safari/537.36 http://localhost:51722/ReceiptBox 200 0 0 22
2018-03-20 15:36:32 ::1 GET /ReceiptUploades/QC1/qcemployee7gorilla@gmailcom/webThumb223201824820AM_223201824820AM.jpg - 51722 qcemployee7.gorilla@gmail.com ::1 Mozilla/5.0+(Windows+NT+10.0;+Win64;+x64)+AppleWebKit/537.36+(KHTML,+like+Gecko)+Chrome/64.0.3282.186+Safari/537.36 http://localhost:51722/ReceiptBox 200 0 0 11
2018-03-20 15:36:32 ::1 GET /favicon.ico - 51722 - ::1 Mozilla/5.0+(Windows+NT+10.0;+Win64;+x64)+AppleWebKit/537.36+(KHTML,+like+Gecko)+Chrome/64.0.3282.186+Safari/537.36 http://localhost:51722/ReceiptBox 200 0 0 22
2018-03-20 15:40:12 ::1 GET /ReceiptBox - 51722 qcemployee7.gorilla@gmail.com ::1 Mozilla/5.0+(Windows+NT+10.0;+Win64;+x64)+AppleWebKit/537.36+(KHTML,+like+Gecko)+Chrome/64.0.3282.186+Safari/537.36 http://localhost:51722/ 200 0 0 5996
2018-03-20 15:40:12 ::1 GET /ReceiptUploades/QC1/qcemployee7gorilla@gmailcom/webThumb31201844304AM_31201844304AM.jpg - 51722 qcemployee7.gorilla@gmail.com ::1 Mozilla/5.0+(Windows+NT+10.0;+Win64;+x64)+AppleWebKit/537.36+(KHTML,+like+Gecko)+Chrome/64.0.3282.186+Safari/537.36 http://localhost:51722/ReceiptBox 200 0 0 40
2018-03-20 15:40:12 ::1 GET /ReceiptUploades/QC1/qcemployee7gorilla@gmailcom/webThumb31201824411AM_31201824411AM.jpg - 51722 qcemployee7.gorilla@gmail.com ::1 Mozilla/5.0+(Windows+NT+10.0;+Win64;+x64)+AppleWebKit/537.36+(KHTML,+like+Gecko)+Chrome/64.0.3282.186+Safari/537.36 http://localhost:51722/ReceiptBox 200 0 0 63
2018-03-20 15:40:12 ::1 GET /ReceiptUploades/QC1/qcemployee7gorilla@gmailcom/webThumb31201824357AM_31201824357AM.jpg - 51722 qcemployee7.gorilla@gmail.com ::1 Mozilla/5.0+(Windows+NT+10.0;+Win64;+x64)+AppleWebKit/537.36+(KHTML,+like+Gecko)+Chrome/64.0.3282.186+Safari/537.36 http://localhost:51722/ReceiptBox 200 0 0 50
2018-03-20 15:40:12 ::1 GET /ReceiptUploades/QC1/qcemployee7gorilla@gmailcom/webThumb31201811245AM_31201811245AM.png - 51722 qcemployee7.gorilla@gmail.com ::1 Mozilla/5.0+(Windows+NT+10.0;+Win64;+x64)+AppleWebKit/537.36+(KHTML,+like+Gecko)+Chrome/64.0.3282.186+Safari/537.36 http://localhost:51722/ReceiptBox 200 0 0 38
2018-03-20 15:40:12 ::1 GET /ReceiptUploades/QC1/qcemployee7gorilla@gmailcom/webThumb223201824820AM_223201824820AM.jpg - 51722 qcemployee7.gorilla@gmail.com ::1 Mozilla/5.0+(Windows+NT+10.0;+Win64;+x64)+AppleWebKit/537.36+(KHTML,+like+Gecko)+Chrome/64.0.3282.186+Safari/537.36 http://localhost:51722/ReceiptBox 200 0 0 56
2018-03-20 15:40:12 ::1 GET /favicon.ico - 51722 - ::1 Mozilla/5.0+(Windows+NT+10.0;+Win64;+x64)+AppleWebKit/537.36+(KHTML,+like+Gecko)+Chrome/64.0.3282.186+Safari/537.36 http://localhost:51722/ReceiptBox 200 0 0 30
2018-03-20 15:41:39 ::1 GET /ReceiptBox - 51722 qcemployee7.gorilla@gmail.com ::1 Mozilla/5.0+(Windows+NT+10.0;+Win64;+x64)+AppleWebKit/537.36+(KHTML,+like+Gecko)+Chrome/64.0.3282.186+Safari/537.36 http://localhost:51722/ 500 0 0 12964
2018-03-20 15:41:39 ::1 GET /favicon.ico - 51722 - ::1 Mozilla/5.0+(Windows+NT+10.0;+Win64;+x64)+AppleWebKit/537.36+(KHTML,+like+Gecko)+Chrome/64.0.3282.186+Safari/537.36 http://localhost:51722/ReceiptBox 200 0 0 23
2018-03-20 15:41:39 ::1 GET /__browserLink/requestData/ffa204c520734b83a5677a6cc4b7e7f9 version=2 51722 qcemployee7.gorilla@gmail.com ::1 Mozilla/5.0+(Windows+NT+10.0;+Win64;+x64)+AppleWebKit/537.36+(KHTML,+like+Gecko)+Chrome/64.0.3282.186+Safari/537.36 http://localhost:51722/ReceiptBox 200 0 0 26
2018-03-20 15:42:00 ::1 GET /ReceiptBox - 51722 qcemployee7.gorilla@gmail.com ::1 Mozilla/5.0+(Windows+NT+10.0;+Win64;+x64)+AppleWebKit/537.36+(KHTML,+like+Gecko)+Chrome/64.0.3282.186+Safari/537.36 http://localhost:51722/ReceiptBox 200 0 0 6335
2018-03-20 15:42:00 ::1 GET /ReceiptUploades/QC1/qcemployee7gorilla@gmailcom/webThumb31201844304AM_31201844304AM.jpg - 51722 qcemployee7.gorilla@gmail.com ::1 Mozilla/5.0+(Windows+NT+10.0;+Win64;+x64)+AppleWebKit/537.36+(KHTML,+like+Gecko)+Chrome/64.0.3282.186+Safari/537.36 http://localhost:51722/ReceiptBox 200 0 0 18
2018-03-20 15:42:00 ::1 GET /ReceiptUploades/QC1/qcemployee7gorilla@gmailcom/webThumb31201824411AM_31201824411AM.jpg - 51722 qcemployee7.gorilla@gmail.com ::1 Mozilla/5.0+(Windows+NT+10.0;+Win64;+x64)+AppleWebKit/537.36+(KHTML,+like+Gecko)+Chrome/64.0.3282.186+Safari/537.36 http://localhost:51722/ReceiptBox 200 0 0 17
2018-03-20 15:42:00 ::1 GET /ReceiptUploades/QC1/qcemployee7gorilla@gmailcom/webThumb31201824357AM_31201824357AM.jpg - 51722 qcemployee7.gorilla@gmail.com ::1 Mozilla/5.0+(Windows+NT+10.0;+Win64;+x64)+AppleWebKit/537.36+(KHTML,+like+Gecko)+Chrome/64.0.3282.186+Safari/537.36 http://localhost:51722/ReceiptBox 200 0 0 17
2018-03-20 15:42:00 ::1 GET /ReceiptUploades/QC1/qcemployee7gorilla@gmailcom/webThumb31201811245AM_31201811245AM.png - 51722 qcemployee7.gorilla@gmail.com ::1 Mozilla/5.0+(Windows+NT+10.0;+Win64;+x64)+AppleWebKit/537.36+(KHTML,+like+Gecko)+Chrome/64.0.3282.186+Safari/537.36 http://localhost:51722/ReceiptBox 200 0 0 18
2018-03-20 15:42:00 ::1 GET /ReceiptUploades/QC1/qcemployee7gorilla@gmailcom/webThumb223201824820AM_223201824820AM.jpg - 51722 qcemployee7.gorilla@gmail.com ::1 Mozilla/5.0+(Windows+NT+10.0;+Win64;+x64)+AppleWebKit/537.36+(KHTML,+like+Gecko)+Chrome/64.0.3282.186+Safari/537.36 http://localhost:51722/ReceiptBox 200 0 0 35
2018-03-20 15:43:06 ::1 GET /ReceiptBox - 51722 qcemployee7.gorilla@gmail.com ::1 Mozilla/5.0+(Windows+NT+10.0;+Win64;+x64)+AppleWebKit/537.36+(KHTML,+like+Gecko)+Chrome/64.0.3282.186+Safari/537.36 http://localhost:51722/ReceiptBox 200 0 0 5726
2018-03-20 15:43:06 ::1 GET /ReceiptUploades/QC1/qcemployee7gorilla@gmailcom/webThumb31201844304AM_31201844304AM.jpg - 51722 qcemployee7.gorilla@gmail.com ::1 Mozilla/5.0+(Windows+NT+10.0;+Win64;+x64)+AppleWebKit/537.36+(KHTML,+like+Gecko)+Chrome/64.0.3282.186+Safari/537.36 http://localhost:51722/ReceiptBox 200 0 0 35
2018-03-20 15:43:06 ::1 GET /ReceiptUploades/QC1/qcemployee7gorilla@gmailcom/webThumb31201824411AM_31201824411AM.jpg - 51722 qcemployee7.gorilla@gmail.com ::1 Mozilla/5.0+(Windows+NT+10.0;+Win64;+x64)+AppleWebKit/537.36+(KHTML,+like+Gecko)+Chrome/64.0.3282.186+Safari/537.36 http://localhost:51722/ReceiptBox 200 0 0 33
2018-03-20 15:43:06 ::1 GET /ReceiptUploades/QC1/qcemployee7gorilla@gmailcom/webThumb31201824357AM_31201824357AM.jpg - 51722 qcemployee7.gorilla@gmail.com ::1 Mozilla/5.0+(Windows+NT+10.0;+Win64;+x64)+AppleWebKit/537.36+(KHTML,+like+Gecko)+Chrome/64.0.3282.186+Safari/537.36 http://localhost:51722/ReceiptBox 200 0 0 45
2018-03-20 15:43:06 ::1 GET /ReceiptUploades/QC1/qcemployee7gorilla@gmailcom/webThumb31201811245AM_31201811245AM.png - 51722 qcemployee7.gorilla@gmail.com ::1 Mozilla/5.0+(Windows+NT+10.0;+Win64;+x64)+AppleWebKit/537.36+(KHTML,+like+Gecko)+Chrome/64.0.3282.186+Safari/537.36 http://localhost:51722/ReceiptBox 200 0 0 76
2018-03-20 15:43:06 ::1 GET /ReceiptUploades/QC1/qcemployee7gorilla@gmailcom/webThumb223201824820AM_223201824820AM.jpg - 51722 qcemployee7.gorilla@gmail.com ::1 Mozilla/5.0+(Windows+NT+10.0;+Win64;+x64)+AppleWebKit/537.36+(KHTML,+like+Gecko)+Chrome/64.0.3282.186+Safari/537.36 http://localhost:51722/ReceiptBox 200 0 0 155
2018-03-20 15:43:06 ::1 GET /favicon.ico - 51722 - ::1 Mozilla/5.0+(Windows+NT+10.0;+Win64;+x64)+AppleWebKit/537.36+(KHTML,+like+Gecko)+Chrome/64.0.3282.186+Safari/537.36 http://localhost:51722/ReceiptBox 200 0 0 65
2018-03-20 15:44:30 ::1 GET /ReceiptBox - 51722 qcemployee7.gorilla@gmail.com ::1 Mozilla/5.0+(Windows+NT+10.0;+Win64;+x64)+AppleWebKit/537.36+(KHTML,+like+Gecko)+Chrome/64.0.3282.186+Safari/537.36 http://localhost:51722/ReceiptBox 200 0 0 5360
2018-03-20 15:44:30 ::1 GET /ReceiptUploades/QC1/qcemployee7gorilla@gmailcom/webThumb31201844304AM_31201844304AM.jpg - 51722 qcemployee7.gorilla@gmail.com ::1 Mozilla/5.0+(Windows+NT+10.0;+Win64;+x64)+AppleWebKit/537.36+(KHTML,+like+Gecko)+Chrome/64.0.3282.186+Safari/537.36 http://localhost:51722/ReceiptBox 200 0 0 45
2018-03-20 15:44:30 ::1 GET /ReceiptUploades/QC1/qcemployee7gorilla@gmailcom/webThumb31201824411AM_31201824411AM.jpg - 51722 qcemployee7.gorilla@gmail.com ::1 Mozilla/5.0+(Windows+NT+10.0;+Win64;+x64)+AppleWebKit/537.36+(KHTML,+like+Gecko)+Chrome/64.0.3282.186+Safari/537.36 http://localhost:51722/ReceiptBox 200 0 0 34
2018-03-20 15:44:30 ::1 GET /ReceiptUploades/QC1/qcemployee7gorilla@gmailcom/webThumb31201824357AM_31201824357AM.jpg - 51722 qcemployee7.gorilla@gmail.com ::1 Mozilla/5.0+(Windows+NT+10.0;+Win64;+x64)+AppleWebKit/537.36+(KHTML,+like+Gecko)+Chrome/64.0.3282.186+Safari/537.36 http://localhost:51722/ReceiptBox 200 0 0 33
2018-03-20 15:44:30 ::1 GET /ReceiptUploades/QC1/qcemployee7gorilla@gmailcom/webThumb31201811245AM_31201811245AM.png - 51722 qcemployee7.gorilla@gmail.com ::1 Mozilla/5.0+(Windows+NT+10.0;+Win64;+x64)+AppleWebKit/537.36+(KHTML,+like+Gecko)+Chrome/64.0.3282.186+Safari/537.36 http://localhost:51722/ReceiptBox 200 0 0 77
2018-03-20 15:44:30 ::1 GET /ReceiptUploades/QC1/qcemployee7gorilla@gmailcom/webThumb223201824820AM_223201824820AM.jpg - 51722 qcemployee7.gorilla@gmail.com ::1 Mozilla/5.0+(Windows+NT+10.0;+Win64;+x64)+AppleWebKit/537.36+(KHTML,+like+Gecko)+Chrome/64.0.3282.186+Safari/537.36 http://localhost:51722/ReceiptBox 200 0 0 93
2018-03-20 15:44:30 ::1 GET /favicon.ico - 51722 - ::1 Mozilla/5.0+(Windows+NT+10.0;+Win64;+x64)+AppleWebKit/537.36+(KHTML,+like+Gecko)+Chrome/64.0.3282.186+Safari/537.36 http://localhost:51722/ReceiptBox 200 0 0 134
2018-03-20 15:45:39 ::1 GET /ReceiptBox - 51722 qcemployee7.gorilla@gmail.com ::1 Mozilla/5.0+(Windows+NT+10.0;+Win64;+x64)+AppleWebKit/537.36+(KHTML,+like+Gecko)+Chrome/64.0.3282.186+Safari/537.36 http://localhost:51722/ReceiptBox 200 0 0 5751
2018-03-20 15:45:39 ::1 GET /ReceiptUploades/QC1/qcemployee7gorilla@gmailcom/webThumb31201844304AM_31201844304AM.jpg - 51722 qcemployee7.gorilla@gmail.com ::1 Mozilla/5.0+(Windows+NT+10.0;+Win64;+x64)+AppleWebKit/537.36+(KHTML,+like+Gecko)+Chrome/64.0.3282.186+Safari/537.36 http://localhost:51722/ReceiptBox 200 0 0 110
2018-03-20 15:45:39 ::1 GET /ReceiptUploades/QC1/qcemployee7gorilla@gmailcom/webThumb31201824411AM_31201824411AM.jpg - 51722 qcemployee7.gorilla@gmail.com ::1 Mozilla/5.0+(Windows+NT+10.0;+Win64;+x64)+AppleWebKit/537.36+(KHTML,+like+Gecko)+Chrome/64.0.3282.186+Safari/537.36 http://localhost:51722/ReceiptBox 200 0 0 71
2018-03-20 15:45:39 ::1 GET /ReceiptUploades/QC1/qcemployee7gorilla@gmailcom/webThumb31201811245AM_31201811245AM.png - 51722 qcemployee7.gorilla@gmail.com ::1 Mozilla/5.0+(Windows+NT+10.0;+Win64;+x64)+AppleWebKit/537.36+(KHTML,+like+Gecko)+Chrome/64.0.3282.186+Safari/537.36 http://localhost:51722/ReceiptBox 200 0 0 138
2018-03-20 15:45:39 ::1 GET /ReceiptUploades/QC1/qcemployee7gorilla@gmailcom/webThumb31201824357AM_31201824357AM.jpg - 51722 qcemployee7.gorilla@gmail.com ::1 Mozilla/5.0+(Windows+NT+10.0;+Win64;+x64)+AppleWebKit/537.36+(KHTML,+like+Gecko)+Chrome/64.0.3282.186+Safari/537.36 http://localhost:51722/ReceiptBox 200 0 0 155
2018-03-20 15:45:39 ::1 GET /ReceiptUploades/QC1/qcemployee7gorilla@gmailcom/webThumb223201824820AM_223201824820AM.jpg - 51722 qcemployee7.gorilla@gmail.com ::1 Mozilla/5.0+(Windows+NT+10.0;+Win64;+x64)+AppleWebKit/537.36+(KHTML,+like+Gecko)+Chrome/64.0.3282.186+Safari/537.36 http://localhost:51722/ReceiptBox 200 0 0 262
2018-03-20 15:45:39 ::1 GET /favicon.ico - 51722 - ::1 Mozilla/5.0+(Windows+NT+10.0;+Win64;+x64)+AppleWebKit/537.36+(KHTML,+like+Gecko)+Chrome/64.0.3282.186+Safari/537.36 http://localhost:51722/ReceiptBox 200 0 0 24
2018-03-20 15:46:52 ::1 GET /ReceiptBox - 51722 qcemployee7.gorilla@gmail.com ::1 Mozilla/5.0+(Windows+NT+10.0;+Win64;+x64)+AppleWebKit/537.36+(KHTML,+like+Gecko)+Chrome/64.0.3282.186+Safari/537.36 http://localhost:51722/ReceiptBox 200 0 0 5387
2018-03-20 15:46:52 ::1 GET /ReceiptUploades/QC1/qcemployee7gorilla@gmailcom/webThumb31201844304AM_31201844304AM.jpg - 51722 qcemployee7.gorilla@gmail.com ::1 Mozilla/5.0+(Windows+NT+10.0;+Win64;+x64)+AppleWebKit/537.36+(KHTML,+like+Gecko)+Chrome/64.0.3282.186+Safari/537.36 http://localhost:51722/ReceiptBox 200 0 0 27
2018-03-20 15:46:52 ::1 GET /ReceiptUploades/QC1/qcemployee7gorilla@gmailcom/webThumb31201824411AM_31201824411AM.jpg - 51722 qcemployee7.gorilla@gmail.com ::1 Mozilla/5.0+(Windows+NT+10.0;+Win64;+x64)+AppleWebKit/537.36+(KHTML,+like+Gecko)+Chrome/64.0.3282.186+Safari/537.36 http://localhost:51722/ReceiptBox 200 0 0 38
2018-03-20 15:46:52 ::1 GET /ReceiptUploades/QC1/qcemployee7gorilla@gmailcom/webThumb31201824357AM_31201824357AM.jpg - 51722 qcemployee7.gorilla@gmail.com ::1 Mozilla/5.0+(Windows+NT+10.0;+Win64;+x64)+AppleWebKit/537.36+(KHTML,+like+Gecko)+Chrome/64.0.3282.186+Safari/537.36 http://localhost:51722/ReceiptBox 200 0 0 20
2018-03-20 15:46:52 ::1 GET /ReceiptUploades/QC1/qcemployee7gorilla@gmailcom/webThumb31201811245AM_31201811245AM.png - 51722 qcemployee7.gorilla@gmail.com ::1 Mozilla/5.0+(Windows+NT+10.0;+Win64;+x64)+AppleWebKit/537.36+(KHTML,+like+Gecko)+Chrome/64.0.3282.186+Safari/537.36 http://localhost:51722/ReceiptBox 200 0 0 44
2018-03-20 15:46:52 ::1 GET /ReceiptUploades/QC1/qcemployee7gorilla@gmailcom/webThumb223201824820AM_223201824820AM.jpg - 51722 qcemployee7.gorilla@gmail.com ::1 Mozilla/5.0+(Windows+NT+10.0;+Win64;+x64)+AppleWebKit/537.36+(KHTML,+like+Gecko)+Chrome/64.0.3282.186+Safari/537.36 http://localhost:51722/ReceiptBox 200 0 0 128
2018-03-20 15:46:52 ::1 GET /favicon.ico - 51722 - ::1 Mozilla/5.0+(Windows+NT+10.0;+Win64;+x64)+AppleWebKit/537.36+(KHTML,+like+Gecko)+Chrome/64.0.3282.186+Safari/537.36 http://localhost:51722/ReceiptBox 200 0 0 81
2018-03-20 15:48:51 ::1 GET /ReceiptBox - 51722 qcemployee7.gorilla@gmail.com ::1 Mozilla/5.0+(Windows+NT+10.0;+Win64;+x64)+AppleWebKit/537.36+(KHTML,+like+Gecko)+Chrome/64.0.3282.186+Safari/537.36 http://localhost:51722/ReceiptBox 200 0 0 5655
2018-03-20 15:48:51 ::1 GET /ReceiptUploades/QC1/qcemployee7gorilla@gmailcom/webThumb31201844304AM_31201844304AM.jpg - 51722 qcemployee7.gorilla@gmail.com ::1 Mozilla/5.0+(Windows+NT+10.0;+Win64;+x64)+AppleWebKit/537.36+(KHTML,+like+Gecko)+Chrome/64.0.3282.186+Safari/537.36 http://localhost:51722/ReceiptBox 200 0 0 35
2018-03-20 15:48:51 ::1 GET /ReceiptUploades/QC1/qcemployee7gorilla@gmailcom/webThumb31201824411AM_31201824411AM.jpg - 51722 qcemployee7.gorilla@gmail.com ::1 Mozilla/5.0+(Windows+NT+10.0;+Win64;+x64)+AppleWebKit/537.36+(KHTML,+like+Gecko)+Chrome/64.0.3282.186+Safari/537.36 http://localhost:51722/ReceiptBox 200 0 0 21
2018-03-20 15:48:51 ::1 GET /ReceiptUploades/QC1/qcemployee7gorilla@gmailcom/webThumb31201824357AM_31201824357AM.jpg - 51722 qcemployee7.gorilla@gmail.com ::1 Mozilla/5.0+(Windows+NT+10.0;+Win64;+x64)+AppleWebKit/537.36+(KHTML,+like+Gecko)+Chrome/64.0.3282.186+Safari/537.36 http://localhost:51722/ReceiptBox 200 0 0 23
2018-03-20 15:48:51 ::1 GET /ReceiptUploades/QC1/qcemployee7gorilla@gmailcom/webThumb31201811245AM_31201811245AM.png - 51722 qcemployee7.gorilla@gmail.com ::1 Mozilla/5.0+(Windows+NT+10.0;+Win64;+x64)+AppleWebKit/537.36+(KHTML,+like+Gecko)+Chrome/64.0.3282.186+Safari/537.36 http://localhost:51722/ReceiptBox 200 0 0 15
2018-03-20 15:48:51 ::1 GET /ReceiptUploades/QC1/qcemployee7gorilla@gmailcom/webThumb223201824820AM_223201824820AM.jpg - 51722 qcemployee7.gorilla@gmail.com ::1 Mozilla/5.0+(Windows+NT+10.0;+Win64;+x64)+AppleWebKit/537.36+(KHTML,+like+Gecko)+Chrome/64.0.3282.186+Safari/537.36 http://localhost:51722/ReceiptBox 200 0 0 175
2018-03-20 15:48:51 ::1 GET /favicon.ico - 51722 - ::1 Mozilla/5.0+(Windows+NT+10.0;+Win64;+x64)+AppleWebKit/537.36+(KHTML,+like+Gecko)+Chrome/64.0.3282.186+Safari/537.36 http://localhost:51722/ReceiptBox 200 0 0 27
2018-03-20 15:50:14 ::1 GET /ReceiptBox - 51722 qcemployee7.gorilla@gmail.com ::1 Mozilla/5.0+(Windows+NT+10.0;+Win64;+x64)+AppleWebKit/537.36+(KHTML,+like+Gecko)+Chrome/64.0.3282.186+Safari/537.36 http://localhost:51722/ReceiptBox 302 0 0 32854
2018-03-20 15:50:14 ::1 GET /User/LogOn - 51722 qcemployee7.gorilla@gmail.com ::1 Mozilla/5.0+(Windows+NT+10.0;+Win64;+x64)+AppleWebKit/537.36+(KHTML,+like+Gecko)+Chrome/64.0.3282.186+Safari/537.36 http://localhost:51722/ReceiptBox 200 0 0 540
2018-03-20 15:50:14 ::1 GET /User/assets/pages/img/login/bg1.jpg - 51722 - ::1 Mozilla/5.0+(Windows+NT+10.0;+Win64;+x64)+AppleWebKit/537.36+(KHTML,+like+Gecko)+Chrome/64.0.3282.186+Safari/537.36 http://localhost:51722/User/LogOn 404 0 2 7
2018-03-20 15:52:23 ::1 POST /User/LogOn - 51722 qcemployee7.gorilla@gmail.com ::1 Mozilla/5.0+(Windows+NT+10.0;+Win64;+x64)+AppleWebKit/537.36+(KHTML,+like+Gecko)+Chrome/64.0.3282.186+Safari/537.36 http://localhost:51722/User/LogOn 302 0 0 21438
2018-03-20 15:56:17 ::1 GET / - 51722 qcemployee7.gorilla@gmail.com ::1 Mozilla/5.0+(Windows+NT+10.0;+Win64;+x64)+AppleWebKit/537.36+(KHTML,+like+Gecko)+Chrome/64.0.3282.186+Safari/537.36 http://localhost:51722/User/LogOn 200 0 0 234130
2018-03-20 15:56:36 ::1 GET /ReceiptBox - 51722 qcemployee7.gorilla@gmail.com ::1 Mozilla/5.0+(Windows+NT+10.0;+Win64;+x64)+AppleWebKit/537.36+(KHTML,+like+Gecko)+Chrome/64.0.3282.186+Safari/537.36 http://localhost:51722/ 200 0 0 6163
2018-03-20 15:56:36 ::1 GET /resources/demos/style.css - 51722 - ::1 Mozilla/5.0+(Windows+NT+10.0;+Win64;+x64)+AppleWebKit/537.36+(KHTML,+like+Gecko)+Chrome/64.0.3282.186+Safari/537.36 http://localhost:51722/ReceiptBox 404 0 2 6
2018-03-20 15:56:36 ::1 GET /ReceiptUploades/QC1/qcemployee7gorilla@gmailcom/webThumb31201844304AM_31201844304AM.jpg - 51722 qcemployee7.gorilla@gmail.com ::1 Mozilla/5.0+(Windows+NT+10.0;+Win64;+x64)+AppleWebKit/537.36+(KHTML,+like+Gecko)+Chrome/64.0.3282.186+Safari/537.36 http://localhost:51722/ReceiptBox 200 0 0 25
2018-03-20 15:56:36 ::1 GET /ReceiptUploades/QC1/qcemployee7gorilla@gmailcom/webThumb31201824411AM_31201824411AM.jpg - 51722 qcemployee7.gorilla@gmail.com ::1 Mozilla/5.0+(Windows+NT+10.0;+Win64;+x64)+AppleWebKit/537.36+(KHTML,+like+Gecko)+Chrome/64.0.3282.186+Safari/537.36 http://localhost:51722/ReceiptBox 200 0 0 18
2018-03-20 15:56:36 ::1 GET /ReceiptUploades/QC1/qcemployee7gorilla@gmailcom/webThumb31201824357AM_31201824357AM.jpg - 51722 qcemployee7.gorilla@gmail.com ::1 Mozilla/5.0+(Windows+NT+10.0;+Win64;+x64)+AppleWebKit/537.36+(KHTML,+like+Gecko)+Chrome/64.0.3282.186+Safari/537.36 http://localhost:51722/ReceiptBox 200 0 0 13
2018-03-20 15:56:36 ::1 GET /ReceiptUploades/QC1/qcemployee7gorilla@gmailcom/webThumb31201811245AM_31201811245AM.png - 51722 qcemployee7.gorilla@gmail.com ::1 Mozilla/5.0+(Windows+NT+10.0;+Win64;+x64)+AppleWebKit/537.36+(KHTML,+like+Gecko)+Chrome/64.0.3282.186+Safari/537.36 http://localhost:51722/ReceiptBox 200 0 0 18
2018-03-20 15:56:36 ::1 GET /ReceiptUploades/QC1/qcemployee7gorilla@gmailcom/webThumb223201824820AM_223201824820AM.jpg - 51722 qcemployee7.gorilla@gmail.com ::1 Mozilla/5.0+(Windows+NT+10.0;+Win64;+x64)+AppleWebKit/537.36+(KHTML,+like+Gecko)+Chrome/64.0.3282.186+Safari/537.36 http://localhost:51722/ReceiptBox 200 0 0 44
2018-03-20 15:56:36 ::1 GET /resources/demos/style.css - 51722 - ::1 Mozilla/5.0+(Windows+NT+10.0;+Win64;+x64)+AppleWebKit/537.36+(KHTML,+like+Gecko)+Chrome/64.0.3282.186+Safari/537.36 http://localhost:51722/ReceiptBox 404 0 2 26
2018-03-20 16:05:07 ::1 GET /User/LogOn - 51722 qcemployee7.gorilla@gmail.com ::1 Mozilla/5.0+(Windows+NT+10.0;+Win64;+x64)+AppleWebKit/537.36+(KHTML,+like+Gecko)+Chrome/64.0.3282.186+Safari/537.36 http://localhost:51722/ReceiptBox 302 0 0 5392
2018-03-20 16:09:23 ::1 GET / - 51722 qcemployee7.gorilla@gmail.com ::1 Mozilla/5.0+(Windows+NT+10.0;+Win64;+x64)+AppleWebKit/537.36+(KHTML,+like+Gecko)+Chrome/64.0.3282.186+Safari/537.36 http://localhost:51722/ReceiptBox 200 0 0 255827
2018-03-20 16:12:21 ::1 GET /User/LogOut - 51722 qcemployee7.gorilla@gmail.com ::1 Mozilla/5.0+(Windows+NT+10.0;+Win64;+x64)+AppleWebKit/537.36+(KHTML,+like+Gecko)+Chrome/64.0.3282.186+Safari/537.36 http://localhost:51722/ReceiptBox 302 0 0 32
2018-03-20 16:12:22 ::1 GET /User/LogOut - 51722 - ::1 Mozilla/5.0+(Windows+NT+10.0;+Win64;+x64)+AppleWebKit/537.36+(KHTML,+like+Gecko)+Chrome/64.0.3282.186+Safari/537.36 http://localhost:51722/ReceiptBox 302 0 0 19
2018-03-20 16:12:22 ::1 GET / - 51722 - ::1 Mozilla/5.0+(Windows+NT+10.0;+Win64;+x64)+AppleWebKit/537.36+(KHTML,+like+Gecko)+Chrome/64.0.3282.186+Safari/537.36 http://localhost:51722/ReceiptBox 302 0 0 66
2018-03-20 16:12:37 ::1 GET /User/LogOn - 51722 - ::1 Mozilla/5.0+(Windows+NT+10.0;+Win64;+x64)+AppleWebKit/537.36+(KHTML,+like+Gecko)+Chrome/64.0.3282.186+Safari/537.36 http://localhost:51722/ReceiptBox 200 0 64 15094
2018-03-20 16:12:37 ::1 GET /User/LogOut - 51722 - ::1 Mozilla/5.0+(Windows+NT+10.0;+Win64;+x64)+AppleWebKit/537.36+(KHTML,+like+Gecko)+Chrome/64.0.3282.186+Safari/537.36 http://localhost:51722/ReceiptBox 302 0 0 1551
2018-03-20 16:12:37 ::1 GET / - 51722 - ::1 Mozilla/5.0+(Windows+NT+10.0;+Win64;+x64)+AppleWebKit/537.36+(KHTML,+like+Gecko)+Chrome/64.0.3282.186+Safari/537.36 http://localhost:51722/ReceiptBox 302 0 0 17
2018-03-20 16:12:37 ::1 GET /User/LogOut - 51722 - ::1 Mozilla/5.0+(Windows+NT+10.0;+Win64;+x64)+AppleWebKit/537.36+(KHTML,+like+Gecko)+Chrome/64.0.3282.186+Safari/537.36 http://localhost:51722/ReceiptBox 302 0 64 3723
2018-03-20 16:12:37 ::1 GET /User/LogOut - 51722 - ::1 Mozilla/5.0+(Windows+NT+10.0;+Win64;+x64)+AppleWebKit/537.36+(KHTML,+like+Gecko)+Chrome/64.0.3282.186+Safari/537.36 http://localhost:51722/ReceiptBox 302 0 64 5994
2018-03-20 16:12:37 ::1 GET /User/LogOn - 51722 - ::1 Mozilla/5.0+(Windows+NT+10.0;+Win64;+x64)+AppleWebKit/537.36+(KHTML,+like+Gecko)+Chrome/64.0.3282.186+Safari/537.36 http://localhost:51722/ReceiptBox 200 0 0 407
2018-03-20 16:12:37 ::1 GET /User/LogOut - 51722 - ::1 Mozilla/5.0+(Windows+NT+10.0;+Win64;+x64)+AppleWebKit/537.36+(KHTML,+like+Gecko)+Chrome/64.0.3282.186+Safari/537.36 http://localhost:51722/ReceiptBox 302 0 0 26
2018-03-20 16:12:37 ::1 GET / - 51722 - ::1 Mozilla/5.0+(Windows+NT+10.0;+Win64;+x64)+AppleWebKit/537.36+(KHTML,+like+Gecko)+Chrome/64.0.3282.186+Safari/537.36 http://localhost:51722/ReceiptBox 302 0 0 21
2018-03-20 16:12:38 ::1 GET /User/LogOut - 51722 - ::1 Mozilla/5.0+(Windows+NT+10.0;+Win64;+x64)+AppleWebKit/537.36+(KHTML,+like+Gecko)+Chrome/64.0.3282.186+Safari/537.36 http://localhost:51722/ReceiptBox 302 0 64 8385
2018-03-20 16:12:38 ::1 GET /User/LogOn - 51722 - ::1 Mozilla/5.0+(Windows+NT+10.0;+Win64;+x64)+AppleWebKit/537.36+(KHTML,+like+Gecko)+Chrome/64.0.3282.186+Safari/537.36 http://localhost:51722/ReceiptBox 200 0 0 312
2018-03-20 16:12:38 ::1 GET /User/assets/pages/img/login/bg1.jpg - 51722 - ::1 Mozilla/5.0+(Windows+NT+10.0;+Win64;+x64)+AppleWebKit/537.36+(KHTML,+like+Gecko)+Chrome/64.0.3282.186+Safari/537.36 http://localhost:51722/User/LogOn 404 0 2 2
2018-03-20 16:12:38 ::1 GET /User/LogOut - 51722 - ::1 Mozilla/5.0+(Windows+NT+10.0;+Win64;+x64)+AppleWebKit/537.36+(KHTML,+like+Gecko)+Chrome/64.0.3282.186+Safari/537.36 http://localhost:51722/ReceiptBox 302 0 64 14795
2018-03-20 16:12:38 ::1 GET /User/LogOut - 51722 - ::1 Mozilla/5.0+(Windows+NT+10.0;+Win64;+x64)+AppleWebKit/537.36+(KHTML,+like+Gecko)+Chrome/64.0.3282.186+Safari/537.36 http://localhost:51722/ReceiptBox 302 0 64 11280
2018-03-20 16:12:39 ::1 GET /User/LogOut - 51722 - ::1 Mozilla/5.0+(Windows+NT+10.0;+Win64;+x64)+AppleWebKit/537.36+(KHTML,+like+Gecko)+Chrome/64.0.3282.186+Safari/537.36 http://localhost:51722/ReceiptBox 302 0 64 13781
