#Software: Microsoft Internet Information Services 8.0
#Version: 1.0
#Date: 2018-05-04 10:09:52
#Fields: date time s-ip cs-method cs-uri-stem cs-uri-query s-port cs-username c-ip cs(User-Agent) cs(Referer) sc-status sc-substatus sc-win32-status time-taken
2018-05-04 10:09:52 ::1 GET / - 51722 - ::1 Mozilla/5.0+(Windows+NT+10.0;+Win64;+x64)+AppleWebKit/537.36+(KHTML,+like+Gecko)+Chrome/66.0.3359.139+Safari/537.36 - 302 0 0 39093
2018-05-04 10:09:59 ::1 GET /User/LogOn - 51722 - ::1 Mozilla/5.0+(Windows+NT+10.0;+Win64;+x64)+AppleWebKit/537.36+(KHTML,+like+Gecko)+Chrome/66.0.3359.139+Safari/537.36 - 200 0 0 6772
2018-05-04 10:09:59 ::1 GET /assets/global/plugins/bootstrap-switch/css/bootstrap-switch.min.css - 51722 - ::1 Mozilla/5.0+(Windows+NT+10.0;+Win64;+x64)+AppleWebKit/537.36+(KHTML,+like+Gecko)+Chrome/66.0.3359.139+Safari/537.36 http://localhost:51722/User/LogOn 200 0 0 103
2018-05-04 10:09:59 ::1 GET /assets/pages/css/font.css - 51722 - ::1 Mozilla/5.0+(Windows+NT+10.0;+Win64;+x64)+AppleWebKit/537.36+(KHTML,+like+Gecko)+Chrome/66.0.3359.139+Safari/537.36 http://localhost:51722/User/LogOn 200 0 0 109
2018-05-04 10:09:59 ::1 GET /assets/global/plugins/simple-line-icons/simple-line-icons.min.css - 51722 - ::1 Mozilla/5.0+(Windows+NT+10.0;+Win64;+x64)+AppleWebKit/537.36+(KHTML,+like+Gecko)+Chrome/66.0.3359.139+Safari/537.36 http://localhost:51722/User/LogOn 200 0 0 131
2018-05-04 10:09:59 ::1 GET /assets/global/plugins/bootstrap/css/bootstrap.min.css - 51722 - ::1 Mozilla/5.0+(Windows+NT+10.0;+Win64;+x64)+AppleWebKit/537.36+(KHTML,+like+Gecko)+Chrome/66.0.3359.139+Safari/537.36 http://localhost:51722/User/LogOn 200 0 0 131
2018-05-04 10:09:59 ::1 GET /assets/global/plugins/select2/css/select2-bootstrap.min.css - 51722 - ::1 Mozilla/5.0+(Windows+NT+10.0;+Win64;+x64)+AppleWebKit/537.36+(KHTML,+like+Gecko)+Chrome/66.0.3359.139+Safari/537.36 http://localhost:51722/User/LogOn 200 0 0 162
2018-05-04 10:09:59 ::1 GET /assets/global/plugins/select2/css/select2.min.css - 51722 - ::1 Mozilla/5.0+(Windows+NT+10.0;+Win64;+x64)+AppleWebKit/537.36+(KHTML,+like+Gecko)+Chrome/66.0.3359.139+Safari/537.36 http://localhost:51722/User/LogOn 200 0 0 216
2018-05-04 10:09:59 ::1 GET /assets/pages/css/login-5.min.css - 51722 - ::1 Mozilla/5.0+(Windows+NT+10.0;+Win64;+x64)+AppleWebKit/537.36+(KHTML,+like+Gecko)+Chrome/66.0.3359.139+Safari/537.36 http://localhost:51722/User/LogOn 200 0 0 108
2018-05-04 10:09:59 ::1 GET /assets/global/css/plugins.min.css - 51722 - ::1 Mozilla/5.0+(Windows+NT+10.0;+Win64;+x64)+AppleWebKit/537.36+(KHTML,+like+Gecko)+Chrome/66.0.3359.139+Safari/537.36 http://localhost:51722/User/LogOn 200 0 0 135
2018-05-04 10:09:59 ::1 GET /assets/global/css/components.min.css - 51722 - ::1 Mozilla/5.0+(Windows+NT+10.0;+Win64;+x64)+AppleWebKit/537.36+(KHTML,+like+Gecko)+Chrome/66.0.3359.139+Safari/537.36 http://localhost:51722/User/LogOn 200 0 0 202
2018-05-04 10:09:59 ::1 GET /assets/global/plugins/jquery.min.js - 51722 - ::1 Mozilla/5.0+(Windows+NT+10.0;+Win64;+x64)+AppleWebKit/537.36+(KHTML,+like+Gecko)+Chrome/66.0.3359.139+Safari/537.36 http://localhost:51722/User/LogOn 200 0 0 253
2018-05-04 10:09:59 ::1 GET /assets/global/plugins/js.cookie.min.js - 51722 - ::1 Mozilla/5.0+(Windows+NT+10.0;+Win64;+x64)+AppleWebKit/537.36+(KHTML,+like+Gecko)+Chrome/66.0.3359.139+Safari/537.36 http://localhost:51722/User/LogOn 200 0 0 127
2018-05-04 10:09:59 ::1 GET /assets/global/plugins/jquery.blockui.min.js - 51722 - ::1 Mozilla/5.0+(Windows+NT+10.0;+Win64;+x64)+AppleWebKit/537.36+(KHTML,+like+Gecko)+Chrome/66.0.3359.139+Safari/537.36 http://localhost:51722/User/LogOn 200 0 0 208
2018-05-04 10:09:59 ::1 GET /assets/global/plugins/jquery-slimscroll/jquery.slimscroll.min.js - 51722 - ::1 Mozilla/5.0+(Windows+NT+10.0;+Win64;+x64)+AppleWebKit/537.36+(KHTML,+like+Gecko)+Chrome/66.0.3359.139+Safari/537.36 http://localhost:51722/User/LogOn 200 0 0 268
2018-05-04 10:09:59 ::1 GET /User/assets/pages/img/login/bg1.jpg - 51722 - ::1 Mozilla/5.0+(Windows+NT+10.0;+Win64;+x64)+AppleWebKit/537.36+(KHTML,+like+Gecko)+Chrome/66.0.3359.139+Safari/537.36 http://localhost:51722/User/LogOn 404 0 2 167
2018-05-04 10:09:59 ::1 GET /assets/global/plugins/bootstrap-switch/js/bootstrap-switch.min.js - 51722 - ::1 Mozilla/5.0+(Windows+NT+10.0;+Win64;+x64)+AppleWebKit/537.36+(KHTML,+like+Gecko)+Chrome/66.0.3359.139+Safari/537.36 http://localhost:51722/User/LogOn 200 0 0 312
2018-05-04 10:09:59 ::1 GET /assets/global/plugins/bootstrap/js/bootstrap.min.js - 51722 - ::1 Mozilla/5.0+(Windows+NT+10.0;+Win64;+x64)+AppleWebKit/537.36+(KHTML,+like+Gecko)+Chrome/66.0.3359.139+Safari/537.36 http://localhost:51722/User/LogOn 200 0 0 336
2018-05-04 10:09:59 ::1 GET /images/logo_1.png - 51722 - ::1 Mozilla/5.0+(Windows+NT+10.0;+Win64;+x64)+AppleWebKit/537.36+(KHTML,+like+Gecko)+Chrome/66.0.3359.139+Safari/537.36 http://localhost:51722/User/LogOn 200 0 0 112
2018-05-04 10:09:59 ::1 GET /Images/sign-in-light.png - 51722 - ::1 Mozilla/5.0+(Windows+NT+10.0;+Win64;+x64)+AppleWebKit/537.36+(KHTML,+like+Gecko)+Chrome/66.0.3359.139+Safari/537.36 http://localhost:51722/User/LogOn 200 0 0 128
2018-05-04 10:09:59 ::1 GET /assets/global/plugins/jquery-validation/js/jquery.validate.min.js - 51722 - ::1 Mozilla/5.0+(Windows+NT+10.0;+Win64;+x64)+AppleWebKit/537.36+(KHTML,+like+Gecko)+Chrome/66.0.3359.139+Safari/537.36 http://localhost:51722/User/LogOn 200 0 0 164
2018-05-04 10:09:59 ::1 GET /assets/global/scripts/app.min.js - 51722 - ::1 Mozilla/5.0+(Windows+NT+10.0;+Win64;+x64)+AppleWebKit/537.36+(KHTML,+like+Gecko)+Chrome/66.0.3359.139+Safari/537.36 http://localhost:51722/User/LogOn 200 0 0 136
2018-05-04 10:09:59 ::1 GET /assets/global/plugins/backstretch/jquery.backstretch.min.js - 51722 - ::1 Mozilla/5.0+(Windows+NT+10.0;+Win64;+x64)+AppleWebKit/537.36+(KHTML,+like+Gecko)+Chrome/66.0.3359.139+Safari/537.36 http://localhost:51722/User/LogOn 200 0 0 140
2018-05-04 10:10:00 ::1 GET /assets/global/plugins/jquery-validation/js/additional-methods.min.js - 51722 - ::1 Mozilla/5.0+(Windows+NT+10.0;+Win64;+x64)+AppleWebKit/537.36+(KHTML,+like+Gecko)+Chrome/66.0.3359.139+Safari/537.36 http://localhost:51722/User/LogOn 200 0 0 284
2018-05-04 10:10:00 ::1 GET /assets/pages/scripts/login-5.min.js - 51722 - ::1 Mozilla/5.0+(Windows+NT+10.0;+Win64;+x64)+AppleWebKit/537.36+(KHTML,+like+Gecko)+Chrome/66.0.3359.139+Safari/537.36 http://localhost:51722/User/LogOn 200 0 0 220
2018-05-04 10:10:00 ::1 GET /assets/global/plugins/select2/js/select2.full.min.js - 51722 - ::1 Mozilla/5.0+(Windows+NT+10.0;+Win64;+x64)+AppleWebKit/537.36+(KHTML,+like+Gecko)+Chrome/66.0.3359.139+Safari/537.36 http://localhost:51722/User/LogOn 200 0 0 316
2018-05-04 10:10:00 ::1 GET /assets/pages/img/login/bg2.jpg - 51722 - ::1 Mozilla/5.0+(Windows+NT+10.0;+Win64;+x64)+AppleWebKit/537.36+(KHTML,+like+Gecko)+Chrome/66.0.3359.139+Safari/537.36 http://localhost:51722/User/LogOn 200 0 0 59
2018-05-04 10:10:00 ::1 GET /assets/pages/img/login/bg1.jpg - 51722 - ::1 Mozilla/5.0+(Windows+NT+10.0;+Win64;+x64)+AppleWebKit/537.36+(KHTML,+like+Gecko)+Chrome/66.0.3359.139+Safari/537.36 http://localhost:51722/User/LogOn 200 0 0 63
2018-05-04 10:13:01 ::1 POST /User/LogOn - 51722 - ::1 Mozilla/5.0+(Windows+NT+10.0;+Win64;+x64)+AppleWebKit/537.36+(KHTML,+like+Gecko)+Chrome/66.0.3359.139+Safari/537.36 http://localhost:51722/User/LogOn 302 0 0 31161
2018-05-04 10:13:38 ::1 GET / - 51722 qcemployee7.gorilla@gmail.com ::1 Mozilla/5.0+(Windows+NT+10.0;+Win64;+x64)+AppleWebKit/537.36+(KHTML,+like+Gecko)+Chrome/66.0.3359.139+Safari/537.36 http://localhost:51722/User/LogOn 200 0 0 36963
2018-05-04 10:13:38 ::1 GET /css/SiteLayoutPageForMasters-css v=tYCFPUvfhMe1vmZxcbcDA87hINYJdoZqWZmrS9VAazU1 51722 qcemployee7.gorilla@gmail.com ::1 Mozilla/5.0+(Windows+NT+10.0;+Win64;+x64)+AppleWebKit/537.36+(KHTML,+like+Gecko)+Chrome/66.0.3359.139+Safari/537.36 http://localhost:51722/ 200 0 0 48
2018-05-04 10:13:38 ::1 GET /Scripts/SiteLayoutPageForMasters-js v=NMauVSy_gT5RAxxlGvKHHiQU4fD1J3tKXjMwy7O32kM1 51722 qcemployee7.gorilla@gmail.com ::1 Mozilla/5.0+(Windows+NT+10.0;+Win64;+x64)+AppleWebKit/537.36+(KHTML,+like+Gecko)+Chrome/66.0.3359.139+Safari/537.36 http://localhost:51722/ 200 0 0 148
2018-05-04 10:13:38 ::1 GET /images/icons/home_48.png - 51722 - ::1 Mozilla/5.0+(Windows+NT+10.0;+Win64;+x64)+AppleWebKit/537.36+(KHTML,+like+Gecko)+Chrome/66.0.3359.139+Safari/537.36 http://localhost:51722/ 200 0 0 28
2018-05-04 10:13:38 ::1 GET /Images/icons/cross.png - 51722 - ::1 Mozilla/5.0+(Windows+NT+10.0;+Win64;+x64)+AppleWebKit/537.36+(KHTML,+like+Gecko)+Chrome/66.0.3359.139+Safari/537.36 http://localhost:51722/ 200 0 0 8
2018-05-04 10:13:38 ::1 GET /images/icons/paper_pencil_48.png - 51722 - ::1 Mozilla/5.0+(Windows+NT+10.0;+Win64;+x64)+AppleWebKit/537.36+(KHTML,+like+Gecko)+Chrome/66.0.3359.139+Safari/537.36 http://localhost:51722/ 200 0 0 24
2018-05-04 10:13:38 ::1 GET /images/icons/pie_chart_48.png - 51722 - ::1 Mozilla/5.0+(Windows+NT+10.0;+Win64;+x64)+AppleWebKit/537.36+(KHTML,+like+Gecko)+Chrome/66.0.3359.139+Safari/537.36 http://localhost:51722/ 200 0 0 24
2018-05-04 10:13:38 ::1 GET /images/icons/add_48.png - 51722 - ::1 Mozilla/5.0+(Windows+NT+10.0;+Win64;+x64)+AppleWebKit/537.36+(KHTML,+like+Gecko)+Chrome/66.0.3359.139+Safari/537.36 http://localhost:51722/ 200 0 0 32
2018-05-04 10:13:38 ::1 GET /images/shortcut-button-bg.gif - 51722 - ::1 Mozilla/5.0+(Windows+NT+10.0;+Win64;+x64)+AppleWebKit/537.36+(KHTML,+like+Gecko)+Chrome/66.0.3359.139+Safari/537.36 http://localhost:51722/css/SiteLayoutPageForMasters-css?v=tYCFPUvfhMe1vmZxcbcDA87hINYJdoZqWZmrS9VAazU1 200 0 0 36
2018-05-04 10:22:19 ::1 GET /ReceiptBox - 51722 qcemployee7.gorilla@gmail.com ::1 Mozilla/5.0+(Windows+NT+10.0;+Win64;+x64)+AppleWebKit/537.36+(KHTML,+like+Gecko)+Chrome/66.0.3359.139+Safari/537.36 http://localhost:51722/ 200 0 0 149011
2018-05-04 10:22:19 ::1 GET /Content/jquery.qtip.min.css - 51722 - ::1 Mozilla/5.0+(Windows+NT+10.0;+Win64;+x64)+AppleWebKit/537.36+(KHTML,+like+Gecko)+Chrome/66.0.3359.139+Safari/537.36 http://localhost:51722/ReceiptBox 200 0 0 80
2018-05-04 10:22:19 ::1 GET /Content/jquery.fancybox.css - 51722 - ::1 Mozilla/5.0+(Windows+NT+10.0;+Win64;+x64)+AppleWebKit/537.36+(KHTML,+like+Gecko)+Chrome/66.0.3359.139+Safari/537.36 http://localhost:51722/ReceiptBox 200 0 0 104
2018-05-04 10:22:19 ::1 GET /Scripts/jquery.mousewheel-3.0.6.pack.js - 51722 - ::1 Mozilla/5.0+(Windows+NT+10.0;+Win64;+x64)+AppleWebKit/537.36+(KHTML,+like+Gecko)+Chrome/66.0.3359.139+Safari/537.36 http://localhost:51722/ReceiptBox 200 0 0 140
2018-05-04 10:22:19 ::1 GET /Content/RecieptBox.css - 51722 - ::1 Mozilla/5.0+(Windows+NT+10.0;+Win64;+x64)+AppleWebKit/537.36+(KHTML,+like+Gecko)+Chrome/66.0.3359.139+Safari/537.36 http://localhost:51722/ReceiptBox 200 0 0 188
2018-05-04 10:22:19 ::1 GET /Scripts/jquery.loading.1.6.4.js - 51722 - ::1 Mozilla/5.0+(Windows+NT+10.0;+Win64;+x64)+AppleWebKit/537.36+(KHTML,+like+Gecko)+Chrome/66.0.3359.139+Safari/537.36 http://localhost:51722/ReceiptBox 200 0 0 60
2018-05-04 10:22:19 ::1 GET /Scripts/jquery.imgcheckbox.js - 51722 - ::1 Mozilla/5.0+(Windows+NT+10.0;+Win64;+x64)+AppleWebKit/537.36+(KHTML,+like+Gecko)+Chrome/66.0.3359.139+Safari/537.36 http://localhost:51722/ReceiptBox 200 0 0 112
2018-05-04 10:22:19 ::1 GET /Scripts/jquery.twbsPagination.js - 51722 - ::1 Mozilla/5.0+(Windows+NT+10.0;+Win64;+x64)+AppleWebKit/537.36+(KHTML,+like+Gecko)+Chrome/66.0.3359.139+Safari/537.36 http://localhost:51722/ReceiptBox 200 0 0 133
2018-05-04 10:22:19 ::1 GET /Scripts/jquery.qtip.min.js - 51722 - ::1 Mozilla/5.0+(Windows+NT+10.0;+Win64;+x64)+AppleWebKit/537.36+(KHTML,+like+Gecko)+Chrome/66.0.3359.139+Safari/537.36 http://localhost:51722/ReceiptBox 200 0 0 151
2018-05-04 10:22:19 ::1 GET /images/loading.gif - 51722 - ::1 Mozilla/5.0+(Windows+NT+10.0;+Win64;+x64)+AppleWebKit/537.36+(KHTML,+like+Gecko)+Chrome/66.0.3359.139+Safari/537.36 http://localhost:51722/ReceiptBox 200 0 0 173
2018-05-04 10:22:19 ::1 GET /Images/first.png - 51722 - ::1 Mozilla/5.0+(Windows+NT+10.0;+Win64;+x64)+AppleWebKit/537.36+(KHTML,+like+Gecko)+Chrome/66.0.3359.139+Safari/537.36 http://localhost:51722/ReceiptBox 200 0 0 204
2018-05-04 10:22:19 ::1 GET /images/pdf-rec.png - 51722 - ::1 Mozilla/5.0+(Windows+NT+10.0;+Win64;+x64)+AppleWebKit/537.36+(KHTML,+like+Gecko)+Chrome/66.0.3359.139+Safari/537.36 http://localhost:51722/ReceiptBox 200 0 0 214
2018-05-04 10:22:19 ::1 GET /Scripts/jquery.fancybox.js - 51722 - ::1 Mozilla/5.0+(Windows+NT+10.0;+Win64;+x64)+AppleWebKit/537.36+(KHTML,+like+Gecko)+Chrome/66.0.3359.139+Safari/537.36 http://localhost:51722/ReceiptBox 200 0 0 521
2018-05-04 10:22:19 ::1 GET /Images/prev.png - 51722 - ::1 Mozilla/5.0+(Windows+NT+10.0;+Win64;+x64)+AppleWebKit/537.36+(KHTML,+like+Gecko)+Chrome/66.0.3359.139+Safari/537.36 http://localhost:51722/ReceiptBox 200 0 0 256
2018-05-04 10:22:19 ::1 GET /Images/last.png - 51722 - ::1 Mozilla/5.0+(Windows+NT+10.0;+Win64;+x64)+AppleWebKit/537.36+(KHTML,+like+Gecko)+Chrome/66.0.3359.139+Safari/537.36 http://localhost:51722/ReceiptBox 200 0 0 61
2018-05-04 10:22:19 ::1 GET /Images/next.png - 51722 - ::1 Mozilla/5.0+(Windows+NT+10.0;+Win64;+x64)+AppleWebKit/537.36+(KHTML,+like+Gecko)+Chrome/66.0.3359.139+Safari/537.36 http://localhost:51722/ReceiptBox 200 0 0 91
2018-05-04 10:22:20 ::1 GET /Scripts/jQueryRotate.js - 51722 - ::1 Mozilla/5.0+(Windows+NT+10.0;+Win64;+x64)+AppleWebKit/537.36+(KHTML,+like+Gecko)+Chrome/66.0.3359.139+Safari/537.36 http://localhost:51722/ReceiptBox 200 0 0 650
2018-05-04 10:22:23 ::1 GET /User/LogOn - 51722 qcemployee7.gorilla@gmail.com ::1 Mozilla/5.0+(Windows+NT+10.0;+Win64;+x64)+AppleWebKit/537.36+(KHTML,+like+Gecko)+Chrome/66.0.3359.139+Safari/537.36 http://localhost:51722/ 302 0 64 24406
2018-05-04 10:22:27 ::1 GET /ReceiptBox/GetScanningStatus/ ReceiptScanID=9 51722 qcemployee7.gorilla@gmail.com ::1 Mozilla/5.0+(Windows+NT+10.0;+Win64;+x64)+AppleWebKit/537.36+(KHTML,+like+Gecko)+Chrome/66.0.3359.139+Safari/537.36 http://localhost:51722/ReceiptBox 200 0 0 7151
2018-05-04 10:22:27 ::1 GET /images/bg-form-field.gif - 51722 - ::1 Mozilla/5.0+(Windows+NT+10.0;+Win64;+x64)+AppleWebKit/537.36+(KHTML,+like+Gecko)+Chrome/66.0.3359.139+Safari/537.36 http://localhost:51722/ReceiptBox 200 0 0 11
2018-05-04 10:23:27 ::1 GET /ReceiptBox/UploadImage - 51722 qcemployee7.gorilla@gmail.com ::1 Mozilla/5.0+(Windows+NT+10.0;+Win64;+x64)+AppleWebKit/537.36+(KHTML,+like+Gecko)+Chrome/66.0.3359.139+Safari/537.36 http://localhost:51722/ReceiptBox 200 0 0 496
2018-05-04 10:23:27 ::1 GET /css/blue.css - 51722 - ::1 Mozilla/5.0+(Windows+NT+10.0;+Win64;+x64)+AppleWebKit/537.36+(KHTML,+like+Gecko)+Chrome/66.0.3359.139+Safari/537.36 http://localhost:51722/ReceiptBox/UploadImage 200 0 0 27
2018-05-04 10:23:27 ::1 GET /css/style.css - 51722 - ::1 Mozilla/5.0+(Windows+NT+10.0;+Win64;+x64)+AppleWebKit/537.36+(KHTML,+like+Gecko)+Chrome/66.0.3359.139+Safari/537.36 http://localhost:51722/ReceiptBox/UploadImage 200 0 0 63
2018-05-04 10:23:27 ::1 GET /Scripts/v3/bootstrap/css/bootstrap-theme.css - 51722 - ::1 Mozilla/5.0+(Windows+NT+10.0;+Win64;+x64)+AppleWebKit/537.36+(KHTML,+like+Gecko)+Chrome/66.0.3359.139+Safari/537.36 http://localhost:51722/ReceiptBox/UploadImage 200 0 0 167
2018-05-04 10:23:27 ::1 GET /Images/icons/cross_grey_small.png - 51722 - ::1 Mozilla/5.0+(Windows+NT+10.0;+Win64;+x64)+AppleWebKit/537.36+(KHTML,+like+Gecko)+Chrome/66.0.3359.139+Safari/537.36 http://localhost:51722/ReceiptBox/UploadImage 200 0 0 123
2018-05-04 10:23:27 ::1 GET /Scripts/v3/bootstrap/css/bootstrap-theme.min.css - 51722 - ::1 Mozilla/5.0+(Windows+NT+10.0;+Win64;+x64)+AppleWebKit/537.36+(KHTML,+like+Gecko)+Chrome/66.0.3359.139+Safari/537.36 http://localhost:51722/ReceiptBox/UploadImage 200 0 0 285
2018-05-04 10:23:27 ::1 GET /Scripts/v3/bootstrap/css/bootstrap.min.css - 51722 - ::1 Mozilla/5.0+(Windows+NT+10.0;+Win64;+x64)+AppleWebKit/537.36+(KHTML,+like+Gecko)+Chrome/66.0.3359.139+Safari/537.36 http://localhost:51722/ReceiptBox/UploadImage 200 0 0 364
2018-05-04 10:25:30 ::1 POST /ReceiptBox/UploadReceiptInBox - 51722 qcemployee7.gorilla@gmail.com ::1 Mozilla/5.0+(Windows+NT+10.0;+Win64;+x64)+AppleWebKit/537.36+(KHTML,+like+Gecko)+Chrome/66.0.3359.139+Safari/537.36 http://localhost:51722/ReceiptBox/UploadImage 200 0 0 7468
2018-05-04 10:25:44 ::1 GET /ReceiptBox page=0&NumberOfRecords=25&currentTab=0&day=30 51722 qcemployee7.gorilla@gmail.com ::1 Mozilla/5.0+(Windows+NT+10.0;+Win64;+x64)+AppleWebKit/537.36+(KHTML,+like+Gecko)+Chrome/66.0.3359.139+Safari/537.36 http://localhost:51722/ReceiptBox 200 0 0 11297
2018-05-04 10:25:46 ::1 GET /ReceiptBox/GetScanningStatus/ ReceiptScanID=10 51722 qcemployee7.gorilla@gmail.com ::1 Mozilla/5.0+(Windows+NT+10.0;+Win64;+x64)+AppleWebKit/537.36+(KHTML,+like+Gecko)+Chrome/66.0.3359.139+Safari/537.36 http://localhost:51722/ReceiptBox?page=0&NumberOfRecords=25&currentTab=0&day=30 200 0 0 536
2018-05-04 10:34:10 ::1 GET /User/LogOn - 51722 qcemployee7.gorilla@gmail.com ::1 Mozilla/5.0+(Windows+NT+10.0;+Win64;+x64)+AppleWebKit/537.36+(KHTML,+like+Gecko)+Chrome/66.0.3359.139+Safari/537.36 http://localhost:51722/ReceiptBox?page=0&NumberOfRecords=25&currentTab=0&day=30 302 0 0 4434
2018-05-04 10:34:29 ::1 GET / - 51722 qcemployee7.gorilla@gmail.com ::1 Mozilla/5.0+(Windows+NT+10.0;+Win64;+x64)+AppleWebKit/537.36+(KHTML,+like+Gecko)+Chrome/66.0.3359.139+Safari/537.36 http://localhost:51722/ReceiptBox?page=0&NumberOfRecords=25&currentTab=0&day=30 200 0 0 18442
2018-05-04 10:35:46 ::1 GET /images/ui-bg_flat_75_ffffff_40x100.png - 51722 - ::1 Mozilla/5.0+(Windows+NT+10.0;+Win64;+x64)+AppleWebKit/537.36+(KHTML,+like+Gecko)+Chrome/66.0.3359.139+Safari/537.36 http://localhost:51722/css/SiteLayoutPageForMasters-css?v=tYCFPUvfhMe1vmZxcbcDA87hINYJdoZqWZmrS9VAazU1 200 0 0 11
2018-05-04 10:35:46 ::1 GET /images/ui-icons_222222_256x240.png - 51722 - ::1 Mozilla/5.0+(Windows+NT+10.0;+Win64;+x64)+AppleWebKit/537.36+(KHTML,+like+Gecko)+Chrome/66.0.3359.139+Safari/537.36 http://localhost:51722/css/SiteLayoutPageForMasters-css?v=tYCFPUvfhMe1vmZxcbcDA87hINYJdoZqWZmrS9VAazU1 200 0 0 23
2018-05-04 10:35:46 ::1 GET /images/ui-bg_flat_0_aaaaaa_40x100.png - 51722 - ::1 Mozilla/5.0+(Windows+NT+10.0;+Win64;+x64)+AppleWebKit/537.36+(KHTML,+like+Gecko)+Chrome/66.0.3359.139+Safari/537.36 http://localhost:51722/css/SiteLayoutPageForMasters-css?v=tYCFPUvfhMe1vmZxcbcDA87hINYJdoZqWZmrS9VAazU1 200 0 0 12
2018-05-04 10:36:49 ::1 GET /ReceiptBox/Index/ page=1&NumberOfRecords=NaN&currentTab=0&day=30 51722 qcemployee7.gorilla@gmail.com ::1 Mozilla/5.0+(Windows+NT+10.0;+Win64;+x64)+AppleWebKit/537.36+(KHTML,+like+Gecko)+Chrome/66.0.3359.139+Safari/537.36 http://localhost:51722/ReceiptBox?page=0&NumberOfRecords=25&currentTab=0&day=30 200 0 0 10206
2018-05-04 10:40:34 ::1 GET /ReceiptBox/Index/ page=1&NumberOfRecords=NaN&currentTab=0&day=30 51722 qcemployee7.gorilla@gmail.com ::1 Mozilla/5.0+(Windows+NT+10.0;+Win64;+x64)+AppleWebKit/537.36+(KHTML,+like+Gecko)+Chrome/66.0.3359.139+Safari/537.36 http://localhost:51722/ReceiptBox?page=0&NumberOfRecords=25&currentTab=0&day=30 200 0 0 35088
#Software: Microsoft Internet Information Services 8.0
#Version: 1.0
#Date: 2018-05-04 10:43:22
#Fields: date time s-ip cs-method cs-uri-stem cs-uri-query s-port cs-username c-ip cs(User-Agent) cs(Referer) sc-status sc-substatus sc-win32-status time-taken
2018-05-04 10:43:22 ::1 GET /ReceiptBox/UnAttachedReciepts - 51722 qcemployee7.gorilla@gmail.com ::1 Mozilla/5.0+(Windows+NT+10.0;+Win64;+x64)+AppleWebKit/537.36+(KHTML,+like+Gecko)+Chrome/66.0.3359.139+Safari/537.36 - 302 0 0 25389
2018-05-04 10:43:30 ::1 GET /User/LogOn - 51722 qcemployee7.gorilla@gmail.com ::1 Mozilla/5.0+(Windows+NT+10.0;+Win64;+x64)+AppleWebKit/537.36+(KHTML,+like+Gecko)+Chrome/66.0.3359.139+Safari/537.36 - 200 0 0 3283
2018-05-04 10:43:30 ::1 GET /User/assets/pages/img/login/bg1.jpg - 51722 - ::1 Mozilla/5.0+(Windows+NT+10.0;+Win64;+x64)+AppleWebKit/537.36+(KHTML,+like+Gecko)+Chrome/66.0.3359.139+Safari/537.36 http://localhost:51722/User/LogOn 404 0 2 5
2018-05-04 10:43:55 ::1 GET /Error/NotFound aspxerrorpath=/ReceiptBox/UnAttachedReciepts 51722 qcemployee7.gorilla@gmail.com ::1 Mozilla/5.0+(Windows+NT+10.0;+Win64;+x64)+AppleWebKit/537.36+(KHTML,+like+Gecko)+Chrome/66.0.3359.139+Safari/537.36 - 302 0 64 32515
2018-05-04 10:44:27 ::1 POST /User/LogOn - 51722 qcemployee7.gorilla@gmail.com ::1 Mozilla/5.0+(Windows+NT+10.0;+Win64;+x64)+AppleWebKit/537.36+(KHTML,+like+Gecko)+Chrome/66.0.3359.139+Safari/537.36 http://localhost:51722/User/LogOn 302 0 0 18068
2018-05-04 10:44:47 ::1 GET / - 51722 qcemployee7.gorilla@gmail.com ::1 Mozilla/5.0+(Windows+NT+10.0;+Win64;+x64)+AppleWebKit/537.36+(KHTML,+like+Gecko)+Chrome/66.0.3359.139+Safari/537.36 http://localhost:51722/User/LogOn 200 0 0 20173
2018-05-04 10:45:03 ::1 GET /ReceiptBox - 51722 qcemployee7.gorilla@gmail.com ::1 Mozilla/5.0+(Windows+NT+10.0;+Win64;+x64)+AppleWebKit/537.36+(KHTML,+like+Gecko)+Chrome/66.0.3359.139+Safari/537.36 http://localhost:51722/ 200 0 0 10416
2018-05-04 10:45:34 ::1 GET /ReceiptBox/GetScanningStatus/ ReceiptScanID=10 51722 qcemployee7.gorilla@gmail.com ::1 Mozilla/5.0+(Windows+NT+10.0;+Win64;+x64)+AppleWebKit/537.36+(KHTML,+like+Gecko)+Chrome/66.0.3359.139+Safari/537.36 http://localhost:51722/ReceiptBox 200 0 0 30145
2018-05-04 10:45:38 ::1 GET /ReceiptBox/GetScanningStatus/ ReceiptScanID=9 51722 qcemployee7.gorilla@gmail.com ::1 Mozilla/5.0+(Windows+NT+10.0;+Win64;+x64)+AppleWebKit/537.36+(KHTML,+like+Gecko)+Chrome/66.0.3359.139+Safari/537.36 http://localhost:51722/ReceiptBox 200 0 0 4369
2018-05-04 10:51:33 ::1 GET /ReceiptBox - 51722 qcemployee7.gorilla@gmail.com ::1 Mozilla/5.0+(Windows+NT+10.0;+Win64;+x64)+AppleWebKit/537.36+(KHTML,+like+Gecko)+Chrome/66.0.3359.139+Safari/537.36 http://localhost:51722/ReceiptBox 200 0 0 9201
2018-05-04 10:51:35 ::1 GET /favicon.ico - 51722 - ::1 Mozilla/5.0+(Windows+NT+10.0;+Win64;+x64)+AppleWebKit/537.36+(KHTML,+like+Gecko)+Chrome/66.0.3359.139+Safari/537.36 http://localhost:51722/ReceiptBox 200 0 0 36
2018-05-04 10:51:57 ::1 GET /ReceiptBox - 51722 qcemployee7.gorilla@gmail.com ::1 Mozilla/5.0+(Windows+NT+10.0;+Win64;+x64)+AppleWebKit/537.36+(KHTML,+like+Gecko)+Chrome/66.0.3359.139+Safari/537.36 http://localhost:51722/ReceiptBox 200 0 0 7076
2018-05-04 10:52:19 ::1 GET /ReceiptBox - 51722 qcemployee7.gorilla@gmail.com ::1 Mozilla/5.0+(Windows+NT+10.0;+Win64;+x64)+AppleWebKit/537.36+(KHTML,+like+Gecko)+Chrome/66.0.3359.139+Safari/537.36 http://localhost:51722/ReceiptBox 200 0 0 13730
2018-05-04 10:52:19 ::1 GET /css/SiteLayoutPageForMasters-css v=tYCFPUvfhMe1vmZxcbcDA87hINYJdoZqWZmrS9VAazU1 51722 qcemployee7.gorilla@gmail.com ::1 Mozilla/5.0+(Windows+NT+10.0;+Win64;+x64)+AppleWebKit/537.36+(KHTML,+like+Gecko)+Chrome/66.0.3359.139+Safari/537.36 http://localhost:51722/ReceiptBox 200 0 0 19
2018-05-04 10:52:19 ::1 GET /Content/jquery.qtip.min.css - 51722 - ::1 Mozilla/5.0+(Windows+NT+10.0;+Win64;+x64)+AppleWebKit/537.36+(KHTML,+like+Gecko)+Chrome/66.0.3359.139+Safari/537.36 http://localhost:51722/ReceiptBox 200 0 0 35
2018-05-04 10:52:19 ::1 GET /Content/RecieptBox.css - 51722 - ::1 Mozilla/5.0+(Windows+NT+10.0;+Win64;+x64)+AppleWebKit/537.36+(KHTML,+like+Gecko)+Chrome/66.0.3359.139+Safari/537.36 http://localhost:51722/ReceiptBox 200 0 0 44
2018-05-04 10:52:19 ::1 GET /Content/jquery.fancybox.css - 51722 - ::1 Mozilla/5.0+(Windows+NT+10.0;+Win64;+x64)+AppleWebKit/537.36+(KHTML,+like+Gecko)+Chrome/66.0.3359.139+Safari/537.36 http://localhost:51722/ReceiptBox 200 0 0 51
2018-05-04 10:52:19 ::1 GET /Scripts/SiteLayoutPageForMasters-js v=NMauVSy_gT5RAxxlGvKHHiQU4fD1J3tKXjMwy7O32kM1 51722 qcemployee7.gorilla@gmail.com ::1 Mozilla/5.0+(Windows+NT+10.0;+Win64;+x64)+AppleWebKit/537.36+(KHTML,+like+Gecko)+Chrome/66.0.3359.139+Safari/537.36 http://localhost:51722/ReceiptBox 200 0 0 208
2018-05-04 10:52:19 ::1 GET /Scripts/jQueryRotate.js - 51722 - ::1 Mozilla/5.0+(Windows+NT+10.0;+Win64;+x64)+AppleWebKit/537.36+(KHTML,+like+Gecko)+Chrome/66.0.3359.139+Safari/537.36 http://localhost:51722/ReceiptBox 200 0 0 18
2018-05-04 10:52:19 ::1 GET /Scripts/jquery.fancybox.js - 51722 - ::1 Mozilla/5.0+(Windows+NT+10.0;+Win64;+x64)+AppleWebKit/537.36+(KHTML,+like+Gecko)+Chrome/66.0.3359.139+Safari/537.36 http://localhost:51722/ReceiptBox 200 0 0 32
2018-05-04 10:52:19 ::1 GET /Scripts/jquery.twbsPagination.js - 51722 - ::1 Mozilla/5.0+(Windows+NT+10.0;+Win64;+x64)+AppleWebKit/537.36+(KHTML,+like+Gecko)+Chrome/66.0.3359.139+Safari/537.36 http://localhost:51722/ReceiptBox 200 0 0 35
2018-05-04 10:52:19 ::1 GET /Scripts/jquery.qtip.min.js - 51722 - ::1 Mozilla/5.0+(Windows+NT+10.0;+Win64;+x64)+AppleWebKit/537.36+(KHTML,+like+Gecko)+Chrome/66.0.3359.139+Safari/537.36 http://localhost:51722/ReceiptBox 200 0 0 36
2018-05-04 10:52:19 ::1 GET /images/logo_1.png - 51722 - ::1 Mozilla/5.0+(Windows+NT+10.0;+Win64;+x64)+AppleWebKit/537.36+(KHTML,+like+Gecko)+Chrome/66.0.3359.139+Safari/537.36 http://localhost:51722/ReceiptBox 200 0 0 69
2018-05-04 10:52:19 ::1 GET /Scripts/jquery.loading.1.6.4.js - 51722 - ::1 Mozilla/5.0+(Windows+NT+10.0;+Win64;+x64)+AppleWebKit/537.36+(KHTML,+like+Gecko)+Chrome/66.0.3359.139+Safari/537.36 http://localhost:51722/ReceiptBox 200 0 0 71
2018-05-04 10:52:19 ::1 GET /images/loading.gif - 51722 - ::1 Mozilla/5.0+(Windows+NT+10.0;+Win64;+x64)+AppleWebKit/537.36+(KHTML,+like+Gecko)+Chrome/66.0.3359.139+Safari/537.36 http://localhost:51722/ReceiptBox 200 0 0 26
2018-05-04 10:52:19 ::1 GET /Scripts/jquery.mousewheel-3.0.6.pack.js - 51722 - ::1 Mozilla/5.0+(Windows+NT+10.0;+Win64;+x64)+AppleWebKit/537.36+(KHTML,+like+Gecko)+Chrome/66.0.3359.139+Safari/537.36 http://localhost:51722/ReceiptBox 200 0 0 90
2018-05-04 10:52:19 ::1 GET /Scripts/jquery.imgcheckbox.js - 51722 - ::1 Mozilla/5.0+(Windows+NT+10.0;+Win64;+x64)+AppleWebKit/537.36+(KHTML,+like+Gecko)+Chrome/66.0.3359.139+Safari/537.36 http://localhost:51722/ReceiptBox 200 0 0 72
2018-05-04 10:52:19 ::1 GET /images/pdf-rec.png - 51722 - ::1 Mozilla/5.0+(Windows+NT+10.0;+Win64;+x64)+AppleWebKit/537.36+(KHTML,+like+Gecko)+Chrome/66.0.3359.139+Safari/537.36 http://localhost:51722/ReceiptBox 200 0 0 52
2018-05-04 10:52:19 ::1 GET /Images/next.png - 51722 - ::1 Mozilla/5.0+(Windows+NT+10.0;+Win64;+x64)+AppleWebKit/537.36+(KHTML,+like+Gecko)+Chrome/66.0.3359.139+Safari/537.36 http://localhost:51722/ReceiptBox 200 0 0 38
2018-05-04 10:52:20 ::1 GET /Images/prev.png - 51722 - ::1 Mozilla/5.0+(Windows+NT+10.0;+Win64;+x64)+AppleWebKit/537.36+(KHTML,+like+Gecko)+Chrome/66.0.3359.139+Safari/537.36 http://localhost:51722/ReceiptBox 200 0 0 43
2018-05-04 10:52:20 ::1 GET /Images/last.png - 51722 - ::1 Mozilla/5.0+(Windows+NT+10.0;+Win64;+x64)+AppleWebKit/537.36+(KHTML,+like+Gecko)+Chrome/66.0.3359.139+Safari/537.36 http://localhost:51722/ReceiptBox 200 0 0 48
2018-05-04 10:52:20 ::1 GET /Images/first.png - 51722 - ::1 Mozilla/5.0+(Windows+NT+10.0;+Win64;+x64)+AppleWebKit/537.36+(KHTML,+like+Gecko)+Chrome/66.0.3359.139+Safari/537.36 http://localhost:51722/ReceiptBox 200 0 0 64
2018-05-04 10:52:20 ::1 GET /images/bg-form-field.gif - 51722 - ::1 Mozilla/5.0+(Windows+NT+10.0;+Win64;+x64)+AppleWebKit/537.36+(KHTML,+like+Gecko)+Chrome/66.0.3359.139+Safari/537.36 http://localhost:51722/ReceiptBox 200 0 0 8
2018-05-04 10:52:20 ::1 GET /favicon.ico - 51722 - ::1 Mozilla/5.0+(Windows+NT+10.0;+Win64;+x64)+AppleWebKit/537.36+(KHTML,+like+Gecko)+Chrome/66.0.3359.139+Safari/537.36 http://localhost:51722/ReceiptBox 200 0 0 36
2018-05-04 10:55:06 ::1 GET / - 51722 qcemployee7.gorilla@gmail.com ::1 Mozilla/5.0+(Windows+NT+10.0;+Win64;+x64)+AppleWebKit/537.36+(KHTML,+like+Gecko)+Chrome/66.0.3359.139+Safari/537.36 http://localhost:51722/ReceiptBox 200 0 0 15660
2018-05-04 10:55:33 ::1 GET /ReceiptBox - 51722 qcemployee7.gorilla@gmail.com ::1 Mozilla/5.0+(Windows+NT+10.0;+Win64;+x64)+AppleWebKit/537.36+(KHTML,+like+Gecko)+Chrome/66.0.3359.139+Safari/537.36 http://localhost:51722/ 200 0 0 6114
#Software: Microsoft Internet Information Services 8.0
#Version: 1.0
#Date: 2018-05-04 10:58:29
#Fields: date time s-ip cs-method cs-uri-stem cs-uri-query s-port cs-username c-ip cs(User-Agent) cs(Referer) sc-status sc-substatus sc-win32-status time-taken
2018-05-04 10:58:29 ::1 GET / - 51722 qcemployee7.gorilla@gmail.com ::1 Mozilla/5.0+(Windows+NT+10.0;+Win64;+x64)+AppleWebKit/537.36+(KHTML,+like+Gecko)+Chrome/66.0.3359.139+Safari/537.36 - 302 0 0 13272
2018-05-04 10:58:32 ::1 GET /User/LogOn - 51722 qcemployee7.gorilla@gmail.com ::1 Mozilla/5.0+(Windows+NT+10.0;+Win64;+x64)+AppleWebKit/537.36+(KHTML,+like+Gecko)+Chrome/66.0.3359.139+Safari/537.36 - 200 0 0 3032
2018-05-04 10:58:32 ::1 GET /User/assets/pages/img/login/bg1.jpg - 51722 - ::1 Mozilla/5.0+(Windows+NT+10.0;+Win64;+x64)+AppleWebKit/537.36+(KHTML,+like+Gecko)+Chrome/66.0.3359.139+Safari/537.36 http://localhost:51722/User/LogOn 404 0 2 7
#Software: Microsoft Internet Information Services 8.0
#Version: 1.0
#Date: 2018-05-04 10:59:36
#Fields: date time s-ip cs-method cs-uri-stem cs-uri-query s-port cs-username c-ip cs(User-Agent) cs(Referer) sc-status sc-substatus sc-win32-status time-taken
2018-05-04 10:59:36 ::1 GET / - 51722 qcemployee7.gorilla@gmail.com ::1 Mozilla/5.0+(Windows+NT+10.0;+Win64;+x64)+AppleWebKit/537.36+(KHTML,+like+Gecko)+Chrome/66.0.3359.139+Safari/537.36 - 302 0 0 12818
2018-05-04 10:59:39 ::1 GET /User/LogOn - 51722 qcemployee7.gorilla@gmail.com ::1 Mozilla/5.0+(Windows+NT+10.0;+Win64;+x64)+AppleWebKit/537.36+(KHTML,+like+Gecko)+Chrome/66.0.3359.139+Safari/537.36 - 200 0 0 2890
2018-05-04 10:59:39 ::1 GET /User/assets/pages/img/login/bg1.jpg - 51722 - ::1 Mozilla/5.0+(Windows+NT+10.0;+Win64;+x64)+AppleWebKit/537.36+(KHTML,+like+Gecko)+Chrome/66.0.3359.139+Safari/537.36 http://localhost:51722/User/LogOn 404 0 2 6
2018-05-04 11:00:22 ::1 POST /User/LogOn - 51722 qcemployee7.gorilla@gmail.com ::1 Mozilla/5.0+(Windows+NT+10.0;+Win64;+x64)+AppleWebKit/537.36+(KHTML,+like+Gecko)+Chrome/66.0.3359.139+Safari/537.36 http://localhost:51722/User/LogOn 302 0 0 17685
2018-05-04 11:00:43 ::1 GET / - 51722 qcemployee7.gorilla@gmail.com ::1 Mozilla/5.0+(Windows+NT+10.0;+Win64;+x64)+AppleWebKit/537.36+(KHTML,+like+Gecko)+Chrome/66.0.3359.139+Safari/537.36 http://localhost:51722/User/LogOn 200 0 0 20718
2018-05-04 11:03:57 ::1 GET /User/LogOn - 51722 qcemployee7.gorilla@gmail.com ::1 Mozilla/5.0+(Windows+NT+10.0;+Win64;+x64)+AppleWebKit/537.36+(KHTML,+like+Gecko)+Chrome/66.0.3359.139+Safari/537.36 http://localhost:51722/ReceiptBox 302 0 0 2394
2018-05-04 11:04:16 ::1 GET / - 51722 qcemployee7.gorilla@gmail.com ::1 Mozilla/5.0+(Windows+NT+10.0;+Win64;+x64)+AppleWebKit/537.36+(KHTML,+like+Gecko)+Chrome/66.0.3359.139+Safari/537.36 http://localhost:51722/ReceiptBox 200 0 0 18662
2018-05-04 11:04:53 ::1 GET /ReceiptBox - 51722 qcemployee7.gorilla@gmail.com ::1 Mozilla/5.0+(Windows+NT+10.0;+Win64;+x64)+AppleWebKit/537.36+(KHTML,+like+Gecko)+Chrome/66.0.3359.139+Safari/537.36 http://localhost:51722/ 200 0 0 12078
#Software: Microsoft Internet Information Services 8.0
#Version: 1.0
#Date: 2018-05-04 12:38:36
#Fields: date time s-ip cs-method cs-uri-stem cs-uri-query s-port cs-username c-ip cs(User-Agent) cs(Referer) sc-status sc-substatus sc-win32-status time-taken
2018-05-04 12:38:36 ::1 GET /ReceiptBox/UnAttachedReciepts - 51722 - ::1 Mozilla/5.0+(Windows+NT+10.0;+Win64;+x64)+AppleWebKit/537.36+(KHTML,+like+Gecko)+Chrome/66.0.3359.139+Safari/537.36 - 302 0 0 93563
2018-05-04 12:38:39 ::1 GET /User/LogOn - 51722 - ::1 Mozilla/5.0+(Windows+NT+10.0;+Win64;+x64)+AppleWebKit/537.36+(KHTML,+like+Gecko)+Chrome/66.0.3359.139+Safari/537.36 - 200 0 0 1669
2018-05-04 12:38:39 ::1 GET /User/assets/pages/img/login/bg1.jpg - 51722 - ::1 Mozilla/5.0+(Windows+NT+10.0;+Win64;+x64)+AppleWebKit/537.36+(KHTML,+like+Gecko)+Chrome/66.0.3359.139+Safari/537.36 http://localhost:51722/User/LogOn 404 0 2 28
2018-05-04 12:39:13 ::1 GET /Error/NotFound aspxerrorpath=/ReceiptBox/UnAttachedReciepts 51722 - ::1 Mozilla/5.0+(Windows+NT+10.0;+Win64;+x64)+AppleWebKit/537.36+(KHTML,+like+Gecko)+Chrome/66.0.3359.139+Safari/537.36 - 302 0 64 36447
2018-05-04 12:39:23 ::1 POST /User/LogOn - 51722 - ::1 Mozilla/5.0+(Windows+NT+10.0;+Win64;+x64)+AppleWebKit/537.36+(KHTML,+like+Gecko)+Chrome/66.0.3359.139+Safari/537.36 http://localhost:51722/User/LogOn 302 0 0 34375
2018-05-04 12:39:47 ::1 GET / - 51722 qcemployee7.gorilla@gmail.com ::1 Mozilla/5.0+(Windows+NT+10.0;+Win64;+x64)+AppleWebKit/537.36+(KHTML,+like+Gecko)+Chrome/66.0.3359.139+Safari/537.36 http://localhost:51722/User/LogOn 200 0 0 24530
2018-05-04 12:40:42 ::1 GET /ReceiptBox - 51722 qcemployee7.gorilla@gmail.com ::1 Mozilla/5.0+(Windows+NT+10.0;+Win64;+x64)+AppleWebKit/537.36+(KHTML,+like+Gecko)+Chrome/66.0.3359.139+Safari/537.36 http://localhost:51722/ 200 0 0 14523
2018-05-04 12:40:47 ::1 GET /ReceiptBox/GetScanningStatus/ ReceiptScanID=10 51722 qcemployee7.gorilla@gmail.com ::1 Mozilla/5.0+(Windows+NT+10.0;+Win64;+x64)+AppleWebKit/537.36+(KHTML,+like+Gecko)+Chrome/66.0.3359.139+Safari/537.36 http://localhost:51722/ReceiptBox 200 0 0 4485
2018-05-04 12:40:51 ::1 GET /ReceiptBox/GetScanningStatus/ ReceiptScanID=9 51722 qcemployee7.gorilla@gmail.com ::1 Mozilla/5.0+(Windows+NT+10.0;+Win64;+x64)+AppleWebKit/537.36+(KHTML,+like+Gecko)+Chrome/66.0.3359.139+Safari/537.36 http://localhost:51722/ReceiptBox 200 0 0 4045
2018-05-04 12:42:30 ::1 GET /ReceiptBox - 51722 qcemployee7.gorilla@gmail.com ::1 Mozilla/5.0+(Windows+NT+10.0;+Win64;+x64)+AppleWebKit/537.36+(KHTML,+like+Gecko)+Chrome/66.0.3359.139+Safari/537.36 http://localhost:51722/ 200 0 0 25512
2018-05-04 12:42:30 ::1 GET /favicon.ico - 51722 - ::1 Mozilla/5.0+(Windows+NT+10.0;+Win64;+x64)+AppleWebKit/537.36+(KHTML,+like+Gecko)+Chrome/66.0.3359.139+Safari/537.36 http://localhost:51722/ReceiptBox 200 0 0 79
#Software: Microsoft Internet Information Services 8.0
#Version: 1.0
#Date: 2018-05-04 12:47:04
#Fields: date time s-ip cs-method cs-uri-stem cs-uri-query s-port cs-username c-ip cs(User-Agent) cs(Referer) sc-status sc-substatus sc-win32-status time-taken
2018-05-04 12:47:04 ::1 GET / - 51722 qcemployee7.gorilla@gmail.com ::1 Mozilla/5.0+(Windows+NT+10.0;+Win64;+x64)+AppleWebKit/537.36+(KHTML,+like+Gecko)+Chrome/66.0.3359.139+Safari/537.36 - 302 0 0 32009
2018-05-04 12:47:26 ::1 GET /User/LogOn - 51722 qcemployee7.gorilla@gmail.com ::1 Mozilla/5.0+(Windows+NT+10.0;+Win64;+x64)+AppleWebKit/537.36+(KHTML,+like+Gecko)+Chrome/66.0.3359.139+Safari/537.36 - 200 0 0 21556
2018-05-04 12:47:26 ::1 GET /User/assets/pages/img/login/bg1.jpg - 51722 - ::1 Mozilla/5.0+(Windows+NT+10.0;+Win64;+x64)+AppleWebKit/537.36+(KHTML,+like+Gecko)+Chrome/66.0.3359.139+Safari/537.36 http://localhost:51722/User/LogOn 404 0 2 12
2018-05-04 12:47:50 ::1 POST /User/LogOn - 51722 qcemployee7.gorilla@gmail.com ::1 Mozilla/5.0+(Windows+NT+10.0;+Win64;+x64)+AppleWebKit/537.36+(KHTML,+like+Gecko)+Chrome/66.0.3359.139+Safari/537.36 http://localhost:51722/User/LogOn 302 0 0 14984
2018-05-04 12:48:47 ::1 GET / - 51722 qcemployee7.gorilla@gmail.com ::1 Mozilla/5.0+(Windows+NT+10.0;+Win64;+x64)+AppleWebKit/537.36+(KHTML,+like+Gecko)+Chrome/66.0.3359.139+Safari/537.36 http://localhost:51722/User/LogOn 200 0 0 57060
2018-05-04 12:49:54 ::1 GET /ReceiptBox - 51722 qcemployee7.gorilla@gmail.com ::1 Mozilla/5.0+(Windows+NT+10.0;+Win64;+x64)+AppleWebKit/537.36+(KHTML,+like+Gecko)+Chrome/66.0.3359.139+Safari/537.36 http://localhost:51722/ 200 0 0 15341
2018-05-04 12:50:02 ::1 GET /ReceiptBox/GetScanningStatus/ ReceiptScanID=10 51722 qcemployee7.gorilla@gmail.com ::1 Mozilla/5.0+(Windows+NT+10.0;+Win64;+x64)+AppleWebKit/537.36+(KHTML,+like+Gecko)+Chrome/66.0.3359.139+Safari/537.36 http://localhost:51722/ReceiptBox 200 0 0 7494
2018-05-04 12:50:06 ::1 GET /ReceiptBox/GetScanningStatus/ ReceiptScanID=9 51722 qcemployee7.gorilla@gmail.com ::1 Mozilla/5.0+(Windows+NT+10.0;+Win64;+x64)+AppleWebKit/537.36+(KHTML,+like+Gecko)+Chrome/66.0.3359.139+Safari/537.36 http://localhost:51722/ReceiptBox 200 0 0 4163
