#Software: Microsoft Internet Information Services 8.0
#Version: 1.0
#Date: 2018-02-05 11:24:35
#Fields: date time s-ip cs-method cs-uri-stem cs-uri-query s-port cs-username c-ip cs(User-Agent) cs(Referer) sc-status sc-substatus sc-win32-status time-taken
2018-02-05 11:24:35 ::1 GET / - 51722 - ::1 Mozilla/5.0+(Windows+NT+10.0;+Win64;+x64)+AppleWebKit/537.36+(KHTML,+like+Gecko)+Chrome/63.0.3239.132+Safari/537.36 - 302 0 0 70170
2018-02-05 11:25:02 ::1 GET /User/LogOn - 51722 - ::1 Mozilla/5.0+(Windows+NT+10.0;+Win64;+x64)+AppleWebKit/537.36+(KHTML,+like+Gecko)+Chrome/63.0.3239.132+Safari/537.36 - 200 0 0 26567
2018-02-05 11:25:02 ::1 GET /User/assets/pages/img/login/bg1.jpg - 51722 - ::1 Mozilla/5.0+(Windows+NT+10.0;+Win64;+x64)+AppleWebKit/537.36+(KHTML,+like+Gecko)+Chrome/63.0.3239.132+Safari/537.36 http://localhost:51722/User/LogOn 404 0 2 6
2018-02-05 11:26:36 ::1 POST /User/LogOn - 51722 - ::1 Mozilla/5.0+(Windows+NT+10.0;+Win64;+x64)+AppleWebKit/537.36+(KHTML,+like+Gecko)+Chrome/63.0.3239.132+Safari/537.36 http://localhost:51722/User/LogOn 302 0 0 17997
2018-02-05 11:30:37 ::1 GET / - 51722 qcemployee7.gorilla@gmail.com ::1 Mozilla/5.0+(Windows+NT+10.0;+Win64;+x64)+AppleWebKit/537.36+(KHTML,+like+Gecko)+Chrome/63.0.3239.132+Safari/537.36 http://localhost:51722/User/LogOn 200 0 0 241230
2018-02-05 11:31:19 ::1 GET /ReceiptBox - 51722 qcemployee7.gorilla@gmail.com ::1 Mozilla/5.0+(Windows+NT+10.0;+Win64;+x64)+AppleWebKit/537.36+(KHTML,+like+Gecko)+Chrome/63.0.3239.132+Safari/537.36 http://localhost:51722/ 200 0 0 9352
2018-02-05 11:31:19 ::1 GET /https:/ocrdevstorage.blob.core.windows.net/cdn/receiptuploads/gorillaproqc1/qcemployee7.gorilla@gmail.com/webThumb_21201882446AM.png - 51722 - ::1 Mozilla/5.0+(Windows+NT+10.0;+Win64;+x64)+AppleWebKit/537.36+(KHTML,+like+Gecko)+Chrome/63.0.3239.132+Safari/537.36 http://localhost:51722/ReceiptBox 404 0 2 59
2018-02-05 11:31:19 ::1 GET /https:/ocrdevstorage.blob.core.windows.net/cdn/receiptuploads/gorillaproqc1/qcemployee7.gorilla@gmail.com/webThumb_129201890225AM.png - 51722 - ::1 Mozilla/5.0+(Windows+NT+10.0;+Win64;+x64)+AppleWebKit/537.36+(KHTML,+like+Gecko)+Chrome/63.0.3239.132+Safari/537.36 http://localhost:51722/ReceiptBox 404 0 2 5
2018-02-05 11:31:19 ::1 GET /https:/ocrdevstorage.blob.core.windows.net/cdn/receiptuploads/gorillaproqc1/qcemployee7.gorilla@gmail.com/webThumb_129201885837AM.png - 51722 - ::1 Mozilla/5.0+(Windows+NT+10.0;+Win64;+x64)+AppleWebKit/537.36+(KHTML,+like+Gecko)+Chrome/63.0.3239.132+Safari/537.36 http://localhost:51722/ReceiptBox 404 0 2 33
2018-02-05 11:31:19 ::1 GET /ReceiptUploades/QC1/qcemployee7gorilla@gmailcom/webThumb21201845838AM_21201845838AM.jpg - 51722 qcemployee7.gorilla@gmail.com ::1 Mozilla/5.0+(Windows+NT+10.0;+Win64;+x64)+AppleWebKit/537.36+(KHTML,+like+Gecko)+Chrome/63.0.3239.132+Safari/537.36 http://localhost:51722/ReceiptBox 200 0 0 117
2018-02-05 11:31:19 ::1 GET /ReceiptUploades/QC1/qcemployee7gorilla@gmailcom/webThumb21201891614AM_21201891614AM.jpg - 51722 qcemployee7.gorilla@gmail.com ::1 Mozilla/5.0+(Windows+NT+10.0;+Win64;+x64)+AppleWebKit/537.36+(KHTML,+like+Gecko)+Chrome/63.0.3239.132+Safari/537.36 http://localhost:51722/ReceiptBox 200 0 0 160
2018-02-05 11:31:19 ::1 GET /ReceiptUploades/QC1/qcemployee7gorilla@gmailcom/webThumb21201854951AM_21201854951AM.png - 51722 qcemployee7.gorilla@gmail.com ::1 Mozilla/5.0+(Windows+NT+10.0;+Win64;+x64)+AppleWebKit/537.36+(KHTML,+like+Gecko)+Chrome/63.0.3239.132+Safari/537.36 http://localhost:51722/ReceiptBox 200 0 0 159
2018-02-05 11:31:19 ::1 GET /ReceiptUploades/QC1/qcemployee7gorilla@gmailcom/webThumb21201852600AM_21201852600AM.png - 51722 qcemployee7.gorilla@gmail.com ::1 Mozilla/5.0+(Windows+NT+10.0;+Win64;+x64)+AppleWebKit/537.36+(KHTML,+like+Gecko)+Chrome/63.0.3239.132+Safari/537.36 http://localhost:51722/ReceiptBox 200 0 0 156
2018-02-05 11:31:19 ::1 GET /ReceiptUploades/QC1/qcemployee7gorilla@gmailcom/webThumb21201895013AM_21201895013AM.png - 51722 qcemployee7.gorilla@gmail.com ::1 Mozilla/5.0+(Windows+NT+10.0;+Win64;+x64)+AppleWebKit/537.36+(KHTML,+like+Gecko)+Chrome/63.0.3239.132+Safari/537.36 http://localhost:51722/ReceiptBox 200 0 0 183
2018-02-05 11:31:19 ::1 GET /ReceiptUploades/QC1/qcemployee7gorilla@gmailcom/webThumb21201845355AM_21201845355AM.png - 51722 qcemployee7.gorilla@gmail.com ::1 Mozilla/5.0+(Windows+NT+10.0;+Win64;+x64)+AppleWebKit/537.36+(KHTML,+like+Gecko)+Chrome/63.0.3239.132+Safari/537.36 http://localhost:51722/ReceiptBox 200 0 0 19
2018-02-05 11:31:19 ::1 GET /https:/ocrdevstorage.blob.core.windows.net/cdn/receiptuploads/gorillaproqc1/qcemployee7.gorilla@gmail.com/webThumb_129201834151AM.jpg - 51722 - ::1 Mozilla/5.0+(Windows+NT+10.0;+Win64;+x64)+AppleWebKit/537.36+(KHTML,+like+Gecko)+Chrome/63.0.3239.132+Safari/537.36 http://localhost:51722/ReceiptBox 404 0 2 19
2018-02-05 11:31:19 ::1 GET /ReceiptUploades/QC1/qcemployee7gorilla@gmailcom/webThumb21201845413AM_21201845413AM.png - 51722 qcemployee7.gorilla@gmail.com ::1 Mozilla/5.0+(Windows+NT+10.0;+Win64;+x64)+AppleWebKit/537.36+(KHTML,+like+Gecko)+Chrome/63.0.3239.132+Safari/537.36 http://localhost:51722/ReceiptBox 200 0 0 19
2018-02-05 11:31:19 ::1 GET /https:/ocrdevstorage.blob.core.windows.net/cdn/receiptuploads/gorillaproqc1/qcemployee7.gorilla@gmail.com/webThumb_124201882938AM.png - 51722 - ::1 Mozilla/5.0+(Windows+NT+10.0;+Win64;+x64)+AppleWebKit/537.36+(KHTML,+like+Gecko)+Chrome/63.0.3239.132+Safari/537.36 http://localhost:51722/ReceiptBox 404 0 2 4
2018-02-05 11:31:19 ::1 GET /https:/ocrdevstorage.blob.core.windows.net/cdn/receiptuploads/gorillaproqc1/qcemployee7.gorilla@gmail.com/webThumb_124201875702AM.jpg - 51722 - ::1 Mozilla/5.0+(Windows+NT+10.0;+Win64;+x64)+AppleWebKit/537.36+(KHTML,+like+Gecko)+Chrome/63.0.3239.132+Safari/537.36 http://localhost:51722/ReceiptBox 404 0 2 4
2018-02-05 11:31:19 ::1 GET /https:/ocrdevstorage.blob.core.windows.net/cdn/receiptuploads/gorillaproqc1/qcemployee7.gorilla@gmail.com/webThumb_124201884315AM.jpg - 51722 - ::1 Mozilla/5.0+(Windows+NT+10.0;+Win64;+x64)+AppleWebKit/537.36+(KHTML,+like+Gecko)+Chrome/63.0.3239.132+Safari/537.36 http://localhost:51722/ReceiptBox 404 0 2 4
2018-02-05 11:31:19 ::1 GET /https:/ocrdevstorage.blob.core.windows.net/cdn/receiptuploads/gorillaproqc1/qcemployee7.gorilla@gmail.com/webThumb_124201875634AM.jpg - 51722 - ::1 Mozilla/5.0+(Windows+NT+10.0;+Win64;+x64)+AppleWebKit/537.36+(KHTML,+like+Gecko)+Chrome/63.0.3239.132+Safari/537.36 http://localhost:51722/ReceiptBox 404 0 2 2
2018-02-05 11:31:19 ::1 GET /https:/ocrdevstorage.blob.core.windows.net/cdn/receiptuploads/gorillaproqc1/qcemployee7.gorilla@gmail.com/webThumb_124201875648AM.jpg - 51722 - ::1 Mozilla/5.0+(Windows+NT+10.0;+Win64;+x64)+AppleWebKit/537.36+(KHTML,+like+Gecko)+Chrome/63.0.3239.132+Safari/537.36 http://localhost:51722/ReceiptBox 404 0 2 10
2018-02-05 11:31:19 ::1 GET /https:/ocrdevstorage.blob.core.windows.net/cdn/receiptuploads/gorillaproqc1/qcemployee7.gorilla@gmail.com/webThumb_124201875619AM.jpg - 51722 - ::1 Mozilla/5.0+(Windows+NT+10.0;+Win64;+x64)+AppleWebKit/537.36+(KHTML,+like+Gecko)+Chrome/63.0.3239.132+Safari/537.36 http://localhost:51722/ReceiptBox 404 0 2 3
2018-02-05 11:31:19 ::1 GET /https:/ocrdevstorage.blob.core.windows.net/cdn/receiptuploads/gorillaproqc1/qcemployee7.gorilla@gmail.com/webThumb_123201843007AM.jpg - 51722 - ::1 Mozilla/5.0+(Windows+NT+10.0;+Win64;+x64)+AppleWebKit/537.36+(KHTML,+like+Gecko)+Chrome/63.0.3239.132+Safari/537.36 http://localhost:51722/ReceiptBox 404 0 2 25
2018-02-05 11:31:19 ::1 GET /ReceiptUploades/QC1/qcemployee7gorilla@gmailcom/webThumb124201830007AM_124201830007AM.jpg - 51722 qcemployee7.gorilla@gmail.com ::1 Mozilla/5.0+(Windows+NT+10.0;+Win64;+x64)+AppleWebKit/537.36+(KHTML,+like+Gecko)+Chrome/63.0.3239.132+Safari/537.36 http://localhost:51722/ReceiptBox 200 0 0 25
2018-02-05 11:31:19 ::1 GET /https:/ocrdevstorage.blob.core.windows.net/cdn/receiptuploads/gorillaproqc1/qcemployee7.gorilla@gmail.com/webThumb_124201870656AM.png - 51722 - ::1 Mozilla/5.0+(Windows+NT+10.0;+Win64;+x64)+AppleWebKit/537.36+(KHTML,+like+Gecko)+Chrome/63.0.3239.132+Safari/537.36 http://localhost:51722/ReceiptBox 404 0 2 33
2018-02-05 11:31:19 ::1 GET /ReceiptUploades/QC1/qcemployee7gorilla@gmailcom/webThumb124201830119AM_124201830119AM.png - 51722 qcemployee7.gorilla@gmail.com ::1 Mozilla/5.0+(Windows+NT+10.0;+Win64;+x64)+AppleWebKit/537.36+(KHTML,+like+Gecko)+Chrome/63.0.3239.132+Safari/537.36 http://localhost:51722/ReceiptBox 200 0 0 55
2018-02-05 11:31:19 ::1 GET /https:/ocrdevstorage.blob.core.windows.net/cdn/receiptuploads/gorillaproqc1/qcemployee7.gorilla@gmail.com/webThumb_123201842907AM.jpg - 51722 - ::1 Mozilla/5.0+(Windows+NT+10.0;+Win64;+x64)+AppleWebKit/537.36+(KHTML,+like+Gecko)+Chrome/63.0.3239.132+Safari/537.36 http://localhost:51722/ReceiptBox 404 0 2 22
2018-02-05 11:31:19 ::1 GET /web/ReceiptUploades/QC1/qcemployee7gorilla@gmailcom/webThumb123201842013AM_123201842013AM.jpg - 51722 - ::1 Mozilla/5.0+(Windows+NT+10.0;+Win64;+x64)+AppleWebKit/537.36+(KHTML,+like+Gecko)+Chrome/63.0.3239.132+Safari/537.36 http://localhost:51722/ReceiptBox 404 0 2 22
2018-02-05 11:31:19 ::1 GET /ReceiptUploades/QC1/qcemployee7gorilla@gmailcom/webThumb124201830059AM_124201830059AM.png - 51722 qcemployee7.gorilla@gmail.com ::1 Mozilla/5.0+(Windows+NT+10.0;+Win64;+x64)+AppleWebKit/537.36+(KHTML,+like+Gecko)+Chrome/63.0.3239.132+Safari/537.36 http://localhost:51722/ReceiptBox 200 0 0 56
2018-02-05 11:31:19 ::1 GET /https:/ocrdevstorage.blob.core.windows.net/cdn/receiptuploads/gorillaproqc1/qcemployee7.gorilla@gmail.com/webThumb_123201893717AM.jpg - 51722 - ::1 Mozilla/5.0+(Windows+NT+10.0;+Win64;+x64)+AppleWebKit/537.36+(KHTML,+like+Gecko)+Chrome/63.0.3239.132+Safari/537.36 http://localhost:51722/ReceiptBox 404 0 2 49
2018-02-05 11:31:36 ::1 GET /ReceiptUploades/QC1/qcemployee7gorilla@gmailcom/21201895012AM.pdf - 51722 qcemployee7.gorilla@gmail.com ::1 Mozilla/5.0+(Windows+NT+10.0;+Win64;+x64)+AppleWebKit/537.36+(KHTML,+like+Gecko)+Chrome/63.0.3239.132+Safari/537.36 http://localhost:51722/ReceiptBox 200 0 0 7
2018-02-05 11:31:36 ::1 HEAD /ViewerJS/ - 51722 - ::1 Mozilla/5.0+(Windows+NT+10.0;+Win64;+x64)+AppleWebKit/537.36+(KHTML,+like+Gecko)+Chrome/63.0.3239.132+Safari/537.36 http://localhost:51722/ReceiptBox 200 0 0 425
2018-02-05 11:31:46 ::1 GET /ReceiptBox - 51722 qcemployee7.gorilla@gmail.com ::1 Mozilla/5.0+(Windows+NT+10.0;+Win64;+x64)+AppleWebKit/537.36+(KHTML,+like+Gecko)+Chrome/63.0.3239.132+Safari/537.36 http://localhost:51722/ReceiptBox 200 0 0 3444
2018-02-05 11:31:46 ::1 GET /css/SiteLayoutPageForMasters-css v=AiRVo7cUBIiFwkQbOe4g2dRTXv-JAaPIqf7ujTO86-o1 51722 qcemployee7.gorilla@gmail.com ::1 Mozilla/5.0+(Windows+NT+10.0;+Win64;+x64)+AppleWebKit/537.36+(KHTML,+like+Gecko)+Chrome/63.0.3239.132+Safari/537.36 http://localhost:51722/ReceiptBox 200 0 0 98
2018-02-05 11:31:46 ::1 GET /Content/jquery.qtip.min.css - 51722 - ::1 Mozilla/5.0+(Windows+NT+10.0;+Win64;+x64)+AppleWebKit/537.36+(KHTML,+like+Gecko)+Chrome/63.0.3239.132+Safari/537.36 http://localhost:51722/ReceiptBox 200 0 0 126
2018-02-05 11:31:46 ::1 GET /Content/jquery.fancybox.css - 51722 - ::1 Mozilla/5.0+(Windows+NT+10.0;+Win64;+x64)+AppleWebKit/537.36+(KHTML,+like+Gecko)+Chrome/63.0.3239.132+Safari/537.36 http://localhost:51722/ReceiptBox 200 0 0 150
2018-02-05 11:31:46 ::1 GET /Content/RecieptBox.css - 51722 - ::1 Mozilla/5.0+(Windows+NT+10.0;+Win64;+x64)+AppleWebKit/537.36+(KHTML,+like+Gecko)+Chrome/63.0.3239.132+Safari/537.36 http://localhost:51722/ReceiptBox 200 0 0 150
2018-02-05 11:31:46 ::1 GET /Scripts/SiteLayoutPageForMasters-js v=Vlht4Qfm39Ck0shiJ4B7sBubUC4endoFXvVzayLHKnU1 51722 qcemployee7.gorilla@gmail.com ::1 Mozilla/5.0+(Windows+NT+10.0;+Win64;+x64)+AppleWebKit/537.36+(KHTML,+like+Gecko)+Chrome/63.0.3239.132+Safari/537.36 http://localhost:51722/ReceiptBox 200 0 0 158
2018-02-05 11:31:46 ::1 GET /Scripts/jquery.mousewheel-3.0.6.pack.js - 51722 - ::1 Mozilla/5.0+(Windows+NT+10.0;+Win64;+x64)+AppleWebKit/537.36+(KHTML,+like+Gecko)+Chrome/63.0.3239.132+Safari/537.36 http://localhost:51722/ReceiptBox 200 0 0 151
2018-02-05 11:31:46 ::1 GET /Scripts/jquery.loading.1.6.4.js - 51722 - ::1 Mozilla/5.0+(Windows+NT+10.0;+Win64;+x64)+AppleWebKit/537.36+(KHTML,+like+Gecko)+Chrome/63.0.3239.132+Safari/537.36 http://localhost:51722/ReceiptBox 200 0 0 138
2018-02-05 11:31:46 ::1 GET /Scripts/jquery.twbsPagination.js - 51722 - ::1 Mozilla/5.0+(Windows+NT+10.0;+Win64;+x64)+AppleWebKit/537.36+(KHTML,+like+Gecko)+Chrome/63.0.3239.132+Safari/537.36 http://localhost:51722/ReceiptBox 200 0 0 138
2018-02-05 11:31:46 ::1 GET /Scripts/jQueryRotate.js - 51722 - ::1 Mozilla/5.0+(Windows+NT+10.0;+Win64;+x64)+AppleWebKit/537.36+(KHTML,+like+Gecko)+Chrome/63.0.3239.132+Safari/537.36 http://localhost:51722/ReceiptBox 200 0 0 143
2018-02-05 11:31:46 ::1 GET /Scripts/jquery.qtip.min.js - 51722 - ::1 Mozilla/5.0+(Windows+NT+10.0;+Win64;+x64)+AppleWebKit/537.36+(KHTML,+like+Gecko)+Chrome/63.0.3239.132+Safari/537.36 http://localhost:51722/ReceiptBox 200 0 0 276
2018-02-05 11:31:46 ::1 GET /ReceiptUploades/QC1/qcemployee7gorilla@gmailcom/webThumb21201891614AM_21201891614AM.jpg - 51722 qcemployee7.gorilla@gmail.com ::1 Mozilla/5.0+(Windows+NT+10.0;+Win64;+x64)+AppleWebKit/537.36+(KHTML,+like+Gecko)+Chrome/63.0.3239.132+Safari/537.36 http://localhost:51722/ReceiptBox 200 0 0 10
2018-02-05 11:31:46 ::1 GET /ReceiptUploades/QC1/qcemployee7gorilla@gmailcom/webThumb21201895013AM_21201895013AM.png - 51722 qcemployee7.gorilla@gmail.com ::1 Mozilla/5.0+(Windows+NT+10.0;+Win64;+x64)+AppleWebKit/537.36+(KHTML,+like+Gecko)+Chrome/63.0.3239.132+Safari/537.36 http://localhost:51722/ReceiptBox 200 0 0 10
2018-02-05 11:31:47 ::1 GET /images/logo_1.png - 51722 - ::1 Mozilla/5.0+(Windows+NT+10.0;+Win64;+x64)+AppleWebKit/537.36+(KHTML,+like+Gecko)+Chrome/63.0.3239.132+Safari/537.36 http://localhost:51722/ReceiptBox 200 0 0 541
2018-02-05 11:31:47 ::1 GET /https:/ocrdevstorage.blob.core.windows.net/cdn/receiptuploads/gorillaproqc1/qcemployee7.gorilla@gmail.com/webThumb_21201882446AM.png - 51722 - ::1 Mozilla/5.0+(Windows+NT+10.0;+Win64;+x64)+AppleWebKit/537.36+(KHTML,+like+Gecko)+Chrome/63.0.3239.132+Safari/537.36 http://localhost:51722/ReceiptBox 404 0 2 14
2018-02-05 11:31:47 ::1 GET /ReceiptUploades/QC1/qcemployee7gorilla@gmailcom/webThumb21201854951AM_21201854951AM.png - 51722 qcemployee7.gorilla@gmail.com ::1 Mozilla/5.0+(Windows+NT+10.0;+Win64;+x64)+AppleWebKit/537.36+(KHTML,+like+Gecko)+Chrome/63.0.3239.132+Safari/537.36 http://localhost:51722/ReceiptBox 200 0 0 15
2018-02-05 11:31:47 ::1 GET /ReceiptUploades/QC1/qcemployee7gorilla@gmailcom/webThumb21201852600AM_21201852600AM.png - 51722 qcemployee7.gorilla@gmail.com ::1 Mozilla/5.0+(Windows+NT+10.0;+Win64;+x64)+AppleWebKit/537.36+(KHTML,+like+Gecko)+Chrome/63.0.3239.132+Safari/537.36 http://localhost:51722/ReceiptBox 200 0 0 11
2018-02-05 11:31:47 ::1 GET /https:/ocrdevstorage.blob.core.windows.net/cdn/receiptuploads/gorillaproqc1/qcemployee7.gorilla@gmail.com/webThumb_129201890225AM.png - 51722 - ::1 Mozilla/5.0+(Windows+NT+10.0;+Win64;+x64)+AppleWebKit/537.36+(KHTML,+like+Gecko)+Chrome/63.0.3239.132+Safari/537.36 http://localhost:51722/ReceiptBox 404 0 2 5
2018-02-05 11:31:47 ::1 GET /https:/ocrdevstorage.blob.core.windows.net/cdn/receiptuploads/gorillaproqc1/qcemployee7.gorilla@gmail.com/webThumb_129201885837AM.png - 51722 - ::1 Mozilla/5.0+(Windows+NT+10.0;+Win64;+x64)+AppleWebKit/537.36+(KHTML,+like+Gecko)+Chrome/63.0.3239.132+Safari/537.36 http://localhost:51722/ReceiptBox 404 0 2 9
2018-02-05 11:31:47 ::1 GET /ReceiptUploades/QC1/qcemployee7gorilla@gmailcom/webThumb21201845838AM_21201845838AM.jpg - 51722 qcemployee7.gorilla@gmail.com ::1 Mozilla/5.0+(Windows+NT+10.0;+Win64;+x64)+AppleWebKit/537.36+(KHTML,+like+Gecko)+Chrome/63.0.3239.132+Safari/537.36 http://localhost:51722/ReceiptBox 200 0 0 28
2018-02-05 11:31:47 ::1 GET /ReceiptUploades/QC1/qcemployee7gorilla@gmailcom/webThumb21201845355AM_21201845355AM.png - 51722 qcemployee7.gorilla@gmail.com ::1 Mozilla/5.0+(Windows+NT+10.0;+Win64;+x64)+AppleWebKit/537.36+(KHTML,+like+Gecko)+Chrome/63.0.3239.132+Safari/537.36 http://localhost:51722/ReceiptBox 200 0 0 17
2018-02-05 11:31:47 ::1 GET /ReceiptUploades/QC1/qcemployee7gorilla@gmailcom/webThumb21201845413AM_21201845413AM.png - 51722 qcemployee7.gorilla@gmail.com ::1 Mozilla/5.0+(Windows+NT+10.0;+Win64;+x64)+AppleWebKit/537.36+(KHTML,+like+Gecko)+Chrome/63.0.3239.132+Safari/537.36 http://localhost:51722/ReceiptBox 200 0 0 37
2018-02-05 11:31:47 ::1 GET /https:/ocrdevstorage.blob.core.windows.net/cdn/receiptuploads/gorillaproqc1/qcemployee7.gorilla@gmail.com/webThumb_124201882938AM.png - 51722 - ::1 Mozilla/5.0+(Windows+NT+10.0;+Win64;+x64)+AppleWebKit/537.36+(KHTML,+like+Gecko)+Chrome/63.0.3239.132+Safari/537.36 http://localhost:51722/ReceiptBox 404 0 2 9
2018-02-05 11:31:47 ::1 GET /https:/ocrdevstorage.blob.core.windows.net/cdn/receiptuploads/gorillaproqc1/qcemployee7.gorilla@gmail.com/webThumb_124201884315AM.jpg - 51722 - ::1 Mozilla/5.0+(Windows+NT+10.0;+Win64;+x64)+AppleWebKit/537.36+(KHTML,+like+Gecko)+Chrome/63.0.3239.132+Safari/537.36 http://localhost:51722/ReceiptBox 404 0 2 9
2018-02-05 11:31:47 ::1 GET /Scripts/jquery.fancybox.js - 51722 - ::1 Mozilla/5.0+(Windows+NT+10.0;+Win64;+x64)+AppleWebKit/537.36+(KHTML,+like+Gecko)+Chrome/63.0.3239.132+Safari/537.36 http://localhost:51722/ReceiptBox 200 0 0 608
2018-02-05 11:31:47 ::1 GET /https:/ocrdevstorage.blob.core.windows.net/cdn/receiptuploads/gorillaproqc1/qcemployee7.gorilla@gmail.com/webThumb_129201834151AM.jpg - 51722 - ::1 Mozilla/5.0+(Windows+NT+10.0;+Win64;+x64)+AppleWebKit/537.36+(KHTML,+like+Gecko)+Chrome/63.0.3239.132+Safari/537.36 http://localhost:51722/ReceiptBox 404 0 2 12
2018-02-05 11:31:47 ::1 GET /https:/ocrdevstorage.blob.core.windows.net/cdn/receiptuploads/gorillaproqc1/qcemployee7.gorilla@gmail.com/webThumb_124201875619AM.jpg - 51722 - ::1 Mozilla/5.0+(Windows+NT+10.0;+Win64;+x64)+AppleWebKit/537.36+(KHTML,+like+Gecko)+Chrome/63.0.3239.132+Safari/537.36 http://localhost:51722/ReceiptBox 404 0 2 12
2018-02-05 11:31:47 ::1 GET /https:/ocrdevstorage.blob.core.windows.net/cdn/receiptuploads/gorillaproqc1/qcemployee7.gorilla@gmail.com/webThumb_124201875634AM.jpg - 51722 - ::1 Mozilla/5.0+(Windows+NT+10.0;+Win64;+x64)+AppleWebKit/537.36+(KHTML,+like+Gecko)+Chrome/63.0.3239.132+Safari/537.36 http://localhost:51722/ReceiptBox 404 0 2 12
2018-02-05 11:31:47 ::1 GET /https:/ocrdevstorage.blob.core.windows.net/cdn/receiptuploads/gorillaproqc1/qcemployee7.gorilla@gmail.com/webThumb_124201875702AM.jpg - 51722 - ::1 Mozilla/5.0+(Windows+NT+10.0;+Win64;+x64)+AppleWebKit/537.36+(KHTML,+like+Gecko)+Chrome/63.0.3239.132+Safari/537.36 http://localhost:51722/ReceiptBox 404 0 2 19
2018-02-05 11:31:47 ::1 GET /https:/ocrdevstorage.blob.core.windows.net/cdn/receiptuploads/gorillaproqc1/qcemployee7.gorilla@gmail.com/webThumb_124201875648AM.jpg - 51722 - ::1 Mozilla/5.0+(Windows+NT+10.0;+Win64;+x64)+AppleWebKit/537.36+(KHTML,+like+Gecko)+Chrome/63.0.3239.132+Safari/537.36 http://localhost:51722/ReceiptBox 404 0 2 16
2018-02-05 11:31:47 ::1 GET /Scripts/jquery.imgcheckbox.js - 51722 - ::1 Mozilla/5.0+(Windows+NT+10.0;+Win64;+x64)+AppleWebKit/537.36+(KHTML,+like+Gecko)+Chrome/63.0.3239.132+Safari/537.36 http://localhost:51722/ReceiptBox 200 0 0 373
2018-02-05 11:31:47 ::1 GET /https:/ocrdevstorage.blob.core.windows.net/cdn/receiptuploads/gorillaproqc1/qcemployee7.gorilla@gmail.com/webThumb_124201870656AM.png - 51722 - ::1 Mozilla/5.0+(Windows+NT+10.0;+Win64;+x64)+AppleWebKit/537.36+(KHTML,+like+Gecko)+Chrome/63.0.3239.132+Safari/537.36 http://localhost:51722/ReceiptBox 404 0 2 3
2018-02-05 11:31:47 ::1 GET /ReceiptUploades/QC1/qcemployee7gorilla@gmailcom/webThumb124201830119AM_124201830119AM.png - 51722 qcemployee7.gorilla@gmail.com ::1 Mozilla/5.0+(Windows+NT+10.0;+Win64;+x64)+AppleWebKit/537.36+(KHTML,+like+Gecko)+Chrome/63.0.3239.132+Safari/537.36 http://localhost:51722/ReceiptBox 200 0 0 11
2018-02-05 11:31:47 ::1 GET /https:/ocrdevstorage.blob.core.windows.net/cdn/receiptuploads/gorillaproqc1/qcemployee7.gorilla@gmail.com/webThumb_123201893717AM.jpg - 51722 - ::1 Mozilla/5.0+(Windows+NT+10.0;+Win64;+x64)+AppleWebKit/537.36+(KHTML,+like+Gecko)+Chrome/63.0.3239.132+Safari/537.36 http://localhost:51722/ReceiptBox 404 0 2 13
2018-02-05 11:31:47 ::1 GET /https:/ocrdevstorage.blob.core.windows.net/cdn/receiptuploads/gorillaproqc1/qcemployee7.gorilla@gmail.com/webThumb_123201842907AM.jpg - 51722 - ::1 Mozilla/5.0+(Windows+NT+10.0;+Win64;+x64)+AppleWebKit/537.36+(KHTML,+like+Gecko)+Chrome/63.0.3239.132+Safari/537.36 http://localhost:51722/ReceiptBox 404 0 2 13
2018-02-05 11:31:47 ::1 GET /ReceiptUploades/QC1/qcemployee7gorilla@gmailcom/webThumb124201830059AM_124201830059AM.png - 51722 qcemployee7.gorilla@gmail.com ::1 Mozilla/5.0+(Windows+NT+10.0;+Win64;+x64)+AppleWebKit/537.36+(KHTML,+like+Gecko)+Chrome/63.0.3239.132+Safari/537.36 http://localhost:51722/ReceiptBox 200 0 0 21
2018-02-05 11:31:47 ::1 GET /ReceiptUploades/QC1/qcemployee7gorilla@gmailcom/webThumb124201830007AM_124201830007AM.jpg - 51722 qcemployee7.gorilla@gmail.com ::1 Mozilla/5.0+(Windows+NT+10.0;+Win64;+x64)+AppleWebKit/537.36+(KHTML,+like+Gecko)+Chrome/63.0.3239.132+Safari/537.36 http://localhost:51722/ReceiptBox 200 0 0 21
2018-02-05 11:31:47 ::1 GET /web/ReceiptUploades/QC1/qcemployee7gorilla@gmailcom/webThumb123201842013AM_123201842013AM.jpg - 51722 - ::1 Mozilla/5.0+(Windows+NT+10.0;+Win64;+x64)+AppleWebKit/537.36+(KHTML,+like+Gecko)+Chrome/63.0.3239.132+Safari/537.36 http://localhost:51722/ReceiptBox 404 0 2 6
2018-02-05 11:31:47 ::1 GET /https:/ocrdevstorage.blob.core.windows.net/cdn/receiptuploads/gorillaproqc1/qcemployee7.gorilla@gmail.com/webThumb_123201843007AM.jpg - 51722 - ::1 Mozilla/5.0+(Windows+NT+10.0;+Win64;+x64)+AppleWebKit/537.36+(KHTML,+like+Gecko)+Chrome/63.0.3239.132+Safari/537.36 http://localhost:51722/ReceiptBox 404 0 2 21
2018-02-05 11:31:47 ::1 GET /images/bg-form-field.gif - 51722 - ::1 Mozilla/5.0+(Windows+NT+10.0;+Win64;+x64)+AppleWebKit/537.36+(KHTML,+like+Gecko)+Chrome/63.0.3239.132+Safari/537.36 http://localhost:51722/ReceiptBox 200 0 0 40
2018-02-05 11:31:47 ::1 GET /Images/last.png - 51722 - ::1 Mozilla/5.0+(Windows+NT+10.0;+Win64;+x64)+AppleWebKit/537.36+(KHTML,+like+Gecko)+Chrome/63.0.3239.132+Safari/537.36 http://localhost:51722/ReceiptBox 200 0 0 65
2018-02-05 11:31:47 ::1 GET /Images/prev.png - 51722 - ::1 Mozilla/5.0+(Windows+NT+10.0;+Win64;+x64)+AppleWebKit/537.36+(KHTML,+like+Gecko)+Chrome/63.0.3239.132+Safari/537.36 http://localhost:51722/ReceiptBox 200 0 0 69
2018-02-05 11:31:47 ::1 GET /Images/first.png - 51722 - ::1 Mozilla/5.0+(Windows+NT+10.0;+Win64;+x64)+AppleWebKit/537.36+(KHTML,+like+Gecko)+Chrome/63.0.3239.132+Safari/537.36 http://localhost:51722/ReceiptBox 200 0 0 97
2018-02-05 11:31:47 ::1 GET /Images/next.png - 51722 - ::1 Mozilla/5.0+(Windows+NT+10.0;+Win64;+x64)+AppleWebKit/537.36+(KHTML,+like+Gecko)+Chrome/63.0.3239.132+Safari/537.36 http://localhost:51722/ReceiptBox 200 0 0 97
2018-02-05 11:31:47 ::1 GET /favicon.ico - 51722 - ::1 Mozilla/5.0+(Windows+NT+10.0;+Win64;+x64)+AppleWebKit/537.36+(KHTML,+like+Gecko)+Chrome/63.0.3239.132+Safari/537.36 http://localhost:51722/ReceiptBox 200 0 0 206
2018-02-05 11:32:09 ::1 GET /ReceiptUploades/QC1/qcemployee7gorilla@gmailcom/21201895012AM.pdf - 51722 qcemployee7.gorilla@gmail.com ::1 Mozilla/5.0+(Windows+NT+10.0;+Win64;+x64)+AppleWebKit/537.36+(KHTML,+like+Gecko)+Chrome/63.0.3239.132+Safari/537.36 http://localhost:51722/ReceiptBox 200 0 0 9
2018-02-05 11:32:09 ::1 HEAD /ViewerJS/ - 51722 - ::1 Mozilla/5.0+(Windows+NT+10.0;+Win64;+x64)+AppleWebKit/537.36+(KHTML,+like+Gecko)+Chrome/63.0.3239.132+Safari/537.36 http://localhost:51722/ReceiptBox 200 0 0 55
2018-02-05 11:32:22 ::1 GET /ReceiptUploades/QC1/qcemployee7gorilla@gmailcom/21201891614AM.jpg - 51722 qcemployee7.gorilla@gmail.com ::1 Mozilla/5.0+(Windows+NT+10.0;+Win64;+x64)+AppleWebKit/537.36+(KHTML,+like+Gecko)+Chrome/63.0.3239.132+Safari/537.36 http://localhost:51722/ReceiptBox 200 0 0 6
2018-02-05 11:32:25 ::1 GET /https:/ocrdevstorage.blob.core.windows.net/cdn/receiptuploads/gorillaproqc1/qcemployee7.gorilla@gmail.com/21201882435AM_21201882435AM.pdf - 51722 - ::1 Mozilla/5.0+(Windows+NT+10.0;+Win64;+x64)+AppleWebKit/537.36+(KHTML,+like+Gecko)+Chrome/63.0.3239.132+Safari/537.36 http://localhost:51722/ReceiptBox 404 0 2 1
2018-02-05 11:32:25 ::1 HEAD /ViewerJS/ - 51722 - ::1 Mozilla/5.0+(Windows+NT+10.0;+Win64;+x64)+AppleWebKit/537.36+(KHTML,+like+Gecko)+Chrome/63.0.3239.132+Safari/537.36 http://localhost:51722/ReceiptBox 200 0 0 133
2018-02-05 11:32:35 ::1 GET /ReceiptUploades/QC1/qcemployee7gorilla@gmailcom/21201854944AM.pdf - 51722 qcemployee7.gorilla@gmail.com ::1 Mozilla/5.0+(Windows+NT+10.0;+Win64;+x64)+AppleWebKit/537.36+(KHTML,+like+Gecko)+Chrome/63.0.3239.132+Safari/537.36 http://localhost:51722/ReceiptBox 200 0 0 8
2018-02-05 11:32:35 ::1 HEAD /ViewerJS/ - 51722 - ::1 Mozilla/5.0+(Windows+NT+10.0;+Win64;+x64)+AppleWebKit/537.36+(KHTML,+like+Gecko)+Chrome/63.0.3239.132+Safari/537.36 http://localhost:51722/ReceiptBox 200 0 0 499
2018-02-05 11:32:42 ::1 HEAD /ViewerJS/ - 51722 - ::1 Mozilla/5.0+(Windows+NT+10.0;+Win64;+x64)+AppleWebKit/537.36+(KHTML,+like+Gecko)+Chrome/63.0.3239.132+Safari/537.36 http://localhost:51722/ReceiptBox 200 0 0 12
2018-02-05 11:32:42 ::1 GET /https:/ocrdevstorage.blob.core.windows.net/cdn/receiptuploads/gorillaproqc1/qcemployee7.gorilla@gmail.com/21201882435AM_21201882435AM.pdf - 51722 - ::1 Mozilla/5.0+(Windows+NT+10.0;+Win64;+x64)+AppleWebKit/537.36+(KHTML,+like+Gecko)+Chrome/63.0.3239.132+Safari/537.36 http://localhost:51722/ReceiptBox 404 0 2 17
2018-02-05 11:34:54 ::1 GET /ReceiptBox - 51722 qcemployee7.gorilla@gmail.com ::1 Mozilla/5.0+(Windows+NT+10.0;+Win64;+x64)+AppleWebKit/537.36+(KHTML,+like+Gecko)+Chrome/63.0.3239.132+Safari/537.36 http://localhost:51722/ReceiptBox 200 0 0 3296
2018-02-05 11:34:54 ::1 GET /css/SiteLayoutPageForMasters-css v=AiRVo7cUBIiFwkQbOe4g2dRTXv-JAaPIqf7ujTO86-o1 51722 qcemployee7.gorilla@gmail.com ::1 Mozilla/5.0+(Windows+NT+10.0;+Win64;+x64)+AppleWebKit/537.36+(KHTML,+like+Gecko)+Chrome/63.0.3239.132+Safari/537.36 http://localhost:51722/ReceiptBox 200 0 0 20
2018-02-05 11:34:54 ::1 GET /Scripts/SiteLayoutPageForMasters-js v=Vlht4Qfm39Ck0shiJ4B7sBubUC4endoFXvVzayLHKnU1 51722 qcemployee7.gorilla@gmail.com ::1 Mozilla/5.0+(Windows+NT+10.0;+Win64;+x64)+AppleWebKit/537.36+(KHTML,+like+Gecko)+Chrome/63.0.3239.132+Safari/537.36 http://localhost:51722/ReceiptBox 200 0 0 74
2018-02-05 11:34:54 ::1 GET /Content/jquery.qtip.min.css - 51722 - ::1 Mozilla/5.0+(Windows+NT+10.0;+Win64;+x64)+AppleWebKit/537.36+(KHTML,+like+Gecko)+Chrome/63.0.3239.132+Safari/537.36 http://localhost:51722/ReceiptBox 200 0 0 98
2018-02-05 11:34:54 ::1 GET /Content/jquery.fancybox.css - 51722 - ::1 Mozilla/5.0+(Windows+NT+10.0;+Win64;+x64)+AppleWebKit/537.36+(KHTML,+like+Gecko)+Chrome/63.0.3239.132+Safari/537.36 http://localhost:51722/ReceiptBox 200 0 0 102
2018-02-05 11:34:54 ::1 GET /Content/RecieptBox.css - 51722 - ::1 Mozilla/5.0+(Windows+NT+10.0;+Win64;+x64)+AppleWebKit/537.36+(KHTML,+like+Gecko)+Chrome/63.0.3239.132+Safari/537.36 http://localhost:51722/ReceiptBox 200 0 0 104
2018-02-05 11:34:54 ::1 GET /images/logo_1.png - 51722 - ::1 Mozilla/5.0+(Windows+NT+10.0;+Win64;+x64)+AppleWebKit/537.36+(KHTML,+like+Gecko)+Chrome/63.0.3239.132+Safari/537.36 http://localhost:51722/ReceiptBox 200 0 0 17
2018-02-05 11:34:54 ::1 GET /Scripts/jquery.fancybox.js - 51722 - ::1 Mozilla/5.0+(Windows+NT+10.0;+Win64;+x64)+AppleWebKit/537.36+(KHTML,+like+Gecko)+Chrome/63.0.3239.132+Safari/537.36 http://localhost:51722/ReceiptBox 200 0 0 14
2018-02-05 11:34:54 ::1 GET /Scripts/jquery.mousewheel-3.0.6.pack.js - 51722 - ::1 Mozilla/5.0+(Windows+NT+10.0;+Win64;+x64)+AppleWebKit/537.36+(KHTML,+like+Gecko)+Chrome/63.0.3239.132+Safari/537.36 http://localhost:51722/ReceiptBox 200 0 0 64
2018-02-05 11:34:54 ::1 GET /ReceiptUploades/QC1/qcemployee7gorilla@gmailcom/webThumb21201895013AM_21201895013AM.png - 51722 qcemployee7.gorilla@gmail.com ::1 Mozilla/5.0+(Windows+NT+10.0;+Win64;+x64)+AppleWebKit/537.36+(KHTML,+like+Gecko)+Chrome/63.0.3239.132+Safari/537.36 http://localhost:51722/ReceiptBox 200 0 0 7
2018-02-05 11:34:54 ::1 GET /Scripts/jquery.loading.1.6.4.js - 51722 - ::1 Mozilla/5.0+(Windows+NT+10.0;+Win64;+x64)+AppleWebKit/537.36+(KHTML,+like+Gecko)+Chrome/63.0.3239.132+Safari/537.36 http://localhost:51722/ReceiptBox 200 0 0 48
2018-02-05 11:34:54 ::1 GET /ReceiptUploades/QC1/qcemployee7gorilla@gmailcom/webThumb21201891614AM_21201891614AM.jpg - 51722 qcemployee7.gorilla@gmail.com ::1 Mozilla/5.0+(Windows+NT+10.0;+Win64;+x64)+AppleWebKit/537.36+(KHTML,+like+Gecko)+Chrome/63.0.3239.132+Safari/537.36 http://localhost:51722/ReceiptBox 200 0 0 12
2018-02-05 11:34:54 ::1 GET /ReceiptUploades/QC1/qcemployee7gorilla@gmailcom/webThumb21201854951AM_21201854951AM.png - 51722 qcemployee7.gorilla@gmail.com ::1 Mozilla/5.0+(Windows+NT+10.0;+Win64;+x64)+AppleWebKit/537.36+(KHTML,+like+Gecko)+Chrome/63.0.3239.132+Safari/537.36 http://localhost:51722/ReceiptBox 200 0 0 21
2018-02-05 11:34:54 ::1 GET /Scripts/jquery.twbsPagination.js - 51722 - ::1 Mozilla/5.0+(Windows+NT+10.0;+Win64;+x64)+AppleWebKit/537.36+(KHTML,+like+Gecko)+Chrome/63.0.3239.132+Safari/537.36 http://localhost:51722/ReceiptBox 200 0 0 107
2018-02-05 11:34:54 ::1 GET /https:/ocrdevstorage.blob.core.windows.net/cdn/receiptuploads/gorillaproqc1/qcemployee7.gorilla@gmail.com/webThumb_21201882446AM.png - 51722 - ::1 Mozilla/5.0+(Windows+NT+10.0;+Win64;+x64)+AppleWebKit/537.36+(KHTML,+like+Gecko)+Chrome/63.0.3239.132+Safari/537.36 http://localhost:51722/ReceiptBox 404 0 2 22
2018-02-05 11:34:54 ::1 GET /Scripts/jquery.qtip.min.js - 51722 - ::1 Mozilla/5.0+(Windows+NT+10.0;+Win64;+x64)+AppleWebKit/537.36+(KHTML,+like+Gecko)+Chrome/63.0.3239.132+Safari/537.36 http://localhost:51722/ReceiptBox 200 0 0 106
2018-02-05 11:34:54 ::1 GET /Scripts/jquery.imgcheckbox.js - 51722 - ::1 Mozilla/5.0+(Windows+NT+10.0;+Win64;+x64)+AppleWebKit/537.36+(KHTML,+like+Gecko)+Chrome/63.0.3239.132+Safari/537.36 http://localhost:51722/ReceiptBox 200 0 0 71
2018-02-05 11:34:54 ::1 GET /ReceiptUploades/QC1/qcemployee7gorilla@gmailcom/webThumb21201852600AM_21201852600AM.png - 51722 qcemployee7.gorilla@gmail.com ::1 Mozilla/5.0+(Windows+NT+10.0;+Win64;+x64)+AppleWebKit/537.36+(KHTML,+like+Gecko)+Chrome/63.0.3239.132+Safari/537.36 http://localhost:51722/ReceiptBox 200 0 0 8
2018-02-05 11:34:54 ::1 GET /Scripts/jQueryRotate.js - 51722 - ::1 Mozilla/5.0+(Windows+NT+10.0;+Win64;+x64)+AppleWebKit/537.36+(KHTML,+like+Gecko)+Chrome/63.0.3239.132+Safari/537.36 http://localhost:51722/ReceiptBox 200 0 0 131
2018-02-05 11:34:54 ::1 GET /ReceiptUploades/QC1/qcemployee7gorilla@gmailcom/webThumb21201845838AM_21201845838AM.jpg - 51722 qcemployee7.gorilla@gmail.com ::1 Mozilla/5.0+(Windows+NT+10.0;+Win64;+x64)+AppleWebKit/537.36+(KHTML,+like+Gecko)+Chrome/63.0.3239.132+Safari/537.36 http://localhost:51722/ReceiptBox 200 0 0 13
2018-02-05 11:34:54 ::1 GET /ReceiptUploades/QC1/qcemployee7gorilla@gmailcom/webThumb21201845355AM_21201845355AM.png - 51722 qcemployee7.gorilla@gmail.com ::1 Mozilla/5.0+(Windows+NT+10.0;+Win64;+x64)+AppleWebKit/537.36+(KHTML,+like+Gecko)+Chrome/63.0.3239.132+Safari/537.36 http://localhost:51722/ReceiptBox 200 0 0 16
2018-02-05 11:34:54 ::1 GET /ReceiptUploades/QC1/qcemployee7gorilla@gmailcom/webThumb21201845413AM_21201845413AM.png - 51722 qcemployee7.gorilla@gmail.com ::1 Mozilla/5.0+(Windows+NT+10.0;+Win64;+x64)+AppleWebKit/537.36+(KHTML,+like+Gecko)+Chrome/63.0.3239.132+Safari/537.36 http://localhost:51722/ReceiptBox 200 0 0 16
2018-02-05 11:34:54 ::1 GET /https:/ocrdevstorage.blob.core.windows.net/cdn/receiptuploads/gorillaproqc1/qcemployee7.gorilla@gmail.com/webThumb_129201890225AM.png - 51722 - ::1 Mozilla/5.0+(Windows+NT+10.0;+Win64;+x64)+AppleWebKit/537.36+(KHTML,+like+Gecko)+Chrome/63.0.3239.132+Safari/537.36 http://localhost:51722/ReceiptBox 404 0 2 9
2018-02-05 11:34:54 ::1 GET /https:/ocrdevstorage.blob.core.windows.net/cdn/receiptuploads/gorillaproqc1/qcemployee7.gorilla@gmail.com/webThumb_129201885837AM.png - 51722 - ::1 Mozilla/5.0+(Windows+NT+10.0;+Win64;+x64)+AppleWebKit/537.36+(KHTML,+like+Gecko)+Chrome/63.0.3239.132+Safari/537.36 http://localhost:51722/ReceiptBox 404 0 2 9
2018-02-05 11:34:54 ::1 GET /https:/ocrdevstorage.blob.core.windows.net/cdn/receiptuploads/gorillaproqc1/qcemployee7.gorilla@gmail.com/webThumb_129201834151AM.jpg - 51722 - ::1 Mozilla/5.0+(Windows+NT+10.0;+Win64;+x64)+AppleWebKit/537.36+(KHTML,+like+Gecko)+Chrome/63.0.3239.132+Safari/537.36 http://localhost:51722/ReceiptBox 404 0 2 9
2018-02-05 11:34:54 ::1 GET /https:/ocrdevstorage.blob.core.windows.net/cdn/receiptuploads/gorillaproqc1/qcemployee7.gorilla@gmail.com/webThumb_124201875702AM.jpg - 51722 - ::1 Mozilla/5.0+(Windows+NT+10.0;+Win64;+x64)+AppleWebKit/537.36+(KHTML,+like+Gecko)+Chrome/63.0.3239.132+Safari/537.36 http://localhost:51722/ReceiptBox 404 0 2 4
2018-02-05 11:34:54 ::1 GET /https:/ocrdevstorage.blob.core.windows.net/cdn/receiptuploads/gorillaproqc1/qcemployee7.gorilla@gmail.com/webThumb_124201884315AM.jpg - 51722 - ::1 Mozilla/5.0+(Windows+NT+10.0;+Win64;+x64)+AppleWebKit/537.36+(KHTML,+like+Gecko)+Chrome/63.0.3239.132+Safari/537.36 http://localhost:51722/ReceiptBox 404 0 2 5
2018-02-05 11:34:54 ::1 GET /https:/ocrdevstorage.blob.core.windows.net/cdn/receiptuploads/gorillaproqc1/qcemployee7.gorilla@gmail.com/webThumb_124201882938AM.png - 51722 - ::1 Mozilla/5.0+(Windows+NT+10.0;+Win64;+x64)+AppleWebKit/537.36+(KHTML,+like+Gecko)+Chrome/63.0.3239.132+Safari/537.36 http://localhost:51722/ReceiptBox 404 0 2 5
2018-02-05 11:34:54 ::1 GET /https:/ocrdevstorage.blob.core.windows.net/cdn/receiptuploads/gorillaproqc1/qcemployee7.gorilla@gmail.com/webThumb_124201875634AM.jpg - 51722 - ::1 Mozilla/5.0+(Windows+NT+10.0;+Win64;+x64)+AppleWebKit/537.36+(KHTML,+like+Gecko)+Chrome/63.0.3239.132+Safari/537.36 http://localhost:51722/ReceiptBox 404 0 2 8
2018-02-05 11:34:54 ::1 GET /https:/ocrdevstorage.blob.core.windows.net/cdn/receiptuploads/gorillaproqc1/qcemployee7.gorilla@gmail.com/webThumb_124201870656AM.png - 51722 - ::1 Mozilla/5.0+(Windows+NT+10.0;+Win64;+x64)+AppleWebKit/537.36+(KHTML,+like+Gecko)+Chrome/63.0.3239.132+Safari/537.36 http://localhost:51722/ReceiptBox 404 0 2 6
2018-02-05 11:34:54 ::1 GET /https:/ocrdevstorage.blob.core.windows.net/cdn/receiptuploads/gorillaproqc1/qcemployee7.gorilla@gmail.com/webThumb_124201875648AM.jpg - 51722 - ::1 Mozilla/5.0+(Windows+NT+10.0;+Win64;+x64)+AppleWebKit/537.36+(KHTML,+like+Gecko)+Chrome/63.0.3239.132+Safari/537.36 http://localhost:51722/ReceiptBox 404 0 2 8
2018-02-05 11:34:54 ::1 GET /https:/ocrdevstorage.blob.core.windows.net/cdn/receiptuploads/gorillaproqc1/qcemployee7.gorilla@gmail.com/webThumb_124201875619AM.jpg - 51722 - ::1 Mozilla/5.0+(Windows+NT+10.0;+Win64;+x64)+AppleWebKit/537.36+(KHTML,+like+Gecko)+Chrome/63.0.3239.132+Safari/537.36 http://localhost:51722/ReceiptBox 404 0 2 14
2018-02-05 11:34:54 ::1 GET /ReceiptUploades/QC1/qcemployee7gorilla@gmailcom/webThumb124201830119AM_124201830119AM.png - 51722 qcemployee7.gorilla@gmail.com ::1 Mozilla/5.0+(Windows+NT+10.0;+Win64;+x64)+AppleWebKit/537.36+(KHTML,+like+Gecko)+Chrome/63.0.3239.132+Safari/537.36 http://localhost:51722/ReceiptBox 200 0 0 24
2018-02-05 11:34:54 ::1 GET /ReceiptUploades/QC1/qcemployee7gorilla@gmailcom/webThumb124201830059AM_124201830059AM.png - 51722 qcemployee7.gorilla@gmail.com ::1 Mozilla/5.0+(Windows+NT+10.0;+Win64;+x64)+AppleWebKit/537.36+(KHTML,+like+Gecko)+Chrome/63.0.3239.132+Safari/537.36 http://localhost:51722/ReceiptBox 200 0 0 24
2018-02-05 11:34:54 ::1 GET /ReceiptUploades/QC1/qcemployee7gorilla@gmailcom/webThumb124201830007AM_124201830007AM.jpg - 51722 qcemployee7.gorilla@gmail.com ::1 Mozilla/5.0+(Windows+NT+10.0;+Win64;+x64)+AppleWebKit/537.36+(KHTML,+like+Gecko)+Chrome/63.0.3239.132+Safari/537.36 http://localhost:51722/ReceiptBox 200 0 0 8
2018-02-05 11:34:54 ::1 GET /https:/ocrdevstorage.blob.core.windows.net/cdn/receiptuploads/gorillaproqc1/qcemployee7.gorilla@gmail.com/webThumb_123201893717AM.jpg - 51722 - ::1 Mozilla/5.0+(Windows+NT+10.0;+Win64;+x64)+AppleWebKit/537.36+(KHTML,+like+Gecko)+Chrome/63.0.3239.132+Safari/537.36 http://localhost:51722/ReceiptBox 404 0 2 3
2018-02-05 11:34:54 ::1 GET /https:/ocrdevstorage.blob.core.windows.net/cdn/receiptuploads/gorillaproqc1/qcemployee7.gorilla@gmail.com/webThumb_123201842907AM.jpg - 51722 - ::1 Mozilla/5.0+(Windows+NT+10.0;+Win64;+x64)+AppleWebKit/537.36+(KHTML,+like+Gecko)+Chrome/63.0.3239.132+Safari/537.36 http://localhost:51722/ReceiptBox 404 0 2 6
2018-02-05 11:34:54 ::1 GET /https:/ocrdevstorage.blob.core.windows.net/cdn/receiptuploads/gorillaproqc1/qcemployee7.gorilla@gmail.com/webThumb_123201843007AM.jpg - 51722 - ::1 Mozilla/5.0+(Windows+NT+10.0;+Win64;+x64)+AppleWebKit/537.36+(KHTML,+like+Gecko)+Chrome/63.0.3239.132+Safari/537.36 http://localhost:51722/ReceiptBox 404 0 2 8
2018-02-05 11:34:54 ::1 GET /web/ReceiptUploades/QC1/qcemployee7gorilla@gmailcom/webThumb123201842013AM_123201842013AM.jpg - 51722 - ::1 Mozilla/5.0+(Windows+NT+10.0;+Win64;+x64)+AppleWebKit/537.36+(KHTML,+like+Gecko)+Chrome/63.0.3239.132+Safari/537.36 http://localhost:51722/ReceiptBox 404 0 2 9
2018-02-05 11:34:54 ::1 GET /images/bg-form-field.gif - 51722 - ::1 Mozilla/5.0+(Windows+NT+10.0;+Win64;+x64)+AppleWebKit/537.36+(KHTML,+like+Gecko)+Chrome/63.0.3239.132+Safari/537.36 http://localhost:51722/ReceiptBox 200 0 0 8
2018-02-05 11:34:54 ::1 GET /Images/prev.png - 51722 - ::1 Mozilla/5.0+(Windows+NT+10.0;+Win64;+x64)+AppleWebKit/537.36+(KHTML,+like+Gecko)+Chrome/63.0.3239.132+Safari/537.36 http://localhost:51722/ReceiptBox 200 0 0 50
2018-02-05 11:34:54 ::1 GET /Images/last.png - 51722 - ::1 Mozilla/5.0+(Windows+NT+10.0;+Win64;+x64)+AppleWebKit/537.36+(KHTML,+like+Gecko)+Chrome/63.0.3239.132+Safari/537.36 http://localhost:51722/ReceiptBox 200 0 0 58
2018-02-05 11:34:54 ::1 GET /Images/first.png - 51722 - ::1 Mozilla/5.0+(Windows+NT+10.0;+Win64;+x64)+AppleWebKit/537.36+(KHTML,+like+Gecko)+Chrome/63.0.3239.132+Safari/537.36 http://localhost:51722/ReceiptBox 200 0 0 71
2018-02-05 11:34:54 ::1 GET /Images/next.png - 51722 - ::1 Mozilla/5.0+(Windows+NT+10.0;+Win64;+x64)+AppleWebKit/537.36+(KHTML,+like+Gecko)+Chrome/63.0.3239.132+Safari/537.36 http://localhost:51722/ReceiptBox 200 0 0 70
2018-02-05 11:34:54 ::1 GET /favicon.ico - 51722 - ::1 Mozilla/5.0+(Windows+NT+10.0;+Win64;+x64)+AppleWebKit/537.36+(KHTML,+like+Gecko)+Chrome/63.0.3239.132+Safari/537.36 http://localhost:51722/ReceiptBox 200 0 0 34
2018-02-05 11:35:27 ::1 GET /ReceiptUploades/QC1/qcemployee7gorilla@gmailcom/21201895012AM.pdf - 51722 qcemployee7.gorilla@gmail.com ::1 Mozilla/5.0+(Windows+NT+10.0;+Win64;+x64)+AppleWebKit/537.36+(KHTML,+like+Gecko)+Chrome/63.0.3239.132+Safari/537.36 http://localhost:51722/ReceiptBox 200 0 0 16
2018-02-05 11:35:27 ::1 HEAD /ViewerJS/ - 51722 - ::1 Mozilla/5.0+(Windows+NT+10.0;+Win64;+x64)+AppleWebKit/537.36+(KHTML,+like+Gecko)+Chrome/63.0.3239.132+Safari/537.36 http://localhost:51722/ReceiptBox 200 0 0 65
2018-02-05 11:35:33 ::1 HEAD /ViewerJS/ - 51722 - ::1 Mozilla/5.0+(Windows+NT+10.0;+Win64;+x64)+AppleWebKit/537.36+(KHTML,+like+Gecko)+Chrome/63.0.3239.132+Safari/537.36 http://localhost:51722/ReceiptBox 200 0 0 12
2018-02-05 11:35:33 ::1 GET /https:/ocrdevstorage.blob.core.windows.net/cdn/receiptuploads/gorillaproqc1/qcemployee7.gorilla@gmail.com/21201882435AM_21201882435AM.pdf - 51722 - ::1 Mozilla/5.0+(Windows+NT+10.0;+Win64;+x64)+AppleWebKit/537.36+(KHTML,+like+Gecko)+Chrome/63.0.3239.132+Safari/537.36 http://localhost:51722/ReceiptBox 404 0 2 5
2018-02-05 11:36:35 ::1 GET /Scripts/jquery.qtip.min.map - 51722 - ::1 Mozilla/5.0+(Windows+NT+10.0;+Win64;+x64)+AppleWebKit/537.36+(KHTML,+like+Gecko)+Chrome/63.0.3239.132+Safari/537.36 - 404 0 2 2
2018-02-05 11:37:31 ::1 GET /https:/ocrdevstorage.blob.core.windows.net/cdn/receiptuploads/gorillaproqc1/qcemployee7.gorilla@gmail.com/21201882435AM_21201882435AM.pdf - 51722 - ::1 Mozilla/5.0+(Windows+NT+10.0;+Win64;+x64)+AppleWebKit/537.36+(KHTML,+like+Gecko)+Chrome/63.0.3239.132+Safari/537.36 http://localhost:51722/ReceiptBox 404 0 2 10
2018-02-05 11:37:31 ::1 HEAD /ViewerJS/ - 51722 - ::1 Mozilla/5.0+(Windows+NT+10.0;+Win64;+x64)+AppleWebKit/537.36+(KHTML,+like+Gecko)+Chrome/63.0.3239.132+Safari/537.36 http://localhost:51722/ReceiptBox 200 0 0 96
2018-02-05 11:38:24 ::1 GET /ReceiptBox - 51722 qcemployee7.gorilla@gmail.com ::1 Mozilla/5.0+(Windows+NT+10.0;+Win64;+x64)+AppleWebKit/537.36+(KHTML,+like+Gecko)+Chrome/63.0.3239.132+Safari/537.36 http://localhost:51722/ReceiptBox 200 0 0 5784
2018-02-05 11:38:24 ::1 GET /css/SiteLayoutPageForMasters-css v=AiRVo7cUBIiFwkQbOe4g2dRTXv-JAaPIqf7ujTO86-o1 51722 qcemployee7.gorilla@gmail.com ::1 Mozilla/5.0+(Windows+NT+10.0;+Win64;+x64)+AppleWebKit/537.36+(KHTML,+like+Gecko)+Chrome/63.0.3239.132+Safari/537.36 http://localhost:51722/ReceiptBox 200 0 0 22
2018-02-05 11:38:24 ::1 GET /Content/RecieptBox.css - 51722 - ::1 Mozilla/5.0+(Windows+NT+10.0;+Win64;+x64)+AppleWebKit/537.36+(KHTML,+like+Gecko)+Chrome/63.0.3239.132+Safari/537.36 http://localhost:51722/ReceiptBox 200 0 0 28
2018-02-05 11:38:24 ::1 GET /Content/jquery.fancybox.css - 51722 - ::1 Mozilla/5.0+(Windows+NT+10.0;+Win64;+x64)+AppleWebKit/537.36+(KHTML,+like+Gecko)+Chrome/63.0.3239.132+Safari/537.36 http://localhost:51722/ReceiptBox 200 0 0 50
2018-02-05 11:38:24 ::1 GET /Content/jquery.qtip.min.css - 51722 - ::1 Mozilla/5.0+(Windows+NT+10.0;+Win64;+x64)+AppleWebKit/537.36+(KHTML,+like+Gecko)+Chrome/63.0.3239.132+Safari/537.36 http://localhost:51722/ReceiptBox 200 0 0 50
2018-02-05 11:38:24 ::1 GET /Scripts/SiteLayoutPageForMasters-js v=Vlht4Qfm39Ck0shiJ4B7sBubUC4endoFXvVzayLHKnU1 51722 qcemployee7.gorilla@gmail.com ::1 Mozilla/5.0+(Windows+NT+10.0;+Win64;+x64)+AppleWebKit/537.36+(KHTML,+like+Gecko)+Chrome/63.0.3239.132+Safari/537.36 http://localhost:51722/ReceiptBox 200 0 0 138
2018-02-05 11:38:24 ::1 GET /Scripts/jquery.mousewheel-3.0.6.pack.js - 51722 - ::1 Mozilla/5.0+(Windows+NT+10.0;+Win64;+x64)+AppleWebKit/537.36+(KHTML,+like+Gecko)+Chrome/63.0.3239.132+Safari/537.36 http://localhost:51722/ReceiptBox 200 0 0 33
2018-02-05 11:38:24 ::1 GET /Scripts/jquery.fancybox.js - 51722 - ::1 Mozilla/5.0+(Windows+NT+10.0;+Win64;+x64)+AppleWebKit/537.36+(KHTML,+like+Gecko)+Chrome/63.0.3239.132+Safari/537.36 http://localhost:51722/ReceiptBox 200 0 0 14
2018-02-05 11:38:24 ::1 GET /Scripts/jquery.loading.1.6.4.js - 51722 - ::1 Mozilla/5.0+(Windows+NT+10.0;+Win64;+x64)+AppleWebKit/537.36+(KHTML,+like+Gecko)+Chrome/63.0.3239.132+Safari/537.36 http://localhost:51722/ReceiptBox 200 0 0 46
2018-02-05 11:38:24 ::1 GET /images/logo_1.png - 51722 - ::1 Mozilla/5.0+(Windows+NT+10.0;+Win64;+x64)+AppleWebKit/537.36+(KHTML,+like+Gecko)+Chrome/63.0.3239.132+Safari/537.36 http://localhost:51722/ReceiptBox 200 0 0 51
2018-02-05 11:38:24 ::1 GET /Scripts/jQueryRotate.js - 51722 - ::1 Mozilla/5.0+(Windows+NT+10.0;+Win64;+x64)+AppleWebKit/537.36+(KHTML,+like+Gecko)+Chrome/63.0.3239.132+Safari/537.36 http://localhost:51722/ReceiptBox 200 0 0 80
2018-02-05 11:38:24 ::1 GET /Scripts/jquery.qtip.min.js - 51722 - ::1 Mozilla/5.0+(Windows+NT+10.0;+Win64;+x64)+AppleWebKit/537.36+(KHTML,+like+Gecko)+Chrome/63.0.3239.132+Safari/537.36 http://localhost:51722/ReceiptBox 200 0 0 82
2018-02-05 11:38:24 ::1 GET /Scripts/jquery.twbsPagination.js - 51722 - ::1 Mozilla/5.0+(Windows+NT+10.0;+Win64;+x64)+AppleWebKit/537.36+(KHTML,+like+Gecko)+Chrome/63.0.3239.132+Safari/537.36 http://localhost:51722/ReceiptBox 200 0 0 90
2018-02-05 11:38:24 ::1 GET /Scripts/jquery.imgcheckbox.js - 51722 - ::1 Mozilla/5.0+(Windows+NT+10.0;+Win64;+x64)+AppleWebKit/537.36+(KHTML,+like+Gecko)+Chrome/63.0.3239.132+Safari/537.36 http://localhost:51722/ReceiptBox 200 0 0 75
2018-02-05 11:38:24 ::1 GET /ReceiptUploades/QC1/qcemployee7gorilla@gmailcom/webThumb21201895013AM_21201895013AM.png - 51722 qcemployee7.gorilla@gmail.com ::1 Mozilla/5.0+(Windows+NT+10.0;+Win64;+x64)+AppleWebKit/537.36+(KHTML,+like+Gecko)+Chrome/63.0.3239.132+Safari/537.36 http://localhost:51722/ReceiptBox 200 0 0 22
2018-02-05 11:38:24 ::1 GET /https:/ocrdevstorage.blob.core.windows.net/cdn/receiptuploads/gorillaproqc1/qcemployee7.gorilla@gmail.com/webThumb_21201882446AM.png - 51722 - ::1 Mozilla/5.0+(Windows+NT+10.0;+Win64;+x64)+AppleWebKit/537.36+(KHTML,+like+Gecko)+Chrome/63.0.3239.132+Safari/537.36 http://localhost:51722/ReceiptBox 404 0 2 22
2018-02-05 11:38:24 ::1 GET /ReceiptUploades/QC1/qcemployee7gorilla@gmailcom/webThumb21201852600AM_21201852600AM.png - 51722 qcemployee7.gorilla@gmail.com ::1 Mozilla/5.0+(Windows+NT+10.0;+Win64;+x64)+AppleWebKit/537.36+(KHTML,+like+Gecko)+Chrome/63.0.3239.132+Safari/537.36 http://localhost:51722/ReceiptBox 200 0 0 23
2018-02-05 11:38:24 ::1 GET /ReceiptUploades/QC1/qcemployee7gorilla@gmailcom/webThumb21201854951AM_21201854951AM.png - 51722 qcemployee7.gorilla@gmail.com ::1 Mozilla/5.0+(Windows+NT+10.0;+Win64;+x64)+AppleWebKit/537.36+(KHTML,+like+Gecko)+Chrome/63.0.3239.132+Safari/537.36 http://localhost:51722/ReceiptBox 200 0 0 23
2018-02-05 11:38:24 ::1 GET /ReceiptUploades/QC1/qcemployee7gorilla@gmailcom/webThumb21201891614AM_21201891614AM.jpg - 51722 qcemployee7.gorilla@gmail.com ::1 Mozilla/5.0+(Windows+NT+10.0;+Win64;+x64)+AppleWebKit/537.36+(KHTML,+like+Gecko)+Chrome/63.0.3239.132+Safari/537.36 http://localhost:51722/ReceiptBox 200 0 0 23
2018-02-05 11:38:24 ::1 GET /ReceiptUploades/QC1/qcemployee7gorilla@gmailcom/webThumb21201845838AM_21201845838AM.jpg - 51722 qcemployee7.gorilla@gmail.com ::1 Mozilla/5.0+(Windows+NT+10.0;+Win64;+x64)+AppleWebKit/537.36+(KHTML,+like+Gecko)+Chrome/63.0.3239.132+Safari/537.36 http://localhost:51722/ReceiptBox 200 0 0 12
2018-02-05 11:38:24 ::1 GET /ReceiptUploades/QC1/qcemployee7gorilla@gmailcom/webThumb21201845413AM_21201845413AM.png - 51722 qcemployee7.gorilla@gmail.com ::1 Mozilla/5.0+(Windows+NT+10.0;+Win64;+x64)+AppleWebKit/537.36+(KHTML,+like+Gecko)+Chrome/63.0.3239.132+Safari/537.36 http://localhost:51722/ReceiptBox 200 0 0 12
2018-02-05 11:38:24 ::1 GET /ReceiptUploades/QC1/qcemployee7gorilla@gmailcom/webThumb21201845355AM_21201845355AM.png - 51722 qcemployee7.gorilla@gmail.com ::1 Mozilla/5.0+(Windows+NT+10.0;+Win64;+x64)+AppleWebKit/537.36+(KHTML,+like+Gecko)+Chrome/63.0.3239.132+Safari/537.36 http://localhost:51722/ReceiptBox 200 0 0 11
2018-02-05 11:38:24 ::1 GET /https:/ocrdevstorage.blob.core.windows.net/cdn/receiptuploads/gorillaproqc1/qcemployee7.gorilla@gmail.com/webThumb_129201834151AM.jpg - 51722 - ::1 Mozilla/5.0+(Windows+NT+10.0;+Win64;+x64)+AppleWebKit/537.36+(KHTML,+like+Gecko)+Chrome/63.0.3239.132+Safari/537.36 http://localhost:51722/ReceiptBox 404 0 2 3
2018-02-05 11:38:24 ::1 GET /https:/ocrdevstorage.blob.core.windows.net/cdn/receiptuploads/gorillaproqc1/qcemployee7.gorilla@gmail.com/webThumb_129201885837AM.png - 51722 - ::1 Mozilla/5.0+(Windows+NT+10.0;+Win64;+x64)+AppleWebKit/537.36+(KHTML,+like+Gecko)+Chrome/63.0.3239.132+Safari/537.36 http://localhost:51722/ReceiptBox 404 0 2 11
2018-02-05 11:38:24 ::1 GET /https:/ocrdevstorage.blob.core.windows.net/cdn/receiptuploads/gorillaproqc1/qcemployee7.gorilla@gmail.com/webThumb_129201890225AM.png - 51722 - ::1 Mozilla/5.0+(Windows+NT+10.0;+Win64;+x64)+AppleWebKit/537.36+(KHTML,+like+Gecko)+Chrome/63.0.3239.132+Safari/537.36 http://localhost:51722/ReceiptBox 404 0 2 13
2018-02-05 11:38:24 ::1 GET /https:/ocrdevstorage.blob.core.windows.net/cdn/receiptuploads/gorillaproqc1/qcemployee7.gorilla@gmail.com/webThumb_124201884315AM.jpg - 51722 - ::1 Mozilla/5.0+(Windows+NT+10.0;+Win64;+x64)+AppleWebKit/537.36+(KHTML,+like+Gecko)+Chrome/63.0.3239.132+Safari/537.36 http://localhost:51722/ReceiptBox 404 0 2 4
2018-02-05 11:38:24 ::1 GET /https:/ocrdevstorage.blob.core.windows.net/cdn/receiptuploads/gorillaproqc1/qcemployee7.gorilla@gmail.com/webThumb_124201875634AM.jpg - 51722 - ::1 Mozilla/5.0+(Windows+NT+10.0;+Win64;+x64)+AppleWebKit/537.36+(KHTML,+like+Gecko)+Chrome/63.0.3239.132+Safari/537.36 http://localhost:51722/ReceiptBox 404 0 2 8
2018-02-05 11:38:24 ::1 GET /https:/ocrdevstorage.blob.core.windows.net/cdn/receiptuploads/gorillaproqc1/qcemployee7.gorilla@gmail.com/webThumb_124201875702AM.jpg - 51722 - ::1 Mozilla/5.0+(Windows+NT+10.0;+Win64;+x64)+AppleWebKit/537.36+(KHTML,+like+Gecko)+Chrome/63.0.3239.132+Safari/537.36 http://localhost:51722/ReceiptBox 404 0 2 14
2018-02-05 11:38:24 ::1 GET /https:/ocrdevstorage.blob.core.windows.net/cdn/receiptuploads/gorillaproqc1/qcemployee7.gorilla@gmail.com/webThumb_124201875619AM.jpg - 51722 - ::1 Mozilla/5.0+(Windows+NT+10.0;+Win64;+x64)+AppleWebKit/537.36+(KHTML,+like+Gecko)+Chrome/63.0.3239.132+Safari/537.36 http://localhost:51722/ReceiptBox 404 0 2 8
2018-02-05 11:38:24 ::1 GET /https:/ocrdevstorage.blob.core.windows.net/cdn/receiptuploads/gorillaproqc1/qcemployee7.gorilla@gmail.com/webThumb_124201875648AM.jpg - 51722 - ::1 Mozilla/5.0+(Windows+NT+10.0;+Win64;+x64)+AppleWebKit/537.36+(KHTML,+like+Gecko)+Chrome/63.0.3239.132+Safari/537.36 http://localhost:51722/ReceiptBox 404 0 2 14
2018-02-05 11:38:24 ::1 GET /https:/ocrdevstorage.blob.core.windows.net/cdn/receiptuploads/gorillaproqc1/qcemployee7.gorilla@gmail.com/webThumb_124201882938AM.png - 51722 - ::1 Mozilla/5.0+(Windows+NT+10.0;+Win64;+x64)+AppleWebKit/537.36+(KHTML,+like+Gecko)+Chrome/63.0.3239.132+Safari/537.36 http://localhost:51722/ReceiptBox 404 0 2 14
2018-02-05 11:38:24 ::1 GET /https:/ocrdevstorage.blob.core.windows.net/cdn/receiptuploads/gorillaproqc1/qcemployee7.gorilla@gmail.com/webThumb_124201870656AM.png - 51722 - ::1 Mozilla/5.0+(Windows+NT+10.0;+Win64;+x64)+AppleWebKit/537.36+(KHTML,+like+Gecko)+Chrome/63.0.3239.132+Safari/537.36 http://localhost:51722/ReceiptBox 404 0 2 8
2018-02-05 11:38:24 ::1 GET /ReceiptUploades/QC1/qcemployee7gorilla@gmailcom/webThumb124201830059AM_124201830059AM.png - 51722 qcemployee7.gorilla@gmail.com ::1 Mozilla/5.0+(Windows+NT+10.0;+Win64;+x64)+AppleWebKit/537.36+(KHTML,+like+Gecko)+Chrome/63.0.3239.132+Safari/537.36 http://localhost:51722/ReceiptBox 200 0 0 23
2018-02-05 11:38:24 ::1 GET /ReceiptUploades/QC1/qcemployee7gorilla@gmailcom/webThumb124201830119AM_124201830119AM.png - 51722 qcemployee7.gorilla@gmail.com ::1 Mozilla/5.0+(Windows+NT+10.0;+Win64;+x64)+AppleWebKit/537.36+(KHTML,+like+Gecko)+Chrome/63.0.3239.132+Safari/537.36 http://localhost:51722/ReceiptBox 200 0 0 31
2018-02-05 11:38:24 ::1 GET /ReceiptUploades/QC1/qcemployee7gorilla@gmailcom/webThumb124201830007AM_124201830007AM.jpg - 51722 qcemployee7.gorilla@gmail.com ::1 Mozilla/5.0+(Windows+NT+10.0;+Win64;+x64)+AppleWebKit/537.36+(KHTML,+like+Gecko)+Chrome/63.0.3239.132+Safari/537.36 http://localhost:51722/ReceiptBox 200 0 0 20
2018-02-05 11:38:24 ::1 GET /https:/ocrdevstorage.blob.core.windows.net/cdn/receiptuploads/gorillaproqc1/qcemployee7.gorilla@gmail.com/webThumb_123201893717AM.jpg - 51722 - ::1 Mozilla/5.0+(Windows+NT+10.0;+Win64;+x64)+AppleWebKit/537.36+(KHTML,+like+Gecko)+Chrome/63.0.3239.132+Safari/537.36 http://localhost:51722/ReceiptBox 404 0 2 12
2018-02-05 11:38:24 ::1 GET /web/ReceiptUploades/QC1/qcemployee7gorilla@gmailcom/webThumb123201842013AM_123201842013AM.jpg - 51722 - ::1 Mozilla/5.0+(Windows+NT+10.0;+Win64;+x64)+AppleWebKit/537.36+(KHTML,+like+Gecko)+Chrome/63.0.3239.132+Safari/537.36 http://localhost:51722/ReceiptBox 404 0 2 12
2018-02-05 11:38:24 ::1 GET /https:/ocrdevstorage.blob.core.windows.net/cdn/receiptuploads/gorillaproqc1/qcemployee7.gorilla@gmail.com/webThumb_123201843007AM.jpg - 51722 - ::1 Mozilla/5.0+(Windows+NT+10.0;+Win64;+x64)+AppleWebKit/537.36+(KHTML,+like+Gecko)+Chrome/63.0.3239.132+Safari/537.36 http://localhost:51722/ReceiptBox 404 0 2 24
2018-02-05 11:38:24 ::1 GET /https:/ocrdevstorage.blob.core.windows.net/cdn/receiptuploads/gorillaproqc1/qcemployee7.gorilla@gmail.com/webThumb_123201842907AM.jpg - 51722 - ::1 Mozilla/5.0+(Windows+NT+10.0;+Win64;+x64)+AppleWebKit/537.36+(KHTML,+like+Gecko)+Chrome/63.0.3239.132+Safari/537.36 http://localhost:51722/ReceiptBox 404 0 2 28
2018-02-05 11:38:24 ::1 GET /Images/prev.png - 51722 - ::1 Mozilla/5.0+(Windows+NT+10.0;+Win64;+x64)+AppleWebKit/537.36+(KHTML,+like+Gecko)+Chrome/63.0.3239.132+Safari/537.36 http://localhost:51722/ReceiptBox 200 0 0 51
2018-02-05 11:38:24 ::1 GET /images/bg-form-field.gif - 51722 - ::1 Mozilla/5.0+(Windows+NT+10.0;+Win64;+x64)+AppleWebKit/537.36+(KHTML,+like+Gecko)+Chrome/63.0.3239.132+Safari/537.36 http://localhost:51722/ReceiptBox 200 0 0 35
2018-02-05 11:38:24 ::1 GET /Images/first.png - 51722 - ::1 Mozilla/5.0+(Windows+NT+10.0;+Win64;+x64)+AppleWebKit/537.36+(KHTML,+like+Gecko)+Chrome/63.0.3239.132+Safari/537.36 http://localhost:51722/ReceiptBox 200 0 0 53
2018-02-05 11:38:24 ::1 GET /Images/last.png - 51722 - ::1 Mozilla/5.0+(Windows+NT+10.0;+Win64;+x64)+AppleWebKit/537.36+(KHTML,+like+Gecko)+Chrome/63.0.3239.132+Safari/537.36 http://localhost:51722/ReceiptBox 200 0 0 46
2018-02-05 11:38:24 ::1 GET /Images/next.png - 51722 - ::1 Mozilla/5.0+(Windows+NT+10.0;+Win64;+x64)+AppleWebKit/537.36+(KHTML,+like+Gecko)+Chrome/63.0.3239.132+Safari/537.36 http://localhost:51722/ReceiptBox 200 0 0 54
2018-02-05 11:38:24 ::1 GET /favicon.ico - 51722 - ::1 Mozilla/5.0+(Windows+NT+10.0;+Win64;+x64)+AppleWebKit/537.36+(KHTML,+like+Gecko)+Chrome/63.0.3239.132+Safari/537.36 http://localhost:51722/ReceiptBox 200 0 0 29
2018-02-05 11:38:42 ::1 GET /https:/ocrdevstorage.blob.core.windows.net/cdn/receiptuploads/gorillaproqc1/qcemployee7.gorilla@gmail.com/21201882435AM_21201882435AM.pdf - 51722 - ::1 Mozilla/5.0+(Windows+NT+10.0;+Win64;+x64)+AppleWebKit/537.36+(KHTML,+like+Gecko)+Chrome/63.0.3239.132+Safari/537.36 http://localhost:51722/ReceiptBox 404 0 2 1
2018-02-05 11:38:42 ::1 HEAD /ViewerJS/ - 51722 - ::1 Mozilla/5.0+(Windows+NT+10.0;+Win64;+x64)+AppleWebKit/537.36+(KHTML,+like+Gecko)+Chrome/63.0.3239.132+Safari/537.36 http://localhost:51722/ReceiptBox 200 0 0 160
2018-02-05 11:39:06 ::1 GET /ReceiptBox - 51722 qcemployee7.gorilla@gmail.com ::1 Mozilla/5.0+(Windows+NT+10.0;+Win64;+x64)+AppleWebKit/537.36+(KHTML,+like+Gecko)+Chrome/63.0.3239.132+Safari/537.36 http://localhost:51722/ReceiptBox 200 0 0 3379
2018-02-05 11:39:06 ::1 GET /css/SiteLayoutPageForMasters-css v=AiRVo7cUBIiFwkQbOe4g2dRTXv-JAaPIqf7ujTO86-o1 51722 qcemployee7.gorilla@gmail.com ::1 Mozilla/5.0+(Windows+NT+10.0;+Win64;+x64)+AppleWebKit/537.36+(KHTML,+like+Gecko)+Chrome/63.0.3239.132+Safari/537.36 http://localhost:51722/ReceiptBox 200 0 0 21
2018-02-05 11:39:06 ::1 GET /Content/jquery.fancybox.css - 51722 - ::1 Mozilla/5.0+(Windows+NT+10.0;+Win64;+x64)+AppleWebKit/537.36+(KHTML,+like+Gecko)+Chrome/63.0.3239.132+Safari/537.36 http://localhost:51722/ReceiptBox 200 0 0 63
2018-02-05 11:39:06 ::1 GET /Scripts/SiteLayoutPageForMasters-js v=Vlht4Qfm39Ck0shiJ4B7sBubUC4endoFXvVzayLHKnU1 51722 qcemployee7.gorilla@gmail.com ::1 Mozilla/5.0+(Windows+NT+10.0;+Win64;+x64)+AppleWebKit/537.36+(KHTML,+like+Gecko)+Chrome/63.0.3239.132+Safari/537.36 http://localhost:51722/ReceiptBox 200 0 0 72
2018-02-05 11:39:06 ::1 GET /Content/RecieptBox.css - 51722 - ::1 Mozilla/5.0+(Windows+NT+10.0;+Win64;+x64)+AppleWebKit/537.36+(KHTML,+like+Gecko)+Chrome/63.0.3239.132+Safari/537.36 http://localhost:51722/ReceiptBox 200 0 0 74
2018-02-05 11:39:06 ::1 GET /Content/jquery.qtip.min.css - 51722 - ::1 Mozilla/5.0+(Windows+NT+10.0;+Win64;+x64)+AppleWebKit/537.36+(KHTML,+like+Gecko)+Chrome/63.0.3239.132+Safari/537.36 http://localhost:51722/ReceiptBox 200 0 0 106
2018-02-05 11:39:06 ::1 GET /images/logo_1.png - 51722 - ::1 Mozilla/5.0+(Windows+NT+10.0;+Win64;+x64)+AppleWebKit/537.36+(KHTML,+like+Gecko)+Chrome/63.0.3239.132+Safari/537.36 http://localhost:51722/ReceiptBox 200 0 0 29
2018-02-05 11:39:06 ::1 GET /Scripts/jquery.fancybox.js - 51722 - ::1 Mozilla/5.0+(Windows+NT+10.0;+Win64;+x64)+AppleWebKit/537.36+(KHTML,+like+Gecko)+Chrome/63.0.3239.132+Safari/537.36 http://localhost:51722/ReceiptBox 200 0 0 12
2018-02-05 11:39:06 ::1 GET /Scripts/jquery.twbsPagination.js - 51722 - ::1 Mozilla/5.0+(Windows+NT+10.0;+Win64;+x64)+AppleWebKit/537.36+(KHTML,+like+Gecko)+Chrome/63.0.3239.132+Safari/537.36 http://localhost:51722/ReceiptBox 200 0 0 15
2018-02-05 11:39:06 ::1 GET /Scripts/jquery.mousewheel-3.0.6.pack.js - 51722 - ::1 Mozilla/5.0+(Windows+NT+10.0;+Win64;+x64)+AppleWebKit/537.36+(KHTML,+like+Gecko)+Chrome/63.0.3239.132+Safari/537.36 http://localhost:51722/ReceiptBox 200 0 0 43
2018-02-05 11:39:06 ::1 GET /Scripts/jQueryRotate.js - 51722 - ::1 Mozilla/5.0+(Windows+NT+10.0;+Win64;+x64)+AppleWebKit/537.36+(KHTML,+like+Gecko)+Chrome/63.0.3239.132+Safari/537.36 http://localhost:51722/ReceiptBox 200 0 0 45
2018-02-05 11:39:06 ::1 GET /ReceiptUploades/QC1/qcemployee7gorilla@gmailcom/webThumb21201891614AM_21201891614AM.jpg - 51722 qcemployee7.gorilla@gmail.com ::1 Mozilla/5.0+(Windows+NT+10.0;+Win64;+x64)+AppleWebKit/537.36+(KHTML,+like+Gecko)+Chrome/63.0.3239.132+Safari/537.36 http://localhost:51722/ReceiptBox 200 0 0 9
2018-02-05 11:39:06 ::1 GET /https:/ocrdevstorage.blob.core.windows.net/cdn/receiptuploads/gorillaproqc1/qcemployee7.gorilla@gmail.com/webThumb_21201882446AM.png - 51722 - ::1 Mozilla/5.0+(Windows+NT+10.0;+Win64;+x64)+AppleWebKit/537.36+(KHTML,+like+Gecko)+Chrome/63.0.3239.132+Safari/537.36 http://localhost:51722/ReceiptBox 404 0 2 6
2018-02-05 11:39:06 ::1 GET /ReceiptUploades/QC1/qcemployee7gorilla@gmailcom/webThumb21201895013AM_21201895013AM.png - 51722 qcemployee7.gorilla@gmail.com ::1 Mozilla/5.0+(Windows+NT+10.0;+Win64;+x64)+AppleWebKit/537.36+(KHTML,+like+Gecko)+Chrome/63.0.3239.132+Safari/537.36 http://localhost:51722/ReceiptBox 200 0 0 16
2018-02-05 11:39:06 ::1 GET /Scripts/jquery.qtip.min.js - 51722 - ::1 Mozilla/5.0+(Windows+NT+10.0;+Win64;+x64)+AppleWebKit/537.36+(KHTML,+like+Gecko)+Chrome/63.0.3239.132+Safari/537.36 http://localhost:51722/ReceiptBox 200 0 0 59
2018-02-05 11:39:06 ::1 GET /Scripts/jquery.loading.1.6.4.js - 51722 - ::1 Mozilla/5.0+(Windows+NT+10.0;+Win64;+x64)+AppleWebKit/537.36+(KHTML,+like+Gecko)+Chrome/63.0.3239.132+Safari/537.36 http://localhost:51722/ReceiptBox 200 0 0 69
2018-02-05 11:39:06 ::1 GET /ReceiptUploades/QC1/qcemployee7gorilla@gmailcom/webThumb21201854951AM_21201854951AM.png - 51722 qcemployee7.gorilla@gmail.com ::1 Mozilla/5.0+(Windows+NT+10.0;+Win64;+x64)+AppleWebKit/537.36+(KHTML,+like+Gecko)+Chrome/63.0.3239.132+Safari/537.36 http://localhost:51722/ReceiptBox 200 0 0 11
2018-02-05 11:39:06 ::1 GET /Scripts/jquery.imgcheckbox.js - 51722 - ::1 Mozilla/5.0+(Windows+NT+10.0;+Win64;+x64)+AppleWebKit/537.36+(KHTML,+like+Gecko)+Chrome/63.0.3239.132+Safari/537.36 http://localhost:51722/ReceiptBox 200 0 0 36
2018-02-05 11:39:06 ::1 GET /ReceiptUploades/QC1/qcemployee7gorilla@gmailcom/webThumb21201852600AM_21201852600AM.png - 51722 qcemployee7.gorilla@gmail.com ::1 Mozilla/5.0+(Windows+NT+10.0;+Win64;+x64)+AppleWebKit/537.36+(KHTML,+like+Gecko)+Chrome/63.0.3239.132+Safari/537.36 http://localhost:51722/ReceiptBox 200 0 0 11
2018-02-05 11:39:06 ::1 GET /ReceiptUploades/QC1/qcemployee7gorilla@gmailcom/webThumb21201845413AM_21201845413AM.png - 51722 qcemployee7.gorilla@gmail.com ::1 Mozilla/5.0+(Windows+NT+10.0;+Win64;+x64)+AppleWebKit/537.36+(KHTML,+like+Gecko)+Chrome/63.0.3239.132+Safari/537.36 http://localhost:51722/ReceiptBox 200 0 0 8
2018-02-05 11:39:06 ::1 GET /ReceiptUploades/QC1/qcemployee7gorilla@gmailcom/webThumb21201845838AM_21201845838AM.jpg - 51722 qcemployee7.gorilla@gmail.com ::1 Mozilla/5.0+(Windows+NT+10.0;+Win64;+x64)+AppleWebKit/537.36+(KHTML,+like+Gecko)+Chrome/63.0.3239.132+Safari/537.36 http://localhost:51722/ReceiptBox 200 0 0 8
2018-02-05 11:39:06 ::1 GET /ReceiptUploades/QC1/qcemployee7gorilla@gmailcom/webThumb21201845355AM_21201845355AM.png - 51722 qcemployee7.gorilla@gmail.com ::1 Mozilla/5.0+(Windows+NT+10.0;+Win64;+x64)+AppleWebKit/537.36+(KHTML,+like+Gecko)+Chrome/63.0.3239.132+Safari/537.36 http://localhost:51722/ReceiptBox 200 0 0 9
2018-02-05 11:39:06 ::1 GET /https:/ocrdevstorage.blob.core.windows.net/cdn/receiptuploads/gorillaproqc1/qcemployee7.gorilla@gmail.com/webThumb_129201890225AM.png - 51722 - ::1 Mozilla/5.0+(Windows+NT+10.0;+Win64;+x64)+AppleWebKit/537.36+(KHTML,+like+Gecko)+Chrome/63.0.3239.132+Safari/537.36 http://localhost:51722/ReceiptBox 404 0 2 7
2018-02-05 11:39:06 ::1 GET /https:/ocrdevstorage.blob.core.windows.net/cdn/receiptuploads/gorillaproqc1/qcemployee7.gorilla@gmail.com/webThumb_129201885837AM.png - 51722 - ::1 Mozilla/5.0+(Windows+NT+10.0;+Win64;+x64)+AppleWebKit/537.36+(KHTML,+like+Gecko)+Chrome/63.0.3239.132+Safari/537.36 http://localhost:51722/ReceiptBox 404 0 2 3
2018-02-05 11:39:06 ::1 GET /https:/ocrdevstorage.blob.core.windows.net/cdn/receiptuploads/gorillaproqc1/qcemployee7.gorilla@gmail.com/webThumb_129201834151AM.jpg - 51722 - ::1 Mozilla/5.0+(Windows+NT+10.0;+Win64;+x64)+AppleWebKit/537.36+(KHTML,+like+Gecko)+Chrome/63.0.3239.132+Safari/537.36 http://localhost:51722/ReceiptBox 404 0 2 2
2018-02-05 11:39:06 ::1 GET /https:/ocrdevstorage.blob.core.windows.net/cdn/receiptuploads/gorillaproqc1/qcemployee7.gorilla@gmail.com/webThumb_124201884315AM.jpg - 51722 - ::1 Mozilla/5.0+(Windows+NT+10.0;+Win64;+x64)+AppleWebKit/537.36+(KHTML,+like+Gecko)+Chrome/63.0.3239.132+Safari/537.36 http://localhost:51722/ReceiptBox 404 0 2 7
2018-02-05 11:39:06 ::1 GET /https:/ocrdevstorage.blob.core.windows.net/cdn/receiptuploads/gorillaproqc1/qcemployee7.gorilla@gmail.com/webThumb_124201875702AM.jpg - 51722 - ::1 Mozilla/5.0+(Windows+NT+10.0;+Win64;+x64)+AppleWebKit/537.36+(KHTML,+like+Gecko)+Chrome/63.0.3239.132+Safari/537.36 http://localhost:51722/ReceiptBox 404 0 2 6
2018-02-05 11:39:06 ::1 GET /https:/ocrdevstorage.blob.core.windows.net/cdn/receiptuploads/gorillaproqc1/qcemployee7.gorilla@gmail.com/webThumb_124201882938AM.png - 51722 - ::1 Mozilla/5.0+(Windows+NT+10.0;+Win64;+x64)+AppleWebKit/537.36+(KHTML,+like+Gecko)+Chrome/63.0.3239.132+Safari/537.36 http://localhost:51722/ReceiptBox 404 0 2 8
2018-02-05 11:39:06 ::1 GET /https:/ocrdevstorage.blob.core.windows.net/cdn/receiptuploads/gorillaproqc1/qcemployee7.gorilla@gmail.com/webThumb_124201875648AM.jpg - 51722 - ::1 Mozilla/5.0+(Windows+NT+10.0;+Win64;+x64)+AppleWebKit/537.36+(KHTML,+like+Gecko)+Chrome/63.0.3239.132+Safari/537.36 http://localhost:51722/ReceiptBox 404 0 2 5
2018-02-05 11:39:06 ::1 GET /https:/ocrdevstorage.blob.core.windows.net/cdn/receiptuploads/gorillaproqc1/qcemployee7.gorilla@gmail.com/webThumb_124201875619AM.jpg - 51722 - ::1 Mozilla/5.0+(Windows+NT+10.0;+Win64;+x64)+AppleWebKit/537.36+(KHTML,+like+Gecko)+Chrome/63.0.3239.132+Safari/537.36 http://localhost:51722/ReceiptBox 404 0 2 11
2018-02-05 11:39:06 ::1 GET /ReceiptUploades/QC1/qcemployee7gorilla@gmailcom/webThumb124201830119AM_124201830119AM.png - 51722 qcemployee7.gorilla@gmail.com ::1 Mozilla/5.0+(Windows+NT+10.0;+Win64;+x64)+AppleWebKit/537.36+(KHTML,+like+Gecko)+Chrome/63.0.3239.132+Safari/537.36 http://localhost:51722/ReceiptBox 200 0 0 13
2018-02-05 11:39:06 ::1 GET /https:/ocrdevstorage.blob.core.windows.net/cdn/receiptuploads/gorillaproqc1/qcemployee7.gorilla@gmail.com/webThumb_124201875634AM.jpg - 51722 - ::1 Mozilla/5.0+(Windows+NT+10.0;+Win64;+x64)+AppleWebKit/537.36+(KHTML,+like+Gecko)+Chrome/63.0.3239.132+Safari/537.36 http://localhost:51722/ReceiptBox 404 0 2 13
2018-02-05 11:39:06 ::1 GET /ReceiptUploades/QC1/qcemployee7gorilla@gmailcom/webThumb124201830007AM_124201830007AM.jpg - 51722 qcemployee7.gorilla@gmail.com ::1 Mozilla/5.0+(Windows+NT+10.0;+Win64;+x64)+AppleWebKit/537.36+(KHTML,+like+Gecko)+Chrome/63.0.3239.132+Safari/537.36 http://localhost:51722/ReceiptBox 200 0 0 7
2018-02-05 11:39:06 ::1 GET /https:/ocrdevstorage.blob.core.windows.net/cdn/receiptuploads/gorillaproqc1/qcemployee7.gorilla@gmail.com/webThumb_123201893717AM.jpg - 51722 - ::1 Mozilla/5.0+(Windows+NT+10.0;+Win64;+x64)+AppleWebKit/537.36+(KHTML,+like+Gecko)+Chrome/63.0.3239.132+Safari/537.36 http://localhost:51722/ReceiptBox 404 0 2 5
2018-02-05 11:39:06 ::1 GET /web/ReceiptUploades/QC1/qcemployee7gorilla@gmailcom/webThumb123201842013AM_123201842013AM.jpg - 51722 - ::1 Mozilla/5.0+(Windows+NT+10.0;+Win64;+x64)+AppleWebKit/537.36+(KHTML,+like+Gecko)+Chrome/63.0.3239.132+Safari/537.36 http://localhost:51722/ReceiptBox 404 0 2 6
2018-02-05 11:39:06 ::1 GET /https:/ocrdevstorage.blob.core.windows.net/cdn/receiptuploads/gorillaproqc1/qcemployee7.gorilla@gmail.com/webThumb_123201843007AM.jpg - 51722 - ::1 Mozilla/5.0+(Windows+NT+10.0;+Win64;+x64)+AppleWebKit/537.36+(KHTML,+like+Gecko)+Chrome/63.0.3239.132+Safari/537.36 http://localhost:51722/ReceiptBox 404 0 2 6
2018-02-05 11:39:06 ::1 GET /ReceiptUploades/QC1/qcemployee7gorilla@gmailcom/webThumb124201830059AM_124201830059AM.png - 51722 qcemployee7.gorilla@gmail.com ::1 Mozilla/5.0+(Windows+NT+10.0;+Win64;+x64)+AppleWebKit/537.36+(KHTML,+like+Gecko)+Chrome/63.0.3239.132+Safari/537.36 http://localhost:51722/ReceiptBox 200 0 0 19
2018-02-05 11:39:06 ::1 GET /https:/ocrdevstorage.blob.core.windows.net/cdn/receiptuploads/gorillaproqc1/qcemployee7.gorilla@gmail.com/webThumb_124201870656AM.png - 51722 - ::1 Mozilla/5.0+(Windows+NT+10.0;+Win64;+x64)+AppleWebKit/537.36+(KHTML,+like+Gecko)+Chrome/63.0.3239.132+Safari/537.36 http://localhost:51722/ReceiptBox 404 0 2 19
2018-02-05 11:39:06 ::1 GET /https:/ocrdevstorage.blob.core.windows.net/cdn/receiptuploads/gorillaproqc1/qcemployee7.gorilla@gmail.com/webThumb_123201842907AM.jpg - 51722 - ::1 Mozilla/5.0+(Windows+NT+10.0;+Win64;+x64)+AppleWebKit/537.36+(KHTML,+like+Gecko)+Chrome/63.0.3239.132+Safari/537.36 http://localhost:51722/ReceiptBox 404 0 2 12
2018-02-05 11:39:06 ::1 GET /Images/first.png - 51722 - ::1 Mozilla/5.0+(Windows+NT+10.0;+Win64;+x64)+AppleWebKit/537.36+(KHTML,+like+Gecko)+Chrome/63.0.3239.132+Safari/537.36 http://localhost:51722/ReceiptBox 200 0 0 22
2018-02-05 11:39:06 ::1 GET /Images/next.png - 51722 - ::1 Mozilla/5.0+(Windows+NT+10.0;+Win64;+x64)+AppleWebKit/537.36+(KHTML,+like+Gecko)+Chrome/63.0.3239.132+Safari/537.36 http://localhost:51722/ReceiptBox 200 0 0 16
2018-02-05 11:39:06 ::1 GET /images/bg-form-field.gif - 51722 - ::1 Mozilla/5.0+(Windows+NT+10.0;+Win64;+x64)+AppleWebKit/537.36+(KHTML,+like+Gecko)+Chrome/63.0.3239.132+Safari/537.36 http://localhost:51722/ReceiptBox 200 0 0 15
2018-02-05 11:39:06 ::1 GET /Images/prev.png - 51722 - ::1 Mozilla/5.0+(Windows+NT+10.0;+Win64;+x64)+AppleWebKit/537.36+(KHTML,+like+Gecko)+Chrome/63.0.3239.132+Safari/537.36 http://localhost:51722/ReceiptBox 200 0 0 23
2018-02-05 11:39:06 ::1 GET /Images/last.png - 51722 - ::1 Mozilla/5.0+(Windows+NT+10.0;+Win64;+x64)+AppleWebKit/537.36+(KHTML,+like+Gecko)+Chrome/63.0.3239.132+Safari/537.36 http://localhost:51722/ReceiptBox 200 0 0 30
2018-02-05 11:39:06 ::1 GET /favicon.ico - 51722 - ::1 Mozilla/5.0+(Windows+NT+10.0;+Win64;+x64)+AppleWebKit/537.36+(KHTML,+like+Gecko)+Chrome/63.0.3239.132+Safari/537.36 http://localhost:51722/ReceiptBox 200 0 0 34
2018-02-05 11:39:15 ::1 HEAD /https:/ocrdevstorage.blob.core.windows.net/cdn/receiptuploads/gorillaproqc1/qcemployee7.gorilla@gmail.com/21201882435AM_21201882435AM.pdf - 51722 - ::1 Mozilla/5.0+(Windows+NT+10.0;+Win64;+x64)+AppleWebKit/537.36+(KHTML,+like+Gecko)+Chrome/63.0.3239.132+Safari/537.36 http://localhost:51722/ReceiptBox 404 0 2 5
2018-02-05 11:39:15 ::1 GET /https:/ocrdevstorage.blob.core.windows.net/cdn/receiptuploads/gorillaproqc1/qcemployee7.gorilla@gmail.com/21201882435AM_21201882435AM.pdf - 51722 - ::1 Mozilla/5.0+(Windows+NT+10.0;+Win64;+x64)+AppleWebKit/537.36+(KHTML,+like+Gecko)+Chrome/63.0.3239.132+Safari/537.36 http://localhost:51722/ReceiptBox 404 0 2 4
2018-02-05 11:39:33 ::1 HEAD /https:/ocrdevstorage.blob.core.windows.net/cdn/receiptuploads/gorillaproqc1/qcemployee7.gorilla@gmail.com/21201882435AM_21201882435AM.pdf - 51722 - ::1 Mozilla/5.0+(Windows+NT+10.0;+Win64;+x64)+AppleWebKit/537.36+(KHTML,+like+Gecko)+Chrome/63.0.3239.132+Safari/537.36 http://localhost:51722/ReceiptBox 404 0 2 4
2018-02-05 11:39:33 ::1 GET /https:/ocrdevstorage.blob.core.windows.net/cdn/receiptuploads/gorillaproqc1/qcemployee7.gorilla@gmail.com/21201882435AM_21201882435AM.pdf - 51722 - ::1 Mozilla/5.0+(Windows+NT+10.0;+Win64;+x64)+AppleWebKit/537.36+(KHTML,+like+Gecko)+Chrome/63.0.3239.132+Safari/537.36 http://localhost:51722/ReceiptBox 404 0 2 2
2018-02-05 11:40:25 ::1 GET /ReceiptBox - 51722 qcemployee7.gorilla@gmail.com ::1 Mozilla/5.0+(Windows+NT+10.0;+Win64;+x64)+AppleWebKit/537.36+(KHTML,+like+Gecko)+Chrome/63.0.3239.132+Safari/537.36 http://localhost:51722/ReceiptBox 200 0 0 3410
2018-02-05 11:40:25 ::1 GET /ReceiptUploades/QC1/qcemployee7gorilla@gmailcom/webThumb21201895013AM_21201895013AM.png - 51722 qcemployee7.gorilla@gmail.com ::1 Mozilla/5.0+(Windows+NT+10.0;+Win64;+x64)+AppleWebKit/537.36+(KHTML,+like+Gecko)+Chrome/63.0.3239.132+Safari/537.36 http://localhost:51722/ReceiptBox 200 0 0 6
2018-02-05 11:40:25 ::1 GET /ReceiptUploades/QC1/qcemployee7gorilla@gmailcom/webThumb21201891614AM_21201891614AM.jpg - 51722 qcemployee7.gorilla@gmail.com ::1 Mozilla/5.0+(Windows+NT+10.0;+Win64;+x64)+AppleWebKit/537.36+(KHTML,+like+Gecko)+Chrome/63.0.3239.132+Safari/537.36 http://localhost:51722/ReceiptBox 200 0 0 10
2018-02-05 11:40:25 ::1 GET /https:/ocrdevstorage.blob.core.windows.net/cdn/receiptuploads/gorillaproqc1/qcemployee7.gorilla@gmail.com/webThumb_21201882446AM.png - 51722 - ::1 Mozilla/5.0+(Windows+NT+10.0;+Win64;+x64)+AppleWebKit/537.36+(KHTML,+like+Gecko)+Chrome/63.0.3239.132+Safari/537.36 http://localhost:51722/ReceiptBox 404 0 2 3
2018-02-05 11:40:25 ::1 GET /ReceiptUploades/QC1/qcemployee7gorilla@gmailcom/webThumb21201854951AM_21201854951AM.png - 51722 qcemployee7.gorilla@gmail.com ::1 Mozilla/5.0+(Windows+NT+10.0;+Win64;+x64)+AppleWebKit/537.36+(KHTML,+like+Gecko)+Chrome/63.0.3239.132+Safari/537.36 http://localhost:51722/ReceiptBox 200 0 0 6
2018-02-05 11:40:25 ::1 GET /ReceiptUploades/QC1/qcemployee7gorilla@gmailcom/webThumb21201852600AM_21201852600AM.png - 51722 qcemployee7.gorilla@gmail.com ::1 Mozilla/5.0+(Windows+NT+10.0;+Win64;+x64)+AppleWebKit/537.36+(KHTML,+like+Gecko)+Chrome/63.0.3239.132+Safari/537.36 http://localhost:51722/ReceiptBox 200 0 0 6
2018-02-05 11:40:25 ::1 GET /ReceiptUploades/QC1/qcemployee7gorilla@gmailcom/webThumb21201845838AM_21201845838AM.jpg - 51722 qcemployee7.gorilla@gmail.com ::1 Mozilla/5.0+(Windows+NT+10.0;+Win64;+x64)+AppleWebKit/537.36+(KHTML,+like+Gecko)+Chrome/63.0.3239.132+Safari/537.36 http://localhost:51722/ReceiptBox 200 0 0 10
2018-02-05 11:40:25 ::1 GET /ReceiptUploades/QC1/qcemployee7gorilla@gmailcom/webThumb21201845413AM_21201845413AM.png - 51722 qcemployee7.gorilla@gmail.com ::1 Mozilla/5.0+(Windows+NT+10.0;+Win64;+x64)+AppleWebKit/537.36+(KHTML,+like+Gecko)+Chrome/63.0.3239.132+Safari/537.36 http://localhost:51722/ReceiptBox 200 0 0 5
2018-02-05 11:40:25 ::1 GET /https:/ocrdevstorage.blob.core.windows.net/cdn/receiptuploads/gorillaproqc1/qcemployee7.gorilla@gmail.com/webThumb_129201890225AM.png - 51722 - ::1 Mozilla/5.0+(Windows+NT+10.0;+Win64;+x64)+AppleWebKit/537.36+(KHTML,+like+Gecko)+Chrome/63.0.3239.132+Safari/537.36 http://localhost:51722/ReceiptBox 404 0 2 18
2018-02-05 11:40:25 ::1 GET /ReceiptUploades/QC1/qcemployee7gorilla@gmailcom/webThumb21201845355AM_21201845355AM.png - 51722 qcemployee7.gorilla@gmail.com ::1 Mozilla/5.0+(Windows+NT+10.0;+Win64;+x64)+AppleWebKit/537.36+(KHTML,+like+Gecko)+Chrome/63.0.3239.132+Safari/537.36 http://localhost:51722/ReceiptBox 200 0 0 18
2018-02-05 11:40:25 ::1 GET /https:/ocrdevstorage.blob.core.windows.net/cdn/receiptuploads/gorillaproqc1/qcemployee7.gorilla@gmail.com/webThumb_124201882938AM.png - 51722 - ::1 Mozilla/5.0+(Windows+NT+10.0;+Win64;+x64)+AppleWebKit/537.36+(KHTML,+like+Gecko)+Chrome/63.0.3239.132+Safari/537.36 http://localhost:51722/ReceiptBox 404 0 2 15
2018-02-05 11:40:25 ::1 GET /https:/ocrdevstorage.blob.core.windows.net/cdn/receiptuploads/gorillaproqc1/qcemployee7.gorilla@gmail.com/webThumb_129201885837AM.png - 51722 - ::1 Mozilla/5.0+(Windows+NT+10.0;+Win64;+x64)+AppleWebKit/537.36+(KHTML,+like+Gecko)+Chrome/63.0.3239.132+Safari/537.36 http://localhost:51722/ReceiptBox 404 0 2 20
2018-02-05 11:40:25 ::1 GET /https:/ocrdevstorage.blob.core.windows.net/cdn/receiptuploads/gorillaproqc1/qcemployee7.gorilla@gmail.com/webThumb_129201834151AM.jpg - 51722 - ::1 Mozilla/5.0+(Windows+NT+10.0;+Win64;+x64)+AppleWebKit/537.36+(KHTML,+like+Gecko)+Chrome/63.0.3239.132+Safari/537.36 http://localhost:51722/ReceiptBox 404 0 2 26
2018-02-05 11:40:25 ::1 GET /https:/ocrdevstorage.blob.core.windows.net/cdn/receiptuploads/gorillaproqc1/qcemployee7.gorilla@gmail.com/webThumb_124201884315AM.jpg - 51722 - ::1 Mozilla/5.0+(Windows+NT+10.0;+Win64;+x64)+AppleWebKit/537.36+(KHTML,+like+Gecko)+Chrome/63.0.3239.132+Safari/537.36 http://localhost:51722/ReceiptBox 404 0 2 26
2018-02-05 11:40:25 ::1 GET /https:/ocrdevstorage.blob.core.windows.net/cdn/receiptuploads/gorillaproqc1/qcemployee7.gorilla@gmail.com/webThumb_124201875702AM.jpg - 51722 - ::1 Mozilla/5.0+(Windows+NT+10.0;+Win64;+x64)+AppleWebKit/537.36+(KHTML,+like+Gecko)+Chrome/63.0.3239.132+Safari/537.36 http://localhost:51722/ReceiptBox 404 0 2 7
2018-02-05 11:40:25 ::1 GET /https:/ocrdevstorage.blob.core.windows.net/cdn/receiptuploads/gorillaproqc1/qcemployee7.gorilla@gmail.com/webThumb_124201870656AM.png - 51722 - ::1 Mozilla/5.0+(Windows+NT+10.0;+Win64;+x64)+AppleWebKit/537.36+(KHTML,+like+Gecko)+Chrome/63.0.3239.132+Safari/537.36 http://localhost:51722/ReceiptBox 404 0 2 8
2018-02-05 11:40:25 ::1 GET /https:/ocrdevstorage.blob.core.windows.net/cdn/receiptuploads/gorillaproqc1/qcemployee7.gorilla@gmail.com/webThumb_124201875648AM.jpg - 51722 - ::1 Mozilla/5.0+(Windows+NT+10.0;+Win64;+x64)+AppleWebKit/537.36+(KHTML,+like+Gecko)+Chrome/63.0.3239.132+Safari/537.36 http://localhost:51722/ReceiptBox 404 0 2 9
2018-02-05 11:40:25 ::1 GET /https:/ocrdevstorage.blob.core.windows.net/cdn/receiptuploads/gorillaproqc1/qcemployee7.gorilla@gmail.com/webThumb_124201875619AM.jpg - 51722 - ::1 Mozilla/5.0+(Windows+NT+10.0;+Win64;+x64)+AppleWebKit/537.36+(KHTML,+like+Gecko)+Chrome/63.0.3239.132+Safari/537.36 http://localhost:51722/ReceiptBox 404 0 2 9
2018-02-05 11:40:25 ::1 GET /https:/ocrdevstorage.blob.core.windows.net/cdn/receiptuploads/gorillaproqc1/qcemployee7.gorilla@gmail.com/webThumb_124201875634AM.jpg - 51722 - ::1 Mozilla/5.0+(Windows+NT+10.0;+Win64;+x64)+AppleWebKit/537.36+(KHTML,+like+Gecko)+Chrome/63.0.3239.132+Safari/537.36 http://localhost:51722/ReceiptBox 404 0 2 19
2018-02-05 11:40:25 ::1 GET /ReceiptUploades/QC1/qcemployee7gorilla@gmailcom/webThumb124201830059AM_124201830059AM.png - 51722 qcemployee7.gorilla@gmail.com ::1 Mozilla/5.0+(Windows+NT+10.0;+Win64;+x64)+AppleWebKit/537.36+(KHTML,+like+Gecko)+Chrome/63.0.3239.132+Safari/537.36 http://localhost:51722/ReceiptBox 200 0 0 13
2018-02-05 11:40:25 ::1 GET /ReceiptUploades/QC1/qcemployee7gorilla@gmailcom/webThumb124201830119AM_124201830119AM.png - 51722 qcemployee7.gorilla@gmail.com ::1 Mozilla/5.0+(Windows+NT+10.0;+Win64;+x64)+AppleWebKit/537.36+(KHTML,+like+Gecko)+Chrome/63.0.3239.132+Safari/537.36 http://localhost:51722/ReceiptBox 200 0 0 22
2018-02-05 11:40:25 ::1 GET /https:/ocrdevstorage.blob.core.windows.net/cdn/receiptuploads/gorillaproqc1/qcemployee7.gorilla@gmail.com/webThumb_123201842907AM.jpg - 51722 - ::1 Mozilla/5.0+(Windows+NT+10.0;+Win64;+x64)+AppleWebKit/537.36+(KHTML,+like+Gecko)+Chrome/63.0.3239.132+Safari/537.36 http://localhost:51722/ReceiptBox 404 0 2 17
2018-02-05 11:40:25 ::1 GET /https:/ocrdevstorage.blob.core.windows.net/cdn/receiptuploads/gorillaproqc1/qcemployee7.gorilla@gmail.com/webThumb_123201843007AM.jpg - 51722 - ::1 Mozilla/5.0+(Windows+NT+10.0;+Win64;+x64)+AppleWebKit/537.36+(KHTML,+like+Gecko)+Chrome/63.0.3239.132+Safari/537.36 http://localhost:51722/ReceiptBox 404 0 2 17
2018-02-05 11:40:25 ::1 GET /https:/ocrdevstorage.blob.core.windows.net/cdn/receiptuploads/gorillaproqc1/qcemployee7.gorilla@gmail.com/webThumb_123201893717AM.jpg - 51722 - ::1 Mozilla/5.0+(Windows+NT+10.0;+Win64;+x64)+AppleWebKit/537.36+(KHTML,+like+Gecko)+Chrome/63.0.3239.132+Safari/537.36 http://localhost:51722/ReceiptBox 404 0 2 17
2018-02-05 11:40:25 ::1 GET /web/ReceiptUploades/QC1/qcemployee7gorilla@gmailcom/webThumb123201842013AM_123201842013AM.jpg - 51722 - ::1 Mozilla/5.0+(Windows+NT+10.0;+Win64;+x64)+AppleWebKit/537.36+(KHTML,+like+Gecko)+Chrome/63.0.3239.132+Safari/537.36 http://localhost:51722/ReceiptBox 404 0 2 20
2018-02-05 11:40:25 ::1 GET /ReceiptUploades/QC1/qcemployee7gorilla@gmailcom/webThumb124201830007AM_124201830007AM.jpg - 51722 qcemployee7.gorilla@gmail.com ::1 Mozilla/5.0+(Windows+NT+10.0;+Win64;+x64)+AppleWebKit/537.36+(KHTML,+like+Gecko)+Chrome/63.0.3239.132+Safari/537.36 http://localhost:51722/ReceiptBox 200 0 0 28
2018-02-05 11:40:28 ::1 HEAD /https:/ocrdevstorage.blob.core.windows.net/cdn/receiptuploads/gorillaproqc1/qcemployee7.gorilla@gmail.com/21201882435AM_21201882435AM.pdf - 51722 - ::1 Mozilla/5.0+(Windows+NT+10.0;+Win64;+x64)+AppleWebKit/537.36+(KHTML,+like+Gecko)+Chrome/63.0.3239.132+Safari/537.36 http://localhost:51722/ReceiptBox 404 0 2 8
2018-02-05 11:40:29 ::1 HEAD /https:/ocrdevstorage.blob.core.windows.net/cdn/receiptuploads/gorillaproqc1/qcemployee7.gorilla@gmail.com/21201882435AM_21201882435AM.pdf - 51722 - ::1 Mozilla/5.0+(Windows+NT+10.0;+Win64;+x64)+AppleWebKit/537.36+(KHTML,+like+Gecko)+Chrome/63.0.3239.132+Safari/537.36 http://localhost:51722/ReceiptBox 404 0 2 6
2018-02-05 11:40:29 ::1 GET /https:/ocrdevstorage.blob.core.windows.net/cdn/receiptuploads/gorillaproqc1/qcemployee7.gorilla@gmail.com/21201882435AM_21201882435AM.pdf - 51722 - ::1 Mozilla/5.0+(Windows+NT+10.0;+Win64;+x64)+AppleWebKit/537.36+(KHTML,+like+Gecko)+Chrome/63.0.3239.132+Safari/537.36 http://localhost:51722/ReceiptBox 404 0 2 3
2018-02-05 11:40:29 ::1 HEAD /https:/ocrdevstorage.blob.core.windows.net/cdn/receiptuploads/gorillaproqc1/qcemployee7.gorilla@gmail.com/21201882435AM_21201882435AM.pdf - 51722 - ::1 Mozilla/5.0+(Windows+NT+10.0;+Win64;+x64)+AppleWebKit/537.36+(KHTML,+like+Gecko)+Chrome/63.0.3239.132+Safari/537.36 http://localhost:51722/ReceiptBox 404 0 2 6
2018-02-05 11:40:29 ::1 GET /https:/ocrdevstorage.blob.core.windows.net/cdn/receiptuploads/gorillaproqc1/qcemployee7.gorilla@gmail.com/21201882435AM_21201882435AM.pdf - 51722 - ::1 Mozilla/5.0+(Windows+NT+10.0;+Win64;+x64)+AppleWebKit/537.36+(KHTML,+like+Gecko)+Chrome/63.0.3239.132+Safari/537.36 http://localhost:51722/ReceiptBox 404 0 2 1
2018-02-05 11:40:29 ::1 GET /https:/ocrdevstorage.blob.core.windows.net/cdn/receiptuploads/gorillaproqc1/qcemployee7.gorilla@gmail.com/21201882435AM_21201882435AM.pdf - 51722 - ::1 Mozilla/5.0+(Windows+NT+10.0;+Win64;+x64)+AppleWebKit/537.36+(KHTML,+like+Gecko)+Chrome/63.0.3239.132+Safari/537.36 http://localhost:51722/ReceiptBox 404 0 2 8
2018-02-05 11:40:38 ::1 GET /ReceiptBox - 51722 qcemployee7.gorilla@gmail.com ::1 Mozilla/5.0+(Windows+NT+10.0;+Win64;+x64)+AppleWebKit/537.36+(KHTML,+like+Gecko)+Chrome/63.0.3239.132+Safari/537.36 http://localhost:51722/ReceiptBox 200 0 0 3412
2018-02-05 11:40:38 ::1 GET /css/SiteLayoutPageForMasters-css v=AiRVo7cUBIiFwkQbOe4g2dRTXv-JAaPIqf7ujTO86-o1 51722 qcemployee7.gorilla@gmail.com ::1 Mozilla/5.0+(Windows+NT+10.0;+Win64;+x64)+AppleWebKit/537.36+(KHTML,+like+Gecko)+Chrome/63.0.3239.132+Safari/537.36 http://localhost:51722/ReceiptBox 200 0 0 20
2018-02-05 11:40:38 ::1 GET /Scripts/SiteLayoutPageForMasters-js v=Vlht4Qfm39Ck0shiJ4B7sBubUC4endoFXvVzayLHKnU1 51722 qcemployee7.gorilla@gmail.com ::1 Mozilla/5.0+(Windows+NT+10.0;+Win64;+x64)+AppleWebKit/537.36+(KHTML,+like+Gecko)+Chrome/63.0.3239.132+Safari/537.36 http://localhost:51722/ReceiptBox 200 0 0 64
2018-02-05 11:40:38 ::1 GET /Content/jquery.qtip.min.css - 51722 - ::1 Mozilla/5.0+(Windows+NT+10.0;+Win64;+x64)+AppleWebKit/537.36+(KHTML,+like+Gecko)+Chrome/63.0.3239.132+Safari/537.36 http://localhost:51722/ReceiptBox 200 0 0 100
2018-02-05 11:40:38 ::1 GET /Content/RecieptBox.css - 51722 - ::1 Mozilla/5.0+(Windows+NT+10.0;+Win64;+x64)+AppleWebKit/537.36+(KHTML,+like+Gecko)+Chrome/63.0.3239.132+Safari/537.36 http://localhost:51722/ReceiptBox 200 0 0 128
2018-02-05 11:40:38 ::1 GET /Content/jquery.fancybox.css - 51722 - ::1 Mozilla/5.0+(Windows+NT+10.0;+Win64;+x64)+AppleWebKit/537.36+(KHTML,+like+Gecko)+Chrome/63.0.3239.132+Safari/537.36 http://localhost:51722/ReceiptBox 200 0 0 128
2018-02-05 11:40:38 ::1 GET /Scripts/jquery.fancybox.js - 51722 - ::1 Mozilla/5.0+(Windows+NT+10.0;+Win64;+x64)+AppleWebKit/537.36+(KHTML,+like+Gecko)+Chrome/63.0.3239.132+Safari/537.36 http://localhost:51722/ReceiptBox 200 0 0 12
2018-02-05 11:40:38 ::1 GET /Scripts/jquery.mousewheel-3.0.6.pack.js - 51722 - ::1 Mozilla/5.0+(Windows+NT+10.0;+Win64;+x64)+AppleWebKit/537.36+(KHTML,+like+Gecko)+Chrome/63.0.3239.132+Safari/537.36 http://localhost:51722/ReceiptBox 200 0 0 72
2018-02-05 11:40:38 ::1 GET /Scripts/jquery.loading.1.6.4.js - 51722 - ::1 Mozilla/5.0+(Windows+NT+10.0;+Win64;+x64)+AppleWebKit/537.36+(KHTML,+like+Gecko)+Chrome/63.0.3239.132+Safari/537.36 http://localhost:51722/ReceiptBox 200 0 0 68
2018-02-05 11:40:38 ::1 GET /images/logo_1.png - 51722 - ::1 Mozilla/5.0+(Windows+NT+10.0;+Win64;+x64)+AppleWebKit/537.36+(KHTML,+like+Gecko)+Chrome/63.0.3239.132+Safari/537.36 http://localhost:51722/ReceiptBox 200 0 0 83
2018-02-05 11:40:38 ::1 GET /Scripts/jQueryRotate.js - 51722 - ::1 Mozilla/5.0+(Windows+NT+10.0;+Win64;+x64)+AppleWebKit/537.36+(KHTML,+like+Gecko)+Chrome/63.0.3239.132+Safari/537.36 http://localhost:51722/ReceiptBox 200 0 0 115
2018-02-05 11:40:38 ::1 GET /Scripts/jquery.twbsPagination.js - 51722 - ::1 Mozilla/5.0+(Windows+NT+10.0;+Win64;+x64)+AppleWebKit/537.36+(KHTML,+like+Gecko)+Chrome/63.0.3239.132+Safari/537.36 http://localhost:51722/ReceiptBox 200 0 0 115
2018-02-05 11:40:38 ::1 GET /ReceiptUploades/QC1/qcemployee7gorilla@gmailcom/webThumb21201895013AM_21201895013AM.png - 51722 qcemployee7.gorilla@gmail.com ::1 Mozilla/5.0+(Windows+NT+10.0;+Win64;+x64)+AppleWebKit/537.36+(KHTML,+like+Gecko)+Chrome/63.0.3239.132+Safari/537.36 http://localhost:51722/ReceiptBox 200 0 0 13
2018-02-05 11:40:38 ::1 GET /Scripts/jquery.imgcheckbox.js - 51722 - ::1 Mozilla/5.0+(Windows+NT+10.0;+Win64;+x64)+AppleWebKit/537.36+(KHTML,+like+Gecko)+Chrome/63.0.3239.132+Safari/537.36 http://localhost:51722/ReceiptBox 200 0 0 70
2018-02-05 11:40:38 ::1 GET /https:/ocrdevstorage.blob.core.windows.net/cdn/receiptuploads/gorillaproqc1/qcemployee7.gorilla@gmail.com/webThumb_21201882446AM.png - 51722 - ::1 Mozilla/5.0+(Windows+NT+10.0;+Win64;+x64)+AppleWebKit/537.36+(KHTML,+like+Gecko)+Chrome/63.0.3239.132+Safari/537.36 http://localhost:51722/ReceiptBox 404 0 2 4
2018-02-05 11:40:38 ::1 GET /ReceiptUploades/QC1/qcemployee7gorilla@gmailcom/webThumb21201854951AM_21201854951AM.png - 51722 qcemployee7.gorilla@gmail.com ::1 Mozilla/5.0+(Windows+NT+10.0;+Win64;+x64)+AppleWebKit/537.36+(KHTML,+like+Gecko)+Chrome/63.0.3239.132+Safari/537.36 http://localhost:51722/ReceiptBox 200 0 0 12
2018-02-05 11:40:38 ::1 GET /ReceiptUploades/QC1/qcemployee7gorilla@gmailcom/webThumb21201852600AM_21201852600AM.png - 51722 qcemployee7.gorilla@gmail.com ::1 Mozilla/5.0+(Windows+NT+10.0;+Win64;+x64)+AppleWebKit/537.36+(KHTML,+like+Gecko)+Chrome/63.0.3239.132+Safari/537.36 http://localhost:51722/ReceiptBox 200 0 0 12
2018-02-05 11:40:38 ::1 GET /ReceiptUploades/QC1/qcemployee7gorilla@gmailcom/webThumb21201891614AM_21201891614AM.jpg - 51722 qcemployee7.gorilla@gmail.com ::1 Mozilla/5.0+(Windows+NT+10.0;+Win64;+x64)+AppleWebKit/537.36+(KHTML,+like+Gecko)+Chrome/63.0.3239.132+Safari/537.36 http://localhost:51722/ReceiptBox 200 0 0 42
2018-02-05 11:40:38 ::1 GET /ReceiptUploades/QC1/qcemployee7gorilla@gmailcom/webThumb21201845413AM_21201845413AM.png - 51722 qcemployee7.gorilla@gmail.com ::1 Mozilla/5.0+(Windows+NT+10.0;+Win64;+x64)+AppleWebKit/537.36+(KHTML,+like+Gecko)+Chrome/63.0.3239.132+Safari/537.36 http://localhost:51722/ReceiptBox 200 0 0 16
2018-02-05 11:40:38 ::1 GET /ReceiptUploades/QC1/qcemployee7gorilla@gmailcom/webThumb21201845838AM_21201845838AM.jpg - 51722 qcemployee7.gorilla@gmail.com ::1 Mozilla/5.0+(Windows+NT+10.0;+Win64;+x64)+AppleWebKit/537.36+(KHTML,+like+Gecko)+Chrome/63.0.3239.132+Safari/537.36 http://localhost:51722/ReceiptBox 200 0 0 17
2018-02-05 11:40:38 ::1 GET /https:/ocrdevstorage.blob.core.windows.net/cdn/receiptuploads/gorillaproqc1/qcemployee7.gorilla@gmail.com/webThumb_129201890225AM.png - 51722 - ::1 Mozilla/5.0+(Windows+NT+10.0;+Win64;+x64)+AppleWebKit/537.36+(KHTML,+like+Gecko)+Chrome/63.0.3239.132+Safari/537.36 http://localhost:51722/ReceiptBox 404 0 2 16
2018-02-05 11:40:38 ::1 GET /https:/ocrdevstorage.blob.core.windows.net/cdn/receiptuploads/gorillaproqc1/qcemployee7.gorilla@gmail.com/webThumb_124201882938AM.png - 51722 - ::1 Mozilla/5.0+(Windows+NT+10.0;+Win64;+x64)+AppleWebKit/537.36+(KHTML,+like+Gecko)+Chrome/63.0.3239.132+Safari/537.36 http://localhost:51722/ReceiptBox 404 0 2 9
2018-02-05 11:40:38 ::1 GET /ReceiptUploades/QC1/qcemployee7gorilla@gmailcom/webThumb21201845355AM_21201845355AM.png - 51722 qcemployee7.gorilla@gmail.com ::1 Mozilla/5.0+(Windows+NT+10.0;+Win64;+x64)+AppleWebKit/537.36+(KHTML,+like+Gecko)+Chrome/63.0.3239.132+Safari/537.36 http://localhost:51722/ReceiptBox 200 0 0 26
2018-02-05 11:40:38 ::1 GET /https:/ocrdevstorage.blob.core.windows.net/cdn/receiptuploads/gorillaproqc1/qcemployee7.gorilla@gmail.com/webThumb_124201884315AM.jpg - 51722 - ::1 Mozilla/5.0+(Windows+NT+10.0;+Win64;+x64)+AppleWebKit/537.36+(KHTML,+like+Gecko)+Chrome/63.0.3239.132+Safari/537.36 http://localhost:51722/ReceiptBox 404 0 2 10
2018-02-05 11:40:38 ::1 GET /https:/ocrdevstorage.blob.core.windows.net/cdn/receiptuploads/gorillaproqc1/qcemployee7.gorilla@gmail.com/webThumb_129201885837AM.png - 51722 - ::1 Mozilla/5.0+(Windows+NT+10.0;+Win64;+x64)+AppleWebKit/537.36+(KHTML,+like+Gecko)+Chrome/63.0.3239.132+Safari/537.36 http://localhost:51722/ReceiptBox 404 0 2 9
2018-02-05 11:40:38 ::1 GET /https:/ocrdevstorage.blob.core.windows.net/cdn/receiptuploads/gorillaproqc1/qcemployee7.gorilla@gmail.com/webThumb_129201834151AM.jpg - 51722 - ::1 Mozilla/5.0+(Windows+NT+10.0;+Win64;+x64)+AppleWebKit/537.36+(KHTML,+like+Gecko)+Chrome/63.0.3239.132+Safari/537.36 http://localhost:51722/ReceiptBox 404 0 2 10
2018-02-05 11:40:38 ::1 GET /https:/ocrdevstorage.blob.core.windows.net/cdn/receiptuploads/gorillaproqc1/qcemployee7.gorilla@gmail.com/webThumb_124201875634AM.jpg - 51722 - ::1 Mozilla/5.0+(Windows+NT+10.0;+Win64;+x64)+AppleWebKit/537.36+(KHTML,+like+Gecko)+Chrome/63.0.3239.132+Safari/537.36 http://localhost:51722/ReceiptBox 404 0 2 7
2018-02-05 11:40:38 ::1 GET /https:/ocrdevstorage.blob.core.windows.net/cdn/receiptuploads/gorillaproqc1/qcemployee7.gorilla@gmail.com/webThumb_124201875702AM.jpg - 51722 - ::1 Mozilla/5.0+(Windows+NT+10.0;+Win64;+x64)+AppleWebKit/537.36+(KHTML,+like+Gecko)+Chrome/63.0.3239.132+Safari/537.36 http://localhost:51722/ReceiptBox 404 0 2 7
2018-02-05 11:40:38 ::1 GET /https:/ocrdevstorage.blob.core.windows.net/cdn/receiptuploads/gorillaproqc1/qcemployee7.gorilla@gmail.com/webThumb_124201875648AM.jpg - 51722 - ::1 Mozilla/5.0+(Windows+NT+10.0;+Win64;+x64)+AppleWebKit/537.36+(KHTML,+like+Gecko)+Chrome/63.0.3239.132+Safari/537.36 http://localhost:51722/ReceiptBox 404 0 2 7
2018-02-05 11:40:38 ::1 GET /https:/ocrdevstorage.blob.core.windows.net/cdn/receiptuploads/gorillaproqc1/qcemployee7.gorilla@gmail.com/webThumb_124201875619AM.jpg - 51722 - ::1 Mozilla/5.0+(Windows+NT+10.0;+Win64;+x64)+AppleWebKit/537.36+(KHTML,+like+Gecko)+Chrome/63.0.3239.132+Safari/537.36 http://localhost:51722/ReceiptBox 404 0 2 7
2018-02-05 11:40:38 ::1 GET /https:/ocrdevstorage.blob.core.windows.net/cdn/receiptuploads/gorillaproqc1/qcemployee7.gorilla@gmail.com/webThumb_124201870656AM.png - 51722 - ::1 Mozilla/5.0+(Windows+NT+10.0;+Win64;+x64)+AppleWebKit/537.36+(KHTML,+like+Gecko)+Chrome/63.0.3239.132+Safari/537.36 http://localhost:51722/ReceiptBox 404 0 2 7
2018-02-05 11:40:38 ::1 GET /ReceiptUploades/QC1/qcemployee7gorilla@gmailcom/webThumb124201830119AM_124201830119AM.png - 51722 qcemployee7.gorilla@gmail.com ::1 Mozilla/5.0+(Windows+NT+10.0;+Win64;+x64)+AppleWebKit/537.36+(KHTML,+like+Gecko)+Chrome/63.0.3239.132+Safari/537.36 http://localhost:51722/ReceiptBox 200 0 0 17
2018-02-05 11:40:38 ::1 GET /https:/ocrdevstorage.blob.core.windows.net/cdn/receiptuploads/gorillaproqc1/qcemployee7.gorilla@gmail.com/webThumb_123201893717AM.jpg - 51722 - ::1 Mozilla/5.0+(Windows+NT+10.0;+Win64;+x64)+AppleWebKit/537.36+(KHTML,+like+Gecko)+Chrome/63.0.3239.132+Safari/537.36 http://localhost:51722/ReceiptBox 404 0 2 11
2018-02-05 11:40:38 ::1 GET /https:/ocrdevstorage.blob.core.windows.net/cdn/receiptuploads/gorillaproqc1/qcemployee7.gorilla@gmail.com/webThumb_123201843007AM.jpg - 51722 - ::1 Mozilla/5.0+(Windows+NT+10.0;+Win64;+x64)+AppleWebKit/537.36+(KHTML,+like+Gecko)+Chrome/63.0.3239.132+Safari/537.36 http://localhost:51722/ReceiptBox 404 0 2 11
2018-02-05 11:40:38 ::1 GET /ReceiptUploades/QC1/qcemployee7gorilla@gmailcom/webThumb124201830059AM_124201830059AM.png - 51722 qcemployee7.gorilla@gmail.com ::1 Mozilla/5.0+(Windows+NT+10.0;+Win64;+x64)+AppleWebKit/537.36+(KHTML,+like+Gecko)+Chrome/63.0.3239.132+Safari/537.36 http://localhost:51722/ReceiptBox 200 0 0 17
2018-02-05 11:40:38 ::1 GET /web/ReceiptUploades/QC1/qcemployee7gorilla@gmailcom/webThumb123201842013AM_123201842013AM.jpg - 51722 - ::1 Mozilla/5.0+(Windows+NT+10.0;+Win64;+x64)+AppleWebKit/537.36+(KHTML,+like+Gecko)+Chrome/63.0.3239.132+Safari/537.36 http://localhost:51722/ReceiptBox 404 0 2 4
2018-02-05 11:40:38 ::1 GET /ReceiptUploades/QC1/qcemployee7gorilla@gmailcom/webThumb124201830007AM_124201830007AM.jpg - 51722 qcemployee7.gorilla@gmail.com ::1 Mozilla/5.0+(Windows+NT+10.0;+Win64;+x64)+AppleWebKit/537.36+(KHTML,+like+Gecko)+Chrome/63.0.3239.132+Safari/537.36 http://localhost:51722/ReceiptBox 200 0 0 17
2018-02-05 11:40:38 ::1 GET /https:/ocrdevstorage.blob.core.windows.net/cdn/receiptuploads/gorillaproqc1/qcemployee7.gorilla@gmail.com/webThumb_123201842907AM.jpg - 51722 - ::1 Mozilla/5.0+(Windows+NT+10.0;+Win64;+x64)+AppleWebKit/537.36+(KHTML,+like+Gecko)+Chrome/63.0.3239.132+Safari/537.36 http://localhost:51722/ReceiptBox 404 0 2 13
2018-02-05 11:40:38 ::1 GET /Scripts/jquery.qtip.min.js - 51722 - ::1 Mozilla/5.0+(Windows+NT+10.0;+Win64;+x64)+AppleWebKit/537.36+(KHTML,+like+Gecko)+Chrome/63.0.3239.132+Safari/537.36 http://localhost:51722/ReceiptBox 200 0 0 253
2018-02-05 11:40:38 ::1 GET /Images/first.png - 51722 - ::1 Mozilla/5.0+(Windows+NT+10.0;+Win64;+x64)+AppleWebKit/537.36+(KHTML,+like+Gecko)+Chrome/63.0.3239.132+Safari/537.36 http://localhost:51722/ReceiptBox 200 0 0 146
2018-02-05 11:40:38 ::1 GET /Images/next.png - 51722 - ::1 Mozilla/5.0+(Windows+NT+10.0;+Win64;+x64)+AppleWebKit/537.36+(KHTML,+like+Gecko)+Chrome/63.0.3239.132+Safari/537.36 http://localhost:51722/ReceiptBox 200 0 0 140
2018-02-05 11:40:38 ::1 GET /Images/prev.png - 51722 - ::1 Mozilla/5.0+(Windows+NT+10.0;+Win64;+x64)+AppleWebKit/537.36+(KHTML,+like+Gecko)+Chrome/63.0.3239.132+Safari/537.36 http://localhost:51722/ReceiptBox 200 0 0 149
2018-02-05 11:40:38 ::1 GET /Images/last.png - 51722 - ::1 Mozilla/5.0+(Windows+NT+10.0;+Win64;+x64)+AppleWebKit/537.36+(KHTML,+like+Gecko)+Chrome/63.0.3239.132+Safari/537.36 http://localhost:51722/ReceiptBox 200 0 0 171
2018-02-05 11:40:38 ::1 GET /images/bg-form-field.gif - 51722 - ::1 Mozilla/5.0+(Windows+NT+10.0;+Win64;+x64)+AppleWebKit/537.36+(KHTML,+like+Gecko)+Chrome/63.0.3239.132+Safari/537.36 http://localhost:51722/ReceiptBox 200 0 0 7
2018-02-05 11:40:38 ::1 GET /favicon.ico - 51722 - ::1 Mozilla/5.0+(Windows+NT+10.0;+Win64;+x64)+AppleWebKit/537.36+(KHTML,+like+Gecko)+Chrome/63.0.3239.132+Safari/537.36 http://localhost:51722/ReceiptBox 200 0 0 57
2018-02-05 11:40:49 ::1 HEAD /https:/ocrdevstorage.blob.core.windows.net/cdn/receiptuploads/gorillaproqc1/qcemployee7.gorilla@gmail.com/21201882435AM_21201882435AM.pdf - 51722 - ::1 Mozilla/5.0+(Windows+NT+10.0;+Win64;+x64)+AppleWebKit/537.36+(KHTML,+like+Gecko)+Chrome/63.0.3239.132+Safari/537.36 http://localhost:51722/ReceiptBox 404 0 2 6
2018-02-05 11:40:49 ::1 GET /https:/ocrdevstorage.blob.core.windows.net/cdn/receiptuploads/gorillaproqc1/qcemployee7.gorilla@gmail.com/21201882435AM_21201882435AM.pdf - 51722 - ::1 Mozilla/5.0+(Windows+NT+10.0;+Win64;+x64)+AppleWebKit/537.36+(KHTML,+like+Gecko)+Chrome/63.0.3239.132+Safari/537.36 http://localhost:51722/ReceiptBox 404 0 2 8
2018-02-05 11:49:04 ::1 GET /User/LogOn - 51722 qcemployee7.gorilla@gmail.com ::1 Mozilla/5.0+(Windows+NT+10.0;+Win64;+x64)+AppleWebKit/537.36+(KHTML,+like+Gecko)+Chrome/63.0.3239.132+Safari/537.36 http://localhost:51722/ReceiptBox 302 0 0 3009
2018-02-05 11:53:08 ::1 GET / - 51722 qcemployee7.gorilla@gmail.com ::1 Mozilla/5.0+(Windows+NT+10.0;+Win64;+x64)+AppleWebKit/537.36+(KHTML,+like+Gecko)+Chrome/63.0.3239.132+Safari/537.36 http://localhost:51722/ReceiptBox 200 0 0 244443
2018-02-05 11:56:02 ::1 GET /User/LogOut - 51722 qcemployee7.gorilla@gmail.com ::1 Mozilla/5.0+(Windows+NT+10.0;+Win64;+x64)+AppleWebKit/537.36+(KHTML,+like+Gecko)+Chrome/63.0.3239.132+Safari/537.36 http://localhost:51722/ReceiptBox 302 0 0 136
2018-02-05 11:56:04 ::1 GET /User/LogOut - 51722 - ::1 Mozilla/5.0+(Windows+NT+10.0;+Win64;+x64)+AppleWebKit/537.36+(KHTML,+like+Gecko)+Chrome/63.0.3239.132+Safari/537.36 http://localhost:51722/ReceiptBox 302 0 0 63
2018-02-05 11:56:04 ::1 GET / - 51722 - ::1 Mozilla/5.0+(Windows+NT+10.0;+Win64;+x64)+AppleWebKit/537.36+(KHTML,+like+Gecko)+Chrome/63.0.3239.132+Safari/537.36 http://localhost:51722/ReceiptBox 302 0 0 11
2018-02-05 11:56:08 ::1 GET /User/LogOn - 51722 - ::1 Mozilla/5.0+(Windows+NT+10.0;+Win64;+x64)+AppleWebKit/537.36+(KHTML,+like+Gecko)+Chrome/63.0.3239.132+Safari/537.36 http://localhost:51722/ReceiptBox 200 0 64 4075
2018-02-05 11:56:08 ::1 GET /User/LogOut - 51722 - ::1 Mozilla/5.0+(Windows+NT+10.0;+Win64;+x64)+AppleWebKit/537.36+(KHTML,+like+Gecko)+Chrome/63.0.3239.132+Safari/537.36 http://localhost:51722/ReceiptBox 302 0 0 509
2018-02-05 11:56:08 ::1 GET / - 51722 - ::1 Mozilla/5.0+(Windows+NT+10.0;+Win64;+x64)+AppleWebKit/537.36+(KHTML,+like+Gecko)+Chrome/63.0.3239.132+Safari/537.36 http://localhost:51722/ReceiptBox 302 0 0 5
2018-02-05 11:56:08 ::1 GET /User/LogOn - 51722 - ::1 Mozilla/5.0+(Windows+NT+10.0;+Win64;+x64)+AppleWebKit/537.36+(KHTML,+like+Gecko)+Chrome/63.0.3239.132+Safari/537.36 http://localhost:51722/ReceiptBox 200 0 0 9
2018-02-05 11:56:08 ::1 GET /User/LogOut - 51722 - ::1 Mozilla/5.0+(Windows+NT+10.0;+Win64;+x64)+AppleWebKit/537.36+(KHTML,+like+Gecko)+Chrome/63.0.3239.132+Safari/537.36 http://localhost:51722/ReceiptBox 302 0 64 2572
2018-02-05 11:56:08 ::1 GET /User/assets/pages/img/login/bg1.jpg - 51722 - ::1 Mozilla/5.0+(Windows+NT+10.0;+Win64;+x64)+AppleWebKit/537.36+(KHTML,+like+Gecko)+Chrome/63.0.3239.132+Safari/537.36 http://localhost:51722/User/LogOn 404 0 2 5
