#Software: Microsoft Internet Information Services 8.0
#Version: 1.0
#Date: 2018-05-10 09:13:13
#Fields: date time s-ip cs-method cs-uri-stem cs-uri-query s-port cs-username c-ip cs(User-Agent) cs(Referer) sc-status sc-substatus sc-win32-status time-taken
2018-05-10 09:13:13 ::1 GET / - 51722 - ::1 Mozilla/5.0+(Windows+NT+10.0;+Win64;+x64)+AppleWebKit/537.36+(KHTML,+like+Gecko)+Chrome/66.0.3359.139+Safari/537.36 - 302 0 0 71374
2018-05-10 09:13:44 ::1 GET /User/LogOn - 51722 - ::1 Mozilla/5.0+(Windows+NT+10.0;+Win64;+x64)+AppleWebKit/537.36+(KHTML,+like+Gecko)+Chrome/66.0.3359.139+Safari/537.36 - 200 0 0 30584
2018-05-10 09:13:45 ::1 GET /User/assets/pages/img/login/bg1.jpg - 51722 - ::1 Mozilla/5.0+(Windows+NT+10.0;+Win64;+x64)+AppleWebKit/537.36+(KHTML,+like+Gecko)+Chrome/66.0.3359.139+Safari/537.36 http://localhost:51722/User/LogOn 404 0 2 10
2018-05-10 09:14:28 ::1 POST /User/LogOn - 51722 - ::1 Mozilla/5.0+(Windows+NT+10.0;+Win64;+x64)+AppleWebKit/537.36+(KHTML,+like+Gecko)+Chrome/66.0.3359.139+Safari/537.36 http://localhost:51722/User/LogOn 302 0 0 33814
2018-05-10 09:15:30 ::1 GET / - 51722 qcemployee7.gorilla@gmail.com ::1 Mozilla/5.0+(Windows+NT+10.0;+Win64;+x64)+AppleWebKit/537.36+(KHTML,+like+Gecko)+Chrome/66.0.3359.139+Safari/537.36 http://localhost:51722/User/LogOn 200 0 0 61286
2018-05-10 09:15:50 ::1 GET /ReceiptBox - 51722 qcemployee7.gorilla@gmail.com ::1 Mozilla/5.0+(Windows+NT+10.0;+Win64;+x64)+AppleWebKit/537.36+(KHTML,+like+Gecko)+Chrome/66.0.3359.139+Safari/537.36 http://localhost:51722/ 200 0 0 12063
2018-05-10 09:16:04 ::1 GET /ReceiptBox/UploadImage - 51722 qcemployee7.gorilla@gmail.com ::1 Mozilla/5.0+(Windows+NT+10.0;+Win64;+x64)+AppleWebKit/537.36+(KHTML,+like+Gecko)+Chrome/66.0.3359.139+Safari/537.36 http://localhost:51722/ReceiptBox 200 0 0 169
2018-05-10 09:16:31 ::1 POST /ReceiptBox/UploadReceiptInBox - 51722 qcemployee7.gorilla@gmail.com ::1 Mozilla/5.0+(Windows+NT+10.0;+Win64;+x64)+AppleWebKit/537.36+(KHTML,+like+Gecko)+Chrome/66.0.3359.139+Safari/537.36 http://localhost:51722/ReceiptBox/UploadImage 200 0 0 7674
2018-05-10 09:16:37 ::1 GET /ReceiptBox page=0&NumberOfRecords=25&currentTab=0&day=30 51722 qcemployee7.gorilla@gmail.com ::1 Mozilla/5.0+(Windows+NT+10.0;+Win64;+x64)+AppleWebKit/537.36+(KHTML,+like+Gecko)+Chrome/66.0.3359.139+Safari/537.36 http://localhost:51722/ReceiptBox 200 0 0 4454
2018-05-10 09:16:38 ::1 GET /ReceiptBox/GetScanningStatus/ ReceiptScanID=14 51722 qcemployee7.gorilla@gmail.com ::1 Mozilla/5.0+(Windows+NT+10.0;+Win64;+x64)+AppleWebKit/537.36+(KHTML,+like+Gecko)+Chrome/66.0.3359.139+Safari/537.36 http://localhost:51722/ReceiptBox?page=0&NumberOfRecords=25&currentTab=0&day=30 200 0 0 458
2018-05-10 09:17:33 ::1 GET /ReceiptBox/Index/ page=1&NumberOfRecords=NaN&currentTab=0&day=30 51722 qcemployee7.gorilla@gmail.com ::1 Mozilla/5.0+(Windows+NT+10.0;+Win64;+x64)+AppleWebKit/537.36+(KHTML,+like+Gecko)+Chrome/66.0.3359.139+Safari/537.36 http://localhost:51722/ReceiptBox?page=0&NumberOfRecords=25&currentTab=0&day=30 200 0 0 5327
2018-05-10 09:17:35 ::1 GET /ReceiptBox/GetScanningStatus/ ReceiptScanID=14 51722 qcemployee7.gorilla@gmail.com ::1 Mozilla/5.0+(Windows+NT+10.0;+Win64;+x64)+AppleWebKit/537.36+(KHTML,+like+Gecko)+Chrome/66.0.3359.139+Safari/537.36 http://localhost:51722/ReceiptBox?page=0&NumberOfRecords=25&currentTab=0&day=30 200 0 0 2120
2018-05-10 09:17:44 ::1 GET /ReceiptBox/Index/ page=1&NumberOfRecords=NaN&currentTab=0&day=30 51722 qcemployee7.gorilla@gmail.com ::1 Mozilla/5.0+(Windows+NT+10.0;+Win64;+x64)+AppleWebKit/537.36+(KHTML,+like+Gecko)+Chrome/66.0.3359.139+Safari/537.36 http://localhost:51722/ReceiptBox?page=0&NumberOfRecords=25&currentTab=0&day=30 200 0 0 5132
2018-05-10 09:19:55 ::1 GET /ReceiptBox page=0&NumberOfRecords=25&currentTab=0&day=30 51722 qcemployee7.gorilla@gmail.com ::1 Mozilla/5.0+(Windows+NT+10.0;+Win64;+x64)+AppleWebKit/537.36+(KHTML,+like+Gecko)+Chrome/66.0.3359.139+Safari/537.36 http://localhost:51722/ReceiptBox 200 0 0 10113
2018-05-10 09:19:56 ::1 GET /favicon.ico - 51722 - ::1 Mozilla/5.0+(Windows+NT+10.0;+Win64;+x64)+AppleWebKit/537.36+(KHTML,+like+Gecko)+Chrome/66.0.3359.139+Safari/537.36 http://localhost:51722/ReceiptBox?page=0&NumberOfRecords=25&currentTab=0&day=30 200 0 0 54
2018-05-10 09:19:57 ::1 GET /ReceiptBox/UploadImage - 51722 qcemployee7.gorilla@gmail.com ::1 Mozilla/5.0+(Windows+NT+10.0;+Win64;+x64)+AppleWebKit/537.36+(KHTML,+like+Gecko)+Chrome/66.0.3359.139+Safari/537.36 http://localhost:51722/ReceiptBox?page=0&NumberOfRecords=25&currentTab=0&day=30 200 0 0 179
2018-05-10 09:20:25 ::1 POST /ReceiptBox/UploadReceiptInBox - 51722 qcemployee7.gorilla@gmail.com ::1 Mozilla/5.0+(Windows+NT+10.0;+Win64;+x64)+AppleWebKit/537.36+(KHTML,+like+Gecko)+Chrome/66.0.3359.139+Safari/537.36 http://localhost:51722/ReceiptBox/UploadImage 200 0 0 7740
2018-05-10 09:20:32 ::1 GET /ReceiptBox page=0&NumberOfRecords=25&currentTab=0&day=30 51722 qcemployee7.gorilla@gmail.com ::1 Mozilla/5.0+(Windows+NT+10.0;+Win64;+x64)+AppleWebKit/537.36+(KHTML,+like+Gecko)+Chrome/66.0.3359.139+Safari/537.36 http://localhost:51722/ReceiptBox?page=0&NumberOfRecords=25&currentTab=0&day=30 200 0 0 4785
2018-05-10 09:20:32 ::1 GET /ReceiptBox/GetScanningStatus/ ReceiptScanID=15 51722 qcemployee7.gorilla@gmail.com ::1 Mozilla/5.0+(Windows+NT+10.0;+Win64;+x64)+AppleWebKit/537.36+(KHTML,+like+Gecko)+Chrome/66.0.3359.139+Safari/537.36 http://localhost:51722/ReceiptBox?page=0&NumberOfRecords=25&currentTab=0&day=30 200 0 0 420
2018-05-10 09:20:47 ::1 GET /ReceiptBox page=0&NumberOfRecords=25&currentTab=0&day=30 51722 qcemployee7.gorilla@gmail.com ::1 Mozilla/5.0+(Windows+NT+10.0;+Win64;+x64)+AppleWebKit/537.36+(KHTML,+like+Gecko)+Chrome/66.0.3359.139+Safari/537.36 http://localhost:51722/ReceiptBox?page=0&NumberOfRecords=25&currentTab=0&day=30 200 0 0 4634
2018-05-10 09:20:47 ::1 GET /ReceiptBox/GetScanningStatus/ ReceiptScanID=15 51722 qcemployee7.gorilla@gmail.com ::1 Mozilla/5.0+(Windows+NT+10.0;+Win64;+x64)+AppleWebKit/537.36+(KHTML,+like+Gecko)+Chrome/66.0.3359.139+Safari/537.36 http://localhost:51722/ReceiptBox?page=0&NumberOfRecords=25&currentTab=0&day=30 200 0 0 442
2018-05-10 09:21:02 ::1 GET /ReceiptBox page=0&NumberOfRecords=25&currentTab=0&day=30 51722 qcemployee7.gorilla@gmail.com ::1 Mozilla/5.0+(Windows+NT+10.0;+Win64;+x64)+AppleWebKit/537.36+(KHTML,+like+Gecko)+Chrome/66.0.3359.139+Safari/537.36 http://localhost:51722/ReceiptBox?page=0&NumberOfRecords=25&currentTab=0&day=30 200 0 0 4528
2018-05-10 09:21:02 ::1 GET /ReceiptBox/GetScanningStatus/ ReceiptScanID=15 51722 qcemployee7.gorilla@gmail.com ::1 Mozilla/5.0+(Windows+NT+10.0;+Win64;+x64)+AppleWebKit/537.36+(KHTML,+like+Gecko)+Chrome/66.0.3359.139+Safari/537.36 http://localhost:51722/ReceiptBox?page=0&NumberOfRecords=25&currentTab=0&day=30 200 0 0 465
2018-05-10 09:21:18 ::1 GET /ReceiptBox page=0&NumberOfRecords=25&currentTab=0&day=30 51722 qcemployee7.gorilla@gmail.com ::1 Mozilla/5.0+(Windows+NT+10.0;+Win64;+x64)+AppleWebKit/537.36+(KHTML,+like+Gecko)+Chrome/66.0.3359.139+Safari/537.36 http://localhost:51722/ReceiptBox?page=0&NumberOfRecords=25&currentTab=0&day=30 200 0 0 4709
2018-05-10 09:21:18 ::1 GET /ReceiptBox/GetScanningStatus/ ReceiptScanID=15 51722 qcemployee7.gorilla@gmail.com ::1 Mozilla/5.0+(Windows+NT+10.0;+Win64;+x64)+AppleWebKit/537.36+(KHTML,+like+Gecko)+Chrome/66.0.3359.139+Safari/537.36 http://localhost:51722/ReceiptBox?page=0&NumberOfRecords=25&currentTab=0&day=30 200 0 0 426
2018-05-10 09:21:34 ::1 GET /ReceiptBox page=0&NumberOfRecords=25&currentTab=0&day=30 51722 qcemployee7.gorilla@gmail.com ::1 Mozilla/5.0+(Windows+NT+10.0;+Win64;+x64)+AppleWebKit/537.36+(KHTML,+like+Gecko)+Chrome/66.0.3359.139+Safari/537.36 http://localhost:51722/ReceiptBox?page=0&NumberOfRecords=25&currentTab=0&day=30 200 0 0 4888
2018-05-10 09:21:36 ::1 GET /ReceiptBox/GetScanningStatus/ ReceiptScanID=15 51722 qcemployee7.gorilla@gmail.com ::1 Mozilla/5.0+(Windows+NT+10.0;+Win64;+x64)+AppleWebKit/537.36+(KHTML,+like+Gecko)+Chrome/66.0.3359.139+Safari/537.36 http://localhost:51722/ReceiptBox?page=0&NumberOfRecords=25&currentTab=0&day=30 200 0 0 1835
2018-05-10 09:21:51 ::1 GET /ReceiptBox page=0&NumberOfRecords=25&currentTab=0&day=30 51722 qcemployee7.gorilla@gmail.com ::1 Mozilla/5.0+(Windows+NT+10.0;+Win64;+x64)+AppleWebKit/537.36+(KHTML,+like+Gecko)+Chrome/66.0.3359.139+Safari/537.36 http://localhost:51722/ReceiptBox?page=0&NumberOfRecords=25&currentTab=0&day=30 200 0 0 4585
2018-05-10 09:30:15 ::1 GET /User/LogOn - 51722 qcemployee7.gorilla@gmail.com ::1 Mozilla/5.0+(Windows+NT+10.0;+Win64;+x64)+AppleWebKit/537.36+(KHTML,+like+Gecko)+Chrome/66.0.3359.139+Safari/537.36 http://localhost:51722/ReceiptBox?page=0&NumberOfRecords=25&currentTab=0&day=30 302 0 0 3640
2018-05-10 09:30:39 ::1 GET / - 51722 qcemployee7.gorilla@gmail.com ::1 Mozilla/5.0+(Windows+NT+10.0;+Win64;+x64)+AppleWebKit/537.36+(KHTML,+like+Gecko)+Chrome/66.0.3359.139+Safari/537.36 http://localhost:51722/ReceiptBox?page=0&NumberOfRecords=25&currentTab=0&day=30 200 0 0 23743
2018-05-10 09:36:53 ::1 GET /User/LogOut - 51722 qcemployee7.gorilla@gmail.com ::1 Mozilla/5.0+(Windows+NT+10.0;+Win64;+x64)+AppleWebKit/537.36+(KHTML,+like+Gecko)+Chrome/66.0.3359.139+Safari/537.36 http://localhost:51722/ReceiptBox?page=0&NumberOfRecords=25&currentTab=0&day=30 302 0 0 456
2018-05-10 09:37:10 ::1 GET /User/LogOut - 51722 - ::1 Mozilla/5.0+(Windows+NT+10.0;+Win64;+x64)+AppleWebKit/537.36+(KHTML,+like+Gecko)+Chrome/66.0.3359.139+Safari/537.36 http://localhost:51722/ReceiptBox?page=0&NumberOfRecords=25&currentTab=0&day=30 302 0 64 13527
2018-05-10 09:37:10 ::1 GET /User/LogOut - 51722 - ::1 Mozilla/5.0+(Windows+NT+10.0;+Win64;+x64)+AppleWebKit/537.36+(KHTML,+like+Gecko)+Chrome/66.0.3359.139+Safari/537.36 http://localhost:51722/ReceiptBox?page=0&NumberOfRecords=25&currentTab=0&day=30 302 0 64 9538
2018-05-10 09:37:10 ::1 GET /User/LogOut - 51722 - ::1 Mozilla/5.0+(Windows+NT+10.0;+Win64;+x64)+AppleWebKit/537.36+(KHTML,+like+Gecko)+Chrome/66.0.3359.139+Safari/537.36 http://localhost:51722/ReceiptBox?page=0&NumberOfRecords=25&currentTab=0&day=30 302 0 64 11534
2018-05-10 09:37:10 ::1 GET /User/LogOut - 51722 - ::1 Mozilla/5.0+(Windows+NT+10.0;+Win64;+x64)+AppleWebKit/537.36+(KHTML,+like+Gecko)+Chrome/66.0.3359.139+Safari/537.36 http://localhost:51722/ReceiptBox?page=0&NumberOfRecords=25&currentTab=0&day=30 302 0 64 15519
2018-05-10 09:37:18 ::1 GET /User/LogOut - 51722 - ::1 Mozilla/5.0+(Windows+NT+10.0;+Win64;+x64)+AppleWebKit/537.36+(KHTML,+like+Gecko)+Chrome/66.0.3359.139+Safari/537.36 http://localhost:51722/ReceiptBox?page=0&NumberOfRecords=25&currentTab=0&day=30 302 0 0 1402
2018-05-10 09:37:18 ::1 GET /User/LogOut - 51722 - ::1 Mozilla/5.0+(Windows+NT+10.0;+Win64;+x64)+AppleWebKit/537.36+(KHTML,+like+Gecko)+Chrome/66.0.3359.139+Safari/537.36 http://localhost:51722/ReceiptBox?page=0&NumberOfRecords=25&currentTab=0&day=30 302 0 64 11440
2018-05-10 09:37:18 ::1 GET /User/LogOut - 51722 - ::1 Mozilla/5.0+(Windows+NT+10.0;+Win64;+x64)+AppleWebKit/537.36+(KHTML,+like+Gecko)+Chrome/66.0.3359.139+Safari/537.36 http://localhost:51722/ReceiptBox?page=0&NumberOfRecords=25&currentTab=0&day=30 302 0 64 9456
2018-05-10 09:37:18 ::1 GET /User/LogOut - 51722 - ::1 Mozilla/5.0+(Windows+NT+10.0;+Win64;+x64)+AppleWebKit/537.36+(KHTML,+like+Gecko)+Chrome/66.0.3359.139+Safari/537.36 http://localhost:51722/ReceiptBox?page=0&NumberOfRecords=25&currentTab=0&day=30 302 0 64 7469
2018-05-10 09:37:18 ::1 GET /User/LogOut - 51722 - ::1 Mozilla/5.0+(Windows+NT+10.0;+Win64;+x64)+AppleWebKit/537.36+(KHTML,+like+Gecko)+Chrome/66.0.3359.139+Safari/537.36 http://localhost:51722/ReceiptBox?page=0&NumberOfRecords=25&currentTab=0&day=30 302 0 64 3460
2018-05-10 09:37:18 ::1 GET /User/LogOut - 51722 - ::1 Mozilla/5.0+(Windows+NT+10.0;+Win64;+x64)+AppleWebKit/537.36+(KHTML,+like+Gecko)+Chrome/66.0.3359.139+Safari/537.36 http://localhost:51722/ReceiptBox?page=0&NumberOfRecords=25&currentTab=0&day=30 302 0 64 13563
2018-05-10 09:37:18 ::1 GET /User/LogOut - 51722 - ::1 Mozilla/5.0+(Windows+NT+10.0;+Win64;+x64)+AppleWebKit/537.36+(KHTML,+like+Gecko)+Chrome/66.0.3359.139+Safari/537.36 http://localhost:51722/ReceiptBox?page=0&NumberOfRecords=25&currentTab=0&day=30 302 0 64 5606
2018-05-10 09:37:18 ::1 GET /User/LogOut - 51722 - ::1 Mozilla/5.0+(Windows+NT+10.0;+Win64;+x64)+AppleWebKit/537.36+(KHTML,+like+Gecko)+Chrome/66.0.3359.139+Safari/537.36 http://localhost:51722/ReceiptBox?page=0&NumberOfRecords=25&currentTab=0&day=30 302 0 64 15673
2018-05-10 09:37:18 ::1 GET / - 51722 - ::1 Mozilla/5.0+(Windows+NT+10.0;+Win64;+x64)+AppleWebKit/537.36+(KHTML,+like+Gecko)+Chrome/66.0.3359.139+Safari/537.36 http://localhost:51722/ReceiptBox?page=0&NumberOfRecords=25&currentTab=0&day=30 302 0 0 288
2018-05-10 09:37:21 ::1 GET /User/LogOn - 51722 - ::1 Mozilla/5.0+(Windows+NT+10.0;+Win64;+x64)+AppleWebKit/537.36+(KHTML,+like+Gecko)+Chrome/66.0.3359.139+Safari/537.36 http://localhost:51722/ReceiptBox?page=0&NumberOfRecords=25&currentTab=0&day=30 200 0 64 2627
2018-05-10 09:37:21 ::1 GET /User/LogOut - 51722 - ::1 Mozilla/5.0+(Windows+NT+10.0;+Win64;+x64)+AppleWebKit/537.36+(KHTML,+like+Gecko)+Chrome/66.0.3359.139+Safari/537.36 http://localhost:51722/ReceiptBox?page=0&NumberOfRecords=25&currentTab=0&day=30 302 0 64 2689
2018-05-10 09:37:21 ::1 GET /User/LogOut - 51722 - ::1 Mozilla/5.0+(Windows+NT+10.0;+Win64;+x64)+AppleWebKit/537.36+(KHTML,+like+Gecko)+Chrome/66.0.3359.139+Safari/537.36 http://localhost:51722/ReceiptBox?page=0&NumberOfRecords=25&currentTab=0&day=30 302 0 0 1261
2018-05-10 09:37:22 ::1 GET / - 51722 - ::1 Mozilla/5.0+(Windows+NT+10.0;+Win64;+x64)+AppleWebKit/537.36+(KHTML,+like+Gecko)+Chrome/66.0.3359.139+Safari/537.36 http://localhost:51722/ReceiptBox?page=0&NumberOfRecords=25&currentTab=0&day=30 302 0 0 165
2018-05-10 09:37:22 ::1 GET /User/LogOn - 51722 - ::1 Mozilla/5.0+(Windows+NT+10.0;+Win64;+x64)+AppleWebKit/537.36+(KHTML,+like+Gecko)+Chrome/66.0.3359.139+Safari/537.36 http://localhost:51722/ReceiptBox?page=0&NumberOfRecords=25&currentTab=0&day=30 200 0 0 359
2018-05-10 09:37:22 ::1 GET /User/assets/pages/img/login/bg1.jpg - 51722 - ::1 Mozilla/5.0+(Windows+NT+10.0;+Win64;+x64)+AppleWebKit/537.36+(KHTML,+like+Gecko)+Chrome/66.0.3359.139+Safari/537.36 http://localhost:51722/User/LogOn 404 0 2 99
