#Software: Microsoft Internet Information Services 8.0
#Version: 1.0
#Date: 2018-01-24 10:02:40
#Fields: date time s-ip cs-method cs-uri-stem cs-uri-query s-port cs-username c-ip cs(User-Agent) cs(Referer) sc-status sc-substatus sc-win32-status time-taken
2018-01-24 10:02:40 ::1 GET / - 51722 - ::1 Mozilla/5.0+(Windows+NT+10.0;+Win64;+x64)+AppleWebKit/537.36+(KHTML,+like+Gecko)+Chrome/63.0.3239.132+Safari/537.36 - 302 0 0 72087
2018-01-24 10:18:06 ::1 GET /User/LogOn - 51722 - ::1 Mozilla/5.0+(Windows+NT+10.0;+Win64;+x64)+AppleWebKit/537.36+(KHTML,+like+Gecko)+Chrome/63.0.3239.132+Safari/537.36 - 200 0 0 926516
2018-01-24 10:18:06 ::1 GET /assets/pages/css/font.css - 51722 - ::1 Mozilla/5.0+(Windows+NT+10.0;+Win64;+x64)+AppleWebKit/537.36+(KHTML,+like+Gecko)+Chrome/63.0.3239.132+Safari/537.36 http://localhost:51722/User/LogOn 200 0 0 70
2018-01-24 10:18:06 ::1 GET /assets/global/plugins/simple-line-icons/simple-line-icons.min.css - 51722 - ::1 Mozilla/5.0+(Windows+NT+10.0;+Win64;+x64)+AppleWebKit/537.36+(KHTML,+like+Gecko)+Chrome/63.0.3239.132+Safari/537.36 http://localhost:51722/User/LogOn 200 0 0 71
2018-01-24 10:18:06 ::1 GET /assets/global/plugins/bootstrap-switch/css/bootstrap-switch.min.css - 51722 - ::1 Mozilla/5.0+(Windows+NT+10.0;+Win64;+x64)+AppleWebKit/537.36+(KHTML,+like+Gecko)+Chrome/63.0.3239.132+Safari/537.36 http://localhost:51722/User/LogOn 200 0 0 151
2018-01-24 10:18:06 ::1 GET /assets/global/plugins/select2/css/select2-bootstrap.min.css - 51722 - ::1 Mozilla/5.0+(Windows+NT+10.0;+Win64;+x64)+AppleWebKit/537.36+(KHTML,+like+Gecko)+Chrome/63.0.3239.132+Safari/537.36 http://localhost:51722/User/LogOn 200 0 0 207
2018-01-24 10:18:06 ::1 GET /assets/global/plugins/select2/css/select2.min.css - 51722 - ::1 Mozilla/5.0+(Windows+NT+10.0;+Win64;+x64)+AppleWebKit/537.36+(KHTML,+like+Gecko)+Chrome/63.0.3239.132+Safari/537.36 http://localhost:51722/User/LogOn 200 0 0 243
2018-01-24 10:18:06 ::1 GET /assets/pages/css/login-5.min.css - 51722 - ::1 Mozilla/5.0+(Windows+NT+10.0;+Win64;+x64)+AppleWebKit/537.36+(KHTML,+like+Gecko)+Chrome/63.0.3239.132+Safari/537.36 http://localhost:51722/User/LogOn 200 0 0 144
2018-01-24 10:18:06 ::1 GET /assets/global/css/plugins.min.css - 51722 - ::1 Mozilla/5.0+(Windows+NT+10.0;+Win64;+x64)+AppleWebKit/537.36+(KHTML,+like+Gecko)+Chrome/63.0.3239.132+Safari/537.36 http://localhost:51722/User/LogOn 200 0 0 527
2018-01-24 10:18:06 ::1 GET /assets/global/plugins/bootstrap/css/bootstrap.min.css - 51722 - ::1 Mozilla/5.0+(Windows+NT+10.0;+Win64;+x64)+AppleWebKit/537.36+(KHTML,+like+Gecko)+Chrome/63.0.3239.132+Safari/537.36 http://localhost:51722/User/LogOn 200 0 0 744
2018-01-24 10:18:06 ::1 GET /assets/global/css/components.min.css - 51722 - ::1 Mozilla/5.0+(Windows+NT+10.0;+Win64;+x64)+AppleWebKit/537.36+(KHTML,+like+Gecko)+Chrome/63.0.3239.132+Safari/537.36 http://localhost:51722/User/LogOn 200 0 0 723
2018-01-24 10:18:07 ::1 GET /assets/global/plugins/jquery.min.js - 51722 - ::1 Mozilla/5.0+(Windows+NT+10.0;+Win64;+x64)+AppleWebKit/537.36+(KHTML,+like+Gecko)+Chrome/63.0.3239.132+Safari/537.36 http://localhost:51722/User/LogOn 200 0 0 173
2018-01-24 10:18:07 ::1 GET /assets/global/plugins/js.cookie.min.js - 51722 - ::1 Mozilla/5.0+(Windows+NT+10.0;+Win64;+x64)+AppleWebKit/537.36+(KHTML,+like+Gecko)+Chrome/63.0.3239.132+Safari/537.36 http://localhost:51722/User/LogOn 200 0 0 84
2018-01-24 10:18:07 ::1 GET /assets/global/plugins/jquery.blockui.min.js - 51722 - ::1 Mozilla/5.0+(Windows+NT+10.0;+Win64;+x64)+AppleWebKit/537.36+(KHTML,+like+Gecko)+Chrome/63.0.3239.132+Safari/537.36 http://localhost:51722/User/LogOn 200 0 0 143
2018-01-24 10:18:07 ::1 GET /assets/global/plugins/bootstrap/js/bootstrap.min.js - 51722 - ::1 Mozilla/5.0+(Windows+NT+10.0;+Win64;+x64)+AppleWebKit/537.36+(KHTML,+like+Gecko)+Chrome/63.0.3239.132+Safari/537.36 http://localhost:51722/User/LogOn 200 0 0 162
2018-01-24 10:18:07 ::1 GET /assets/global/plugins/jquery-slimscroll/jquery.slimscroll.min.js - 51722 - ::1 Mozilla/5.0+(Windows+NT+10.0;+Win64;+x64)+AppleWebKit/537.36+(KHTML,+like+Gecko)+Chrome/63.0.3239.132+Safari/537.36 http://localhost:51722/User/LogOn 200 0 0 167
2018-01-24 10:18:07 ::1 GET /assets/global/plugins/bootstrap-switch/js/bootstrap-switch.min.js - 51722 - ::1 Mozilla/5.0+(Windows+NT+10.0;+Win64;+x64)+AppleWebKit/537.36+(KHTML,+like+Gecko)+Chrome/63.0.3239.132+Safari/537.36 http://localhost:51722/User/LogOn 200 0 0 225
2018-01-24 10:18:07 ::1 GET /assets/global/plugins/jquery-validation/js/jquery.validate.min.js - 51722 - ::1 Mozilla/5.0+(Windows+NT+10.0;+Win64;+x64)+AppleWebKit/537.36+(KHTML,+like+Gecko)+Chrome/63.0.3239.132+Safari/537.36 http://localhost:51722/User/LogOn 200 0 0 95
2018-01-24 10:18:07 ::1 GET /assets/pages/scripts/login-5.min.js - 51722 - ::1 Mozilla/5.0+(Windows+NT+10.0;+Win64;+x64)+AppleWebKit/537.36+(KHTML,+like+Gecko)+Chrome/63.0.3239.132+Safari/537.36 http://localhost:51722/User/LogOn 200 0 0 79
2018-01-24 10:18:07 ::1 GET /images/logo_1.png - 51722 - ::1 Mozilla/5.0+(Windows+NT+10.0;+Win64;+x64)+AppleWebKit/537.36+(KHTML,+like+Gecko)+Chrome/63.0.3239.132+Safari/537.36 http://localhost:51722/User/LogOn 200 0 0 44
2018-01-24 10:18:07 ::1 GET /assets/global/plugins/select2/js/select2.full.min.js - 51722 - ::1 Mozilla/5.0+(Windows+NT+10.0;+Win64;+x64)+AppleWebKit/537.36+(KHTML,+like+Gecko)+Chrome/63.0.3239.132+Safari/537.36 http://localhost:51722/User/LogOn 200 0 0 176
2018-01-24 10:18:07 ::1 GET /assets/global/scripts/app.min.js - 51722 - ::1 Mozilla/5.0+(Windows+NT+10.0;+Win64;+x64)+AppleWebKit/537.36+(KHTML,+like+Gecko)+Chrome/63.0.3239.132+Safari/537.36 http://localhost:51722/User/LogOn 200 0 0 183
2018-01-24 10:18:07 ::1 GET /assets/global/plugins/jquery-validation/js/additional-methods.min.js - 51722 - ::1 Mozilla/5.0+(Windows+NT+10.0;+Win64;+x64)+AppleWebKit/537.36+(KHTML,+like+Gecko)+Chrome/63.0.3239.132+Safari/537.36 http://localhost:51722/User/LogOn 200 0 0 267
2018-01-24 10:18:07 ::1 GET /Images/sign-in-light.png - 51722 - ::1 Mozilla/5.0+(Windows+NT+10.0;+Win64;+x64)+AppleWebKit/537.36+(KHTML,+like+Gecko)+Chrome/63.0.3239.132+Safari/537.36 http://localhost:51722/User/LogOn 200 0 0 160
2018-01-24 10:18:07 ::1 GET /assets/global/plugins/backstretch/jquery.backstretch.min.js - 51722 - ::1 Mozilla/5.0+(Windows+NT+10.0;+Win64;+x64)+AppleWebKit/537.36+(KHTML,+like+Gecko)+Chrome/63.0.3239.132+Safari/537.36 http://localhost:51722/User/LogOn 200 0 0 315
2018-01-24 10:18:07 ::1 GET /User/assets/pages/img/login/bg1.jpg - 51722 - ::1 Mozilla/5.0+(Windows+NT+10.0;+Win64;+x64)+AppleWebKit/537.36+(KHTML,+like+Gecko)+Chrome/63.0.3239.132+Safari/537.36 http://localhost:51722/User/LogOn 404 0 2 83
2018-01-24 10:18:08 ::1 GET /assets/pages/img/login/bg2.jpg - 51722 - ::1 Mozilla/5.0+(Windows+NT+10.0;+Win64;+x64)+AppleWebKit/537.36+(KHTML,+like+Gecko)+Chrome/63.0.3239.132+Safari/537.36 http://localhost:51722/User/LogOn 200 0 0 127
2018-01-24 10:18:08 ::1 GET /assets/pages/img/login/bg1.jpg - 51722 - ::1 Mozilla/5.0+(Windows+NT+10.0;+Win64;+x64)+AppleWebKit/537.36+(KHTML,+like+Gecko)+Chrome/63.0.3239.132+Safari/537.36 http://localhost:51722/User/LogOn 200 0 0 143
2018-01-24 10:18:08 ::1 GET /favicon.ico - 51722 - ::1 Mozilla/5.0+(Windows+NT+10.0;+Win64;+x64)+AppleWebKit/537.36+(KHTML,+like+Gecko)+Chrome/63.0.3239.132+Safari/537.36 http://localhost:51722/User/LogOn 200 0 0 57
2018-01-24 10:21:33 ::1 GET /User/LogOn - 51722 - ::1 Mozilla/5.0+(Windows+NT+10.0;+WOW64;+Trident/7.0;+rv:11.0)+like+Gecko - 200 0 0 9206
2018-01-24 10:21:33 ::1 GET /assets/pages/css/font.css - 51722 - ::1 Mozilla/5.0+(Windows+NT+10.0;+WOW64;+Trident/7.0;+rv:11.0)+like+Gecko http://localhost:51722/User/LogOn 200 0 0 42
2018-01-24 10:21:33 ::1 GET /assets/global/plugins/select2/css/select2-bootstrap.min.css - 51722 - ::1 Mozilla/5.0+(Windows+NT+10.0;+WOW64;+Trident/7.0;+rv:11.0)+like+Gecko http://localhost:51722/User/LogOn 200 0 0 69
2018-01-24 10:21:33 ::1 GET /assets/global/plugins/simple-line-icons/simple-line-icons.min.css - 51722 - ::1 Mozilla/5.0+(Windows+NT+10.0;+WOW64;+Trident/7.0;+rv:11.0)+like+Gecko http://localhost:51722/User/LogOn 200 0 0 95
2018-01-24 10:21:33 ::1 GET /assets/global/plugins/select2/css/select2.min.css - 51722 - ::1 Mozilla/5.0+(Windows+NT+10.0;+WOW64;+Trident/7.0;+rv:11.0)+like+Gecko http://localhost:51722/User/LogOn 200 0 0 115
2018-01-24 10:21:33 ::1 GET /assets/global/plugins/bootstrap-switch/css/bootstrap-switch.min.css - 51722 - ::1 Mozilla/5.0+(Windows+NT+10.0;+WOW64;+Trident/7.0;+rv:11.0)+like+Gecko http://localhost:51722/User/LogOn 200 0 0 135
2018-01-24 10:21:33 ::1 GET /assets/pages/css/login-5.min.css - 51722 - ::1 Mozilla/5.0+(Windows+NT+10.0;+WOW64;+Trident/7.0;+rv:11.0)+like+Gecko http://localhost:51722/User/LogOn 200 0 0 129
2018-01-24 10:21:33 ::1 GET /assets/global/css/plugins.min.css - 51722 - ::1 Mozilla/5.0+(Windows+NT+10.0;+WOW64;+Trident/7.0;+rv:11.0)+like+Gecko http://localhost:51722/User/LogOn 200 0 0 160
2018-01-24 10:21:33 ::1 GET /assets/global/plugins/jquery.min.js - 51722 - ::1 Mozilla/5.0+(Windows+NT+10.0;+WOW64;+Trident/7.0;+rv:11.0)+like+Gecko http://localhost:51722/User/LogOn 200 0 0 122
2018-01-24 10:21:33 ::1 GET /assets/global/plugins/bootstrap/css/bootstrap.min.css - 51722 - ::1 Mozilla/5.0+(Windows+NT+10.0;+WOW64;+Trident/7.0;+rv:11.0)+like+Gecko http://localhost:51722/User/LogOn 200 0 0 246
2018-01-24 10:21:33 ::1 GET /assets/global/plugins/bootstrap/js/bootstrap.min.js - 51722 - ::1 Mozilla/5.0+(Windows+NT+10.0;+WOW64;+Trident/7.0;+rv:11.0)+like+Gecko http://localhost:51722/User/LogOn 200 0 0 94
2018-01-24 10:21:33 ::1 GET /assets/global/plugins/js.cookie.min.js - 51722 - ::1 Mozilla/5.0+(Windows+NT+10.0;+WOW64;+Trident/7.0;+rv:11.0)+like+Gecko http://localhost:51722/User/LogOn 200 0 0 118
2018-01-24 10:21:33 ::1 GET /assets/global/plugins/bootstrap-switch/js/bootstrap-switch.min.js - 51722 - ::1 Mozilla/5.0+(Windows+NT+10.0;+WOW64;+Trident/7.0;+rv:11.0)+like+Gecko http://localhost:51722/User/LogOn 200 0 0 62
2018-01-24 10:21:33 ::1 GET /assets/global/plugins/jquery-slimscroll/jquery.slimscroll.min.js - 51722 - ::1 Mozilla/5.0+(Windows+NT+10.0;+WOW64;+Trident/7.0;+rv:11.0)+like+Gecko http://localhost:51722/User/LogOn 200 0 0 63
2018-01-24 10:21:33 ::1 GET /assets/global/plugins/jquery-validation/js/jquery.validate.min.js - 51722 - ::1 Mozilla/5.0+(Windows+NT+10.0;+WOW64;+Trident/7.0;+rv:11.0)+like+Gecko http://localhost:51722/User/LogOn 200 0 0 40
2018-01-24 10:21:33 ::1 GET /assets/global/plugins/jquery.blockui.min.js - 51722 - ::1 Mozilla/5.0+(Windows+NT+10.0;+WOW64;+Trident/7.0;+rv:11.0)+like+Gecko http://localhost:51722/User/LogOn 200 0 0 82
2018-01-24 10:21:33 ::1 GET /assets/global/plugins/jquery-validation/js/additional-methods.min.js - 51722 - ::1 Mozilla/5.0+(Windows+NT+10.0;+WOW64;+Trident/7.0;+rv:11.0)+like+Gecko http://localhost:51722/User/LogOn 200 0 0 136
2018-01-24 10:21:33 ::1 GET /assets/pages/scripts/login-5.min.js - 51722 - ::1 Mozilla/5.0+(Windows+NT+10.0;+WOW64;+Trident/7.0;+rv:11.0)+like+Gecko http://localhost:51722/User/LogOn 200 0 0 147
2018-01-24 10:21:33 ::1 GET /assets/global/plugins/select2/js/select2.full.min.js - 51722 - ::1 Mozilla/5.0+(Windows+NT+10.0;+WOW64;+Trident/7.0;+rv:11.0)+like+Gecko http://localhost:51722/User/LogOn 200 0 0 180
2018-01-24 10:21:33 ::1 GET /assets/global/scripts/app.min.js - 51722 - ::1 Mozilla/5.0+(Windows+NT+10.0;+WOW64;+Trident/7.0;+rv:11.0)+like+Gecko http://localhost:51722/User/LogOn 200 0 0 195
2018-01-24 10:21:33 ::1 GET /assets/global/plugins/backstretch/jquery.backstretch.min.js - 51722 - ::1 Mozilla/5.0+(Windows+NT+10.0;+WOW64;+Trident/7.0;+rv:11.0)+like+Gecko http://localhost:51722/User/LogOn 200 0 0 211
2018-01-24 10:21:33 ::1 GET /images/logo_1.png - 51722 - ::1 Mozilla/5.0+(Windows+NT+10.0;+WOW64;+Trident/7.0;+rv:11.0)+like+Gecko http://localhost:51722/User/LogOn 200 0 0 83
2018-01-24 10:21:33 ::1 GET /Images/sign-in-light.png - 51722 - ::1 Mozilla/5.0+(Windows+NT+10.0;+WOW64;+Trident/7.0;+rv:11.0)+like+Gecko http://localhost:51722/User/LogOn 200 0 0 87
2018-01-24 10:21:36 ::1 GET /assets/global/css/components.min.css - 51722 - ::1 Mozilla/5.0+(Windows+NT+10.0;+WOW64;+Trident/7.0;+rv:11.0)+like+Gecko http://localhost:51722/User/LogOn 200 0 0 2959
2018-01-24 10:21:36 ::1 GET /assets/global/img/remove-icon-small.png - 51722 - ::1 Mozilla/5.0+(Windows+NT+10.0;+WOW64;+Trident/7.0;+rv:11.0)+like+Gecko http://localhost:51722/User/LogOn 404 0 2 35
2018-01-24 10:21:38 ::1 GET /User/assets/pages/img/login/bg1.jpg - 51722 - ::1 Mozilla/5.0+(Windows+NT+10.0;+WOW64;+Trident/7.0;+rv:11.0)+like+Gecko http://localhost:51722/User/LogOn 404 0 2 4
2018-01-24 10:21:38 ::1 GET /assets/pages/img/login/bg2.jpg - 51722 - ::1 Mozilla/5.0+(Windows+NT+10.0;+WOW64;+Trident/7.0;+rv:11.0)+like+Gecko http://localhost:51722/User/LogOn 200 0 0 529
2018-01-24 10:21:38 ::1 GET /assets/pages/img/login/bg1.jpg - 51722 - ::1 Mozilla/5.0+(Windows+NT+10.0;+WOW64;+Trident/7.0;+rv:11.0)+like+Gecko http://localhost:51722/User/LogOn 200 0 0 819
2018-01-24 10:21:41 ::1 GET /favicon.ico - 51722 - ::1 Mozilla/5.0+(Windows+NT+10.0;+WOW64;+Trident/7.0;+rv:11.0)+like+Gecko - 200 0 0 38
2018-01-24 10:22:39 ::1 POST /User/LogOn - 51722 - ::1 Mozilla/5.0+(Windows+NT+10.0;+WOW64;+Trident/7.0;+rv:11.0)+like+Gecko http://localhost:51722/User/LogOn 302 0 0 44737
2018-01-24 10:27:33 ::1 GET / - 51722 qcemployee7.gorilla@gmail.com ::1 Mozilla/5.0+(Windows+NT+10.0;+WOW64;+Trident/7.0;+rv:11.0)+like+Gecko http://localhost:51722/User/LogOn 200 0 0 294489
2018-01-24 10:27:33 ::1 GET /images/icons/paper_pencil_48.png - 51722 - ::1 Mozilla/5.0+(Windows+NT+10.0;+WOW64;+Trident/7.0;+rv:11.0)+like+Gecko http://localhost:51722/ 200 0 0 265
2018-01-24 10:27:33 ::1 GET /images/icons/pie_chart_48.png - 51722 - ::1 Mozilla/5.0+(Windows+NT+10.0;+WOW64;+Trident/7.0;+rv:11.0)+like+Gecko http://localhost:51722/ 200 0 0 266
2018-01-24 10:27:33 ::1 GET /Images/icons/cross.png - 51722 - ::1 Mozilla/5.0+(Windows+NT+10.0;+WOW64;+Trident/7.0;+rv:11.0)+like+Gecko http://localhost:51722/ 200 0 0 272
2018-01-24 10:27:33 ::1 GET /images/icons/add_48.png - 51722 - ::1 Mozilla/5.0+(Windows+NT+10.0;+WOW64;+Trident/7.0;+rv:11.0)+like+Gecko http://localhost:51722/ 200 0 0 272
2018-01-24 10:27:33 ::1 GET /images/icons/home_48.png - 51722 - ::1 Mozilla/5.0+(Windows+NT+10.0;+WOW64;+Trident/7.0;+rv:11.0)+like+Gecko http://localhost:51722/ 200 0 0 331
2018-01-24 10:27:33 ::1 GET /Scripts/SiteLayoutPageForMasters-js v=Vlht4Qfm39Ck0shiJ4B7sBubUC4endoFXvVzayLHKnU1 51722 qcemployee7.gorilla@gmail.com ::1 Mozilla/5.0+(Windows+NT+10.0;+WOW64;+Trident/7.0;+rv:11.0)+like+Gecko http://localhost:51722/ 200 0 0 394
2018-01-24 10:27:33 ::1 GET /css/SiteLayoutPageForMasters-css v=AiRVo7cUBIiFwkQbOe4g2dRTXv-JAaPIqf7ujTO86-o1 51722 qcemployee7.gorilla@gmail.com ::1 Mozilla/5.0+(Windows+NT+10.0;+WOW64;+Trident/7.0;+rv:11.0)+like+Gecko http://localhost:51722/ 200 0 0 132
2018-01-24 10:27:35 ::1 GET /images/shortcut-button-bg.gif - 51722 - ::1 Mozilla/5.0+(Windows+NT+10.0;+WOW64;+Trident/7.0;+rv:11.0)+like+Gecko http://localhost:51722/ 200 0 0 147
2018-01-24 10:37:35 ::1 GET /images/ui-bg_flat_0_aaaaaa_40x100.png - 51722 - ::1 Mozilla/5.0+(Windows+NT+10.0;+WOW64;+Trident/7.0;+rv:11.0)+like+Gecko http://localhost:51722/ 200 0 0 50
2018-01-24 10:37:35 ::1 GET /images/ui-bg_flat_75_ffffff_40x100.png - 51722 - ::1 Mozilla/5.0+(Windows+NT+10.0;+WOW64;+Trident/7.0;+rv:11.0)+like+Gecko http://localhost:51722/ 200 0 0 50
2018-01-24 10:37:35 ::1 GET /images/ui-icons_222222_256x240.png - 51722 - ::1 Mozilla/5.0+(Windows+NT+10.0;+WOW64;+Trident/7.0;+rv:11.0)+like+Gecko http://localhost:51722/ 200 0 0 78
2018-01-24 10:42:35 ::1 GET /User/LogOut - 51722 - ::1 Mozilla/5.0+(Windows+NT+10.0;+WOW64;+Trident/7.0;+rv:11.0)+like+Gecko http://localhost:51722/ 302 0 0 210
2018-01-24 10:42:35 ::1 GET / - 51722 - ::1 Mozilla/5.0+(Windows+NT+10.0;+WOW64;+Trident/7.0;+rv:11.0)+like+Gecko http://localhost:51722/ 302 0 0 31
