#Software: Microsoft Internet Information Services 8.0
#Version: 1.0
#Date: 2018-04-09 09:03:22
#Fields: date time s-ip cs-method cs-uri-stem cs-uri-query s-port cs-username c-ip cs(User-Agent) cs(Referer) sc-status sc-substatus sc-win32-status time-taken
2018-04-09 09:03:21 ::1 GET / - 51722 - ::1 Mozilla/5.0+(Windows+NT+10.0;+Win64;+x64)+AppleWebKit/537.36+(KHTML,+like+Gecko)+Chrome/65.0.3325.181+Safari/537.36 - 302 0 0 59277
2018-04-09 09:03:29 ::1 GET /User/LogOn - 51722 - ::1 Mozilla/5.0+(Windows+NT+10.0;+Win64;+x64)+AppleWebKit/537.36+(KHTML,+like+Gecko)+Chrome/65.0.3325.181+Safari/537.36 - 200 0 0 7127
2018-04-09 09:03:29 ::1 GET /assets/global/plugins/simple-line-icons/simple-line-icons.min.css - 51722 - ::1 Mozilla/5.0+(Windows+NT+10.0;+Win64;+x64)+AppleWebKit/537.36+(KHTML,+like+Gecko)+Chrome/65.0.3325.181+Safari/537.36 http://localhost:51722/User/LogOn 200 0 0 72
2018-04-09 09:03:29 ::1 GET /assets/pages/css/font.css - 51722 - ::1 Mozilla/5.0+(Windows+NT+10.0;+Win64;+x64)+AppleWebKit/537.36+(KHTML,+like+Gecko)+Chrome/65.0.3325.181+Safari/537.36 http://localhost:51722/User/LogOn 200 0 0 101
2018-04-09 09:03:29 ::1 GET /assets/global/plugins/select2/css/select2-bootstrap.min.css - 51722 - ::1 Mozilla/5.0+(Windows+NT+10.0;+Win64;+x64)+AppleWebKit/537.36+(KHTML,+like+Gecko)+Chrome/65.0.3325.181+Safari/537.36 http://localhost:51722/User/LogOn 200 0 0 148
2018-04-09 09:03:29 ::1 GET /assets/global/plugins/bootstrap-switch/css/bootstrap-switch.min.css - 51722 - ::1 Mozilla/5.0+(Windows+NT+10.0;+Win64;+x64)+AppleWebKit/537.36+(KHTML,+like+Gecko)+Chrome/65.0.3325.181+Safari/537.36 http://localhost:51722/User/LogOn 200 0 0 179
2018-04-09 09:03:29 ::1 GET /assets/global/plugins/select2/css/select2.min.css - 51722 - ::1 Mozilla/5.0+(Windows+NT+10.0;+Win64;+x64)+AppleWebKit/537.36+(KHTML,+like+Gecko)+Chrome/65.0.3325.181+Safari/537.36 http://localhost:51722/User/LogOn 200 0 0 193
2018-04-09 09:03:29 ::1 GET /assets/pages/css/login-5.min.css - 51722 - ::1 Mozilla/5.0+(Windows+NT+10.0;+Win64;+x64)+AppleWebKit/537.36+(KHTML,+like+Gecko)+Chrome/65.0.3325.181+Safari/537.36 http://localhost:51722/User/LogOn 200 0 0 94
2018-04-09 09:03:29 ::1 GET /assets/global/plugins/bootstrap/css/bootstrap.min.css - 51722 - ::1 Mozilla/5.0+(Windows+NT+10.0;+Win64;+x64)+AppleWebKit/537.36+(KHTML,+like+Gecko)+Chrome/65.0.3325.181+Safari/537.36 http://localhost:51722/User/LogOn 200 0 0 352
2018-04-09 09:03:29 ::1 GET /assets/global/css/plugins.min.css - 51722 - ::1 Mozilla/5.0+(Windows+NT+10.0;+Win64;+x64)+AppleWebKit/537.36+(KHTML,+like+Gecko)+Chrome/65.0.3325.181+Safari/537.36 http://localhost:51722/User/LogOn 200 0 0 268
2018-04-09 09:03:29 ::1 GET /assets/global/css/components.min.css - 51722 - ::1 Mozilla/5.0+(Windows+NT+10.0;+Win64;+x64)+AppleWebKit/537.36+(KHTML,+like+Gecko)+Chrome/65.0.3325.181+Safari/537.36 http://localhost:51722/User/LogOn 200 0 0 326
2018-04-09 09:03:29 ::1 GET /images/logo_1.png - 51722 - ::1 Mozilla/5.0+(Windows+NT+10.0;+Win64;+x64)+AppleWebKit/537.36+(KHTML,+like+Gecko)+Chrome/65.0.3325.181+Safari/537.36 http://localhost:51722/User/LogOn 200 0 0 21
2018-04-09 09:03:29 ::1 GET /Images/sign-in-light.png - 51722 - ::1 Mozilla/5.0+(Windows+NT+10.0;+Win64;+x64)+AppleWebKit/537.36+(KHTML,+like+Gecko)+Chrome/65.0.3325.181+Safari/537.36 http://localhost:51722/User/LogOn 200 0 0 31
2018-04-09 09:03:29 ::1 GET /User/assets/pages/img/login/bg1.jpg - 51722 - ::1 Mozilla/5.0+(Windows+NT+10.0;+Win64;+x64)+AppleWebKit/537.36+(KHTML,+like+Gecko)+Chrome/65.0.3325.181+Safari/537.36 http://localhost:51722/User/LogOn 404 0 2 22
2018-04-09 09:03:30 ::1 GET /assets/pages/img/login/bg1.jpg - 51722 - ::1 Mozilla/5.0+(Windows+NT+10.0;+Win64;+x64)+AppleWebKit/537.36+(KHTML,+like+Gecko)+Chrome/65.0.3325.181+Safari/537.36 http://localhost:51722/User/LogOn 200 0 0 116
2018-04-09 09:03:30 ::1 GET /assets/pages/img/login/bg2.jpg - 51722 - ::1 Mozilla/5.0+(Windows+NT+10.0;+Win64;+x64)+AppleWebKit/537.36+(KHTML,+like+Gecko)+Chrome/65.0.3325.181+Safari/537.36 http://localhost:51722/User/LogOn 200 0 0 218
#Software: Microsoft Internet Information Services 8.0
#Version: 1.0
#Date: 2018-04-09 13:27:57
#Fields: date time s-ip cs-method cs-uri-stem cs-uri-query s-port cs-username c-ip cs(User-Agent) cs(Referer) sc-status sc-substatus sc-win32-status time-taken
2018-04-09 13:27:57 ::1 GET / - 51722 - ::1 Mozilla/5.0+(Windows+NT+10.0;+Win64;+x64)+AppleWebKit/537.36+(KHTML,+like+Gecko)+Chrome/65.0.3325.181+Safari/537.36 - 302 0 0 74619
2018-04-09 13:28:05 ::1 GET /User/LogOn - 51722 - ::1 Mozilla/5.0+(Windows+NT+10.0;+Win64;+x64)+AppleWebKit/537.36+(KHTML,+like+Gecko)+Chrome/65.0.3325.181+Safari/537.36 - 200 0 0 8079
2018-04-09 13:28:06 ::1 GET /User/assets/pages/img/login/bg1.jpg - 51722 - ::1 Mozilla/5.0+(Windows+NT+10.0;+Win64;+x64)+AppleWebKit/537.36+(KHTML,+like+Gecko)+Chrome/65.0.3325.181+Safari/537.36 http://localhost:51722/User/LogOn 404 0 2 9
#Software: Microsoft Internet Information Services 8.0
#Version: 1.0
#Date: 2018-04-09 14:05:51
#Fields: date time s-ip cs-method cs-uri-stem cs-uri-query s-port cs-username c-ip cs(User-Agent) cs(Referer) sc-status sc-substatus sc-win32-status time-taken
2018-04-09 14:05:51 ::1 POST /User/LogOn - 51722 - ::1 Mozilla/5.0+(Windows+NT+10.0;+Win64;+x64)+AppleWebKit/537.36+(KHTML,+like+Gecko)+Chrome/65.0.3325.181+Safari/537.36 http://localhost:51722/User/LogOn 302 0 0 40757
2018-04-09 14:07:23 ::1 GET / - 51722 qcemployee7.gorilla@gmail.com ::1 Mozilla/5.0+(Windows+NT+10.0;+Win64;+x64)+AppleWebKit/537.36+(KHTML,+like+Gecko)+Chrome/65.0.3325.181+Safari/537.36 http://localhost:51722/User/LogOn 200 0 0 91835
2018-04-09 14:07:23 ::1 GET /css/SiteLayoutPageForMasters-css v=tYCFPUvfhMe1vmZxcbcDA87hINYJdoZqWZmrS9VAazU1 51722 qcemployee7.gorilla@gmail.com ::1 Mozilla/5.0+(Windows+NT+10.0;+Win64;+x64)+AppleWebKit/537.36+(KHTML,+like+Gecko)+Chrome/65.0.3325.181+Safari/537.36 http://localhost:51722/ 200 0 0 152
2018-04-09 14:07:23 ::1 GET /Scripts/SiteLayoutPageForMasters-js v=NMauVSy_gT5RAxxlGvKHHiQU4fD1J3tKXjMwy7O32kM1 51722 qcemployee7.gorilla@gmail.com ::1 Mozilla/5.0+(Windows+NT+10.0;+Win64;+x64)+AppleWebKit/537.36+(KHTML,+like+Gecko)+Chrome/65.0.3325.181+Safari/537.36 http://localhost:51722/ 200 0 0 169
2018-04-09 14:07:23 ::1 GET /images/icons/home_48.png - 51722 - ::1 Mozilla/5.0+(Windows+NT+10.0;+Win64;+x64)+AppleWebKit/537.36+(KHTML,+like+Gecko)+Chrome/65.0.3325.181+Safari/537.36 http://localhost:51722/ 200 0 0 358
2018-04-09 14:07:24 ::1 GET /images/icons/exclamation.png - 51722 - ::1 Mozilla/5.0+(Windows+NT+10.0;+Win64;+x64)+AppleWebKit/537.36+(KHTML,+like+Gecko)+Chrome/65.0.3325.181+Safari/537.36 http://localhost:51722/css/SiteLayoutPageForMasters-css?v=tYCFPUvfhMe1vmZxcbcDA87hINYJdoZqWZmrS9VAazU1 200 0 0 120
2018-04-09 14:07:24 ::1 GET /images/icons/pie_chart_48.png - 51722 - ::1 Mozilla/5.0+(Windows+NT+10.0;+Win64;+x64)+AppleWebKit/537.36+(KHTML,+like+Gecko)+Chrome/65.0.3325.181+Safari/537.36 http://localhost:51722/ 200 0 0 248
2018-04-09 14:07:24 ::1 GET /images/icons/paper_pencil_48.png - 51722 - ::1 Mozilla/5.0+(Windows+NT+10.0;+Win64;+x64)+AppleWebKit/537.36+(KHTML,+like+Gecko)+Chrome/65.0.3325.181+Safari/537.36 http://localhost:51722/ 200 0 0 250
2018-04-09 14:07:24 ::1 GET /images/icons/add_48.png - 51722 - ::1 Mozilla/5.0+(Windows+NT+10.0;+Win64;+x64)+AppleWebKit/537.36+(KHTML,+like+Gecko)+Chrome/65.0.3325.181+Safari/537.36 http://localhost:51722/ 200 0 0 251
2018-04-09 14:07:24 ::1 GET /images/shortcut-button-bg.gif - 51722 - ::1 Mozilla/5.0+(Windows+NT+10.0;+Win64;+x64)+AppleWebKit/537.36+(KHTML,+like+Gecko)+Chrome/65.0.3325.181+Safari/537.36 http://localhost:51722/css/SiteLayoutPageForMasters-css?v=tYCFPUvfhMe1vmZxcbcDA87hINYJdoZqWZmrS9VAazU1 200 0 0 342
#Software: Microsoft Internet Information Services 8.0
#Version: 1.0
#Date: 2018-04-09 14:31:43
#Fields: date time s-ip cs-method cs-uri-stem cs-uri-query s-port cs-username c-ip cs(User-Agent) cs(Referer) sc-status sc-substatus sc-win32-status time-taken
2018-04-09 14:31:43 ::1 GET / - 51722 - ::1 Mozilla/5.0+(Windows+NT+10.0;+Win64;+x64)+AppleWebKit/537.36+(KHTML,+like+Gecko)+Chrome/65.0.3325.181+Safari/537.36 - 302 0 0 42201
2018-04-09 14:31:50 ::1 GET /User/LogOn - 51722 - ::1 Mozilla/5.0+(Windows+NT+10.0;+Win64;+x64)+AppleWebKit/537.36+(KHTML,+like+Gecko)+Chrome/65.0.3325.181+Safari/537.36 - 200 0 0 6698
2018-04-09 14:31:50 ::1 GET /User/assets/pages/img/login/bg1.jpg - 51722 - ::1 Mozilla/5.0+(Windows+NT+10.0;+Win64;+x64)+AppleWebKit/537.36+(KHTML,+like+Gecko)+Chrome/65.0.3325.181+Safari/537.36 http://localhost:51722/User/LogOn 404 0 2 110
2018-04-09 14:34:19 ::1 POST /User/LogOn - 51722 - ::1 Mozilla/5.0+(Windows+NT+10.0;+Win64;+x64)+AppleWebKit/537.36+(KHTML,+like+Gecko)+Chrome/65.0.3325.181+Safari/537.36 http://localhost:51722/User/LogOn 302 0 0 16157
2018-04-09 14:34:31 ::1 GET / - 51722 qcemployee7.gorilla@gmail.com ::1 Mozilla/5.0+(Windows+NT+10.0;+Win64;+x64)+AppleWebKit/537.36+(KHTML,+like+Gecko)+Chrome/65.0.3325.181+Safari/537.36 http://localhost:51722/User/LogOn 200 0 0 12241
2018-04-09 14:35:48 ::1 GET /ReceiptBox - 51722 qcemployee7.gorilla@gmail.com ::1 Mozilla/5.0+(Windows+NT+10.0;+Win64;+x64)+AppleWebKit/537.36+(KHTML,+like+Gecko)+Chrome/65.0.3325.181+Safari/537.36 http://localhost:51722/ 200 0 0 54315
2018-04-09 14:35:48 ::1 GET /Scripts/jquery.mousewheel-3.0.6.pack.js - 51722 - ::1 Mozilla/5.0+(Windows+NT+10.0;+Win64;+x64)+AppleWebKit/537.36+(KHTML,+like+Gecko)+Chrome/65.0.3325.181+Safari/537.36 http://localhost:51722/ReceiptBox 200 0 0 127
2018-04-09 14:35:48 ::1 GET /Content/jquery.fancybox.css - 51722 - ::1 Mozilla/5.0+(Windows+NT+10.0;+Win64;+x64)+AppleWebKit/537.36+(KHTML,+like+Gecko)+Chrome/65.0.3325.181+Safari/537.36 http://localhost:51722/ReceiptBox 200 0 0 120
2018-04-09 14:35:48 ::1 GET /Content/RecieptBox.css - 51722 - ::1 Mozilla/5.0+(Windows+NT+10.0;+Win64;+x64)+AppleWebKit/537.36+(KHTML,+like+Gecko)+Chrome/65.0.3325.181+Safari/537.36 http://localhost:51722/ReceiptBox 200 0 0 137
2018-04-09 14:35:48 ::1 GET /Content/jquery.qtip.min.css - 51722 - ::1 Mozilla/5.0+(Windows+NT+10.0;+Win64;+x64)+AppleWebKit/537.36+(KHTML,+like+Gecko)+Chrome/65.0.3325.181+Safari/537.36 http://localhost:51722/ReceiptBox 200 0 0 137
2018-04-09 14:35:48 ::1 GET /Scripts/jquery.loading.1.6.4.js - 51722 - ::1 Mozilla/5.0+(Windows+NT+10.0;+Win64;+x64)+AppleWebKit/537.36+(KHTML,+like+Gecko)+Chrome/65.0.3325.181+Safari/537.36 http://localhost:51722/ReceiptBox 200 0 0 144
2018-04-09 14:35:48 ::1 GET /Scripts/jQueryRotate.js - 51722 - ::1 Mozilla/5.0+(Windows+NT+10.0;+Win64;+x64)+AppleWebKit/537.36+(KHTML,+like+Gecko)+Chrome/65.0.3325.181+Safari/537.36 http://localhost:51722/ReceiptBox 200 0 0 149
2018-04-09 14:35:48 ::1 GET /Scripts/jquery.twbsPagination.js - 51722 - ::1 Mozilla/5.0+(Windows+NT+10.0;+Win64;+x64)+AppleWebKit/537.36+(KHTML,+like+Gecko)+Chrome/65.0.3325.181+Safari/537.36 http://localhost:51722/ReceiptBox 200 0 0 152
2018-04-09 14:35:48 ::1 GET /Scripts/jquery.imgcheckbox.js - 51722 - ::1 Mozilla/5.0+(Windows+NT+10.0;+Win64;+x64)+AppleWebKit/537.36+(KHTML,+like+Gecko)+Chrome/65.0.3325.181+Safari/537.36 http://localhost:51722/ReceiptBox 200 0 0 243
2018-04-09 14:35:48 ::1 GET /Scripts/jquery.qtip.min.js - 51722 - ::1 Mozilla/5.0+(Windows+NT+10.0;+Win64;+x64)+AppleWebKit/537.36+(KHTML,+like+Gecko)+Chrome/65.0.3325.181+Safari/537.36 http://localhost:51722/ReceiptBox 200 0 0 346
2018-04-09 14:35:48 ::1 GET /Images/next.png - 51722 - ::1 Mozilla/5.0+(Windows+NT+10.0;+Win64;+x64)+AppleWebKit/537.36+(KHTML,+like+Gecko)+Chrome/65.0.3325.181+Safari/537.36 http://localhost:51722/ReceiptBox 200 0 0 65
2018-04-09 14:35:48 ::1 GET /Images/first.png - 51722 - ::1 Mozilla/5.0+(Windows+NT+10.0;+Win64;+x64)+AppleWebKit/537.36+(KHTML,+like+Gecko)+Chrome/65.0.3325.181+Safari/537.36 http://localhost:51722/ReceiptBox 200 0 0 118
2018-04-09 14:35:48 ::1 GET /Images/prev.png - 51722 - ::1 Mozilla/5.0+(Windows+NT+10.0;+Win64;+x64)+AppleWebKit/537.36+(KHTML,+like+Gecko)+Chrome/65.0.3325.181+Safari/537.36 http://localhost:51722/ReceiptBox 200 0 0 118
2018-04-09 14:35:48 ::1 GET /Scripts/jquery.fancybox.js - 51722 - ::1 Mozilla/5.0+(Windows+NT+10.0;+Win64;+x64)+AppleWebKit/537.36+(KHTML,+like+Gecko)+Chrome/65.0.3325.181+Safari/537.36 http://localhost:51722/ReceiptBox 200 0 0 541
2018-04-09 14:35:48 ::1 GET /Images/last.png - 51722 - ::1 Mozilla/5.0+(Windows+NT+10.0;+Win64;+x64)+AppleWebKit/537.36+(KHTML,+like+Gecko)+Chrome/65.0.3325.181+Safari/537.36 http://localhost:51722/ReceiptBox 200 0 0 61
2018-04-09 14:35:48 ::1 GET /images/bg-form-field.gif - 51722 - ::1 Mozilla/5.0+(Windows+NT+10.0;+Win64;+x64)+AppleWebKit/537.36+(KHTML,+like+Gecko)+Chrome/65.0.3325.181+Safari/537.36 http://localhost:51722/ReceiptBox 200 0 0 7
2018-04-09 14:36:40 ::1 GET /ReceiptBox page=2&NumberOfRecords=25&currentTab=0&day=30 51722 qcemployee7.gorilla@gmail.com ::1 Mozilla/5.0+(Windows+NT+10.0;+Win64;+x64)+AppleWebKit/537.36+(KHTML,+like+Gecko)+Chrome/65.0.3325.181+Safari/537.36 http://localhost:51722/ReceiptBox 200 0 0 35762
2018-04-09 14:36:51 ::1 POST /ReceiptBox/SelectPDFList/ - 51722 qcemployee7.gorilla@gmail.com ::1 Mozilla/5.0+(Windows+NT+10.0;+Win64;+x64)+AppleWebKit/537.36+(KHTML,+like+Gecko)+Chrome/65.0.3325.181+Safari/537.36 http://localhost:51722/ReceiptBox?page=2&NumberOfRecords=25&currentTab=0&day=30 200 0 0 100
2018-04-09 14:36:53 ::1 POST /ReceiptBox/SelectPDFList/ - 51722 qcemployee7.gorilla@gmail.com ::1 Mozilla/5.0+(Windows+NT+10.0;+Win64;+x64)+AppleWebKit/537.36+(KHTML,+like+Gecko)+Chrome/65.0.3325.181+Safari/537.36 http://localhost:51722/ReceiptBox?page=2&NumberOfRecords=25&currentTab=0&day=30 200 0 0 6
2018-04-09 14:36:59 ::1 GET /images/ui-bg_flat_75_ffffff_40x100.png - 51722 - ::1 Mozilla/5.0+(Windows+NT+10.0;+Win64;+x64)+AppleWebKit/537.36+(KHTML,+like+Gecko)+Chrome/65.0.3325.181+Safari/537.36 http://localhost:51722/css/SiteLayoutPageForMasters-css?v=tYCFPUvfhMe1vmZxcbcDA87hINYJdoZqWZmrS9VAazU1 200 0 0 8
2018-04-09 14:36:59 ::1 GET /images/ui-icons_222222_256x240.png - 51722 - ::1 Mozilla/5.0+(Windows+NT+10.0;+Win64;+x64)+AppleWebKit/537.36+(KHTML,+like+Gecko)+Chrome/65.0.3325.181+Safari/537.36 http://localhost:51722/css/SiteLayoutPageForMasters-css?v=tYCFPUvfhMe1vmZxcbcDA87hINYJdoZqWZmrS9VAazU1 200 0 0 31
2018-04-09 14:36:59 ::1 GET /images/ui-bg_flat_0_aaaaaa_40x100.png - 51722 - ::1 Mozilla/5.0+(Windows+NT+10.0;+Win64;+x64)+AppleWebKit/537.36+(KHTML,+like+Gecko)+Chrome/65.0.3325.181+Safari/537.36 http://localhost:51722/css/SiteLayoutPageForMasters-css?v=tYCFPUvfhMe1vmZxcbcDA87hINYJdoZqWZmrS9VAazU1 200 0 0 18
2018-04-09 14:37:13 ::1 GET /ReceiptBox/ArrangeReceiptsPopup - 51722 qcemployee7.gorilla@gmail.com ::1 Mozilla/5.0+(Windows+NT+10.0;+Win64;+x64)+AppleWebKit/537.36+(KHTML,+like+Gecko)+Chrome/65.0.3325.181+Safari/537.36 http://localhost:51722/ReceiptBox?page=2&NumberOfRecords=25&currentTab=0&day=30 200 0 0 14222
2018-04-09 14:37:13 ::1 GET /Scripts/jquery.mousewheel-3.0.6.pack.js _=1523284633973 51722 - ::1 Mozilla/5.0+(Windows+NT+10.0;+Win64;+x64)+AppleWebKit/537.36+(KHTML,+like+Gecko)+Chrome/65.0.3325.181+Safari/537.36 http://localhost:51722/ReceiptBox?page=2&NumberOfRecords=25&currentTab=0&day=30 200 0 0 28
2018-04-09 14:37:13 ::1 GET /Scripts/jQueryRotate.js _=1523284634007 51722 - ::1 Mozilla/5.0+(Windows+NT+10.0;+Win64;+x64)+AppleWebKit/537.36+(KHTML,+like+Gecko)+Chrome/65.0.3325.181+Safari/537.36 http://localhost:51722/ReceiptBox?page=2&NumberOfRecords=25&currentTab=0&day=30 200 0 0 86
2018-04-09 14:37:13 ::1 GET /Scripts/jquery.twbsPagination.js _=1523284634100 51722 - ::1 Mozilla/5.0+(Windows+NT+10.0;+Win64;+x64)+AppleWebKit/537.36+(KHTML,+like+Gecko)+Chrome/65.0.3325.181+Safari/537.36 http://localhost:51722/ReceiptBox?page=2&NumberOfRecords=25&currentTab=0&day=30 200 0 0 38
2018-04-09 14:37:13 ::1 GET /Scripts/jquery.qtip.min.js _=1523284634143 51722 - ::1 Mozilla/5.0+(Windows+NT+10.0;+Win64;+x64)+AppleWebKit/537.36+(KHTML,+like+Gecko)+Chrome/65.0.3325.181+Safari/537.36 http://localhost:51722/ReceiptBox?page=2&NumberOfRecords=25&currentTab=0&day=30 200 0 0 42
2018-04-09 14:37:13 ::1 GET /Scripts/jquery.imgcheckbox.js _=1523284634200 51722 - ::1 Mozilla/5.0+(Windows+NT+10.0;+Win64;+x64)+AppleWebKit/537.36+(KHTML,+like+Gecko)+Chrome/65.0.3325.181+Safari/537.36 http://localhost:51722/ReceiptBox?page=2&NumberOfRecords=25&currentTab=0&day=30 200 0 0 60
2018-04-09 14:37:32 ::1 GET /ReceiptBox/ReceiptBoxPdfPreview receiptPath=https://az727460.vo.msecnd.net/cdn/receiptuploads/gorillaproqc1/qcemployee7.gorilla@gmail.com/04092018101610942407AM_04092018101610942407AM.jpg,https://az727460.vo.msecnd.net/cdn/receiptuploads/gorillaproqc1/qcemployee7.gorilla@gmail.com/04092018101723333252AM_04092018101723333252AM.pdf, 51722 qcemployee7.gorilla@gmail.com ::1 Mozilla/5.0+(Windows+NT+10.0;+Win64;+x64)+AppleWebKit/537.36+(KHTML,+like+Gecko)+Chrome/65.0.3325.181+Safari/537.36 http://localhost:51722/ReceiptBox?page=2&NumberOfRecords=25&currentTab=0&day=30 200 0 0 11734
2018-04-09 14:37:32 ::1 GET /PDF/ReceiptBox732.pdf - 51722 qcemployee7.gorilla@gmail.com ::1 Mozilla/5.0+(Windows+NT+10.0;+Win64;+x64)+AppleWebKit/537.36+(KHTML,+like+Gecko)+Chrome/65.0.3325.181+Safari/537.36 http://localhost:51722/ReceiptBox?page=2&NumberOfRecords=25&currentTab=0&day=30 200 0 0 188
2018-04-09 14:37:38 ::1 GET /images/ui-icons_454545_256x240.png - 51722 - ::1 Mozilla/5.0+(Windows+NT+10.0;+Win64;+x64)+AppleWebKit/537.36+(KHTML,+like+Gecko)+Chrome/65.0.3325.181+Safari/537.36 http://localhost:51722/css/SiteLayoutPageForMasters-css?v=tYCFPUvfhMe1vmZxcbcDA87hINYJdoZqWZmrS9VAazU1 200 0 0 45
2018-04-09 14:37:38 ::1 GET /PDF/ReceiptBox732.pdf - 51722 qcemployee7.gorilla@gmail.com ::1 Mozilla/5.0+(Windows+NT+10.0;+Win64;+x64)+AppleWebKit/537.36+(KHTML,+like+Gecko)+Chrome/65.0.3325.181+Safari/537.36 http://localhost:51722/ReceiptBox?page=2&NumberOfRecords=25&currentTab=0&day=30 200 0 64 31
2018-04-09 14:38:03 ::1 GET /ReceiptBox page=2&NumberOfRecords=25&currentTab=0&day=30 51722 qcemployee7.gorilla@gmail.com ::1 Mozilla/5.0+(Windows+NT+10.0;+Win64;+x64)+AppleWebKit/537.36+(KHTML,+like+Gecko)+Chrome/65.0.3325.181+Safari/537.36 http://localhost:51722/ReceiptBox 200 0 0 17701
2018-04-09 14:38:03 ::1 GET /favicon.ico - 51722 - ::1 Mozilla/5.0+(Windows+NT+10.0;+Win64;+x64)+AppleWebKit/537.36+(KHTML,+like+Gecko)+Chrome/65.0.3325.181+Safari/537.36 http://localhost:51722/ReceiptBox?page=2&NumberOfRecords=25&currentTab=0&day=30 200 0 0 62
2018-04-09 14:38:35 ::1 POST /ReceiptBox/SelectPDFList/ - 51722 qcemployee7.gorilla@gmail.com ::1 Mozilla/5.0+(Windows+NT+10.0;+Win64;+x64)+AppleWebKit/537.36+(KHTML,+like+Gecko)+Chrome/65.0.3325.181+Safari/537.36 http://localhost:51722/ReceiptBox?page=2&NumberOfRecords=25&currentTab=0&day=30 200 0 0 8
2018-04-09 14:38:36 ::1 POST /ReceiptBox/SelectPDFList/ - 51722 qcemployee7.gorilla@gmail.com ::1 Mozilla/5.0+(Windows+NT+10.0;+Win64;+x64)+AppleWebKit/537.36+(KHTML,+like+Gecko)+Chrome/65.0.3325.181+Safari/537.36 http://localhost:51722/ReceiptBox?page=2&NumberOfRecords=25&currentTab=0&day=30 200 0 0 12
2018-04-09 14:38:41 ::1 GET /ReceiptBox/ArrangeReceiptsPopup - 51722 qcemployee7.gorilla@gmail.com ::1 Mozilla/5.0+(Windows+NT+10.0;+Win64;+x64)+AppleWebKit/537.36+(KHTML,+like+Gecko)+Chrome/65.0.3325.181+Safari/537.36 http://localhost:51722/ReceiptBox?page=2&NumberOfRecords=25&currentTab=0&day=30 200 0 0 3338
2018-04-09 14:38:41 ::1 GET /Scripts/jquery.mousewheel-3.0.6.pack.js _=1523284721550 51722 - ::1 Mozilla/5.0+(Windows+NT+10.0;+Win64;+x64)+AppleWebKit/537.36+(KHTML,+like+Gecko)+Chrome/65.0.3325.181+Safari/537.36 http://localhost:51722/ReceiptBox?page=2&NumberOfRecords=25&currentTab=0&day=30 200 0 0 22
2018-04-09 14:38:41 ::1 GET /Scripts/jQueryRotate.js _=1523284721577 51722 - ::1 Mozilla/5.0+(Windows+NT+10.0;+Win64;+x64)+AppleWebKit/537.36+(KHTML,+like+Gecko)+Chrome/65.0.3325.181+Safari/537.36 http://localhost:51722/ReceiptBox?page=2&NumberOfRecords=25&currentTab=0&day=30 200 0 0 29
2018-04-09 14:38:41 ::1 GET /Scripts/jquery.twbsPagination.js _=1523284721627 51722 - ::1 Mozilla/5.0+(Windows+NT+10.0;+Win64;+x64)+AppleWebKit/537.36+(KHTML,+like+Gecko)+Chrome/65.0.3325.181+Safari/537.36 http://localhost:51722/ReceiptBox?page=2&NumberOfRecords=25&currentTab=0&day=30 200 0 0 15
2018-04-09 14:38:41 ::1 GET /Scripts/jquery.qtip.min.js _=1523284721675 51722 - ::1 Mozilla/5.0+(Windows+NT+10.0;+Win64;+x64)+AppleWebKit/537.36+(KHTML,+like+Gecko)+Chrome/65.0.3325.181+Safari/537.36 http://localhost:51722/ReceiptBox?page=2&NumberOfRecords=25&currentTab=0&day=30 200 0 0 15
2018-04-09 14:38:41 ::1 GET /Scripts/jquery.imgcheckbox.js _=1523284721713 51722 - ::1 Mozilla/5.0+(Windows+NT+10.0;+Win64;+x64)+AppleWebKit/537.36+(KHTML,+like+Gecko)+Chrome/65.0.3325.181+Safari/537.36 http://localhost:51722/ReceiptBox?page=2&NumberOfRecords=25&currentTab=0&day=30 200 0 0 11
2018-04-09 14:38:56 ::1 GET /ReceiptBox/ReceiptBoxPdfPreview receiptPath=https://az727460.vo.msecnd.net/cdn/receiptuploads/gorillaproqc1/qcemployee7.gorilla@gmail.com/03222018073221667910PM_03222018073221667910PM.jpg,https://az727460.vo.msecnd.net/cdn/receiptuploads/gorillaproqc1/qcemployee7.gorilla@gmail.com/03222018073245769495PM_03222018073245769495PM.jpg, 51722 qcemployee7.gorilla@gmail.com ::1 Mozilla/5.0+(Windows+NT+10.0;+Win64;+x64)+AppleWebKit/537.36+(KHTML,+like+Gecko)+Chrome/65.0.3325.181+Safari/537.36 http://localhost:51722/ReceiptBox?page=2&NumberOfRecords=25&currentTab=0&day=30 200 0 0 6723
2018-04-09 14:38:56 ::1 GET /PDF/ReceiptBox856.pdf - 51722 qcemployee7.gorilla@gmail.com ::1 Mozilla/5.0+(Windows+NT+10.0;+Win64;+x64)+AppleWebKit/537.36+(KHTML,+like+Gecko)+Chrome/65.0.3325.181+Safari/537.36 http://localhost:51722/ReceiptBox?page=2&NumberOfRecords=25&currentTab=0&day=30 200 0 0 112
2018-04-09 14:38:59 ::1 GET /PDF/ReceiptBox856.pdf - 51722 qcemployee7.gorilla@gmail.com ::1 Mozilla/5.0+(Windows+NT+10.0;+Win64;+x64)+AppleWebKit/537.36+(KHTML,+like+Gecko)+Chrome/65.0.3325.181+Safari/537.36 http://localhost:51722/ReceiptBox?page=2&NumberOfRecords=25&currentTab=0&day=30 200 0 64 35
2018-04-09 14:40:07 ::1 GET /ReceiptBox/ReceiptBoxPdfPreview receiptPath=https://az727460.vo.msecnd.net/cdn/receiptuploads/gorillaproqc1/qcemployee7.gorilla@gmail.com/03222018073245769495PM_03222018073245769495PM.jpg,https://az727460.vo.msecnd.net/cdn/receiptuploads/gorillaproqc1/qcemployee7.gorilla@gmail.com/03222018073221667910PM_03222018073221667910PM.jpg, 51722 qcemployee7.gorilla@gmail.com ::1 Mozilla/5.0+(Windows+NT+10.0;+Win64;+x64)+AppleWebKit/537.36+(KHTML,+like+Gecko)+Chrome/65.0.3325.181+Safari/537.36 http://localhost:51722/ReceiptBox?page=2&NumberOfRecords=25&currentTab=0&day=30 200 0 0 59931
2018-04-09 14:40:07 ::1 GET /PDF/ReceiptBox1007.pdf - 51722 qcemployee7.gorilla@gmail.com ::1 Mozilla/5.0+(Windows+NT+10.0;+Win64;+x64)+AppleWebKit/537.36+(KHTML,+like+Gecko)+Chrome/65.0.3325.181+Safari/537.36 http://localhost:51722/ReceiptBox?page=2&NumberOfRecords=25&currentTab=0&day=30 200 0 0 186
2018-04-09 14:40:10 ::1 GET /PDF/ReceiptBox1007.pdf - 51722 qcemployee7.gorilla@gmail.com ::1 Mozilla/5.0+(Windows+NT+10.0;+Win64;+x64)+AppleWebKit/537.36+(KHTML,+like+Gecko)+Chrome/65.0.3325.181+Safari/537.36 http://localhost:51722/ReceiptBox?page=2&NumberOfRecords=25&currentTab=0&day=30 200 0 64 16
