#Software: Microsoft Internet Information Services 8.0
#Version: 1.0
#Date: 2018-07-16 13:29:17
#Fields: date time s-ip cs-method cs-uri-stem cs-uri-query s-port cs-username c-ip cs(User-Agent) cs(Referer) sc-status sc-substatus sc-win32-status time-taken
2018-07-16 13:29:17 ::1 GET / - 51722 - ::1 Mozilla/5.0+(Windows+NT+10.0;+Win64;+x64)+AppleWebKit/537.36+(KHTML,+like+Gecko)+Chrome/67.0.3396.99+Safari/537.36 - 302 0 0 105031
2018-07-16 13:29:44 ::1 GET /User/LogOn - 51722 - ::1 Mozilla/5.0+(Windows+NT+10.0;+Win64;+x64)+AppleWebKit/537.36+(KHTML,+like+Gecko)+Chrome/67.0.3396.99+Safari/537.36 - 200 0 0 26533
2018-07-16 13:29:44 ::1 GET /User/assets/pages/img/login/bg1.jpg - 51722 - ::1 Mozilla/5.0+(Windows+NT+10.0;+Win64;+x64)+AppleWebKit/537.36+(KHTML,+like+Gecko)+Chrome/67.0.3396.99+Safari/537.36 http://localhost:51722/User/LogOn 404 0 2 31
2018-07-16 13:31:03 ::1 POST /User/LogOn - 51722 - ::1 Mozilla/5.0+(Windows+NT+10.0;+Win64;+x64)+AppleWebKit/537.36+(KHTML,+like+Gecko)+Chrome/67.0.3396.99+Safari/537.36 http://localhost:51722/User/LogOn 302 0 64 64183
2018-07-16 13:31:04 ::1 GET /User/LogOn - 51722 androidtest@abc.com ::1 Mozilla/5.0+(Windows+NT+10.0;+Win64;+x64)+AppleWebKit/537.36+(KHTML,+like+Gecko)+Chrome/67.0.3396.99+Safari/537.36 http://localhost:51722/User/LogOn 302 0 0 9222
2018-07-16 13:31:43 ::1 GET / - 51722 androidtest@abc.com ::1 Mozilla/5.0+(Windows+NT+10.0;+Win64;+x64)+AppleWebKit/537.36+(KHTML,+like+Gecko)+Chrome/67.0.3396.99+Safari/537.36 http://localhost:51722/User/LogOn 302 0 0 39200
2018-07-16 13:31:51 ::1 GET /User/RedirectToCustomError - 51722 androidtest@abc.com ::1 Mozilla/5.0+(Windows+NT+10.0;+Win64;+x64)+AppleWebKit/537.36+(KHTML,+like+Gecko)+Chrome/67.0.3396.99+Safari/537.36 http://localhost:51722/User/LogOn 500 0 0 8012
2018-07-16 13:32:11 ::1 GET /__browserLink/requestData/3aeb75b064124d5a8037290246e0943b version=2 51722 androidtest@abc.com ::1 Mozilla/5.0+(Windows+NT+10.0;+Win64;+x64)+AppleWebKit/537.36+(KHTML,+like+Gecko)+Chrome/67.0.3396.99+Safari/537.36 http://localhost:51722/User/RedirectToCustomError 200 0 0 282
2018-07-16 13:39:05 ::1 GET /User/LogOut - 51722 androidtest@abc.com ::1 Mozilla/5.0+(Windows+NT+10.0;+Win64;+x64)+AppleWebKit/537.36+(KHTML,+like+Gecko)+Chrome/67.0.3396.99+Safari/537.36 http://localhost:51722/User/RedirectToCustomError 302 0 0 42
2018-07-16 13:39:23 ::1 GET /User/LogOut - 51722 - ::1 Mozilla/5.0+(Windows+NT+10.0;+Win64;+x64)+AppleWebKit/537.36+(KHTML,+like+Gecko)+Chrome/67.0.3396.99+Safari/537.36 http://localhost:51722/User/RedirectToCustomError 302 0 64 3112
2018-07-16 13:39:23 ::1 GET /User/LogOut - 51722 - ::1 Mozilla/5.0+(Windows+NT+10.0;+Win64;+x64)+AppleWebKit/537.36+(KHTML,+like+Gecko)+Chrome/67.0.3396.99+Safari/537.36 http://localhost:51722/User/RedirectToCustomError 302 0 64 5121
2018-07-16 13:39:23 ::1 GET /User/LogOut - 51722 - ::1 Mozilla/5.0+(Windows+NT+10.0;+Win64;+x64)+AppleWebKit/537.36+(KHTML,+like+Gecko)+Chrome/67.0.3396.99+Safari/537.36 http://localhost:51722/User/RedirectToCustomError 302 0 0 1134
2018-07-16 13:39:23 ::1 GET /User/LogOut - 51722 - ::1 Mozilla/5.0+(Windows+NT+10.0;+Win64;+x64)+AppleWebKit/537.36+(KHTML,+like+Gecko)+Chrome/67.0.3396.99+Safari/537.36 http://localhost:51722/User/RedirectToCustomError 302 0 64 7138
2018-07-16 13:39:23 ::1 GET /User/LogOut - 51722 - ::1 Mozilla/5.0+(Windows+NT+10.0;+Win64;+x64)+AppleWebKit/537.36+(KHTML,+like+Gecko)+Chrome/67.0.3396.99+Safari/537.36 http://localhost:51722/User/RedirectToCustomError 302 0 64 11185
2018-07-16 13:39:23 ::1 GET /User/LogOut - 51722 - ::1 Mozilla/5.0+(Windows+NT+10.0;+Win64;+x64)+AppleWebKit/537.36+(KHTML,+like+Gecko)+Chrome/67.0.3396.99+Safari/537.36 http://localhost:51722/User/RedirectToCustomError 302 0 64 9188
2018-07-16 13:39:23 ::1 GET /User/LogOut - 51722 - ::1 Mozilla/5.0+(Windows+NT+10.0;+Win64;+x64)+AppleWebKit/537.36+(KHTML,+like+Gecko)+Chrome/67.0.3396.99+Safari/537.36 http://localhost:51722/User/RedirectToCustomError 302 0 64 13955
2018-07-16 13:39:23 ::1 GET /User/LogOut - 51722 - ::1 Mozilla/5.0+(Windows+NT+10.0;+Win64;+x64)+AppleWebKit/537.36+(KHTML,+like+Gecko)+Chrome/67.0.3396.99+Safari/537.36 http://localhost:51722/User/RedirectToCustomError 302 0 64 16021
2018-07-16 13:39:23 ::1 GET / - 51722 - ::1 Mozilla/5.0+(Windows+NT+10.0;+Win64;+x64)+AppleWebKit/537.36+(KHTML,+like+Gecko)+Chrome/67.0.3396.99+Safari/537.36 http://localhost:51722/User/RedirectToCustomError 302 0 0 238
2018-07-16 13:39:26 ::1 GET /User/LogOn - 51722 - ::1 Mozilla/5.0+(Windows+NT+10.0;+Win64;+x64)+AppleWebKit/537.36+(KHTML,+like+Gecko)+Chrome/67.0.3396.99+Safari/537.36 http://localhost:51722/User/RedirectToCustomError 200 0 64 2491
2018-07-16 13:39:26 ::1 GET /User/LogOut - 51722 - ::1 Mozilla/5.0+(Windows+NT+10.0;+Win64;+x64)+AppleWebKit/537.36+(KHTML,+like+Gecko)+Chrome/67.0.3396.99+Safari/537.36 http://localhost:51722/User/RedirectToCustomError 302 0 0 150
2018-07-16 13:39:26 ::1 GET / - 51722 - ::1 Mozilla/5.0+(Windows+NT+10.0;+Win64;+x64)+AppleWebKit/537.36+(KHTML,+like+Gecko)+Chrome/67.0.3396.99+Safari/537.36 http://localhost:51722/User/RedirectToCustomError 302 0 0 165
2018-07-16 13:39:26 ::1 GET /User/LogOn - 51722 - ::1 Mozilla/5.0+(Windows+NT+10.0;+Win64;+x64)+AppleWebKit/537.36+(KHTML,+like+Gecko)+Chrome/67.0.3396.99+Safari/537.36 http://localhost:51722/User/RedirectToCustomError 200 0 0 452
2018-07-16 13:39:27 ::1 GET /User/LogOut - 51722 - ::1 Mozilla/5.0+(Windows+NT+10.0;+Win64;+x64)+AppleWebKit/537.36+(KHTML,+like+Gecko)+Chrome/67.0.3396.99+Safari/537.36 http://localhost:51722/User/RedirectToCustomError 302 0 64 2876
2018-07-16 13:39:27 ::1 GET /User/assets/pages/img/login/bg1.jpg - 51722 - ::1 Mozilla/5.0+(Windows+NT+10.0;+Win64;+x64)+AppleWebKit/537.36+(KHTML,+like+Gecko)+Chrome/67.0.3396.99+Safari/537.36 http://localhost:51722/User/LogOn 404 0 2 4
2018-07-16 13:46:46 ::1 POST /User/LogOn - 51722 - ::1 Mozilla/5.0+(Windows+NT+10.0;+Win64;+x64)+AppleWebKit/537.36+(KHTML,+like+Gecko)+Chrome/67.0.3396.99+Safari/537.36 http://localhost:51722/User/LogOn 302 0 0 409113
2018-07-16 13:46:57 ::1 GET / - 51722 androidtest@abc.com ::1 Mozilla/5.0+(Windows+NT+10.0;+Win64;+x64)+AppleWebKit/537.36+(KHTML,+like+Gecko)+Chrome/67.0.3396.99+Safari/537.36 http://localhost:51722/User/LogOn 200 0 0 10422
2018-07-16 13:47:28 ::1 GET /ReceiptBox - 51722 androidtest@abc.com ::1 Mozilla/5.0+(Windows+NT+10.0;+Win64;+x64)+AppleWebKit/537.36+(KHTML,+like+Gecko)+Chrome/67.0.3396.99+Safari/537.36 http://localhost:51722/ 200 0 0 22580
2018-07-16 13:47:38 ::1 GET /ReceiptBox/UploadImage - 51722 androidtest@abc.com ::1 Mozilla/5.0+(Windows+NT+10.0;+Win64;+x64)+AppleWebKit/537.36+(KHTML,+like+Gecko)+Chrome/67.0.3396.99+Safari/537.36 http://localhost:51722/ReceiptBox 200 0 0 260
2018-07-16 13:47:56 ::1 POST /ReceiptBox/UploadReceiptInBox - 51722 androidtest@abc.com ::1 Mozilla/5.0+(Windows+NT+10.0;+Win64;+x64)+AppleWebKit/537.36+(KHTML,+like+Gecko)+Chrome/67.0.3396.99+Safari/537.36 http://localhost:51722/ReceiptBox/UploadImage 200 0 0 10436
2018-07-16 13:48:08 ::1 GET /ReceiptBox page=0&NumberOfRecords=25&currentTab=0&day=30 51722 androidtest@abc.com ::1 Mozilla/5.0+(Windows+NT+10.0;+Win64;+x64)+AppleWebKit/537.36+(KHTML,+like+Gecko)+Chrome/67.0.3396.99+Safari/537.36 http://localhost:51722/ReceiptBox 200 0 0 10585
2018-07-16 13:48:13 ::1 GET /ReceiptBox/GetScanningStatusbulk/ - 51722 androidtest@abc.com ::1 Mozilla/5.0+(Windows+NT+10.0;+Win64;+x64)+AppleWebKit/537.36+(KHTML,+like+Gecko)+Chrome/67.0.3396.99+Safari/537.36 http://localhost:51722/ReceiptBox?page=0&NumberOfRecords=25&currentTab=0&day=30 200 0 0 4770
2018-07-16 13:48:14 ::1 GET /ReceiptBox/UploadImage - 51722 androidtest@abc.com ::1 Mozilla/5.0+(Windows+NT+10.0;+Win64;+x64)+AppleWebKit/537.36+(KHTML,+like+Gecko)+Chrome/67.0.3396.99+Safari/537.36 http://localhost:51722/ReceiptBox?page=0&NumberOfRecords=25&currentTab=0&day=30 200 0 0 13
2018-07-16 13:48:26 ::1 POST /ReceiptBox/UploadReceiptInBox - 51722 androidtest@abc.com ::1 Mozilla/5.0+(Windows+NT+10.0;+Win64;+x64)+AppleWebKit/537.36+(KHTML,+like+Gecko)+Chrome/67.0.3396.99+Safari/537.36 http://localhost:51722/ReceiptBox/UploadImage 200 0 0 5693
2018-07-16 13:48:37 ::1 GET /ReceiptBox page=0&NumberOfRecords=25&currentTab=0&day=30 51722 androidtest@abc.com ::1 Mozilla/5.0+(Windows+NT+10.0;+Win64;+x64)+AppleWebKit/537.36+(KHTML,+like+Gecko)+Chrome/67.0.3396.99+Safari/537.36 http://localhost:51722/ReceiptBox?page=0&NumberOfRecords=25&currentTab=0&day=30 200 0 0 9150
2018-07-16 13:48:40 ::1 GET /ReceiptBox/GetScanningStatusbulk/ - 51722 androidtest@abc.com ::1 Mozilla/5.0+(Windows+NT+10.0;+Win64;+x64)+AppleWebKit/537.36+(KHTML,+like+Gecko)+Chrome/67.0.3396.99+Safari/537.36 http://localhost:51722/ReceiptBox?page=0&NumberOfRecords=25&currentTab=0&day=30 200 0 0 3381
2018-07-16 13:49:42 ::1 GET /Expense - 51722 androidtest@abc.com ::1 Mozilla/5.0+(Windows+NT+10.0;+Win64;+x64)+AppleWebKit/537.36+(KHTML,+like+Gecko)+Chrome/67.0.3396.99+Safari/537.36 http://localhost:51722/ReceiptBox?page=0&NumberOfRecords=25&currentTab=0&day=30 200 0 0 50072
2018-07-16 13:50:40 ::1 GET /Expense/AddTransactionToReport ExpenseId=2763 51722 androidtest@abc.com ::1 Mozilla/5.0+(Windows+NT+10.0;+Win64;+x64)+AppleWebKit/537.36+(KHTML,+like+Gecko)+Chrome/67.0.3396.99+Safari/537.36 http://localhost:51722/Expense 200 0 0 49875
2018-07-16 13:50:42 ::1 GET /Expense/GetTravelTypeHeaderMapping TravelTypeId=19 51722 androidtest@abc.com ::1 Mozilla/5.0+(Windows+NT+10.0;+Win64;+x64)+AppleWebKit/537.36+(KHTML,+like+Gecko)+Chrome/67.0.3396.99+Safari/537.36 http://localhost:51722/Expense/AddTransactionToReport?ExpenseId=2763 200 0 0 286
2018-07-16 13:50:43 ::1 GET /AjaxCall/GetCustomers/ _=1531749042043 51722 androidtest@abc.com ::1 Mozilla/5.0+(Windows+NT+10.0;+Win64;+x64)+AppleWebKit/537.36+(KHTML,+like+Gecko)+Chrome/67.0.3396.99+Safari/537.36 http://localhost:51722/Expense/AddTransactionToReport?ExpenseId=2763 200 0 0 1483
2018-07-16 13:50:43 ::1 GET /TravelType/IsSubTravelCashAdvanced TravelTypeId=19 51722 androidtest@abc.com ::1 Mozilla/5.0+(Windows+NT+10.0;+Win64;+x64)+AppleWebKit/537.36+(KHTML,+like+Gecko)+Chrome/67.0.3396.99+Safari/537.36 http://localhost:51722/Expense/AddTransactionToReport?ExpenseId=2763 200 0 0 2393
2018-07-16 13:50:45 ::1 GET /AjaxCall/GetProjects/ CustomerName=GORILLA%20EXPENSE%20(PROJECT%206%20&%207,%208%20&%209)&_=1531749043556 51722 androidtest@abc.com ::1 Mozilla/5.0+(Windows+NT+10.0;+Win64;+x64)+AppleWebKit/537.36+(KHTML,+like+Gecko)+Chrome/67.0.3396.99+Safari/537.36 http://localhost:51722/Expense/AddTransactionToReport?ExpenseId=2763 200 0 0 2318
2018-07-16 13:51:30 ::1 GET /Expense/AddNewTransaction ExpenseId=2763 51722 androidtest@abc.com ::1 Mozilla/5.0+(Windows+NT+10.0;+Win64;+x64)+AppleWebKit/537.36+(KHTML,+like+Gecko)+Chrome/67.0.3396.99+Safari/537.36 http://localhost:51722/Expense/AddTransactionToReport?ExpenseId=2763 200 0 0 44986
2018-07-16 13:51:50 ::1 GET /Expense/PrepareExpenseApprovalProgressBar/ ExpenseId=2763&UserId=477&_=1531749041704 51722 androidtest@abc.com ::1 Mozilla/5.0+(Windows+NT+10.0;+Win64;+x64)+AppleWebKit/537.36+(KHTML,+like+Gecko)+Chrome/67.0.3396.99+Safari/537.36 http://localhost:51722/Expense/AddTransactionToReport?ExpenseId=2763 200 0 0 68722
2018-07-16 13:51:51 ::1 GET /AjaxCall/GetCompanyList/ - 51722 androidtest@abc.com ::1 Mozilla/5.0+(Windows+NT+10.0;+Win64;+x64)+AppleWebKit/537.36+(KHTML,+like+Gecko)+Chrome/67.0.3396.99+Safari/537.36 http://localhost:51722/Expense/AddTransactionToReport?ExpenseId=2763 200 0 0 20888
2018-07-16 13:51:51 ::1 GET /AjaxCall/GetBusinessUnitList/ CompanyId=32 51722 androidtest@abc.com ::1 Mozilla/5.0+(Windows+NT+10.0;+Win64;+x64)+AppleWebKit/537.36+(KHTML,+like+Gecko)+Chrome/67.0.3396.99+Safari/537.36 http://localhost:51722/Expense/AddTransactionToReport?ExpenseId=2763 200 0 0 381
2018-07-16 13:51:56 ::1 GET /AjaxCall/GetCostCenterList/ CompanyId=32&BusinessUnitId=0 51722 androidtest@abc.com ::1 Mozilla/5.0+(Windows+NT+10.0;+Win64;+x64)+AppleWebKit/537.36+(KHTML,+like+Gecko)+Chrome/67.0.3396.99+Safari/537.36 http://localhost:51722/Expense/AddTransactionToReport?ExpenseId=2763 200 0 0 4605
2018-07-16 13:52:00 ::1 GET /AjaxCall/GetCustomerList/ UserId=477 51722 androidtest@abc.com ::1 Mozilla/5.0+(Windows+NT+10.0;+Win64;+x64)+AppleWebKit/537.36+(KHTML,+like+Gecko)+Chrome/67.0.3396.99+Safari/537.36 http://localhost:51722/Expense/AddTransactionToReport?ExpenseId=2763 200 0 0 4045
2018-07-16 13:52:00 ::1 GET /AjaxCall/GetBillingCodeList/ - 51722 androidtest@abc.com ::1 Mozilla/5.0+(Windows+NT+10.0;+Win64;+x64)+AppleWebKit/537.36+(KHTML,+like+Gecko)+Chrome/67.0.3396.99+Safari/537.36 http://localhost:51722/Expense/AddTransactionToReport?ExpenseId=2763 200 0 0 4407
2018-07-16 13:52:01 ::1 GET /AjaxCall/GetBusinessActivityList/ ProjectId=null 51722 androidtest@abc.com ::1 Mozilla/5.0+(Windows+NT+10.0;+Win64;+x64)+AppleWebKit/537.36+(KHTML,+like+Gecko)+Chrome/67.0.3396.99+Safari/537.36 http://localhost:51722/Expense/AddTransactionToReport?ExpenseId=2763 200 0 0 5117
2018-07-16 13:52:01 ::1 GET /PayMethod/GetPayMethodIsReimbursable MethodId=0 51722 androidtest@abc.com ::1 Mozilla/5.0+(Windows+NT+10.0;+Win64;+x64)+AppleWebKit/537.36+(KHTML,+like+Gecko)+Chrome/67.0.3396.99+Safari/537.36 http://localhost:51722/Expense/AddTransactionToReport?ExpenseId=2763 200 0 0 31272
2018-07-16 13:52:01 ::1 GET /AjaxCall/GetStaffMemberList - 51722 androidtest@abc.com ::1 Mozilla/5.0+(Windows+NT+10.0;+Win64;+x64)+AppleWebKit/537.36+(KHTML,+like+Gecko)+Chrome/67.0.3396.99+Safari/537.36 http://localhost:51722/Expense/AddTransactionToReport?ExpenseId=2763 200 0 0 632
2018-07-16 13:55:00 ::1 GET /User/GetEmployees - 51722 androidtest@abc.com ::1 Mozilla/5.0+(Windows+NT+10.0;+Win64;+x64)+AppleWebKit/537.36+(KHTML,+like+Gecko)+Chrome/67.0.3396.99+Safari/537.36 http://localhost:51722/Expense/AddTransactionToReport?ExpenseId=2763 200 0 0 177398
2018-07-16 13:55:00 ::1 GET /ExpenseDetail/GetVendorNamesJson UserId477&_=1531749300147 51722 androidtest@abc.com ::1 Mozilla/5.0+(Windows+NT+10.0;+Win64;+x64)+AppleWebKit/537.36+(KHTML,+like+Gecko)+Chrome/67.0.3396.99+Safari/537.36 http://localhost:51722/Expense/AddTransactionToReport?ExpenseId=2763 200 0 0 486
2018-07-16 13:55:01 ::1 GET /AjaxCall/GetReferenceList/ - 51722 androidtest@abc.com ::1 Mozilla/5.0+(Windows+NT+10.0;+Win64;+x64)+AppleWebKit/537.36+(KHTML,+like+Gecko)+Chrome/67.0.3396.99+Safari/537.36 http://localhost:51722/Expense/AddTransactionToReport?ExpenseId=2763 200 0 0 179159
2018-07-16 13:55:07 ::1 GET /AjaxCall/GetProjectList/ CustomerId=0&UserId=477&ExpenseDate=07/16/2018 51722 androidtest@abc.com ::1 Mozilla/5.0+(Windows+NT+10.0;+Win64;+x64)+AppleWebKit/537.36+(KHTML,+like+Gecko)+Chrome/67.0.3396.99+Safari/537.36 http://localhost:51722/Expense/AddTransactionToReport?ExpenseId=2763 200 0 0 7318
2018-07-16 13:55:07 ::1 GET /AjaxCall/GetProjectTaskList/ ProjectId=0&ExpenseDate=07/16/2018&TaskType=Expense 51722 androidtest@abc.com ::1 Mozilla/5.0+(Windows+NT+10.0;+Win64;+x64)+AppleWebKit/537.36+(KHTML,+like+Gecko)+Chrome/67.0.3396.99+Safari/537.36 http://localhost:51722/Expense/AddTransactionToReport?ExpenseId=2763 200 0 0 20
2018-07-16 13:55:07 ::1 GET /AjaxCall/GetApproverList/ ProjectId=0 51722 androidtest@abc.com ::1 Mozilla/5.0+(Windows+NT+10.0;+Win64;+x64)+AppleWebKit/537.36+(KHTML,+like+Gecko)+Chrome/67.0.3396.99+Safari/537.36 http://localhost:51722/Expense/AddTransactionToReport?ExpenseId=2763 200 0 0 270
2018-07-16 13:55:32 ::1 GET /Expense/GetViolationReasonsList/ ExpenseTypeId=211 51722 androidtest@abc.com ::1 Mozilla/5.0+(Windows+NT+10.0;+Win64;+x64)+AppleWebKit/537.36+(KHTML,+like+Gecko)+Chrome/67.0.3396.99+Safari/537.36 http://localhost:51722/Expense/AddTransactionToReport?ExpenseId=2763 200 0 0 1070
2018-07-16 13:55:34 ::1 GET /Expense/GetReceiptViolationReasonsList/ ExpenseTypeId=211 51722 androidtest@abc.com ::1 Mozilla/5.0+(Windows+NT+10.0;+Win64;+x64)+AppleWebKit/537.36+(KHTML,+like+Gecko)+Chrome/67.0.3396.99+Safari/537.36 http://localhost:51722/Expense/AddTransactionToReport?ExpenseId=2763 200 0 0 2303
2018-07-16 13:55:34 ::1 GET /ExpenseDetail/GetExpenseTypePolicyAmount ExpenseTypeId=211 51722 androidtest@abc.com ::1 Mozilla/5.0+(Windows+NT+10.0;+Win64;+x64)+AppleWebKit/537.36+(KHTML,+like+Gecko)+Chrome/67.0.3396.99+Safari/537.36 http://localhost:51722/Expense/AddTransactionToReport?ExpenseId=2763 200 0 0 3142
2018-07-16 13:55:35 ::1 GET /ExpenseDetail/GetCurrencyRate currencyId=168&transactionDate=16/07/2018 51722 androidtest@abc.com ::1 Mozilla/5.0+(Windows+NT+10.0;+Win64;+x64)+AppleWebKit/537.36+(KHTML,+like+Gecko)+Chrome/67.0.3396.99+Safari/537.36 http://localhost:51722/Expense/AddTransactionToReport?ExpenseId=2763 200 0 0 328
2018-07-16 13:55:38 ::1 GET /AjaxCall/FindAndApplyCodeCombinationRule/ ProjectId=0&ExpenseTypeId=211&ExpenseDate=16/07/2018 51722 androidtest@abc.com ::1 Mozilla/5.0+(Windows+NT+10.0;+Win64;+x64)+AppleWebKit/537.36+(KHTML,+like+Gecko)+Chrome/67.0.3396.99+Safari/537.36 http://localhost:51722/Expense/AddTransactionToReport?ExpenseId=2763 200 0 0 3793
2018-07-16 13:55:38 ::1 GET /AjaxCall/GetBusinessActivityList/ - 51722 androidtest@abc.com ::1 Mozilla/5.0+(Windows+NT+10.0;+Win64;+x64)+AppleWebKit/537.36+(KHTML,+like+Gecko)+Chrome/67.0.3396.99+Safari/537.36 http://localhost:51722/Expense/AddTransactionToReport?ExpenseId=2763 200 0 0 257
2018-07-16 13:55:44 ::1 GET /PayMethod/GetPayMethodIsReimbursable MethodId=2 51722 androidtest@abc.com ::1 Mozilla/5.0+(Windows+NT+10.0;+Win64;+x64)+AppleWebKit/537.36+(KHTML,+like+Gecko)+Chrome/67.0.3396.99+Safari/537.36 http://localhost:51722/Expense/AddTransactionToReport?ExpenseId=2763 200 0 0 362
2018-07-16 13:55:50 ::1 GET /ExpenseDetail/SelectSourceToAttachReceipt TransactionSource=Web&ExpenseUserId=477&BankExpenseDetailId=0 51722 androidtest@abc.com ::1 Mozilla/5.0+(Windows+NT+10.0;+Win64;+x64)+AppleWebKit/537.36+(KHTML,+like+Gecko)+Chrome/67.0.3396.99+Safari/537.36 http://localhost:51722/Expense/AddTransactionToReport?ExpenseId=2763 200 0 0 2869
2018-07-16 13:56:01 ::1 GET /ReceiptBox/AttachRecieptToExpenseReportFromRecieptBox UserId=477 51722 androidtest@abc.com ::1 Mozilla/5.0+(Windows+NT+10.0;+Win64;+x64)+AppleWebKit/537.36+(KHTML,+like+Gecko)+Chrome/67.0.3396.99+Safari/537.36 http://localhost:51722/Expense/AddTransactionToReport?ExpenseId=2763 200 0 0 8750
2018-07-16 13:56:23 ::1 GET /ReceiptBox/GetScanningStatusbulk/ - 51722 androidtest@abc.com ::1 Mozilla/5.0+(Windows+NT+10.0;+Win64;+x64)+AppleWebKit/537.36+(KHTML,+like+Gecko)+Chrome/67.0.3396.99+Safari/537.36 http://localhost:51722/Expense/AddTransactionToReport?ExpenseId=2763 200 0 0 22592
2018-07-16 13:58:54 ::1 GET /Expense/jquery.qtip.min.map - 51722 - ::1 Mozilla/5.0+(Windows+NT+10.0;+Win64;+x64)+AppleWebKit/537.36+(KHTML,+like+Gecko)+Chrome/67.0.3396.99+Safari/537.36 - 404 0 2 9
2018-07-16 13:59:05 ::1 GET /User/LogOn - 51722 androidtest@abc.com ::1 Mozilla/5.0+(Windows+NT+10.0;+Win64;+x64)+AppleWebKit/537.36+(KHTML,+like+Gecko)+Chrome/67.0.3396.99+Safari/537.36 http://localhost:51722/Expense/AddTransactionToReport?ExpenseId=2763 302 0 0 2777
2018-07-16 13:59:16 ::1 GET / - 51722 androidtest@abc.com ::1 Mozilla/5.0+(Windows+NT+10.0;+Win64;+x64)+AppleWebKit/537.36+(KHTML,+like+Gecko)+Chrome/67.0.3396.99+Safari/537.36 http://localhost:51722/Expense/AddTransactionToReport?ExpenseId=2763 200 0 0 10447
2018-07-16 14:04:26 ::1 GET /Expense/IsExpenseTypeBudgetExceeded projectId=0&ConvertedAmount=1.00&ExpenseDetailID=0&CurrencyId=168&UserId=477&ExpenseTypeId=211&ExpenseDate=16/07/2018 51722 androidtest@abc.com ::1 Mozilla/5.0+(Windows+NT+10.0;+Win64;+x64)+AppleWebKit/537.36+(KHTML,+like+Gecko)+Chrome/67.0.3396.99+Safari/537.36 http://localhost:51722/Expense/AddTransactionToReport?ExpenseId=2763 200 0 0 2996
2018-07-16 14:04:31 ::1 POST /Expense/AddNewTransaction - 51722 androidtest@abc.com ::1 Mozilla/5.0+(Windows+NT+10.0;+Win64;+x64)+AppleWebKit/537.36+(KHTML,+like+Gecko)+Chrome/67.0.3396.99+Safari/537.36 http://localhost:51722/Expense/AddTransactionToReport?ExpenseId=2763 302 0 0 5378
2018-07-16 14:06:59 ::1 GET /Expense/AddTransactionToReport ExpenseId=2763 51722 androidtest@abc.com ::1 Mozilla/5.0+(Windows+NT+10.0;+Win64;+x64)+AppleWebKit/537.36+(KHTML,+like+Gecko)+Chrome/67.0.3396.99+Safari/537.36 http://localhost:51722/Expense/AddTransactionToReport?ExpenseId=2763 200 0 0 147332
2018-07-16 14:07:00 ::1 GET /TravelType/IsSubTravelCashAdvanced TravelTypeId=19 51722 androidtest@abc.com ::1 Mozilla/5.0+(Windows+NT+10.0;+Win64;+x64)+AppleWebKit/537.36+(KHTML,+like+Gecko)+Chrome/67.0.3396.99+Safari/537.36 http://localhost:51722/Expense/AddTransactionToReport?ExpenseId=2763 200 0 0 530
2018-07-16 14:07:00 ::1 GET /Expense/GetTravelTypeHeaderMapping TravelTypeId=19 51722 androidtest@abc.com ::1 Mozilla/5.0+(Windows+NT+10.0;+Win64;+x64)+AppleWebKit/537.36+(KHTML,+like+Gecko)+Chrome/67.0.3396.99+Safari/537.36 http://localhost:51722/Expense/AddTransactionToReport?ExpenseId=2763 200 0 0 1146
2018-07-16 14:07:02 ::1 GET /AjaxCall/GetCustomers/ _=1531750021064 51722 androidtest@abc.com ::1 Mozilla/5.0+(Windows+NT+10.0;+Win64;+x64)+AppleWebKit/537.36+(KHTML,+like+Gecko)+Chrome/67.0.3396.99+Safari/537.36 http://localhost:51722/Expense/AddTransactionToReport?ExpenseId=2763 200 0 0 1681
2018-07-16 14:07:22 ::1 GET /Expense/PrepareExpenseApprovalProgressBar/ ExpenseId=2763&UserId=477&_=1531750019881 51722 androidtest@abc.com ::1 Mozilla/5.0+(Windows+NT+10.0;+Win64;+x64)+AppleWebKit/537.36+(KHTML,+like+Gecko)+Chrome/67.0.3396.99+Safari/537.36 http://localhost:51722/Expense/AddTransactionToReport?ExpenseId=2763 200 0 0 22379
2018-07-16 14:15:28 ::1 GET /User/LogOn _=1531750519872 51722 androidtest@abc.com ::1 Mozilla/5.0+(Windows+NT+10.0;+Win64;+x64)+AppleWebKit/537.36+(KHTML,+like+Gecko)+Chrome/67.0.3396.99+Safari/537.36 http://localhost:51722/Expense/AddTransactionToReport?ExpenseId=2763 302 0 0 9040
2018-07-16 14:15:42 ::1 GET / - 51722 androidtest@abc.com ::1 Mozilla/5.0+(Windows+NT+10.0;+Win64;+x64)+AppleWebKit/537.36+(KHTML,+like+Gecko)+Chrome/67.0.3396.99+Safari/537.36 http://localhost:51722/Expense/AddTransactionToReport?ExpenseId=2763 200 0 0 13212
2018-07-16 14:22:02 ::1 GET /User/LogOut - 51722 androidtest@abc.com ::1 Mozilla/5.0+(Windows+NT+10.0;+Win64;+x64)+AppleWebKit/537.36+(KHTML,+like+Gecko)+Chrome/67.0.3396.99+Safari/537.36 http://localhost:51722/Expense/AddTransactionToReport?ExpenseId=2763 302 0 0 66
2018-07-16 14:22:21 ::1 GET /User/LogOut - 51722 - ::1 Mozilla/5.0+(Windows+NT+10.0;+Win64;+x64)+AppleWebKit/537.36+(KHTML,+like+Gecko)+Chrome/67.0.3396.99+Safari/537.36 http://localhost:51722/Expense/AddTransactionToReport?ExpenseId=2763 302 0 64 2279
2018-07-16 14:22:21 ::1 GET /User/LogOut - 51722 - ::1 Mozilla/5.0+(Windows+NT+10.0;+Win64;+x64)+AppleWebKit/537.36+(KHTML,+like+Gecko)+Chrome/67.0.3396.99+Safari/537.36 http://localhost:51722/Expense/AddTransactionToReport?ExpenseId=2763 302 0 64 4330
2018-07-16 14:22:21 ::1 GET /User/LogOut - 51722 - ::1 Mozilla/5.0+(Windows+NT+10.0;+Win64;+x64)+AppleWebKit/537.36+(KHTML,+like+Gecko)+Chrome/67.0.3396.99+Safari/537.36 http://localhost:51722/Expense/AddTransactionToReport?ExpenseId=2763 302 0 64 10326
2018-07-16 14:22:21 ::1 GET /User/LogOut - 51722 - ::1 Mozilla/5.0+(Windows+NT+10.0;+Win64;+x64)+AppleWebKit/537.36+(KHTML,+like+Gecko)+Chrome/67.0.3396.99+Safari/537.36 http://localhost:51722/Expense/AddTransactionToReport?ExpenseId=2763 302 0 64 8378
2018-07-16 14:22:21 ::1 GET /User/LogOut - 51722 - ::1 Mozilla/5.0+(Windows+NT+10.0;+Win64;+x64)+AppleWebKit/537.36+(KHTML,+like+Gecko)+Chrome/67.0.3396.99+Safari/537.36 http://localhost:51722/Expense/AddTransactionToReport?ExpenseId=2763 302 0 64 6408
2018-07-16 14:22:21 ::1 GET /User/LogOut - 51722 - ::1 Mozilla/5.0+(Windows+NT+10.0;+Win64;+x64)+AppleWebKit/537.36+(KHTML,+like+Gecko)+Chrome/67.0.3396.99+Safari/537.36 http://localhost:51722/Expense/AddTransactionToReport?ExpenseId=2763 302 0 64 12419
2018-07-16 14:22:21 ::1 GET /User/LogOut - 51722 - ::1 Mozilla/5.0+(Windows+NT+10.0;+Win64;+x64)+AppleWebKit/537.36+(KHTML,+like+Gecko)+Chrome/67.0.3396.99+Safari/537.36 http://localhost:51722/Expense/AddTransactionToReport?ExpenseId=2763 302 0 64 14633
2018-07-16 14:22:21 ::1 GET /User/LogOut - 51722 - ::1 Mozilla/5.0+(Windows+NT+10.0;+Win64;+x64)+AppleWebKit/537.36+(KHTML,+like+Gecko)+Chrome/67.0.3396.99+Safari/537.36 http://localhost:51722/Expense/AddTransactionToReport?ExpenseId=2763 302 0 64 16671
2018-07-16 14:22:21 ::1 GET /User/LogOut - 51722 - ::1 Mozilla/5.0+(Windows+NT+10.0;+Win64;+x64)+AppleWebKit/537.36+(KHTML,+like+Gecko)+Chrome/67.0.3396.99+Safari/537.36 http://localhost:51722/Expense/AddTransactionToReport?ExpenseId=2763 302 0 0 748
2018-07-16 14:22:21 ::1 GET / - 51722 - ::1 Mozilla/5.0+(Windows+NT+10.0;+Win64;+x64)+AppleWebKit/537.36+(KHTML,+like+Gecko)+Chrome/67.0.3396.99+Safari/537.36 http://localhost:51722/Expense/AddTransactionToReport?ExpenseId=2763 302 0 0 218
2018-07-16 14:22:24 ::1 GET /User/LogOn - 51722 - ::1 Mozilla/5.0+(Windows+NT+10.0;+Win64;+x64)+AppleWebKit/537.36+(KHTML,+like+Gecko)+Chrome/67.0.3396.99+Safari/537.36 http://localhost:51722/Expense/AddTransactionToReport?ExpenseId=2763 200 0 64 3100
2018-07-16 14:22:40 ::1 GET /User/LogOut - 51722 - ::1 Mozilla/5.0+(Windows+NT+10.0;+Win64;+x64)+AppleWebKit/537.36+(KHTML,+like+Gecko)+Chrome/67.0.3396.99+Safari/537.36 http://localhost:51722/Expense/AddTransactionToReport?ExpenseId=2763 302 0 64 15532
2018-07-16 14:22:55 ::1 GET /User/LogOut - 51722 - ::1 Mozilla/5.0+(Windows+NT+10.0;+Win64;+x64)+AppleWebKit/537.36+(KHTML,+like+Gecko)+Chrome/67.0.3396.99+Safari/537.36 http://localhost:51722/Expense/AddTransactionToReport?ExpenseId=2763 302 0 64 16490
2018-07-16 14:22:55 ::1 GET /User/LogOut - 51722 - ::1 Mozilla/5.0+(Windows+NT+10.0;+Win64;+x64)+AppleWebKit/537.36+(KHTML,+like+Gecko)+Chrome/67.0.3396.99+Safari/537.36 http://localhost:51722/Expense/AddTransactionToReport?ExpenseId=2763 302 0 0 648
2018-07-16 14:22:55 ::1 GET / - 51722 - ::1 Mozilla/5.0+(Windows+NT+10.0;+Win64;+x64)+AppleWebKit/537.36+(KHTML,+like+Gecko)+Chrome/67.0.3396.99+Safari/537.36 http://localhost:51722/Expense/AddTransactionToReport?ExpenseId=2763 302 0 0 250
2018-07-16 14:22:55 ::1 GET /User/LogOut - 51722 - ::1 Mozilla/5.0+(Windows+NT+10.0;+Win64;+x64)+AppleWebKit/537.36+(KHTML,+like+Gecko)+Chrome/67.0.3396.99+Safari/537.36 http://localhost:51722/Expense/AddTransactionToReport?ExpenseId=2763 302 0 64 12926
2018-07-16 14:22:55 ::1 GET /User/LogOut - 51722 - ::1 Mozilla/5.0+(Windows+NT+10.0;+Win64;+x64)+AppleWebKit/537.36+(KHTML,+like+Gecko)+Chrome/67.0.3396.99+Safari/537.36 http://localhost:51722/Expense/AddTransactionToReport?ExpenseId=2763 302 0 64 5243
2018-07-16 14:22:56 ::1 GET /User/LogOut - 51722 - ::1 Mozilla/5.0+(Windows+NT+10.0;+Win64;+x64)+AppleWebKit/537.36+(KHTML,+like+Gecko)+Chrome/67.0.3396.99+Safari/537.36 http://localhost:51722/Expense/AddTransactionToReport?ExpenseId=2763 302 0 64 23498
2018-07-16 14:22:56 ::1 GET /User/LogOut - 51722 - ::1 Mozilla/5.0+(Windows+NT+10.0;+Win64;+x64)+AppleWebKit/537.36+(KHTML,+like+Gecko)+Chrome/67.0.3396.99+Safari/537.36 http://localhost:51722/Expense/AddTransactionToReport?ExpenseId=2763 302 0 64 3746
2018-07-16 14:22:56 ::1 GET /User/LogOut - 51722 - ::1 Mozilla/5.0+(Windows+NT+10.0;+Win64;+x64)+AppleWebKit/537.36+(KHTML,+like+Gecko)+Chrome/67.0.3396.99+Safari/537.36 http://localhost:51722/Expense/AddTransactionToReport?ExpenseId=2763 302 0 64 26002
2018-07-16 14:22:56 ::1 GET /User/LogOut - 51722 - ::1 Mozilla/5.0+(Windows+NT+10.0;+Win64;+x64)+AppleWebKit/537.36+(KHTML,+like+Gecko)+Chrome/67.0.3396.99+Safari/537.36 http://localhost:51722/Expense/AddTransactionToReport?ExpenseId=2763 302 0 64 34357
2018-07-16 14:22:57 ::1 GET /User/LogOut - 51722 - ::1 Mozilla/5.0+(Windows+NT+10.0;+Win64;+x64)+AppleWebKit/537.36+(KHTML,+like+Gecko)+Chrome/67.0.3396.99+Safari/537.36 http://localhost:51722/Expense/AddTransactionToReport?ExpenseId=2763 302 0 64 20531
2018-07-16 14:22:57 ::1 GET /User/LogOut - 51722 - ::1 Mozilla/5.0+(Windows+NT+10.0;+Win64;+x64)+AppleWebKit/537.36+(KHTML,+like+Gecko)+Chrome/67.0.3396.99+Safari/537.36 http://localhost:51722/Expense/AddTransactionToReport?ExpenseId=2763 302 0 64 8735
2018-07-16 14:22:57 ::1 GET /User/LogOut - 51722 - ::1 Mozilla/5.0+(Windows+NT+10.0;+Win64;+x64)+AppleWebKit/537.36+(KHTML,+like+Gecko)+Chrome/67.0.3396.99+Safari/537.36 http://localhost:51722/Expense/AddTransactionToReport?ExpenseId=2763 302 0 64 16861
2018-07-16 14:22:57 ::1 GET /User/LogOut - 51722 - ::1 Mozilla/5.0+(Windows+NT+10.0;+Win64;+x64)+AppleWebKit/537.36+(KHTML,+like+Gecko)+Chrome/67.0.3396.99+Safari/537.36 http://localhost:51722/Expense/AddTransactionToReport?ExpenseId=2763 302 0 64 29016
2018-07-16 14:22:58 ::1 GET /User/LogOn - 51722 - ::1 Mozilla/5.0+(Windows+NT+10.0;+Win64;+x64)+AppleWebKit/537.36+(KHTML,+like+Gecko)+Chrome/67.0.3396.99+Safari/537.36 http://localhost:51722/Expense/AddTransactionToReport?ExpenseId=2763 200 0 64 2816
2018-07-16 14:22:58 ::1 GET /User/LogOut - 51722 - ::1 Mozilla/5.0+(Windows+NT+10.0;+Win64;+x64)+AppleWebKit/537.36+(KHTML,+like+Gecko)+Chrome/67.0.3396.99+Safari/537.36 http://localhost:51722/Expense/AddTransactionToReport?ExpenseId=2763 302 0 64 13739
2018-07-16 14:22:58 ::1 GET /User/LogOut - 51722 - ::1 Mozilla/5.0+(Windows+NT+10.0;+Win64;+x64)+AppleWebKit/537.36+(KHTML,+like+Gecko)+Chrome/67.0.3396.99+Safari/537.36 http://localhost:51722/Expense/AddTransactionToReport?ExpenseId=2763 302 0 64 32231
2018-07-16 14:22:58 ::1 GET /User/LogOut - 51722 - ::1 Mozilla/5.0+(Windows+NT+10.0;+Win64;+x64)+AppleWebKit/537.36+(KHTML,+like+Gecko)+Chrome/67.0.3396.99+Safari/537.36 http://localhost:51722/Expense/AddTransactionToReport?ExpenseId=2763 302 0 64 2340
2018-07-16 14:22:58 ::1 GET /User/LogOut - 51722 - ::1 Mozilla/5.0+(Windows+NT+10.0;+Win64;+x64)+AppleWebKit/537.36+(KHTML,+like+Gecko)+Chrome/67.0.3396.99+Safari/537.36 http://localhost:51722/Expense/AddTransactionToReport?ExpenseId=2763 302 0 64 12378
2018-07-16 14:22:58 ::1 GET /User/LogOut - 51722 - ::1 Mozilla/5.0+(Windows+NT+10.0;+Win64;+x64)+AppleWebKit/537.36+(KHTML,+like+Gecko)+Chrome/67.0.3396.99+Safari/537.36 http://localhost:51722/Expense/AddTransactionToReport?ExpenseId=2763 302 0 64 24539
2018-07-16 14:22:58 ::1 GET /User/LogOut - 51722 - ::1 Mozilla/5.0+(Windows+NT+10.0;+Win64;+x64)+AppleWebKit/537.36+(KHTML,+like+Gecko)+Chrome/67.0.3396.99+Safari/537.36 http://localhost:51722/Expense/AddTransactionToReport?ExpenseId=2763 302 0 0 666
2018-07-16 14:22:59 ::1 GET / - 51722 - ::1 Mozilla/5.0+(Windows+NT+10.0;+Win64;+x64)+AppleWebKit/537.36+(KHTML,+like+Gecko)+Chrome/67.0.3396.99+Safari/537.36 http://localhost:51722/Expense/AddTransactionToReport?ExpenseId=2763 302 0 0 162
2018-07-16 14:22:59 ::1 GET /User/LogOn - 51722 - ::1 Mozilla/5.0+(Windows+NT+10.0;+Win64;+x64)+AppleWebKit/537.36+(KHTML,+like+Gecko)+Chrome/67.0.3396.99+Safari/537.36 http://localhost:51722/Expense/AddTransactionToReport?ExpenseId=2763 200 0 0 483
2018-07-16 14:22:59 ::1 GET /User/assets/pages/img/login/bg1.jpg - 51722 - ::1 Mozilla/5.0+(Windows+NT+10.0;+Win64;+x64)+AppleWebKit/537.36+(KHTML,+like+Gecko)+Chrome/67.0.3396.99+Safari/537.36 http://localhost:51722/User/LogOn 404 0 2 5
#Software: Microsoft Internet Information Services 8.0
#Version: 1.0
#Date: 2018-07-16 14:33:48
#Fields: date time s-ip cs-method cs-uri-stem cs-uri-query s-port cs-username c-ip cs(User-Agent) cs(Referer) sc-status sc-substatus sc-win32-status time-taken
2018-07-16 14:33:48 ::1 GET /ReceiptBox/AttachRecieptToExpenseReportFromRecieptBox - 51722 - ::1 Mozilla/5.0+(Windows+NT+10.0;+Win64;+x64)+AppleWebKit/537.36+(KHTML,+like+Gecko)+Chrome/67.0.3396.99+Safari/537.36 - 302 0 0 48638
2018-07-16 14:33:48 ::1 GET /User/LogOn ReturnUrl=%2fReceiptBox%2fAttachRecieptToExpenseReportFromRecieptBox 51722 - ::1 Mozilla/5.0+(Windows+NT+10.0;+Win64;+x64)+AppleWebKit/537.36+(KHTML,+like+Gecko)+Chrome/67.0.3396.99+Safari/537.36 - 302 0 0 342
2018-07-16 14:33:48 ::1 GET /User/LogOut - 51722 - ::1 Mozilla/5.0+(Windows+NT+10.0;+Win64;+x64)+AppleWebKit/537.36+(KHTML,+like+Gecko)+Chrome/67.0.3396.99+Safari/537.36 - 302 0 0 234
2018-07-16 14:33:48 ::1 GET / - 51722 - ::1 Mozilla/5.0+(Windows+NT+10.0;+Win64;+x64)+AppleWebKit/537.36+(KHTML,+like+Gecko)+Chrome/67.0.3396.99+Safari/537.36 - 302 0 0 364
2018-07-16 14:33:54 ::1 GET /User/LogOn - 51722 - ::1 Mozilla/5.0+(Windows+NT+10.0;+Win64;+x64)+AppleWebKit/537.36+(KHTML,+like+Gecko)+Chrome/67.0.3396.99+Safari/537.36 - 200 0 0 4495
2018-07-16 14:33:54 ::1 GET /User/assets/pages/img/login/bg1.jpg - 51722 - ::1 Mozilla/5.0+(Windows+NT+10.0;+Win64;+x64)+AppleWebKit/537.36+(KHTML,+like+Gecko)+Chrome/67.0.3396.99+Safari/537.36 http://localhost:51722/User/LogOn 404 0 2 10
2018-07-16 14:40:23 ::1 POST /User/LogOn - 51722 - ::1 Mozilla/5.0+(Windows+NT+10.0;+Win64;+x64)+AppleWebKit/537.36+(KHTML,+like+Gecko)+Chrome/67.0.3396.99+Safari/537.36 http://localhost:51722/User/LogOn 302 0 0 81574
2018-07-16 14:40:33 ::1 GET / - 51722 androidtest@abc.com ::1 Mozilla/5.0+(Windows+NT+10.0;+Win64;+x64)+AppleWebKit/537.36+(KHTML,+like+Gecko)+Chrome/67.0.3396.99+Safari/537.36 http://localhost:51722/User/LogOn 200 0 0 10529
2018-07-16 14:41:43 ::1 GET /Expense/AddTransactionToReport ExpenseId=2763 51722 androidtest@abc.com ::1 Mozilla/5.0+(Windows+NT+10.0;+Win64;+x64)+AppleWebKit/537.36+(KHTML,+like+Gecko)+Chrome/67.0.3396.99+Safari/537.36 http://localhost:51722/ 200 0 0 36304
2018-07-16 14:41:55 ::1 GET /Expense/PrepareExpenseApprovalProgressBar/ ExpenseId=2763&UserId=477&_=1531752104660 51722 androidtest@abc.com ::1 Mozilla/5.0+(Windows+NT+10.0;+Win64;+x64)+AppleWebKit/537.36+(KHTML,+like+Gecko)+Chrome/67.0.3396.99+Safari/537.36 http://localhost:51722/Expense/AddTransactionToReport?ExpenseId=2763 200 0 0 10335
2018-07-16 14:42:10 ::1 GET /Expense/AddNewTransaction ExpenseId=2763 51722 androidtest@abc.com ::1 Mozilla/5.0+(Windows+NT+10.0;+Win64;+x64)+AppleWebKit/537.36+(KHTML,+like+Gecko)+Chrome/67.0.3396.99+Safari/537.36 http://localhost:51722/Expense/AddTransactionToReport?ExpenseId=2763 200 0 0 20991
2018-07-16 14:42:10 ::1 GET /Expense/GetTravelTypeHeaderMapping TravelTypeId=19 51722 androidtest@abc.com ::1 Mozilla/5.0+(Windows+NT+10.0;+Win64;+x64)+AppleWebKit/537.36+(KHTML,+like+Gecko)+Chrome/67.0.3396.99+Safari/537.36 http://localhost:51722/Expense/AddTransactionToReport?ExpenseId=2763 200 0 0 26432
2018-07-16 14:42:11 ::1 GET /TravelType/IsSubTravelCashAdvanced TravelTypeId=19 51722 androidtest@abc.com ::1 Mozilla/5.0+(Windows+NT+10.0;+Win64;+x64)+AppleWebKit/537.36+(KHTML,+like+Gecko)+Chrome/67.0.3396.99+Safari/537.36 http://localhost:51722/Expense/AddTransactionToReport?ExpenseId=2763 200 0 0 27240
2018-07-16 14:42:11 ::1 GET /AjaxCall/GetCompanyList/ - 51722 androidtest@abc.com ::1 Mozilla/5.0+(Windows+NT+10.0;+Win64;+x64)+AppleWebKit/537.36+(KHTML,+like+Gecko)+Chrome/67.0.3396.99+Safari/537.36 http://localhost:51722/Expense/AddTransactionToReport?ExpenseId=2763 200 0 0 1248
2018-07-16 14:42:11 ::1 GET /AjaxCall/GetBusinessUnitList/ CompanyId=32 51722 androidtest@abc.com ::1 Mozilla/5.0+(Windows+NT+10.0;+Win64;+x64)+AppleWebKit/537.36+(KHTML,+like+Gecko)+Chrome/67.0.3396.99+Safari/537.36 http://localhost:51722/Expense/AddTransactionToReport?ExpenseId=2763 200 0 0 532
2018-07-16 14:42:21 ::1 GET /AjaxCall/GetCostCenterList/ CompanyId=32&BusinessUnitId=0 51722 androidtest@abc.com ::1 Mozilla/5.0+(Windows+NT+10.0;+Win64;+x64)+AppleWebKit/537.36+(KHTML,+like+Gecko)+Chrome/67.0.3396.99+Safari/537.36 http://localhost:51722/Expense/AddTransactionToReport?ExpenseId=2763 200 0 0 8281
2018-07-16 14:42:21 ::1 GET /PayMethod/GetPayMethodIsReimbursable MethodId=0 51722 androidtest@abc.com ::1 Mozilla/5.0+(Windows+NT+10.0;+Win64;+x64)+AppleWebKit/537.36+(KHTML,+like+Gecko)+Chrome/67.0.3396.99+Safari/537.36 http://localhost:51722/Expense/AddTransactionToReport?ExpenseId=2763 200 0 0 10564
2018-07-16 14:42:22 ::1 GET /AjaxCall/GetBillingCodeList/ - 51722 androidtest@abc.com ::1 Mozilla/5.0+(Windows+NT+10.0;+Win64;+x64)+AppleWebKit/537.36+(KHTML,+like+Gecko)+Chrome/67.0.3396.99+Safari/537.36 http://localhost:51722/Expense/AddTransactionToReport?ExpenseId=2763 200 0 0 406
2018-07-16 14:42:22 ::1 GET /AjaxCall/GetBusinessActivityList/ ProjectId=null 51722 androidtest@abc.com ::1 Mozilla/5.0+(Windows+NT+10.0;+Win64;+x64)+AppleWebKit/537.36+(KHTML,+like+Gecko)+Chrome/67.0.3396.99+Safari/537.36 http://localhost:51722/Expense/AddTransactionToReport?ExpenseId=2763 200 0 0 865
2018-07-16 14:42:22 ::1 GET /AjaxCall/GetReferenceList/ - 51722 androidtest@abc.com ::1 Mozilla/5.0+(Windows+NT+10.0;+Win64;+x64)+AppleWebKit/537.36+(KHTML,+like+Gecko)+Chrome/67.0.3396.99+Safari/537.36 http://localhost:51722/Expense/AddTransactionToReport?ExpenseId=2763 200 0 0 258
2018-07-16 14:42:24 ::1 GET /AjaxCall/GetStaffMemberList - 51722 androidtest@abc.com ::1 Mozilla/5.0+(Windows+NT+10.0;+Win64;+x64)+AppleWebKit/537.36+(KHTML,+like+Gecko)+Chrome/67.0.3396.99+Safari/537.36 http://localhost:51722/Expense/AddTransactionToReport?ExpenseId=2763 200 0 0 1011
2018-07-16 14:44:55 ::1 GET /User/GetEmployees - 51722 androidtest@abc.com ::1 Mozilla/5.0+(Windows+NT+10.0;+Win64;+x64)+AppleWebKit/537.36+(KHTML,+like+Gecko)+Chrome/67.0.3396.99+Safari/537.36 http://localhost:51722/Expense/AddTransactionToReport?ExpenseId=2763 200 0 0 151195
2018-07-16 14:44:55 ::1 GET /ExpenseDetail/GetVendorNamesJson UserId477&_=1531752295847 51722 androidtest@abc.com ::1 Mozilla/5.0+(Windows+NT+10.0;+Win64;+x64)+AppleWebKit/537.36+(KHTML,+like+Gecko)+Chrome/67.0.3396.99+Safari/537.36 http://localhost:51722/Expense/AddTransactionToReport?ExpenseId=2763 200 0 0 271
2018-07-16 14:44:58 ::1 GET /AjaxCall/GetCustomerList/ UserId=477 51722 androidtest@abc.com ::1 Mozilla/5.0+(Windows+NT+10.0;+Win64;+x64)+AppleWebKit/537.36+(KHTML,+like+Gecko)+Chrome/67.0.3396.99+Safari/537.36 http://localhost:51722/Expense/AddTransactionToReport?ExpenseId=2763 200 0 0 156414
2018-07-16 14:44:58 ::1 GET /AjaxCall/GetCustomers/ - 51722 androidtest@abc.com ::1 Mozilla/5.0+(Windows+NT+10.0;+Win64;+x64)+AppleWebKit/537.36+(KHTML,+like+Gecko)+Chrome/67.0.3396.99+Safari/537.36 http://localhost:51722/Expense/AddTransactionToReport?ExpenseId=2763 200 0 0 3311
2018-07-16 14:45:00 ::1 GET /AjaxCall/GetProjects/ CustomerName=GORILLA%20EXPENSE%20(PROJECT%206%20&%207,%208%20&%209) 51722 androidtest@abc.com ::1 Mozilla/5.0+(Windows+NT+10.0;+Win64;+x64)+AppleWebKit/537.36+(KHTML,+like+Gecko)+Chrome/67.0.3396.99+Safari/537.36 http://localhost:51722/Expense/AddTransactionToReport?ExpenseId=2763 200 0 0 772
2018-07-16 14:45:03 ::1 GET /AjaxCall/GetProjectList/ CustomerId=0&UserId=477&ExpenseDate=07/16/2018 51722 androidtest@abc.com ::1 Mozilla/5.0+(Windows+NT+10.0;+Win64;+x64)+AppleWebKit/537.36+(KHTML,+like+Gecko)+Chrome/67.0.3396.99+Safari/537.36 http://localhost:51722/Expense/AddTransactionToReport?ExpenseId=2763 200 0 0 4570
2018-07-16 14:45:03 ::1 GET /AjaxCall/GetProjectTaskList/ ProjectId=0&ExpenseDate=07/16/2018&TaskType=Expense 51722 androidtest@abc.com ::1 Mozilla/5.0+(Windows+NT+10.0;+Win64;+x64)+AppleWebKit/537.36+(KHTML,+like+Gecko)+Chrome/67.0.3396.99+Safari/537.36 http://localhost:51722/Expense/AddTransactionToReport?ExpenseId=2763 200 0 0 21
2018-07-16 14:45:03 ::1 GET /AjaxCall/GetApproverList/ ProjectId=0 51722 androidtest@abc.com ::1 Mozilla/5.0+(Windows+NT+10.0;+Win64;+x64)+AppleWebKit/537.36+(KHTML,+like+Gecko)+Chrome/67.0.3396.99+Safari/537.36 http://localhost:51722/Expense/AddTransactionToReport?ExpenseId=2763 200 0 0 253
2018-07-16 14:45:05 ::1 GET /Expense/GetViolationReasonsList/ ExpenseTypeId=211 51722 androidtest@abc.com ::1 Mozilla/5.0+(Windows+NT+10.0;+Win64;+x64)+AppleWebKit/537.36+(KHTML,+like+Gecko)+Chrome/67.0.3396.99+Safari/537.36 http://localhost:51722/Expense/AddTransactionToReport?ExpenseId=2763 200 0 0 765
2018-07-16 14:45:05 ::1 GET /ExpenseDetail/GetExpenseTypePolicyAmount ExpenseTypeId=211 51722 androidtest@abc.com ::1 Mozilla/5.0+(Windows+NT+10.0;+Win64;+x64)+AppleWebKit/537.36+(KHTML,+like+Gecko)+Chrome/67.0.3396.99+Safari/537.36 http://localhost:51722/Expense/AddTransactionToReport?ExpenseId=2763 200 0 0 1458
2018-07-16 14:45:05 ::1 GET /ExpenseDetail/GetCurrencyRate currencyId=168&transactionDate=16/07/2018 51722 androidtest@abc.com ::1 Mozilla/5.0+(Windows+NT+10.0;+Win64;+x64)+AppleWebKit/537.36+(KHTML,+like+Gecko)+Chrome/67.0.3396.99+Safari/537.36 http://localhost:51722/Expense/AddTransactionToReport?ExpenseId=2763 200 0 0 283
2018-07-16 14:45:09 ::1 GET /AjaxCall/FindAndApplyCodeCombinationRule/ ProjectId=0&ExpenseTypeId=211&ExpenseDate=16/07/2018 51722 androidtest@abc.com ::1 Mozilla/5.0+(Windows+NT+10.0;+Win64;+x64)+AppleWebKit/537.36+(KHTML,+like+Gecko)+Chrome/67.0.3396.99+Safari/537.36 http://localhost:51722/Expense/AddTransactionToReport?ExpenseId=2763 200 0 0 2783
2018-07-16 14:45:09 ::1 GET /AjaxCall/GetBusinessActivityList/ - 51722 androidtest@abc.com ::1 Mozilla/5.0+(Windows+NT+10.0;+Win64;+x64)+AppleWebKit/537.36+(KHTML,+like+Gecko)+Chrome/67.0.3396.99+Safari/537.36 http://localhost:51722/Expense/AddTransactionToReport?ExpenseId=2763 200 0 0 253
2018-07-16 14:45:10 ::1 GET /Expense/GetReceiptViolationReasonsList/ ExpenseTypeId=211 51722 androidtest@abc.com ::1 Mozilla/5.0+(Windows+NT+10.0;+Win64;+x64)+AppleWebKit/537.36+(KHTML,+like+Gecko)+Chrome/67.0.3396.99+Safari/537.36 http://localhost:51722/Expense/AddTransactionToReport?ExpenseId=2763 200 0 0 5268
2018-07-16 14:45:13 ::1 GET /ExpenseDetail/SelectSourceToAttachReceipt TransactionSource=Web&ExpenseUserId=477&BankExpenseDetailId=0 51722 androidtest@abc.com ::1 Mozilla/5.0+(Windows+NT+10.0;+Win64;+x64)+AppleWebKit/537.36+(KHTML,+like+Gecko)+Chrome/67.0.3396.99+Safari/537.36 http://localhost:51722/Expense/AddTransactionToReport?ExpenseId=2763 200 0 0 1192
2018-07-16 14:45:26 ::1 GET /ReceiptBox/AttachRecieptToExpenseReportFromRecieptBox UserId=477 51722 androidtest@abc.com ::1 Mozilla/5.0+(Windows+NT+10.0;+Win64;+x64)+AppleWebKit/537.36+(KHTML,+like+Gecko)+Chrome/67.0.3396.99+Safari/537.36 http://localhost:51722/Expense/AddTransactionToReport?ExpenseId=2763 200 0 0 11434
2018-07-16 14:45:35 ::1 GET /PayMethod/GetPayMethodIsReimbursable MethodId=2 51722 androidtest@abc.com ::1 Mozilla/5.0+(Windows+NT+10.0;+Win64;+x64)+AppleWebKit/537.36+(KHTML,+like+Gecko)+Chrome/67.0.3396.99+Safari/537.36 http://localhost:51722/Expense/AddTransactionToReport?ExpenseId=2763 200 0 0 270
2018-07-16 14:45:45 ::1 GET /Expense/IsExpenseTypeBudgetExceeded projectId=0&ConvertedAmount=1.00&ExpenseDetailID=0&CurrencyId=168&UserId=477&ExpenseTypeId=211&ExpenseDate=16/07/2018 51722 androidtest@abc.com ::1 Mozilla/5.0+(Windows+NT+10.0;+Win64;+x64)+AppleWebKit/537.36+(KHTML,+like+Gecko)+Chrome/67.0.3396.99+Safari/537.36 http://localhost:51722/Expense/AddTransactionToReport?ExpenseId=2763 200 0 0 730
2018-07-16 14:45:48 ::1 POST /Expense/AddNewTransaction - 51722 androidtest@abc.com ::1 Mozilla/5.0+(Windows+NT+10.0;+Win64;+x64)+AppleWebKit/537.36+(KHTML,+like+Gecko)+Chrome/67.0.3396.99+Safari/537.36 http://localhost:51722/Expense/AddTransactionToReport?ExpenseId=2763 302 0 0 3426
2018-07-16 14:46:31 ::1 GET /Expense/AddTransactionToReport ExpenseId=2763 51722 androidtest@abc.com ::1 Mozilla/5.0+(Windows+NT+10.0;+Win64;+x64)+AppleWebKit/537.36+(KHTML,+like+Gecko)+Chrome/67.0.3396.99+Safari/537.36 http://localhost:51722/Expense/AddTransactionToReport?ExpenseId=2763 200 0 0 42349
2018-07-16 14:46:31 ::1 GET /Expense/GetTravelTypeHeaderMapping TravelTypeId=19 51722 androidtest@abc.com ::1 Mozilla/5.0+(Windows+NT+10.0;+Win64;+x64)+AppleWebKit/537.36+(KHTML,+like+Gecko)+Chrome/67.0.3396.99+Safari/537.36 http://localhost:51722/Expense/AddTransactionToReport?ExpenseId=2763 200 0 0 243
2018-07-16 14:46:32 ::1 GET /AjaxCall/GetCustomers/ _=1531752391894 51722 androidtest@abc.com ::1 Mozilla/5.0+(Windows+NT+10.0;+Win64;+x64)+AppleWebKit/537.36+(KHTML,+like+Gecko)+Chrome/67.0.3396.99+Safari/537.36 http://localhost:51722/Expense/AddTransactionToReport?ExpenseId=2763 200 0 0 268
2018-07-16 14:46:41 ::1 GET /Expense/PrepareExpenseApprovalProgressBar/ ExpenseId=2763&UserId=477&_=1531752391616 51722 androidtest@abc.com ::1 Mozilla/5.0+(Windows+NT+10.0;+Win64;+x64)+AppleWebKit/537.36+(KHTML,+like+Gecko)+Chrome/67.0.3396.99+Safari/537.36 http://localhost:51722/Expense/AddTransactionToReport?ExpenseId=2763 200 0 0 9879
2018-07-16 14:46:41 ::1 GET /TravelType/IsSubTravelCashAdvanced TravelTypeId=19 51722 androidtest@abc.com ::1 Mozilla/5.0+(Windows+NT+10.0;+Win64;+x64)+AppleWebKit/537.36+(KHTML,+like+Gecko)+Chrome/67.0.3396.99+Safari/537.36 http://localhost:51722/Expense/AddTransactionToReport?ExpenseId=2763 200 0 0 10505
2018-07-16 14:48:02 ::1 GET /Expense/AddNewTransaction ExpenseId=2763 51722 androidtest@abc.com ::1 Mozilla/5.0+(Windows+NT+10.0;+Win64;+x64)+AppleWebKit/537.36+(KHTML,+like+Gecko)+Chrome/67.0.3396.99+Safari/537.36 http://localhost:51722/Expense/AddTransactionToReport?ExpenseId=2763 200 0 0 11669
2018-07-16 14:48:12 ::1 GET /ExpenseDetail/DisplayReceipt ExpenseDetailId=14322 51722 androidtest@abc.com ::1 Mozilla/5.0+(Windows+NT+10.0;+Win64;+x64)+AppleWebKit/537.36+(KHTML,+like+Gecko)+Chrome/67.0.3396.99+Safari/537.36 http://localhost:51722/Expense/AddTransactionToReport?ExpenseId=2763 200 0 0 2417
2018-07-16 14:48:12 ::1 GET /Scripts/displayreceipt-js v=2AlxdAYRlyg_4qrIwaOxfz6Y81AbcAqGH-bMVM7WxRg1 51722 androidtest@abc.com ::1 Mozilla/5.0+(Windows+NT+10.0;+Win64;+x64)+AppleWebKit/537.36+(KHTML,+like+Gecko)+Chrome/67.0.3396.99+Safari/537.36 http://localhost:51722/Expense/AddTransactionToReport?ExpenseId=2763 200 0 0 15
2018-07-16 14:48:29 ::1 GET /Expense/AddNewTransaction ExpenseId=2763 51722 androidtest@abc.com ::1 Mozilla/5.0+(Windows+NT+10.0;+Win64;+x64)+AppleWebKit/537.36+(KHTML,+like+Gecko)+Chrome/67.0.3396.99+Safari/537.36 http://localhost:51722/Expense/AddTransactionToReport?ExpenseId=2763 200 0 0 11828
2018-07-16 14:49:28 ::1 GET /ExpenseDetail/SelectSourceToAttachReceipt TransactionSource=Web&ExpenseUserId=477&BankExpenseDetailId=0 51722 androidtest@abc.com ::1 Mozilla/5.0+(Windows+NT+10.0;+Win64;+x64)+AppleWebKit/537.36+(KHTML,+like+Gecko)+Chrome/67.0.3396.99+Safari/537.36 http://localhost:51722/Expense/AddTransactionToReport?ExpenseId=2763 200 0 0 716
2018-07-16 14:49:36 ::1 GET /ReceiptBox/AttachRecieptToExpenseReportFromRecieptBox UserId=477 51722 androidtest@abc.com ::1 Mozilla/5.0+(Windows+NT+10.0;+Win64;+x64)+AppleWebKit/537.36+(KHTML,+like+Gecko)+Chrome/67.0.3396.99+Safari/537.36 http://localhost:51722/Expense/AddTransactionToReport?ExpenseId=2763 200 0 0 6193
2018-07-16 14:49:58 ::1 POST /Expense/AddNewTransaction - 51722 androidtest@abc.com ::1 Mozilla/5.0+(Windows+NT+10.0;+Win64;+x64)+AppleWebKit/537.36+(KHTML,+like+Gecko)+Chrome/67.0.3396.99+Safari/537.36 http://localhost:51722/Expense/AddTransactionToReport?ExpenseId=2763 302 0 0 4114
2018-07-16 14:50:38 ::1 GET /Expense/AddTransactionToReport ExpenseId=2763 51722 androidtest@abc.com ::1 Mozilla/5.0+(Windows+NT+10.0;+Win64;+x64)+AppleWebKit/537.36+(KHTML,+like+Gecko)+Chrome/67.0.3396.99+Safari/537.36 http://localhost:51722/Expense/AddTransactionToReport?ExpenseId=2763 200 0 0 39944
2018-07-16 14:50:39 ::1 GET /TravelType/IsSubTravelCashAdvanced TravelTypeId=19 51722 androidtest@abc.com ::1 Mozilla/5.0+(Windows+NT+10.0;+Win64;+x64)+AppleWebKit/537.36+(KHTML,+like+Gecko)+Chrome/67.0.3396.99+Safari/537.36 http://localhost:51722/Expense/AddTransactionToReport?ExpenseId=2763 200 0 0 592
2018-07-16 14:50:39 ::1 GET /Expense/GetTravelTypeHeaderMapping TravelTypeId=19 51722 androidtest@abc.com ::1 Mozilla/5.0+(Windows+NT+10.0;+Win64;+x64)+AppleWebKit/537.36+(KHTML,+like+Gecko)+Chrome/67.0.3396.99+Safari/537.36 http://localhost:51722/Expense/AddTransactionToReport?ExpenseId=2763 200 0 0 1274
2018-07-16 14:50:39 ::1 GET /AjaxCall/GetCustomers/ _=1531752640526 51722 androidtest@abc.com ::1 Mozilla/5.0+(Windows+NT+10.0;+Win64;+x64)+AppleWebKit/537.36+(KHTML,+like+Gecko)+Chrome/67.0.3396.99+Safari/537.36 http://localhost:51722/Expense/AddTransactionToReport?ExpenseId=2763 200 0 0 278
2018-07-16 14:50:50 ::1 GET /Expense/PrepareExpenseApprovalProgressBar/ ExpenseId=2763&UserId=477&_=1531752639255 51722 androidtest@abc.com ::1 Mozilla/5.0+(Windows+NT+10.0;+Win64;+x64)+AppleWebKit/537.36+(KHTML,+like+Gecko)+Chrome/67.0.3396.99+Safari/537.36 http://localhost:51722/Expense/AddTransactionToReport?ExpenseId=2763 200 0 0 10903
2018-07-16 14:56:38 ::1 GET /Expense/AddNewTransaction ExpenseId=2763 51722 androidtest@abc.com ::1 Mozilla/5.0+(Windows+NT+10.0;+Win64;+x64)+AppleWebKit/537.36+(KHTML,+like+Gecko)+Chrome/67.0.3396.99+Safari/537.36 http://localhost:51722/Expense/AddTransactionToReport?ExpenseId=2763 200 0 0 16420
2018-07-16 14:56:38 ::1 GET /ExpenseDetail/GetVendorNamesJson UserId477&_=1531752999100 51722 androidtest@abc.com ::1 Mozilla/5.0+(Windows+NT+10.0;+Win64;+x64)+AppleWebKit/537.36+(KHTML,+like+Gecko)+Chrome/67.0.3396.99+Safari/537.36 http://localhost:51722/Expense/AddTransactionToReport?ExpenseId=2763 200 0 0 240
2018-07-16 14:57:57 ::1 GET /Expense/GetReceiptViolationReasonsList/ ExpenseTypeId=105 51722 androidtest@abc.com ::1 Mozilla/5.0+(Windows+NT+10.0;+Win64;+x64)+AppleWebKit/537.36+(KHTML,+like+Gecko)+Chrome/67.0.3396.99+Safari/537.36 http://localhost:51722/Expense/AddTransactionToReport?ExpenseId=2763 200 0 0 709
2018-07-16 14:57:58 ::1 GET /Expense/GetViolationReasonsList/ ExpenseTypeId=105 51722 androidtest@abc.com ::1 Mozilla/5.0+(Windows+NT+10.0;+Win64;+x64)+AppleWebKit/537.36+(KHTML,+like+Gecko)+Chrome/67.0.3396.99+Safari/537.36 http://localhost:51722/Expense/AddTransactionToReport?ExpenseId=2763 200 0 0 1721
2018-07-16 14:57:58 ::1 GET /ExpenseDetail/GetExpenseTypePolicyAmount ExpenseTypeId=105 51722 androidtest@abc.com ::1 Mozilla/5.0+(Windows+NT+10.0;+Win64;+x64)+AppleWebKit/537.36+(KHTML,+like+Gecko)+Chrome/67.0.3396.99+Safari/537.36 http://localhost:51722/Expense/AddTransactionToReport?ExpenseId=2763 200 0 0 2478
2018-07-16 14:58:02 ::1 GET /AjaxCall/FindAndApplyCodeCombinationRule/ ProjectId=0&ExpenseTypeId=105&ExpenseDate=16/07/2018 51722 androidtest@abc.com ::1 Mozilla/5.0+(Windows+NT+10.0;+Win64;+x64)+AppleWebKit/537.36+(KHTML,+like+Gecko)+Chrome/67.0.3396.99+Safari/537.36 http://localhost:51722/Expense/AddTransactionToReport?ExpenseId=2763 200 0 0 2973
2018-07-16 14:58:06 ::1 GET /ExpenseDetail/SelectSourceToAttachReceipt TransactionSource=Web&ExpenseUserId=477&BankExpenseDetailId=0 51722 androidtest@abc.com ::1 Mozilla/5.0+(Windows+NT+10.0;+Win64;+x64)+AppleWebKit/537.36+(KHTML,+like+Gecko)+Chrome/67.0.3396.99+Safari/537.36 http://localhost:51722/Expense/AddTransactionToReport?ExpenseId=2763 200 0 0 718
2018-07-16 14:58:14 ::1 GET /ReceiptBox/AttachRecieptToExpenseReportFromRecieptBox UserId=477 51722 androidtest@abc.com ::1 Mozilla/5.0+(Windows+NT+10.0;+Win64;+x64)+AppleWebKit/537.36+(KHTML,+like+Gecko)+Chrome/67.0.3396.99+Safari/537.36 http://localhost:51722/Expense/AddTransactionToReport?ExpenseId=2763 200 0 0 7253
2018-07-16 14:58:33 ::1 GET /Expense/jquery.qtip.min.map - 51722 - ::1 Mozilla/5.0+(Windows+NT+10.0;+Win64;+x64)+AppleWebKit/537.36+(KHTML,+like+Gecko)+Chrome/67.0.3396.99+Safari/537.36 - 404 0 2 8
2018-07-16 14:58:53 ::1 GET /Expense/IsExpenseTypeBudgetExceeded projectId=0&ConvertedAmount=11.00&ExpenseDetailID=0&CurrencyId=168&UserId=477&ExpenseTypeId=105&ExpenseDate=16/07/2018 51722 androidtest@abc.com ::1 Mozilla/5.0+(Windows+NT+10.0;+Win64;+x64)+AppleWebKit/537.36+(KHTML,+like+Gecko)+Chrome/67.0.3396.99+Safari/537.36 http://localhost:51722/Expense/AddTransactionToReport?ExpenseId=2763 200 0 0 700
2018-07-16 14:58:57 ::1 POST /Expense/AddNewTransaction - 51722 androidtest@abc.com ::1 Mozilla/5.0+(Windows+NT+10.0;+Win64;+x64)+AppleWebKit/537.36+(KHTML,+like+Gecko)+Chrome/67.0.3396.99+Safari/537.36 http://localhost:51722/Expense/AddTransactionToReport?ExpenseId=2763 302 0 0 3344
2018-07-16 14:59:38 ::1 GET /Expense/AddTransactionToReport ExpenseId=2763 51722 androidtest@abc.com ::1 Mozilla/5.0+(Windows+NT+10.0;+Win64;+x64)+AppleWebKit/537.36+(KHTML,+like+Gecko)+Chrome/67.0.3396.99+Safari/537.36 http://localhost:51722/Expense/AddTransactionToReport?ExpenseId=2763 200 0 0 41110
2018-07-16 14:59:40 ::1 GET /User/LogOn - 51722 androidtest@abc.com ::1 Mozilla/5.0+(Windows+NT+10.0;+Win64;+x64)+AppleWebKit/537.36+(KHTML,+like+Gecko)+Chrome/67.0.3396.99+Safari/537.36 http://localhost:51722/Expense/AddTransactionToReport?ExpenseId=2763 302 0 64 41655
2018-07-16 14:59:50 ::1 GET /Expense/PrepareExpenseApprovalProgressBar/ ExpenseId=2763&UserId=477&_=1531753179252 51722 androidtest@abc.com ::1 Mozilla/5.0+(Windows+NT+10.0;+Win64;+x64)+AppleWebKit/537.36+(KHTML,+like+Gecko)+Chrome/67.0.3396.99+Safari/537.36 http://localhost:51722/Expense/AddTransactionToReport?ExpenseId=2763 200 0 0 10832
2018-07-16 14:59:50 ::1 GET /Expense/GetTravelTypeHeaderMapping TravelTypeId=19 51722 androidtest@abc.com ::1 Mozilla/5.0+(Windows+NT+10.0;+Win64;+x64)+AppleWebKit/537.36+(KHTML,+like+Gecko)+Chrome/67.0.3396.99+Safari/537.36 http://localhost:51722/Expense/AddTransactionToReport?ExpenseId=2763 200 0 0 11385
2018-07-16 14:59:50 ::1 GET /AjaxCall/GetCustomers/ _=1531753190650 51722 androidtest@abc.com ::1 Mozilla/5.0+(Windows+NT+10.0;+Win64;+x64)+AppleWebKit/537.36+(KHTML,+like+Gecko)+Chrome/67.0.3396.99+Safari/537.36 http://localhost:51722/Expense/AddTransactionToReport?ExpenseId=2763 200 0 0 304
2018-07-16 14:59:51 ::1 GET /TravelType/IsSubTravelCashAdvanced TravelTypeId=19 51722 androidtest@abc.com ::1 Mozilla/5.0+(Windows+NT+10.0;+Win64;+x64)+AppleWebKit/537.36+(KHTML,+like+Gecko)+Chrome/67.0.3396.99+Safari/537.36 http://localhost:51722/Expense/AddTransactionToReport?ExpenseId=2763 200 0 0 12601
2018-07-16 14:59:56 ::1 GET /Expense/native - 51722 androidtest@abc.com ::1 Mozilla/5.0+(Windows+NT+10.0;+Win64;+x64)+AppleWebKit/537.36+(KHTML,+like+Gecko)+Chrome/67.0.3396.99+Safari/537.36 - 302 0 64 33356
2018-07-16 15:00:09 ::1 GET /Expense/AddNewTransaction ExpenseId=2763 51722 androidtest@abc.com ::1 Mozilla/5.0+(Windows+NT+10.0;+Win64;+x64)+AppleWebKit/537.36+(KHTML,+like+Gecko)+Chrome/67.0.3396.99+Safari/537.36 http://localhost:51722/Expense/AddTransactionToReport?ExpenseId=2763 200 0 0 15725
2018-07-16 15:00:09 ::1 GET /ExpenseDetail/GetVendorNamesJson UserId477&_=1531753210364 51722 androidtest@abc.com ::1 Mozilla/5.0+(Windows+NT+10.0;+Win64;+x64)+AppleWebKit/537.36+(KHTML,+like+Gecko)+Chrome/67.0.3396.99+Safari/537.36 http://localhost:51722/Expense/AddTransactionToReport?ExpenseId=2763 200 0 0 441
2018-07-16 15:00:24 ::1 GET /ExpenseDetail/SelectSourceToAttachReceipt TransactionSource=Web&ExpenseUserId=477&BankExpenseDetailId=0 51722 androidtest@abc.com ::1 Mozilla/5.0+(Windows+NT+10.0;+Win64;+x64)+AppleWebKit/537.36+(KHTML,+like+Gecko)+Chrome/67.0.3396.99+Safari/537.36 http://localhost:51722/Expense/AddTransactionToReport?ExpenseId=2763 200 0 0 755
2018-07-16 15:00:30 ::1 GET /ReceiptBox/AttachRecieptToExpenseReportFromRecieptBox UserId=477 51722 androidtest@abc.com ::1 Mozilla/5.0+(Windows+NT+10.0;+Win64;+x64)+AppleWebKit/537.36+(KHTML,+like+Gecko)+Chrome/67.0.3396.99+Safari/537.36 http://localhost:51722/Expense/AddTransactionToReport?ExpenseId=2763 200 0 0 5446
2018-07-16 15:00:30 ::1 GET /Expense/jquery.qtip.min.map - 51722 - ::1 Mozilla/5.0+(Windows+NT+10.0;+Win64;+x64)+AppleWebKit/537.36+(KHTML,+like+Gecko)+Chrome/67.0.3396.99+Safari/537.36 - 404 0 2 2
2018-07-16 15:04:27 ::1 GET /Expense/IsExpenseTypeBudgetExceeded projectId=0&ConvertedAmount=1.00&ExpenseDetailID=0&CurrencyId=168&UserId=477&ExpenseTypeId=211&ExpenseDate=16/07/2018 51722 androidtest@abc.com ::1 Mozilla/5.0+(Windows+NT+10.0;+Win64;+x64)+AppleWebKit/537.36+(KHTML,+like+Gecko)+Chrome/67.0.3396.99+Safari/537.36 http://localhost:51722/Expense/AddTransactionToReport?ExpenseId=2763 200 0 0 710
2018-07-16 15:04:31 ::1 POST /Expense/AddNewTransaction - 51722 androidtest@abc.com ::1 Mozilla/5.0+(Windows+NT+10.0;+Win64;+x64)+AppleWebKit/537.36+(KHTML,+like+Gecko)+Chrome/67.0.3396.99+Safari/537.36 http://localhost:51722/Expense/AddTransactionToReport?ExpenseId=2763 302 0 0 3300
2018-07-16 15:05:59 ::1 GET /Expense/AddTransactionToReport ExpenseId=2763 51722 androidtest@abc.com ::1 Mozilla/5.0+(Windows+NT+10.0;+Win64;+x64)+AppleWebKit/537.36+(KHTML,+like+Gecko)+Chrome/67.0.3396.99+Safari/537.36 http://localhost:51722/Expense/AddTransactionToReport?ExpenseId=2763 200 0 0 88303
2018-07-16 15:05:59 ::1 GET /TravelType/IsSubTravelCashAdvanced TravelTypeId=19 51722 androidtest@abc.com ::1 Mozilla/5.0+(Windows+NT+10.0;+Win64;+x64)+AppleWebKit/537.36+(KHTML,+like+Gecko)+Chrome/67.0.3396.99+Safari/537.36 http://localhost:51722/Expense/AddTransactionToReport?ExpenseId=2763 200 0 0 497
2018-07-16 15:06:00 ::1 GET /Expense/GetTravelTypeHeaderMapping TravelTypeId=19 51722 androidtest@abc.com ::1 Mozilla/5.0+(Windows+NT+10.0;+Win64;+x64)+AppleWebKit/537.36+(KHTML,+like+Gecko)+Chrome/67.0.3396.99+Safari/537.36 http://localhost:51722/Expense/AddTransactionToReport?ExpenseId=2763 200 0 0 741
2018-07-16 15:06:00 ::1 GET /AjaxCall/GetCustomers/ _=1531753560517 51722 androidtest@abc.com ::1 Mozilla/5.0+(Windows+NT+10.0;+Win64;+x64)+AppleWebKit/537.36+(KHTML,+like+Gecko)+Chrome/67.0.3396.99+Safari/537.36 http://localhost:51722/Expense/AddTransactionToReport?ExpenseId=2763 200 0 0 248
2018-07-16 15:06:11 ::1 GET /Expense/PrepareExpenseApprovalProgressBar/ ExpenseId=2763&UserId=477&_=1531753559743 51722 androidtest@abc.com ::1 Mozilla/5.0+(Windows+NT+10.0;+Win64;+x64)+AppleWebKit/537.36+(KHTML,+like+Gecko)+Chrome/67.0.3396.99+Safari/537.36 http://localhost:51722/Expense/AddTransactionToReport?ExpenseId=2763 200 0 0 11489
2018-07-16 15:10:20 ::1 GET /Expense/AddNewTransaction ExpenseId=2763 51722 androidtest@abc.com ::1 Mozilla/5.0+(Windows+NT+10.0;+Win64;+x64)+AppleWebKit/537.36+(KHTML,+like+Gecko)+Chrome/67.0.3396.99+Safari/537.36 http://localhost:51722/Expense/AddTransactionToReport?ExpenseId=2763 200 0 0 15461
2018-07-16 15:10:20 ::1 GET /ExpenseDetail/GetVendorNamesJson UserId477&_=1531753820612 51722 androidtest@abc.com ::1 Mozilla/5.0+(Windows+NT+10.0;+Win64;+x64)+AppleWebKit/537.36+(KHTML,+like+Gecko)+Chrome/67.0.3396.99+Safari/537.36 http://localhost:51722/Expense/AddTransactionToReport?ExpenseId=2763 200 0 0 234
2018-07-16 15:10:26 ::1 GET /ExpenseDetail/GetExpenseTypePolicyAmount ExpenseTypeId=124 51722 androidtest@abc.com ::1 Mozilla/5.0+(Windows+NT+10.0;+Win64;+x64)+AppleWebKit/537.36+(KHTML,+like+Gecko)+Chrome/67.0.3396.99+Safari/537.36 http://localhost:51722/Expense/AddTransactionToReport?ExpenseId=2763 200 0 0 455
2018-07-16 15:10:29 ::1 GET /AjaxCall/FindAndApplyCodeCombinationRule/ ProjectId=0&ExpenseTypeId=124&ExpenseDate=16/07/2018 51722 androidtest@abc.com ::1 Mozilla/5.0+(Windows+NT+10.0;+Win64;+x64)+AppleWebKit/537.36+(KHTML,+like+Gecko)+Chrome/67.0.3396.99+Safari/537.36 http://localhost:51722/Expense/AddTransactionToReport?ExpenseId=2763 200 0 0 3335
2018-07-16 15:10:29 ::1 GET /Expense/GetViolationReasonsList/ ExpenseTypeId=124 51722 androidtest@abc.com ::1 Mozilla/5.0+(Windows+NT+10.0;+Win64;+x64)+AppleWebKit/537.36+(KHTML,+like+Gecko)+Chrome/67.0.3396.99+Safari/537.36 http://localhost:51722/Expense/AddTransactionToReport?ExpenseId=2763 200 0 0 4686
2018-07-16 15:10:31 ::1 GET /Expense/GetReceiptViolationReasonsList/ ExpenseTypeId=124 51722 androidtest@abc.com ::1 Mozilla/5.0+(Windows+NT+10.0;+Win64;+x64)+AppleWebKit/537.36+(KHTML,+like+Gecko)+Chrome/67.0.3396.99+Safari/537.36 http://localhost:51722/Expense/AddTransactionToReport?ExpenseId=2763 200 0 0 5724
2018-07-16 15:10:34 ::1 GET /PayMethod/GetPayMethodIsReimbursable MethodId=65 51722 androidtest@abc.com ::1 Mozilla/5.0+(Windows+NT+10.0;+Win64;+x64)+AppleWebKit/537.36+(KHTML,+like+Gecko)+Chrome/67.0.3396.99+Safari/537.36 http://localhost:51722/Expense/AddTransactionToReport?ExpenseId=2763 200 0 0 244
2018-07-16 15:10:38 ::1 GET /ExpenseDetail/SelectSourceToAttachReceipt TransactionSource=Web&ExpenseUserId=477&BankExpenseDetailId=0 51722 androidtest@abc.com ::1 Mozilla/5.0+(Windows+NT+10.0;+Win64;+x64)+AppleWebKit/537.36+(KHTML,+like+Gecko)+Chrome/67.0.3396.99+Safari/537.36 http://localhost:51722/Expense/AddTransactionToReport?ExpenseId=2763 200 0 0 706
2018-07-16 15:10:51 ::1 GET /ReceiptBox/AttachRecieptToExpenseReportFromRecieptBox UserId=477 51722 androidtest@abc.com ::1 Mozilla/5.0+(Windows+NT+10.0;+Win64;+x64)+AppleWebKit/537.36+(KHTML,+like+Gecko)+Chrome/67.0.3396.99+Safari/537.36 http://localhost:51722/Expense/AddTransactionToReport?ExpenseId=2763 200 0 0 11023
2018-07-16 15:11:00 ::1 GET /Expense/IsExpenseTypeBudgetExceeded projectId=0&ConvertedAmount=1.00&ExpenseDetailID=0&CurrencyId=168&UserId=477&ExpenseTypeId=124&ExpenseDate=16/07/2018 51722 androidtest@abc.com ::1 Mozilla/5.0+(Windows+NT+10.0;+Win64;+x64)+AppleWebKit/537.36+(KHTML,+like+Gecko)+Chrome/67.0.3396.99+Safari/537.36 http://localhost:51722/Expense/AddTransactionToReport?ExpenseId=2763 200 0 0 735
2018-07-16 15:11:04 ::1 POST /Expense/AddNewTransaction - 51722 androidtest@abc.com ::1 Mozilla/5.0+(Windows+NT+10.0;+Win64;+x64)+AppleWebKit/537.36+(KHTML,+like+Gecko)+Chrome/67.0.3396.99+Safari/537.36 http://localhost:51722/Expense/AddTransactionToReport?ExpenseId=2763 302 0 0 3156
2018-07-16 15:11:55 ::1 GET /Expense/AddTransactionToReport ExpenseId=2763 51722 androidtest@abc.com ::1 Mozilla/5.0+(Windows+NT+10.0;+Win64;+x64)+AppleWebKit/537.36+(KHTML,+like+Gecko)+Chrome/67.0.3396.99+Safari/537.36 http://localhost:51722/Expense/AddTransactionToReport?ExpenseId=2763 200 0 0 51235
2018-07-16 15:12:04 ::1 GET /Expense/PrepareExpenseApprovalProgressBar/ ExpenseId=2763&UserId=477&_=1531753915873 51722 androidtest@abc.com ::1 Mozilla/5.0+(Windows+NT+10.0;+Win64;+x64)+AppleWebKit/537.36+(KHTML,+like+Gecko)+Chrome/67.0.3396.99+Safari/537.36 http://localhost:51722/Expense/AddTransactionToReport?ExpenseId=2763 200 0 0 8603
2018-07-16 15:12:04 ::1 GET /Expense/GetTravelTypeHeaderMapping TravelTypeId=19 51722 androidtest@abc.com ::1 Mozilla/5.0+(Windows+NT+10.0;+Win64;+x64)+AppleWebKit/537.36+(KHTML,+like+Gecko)+Chrome/67.0.3396.99+Safari/537.36 http://localhost:51722/Expense/AddTransactionToReport?ExpenseId=2763 200 0 0 9309
2018-07-16 15:12:04 ::1 GET /AjaxCall/GetCustomers/ _=1531753925207 51722 androidtest@abc.com ::1 Mozilla/5.0+(Windows+NT+10.0;+Win64;+x64)+AppleWebKit/537.36+(KHTML,+like+Gecko)+Chrome/67.0.3396.99+Safari/537.36 http://localhost:51722/Expense/AddTransactionToReport?ExpenseId=2763 200 0 0 264
2018-07-16 15:12:06 ::1 GET /TravelType/IsSubTravelCashAdvanced TravelTypeId=19 51722 androidtest@abc.com ::1 Mozilla/5.0+(Windows+NT+10.0;+Win64;+x64)+AppleWebKit/537.36+(KHTML,+like+Gecko)+Chrome/67.0.3396.99+Safari/537.36 http://localhost:51722/Expense/AddTransactionToReport?ExpenseId=2763 200 0 0 10502
2018-07-16 15:15:17 ::1 GET /ExpenseDetail/SelectSourceToUploadReceipt id=14323&TransactionSource=Web&ExpenseUserId=477&currentAction=AddTransactionToReport&TransactionReferenceType=Actual&_=1531754117278 51722 androidtest@abc.com ::1 Mozilla/5.0+(Windows+NT+10.0;+Win64;+x64)+AppleWebKit/537.36+(KHTML,+like+Gecko)+Chrome/67.0.3396.99+Safari/537.36 http://localhost:51722/Expense/AddTransactionToReport?ExpenseId=2763 200 0 0 100
2018-07-16 15:15:17 ::1 GET /Scripts/v2/jquery.validate.unobtrusive.js _=1531754117391 51722 - ::1 Mozilla/5.0+(Windows+NT+10.0;+Win64;+x64)+AppleWebKit/537.36+(KHTML,+like+Gecko)+Chrome/67.0.3396.99+Safari/537.36 http://localhost:51722/Expense/AddTransactionToReport?ExpenseId=2763 200 0 0 29
2018-07-16 15:18:14 ::1 GET /Expense/AddNewTransaction ExpenseId=2763 51722 androidtest@abc.com ::1 Mozilla/5.0+(Windows+NT+10.0;+Win64;+x64)+AppleWebKit/537.36+(KHTML,+like+Gecko)+Chrome/67.0.3396.99+Safari/537.36 http://localhost:51722/Expense/AddTransactionToReport?ExpenseId=2763 200 0 0 24313
2018-07-16 15:18:15 ::1 GET /ExpenseDetail/GetVendorNamesJson UserId477&_=1531754295150 51722 androidtest@abc.com ::1 Mozilla/5.0+(Windows+NT+10.0;+Win64;+x64)+AppleWebKit/537.36+(KHTML,+like+Gecko)+Chrome/67.0.3396.99+Safari/537.36 http://localhost:51722/Expense/AddTransactionToReport?ExpenseId=2763 200 0 0 232
2018-07-16 15:19:21 ::1 GET /ExpenseDetail/SelectSourceToAttachReceipt TransactionSource=Web&ExpenseUserId=477&BankExpenseDetailId=0 51722 androidtest@abc.com ::1 Mozilla/5.0+(Windows+NT+10.0;+Win64;+x64)+AppleWebKit/537.36+(KHTML,+like+Gecko)+Chrome/67.0.3396.99+Safari/537.36 http://localhost:51722/Expense/AddTransactionToReport?ExpenseId=2763 200 0 0 902
2018-07-16 15:19:33 ::1 GET /ReceiptBox/AttachRecieptToExpenseReportFromRecieptBox UserId=477 51722 androidtest@abc.com ::1 Mozilla/5.0+(Windows+NT+10.0;+Win64;+x64)+AppleWebKit/537.36+(KHTML,+like+Gecko)+Chrome/67.0.3396.99+Safari/537.36 http://localhost:51722/Expense/AddTransactionToReport?ExpenseId=2763 200 0 0 8573
2018-07-16 15:19:41 ::1 GET /Expense/IsExpenseTypeBudgetExceeded projectId=0&ConvertedAmount=1.00&ExpenseDetailID=0&CurrencyId=168&UserId=477&ExpenseTypeId=211&ExpenseDate=16/07/2018 51722 androidtest@abc.com ::1 Mozilla/5.0+(Windows+NT+10.0;+Win64;+x64)+AppleWebKit/537.36+(KHTML,+like+Gecko)+Chrome/67.0.3396.99+Safari/537.36 http://localhost:51722/Expense/AddTransactionToReport?ExpenseId=2763 200 0 0 705
2018-07-16 15:19:45 ::1 POST /Expense/AddNewTransaction - 51722 androidtest@abc.com ::1 Mozilla/5.0+(Windows+NT+10.0;+Win64;+x64)+AppleWebKit/537.36+(KHTML,+like+Gecko)+Chrome/67.0.3396.99+Safari/537.36 http://localhost:51722/Expense/AddTransactionToReport?ExpenseId=2763 302 0 0 3129
#Software: Microsoft Internet Information Services 8.0
#Version: 1.0
#Date: 2018-07-16 16:00:08
#Fields: date time s-ip cs-method cs-uri-stem cs-uri-query s-port cs-username c-ip cs(User-Agent) cs(Referer) sc-status sc-substatus sc-win32-status time-taken
2018-07-16 16:00:08 ::1 GET /User/LogOn - 51722 - ::1 Mozilla/5.0+(Windows+NT+10.0;+Win64;+x64)+AppleWebKit/537.36+(KHTML,+like+Gecko)+Chrome/67.0.3396.99+Safari/537.36 http://localhost:51722/Expense/AddTransactionToReport?ExpenseId=2763 200 0 0 156494
#Software: Microsoft Internet Information Services 8.0
#Version: 1.0
#Date: 2018-07-16 16:23:46
#Fields: date time s-ip cs-method cs-uri-stem cs-uri-query s-port cs-username c-ip cs(User-Agent) cs(Referer) sc-status sc-substatus sc-win32-status time-taken
2018-07-16 16:23:46 ::1 GET / - 51722 - ::1 Mozilla/5.0+(Windows+NT+10.0;+Win64;+x64)+AppleWebKit/537.36+(KHTML,+like+Gecko)+Chrome/67.0.3396.99+Safari/537.36 - 302 0 0 71819
2018-07-16 16:23:50 ::1 GET /User/LogOn - 51722 - ::1 Mozilla/5.0+(Windows+NT+10.0;+Win64;+x64)+AppleWebKit/537.36+(KHTML,+like+Gecko)+Chrome/67.0.3396.99+Safari/537.36 - 200 0 0 3706
2018-07-16 16:23:50 ::1 GET /User/assets/pages/img/login/bg1.jpg - 51722 - ::1 Mozilla/5.0+(Windows+NT+10.0;+Win64;+x64)+AppleWebKit/537.36+(KHTML,+like+Gecko)+Chrome/67.0.3396.99+Safari/537.36 http://localhost:51722/User/LogOn 404 0 2 55
2018-07-16 16:26:50 ::1 POST /User/LogOn - 51722 - ::1 Mozilla/5.0+(Windows+NT+10.0;+Win64;+x64)+AppleWebKit/537.36+(KHTML,+like+Gecko)+Chrome/67.0.3396.99+Safari/537.36 http://localhost:51722/User/LogOn 302 0 0 76037
2018-07-16 16:27:02 ::1 GET / - 51722 androidtest@abc.com ::1 Mozilla/5.0+(Windows+NT+10.0;+Win64;+x64)+AppleWebKit/537.36+(KHTML,+like+Gecko)+Chrome/67.0.3396.99+Safari/537.36 http://localhost:51722/User/LogOn 302 0 0 11722
2018-07-16 16:27:14 ::1 GET /User/RedirectToCustomError - 51722 androidtest@abc.com ::1 Mozilla/5.0+(Windows+NT+10.0;+Win64;+x64)+AppleWebKit/537.36+(KHTML,+like+Gecko)+Chrome/67.0.3396.99+Safari/537.36 http://localhost:51722/User/LogOn 500 0 0 12078
2018-07-16 16:27:17 ::1 GET /__browserLink/requestData/f3b568bfa0fe495a92e183eb5509ffc1 version=2 51722 androidtest@abc.com ::1 Mozilla/5.0+(Windows+NT+10.0;+Win64;+x64)+AppleWebKit/537.36+(KHTML,+like+Gecko)+Chrome/67.0.3396.99+Safari/537.36 http://localhost:51722/User/RedirectToCustomError 200 0 0 63
2018-07-16 16:27:29 ::1 GET / - 51722 androidtest@abc.com ::1 Mozilla/5.0+(Windows+NT+10.0;+Win64;+x64)+AppleWebKit/537.36+(KHTML,+like+Gecko)+Chrome/67.0.3396.99+Safari/537.36 http://localhost:51722/User/RedirectToCustomError 302 0 0 6802
2018-07-16 16:28:34 ::1 GET /User/RedirectToCustomError - 51722 androidtest@abc.com ::1 Mozilla/5.0+(Windows+NT+10.0;+Win64;+x64)+AppleWebKit/537.36+(KHTML,+like+Gecko)+Chrome/67.0.3396.99+Safari/537.36 http://localhost:51722/User/RedirectToCustomError 500 0 64 64409
2018-07-16 16:28:34 ::1 GET /User/LogOut - 51722 androidtest@abc.com ::1 Mozilla/5.0+(Windows+NT+10.0;+Win64;+x64)+AppleWebKit/537.36+(KHTML,+like+Gecko)+Chrome/67.0.3396.99+Safari/537.36 http://localhost:51722/User/RedirectToCustomError 302 0 0 544
2018-07-16 16:28:49 ::1 GET /User/LogOut - 51722 - ::1 Mozilla/5.0+(Windows+NT+10.0;+Win64;+x64)+AppleWebKit/537.36+(KHTML,+like+Gecko)+Chrome/67.0.3396.99+Safari/537.36 http://localhost:51722/User/RedirectToCustomError 302 0 64 4072
2018-07-16 16:28:49 ::1 GET /User/LogOut - 51722 - ::1 Mozilla/5.0+(Windows+NT+10.0;+Win64;+x64)+AppleWebKit/537.36+(KHTML,+like+Gecko)+Chrome/67.0.3396.99+Safari/537.36 http://localhost:51722/User/RedirectToCustomError 302 0 64 13482
2018-07-16 16:28:49 ::1 GET /User/LogOut - 51722 - ::1 Mozilla/5.0+(Windows+NT+10.0;+Win64;+x64)+AppleWebKit/537.36+(KHTML,+like+Gecko)+Chrome/67.0.3396.99+Safari/537.36 http://localhost:51722/User/RedirectToCustomError 302 0 0 1081
2018-07-16 16:28:49 ::1 GET /User/LogOut - 51722 - ::1 Mozilla/5.0+(Windows+NT+10.0;+Win64;+x64)+AppleWebKit/537.36+(KHTML,+like+Gecko)+Chrome/67.0.3396.99+Safari/537.36 http://localhost:51722/User/RedirectToCustomError 302 0 64 11515
2018-07-16 16:28:49 ::1 GET /User/LogOut - 51722 - ::1 Mozilla/5.0+(Windows+NT+10.0;+Win64;+x64)+AppleWebKit/537.36+(KHTML,+like+Gecko)+Chrome/67.0.3396.99+Safari/537.36 http://localhost:51722/User/RedirectToCustomError 302 0 64 7199
2018-07-16 16:28:49 ::1 GET /User/LogOut - 51722 - ::1 Mozilla/5.0+(Windows+NT+10.0;+Win64;+x64)+AppleWebKit/537.36+(KHTML,+like+Gecko)+Chrome/67.0.3396.99+Safari/537.36 http://localhost:51722/User/RedirectToCustomError 302 0 64 9278
2018-07-16 16:28:49 ::1 GET /User/LogOut - 51722 androidtest@abc.com ::1 Mozilla/5.0+(Windows+NT+10.0;+Win64;+x64)+AppleWebKit/537.36+(KHTML,+like+Gecko)+Chrome/67.0.3396.99+Safari/537.36 http://localhost:51722/User/RedirectToCustomError 302 0 64 17699
2018-07-16 16:28:49 ::1 GET / - 51722 - ::1 Mozilla/5.0+(Windows+NT+10.0;+Win64;+x64)+AppleWebKit/537.36+(KHTML,+like+Gecko)+Chrome/67.0.3396.99+Safari/537.36 http://localhost:51722/User/RedirectToCustomError 302 0 0 228
2018-07-16 16:28:49 ::1 GET /User/LogOut - 51722 androidtest@abc.com ::1 Mozilla/5.0+(Windows+NT+10.0;+Win64;+x64)+AppleWebKit/537.36+(KHTML,+like+Gecko)+Chrome/67.0.3396.99+Safari/537.36 http://localhost:51722/User/RedirectToCustomError 302 0 64 20113
2018-07-16 16:28:50 ::1 GET /User/LogOut - 51722 androidtest@abc.com ::1 Mozilla/5.0+(Windows+NT+10.0;+Win64;+x64)+AppleWebKit/537.36+(KHTML,+like+Gecko)+Chrome/67.0.3396.99+Safari/537.36 http://localhost:51722/User/RedirectToCustomError 302 0 64 22595
2018-07-16 16:28:50 ::1 GET /User/LogOut - 51722 androidtest@abc.com ::1 Mozilla/5.0+(Windows+NT+10.0;+Win64;+x64)+AppleWebKit/537.36+(KHTML,+like+Gecko)+Chrome/67.0.3396.99+Safari/537.36 http://localhost:51722/User/RedirectToCustomError 302 0 64 25127
2018-07-16 16:28:51 ::1 GET /User/LogOn - 51722 - ::1 Mozilla/5.0+(Windows+NT+10.0;+Win64;+x64)+AppleWebKit/537.36+(KHTML,+like+Gecko)+Chrome/67.0.3396.99+Safari/537.36 http://localhost:51722/User/RedirectToCustomError 200 0 64 2450
2018-07-16 16:28:51 ::1 GET /User/LogOut - 51722 - ::1 Mozilla/5.0+(Windows+NT+10.0;+Win64;+x64)+AppleWebKit/537.36+(KHTML,+like+Gecko)+Chrome/67.0.3396.99+Safari/537.36 http://localhost:51722/User/RedirectToCustomError 302 0 0 1133
2018-07-16 16:28:51 ::1 GET / - 51722 - ::1 Mozilla/5.0+(Windows+NT+10.0;+Win64;+x64)+AppleWebKit/537.36+(KHTML,+like+Gecko)+Chrome/67.0.3396.99+Safari/537.36 http://localhost:51722/User/RedirectToCustomError 302 0 0 138
2018-07-16 16:28:51 ::1 GET /User/LogOn - 51722 - ::1 Mozilla/5.0+(Windows+NT+10.0;+Win64;+x64)+AppleWebKit/537.36+(KHTML,+like+Gecko)+Chrome/67.0.3396.99+Safari/537.36 http://localhost:51722/User/RedirectToCustomError 200 0 0 366
2018-07-16 16:28:53 ::1 GET /User/assets/pages/img/login/bg1.jpg - 51722 - ::1 Mozilla/5.0+(Windows+NT+10.0;+Win64;+x64)+AppleWebKit/537.36+(KHTML,+like+Gecko)+Chrome/67.0.3396.99+Safari/537.36 http://localhost:51722/User/LogOn 404 0 2 4
2018-07-16 16:29:29 ::1 POST /User/LogOn - 51722 - ::1 Mozilla/5.0+(Windows+NT+10.0;+Win64;+x64)+AppleWebKit/537.36+(KHTML,+like+Gecko)+Chrome/67.0.3396.99+Safari/537.36 http://localhost:51722/User/LogOn 200 0 0 19902
2018-07-16 16:29:29 ::1 GET /User/assets/pages/img/login/bg1.jpg - 51722 - ::1 Mozilla/5.0+(Windows+NT+10.0;+Win64;+x64)+AppleWebKit/537.36+(KHTML,+like+Gecko)+Chrome/67.0.3396.99+Safari/537.36 http://localhost:51722/User/LogOn 404 0 2 2
2018-07-16 16:32:51 ::1 POST /User/LogOn - 51722 - ::1 Mozilla/5.0+(Windows+NT+10.0;+Win64;+x64)+AppleWebKit/537.36+(KHTML,+like+Gecko)+Chrome/67.0.3396.99+Safari/537.36 http://localhost:51722/User/LogOn 302 0 0 48457
2018-07-16 16:32:59 ::1 GET / - 51722 androidtest@abc.com ::1 Mozilla/5.0+(Windows+NT+10.0;+Win64;+x64)+AppleWebKit/537.36+(KHTML,+like+Gecko)+Chrome/67.0.3396.99+Safari/537.36 http://localhost:51722/User/LogOn 200 0 0 8052
2018-07-16 16:34:31 ::1 GET /Expense/AddTransactionToReport ExpenseId=2763 51722 androidtest@abc.com ::1 Mozilla/5.0+(Windows+NT+10.0;+Win64;+x64)+AppleWebKit/537.36+(KHTML,+like+Gecko)+Chrome/67.0.3396.99+Safari/537.36 http://localhost:51722/ 200 0 0 48796
2018-07-16 16:34:33 ::1 GET /TravelType/IsSubTravelCashAdvanced TravelTypeId=19 51722 androidtest@abc.com ::1 Mozilla/5.0+(Windows+NT+10.0;+Win64;+x64)+AppleWebKit/537.36+(KHTML,+like+Gecko)+Chrome/67.0.3396.99+Safari/537.36 http://localhost:51722/Expense/AddTransactionToReport?ExpenseId=2763 200 0 0 582
2018-07-16 16:34:42 ::1 GET /Expense/PrepareExpenseApprovalProgressBar/ ExpenseId=2763&UserId=477&_=1531758872452 51722 androidtest@abc.com ::1 Mozilla/5.0+(Windows+NT+10.0;+Win64;+x64)+AppleWebKit/537.36+(KHTML,+like+Gecko)+Chrome/67.0.3396.99+Safari/537.36 http://localhost:51722/Expense/AddTransactionToReport?ExpenseId=2763 200 0 0 10261
2018-07-16 16:34:56 ::1 GET /Expense/AddNewTransaction ExpenseId=2763 51722 androidtest@abc.com ::1 Mozilla/5.0+(Windows+NT+10.0;+Win64;+x64)+AppleWebKit/537.36+(KHTML,+like+Gecko)+Chrome/67.0.3396.99+Safari/537.36 http://localhost:51722/Expense/AddTransactionToReport?ExpenseId=2763 200 0 0 13641
2018-07-16 16:34:56 ::1 GET /Expense/GetTravelTypeHeaderMapping TravelTypeId=19 51722 androidtest@abc.com ::1 Mozilla/5.0+(Windows+NT+10.0;+Win64;+x64)+AppleWebKit/537.36+(KHTML,+like+Gecko)+Chrome/67.0.3396.99+Safari/537.36 http://localhost:51722/Expense/AddTransactionToReport?ExpenseId=2763 200 0 0 24435
2018-07-16 16:34:56 ::1 GET /PayMethod/GetPayMethodIsReimbursable MethodId=0 51722 androidtest@abc.com ::1 Mozilla/5.0+(Windows+NT+10.0;+Win64;+x64)+AppleWebKit/537.36+(KHTML,+like+Gecko)+Chrome/67.0.3396.99+Safari/537.36 http://localhost:51722/Expense/AddTransactionToReport?ExpenseId=2763 200 0 0 8
2018-07-16 16:34:56 ::1 GET /AjaxCall/GetCompanyList/ - 51722 androidtest@abc.com ::1 Mozilla/5.0+(Windows+NT+10.0;+Win64;+x64)+AppleWebKit/537.36+(KHTML,+like+Gecko)+Chrome/67.0.3396.99+Safari/537.36 http://localhost:51722/Expense/AddTransactionToReport?ExpenseId=2763 200 0 0 294
2018-07-16 16:34:57 ::1 GET /AjaxCall/GetBusinessUnitList/ CompanyId=32 51722 androidtest@abc.com ::1 Mozilla/5.0+(Windows+NT+10.0;+Win64;+x64)+AppleWebKit/537.36+(KHTML,+like+Gecko)+Chrome/67.0.3396.99+Safari/537.36 http://localhost:51722/Expense/AddTransactionToReport?ExpenseId=2763 200 0 0 673
2018-07-16 16:35:01 ::1 GET /AjaxCall/GetCostCenterList/ CompanyId=32&BusinessUnitId=0 51722 androidtest@abc.com ::1 Mozilla/5.0+(Windows+NT+10.0;+Win64;+x64)+AppleWebKit/537.36+(KHTML,+like+Gecko)+Chrome/67.0.3396.99+Safari/537.36 http://localhost:51722/Expense/AddTransactionToReport?ExpenseId=2763 200 0 0 3267
2018-07-16 16:35:01 ::1 GET /AjaxCall/GetBusinessActivityList/ ProjectId=null 51722 androidtest@abc.com ::1 Mozilla/5.0+(Windows+NT+10.0;+Win64;+x64)+AppleWebKit/537.36+(KHTML,+like+Gecko)+Chrome/67.0.3396.99+Safari/537.36 http://localhost:51722/Expense/AddTransactionToReport?ExpenseId=2763 200 0 0 433
2018-07-16 16:35:01 ::1 GET /AjaxCall/GetStaffMemberList - 51722 androidtest@abc.com ::1 Mozilla/5.0+(Windows+NT+10.0;+Win64;+x64)+AppleWebKit/537.36+(KHTML,+like+Gecko)+Chrome/67.0.3396.99+Safari/537.36 http://localhost:51722/Expense/AddTransactionToReport?ExpenseId=2763 200 0 0 261
2018-07-16 16:37:23 ::1 GET /User/GetEmployees - 51722 androidtest@abc.com ::1 Mozilla/5.0+(Windows+NT+10.0;+Win64;+x64)+AppleWebKit/537.36+(KHTML,+like+Gecko)+Chrome/67.0.3396.99+Safari/537.36 http://localhost:51722/Expense/AddTransactionToReport?ExpenseId=2763 200 0 0 141682
2018-07-16 16:37:23 ::1 GET /ExpenseDetail/GetVendorNamesJson UserId477&_=1531759043891 51722 androidtest@abc.com ::1 Mozilla/5.0+(Windows+NT+10.0;+Win64;+x64)+AppleWebKit/537.36+(KHTML,+like+Gecko)+Chrome/67.0.3396.99+Safari/537.36 http://localhost:51722/Expense/AddTransactionToReport?ExpenseId=2763 200 0 0 324
2018-07-16 16:37:23 ::1 GET /AjaxCall/GetReferenceList/ - 51722 androidtest@abc.com ::1 Mozilla/5.0+(Windows+NT+10.0;+Win64;+x64)+AppleWebKit/537.36+(KHTML,+like+Gecko)+Chrome/67.0.3396.99+Safari/537.36 http://localhost:51722/Expense/AddTransactionToReport?ExpenseId=2763 200 0 0 142706
2018-07-16 16:37:25 ::1 GET /AjaxCall/GetCustomers/ - 51722 androidtest@abc.com ::1 Mozilla/5.0+(Windows+NT+10.0;+Win64;+x64)+AppleWebKit/537.36+(KHTML,+like+Gecko)+Chrome/67.0.3396.99+Safari/537.36 http://localhost:51722/Expense/AddTransactionToReport?ExpenseId=2763 200 0 0 1126
2018-07-16 16:37:26 ::1 GET /AjaxCall/GetProjects/ CustomerName=GORILLA%20EXPENSE%20(PROJECT%206%20&%207,%208%20&%209) 51722 androidtest@abc.com ::1 Mozilla/5.0+(Windows+NT+10.0;+Win64;+x64)+AppleWebKit/537.36+(KHTML,+like+Gecko)+Chrome/67.0.3396.99+Safari/537.36 http://localhost:51722/Expense/AddTransactionToReport?ExpenseId=2763 200 0 0 987
2018-07-16 16:37:26 ::1 GET /AjaxCall/GetBillingCodeList/ - 51722 androidtest@abc.com ::1 Mozilla/5.0+(Windows+NT+10.0;+Win64;+x64)+AppleWebKit/537.36+(KHTML,+like+Gecko)+Chrome/67.0.3396.99+Safari/537.36 http://localhost:51722/Expense/AddTransactionToReport?ExpenseId=2763 200 0 0 145290
2018-07-16 16:37:28 ::1 GET /AjaxCall/GetCustomerList/ UserId=477 51722 androidtest@abc.com ::1 Mozilla/5.0+(Windows+NT+10.0;+Win64;+x64)+AppleWebKit/537.36+(KHTML,+like+Gecko)+Chrome/67.0.3396.99+Safari/537.36 http://localhost:51722/Expense/AddTransactionToReport?ExpenseId=2763 200 0 0 147189
2018-07-16 16:37:31 ::1 GET /AjaxCall/GetProjectList/ CustomerId=0&UserId=477&ExpenseDate=07/16/2018 51722 androidtest@abc.com ::1 Mozilla/5.0+(Windows+NT+10.0;+Win64;+x64)+AppleWebKit/537.36+(KHTML,+like+Gecko)+Chrome/67.0.3396.99+Safari/537.36 http://localhost:51722/Expense/AddTransactionToReport?ExpenseId=2763 200 0 0 2809
2018-07-16 16:37:31 ::1 GET /AjaxCall/GetProjectTaskList/ ProjectId=0&ExpenseDate=07/16/2018&TaskType=Expense 51722 androidtest@abc.com ::1 Mozilla/5.0+(Windows+NT+10.0;+Win64;+x64)+AppleWebKit/537.36+(KHTML,+like+Gecko)+Chrome/67.0.3396.99+Safari/537.36 http://localhost:51722/Expense/AddTransactionToReport?ExpenseId=2763 200 0 0 14
2018-07-16 16:37:31 ::1 GET /AjaxCall/GetApproverList/ ProjectId=0 51722 androidtest@abc.com ::1 Mozilla/5.0+(Windows+NT+10.0;+Win64;+x64)+AppleWebKit/537.36+(KHTML,+like+Gecko)+Chrome/67.0.3396.99+Safari/537.36 http://localhost:51722/Expense/AddTransactionToReport?ExpenseId=2763 200 0 0 249
2018-07-16 16:38:08 ::1 GET /ExpenseDetail/GetExpenseTypePolicyAmount ExpenseTypeId=124 51722 androidtest@abc.com ::1 Mozilla/5.0+(Windows+NT+10.0;+Win64;+x64)+AppleWebKit/537.36+(KHTML,+like+Gecko)+Chrome/67.0.3396.99+Safari/537.36 http://localhost:51722/Expense/AddTransactionToReport?ExpenseId=2763 200 0 0 524
2018-07-16 16:38:08 ::1 GET /Expense/GetViolationReasonsList/ ExpenseTypeId=124 51722 androidtest@abc.com ::1 Mozilla/5.0+(Windows+NT+10.0;+Win64;+x64)+AppleWebKit/537.36+(KHTML,+like+Gecko)+Chrome/67.0.3396.99+Safari/537.36 http://localhost:51722/Expense/AddTransactionToReport?ExpenseId=2763 200 0 0 1369
2018-07-16 16:38:10 ::1 GET /Expense/GetReceiptViolationReasonsList/ ExpenseTypeId=124 51722 androidtest@abc.com ::1 Mozilla/5.0+(Windows+NT+10.0;+Win64;+x64)+AppleWebKit/537.36+(KHTML,+like+Gecko)+Chrome/67.0.3396.99+Safari/537.36 http://localhost:51722/Expense/AddTransactionToReport?ExpenseId=2763 200 0 0 2216
2018-07-16 16:38:10 ::1 GET /ExpenseDetail/GetCurrencyRate currencyId=168&transactionDate=16/07/2018 51722 androidtest@abc.com ::1 Mozilla/5.0+(Windows+NT+10.0;+Win64;+x64)+AppleWebKit/537.36+(KHTML,+like+Gecko)+Chrome/67.0.3396.99+Safari/537.36 http://localhost:51722/Expense/AddTransactionToReport?ExpenseId=2763 200 0 0 2299
2018-07-16 16:38:13 ::1 GET /AjaxCall/FindAndApplyCodeCombinationRule/ ProjectId=0&ExpenseTypeId=124&ExpenseDate=16/07/2018 51722 androidtest@abc.com ::1 Mozilla/5.0+(Windows+NT+10.0;+Win64;+x64)+AppleWebKit/537.36+(KHTML,+like+Gecko)+Chrome/67.0.3396.99+Safari/537.36 http://localhost:51722/Expense/AddTransactionToReport?ExpenseId=2763 200 0 0 4963
2018-07-16 16:38:13 ::1 GET /AjaxCall/GetBusinessActivityList/ - 51722 androidtest@abc.com ::1 Mozilla/5.0+(Windows+NT+10.0;+Win64;+x64)+AppleWebKit/537.36+(KHTML,+like+Gecko)+Chrome/67.0.3396.99+Safari/537.36 http://localhost:51722/Expense/AddTransactionToReport?ExpenseId=2763 200 0 0 235
2018-07-16 16:38:19 ::1 GET /ExpenseDetail/SelectSourceToAttachReceipt TransactionSource=Web&ExpenseUserId=477&BankExpenseDetailId=0 51722 androidtest@abc.com ::1 Mozilla/5.0+(Windows+NT+10.0;+Win64;+x64)+AppleWebKit/537.36+(KHTML,+like+Gecko)+Chrome/67.0.3396.99+Safari/537.36 http://localhost:51722/Expense/AddTransactionToReport?ExpenseId=2763 200 0 0 974
2018-07-16 16:38:25 ::1 GET /ReceiptBox/AttachRecieptToExpenseReportFromRecieptBox UserId=477 51722 androidtest@abc.com ::1 Mozilla/5.0+(Windows+NT+10.0;+Win64;+x64)+AppleWebKit/537.36+(KHTML,+like+Gecko)+Chrome/67.0.3396.99+Safari/537.36 http://localhost:51722/Expense/AddTransactionToReport?ExpenseId=2763 200 0 0 5587
2018-07-16 16:38:39 ::1 GET /PayMethod/GetPayMethodIsReimbursable MethodId=22 51722 androidtest@abc.com ::1 Mozilla/5.0+(Windows+NT+10.0;+Win64;+x64)+AppleWebKit/537.36+(KHTML,+like+Gecko)+Chrome/67.0.3396.99+Safari/537.36 http://localhost:51722/Expense/AddTransactionToReport?ExpenseId=2763 200 0 0 281
2018-07-16 16:38:44 ::1 GET /Expense/IsExpenseTypeBudgetExceeded projectId=0&ConvertedAmount=12.00&ExpenseDetailID=0&CurrencyId=168&UserId=477&ExpenseTypeId=124&ExpenseDate=16/07/2018 51722 androidtest@abc.com ::1 Mozilla/5.0+(Windows+NT+10.0;+Win64;+x64)+AppleWebKit/537.36+(KHTML,+like+Gecko)+Chrome/67.0.3396.99+Safari/537.36 http://localhost:51722/Expense/AddTransactionToReport?ExpenseId=2763 200 0 0 670
2018-07-16 16:38:48 ::1 POST /Expense/AddNewTransaction - 51722 androidtest@abc.com ::1 Mozilla/5.0+(Windows+NT+10.0;+Win64;+x64)+AppleWebKit/537.36+(KHTML,+like+Gecko)+Chrome/67.0.3396.99+Safari/537.36 http://localhost:51722/Expense/AddTransactionToReport?ExpenseId=2763 302 0 0 3364
2018-07-16 16:39:34 ::1 GET /Expense/AddTransactionToReport ExpenseId=2763 51722 androidtest@abc.com ::1 Mozilla/5.0+(Windows+NT+10.0;+Win64;+x64)+AppleWebKit/537.36+(KHTML,+like+Gecko)+Chrome/67.0.3396.99+Safari/537.36 http://localhost:51722/Expense/AddTransactionToReport?ExpenseId=2763 200 0 0 45983
2018-07-16 16:39:34 ::1 GET /Expense/GetTravelTypeHeaderMapping TravelTypeId=19 51722 androidtest@abc.com ::1 Mozilla/5.0+(Windows+NT+10.0;+Win64;+x64)+AppleWebKit/537.36+(KHTML,+like+Gecko)+Chrome/67.0.3396.99+Safari/537.36 http://localhost:51722/Expense/AddTransactionToReport?ExpenseId=2763 200 0 0 265
2018-07-16 16:39:35 ::1 GET /AjaxCall/GetCustomers/ _=1531759175270 51722 androidtest@abc.com ::1 Mozilla/5.0+(Windows+NT+10.0;+Win64;+x64)+AppleWebKit/537.36+(KHTML,+like+Gecko)+Chrome/67.0.3396.99+Safari/537.36 http://localhost:51722/Expense/AddTransactionToReport?ExpenseId=2763 200 0 0 266
2018-07-16 16:39:44 ::1 GET /Expense/PrepareExpenseApprovalProgressBar/ ExpenseId=2763&UserId=477&_=1531759174981 51722 androidtest@abc.com ::1 Mozilla/5.0+(Windows+NT+10.0;+Win64;+x64)+AppleWebKit/537.36+(KHTML,+like+Gecko)+Chrome/67.0.3396.99+Safari/537.36 http://localhost:51722/Expense/AddTransactionToReport?ExpenseId=2763 200 0 0 9832
2018-07-16 16:39:44 ::1 GET /TravelType/IsSubTravelCashAdvanced TravelTypeId=19 51722 androidtest@abc.com ::1 Mozilla/5.0+(Windows+NT+10.0;+Win64;+x64)+AppleWebKit/537.36+(KHTML,+like+Gecko)+Chrome/67.0.3396.99+Safari/537.36 http://localhost:51722/Expense/AddTransactionToReport?ExpenseId=2763 200 0 0 10510
2018-07-16 16:39:58 ::1 GET /User/LogOut - 51722 androidtest@abc.com ::1 Mozilla/5.0+(Windows+NT+10.0;+Win64;+x64)+AppleWebKit/537.36+(KHTML,+like+Gecko)+Chrome/67.0.3396.99+Safari/537.36 http://localhost:51722/Expense/AddTransactionToReport?ExpenseId=2763 302 0 0 25
2018-07-16 16:40:16 ::1 GET /User/LogOut - 51722 - ::1 Mozilla/5.0+(Windows+NT+10.0;+Win64;+x64)+AppleWebKit/537.36+(KHTML,+like+Gecko)+Chrome/67.0.3396.99+Safari/537.36 http://localhost:51722/Expense/AddTransactionToReport?ExpenseId=2763 302 0 64 3565
2018-07-16 16:40:16 ::1 GET /User/LogOut - 51722 - ::1 Mozilla/5.0+(Windows+NT+10.0;+Win64;+x64)+AppleWebKit/537.36+(KHTML,+like+Gecko)+Chrome/67.0.3396.99+Safari/537.36 http://localhost:51722/Expense/AddTransactionToReport?ExpenseId=2763 302 0 64 6610
2018-07-16 16:40:16 ::1 GET /User/LogOut - 51722 - ::1 Mozilla/5.0+(Windows+NT+10.0;+Win64;+x64)+AppleWebKit/537.36+(KHTML,+like+Gecko)+Chrome/67.0.3396.99+Safari/537.36 http://localhost:51722/Expense/AddTransactionToReport?ExpenseId=2763 302 0 64 9632
2018-07-16 16:40:16 ::1 GET /User/LogOut - 51722 - ::1 Mozilla/5.0+(Windows+NT+10.0;+Win64;+x64)+AppleWebKit/537.36+(KHTML,+like+Gecko)+Chrome/67.0.3396.99+Safari/537.36 http://localhost:51722/Expense/AddTransactionToReport?ExpenseId=2763 302 0 64 12656
2018-07-16 16:40:16 ::1 GET /User/LogOut - 51722 - ::1 Mozilla/5.0+(Windows+NT+10.0;+Win64;+x64)+AppleWebKit/537.36+(KHTML,+like+Gecko)+Chrome/67.0.3396.99+Safari/537.36 http://localhost:51722/Expense/AddTransactionToReport?ExpenseId=2763 302 0 64 15688
2018-07-16 16:40:16 ::1 GET /User/LogOut - 51722 - ::1 Mozilla/5.0+(Windows+NT+10.0;+Win64;+x64)+AppleWebKit/537.36+(KHTML,+like+Gecko)+Chrome/67.0.3396.99+Safari/537.36 http://localhost:51722/Expense/AddTransactionToReport?ExpenseId=2763 302 0 0 731
2018-07-16 16:40:16 ::1 GET / - 51722 - ::1 Mozilla/5.0+(Windows+NT+10.0;+Win64;+x64)+AppleWebKit/537.36+(KHTML,+like+Gecko)+Chrome/67.0.3396.99+Safari/537.36 http://localhost:51722/Expense/AddTransactionToReport?ExpenseId=2763 302 0 0 170
2018-07-16 16:40:19 ::1 GET /User/LogOn - 51722 - ::1 Mozilla/5.0+(Windows+NT+10.0;+Win64;+x64)+AppleWebKit/537.36+(KHTML,+like+Gecko)+Chrome/67.0.3396.99+Safari/537.36 http://localhost:51722/Expense/AddTransactionToReport?ExpenseId=2763 200 0 64 2410
2018-07-16 16:40:19 ::1 GET /User/LogOut - 51722 - ::1 Mozilla/5.0+(Windows+NT+10.0;+Win64;+x64)+AppleWebKit/537.36+(KHTML,+like+Gecko)+Chrome/67.0.3396.99+Safari/537.36 http://localhost:51722/Expense/AddTransactionToReport?ExpenseId=2763 302 0 0 702
2018-07-16 16:40:19 ::1 GET / - 51722 - ::1 Mozilla/5.0+(Windows+NT+10.0;+Win64;+x64)+AppleWebKit/537.36+(KHTML,+like+Gecko)+Chrome/67.0.3396.99+Safari/537.36 http://localhost:51722/Expense/AddTransactionToReport?ExpenseId=2763 302 0 0 170
2018-07-16 16:40:19 ::1 GET /User/LogOn - 51722 - ::1 Mozilla/5.0+(Windows+NT+10.0;+Win64;+x64)+AppleWebKit/537.36+(KHTML,+like+Gecko)+Chrome/67.0.3396.99+Safari/537.36 http://localhost:51722/Expense/AddTransactionToReport?ExpenseId=2763 200 0 0 395
2018-07-16 16:40:20 ::1 GET /User/assets/pages/img/login/bg1.jpg - 51722 - ::1 Mozilla/5.0+(Windows+NT+10.0;+Win64;+x64)+AppleWebKit/537.36+(KHTML,+like+Gecko)+Chrome/67.0.3396.99+Safari/537.36 http://localhost:51722/User/LogOn 404 0 2 6
