#Software: Microsoft Internet Information Services 8.0
#Version: 1.0
#Date: 2018-04-03 11:14:18
#Fields: date time s-ip cs-method cs-uri-stem cs-uri-query s-port cs-username c-ip cs(User-Agent) cs(Referer) sc-status sc-substatus sc-win32-status time-taken
2018-04-03 11:14:17 ::1 GET /ReceiptBox/ArrangeReceiptsPopup - 51722 - ::1 Mozilla/5.0+(Windows+NT+10.0;+Win64;+x64)+AppleWebKit/537.36+(KHTML,+like+Gecko)+Chrome/65.0.3325.181+Safari/537.36 - 302 0 0 41165
2018-04-03 11:14:21 ::1 GET /User/LogOn ReturnUrl=%2fReceiptBox%2fArrangeReceiptsPopup 51722 - ::1 Mozilla/5.0+(Windows+NT+10.0;+Win64;+x64)+AppleWebKit/537.36+(KHTML,+like+Gecko)+Chrome/65.0.3325.181+Safari/537.36 - 302 0 0 2936
2018-04-03 11:14:21 ::1 GET /User/LogOut - 51722 - ::1 Mozilla/5.0+(Windows+NT+10.0;+Win64;+x64)+AppleWebKit/537.36+(KHTML,+like+Gecko)+Chrome/65.0.3325.181+Safari/537.36 - 302 0 0 60
2018-04-03 11:14:22 ::1 GET / - 51722 - ::1 Mozilla/5.0+(Windows+NT+10.0;+Win64;+x64)+AppleWebKit/537.36+(KHTML,+like+Gecko)+Chrome/65.0.3325.181+Safari/537.36 - 302 0 0 980
2018-04-03 11:14:29 ::1 GET /User/LogOn - 51722 - ::1 Mozilla/5.0+(Windows+NT+10.0;+Win64;+x64)+AppleWebKit/537.36+(KHTML,+like+Gecko)+Chrome/65.0.3325.181+Safari/537.36 - 200 0 0 7431
2018-04-03 11:14:29 ::1 GET /assets/pages/css/font.css - 51722 - ::1 Mozilla/5.0+(Windows+NT+10.0;+Win64;+x64)+AppleWebKit/537.36+(KHTML,+like+Gecko)+Chrome/65.0.3325.181+Safari/537.36 http://localhost:51722/User/LogOn 200 0 0 56
2018-04-03 11:14:29 ::1 GET /assets/global/plugins/simple-line-icons/simple-line-icons.min.css - 51722 - ::1 Mozilla/5.0+(Windows+NT+10.0;+Win64;+x64)+AppleWebKit/537.36+(KHTML,+like+Gecko)+Chrome/65.0.3325.181+Safari/537.36 http://localhost:51722/User/LogOn 200 0 0 72
2018-04-03 11:14:29 ::1 GET /assets/global/plugins/select2/css/select2.min.css - 51722 - ::1 Mozilla/5.0+(Windows+NT+10.0;+Win64;+x64)+AppleWebKit/537.36+(KHTML,+like+Gecko)+Chrome/65.0.3325.181+Safari/537.36 http://localhost:51722/User/LogOn 200 0 0 92
2018-04-03 11:14:29 ::1 GET /assets/global/plugins/bootstrap-switch/css/bootstrap-switch.min.css - 51722 - ::1 Mozilla/5.0+(Windows+NT+10.0;+Win64;+x64)+AppleWebKit/537.36+(KHTML,+like+Gecko)+Chrome/65.0.3325.181+Safari/537.36 http://localhost:51722/User/LogOn 200 0 0 100
2018-04-03 11:14:29 ::1 GET /assets/global/plugins/select2/css/select2-bootstrap.min.css - 51722 - ::1 Mozilla/5.0+(Windows+NT+10.0;+Win64;+x64)+AppleWebKit/537.36+(KHTML,+like+Gecko)+Chrome/65.0.3325.181+Safari/537.36 http://localhost:51722/User/LogOn 200 0 0 124
2018-04-03 11:14:29 ::1 GET /assets/global/plugins/bootstrap/css/bootstrap.min.css - 51722 - ::1 Mozilla/5.0+(Windows+NT+10.0;+Win64;+x64)+AppleWebKit/537.36+(KHTML,+like+Gecko)+Chrome/65.0.3325.181+Safari/537.36 http://localhost:51722/User/LogOn 200 0 0 160
2018-04-03 11:14:29 ::1 GET /assets/global/css/plugins.min.css - 51722 - ::1 Mozilla/5.0+(Windows+NT+10.0;+Win64;+x64)+AppleWebKit/537.36+(KHTML,+like+Gecko)+Chrome/65.0.3325.181+Safari/537.36 http://localhost:51722/User/LogOn 200 0 0 92
2018-04-03 11:14:29 ::1 GET /assets/pages/css/login-5.min.css - 51722 - ::1 Mozilla/5.0+(Windows+NT+10.0;+Win64;+x64)+AppleWebKit/537.36+(KHTML,+like+Gecko)+Chrome/65.0.3325.181+Safari/537.36 http://localhost:51722/User/LogOn 200 0 0 212
2018-04-03 11:14:29 ::1 GET /assets/global/css/components.min.css - 51722 - ::1 Mozilla/5.0+(Windows+NT+10.0;+Win64;+x64)+AppleWebKit/537.36+(KHTML,+like+Gecko)+Chrome/65.0.3325.181+Safari/537.36 http://localhost:51722/User/LogOn 200 0 0 280
2018-04-03 11:14:29 ::1 GET /assets/global/plugins/jquery.blockui.min.js - 51722 - ::1 Mozilla/5.0+(Windows+NT+10.0;+Win64;+x64)+AppleWebKit/537.36+(KHTML,+like+Gecko)+Chrome/65.0.3325.181+Safari/537.36 http://localhost:51722/User/LogOn 200 0 0 102
2018-04-03 11:14:29 ::1 GET /assets/global/plugins/js.cookie.min.js - 51722 - ::1 Mozilla/5.0+(Windows+NT+10.0;+Win64;+x64)+AppleWebKit/537.36+(KHTML,+like+Gecko)+Chrome/65.0.3325.181+Safari/537.36 http://localhost:51722/User/LogOn 200 0 0 102
2018-04-03 11:14:29 ::1 GET /assets/global/plugins/jquery.min.js - 51722 - ::1 Mozilla/5.0+(Windows+NT+10.0;+Win64;+x64)+AppleWebKit/537.36+(KHTML,+like+Gecko)+Chrome/65.0.3325.181+Safari/537.36 http://localhost:51722/User/LogOn 200 0 0 323
2018-04-03 11:14:29 ::1 GET /assets/global/plugins/bootstrap/js/bootstrap.min.js - 51722 - ::1 Mozilla/5.0+(Windows+NT+10.0;+Win64;+x64)+AppleWebKit/537.36+(KHTML,+like+Gecko)+Chrome/65.0.3325.181+Safari/537.36 http://localhost:51722/User/LogOn 200 0 0 127
2018-04-03 11:14:29 ::1 GET /assets/global/plugins/jquery-validation/js/jquery.validate.min.js - 51722 - ::1 Mozilla/5.0+(Windows+NT+10.0;+Win64;+x64)+AppleWebKit/537.36+(KHTML,+like+Gecko)+Chrome/65.0.3325.181+Safari/537.36 http://localhost:51722/User/LogOn 200 0 0 162
2018-04-03 11:14:29 ::1 GET /assets/global/plugins/bootstrap-switch/js/bootstrap-switch.min.js - 51722 - ::1 Mozilla/5.0+(Windows+NT+10.0;+Win64;+x64)+AppleWebKit/537.36+(KHTML,+like+Gecko)+Chrome/65.0.3325.181+Safari/537.36 http://localhost:51722/User/LogOn 200 0 0 306
2018-04-03 11:14:29 ::1 GET /assets/global/plugins/jquery-slimscroll/jquery.slimscroll.min.js - 51722 - ::1 Mozilla/5.0+(Windows+NT+10.0;+Win64;+x64)+AppleWebKit/537.36+(KHTML,+like+Gecko)+Chrome/65.0.3325.181+Safari/537.36 http://localhost:51722/User/LogOn 200 0 0 342
2018-04-03 11:14:29 ::1 GET /assets/global/plugins/jquery-validation/js/additional-methods.min.js - 51722 - ::1 Mozilla/5.0+(Windows+NT+10.0;+Win64;+x64)+AppleWebKit/537.36+(KHTML,+like+Gecko)+Chrome/65.0.3325.181+Safari/537.36 http://localhost:51722/User/LogOn 200 0 0 246
2018-04-03 11:14:30 ::1 GET /assets/pages/scripts/login-5.min.js - 51722 - ::1 Mozilla/5.0+(Windows+NT+10.0;+Win64;+x64)+AppleWebKit/537.36+(KHTML,+like+Gecko)+Chrome/65.0.3325.181+Safari/537.36 http://localhost:51722/User/LogOn 200 0 0 72
2018-04-03 11:14:30 ::1 GET /assets/global/scripts/app.min.js - 51722 - ::1 Mozilla/5.0+(Windows+NT+10.0;+Win64;+x64)+AppleWebKit/537.36+(KHTML,+like+Gecko)+Chrome/65.0.3325.181+Safari/537.36 http://localhost:51722/User/LogOn 200 0 0 96
2018-04-03 11:14:30 ::1 GET /images/logo_1.png - 51722 - ::1 Mozilla/5.0+(Windows+NT+10.0;+Win64;+x64)+AppleWebKit/537.36+(KHTML,+like+Gecko)+Chrome/65.0.3325.181+Safari/537.36 http://localhost:51722/User/LogOn 200 0 0 96
2018-04-03 11:14:30 ::1 GET /Images/sign-in-light.png - 51722 - ::1 Mozilla/5.0+(Windows+NT+10.0;+Win64;+x64)+AppleWebKit/537.36+(KHTML,+like+Gecko)+Chrome/65.0.3325.181+Safari/537.36 http://localhost:51722/User/LogOn 200 0 0 96
2018-04-03 11:14:30 ::1 GET /assets/global/plugins/backstretch/jquery.backstretch.min.js - 51722 - ::1 Mozilla/5.0+(Windows+NT+10.0;+Win64;+x64)+AppleWebKit/537.36+(KHTML,+like+Gecko)+Chrome/65.0.3325.181+Safari/537.36 http://localhost:51722/User/LogOn 200 0 0 196
2018-04-03 11:14:30 ::1 GET /assets/global/plugins/select2/js/select2.full.min.js - 51722 - ::1 Mozilla/5.0+(Windows+NT+10.0;+Win64;+x64)+AppleWebKit/537.36+(KHTML,+like+Gecko)+Chrome/65.0.3325.181+Safari/537.36 http://localhost:51722/User/LogOn 200 0 0 256
2018-04-03 11:14:30 ::1 GET /User/assets/pages/img/login/bg1.jpg - 51722 - ::1 Mozilla/5.0+(Windows+NT+10.0;+Win64;+x64)+AppleWebKit/537.36+(KHTML,+like+Gecko)+Chrome/65.0.3325.181+Safari/537.36 http://localhost:51722/User/LogOn 404 0 2 8
2018-04-03 11:14:30 ::1 GET /assets/pages/img/login/bg1.jpg - 51722 - ::1 Mozilla/5.0+(Windows+NT+10.0;+Win64;+x64)+AppleWebKit/537.36+(KHTML,+like+Gecko)+Chrome/65.0.3325.181+Safari/537.36 http://localhost:51722/User/LogOn 200 0 0 200
2018-04-03 11:14:30 ::1 GET /assets/pages/img/login/bg2.jpg - 51722 - ::1 Mozilla/5.0+(Windows+NT+10.0;+Win64;+x64)+AppleWebKit/537.36+(KHTML,+like+Gecko)+Chrome/65.0.3325.181+Safari/537.36 http://localhost:51722/User/LogOn 200 0 0 248
2018-04-03 11:18:26 ::1 POST /User/LogOn - 51722 - ::1 Mozilla/5.0+(Windows+NT+10.0;+Win64;+x64)+AppleWebKit/537.36+(KHTML,+like+Gecko)+Chrome/65.0.3325.181+Safari/537.36 http://localhost:51722/User/LogOn 302 0 0 28978
2018-04-03 11:19:19 ::1 GET / - 51722 qcemployee7.gorilla@gmail.com ::1 Mozilla/5.0+(Windows+NT+10.0;+Win64;+x64)+AppleWebKit/537.36+(KHTML,+like+Gecko)+Chrome/65.0.3325.181+Safari/537.36 http://localhost:51722/User/LogOn 200 0 0 53453
2018-04-03 11:19:19 ::1 GET /css/SiteLayoutPageForMasters-css v=tYCFPUvfhMe1vmZxcbcDA87hINYJdoZqWZmrS9VAazU1 51722 qcemployee7.gorilla@gmail.com ::1 Mozilla/5.0+(Windows+NT+10.0;+Win64;+x64)+AppleWebKit/537.36+(KHTML,+like+Gecko)+Chrome/65.0.3325.181+Safari/537.36 http://localhost:51722/ 200 0 0 52
2018-04-03 11:19:19 ::1 GET /Scripts/SiteLayoutPageForMasters-js v=NMauVSy_gT5RAxxlGvKHHiQU4fD1J3tKXjMwy7O32kM1 51722 qcemployee7.gorilla@gmail.com ::1 Mozilla/5.0+(Windows+NT+10.0;+Win64;+x64)+AppleWebKit/537.36+(KHTML,+like+Gecko)+Chrome/65.0.3325.181+Safari/537.36 http://localhost:51722/ 200 0 0 104
2018-04-03 11:19:19 ::1 GET /images/icons/home_48.png - 51722 - ::1 Mozilla/5.0+(Windows+NT+10.0;+Win64;+x64)+AppleWebKit/537.36+(KHTML,+like+Gecko)+Chrome/65.0.3325.181+Safari/537.36 http://localhost:51722/ 200 0 0 36
2018-04-03 11:19:19 ::1 GET /Images/icons/cross.png - 51722 - ::1 Mozilla/5.0+(Windows+NT+10.0;+Win64;+x64)+AppleWebKit/537.36+(KHTML,+like+Gecko)+Chrome/65.0.3325.181+Safari/537.36 http://localhost:51722/ 200 0 0 8
2018-04-03 11:19:19 ::1 GET /images/icons/paper_pencil_48.png - 51722 - ::1 Mozilla/5.0+(Windows+NT+10.0;+Win64;+x64)+AppleWebKit/537.36+(KHTML,+like+Gecko)+Chrome/65.0.3325.181+Safari/537.36 http://localhost:51722/ 200 0 0 27
2018-04-03 11:19:19 ::1 GET /images/icons/pie_chart_48.png - 51722 - ::1 Mozilla/5.0+(Windows+NT+10.0;+Win64;+x64)+AppleWebKit/537.36+(KHTML,+like+Gecko)+Chrome/65.0.3325.181+Safari/537.36 http://localhost:51722/ 200 0 0 24
2018-04-03 11:19:19 ::1 GET /images/icons/add_48.png - 51722 - ::1 Mozilla/5.0+(Windows+NT+10.0;+Win64;+x64)+AppleWebKit/537.36+(KHTML,+like+Gecko)+Chrome/65.0.3325.181+Safari/537.36 http://localhost:51722/ 200 0 0 56
2018-04-03 11:19:19 ::1 GET /images/shortcut-button-bg.gif - 51722 - ::1 Mozilla/5.0+(Windows+NT+10.0;+Win64;+x64)+AppleWebKit/537.36+(KHTML,+like+Gecko)+Chrome/65.0.3325.181+Safari/537.36 http://localhost:51722/css/SiteLayoutPageForMasters-css?v=tYCFPUvfhMe1vmZxcbcDA87hINYJdoZqWZmrS9VAazU1 200 0 0 144
2018-04-03 11:23:50 ::1 GET /ReceiptBox - 51722 qcemployee7.gorilla@gmail.com ::1 Mozilla/5.0+(Windows+NT+10.0;+Win64;+x64)+AppleWebKit/537.36+(KHTML,+like+Gecko)+Chrome/65.0.3325.181+Safari/537.36 http://localhost:51722/ 200 0 0 147303
2018-04-03 11:23:50 ::1 GET /Scripts/jquery.mousewheel-3.0.6.pack.js - 51722 - ::1 Mozilla/5.0+(Windows+NT+10.0;+Win64;+x64)+AppleWebKit/537.36+(KHTML,+like+Gecko)+Chrome/65.0.3325.181+Safari/537.36 http://localhost:51722/ReceiptBox 200 0 0 46
2018-04-03 11:23:50 ::1 GET /Content/RecieptBox.css - 51722 - ::1 Mozilla/5.0+(Windows+NT+10.0;+Win64;+x64)+AppleWebKit/537.36+(KHTML,+like+Gecko)+Chrome/65.0.3325.181+Safari/537.36 http://localhost:51722/ReceiptBox 200 0 0 62
2018-04-03 11:23:50 ::1 GET /Content/jquery.qtip.min.css - 51722 - ::1 Mozilla/5.0+(Windows+NT+10.0;+Win64;+x64)+AppleWebKit/537.36+(KHTML,+like+Gecko)+Chrome/65.0.3325.181+Safari/537.36 http://localhost:51722/ReceiptBox 200 0 0 90
2018-04-03 11:23:50 ::1 GET /Content/jquery.fancybox.css - 51722 - ::1 Mozilla/5.0+(Windows+NT+10.0;+Win64;+x64)+AppleWebKit/537.36+(KHTML,+like+Gecko)+Chrome/65.0.3325.181+Safari/537.36 http://localhost:51722/ReceiptBox 200 0 0 112
2018-04-03 11:23:50 ::1 GET /Scripts/jquery.fancybox.js - 51722 - ::1 Mozilla/5.0+(Windows+NT+10.0;+Win64;+x64)+AppleWebKit/537.36+(KHTML,+like+Gecko)+Chrome/65.0.3325.181+Safari/537.36 http://localhost:51722/ReceiptBox 200 0 0 40
2018-04-03 11:23:50 ::1 GET /Scripts/jquery.imgcheckbox.js - 51722 - ::1 Mozilla/5.0+(Windows+NT+10.0;+Win64;+x64)+AppleWebKit/537.36+(KHTML,+like+Gecko)+Chrome/65.0.3325.181+Safari/537.36 http://localhost:51722/ReceiptBox 200 0 0 56
2018-04-03 11:23:50 ::1 GET /Scripts/jquery.twbsPagination.js - 51722 - ::1 Mozilla/5.0+(Windows+NT+10.0;+Win64;+x64)+AppleWebKit/537.36+(KHTML,+like+Gecko)+Chrome/65.0.3325.181+Safari/537.36 http://localhost:51722/ReceiptBox 200 0 0 76
2018-04-03 11:23:50 ::1 GET /Scripts/jquery.loading.1.6.4.js - 51722 - ::1 Mozilla/5.0+(Windows+NT+10.0;+Win64;+x64)+AppleWebKit/537.36+(KHTML,+like+Gecko)+Chrome/65.0.3325.181+Safari/537.36 http://localhost:51722/ReceiptBox 200 0 0 80
2018-04-03 11:23:50 ::1 GET /Scripts/jQueryRotate.js - 51722 - ::1 Mozilla/5.0+(Windows+NT+10.0;+Win64;+x64)+AppleWebKit/537.36+(KHTML,+like+Gecko)+Chrome/65.0.3325.181+Safari/537.36 http://localhost:51722/ReceiptBox 200 0 0 120
2018-04-03 11:23:50 ::1 GET /Scripts/jquery.qtip.min.js - 51722 - ::1 Mozilla/5.0+(Windows+NT+10.0;+Win64;+x64)+AppleWebKit/537.36+(KHTML,+like+Gecko)+Chrome/65.0.3325.181+Safari/537.36 http://localhost:51722/ReceiptBox 200 0 0 116
2018-04-03 11:23:50 ::1 GET /Images/prev.png - 51722 - ::1 Mozilla/5.0+(Windows+NT+10.0;+Win64;+x64)+AppleWebKit/537.36+(KHTML,+like+Gecko)+Chrome/65.0.3325.181+Safari/537.36 http://localhost:51722/ReceiptBox 200 0 0 52
2018-04-03 11:23:50 ::1 GET /Images/first.png - 51722 - ::1 Mozilla/5.0+(Windows+NT+10.0;+Win64;+x64)+AppleWebKit/537.36+(KHTML,+like+Gecko)+Chrome/65.0.3325.181+Safari/537.36 http://localhost:51722/ReceiptBox 200 0 0 64
2018-04-03 11:23:50 ::1 GET /Images/last.png - 51722 - ::1 Mozilla/5.0+(Windows+NT+10.0;+Win64;+x64)+AppleWebKit/537.36+(KHTML,+like+Gecko)+Chrome/65.0.3325.181+Safari/537.36 http://localhost:51722/ReceiptBox 200 0 0 68
2018-04-03 11:23:50 ::1 GET /Images/next.png - 51722 - ::1 Mozilla/5.0+(Windows+NT+10.0;+Win64;+x64)+AppleWebKit/537.36+(KHTML,+like+Gecko)+Chrome/65.0.3325.181+Safari/537.36 http://localhost:51722/ReceiptBox 200 0 0 76
2018-04-03 11:23:50 ::1 GET /images/bg-form-field.gif - 51722 - ::1 Mozilla/5.0+(Windows+NT+10.0;+Win64;+x64)+AppleWebKit/537.36+(KHTML,+like+Gecko)+Chrome/65.0.3325.181+Safari/537.36 http://localhost:51722/ReceiptBox 200 0 0 8
2018-04-03 11:25:17 ::1 POST /ReceiptBox/SelectPDFList/ - 51722 qcemployee7.gorilla@gmail.com ::1 Mozilla/5.0+(Windows+NT+10.0;+Win64;+x64)+AppleWebKit/537.36+(KHTML,+like+Gecko)+Chrome/65.0.3325.181+Safari/537.36 http://localhost:51722/ReceiptBox 200 0 0 35
2018-04-03 11:25:19 ::1 POST /ReceiptBox/SelectPDFList/ - 51722 qcemployee7.gorilla@gmail.com ::1 Mozilla/5.0+(Windows+NT+10.0;+Win64;+x64)+AppleWebKit/537.36+(KHTML,+like+Gecko)+Chrome/65.0.3325.181+Safari/537.36 http://localhost:51722/ReceiptBox 200 0 0 15
2018-04-03 11:25:20 ::1 GET /images/ui-bg_flat_75_ffffff_40x100.png - 51722 - ::1 Mozilla/5.0+(Windows+NT+10.0;+Win64;+x64)+AppleWebKit/537.36+(KHTML,+like+Gecko)+Chrome/65.0.3325.181+Safari/537.36 http://localhost:51722/css/SiteLayoutPageForMasters-css?v=tYCFPUvfhMe1vmZxcbcDA87hINYJdoZqWZmrS9VAazU1 200 0 0 4
2018-04-03 11:25:20 ::1 GET /images/ui-bg_flat_0_aaaaaa_40x100.png - 51722 - ::1 Mozilla/5.0+(Windows+NT+10.0;+Win64;+x64)+AppleWebKit/537.36+(KHTML,+like+Gecko)+Chrome/65.0.3325.181+Safari/537.36 http://localhost:51722/css/SiteLayoutPageForMasters-css?v=tYCFPUvfhMe1vmZxcbcDA87hINYJdoZqWZmrS9VAazU1 200 0 0 7
2018-04-03 11:25:20 ::1 GET /images/ui-icons_222222_256x240.png - 51722 - ::1 Mozilla/5.0+(Windows+NT+10.0;+Win64;+x64)+AppleWebKit/537.36+(KHTML,+like+Gecko)+Chrome/65.0.3325.181+Safari/537.36 http://localhost:51722/css/SiteLayoutPageForMasters-css?v=tYCFPUvfhMe1vmZxcbcDA87hINYJdoZqWZmrS9VAazU1 200 0 0 60
2018-04-03 11:25:30 ::1 GET /ReceiptBox/ArrangeReceiptsPopup checkedRecieptList=imgChk1495&checkedRecieptList=imgChk1493 51722 qcemployee7.gorilla@gmail.com ::1 Mozilla/5.0+(Windows+NT+10.0;+Win64;+x64)+AppleWebKit/537.36+(KHTML,+like+Gecko)+Chrome/65.0.3325.181+Safari/537.36 http://localhost:51722/ReceiptBox 200 0 0 9980
2018-04-03 11:26:05 ::1 GET /images/ui-icons_454545_256x240.png - 51722 - ::1 Mozilla/5.0+(Windows+NT+10.0;+Win64;+x64)+AppleWebKit/537.36+(KHTML,+like+Gecko)+Chrome/65.0.3325.181+Safari/537.36 http://localhost:51722/css/SiteLayoutPageForMasters-css?v=tYCFPUvfhMe1vmZxcbcDA87hINYJdoZqWZmrS9VAazU1 200 0 0 92
2018-04-03 11:26:53 ::1 GET /ReceiptBox/ArrangeReceiptsPopup checkedRecieptList=imgChk1495&checkedRecieptList=imgChk1493 51722 qcemployee7.gorilla@gmail.com ::1 Mozilla/5.0+(Windows+NT+10.0;+Win64;+x64)+AppleWebKit/537.36+(KHTML,+like+Gecko)+Chrome/65.0.3325.181+Safari/537.36 http://localhost:51722/ReceiptBox 200 0 0 14178
2018-04-03 11:27:53 ::1 GET /ReceiptBox/ArrangeReceiptsPopup checkedRecieptList=imgChk1495&checkedRecieptList=imgChk1493 51722 qcemployee7.gorilla@gmail.com ::1 Mozilla/5.0+(Windows+NT+10.0;+Win64;+x64)+AppleWebKit/537.36+(KHTML,+like+Gecko)+Chrome/65.0.3325.181+Safari/537.36 http://localhost:51722/ReceiptBox 200 0 0 9706
2018-04-03 11:28:25 ::1 GET /ReceiptBox/ArrangeReceiptsPopup checkedRecieptList=imgChk1495&checkedRecieptList=imgChk1493 51722 qcemployee7.gorilla@gmail.com ::1 Mozilla/5.0+(Windows+NT+10.0;+Win64;+x64)+AppleWebKit/537.36+(KHTML,+like+Gecko)+Chrome/65.0.3325.181+Safari/537.36 http://localhost:51722/ReceiptBox 200 0 0 8998
2018-04-03 11:28:51 ::1 POST /ReceiptBox/SelectPDFList/ - 51722 qcemployee7.gorilla@gmail.com ::1 Mozilla/5.0+(Windows+NT+10.0;+Win64;+x64)+AppleWebKit/537.36+(KHTML,+like+Gecko)+Chrome/65.0.3325.181+Safari/537.36 http://localhost:51722/ReceiptBox 200 0 0 76
2018-04-03 11:28:51 ::1 POST /ReceiptBox/SelectPDFList/ - 51722 qcemployee7.gorilla@gmail.com ::1 Mozilla/5.0+(Windows+NT+10.0;+Win64;+x64)+AppleWebKit/537.36+(KHTML,+like+Gecko)+Chrome/65.0.3325.181+Safari/537.36 http://localhost:51722/ReceiptBox 200 0 0 8
2018-04-03 11:28:53 ::1 POST /ReceiptBox/SelectPDFList/ - 51722 qcemployee7.gorilla@gmail.com ::1 Mozilla/5.0+(Windows+NT+10.0;+Win64;+x64)+AppleWebKit/537.36+(KHTML,+like+Gecko)+Chrome/65.0.3325.181+Safari/537.36 http://localhost:51722/ReceiptBox 200 0 0 7
2018-04-03 11:28:54 ::1 POST /ReceiptBox/SelectPDFList/ - 51722 qcemployee7.gorilla@gmail.com ::1 Mozilla/5.0+(Windows+NT+10.0;+Win64;+x64)+AppleWebKit/537.36+(KHTML,+like+Gecko)+Chrome/65.0.3325.181+Safari/537.36 http://localhost:51722/ReceiptBox 200 0 0 8
2018-04-03 11:28:54 ::1 POST /ReceiptBox/SelectPDFList/ - 51722 qcemployee7.gorilla@gmail.com ::1 Mozilla/5.0+(Windows+NT+10.0;+Win64;+x64)+AppleWebKit/537.36+(KHTML,+like+Gecko)+Chrome/65.0.3325.181+Safari/537.36 http://localhost:51722/ReceiptBox 200 0 0 8
2018-04-03 11:28:57 ::1 POST /ReceiptBox/SelectPDFList/ - 51722 qcemployee7.gorilla@gmail.com ::1 Mozilla/5.0+(Windows+NT+10.0;+Win64;+x64)+AppleWebKit/537.36+(KHTML,+like+Gecko)+Chrome/65.0.3325.181+Safari/537.36 http://localhost:51722/ReceiptBox 200 0 0 8
2018-04-03 11:28:59 ::1 POST /ReceiptBox/SelectPDFList/ - 51722 qcemployee7.gorilla@gmail.com ::1 Mozilla/5.0+(Windows+NT+10.0;+Win64;+x64)+AppleWebKit/537.36+(KHTML,+like+Gecko)+Chrome/65.0.3325.181+Safari/537.36 http://localhost:51722/ReceiptBox 200 0 0 7
2018-04-03 11:29:12 ::1 GET /ReceiptBox/ArrangeReceiptsPopup checkedRecieptList=imgChk1495&checkedRecieptList=imgChk1493&checkedRecieptList=imgChk1492&checkedRecieptList=imgChk1491&checkedRecieptList=imgChk1286&checkedRecieptList=imgChk1287&checkedRecieptList=imgChk1289&checkedRecieptList=imgChk1290&checkedRecieptList=imgChk1482 51722 qcemployee7.gorilla@gmail.com ::1 Mozilla/5.0+(Windows+NT+10.0;+Win64;+x64)+AppleWebKit/537.36+(KHTML,+like+Gecko)+Chrome/65.0.3325.181+Safari/537.36 http://localhost:51722/ReceiptBox 200 0 0 10959
2018-04-03 11:32:19 ::1 GET /User/LogOn - 51722 qcemployee7.gorilla@gmail.com ::1 Mozilla/5.0+(Windows+NT+10.0;+Win64;+x64)+AppleWebKit/537.36+(KHTML,+like+Gecko)+Chrome/65.0.3325.181+Safari/537.36 http://localhost:51722/ReceiptBox 302 0 0 8653
2018-04-03 11:32:55 ::1 GET / - 51722 qcemployee7.gorilla@gmail.com ::1 Mozilla/5.0+(Windows+NT+10.0;+Win64;+x64)+AppleWebKit/537.36+(KHTML,+like+Gecko)+Chrome/65.0.3325.181+Safari/537.36 http://localhost:51722/ReceiptBox 200 0 0 35754
2018-04-03 11:33:09 ::1 GET /ReceiptBox/ArrangeReceiptsPopup checkedRecieptList=imgChk1495&checkedRecieptList=imgChk1493&checkedRecieptList=imgChk1492&checkedRecieptList=imgChk1491&checkedRecieptList=imgChk1286&checkedRecieptList=imgChk1287&checkedRecieptList=imgChk1289&checkedRecieptList=imgChk1290&checkedRecieptList=imgChk1482 51722 qcemployee7.gorilla@gmail.com ::1 Mozilla/5.0+(Windows+NT+10.0;+Win64;+x64)+AppleWebKit/537.36+(KHTML,+like+Gecko)+Chrome/65.0.3325.181+Safari/537.36 http://localhost:51722/ReceiptBox 200 0 0 11836
2018-04-03 11:40:37 ::1 GET /User/LogOn - 51722 qcemployee7.gorilla@gmail.com ::1 Mozilla/5.0+(Windows+NT+10.0;+Win64;+x64)+AppleWebKit/537.36+(KHTML,+like+Gecko)+Chrome/65.0.3325.181+Safari/537.36 http://localhost:51722/ReceiptBox 302 0 0 5407
2018-04-03 11:41:17 ::1 GET / - 51722 qcemployee7.gorilla@gmail.com ::1 Mozilla/5.0+(Windows+NT+10.0;+Win64;+x64)+AppleWebKit/537.36+(KHTML,+like+Gecko)+Chrome/65.0.3325.181+Safari/537.36 http://localhost:51722/ReceiptBox 200 0 0 39618
2018-04-03 11:48:57 ::1 GET /User/LogOn - 51722 qcemployee7.gorilla@gmail.com ::1 Mozilla/5.0+(Windows+NT+10.0;+Win64;+x64)+AppleWebKit/537.36+(KHTML,+like+Gecko)+Chrome/65.0.3325.181+Safari/537.36 http://localhost:51722/ReceiptBox 302 0 0 4030
2018-04-03 11:49:36 ::1 GET / - 51722 qcemployee7.gorilla@gmail.com ::1 Mozilla/5.0+(Windows+NT+10.0;+Win64;+x64)+AppleWebKit/537.36+(KHTML,+like+Gecko)+Chrome/65.0.3325.181+Safari/537.36 http://localhost:51722/ReceiptBox 200 0 0 39544
2018-04-03 11:55:30 ::1 GET /User/LogOut - 51722 qcemployee7.gorilla@gmail.com ::1 Mozilla/5.0+(Windows+NT+10.0;+Win64;+x64)+AppleWebKit/537.36+(KHTML,+like+Gecko)+Chrome/65.0.3325.181+Safari/537.36 http://localhost:51722/ReceiptBox 302 0 0 68
2018-04-03 11:55:32 ::1 GET /User/LogOut - 51722 - ::1 Mozilla/5.0+(Windows+NT+10.0;+Win64;+x64)+AppleWebKit/537.36+(KHTML,+like+Gecko)+Chrome/65.0.3325.181+Safari/537.36 http://localhost:51722/ReceiptBox 302 0 0 27
2018-04-03 11:55:32 ::1 GET / - 51722 - ::1 Mozilla/5.0+(Windows+NT+10.0;+Win64;+x64)+AppleWebKit/537.36+(KHTML,+like+Gecko)+Chrome/65.0.3325.181+Safari/537.36 http://localhost:51722/ReceiptBox 302 0 0 21
2018-04-03 11:55:35 ::1 GET /User/LogOn - 51722 - ::1 Mozilla/5.0+(Windows+NT+10.0;+Win64;+x64)+AppleWebKit/537.36+(KHTML,+like+Gecko)+Chrome/65.0.3325.181+Safari/537.36 http://localhost:51722/ReceiptBox 200 0 64 3608
2018-04-03 11:55:35 ::1 GET /User/LogOut - 51722 - ::1 Mozilla/5.0+(Windows+NT+10.0;+Win64;+x64)+AppleWebKit/537.36+(KHTML,+like+Gecko)+Chrome/65.0.3325.181+Safari/537.36 http://localhost:51722/ReceiptBox 302 0 0 40
2018-04-03 11:55:35 ::1 GET / - 51722 - ::1 Mozilla/5.0+(Windows+NT+10.0;+Win64;+x64)+AppleWebKit/537.36+(KHTML,+like+Gecko)+Chrome/65.0.3325.181+Safari/537.36 http://localhost:51722/ReceiptBox 302 0 0 32
2018-04-03 11:55:35 ::1 GET /User/LogOut - 51722 - ::1 Mozilla/5.0+(Windows+NT+10.0;+Win64;+x64)+AppleWebKit/537.36+(KHTML,+like+Gecko)+Chrome/65.0.3325.181+Safari/537.36 http://localhost:51722/ReceiptBox 302 0 64 2444
2018-04-03 11:55:35 ::1 GET /User/LogOn - 51722 - ::1 Mozilla/5.0+(Windows+NT+10.0;+Win64;+x64)+AppleWebKit/537.36+(KHTML,+like+Gecko)+Chrome/65.0.3325.181+Safari/537.36 http://localhost:51722/ReceiptBox 200 0 0 376
2018-04-03 11:55:35 ::1 GET /User/assets/pages/img/login/bg1.jpg - 51722 - ::1 Mozilla/5.0+(Windows+NT+10.0;+Win64;+x64)+AppleWebKit/537.36+(KHTML,+like+Gecko)+Chrome/65.0.3325.181+Safari/537.36 http://localhost:51722/User/LogOn 404 0 2 3
#Software: Microsoft Internet Information Services 8.0
#Version: 1.0
#Date: 2018-04-03 12:18:46
#Fields: date time s-ip cs-method cs-uri-stem cs-uri-query s-port cs-username c-ip cs(User-Agent) cs(Referer) sc-status sc-substatus sc-win32-status time-taken
2018-04-03 12:18:46 ::1 GET /ReceiptBox/ArrangeReceiptsPopup - 51722 - ::1 Mozilla/5.0+(Windows+NT+10.0;+Win64;+x64)+AppleWebKit/537.36+(KHTML,+like+Gecko)+Chrome/65.0.3325.181+Safari/537.36 - 302 0 0 15619
2018-04-03 12:18:46 ::1 GET /User/LogOn ReturnUrl=%2fReceiptBox%2fArrangeReceiptsPopup 51722 - ::1 Mozilla/5.0+(Windows+NT+10.0;+Win64;+x64)+AppleWebKit/537.36+(KHTML,+like+Gecko)+Chrome/65.0.3325.181+Safari/537.36 - 302 0 0 404
2018-04-03 12:18:46 ::1 GET /User/LogOut - 51722 - ::1 Mozilla/5.0+(Windows+NT+10.0;+Win64;+x64)+AppleWebKit/537.36+(KHTML,+like+Gecko)+Chrome/65.0.3325.181+Safari/537.36 - 302 0 0 23
2018-04-03 12:18:46 ::1 GET / - 51722 - ::1 Mozilla/5.0+(Windows+NT+10.0;+Win64;+x64)+AppleWebKit/537.36+(KHTML,+like+Gecko)+Chrome/65.0.3325.181+Safari/537.36 - 302 0 0 123
2018-04-03 12:18:49 ::1 GET /User/LogOn - 51722 - ::1 Mozilla/5.0+(Windows+NT+10.0;+Win64;+x64)+AppleWebKit/537.36+(KHTML,+like+Gecko)+Chrome/65.0.3325.181+Safari/537.36 - 200 0 0 3053
2018-04-03 12:18:49 ::1 GET /User/assets/pages/img/login/bg1.jpg - 51722 - ::1 Mozilla/5.0+(Windows+NT+10.0;+Win64;+x64)+AppleWebKit/537.36+(KHTML,+like+Gecko)+Chrome/65.0.3325.181+Safari/537.36 http://localhost:51722/User/LogOn 404 0 2 11
2018-04-03 12:19:19 ::1 POST /User/LogOn - 51722 - ::1 Mozilla/5.0+(Windows+NT+10.0;+Win64;+x64)+AppleWebKit/537.36+(KHTML,+like+Gecko)+Chrome/65.0.3325.181+Safari/537.36 http://localhost:51722/User/LogOn 302 0 0 22621
2018-04-03 12:19:58 ::1 GET / - 51722 qcemployee7.gorilla@gmail.com ::1 Mozilla/5.0+(Windows+NT+10.0;+Win64;+x64)+AppleWebKit/537.36+(KHTML,+like+Gecko)+Chrome/65.0.3325.181+Safari/537.36 http://localhost:51722/User/LogOn 200 0 0 39353
2018-04-03 12:25:10 ::1 GET /ReceiptBox - 51722 qcemployee7.gorilla@gmail.com ::1 Mozilla/5.0+(Windows+NT+10.0;+Win64;+x64)+AppleWebKit/537.36+(KHTML,+like+Gecko)+Chrome/65.0.3325.181+Safari/537.36 http://localhost:51722/ 200 0 0 11534
2018-04-03 12:25:43 ::1 POST /ReceiptBox/SelectPDFList/ - 51722 qcemployee7.gorilla@gmail.com ::1 Mozilla/5.0+(Windows+NT+10.0;+Win64;+x64)+AppleWebKit/537.36+(KHTML,+like+Gecko)+Chrome/65.0.3325.181+Safari/537.36 http://localhost:51722/ReceiptBox 200 0 0 11
2018-04-03 12:25:45 ::1 POST /ReceiptBox/SelectPDFList/ - 51722 qcemployee7.gorilla@gmail.com ::1 Mozilla/5.0+(Windows+NT+10.0;+Win64;+x64)+AppleWebKit/537.36+(KHTML,+like+Gecko)+Chrome/65.0.3325.181+Safari/537.36 http://localhost:51722/ReceiptBox 200 0 0 7
2018-04-03 12:25:46 ::1 POST /ReceiptBox/SelectPDFList/ - 51722 qcemployee7.gorilla@gmail.com ::1 Mozilla/5.0+(Windows+NT+10.0;+Win64;+x64)+AppleWebKit/537.36+(KHTML,+like+Gecko)+Chrome/65.0.3325.181+Safari/537.36 http://localhost:51722/ReceiptBox 200 0 0 7
2018-04-03 12:25:57 ::1 GET /ReceiptBox/ArrangeReceiptsPopup checkedRecieptList=imgChk1495&checkedRecieptList=imgChk1493&checkedRecieptList=imgChk1492 51722 qcemployee7.gorilla@gmail.com ::1 Mozilla/5.0+(Windows+NT+10.0;+Win64;+x64)+AppleWebKit/537.36+(KHTML,+like+Gecko)+Chrome/65.0.3325.181+Safari/537.36 http://localhost:51722/ReceiptBox 200 0 0 8810
2018-04-03 12:28:53 ::1 GET /ReceiptBox/ArrangeReceiptsPopup checkedRecieptList=imgChk1495&checkedRecieptList=imgChk1493&checkedRecieptList=imgChk1492 51722 qcemployee7.gorilla@gmail.com ::1 Mozilla/5.0+(Windows+NT+10.0;+Win64;+x64)+AppleWebKit/537.36+(KHTML,+like+Gecko)+Chrome/65.0.3325.181+Safari/537.36 http://localhost:51722/ReceiptBox 200 0 0 7508
2018-04-03 12:29:07 ::1 POST /ReceiptBox/SelectPDFList/ - 51722 qcemployee7.gorilla@gmail.com ::1 Mozilla/5.0+(Windows+NT+10.0;+Win64;+x64)+AppleWebKit/537.36+(KHTML,+like+Gecko)+Chrome/65.0.3325.181+Safari/537.36 http://localhost:51722/ReceiptBox 200 0 0 10
2018-04-03 12:29:08 ::1 POST /ReceiptBox/SelectPDFList/ - 51722 qcemployee7.gorilla@gmail.com ::1 Mozilla/5.0+(Windows+NT+10.0;+Win64;+x64)+AppleWebKit/537.36+(KHTML,+like+Gecko)+Chrome/65.0.3325.181+Safari/537.36 http://localhost:51722/ReceiptBox 200 0 0 6
2018-04-03 12:29:09 ::1 POST /ReceiptBox/SelectPDFList/ - 51722 qcemployee7.gorilla@gmail.com ::1 Mozilla/5.0+(Windows+NT+10.0;+Win64;+x64)+AppleWebKit/537.36+(KHTML,+like+Gecko)+Chrome/65.0.3325.181+Safari/537.36 http://localhost:51722/ReceiptBox 200 0 0 8
2018-04-03 12:29:10 ::1 POST /ReceiptBox/SelectPDFList/ - 51722 qcemployee7.gorilla@gmail.com ::1 Mozilla/5.0+(Windows+NT+10.0;+Win64;+x64)+AppleWebKit/537.36+(KHTML,+like+Gecko)+Chrome/65.0.3325.181+Safari/537.36 http://localhost:51722/ReceiptBox 200 0 0 7
2018-04-03 12:29:11 ::1 POST /ReceiptBox/SelectPDFList/ - 51722 qcemployee7.gorilla@gmail.com ::1 Mozilla/5.0+(Windows+NT+10.0;+Win64;+x64)+AppleWebKit/537.36+(KHTML,+like+Gecko)+Chrome/65.0.3325.181+Safari/537.36 http://localhost:51722/ReceiptBox 200 0 0 8
2018-04-03 12:29:13 ::1 POST /ReceiptBox/SelectPDFList/ - 51722 qcemployee7.gorilla@gmail.com ::1 Mozilla/5.0+(Windows+NT+10.0;+Win64;+x64)+AppleWebKit/537.36+(KHTML,+like+Gecko)+Chrome/65.0.3325.181+Safari/537.36 http://localhost:51722/ReceiptBox 200 0 0 6
2018-04-03 12:29:14 ::1 POST /ReceiptBox/SelectPDFList/ - 51722 qcemployee7.gorilla@gmail.com ::1 Mozilla/5.0+(Windows+NT+10.0;+Win64;+x64)+AppleWebKit/537.36+(KHTML,+like+Gecko)+Chrome/65.0.3325.181+Safari/537.36 http://localhost:51722/ReceiptBox 200 0 0 7
2018-04-03 12:29:26 ::1 GET /ReceiptBox/ArrangeReceiptsPopup checkedRecieptList=imgChk1495&checkedRecieptList=imgChk1493&checkedRecieptList=imgChk1492&checkedRecieptList=imgChk1487&checkedRecieptList=imgChk1482&checkedRecieptList=imgChk1481&checkedRecieptList=imgChk1480&checkedRecieptList=imgChk1484&checkedRecieptList=imgChk1490&checkedRecieptList=imgChk1483 51722 qcemployee7.gorilla@gmail.com ::1 Mozilla/5.0+(Windows+NT+10.0;+Win64;+x64)+AppleWebKit/537.36+(KHTML,+like+Gecko)+Chrome/65.0.3325.181+Safari/537.36 http://localhost:51722/ReceiptBox 200 0 0 10227
2018-04-03 12:29:39 ::1 GET /Scripts/jquery.qtip.min.map - 51722 - ::1 Mozilla/5.0+(Windows+NT+10.0;+Win64;+x64)+AppleWebKit/537.36+(KHTML,+like+Gecko)+Chrome/65.0.3325.181+Safari/537.36 - 404 0 2 2
2018-04-03 12:29:39 ::1 GET /jquery.qtip.min.map - 51722 - ::1 Mozilla/5.0+(Windows+NT+10.0;+Win64;+x64)+AppleWebKit/537.36+(KHTML,+like+Gecko)+Chrome/65.0.3325.181+Safari/537.36 - 404 0 2 3
2018-04-03 12:31:02 ::1 GET /Scripts/jquery.qtip.min.map - 51722 - ::1 Mozilla/5.0+(Windows+NT+10.0;+Win64;+x64)+AppleWebKit/537.36+(KHTML,+like+Gecko)+Chrome/65.0.3325.181+Safari/537.36 - 404 0 2 2
2018-04-03 12:32:07 ::1 GET /ReceiptBox/ArrangeReceiptsPopup checkedRecieptList=imgChk1495&checkedRecieptList=imgChk1493&checkedRecieptList=imgChk1492&checkedRecieptList=imgChk1487&checkedRecieptList=imgChk1482&checkedRecieptList=imgChk1481&checkedRecieptList=imgChk1480&checkedRecieptList=imgChk1484&checkedRecieptList=imgChk1490&checkedRecieptList=imgChk1483 51722 qcemployee7.gorilla@gmail.com ::1 Mozilla/5.0+(Windows+NT+10.0;+Win64;+x64)+AppleWebKit/537.36+(KHTML,+like+Gecko)+Chrome/65.0.3325.181+Safari/537.36 http://localhost:51722/ReceiptBox 200 0 0 12678
2018-04-03 12:33:33 ::1 GET /User/LogOn - 51722 qcemployee7.gorilla@gmail.com ::1 Mozilla/5.0+(Windows+NT+10.0;+Win64;+x64)+AppleWebKit/537.36+(KHTML,+like+Gecko)+Chrome/65.0.3325.181+Safari/537.36 http://localhost:51722/ReceiptBox 302 0 0 2464
2018-04-03 12:34:02 ::1 GET / - 51722 qcemployee7.gorilla@gmail.com ::1 Mozilla/5.0+(Windows+NT+10.0;+Win64;+x64)+AppleWebKit/537.36+(KHTML,+like+Gecko)+Chrome/65.0.3325.181+Safari/537.36 http://localhost:51722/ReceiptBox 200 0 0 29157
2018-04-03 12:36:04 ::1 GET /ReceiptBox/ArrangeReceiptsPopup checkedRecieptList=imgChk1495&checkedRecieptList=imgChk1493&checkedRecieptList=imgChk1492&checkedRecieptList=imgChk1487&checkedRecieptList=imgChk1482&checkedRecieptList=imgChk1481&checkedRecieptList=imgChk1480&checkedRecieptList=imgChk1484&checkedRecieptList=imgChk1490&checkedRecieptList=imgChk1483 51722 qcemployee7.gorilla@gmail.com ::1 Mozilla/5.0+(Windows+NT+10.0;+Win64;+x64)+AppleWebKit/537.36+(KHTML,+like+Gecko)+Chrome/65.0.3325.181+Safari/537.36 http://localhost:51722/ReceiptBox 200 0 0 149740
2018-04-03 12:36:29 ::1 GET /Scripts/jquery.qtip.min.map - 51722 - ::1 Mozilla/5.0+(Windows+NT+10.0;+Win64;+x64)+AppleWebKit/537.36+(KHTML,+like+Gecko)+Chrome/65.0.3325.181+Safari/537.36 - 404 0 2 3
2018-04-03 12:36:29 ::1 GET /jquery.qtip.min.map - 51722 - ::1 Mozilla/5.0+(Windows+NT+10.0;+Win64;+x64)+AppleWebKit/537.36+(KHTML,+like+Gecko)+Chrome/65.0.3325.181+Safari/537.36 - 404 0 2 2
2018-04-03 12:36:29 ::1 GET /jquery.qtip.min.map - 51722 - ::1 Mozilla/5.0+(Windows+NT+10.0;+Win64;+x64)+AppleWebKit/537.36+(KHTML,+like+Gecko)+Chrome/65.0.3325.181+Safari/537.36 - 404 0 2 3
2018-04-03 12:38:12 ::1 GET /Scripts/jquery.qtip.min.map - 51722 - ::1 Mozilla/5.0+(Windows+NT+10.0;+Win64;+x64)+AppleWebKit/537.36+(KHTML,+like+Gecko)+Chrome/65.0.3325.181+Safari/537.36 - 404 0 2 3
2018-04-03 12:39:50 ::1 GET /Scripts/jquery.qtip.min.map - 51722 - ::1 Mozilla/5.0+(Windows+NT+10.0;+Win64;+x64)+AppleWebKit/537.36+(KHTML,+like+Gecko)+Chrome/65.0.3325.181+Safari/537.36 - 404 0 2 2
2018-04-03 12:40:15 ::1 GET /Scripts/jquery.qtip.min.map - 51722 - ::1 Mozilla/5.0+(Windows+NT+10.0;+Win64;+x64)+AppleWebKit/537.36+(KHTML,+like+Gecko)+Chrome/65.0.3325.181+Safari/537.36 - 404 0 2 1
2018-04-03 12:42:20 ::1 GET /User/LogOn - 51722 qcemployee7.gorilla@gmail.com ::1 Mozilla/5.0+(Windows+NT+10.0;+Win64;+x64)+AppleWebKit/537.36+(KHTML,+like+Gecko)+Chrome/65.0.3325.181+Safari/537.36 http://localhost:51722/ReceiptBox 302 0 0 29485
2018-04-03 12:42:57 ::1 GET / - 51722 qcemployee7.gorilla@gmail.com ::1 Mozilla/5.0+(Windows+NT+10.0;+Win64;+x64)+AppleWebKit/537.36+(KHTML,+like+Gecko)+Chrome/65.0.3325.181+Safari/537.36 http://localhost:51722/ReceiptBox 200 0 0 37168
2018-04-03 12:50:04 ::1 POST /ReceiptBox/SelectPDFList/ - 51722 qcemployee7.gorilla@gmail.com ::1 Mozilla/5.0+(Windows+NT+10.0;+Win64;+x64)+AppleWebKit/537.36+(KHTML,+like+Gecko)+Chrome/65.0.3325.181+Safari/537.36 http://localhost:51722/ReceiptBox 200 0 0 11
2018-04-03 12:50:19 ::1 GET /ReceiptBox/ArrangeReceiptsPopup checkedRecieptList=imgChk1495&checkedRecieptList=imgChk1493&checkedRecieptList=imgChk1492&checkedRecieptList=imgChk1487&checkedRecieptList=imgChk1482&checkedRecieptList=imgChk1481&checkedRecieptList=imgChk1480&checkedRecieptList=imgChk1484&checkedRecieptList=imgChk1490&checkedRecieptList=imgChk1483&checkedRecieptList=imgChk1289 51722 qcemployee7.gorilla@gmail.com ::1 Mozilla/5.0+(Windows+NT+10.0;+Win64;+x64)+AppleWebKit/537.36+(KHTML,+like+Gecko)+Chrome/65.0.3325.181+Safari/537.36 http://localhost:51722/ReceiptBox 200 0 0 13103
2018-04-03 12:58:24 ::1 GET /User/LogOn - 51722 qcemployee7.gorilla@gmail.com ::1 Mozilla/5.0+(Windows+NT+10.0;+Win64;+x64)+AppleWebKit/537.36+(KHTML,+like+Gecko)+Chrome/65.0.3325.181+Safari/537.36 http://localhost:51722/ReceiptBox 302 0 0 2550
2018-04-03 12:58:52 ::1 GET / - 51722 qcemployee7.gorilla@gmail.com ::1 Mozilla/5.0+(Windows+NT+10.0;+Win64;+x64)+AppleWebKit/537.36+(KHTML,+like+Gecko)+Chrome/65.0.3325.181+Safari/537.36 http://localhost:51722/ReceiptBox 200 0 0 27458
2018-04-03 13:00:46 ::1 GET /ReceiptBox/ArrangeReceiptsPopup checkedRecieptList=imgChk1495&checkedRecieptList=imgChk1493&checkedRecieptList=imgChk1492&checkedRecieptList=imgChk1487&checkedRecieptList=imgChk1482&checkedRecieptList=imgChk1481&checkedRecieptList=imgChk1480&checkedRecieptList=imgChk1484&checkedRecieptList=imgChk1490&checkedRecieptList=imgChk1483&checkedRecieptList=imgChk1289 51722 qcemployee7.gorilla@gmail.com ::1 Mozilla/5.0+(Windows+NT+10.0;+Win64;+x64)+AppleWebKit/537.36+(KHTML,+like+Gecko)+Chrome/65.0.3325.181+Safari/537.36 http://localhost:51722/ReceiptBox 200 0 0 10587
2018-04-03 13:06:45 ::1 GET /User/LogOn - 51722 qcemployee7.gorilla@gmail.com ::1 Mozilla/5.0+(Windows+NT+10.0;+Win64;+x64)+AppleWebKit/537.36+(KHTML,+like+Gecko)+Chrome/65.0.3325.181+Safari/537.36 http://localhost:51722/ReceiptBox 302 0 0 2477
2018-04-03 13:07:12 ::1 GET / - 51722 qcemployee7.gorilla@gmail.com ::1 Mozilla/5.0+(Windows+NT+10.0;+Win64;+x64)+AppleWebKit/537.36+(KHTML,+like+Gecko)+Chrome/65.0.3325.181+Safari/537.36 http://localhost:51722/ReceiptBox 200 0 0 26708
2018-04-03 13:16:17 ::1 GET /User/LogOut - 51722 qcemployee7.gorilla@gmail.com ::1 Mozilla/5.0+(Windows+NT+10.0;+Win64;+x64)+AppleWebKit/537.36+(KHTML,+like+Gecko)+Chrome/65.0.3325.181+Safari/537.36 http://localhost:51722/ReceiptBox 302 0 0 18
2018-04-03 13:16:19 ::1 GET /User/LogOut - 51722 - ::1 Mozilla/5.0+(Windows+NT+10.0;+Win64;+x64)+AppleWebKit/537.36+(KHTML,+like+Gecko)+Chrome/65.0.3325.181+Safari/537.36 http://localhost:51722/ReceiptBox 302 0 0 94
2018-04-03 13:16:19 ::1 GET / - 51722 - ::1 Mozilla/5.0+(Windows+NT+10.0;+Win64;+x64)+AppleWebKit/537.36+(KHTML,+like+Gecko)+Chrome/65.0.3325.181+Safari/537.36 http://localhost:51722/ReceiptBox 302 0 0 16
2018-04-03 13:16:21 ::1 GET /User/LogOn - 51722 - ::1 Mozilla/5.0+(Windows+NT+10.0;+Win64;+x64)+AppleWebKit/537.36+(KHTML,+like+Gecko)+Chrome/65.0.3325.181+Safari/537.36 http://localhost:51722/ReceiptBox 200 0 64 2381
2018-04-03 13:16:21 ::1 GET /User/LogOut - 51722 - ::1 Mozilla/5.0+(Windows+NT+10.0;+Win64;+x64)+AppleWebKit/537.36+(KHTML,+like+Gecko)+Chrome/65.0.3325.181+Safari/537.36 http://localhost:51722/ReceiptBox 302 0 0 1016
2018-04-03 13:16:21 ::1 GET / - 51722 - ::1 Mozilla/5.0+(Windows+NT+10.0;+Win64;+x64)+AppleWebKit/537.36+(KHTML,+like+Gecko)+Chrome/65.0.3325.181+Safari/537.36 http://localhost:51722/ReceiptBox 302 0 0 16
2018-04-03 13:16:21 ::1 GET /User/LogOn - 51722 - ::1 Mozilla/5.0+(Windows+NT+10.0;+Win64;+x64)+AppleWebKit/537.36+(KHTML,+like+Gecko)+Chrome/65.0.3325.181+Safari/537.36 http://localhost:51722/ReceiptBox 200 0 0 228
2018-04-03 13:16:23 ::1 GET /User/assets/pages/img/login/bg1.jpg - 51722 - ::1 Mozilla/5.0+(Windows+NT+10.0;+Win64;+x64)+AppleWebKit/537.36+(KHTML,+like+Gecko)+Chrome/65.0.3325.181+Safari/537.36 http://localhost:51722/User/LogOn 404 0 2 1
#Software: Microsoft Internet Information Services 8.0
#Version: 1.0
#Date: 2018-04-03 14:58:47
#Fields: date time s-ip cs-method cs-uri-stem cs-uri-query s-port cs-username c-ip cs(User-Agent) cs(Referer) sc-status sc-substatus sc-win32-status time-taken
2018-04-03 14:58:47 ::1 GET / - 51722 - ::1 Mozilla/5.0+(Windows+NT+10.0;+Win64;+x64)+AppleWebKit/537.36+(KHTML,+like+Gecko)+Chrome/65.0.3325.181+Safari/537.36 - 302 0 0 50516
2018-04-03 14:59:17 ::1 GET /User/LogOn - 51722 - ::1 Mozilla/5.0+(Windows+NT+10.0;+Win64;+x64)+AppleWebKit/537.36+(KHTML,+like+Gecko)+Chrome/65.0.3325.181+Safari/537.36 - 200 0 0 30079
2018-04-03 14:59:17 ::1 GET /User/assets/pages/img/login/bg1.jpg - 51722 - ::1 Mozilla/5.0+(Windows+NT+10.0;+Win64;+x64)+AppleWebKit/537.36+(KHTML,+like+Gecko)+Chrome/65.0.3325.181+Safari/537.36 http://localhost:51722/User/LogOn 404 0 2 4
2018-04-03 15:00:00 ::1 POST /User/LogOn - 51722 - ::1 Mozilla/5.0+(Windows+NT+10.0;+Win64;+x64)+AppleWebKit/537.36+(KHTML,+like+Gecko)+Chrome/65.0.3325.181+Safari/537.36 http://localhost:51722/User/LogOn 302 0 0 27136
2018-04-03 15:01:26 ::1 GET / - 51722 qcemployee7.gorilla@gmail.com ::1 Mozilla/5.0+(Windows+NT+10.0;+Win64;+x64)+AppleWebKit/537.36+(KHTML,+like+Gecko)+Chrome/65.0.3325.181+Safari/537.36 http://localhost:51722/User/LogOn 200 0 0 86492
2018-04-03 15:02:29 ::1 GET /ReceiptBox - 51722 qcemployee7.gorilla@gmail.com ::1 Mozilla/5.0+(Windows+NT+10.0;+Win64;+x64)+AppleWebKit/537.36+(KHTML,+like+Gecko)+Chrome/65.0.3325.181+Safari/537.36 http://localhost:51722/ 200 0 0 27331
2018-04-03 15:05:39 ::1 POST /ReceiptBox/SelectPDFList/ - 51722 qcemployee7.gorilla@gmail.com ::1 Mozilla/5.0+(Windows+NT+10.0;+Win64;+x64)+AppleWebKit/537.36+(KHTML,+like+Gecko)+Chrome/65.0.3325.181+Safari/537.36 http://localhost:51722/ReceiptBox 200 0 0 39
2018-04-03 15:05:41 ::1 POST /ReceiptBox/SelectPDFList/ - 51722 qcemployee7.gorilla@gmail.com ::1 Mozilla/5.0+(Windows+NT+10.0;+Win64;+x64)+AppleWebKit/537.36+(KHTML,+like+Gecko)+Chrome/65.0.3325.181+Safari/537.36 http://localhost:51722/ReceiptBox 200 0 0 12
2018-04-03 15:05:42 ::1 POST /ReceiptBox/SelectPDFList/ - 51722 qcemployee7.gorilla@gmail.com ::1 Mozilla/5.0+(Windows+NT+10.0;+Win64;+x64)+AppleWebKit/537.36+(KHTML,+like+Gecko)+Chrome/65.0.3325.181+Safari/537.36 http://localhost:51722/ReceiptBox 200 0 0 11
2018-04-03 15:05:42 ::1 POST /ReceiptBox/SelectPDFList/ - 51722 qcemployee7.gorilla@gmail.com ::1 Mozilla/5.0+(Windows+NT+10.0;+Win64;+x64)+AppleWebKit/537.36+(KHTML,+like+Gecko)+Chrome/65.0.3325.181+Safari/537.36 http://localhost:51722/ReceiptBox 200 0 0 15
2018-04-03 15:05:44 ::1 POST /ReceiptBox/SelectPDFList/ - 51722 qcemployee7.gorilla@gmail.com ::1 Mozilla/5.0+(Windows+NT+10.0;+Win64;+x64)+AppleWebKit/537.36+(KHTML,+like+Gecko)+Chrome/65.0.3325.181+Safari/537.36 http://localhost:51722/ReceiptBox 200 0 0 12
2018-04-03 15:06:07 ::1 GET /ReceiptBox/ArrangeReceiptsPopup - 51722 qcemployee7.gorilla@gmail.com ::1 Mozilla/5.0+(Windows+NT+10.0;+Win64;+x64)+AppleWebKit/537.36+(KHTML,+like+Gecko)+Chrome/65.0.3325.181+Safari/537.36 http://localhost:51722/ReceiptBox 200 0 0 21619
2018-04-03 15:06:07 ::1 GET /Scripts/jquery.mousewheel-3.0.6.pack.js _=1522767967456 51722 - ::1 Mozilla/5.0+(Windows+NT+10.0;+Win64;+x64)+AppleWebKit/537.36+(KHTML,+like+Gecko)+Chrome/65.0.3325.181+Safari/537.36 http://localhost:51722/ReceiptBox 200 0 0 117
2018-04-03 15:06:07 ::1 GET /Scripts/jQueryRotate.js _=1522767967583 51722 - ::1 Mozilla/5.0+(Windows+NT+10.0;+Win64;+x64)+AppleWebKit/537.36+(KHTML,+like+Gecko)+Chrome/65.0.3325.181+Safari/537.36 http://localhost:51722/ReceiptBox 200 0 0 112
2018-04-03 15:06:07 ::1 GET /Scripts/jquery.twbsPagination.js _=1522767967715 51722 - ::1 Mozilla/5.0+(Windows+NT+10.0;+Win64;+x64)+AppleWebKit/537.36+(KHTML,+like+Gecko)+Chrome/65.0.3325.181+Safari/537.36 http://localhost:51722/ReceiptBox 200 0 0 59
2018-04-03 15:06:07 ::1 GET /Scripts/jquery.qtip.min.js _=1522767967796 51722 - ::1 Mozilla/5.0+(Windows+NT+10.0;+Win64;+x64)+AppleWebKit/537.36+(KHTML,+like+Gecko)+Chrome/65.0.3325.181+Safari/537.36 http://localhost:51722/ReceiptBox 200 0 0 74
2018-04-03 15:06:07 ::1 GET /Scripts/jquery.imgcheckbox.js _=1522767967882 51722 - ::1 Mozilla/5.0+(Windows+NT+10.0;+Win64;+x64)+AppleWebKit/537.36+(KHTML,+like+Gecko)+Chrome/65.0.3325.181+Safari/537.36 http://localhost:51722/ReceiptBox 200 0 0 87
2018-04-03 15:09:25 ::1 POST /User/LogOn - 51722 qcemployee7.gorilla@gmail.com ::1 Mozilla/5.0+(Windows+NT+10.0;+Win64;+x64)+AppleWebKit/537.36+(KHTML,+like+Gecko)+Chrome/65.0.3325.181+Safari/537.36 http://localhost:51722/User/LogOn 302 0 0 17190
2018-04-03 15:09:53 ::1 GET / - 51722 qcemployee7.gorilla@gmail.com ::1 Mozilla/5.0+(Windows+NT+10.0;+Win64;+x64)+AppleWebKit/537.36+(KHTML,+like+Gecko)+Chrome/65.0.3325.181+Safari/537.36 http://localhost:51722/User/LogOn 200 0 0 27705
2018-04-03 15:10:02 ::1 GET /__browserLink/requestData/723a09f6def64681b3ce931775429d98 version=2 51722 qcemployee7.gorilla@gmail.com ::1 Mozilla/5.0+(Windows+NT+10.0;+Win64;+x64)+AppleWebKit/537.36+(KHTML,+like+Gecko)+Chrome/65.0.3325.181+Safari/537.36 http://localhost:51722/ 200 0 0 3840
2018-04-03 15:10:12 ::1 GET /ReceiptBox - 51722 qcemployee7.gorilla@gmail.com ::1 Mozilla/5.0+(Windows+NT+10.0;+Win64;+x64)+AppleWebKit/537.36+(KHTML,+like+Gecko)+Chrome/65.0.3325.181+Safari/537.36 http://localhost:51722/ 200 0 0 13808
2018-04-03 15:10:13 ::1 GET /__browserLink/requestData/61c8a79f3d5b4bc087ca66ad1c9483eb version=2 51722 qcemployee7.gorilla@gmail.com ::1 Mozilla/5.0+(Windows+NT+10.0;+Win64;+x64)+AppleWebKit/537.36+(KHTML,+like+Gecko)+Chrome/65.0.3325.181+Safari/537.36 http://localhost:51722/ReceiptBox 200 0 0 45
2018-04-03 15:10:15 ::1 POST /ReceiptBox/SelectPDFList/ - 51722 qcemployee7.gorilla@gmail.com ::1 Mozilla/5.0+(Windows+NT+10.0;+Win64;+x64)+AppleWebKit/537.36+(KHTML,+like+Gecko)+Chrome/65.0.3325.181+Safari/537.36 http://localhost:51722/ReceiptBox 200 0 0 14
2018-04-03 15:10:16 ::1 POST /ReceiptBox/SelectPDFList/ - 51722 qcemployee7.gorilla@gmail.com ::1 Mozilla/5.0+(Windows+NT+10.0;+Win64;+x64)+AppleWebKit/537.36+(KHTML,+like+Gecko)+Chrome/65.0.3325.181+Safari/537.36 http://localhost:51722/ReceiptBox 200 0 0 18
2018-04-03 15:10:25 ::1 GET /ReceiptBox/ArrangeReceiptsPopup - 51722 qcemployee7.gorilla@gmail.com ::1 Mozilla/5.0+(Windows+NT+10.0;+Win64;+x64)+AppleWebKit/537.36+(KHTML,+like+Gecko)+Chrome/65.0.3325.181+Safari/537.36 http://localhost:51722/ReceiptBox 200 0 0 7402
2018-04-03 15:10:25 ::1 GET /Scripts/jquery.mousewheel-3.0.6.pack.js _=1522768225734 51722 - ::1 Mozilla/5.0+(Windows+NT+10.0;+Win64;+x64)+AppleWebKit/537.36+(KHTML,+like+Gecko)+Chrome/65.0.3325.181+Safari/537.36 http://localhost:51722/ReceiptBox 200 0 0 70
2018-04-03 15:10:25 ::1 GET /Scripts/jQueryRotate.js _=1522768225815 51722 - ::1 Mozilla/5.0+(Windows+NT+10.0;+Win64;+x64)+AppleWebKit/537.36+(KHTML,+like+Gecko)+Chrome/65.0.3325.181+Safari/537.36 http://localhost:51722/ReceiptBox 200 0 0 83
2018-04-03 15:10:25 ::1 GET /Scripts/jquery.twbsPagination.js _=1522768225907 51722 - ::1 Mozilla/5.0+(Windows+NT+10.0;+Win64;+x64)+AppleWebKit/537.36+(KHTML,+like+Gecko)+Chrome/65.0.3325.181+Safari/537.36 http://localhost:51722/ReceiptBox 200 0 0 68
2018-04-03 15:10:25 ::1 GET /Scripts/jquery.qtip.min.js _=1522768226027 51722 - ::1 Mozilla/5.0+(Windows+NT+10.0;+Win64;+x64)+AppleWebKit/537.36+(KHTML,+like+Gecko)+Chrome/65.0.3325.181+Safari/537.36 http://localhost:51722/ReceiptBox 200 0 0 86
2018-04-03 15:10:25 ::1 GET /Scripts/jquery.imgcheckbox.js _=1522768226181 51722 - ::1 Mozilla/5.0+(Windows+NT+10.0;+Win64;+x64)+AppleWebKit/537.36+(KHTML,+like+Gecko)+Chrome/65.0.3325.181+Safari/537.36 http://localhost:51722/ReceiptBox 200 0 0 33
2018-04-03 15:10:39 ::1 GET /ReceiptBox/ReceiptBoxPdfPreview receiptPath= 51722 qcemployee7.gorilla@gmail.com ::1 Mozilla/5.0+(Windows+NT+10.0;+Win64;+x64)+AppleWebKit/537.36+(KHTML,+like+Gecko)+Chrome/65.0.3325.181+Safari/537.36 http://localhost:51722/ReceiptBox 302 0 0 3016
2018-04-03 15:10:39 ::1 GET /User/LogOn - 51722 qcemployee7.gorilla@gmail.com ::1 Mozilla/5.0+(Windows+NT+10.0;+Win64;+x64)+AppleWebKit/537.36+(KHTML,+like+Gecko)+Chrome/65.0.3325.181+Safari/537.36 http://localhost:51722/ReceiptBox 302 0 0 216
2018-04-03 15:11:04 ::1 GET / - 51722 qcemployee7.gorilla@gmail.com ::1 Mozilla/5.0+(Windows+NT+10.0;+Win64;+x64)+AppleWebKit/537.36+(KHTML,+like+Gecko)+Chrome/65.0.3325.181+Safari/537.36 http://localhost:51722/ReceiptBox 200 0 0 24829
2018-04-03 15:11:04 ::1 GET /Scripts/SiteLayoutPageForMasters-js v=NMauVSy_gT5RAxxlGvKHHiQU4fD1J3tKXjMwy7O32kM1&_=1522768264400 51722 qcemployee7.gorilla@gmail.com ::1 Mozilla/5.0+(Windows+NT+10.0;+Win64;+x64)+AppleWebKit/537.36+(KHTML,+like+Gecko)+Chrome/65.0.3325.181+Safari/537.36 http://localhost:51722/ReceiptBox 200 0 0 21
2018-04-03 15:11:24 ::1 GET /ReceiptBox/ArrangeReceiptsPopup - 51722 qcemployee7.gorilla@gmail.com ::1 Mozilla/5.0+(Windows+NT+10.0;+Win64;+x64)+AppleWebKit/537.36+(KHTML,+like+Gecko)+Chrome/65.0.3325.181+Safari/537.36 http://localhost:51722/ReceiptBox 200 0 0 7803
2018-04-03 15:11:24 ::1 GET /Scripts/jquery.mousewheel-3.0.6.pack.js _=1522768284775 51722 - ::1 Mozilla/5.0+(Windows+NT+10.0;+Win64;+x64)+AppleWebKit/537.36+(KHTML,+like+Gecko)+Chrome/65.0.3325.181+Safari/537.36 http://localhost:51722/ReceiptBox 200 0 0 72
2018-04-03 15:11:24 ::1 GET /Scripts/jQueryRotate.js _=1522768284855 51722 - ::1 Mozilla/5.0+(Windows+NT+10.0;+Win64;+x64)+AppleWebKit/537.36+(KHTML,+like+Gecko)+Chrome/65.0.3325.181+Safari/537.36 http://localhost:51722/ReceiptBox 200 0 0 130
2018-04-03 15:11:24 ::1 GET /Scripts/jquery.twbsPagination.js _=1522768284992 51722 - ::1 Mozilla/5.0+(Windows+NT+10.0;+Win64;+x64)+AppleWebKit/537.36+(KHTML,+like+Gecko)+Chrome/65.0.3325.181+Safari/537.36 http://localhost:51722/ReceiptBox 200 0 0 109
2018-04-03 15:11:24 ::1 GET /Scripts/jquery.qtip.min.js _=1522768285107 51722 - ::1 Mozilla/5.0+(Windows+NT+10.0;+Win64;+x64)+AppleWebKit/537.36+(KHTML,+like+Gecko)+Chrome/65.0.3325.181+Safari/537.36 http://localhost:51722/ReceiptBox 200 0 0 159
2018-04-03 15:11:24 ::1 GET /Scripts/jquery.imgcheckbox.js _=1522768285498 51722 - ::1 Mozilla/5.0+(Windows+NT+10.0;+Win64;+x64)+AppleWebKit/537.36+(KHTML,+like+Gecko)+Chrome/65.0.3325.181+Safari/537.36 http://localhost:51722/ReceiptBox 200 0 0 21
2018-04-03 15:11:33 ::1 GET /ReceiptBox/ReceiptBoxPdfPreview receiptPath= 51722 qcemployee7.gorilla@gmail.com ::1 Mozilla/5.0+(Windows+NT+10.0;+Win64;+x64)+AppleWebKit/537.36+(KHTML,+like+Gecko)+Chrome/65.0.3325.181+Safari/537.36 http://localhost:51722/ReceiptBox 302 0 0 2525
2018-04-03 15:11:33 ::1 GET /User/LogOn - 51722 qcemployee7.gorilla@gmail.com ::1 Mozilla/5.0+(Windows+NT+10.0;+Win64;+x64)+AppleWebKit/537.36+(KHTML,+like+Gecko)+Chrome/65.0.3325.181+Safari/537.36 http://localhost:51722/ReceiptBox 302 0 0 233
2018-04-03 15:11:40 ::1 GET /Scripts/jquery.qtip.min.map - 51722 - ::1 Mozilla/5.0+(Windows+NT+10.0;+Win64;+x64)+AppleWebKit/537.36+(KHTML,+like+Gecko)+Chrome/65.0.3325.181+Safari/537.36 - 404 0 2 21
2018-04-03 15:11:40 ::1 GET /jquery.qtip.min.map - 51722 - ::1 Mozilla/5.0+(Windows+NT+10.0;+Win64;+x64)+AppleWebKit/537.36+(KHTML,+like+Gecko)+Chrome/65.0.3325.181+Safari/537.36 - 404 0 2 25
2018-04-03 15:12:02 ::1 GET / - 51722 qcemployee7.gorilla@gmail.com ::1 Mozilla/5.0+(Windows+NT+10.0;+Win64;+x64)+AppleWebKit/537.36+(KHTML,+like+Gecko)+Chrome/65.0.3325.181+Safari/537.36 http://localhost:51722/ReceiptBox 200 0 0 29037
2018-04-03 15:12:02 ::1 GET /Scripts/SiteLayoutPageForMasters-js v=NMauVSy_gT5RAxxlGvKHHiQU4fD1J3tKXjMwy7O32kM1&_=1522768322568 51722 qcemployee7.gorilla@gmail.com ::1 Mozilla/5.0+(Windows+NT+10.0;+Win64;+x64)+AppleWebKit/537.36+(KHTML,+like+Gecko)+Chrome/65.0.3325.181+Safari/537.36 http://localhost:51722/ReceiptBox 200 0 0 13
2018-04-03 15:12:37 ::1 GET / - 51722 qcemployee7.gorilla@gmail.com ::1 Mozilla/5.0+(Windows+NT+10.0;+Win64;+x64)+AppleWebKit/537.36+(KHTML,+like+Gecko)+Chrome/65.0.3325.181+Safari/537.36 http://localhost:51722/ReceiptBox 200 0 0 28036
2018-04-03 15:12:46 ::1 GET /__browserLink/requestData/5f12085fac3b40b185d6c5cabca358b5 version=2 51722 qcemployee7.gorilla@gmail.com ::1 Mozilla/5.0+(Windows+NT+10.0;+Win64;+x64)+AppleWebKit/537.36+(KHTML,+like+Gecko)+Chrome/65.0.3325.181+Safari/537.36 http://localhost:51722/ 200 0 0 8067
2018-04-03 15:12:49 ::1 GET /ReceiptBox/ReceiptBoxPdfPreview receiptPath= 51722 qcemployee7.gorilla@gmail.com ::1 Mozilla/5.0+(Windows+NT+10.0;+Win64;+x64)+AppleWebKit/537.36+(KHTML,+like+Gecko)+Chrome/65.0.3325.181+Safari/537.36 http://localhost:51722/ReceiptBox 302 0 64 17572
2018-04-03 15:14:54 ::1 GET /ReceiptBox - 51722 qcemployee7.gorilla@gmail.com ::1 Mozilla/5.0+(Windows+NT+10.0;+Win64;+x64)+AppleWebKit/537.36+(KHTML,+like+Gecko)+Chrome/65.0.3325.181+Safari/537.36 http://localhost:51722/ 200 0 0 7787
2018-04-03 15:14:55 ::1 GET /__browserLink/requestData/c40b8914b0904793b3ffe86a4d248791 version=2 51722 qcemployee7.gorilla@gmail.com ::1 Mozilla/5.0+(Windows+NT+10.0;+Win64;+x64)+AppleWebKit/537.36+(KHTML,+like+Gecko)+Chrome/65.0.3325.181+Safari/537.36 http://localhost:51722/ReceiptBox 200 0 0 172
2018-04-03 15:15:06 ::1 POST /ReceiptBox/SelectPDFList/ - 51722 qcemployee7.gorilla@gmail.com ::1 Mozilla/5.0+(Windows+NT+10.0;+Win64;+x64)+AppleWebKit/537.36+(KHTML,+like+Gecko)+Chrome/65.0.3325.181+Safari/537.36 http://localhost:51722/ReceiptBox 200 0 0 18
2018-04-03 15:15:07 ::1 POST /ReceiptBox/SelectPDFList/ - 51722 qcemployee7.gorilla@gmail.com ::1 Mozilla/5.0+(Windows+NT+10.0;+Win64;+x64)+AppleWebKit/537.36+(KHTML,+like+Gecko)+Chrome/65.0.3325.181+Safari/537.36 http://localhost:51722/ReceiptBox 200 0 0 33
2018-04-03 15:15:18 ::1 GET /ReceiptBox/ArrangeReceiptsPopup - 51722 qcemployee7.gorilla@gmail.com ::1 Mozilla/5.0+(Windows+NT+10.0;+Win64;+x64)+AppleWebKit/537.36+(KHTML,+like+Gecko)+Chrome/65.0.3325.181+Safari/537.36 http://localhost:51722/ReceiptBox 200 0 0 10496
2018-04-03 15:15:18 ::1 GET /Scripts/jquery.mousewheel-3.0.6.pack.js _=1522768518746 51722 - ::1 Mozilla/5.0+(Windows+NT+10.0;+Win64;+x64)+AppleWebKit/537.36+(KHTML,+like+Gecko)+Chrome/65.0.3325.181+Safari/537.36 http://localhost:51722/ReceiptBox 200 0 0 152
2018-04-03 15:15:18 ::1 GET /Scripts/jQueryRotate.js _=1522768518961 51722 - ::1 Mozilla/5.0+(Windows+NT+10.0;+Win64;+x64)+AppleWebKit/537.36+(KHTML,+like+Gecko)+Chrome/65.0.3325.181+Safari/537.36 http://localhost:51722/ReceiptBox 200 0 0 225
2018-04-03 15:15:18 ::1 GET /Scripts/jquery.twbsPagination.js _=1522768519196 51722 - ::1 Mozilla/5.0+(Windows+NT+10.0;+Win64;+x64)+AppleWebKit/537.36+(KHTML,+like+Gecko)+Chrome/65.0.3325.181+Safari/537.36 http://localhost:51722/ReceiptBox 200 0 0 151
2018-04-03 15:15:18 ::1 GET /Scripts/jquery.qtip.min.js _=1522768519446 51722 - ::1 Mozilla/5.0+(Windows+NT+10.0;+Win64;+x64)+AppleWebKit/537.36+(KHTML,+like+Gecko)+Chrome/65.0.3325.181+Safari/537.36 http://localhost:51722/ReceiptBox 200 0 0 68
2018-04-03 15:15:18 ::1 GET /Scripts/jquery.imgcheckbox.js _=1522768519528 51722 - ::1 Mozilla/5.0+(Windows+NT+10.0;+Win64;+x64)+AppleWebKit/537.36+(KHTML,+like+Gecko)+Chrome/65.0.3325.181+Safari/537.36 http://localhost:51722/ReceiptBox 200 0 0 35
2018-04-03 15:15:22 ::1 GET /Scripts/jquery.qtip.min.map - 51722 - ::1 Mozilla/5.0+(Windows+NT+10.0;+Win64;+x64)+AppleWebKit/537.36+(KHTML,+like+Gecko)+Chrome/65.0.3325.181+Safari/537.36 - 404 0 2 115
2018-04-03 15:15:22 ::1 GET /jquery.qtip.min.map - 51722 - ::1 Mozilla/5.0+(Windows+NT+10.0;+Win64;+x64)+AppleWebKit/537.36+(KHTML,+like+Gecko)+Chrome/65.0.3325.181+Safari/537.36 - 404 0 2 86
2018-04-03 15:15:54 ::1 GET /ReceiptBox/ReceiptBoxPdfPreview receiptPath= 51722 qcemployee7.gorilla@gmail.com ::1 Mozilla/5.0+(Windows+NT+10.0;+Win64;+x64)+AppleWebKit/537.36+(KHTML,+like+Gecko)+Chrome/65.0.3325.181+Safari/537.36 http://localhost:51722/ReceiptBox 302 0 0 11636
2018-04-03 15:15:54 ::1 GET /User/LogOn - 51722 qcemployee7.gorilla@gmail.com ::1 Mozilla/5.0+(Windows+NT+10.0;+Win64;+x64)+AppleWebKit/537.36+(KHTML,+like+Gecko)+Chrome/65.0.3325.181+Safari/537.36 http://localhost:51722/ReceiptBox 302 0 0 289
2018-04-03 15:16:23 ::1 GET / - 51722 qcemployee7.gorilla@gmail.com ::1 Mozilla/5.0+(Windows+NT+10.0;+Win64;+x64)+AppleWebKit/537.36+(KHTML,+like+Gecko)+Chrome/65.0.3325.181+Safari/537.36 http://localhost:51722/ReceiptBox 200 0 0 28679
2018-04-03 15:16:23 ::1 GET /Scripts/SiteLayoutPageForMasters-js v=NMauVSy_gT5RAxxlGvKHHiQU4fD1J3tKXjMwy7O32kM1&_=1522768583287 51722 qcemployee7.gorilla@gmail.com ::1 Mozilla/5.0+(Windows+NT+10.0;+Win64;+x64)+AppleWebKit/537.36+(KHTML,+like+Gecko)+Chrome/65.0.3325.181+Safari/537.36 http://localhost:51722/ReceiptBox 200 0 0 87
2018-04-03 15:17:35 ::1 GET /ReceiptBox/ArrangeReceiptsPopup - 51722 qcemployee7.gorilla@gmail.com ::1 Mozilla/5.0+(Windows+NT+10.0;+Win64;+x64)+AppleWebKit/537.36+(KHTML,+like+Gecko)+Chrome/65.0.3325.181+Safari/537.36 http://localhost:51722/ReceiptBox 200 0 0 16454
2018-04-03 15:17:35 ::1 GET /Scripts/jquery.mousewheel-3.0.6.pack.js _=1522768655712 51722 - ::1 Mozilla/5.0+(Windows+NT+10.0;+Win64;+x64)+AppleWebKit/537.36+(KHTML,+like+Gecko)+Chrome/65.0.3325.181+Safari/537.36 http://localhost:51722/ReceiptBox 200 0 0 121
2018-04-03 15:17:35 ::1 GET /Scripts/jQueryRotate.js _=1522768655843 51722 - ::1 Mozilla/5.0+(Windows+NT+10.0;+Win64;+x64)+AppleWebKit/537.36+(KHTML,+like+Gecko)+Chrome/65.0.3325.181+Safari/537.36 http://localhost:51722/ReceiptBox 200 0 0 79
2018-04-03 15:17:35 ::1 GET /Scripts/jquery.twbsPagination.js _=1522768655927 51722 - ::1 Mozilla/5.0+(Windows+NT+10.0;+Win64;+x64)+AppleWebKit/537.36+(KHTML,+like+Gecko)+Chrome/65.0.3325.181+Safari/537.36 http://localhost:51722/ReceiptBox 200 0 0 56
2018-04-03 15:17:35 ::1 GET /Scripts/jquery.qtip.min.js _=1522768656006 51722 - ::1 Mozilla/5.0+(Windows+NT+10.0;+Win64;+x64)+AppleWebKit/537.36+(KHTML,+like+Gecko)+Chrome/65.0.3325.181+Safari/537.36 http://localhost:51722/ReceiptBox 200 0 0 110
2018-04-03 15:17:35 ::1 GET /Scripts/jquery.imgcheckbox.js _=1522768656155 51722 - ::1 Mozilla/5.0+(Windows+NT+10.0;+Win64;+x64)+AppleWebKit/537.36+(KHTML,+like+Gecko)+Chrome/65.0.3325.181+Safari/537.36 http://localhost:51722/ReceiptBox 200 0 0 125
2018-04-03 15:17:48 ::1 GET /ReceiptBox/ReceiptBoxPdfPreview receiptPath=https://az727460.vo.msecnd.net/cdn/receiptuploads/gorillaproqc1/qcemployee7.gorilla@gmail.com/03222018073328975876PM_03222018073328975876PM.jpg,https://az727460.vo.msecnd.net/cdn/receiptuploads/gorillaproqc1/qcemployee7.gorilla@gmail.com/03222018073245769495PM_03222018073245769495PM.jpg,https://az727460.vo.msecnd.net/cdn/receiptuploads/gorillaproqc1/qcemployee7.gorilla@gmail.com/03222018073221667910PM_03222018073221667910PM.jpg,https://az727460.vo.msecnd.net/cdn/receiptuploads/gorillaproqc1/qcemployee7.gorilla@gmail.com/03222018073201733065PM_03222018073201733065PM.jpg,https://az727460.vo.msecnd.net/cdn/receiptuploads/gorillaproqc1/qcemployee7.gorilla@gmail.com/03222018073021752746PM_03222018073021752746PM.jpg, 51722 qcemployee7.gorilla@gmail.com ::1 Mozilla/5.0+(Windows+NT+10.0;+Win64;+x64)+AppleWebKit/537.36+(KHTML,+like+Gecko)+Chrome/65.0.3325.181+Safari/537.36 http://localhost:51722/ReceiptBox 200 0 0 8779
2018-04-03 15:17:48 ::1 GET /PDF/ReceiptBox4748.pdf - 51722 qcemployee7.gorilla@gmail.com ::1 Mozilla/5.0+(Windows+NT+10.0;+Win64;+x64)+AppleWebKit/537.36+(KHTML,+like+Gecko)+Chrome/65.0.3325.181+Safari/537.36 http://localhost:51722/ReceiptBox 200 0 0 300
2018-04-03 15:18:49 ::1 GET /PDF/ReceiptBox4748.pdf - 51722 qcemployee7.gorilla@gmail.com ::1 Mozilla/5.0+(Windows+NT+10.0;+Win64;+x64)+AppleWebKit/537.36+(KHTML,+like+Gecko)+Chrome/65.0.3325.181+Safari/537.36 http://localhost:51722/ReceiptBox 200 0 64 66
2018-04-03 15:19:04 ::1 GET /ReceiptBox/ReceiptBoxPdfPreview receiptPath= 51722 qcemployee7.gorilla@gmail.com ::1 Mozilla/5.0+(Windows+NT+10.0;+Win64;+x64)+AppleWebKit/537.36+(KHTML,+like+Gecko)+Chrome/65.0.3325.181+Safari/537.36 http://localhost:51722/ReceiptBox 302 0 0 10686
2018-04-03 15:19:04 ::1 GET /User/LogOn - 51722 qcemployee7.gorilla@gmail.com ::1 Mozilla/5.0+(Windows+NT+10.0;+Win64;+x64)+AppleWebKit/537.36+(KHTML,+like+Gecko)+Chrome/65.0.3325.181+Safari/537.36 http://localhost:51722/ReceiptBox 302 0 0 235
2018-04-03 15:19:33 ::1 GET / - 51722 qcemployee7.gorilla@gmail.com ::1 Mozilla/5.0+(Windows+NT+10.0;+Win64;+x64)+AppleWebKit/537.36+(KHTML,+like+Gecko)+Chrome/65.0.3325.181+Safari/537.36 http://localhost:51722/ReceiptBox 200 0 0 28752
2018-04-03 15:19:33 ::1 POST /ReceiptBox/SelectPDFList/ - 51722 qcemployee7.gorilla@gmail.com ::1 Mozilla/5.0+(Windows+NT+10.0;+Win64;+x64)+AppleWebKit/537.36+(KHTML,+like+Gecko)+Chrome/65.0.3325.181+Safari/537.36 http://localhost:51722/ReceiptBox 200 0 0 4062
2018-04-03 15:19:33 ::1 POST /ReceiptBox/SelectPDFList/ - 51722 qcemployee7.gorilla@gmail.com ::1 Mozilla/5.0+(Windows+NT+10.0;+Win64;+x64)+AppleWebKit/537.36+(KHTML,+like+Gecko)+Chrome/65.0.3325.181+Safari/537.36 http://localhost:51722/ReceiptBox 200 0 0 21
2018-04-03 15:19:33 ::1 GET /Scripts/SiteLayoutPageForMasters-js v=NMauVSy_gT5RAxxlGvKHHiQU4fD1J3tKXjMwy7O32kM1&_=1522768773926 51722 qcemployee7.gorilla@gmail.com ::1 Mozilla/5.0+(Windows+NT+10.0;+Win64;+x64)+AppleWebKit/537.36+(KHTML,+like+Gecko)+Chrome/65.0.3325.181+Safari/537.36 http://localhost:51722/ReceiptBox 200 0 0 21
2018-04-03 15:21:14 ::1 GET /ReceiptBox/ReceiptBoxPdfPreview receiptPath=https://az727460.vo.msecnd.net/cdn/receiptuploads/gorillaproqc1/qcemployee7.gorilla@gmail.com/03222018073328975876PM_03222018073328975876PM.jpg,https://az727460.vo.msecnd.net/cdn/receiptuploads/gorillaproqc1/qcemployee7.gorilla@gmail.com/03222018073245769495PM_03222018073245769495PM.jpg,https://az727460.vo.msecnd.net/cdn/receiptuploads/gorillaproqc1/qcemployee7.gorilla@gmail.com/03222018073221667910PM_03222018073221667910PM.jpg,https://az727460.vo.msecnd.net/cdn/receiptuploads/gorillaproqc1/qcemployee7.gorilla@gmail.com/03222018073201733065PM_03222018073201733065PM.jpg,https://az727460.vo.msecnd.net/cdn/receiptuploads/gorillaproqc1/qcemployee7.gorilla@gmail.com/03222018073021752746PM_03222018073021752746PM.jpg, 51722 qcemployee7.gorilla@gmail.com ::1 Mozilla/5.0+(Windows+NT+10.0;+Win64;+x64)+AppleWebKit/537.36+(KHTML,+like+Gecko)+Chrome/65.0.3325.181+Safari/537.36 http://localhost:51722/ReceiptBox 200 0 0 128631
2018-04-03 15:21:15 ::1 GET /ReceiptBox/ReceiptBoxPdfPreview receiptPath=https://az727460.vo.msecnd.net/cdn/receiptuploads/gorillaproqc1/qcemployee7.gorilla@gmail.com/03222018073328975876PM_03222018073328975876PM.jpg,https://az727460.vo.msecnd.net/cdn/receiptuploads/gorillaproqc1/qcemployee7.gorilla@gmail.com/03222018073245769495PM_03222018073245769495PM.jpg,https://az727460.vo.msecnd.net/cdn/receiptuploads/gorillaproqc1/qcemployee7.gorilla@gmail.com/03222018073221667910PM_03222018073221667910PM.jpg,https://az727460.vo.msecnd.net/cdn/receiptuploads/gorillaproqc1/qcemployee7.gorilla@gmail.com/03222018073201733065PM_03222018073201733065PM.jpg,https://az727460.vo.msecnd.net/cdn/receiptuploads/gorillaproqc1/qcemployee7.gorilla@gmail.com/03222018073021752746PM_03222018073021752746PM.jpg, 51722 qcemployee7.gorilla@gmail.com ::1 Mozilla/5.0+(Windows+NT+10.0;+Win64;+x64)+AppleWebKit/537.36+(KHTML,+like+Gecko)+Chrome/65.0.3325.181+Safari/537.36 http://localhost:51722/ReceiptBox 200 0 0 97043
#Software: Microsoft Internet Information Services 8.0
#Version: 1.0
#Date: 2018-04-03 15:23:19
#Fields: date time s-ip cs-method cs-uri-stem cs-uri-query s-port cs-username c-ip cs(User-Agent) cs(Referer) sc-status sc-substatus sc-win32-status time-taken
2018-04-03 15:23:19 ::1 GET / - 51722 qcemployee7.gorilla@gmail.com ::1 Mozilla/5.0+(Windows+NT+10.0;+Win64;+x64)+AppleWebKit/537.36+(KHTML,+like+Gecko)+Chrome/65.0.3325.181+Safari/537.36 - 302 0 0 49498
2018-04-03 15:23:24 ::1 GET /User/LogOn - 51722 qcemployee7.gorilla@gmail.com ::1 Mozilla/5.0+(Windows+NT+10.0;+Win64;+x64)+AppleWebKit/537.36+(KHTML,+like+Gecko)+Chrome/65.0.3325.181+Safari/537.36 - 200 0 0 4459
2018-04-03 15:23:24 ::1 GET /User/assets/pages/img/login/bg1.jpg - 51722 - ::1 Mozilla/5.0+(Windows+NT+10.0;+Win64;+x64)+AppleWebKit/537.36+(KHTML,+like+Gecko)+Chrome/65.0.3325.181+Safari/537.36 http://localhost:51722/User/LogOn 404 0 2 116
2018-04-03 15:23:38 ::1 GET /User/LogOn - 51722 qcemployee7.gorilla@gmail.com ::1 Mozilla/5.0+(Windows+NT+10.0;+Win64;+x64)+AppleWebKit/537.36+(KHTML,+like+Gecko)+Chrome/65.0.3325.181+Safari/537.36 http://localhost:51722/ReceiptBox 200 0 0 2302
2018-04-03 15:24:46 ::1 GET /User/LogOn - 51722 qcemployee7.gorilla@gmail.com ::1 Mozilla/5.0+(Windows+NT+10.0;+Win64;+x64)+AppleWebKit/537.36+(KHTML,+like+Gecko)+Chrome/65.0.3325.181+Safari/537.36 http://localhost:51722/ReceiptBox 200 0 0 2579
2018-04-03 15:27:57 ::1 GET /User/LogOn - 51722 qcemployee7.gorilla@gmail.com ::1 Mozilla/5.0+(Windows+NT+10.0;+Win64;+x64)+AppleWebKit/537.36+(KHTML,+like+Gecko)+Chrome/65.0.3325.181+Safari/537.36 http://localhost:51722/ReceiptBox 200 0 0 2429
2018-04-03 15:32:00 ::1 GET /User/LogOn - 51722 qcemployee7.gorilla@gmail.com ::1 Mozilla/5.0+(Windows+NT+10.0;+Win64;+x64)+AppleWebKit/537.36+(KHTML,+like+Gecko)+Chrome/65.0.3325.181+Safari/537.36 http://localhost:51722/ReceiptBox 200 0 0 2560
2018-04-03 15:34:37 ::1 POST /User/LogOn - 51722 qcemployee7.gorilla@gmail.com ::1 Mozilla/5.0+(Windows+NT+10.0;+Win64;+x64)+AppleWebKit/537.36+(KHTML,+like+Gecko)+Chrome/65.0.3325.181+Safari/537.36 http://localhost:51722/User/LogOn 302 0 0 20589
2018-04-03 15:35:10 ::1 GET / - 51722 qcemployee7.gorilla@gmail.com ::1 Mozilla/5.0+(Windows+NT+10.0;+Win64;+x64)+AppleWebKit/537.36+(KHTML,+like+Gecko)+Chrome/65.0.3325.181+Safari/537.36 http://localhost:51722/User/LogOn 200 0 0 33515
2018-04-03 15:35:14 ::1 GET /__browserLink/requestData/99e7eb3f60534b88a881f2551fefcb9f version=2 51722 qcemployee7.gorilla@gmail.com ::1 Mozilla/5.0+(Windows+NT+10.0;+Win64;+x64)+AppleWebKit/537.36+(KHTML,+like+Gecko)+Chrome/65.0.3325.181+Safari/537.36 http://localhost:51722/ 200 0 0 120
2018-04-03 15:36:18 ::1 GET /User/LogOn - 51722 qcemployee7.gorilla@gmail.com ::1 Mozilla/5.0+(Windows+NT+10.0;+Win64;+x64)+AppleWebKit/537.36+(KHTML,+like+Gecko)+Chrome/65.0.3325.181+Safari/537.36 http://localhost:51722/ReceiptBox 302 0 0 2435
2018-04-03 15:36:43 ::1 GET / - 51722 qcemployee7.gorilla@gmail.com ::1 Mozilla/5.0+(Windows+NT+10.0;+Win64;+x64)+AppleWebKit/537.36+(KHTML,+like+Gecko)+Chrome/65.0.3325.181+Safari/537.36 http://localhost:51722/ReceiptBox 200 0 0 25139
2018-04-03 15:37:48 ::1 GET /ReceiptBox - 51722 qcemployee7.gorilla@gmail.com ::1 Mozilla/5.0+(Windows+NT+10.0;+Win64;+x64)+AppleWebKit/537.36+(KHTML,+like+Gecko)+Chrome/65.0.3325.181+Safari/537.36 http://localhost:51722/ 200 0 0 11844
2018-04-03 15:37:50 ::1 GET /__browserLink/requestData/b0c6888641b6438eb0818969e9587fee version=2 51722 qcemployee7.gorilla@gmail.com ::1 Mozilla/5.0+(Windows+NT+10.0;+Win64;+x64)+AppleWebKit/537.36+(KHTML,+like+Gecko)+Chrome/65.0.3325.181+Safari/537.36 http://localhost:51722/ReceiptBox 200 0 0 222
2018-04-03 15:38:29 ::1 POST /ReceiptBox/SelectPDFList/ - 51722 qcemployee7.gorilla@gmail.com ::1 Mozilla/5.0+(Windows+NT+10.0;+Win64;+x64)+AppleWebKit/537.36+(KHTML,+like+Gecko)+Chrome/65.0.3325.181+Safari/537.36 http://localhost:51722/ReceiptBox 200 0 0 39
2018-04-03 15:38:30 ::1 POST /ReceiptBox/SelectPDFList/ - 51722 qcemployee7.gorilla@gmail.com ::1 Mozilla/5.0+(Windows+NT+10.0;+Win64;+x64)+AppleWebKit/537.36+(KHTML,+like+Gecko)+Chrome/65.0.3325.181+Safari/537.36 http://localhost:51722/ReceiptBox 200 0 0 17
2018-04-03 15:38:40 ::1 GET /ReceiptBox/ArrangeReceiptsPopup - 51722 qcemployee7.gorilla@gmail.com ::1 Mozilla/5.0+(Windows+NT+10.0;+Win64;+x64)+AppleWebKit/537.36+(KHTML,+like+Gecko)+Chrome/65.0.3325.181+Safari/537.36 http://localhost:51722/ReceiptBox 200 0 0 8812
2018-04-03 15:38:40 ::1 GET /Scripts/jquery.mousewheel-3.0.6.pack.js _=1522769920633 51722 - ::1 Mozilla/5.0+(Windows+NT+10.0;+Win64;+x64)+AppleWebKit/537.36+(KHTML,+like+Gecko)+Chrome/65.0.3325.181+Safari/537.36 http://localhost:51722/ReceiptBox 200 0 0 74
2018-04-03 15:38:40 ::1 GET /Scripts/jQueryRotate.js _=1522769920736 51722 - ::1 Mozilla/5.0+(Windows+NT+10.0;+Win64;+x64)+AppleWebKit/537.36+(KHTML,+like+Gecko)+Chrome/65.0.3325.181+Safari/537.36 http://localhost:51722/ReceiptBox 200 0 0 120
2018-04-03 15:38:40 ::1 GET /Scripts/jquery.twbsPagination.js _=1522769920871 51722 - ::1 Mozilla/5.0+(Windows+NT+10.0;+Win64;+x64)+AppleWebKit/537.36+(KHTML,+like+Gecko)+Chrome/65.0.3325.181+Safari/537.36 http://localhost:51722/ReceiptBox 200 0 0 52
2018-04-03 15:38:40 ::1 GET /Scripts/jquery.qtip.min.js _=1522769920930 51722 - ::1 Mozilla/5.0+(Windows+NT+10.0;+Win64;+x64)+AppleWebKit/537.36+(KHTML,+like+Gecko)+Chrome/65.0.3325.181+Safari/537.36 http://localhost:51722/ReceiptBox 200 0 0 69
2018-04-03 15:38:40 ::1 GET /Scripts/jquery.imgcheckbox.js _=1522769921023 51722 - ::1 Mozilla/5.0+(Windows+NT+10.0;+Win64;+x64)+AppleWebKit/537.36+(KHTML,+like+Gecko)+Chrome/65.0.3325.181+Safari/537.36 http://localhost:51722/ReceiptBox 200 0 0 72
2018-04-03 15:41:24 ::1 GET /ReceiptBox/ReceiptBoxPdfPreview receiptPath=https://az727460.vo.msecnd.net/cdn/receiptuploads/gorillaproqc1/qcemployee7.gorilla@gmail.com/03222018073328975876PM_03222018073328975876PM.jpg,https://az727460.vo.msecnd.net/cdn/receiptuploads/gorillaproqc1/qcemployee7.gorilla@gmail.com/03222018073245769495PM_03222018073245769495PM.jpg, 51722 qcemployee7.gorilla@gmail.com ::1 Mozilla/5.0+(Windows+NT+10.0;+Win64;+x64)+AppleWebKit/537.36+(KHTML,+like+Gecko)+Chrome/65.0.3325.181+Safari/537.36 http://localhost:51722/ReceiptBox 200 0 0 160223
2018-04-03 15:41:38 ::1 GET /User/LogOn - 51722 qcemployee7.gorilla@gmail.com ::1 Mozilla/5.0+(Windows+NT+10.0;+Win64;+x64)+AppleWebKit/537.36+(KHTML,+like+Gecko)+Chrome/65.0.3325.181+Safari/537.36 http://localhost:51722/ReceiptBox 302 0 0 79747
2018-04-03 15:42:03 ::1 GET /PDF/ReceiptBox949.pdf - 51722 qcemployee7.gorilla@gmail.com ::1 Mozilla/5.0+(Windows+NT+10.0;+Win64;+x64)+AppleWebKit/537.36+(KHTML,+like+Gecko)+Chrome/65.0.3325.181+Safari/537.36 http://localhost:51722/ReceiptBox 200 0 0 38809
2018-04-03 15:42:15 ::1 GET /PDF/ReceiptBox949.pdf - 51722 qcemployee7.gorilla@gmail.com ::1 Mozilla/5.0+(Windows+NT+10.0;+Win64;+x64)+AppleWebKit/537.36+(KHTML,+like+Gecko)+Chrome/65.0.3325.181+Safari/537.36 http://localhost:51722/ReceiptBox 200 0 64 281
2018-04-03 15:42:37 ::1 GET / - 51722 qcemployee7.gorilla@gmail.com ::1 Mozilla/5.0+(Windows+NT+10.0;+Win64;+x64)+AppleWebKit/537.36+(KHTML,+like+Gecko)+Chrome/65.0.3325.181+Safari/537.36 http://localhost:51722/ReceiptBox 200 0 0 58280
2018-04-03 15:45:49 ::1 GET /ReceiptBox/ReceiptBoxPdfPreview receiptPath=https://az727460.vo.msecnd.net/cdn/receiptuploads/gorillaproqc1/qcemployee7.gorilla@gmail.com/03222018073328975876PM_03222018073328975876PM.jpg,https://az727460.vo.msecnd.net/cdn/receiptuploads/gorillaproqc1/qcemployee7.gorilla@gmail.com/03222018073245769495PM_03222018073245769495PM.jpg, 51722 qcemployee7.gorilla@gmail.com ::1 Mozilla/5.0+(Windows+NT+10.0;+Win64;+x64)+AppleWebKit/537.36+(KHTML,+like+Gecko)+Chrome/65.0.3325.181+Safari/537.36 http://localhost:51722/ReceiptBox 200 0 0 212860
2018-04-03 15:45:49 ::1 GET /PDF/ReceiptBox1322.pdf - 51722 qcemployee7.gorilla@gmail.com ::1 Mozilla/5.0+(Windows+NT+10.0;+Win64;+x64)+AppleWebKit/537.36+(KHTML,+like+Gecko)+Chrome/65.0.3325.181+Safari/537.36 http://localhost:51722/ReceiptBox 200 0 0 293
2018-04-03 15:45:52 ::1 GET /User/LogOn - 51722 qcemployee7.gorilla@gmail.com ::1 Mozilla/5.0+(Windows+NT+10.0;+Win64;+x64)+AppleWebKit/537.36+(KHTML,+like+Gecko)+Chrome/65.0.3325.181+Safari/537.36 http://localhost:51722/ReceiptBox 302 0 0 139572
2018-04-03 15:45:52 ::1 GET /User/LogOn - 51722 qcemployee7.gorilla@gmail.com ::1 Mozilla/5.0+(Windows+NT+10.0;+Win64;+x64)+AppleWebKit/537.36+(KHTML,+like+Gecko)+Chrome/65.0.3325.181+Safari/537.36 http://localhost:51722/ReceiptBox 302 0 0 56114
2018-04-03 15:46:20 ::1 GET / - 51722 qcemployee7.gorilla@gmail.com ::1 Mozilla/5.0+(Windows+NT+10.0;+Win64;+x64)+AppleWebKit/537.36+(KHTML,+like+Gecko)+Chrome/65.0.3325.181+Safari/537.36 http://localhost:51722/ReceiptBox 200 0 0 27187
2018-04-03 15:46:35 ::1 GET /PDF/ReceiptBox1322.pdf - 51722 qcemployee7.gorilla@gmail.com ::1 Mozilla/5.0+(Windows+NT+10.0;+Win64;+x64)+AppleWebKit/537.36+(KHTML,+like+Gecko)+Chrome/65.0.3325.181+Safari/537.36 http://localhost:51722/ReceiptBox 200 0 64 49
2018-04-03 15:46:52 ::1 GET / - 51722 qcemployee7.gorilla@gmail.com ::1 Mozilla/5.0+(Windows+NT+10.0;+Win64;+x64)+AppleWebKit/537.36+(KHTML,+like+Gecko)+Chrome/65.0.3325.181+Safari/537.36 http://localhost:51722/ReceiptBox 200 0 0 38363
2018-04-03 15:48:49 ::1 GET /ReceiptBox/ReceiptBoxPdfPreview receiptPath=https://az727460.vo.msecnd.net/cdn/receiptuploads/gorillaproqc1/qcemployee7.gorilla@gmail.com/03222018073328975876PM_03222018073328975876PM.jpg,https://az727460.vo.msecnd.net/cdn/receiptuploads/gorillaproqc1/qcemployee7.gorilla@gmail.com/03222018073245769495PM_03222018073245769495PM.jpg, 51722 qcemployee7.gorilla@gmail.com ::1 Mozilla/5.0+(Windows+NT+10.0;+Win64;+x64)+AppleWebKit/537.36+(KHTML,+like+Gecko)+Chrome/65.0.3325.181+Safari/537.36 http://localhost:51722/ReceiptBox 200 0 0 132583
2018-04-03 15:48:49 ::1 GET /PDF/ReceiptBox1657.pdf - 51722 qcemployee7.gorilla@gmail.com ::1 Mozilla/5.0+(Windows+NT+10.0;+Win64;+x64)+AppleWebKit/537.36+(KHTML,+like+Gecko)+Chrome/65.0.3325.181+Safari/537.36 http://localhost:51722/ReceiptBox 200 0 0 165
2018-04-03 15:48:52 ::1 GET /User/LogOn - 51722 qcemployee7.gorilla@gmail.com ::1 Mozilla/5.0+(Windows+NT+10.0;+Win64;+x64)+AppleWebKit/537.36+(KHTML,+like+Gecko)+Chrome/65.0.3325.181+Safari/537.36 http://localhost:51722/ReceiptBox 302 0 0 163171
2018-04-03 15:48:52 ::1 GET /User/LogOn - 51722 qcemployee7.gorilla@gmail.com ::1 Mozilla/5.0+(Windows+NT+10.0;+Win64;+x64)+AppleWebKit/537.36+(KHTML,+like+Gecko)+Chrome/65.0.3325.181+Safari/537.36 http://localhost:51722/ReceiptBox 302 0 0 338
2018-04-03 15:48:59 ::1 GET /Scripts/jquery.qtip.min.map - 51722 - ::1 Mozilla/5.0+(Windows+NT+10.0;+Win64;+x64)+AppleWebKit/537.36+(KHTML,+like+Gecko)+Chrome/65.0.3325.181+Safari/537.36 - 404 0 2 32
2018-04-03 15:49:34 ::1 GET / - 51722 qcemployee7.gorilla@gmail.com ::1 Mozilla/5.0+(Windows+NT+10.0;+Win64;+x64)+AppleWebKit/537.36+(KHTML,+like+Gecko)+Chrome/65.0.3325.181+Safari/537.36 http://localhost:51722/ReceiptBox 200 0 0 41926
2018-04-03 15:49:36 ::1 GET /PDF/ReceiptBox1657.pdf - 51722 qcemployee7.gorilla@gmail.com ::1 Mozilla/5.0+(Windows+NT+10.0;+Win64;+x64)+AppleWebKit/537.36+(KHTML,+like+Gecko)+Chrome/65.0.3325.181+Safari/537.36 - 302 0 0 16169
2018-04-03 15:49:54 ::1 GET /PDF/ReceiptBox1657.pdf - 51722 qcemployee7.gorilla@gmail.com ::1 Mozilla/5.0+(Windows+NT+10.0;+Win64;+x64)+AppleWebKit/537.36+(KHTML,+like+Gecko)+Chrome/65.0.3325.181+Safari/537.36 http://localhost:51722/ReceiptBox 200 0 64 77
2018-04-03 15:50:04 ::1 GET / - 51722 qcemployee7.gorilla@gmail.com ::1 Mozilla/5.0+(Windows+NT+10.0;+Win64;+x64)+AppleWebKit/537.36+(KHTML,+like+Gecko)+Chrome/65.0.3325.181+Safari/537.36 http://localhost:51722/ReceiptBox 200 0 0 51540
2018-04-03 15:50:22 ::1 GET /Error/NotFound aspxerrorpath=/PDF/ReceiptBox1657.pdf 51722 qcemployee7.gorilla@gmail.com ::1 Mozilla/5.0+(Windows+NT+10.0;+Win64;+x64)+AppleWebKit/537.36+(KHTML,+like+Gecko)+Chrome/65.0.3325.181+Safari/537.36 - 200 0 64 46444
2018-04-03 15:51:52 ::1 GET /ReceiptBox/ReceiptBoxPdfPreview receiptPath=https://az727460.vo.msecnd.net/cdn/receiptuploads/gorillaproqc1/qcemployee7.gorilla@gmail.com/03222018073328975876PM_03222018073328975876PM.jpg,https://az727460.vo.msecnd.net/cdn/receiptuploads/gorillaproqc1/qcemployee7.gorilla@gmail.com/03222018073245769495PM_03222018073245769495PM.jpg, 51722 qcemployee7.gorilla@gmail.com ::1 Mozilla/5.0+(Windows+NT+10.0;+Win64;+x64)+AppleWebKit/537.36+(KHTML,+like+Gecko)+Chrome/65.0.3325.181+Safari/537.36 http://localhost:51722/ReceiptBox 200 0 0 101874
2018-04-03 15:51:52 ::1 GET /PDF/ReceiptBox2123.pdf - 51722 qcemployee7.gorilla@gmail.com ::1 Mozilla/5.0+(Windows+NT+10.0;+Win64;+x64)+AppleWebKit/537.36+(KHTML,+like+Gecko)+Chrome/65.0.3325.181+Safari/537.36 http://localhost:51722/ReceiptBox 200 0 0 208
2018-04-03 15:51:56 ::1 GET /User/LogOn - 51722 qcemployee7.gorilla@gmail.com ::1 Mozilla/5.0+(Windows+NT+10.0;+Win64;+x64)+AppleWebKit/537.36+(KHTML,+like+Gecko)+Chrome/65.0.3325.181+Safari/537.36 http://localhost:51722/ReceiptBox 302 0 0 2876
2018-04-03 15:51:59 ::1 GET /PDF/ReceiptBox2123.pdf - 51722 qcemployee7.gorilla@gmail.com ::1 Mozilla/5.0+(Windows+NT+10.0;+Win64;+x64)+AppleWebKit/537.36+(KHTML,+like+Gecko)+Chrome/65.0.3325.181+Safari/537.36 http://localhost:51722/ReceiptBox 200 0 64 68
2018-04-03 15:52:21 ::1 GET / - 51722 qcemployee7.gorilla@gmail.com ::1 Mozilla/5.0+(Windows+NT+10.0;+Win64;+x64)+AppleWebKit/537.36+(KHTML,+like+Gecko)+Chrome/65.0.3325.181+Safari/537.36 http://localhost:51722/ReceiptBox 200 0 0 25278
2018-04-03 15:52:59 ::1 GET /User/LogOn - 51722 qcemployee7.gorilla@gmail.com ::1 Mozilla/5.0+(Windows+NT+10.0;+Win64;+x64)+AppleWebKit/537.36+(KHTML,+like+Gecko)+Chrome/65.0.3325.181+Safari/537.36 http://localhost:51722/ReceiptBox 302 0 0 2393
2018-04-03 15:53:27 ::1 GET / - 51722 qcemployee7.gorilla@gmail.com ::1 Mozilla/5.0+(Windows+NT+10.0;+Win64;+x64)+AppleWebKit/537.36+(KHTML,+like+Gecko)+Chrome/65.0.3325.181+Safari/537.36 http://localhost:51722/ReceiptBox 200 0 0 28002
2018-04-03 15:53:27 ::1 POST /ReceiptBox/SelectPDFList/ - 51722 qcemployee7.gorilla@gmail.com ::1 Mozilla/5.0+(Windows+NT+10.0;+Win64;+x64)+AppleWebKit/537.36+(KHTML,+like+Gecko)+Chrome/65.0.3325.181+Safari/537.36 http://localhost:51722/ReceiptBox 200 0 0 15670
2018-04-03 15:53:27 ::1 POST /ReceiptBox/SelectPDFList/ - 51722 qcemployee7.gorilla@gmail.com ::1 Mozilla/5.0+(Windows+NT+10.0;+Win64;+x64)+AppleWebKit/537.36+(KHTML,+like+Gecko)+Chrome/65.0.3325.181+Safari/537.36 http://localhost:51722/ReceiptBox 200 0 0 58
2018-04-03 15:54:35 ::1 GET /User/LogOn - 51722 qcemployee7.gorilla@gmail.com ::1 Mozilla/5.0+(Windows+NT+10.0;+Win64;+x64)+AppleWebKit/537.36+(KHTML,+like+Gecko)+Chrome/65.0.3325.181+Safari/537.36 http://localhost:51722/ReceiptBox 302 0 0 2542
2018-04-03 15:55:02 ::1 GET / - 51722 qcemployee7.gorilla@gmail.com ::1 Mozilla/5.0+(Windows+NT+10.0;+Win64;+x64)+AppleWebKit/537.36+(KHTML,+like+Gecko)+Chrome/65.0.3325.181+Safari/537.36 http://localhost:51722/ReceiptBox 200 0 0 26822
2018-04-03 15:57:03 ::1 GET /User/LogOn - 51722 qcemployee7.gorilla@gmail.com ::1 Mozilla/5.0+(Windows+NT+10.0;+Win64;+x64)+AppleWebKit/537.36+(KHTML,+like+Gecko)+Chrome/65.0.3325.181+Safari/537.36 http://localhost:51722/ReceiptBox 302 0 0 2592
2018-04-03 15:57:32 ::1 GET / - 51722 qcemployee7.gorilla@gmail.com ::1 Mozilla/5.0+(Windows+NT+10.0;+Win64;+x64)+AppleWebKit/537.36+(KHTML,+like+Gecko)+Chrome/65.0.3325.181+Safari/537.36 http://localhost:51722/ReceiptBox 200 0 0 29210
2018-04-03 16:00:17 ::1 GET /User/LogOn - 51722 qcemployee7.gorilla@gmail.com ::1 Mozilla/5.0+(Windows+NT+10.0;+Win64;+x64)+AppleWebKit/537.36+(KHTML,+like+Gecko)+Chrome/65.0.3325.181+Safari/537.36 http://localhost:51722/ReceiptBox 302 0 0 2410
2018-04-03 16:00:44 ::1 GET / - 51722 qcemployee7.gorilla@gmail.com ::1 Mozilla/5.0+(Windows+NT+10.0;+Win64;+x64)+AppleWebKit/537.36+(KHTML,+like+Gecko)+Chrome/65.0.3325.181+Safari/537.36 http://localhost:51722/ReceiptBox 200 0 0 26614
2018-04-03 16:01:22 ::1 GET /User/LogOn - 51722 qcemployee7.gorilla@gmail.com ::1 Mozilla/5.0+(Windows+NT+10.0;+Win64;+x64)+AppleWebKit/537.36+(KHTML,+like+Gecko)+Chrome/65.0.3325.181+Safari/537.36 http://localhost:51722/ReceiptBox 302 0 0 4276
2018-04-03 16:01:50 ::1 GET / - 51722 qcemployee7.gorilla@gmail.com ::1 Mozilla/5.0+(Windows+NT+10.0;+Win64;+x64)+AppleWebKit/537.36+(KHTML,+like+Gecko)+Chrome/65.0.3325.181+Safari/537.36 http://localhost:51722/ReceiptBox 200 0 0 27997
2018-04-03 16:02:56 ::1 GET /User/LogOn - 51722 qcemployee7.gorilla@gmail.com ::1 Mozilla/5.0+(Windows+NT+10.0;+Win64;+x64)+AppleWebKit/537.36+(KHTML,+like+Gecko)+Chrome/65.0.3325.181+Safari/537.36 http://localhost:51722/ReceiptBox 302 0 0 2393
2018-04-03 16:03:23 ::1 GET / - 51722 qcemployee7.gorilla@gmail.com ::1 Mozilla/5.0+(Windows+NT+10.0;+Win64;+x64)+AppleWebKit/537.36+(KHTML,+like+Gecko)+Chrome/65.0.3325.181+Safari/537.36 http://localhost:51722/ReceiptBox 200 0 0 26786
2018-04-03 16:05:24 ::1 GET /User/LogOn - 51722 qcemployee7.gorilla@gmail.com ::1 Mozilla/5.0+(Windows+NT+10.0;+Win64;+x64)+AppleWebKit/537.36+(KHTML,+like+Gecko)+Chrome/65.0.3325.181+Safari/537.36 http://localhost:51722/ReceiptBox 302 0 0 2475
2018-04-03 16:05:51 ::1 GET / - 51722 qcemployee7.gorilla@gmail.com ::1 Mozilla/5.0+(Windows+NT+10.0;+Win64;+x64)+AppleWebKit/537.36+(KHTML,+like+Gecko)+Chrome/65.0.3325.181+Safari/537.36 http://localhost:51722/ReceiptBox 200 0 0 26366
2018-04-03 16:08:31 ::1 GET /User/LogOut - 51722 qcemployee7.gorilla@gmail.com ::1 Mozilla/5.0+(Windows+NT+10.0;+Win64;+x64)+AppleWebKit/537.36+(KHTML,+like+Gecko)+Chrome/65.0.3325.181+Safari/537.36 http://localhost:51722/ReceiptBox 302 0 64 111
2018-04-03 16:08:31 ::1 GET /User/LogOut - 51722 qcemployee7.gorilla@gmail.com ::1 Mozilla/5.0+(Windows+NT+10.0;+Win64;+x64)+AppleWebKit/537.36+(KHTML,+like+Gecko)+Chrome/65.0.3325.181+Safari/537.36 http://localhost:51722/ReceiptBox 302 0 0 582
2018-04-03 16:08:31 ::1 GET / - 51722 - ::1 Mozilla/5.0+(Windows+NT+10.0;+Win64;+x64)+AppleWebKit/537.36+(KHTML,+like+Gecko)+Chrome/65.0.3325.181+Safari/537.36 http://localhost:51722/ReceiptBox 302 0 0 57
2018-04-03 16:08:34 ::1 GET /User/LogOn - 51722 - ::1 Mozilla/5.0+(Windows+NT+10.0;+Win64;+x64)+AppleWebKit/537.36+(KHTML,+like+Gecko)+Chrome/65.0.3325.181+Safari/537.36 http://localhost:51722/ReceiptBox 200 0 0 2710
2018-04-03 16:08:34 ::1 GET /User/LogOut - 51722 - ::1 Mozilla/5.0+(Windows+NT+10.0;+Win64;+x64)+AppleWebKit/537.36+(KHTML,+like+Gecko)+Chrome/65.0.3325.181+Safari/537.36 http://localhost:51722/ReceiptBox 302 0 0 629
2018-04-03 16:08:34 ::1 GET / - 51722 - ::1 Mozilla/5.0+(Windows+NT+10.0;+Win64;+x64)+AppleWebKit/537.36+(KHTML,+like+Gecko)+Chrome/65.0.3325.181+Safari/537.36 http://localhost:51722/ReceiptBox 302 0 0 29
2018-04-03 16:08:34 ::1 GET /User/LogOn - 51722 - ::1 Mozilla/5.0+(Windows+NT+10.0;+Win64;+x64)+AppleWebKit/537.36+(KHTML,+like+Gecko)+Chrome/65.0.3325.181+Safari/537.36 http://localhost:51722/ReceiptBox 200 0 0 373
2018-04-03 16:08:39 ::1 GET /User/LogOn - 51722 - ::1 Mozilla/5.0+(Windows+NT+10.0;+Win64;+x64)+AppleWebKit/537.36+(KHTML,+like+Gecko)+Chrome/65.0.3325.181+Safari/537.36 http://localhost:51722/ReceiptBox 200 0 0 392
2018-04-03 16:08:39 ::1 GET /User/LogOut - 51722 - ::1 Mozilla/5.0+(Windows+NT+10.0;+Win64;+x64)+AppleWebKit/537.36+(KHTML,+like+Gecko)+Chrome/65.0.3325.181+Safari/537.36 http://localhost:51722/ReceiptBox 302 0 0 67
2018-04-03 16:08:39 ::1 GET / - 51722 - ::1 Mozilla/5.0+(Windows+NT+10.0;+Win64;+x64)+AppleWebKit/537.36+(KHTML,+like+Gecko)+Chrome/65.0.3325.181+Safari/537.36 http://localhost:51722/ReceiptBox 302 0 0 28
2018-04-03 16:08:39 ::1 GET /User/LogOut - 51722 - ::1 Mozilla/5.0+(Windows+NT+10.0;+Win64;+x64)+AppleWebKit/537.36+(KHTML,+like+Gecko)+Chrome/65.0.3325.181+Safari/537.36 http://localhost:51722/ReceiptBox 302 0 64 595
2018-04-03 16:08:42 ::1 GET /User/LogOn - 51722 - ::1 Mozilla/5.0+(Windows+NT+10.0;+Win64;+x64)+AppleWebKit/537.36+(KHTML,+like+Gecko)+Chrome/65.0.3325.181+Safari/537.36 http://localhost:51722/ReceiptBox 200 0 64 2527
2018-04-03 16:08:42 ::1 GET /User/LogOut - 51722 - ::1 Mozilla/5.0+(Windows+NT+10.0;+Win64;+x64)+AppleWebKit/537.36+(KHTML,+like+Gecko)+Chrome/65.0.3325.181+Safari/537.36 http://localhost:51722/ReceiptBox 302 0 0 2609
2018-04-03 16:08:42 ::1 GET / - 51722 - ::1 Mozilla/5.0+(Windows+NT+10.0;+Win64;+x64)+AppleWebKit/537.36+(KHTML,+like+Gecko)+Chrome/65.0.3325.181+Safari/537.36 http://localhost:51722/ReceiptBox 302 0 0 56
2018-04-03 16:08:42 ::1 GET /User/LogOn - 51722 - ::1 Mozilla/5.0+(Windows+NT+10.0;+Win64;+x64)+AppleWebKit/537.36+(KHTML,+like+Gecko)+Chrome/65.0.3325.181+Safari/537.36 http://localhost:51722/ReceiptBox 200 0 64 354
2018-04-03 16:08:43 ::1 GET /User/LogOut - 51722 - ::1 Mozilla/5.0+(Windows+NT+10.0;+Win64;+x64)+AppleWebKit/537.36+(KHTML,+like+Gecko)+Chrome/65.0.3325.181+Safari/537.36 http://localhost:51722/ReceiptBox 302 0 0 527
2018-04-03 16:08:43 ::1 GET / - 51722 - ::1 Mozilla/5.0+(Windows+NT+10.0;+Win64;+x64)+AppleWebKit/537.36+(KHTML,+like+Gecko)+Chrome/65.0.3325.181+Safari/537.36 http://localhost:51722/ReceiptBox 302 0 0 25
2018-04-03 16:08:43 ::1 GET /User/LogOn - 51722 - ::1 Mozilla/5.0+(Windows+NT+10.0;+Win64;+x64)+AppleWebKit/537.36+(KHTML,+like+Gecko)+Chrome/65.0.3325.181+Safari/537.36 http://localhost:51722/ReceiptBox 200 0 0 349
2018-04-03 16:08:47 ::1 GET /User/assets/pages/img/login/bg1.jpg - 51722 - ::1 Mozilla/5.0+(Windows+NT+10.0;+Win64;+x64)+AppleWebKit/537.36+(KHTML,+like+Gecko)+Chrome/65.0.3325.181+Safari/537.36 http://localhost:51722/User/LogOn 404 0 2 2
2018-04-03 16:08:47 ::1 GET /User/assets/pages/img/login/bg1.jpg - 51722 - ::1 Mozilla/5.0+(Windows+NT+10.0;+Win64;+x64)+AppleWebKit/537.36+(KHTML,+like+Gecko)+Chrome/65.0.3325.181+Safari/537.36 http://localhost:51722/User/LogOn 404 0 2 2
2018-04-03 16:08:50 ::1 GET /__browserLink/requestData/92b9ea03b7904133b54348645ec04368 version=2 51722 - ::1 Mozilla/5.0+(Windows+NT+10.0;+Win64;+x64)+AppleWebKit/537.36+(KHTML,+like+Gecko)+Chrome/65.0.3325.181+Safari/537.36 http://localhost:51722/User/LogOn 200 0 0 18
2018-04-03 16:08:50 ::1 GET /__browserLink/requestData/12636484c9294c4282e3585edda3d8d9 version=2 51722 - ::1 Mozilla/5.0+(Windows+NT+10.0;+Win64;+x64)+AppleWebKit/537.36+(KHTML,+like+Gecko)+Chrome/65.0.3325.181+Safari/537.36 http://localhost:51722/User/LogOn 200 0 0 11
