#Software: Microsoft Internet Information Services 8.0
#Version: 1.0
#Date: 2017-09-08 11:02:25
#Fields: date time s-ip cs-method cs-uri-stem cs-uri-query s-port cs-username c-ip cs(User-Agent) cs(Referer) sc-status sc-substatus sc-win32-status time-taken
2017-09-08 11:02:25 ::1 GET /Home/Index - 47596 - ::1 Mozilla/5.0+(Windows+NT+10.0;+Win64;+x64)+AppleWebKit/537.36+(KHTML,+like+Gecko)+Chrome/60.0.3112.113+Safari/537.36 - 200 0 0 33250
2017-09-08 11:02:25 ::1 GET /Upload_Files/2017-09-06+(2).png - 47596 - ::1 Mozilla/5.0+(Windows+NT+10.0;+Win64;+x64)+AppleWebKit/537.36+(KHTML,+like+Gecko)+Chrome/60.0.3112.113+Safari/537.36 http://localhost:47596/Home/Index 200 0 0 46
2017-09-08 11:02:25 ::1 GET /Upload_Files/2017-09-06+(1).png - 47596 - ::1 Mozilla/5.0+(Windows+NT+10.0;+Win64;+x64)+AppleWebKit/537.36+(KHTML,+like+Gecko)+Chrome/60.0.3112.113+Safari/537.36 http://localhost:47596/Home/Index 200 0 0 71
2017-09-08 11:02:25 ::1 GET /Upload_Files/2017-09-06.png - 47596 - ::1 Mozilla/5.0+(Windows+NT+10.0;+Win64;+x64)+AppleWebKit/537.36+(KHTML,+like+Gecko)+Chrome/60.0.3112.113+Safari/537.36 http://localhost:47596/Home/Index 200 0 0 62
2017-09-08 11:02:25 ::1 GET /Upload_Files/2017-09-06+(3).png - 47596 - ::1 Mozilla/5.0+(Windows+NT+10.0;+Win64;+x64)+AppleWebKit/537.36+(KHTML,+like+Gecko)+Chrome/60.0.3112.113+Safari/537.36 http://localhost:47596/Home/Index 200 0 0 371
2017-09-08 11:02:26 ::1 GET /Upload_Files/Photo+Aug+11,+12+25+31+PM.png - 47596 - ::1 Mozilla/5.0+(Windows+NT+10.0;+Win64;+x64)+AppleWebKit/537.36+(KHTML,+like+Gecko)+Chrome/60.0.3112.113+Safari/537.36 http://localhost:47596/Home/Index 200 0 0 224
2017-09-08 11:02:26 ::1 GET /Upload_Files/Photo+Aug+31,+1+19+08+PM.png - 47596 - ::1 Mozilla/5.0+(Windows+NT+10.0;+Win64;+x64)+AppleWebKit/537.36+(KHTML,+like+Gecko)+Chrome/60.0.3112.113+Safari/537.36 http://localhost:47596/Home/Index 200 0 0 142
2017-09-08 11:02:26 ::1 GET /Upload_Files/Photo+Aug+09,+3+17+15+PM.jpg - 47596 - ::1 Mozilla/5.0+(Windows+NT+10.0;+Win64;+x64)+AppleWebKit/537.36+(KHTML,+like+Gecko)+Chrome/60.0.3112.113+Safari/537.36 http://localhost:47596/Home/Index 200 0 0 1178
2017-09-08 11:02:26 ::1 GET /Upload_Files/Photo+Aug+10,+10+28+12+AM+(1).jpg - 47596 - ::1 Mozilla/5.0+(Windows+NT+10.0;+Win64;+x64)+AppleWebKit/537.36+(KHTML,+like+Gecko)+Chrome/60.0.3112.113+Safari/537.36 http://localhost:47596/Home/Index 200 0 0 968
2017-09-08 11:02:26 ::1 GET /Upload_Files/Photo+Aug+10,+10+28+12+AM.jpg - 47596 - ::1 Mozilla/5.0+(Windows+NT+10.0;+Win64;+x64)+AppleWebKit/537.36+(KHTML,+like+Gecko)+Chrome/60.0.3112.113+Safari/537.36 http://localhost:47596/Home/Index 200 0 0 975
2017-09-08 11:02:26 ::1 GET /Upload_Files/Photo+Aug+10,+10+28+12+AM+(2).jpg - 47596 - ::1 Mozilla/5.0+(Windows+NT+10.0;+Win64;+x64)+AppleWebKit/537.36+(KHTML,+like+Gecko)+Chrome/60.0.3112.113+Safari/537.36 http://localhost:47596/Home/Index 200 0 0 1126
2017-09-08 11:02:26 ::1 GET /Upload_Files/Photo+Aug+10,+7+23+04+PM.jpg - 47596 - ::1 Mozilla/5.0+(Windows+NT+10.0;+Win64;+x64)+AppleWebKit/537.36+(KHTML,+like+Gecko)+Chrome/60.0.3112.113+Safari/537.36 http://localhost:47596/Home/Index 200 0 0 1196
2017-09-08 11:02:28 ::1 GET /Upload_Files/Photo+Jul+28,+3+16+26+PM.jpg - 47596 - ::1 Mozilla/5.0+(Windows+NT+10.0;+Win64;+x64)+AppleWebKit/537.36+(KHTML,+like+Gecko)+Chrome/60.0.3112.113+Safari/537.36 http://localhost:47596/Home/Index 200 0 0 1113
2017-09-08 11:02:28 ::1 GET /__browserLink/requestData/aa58cc7ff15f4023b2295816bbf28037 version=2 47596 - ::1 Mozilla/5.0+(Windows+NT+10.0;+Win64;+x64)+AppleWebKit/537.36+(KHTML,+like+Gecko)+Chrome/60.0.3112.113+Safari/537.36 http://localhost:47596/Home/Index 200 0 0 201
2017-09-08 11:03:13 ::1 GET /Scripts/jquery.qtip.min.map - 47596 - ::1 Mozilla/5.0+(Windows+NT+10.0;+Win64;+x64)+AppleWebKit/537.36+(KHTML,+like+Gecko)+Chrome/60.0.3112.113+Safari/537.36 - 404 0 2 33
2017-09-08 11:03:13 ::1 GET /Content/bootstrap.css.map - 47596 - ::1 Mozilla/5.0+(Windows+NT+10.0;+Win64;+x64)+AppleWebKit/537.36+(KHTML,+like+Gecko)+Chrome/60.0.3112.113+Safari/537.36 - 200 0 0 65
2017-09-08 11:05:18 ::1 GET /Home/Index - 47596 - ::1 Mozilla/5.0+(Windows+NT+10.0;+Win64;+x64)+AppleWebKit/537.36+(KHTML,+like+Gecko)+Chrome/60.0.3112.113+Safari/537.36 - 200 0 0 1248
2017-09-08 11:05:18 ::1 GET /Content/site.css - 47596 - ::1 Mozilla/5.0+(Windows+NT+10.0;+Win64;+x64)+AppleWebKit/537.36+(KHTML,+like+Gecko)+Chrome/60.0.3112.113+Safari/537.36 http://localhost:47596/Home/Index 200 0 0 19
2017-09-08 11:05:18 ::1 GET /Scripts/jquery.mousewheel-3.0.6.pack.js - 47596 - ::1 Mozilla/5.0+(Windows+NT+10.0;+Win64;+x64)+AppleWebKit/537.36+(KHTML,+like+Gecko)+Chrome/60.0.3112.113+Safari/537.36 http://localhost:47596/Home/Index 200 0 0 25
2017-09-08 11:05:18 ::1 GET /Scripts/modernizr-2.6.2.js - 47596 - ::1 Mozilla/5.0+(Windows+NT+10.0;+Win64;+x64)+AppleWebKit/537.36+(KHTML,+like+Gecko)+Chrome/60.0.3112.113+Safari/537.36 http://localhost:47596/Home/Index 200 0 0 40
2017-09-08 11:05:18 ::1 GET /Scripts/jquery-1.8.2.min.js - 47596 - ::1 Mozilla/5.0+(Windows+NT+10.0;+Win64;+x64)+AppleWebKit/537.36+(KHTML,+like+Gecko)+Chrome/60.0.3112.113+Safari/537.36 http://localhost:47596/Home/Index 200 0 0 67
2017-09-08 11:05:18 ::1 GET /Content/jquery.fancybox.css - 47596 - ::1 Mozilla/5.0+(Windows+NT+10.0;+Win64;+x64)+AppleWebKit/537.36+(KHTML,+like+Gecko)+Chrome/60.0.3112.113+Safari/537.36 http://localhost:47596/Home/Index 200 0 0 57
2017-09-08 11:05:18 ::1 GET /Scripts/jquery.fancybox.js - 47596 - ::1 Mozilla/5.0+(Windows+NT+10.0;+Win64;+x64)+AppleWebKit/537.36+(KHTML,+like+Gecko)+Chrome/60.0.3112.113+Safari/537.36 http://localhost:47596/Home/Index 200 0 0 113
2017-09-08 11:05:18 ::1 GET /Content/bootstrap.css - 47596 - ::1 Mozilla/5.0+(Windows+NT+10.0;+Win64;+x64)+AppleWebKit/537.36+(KHTML,+like+Gecko)+Chrome/60.0.3112.113+Safari/537.36 http://localhost:47596/Home/Index 200 0 0 213
2017-09-08 11:05:18 ::1 GET /Scripts/jquery.fancybox.css - 47596 - ::1 Mozilla/5.0+(Windows+NT+10.0;+Win64;+x64)+AppleWebKit/537.36+(KHTML,+like+Gecko)+Chrome/60.0.3112.113+Safari/537.36 http://localhost:47596/Home/Index 200 0 0 96
2017-09-08 11:05:18 ::1 GET /Scripts/jquery.qtip.min.css - 47596 - ::1 Mozilla/5.0+(Windows+NT+10.0;+Win64;+x64)+AppleWebKit/537.36+(KHTML,+like+Gecko)+Chrome/60.0.3112.113+Safari/537.36 http://localhost:47596/Home/Index 200 0 0 137
2017-09-08 11:05:18 ::1 GET /Scripts/jquery.imgcheckbox.js - 47596 - ::1 Mozilla/5.0+(Windows+NT+10.0;+Win64;+x64)+AppleWebKit/537.36+(KHTML,+like+Gecko)+Chrome/60.0.3112.113+Safari/537.36 http://localhost:47596/Home/Index 200 0 0 103
2017-09-08 11:05:18 ::1 GET /Scripts/jquery.twbsPagination.js - 47596 - ::1 Mozilla/5.0+(Windows+NT+10.0;+Win64;+x64)+AppleWebKit/537.36+(KHTML,+like+Gecko)+Chrome/60.0.3112.113+Safari/537.36 http://localhost:47596/Home/Index 200 0 0 186
2017-09-08 11:05:18 ::1 GET /Scripts/bootstrap.js - 47596 - ::1 Mozilla/5.0+(Windows+NT+10.0;+Win64;+x64)+AppleWebKit/537.36+(KHTML,+like+Gecko)+Chrome/60.0.3112.113+Safari/537.36 http://localhost:47596/Home/Index 200 0 0 42
2017-09-08 11:05:18 ::1 GET /Scripts/jQueryRotate.js - 47596 - ::1 Mozilla/5.0+(Windows+NT+10.0;+Win64;+x64)+AppleWebKit/537.36+(KHTML,+like+Gecko)+Chrome/60.0.3112.113+Safari/537.36 http://localhost:47596/Home/Index 200 0 0 199
2017-09-08 11:05:18 ::1 GET /Scripts/respond.js - 47596 - ::1 Mozilla/5.0+(Windows+NT+10.0;+Win64;+x64)+AppleWebKit/537.36+(KHTML,+like+Gecko)+Chrome/60.0.3112.113+Safari/537.36 http://localhost:47596/Home/Index 200 0 0 77
2017-09-08 11:05:18 ::1 GET /Scripts/jquery.qtip.min.js - 47596 - ::1 Mozilla/5.0+(Windows+NT+10.0;+Win64;+x64)+AppleWebKit/537.36+(KHTML,+like+Gecko)+Chrome/60.0.3112.113+Safari/537.36 http://localhost:47596/Home/Index 200 0 0 222
2017-09-08 11:05:18 ::1 GET /Upload_Files/2017-09-06+(1).png - 47596 - ::1 Mozilla/5.0+(Windows+NT+10.0;+Win64;+x64)+AppleWebKit/537.36+(KHTML,+like+Gecko)+Chrome/60.0.3112.113+Safari/537.36 http://localhost:47596/Home/Index 200 0 0 47
2017-09-08 11:05:18 ::1 GET /Upload_Files/2017-09-06+(2).png - 47596 - ::1 Mozilla/5.0+(Windows+NT+10.0;+Win64;+x64)+AppleWebKit/537.36+(KHTML,+like+Gecko)+Chrome/60.0.3112.113+Safari/537.36 http://localhost:47596/Home/Index 200 0 0 38
2017-09-08 11:05:18 ::1 GET /Upload_Files/2017-09-06.png - 47596 - ::1 Mozilla/5.0+(Windows+NT+10.0;+Win64;+x64)+AppleWebKit/537.36+(KHTML,+like+Gecko)+Chrome/60.0.3112.113+Safari/537.36 http://localhost:47596/Home/Index 200 0 0 52
2017-09-08 11:05:18 ::1 GET /Upload_Files/2017-09-06+(3).png - 47596 - ::1 Mozilla/5.0+(Windows+NT+10.0;+Win64;+x64)+AppleWebKit/537.36+(KHTML,+like+Gecko)+Chrome/60.0.3112.113+Safari/537.36 http://localhost:47596/Home/Index 200 0 0 302
2017-09-08 11:05:18 ::1 GET /Upload_Files/Photo+Aug+11,+12+25+31+PM.png - 47596 - ::1 Mozilla/5.0+(Windows+NT+10.0;+Win64;+x64)+AppleWebKit/537.36+(KHTML,+like+Gecko)+Chrome/60.0.3112.113+Safari/537.36 http://localhost:47596/Home/Index 200 0 0 84
2017-09-08 11:05:19 ::1 GET /Upload_Files/Photo+Aug+10,+10+28+12+AM.jpg - 47596 - ::1 Mozilla/5.0+(Windows+NT+10.0;+Win64;+x64)+AppleWebKit/537.36+(KHTML,+like+Gecko)+Chrome/60.0.3112.113+Safari/537.36 http://localhost:47596/Home/Index 200 0 0 555
2017-09-08 11:05:19 ::1 GET /Upload_Files/Photo+Aug+31,+1+19+08+PM.png - 47596 - ::1 Mozilla/5.0+(Windows+NT+10.0;+Win64;+x64)+AppleWebKit/537.36+(KHTML,+like+Gecko)+Chrome/60.0.3112.113+Safari/537.36 http://localhost:47596/Home/Index 200 0 0 118
2017-09-08 11:05:19 ::1 GET /Upload_Files/Photo+Aug+09,+3+17+15+PM.jpg - 47596 - ::1 Mozilla/5.0+(Windows+NT+10.0;+Win64;+x64)+AppleWebKit/537.36+(KHTML,+like+Gecko)+Chrome/60.0.3112.113+Safari/537.36 http://localhost:47596/Home/Index 200 0 0 752
2017-09-08 11:05:19 ::1 GET /Upload_Files/Photo+Aug+10,+10+28+12+AM+(2).jpg - 47596 - ::1 Mozilla/5.0+(Windows+NT+10.0;+Win64;+x64)+AppleWebKit/537.36+(KHTML,+like+Gecko)+Chrome/60.0.3112.113+Safari/537.36 http://localhost:47596/Home/Index 200 0 0 977
2017-09-08 11:05:19 ::1 GET /Upload_Files/Photo+Aug+10,+10+28+12+AM+(1).jpg - 47596 - ::1 Mozilla/5.0+(Windows+NT+10.0;+Win64;+x64)+AppleWebKit/537.36+(KHTML,+like+Gecko)+Chrome/60.0.3112.113+Safari/537.36 http://localhost:47596/Home/Index 200 0 0 979
2017-09-08 11:05:19 ::1 GET /Upload_Files/Photo+Aug+10,+7+23+04+PM.jpg - 47596 - ::1 Mozilla/5.0+(Windows+NT+10.0;+Win64;+x64)+AppleWebKit/537.36+(KHTML,+like+Gecko)+Chrome/60.0.3112.113+Safari/537.36 http://localhost:47596/Home/Index 200 0 0 978
2017-09-08 11:05:19 ::1 GET /Upload_Files/Photo+Jul+28,+3+16+26+PM.jpg - 47596 - ::1 Mozilla/5.0+(Windows+NT+10.0;+Win64;+x64)+AppleWebKit/537.36+(KHTML,+like+Gecko)+Chrome/60.0.3112.113+Safari/537.36 http://localhost:47596/Home/Index 200 0 0 335
2017-09-08 11:05:20 ::1 GET /favicon.ico - 47596 - ::1 Mozilla/5.0+(Windows+NT+10.0;+Win64;+x64)+AppleWebKit/537.36+(KHTML,+like+Gecko)+Chrome/60.0.3112.113+Safari/537.36 http://localhost:47596/Home/Index 200 0 0 57
2017-09-08 11:05:20 ::1 GET /__browserLink/requestData/f67da1d3a84d4340809d7b74a9d0ac25 version=2 47596 - ::1 Mozilla/5.0+(Windows+NT+10.0;+Win64;+x64)+AppleWebKit/537.36+(KHTML,+like+Gecko)+Chrome/60.0.3112.113+Safari/537.36 http://localhost:47596/Home/Index 200 0 0 17
2017-09-08 11:05:34 ::1 GET /Scripts/jquery.qtip.min.map - 47596 - ::1 Mozilla/5.0+(Windows+NT+10.0;+Win64;+x64)+AppleWebKit/537.36+(KHTML,+like+Gecko)+Chrome/60.0.3112.113+Safari/537.36 - 404 0 2 2
2017-09-08 11:06:58 ::1 GET /Home/Index - 47596 - ::1 Mozilla/5.0+(Windows+NT+10.0;+Win64;+x64)+AppleWebKit/537.36+(KHTML,+like+Gecko)+Chrome/60.0.3112.113+Safari/537.36 - 200 0 0 1167
2017-09-08 11:06:58 ::1 GET /Scripts/modernizr-2.6.2.js - 47596 - ::1 Mozilla/5.0+(Windows+NT+10.0;+Win64;+x64)+AppleWebKit/537.36+(KHTML,+like+Gecko)+Chrome/60.0.3112.113+Safari/537.36 http://localhost:47596/Home/Index 200 0 0 35
2017-09-08 11:06:58 ::1 GET /Content/site.css - 47596 - ::1 Mozilla/5.0+(Windows+NT+10.0;+Win64;+x64)+AppleWebKit/537.36+(KHTML,+like+Gecko)+Chrome/60.0.3112.113+Safari/537.36 http://localhost:47596/Home/Index 200 0 0 44
2017-09-08 11:06:58 ::1 GET /Content/jquery.fancybox.css - 47596 - ::1 Mozilla/5.0+(Windows+NT+10.0;+Win64;+x64)+AppleWebKit/537.36+(KHTML,+like+Gecko)+Chrome/60.0.3112.113+Safari/537.36 http://localhost:47596/Home/Index 200 0 0 23
2017-09-08 11:06:58 ::1 GET /Scripts/jquery.fancybox.css - 47596 - ::1 Mozilla/5.0+(Windows+NT+10.0;+Win64;+x64)+AppleWebKit/537.36+(KHTML,+like+Gecko)+Chrome/60.0.3112.113+Safari/537.36 http://localhost:47596/Home/Index 200 0 0 30
2017-09-08 11:06:58 ::1 GET /Scripts/jquery.mousewheel-3.0.6.pack.js - 47596 - ::1 Mozilla/5.0+(Windows+NT+10.0;+Win64;+x64)+AppleWebKit/537.36+(KHTML,+like+Gecko)+Chrome/60.0.3112.113+Safari/537.36 http://localhost:47596/Home/Index 200 0 0 86
2017-09-08 11:06:58 ::1 GET /Scripts/jquery-1.8.2.min.js - 47596 - ::1 Mozilla/5.0+(Windows+NT+10.0;+Win64;+x64)+AppleWebKit/537.36+(KHTML,+like+Gecko)+Chrome/60.0.3112.113+Safari/537.36 http://localhost:47596/Home/Index 200 0 0 103
2017-09-08 11:06:58 ::1 GET /Scripts/jquery.fancybox.js - 47596 - ::1 Mozilla/5.0+(Windows+NT+10.0;+Win64;+x64)+AppleWebKit/537.36+(KHTML,+like+Gecko)+Chrome/60.0.3112.113+Safari/537.36 http://localhost:47596/Home/Index 200 0 0 138
2017-09-08 11:06:58 ::1 GET /Scripts/jQueryRotate.js - 47596 - ::1 Mozilla/5.0+(Windows+NT+10.0;+Win64;+x64)+AppleWebKit/537.36+(KHTML,+like+Gecko)+Chrome/60.0.3112.113+Safari/537.36 http://localhost:47596/Home/Index 200 0 0 16
2017-09-08 11:06:58 ::1 GET /Scripts/jquery.twbsPagination.js - 47596 - ::1 Mozilla/5.0+(Windows+NT+10.0;+Win64;+x64)+AppleWebKit/537.36+(KHTML,+like+Gecko)+Chrome/60.0.3112.113+Safari/537.36 http://localhost:47596/Home/Index 200 0 0 23
2017-09-08 11:06:58 ::1 GET /Scripts/jquery.qtip.min.css - 47596 - ::1 Mozilla/5.0+(Windows+NT+10.0;+Win64;+x64)+AppleWebKit/537.36+(KHTML,+like+Gecko)+Chrome/60.0.3112.113+Safari/537.36 http://localhost:47596/Home/Index 200 0 0 33
2017-09-08 11:06:58 ::1 GET /Scripts/jquery.qtip.min.js - 47596 - ::1 Mozilla/5.0+(Windows+NT+10.0;+Win64;+x64)+AppleWebKit/537.36+(KHTML,+like+Gecko)+Chrome/60.0.3112.113+Safari/537.36 http://localhost:47596/Home/Index 200 0 0 23
2017-09-08 11:06:58 ::1 GET /Scripts/jquery.imgcheckbox.js - 47596 - ::1 Mozilla/5.0+(Windows+NT+10.0;+Win64;+x64)+AppleWebKit/537.36+(KHTML,+like+Gecko)+Chrome/60.0.3112.113+Safari/537.36 http://localhost:47596/Home/Index 200 0 0 30
2017-09-08 11:06:58 ::1 GET /Content/bootstrap.css - 47596 - ::1 Mozilla/5.0+(Windows+NT+10.0;+Win64;+x64)+AppleWebKit/537.36+(KHTML,+like+Gecko)+Chrome/60.0.3112.113+Safari/537.36 http://localhost:47596/Home/Index 200 0 0 257
2017-09-08 11:06:58 ::1 GET /Scripts/bootstrap.js - 47596 - ::1 Mozilla/5.0+(Windows+NT+10.0;+Win64;+x64)+AppleWebKit/537.36+(KHTML,+like+Gecko)+Chrome/60.0.3112.113+Safari/537.36 http://localhost:47596/Home/Index 200 0 0 17
2017-09-08 11:06:58 ::1 GET /Scripts/respond.js - 47596 - ::1 Mozilla/5.0+(Windows+NT+10.0;+Win64;+x64)+AppleWebKit/537.36+(KHTML,+like+Gecko)+Chrome/60.0.3112.113+Safari/537.36 http://localhost:47596/Home/Index 200 0 0 15
2017-09-08 11:06:58 ::1 GET /Upload_Files/2017-09-06.png - 47596 - ::1 Mozilla/5.0+(Windows+NT+10.0;+Win64;+x64)+AppleWebKit/537.36+(KHTML,+like+Gecko)+Chrome/60.0.3112.113+Safari/537.36 http://localhost:47596/Home/Index 200 0 0 32
2017-09-08 11:06:58 ::1 GET /Upload_Files/2017-09-06+(1).png - 47596 - ::1 Mozilla/5.0+(Windows+NT+10.0;+Win64;+x64)+AppleWebKit/537.36+(KHTML,+like+Gecko)+Chrome/60.0.3112.113+Safari/537.36 http://localhost:47596/Home/Index 200 0 0 60
2017-09-08 11:06:58 ::1 GET /Upload_Files/2017-09-06+(2).png - 47596 - ::1 Mozilla/5.0+(Windows+NT+10.0;+Win64;+x64)+AppleWebKit/537.36+(KHTML,+like+Gecko)+Chrome/60.0.3112.113+Safari/537.36 http://localhost:47596/Home/Index 200 0 0 70
2017-09-08 11:06:58 ::1 GET /Upload_Files/2017-09-06+(3).png - 47596 - ::1 Mozilla/5.0+(Windows+NT+10.0;+Win64;+x64)+AppleWebKit/537.36+(KHTML,+like+Gecko)+Chrome/60.0.3112.113+Safari/537.36 http://localhost:47596/Home/Index 200 0 0 302
2017-09-08 11:06:58 ::1 GET /Upload_Files/Photo+Aug+11,+12+25+31+PM.png - 47596 - ::1 Mozilla/5.0+(Windows+NT+10.0;+Win64;+x64)+AppleWebKit/537.36+(KHTML,+like+Gecko)+Chrome/60.0.3112.113+Safari/537.36 http://localhost:47596/Home/Index 200 0 0 87
2017-09-08 11:06:58 ::1 GET /Upload_Files/Photo+Aug+31,+1+19+08+PM.png - 47596 - ::1 Mozilla/5.0+(Windows+NT+10.0;+Win64;+x64)+AppleWebKit/537.36+(KHTML,+like+Gecko)+Chrome/60.0.3112.113+Safari/537.36 http://localhost:47596/Home/Index 200 0 0 131
2017-09-08 11:06:59 ::1 GET /Upload_Files/Photo+Aug+10,+10+28+12+AM+(1).jpg - 47596 - ::1 Mozilla/5.0+(Windows+NT+10.0;+Win64;+x64)+AppleWebKit/537.36+(KHTML,+like+Gecko)+Chrome/60.0.3112.113+Safari/537.36 http://localhost:47596/Home/Index 200 0 0 898
2017-09-08 11:06:59 ::1 GET /Upload_Files/Photo+Aug+10,+10+28+12+AM+(2).jpg - 47596 - ::1 Mozilla/5.0+(Windows+NT+10.0;+Win64;+x64)+AppleWebKit/537.36+(KHTML,+like+Gecko)+Chrome/60.0.3112.113+Safari/537.36 http://localhost:47596/Home/Index 200 0 0 896
2017-09-08 11:06:59 ::1 GET /Upload_Files/Photo+Aug+10,+7+23+04+PM.jpg - 47596 - ::1 Mozilla/5.0+(Windows+NT+10.0;+Win64;+x64)+AppleWebKit/537.36+(KHTML,+like+Gecko)+Chrome/60.0.3112.113+Safari/537.36 http://localhost:47596/Home/Index 200 0 0 1034
2017-09-08 11:06:59 ::1 GET /Upload_Files/Photo+Aug+10,+10+28+12+AM.jpg - 47596 - ::1 Mozilla/5.0+(Windows+NT+10.0;+Win64;+x64)+AppleWebKit/537.36+(KHTML,+like+Gecko)+Chrome/60.0.3112.113+Safari/537.36 http://localhost:47596/Home/Index 200 0 0 1131
2017-09-08 11:06:59 ::1 GET /Upload_Files/Photo+Aug+09,+3+17+15+PM.jpg - 47596 - ::1 Mozilla/5.0+(Windows+NT+10.0;+Win64;+x64)+AppleWebKit/537.36+(KHTML,+like+Gecko)+Chrome/60.0.3112.113+Safari/537.36 http://localhost:47596/Home/Index 200 0 0 1389
2017-09-08 11:06:59 ::1 GET /Upload_Files/Photo+Jul+28,+3+16+26+PM.jpg - 47596 - ::1 Mozilla/5.0+(Windows+NT+10.0;+Win64;+x64)+AppleWebKit/537.36+(KHTML,+like+Gecko)+Chrome/60.0.3112.113+Safari/537.36 http://localhost:47596/Home/Index 200 0 0 831
2017-09-08 11:07:01 ::1 GET /favicon.ico - 47596 - ::1 Mozilla/5.0+(Windows+NT+10.0;+Win64;+x64)+AppleWebKit/537.36+(KHTML,+like+Gecko)+Chrome/60.0.3112.113+Safari/537.36 http://localhost:47596/Home/Index 200 0 0 36
2017-09-08 11:07:01 ::1 GET /__browserLink/requestData/0dab1c56f778456caa8aa66555305a99 version=2 47596 - ::1 Mozilla/5.0+(Windows+NT+10.0;+Win64;+x64)+AppleWebKit/537.36+(KHTML,+like+Gecko)+Chrome/60.0.3112.113+Safari/537.36 http://localhost:47596/Home/Index 200 0 0 14
2017-09-08 11:07:52 ::1 GET /Home/Index - 47596 - ::1 Mozilla/5.0+(Windows+NT+10.0;+Win64;+x64)+AppleWebKit/537.36+(KHTML,+like+Gecko)+Chrome/60.0.3112.113+Safari/537.36 - 200 0 0 779
2017-09-08 11:07:54 ::1 GET /favicon.ico - 47596 - ::1 Mozilla/5.0+(Windows+NT+10.0;+Win64;+x64)+AppleWebKit/537.36+(KHTML,+like+Gecko)+Chrome/60.0.3112.113+Safari/537.36 http://localhost:47596/Home/Index 200 0 0 60
2017-09-08 11:07:54 ::1 GET /__browserLink/requestData/636d42aae0b14cc8b4f75fd2d2b903c1 version=2 47596 - ::1 Mozilla/5.0+(Windows+NT+10.0;+Win64;+x64)+AppleWebKit/537.36+(KHTML,+like+Gecko)+Chrome/60.0.3112.113+Safari/537.36 http://localhost:47596/Home/Index 200 0 0 18
2017-09-08 11:10:03 ::1 GET /Scripts/jquery.qtip.min.map - 47596 - ::1 Mozilla/5.0+(Windows+NT+10.0;+Win64;+x64)+AppleWebKit/537.36+(KHTML,+like+Gecko)+Chrome/60.0.3112.113+Safari/537.36 - 404 0 2 2
2017-09-08 11:10:38 ::1 GET /Home/Index - 47596 - ::1 Mozilla/5.0+(Windows+NT+10.0;+Win64;+x64)+AppleWebKit/537.36+(KHTML,+like+Gecko)+Chrome/60.0.3112.113+Safari/537.36 - 200 0 0 800
2017-09-08 11:10:38 ::1 GET /Upload_Files/2017-09-06+(1).png - 47596 - ::1 Mozilla/5.0+(Windows+NT+10.0;+Win64;+x64)+AppleWebKit/537.36+(KHTML,+like+Gecko)+Chrome/60.0.3112.113+Safari/537.36 http://localhost:47596/Home/Index 304 0 0 27
2017-09-08 11:10:38 ::1 GET /Upload_Files/2017-09-06+(2).png - 47596 - ::1 Mozilla/5.0+(Windows+NT+10.0;+Win64;+x64)+AppleWebKit/537.36+(KHTML,+like+Gecko)+Chrome/60.0.3112.113+Safari/537.36 http://localhost:47596/Home/Index 304 0 0 6
2017-09-08 11:10:38 ::1 GET /Upload_Files/2017-09-06+(3).png - 47596 - ::1 Mozilla/5.0+(Windows+NT+10.0;+Win64;+x64)+AppleWebKit/537.36+(KHTML,+like+Gecko)+Chrome/60.0.3112.113+Safari/537.36 http://localhost:47596/Home/Index 304 0 0 8
2017-09-08 11:10:38 ::1 GET /Upload_Files/2017-09-06.png - 47596 - ::1 Mozilla/5.0+(Windows+NT+10.0;+Win64;+x64)+AppleWebKit/537.36+(KHTML,+like+Gecko)+Chrome/60.0.3112.113+Safari/537.36 http://localhost:47596/Home/Index 304 0 0 7
2017-09-08 11:10:38 ::1 GET /Upload_Files/Photo+Aug+09,+3+17+15+PM.jpg - 47596 - ::1 Mozilla/5.0+(Windows+NT+10.0;+Win64;+x64)+AppleWebKit/537.36+(KHTML,+like+Gecko)+Chrome/60.0.3112.113+Safari/537.36 http://localhost:47596/Home/Index 304 0 0 10
2017-09-08 11:10:38 ::1 GET /Upload_Files/Photo+Aug+10,+10+28+12+AM+(1).jpg - 47596 - ::1 Mozilla/5.0+(Windows+NT+10.0;+Win64;+x64)+AppleWebKit/537.36+(KHTML,+like+Gecko)+Chrome/60.0.3112.113+Safari/537.36 http://localhost:47596/Home/Index 304 0 0 6
2017-09-08 11:10:38 ::1 GET /Upload_Files/Photo+Aug+10,+10+28+12+AM+(2).jpg - 47596 - ::1 Mozilla/5.0+(Windows+NT+10.0;+Win64;+x64)+AppleWebKit/537.36+(KHTML,+like+Gecko)+Chrome/60.0.3112.113+Safari/537.36 http://localhost:47596/Home/Index 304 0 0 7
2017-09-08 11:10:38 ::1 GET /Upload_Files/Photo+Aug+10,+10+28+12+AM.jpg - 47596 - ::1 Mozilla/5.0+(Windows+NT+10.0;+Win64;+x64)+AppleWebKit/537.36+(KHTML,+like+Gecko)+Chrome/60.0.3112.113+Safari/537.36 http://localhost:47596/Home/Index 304 0 0 7
2017-09-08 11:10:38 ::1 GET /Upload_Files/Photo+Aug+10,+7+23+04+PM.jpg - 47596 - ::1 Mozilla/5.0+(Windows+NT+10.0;+Win64;+x64)+AppleWebKit/537.36+(KHTML,+like+Gecko)+Chrome/60.0.3112.113+Safari/537.36 http://localhost:47596/Home/Index 304 0 0 15
2017-09-08 11:10:38 ::1 GET /Upload_Files/Photo+Aug+11,+12+25+31+PM.png - 47596 - ::1 Mozilla/5.0+(Windows+NT+10.0;+Win64;+x64)+AppleWebKit/537.36+(KHTML,+like+Gecko)+Chrome/60.0.3112.113+Safari/537.36 http://localhost:47596/Home/Index 304 0 0 19
2017-09-08 11:10:38 ::1 GET /Upload_Files/Photo+Aug+31,+1+19+08+PM.png - 47596 - ::1 Mozilla/5.0+(Windows+NT+10.0;+Win64;+x64)+AppleWebKit/537.36+(KHTML,+like+Gecko)+Chrome/60.0.3112.113+Safari/537.36 http://localhost:47596/Home/Index 304 0 0 19
2017-09-08 11:10:38 ::1 GET /Upload_Files/Photo+Jul+28,+3+16+26+PM.jpg - 47596 - ::1 Mozilla/5.0+(Windows+NT+10.0;+Win64;+x64)+AppleWebKit/537.36+(KHTML,+like+Gecko)+Chrome/60.0.3112.113+Safari/537.36 http://localhost:47596/Home/Index 304 0 0 14
2017-09-08 11:10:39 ::1 GET /favicon.ico - 47596 - ::1 Mozilla/5.0+(Windows+NT+10.0;+Win64;+x64)+AppleWebKit/537.36+(KHTML,+like+Gecko)+Chrome/60.0.3112.113+Safari/537.36 http://localhost:47596/Home/Index 200 0 0 17
2017-09-08 11:10:39 ::1 GET /__browserLink/requestData/4521a2181bcd432d8c19c193a4052484 version=2 47596 - ::1 Mozilla/5.0+(Windows+NT+10.0;+Win64;+x64)+AppleWebKit/537.36+(KHTML,+like+Gecko)+Chrome/60.0.3112.113+Safari/537.36 http://localhost:47596/Home/Index 200 0 0 13
2017-09-08 11:10:48 ::1 GET /Home/Index - 47596 - ::1 Mozilla/5.0+(Windows+NT+10.0;+Win64;+x64)+AppleWebKit/537.36+(KHTML,+like+Gecko)+Chrome/60.0.3112.113+Safari/537.36 - 200 0 0 785
2017-09-08 11:10:49 ::1 GET /favicon.ico - 47596 - ::1 Mozilla/5.0+(Windows+NT+10.0;+Win64;+x64)+AppleWebKit/537.36+(KHTML,+like+Gecko)+Chrome/60.0.3112.113+Safari/537.36 http://localhost:47596/Home/Index 200 0 0 14
2017-09-08 11:10:49 ::1 GET /__browserLink/requestData/b6abe162c92d46ecbf42088b6ec9d72a version=2 47596 - ::1 Mozilla/5.0+(Windows+NT+10.0;+Win64;+x64)+AppleWebKit/537.36+(KHTML,+like+Gecko)+Chrome/60.0.3112.113+Safari/537.36 http://localhost:47596/Home/Index 200 0 0 11
#Software: Microsoft Internet Information Services 8.0
#Version: 1.0
#Date: 2017-09-08 11:28:29
#Fields: date time s-ip cs-method cs-uri-stem cs-uri-query s-port cs-username c-ip cs(User-Agent) cs(Referer) sc-status sc-substatus sc-win32-status time-taken
2017-09-08 11:28:29 ::1 GET /Home/Index - 47596 - ::1 Mozilla/5.0+(Windows+NT+10.0;+Win64;+x64)+AppleWebKit/537.36+(KHTML,+like+Gecko)+Chrome/60.0.3112.113+Safari/537.36 - 200 0 0 579
2017-09-08 11:28:29 ::1 GET /Upload_Files/2017-09-06+(1).png - 47596 - ::1 Mozilla/5.0+(Windows+NT+10.0;+Win64;+x64)+AppleWebKit/537.36+(KHTML,+like+Gecko)+Chrome/60.0.3112.113+Safari/537.36 http://localhost:47596/Home/Index 304 0 0 16
2017-09-08 11:28:29 ::1 GET /Upload_Files/2017-09-06+(2).png - 47596 - ::1 Mozilla/5.0+(Windows+NT+10.0;+Win64;+x64)+AppleWebKit/537.36+(KHTML,+like+Gecko)+Chrome/60.0.3112.113+Safari/537.36 http://localhost:47596/Home/Index 304 0 0 11
2017-09-08 11:28:29 ::1 GET /Upload_Files/2017-09-06+(3).png - 47596 - ::1 Mozilla/5.0+(Windows+NT+10.0;+Win64;+x64)+AppleWebKit/537.36+(KHTML,+like+Gecko)+Chrome/60.0.3112.113+Safari/537.36 http://localhost:47596/Home/Index 304 0 0 36
2017-09-08 11:28:29 ::1 GET /Upload_Files/2017-09-06.png - 47596 - ::1 Mozilla/5.0+(Windows+NT+10.0;+Win64;+x64)+AppleWebKit/537.36+(KHTML,+like+Gecko)+Chrome/60.0.3112.113+Safari/537.36 http://localhost:47596/Home/Index 304 0 0 13
2017-09-08 11:28:29 ::1 GET /Upload_Files/Photo+Aug+10,+10+28+12+AM+(2).jpg - 47596 - ::1 Mozilla/5.0+(Windows+NT+10.0;+Win64;+x64)+AppleWebKit/537.36+(KHTML,+like+Gecko)+Chrome/60.0.3112.113+Safari/537.36 http://localhost:47596/Home/Index 304 0 0 15
2017-09-08 11:28:29 ::1 GET /Upload_Files/Photo+Aug+31,+1+19+08+PM.png - 47596 - ::1 Mozilla/5.0+(Windows+NT+10.0;+Win64;+x64)+AppleWebKit/537.36+(KHTML,+like+Gecko)+Chrome/60.0.3112.113+Safari/537.36 http://localhost:47596/Home/Index 304 0 0 12
2017-09-08 11:28:29 ::1 GET /Upload_Files/Photo+Aug+09,+3+17+15+PM.jpg - 47596 - ::1 Mozilla/5.0+(Windows+NT+10.0;+Win64;+x64)+AppleWebKit/537.36+(KHTML,+like+Gecko)+Chrome/60.0.3112.113+Safari/537.36 http://localhost:47596/Home/Index 304 0 0 45
2017-09-08 11:28:29 ::1 GET /Upload_Files/Photo+Aug+10,+10+28+12+AM+(1).jpg - 47596 - ::1 Mozilla/5.0+(Windows+NT+10.0;+Win64;+x64)+AppleWebKit/537.36+(KHTML,+like+Gecko)+Chrome/60.0.3112.113+Safari/537.36 http://localhost:47596/Home/Index 304 0 0 33
2017-09-08 11:28:29 ::1 GET /Upload_Files/Photo+Aug+10,+10+28+12+AM.jpg - 47596 - ::1 Mozilla/5.0+(Windows+NT+10.0;+Win64;+x64)+AppleWebKit/537.36+(KHTML,+like+Gecko)+Chrome/60.0.3112.113+Safari/537.36 http://localhost:47596/Home/Index 304 0 0 18
2017-09-08 11:28:29 ::1 GET /Upload_Files/Photo+Jul+28,+3+16+26+PM.jpg - 47596 - ::1 Mozilla/5.0+(Windows+NT+10.0;+Win64;+x64)+AppleWebKit/537.36+(KHTML,+like+Gecko)+Chrome/60.0.3112.113+Safari/537.36 http://localhost:47596/Home/Index 304 0 0 18
2017-09-08 11:28:29 ::1 GET /Upload_Files/Photo+Aug+10,+7+23+04+PM.jpg - 47596 - ::1 Mozilla/5.0+(Windows+NT+10.0;+Win64;+x64)+AppleWebKit/537.36+(KHTML,+like+Gecko)+Chrome/60.0.3112.113+Safari/537.36 http://localhost:47596/Home/Index 304 0 0 18
2017-09-08 11:28:29 ::1 GET /Upload_Files/Photo+Aug+11,+12+25+31+PM.png - 47596 - ::1 Mozilla/5.0+(Windows+NT+10.0;+Win64;+x64)+AppleWebKit/537.36+(KHTML,+like+Gecko)+Chrome/60.0.3112.113+Safari/537.36 http://localhost:47596/Home/Index 304 0 0 18
2017-09-08 11:28:29 ::1 GET /Scripts/jquery.qtip.min.map - 47596 - ::1 Mozilla/5.0+(Windows+NT+10.0;+Win64;+x64)+AppleWebKit/537.36+(KHTML,+like+Gecko)+Chrome/60.0.3112.113+Safari/537.36 - 404 0 2 46
2017-09-08 11:28:34 ::1 GET /__browserLink/requestData/9eaa9841d6a5408b8c14590f567e9db4 version=2 47596 - ::1 Mozilla/5.0+(Windows+NT+10.0;+Win64;+x64)+AppleWebKit/537.36+(KHTML,+like+Gecko)+Chrome/60.0.3112.113+Safari/537.36 http://localhost:47596/Home/Index 200 0 0 12
2017-09-08 11:28:56 ::1 HEAD /Upload_Files/2017-09-06+(1).pdf - 47596 - ::1 Mozilla/5.0+(Windows+NT+10.0;+Win64;+x64)+AppleWebKit/537.36+(KHTML,+like+Gecko)+Chrome/60.0.3112.113+Safari/537.36 http://localhost:47596/Home/Index 404 0 2 1
2017-09-08 11:28:56 ::1 HEAD /Upload_Files/2017-09-06+(2).pdf - 47596 - ::1 Mozilla/5.0+(Windows+NT+10.0;+Win64;+x64)+AppleWebKit/537.36+(KHTML,+like+Gecko)+Chrome/60.0.3112.113+Safari/537.36 http://localhost:47596/Home/Index 404 0 2 1
2017-09-08 11:29:00 ::1 HEAD /Upload_Files/2017-09-06+(3).pdf - 47596 - ::1 Mozilla/5.0+(Windows+NT+10.0;+Win64;+x64)+AppleWebKit/537.36+(KHTML,+like+Gecko)+Chrome/60.0.3112.113+Safari/537.36 http://localhost:47596/Home/Index 404 0 2 2
2017-09-08 11:29:00 ::1 HEAD /Upload_Files/2017-09-06.pdf - 47596 - ::1 Mozilla/5.0+(Windows+NT+10.0;+Win64;+x64)+AppleWebKit/537.36+(KHTML,+like+Gecko)+Chrome/60.0.3112.113+Safari/537.36 http://localhost:47596/Home/Index 404 0 2 2
2017-09-08 11:29:07 ::1 HEAD /Upload_Files/Photo+Aug+11,+12+25+31+PM.pdf - 47596 - ::1 Mozilla/5.0+(Windows+NT+10.0;+Win64;+x64)+AppleWebKit/537.36+(KHTML,+like+Gecko)+Chrome/60.0.3112.113+Safari/537.36 http://localhost:47596/Home/Index 404 0 2 1
2017-09-08 11:29:17 ::1 HEAD /Upload_Files/Photo+Aug+31,+1+19+08+PM.pdf - 47596 - ::1 Mozilla/5.0+(Windows+NT+10.0;+Win64;+x64)+AppleWebKit/537.36+(KHTML,+like+Gecko)+Chrome/60.0.3112.113+Safari/537.36 http://localhost:47596/Home/Index 404 0 2 7
2017-09-08 11:29:27 ::1 HEAD /Upload_Files/Photo+Aug+11,+12+25+31+PM.pdf - 47596 - ::1 Mozilla/5.0+(Windows+NT+10.0;+Win64;+x64)+AppleWebKit/537.36+(KHTML,+like+Gecko)+Chrome/60.0.3112.113+Safari/537.36 http://localhost:47596/Home/Index 404 0 2 2
#Software: Microsoft Internet Information Services 8.0
#Version: 1.0
#Date: 2017-09-08 13:02:10
#Fields: date time s-ip cs-method cs-uri-stem cs-uri-query s-port cs-username c-ip cs(User-Agent) cs(Referer) sc-status sc-substatus sc-win32-status time-taken
2017-09-08 13:02:10 ::1 GET /Home/Index - 47596 - ::1 Mozilla/5.0+(Windows+NT+10.0;+Win64;+x64)+AppleWebKit/537.36+(KHTML,+like+Gecko)+Chrome/60.0.3112.113+Safari/537.36 - 200 0 0 344
2017-09-08 13:02:10 ::1 GET /Upload_Files/2017-09-06+(1).png - 47596 - ::1 Mozilla/5.0+(Windows+NT+10.0;+Win64;+x64)+AppleWebKit/537.36+(KHTML,+like+Gecko)+Chrome/60.0.3112.113+Safari/537.36 http://localhost:47596/Home/Index 304 0 0 2
2017-09-08 13:02:10 ::1 GET /Upload_Files/2017-09-06+(2).png - 47596 - ::1 Mozilla/5.0+(Windows+NT+10.0;+Win64;+x64)+AppleWebKit/537.36+(KHTML,+like+Gecko)+Chrome/60.0.3112.113+Safari/537.36 http://localhost:47596/Home/Index 304 0 0 4
2017-09-08 13:02:10 ::1 GET /Upload_Files/2017-09-06+(3).png - 47596 - ::1 Mozilla/5.0+(Windows+NT+10.0;+Win64;+x64)+AppleWebKit/537.36+(KHTML,+like+Gecko)+Chrome/60.0.3112.113+Safari/537.36 http://localhost:47596/Home/Index 304 0 0 7
2017-09-08 13:02:10 ::1 GET /Upload_Files/2017-09-06.png - 47596 - ::1 Mozilla/5.0+(Windows+NT+10.0;+Win64;+x64)+AppleWebKit/537.36+(KHTML,+like+Gecko)+Chrome/60.0.3112.113+Safari/537.36 http://localhost:47596/Home/Index 304 0 0 3
2017-09-08 13:02:10 ::1 GET /Upload_Files/Photo+Aug+10,+10+28+12+AM+(2).jpg - 47596 - ::1 Mozilla/5.0+(Windows+NT+10.0;+Win64;+x64)+AppleWebKit/537.36+(KHTML,+like+Gecko)+Chrome/60.0.3112.113+Safari/537.36 http://localhost:47596/Home/Index 304 0 0 4
2017-09-08 13:02:10 ::1 GET /Upload_Files/Photo+Aug+10,+7+23+04+PM.jpg - 47596 - ::1 Mozilla/5.0+(Windows+NT+10.0;+Win64;+x64)+AppleWebKit/537.36+(KHTML,+like+Gecko)+Chrome/60.0.3112.113+Safari/537.36 http://localhost:47596/Home/Index 304 0 0 5
2017-09-08 13:02:10 ::1 GET /Upload_Files/Photo+Aug+09,+3+17+15+PM.jpg - 47596 - ::1 Mozilla/5.0+(Windows+NT+10.0;+Win64;+x64)+AppleWebKit/537.36+(KHTML,+like+Gecko)+Chrome/60.0.3112.113+Safari/537.36 http://localhost:47596/Home/Index 304 0 0 21
2017-09-08 13:02:10 ::1 GET /Upload_Files/Photo+Aug+31,+1+19+08+PM.png - 47596 - ::1 Mozilla/5.0+(Windows+NT+10.0;+Win64;+x64)+AppleWebKit/537.36+(KHTML,+like+Gecko)+Chrome/60.0.3112.113+Safari/537.36 http://localhost:47596/Home/Index 304 0 0 19
2017-09-08 13:02:10 ::1 GET /Upload_Files/Photo+Jul+28,+3+16+26+PM.jpg - 47596 - ::1 Mozilla/5.0+(Windows+NT+10.0;+Win64;+x64)+AppleWebKit/537.36+(KHTML,+like+Gecko)+Chrome/60.0.3112.113+Safari/537.36 http://localhost:47596/Home/Index 304 0 0 25
2017-09-08 13:02:10 ::1 GET /Upload_Files/Photo+Aug+10,+10+28+12+AM.jpg - 47596 - ::1 Mozilla/5.0+(Windows+NT+10.0;+Win64;+x64)+AppleWebKit/537.36+(KHTML,+like+Gecko)+Chrome/60.0.3112.113+Safari/537.36 http://localhost:47596/Home/Index 304 0 0 32
2017-09-08 13:02:10 ::1 GET /Upload_Files/Photo+Aug+11,+12+25+31+PM.png - 47596 - ::1 Mozilla/5.0+(Windows+NT+10.0;+Win64;+x64)+AppleWebKit/537.36+(KHTML,+like+Gecko)+Chrome/60.0.3112.113+Safari/537.36 http://localhost:47596/Home/Index 304 0 0 39
2017-09-08 13:02:10 ::1 GET /Upload_Files/Photo+Aug+10,+10+28+12+AM+(1).jpg - 47596 - ::1 Mozilla/5.0+(Windows+NT+10.0;+Win64;+x64)+AppleWebKit/537.36+(KHTML,+like+Gecko)+Chrome/60.0.3112.113+Safari/537.36 http://localhost:47596/Home/Index 304 0 0 47
2017-09-08 13:02:12 ::1 GET /favicon.ico - 47596 - ::1 Mozilla/5.0+(Windows+NT+10.0;+Win64;+x64)+AppleWebKit/537.36+(KHTML,+like+Gecko)+Chrome/60.0.3112.113+Safari/537.36 http://localhost:47596/Home/Index 200 0 0 46
2017-09-08 13:02:12 ::1 GET /__browserLink/requestData/d20822fee391478fbeb032ecf2b71352 version=2 47596 - ::1 Mozilla/5.0+(Windows+NT+10.0;+Win64;+x64)+AppleWebKit/537.36+(KHTML,+like+Gecko)+Chrome/60.0.3112.113+Safari/537.36 http://localhost:47596/Home/Index 200 0 0 13
2017-09-08 13:02:24 ::1 GET /Home/Index - 47596 - ::1 Mozilla/5.0+(Windows+NT+10.0;+Win64;+x64)+AppleWebKit/537.36+(KHTML,+like+Gecko)+Chrome/60.0.3112.113+Safari/537.36 - 200 0 0 68
2017-09-08 13:02:24 ::1 GET /Content/site.css - 47596 - ::1 Mozilla/5.0+(Windows+NT+10.0;+Win64;+x64)+AppleWebKit/537.36+(KHTML,+like+Gecko)+Chrome/60.0.3112.113+Safari/537.36 http://localhost:47596/Home/Index 200 0 0 35
2017-09-08 13:02:24 ::1 GET /Scripts/jquery-1.8.2.min.js - 47596 - ::1 Mozilla/5.0+(Windows+NT+10.0;+Win64;+x64)+AppleWebKit/537.36+(KHTML,+like+Gecko)+Chrome/60.0.3112.113+Safari/537.36 http://localhost:47596/Home/Index 200 0 0 38
2017-09-08 13:02:24 ::1 GET /Content/jquery.fancybox.css - 47596 - ::1 Mozilla/5.0+(Windows+NT+10.0;+Win64;+x64)+AppleWebKit/537.36+(KHTML,+like+Gecko)+Chrome/60.0.3112.113+Safari/537.36 http://localhost:47596/Home/Index 200 0 0 42
2017-09-08 13:02:24 ::1 GET /Scripts/modernizr-2.6.2.js - 47596 - ::1 Mozilla/5.0+(Windows+NT+10.0;+Win64;+x64)+AppleWebKit/537.36+(KHTML,+like+Gecko)+Chrome/60.0.3112.113+Safari/537.36 http://localhost:47596/Home/Index 200 0 0 134
2017-09-08 13:02:24 ::1 GET /Scripts/jquery.mousewheel-3.0.6.pack.js - 47596 - ::1 Mozilla/5.0+(Windows+NT+10.0;+Win64;+x64)+AppleWebKit/537.36+(KHTML,+like+Gecko)+Chrome/60.0.3112.113+Safari/537.36 http://localhost:47596/Home/Index 200 0 0 93
2017-09-08 13:02:24 ::1 GET /Scripts/jquery.fancybox.js - 47596 - ::1 Mozilla/5.0+(Windows+NT+10.0;+Win64;+x64)+AppleWebKit/537.36+(KHTML,+like+Gecko)+Chrome/60.0.3112.113+Safari/537.36 http://localhost:47596/Home/Index 200 0 0 141
2017-09-08 13:02:24 ::1 GET /Scripts/jquery.qtip.min.css - 47596 - ::1 Mozilla/5.0+(Windows+NT+10.0;+Win64;+x64)+AppleWebKit/537.36+(KHTML,+like+Gecko)+Chrome/60.0.3112.113+Safari/537.36 http://localhost:47596/Home/Index 200 0 0 19
2017-09-08 13:02:24 ::1 GET /Scripts/jquery.twbsPagination.js - 47596 - ::1 Mozilla/5.0+(Windows+NT+10.0;+Win64;+x64)+AppleWebKit/537.36+(KHTML,+like+Gecko)+Chrome/60.0.3112.113+Safari/537.36 http://localhost:47596/Home/Index 200 0 0 26
2017-09-08 13:02:24 ::1 GET /Scripts/jquery.imgcheckbox.js - 47596 - ::1 Mozilla/5.0+(Windows+NT+10.0;+Win64;+x64)+AppleWebKit/537.36+(KHTML,+like+Gecko)+Chrome/60.0.3112.113+Safari/537.36 http://localhost:47596/Home/Index 200 0 0 20
2017-09-08 13:02:24 ::1 GET /Scripts/jQueryRotate.js - 47596 - ::1 Mozilla/5.0+(Windows+NT+10.0;+Win64;+x64)+AppleWebKit/537.36+(KHTML,+like+Gecko)+Chrome/60.0.3112.113+Safari/537.36 http://localhost:47596/Home/Index 200 0 0 61
2017-09-08 13:02:24 ::1 GET /Content/bootstrap.css - 47596 - ::1 Mozilla/5.0+(Windows+NT+10.0;+Win64;+x64)+AppleWebKit/537.36+(KHTML,+like+Gecko)+Chrome/60.0.3112.113+Safari/537.36 http://localhost:47596/Home/Index 200 0 0 288
2017-09-08 13:02:24 ::1 GET /Scripts/jquery.fancybox.css - 47596 - ::1 Mozilla/5.0+(Windows+NT+10.0;+Win64;+x64)+AppleWebKit/537.36+(KHTML,+like+Gecko)+Chrome/60.0.3112.113+Safari/537.36 http://localhost:47596/Home/Index 200 0 0 111
2017-09-08 13:02:24 ::1 GET /Scripts/jquery.qtip.min.js - 47596 - ::1 Mozilla/5.0+(Windows+NT+10.0;+Win64;+x64)+AppleWebKit/537.36+(KHTML,+like+Gecko)+Chrome/60.0.3112.113+Safari/537.36 http://localhost:47596/Home/Index 200 0 0 105
2017-09-08 13:02:24 ::1 GET /Scripts/bootstrap.js - 47596 - ::1 Mozilla/5.0+(Windows+NT+10.0;+Win64;+x64)+AppleWebKit/537.36+(KHTML,+like+Gecko)+Chrome/60.0.3112.113+Safari/537.36 http://localhost:47596/Home/Index 200 0 0 19
2017-09-08 13:02:24 ::1 GET /Upload_Files/2017-09-06+(2).png - 47596 - ::1 Mozilla/5.0+(Windows+NT+10.0;+Win64;+x64)+AppleWebKit/537.36+(KHTML,+like+Gecko)+Chrome/60.0.3112.113+Safari/537.36 http://localhost:47596/Home/Index 200 0 0 31
2017-09-08 13:02:24 ::1 GET /Scripts/respond.js - 47596 - ::1 Mozilla/5.0+(Windows+NT+10.0;+Win64;+x64)+AppleWebKit/537.36+(KHTML,+like+Gecko)+Chrome/60.0.3112.113+Safari/537.36 http://localhost:47596/Home/Index 200 0 0 36
2017-09-08 13:02:24 ::1 GET /Upload_Files/2017-09-06+(1).png - 47596 - ::1 Mozilla/5.0+(Windows+NT+10.0;+Win64;+x64)+AppleWebKit/537.36+(KHTML,+like+Gecko)+Chrome/60.0.3112.113+Safari/537.36 http://localhost:47596/Home/Index 200 0 0 70
2017-09-08 13:02:24 ::1 GET /Upload_Files/2017-09-06.png - 47596 - ::1 Mozilla/5.0+(Windows+NT+10.0;+Win64;+x64)+AppleWebKit/537.36+(KHTML,+like+Gecko)+Chrome/60.0.3112.113+Safari/537.36 http://localhost:47596/Home/Index 200 0 0 96
2017-09-08 13:02:24 ::1 GET /Upload_Files/2017-09-06+(3).png - 47596 - ::1 Mozilla/5.0+(Windows+NT+10.0;+Win64;+x64)+AppleWebKit/537.36+(KHTML,+like+Gecko)+Chrome/60.0.3112.113+Safari/537.36 http://localhost:47596/Home/Index 200 0 0 136
2017-09-08 13:02:24 ::1 GET /Upload_Files/Photo+Aug+11,+12+25+31+PM.png - 47596 - ::1 Mozilla/5.0+(Windows+NT+10.0;+Win64;+x64)+AppleWebKit/537.36+(KHTML,+like+Gecko)+Chrome/60.0.3112.113+Safari/537.36 http://localhost:47596/Home/Index 200 0 0 153
2017-09-08 13:02:24 ::1 GET /Upload_Files/Photo+Aug+31,+1+19+08+PM.png - 47596 - ::1 Mozilla/5.0+(Windows+NT+10.0;+Win64;+x64)+AppleWebKit/537.36+(KHTML,+like+Gecko)+Chrome/60.0.3112.113+Safari/537.36 http://localhost:47596/Home/Index 200 0 0 145
2017-09-08 13:02:25 ::1 GET /Upload_Files/Photo+Aug+10,+10+28+12+AM+(2).jpg - 47596 - ::1 Mozilla/5.0+(Windows+NT+10.0;+Win64;+x64)+AppleWebKit/537.36+(KHTML,+like+Gecko)+Chrome/60.0.3112.113+Safari/537.36 http://localhost:47596/Home/Index 200 0 0 993
2017-09-08 13:02:25 ::1 GET /Upload_Files/Photo+Aug+10,+10+28+12+AM+(1).jpg - 47596 - ::1 Mozilla/5.0+(Windows+NT+10.0;+Win64;+x64)+AppleWebKit/537.36+(KHTML,+like+Gecko)+Chrome/60.0.3112.113+Safari/537.36 http://localhost:47596/Home/Index 200 0 0 1004
2017-09-08 13:02:25 ::1 GET /Upload_Files/Photo+Aug+10,+7+23+04+PM.jpg - 47596 - ::1 Mozilla/5.0+(Windows+NT+10.0;+Win64;+x64)+AppleWebKit/537.36+(KHTML,+like+Gecko)+Chrome/60.0.3112.113+Safari/537.36 http://localhost:47596/Home/Index 200 0 0 1018
2017-09-08 13:02:25 ::1 GET /Upload_Files/Photo+Aug+10,+10+28+12+AM.jpg - 47596 - ::1 Mozilla/5.0+(Windows+NT+10.0;+Win64;+x64)+AppleWebKit/537.36+(KHTML,+like+Gecko)+Chrome/60.0.3112.113+Safari/537.36 http://localhost:47596/Home/Index 200 0 0 1177
2017-09-08 13:02:25 ::1 GET /Upload_Files/Photo+Aug+09,+3+17+15+PM.jpg - 47596 - ::1 Mozilla/5.0+(Windows+NT+10.0;+Win64;+x64)+AppleWebKit/537.36+(KHTML,+like+Gecko)+Chrome/60.0.3112.113+Safari/537.36 http://localhost:47596/Home/Index 200 0 0 1266
2017-09-08 13:02:25 ::1 GET /Upload_Files/Photo+Jul+28,+3+16+26+PM.jpg - 47596 - ::1 Mozilla/5.0+(Windows+NT+10.0;+Win64;+x64)+AppleWebKit/537.36+(KHTML,+like+Gecko)+Chrome/60.0.3112.113+Safari/537.36 http://localhost:47596/Home/Index 200 0 0 851
2017-09-08 13:02:27 ::1 GET /favicon.ico - 47596 - ::1 Mozilla/5.0+(Windows+NT+10.0;+Win64;+x64)+AppleWebKit/537.36+(KHTML,+like+Gecko)+Chrome/60.0.3112.113+Safari/537.36 http://localhost:47596/Home/Index 200 0 0 23
2017-09-08 13:02:27 ::1 GET /__browserLink/requestData/0e2594b8f77449298c275c8b0cb87b22 version=2 47596 - ::1 Mozilla/5.0+(Windows+NT+10.0;+Win64;+x64)+AppleWebKit/537.36+(KHTML,+like+Gecko)+Chrome/60.0.3112.113+Safari/537.36 http://localhost:47596/Home/Index 200 0 0 20
2017-09-08 13:03:09 ::1 GET /Home/Index - 47596 - ::1 Mozilla/5.0+(Windows+NT+10.0;+Win64;+x64)+AppleWebKit/537.36+(KHTML,+like+Gecko)+Chrome/60.0.3112.113+Safari/537.36 - 200 0 0 26
2017-09-08 13:03:09 ::1 GET /Scripts/modernizr-2.6.2.js - 47596 - ::1 Mozilla/5.0+(Windows+NT+10.0;+Win64;+x64)+AppleWebKit/537.36+(KHTML,+like+Gecko)+Chrome/60.0.3112.113+Safari/537.36 http://localhost:47596/Home/Index 200 0 0 74
2017-09-08 13:03:09 ::1 GET /Scripts/jquery.mousewheel-3.0.6.pack.js - 47596 - ::1 Mozilla/5.0+(Windows+NT+10.0;+Win64;+x64)+AppleWebKit/537.36+(KHTML,+like+Gecko)+Chrome/60.0.3112.113+Safari/537.36 http://localhost:47596/Home/Index 200 0 0 83
2017-09-08 13:03:09 ::1 GET /Scripts/jquery-1.8.2.min.js - 47596 - ::1 Mozilla/5.0+(Windows+NT+10.0;+Win64;+x64)+AppleWebKit/537.36+(KHTML,+like+Gecko)+Chrome/60.0.3112.113+Safari/537.36 http://localhost:47596/Home/Index 200 0 0 116
2017-09-08 13:03:09 ::1 GET /Content/jquery.fancybox.css - 47596 - ::1 Mozilla/5.0+(Windows+NT+10.0;+Win64;+x64)+AppleWebKit/537.36+(KHTML,+like+Gecko)+Chrome/60.0.3112.113+Safari/537.36 http://localhost:47596/Home/Index 200 0 0 50
2017-09-08 13:03:09 ::1 GET /Scripts/jquery.fancybox.js - 47596 - ::1 Mozilla/5.0+(Windows+NT+10.0;+Win64;+x64)+AppleWebKit/537.36+(KHTML,+like+Gecko)+Chrome/60.0.3112.113+Safari/537.36 http://localhost:47596/Home/Index 200 0 0 145
2017-09-08 13:03:09 ::1 GET /Scripts/jQueryRotate.js - 47596 - ::1 Mozilla/5.0+(Windows+NT+10.0;+Win64;+x64)+AppleWebKit/537.36+(KHTML,+like+Gecko)+Chrome/60.0.3112.113+Safari/537.36 http://localhost:47596/Home/Index 200 0 0 48
2017-09-08 13:03:09 ::1 GET /Scripts/jquery.twbsPagination.js - 47596 - ::1 Mozilla/5.0+(Windows+NT+10.0;+Win64;+x64)+AppleWebKit/537.36+(KHTML,+like+Gecko)+Chrome/60.0.3112.113+Safari/537.36 http://localhost:47596/Home/Index 200 0 0 26
2017-09-08 13:03:09 ::1 GET /Scripts/jquery.qtip.min.css - 47596 - ::1 Mozilla/5.0+(Windows+NT+10.0;+Win64;+x64)+AppleWebKit/537.36+(KHTML,+like+Gecko)+Chrome/60.0.3112.113+Safari/537.36 http://localhost:47596/Home/Index 200 0 0 74
2017-09-08 13:03:09 ::1 GET /Scripts/jquery.imgcheckbox.js - 47596 - ::1 Mozilla/5.0+(Windows+NT+10.0;+Win64;+x64)+AppleWebKit/537.36+(KHTML,+like+Gecko)+Chrome/60.0.3112.113+Safari/537.36 http://localhost:47596/Home/Index 200 0 0 21
2017-09-08 13:03:09 ::1 GET /Content/site.css - 47596 - ::1 Mozilla/5.0+(Windows+NT+10.0;+Win64;+x64)+AppleWebKit/537.36+(KHTML,+like+Gecko)+Chrome/60.0.3112.113+Safari/537.36 http://localhost:47596/Home/Index 200 0 0 218
2017-09-08 13:03:09 ::1 GET /Scripts/jquery.qtip.min.js - 47596 - ::1 Mozilla/5.0+(Windows+NT+10.0;+Win64;+x64)+AppleWebKit/537.36+(KHTML,+like+Gecko)+Chrome/60.0.3112.113+Safari/537.36 http://localhost:47596/Home/Index 200 0 0 48
2017-09-08 13:03:09 ::1 GET /Scripts/jquery.fancybox.css - 47596 - ::1 Mozilla/5.0+(Windows+NT+10.0;+Win64;+x64)+AppleWebKit/537.36+(KHTML,+like+Gecko)+Chrome/60.0.3112.113+Safari/537.36 http://localhost:47596/Home/Index 200 0 0 162
2017-09-08 13:03:09 ::1 GET /Scripts/bootstrap.js - 47596 - ::1 Mozilla/5.0+(Windows+NT+10.0;+Win64;+x64)+AppleWebKit/537.36+(KHTML,+like+Gecko)+Chrome/60.0.3112.113+Safari/537.36 http://localhost:47596/Home/Index 200 0 0 28
2017-09-08 13:03:09 ::1 GET /Scripts/respond.js - 47596 - ::1 Mozilla/5.0+(Windows+NT+10.0;+Win64;+x64)+AppleWebKit/537.36+(KHTML,+like+Gecko)+Chrome/60.0.3112.113+Safari/537.36 http://localhost:47596/Home/Index 200 0 0 23
2017-09-08 13:03:09 ::1 GET /Content/bootstrap.css - 47596 - ::1 Mozilla/5.0+(Windows+NT+10.0;+Win64;+x64)+AppleWebKit/537.36+(KHTML,+like+Gecko)+Chrome/60.0.3112.113+Safari/537.36 http://localhost:47596/Home/Index 200 0 0 395
2017-09-08 13:03:09 ::1 GET /Upload_Files/2017-09-06+(1).png - 47596 - ::1 Mozilla/5.0+(Windows+NT+10.0;+Win64;+x64)+AppleWebKit/537.36+(KHTML,+like+Gecko)+Chrome/60.0.3112.113+Safari/537.36 http://localhost:47596/Home/Index 200 0 0 7
2017-09-08 13:03:09 ::1 GET /Upload_Files/2017-09-06+(2).png - 47596 - ::1 Mozilla/5.0+(Windows+NT+10.0;+Win64;+x64)+AppleWebKit/537.36+(KHTML,+like+Gecko)+Chrome/60.0.3112.113+Safari/537.36 http://localhost:47596/Home/Index 200 0 0 5
2017-09-08 13:03:09 ::1 GET /Upload_Files/98201784251AM_98201784251AM.png - 47596 - ::1 Mozilla/5.0+(Windows+NT+10.0;+Win64;+x64)+AppleWebKit/537.36+(KHTML,+like+Gecko)+Chrome/60.0.3112.113+Safari/537.36 http://localhost:47596/Home/Index 200 0 0 15
2017-09-08 13:03:09 ::1 GET /Upload_Files/2017-09-06.png - 47596 - ::1 Mozilla/5.0+(Windows+NT+10.0;+Win64;+x64)+AppleWebKit/537.36+(KHTML,+like+Gecko)+Chrome/60.0.3112.113+Safari/537.36 http://localhost:47596/Home/Index 200 0 0 21
2017-09-08 13:03:09 ::1 GET /Upload_Files/2017-09-06+(3).png - 47596 - ::1 Mozilla/5.0+(Windows+NT+10.0;+Win64;+x64)+AppleWebKit/537.36+(KHTML,+like+Gecko)+Chrome/60.0.3112.113+Safari/537.36 http://localhost:47596/Home/Index 200 0 0 134
2017-09-08 13:03:09 ::1 GET /Upload_Files/Photo+Aug+31,+1+19+08+PM.png - 47596 - ::1 Mozilla/5.0+(Windows+NT+10.0;+Win64;+x64)+AppleWebKit/537.36+(KHTML,+like+Gecko)+Chrome/60.0.3112.113+Safari/537.36 http://localhost:47596/Home/Index 200 0 0 305
2017-09-08 13:03:11 ::1 GET /Upload_Files/Photo+Aug+10,+10+28+12+AM+(1).jpg - 47596 - ::1 Mozilla/5.0+(Windows+NT+10.0;+Win64;+x64)+AppleWebKit/537.36+(KHTML,+like+Gecko)+Chrome/60.0.3112.113+Safari/537.36 http://localhost:47596/Home/Index 200 0 0 1067
2017-09-08 13:03:11 ::1 GET /Upload_Files/Photo+Aug+10,+7+23+04+PM.jpg - 47596 - ::1 Mozilla/5.0+(Windows+NT+10.0;+Win64;+x64)+AppleWebKit/537.36+(KHTML,+like+Gecko)+Chrome/60.0.3112.113+Safari/537.36 http://localhost:47596/Home/Index 200 0 0 1027
2017-09-08 13:03:11 ::1 GET /Upload_Files/Photo+Aug+10,+10+28+12+AM+(2).jpg - 47596 - ::1 Mozilla/5.0+(Windows+NT+10.0;+Win64;+x64)+AppleWebKit/537.36+(KHTML,+like+Gecko)+Chrome/60.0.3112.113+Safari/537.36 http://localhost:47596/Home/Index 200 0 0 1119
2017-09-08 13:03:11 ::1 GET /Upload_Files/Photo+Aug+11,+12+25+31+PM.png - 47596 - ::1 Mozilla/5.0+(Windows+NT+10.0;+Win64;+x64)+AppleWebKit/537.36+(KHTML,+like+Gecko)+Chrome/60.0.3112.113+Safari/537.36 http://localhost:47596/Home/Index 200 0 0 121
2017-09-08 13:03:11 ::1 GET /Upload_Files/Photo+Aug+10,+10+28+12+AM.jpg - 47596 - ::1 Mozilla/5.0+(Windows+NT+10.0;+Win64;+x64)+AppleWebKit/537.36+(KHTML,+like+Gecko)+Chrome/60.0.3112.113+Safari/537.36 http://localhost:47596/Home/Index 200 0 0 1299
2017-09-08 13:03:11 ::1 GET /Upload_Files/Photo+Aug+09,+3+17+15+PM.jpg - 47596 - ::1 Mozilla/5.0+(Windows+NT+10.0;+Win64;+x64)+AppleWebKit/537.36+(KHTML,+like+Gecko)+Chrome/60.0.3112.113+Safari/537.36 http://localhost:47596/Home/Index 200 0 0 1394
2017-09-08 13:03:11 ::1 GET /Upload_Files/Photo+Jul+28,+3+16+26+PM.jpg - 47596 - ::1 Mozilla/5.0+(Windows+NT+10.0;+Win64;+x64)+AppleWebKit/537.36+(KHTML,+like+Gecko)+Chrome/60.0.3112.113+Safari/537.36 http://localhost:47596/Home/Index 200 0 0 323
2017-09-08 13:03:12 ::1 GET /favicon.ico - 47596 - ::1 Mozilla/5.0+(Windows+NT+10.0;+Win64;+x64)+AppleWebKit/537.36+(KHTML,+like+Gecko)+Chrome/60.0.3112.113+Safari/537.36 http://localhost:47596/Home/Index 200 0 0 46
2017-09-08 13:03:12 ::1 GET /__browserLink/requestData/696bf66a0b1d42ccbc36a9081fbbae86 version=2 47596 - ::1 Mozilla/5.0+(Windows+NT+10.0;+Win64;+x64)+AppleWebKit/537.36+(KHTML,+like+Gecko)+Chrome/60.0.3112.113+Safari/537.36 http://localhost:47596/Home/Index 200 0 0 11
2017-09-08 13:03:25 ::1 HEAD /Upload_Files/98201784251AM_98201784251AM.pdf - 47596 - ::1 Mozilla/5.0+(Windows+NT+10.0;+Win64;+x64)+AppleWebKit/537.36+(KHTML,+like+Gecko)+Chrome/60.0.3112.113+Safari/537.36 http://localhost:47596/Home/Index 404 0 2 1
2017-09-08 13:03:25 ::1 HEAD /Upload_Files/2017-09-06.pdf - 47596 - ::1 Mozilla/5.0+(Windows+NT+10.0;+Win64;+x64)+AppleWebKit/537.36+(KHTML,+like+Gecko)+Chrome/60.0.3112.113+Safari/537.36 http://localhost:47596/Home/Index 404 0 2 1
2017-09-08 13:03:34 ::1 HEAD /Upload_Files/Photo+Aug+11,+12+25+31+PM.pdf - 47596 - ::1 Mozilla/5.0+(Windows+NT+10.0;+Win64;+x64)+AppleWebKit/537.36+(KHTML,+like+Gecko)+Chrome/60.0.3112.113+Safari/537.36 http://localhost:47596/Home/Index 404 0 2 1
2017-09-08 13:03:34 ::1 HEAD /Upload_Files/Photo+Aug+31,+1+19+08+PM.pdf - 47596 - ::1 Mozilla/5.0+(Windows+NT+10.0;+Win64;+x64)+AppleWebKit/537.36+(KHTML,+like+Gecko)+Chrome/60.0.3112.113+Safari/537.36 http://localhost:47596/Home/Index 404 0 2 5
2017-09-08 13:03:39 ::1 HEAD /Upload_Files/Photo+Aug+11,+12+25+31+PM.pdf - 47596 - ::1 Mozilla/5.0+(Windows+NT+10.0;+Win64;+x64)+AppleWebKit/537.36+(KHTML,+like+Gecko)+Chrome/60.0.3112.113+Safari/537.36 http://localhost:47596/Home/Index 404 0 2 0
2017-09-08 13:03:52 ::1 HEAD /Upload_Files/Photo+Aug+11,+12+25+31+PM.pdf - 47596 - ::1 Mozilla/5.0+(Windows+NT+10.0;+Win64;+x64)+AppleWebKit/537.36+(KHTML,+like+Gecko)+Chrome/60.0.3112.113+Safari/537.36 http://localhost:47596/Home/Index 404 0 2 1
2017-09-08 13:03:59 ::1 HEAD /Upload_Files/98201784251AM_98201784251AM.pdf - 47596 - ::1 Mozilla/5.0+(Windows+NT+10.0;+Win64;+x64)+AppleWebKit/537.36+(KHTML,+like+Gecko)+Chrome/60.0.3112.113+Safari/537.36 http://localhost:47596/Home/Index 404 0 2 1
2017-09-08 13:03:59 ::1 HEAD /Upload_Files/2017-09-06.pdf - 47596 - ::1 Mozilla/5.0+(Windows+NT+10.0;+Win64;+x64)+AppleWebKit/537.36+(KHTML,+like+Gecko)+Chrome/60.0.3112.113+Safari/537.36 http://localhost:47596/Home/Index 404 0 2 4
2017-09-08 13:04:06 ::1 HEAD /Upload_Files/2017-09-06+(3).pdf - 47596 - ::1 Mozilla/5.0+(Windows+NT+10.0;+Win64;+x64)+AppleWebKit/537.36+(KHTML,+like+Gecko)+Chrome/60.0.3112.113+Safari/537.36 http://localhost:47596/Home/Index 404 0 2 2
#Software: Microsoft Internet Information Services 8.0
#Version: 1.0
#Date: 2017-09-08 13:54:35
#Fields: date time s-ip cs-method cs-uri-stem cs-uri-query s-port cs-username c-ip cs(User-Agent) cs(Referer) sc-status sc-substatus sc-win32-status time-taken
2017-09-08 13:54:35 ::1 GET /Home/Index - 47596 - ::1 Mozilla/5.0+(Windows+NT+10.0;+Win64;+x64)+AppleWebKit/537.36+(KHTML,+like+Gecko)+Chrome/60.0.3112.113+Safari/537.36 - 200 0 0 38
2017-09-08 13:54:35 ::1 GET /Upload_Files/2017-09-06(1).png - 47596 - ::1 Mozilla/5.0+(Windows+NT+10.0;+Win64;+x64)+AppleWebKit/537.36+(KHTML,+like+Gecko)+Chrome/60.0.3112.113+Safari/537.36 http://localhost:47596/Home/Index 200 0 0 35
2017-09-08 13:54:35 ::1 GET /Upload_Files/98201784251AM_98201784251AM.png - 47596 - ::1 Mozilla/5.0+(Windows+NT+10.0;+Win64;+x64)+AppleWebKit/537.36+(KHTML,+like+Gecko)+Chrome/60.0.3112.113+Safari/537.36 http://localhost:47596/Home/Index 304 0 0 5
2017-09-08 13:54:35 ::1 GET /Upload_Files/98201793914AM_98201793914AM.png - 47596 - ::1 Mozilla/5.0+(Windows+NT+10.0;+Win64;+x64)+AppleWebKit/537.36+(KHTML,+like+Gecko)+Chrome/60.0.3112.113+Safari/537.36 http://localhost:47596/Home/Index 200 0 0 30
2017-09-08 13:54:35 ::1 GET /Upload_Files/Photo+Aug+31,+1+19+08+PM.png - 47596 - ::1 Mozilla/5.0+(Windows+NT+10.0;+Win64;+x64)+AppleWebKit/537.36+(KHTML,+like+Gecko)+Chrome/60.0.3112.113+Safari/537.36 http://localhost:47596/Home/Index 200 0 0 168
2017-09-08 13:54:35 ::1 GET /__browserLink/requestData/d1ef8d35241646e7810263e57261dea0 version=2 47596 - ::1 Mozilla/5.0+(Windows+NT+10.0;+Win64;+x64)+AppleWebKit/537.36+(KHTML,+like+Gecko)+Chrome/60.0.3112.113+Safari/537.36 http://localhost:47596/Home/Index 200 0 0 7
2017-09-08 13:54:45 ::1 HEAD /Upload_Files/2017-09-06(1).pdf - 47596 - ::1 Mozilla/5.0+(Windows+NT+10.0;+Win64;+x64)+AppleWebKit/537.36+(KHTML,+like+Gecko)+Chrome/60.0.3112.113+Safari/537.36 http://localhost:47596/Home/Index 404 0 2 5
2017-09-08 13:54:45 ::1 HEAD /Upload_Files/98201784251AM_98201784251AM.pdf - 47596 - ::1 Mozilla/5.0+(Windows+NT+10.0;+Win64;+x64)+AppleWebKit/537.36+(KHTML,+like+Gecko)+Chrome/60.0.3112.113+Safari/537.36 http://localhost:47596/Home/Index 404 0 2 6
2017-09-08 13:54:48 ::1 HEAD /Upload_Files/98201793914AM_98201793914AM.pdf - 47596 - ::1 Mozilla/5.0+(Windows+NT+10.0;+Win64;+x64)+AppleWebKit/537.36+(KHTML,+like+Gecko)+Chrome/60.0.3112.113+Safari/537.36 http://localhost:47596/Home/Index 404 0 2 1
2017-09-08 13:54:48 ::1 HEAD /Upload_Files/Photo+Aug+31,+1+19+08+PM.pdf - 47596 - ::1 Mozilla/5.0+(Windows+NT+10.0;+Win64;+x64)+AppleWebKit/537.36+(KHTML,+like+Gecko)+Chrome/60.0.3112.113+Safari/537.36 http://localhost:47596/Home/Index 404 0 2 1
2017-09-08 13:54:52 ::1 HEAD /Upload_Files/2017-09-06(1).pdf - 47596 - ::1 Mozilla/5.0+(Windows+NT+10.0;+Win64;+x64)+AppleWebKit/537.36+(KHTML,+like+Gecko)+Chrome/60.0.3112.113+Safari/537.36 http://localhost:47596/Home/Index 404 0 2 2
2017-09-08 13:58:45 ::1 HEAD /Upload_Files/Photo+Aug+31,+1+19+08+PM.pdf - 47596 - ::1 Mozilla/5.0+(Windows+NT+10.0;+Win64;+x64)+AppleWebKit/537.36+(KHTML,+like+Gecko)+Chrome/60.0.3112.113+Safari/537.36 http://localhost:47596/Home/Index 404 0 2 1
2017-09-08 13:58:45 ::1 HEAD /Upload_Files/98201793914AM_98201793914AM.pdf - 47596 - ::1 Mozilla/5.0+(Windows+NT+10.0;+Win64;+x64)+AppleWebKit/537.36+(KHTML,+like+Gecko)+Chrome/60.0.3112.113+Safari/537.36 http://localhost:47596/Home/Index 404 0 2 2
2017-09-08 13:58:50 ::1 HEAD /Upload_Files/2017-09-06(1).pdf - 47596 - ::1 Mozilla/5.0+(Windows+NT+10.0;+Win64;+x64)+AppleWebKit/537.36+(KHTML,+like+Gecko)+Chrome/60.0.3112.113+Safari/537.36 http://localhost:47596/Home/Index 404 0 2 2
2017-09-08 13:58:50 ::1 HEAD /Upload_Files/98201784251AM_98201784251AM.pdf - 47596 - ::1 Mozilla/5.0+(Windows+NT+10.0;+Win64;+x64)+AppleWebKit/537.36+(KHTML,+like+Gecko)+Chrome/60.0.3112.113+Safari/537.36 http://localhost:47596/Home/Index 404 0 2 1
2017-09-08 13:58:55 ::1 HEAD /Upload_Files/98201793914AM_98201793914AM.pdf - 47596 - ::1 Mozilla/5.0+(Windows+NT+10.0;+Win64;+x64)+AppleWebKit/537.36+(KHTML,+like+Gecko)+Chrome/60.0.3112.113+Safari/537.36 http://localhost:47596/Home/Index 404 0 2 1
2017-09-08 13:58:55 ::1 HEAD /Upload_Files/Photo+Aug+31,+1+19+08+PM.pdf - 47596 - ::1 Mozilla/5.0+(Windows+NT+10.0;+Win64;+x64)+AppleWebKit/537.36+(KHTML,+like+Gecko)+Chrome/60.0.3112.113+Safari/537.36 http://localhost:47596/Home/Index 404 0 2 1
2017-09-08 13:59:03 ::1 HEAD /Upload_Files/2017-09-06(1).pdf - 47596 - ::1 Mozilla/5.0+(Windows+NT+10.0;+Win64;+x64)+AppleWebKit/537.36+(KHTML,+like+Gecko)+Chrome/60.0.3112.113+Safari/537.36 http://localhost:47596/Home/Index 404 0 2 1
2017-09-08 13:59:08 ::1 HEAD /Upload_Files/98201793914AM_98201793914AM.pdf - 47596 - ::1 Mozilla/5.0+(Windows+NT+10.0;+Win64;+x64)+AppleWebKit/537.36+(KHTML,+like+Gecko)+Chrome/60.0.3112.113+Safari/537.36 http://localhost:47596/Home/Index 404 0 2 1
2017-09-08 13:59:09 ::1 HEAD /Upload_Files/Photo+Aug+31,+1+19+08+PM.pdf - 47596 - ::1 Mozilla/5.0+(Windows+NT+10.0;+Win64;+x64)+AppleWebKit/537.36+(KHTML,+like+Gecko)+Chrome/60.0.3112.113+Safari/537.36 http://localhost:47596/Home/Index 404 0 2 0
2017-09-08 13:59:15 ::1 HEAD /Upload_Files/98201784251AM_98201784251AM.pdf - 47596 - ::1 Mozilla/5.0+(Windows+NT+10.0;+Win64;+x64)+AppleWebKit/537.36+(KHTML,+like+Gecko)+Chrome/60.0.3112.113+Safari/537.36 http://localhost:47596/Home/Index 404 0 2 2
2017-09-08 13:59:15 ::1 HEAD /Upload_Files/2017-09-06(1).pdf - 47596 - ::1 Mozilla/5.0+(Windows+NT+10.0;+Win64;+x64)+AppleWebKit/537.36+(KHTML,+like+Gecko)+Chrome/60.0.3112.113+Safari/537.36 http://localhost:47596/Home/Index 404 0 2 1
2017-09-08 13:59:19 ::1 HEAD /Upload_Files/98201793914AM_98201793914AM.pdf - 47596 - ::1 Mozilla/5.0+(Windows+NT+10.0;+Win64;+x64)+AppleWebKit/537.36+(KHTML,+like+Gecko)+Chrome/60.0.3112.113+Safari/537.36 http://localhost:47596/Home/Index 404 0 2 2
2017-09-08 13:59:19 ::1 HEAD /Upload_Files/Photo+Aug+31,+1+19+08+PM.pdf - 47596 - ::1 Mozilla/5.0+(Windows+NT+10.0;+Win64;+x64)+AppleWebKit/537.36+(KHTML,+like+Gecko)+Chrome/60.0.3112.113+Safari/537.36 http://localhost:47596/Home/Index 404 0 2 5
2017-09-08 14:04:24 ::1 GET /Home/Index - 47596 - ::1 Mozilla/5.0+(Windows+NT+10.0;+Win64;+x64)+AppleWebKit/537.36+(KHTML,+like+Gecko)+Chrome/60.0.3112.113+Safari/537.36 - 200 0 0 17
2017-09-08 14:04:24 ::1 GET /Upload_Files/2017-09-06(2).png - 47596 - ::1 Mozilla/5.0+(Windows+NT+10.0;+Win64;+x64)+AppleWebKit/537.36+(KHTML,+like+Gecko)+Chrome/60.0.3112.113+Safari/537.36 http://localhost:47596/Home/Index 200 0 0 31
2017-09-08 14:04:24 ::1 GET /Upload_Files/98201784251AM_98201784251AM.png - 47596 - ::1 Mozilla/5.0+(Windows+NT+10.0;+Win64;+x64)+AppleWebKit/537.36+(KHTML,+like+Gecko)+Chrome/60.0.3112.113+Safari/537.36 http://localhost:47596/Home/Index 304 0 0 11
2017-09-08 14:04:24 ::1 GET /Upload_Files/98201793914AM_98201793914AM.png - 47596 - ::1 Mozilla/5.0+(Windows+NT+10.0;+Win64;+x64)+AppleWebKit/537.36+(KHTML,+like+Gecko)+Chrome/60.0.3112.113+Safari/537.36 http://localhost:47596/Home/Index 304 0 0 9
2017-09-08 14:04:24 ::1 GET /Upload_Files/Photo+Aug+31,+1+19+08+PM.png - 47596 - ::1 Mozilla/5.0+(Windows+NT+10.0;+Win64;+x64)+AppleWebKit/537.36+(KHTML,+like+Gecko)+Chrome/60.0.3112.113+Safari/537.36 http://localhost:47596/Home/Index 304 0 0 25
2017-09-08 14:04:24 ::1 GET /favicon.ico - 47596 - ::1 Mozilla/5.0+(Windows+NT+10.0;+Win64;+x64)+AppleWebKit/537.36+(KHTML,+like+Gecko)+Chrome/60.0.3112.113+Safari/537.36 http://localhost:47596/Home/Index 200 0 0 21
2017-09-08 14:04:24 ::1 GET /__browserLink/requestData/deef718fec1644cbad7f24dcb2ecb623 version=2 47596 - ::1 Mozilla/5.0+(Windows+NT+10.0;+Win64;+x64)+AppleWebKit/537.36+(KHTML,+like+Gecko)+Chrome/60.0.3112.113+Safari/537.36 http://localhost:47596/Home/Index 200 0 0 7
2017-09-08 14:04:34 ::1 HEAD /Upload_Files/2017-09-06(2).pdf - 47596 - ::1 Mozilla/5.0+(Windows+NT+10.0;+Win64;+x64)+AppleWebKit/537.36+(KHTML,+like+Gecko)+Chrome/60.0.3112.113+Safari/537.36 http://localhost:47596/Home/Index 404 0 2 2
2017-09-08 14:04:34 ::1 HEAD /Upload_Files/98201784251AM_98201784251AM.pdf - 47596 - ::1 Mozilla/5.0+(Windows+NT+10.0;+Win64;+x64)+AppleWebKit/537.36+(KHTML,+like+Gecko)+Chrome/60.0.3112.113+Safari/537.36 http://localhost:47596/Home/Index 404 0 2 4
2017-09-08 14:04:34 ::1 HEAD /Upload_Files/2017-09-06(1).pdf - 47596 - ::1 Mozilla/5.0+(Windows+NT+10.0;+Win64;+x64)+AppleWebKit/537.36+(KHTML,+like+Gecko)+Chrome/60.0.3112.113+Safari/537.36 http://localhost:47596/Home/Index 404 0 2 7
2017-09-08 14:16:16 ::1 GET /Home/Index - 47596 - ::1 Mozilla/5.0+(Windows+NT+10.0;+Win64;+x64)+AppleWebKit/537.36+(KHTML,+like+Gecko)+Chrome/60.0.3112.113+Safari/537.36 - 200 0 0 18
2017-09-08 14:16:16 ::1 GET /Upload_Files/2017-09-06(1).png - 47596 - ::1 Mozilla/5.0+(Windows+NT+10.0;+Win64;+x64)+AppleWebKit/537.36+(KHTML,+like+Gecko)+Chrome/60.0.3112.113+Safari/537.36 http://localhost:47596/Home/Index 304 0 0 10
2017-09-08 14:16:16 ::1 GET /Upload_Files/98201784251AM_98201784251AM.png - 47596 - ::1 Mozilla/5.0+(Windows+NT+10.0;+Win64;+x64)+AppleWebKit/537.36+(KHTML,+like+Gecko)+Chrome/60.0.3112.113+Safari/537.36 http://localhost:47596/Home/Index 304 0 0 9
2017-09-08 14:16:16 ::1 GET /Upload_Files/98201793914AM_98201793914AM.png - 47596 - ::1 Mozilla/5.0+(Windows+NT+10.0;+Win64;+x64)+AppleWebKit/537.36+(KHTML,+like+Gecko)+Chrome/60.0.3112.113+Safari/537.36 http://localhost:47596/Home/Index 304 0 0 15
2017-09-08 14:16:16 ::1 GET /Upload_Files/Photo+Aug+31,+1+19+08+PM.png - 47596 - ::1 Mozilla/5.0+(Windows+NT+10.0;+Win64;+x64)+AppleWebKit/537.36+(KHTML,+like+Gecko)+Chrome/60.0.3112.113+Safari/537.36 http://localhost:47596/Home/Index 304 0 0 10
2017-09-08 14:16:16 ::1 GET /Upload_Files/98201795312AM_98201795312AM.png - 47596 - ::1 Mozilla/5.0+(Windows+NT+10.0;+Win64;+x64)+AppleWebKit/537.36+(KHTML,+like+Gecko)+Chrome/60.0.3112.113+Safari/537.36 http://localhost:47596/Home/Index 200 0 0 62
2017-09-08 14:16:16 ::1 GET /favicon.ico - 47596 - ::1 Mozilla/5.0+(Windows+NT+10.0;+Win64;+x64)+AppleWebKit/537.36+(KHTML,+like+Gecko)+Chrome/60.0.3112.113+Safari/537.36 http://localhost:47596/Home/Index 200 0 0 25
2017-09-08 14:16:16 ::1 GET /__browserLink/requestData/50419369f4b14dd49db7377c5dafd61b version=2 47596 - ::1 Mozilla/5.0+(Windows+NT+10.0;+Win64;+x64)+AppleWebKit/537.36+(KHTML,+like+Gecko)+Chrome/60.0.3112.113+Safari/537.36 http://localhost:47596/Home/Index 200 0 0 7
2017-09-08 14:16:19 ::1 HEAD /Upload_Files/2017-09-06(2).pdf - 47596 - ::1 Mozilla/5.0+(Windows+NT+10.0;+Win64;+x64)+AppleWebKit/537.36+(KHTML,+like+Gecko)+Chrome/60.0.3112.113+Safari/537.36 http://localhost:47596/Home/Index 404 0 2 2
2017-09-08 14:16:19 ::1 HEAD /Upload_Files/98201784251AM_98201784251AM.pdf - 47596 - ::1 Mozilla/5.0+(Windows+NT+10.0;+Win64;+x64)+AppleWebKit/537.36+(KHTML,+like+Gecko)+Chrome/60.0.3112.113+Safari/537.36 http://localhost:47596/Home/Index 404 0 2 3
2017-09-08 14:16:19 ::1 HEAD /Upload_Files/2017-09-06(1).pdf - 47596 - ::1 Mozilla/5.0+(Windows+NT+10.0;+Win64;+x64)+AppleWebKit/537.36+(KHTML,+like+Gecko)+Chrome/60.0.3112.113+Safari/537.36 http://localhost:47596/Home/Index 404 0 2 3
2017-09-08 14:16:24 ::1 HEAD /Upload_Files/98201795312AM_98201795312AM.pdf - 47596 - ::1 Mozilla/5.0+(Windows+NT+10.0;+Win64;+x64)+AppleWebKit/537.36+(KHTML,+like+Gecko)+Chrome/60.0.3112.113+Safari/537.36 http://localhost:47596/Home/Index 404 0 2 1
2017-09-08 14:16:24 ::1 HEAD /Upload_Files/Photo+Aug+31,+1+19+08+PM.pdf - 47596 - ::1 Mozilla/5.0+(Windows+NT+10.0;+Win64;+x64)+AppleWebKit/537.36+(KHTML,+like+Gecko)+Chrome/60.0.3112.113+Safari/537.36 http://localhost:47596/Home/Index 404 0 2 1
2017-09-08 14:16:24 ::1 HEAD /Upload_Files/98201793914AM_98201793914AM.pdf - 47596 - ::1 Mozilla/5.0+(Windows+NT+10.0;+Win64;+x64)+AppleWebKit/537.36+(KHTML,+like+Gecko)+Chrome/60.0.3112.113+Safari/537.36 http://localhost:47596/Home/Index 404 0 2 2
2017-09-08 14:16:26 ::1 HEAD /Upload_Files/2017-09-06(2).pdf - 47596 - ::1 Mozilla/5.0+(Windows+NT+10.0;+Win64;+x64)+AppleWebKit/537.36+(KHTML,+like+Gecko)+Chrome/60.0.3112.113+Safari/537.36 http://localhost:47596/Home/Index 404 0 2 1
2017-09-08 14:16:26 ::1 HEAD /Upload_Files/98201784251AM_98201784251AM.pdf - 47596 - ::1 Mozilla/5.0+(Windows+NT+10.0;+Win64;+x64)+AppleWebKit/537.36+(KHTML,+like+Gecko)+Chrome/60.0.3112.113+Safari/537.36 http://localhost:47596/Home/Index 404 0 2 9
2017-09-08 14:16:26 ::1 HEAD /Upload_Files/2017-09-06(1).pdf - 47596 - ::1 Mozilla/5.0+(Windows+NT+10.0;+Win64;+x64)+AppleWebKit/537.36+(KHTML,+like+Gecko)+Chrome/60.0.3112.113+Safari/537.36 http://localhost:47596/Home/Index 404 0 2 3
2017-09-08 14:16:30 ::1 HEAD /Upload_Files/98201795312AM_98201795312AM.pdf - 47596 - ::1 Mozilla/5.0+(Windows+NT+10.0;+Win64;+x64)+AppleWebKit/537.36+(KHTML,+like+Gecko)+Chrome/60.0.3112.113+Safari/537.36 http://localhost:47596/Home/Index 404 0 2 1
2017-09-08 14:16:30 ::1 HEAD /Upload_Files/Photo+Aug+31,+1+19+08+PM.pdf - 47596 - ::1 Mozilla/5.0+(Windows+NT+10.0;+Win64;+x64)+AppleWebKit/537.36+(KHTML,+like+Gecko)+Chrome/60.0.3112.113+Safari/537.36 http://localhost:47596/Home/Index 404 0 2 3
2017-09-08 14:16:30 ::1 HEAD /Upload_Files/98201793914AM_98201793914AM.pdf - 47596 - ::1 Mozilla/5.0+(Windows+NT+10.0;+Win64;+x64)+AppleWebKit/537.36+(KHTML,+like+Gecko)+Chrome/60.0.3112.113+Safari/537.36 http://localhost:47596/Home/Index 404 0 2 1
2017-09-08 14:28:03 ::1 GET /Home/Index - 47596 - ::1 Mozilla/5.0+(Windows+NT+10.0;+Win64;+x64)+AppleWebKit/537.36+(KHTML,+like+Gecko)+Chrome/60.0.3112.113+Safari/537.36 - 200 0 0 2645
2017-09-08 14:28:03 ::1 GET /Upload_Files/2017-09-06(2).png - 47596 - ::1 Mozilla/5.0+(Windows+NT+10.0;+Win64;+x64)+AppleWebKit/537.36+(KHTML,+like+Gecko)+Chrome/60.0.3112.113+Safari/537.36 http://localhost:47596/Home/Index 304 0 0 3
2017-09-08 14:28:03 ::1 GET /Upload_Files/98201784251AM_98201784251AM.png - 47596 - ::1 Mozilla/5.0+(Windows+NT+10.0;+Win64;+x64)+AppleWebKit/537.36+(KHTML,+like+Gecko)+Chrome/60.0.3112.113+Safari/537.36 http://localhost:47596/Home/Index 304 0 0 11
2017-09-08 14:28:03 ::1 GET /Upload_Files/98201793914AM_98201793914AM.png - 47596 - ::1 Mozilla/5.0+(Windows+NT+10.0;+Win64;+x64)+AppleWebKit/537.36+(KHTML,+like+Gecko)+Chrome/60.0.3112.113+Safari/537.36 http://localhost:47596/Home/Index 304 0 0 13
2017-09-08 14:28:03 ::1 GET /Upload_Files/98201795312AM_98201795312AM.png - 47596 - ::1 Mozilla/5.0+(Windows+NT+10.0;+Win64;+x64)+AppleWebKit/537.36+(KHTML,+like+Gecko)+Chrome/60.0.3112.113+Safari/537.36 http://localhost:47596/Home/Index 304 0 0 5
2017-09-08 14:28:03 ::1 GET /Upload_Files/Photo+Aug+31,+1+19+08+PM.png - 47596 - ::1 Mozilla/5.0+(Windows+NT+10.0;+Win64;+x64)+AppleWebKit/537.36+(KHTML,+like+Gecko)+Chrome/60.0.3112.113+Safari/537.36 http://localhost:47596/Home/Index 304 0 0 7
2017-09-08 14:28:03 ::1 GET /favicon.ico - 47596 - ::1 Mozilla/5.0+(Windows+NT+10.0;+Win64;+x64)+AppleWebKit/537.36+(KHTML,+like+Gecko)+Chrome/60.0.3112.113+Safari/537.36 http://localhost:47596/Home/Index 200 0 0 12
2017-09-08 14:28:03 ::1 GET /__browserLink/requestData/580bd52cc57343978073bb293a9b9208 version=2 47596 - ::1 Mozilla/5.0+(Windows+NT+10.0;+Win64;+x64)+AppleWebKit/537.36+(KHTML,+like+Gecko)+Chrome/60.0.3112.113+Safari/537.36 http://localhost:47596/Home/Index 200 0 0 7
2017-09-08 14:28:04 ::1 HEAD /Upload_Files/2017-09-06(2).pdf - 47596 - ::1 Mozilla/5.0+(Windows+NT+10.0;+Win64;+x64)+AppleWebKit/537.36+(KHTML,+like+Gecko)+Chrome/60.0.3112.113+Safari/537.36 http://localhost:47596/Home/Index 404 0 2 2
2017-09-08 14:28:04 ::1 HEAD /Upload_Files/2017-09-06(2).pdf - 47596 - ::1 Mozilla/5.0+(Windows+NT+10.0;+Win64;+x64)+AppleWebKit/537.36+(KHTML,+like+Gecko)+Chrome/60.0.3112.113+Safari/537.36 http://localhost:47596/Home/Index 404 0 2 2
2017-09-08 14:28:07 ::1 HEAD /Upload_Files/2017-09-06(2).pdf - 47596 - ::1 Mozilla/5.0+(Windows+NT+10.0;+Win64;+x64)+AppleWebKit/537.36+(KHTML,+like+Gecko)+Chrome/60.0.3112.113+Safari/537.36 http://localhost:47596/Home/Index 404 0 2 1
2017-09-08 14:28:07 ::1 HEAD /Upload_Files/2017-09-06(2).pdf - 47596 - ::1 Mozilla/5.0+(Windows+NT+10.0;+Win64;+x64)+AppleWebKit/537.36+(KHTML,+like+Gecko)+Chrome/60.0.3112.113+Safari/537.36 http://localhost:47596/Home/Index 404 0 2 0
2017-09-08 14:28:09 ::1 HEAD /Upload_Files/2017-09-06(2).pdf - 47596 - ::1 Mozilla/5.0+(Windows+NT+10.0;+Win64;+x64)+AppleWebKit/537.36+(KHTML,+like+Gecko)+Chrome/60.0.3112.113+Safari/537.36 http://localhost:47596/Home/Index 404 0 2 1
2017-09-08 14:28:09 ::1 HEAD /Upload_Files/2017-09-06(2).pdf - 47596 - ::1 Mozilla/5.0+(Windows+NT+10.0;+Win64;+x64)+AppleWebKit/537.36+(KHTML,+like+Gecko)+Chrome/60.0.3112.113+Safari/537.36 http://localhost:47596/Home/Index 404 0 2 0
#Software: Microsoft Internet Information Services 8.0
#Version: 1.0
#Date: 2017-09-08 16:25:33
#Fields: date time s-ip cs-method cs-uri-stem cs-uri-query s-port cs-username c-ip cs(User-Agent) cs(Referer) sc-status sc-substatus sc-win32-status time-taken
2017-09-08 16:25:33 ::1 GET /Home/Index - 47596 - ::1 Mozilla/5.0+(Windows+NT+10.0;+Win64;+x64)+AppleWebKit/537.36+(KHTML,+like+Gecko)+Chrome/60.0.3112.113+Safari/537.36 - 200 0 0 1141
2017-09-08 16:25:33 ::1 GET /Scripts/modernizr-2.6.2.js - 47596 - ::1 Mozilla/5.0+(Windows+NT+10.0;+Win64;+x64)+AppleWebKit/537.36+(KHTML,+like+Gecko)+Chrome/60.0.3112.113+Safari/537.36 http://localhost:47596/Home/Index 200 0 0 35
2017-09-08 16:25:33 ::1 GET /Scripts/jquery.mousewheel-3.0.6.pack.js - 47596 - ::1 Mozilla/5.0+(Windows+NT+10.0;+Win64;+x64)+AppleWebKit/537.36+(KHTML,+like+Gecko)+Chrome/60.0.3112.113+Safari/537.36 http://localhost:47596/Home/Index 200 0 0 66
2017-09-08 16:25:33 ::1 GET /Content/site.css - 47596 - ::1 Mozilla/5.0+(Windows+NT+10.0;+Win64;+x64)+AppleWebKit/537.36+(KHTML,+like+Gecko)+Chrome/60.0.3112.113+Safari/537.36 http://localhost:47596/Home/Index 200 0 0 67
2017-09-08 16:25:33 ::1 GET /Scripts/jquery-1.8.2.min.js - 47596 - ::1 Mozilla/5.0+(Windows+NT+10.0;+Win64;+x64)+AppleWebKit/537.36+(KHTML,+like+Gecko)+Chrome/60.0.3112.113+Safari/537.36 http://localhost:47596/Home/Index 200 0 0 80
2017-09-08 16:25:33 ::1 GET /Content/jquery.fancybox.css - 47596 - ::1 Mozilla/5.0+(Windows+NT+10.0;+Win64;+x64)+AppleWebKit/537.36+(KHTML,+like+Gecko)+Chrome/60.0.3112.113+Safari/537.36 http://localhost:47596/Home/Index 200 0 0 23
2017-09-08 16:25:33 ::1 GET /Scripts/jquery.qtip.min.css - 47596 - ::1 Mozilla/5.0+(Windows+NT+10.0;+Win64;+x64)+AppleWebKit/537.36+(KHTML,+like+Gecko)+Chrome/60.0.3112.113+Safari/537.36 http://localhost:47596/Home/Index 200 0 0 29
2017-09-08 16:25:33 ::1 GET /Scripts/jquery.fancybox.css - 47596 - ::1 Mozilla/5.0+(Windows+NT+10.0;+Win64;+x64)+AppleWebKit/537.36+(KHTML,+like+Gecko)+Chrome/60.0.3112.113+Safari/537.36 http://localhost:47596/Home/Index 200 0 0 56
2017-09-08 16:25:33 ::1 GET /Scripts/jquery.fancybox.js - 47596 - ::1 Mozilla/5.0+(Windows+NT+10.0;+Win64;+x64)+AppleWebKit/537.36+(KHTML,+like+Gecko)+Chrome/60.0.3112.113+Safari/537.36 http://localhost:47596/Home/Index 200 0 0 198
2017-09-08 16:25:33 ::1 GET /Content/bootstrap.css - 47596 - ::1 Mozilla/5.0+(Windows+NT+10.0;+Win64;+x64)+AppleWebKit/537.36+(KHTML,+like+Gecko)+Chrome/60.0.3112.113+Safari/537.36 http://localhost:47596/Home/Index 200 0 0 334
2017-09-08 16:25:33 ::1 GET /Scripts/jquery.twbsPagination.js - 47596 - ::1 Mozilla/5.0+(Windows+NT+10.0;+Win64;+x64)+AppleWebKit/537.36+(KHTML,+like+Gecko)+Chrome/60.0.3112.113+Safari/537.36 http://localhost:47596/Home/Index 200 0 0 162
2017-09-08 16:25:33 ::1 GET /Scripts/jQueryRotate.js - 47596 - ::1 Mozilla/5.0+(Windows+NT+10.0;+Win64;+x64)+AppleWebKit/537.36+(KHTML,+like+Gecko)+Chrome/60.0.3112.113+Safari/537.36 http://localhost:47596/Home/Index 200 0 0 164
2017-09-08 16:25:33 ::1 GET /Scripts/jquery.imgcheckbox.js - 47596 - ::1 Mozilla/5.0+(Windows+NT+10.0;+Win64;+x64)+AppleWebKit/537.36+(KHTML,+like+Gecko)+Chrome/60.0.3112.113+Safari/537.36 http://localhost:47596/Home/Index 200 0 0 175
2017-09-08 16:25:33 ::1 GET /Scripts/jquery.qtip.min.js - 47596 - ::1 Mozilla/5.0+(Windows+NT+10.0;+Win64;+x64)+AppleWebKit/537.36+(KHTML,+like+Gecko)+Chrome/60.0.3112.113+Safari/537.36 http://localhost:47596/Home/Index 200 0 0 204
2017-09-08 16:25:33 ::1 GET /Scripts/bootstrap.js - 47596 - ::1 Mozilla/5.0+(Windows+NT+10.0;+Win64;+x64)+AppleWebKit/537.36+(KHTML,+like+Gecko)+Chrome/60.0.3112.113+Safari/537.36 http://localhost:47596/Home/Index 200 0 0 52
2017-09-08 16:25:33 ::1 GET /Upload_Files/2017-09-06(1).png - 47596 - ::1 Mozilla/5.0+(Windows+NT+10.0;+Win64;+x64)+AppleWebKit/537.36+(KHTML,+like+Gecko)+Chrome/60.0.3112.113+Safari/537.36 http://localhost:47596/Home/Index 200 0 0 49
2017-09-08 16:25:33 ::1 GET /Upload_Files/2017-09-06(2).png - 47596 - ::1 Mozilla/5.0+(Windows+NT+10.0;+Win64;+x64)+AppleWebKit/537.36+(KHTML,+like+Gecko)+Chrome/60.0.3112.113+Safari/537.36 http://localhost:47596/Home/Index 200 0 0 56
2017-09-08 16:25:33 ::1 GET /Scripts/respond.js - 47596 - ::1 Mozilla/5.0+(Windows+NT+10.0;+Win64;+x64)+AppleWebKit/537.36+(KHTML,+like+Gecko)+Chrome/60.0.3112.113+Safari/537.36 http://localhost:47596/Home/Index 200 0 0 56
2017-09-08 16:25:33 ::1 GET /Upload_Files/98201795312AM_98201795312AM.png - 47596 - ::1 Mozilla/5.0+(Windows+NT+10.0;+Win64;+x64)+AppleWebKit/537.36+(KHTML,+like+Gecko)+Chrome/60.0.3112.113+Safari/537.36 http://localhost:47596/Home/Index 200 0 0 30
2017-09-08 16:25:33 ::1 GET /Upload_Files/98201793914AM_98201793914AM.png - 47596 - ::1 Mozilla/5.0+(Windows+NT+10.0;+Win64;+x64)+AppleWebKit/537.36+(KHTML,+like+Gecko)+Chrome/60.0.3112.113+Safari/537.36 http://localhost:47596/Home/Index 200 0 0 27
2017-09-08 16:25:33 ::1 GET /Upload_Files/98201784251AM_98201784251AM.png - 47596 - ::1 Mozilla/5.0+(Windows+NT+10.0;+Win64;+x64)+AppleWebKit/537.36+(KHTML,+like+Gecko)+Chrome/60.0.3112.113+Safari/537.36 http://localhost:47596/Home/Index 200 0 0 115
2017-09-08 16:25:33 ::1 GET /Upload_Files/Photo+Aug+31,+1+19+08+PM.png - 47596 - ::1 Mozilla/5.0+(Windows+NT+10.0;+Win64;+x64)+AppleWebKit/537.36+(KHTML,+like+Gecko)+Chrome/60.0.3112.113+Safari/537.36 http://localhost:47596/Home/Index 200 0 0 77
2017-09-08 16:25:34 ::1 GET /favicon.ico - 47596 - ::1 Mozilla/5.0+(Windows+NT+10.0;+Win64;+x64)+AppleWebKit/537.36+(KHTML,+like+Gecko)+Chrome/60.0.3112.113+Safari/537.36 http://localhost:47596/Home/Index 200 0 0 21
2017-09-08 16:25:34 ::1 GET /__browserLink/requestData/8e58773bac1648ada959378d0a6d8e2e version=2 47596 - ::1 Mozilla/5.0+(Windows+NT+10.0;+Win64;+x64)+AppleWebKit/537.36+(KHTML,+like+Gecko)+Chrome/60.0.3112.113+Safari/537.36 http://localhost:47596/Home/Index 200 0 0 11
2017-09-08 16:27:10 ::1 GET /Home/Index - 47596 - ::1 Mozilla/5.0+(Windows+NT+10.0;+Win64;+x64)+AppleWebKit/537.36+(KHTML,+like+Gecko)+Chrome/60.0.3112.113+Safari/537.36 - 200 0 0 926
2017-09-08 16:27:10 ::1 GET /favicon.ico - 47596 - ::1 Mozilla/5.0+(Windows+NT+10.0;+Win64;+x64)+AppleWebKit/537.36+(KHTML,+like+Gecko)+Chrome/60.0.3112.113+Safari/537.36 http://localhost:47596/Home/Index 200 0 0 19
2017-09-08 16:27:10 ::1 GET /__browserLink/requestData/ab674d245bc64436bb115612161d0529 version=2 47596 - ::1 Mozilla/5.0+(Windows+NT+10.0;+Win64;+x64)+AppleWebKit/537.36+(KHTML,+like+Gecko)+Chrome/60.0.3112.113+Safari/537.36 http://localhost:47596/Home/Index 200 0 0 9
2017-09-08 16:27:36 ::1 GET /Home/Index - 47596 - ::1 Mozilla/5.0+(Windows+NT+10.0;+Win64;+x64)+AppleWebKit/537.36+(KHTML,+like+Gecko)+Chrome/60.0.3112.113+Safari/537.36 - 200 0 0 891
2017-09-08 16:27:36 ::1 GET /favicon.ico - 47596 - ::1 Mozilla/5.0+(Windows+NT+10.0;+Win64;+x64)+AppleWebKit/537.36+(KHTML,+like+Gecko)+Chrome/60.0.3112.113+Safari/537.36 http://localhost:47596/Home/Index 200 0 0 8
2017-09-08 16:27:36 ::1 GET /__browserLink/requestData/fff56dcf6f4d4a2082ea2935267b74ed version=2 47596 - ::1 Mozilla/5.0+(Windows+NT+10.0;+Win64;+x64)+AppleWebKit/537.36+(KHTML,+like+Gecko)+Chrome/60.0.3112.113+Safari/537.36 http://localhost:47596/Home/Index 200 0 0 8
2017-09-08 16:28:10 ::1 GET /Home/Index - 47596 - ::1 Mozilla/5.0+(Windows+NT+10.0;+Win64;+x64)+AppleWebKit/537.36+(KHTML,+like+Gecko)+Chrome/60.0.3112.113+Safari/537.36 - 200 0 0 1193
2017-09-08 16:28:10 ::1 GET /Scripts/jquery-1.8.2.min.js - 47596 - ::1 Mozilla/5.0+(Windows+NT+10.0;+Win64;+x64)+AppleWebKit/537.36+(KHTML,+like+Gecko)+Chrome/60.0.3112.113+Safari/537.36 http://localhost:47596/Home/Index 200 0 0 21
2017-09-08 16:28:10 ::1 GET /Scripts/jquery.fancybox.js - 47596 - ::1 Mozilla/5.0+(Windows+NT+10.0;+Win64;+x64)+AppleWebKit/537.36+(KHTML,+like+Gecko)+Chrome/60.0.3112.113+Safari/537.36 http://localhost:47596/Home/Index 200 0 0 34
2017-09-08 16:28:10 ::1 GET /Scripts/jquery.fancybox.css - 47596 - ::1 Mozilla/5.0+(Windows+NT+10.0;+Win64;+x64)+AppleWebKit/537.36+(KHTML,+like+Gecko)+Chrome/60.0.3112.113+Safari/537.36 http://localhost:47596/Home/Index 200 0 0 17
2017-09-08 16:28:10 ::1 GET /Scripts/modernizr-2.6.2.js - 47596 - ::1 Mozilla/5.0+(Windows+NT+10.0;+Win64;+x64)+AppleWebKit/537.36+(KHTML,+like+Gecko)+Chrome/60.0.3112.113+Safari/537.36 http://localhost:47596/Home/Index 200 0 0 64
2017-09-08 16:28:10 ::1 GET /Scripts/jquery.qtip.min.css - 47596 - ::1 Mozilla/5.0+(Windows+NT+10.0;+Win64;+x64)+AppleWebKit/537.36+(KHTML,+like+Gecko)+Chrome/60.0.3112.113+Safari/537.36 http://localhost:47596/Home/Index 200 0 0 19
2017-09-08 16:28:10 ::1 GET /Content/jquery.fancybox.css - 47596 - ::1 Mozilla/5.0+(Windows+NT+10.0;+Win64;+x64)+AppleWebKit/537.36+(KHTML,+like+Gecko)+Chrome/60.0.3112.113+Safari/537.36 http://localhost:47596/Home/Index 200 0 0 59
2017-09-08 16:28:10 ::1 GET /Scripts/jquery.twbsPagination.js - 47596 - ::1 Mozilla/5.0+(Windows+NT+10.0;+Win64;+x64)+AppleWebKit/537.36+(KHTML,+like+Gecko)+Chrome/60.0.3112.113+Safari/537.36 http://localhost:47596/Home/Index 200 0 0 15
2017-09-08 16:28:10 ::1 GET /Scripts/jQueryRotate.js - 47596 - ::1 Mozilla/5.0+(Windows+NT+10.0;+Win64;+x64)+AppleWebKit/537.36+(KHTML,+like+Gecko)+Chrome/60.0.3112.113+Safari/537.36 http://localhost:47596/Home/Index 200 0 0 29
2017-09-08 16:28:10 ::1 GET /Scripts/jquery.imgcheckbox.js - 47596 - ::1 Mozilla/5.0+(Windows+NT+10.0;+Win64;+x64)+AppleWebKit/537.36+(KHTML,+like+Gecko)+Chrome/60.0.3112.113+Safari/537.36 http://localhost:47596/Home/Index 200 0 0 29
2017-09-08 16:28:10 ::1 GET /Scripts/jquery.mousewheel-3.0.6.pack.js - 47596 - ::1 Mozilla/5.0+(Windows+NT+10.0;+Win64;+x64)+AppleWebKit/537.36+(KHTML,+like+Gecko)+Chrome/60.0.3112.113+Safari/537.36 http://localhost:47596/Home/Index 200 0 0 128
2017-09-08 16:28:10 ::1 GET /Content/site.css - 47596 - ::1 Mozilla/5.0+(Windows+NT+10.0;+Win64;+x64)+AppleWebKit/537.36+(KHTML,+like+Gecko)+Chrome/60.0.3112.113+Safari/537.36 http://localhost:47596/Home/Index 200 0 0 140
2017-09-08 16:28:10 ::1 GET /Scripts/jquery.qtip.min.js - 47596 - ::1 Mozilla/5.0+(Windows+NT+10.0;+Win64;+x64)+AppleWebKit/537.36+(KHTML,+like+Gecko)+Chrome/60.0.3112.113+Safari/537.36 http://localhost:47596/Home/Index 200 0 0 65
2017-09-08 16:28:10 ::1 GET /Scripts/bootstrap.js - 47596 - ::1 Mozilla/5.0+(Windows+NT+10.0;+Win64;+x64)+AppleWebKit/537.36+(KHTML,+like+Gecko)+Chrome/60.0.3112.113+Safari/537.36 http://localhost:47596/Home/Index 200 0 0 20
2017-09-08 16:28:10 ::1 GET /Scripts/respond.js - 47596 - ::1 Mozilla/5.0+(Windows+NT+10.0;+Win64;+x64)+AppleWebKit/537.36+(KHTML,+like+Gecko)+Chrome/60.0.3112.113+Safari/537.36 http://localhost:47596/Home/Index 200 0 0 24
2017-09-08 16:28:10 ::1 GET /Content/bootstrap.css - 47596 - ::1 Mozilla/5.0+(Windows+NT+10.0;+Win64;+x64)+AppleWebKit/537.36+(KHTML,+like+Gecko)+Chrome/60.0.3112.113+Safari/537.36 http://localhost:47596/Home/Index 200 0 0 236
2017-09-08 16:28:10 ::1 GET /Upload_Files/2017-09-06(1).png - 47596 - ::1 Mozilla/5.0+(Windows+NT+10.0;+Win64;+x64)+AppleWebKit/537.36+(KHTML,+like+Gecko)+Chrome/60.0.3112.113+Safari/537.36 http://localhost:47596/Home/Index 200 0 0 20
2017-09-08 16:28:10 ::1 GET /Upload_Files/2017-09-06(2).png - 47596 - ::1 Mozilla/5.0+(Windows+NT+10.0;+Win64;+x64)+AppleWebKit/537.36+(KHTML,+like+Gecko)+Chrome/60.0.3112.113+Safari/537.36 http://localhost:47596/Home/Index 200 0 0 12
2017-09-08 16:28:10 ::1 GET /Upload_Files/98201793914AM_98201793914AM.png - 47596 - ::1 Mozilla/5.0+(Windows+NT+10.0;+Win64;+x64)+AppleWebKit/537.36+(KHTML,+like+Gecko)+Chrome/60.0.3112.113+Safari/537.36 http://localhost:47596/Home/Index 200 0 0 47
2017-09-08 16:28:10 ::1 GET /Upload_Files/98201795312AM_98201795312AM.png - 47596 - ::1 Mozilla/5.0+(Windows+NT+10.0;+Win64;+x64)+AppleWebKit/537.36+(KHTML,+like+Gecko)+Chrome/60.0.3112.113+Safari/537.36 http://localhost:47596/Home/Index 200 0 0 49
2017-09-08 16:28:10 ::1 GET /Upload_Files/98201784251AM_98201784251AM.png - 47596 - ::1 Mozilla/5.0+(Windows+NT+10.0;+Win64;+x64)+AppleWebKit/537.36+(KHTML,+like+Gecko)+Chrome/60.0.3112.113+Safari/537.36 http://localhost:47596/Home/Index 200 0 0 94
2017-09-08 16:28:10 ::1 GET /Upload_Files/Photo+Aug+31,+1+19+08+PM.png - 47596 - ::1 Mozilla/5.0+(Windows+NT+10.0;+Win64;+x64)+AppleWebKit/537.36+(KHTML,+like+Gecko)+Chrome/60.0.3112.113+Safari/537.36 http://localhost:47596/Home/Index 200 0 0 124
2017-09-08 16:28:10 ::1 GET /favicon.ico - 47596 - ::1 Mozilla/5.0+(Windows+NT+10.0;+Win64;+x64)+AppleWebKit/537.36+(KHTML,+like+Gecko)+Chrome/60.0.3112.113+Safari/537.36 http://localhost:47596/Home/Index 200 0 0 32
2017-09-08 16:28:10 ::1 GET /__browserLink/requestData/c49a4f59847a4f2bbe4a5d68ec9ca094 version=2 47596 - ::1 Mozilla/5.0+(Windows+NT+10.0;+Win64;+x64)+AppleWebKit/537.36+(KHTML,+like+Gecko)+Chrome/60.0.3112.113+Safari/537.36 http://localhost:47596/Home/Index 200 0 0 11
2017-09-08 16:28:41 ::1 GET /Home/Index - 47596 - ::1 Mozilla/5.0+(Windows+NT+10.0;+Win64;+x64)+AppleWebKit/537.36+(KHTML,+like+Gecko)+Chrome/60.0.3112.113+Safari/537.36 - 200 0 0 1230
2017-09-08 16:28:41 ::1 GET /Scripts/jquery.mousewheel-3.0.6.pack.js - 47596 - ::1 Mozilla/5.0+(Windows+NT+10.0;+Win64;+x64)+AppleWebKit/537.36+(KHTML,+like+Gecko)+Chrome/60.0.3112.113+Safari/537.36 http://localhost:47596/Home/Index 200 0 0 20
2017-09-08 16:28:41 ::1 GET /Content/site.css - 47596 - ::1 Mozilla/5.0+(Windows+NT+10.0;+Win64;+x64)+AppleWebKit/537.36+(KHTML,+like+Gecko)+Chrome/60.0.3112.113+Safari/537.36 http://localhost:47596/Home/Index 200 0 0 30
2017-09-08 16:28:41 ::1 GET /Scripts/modernizr-2.6.2.js - 47596 - ::1 Mozilla/5.0+(Windows+NT+10.0;+Win64;+x64)+AppleWebKit/537.36+(KHTML,+like+Gecko)+Chrome/60.0.3112.113+Safari/537.36 http://localhost:47596/Home/Index 200 0 0 45
2017-09-08 16:28:41 ::1 GET /Scripts/jquery-1.8.2.min.js - 47596 - ::1 Mozilla/5.0+(Windows+NT+10.0;+Win64;+x64)+AppleWebKit/537.36+(KHTML,+like+Gecko)+Chrome/60.0.3112.113+Safari/537.36 http://localhost:47596/Home/Index 200 0 0 125
2017-09-08 16:28:41 ::1 GET /Scripts/jquery.fancybox.css - 47596 - ::1 Mozilla/5.0+(Windows+NT+10.0;+Win64;+x64)+AppleWebKit/537.36+(KHTML,+like+Gecko)+Chrome/60.0.3112.113+Safari/537.36 http://localhost:47596/Home/Index 200 0 0 93
2017-09-08 16:28:41 ::1 GET /Content/jquery.fancybox.css - 47596 - ::1 Mozilla/5.0+(Windows+NT+10.0;+Win64;+x64)+AppleWebKit/537.36+(KHTML,+like+Gecko)+Chrome/60.0.3112.113+Safari/537.36 http://localhost:47596/Home/Index 200 0 0 103
2017-09-08 16:28:41 ::1 GET /Scripts/jquery.fancybox.js - 47596 - ::1 Mozilla/5.0+(Windows+NT+10.0;+Win64;+x64)+AppleWebKit/537.36+(KHTML,+like+Gecko)+Chrome/60.0.3112.113+Safari/537.36 http://localhost:47596/Home/Index 200 0 0 127
2017-09-08 16:28:41 ::1 GET /Scripts/jquery.qtip.min.css - 47596 - ::1 Mozilla/5.0+(Windows+NT+10.0;+Win64;+x64)+AppleWebKit/537.36+(KHTML,+like+Gecko)+Chrome/60.0.3112.113+Safari/537.36 http://localhost:47596/Home/Index 200 0 0 95
2017-09-08 16:28:41 ::1 GET /Scripts/jQueryRotate.js - 47596 - ::1 Mozilla/5.0+(Windows+NT+10.0;+Win64;+x64)+AppleWebKit/537.36+(KHTML,+like+Gecko)+Chrome/60.0.3112.113+Safari/537.36 http://localhost:47596/Home/Index 200 0 0 24
2017-09-08 16:28:41 ::1 GET /Scripts/jquery.imgcheckbox.js - 47596 - ::1 Mozilla/5.0+(Windows+NT+10.0;+Win64;+x64)+AppleWebKit/537.36+(KHTML,+like+Gecko)+Chrome/60.0.3112.113+Safari/537.36 http://localhost:47596/Home/Index 200 0 0 33
2017-09-08 16:28:41 ::1 GET /Scripts/jquery.twbsPagination.js - 47596 - ::1 Mozilla/5.0+(Windows+NT+10.0;+Win64;+x64)+AppleWebKit/537.36+(KHTML,+like+Gecko)+Chrome/60.0.3112.113+Safari/537.36 http://localhost:47596/Home/Index 200 0 0 44
2017-09-08 16:28:41 ::1 GET /Scripts/jquery.qtip.min.js - 47596 - ::1 Mozilla/5.0+(Windows+NT+10.0;+Win64;+x64)+AppleWebKit/537.36+(KHTML,+like+Gecko)+Chrome/60.0.3112.113+Safari/537.36 http://localhost:47596/Home/Index 200 0 0 62
2017-09-08 16:28:41 ::1 GET /Scripts/bootstrap.js - 47596 - ::1 Mozilla/5.0+(Windows+NT+10.0;+Win64;+x64)+AppleWebKit/537.36+(KHTML,+like+Gecko)+Chrome/60.0.3112.113+Safari/537.36 http://localhost:47596/Home/Index 200 0 0 19
2017-09-08 16:28:41 ::1 GET /Scripts/respond.js - 47596 - ::1 Mozilla/5.0+(Windows+NT+10.0;+Win64;+x64)+AppleWebKit/537.36+(KHTML,+like+Gecko)+Chrome/60.0.3112.113+Safari/537.36 http://localhost:47596/Home/Index 200 0 0 24
2017-09-08 16:28:41 ::1 GET /Content/bootstrap.css - 47596 - ::1 Mozilla/5.0+(Windows+NT+10.0;+Win64;+x64)+AppleWebKit/537.36+(KHTML,+like+Gecko)+Chrome/60.0.3112.113+Safari/537.36 http://localhost:47596/Home/Index 200 0 0 333
2017-09-08 16:28:41 ::1 GET /Upload_Files/2017-09-06(1).png - 47596 - ::1 Mozilla/5.0+(Windows+NT+10.0;+Win64;+x64)+AppleWebKit/537.36+(KHTML,+like+Gecko)+Chrome/60.0.3112.113+Safari/537.36 http://localhost:47596/Home/Index 200 0 0 25
2017-09-08 16:28:41 ::1 GET /Upload_Files/2017-09-06(2).png - 47596 - ::1 Mozilla/5.0+(Windows+NT+10.0;+Win64;+x64)+AppleWebKit/537.36+(KHTML,+like+Gecko)+Chrome/60.0.3112.113+Safari/537.36 http://localhost:47596/Home/Index 200 0 0 14
2017-09-08 16:28:41 ::1 GET /Upload_Files/98201795312AM_98201795312AM.png - 47596 - ::1 Mozilla/5.0+(Windows+NT+10.0;+Win64;+x64)+AppleWebKit/537.36+(KHTML,+like+Gecko)+Chrome/60.0.3112.113+Safari/537.36 http://localhost:47596/Home/Index 200 0 0 24
2017-09-08 16:28:41 ::1 GET /Upload_Files/Photo+Aug+31,+1+19+08+PM.png - 47596 - ::1 Mozilla/5.0+(Windows+NT+10.0;+Win64;+x64)+AppleWebKit/537.36+(KHTML,+like+Gecko)+Chrome/60.0.3112.113+Safari/537.36 http://localhost:47596/Home/Index 200 0 0 36
2017-09-08 16:28:41 ::1 GET /Upload_Files/98201793914AM_98201793914AM.png - 47596 - ::1 Mozilla/5.0+(Windows+NT+10.0;+Win64;+x64)+AppleWebKit/537.36+(KHTML,+like+Gecko)+Chrome/60.0.3112.113+Safari/537.36 http://localhost:47596/Home/Index 200 0 0 47
2017-09-08 16:28:41 ::1 GET /Upload_Files/98201784251AM_98201784251AM.png - 47596 - ::1 Mozilla/5.0+(Windows+NT+10.0;+Win64;+x64)+AppleWebKit/537.36+(KHTML,+like+Gecko)+Chrome/60.0.3112.113+Safari/537.36 http://localhost:47596/Home/Index 200 0 0 124
2017-09-08 16:28:41 ::1 GET /favicon.ico - 47596 - ::1 Mozilla/5.0+(Windows+NT+10.0;+Win64;+x64)+AppleWebKit/537.36+(KHTML,+like+Gecko)+Chrome/60.0.3112.113+Safari/537.36 http://localhost:47596/Home/Index 200 0 0 26
2017-09-08 16:28:41 ::1 GET /__browserLink/requestData/0d413147541c49ff8ae3ea92d23b4abe version=2 47596 - ::1 Mozilla/5.0+(Windows+NT+10.0;+Win64;+x64)+AppleWebKit/537.36+(KHTML,+like+Gecko)+Chrome/60.0.3112.113+Safari/537.36 http://localhost:47596/Home/Index 200 0 0 10
2017-09-08 16:31:46 ::1 GET /Home/Index - 47596 - ::1 Mozilla/5.0+(Windows+NT+10.0;+Win64;+x64)+AppleWebKit/537.36+(KHTML,+like+Gecko)+Chrome/60.0.3112.113+Safari/537.36 - 200 0 0 837
2017-09-08 16:31:46 ::1 GET /Scripts/modernizr-2.6.2.js - 47596 - ::1 Mozilla/5.0+(Windows+NT+10.0;+Win64;+x64)+AppleWebKit/537.36+(KHTML,+like+Gecko)+Chrome/60.0.3112.113+Safari/537.36 http://localhost:47596/Home/Index 200 0 0 30
2017-09-08 16:31:46 ::1 GET /Content/site.css - 47596 - ::1 Mozilla/5.0+(Windows+NT+10.0;+Win64;+x64)+AppleWebKit/537.36+(KHTML,+like+Gecko)+Chrome/60.0.3112.113+Safari/537.36 http://localhost:47596/Home/Index 200 0 0 43
2017-09-08 16:31:46 ::1 GET /Scripts/jquery.mousewheel-3.0.6.pack.js - 47596 - ::1 Mozilla/5.0+(Windows+NT+10.0;+Win64;+x64)+AppleWebKit/537.36+(KHTML,+like+Gecko)+Chrome/60.0.3112.113+Safari/537.36 http://localhost:47596/Home/Index 200 0 0 42
2017-09-08 16:31:46 ::1 GET /Scripts/jquery-1.8.2.min.js - 47596 - ::1 Mozilla/5.0+(Windows+NT+10.0;+Win64;+x64)+AppleWebKit/537.36+(KHTML,+like+Gecko)+Chrome/60.0.3112.113+Safari/537.36 http://localhost:47596/Home/Index 200 0 0 64
2017-09-08 16:31:46 ::1 GET /Scripts/jquery.qtip.min.css - 47596 - ::1 Mozilla/5.0+(Windows+NT+10.0;+Win64;+x64)+AppleWebKit/537.36+(KHTML,+like+Gecko)+Chrome/60.0.3112.113+Safari/537.36 http://localhost:47596/Home/Index 200 0 0 29
2017-09-08 16:31:46 ::1 GET /Content/jquery.fancybox.css - 47596 - ::1 Mozilla/5.0+(Windows+NT+10.0;+Win64;+x64)+AppleWebKit/537.36+(KHTML,+like+Gecko)+Chrome/60.0.3112.113+Safari/537.36 http://localhost:47596/Home/Index 200 0 0 53
2017-09-08 16:31:46 ::1 GET /Scripts/jquery.twbsPagination.js - 47596 - ::1 Mozilla/5.0+(Windows+NT+10.0;+Win64;+x64)+AppleWebKit/537.36+(KHTML,+like+Gecko)+Chrome/60.0.3112.113+Safari/537.36 http://localhost:47596/Home/Index 200 0 0 14
2017-09-08 16:31:46 ::1 GET /Scripts/jquery.fancybox.js - 47596 - ::1 Mozilla/5.0+(Windows+NT+10.0;+Win64;+x64)+AppleWebKit/537.36+(KHTML,+like+Gecko)+Chrome/60.0.3112.113+Safari/537.36 http://localhost:47596/Home/Index 200 0 0 100
2017-09-08 16:31:46 ::1 GET /Scripts/jQueryRotate.js - 47596 - ::1 Mozilla/5.0+(Windows+NT+10.0;+Win64;+x64)+AppleWebKit/537.36+(KHTML,+like+Gecko)+Chrome/60.0.3112.113+Safari/537.36 http://localhost:47596/Home/Index 200 0 0 48
2017-09-08 16:31:46 ::1 GET /Content/bootstrap.css - 47596 - ::1 Mozilla/5.0+(Windows+NT+10.0;+Win64;+x64)+AppleWebKit/537.36+(KHTML,+like+Gecko)+Chrome/60.0.3112.113+Safari/537.36 http://localhost:47596/Home/Index 200 0 0 251
2017-09-08 16:31:46 ::1 GET /Scripts/jquery.fancybox.css - 47596 - ::1 Mozilla/5.0+(Windows+NT+10.0;+Win64;+x64)+AppleWebKit/537.36+(KHTML,+like+Gecko)+Chrome/60.0.3112.113+Safari/537.36 http://localhost:47596/Home/Index 200 0 0 218
2017-09-08 16:31:46 ::1 GET /Scripts/jquery.imgcheckbox.js - 47596 - ::1 Mozilla/5.0+(Windows+NT+10.0;+Win64;+x64)+AppleWebKit/537.36+(KHTML,+like+Gecko)+Chrome/60.0.3112.113+Safari/537.36 http://localhost:47596/Home/Index 200 0 0 132
2017-09-08 16:31:46 ::1 GET /Scripts/jquery.qtip.min.js - 47596 - ::1 Mozilla/5.0+(Windows+NT+10.0;+Win64;+x64)+AppleWebKit/537.36+(KHTML,+like+Gecko)+Chrome/60.0.3112.113+Safari/537.36 http://localhost:47596/Home/Index 200 0 0 194
2017-09-08 16:31:46 ::1 GET /Scripts/respond.js - 47596 - ::1 Mozilla/5.0+(Windows+NT+10.0;+Win64;+x64)+AppleWebKit/537.36+(KHTML,+like+Gecko)+Chrome/60.0.3112.113+Safari/537.36 http://localhost:47596/Home/Index 200 0 0 15
2017-09-08 16:31:46 ::1 GET /Upload_Files/2017-09-06(1).png - 47596 - ::1 Mozilla/5.0+(Windows+NT+10.0;+Win64;+x64)+AppleWebKit/537.36+(KHTML,+like+Gecko)+Chrome/60.0.3112.113+Safari/537.36 http://localhost:47596/Home/Index 200 0 0 30
2017-09-08 16:31:46 ::1 GET /Upload_Files/2017-09-06(2).png - 47596 - ::1 Mozilla/5.0+(Windows+NT+10.0;+Win64;+x64)+AppleWebKit/537.36+(KHTML,+like+Gecko)+Chrome/60.0.3112.113+Safari/537.36 http://localhost:47596/Home/Index 200 0 0 35
2017-09-08 16:31:46 ::1 GET /Upload_Files/98201793914AM_98201793914AM.png - 47596 - ::1 Mozilla/5.0+(Windows+NT+10.0;+Win64;+x64)+AppleWebKit/537.36+(KHTML,+like+Gecko)+Chrome/60.0.3112.113+Safari/537.36 http://localhost:47596/Home/Index 200 0 0 19
2017-09-08 16:31:46 ::1 GET /Upload_Files/98201795312AM_98201795312AM.png - 47596 - ::1 Mozilla/5.0+(Windows+NT+10.0;+Win64;+x64)+AppleWebKit/537.36+(KHTML,+like+Gecko)+Chrome/60.0.3112.113+Safari/537.36 http://localhost:47596/Home/Index 200 0 0 14
2017-09-08 16:31:46 ::1 GET /Scripts/bootstrap.js - 47596 - ::1 Mozilla/5.0+(Windows+NT+10.0;+Win64;+x64)+AppleWebKit/537.36+(KHTML,+like+Gecko)+Chrome/60.0.3112.113+Safari/537.36 http://localhost:47596/Home/Index 200 0 0 83
2017-09-08 16:31:46 ::1 GET /Upload_Files/98201784251AM_98201784251AM.png - 47596 - ::1 Mozilla/5.0+(Windows+NT+10.0;+Win64;+x64)+AppleWebKit/537.36+(KHTML,+like+Gecko)+Chrome/60.0.3112.113+Safari/537.36 http://localhost:47596/Home/Index 200 0 0 151
2017-09-08 16:31:46 ::1 GET /Upload_Files/Photo+Aug+31,+1+19+08+PM.png - 47596 - ::1 Mozilla/5.0+(Windows+NT+10.0;+Win64;+x64)+AppleWebKit/537.36+(KHTML,+like+Gecko)+Chrome/60.0.3112.113+Safari/537.36 http://localhost:47596/Home/Index 200 0 0 108
2017-09-08 16:31:46 ::1 GET /favicon.ico - 47596 - ::1 Mozilla/5.0+(Windows+NT+10.0;+Win64;+x64)+AppleWebKit/537.36+(KHTML,+like+Gecko)+Chrome/60.0.3112.113+Safari/537.36 http://localhost:47596/Home/Index 200 0 0 28
2017-09-08 16:31:46 ::1 GET /__browserLink/requestData/ed20beb850c04e10be3699316d4ebde0 version=2 47596 - ::1 Mozilla/5.0+(Windows+NT+10.0;+Win64;+x64)+AppleWebKit/537.36+(KHTML,+like+Gecko)+Chrome/60.0.3112.113+Safari/537.36 http://localhost:47596/Home/Index 200 0 0 10
