#Software: Microsoft Internet Information Services 8.0
#Version: 1.0
#Date: 2017-10-09 10:15:38
#Fields: date time s-ip cs-method cs-uri-stem cs-uri-query s-port cs-username c-ip cs(User-Agent) cs(Referer) sc-status sc-substatus sc-win32-status time-taken
2017-10-09 10:15:38 ::1 GET /Home/Index - 47596 - ::1 Mozilla/5.0+(Windows+NT+10.0;+Win64;+x64)+AppleWebKit/537.36+(KHTML,+like+Gecko)+Chrome/61.0.3163.100+Safari/537.36 - 200 0 0 42748
2017-10-09 10:15:38 ::1 GET /Content/site.css - 47596 - ::1 Mozilla/5.0+(Windows+NT+10.0;+Win64;+x64)+AppleWebKit/537.36+(KHTML,+like+Gecko)+Chrome/61.0.3163.100+Safari/537.36 http://localhost:47596/Home/Index 200 0 0 12
2017-10-09 10:15:38 ::1 GET /Content/jquery.fancybox.css - 47596 - ::1 Mozilla/5.0+(Windows+NT+10.0;+Win64;+x64)+AppleWebKit/537.36+(KHTML,+like+Gecko)+Chrome/61.0.3163.100+Safari/537.36 http://localhost:47596/Home/Index 200 0 0 156
2017-10-09 10:15:38 ::1 GET /Scripts/jquery-1.8.2.min.js - 47596 - ::1 Mozilla/5.0+(Windows+NT+10.0;+Win64;+x64)+AppleWebKit/537.36+(KHTML,+like+Gecko)+Chrome/61.0.3163.100+Safari/537.36 http://localhost:47596/Home/Index 200 0 0 157
2017-10-09 10:15:38 ::1 GET /Scripts/modernizr-2.6.2.js - 47596 - ::1 Mozilla/5.0+(Windows+NT+10.0;+Win64;+x64)+AppleWebKit/537.36+(KHTML,+like+Gecko)+Chrome/61.0.3163.100+Safari/537.36 http://localhost:47596/Home/Index 200 0 0 157
2017-10-09 10:15:38 ::1 GET /Content/bootstrap.css - 47596 - ::1 Mozilla/5.0+(Windows+NT+10.0;+Win64;+x64)+AppleWebKit/537.36+(KHTML,+like+Gecko)+Chrome/61.0.3163.100+Safari/537.36 http://localhost:47596/Home/Index 200 0 0 121
2017-10-09 10:15:38 ::1 GET /Scripts/jquery.mousewheel-3.0.6.pack.js - 47596 - ::1 Mozilla/5.0+(Windows+NT+10.0;+Win64;+x64)+AppleWebKit/537.36+(KHTML,+like+Gecko)+Chrome/61.0.3163.100+Safari/537.36 http://localhost:47596/Home/Index 200 0 0 112
2017-10-09 10:15:38 ::1 GET /Scripts/jquery.fancybox.css - 47596 - ::1 Mozilla/5.0+(Windows+NT+10.0;+Win64;+x64)+AppleWebKit/537.36+(KHTML,+like+Gecko)+Chrome/61.0.3163.100+Safari/537.36 http://localhost:47596/Home/Index 200 0 0 82
2017-10-09 10:15:38 ::1 GET /Scripts/jQueryRotate.js - 47596 - ::1 Mozilla/5.0+(Windows+NT+10.0;+Win64;+x64)+AppleWebKit/537.36+(KHTML,+like+Gecko)+Chrome/61.0.3163.100+Safari/537.36 http://localhost:47596/Home/Index 200 0 0 117
2017-10-09 10:15:38 ::1 GET /Scripts/jquery.qtip.min.css - 47596 - ::1 Mozilla/5.0+(Windows+NT+10.0;+Win64;+x64)+AppleWebKit/537.36+(KHTML,+like+Gecko)+Chrome/61.0.3163.100+Safari/537.36 http://localhost:47596/Home/Index 200 0 0 153
2017-10-09 10:15:38 ::1 GET /Scripts/jquery.twbsPagination.js - 47596 - ::1 Mozilla/5.0+(Windows+NT+10.0;+Win64;+x64)+AppleWebKit/537.36+(KHTML,+like+Gecko)+Chrome/61.0.3163.100+Safari/537.36 http://localhost:47596/Home/Index 200 0 0 201
2017-10-09 10:15:38 ::1 GET /Scripts/jquery.imgcheckbox.js - 47596 - ::1 Mozilla/5.0+(Windows+NT+10.0;+Win64;+x64)+AppleWebKit/537.36+(KHTML,+like+Gecko)+Chrome/61.0.3163.100+Safari/537.36 http://localhost:47596/Home/Index 200 0 0 174
2017-10-09 10:15:38 ::1 GET /Scripts/jquery.fancybox.js - 47596 - ::1 Mozilla/5.0+(Windows+NT+10.0;+Win64;+x64)+AppleWebKit/537.36+(KHTML,+like+Gecko)+Chrome/61.0.3163.100+Safari/537.36 http://localhost:47596/Home/Index 200 0 0 222
2017-10-09 10:15:38 ::1 GET /Scripts/jquery.qtip.min.js - 47596 - ::1 Mozilla/5.0+(Windows+NT+10.0;+Win64;+x64)+AppleWebKit/537.36+(KHTML,+like+Gecko)+Chrome/61.0.3163.100+Safari/537.36 http://localhost:47596/Home/Index 200 0 0 227
2017-10-09 10:15:38 ::1 GET /Scripts/bootstrap.js - 47596 - ::1 Mozilla/5.0+(Windows+NT+10.0;+Win64;+x64)+AppleWebKit/537.36+(KHTML,+like+Gecko)+Chrome/61.0.3163.100+Safari/537.36 http://localhost:47596/Home/Index 200 0 0 8
2017-10-09 10:15:38 ::1 GET /Scripts/respond.js - 47596 - ::1 Mozilla/5.0+(Windows+NT+10.0;+Win64;+x64)+AppleWebKit/537.36+(KHTML,+like+Gecko)+Chrome/61.0.3163.100+Safari/537.36 http://localhost:47596/Home/Index 200 0 0 7
2017-10-09 10:15:38 ::1 GET /Upload_Files/2017-09-06+(1).png - 47596 - ::1 Mozilla/5.0+(Windows+NT+10.0;+Win64;+x64)+AppleWebKit/537.36+(KHTML,+like+Gecko)+Chrome/61.0.3163.100+Safari/537.36 http://localhost:47596/Home/Index 200 0 0 33
2017-10-09 10:15:38 ::1 GET /Upload_Files/2017-09-06+(2).png - 47596 - ::1 Mozilla/5.0+(Windows+NT+10.0;+Win64;+x64)+AppleWebKit/537.36+(KHTML,+like+Gecko)+Chrome/61.0.3163.100+Safari/537.36 http://localhost:47596/Home/Index 200 0 0 68
2017-10-09 10:15:39 ::1 GET /Upload_Files/2017-09-06(2).png - 47596 - ::1 Mozilla/5.0+(Windows+NT+10.0;+Win64;+x64)+AppleWebKit/537.36+(KHTML,+like+Gecko)+Chrome/61.0.3163.100+Safari/537.36 http://localhost:47596/Home/Index 200 0 0 234
2017-10-09 10:15:39 ::1 GET /Upload_Files/2017-09-06(1).png - 47596 - ::1 Mozilla/5.0+(Windows+NT+10.0;+Win64;+x64)+AppleWebKit/537.36+(KHTML,+like+Gecko)+Chrome/61.0.3163.100+Safari/537.36 http://localhost:47596/Home/Index 200 0 0 252
2017-10-09 10:15:39 ::1 GET /Upload_Files/2017-09-06.png - 47596 - ::1 Mozilla/5.0+(Windows+NT+10.0;+Win64;+x64)+AppleWebKit/537.36+(KHTML,+like+Gecko)+Chrome/61.0.3163.100+Safari/537.36 http://localhost:47596/Home/Index 200 0 0 272
2017-10-09 10:15:39 ::1 GET /Upload_Files/21062016105940.jpg - 47596 - ::1 Mozilla/5.0+(Windows+NT+10.0;+Win64;+x64)+AppleWebKit/537.36+(KHTML,+like+Gecko)+Chrome/61.0.3163.100+Safari/537.36 http://localhost:47596/Home/Index 200 0 0 278
2017-10-09 10:15:39 ::1 GET /Upload_Files/911201751215AM_911201751215AM.png - 47596 - ::1 Mozilla/5.0+(Windows+NT+10.0;+Win64;+x64)+AppleWebKit/537.36+(KHTML,+like+Gecko)+Chrome/61.0.3163.100+Safari/537.36 http://localhost:47596/Home/Index 200 0 0 292
2017-10-09 10:15:39 ::1 GET /Upload_Files/98201795312AM_98201795312AM.png - 47596 - ::1 Mozilla/5.0+(Windows+NT+10.0;+Win64;+x64)+AppleWebKit/537.36+(KHTML,+like+Gecko)+Chrome/61.0.3163.100+Safari/537.36 http://localhost:47596/Home/Index 200 0 0 64
2017-10-09 10:15:39 ::1 GET /Upload_Files/98201784251AM_98201784251AM.png - 47596 - ::1 Mozilla/5.0+(Windows+NT+10.0;+Win64;+x64)+AppleWebKit/537.36+(KHTML,+like+Gecko)+Chrome/61.0.3163.100+Safari/537.36 http://localhost:47596/Home/Index 200 0 0 154
2017-10-09 10:15:39 ::1 GET /Upload_Files/98201793914AM_98201793914AM.png - 47596 - ::1 Mozilla/5.0+(Windows+NT+10.0;+Win64;+x64)+AppleWebKit/537.36+(KHTML,+like+Gecko)+Chrome/61.0.3163.100+Safari/537.36 http://localhost:47596/Home/Index 200 0 0 269
2017-10-09 10:15:39 ::1 GET /Upload_Files/2017-09-06+(3).png - 47596 - ::1 Mozilla/5.0+(Windows+NT+10.0;+Win64;+x64)+AppleWebKit/537.36+(KHTML,+like+Gecko)+Chrome/61.0.3163.100+Safari/537.36 http://localhost:47596/Home/Index 200 0 0 1227
2017-10-09 10:15:39 ::1 GET /Upload_Files/Photo+Aug+31,+1+19+08+PM.png - 47596 - ::1 Mozilla/5.0+(Windows+NT+10.0;+Win64;+x64)+AppleWebKit/537.36+(KHTML,+like+Gecko)+Chrome/61.0.3163.100+Safari/537.36 http://localhost:47596/Home/Index 200 0 0 66
2017-10-09 10:15:39 ::1 GET /Upload_Files/Photo+Aug+10,+10+28+12+AM+(1).jpg - 47596 - ::1 Mozilla/5.0+(Windows+NT+10.0;+Win64;+x64)+AppleWebKit/537.36+(KHTML,+like+Gecko)+Chrome/61.0.3163.100+Safari/537.36 http://localhost:47596/Home/Index 200 0 0 565
2017-10-09 10:15:39 ::1 GET /Upload_Files/ExifTest.jpg - 47596 - ::1 Mozilla/5.0+(Windows+NT+10.0;+Win64;+x64)+AppleWebKit/537.36+(KHTML,+like+Gecko)+Chrome/61.0.3163.100+Safari/537.36 http://localhost:47596/Home/Index 200 0 0 639
2017-10-09 10:15:39 ::1 GET /Upload_Files/Photo+Aug+10,+10+28+12+AM+(2).jpg - 47596 - ::1 Mozilla/5.0+(Windows+NT+10.0;+Win64;+x64)+AppleWebKit/537.36+(KHTML,+like+Gecko)+Chrome/61.0.3163.100+Safari/537.36 http://localhost:47596/Home/Index 200 0 0 580
2017-10-09 10:15:39 ::1 GET /Upload_Files/Photo+Aug+09,+3+17+15+PM.jpg - 47596 - ::1 Mozilla/5.0+(Windows+NT+10.0;+Win64;+x64)+AppleWebKit/537.36+(KHTML,+like+Gecko)+Chrome/61.0.3163.100+Safari/537.36 http://localhost:47596/Home/Index 200 0 0 718
2017-10-09 10:15:39 ::1 GET /Upload_Files/Photo+Aug+10,+10+28+12+AM.jpg - 47596 - ::1 Mozilla/5.0+(Windows+NT+10.0;+Win64;+x64)+AppleWebKit/537.36+(KHTML,+like+Gecko)+Chrome/61.0.3163.100+Safari/537.36 http://localhost:47596/Home/Index 200 0 0 524
2017-10-09 10:15:39 ::1 GET /Upload_Files/Photo+Jul+28,+3+16+26+PM.jpg - 47596 - ::1 Mozilla/5.0+(Windows+NT+10.0;+Win64;+x64)+AppleWebKit/537.36+(KHTML,+like+Gecko)+Chrome/61.0.3163.100+Safari/537.36 http://localhost:47596/Home/Index 200 0 0 360
2017-10-09 10:15:40 ::1 GET /Upload_Files/Thumb_PhotoAug11122531PM.png - 47596 - ::1 Mozilla/5.0+(Windows+NT+10.0;+Win64;+x64)+AppleWebKit/537.36+(KHTML,+like+Gecko)+Chrome/61.0.3163.100+Safari/537.36 http://localhost:47596/Home/Index 200 0 0 104
2017-10-09 10:15:40 ::1 GET /Upload_Files/PhotoAug11122531PM.png - 47596 - ::1 Mozilla/5.0+(Windows+NT+10.0;+Win64;+x64)+AppleWebKit/537.36+(KHTML,+like+Gecko)+Chrome/61.0.3163.100+Safari/537.36 http://localhost:47596/Home/Index 200 0 0 260
2017-10-09 10:15:40 ::1 GET /Upload_Files/PhotoAug3111908PM.png - 47596 - ::1 Mozilla/5.0+(Windows+NT+10.0;+Win64;+x64)+AppleWebKit/537.36+(KHTML,+like+Gecko)+Chrome/61.0.3163.100+Safari/537.36 http://localhost:47596/Home/Index 200 0 0 246
2017-10-09 10:15:40 ::1 GET /Upload_Files/PhotoAug0,72304PM.jpg - 47596 - ::1 Mozilla/5.0+(Windows+NT+10.0;+Win64;+x64)+AppleWebKit/537.36+(KHTML,+like+Gecko)+Chrome/61.0.3163.100+Safari/537.36 http://localhost:47596/Home/Index 200 0 0 329
2017-10-09 10:15:40 ::1 GET /favicon.ico - 47596 - ::1 Mozilla/5.0+(Windows+NT+10.0;+Win64;+x64)+AppleWebKit/537.36+(KHTML,+like+Gecko)+Chrome/61.0.3163.100+Safari/537.36 http://localhost:47596/Home/Index 200 0 0 22
2017-10-09 10:15:42 ::1 GET /__browserLink/requestData/f051615f5d0d46af921bc1daeaa44b34 version=2 47596 - ::1 Mozilla/5.0+(Windows+NT+10.0;+Win64;+x64)+AppleWebKit/537.36+(KHTML,+like+Gecko)+Chrome/61.0.3163.100+Safari/537.36 http://localhost:47596/Home/Index 200 0 0 68
2017-10-09 10:16:25 ::1 GET /Home/UploadImage - 47596 - ::1 Mozilla/5.0+(Windows+NT+10.0;+Win64;+x64)+AppleWebKit/537.36+(KHTML,+like+Gecko)+Chrome/61.0.3163.100+Safari/537.36 http://localhost:47596/Home/Index 200 0 0 156
2017-10-09 10:16:25 ::1 GET /Content/fullscreenButton.png - 47596 - ::1 Mozilla/5.0+(Windows+NT+10.0;+Win64;+x64)+AppleWebKit/537.36+(KHTML,+like+Gecko)+Chrome/61.0.3163.100+Safari/537.36 http://localhost:47596/Home/UploadImage 200 0 0 117
2017-10-09 10:16:25 ::1 GET /Content/bootstrap-theme.min.css - 47596 - ::1 Mozilla/5.0+(Windows+NT+10.0;+Win64;+x64)+AppleWebKit/537.36+(KHTML,+like+Gecko)+Chrome/61.0.3163.100+Safari/537.36 http://localhost:47596/Home/UploadImage 200 0 0 149
2017-10-09 10:16:25 ::1 GET /Content/bootstrap-theme.css - 47596 - ::1 Mozilla/5.0+(Windows+NT+10.0;+Win64;+x64)+AppleWebKit/537.36+(KHTML,+like+Gecko)+Chrome/61.0.3163.100+Safari/537.36 http://localhost:47596/Home/UploadImage 200 0 0 152
2017-10-09 10:16:25 ::1 GET /Content/bootstrap.min.css - 47596 - ::1 Mozilla/5.0+(Windows+NT+10.0;+Win64;+x64)+AppleWebKit/537.36+(KHTML,+like+Gecko)+Chrome/61.0.3163.100+Safari/537.36 http://localhost:47596/Home/UploadImage 200 0 0 379
2017-10-09 10:16:25 ::1 GET /__browserLink/requestData/3b5abe7f6b4245b0aa7a3e9d2b0fec92 version=2 47596 - ::1 Mozilla/5.0+(Windows+NT+10.0;+Win64;+x64)+AppleWebKit/537.36+(KHTML,+like+Gecko)+Chrome/61.0.3163.100+Safari/537.36 http://localhost:47596/Home/UploadImage 200 0 0 9
2017-10-09 10:25:32 ::1 HEAD /Upload_Files/2017-09-06+(1).pdf - 47596 - ::1 Mozilla/5.0+(Windows+NT+10.0;+Win64;+x64)+AppleWebKit/537.36+(KHTML,+like+Gecko)+Chrome/61.0.3163.100+Safari/537.36 http://localhost:47596/Home/Index 404 0 2 21
2017-10-09 10:25:32 ::1 HEAD /Upload_Files/2017-09-06+(2).pdf - 47596 - ::1 Mozilla/5.0+(Windows+NT+10.0;+Win64;+x64)+AppleWebKit/537.36+(KHTML,+like+Gecko)+Chrome/61.0.3163.100+Safari/537.36 http://localhost:47596/Home/Index 404 0 2 4
2017-10-09 10:26:10 ::1 GET /Scripts/jquery.qtip.min.map - 47596 - ::1 Mozilla/5.0+(Windows+NT+10.0;+Win64;+x64)+AppleWebKit/537.36+(KHTML,+like+Gecko)+Chrome/61.0.3163.100+Safari/537.36 - 404 0 2 25
2017-10-09 10:26:10 ::1 GET /Content/bootstrap.css.map - 47596 - ::1 Mozilla/5.0+(Windows+NT+10.0;+Win64;+x64)+AppleWebKit/537.36+(KHTML,+like+Gecko)+Chrome/61.0.3163.100+Safari/537.36 - 200 0 0 146
2017-10-09 10:28:03 ::1 GET /Home/UploadImage - 47596 - ::1 Mozilla/5.0+(Windows+NT+10.0;+Win64;+x64)+AppleWebKit/537.36+(KHTML,+like+Gecko)+Chrome/61.0.3163.100+Safari/537.36 http://localhost:47596/Home/Index 200 0 0 91
2017-10-09 10:28:03 ::1 GET /__browserLink/requestData/14a0fbebfc1644d9b7df576c836545c5 version=2 47596 - ::1 Mozilla/5.0+(Windows+NT+10.0;+Win64;+x64)+AppleWebKit/537.36+(KHTML,+like+Gecko)+Chrome/61.0.3163.100+Safari/537.36 http://localhost:47596/Home/UploadImage 200 0 0 14
2017-10-09 10:28:29 ::1 POST /Home/UploadImageMethod - 47596 - ::1 Mozilla/5.0+(Windows+NT+10.0;+Win64;+x64)+AppleWebKit/537.36+(KHTML,+like+Gecko)+Chrome/61.0.3163.100+Safari/537.36 http://localhost:47596/Home/UploadImage 200 0 0 1026
2017-10-09 10:28:40 ::1 GET /Home/Index - 47596 - ::1 Mozilla/5.0+(Windows+NT+10.0;+Win64;+x64)+AppleWebKit/537.36+(KHTML,+like+Gecko)+Chrome/61.0.3163.100+Safari/537.36 - 200 0 0 26
2017-10-09 10:28:40 ::1 GET /Upload_Files/35138662_REPAYMENT.png - 47596 - ::1 Mozilla/5.0+(Windows+NT+10.0;+Win64;+x64)+AppleWebKit/537.36+(KHTML,+like+Gecko)+Chrome/61.0.3163.100+Safari/537.36 http://localhost:47596/Home/Index 200 0 0 35
2017-10-09 10:28:40 ::1 GET /favicon.ico - 47596 - ::1 Mozilla/5.0+(Windows+NT+10.0;+Win64;+x64)+AppleWebKit/537.36+(KHTML,+like+Gecko)+Chrome/61.0.3163.100+Safari/537.36 http://localhost:47596/Home/Index 200 0 0 58
2017-10-09 10:28:40 ::1 GET /__browserLink/requestData/d3a940ce4a9b41d9bd17247f34ba104a version=2 47596 - ::1 Mozilla/5.0+(Windows+NT+10.0;+Win64;+x64)+AppleWebKit/537.36+(KHTML,+like+Gecko)+Chrome/61.0.3163.100+Safari/537.36 http://localhost:47596/Home/Index 200 0 0 18
2017-10-09 10:28:59 ::1 HEAD /Upload_Files/35138662_REPAYMENT.pdf - 47596 - ::1 Mozilla/5.0+(Windows+NT+10.0;+Win64;+x64)+AppleWebKit/537.36+(KHTML,+like+Gecko)+Chrome/61.0.3163.100+Safari/537.36 http://localhost:47596/Home/Index 200 0 0 2
2017-10-09 10:28:59 ::1 HEAD /Upload_Files/911201751215AM_911201751215AM.pdf - 47596 - ::1 Mozilla/5.0+(Windows+NT+10.0;+Win64;+x64)+AppleWebKit/537.36+(KHTML,+like+Gecko)+Chrome/61.0.3163.100+Safari/537.36 http://localhost:47596/Home/Index 404 0 2 4
2017-10-09 10:28:59 ::1 GET /Upload_Files/35138662_REPAYMENT.pdf - 47596 - ::1 Mozilla/5.0+(Windows+NT+10.0;+Win64;+x64)+AppleWebKit/537.36+(KHTML,+like+Gecko)+Chrome/61.0.3163.100+Safari/537.36 http://localhost:47596/Home/Index 200 0 0 47
2017-10-09 10:29:11 ::1 HEAD /Upload_Files/2017-09-06.pdf - 47596 - ::1 Mozilla/5.0+(Windows+NT+10.0;+Win64;+x64)+AppleWebKit/537.36+(KHTML,+like+Gecko)+Chrome/61.0.3163.100+Safari/537.36 http://localhost:47596/Home/Index 404 0 2 2
2017-10-09 10:29:13 ::1 HEAD /Upload_Files/2017-09-06(2).pdf - 47596 - ::1 Mozilla/5.0+(Windows+NT+10.0;+Win64;+x64)+AppleWebKit/537.36+(KHTML,+like+Gecko)+Chrome/61.0.3163.100+Safari/537.36 http://localhost:47596/Home/Index 404 0 2 12
2017-10-09 10:29:14 ::1 HEAD /Upload_Files/35138662_REPAYMENT.pdf - 47596 - ::1 Mozilla/5.0+(Windows+NT+10.0;+Win64;+x64)+AppleWebKit/537.36+(KHTML,+like+Gecko)+Chrome/61.0.3163.100+Safari/537.36 http://localhost:47596/Home/Index 304 0 0 22
2017-10-09 10:29:16 ::1 HEAD /Upload_Files/911201751215AM_911201751215AM.pdf - 47596 - ::1 Mozilla/5.0+(Windows+NT+10.0;+Win64;+x64)+AppleWebKit/537.36+(KHTML,+like+Gecko)+Chrome/61.0.3163.100+Safari/537.36 http://localhost:47596/Home/Index 404 0 2 4
