#Software: Microsoft Internet Information Services 8.0
#Version: 1.0
#Date: 2017-10-11 11:32:00
#Fields: date time s-ip cs-method cs-uri-stem cs-uri-query s-port cs-username c-ip cs(User-Agent) cs(Referer) sc-status sc-substatus sc-win32-status time-taken
2017-10-11 11:32:00 ::1 GET /Home/Index - 47596 - ::1 Mozilla/5.0+(Windows+NT+10.0;+Win64;+x64)+AppleWebKit/537.36+(KHTML,+like+Gecko)+Chrome/61.0.3163.100+Safari/537.36 - 200 0 0 40882
2017-10-11 11:32:00 ::1 GET /Scripts/jquery.fancybox.js - 47596 - ::1 Mozilla/5.0+(Windows+NT+10.0;+Win64;+x64)+AppleWebKit/537.36+(KHTML,+like+Gecko)+Chrome/61.0.3163.100+Safari/537.36 http://localhost:47596/Home/Index 304 0 0 7
2017-10-11 11:32:00 ::1 GET /Upload_Files/2017-09-06+(1).png - 47596 - ::1 Mozilla/5.0+(Windows+NT+10.0;+Win64;+x64)+AppleWebKit/537.36+(KHTML,+like+Gecko)+Chrome/61.0.3163.100+Safari/537.36 http://localhost:47596/Home/Index 200 0 0 120
2017-10-11 11:32:00 ::1 GET /Upload_Files/2017-09-06+(2).png - 47596 - ::1 Mozilla/5.0+(Windows+NT+10.0;+Win64;+x64)+AppleWebKit/537.36+(KHTML,+like+Gecko)+Chrome/61.0.3163.100+Safari/537.36 http://localhost:47596/Home/Index 200 0 0 58
2017-10-11 11:32:00 ::1 GET /Upload_Files/2017-09-06(2).png - 47596 - ::1 Mozilla/5.0+(Windows+NT+10.0;+Win64;+x64)+AppleWebKit/537.36+(KHTML,+like+Gecko)+Chrome/61.0.3163.100+Safari/537.36 http://localhost:47596/Home/Index 200 0 0 186
2017-10-11 11:32:00 ::1 GET /Upload_Files/2017-09-06(1).png - 47596 - ::1 Mozilla/5.0+(Windows+NT+10.0;+Win64;+x64)+AppleWebKit/537.36+(KHTML,+like+Gecko)+Chrome/61.0.3163.100+Safari/537.36 http://localhost:47596/Home/Index 200 0 0 189
2017-10-11 11:32:00 ::1 GET /Upload_Files/21062016105940.jpg - 47596 - ::1 Mozilla/5.0+(Windows+NT+10.0;+Win64;+x64)+AppleWebKit/537.36+(KHTML,+like+Gecko)+Chrome/61.0.3163.100+Safari/537.36 http://localhost:47596/Home/Index 200 0 0 257
2017-10-11 11:32:00 ::1 GET /Upload_Files/911201751215AM_911201751215AM.png - 47596 - ::1 Mozilla/5.0+(Windows+NT+10.0;+Win64;+x64)+AppleWebKit/537.36+(KHTML,+like+Gecko)+Chrome/61.0.3163.100+Safari/537.36 http://localhost:47596/Home/Index 200 0 0 90
2017-10-11 11:32:00 ::1 GET /Upload_Files/98201793914AM_98201793914AM.png - 47596 - ::1 Mozilla/5.0+(Windows+NT+10.0;+Win64;+x64)+AppleWebKit/537.36+(KHTML,+like+Gecko)+Chrome/61.0.3163.100+Safari/537.36 http://localhost:47596/Home/Index 200 0 0 85
2017-10-11 11:32:00 ::1 GET /Upload_Files/35138662_REPAYMENT.png - 47596 - ::1 Mozilla/5.0+(Windows+NT+10.0;+Win64;+x64)+AppleWebKit/537.36+(KHTML,+like+Gecko)+Chrome/61.0.3163.100+Safari/537.36 http://localhost:47596/Home/Index 304 0 0 307
2017-10-11 11:32:01 ::1 GET /Upload_Files/2017-09-06.png - 47596 - ::1 Mozilla/5.0+(Windows+NT+10.0;+Win64;+x64)+AppleWebKit/537.36+(KHTML,+like+Gecko)+Chrome/61.0.3163.100+Safari/537.36 http://localhost:47596/Home/Index 200 0 0 418
2017-10-11 11:32:01 ::1 GET /Upload_Files/98201795312AM_98201795312AM.png - 47596 - ::1 Mozilla/5.0+(Windows+NT+10.0;+Win64;+x64)+AppleWebKit/537.36+(KHTML,+like+Gecko)+Chrome/61.0.3163.100+Safari/537.36 http://localhost:47596/Home/Index 200 0 0 215
2017-10-11 11:32:01 ::1 GET /Upload_Files/98201784251AM_98201784251AM.png - 47596 - ::1 Mozilla/5.0+(Windows+NT+10.0;+Win64;+x64)+AppleWebKit/537.36+(KHTML,+like+Gecko)+Chrome/61.0.3163.100+Safari/537.36 http://localhost:47596/Home/Index 200 0 0 799
2017-10-11 11:32:01 ::1 GET /Upload_Files/2017-09-06+(3).png - 47596 - ::1 Mozilla/5.0+(Windows+NT+10.0;+Win64;+x64)+AppleWebKit/537.36+(KHTML,+like+Gecko)+Chrome/61.0.3163.100+Safari/537.36 http://localhost:47596/Home/Index 200 0 0 1102
2017-10-11 11:32:03 ::1 GET /Upload_Files/Photo+Aug+10,+10+28+12+AM+(2).jpg - 47596 - ::1 Mozilla/5.0+(Windows+NT+10.0;+Win64;+x64)+AppleWebKit/537.36+(KHTML,+like+Gecko)+Chrome/61.0.3163.100+Safari/537.36 http://localhost:47596/Home/Index 200 0 0 1222
2017-10-11 11:32:03 ::1 GET /Upload_Files/ExifTest.jpg - 47596 - ::1 Mozilla/5.0+(Windows+NT+10.0;+Win64;+x64)+AppleWebKit/537.36+(KHTML,+like+Gecko)+Chrome/61.0.3163.100+Safari/537.36 http://localhost:47596/Home/Index 200 0 0 1409
2017-10-11 11:32:03 ::1 GET /Upload_Files/Photo+Aug+10,+10+28+12+AM+(1).jpg - 47596 - ::1 Mozilla/5.0+(Windows+NT+10.0;+Win64;+x64)+AppleWebKit/537.36+(KHTML,+like+Gecko)+Chrome/61.0.3163.100+Safari/537.36 http://localhost:47596/Home/Index 200 0 0 1321
2017-10-11 11:32:03 ::1 GET /Upload_Files/Photo+Aug+09,+3+17+15+PM.jpg - 47596 - ::1 Mozilla/5.0+(Windows+NT+10.0;+Win64;+x64)+AppleWebKit/537.36+(KHTML,+like+Gecko)+Chrome/61.0.3163.100+Safari/537.36 http://localhost:47596/Home/Index 200 0 0 1856
2017-10-11 11:32:03 ::1 GET /Upload_Files/PhotoAug11122531PM.png - 47596 - ::1 Mozilla/5.0+(Windows+NT+10.0;+Win64;+x64)+AppleWebKit/537.36+(KHTML,+like+Gecko)+Chrome/61.0.3163.100+Safari/537.36 http://localhost:47596/Home/Index 200 0 0 486
2017-10-11 11:32:03 ::1 GET /Upload_Files/Thumb_PhotoAug11122531PM.png - 47596 - ::1 Mozilla/5.0+(Windows+NT+10.0;+Win64;+x64)+AppleWebKit/537.36+(KHTML,+like+Gecko)+Chrome/61.0.3163.100+Safari/537.36 http://localhost:47596/Home/Index 200 0 0 41
2017-10-11 11:32:04 ::1 GET /Upload_Files/PhotoAug3111908PM.png - 47596 - ::1 Mozilla/5.0+(Windows+NT+10.0;+Win64;+x64)+AppleWebKit/537.36+(KHTML,+like+Gecko)+Chrome/61.0.3163.100+Safari/537.36 http://localhost:47596/Home/Index 200 0 0 738
2017-10-11 11:32:04 ::1 GET /Upload_Files/PhotoAug0,72304PM.jpg - 47596 - ::1 Mozilla/5.0+(Windows+NT+10.0;+Win64;+x64)+AppleWebKit/537.36+(KHTML,+like+Gecko)+Chrome/61.0.3163.100+Safari/537.36 http://localhost:47596/Home/Index 200 0 0 1172
2017-10-11 11:32:06 ::1 GET /__browserLink/requestData/f36eecd0dfc3476ab12ee83fe395ecb6 version=2 47596 - ::1 Mozilla/5.0+(Windows+NT+10.0;+Win64;+x64)+AppleWebKit/537.36+(KHTML,+like+Gecko)+Chrome/61.0.3163.100+Safari/537.36 http://localhost:47596/Home/Index 200 0 0 359
2017-10-11 11:32:08 ::1 HEAD /Upload_Files/35138662_REPAYMENT.pdf - 47596 - ::1 Mozilla/5.0+(Windows+NT+10.0;+Win64;+x64)+AppleWebKit/537.36+(KHTML,+like+Gecko)+Chrome/61.0.3163.100+Safari/537.36 http://localhost:47596/Home/Index 304 0 0 234
2017-10-11 11:32:08 ::1 HEAD /Upload_Files/911201751215AM_911201751215AM.pdf - 47596 - ::1 Mozilla/5.0+(Windows+NT+10.0;+Win64;+x64)+AppleWebKit/537.36+(KHTML,+like+Gecko)+Chrome/61.0.3163.100+Safari/537.36 http://localhost:47596/Home/Index 404 0 2 49
2017-10-11 11:32:28 ::1 HEAD /Upload_Files/98201784251AM_98201784251AM.pdf - 47596 - ::1 Mozilla/5.0+(Windows+NT+10.0;+Win64;+x64)+AppleWebKit/537.36+(KHTML,+like+Gecko)+Chrome/61.0.3163.100+Safari/537.36 http://localhost:47596/Home/Index 404 0 2 3
2017-10-11 11:32:30 ::1 HEAD /Upload_Files/98201793914AM_98201793914AM.pdf - 47596 - ::1 Mozilla/5.0+(Windows+NT+10.0;+Win64;+x64)+AppleWebKit/537.36+(KHTML,+like+Gecko)+Chrome/61.0.3163.100+Safari/537.36 http://localhost:47596/Home/Index 404 0 2 2
2017-10-11 11:32:36 ::1 HEAD /Upload_Files/2017-09-06.pdf - 47596 - ::1 Mozilla/5.0+(Windows+NT+10.0;+Win64;+x64)+AppleWebKit/537.36+(KHTML,+like+Gecko)+Chrome/61.0.3163.100+Safari/537.36 http://localhost:47596/Home/Index 404 0 2 2
2017-10-11 11:32:36 ::1 HEAD /Upload_Files/2017-09-06(2).pdf - 47596 - ::1 Mozilla/5.0+(Windows+NT+10.0;+Win64;+x64)+AppleWebKit/537.36+(KHTML,+like+Gecko)+Chrome/61.0.3163.100+Safari/537.36 http://localhost:47596/Home/Index 404 0 2 6
2017-10-11 11:32:37 ::1 HEAD /Upload_Files/2017-09-06(1).pdf - 47596 - ::1 Mozilla/5.0+(Windows+NT+10.0;+Win64;+x64)+AppleWebKit/537.36+(KHTML,+like+Gecko)+Chrome/61.0.3163.100+Safari/537.36 http://localhost:47596/Home/Index 404 0 2 2
2017-10-11 11:32:37 ::1 HEAD /Upload_Files/2017-09-06+(3).pdf - 47596 - ::1 Mozilla/5.0+(Windows+NT+10.0;+Win64;+x64)+AppleWebKit/537.36+(KHTML,+like+Gecko)+Chrome/61.0.3163.100+Safari/537.36 http://localhost:47596/Home/Index 404 0 2 2
2017-10-11 11:32:39 ::1 HEAD /Upload_Files/2017-09-06+(2).pdf - 47596 - ::1 Mozilla/5.0+(Windows+NT+10.0;+Win64;+x64)+AppleWebKit/537.36+(KHTML,+like+Gecko)+Chrome/61.0.3163.100+Safari/537.36 http://localhost:47596/Home/Index 404 0 2 4
