#Software: Microsoft Internet Information Services 8.0
#Version: 1.0
#Date: 2017-09-10 15:25:22
#Fields: date time s-ip cs-method cs-uri-stem cs-uri-query s-port cs-username c-ip cs(User-Agent) cs(Referer) sc-status sc-substatus sc-win32-status time-taken
2017-09-10 15:25:21 ::1 GET /Home/Index - 47596 - ::1 Mozilla/5.0+(Windows+NT+10.0;+Win64;+x64)+AppleWebKit/537.36+(KHTML,+like+Gecko)+Chrome/60.0.3112.113+Safari/537.36 - 200 0 0 9953
2017-09-10 15:25:21 ::1 GET /Content/site.css - 47596 - ::1 Mozilla/5.0+(Windows+NT+10.0;+Win64;+x64)+AppleWebKit/537.36+(KHTML,+like+Gecko)+Chrome/60.0.3112.113+Safari/537.36 http://localhost:47596/Home/Index 200 0 0 26
2017-09-10 15:25:21 ::1 GET /Scripts/jquery.mousewheel-3.0.6.pack.js - 47596 - ::1 Mozilla/5.0+(Windows+NT+10.0;+Win64;+x64)+AppleWebKit/537.36+(KHTML,+like+Gecko)+Chrome/60.0.3112.113+Safari/537.36 http://localhost:47596/Home/Index 200 0 0 44
2017-09-10 15:25:21 ::1 GET /Scripts/modernizr-2.6.2.js - 47596 - ::1 Mozilla/5.0+(Windows+NT+10.0;+Win64;+x64)+AppleWebKit/537.36+(KHTML,+like+Gecko)+Chrome/60.0.3112.113+Safari/537.36 http://localhost:47596/Home/Index 200 0 0 70
2017-09-10 15:25:21 ::1 GET /Scripts/jquery-1.8.2.min.js - 47596 - ::1 Mozilla/5.0+(Windows+NT+10.0;+Win64;+x64)+AppleWebKit/537.36+(KHTML,+like+Gecko)+Chrome/60.0.3112.113+Safari/537.36 http://localhost:47596/Home/Index 200 0 0 96
2017-09-10 15:25:21 ::1 GET /Content/jquery.fancybox.css - 47596 - ::1 Mozilla/5.0+(Windows+NT+10.0;+Win64;+x64)+AppleWebKit/537.36+(KHTML,+like+Gecko)+Chrome/60.0.3112.113+Safari/537.36 http://localhost:47596/Home/Index 200 0 0 105
2017-09-10 15:25:21 ::1 GET /Scripts/jquery.fancybox.css - 47596 - ::1 Mozilla/5.0+(Windows+NT+10.0;+Win64;+x64)+AppleWebKit/537.36+(KHTML,+like+Gecko)+Chrome/60.0.3112.113+Safari/537.36 http://localhost:47596/Home/Index 200 0 0 98
2017-09-10 15:25:21 ::1 GET /Scripts/jQueryRotate.js - 47596 - ::1 Mozilla/5.0+(Windows+NT+10.0;+Win64;+x64)+AppleWebKit/537.36+(KHTML,+like+Gecko)+Chrome/60.0.3112.113+Safari/537.36 http://localhost:47596/Home/Index 200 0 0 129
2017-09-10 15:25:21 ::1 GET /Scripts/jquery.twbsPagination.js - 47596 - ::1 Mozilla/5.0+(Windows+NT+10.0;+Win64;+x64)+AppleWebKit/537.36+(KHTML,+like+Gecko)+Chrome/60.0.3112.113+Safari/537.36 http://localhost:47596/Home/Index 200 0 0 68
2017-09-10 15:25:21 ::1 GET /Scripts/jquery.qtip.min.css - 47596 - ::1 Mozilla/5.0+(Windows+NT+10.0;+Win64;+x64)+AppleWebKit/537.36+(KHTML,+like+Gecko)+Chrome/60.0.3112.113+Safari/537.36 http://localhost:47596/Home/Index 200 0 0 162
2017-09-10 15:25:21 ::1 GET /Scripts/jquery.imgcheckbox.js - 47596 - ::1 Mozilla/5.0+(Windows+NT+10.0;+Win64;+x64)+AppleWebKit/537.36+(KHTML,+like+Gecko)+Chrome/60.0.3112.113+Safari/537.36 http://localhost:47596/Home/Index 200 0 0 27
2017-09-10 15:25:21 ::1 GET /Scripts/jquery.fancybox.js - 47596 - ::1 Mozilla/5.0+(Windows+NT+10.0;+Win64;+x64)+AppleWebKit/537.36+(KHTML,+like+Gecko)+Chrome/60.0.3112.113+Safari/537.36 http://localhost:47596/Home/Index 200 0 0 187
2017-09-10 15:25:21 ::1 GET /Scripts/jquery.qtip.min.js - 47596 - ::1 Mozilla/5.0+(Windows+NT+10.0;+Win64;+x64)+AppleWebKit/537.36+(KHTML,+like+Gecko)+Chrome/60.0.3112.113+Safari/537.36 http://localhost:47596/Home/Index 200 0 0 119
2017-09-10 15:25:21 ::1 GET /Content/bootstrap.css - 47596 - ::1 Mozilla/5.0+(Windows+NT+10.0;+Win64;+x64)+AppleWebKit/537.36+(KHTML,+like+Gecko)+Chrome/60.0.3112.113+Safari/537.36 http://localhost:47596/Home/Index 200 0 0 364
2017-09-10 15:25:21 ::1 GET /Scripts/bootstrap.js - 47596 - ::1 Mozilla/5.0+(Windows+NT+10.0;+Win64;+x64)+AppleWebKit/537.36+(KHTML,+like+Gecko)+Chrome/60.0.3112.113+Safari/537.36 http://localhost:47596/Home/Index 200 0 0 30
2017-09-10 15:25:21 ::1 GET /Scripts/respond.js - 47596 - ::1 Mozilla/5.0+(Windows+NT+10.0;+Win64;+x64)+AppleWebKit/537.36+(KHTML,+like+Gecko)+Chrome/60.0.3112.113+Safari/537.36 http://localhost:47596/Home/Index 200 0 0 58
2017-09-10 15:25:21 ::1 GET /Upload_Files/2017-09-06(1).png - 47596 - ::1 Mozilla/5.0+(Windows+NT+10.0;+Win64;+x64)+AppleWebKit/537.36+(KHTML,+like+Gecko)+Chrome/60.0.3112.113+Safari/537.36 http://localhost:47596/Home/Index 200 0 0 130
2017-09-10 15:25:21 ::1 GET /Upload_Files/2017-09-06(2).png - 47596 - ::1 Mozilla/5.0+(Windows+NT+10.0;+Win64;+x64)+AppleWebKit/537.36+(KHTML,+like+Gecko)+Chrome/60.0.3112.113+Safari/537.36 http://localhost:47596/Home/Index 200 0 0 45
2017-09-10 15:25:21 ::1 GET /Upload_Files/98201784251AM_98201784251AM.png - 47596 - ::1 Mozilla/5.0+(Windows+NT+10.0;+Win64;+x64)+AppleWebKit/537.36+(KHTML,+like+Gecko)+Chrome/60.0.3112.113+Safari/537.36 http://localhost:47596/Home/Index 200 0 0 65
2017-09-10 15:25:21 ::1 GET /Upload_Files/98201793914AM_98201793914AM.png - 47596 - ::1 Mozilla/5.0+(Windows+NT+10.0;+Win64;+x64)+AppleWebKit/537.36+(KHTML,+like+Gecko)+Chrome/60.0.3112.113+Safari/537.36 http://localhost:47596/Home/Index 200 0 0 16
2017-09-10 15:25:21 ::1 GET /Upload_Files/98201795312AM_98201795312AM.png - 47596 - ::1 Mozilla/5.0+(Windows+NT+10.0;+Win64;+x64)+AppleWebKit/537.36+(KHTML,+like+Gecko)+Chrome/60.0.3112.113+Safari/537.36 http://localhost:47596/Home/Index 200 0 0 36
2017-09-10 15:25:21 ::1 GET /Upload_Files/Photo+Aug+31,+1+19+08+PM.png - 47596 - ::1 Mozilla/5.0+(Windows+NT+10.0;+Win64;+x64)+AppleWebKit/537.36+(KHTML,+like+Gecko)+Chrome/60.0.3112.113+Safari/537.36 http://localhost:47596/Home/Index 200 0 0 51
2017-09-10 15:25:23 ::1 GET /__browserLink/requestData/213ae6702d6a4278a7187127e026d448 version=2 47596 - ::1 Mozilla/5.0+(Windows+NT+10.0;+Win64;+x64)+AppleWebKit/537.36+(KHTML,+like+Gecko)+Chrome/60.0.3112.113+Safari/537.36 http://localhost:47596/Home/Index 200 0 0 49
2017-09-10 15:25:41 ::1 HEAD /Upload_Files/2017-09-06(2).pdf - 47596 - ::1 Mozilla/5.0+(Windows+NT+10.0;+Win64;+x64)+AppleWebKit/537.36+(KHTML,+like+Gecko)+Chrome/60.0.3112.113+Safari/537.36 http://localhost:47596/Home/Index 404 0 2 2
2017-09-10 15:25:41 ::1 HEAD /Upload_Files/98201784251AM_98201784251AM.pdf - 47596 - ::1 Mozilla/5.0+(Windows+NT+10.0;+Win64;+x64)+AppleWebKit/537.36+(KHTML,+like+Gecko)+Chrome/60.0.3112.113+Safari/537.36 http://localhost:47596/Home/Index 404 0 2 2
2017-09-10 15:25:41 ::1 HEAD /Upload_Files/2017-09-06(1).pdf - 47596 - ::1 Mozilla/5.0+(Windows+NT+10.0;+Win64;+x64)+AppleWebKit/537.36+(KHTML,+like+Gecko)+Chrome/60.0.3112.113+Safari/537.36 http://localhost:47596/Home/Index 404 0 2 8
2017-09-10 15:25:42 ::1 HEAD /Upload_Files/98201793914AM_98201793914AM.pdf - 47596 - ::1 Mozilla/5.0+(Windows+NT+10.0;+Win64;+x64)+AppleWebKit/537.36+(KHTML,+like+Gecko)+Chrome/60.0.3112.113+Safari/537.36 http://localhost:47596/Home/Index 404 0 2 0
2017-09-10 15:25:42 ::1 HEAD /Upload_Files/98201795312AM_98201795312AM.pdf - 47596 - ::1 Mozilla/5.0+(Windows+NT+10.0;+Win64;+x64)+AppleWebKit/537.36+(KHTML,+like+Gecko)+Chrome/60.0.3112.113+Safari/537.36 http://localhost:47596/Home/Index 404 0 2 1
2017-09-10 15:25:44 ::1 HEAD /Upload_Files/Photo+Aug+31,+1+19+08+PM.pdf - 47596 - ::1 Mozilla/5.0+(Windows+NT+10.0;+Win64;+x64)+AppleWebKit/537.36+(KHTML,+like+Gecko)+Chrome/60.0.3112.113+Safari/537.36 http://localhost:47596/Home/Index 404 0 2 1
2017-09-10 15:25:46 ::1 HEAD /Upload_Files/98201793914AM_98201793914AM.pdf - 47596 - ::1 Mozilla/5.0+(Windows+NT+10.0;+Win64;+x64)+AppleWebKit/537.36+(KHTML,+like+Gecko)+Chrome/60.0.3112.113+Safari/537.36 http://localhost:47596/Home/Index 404 0 2 2
2017-09-10 15:25:46 ::1 HEAD /Upload_Files/98201784251AM_98201784251AM.pdf - 47596 - ::1 Mozilla/5.0+(Windows+NT+10.0;+Win64;+x64)+AppleWebKit/537.36+(KHTML,+like+Gecko)+Chrome/60.0.3112.113+Safari/537.36 http://localhost:47596/Home/Index 404 0 2 1
2017-09-10 15:25:48 ::1 HEAD /Upload_Files/2017-09-06(2).pdf - 47596 - ::1 Mozilla/5.0+(Windows+NT+10.0;+Win64;+x64)+AppleWebKit/537.36+(KHTML,+like+Gecko)+Chrome/60.0.3112.113+Safari/537.36 http://localhost:47596/Home/Index 404 0 2 0
2017-09-10 15:25:48 ::1 HEAD /Upload_Files/2017-09-06(1).pdf - 47596 - ::1 Mozilla/5.0+(Windows+NT+10.0;+Win64;+x64)+AppleWebKit/537.36+(KHTML,+like+Gecko)+Chrome/60.0.3112.113+Safari/537.36 http://localhost:47596/Home/Index 404 0 2 2
2017-09-10 15:25:54 ::1 GET /Scripts/jquery.qtip.min.map - 47596 - ::1 Mozilla/5.0+(Windows+NT+10.0;+Win64;+x64)+AppleWebKit/537.36+(KHTML,+like+Gecko)+Chrome/60.0.3112.113+Safari/537.36 - 404 0 2 4
2017-09-10 15:25:54 ::1 GET /Content/bootstrap.css.map - 47596 - ::1 Mozilla/5.0+(Windows+NT+10.0;+Win64;+x64)+AppleWebKit/537.36+(KHTML,+like+Gecko)+Chrome/60.0.3112.113+Safari/537.36 - 200 0 0 112
2017-09-10 15:26:34 ::1 GET /Home/Index - 47596 - ::1 Mozilla/5.0+(Windows+NT+10.0;+Win64;+x64)+AppleWebKit/537.36+(KHTML,+like+Gecko)+Chrome/60.0.3112.113+Safari/537.36 - 200 0 0 1100
2017-09-10 15:26:34 ::1 GET /favicon.ico - 47596 - ::1 Mozilla/5.0+(Windows+NT+10.0;+Win64;+x64)+AppleWebKit/537.36+(KHTML,+like+Gecko)+Chrome/60.0.3112.113+Safari/537.36 http://localhost:47596/Home/Index 200 0 0 30
2017-09-10 15:26:34 ::1 GET /__browserLink/requestData/2278f94d5aff45cbbd96568986a634f0 version=2 47596 - ::1 Mozilla/5.0+(Windows+NT+10.0;+Win64;+x64)+AppleWebKit/537.36+(KHTML,+like+Gecko)+Chrome/60.0.3112.113+Safari/537.36 http://localhost:47596/Home/Index 200 0 0 10
2017-09-10 15:26:40 ::1 HEAD /Upload_Files/98201795312AM_98201795312AM.pdf - 47596 - ::1 Mozilla/5.0+(Windows+NT+10.0;+Win64;+x64)+AppleWebKit/537.36+(KHTML,+like+Gecko)+Chrome/60.0.3112.113+Safari/537.36 http://localhost:47596/Home/Index 404 0 2 2
2017-09-10 15:26:40 ::1 HEAD /Upload_Files/Photo+Aug+31,+1+19+08+PM.pdf - 47596 - ::1 Mozilla/5.0+(Windows+NT+10.0;+Win64;+x64)+AppleWebKit/537.36+(KHTML,+like+Gecko)+Chrome/60.0.3112.113+Safari/537.36 http://localhost:47596/Home/Index 404 0 2 3
2017-09-10 15:26:40 ::1 HEAD /Upload_Files/98201793914AM_98201793914AM.pdf - 47596 - ::1 Mozilla/5.0+(Windows+NT+10.0;+Win64;+x64)+AppleWebKit/537.36+(KHTML,+like+Gecko)+Chrome/60.0.3112.113+Safari/537.36 http://localhost:47596/Home/Index 404 0 2 4
2017-09-10 15:26:43 ::1 HEAD /Upload_Files/98201784251AM_98201784251AM.pdf - 47596 - ::1 Mozilla/5.0+(Windows+NT+10.0;+Win64;+x64)+AppleWebKit/537.36+(KHTML,+like+Gecko)+Chrome/60.0.3112.113+Safari/537.36 http://localhost:47596/Home/Index 404 0 2 1
2017-09-10 15:26:43 ::1 HEAD /Upload_Files/98201793914AM_98201793914AM.pdf - 47596 - ::1 Mozilla/5.0+(Windows+NT+10.0;+Win64;+x64)+AppleWebKit/537.36+(KHTML,+like+Gecko)+Chrome/60.0.3112.113+Safari/537.36 http://localhost:47596/Home/Index 404 0 2 5
2017-09-10 15:26:43 ::1 HEAD /Upload_Files/2017-09-06(2).pdf - 47596 - ::1 Mozilla/5.0+(Windows+NT+10.0;+Win64;+x64)+AppleWebKit/537.36+(KHTML,+like+Gecko)+Chrome/60.0.3112.113+Safari/537.36 http://localhost:47596/Home/Index 404 0 2 2
2017-09-10 15:26:45 ::1 HEAD /Upload_Files/2017-09-06(2).pdf - 47596 - ::1 Mozilla/5.0+(Windows+NT+10.0;+Win64;+x64)+AppleWebKit/537.36+(KHTML,+like+Gecko)+Chrome/60.0.3112.113+Safari/537.36 http://localhost:47596/Home/Index 404 0 2 1
2017-09-10 15:26:45 ::1 HEAD /Upload_Files/98201784251AM_98201784251AM.pdf - 47596 - ::1 Mozilla/5.0+(Windows+NT+10.0;+Win64;+x64)+AppleWebKit/537.36+(KHTML,+like+Gecko)+Chrome/60.0.3112.113+Safari/537.36 http://localhost:47596/Home/Index 404 0 2 5
2017-09-10 15:26:45 ::1 HEAD /Upload_Files/2017-09-06(1).pdf - 47596 - ::1 Mozilla/5.0+(Windows+NT+10.0;+Win64;+x64)+AppleWebKit/537.36+(KHTML,+like+Gecko)+Chrome/60.0.3112.113+Safari/537.36 http://localhost:47596/Home/Index 404 0 2 7
2017-09-10 15:26:47 ::1 HEAD /Upload_Files/2017-09-06(1).pdf - 47596 - ::1 Mozilla/5.0+(Windows+NT+10.0;+Win64;+x64)+AppleWebKit/537.36+(KHTML,+like+Gecko)+Chrome/60.0.3112.113+Safari/537.36 http://localhost:47596/Home/Index 404 0 2 2
2017-09-10 15:26:47 ::1 HEAD /Upload_Files/2017-09-06(2).pdf - 47596 - ::1 Mozilla/5.0+(Windows+NT+10.0;+Win64;+x64)+AppleWebKit/537.36+(KHTML,+like+Gecko)+Chrome/60.0.3112.113+Safari/537.36 http://localhost:47596/Home/Index 404 0 2 2
2017-09-10 15:28:28 ::1 HEAD /Upload_Files/2017-09-06(1).pdf - 47596 - ::1 Mozilla/5.0+(Windows+NT+10.0;+Win64;+x64)+AppleWebKit/537.36+(KHTML,+like+Gecko)+Chrome/60.0.3112.113+Safari/537.36 http://localhost:47596/Home/Index 404 0 2 2
2017-09-10 15:28:28 ::1 HEAD /Upload_Files/2017-09-06(2).pdf - 47596 - ::1 Mozilla/5.0+(Windows+NT+10.0;+Win64;+x64)+AppleWebKit/537.36+(KHTML,+like+Gecko)+Chrome/60.0.3112.113+Safari/537.36 http://localhost:47596/Home/Index 404 0 2 2
2017-09-10 15:28:31 ::1 HEAD /Upload_Files/98201793914AM_98201793914AM.pdf - 47596 - ::1 Mozilla/5.0+(Windows+NT+10.0;+Win64;+x64)+AppleWebKit/537.36+(KHTML,+like+Gecko)+Chrome/60.0.3112.113+Safari/537.36 http://localhost:47596/Home/Index 404 0 2 1
2017-09-10 15:28:31 ::1 HEAD /Upload_Files/98201795312AM_98201795312AM.pdf - 47596 - ::1 Mozilla/5.0+(Windows+NT+10.0;+Win64;+x64)+AppleWebKit/537.36+(KHTML,+like+Gecko)+Chrome/60.0.3112.113+Safari/537.36 http://localhost:47596/Home/Index 404 0 2 2
2017-09-10 15:28:31 ::1 HEAD /Upload_Files/98201784251AM_98201784251AM.pdf - 47596 - ::1 Mozilla/5.0+(Windows+NT+10.0;+Win64;+x64)+AppleWebKit/537.36+(KHTML,+like+Gecko)+Chrome/60.0.3112.113+Safari/537.36 http://localhost:47596/Home/Index 404 0 2 4
2017-09-10 15:28:41 ::1 HEAD /Upload_Files/Photo+Aug+31,+1+19+08+PM.pdf - 47596 - ::1 Mozilla/5.0+(Windows+NT+10.0;+Win64;+x64)+AppleWebKit/537.36+(KHTML,+like+Gecko)+Chrome/60.0.3112.113+Safari/537.36 http://localhost:47596/Home/Index 404 0 2 1
2017-09-10 15:28:41 ::1 HEAD /Upload_Files/98201795312AM_98201795312AM.pdf - 47596 - ::1 Mozilla/5.0+(Windows+NT+10.0;+Win64;+x64)+AppleWebKit/537.36+(KHTML,+like+Gecko)+Chrome/60.0.3112.113+Safari/537.36 http://localhost:47596/Home/Index 404 0 2 2
2017-09-10 15:28:45 ::1 HEAD /Upload_Files/98201784251AM_98201784251AM.pdf - 47596 - ::1 Mozilla/5.0+(Windows+NT+10.0;+Win64;+x64)+AppleWebKit/537.36+(KHTML,+like+Gecko)+Chrome/60.0.3112.113+Safari/537.36 http://localhost:47596/Home/Index 404 0 2 1
2017-09-10 15:28:45 ::1 HEAD /Upload_Files/98201793914AM_98201793914AM.pdf - 47596 - ::1 Mozilla/5.0+(Windows+NT+10.0;+Win64;+x64)+AppleWebKit/537.36+(KHTML,+like+Gecko)+Chrome/60.0.3112.113+Safari/537.36 http://localhost:47596/Home/Index 404 0 2 3
2017-09-10 15:28:45 ::1 HEAD /Upload_Files/2017-09-06(2).pdf - 47596 - ::1 Mozilla/5.0+(Windows+NT+10.0;+Win64;+x64)+AppleWebKit/537.36+(KHTML,+like+Gecko)+Chrome/60.0.3112.113+Safari/537.36 http://localhost:47596/Home/Index 404 0 2 5
2017-09-10 15:28:48 ::1 HEAD /Upload_Files/Photo+Aug+31,+1+19+08+PM.pdf - 47596 - ::1 Mozilla/5.0+(Windows+NT+10.0;+Win64;+x64)+AppleWebKit/537.36+(KHTML,+like+Gecko)+Chrome/60.0.3112.113+Safari/537.36 http://localhost:47596/Home/Index 404 0 2 4
2017-09-10 15:28:48 ::1 HEAD /Upload_Files/98201795312AM_98201795312AM.pdf - 47596 - ::1 Mozilla/5.0+(Windows+NT+10.0;+Win64;+x64)+AppleWebKit/537.36+(KHTML,+like+Gecko)+Chrome/60.0.3112.113+Safari/537.36 http://localhost:47596/Home/Index 404 0 2 1
