#Software: Microsoft Internet Information Services 8.0
#Version: 1.0
#Date: 2018-02-05 13:22:38
#Fields: date time s-ip cs-method cs-uri-stem cs-uri-query s-port cs-username c-ip cs(User-Agent) cs(Referer) sc-status sc-substatus sc-win32-status time-taken
2018-02-05 13:22:38 ::1 GET /Home/Index - 47596 - ::1 Mozilla/5.0+(Windows+NT+10.0;+Win64;+x64)+AppleWebKit/537.36+(KHTML,+like+Gecko)+Chrome/63.0.3239.132+Safari/537.36 - 200 0 0 41469
2018-02-05 13:22:38 ::1 GET /Scripts/modernizr-2.6.2.js - 47596 - ::1 Mozilla/5.0+(Windows+NT+10.0;+Win64;+x64)+AppleWebKit/537.36+(KHTML,+like+Gecko)+Chrome/63.0.3239.132+Safari/537.36 http://localhost:47596/Home/Index 200 0 0 28
2018-02-05 13:22:38 ::1 GET /Content/site.css - 47596 - ::1 Mozilla/5.0+(Windows+NT+10.0;+Win64;+x64)+AppleWebKit/537.36+(KHTML,+like+Gecko)+Chrome/63.0.3239.132+Safari/537.36 http://localhost:47596/Home/Index 200 0 0 187
2018-02-05 13:22:38 ::1 GET /Content/jquery.fancybox.css - 47596 - ::1 Mozilla/5.0+(Windows+NT+10.0;+Win64;+x64)+AppleWebKit/537.36+(KHTML,+like+Gecko)+Chrome/63.0.3239.132+Safari/537.36 http://localhost:47596/Home/Index 200 0 0 201
2018-02-05 13:22:38 ::1 GET /Scripts/jquery.fancybox.css - 47596 - ::1 Mozilla/5.0+(Windows+NT+10.0;+Win64;+x64)+AppleWebKit/537.36+(KHTML,+like+Gecko)+Chrome/63.0.3239.132+Safari/537.36 http://localhost:47596/Home/Index 200 0 0 318
2018-02-05 13:22:38 ::1 GET /Scripts/jquery.mousewheel-3.0.6.pack.js - 47596 - ::1 Mozilla/5.0+(Windows+NT+10.0;+Win64;+x64)+AppleWebKit/537.36+(KHTML,+like+Gecko)+Chrome/63.0.3239.132+Safari/537.36 http://localhost:47596/Home/Index 200 0 0 151
2018-02-05 13:22:38 ::1 GET /Scripts/jquery-1.8.2.min.js - 47596 - ::1 Mozilla/5.0+(Windows+NT+10.0;+Win64;+x64)+AppleWebKit/537.36+(KHTML,+like+Gecko)+Chrome/63.0.3239.132+Safari/537.36 http://localhost:47596/Home/Index 200 0 0 380
2018-02-05 13:22:38 ::1 GET /Scripts/jquery.qtip.min.css - 47596 - ::1 Mozilla/5.0+(Windows+NT+10.0;+Win64;+x64)+AppleWebKit/537.36+(KHTML,+like+Gecko)+Chrome/63.0.3239.132+Safari/537.36 http://localhost:47596/Home/Index 200 0 0 425
2018-02-05 13:22:38 ::1 GET /Content/bootstrap.css - 47596 - ::1 Mozilla/5.0+(Windows+NT+10.0;+Win64;+x64)+AppleWebKit/537.36+(KHTML,+like+Gecko)+Chrome/63.0.3239.132+Safari/537.36 http://localhost:47596/Home/Index 200 0 0 502
2018-02-05 13:22:39 ::1 GET /Scripts/jquery.twbsPagination.js - 47596 - ::1 Mozilla/5.0+(Windows+NT+10.0;+Win64;+x64)+AppleWebKit/537.36+(KHTML,+like+Gecko)+Chrome/63.0.3239.132+Safari/537.36 http://localhost:47596/Home/Index 200 0 0 304
2018-02-05 13:22:39 ::1 GET /Scripts/jquery.fancybox.js - 47596 - ::1 Mozilla/5.0+(Windows+NT+10.0;+Win64;+x64)+AppleWebKit/537.36+(KHTML,+like+Gecko)+Chrome/63.0.3239.132+Safari/537.36 http://localhost:47596/Home/Index 200 0 0 471
2018-02-05 13:22:39 ::1 GET /Scripts/jquery.imgcheckbox.js - 47596 - ::1 Mozilla/5.0+(Windows+NT+10.0;+Win64;+x64)+AppleWebKit/537.36+(KHTML,+like+Gecko)+Chrome/63.0.3239.132+Safari/537.36 http://localhost:47596/Home/Index 200 0 0 434
2018-02-05 13:22:39 ::1 GET /Scripts/jQueryRotate.js - 47596 - ::1 Mozilla/5.0+(Windows+NT+10.0;+Win64;+x64)+AppleWebKit/537.36+(KHTML,+like+Gecko)+Chrome/63.0.3239.132+Safari/537.36 http://localhost:47596/Home/Index 200 0 0 805
2018-02-05 13:22:39 ::1 GET /Scripts/bootstrap.js - 47596 - ::1 Mozilla/5.0+(Windows+NT+10.0;+Win64;+x64)+AppleWebKit/537.36+(KHTML,+like+Gecko)+Chrome/63.0.3239.132+Safari/537.36 http://localhost:47596/Home/Index 200 0 0 25
2018-02-05 13:22:39 ::1 GET /Scripts/jquery.qtip.min.js - 47596 - ::1 Mozilla/5.0+(Windows+NT+10.0;+Win64;+x64)+AppleWebKit/537.36+(KHTML,+like+Gecko)+Chrome/63.0.3239.132+Safari/537.36 http://localhost:47596/Home/Index 200 0 0 779
2018-02-05 13:22:39 ::1 GET /Scripts/respond.js - 47596 - ::1 Mozilla/5.0+(Windows+NT+10.0;+Win64;+x64)+AppleWebKit/537.36+(KHTML,+like+Gecko)+Chrome/63.0.3239.132+Safari/537.36 http://localhost:47596/Home/Index 200 0 0 19
2018-02-05 13:22:39 ::1 GET /Upload_Files/2017-09-06+(1).png - 47596 - ::1 Mozilla/5.0+(Windows+NT+10.0;+Win64;+x64)+AppleWebKit/537.36+(KHTML,+like+Gecko)+Chrome/63.0.3239.132+Safari/537.36 http://localhost:47596/Home/Index 200 0 0 99
2018-02-05 13:22:39 ::1 GET /Upload_Files/2017-09-06+(2).png - 47596 - ::1 Mozilla/5.0+(Windows+NT+10.0;+Win64;+x64)+AppleWebKit/537.36+(KHTML,+like+Gecko)+Chrome/63.0.3239.132+Safari/537.36 http://localhost:47596/Home/Index 200 0 0 17
2018-02-05 13:22:41 ::1 GET /Upload_Files/21062016105940.jpg - 47596 - ::1 Mozilla/5.0+(Windows+NT+10.0;+Win64;+x64)+AppleWebKit/537.36+(KHTML,+like+Gecko)+Chrome/63.0.3239.132+Safari/537.36 http://localhost:47596/Home/Index 200 0 0 28
2018-02-05 13:22:41 ::1 GET /Upload_Files/2017-09-06(2).png - 47596 - ::1 Mozilla/5.0+(Windows+NT+10.0;+Win64;+x64)+AppleWebKit/537.36+(KHTML,+like+Gecko)+Chrome/63.0.3239.132+Safari/537.36 http://localhost:47596/Home/Index 200 0 0 35
2018-02-05 13:22:41 ::1 GET /Upload_Files/2017-09-06.png - 47596 - ::1 Mozilla/5.0+(Windows+NT+10.0;+Win64;+x64)+AppleWebKit/537.36+(KHTML,+like+Gecko)+Chrome/63.0.3239.132+Safari/537.36 http://localhost:47596/Home/Index 200 0 0 231
2018-02-05 13:22:41 ::1 GET /Upload_Files/2017-09-06(1).png - 47596 - ::1 Mozilla/5.0+(Windows+NT+10.0;+Win64;+x64)+AppleWebKit/537.36+(KHTML,+like+Gecko)+Chrome/63.0.3239.132+Safari/537.36 http://localhost:47596/Home/Index 200 0 0 233
2018-02-05 13:22:41 ::1 GET /Upload_Files/35138662_REPAYMENT.png - 47596 - ::1 Mozilla/5.0+(Windows+NT+10.0;+Win64;+x64)+AppleWebKit/537.36+(KHTML,+like+Gecko)+Chrome/63.0.3239.132+Safari/537.36 http://localhost:47596/Home/Index 200 0 0 352
2018-02-05 13:22:41 ::1 GET /Upload_Files/98201784251AM_98201784251AM.png - 47596 - ::1 Mozilla/5.0+(Windows+NT+10.0;+Win64;+x64)+AppleWebKit/537.36+(KHTML,+like+Gecko)+Chrome/63.0.3239.132+Safari/537.36 http://localhost:47596/Home/Index 200 0 0 66
2018-02-05 13:22:41 ::1 GET /Upload_Files/911201751215AM_911201751215AM.png - 47596 - ::1 Mozilla/5.0+(Windows+NT+10.0;+Win64;+x64)+AppleWebKit/537.36+(KHTML,+like+Gecko)+Chrome/63.0.3239.132+Safari/537.36 http://localhost:47596/Home/Index 200 0 0 209
2018-02-05 13:22:41 ::1 GET /Upload_Files/98201795312AM_98201795312AM.png - 47596 - ::1 Mozilla/5.0+(Windows+NT+10.0;+Win64;+x64)+AppleWebKit/537.36+(KHTML,+like+Gecko)+Chrome/63.0.3239.132+Safari/537.36 http://localhost:47596/Home/Index 200 0 0 64
2018-02-05 13:22:41 ::1 GET /Upload_Files/98201793914AM_98201793914AM.png - 47596 - ::1 Mozilla/5.0+(Windows+NT+10.0;+Win64;+x64)+AppleWebKit/537.36+(KHTML,+like+Gecko)+Chrome/63.0.3239.132+Safari/537.36 http://localhost:47596/Home/Index 200 0 0 85
2018-02-05 13:22:43 ::1 GET /Upload_Files/2017-09-06+(3).png - 47596 - ::1 Mozilla/5.0+(Windows+NT+10.0;+Win64;+x64)+AppleWebKit/537.36+(KHTML,+like+Gecko)+Chrome/63.0.3239.132+Safari/537.36 http://localhost:47596/Home/Index 200 0 0 3689
2018-02-05 13:22:47 ::1 GET /Upload_Files/Photo+Aug+31,+1+19+08+PM.png - 47596 - ::1 Mozilla/5.0+(Windows+NT+10.0;+Win64;+x64)+AppleWebKit/537.36+(KHTML,+like+Gecko)+Chrome/63.0.3239.132+Safari/537.36 http://localhost:47596/Home/Index 200 0 0 459
2018-02-05 13:22:47 ::1 GET /Upload_Files/Photo+Aug+10,+10+28+12+AM.jpg - 47596 - ::1 Mozilla/5.0+(Windows+NT+10.0;+Win64;+x64)+AppleWebKit/537.36+(KHTML,+like+Gecko)+Chrome/63.0.3239.132+Safari/537.36 http://localhost:47596/Home/Index 200 0 0 5713
2018-02-05 13:22:47 ::1 GET /Upload_Files/ExifTest.jpg - 47596 - ::1 Mozilla/5.0+(Windows+NT+10.0;+Win64;+x64)+AppleWebKit/537.36+(KHTML,+like+Gecko)+Chrome/63.0.3239.132+Safari/537.36 http://localhost:47596/Home/Index 200 0 0 5849
2018-02-05 13:22:47 ::1 GET /Upload_Files/Photo+Aug+10,+10+28+12+AM+(1).jpg - 47596 - ::1 Mozilla/5.0+(Windows+NT+10.0;+Win64;+x64)+AppleWebKit/537.36+(KHTML,+like+Gecko)+Chrome/63.0.3239.132+Safari/537.36 http://localhost:47596/Home/Index 200 0 0 5799
2018-02-05 13:22:47 ::1 GET /Upload_Files/Photo+Aug+10,+10+28+12+AM+(2).jpg - 47596 - ::1 Mozilla/5.0+(Windows+NT+10.0;+Win64;+x64)+AppleWebKit/537.36+(KHTML,+like+Gecko)+Chrome/63.0.3239.132+Safari/537.36 http://localhost:47596/Home/Index 200 0 0 5778
2018-02-05 13:22:48 ::1 GET /Upload_Files/Photo+Aug+09,+3+17+15+PM.jpg - 47596 - ::1 Mozilla/5.0+(Windows+NT+10.0;+Win64;+x64)+AppleWebKit/537.36+(KHTML,+like+Gecko)+Chrome/63.0.3239.132+Safari/537.36 http://localhost:47596/Home/Index 200 0 0 7140
2018-02-05 13:22:48 ::1 GET /Upload_Files/Thumb_PhotoAug11122531PM.png - 47596 - ::1 Mozilla/5.0+(Windows+NT+10.0;+Win64;+x64)+AppleWebKit/537.36+(KHTML,+like+Gecko)+Chrome/63.0.3239.132+Safari/537.36 http://localhost:47596/Home/Index 200 0 0 244
2018-02-05 13:22:50 ::1 GET /Upload_Files/PhotoAug11122531PM.png - 47596 - ::1 Mozilla/5.0+(Windows+NT+10.0;+Win64;+x64)+AppleWebKit/537.36+(KHTML,+like+Gecko)+Chrome/63.0.3239.132+Safari/537.36 http://localhost:47596/Home/Index 200 0 0 1105
2018-02-05 13:22:50 ::1 GET /Upload_Files/PhotoAug3111908PM.png - 47596 - ::1 Mozilla/5.0+(Windows+NT+10.0;+Win64;+x64)+AppleWebKit/537.36+(KHTML,+like+Gecko)+Chrome/63.0.3239.132+Safari/537.36 http://localhost:47596/Home/Index 200 0 0 1078
2018-02-05 13:22:50 ::1 GET /Upload_Files/Photo+Jul+28,+3+16+26+PM.jpg - 47596 - ::1 Mozilla/5.0+(Windows+NT+10.0;+Win64;+x64)+AppleWebKit/537.36+(KHTML,+like+Gecko)+Chrome/63.0.3239.132+Safari/537.36 http://localhost:47596/Home/Index 200 0 0 2442
2018-02-05 13:22:50 ::1 GET /Upload_Files/PhotoAug0,72304PM.jpg - 47596 - ::1 Mozilla/5.0+(Windows+NT+10.0;+Win64;+x64)+AppleWebKit/537.36+(KHTML,+like+Gecko)+Chrome/63.0.3239.132+Safari/537.36 http://localhost:47596/Home/Index 200 0 0 2239
2018-02-05 13:22:56 ::1 GET /__browserLink/requestData/355a343240a3468a8c902e40683e3c61 version=2 47596 - ::1 Mozilla/5.0+(Windows+NT+10.0;+Win64;+x64)+AppleWebKit/537.36+(KHTML,+like+Gecko)+Chrome/63.0.3239.132+Safari/537.36 http://localhost:47596/Home/Index 200 0 0 574
2018-02-05 13:23:19 ::1 GET /Scripts/jquery.qtip.min.map - 47596 - ::1 Mozilla/5.0+(Windows+NT+10.0;+Win64;+x64)+AppleWebKit/537.36+(KHTML,+like+Gecko)+Chrome/63.0.3239.132+Safari/537.36 - 404 0 2 0
2018-02-05 13:23:19 ::1 GET /Content/bootstrap.css.map - 47596 - ::1 Mozilla/5.0+(Windows+NT+10.0;+Win64;+x64)+AppleWebKit/537.36+(KHTML,+like+Gecko)+Chrome/63.0.3239.132+Safari/537.36 - 200 0 0 401
2018-02-05 13:24:46 ::1 HEAD /ViewerJS/ViewerJS/ - 47596 - ::1 Mozilla/5.0+(Windows+NT+10.0;+Win64;+x64)+AppleWebKit/537.36+(KHTML,+like+Gecko)+Chrome/63.0.3239.132+Safari/537.36 http://localhost:47596/Home/Index 404 0 0 1728
2018-02-05 13:24:46 ::1 HEAD /ViewerJS/Upload_Files/2017-09-06+(2).pdf - 47596 - ::1 Mozilla/5.0+(Windows+NT+10.0;+Win64;+x64)+AppleWebKit/537.36+(KHTML,+like+Gecko)+Chrome/63.0.3239.132+Safari/537.36 http://localhost:47596/Home/Index 404 0 2 2
2018-02-05 13:24:48 ::1 GET /ViewerJS/ - 47596 - ::1 Mozilla/5.0+(Windows+NT+10.0;+Win64;+x64)+AppleWebKit/537.36+(KHTML,+like+Gecko)+Chrome/63.0.3239.132+Safari/537.36 http://localhost:47596/Home/Index 200 0 0 1021
2018-02-05 13:24:48 ::1 GET /ViewerJS/images/toolbarButton-pageUp.png - 47596 - ::1 Mozilla/5.0+(Windows+NT+10.0;+Win64;+x64)+AppleWebKit/537.36+(KHTML,+like+Gecko)+Chrome/63.0.3239.132+Safari/537.36 http://localhost:47596/ViewerJS/ 200 0 0 186
2018-02-05 13:24:48 ::1 GET /ViewerJS/images/toolbarButton-pageDown.png - 47596 - ::1 Mozilla/5.0+(Windows+NT+10.0;+Win64;+x64)+AppleWebKit/537.36+(KHTML,+like+Gecko)+Chrome/63.0.3239.132+Safari/537.36 http://localhost:47596/ViewerJS/ 200 0 0 195
2018-02-05 13:24:48 ::1 GET /ViewerJS/images/toolbarButton-zoomIn.png - 47596 - ::1 Mozilla/5.0+(Windows+NT+10.0;+Win64;+x64)+AppleWebKit/537.36+(KHTML,+like+Gecko)+Chrome/63.0.3239.132+Safari/537.36 http://localhost:47596/ViewerJS/ 200 0 0 8
2018-02-05 13:24:48 ::1 GET /ViewerJS/images/toolbarButton-presentation.png - 47596 - ::1 Mozilla/5.0+(Windows+NT+10.0;+Win64;+x64)+AppleWebKit/537.36+(KHTML,+like+Gecko)+Chrome/63.0.3239.132+Safari/537.36 http://localhost:47596/ViewerJS/ 200 0 0 266
2018-02-05 13:24:48 ::1 GET /ViewerJS/images/toolbarButton-fullscreen.png - 47596 - ::1 Mozilla/5.0+(Windows+NT+10.0;+Win64;+x64)+AppleWebKit/537.36+(KHTML,+like+Gecko)+Chrome/63.0.3239.132+Safari/537.36 http://localhost:47596/ViewerJS/ 200 0 0 265
2018-02-05 13:24:48 ::1 GET /ViewerJS/images/texture.png - 47596 - ::1 Mozilla/5.0+(Windows+NT+10.0;+Win64;+x64)+AppleWebKit/537.36+(KHTML,+like+Gecko)+Chrome/63.0.3239.132+Safari/537.36 http://localhost:47596/ViewerJS/ 200 0 0 267
2018-02-05 13:24:48 ::1 GET /ViewerJS/images/toolbarButton-download.png - 47596 - ::1 Mozilla/5.0+(Windows+NT+10.0;+Win64;+x64)+AppleWebKit/537.36+(KHTML,+like+Gecko)+Chrome/63.0.3239.132+Safari/537.36 http://localhost:47596/ViewerJS/ 200 0 0 266
2018-02-05 13:24:48 ::1 GET /ViewerJS/images/toolbarButton-zoomOut.png - 47596 - ::1 Mozilla/5.0+(Windows+NT+10.0;+Win64;+x64)+AppleWebKit/537.36+(KHTML,+like+Gecko)+Chrome/63.0.3239.132+Safari/537.36 http://localhost:47596/ViewerJS/ 200 0 0 13
2018-02-05 13:24:48 ::1 GET /ViewerJS/images/toolbarButton-menuArrows.png - 47596 - ::1 Mozilla/5.0+(Windows+NT+10.0;+Win64;+x64)+AppleWebKit/537.36+(KHTML,+like+Gecko)+Chrome/63.0.3239.132+Safari/537.36 http://localhost:47596/ViewerJS/ 200 0 0 14
2018-02-05 13:24:49 ::1 HEAD /https:/ocrdevstorage.blob.core.windows.net/cdn/receiptuploads/gorillaproqc1/qcemployee7.gorilla@gmail.com/116201892549AM_116201892549AM.pdf - 47596 - ::1 Mozilla/5.0+(Windows+NT+10.0;+Win64;+x64)+AppleWebKit/537.36+(KHTML,+like+Gecko)+Chrome/63.0.3239.132+Safari/537.36 http://localhost:47596/ViewerJS/ 404 0 2 8
2018-02-05 13:24:49 ::1 GET /ViewerJS/images/nlnet.png - 47596 - ::1 Mozilla/5.0+(Windows+NT+10.0;+Win64;+x64)+AppleWebKit/537.36+(KHTML,+like+Gecko)+Chrome/63.0.3239.132+Safari/537.36 http://localhost:47596/ViewerJS/ 200 0 0 229
2018-02-05 13:24:49 ::1 GET /ViewerJS/images/kogmbh.png - 47596 - ::1 Mozilla/5.0+(Windows+NT+10.0;+Win64;+x64)+AppleWebKit/537.36+(KHTML,+like+Gecko)+Chrome/63.0.3239.132+Safari/537.36 http://localhost:47596/ViewerJS/ 200 0 0 234
2018-02-05 13:24:49 ::1 GET /ViewerJS/compatibility.js - 47596 - ::1 Mozilla/5.0+(Windows+NT+10.0;+Win64;+x64)+AppleWebKit/537.36+(KHTML,+like+Gecko)+Chrome/63.0.3239.132+Safari/537.36 http://localhost:47596/ViewerJS/ 200 0 0 236
2018-02-05 13:24:49 ::1 GET /ViewerJS/pdfjsversion.js - 47596 - ::1 Mozilla/5.0+(Windows+NT+10.0;+Win64;+x64)+AppleWebKit/537.36+(KHTML,+like+Gecko)+Chrome/63.0.3239.132+Safari/537.36 http://localhost:47596/ViewerJS/ 200 0 0 15
2018-02-05 13:24:49 ::1 GET /ViewerJS/ui_utils.js - 47596 - ::1 Mozilla/5.0+(Windows+NT+10.0;+Win64;+x64)+AppleWebKit/537.36+(KHTML,+like+Gecko)+Chrome/63.0.3239.132+Safari/537.36 http://localhost:47596/ViewerJS/ 200 0 0 109
2018-02-05 13:24:49 ::1 GET /ViewerJS/text_layer_builder.js - 47596 - ::1 Mozilla/5.0+(Windows+NT+10.0;+Win64;+x64)+AppleWebKit/537.36+(KHTML,+like+Gecko)+Chrome/63.0.3239.132+Safari/537.36 http://localhost:47596/ViewerJS/ 200 0 0 109
2018-02-05 13:24:49 ::1 GET /ViewerJS/pdf.js - 47596 - ::1 Mozilla/5.0+(Windows+NT+10.0;+Win64;+x64)+AppleWebKit/537.36+(KHTML,+like+Gecko)+Chrome/63.0.3239.132+Safari/537.36 http://localhost:47596/ViewerJS/ 200 0 0 187
2018-02-05 13:24:50 ::1 GET /ViewerJS/pdf.worker.js - 47596 - ::1 Mozilla/5.0+(Windows+NT+10.0;+Win64;+x64)+AppleWebKit/537.36+(KHTML,+like+Gecko)+Chrome/63.0.3239.132+Safari/537.36 http://localhost:47596/ViewerJS/ 200 0 0 339
2018-02-05 13:24:50 ::1 GET /https:/ocrdevstorage.blob.core.windows.net/cdn/receiptuploads/gorillaproqc1/qcemployee7.gorilla@gmail.com/116201892549AM_116201892549AM.pdf - 47596 - ::1 Mozilla/5.0+(Windows+NT+10.0;+Win64;+x64)+AppleWebKit/537.36+(KHTML,+like+Gecko)+Chrome/63.0.3239.132+Safari/537.36 http://localhost:47596/ViewerJS/pdf.worker.js 404 0 2 15
2018-02-05 13:25:27 ::1 HEAD /ViewerJS/Upload_Files/2017-09-06+(3).pdf - 47596 - ::1 Mozilla/5.0+(Windows+NT+10.0;+Win64;+x64)+AppleWebKit/537.36+(KHTML,+like+Gecko)+Chrome/63.0.3239.132+Safari/537.36 http://localhost:47596/Home/Index 404 0 2 2
2018-02-05 13:25:29 ::1 HEAD /ViewerJS/ViewerJS/ - 47596 - ::1 Mozilla/5.0+(Windows+NT+10.0;+Win64;+x64)+AppleWebKit/537.36+(KHTML,+like+Gecko)+Chrome/63.0.3239.132+Safari/537.36 http://localhost:47596/Home/Index 404 0 0 31
2018-02-05 13:25:29 ::1 HEAD /https:/ocrdevstorage.blob.core.windows.net/cdn/receiptuploads/gorillaproqc1/qcemployee7.gorilla@gmail.com/116201892549AM_116201892549AM.pdf - 47596 - ::1 Mozilla/5.0+(Windows+NT+10.0;+Win64;+x64)+AppleWebKit/537.36+(KHTML,+like+Gecko)+Chrome/63.0.3239.132+Safari/537.36 http://localhost:47596/ViewerJS/ 404 0 2 2
2018-02-05 13:25:29 ::1 GET /https:/ocrdevstorage.blob.core.windows.net/cdn/receiptuploads/gorillaproqc1/qcemployee7.gorilla@gmail.com/116201892549AM_116201892549AM.pdf - 47596 - ::1 Mozilla/5.0+(Windows+NT+10.0;+Win64;+x64)+AppleWebKit/537.36+(KHTML,+like+Gecko)+Chrome/63.0.3239.132+Safari/537.36 http://localhost:47596/ViewerJS/pdf.worker.js 404 0 2 5
2018-02-05 13:26:28 ::1 GET /Scripts/jquery.qtip.min.map - 47596 - ::1 Mozilla/5.0+(Windows+NT+10.0;+Win64;+x64)+AppleWebKit/537.36+(KHTML,+like+Gecko)+Chrome/63.0.3239.132+Safari/537.36 - 404 0 2 3
2018-02-05 13:26:41 ::1 HEAD /ViewerJS/ViewerJS/ - 47596 - ::1 Mozilla/5.0+(Windows+NT+10.0;+Win64;+x64)+AppleWebKit/537.36+(KHTML,+like+Gecko)+Chrome/63.0.3239.132+Safari/537.36 http://localhost:47596/Home/Index 404 0 0 254
2018-02-05 13:26:41 ::1 HEAD /ViewerJS/Upload_Files/2017-09-06+(2).pdf - 47596 - ::1 Mozilla/5.0+(Windows+NT+10.0;+Win64;+x64)+AppleWebKit/537.36+(KHTML,+like+Gecko)+Chrome/63.0.3239.132+Safari/537.36 http://localhost:47596/Home/Index 404 0 2 4
2018-02-05 13:26:41 ::1 HEAD /https:/ocrdevstorage.blob.core.windows.net/cdn/receiptuploads/gorillaproqc1/qcemployee7.gorilla@gmail.com/116201892549AM_116201892549AM.pdf - 47596 - ::1 Mozilla/5.0+(Windows+NT+10.0;+Win64;+x64)+AppleWebKit/537.36+(KHTML,+like+Gecko)+Chrome/63.0.3239.132+Safari/537.36 http://localhost:47596/ViewerJS/ 404 0 2 21
2018-02-05 13:26:41 ::1 GET /https:/ocrdevstorage.blob.core.windows.net/cdn/receiptuploads/gorillaproqc1/qcemployee7.gorilla@gmail.com/116201892549AM_116201892549AM.pdf - 47596 - ::1 Mozilla/5.0+(Windows+NT+10.0;+Win64;+x64)+AppleWebKit/537.36+(KHTML,+like+Gecko)+Chrome/63.0.3239.132+Safari/537.36 http://localhost:47596/ViewerJS/pdf.worker.js 404 0 2 1
2018-02-05 13:27:09 ::1 HEAD /ViewerJS/ViewerJS/ - 47596 - ::1 Mozilla/5.0+(Windows+NT+10.0;+Win64;+x64)+AppleWebKit/537.36+(KHTML,+like+Gecko)+Chrome/63.0.3239.132+Safari/537.36 http://localhost:47596/Home/Index 404 0 0 41
2018-02-05 13:27:09 ::1 HEAD /ViewerJS/Upload_Files/2017-09-06+(2).pdf - 47596 - ::1 Mozilla/5.0+(Windows+NT+10.0;+Win64;+x64)+AppleWebKit/537.36+(KHTML,+like+Gecko)+Chrome/63.0.3239.132+Safari/537.36 http://localhost:47596/Home/Index 404 0 2 1
2018-02-05 13:27:09 ::1 HEAD /https:/ocrdevstorage.blob.core.windows.net/cdn/receiptuploads/gorillaproqc1/qcemployee7.gorilla@gmail.com/116201892549AM_116201892549AM.pdf - 47596 - ::1 Mozilla/5.0+(Windows+NT+10.0;+Win64;+x64)+AppleWebKit/537.36+(KHTML,+like+Gecko)+Chrome/63.0.3239.132+Safari/537.36 http://localhost:47596/ViewerJS/ 404 0 2 16
2018-02-05 13:27:09 ::1 GET /https:/ocrdevstorage.blob.core.windows.net/cdn/receiptuploads/gorillaproqc1/qcemployee7.gorilla@gmail.com/116201892549AM_116201892549AM.pdf - 47596 - ::1 Mozilla/5.0+(Windows+NT+10.0;+Win64;+x64)+AppleWebKit/537.36+(KHTML,+like+Gecko)+Chrome/63.0.3239.132+Safari/537.36 http://localhost:47596/ViewerJS/pdf.worker.js 404 0 2 0
2018-02-05 13:27:21 ::1 GET /Scripts/jquery.qtip.min.map - 47596 - ::1 Mozilla/5.0+(Windows+NT+10.0;+Win64;+x64)+AppleWebKit/537.36+(KHTML,+like+Gecko)+Chrome/63.0.3239.132+Safari/537.36 - 404 0 2 7
2018-02-05 13:27:48 ::1 GET /Scripts/jquery.qtip.min.map - 47596 - ::1 Mozilla/5.0+(Windows+NT+10.0;+Win64;+x64)+AppleWebKit/537.36+(KHTML,+like+Gecko)+Chrome/63.0.3239.132+Safari/537.36 - 404 0 2 4
2018-02-05 13:28:36 ::1 GET /https:/ocrdevstorage.blob.core.windows.net/cdn/receiptuploads/gorillaproqc1/qcemployee7.gorilla@gmail.com/116201892549AM_116201892549AM.pdf - 47596 - ::1 Mozilla/5.0+(Windows+NT+10.0;+Win64;+x64)+AppleWebKit/537.36+(KHTML,+like+Gecko)+Chrome/63.0.3239.132+Safari/537.36 - 404 0 2 16
2018-02-05 13:29:01 ::1 HEAD /ViewerJS/ViewerJS/ - 47596 - ::1 Mozilla/5.0+(Windows+NT+10.0;+Win64;+x64)+AppleWebKit/537.36+(KHTML,+like+Gecko)+Chrome/63.0.3239.132+Safari/537.36 http://localhost:47596/Home/Index 404 0 0 45
2018-02-05 13:29:04 ::1 HEAD /ViewerJS/Upload_Files/2017-09-06+(2).pdf - 47596 - ::1 Mozilla/5.0+(Windows+NT+10.0;+Win64;+x64)+AppleWebKit/537.36+(KHTML,+like+Gecko)+Chrome/63.0.3239.132+Safari/537.36 http://localhost:47596/Home/Index 404 0 2 4
2018-02-05 13:29:07 ::1 HEAD /https:/ocrdevstorage.blob.core.windows.net/cdn/receiptuploads/gorillaproqc1/qcemployee7.gorilla@gmail.com/116201892549AM_116201892549AM.pdf - 47596 - ::1 Mozilla/5.0+(Windows+NT+10.0;+Win64;+x64)+AppleWebKit/537.36+(KHTML,+like+Gecko)+Chrome/63.0.3239.132+Safari/537.36 http://localhost:47596/ViewerJS/ 404 0 2 18
2018-02-05 13:29:07 ::1 GET /https:/ocrdevstorage.blob.core.windows.net/cdn/receiptuploads/gorillaproqc1/qcemployee7.gorilla@gmail.com/116201892549AM_116201892549AM.pdf - 47596 - ::1 Mozilla/5.0+(Windows+NT+10.0;+Win64;+x64)+AppleWebKit/537.36+(KHTML,+like+Gecko)+Chrome/63.0.3239.132+Safari/537.36 http://localhost:47596/ViewerJS/pdf.worker.js 404 0 2 1
2018-02-05 13:29:45 ::1 GET /Scripts/jquery.qtip.min.map - 47596 - ::1 Mozilla/5.0+(Windows+NT+10.0;+Win64;+x64)+AppleWebKit/537.36+(KHTML,+like+Gecko)+Chrome/63.0.3239.132+Safari/537.36 - 404 0 2 3
2018-02-05 13:31:38 ::1 HEAD /ViewerJS/ViewerJS/ - 47596 - ::1 Mozilla/5.0+(Windows+NT+10.0;+Win64;+x64)+AppleWebKit/537.36+(KHTML,+like+Gecko)+Chrome/63.0.3239.132+Safari/537.36 http://localhost:47596/Home/Index 404 0 0 53
2018-02-05 13:31:43 ::1 HEAD /ViewerJS/Upload_Files/2017-09-06+(2).pdf - 47596 - ::1 Mozilla/5.0+(Windows+NT+10.0;+Win64;+x64)+AppleWebKit/537.36+(KHTML,+like+Gecko)+Chrome/63.0.3239.132+Safari/537.36 http://localhost:47596/Home/Index 404 0 2 5
2018-02-05 13:31:43 ::1 HEAD /https:/ocrdevstorage.blob.core.windows.net/cdn/receiptuploads/gorillaproqc1/qcemployee7.gorilla@gmail.com/116201892549AM_116201892549AM.pdf - 47596 - ::1 Mozilla/5.0+(Windows+NT+10.0;+Win64;+x64)+AppleWebKit/537.36+(KHTML,+like+Gecko)+Chrome/63.0.3239.132+Safari/537.36 http://localhost:47596/ViewerJS/ 404 0 2 65
2018-02-05 13:31:43 ::1 GET /https:/ocrdevstorage.blob.core.windows.net/cdn/receiptuploads/gorillaproqc1/qcemployee7.gorilla@gmail.com/116201892549AM_116201892549AM.pdf - 47596 - ::1 Mozilla/5.0+(Windows+NT+10.0;+Win64;+x64)+AppleWebKit/537.36+(KHTML,+like+Gecko)+Chrome/63.0.3239.132+Safari/537.36 http://localhost:47596/ViewerJS/pdf.worker.js 404 0 2 1
2018-02-05 13:32:37 ::1 GET /Home/Index - 47596 - ::1 Mozilla/5.0+(Windows+NT+10.0;+Win64;+x64)+AppleWebKit/537.36+(KHTML,+like+Gecko)+Chrome/63.0.3239.132+Safari/537.36 - 200 0 0 181
2018-02-05 13:32:37 ::1 GET /Scripts/modernizr-2.6.2.js - 47596 - ::1 Mozilla/5.0+(Windows+NT+10.0;+Win64;+x64)+AppleWebKit/537.36+(KHTML,+like+Gecko)+Chrome/63.0.3239.132+Safari/537.36 http://localhost:47596/Home/Index 200 0 0 13
2018-02-05 13:32:37 ::1 GET /Content/site.css - 47596 - ::1 Mozilla/5.0+(Windows+NT+10.0;+Win64;+x64)+AppleWebKit/537.36+(KHTML,+like+Gecko)+Chrome/63.0.3239.132+Safari/537.36 http://localhost:47596/Home/Index 200 0 0 46
2018-02-05 13:32:37 ::1 GET /Scripts/jquery.mousewheel-3.0.6.pack.js - 47596 - ::1 Mozilla/5.0+(Windows+NT+10.0;+Win64;+x64)+AppleWebKit/537.36+(KHTML,+like+Gecko)+Chrome/63.0.3239.132+Safari/537.36 http://localhost:47596/Home/Index 200 0 0 6
2018-02-05 13:32:37 ::1 GET /Scripts/jquery.fancybox.js - 47596 - ::1 Mozilla/5.0+(Windows+NT+10.0;+Win64;+x64)+AppleWebKit/537.36+(KHTML,+like+Gecko)+Chrome/63.0.3239.132+Safari/537.36 http://localhost:47596/Home/Index 200 0 0 43
2018-02-05 13:32:37 ::1 GET /Scripts/jquery-1.8.2.min.js - 47596 - ::1 Mozilla/5.0+(Windows+NT+10.0;+Win64;+x64)+AppleWebKit/537.36+(KHTML,+like+Gecko)+Chrome/63.0.3239.132+Safari/537.36 http://localhost:47596/Home/Index 200 0 0 100
2018-02-05 13:32:37 ::1 GET /Content/jquery.fancybox.css - 47596 - ::1 Mozilla/5.0+(Windows+NT+10.0;+Win64;+x64)+AppleWebKit/537.36+(KHTML,+like+Gecko)+Chrome/63.0.3239.132+Safari/537.36 http://localhost:47596/Home/Index 200 0 0 118
2018-02-05 13:32:37 ::1 GET /Scripts/jquery.qtip.min.css - 47596 - ::1 Mozilla/5.0+(Windows+NT+10.0;+Win64;+x64)+AppleWebKit/537.36+(KHTML,+like+Gecko)+Chrome/63.0.3239.132+Safari/537.36 http://localhost:47596/Home/Index 200 0 0 139
2018-02-05 13:32:37 ::1 GET /Scripts/jquery.twbsPagination.js - 47596 - ::1 Mozilla/5.0+(Windows+NT+10.0;+Win64;+x64)+AppleWebKit/537.36+(KHTML,+like+Gecko)+Chrome/63.0.3239.132+Safari/537.36 http://localhost:47596/Home/Index 200 0 0 51
2018-02-05 13:32:37 ::1 GET /Scripts/jQueryRotate.js - 47596 - ::1 Mozilla/5.0+(Windows+NT+10.0;+Win64;+x64)+AppleWebKit/537.36+(KHTML,+like+Gecko)+Chrome/63.0.3239.132+Safari/537.36 http://localhost:47596/Home/Index 200 0 0 92
2018-02-05 13:32:37 ::1 GET /Scripts/jquery.fancybox.css - 47596 - ::1 Mozilla/5.0+(Windows+NT+10.0;+Win64;+x64)+AppleWebKit/537.36+(KHTML,+like+Gecko)+Chrome/63.0.3239.132+Safari/537.36 http://localhost:47596/Home/Index 200 0 0 407
2018-02-05 13:32:37 ::1 GET /Content/bootstrap.css - 47596 - ::1 Mozilla/5.0+(Windows+NT+10.0;+Win64;+x64)+AppleWebKit/537.36+(KHTML,+like+Gecko)+Chrome/63.0.3239.132+Safari/537.36 http://localhost:47596/Home/Index 200 0 0 461
2018-02-05 13:32:37 ::1 GET /Scripts/jquery.imgcheckbox.js - 47596 - ::1 Mozilla/5.0+(Windows+NT+10.0;+Win64;+x64)+AppleWebKit/537.36+(KHTML,+like+Gecko)+Chrome/63.0.3239.132+Safari/537.36 http://localhost:47596/Home/Index 200 0 0 110
2018-02-05 13:32:37 ::1 GET /Scripts/jquery.qtip.min.js - 47596 - ::1 Mozilla/5.0+(Windows+NT+10.0;+Win64;+x64)+AppleWebKit/537.36+(KHTML,+like+Gecko)+Chrome/63.0.3239.132+Safari/537.36 http://localhost:47596/Home/Index 200 0 0 193
2018-02-05 13:32:37 ::1 GET /Scripts/respond.js - 47596 - ::1 Mozilla/5.0+(Windows+NT+10.0;+Win64;+x64)+AppleWebKit/537.36+(KHTML,+like+Gecko)+Chrome/63.0.3239.132+Safari/537.36 http://localhost:47596/Home/Index 200 0 0 101
2018-02-05 13:32:37 ::1 GET /Upload_Files/2017-09-06+(1).png - 47596 - ::1 Mozilla/5.0+(Windows+NT+10.0;+Win64;+x64)+AppleWebKit/537.36+(KHTML,+like+Gecko)+Chrome/63.0.3239.132+Safari/537.36 http://localhost:47596/Home/Index 200 0 0 101
2018-02-05 13:32:37 ::1 GET /Upload_Files/2017-09-06+(2).png - 47596 - ::1 Mozilla/5.0+(Windows+NT+10.0;+Win64;+x64)+AppleWebKit/537.36+(KHTML,+like+Gecko)+Chrome/63.0.3239.132+Safari/537.36 http://localhost:47596/Home/Index 200 0 0 129
2018-02-05 13:32:37 ::1 GET /Scripts/bootstrap.js - 47596 - ::1 Mozilla/5.0+(Windows+NT+10.0;+Win64;+x64)+AppleWebKit/537.36+(KHTML,+like+Gecko)+Chrome/63.0.3239.132+Safari/537.36 http://localhost:47596/Home/Index 200 0 0 172
2018-02-05 13:32:37 ::1 GET /Upload_Files/2017-09-06+(3).png - 47596 - ::1 Mozilla/5.0+(Windows+NT+10.0;+Win64;+x64)+AppleWebKit/537.36+(KHTML,+like+Gecko)+Chrome/63.0.3239.132+Safari/537.36 http://localhost:47596/Home/Index 200 0 0 368
2018-02-05 13:32:37 ::1 GET /Upload_Files/35138662_REPAYMENT.png - 47596 - ::1 Mozilla/5.0+(Windows+NT+10.0;+Win64;+x64)+AppleWebKit/537.36+(KHTML,+like+Gecko)+Chrome/63.0.3239.132+Safari/537.36 http://localhost:47596/Home/Index 200 0 0 79
2018-02-05 13:32:37 ::1 GET /Upload_Files/2017-09-06(2).png - 47596 - ::1 Mozilla/5.0+(Windows+NT+10.0;+Win64;+x64)+AppleWebKit/537.36+(KHTML,+like+Gecko)+Chrome/63.0.3239.132+Safari/537.36 http://localhost:47596/Home/Index 200 0 0 109
2018-02-05 13:32:38 ::1 GET /Upload_Files/2017-09-06(1).png - 47596 - ::1 Mozilla/5.0+(Windows+NT+10.0;+Win64;+x64)+AppleWebKit/537.36+(KHTML,+like+Gecko)+Chrome/63.0.3239.132+Safari/537.36 http://localhost:47596/Home/Index 200 0 0 132
2018-02-05 13:32:38 ::1 GET /Upload_Files/2017-09-06.png - 47596 - ::1 Mozilla/5.0+(Windows+NT+10.0;+Win64;+x64)+AppleWebKit/537.36+(KHTML,+like+Gecko)+Chrome/63.0.3239.132+Safari/537.36 http://localhost:47596/Home/Index 200 0 0 139
2018-02-05 13:32:38 ::1 GET /Upload_Files/21062016105940.jpg - 47596 - ::1 Mozilla/5.0+(Windows+NT+10.0;+Win64;+x64)+AppleWebKit/537.36+(KHTML,+like+Gecko)+Chrome/63.0.3239.132+Safari/537.36 http://localhost:47596/Home/Index 200 0 0 153
2018-02-05 13:32:38 ::1 GET /Upload_Files/911201751215AM_911201751215AM.png - 47596 - ::1 Mozilla/5.0+(Windows+NT+10.0;+Win64;+x64)+AppleWebKit/537.36+(KHTML,+like+Gecko)+Chrome/63.0.3239.132+Safari/537.36 http://localhost:47596/Home/Index 200 0 0 94
2018-02-05 13:32:38 ::1 GET /Upload_Files/98201793914AM_98201793914AM.png - 47596 - ::1 Mozilla/5.0+(Windows+NT+10.0;+Win64;+x64)+AppleWebKit/537.36+(KHTML,+like+Gecko)+Chrome/63.0.3239.132+Safari/537.36 http://localhost:47596/Home/Index 200 0 0 72
2018-02-05 13:32:38 ::1 GET /Upload_Files/98201784251AM_98201784251AM.png - 47596 - ::1 Mozilla/5.0+(Windows+NT+10.0;+Win64;+x64)+AppleWebKit/537.36+(KHTML,+like+Gecko)+Chrome/63.0.3239.132+Safari/537.36 http://localhost:47596/Home/Index 200 0 0 144
2018-02-05 13:32:38 ::1 GET /Upload_Files/98201795312AM_98201795312AM.png - 47596 - ::1 Mozilla/5.0+(Windows+NT+10.0;+Win64;+x64)+AppleWebKit/537.36+(KHTML,+like+Gecko)+Chrome/63.0.3239.132+Safari/537.36 http://localhost:47596/Home/Index 200 0 0 124
2018-02-05 13:32:38 ::1 GET /Upload_Files/Photo+Aug+31,+1+19+08+PM.png - 47596 - ::1 Mozilla/5.0+(Windows+NT+10.0;+Win64;+x64)+AppleWebKit/537.36+(KHTML,+like+Gecko)+Chrome/63.0.3239.132+Safari/537.36 http://localhost:47596/Home/Index 200 0 0 93
2018-02-05 13:32:38 ::1 GET /Upload_Files/ExifTest.jpg - 47596 - ::1 Mozilla/5.0+(Windows+NT+10.0;+Win64;+x64)+AppleWebKit/537.36+(KHTML,+like+Gecko)+Chrome/63.0.3239.132+Safari/537.36 http://localhost:47596/Home/Index 200 0 0 390
2018-02-05 13:32:38 ::1 GET /Upload_Files/Photo+Aug+10,+10+28+12+AM+(1).jpg - 47596 - ::1 Mozilla/5.0+(Windows+NT+10.0;+Win64;+x64)+AppleWebKit/537.36+(KHTML,+like+Gecko)+Chrome/63.0.3239.132+Safari/537.36 http://localhost:47596/Home/Index 200 0 0 419
2018-02-05 13:32:38 ::1 GET /Upload_Files/Photo+Aug+10,+10+28+12+AM.jpg - 47596 - ::1 Mozilla/5.0+(Windows+NT+10.0;+Win64;+x64)+AppleWebKit/537.36+(KHTML,+like+Gecko)+Chrome/63.0.3239.132+Safari/537.36 http://localhost:47596/Home/Index 200 0 0 429
2018-02-05 13:32:38 ::1 GET /Upload_Files/Photo+Aug+10,+10+28+12+AM+(2).jpg - 47596 - ::1 Mozilla/5.0+(Windows+NT+10.0;+Win64;+x64)+AppleWebKit/537.36+(KHTML,+like+Gecko)+Chrome/63.0.3239.132+Safari/537.36 http://localhost:47596/Home/Index 200 0 0 540
2018-02-05 13:32:38 ::1 GET /Upload_Files/Photo+Jul+28,+3+16+26+PM.jpg - 47596 - ::1 Mozilla/5.0+(Windows+NT+10.0;+Win64;+x64)+AppleWebKit/537.36+(KHTML,+like+Gecko)+Chrome/63.0.3239.132+Safari/537.36 http://localhost:47596/Home/Index 200 0 0 465
2018-02-05 13:32:38 ::1 GET /Upload_Files/PhotoAug11122531PM.png - 47596 - ::1 Mozilla/5.0+(Windows+NT+10.0;+Win64;+x64)+AppleWebKit/537.36+(KHTML,+like+Gecko)+Chrome/63.0.3239.132+Safari/537.36 http://localhost:47596/Home/Index 200 0 0 291
2018-02-05 13:32:38 ::1 GET /Upload_Files/Thumb_PhotoAug11122531PM.png - 47596 - ::1 Mozilla/5.0+(Windows+NT+10.0;+Win64;+x64)+AppleWebKit/537.36+(KHTML,+like+Gecko)+Chrome/63.0.3239.132+Safari/537.36 http://localhost:47596/Home/Index 200 0 0 220
2018-02-05 13:32:38 ::1 GET /Upload_Files/PhotoAug3111908PM.png - 47596 - ::1 Mozilla/5.0+(Windows+NT+10.0;+Win64;+x64)+AppleWebKit/537.36+(KHTML,+like+Gecko)+Chrome/63.0.3239.132+Safari/537.36 http://localhost:47596/Home/Index 200 0 0 306
2018-02-05 13:32:39 ::1 GET /Upload_Files/Photo+Aug+09,+3+17+15+PM.jpg - 47596 - ::1 Mozilla/5.0+(Windows+NT+10.0;+Win64;+x64)+AppleWebKit/537.36+(KHTML,+like+Gecko)+Chrome/63.0.3239.132+Safari/537.36 http://localhost:47596/Home/Index 200 0 0 910
2018-02-05 13:32:39 ::1 GET /Upload_Files/PhotoAug0,72304PM.jpg - 47596 - ::1 Mozilla/5.0+(Windows+NT+10.0;+Win64;+x64)+AppleWebKit/537.36+(KHTML,+like+Gecko)+Chrome/63.0.3239.132+Safari/537.36 http://localhost:47596/Home/Index 200 0 0 456
2018-02-05 13:32:39 ::1 GET /favicon.ico - 47596 - ::1 Mozilla/5.0+(Windows+NT+10.0;+Win64;+x64)+AppleWebKit/537.36+(KHTML,+like+Gecko)+Chrome/63.0.3239.132+Safari/537.36 http://localhost:47596/Home/Index 200 0 0 36
2018-02-05 13:32:39 ::1 GET /__browserLink/requestData/56ef508b55be4e3ca4d4c2fdbad4fc24 version=2 47596 - ::1 Mozilla/5.0+(Windows+NT+10.0;+Win64;+x64)+AppleWebKit/537.36+(KHTML,+like+Gecko)+Chrome/63.0.3239.132+Safari/537.36 http://localhost:47596/Home/Index 200 0 0 21
2018-02-05 13:33:00 ::1 GET /Scripts/jquery.qtip.min.map - 47596 - ::1 Mozilla/5.0+(Windows+NT+10.0;+Win64;+x64)+AppleWebKit/537.36+(KHTML,+like+Gecko)+Chrome/63.0.3239.132+Safari/537.36 - 404 0 2 3
2018-02-05 13:33:21 ::1 HEAD /Upload_Files/2017-09-06+(2).pdf - 47596 - ::1 Mozilla/5.0+(Windows+NT+10.0;+Win64;+x64)+AppleWebKit/537.36+(KHTML,+like+Gecko)+Chrome/63.0.3239.132+Safari/537.36 http://localhost:47596/Home/Index 404 0 2 7
2018-02-05 13:33:21 ::1 GET /Home/Index - 47596 - ::1 Mozilla/5.0+(Windows+NT+10.0;+Win64;+x64)+AppleWebKit/537.36+(KHTML,+like+Gecko)+Chrome/63.0.3239.132+Safari/537.36 - 200 0 0 92
2018-02-05 13:33:21 ::1 GET /Scripts/jquery.fancybox.js - 47596 - ::1 Mozilla/5.0+(Windows+NT+10.0;+Win64;+x64)+AppleWebKit/537.36+(KHTML,+like+Gecko)+Chrome/63.0.3239.132+Safari/537.36 http://localhost:47596/Home/Index 304 0 0 263
2018-02-05 13:33:22 ::1 GET /Scripts/jquery.qtip.min.map - 47596 - ::1 Mozilla/5.0+(Windows+NT+10.0;+Win64;+x64)+AppleWebKit/537.36+(KHTML,+like+Gecko)+Chrome/63.0.3239.132+Safari/537.36 - 404 0 2 2
2018-02-05 13:33:22 ::1 GET /__browserLink/requestData/abef3e33a69b44d9af38de208eb6b2f1 version=2 47596 - ::1 Mozilla/5.0+(Windows+NT+10.0;+Win64;+x64)+AppleWebKit/537.36+(KHTML,+like+Gecko)+Chrome/63.0.3239.132+Safari/537.36 http://localhost:47596/Home/Index 200 0 0 25
2018-02-05 13:33:29 ::1 HEAD /Upload_Files/2017-09-06+(1).pdf - 47596 - ::1 Mozilla/5.0+(Windows+NT+10.0;+Win64;+x64)+AppleWebKit/537.36+(KHTML,+like+Gecko)+Chrome/63.0.3239.132+Safari/537.36 http://localhost:47596/Home/Index 404 0 2 6
2018-02-05 13:33:33 ::1 HEAD /Upload_Files/2017-09-06+(2).pdf - 47596 - ::1 Mozilla/5.0+(Windows+NT+10.0;+Win64;+x64)+AppleWebKit/537.36+(KHTML,+like+Gecko)+Chrome/63.0.3239.132+Safari/537.36 http://localhost:47596/Home/Index 404 0 2 3
2018-02-05 13:33:56 ::1 HEAD /Upload_Files/2017-09-06+(1).pdf - 47596 - ::1 Mozilla/5.0+(Windows+NT+10.0;+Win64;+x64)+AppleWebKit/537.36+(KHTML,+like+Gecko)+Chrome/63.0.3239.132+Safari/537.36 http://localhost:47596/Home/Index 404 0 2 23
2018-02-05 13:33:56 ::1 HEAD /Upload_Files/2017-09-06+(2).pdf - 47596 - ::1 Mozilla/5.0+(Windows+NT+10.0;+Win64;+x64)+AppleWebKit/537.36+(KHTML,+like+Gecko)+Chrome/63.0.3239.132+Safari/537.36 http://localhost:47596/Home/Index 404 0 2 22
2018-02-05 13:34:03 ::1 GET /Scripts/jquery.qtip.min.map - 47596 - ::1 Mozilla/5.0+(Windows+NT+10.0;+Win64;+x64)+AppleWebKit/537.36+(KHTML,+like+Gecko)+Chrome/63.0.3239.132+Safari/537.36 - 404 0 2 1
2018-02-05 13:34:13 ::1 HEAD /Upload_Files/2017-09-06+(2).pdf - 47596 - ::1 Mozilla/5.0+(Windows+NT+10.0;+Win64;+x64)+AppleWebKit/537.36+(KHTML,+like+Gecko)+Chrome/63.0.3239.132+Safari/537.36 http://localhost:47596/Home/Index 404 0 2 2
2018-02-05 13:34:13 ::1 HEAD /https:/ocrdevstorage.blob.core.windows.net/cdn/receiptuploads/gorillaproqc1/qcemployee7.gorilla@gmail.com/116201892549AM_116201892549AM.pdf - 47596 - ::1 Mozilla/5.0+(Windows+NT+10.0;+Win64;+x64)+AppleWebKit/537.36+(KHTML,+like+Gecko)+Chrome/63.0.3239.132+Safari/537.36 http://localhost:47596/ViewerJS/ 404 0 2 16
2018-02-05 13:34:13 ::1 GET /https:/ocrdevstorage.blob.core.windows.net/cdn/receiptuploads/gorillaproqc1/qcemployee7.gorilla@gmail.com/116201892549AM_116201892549AM.pdf - 47596 - ::1 Mozilla/5.0+(Windows+NT+10.0;+Win64;+x64)+AppleWebKit/537.36+(KHTML,+like+Gecko)+Chrome/63.0.3239.132+Safari/537.36 http://localhost:47596/ViewerJS/pdf.worker.js 404 0 2 1
2018-02-05 13:34:32 ::1 GET /Scripts/jquery.qtip.min.map - 47596 - ::1 Mozilla/5.0+(Windows+NT+10.0;+Win64;+x64)+AppleWebKit/537.36+(KHTML,+like+Gecko)+Chrome/63.0.3239.132+Safari/537.36 - 404 0 2 8
2018-02-05 13:35:04 ::1 HEAD /Upload_Files/2017-09-06+(2).pdf - 47596 - ::1 Mozilla/5.0+(Windows+NT+10.0;+Win64;+x64)+AppleWebKit/537.36+(KHTML,+like+Gecko)+Chrome/63.0.3239.132+Safari/537.36 http://localhost:47596/Home/Index 404 0 2 6
2018-02-05 13:35:16 ::1 HEAD /https:/ocrdevstorage.blob.core.windows.net/cdn/receiptuploads/gorillaproqc1/qcemployee7.gorilla@gmail.com/116201892549AM_116201892549AM.pdf - 47596 - ::1 Mozilla/5.0+(Windows+NT+10.0;+Win64;+x64)+AppleWebKit/537.36+(KHTML,+like+Gecko)+Chrome/63.0.3239.132+Safari/537.36 http://localhost:47596/ViewerJS/ 404 0 2 43
2018-02-05 13:35:16 ::1 GET /https:/ocrdevstorage.blob.core.windows.net/cdn/receiptuploads/gorillaproqc1/qcemployee7.gorilla@gmail.com/116201892549AM_116201892549AM.pdf - 47596 - ::1 Mozilla/5.0+(Windows+NT+10.0;+Win64;+x64)+AppleWebKit/537.36+(KHTML,+like+Gecko)+Chrome/63.0.3239.132+Safari/537.36 http://localhost:47596/ViewerJS/pdf.worker.js 404 0 2 0
2018-02-05 13:35:35 ::1 GET /Scripts/jquery.qtip.min.map - 47596 - ::1 Mozilla/5.0+(Windows+NT+10.0;+Win64;+x64)+AppleWebKit/537.36+(KHTML,+like+Gecko)+Chrome/63.0.3239.132+Safari/537.36 - 404 0 2 14
2018-02-05 13:36:45 ::1 HEAD /Upload_Files/2017-09-06+(2).pdf - 47596 - ::1 Mozilla/5.0+(Windows+NT+10.0;+Win64;+x64)+AppleWebKit/537.36+(KHTML,+like+Gecko)+Chrome/63.0.3239.132+Safari/537.36 http://localhost:47596/Home/Index 404 0 2 2
2018-02-05 13:36:48 ::1 HEAD /https:/ocrdevstorage.blob.core.windows.net/cdn/receiptuploads/gorillaproqc1/qcemployee7.gorilla@gmail.com/116201892549AM_116201892549AM.pdf - 47596 - ::1 Mozilla/5.0+(Windows+NT+10.0;+Win64;+x64)+AppleWebKit/537.36+(KHTML,+like+Gecko)+Chrome/63.0.3239.132+Safari/537.36 http://localhost:47596/ViewerJS/ 404 0 2 26
2018-02-05 13:36:48 ::1 GET /https:/ocrdevstorage.blob.core.windows.net/cdn/receiptuploads/gorillaproqc1/qcemployee7.gorilla@gmail.com/116201892549AM_116201892549AM.pdf - 47596 - ::1 Mozilla/5.0+(Windows+NT+10.0;+Win64;+x64)+AppleWebKit/537.36+(KHTML,+like+Gecko)+Chrome/63.0.3239.132+Safari/537.36 http://localhost:47596/ViewerJS/pdf.worker.js 404 0 2 5
2018-02-05 13:37:29 ::1 GET /Home/Index - 47596 - ::1 Mozilla/5.0+(Windows+NT+10.0;+WOW64;+Trident/7.0;+rv:11.0)+like+Gecko - 200 0 0 46
2018-02-05 13:37:29 ::1 GET /Content/site.css - 47596 - ::1 Mozilla/5.0+(Windows+NT+10.0;+WOW64;+Trident/7.0;+rv:11.0)+like+Gecko http://localhost:47596/Home/Index 200 0 0 31
2018-02-05 13:37:29 ::1 GET /Scripts/jquery.mousewheel-3.0.6.pack.js - 47596 - ::1 Mozilla/5.0+(Windows+NT+10.0;+WOW64;+Trident/7.0;+rv:11.0)+like+Gecko http://localhost:47596/Home/Index 200 0 0 62
2018-02-05 13:37:29 ::1 GET /Scripts/modernizr-2.6.2.js - 47596 - ::1 Mozilla/5.0+(Windows+NT+10.0;+WOW64;+Trident/7.0;+rv:11.0)+like+Gecko http://localhost:47596/Home/Index 200 0 0 124
2018-02-05 13:37:29 ::1 GET /Scripts/jquery-1.8.2.min.js - 47596 - ::1 Mozilla/5.0+(Windows+NT+10.0;+WOW64;+Trident/7.0;+rv:11.0)+like+Gecko http://localhost:47596/Home/Index 200 0 0 140
2018-02-05 13:37:29 ::1 GET /Scripts/jquery.fancybox.css - 47596 - ::1 Mozilla/5.0+(Windows+NT+10.0;+WOW64;+Trident/7.0;+rv:11.0)+like+Gecko http://localhost:47596/Home/Index 200 0 0 78
2018-02-05 13:37:29 ::1 GET /Content/jquery.fancybox.css - 47596 - ::1 Mozilla/5.0+(Windows+NT+10.0;+WOW64;+Trident/7.0;+rv:11.0)+like+Gecko http://localhost:47596/Home/Index 200 0 0 171
2018-02-05 13:37:29 ::1 GET /Content/bootstrap.css - 47596 - ::1 Mozilla/5.0+(Windows+NT+10.0;+WOW64;+Trident/7.0;+rv:11.0)+like+Gecko http://localhost:47596/Home/Index 200 0 0 343
2018-02-05 13:37:29 ::1 GET /Scripts/jquery.fancybox.js - 47596 - ::1 Mozilla/5.0+(Windows+NT+10.0;+WOW64;+Trident/7.0;+rv:11.0)+like+Gecko http://localhost:47596/Home/Index 200 0 0 328
2018-02-05 13:37:30 ::1 GET /Scripts/jquery.imgcheckbox.js - 47596 - ::1 Mozilla/5.0+(Windows+NT+10.0;+WOW64;+Trident/7.0;+rv:11.0)+like+Gecko http://localhost:47596/Home/Index 200 0 0 257
2018-02-05 13:37:30 ::1 GET /Scripts/jquery.twbsPagination.js - 47596 - ::1 Mozilla/5.0+(Windows+NT+10.0;+WOW64;+Trident/7.0;+rv:11.0)+like+Gecko http://localhost:47596/Home/Index 200 0 0 257
2018-02-05 13:37:30 ::1 GET /Scripts/jQueryRotate.js - 47596 - ::1 Mozilla/5.0+(Windows+NT+10.0;+WOW64;+Trident/7.0;+rv:11.0)+like+Gecko http://localhost:47596/Home/Index 200 0 0 257
2018-02-05 13:37:30 ::1 GET /Scripts/jquery.qtip.min.css - 47596 - ::1 Mozilla/5.0+(Windows+NT+10.0;+WOW64;+Trident/7.0;+rv:11.0)+like+Gecko http://localhost:47596/Home/Index 200 0 0 288
2018-02-05 13:37:30 ::1 GET /Scripts/jquery.qtip.min.js - 47596 - ::1 Mozilla/5.0+(Windows+NT+10.0;+WOW64;+Trident/7.0;+rv:11.0)+like+Gecko http://localhost:47596/Home/Index 200 0 0 335
2018-02-05 13:37:30 ::1 GET /Upload_Files/2017-09-06+(1).png - 47596 - ::1 Mozilla/5.0+(Windows+NT+10.0;+WOW64;+Trident/7.0;+rv:11.0)+like+Gecko http://localhost:47596/Home/Index 200 0 0 179
2018-02-05 13:37:30 ::1 GET /Upload_Files/2017-09-06+(2).png - 47596 - ::1 Mozilla/5.0+(Windows+NT+10.0;+WOW64;+Trident/7.0;+rv:11.0)+like+Gecko http://localhost:47596/Home/Index 200 0 0 179
2018-02-05 13:37:30 ::1 GET /Scripts/respond.js - 47596 - ::1 Mozilla/5.0+(Windows+NT+10.0;+WOW64;+Trident/7.0;+rv:11.0)+like+Gecko http://localhost:47596/Home/Index 200 0 0 179
2018-02-05 13:37:30 ::1 GET /Scripts/bootstrap.js - 47596 - ::1 Mozilla/5.0+(Windows+NT+10.0;+WOW64;+Trident/7.0;+rv:11.0)+like+Gecko http://localhost:47596/Home/Index 200 0 0 514
2018-02-05 13:37:30 ::1 GET /Upload_Files/35138662_REPAYMENT.png - 47596 - ::1 Mozilla/5.0+(Windows+NT+10.0;+WOW64;+Trident/7.0;+rv:11.0)+like+Gecko http://localhost:47596/Home/Index 200 0 0 78
2018-02-05 13:37:30 ::1 GET /Upload_Files/2017-09-06(1).png - 47596 - ::1 Mozilla/5.0+(Windows+NT+10.0;+WOW64;+Trident/7.0;+rv:11.0)+like+Gecko http://localhost:47596/Home/Index 200 0 0 272
2018-02-05 13:37:30 ::1 GET /Upload_Files/911201751215AM_911201751215AM.png - 47596 - ::1 Mozilla/5.0+(Windows+NT+10.0;+WOW64;+Trident/7.0;+rv:11.0)+like+Gecko http://localhost:47596/Home/Index 200 0 0 46
2018-02-05 13:37:30 ::1 GET /Upload_Files/98201784251AM_98201784251AM.png - 47596 - ::1 Mozilla/5.0+(Windows+NT+10.0;+WOW64;+Trident/7.0;+rv:11.0)+like+Gecko http://localhost:47596/Home/Index 200 0 0 46
2018-02-05 13:37:30 ::1 GET /Upload_Files/21062016105940.jpg - 47596 - ::1 Mozilla/5.0+(Windows+NT+10.0;+WOW64;+Trident/7.0;+rv:11.0)+like+Gecko http://localhost:47596/Home/Index 200 0 0 187
2018-02-05 13:37:30 ::1 GET /Upload_Files/2017-09-06(2).png - 47596 - ::1 Mozilla/5.0+(Windows+NT+10.0;+WOW64;+Trident/7.0;+rv:11.0)+like+Gecko http://localhost:47596/Home/Index 200 0 0 187
2018-02-05 13:37:30 ::1 GET /Upload_Files/2017-09-06.png - 47596 - ::1 Mozilla/5.0+(Windows+NT+10.0;+WOW64;+Trident/7.0;+rv:11.0)+like+Gecko http://localhost:47596/Home/Index 200 0 0 203
2018-02-05 13:37:30 ::1 GET /Upload_Files/98201793914AM_98201793914AM.png - 47596 - ::1 Mozilla/5.0+(Windows+NT+10.0;+WOW64;+Trident/7.0;+rv:11.0)+like+Gecko http://localhost:47596/Home/Index 200 0 0 46
2018-02-05 13:37:30 ::1 GET /Upload_Files/2017-09-06+(3).png - 47596 - ::1 Mozilla/5.0+(Windows+NT+10.0;+WOW64;+Trident/7.0;+rv:11.0)+like+Gecko http://localhost:47596/Home/Index 200 0 0 585
2018-02-05 13:37:30 ::1 GET /Upload_Files/Photo+Aug+10,+10+28+12+AM+(1).jpg - 47596 - ::1 Mozilla/5.0+(Windows+NT+10.0;+WOW64;+Trident/7.0;+rv:11.0)+like+Gecko http://localhost:47596/Home/Index 200 0 0 281
2018-02-05 13:37:30 ::1 GET /Upload_Files/98201795312AM_98201795312AM.png - 47596 - ::1 Mozilla/5.0+(Windows+NT+10.0;+WOW64;+Trident/7.0;+rv:11.0)+like+Gecko http://localhost:47596/Home/Index 200 0 0 343
2018-02-05 13:37:30 ::1 GET /Upload_Files/Photo+Aug+10,+10+28+12+AM+(2).jpg - 47596 - ::1 Mozilla/5.0+(Windows+NT+10.0;+WOW64;+Trident/7.0;+rv:11.0)+like+Gecko http://localhost:47596/Home/Index 200 0 0 343
2018-02-05 13:37:30 ::1 GET /Upload_Files/Photo+Aug+31,+1+19+08+PM.png - 47596 - ::1 Mozilla/5.0+(Windows+NT+10.0;+WOW64;+Trident/7.0;+rv:11.0)+like+Gecko http://localhost:47596/Home/Index 200 0 0 265
2018-02-05 13:37:31 ::1 GET /Upload_Files/Photo+Aug+10,+10+28+12+AM.jpg - 47596 - ::1 Mozilla/5.0+(Windows+NT+10.0;+WOW64;+Trident/7.0;+rv:11.0)+like+Gecko http://localhost:47596/Home/Index 200 0 0 409
2018-02-05 13:37:31 ::1 GET /Upload_Files/ExifTest.jpg - 47596 - ::1 Mozilla/5.0+(Windows+NT+10.0;+WOW64;+Trident/7.0;+rv:11.0)+like+Gecko http://localhost:47596/Home/Index 200 0 0 659
2018-02-05 13:37:31 ::1 GET /Upload_Files/PhotoAug3111908PM.png - 47596 - ::1 Mozilla/5.0+(Windows+NT+10.0;+WOW64;+Trident/7.0;+rv:11.0)+like+Gecko http://localhost:47596/Home/Index 200 0 0 187
2018-02-05 13:37:31 ::1 GET /Upload_Files/PhotoAug0,72304PM.jpg - 47596 - ::1 Mozilla/5.0+(Windows+NT+10.0;+WOW64;+Trident/7.0;+rv:11.0)+like+Gecko http://localhost:47596/Home/Index 200 0 0 456
2018-02-05 13:37:31 ::1 GET /Upload_Files/Thumb_PhotoAug11122531PM.png - 47596 - ::1 Mozilla/5.0+(Windows+NT+10.0;+WOW64;+Trident/7.0;+rv:11.0)+like+Gecko http://localhost:47596/Home/Index 200 0 0 171
2018-02-05 13:37:31 ::1 GET /Upload_Files/PhotoAug11122531PM.png - 47596 - ::1 Mozilla/5.0+(Windows+NT+10.0;+WOW64;+Trident/7.0;+rv:11.0)+like+Gecko http://localhost:47596/Home/Index 200 0 0 284
2018-02-05 13:37:31 ::1 GET /Upload_Files/Photo+Jul+28,+3+16+26+PM.jpg - 47596 - ::1 Mozilla/5.0+(Windows+NT+10.0;+WOW64;+Trident/7.0;+rv:11.0)+like+Gecko http://localhost:47596/Home/Index 200 0 0 596
2018-02-05 13:37:31 ::1 GET /Upload_Files/Photo+Aug+09,+3+17+15+PM.jpg - 47596 - ::1 Mozilla/5.0+(Windows+NT+10.0;+WOW64;+Trident/7.0;+rv:11.0)+like+Gecko http://localhost:47596/Home/Index 200 0 0 1050
2018-02-05 13:37:34 ::1 GET /favicon.ico - 47596 - ::1 Mozilla/5.0+(Windows+NT+10.0;+WOW64;+Trident/7.0;+rv:11.0)+like+Gecko - 200 0 0 62
2018-02-05 13:37:36 ::1 HEAD /Upload_Files/2017-09-06+(1).pdf - 47596 - ::1 Mozilla/5.0+(Windows+NT+10.0;+WOW64;+Trident/7.0;+rv:11.0)+like+Gecko http://localhost:47596/Home/Index 404 0 2 15
2018-02-05 13:37:36 ::1 HEAD /Upload_Files/2017-09-06+(2).pdf - 47596 - ::1 Mozilla/5.0+(Windows+NT+10.0;+WOW64;+Trident/7.0;+rv:11.0)+like+Gecko http://localhost:47596/Home/Index 404 0 2 0
2018-02-05 13:37:36 ::1 GET /__browserLink/requestData/ac6bcefd06d84db59343c464c54ab4ae version=2 47596 - ::1 Mozilla/5.0+(Windows+NT+10.0;+WOW64;+Trident/7.0;+rv:11.0)+like+Gecko http://localhost:47596/Home/Index 200 0 0 78
2018-02-05 13:37:52 ::1 GET /Scripts/jquery.qtip.min.map - 47596 - ::1 Mozilla/5.0+(Windows+NT+10.0;+WOW64;+Trident/7.0;+rv:11.0)+like+Gecko - 404 0 2 11
2018-02-05 13:37:55 ::1 GET /Content/bootstrap.css.map - 47596 - ::1 Mozilla/5.0+(Windows+NT+10.0;+WOW64;+Trident/7.0;+rv:11.0)+like+Gecko - 200 0 0 130
2018-02-05 13:38:31 ::1 HEAD /ViewerJS/ - 47596 - ::1 Mozilla/5.0+(Windows+NT+10.0;+WOW64;+Trident/7.0;+rv:11.0)+like+Gecko http://localhost:47596/Home/Index 200 0 0 122
2018-02-05 13:38:31 ::1 GET /ViewerJS/ - 47596 - ::1 Mozilla/5.0+(Windows+NT+10.0;+WOW64;+Trident/7.0;+rv:11.0)+like+Gecko http://localhost:47596/Home/Index 200 0 0 283
2018-02-05 13:38:32 ::1 HEAD /Upload_Files/2017-09-06+(2).pdf - 47596 - ::1 Mozilla/5.0+(Windows+NT+10.0;+WOW64;+Trident/7.0;+rv:11.0)+like+Gecko http://localhost:47596/Home/Index 404 0 2 24
2018-02-05 13:38:35 ::1 GET /ViewerJS/images/toolbarButton-zoomOut.png - 47596 - ::1 Mozilla/5.0+(Windows+NT+10.0;+WOW64;+Trident/7.0;+rv:11.0)+like+Gecko http://localhost:47596/ViewerJS/ 200 0 0 31
2018-02-05 13:38:35 ::1 GET /ViewerJS/images/toolbarButton-menuArrows.png - 47596 - ::1 Mozilla/5.0+(Windows+NT+10.0;+WOW64;+Trident/7.0;+rv:11.0)+like+Gecko http://localhost:47596/ViewerJS/ 200 0 0 46
2018-02-05 13:38:35 ::1 GET /ViewerJS/images/texture.png - 47596 - ::1 Mozilla/5.0+(Windows+NT+10.0;+WOW64;+Trident/7.0;+rv:11.0)+like+Gecko http://localhost:47596/ViewerJS/ 200 0 0 78
2018-02-05 13:38:35 ::1 GET /ViewerJS/images/toolbarButton-fullscreen.png - 47596 - ::1 Mozilla/5.0+(Windows+NT+10.0;+WOW64;+Trident/7.0;+rv:11.0)+like+Gecko http://localhost:47596/ViewerJS/ 200 0 0 78
2018-02-05 13:38:35 ::1 GET /ViewerJS/images/toolbarButton-download.png - 47596 - ::1 Mozilla/5.0+(Windows+NT+10.0;+WOW64;+Trident/7.0;+rv:11.0)+like+Gecko http://localhost:47596/ViewerJS/ 200 0 0 124
2018-02-05 13:38:35 ::1 GET /ViewerJS/images/toolbarButton-zoomIn.png - 47596 - ::1 Mozilla/5.0+(Windows+NT+10.0;+WOW64;+Trident/7.0;+rv:11.0)+like+Gecko http://localhost:47596/ViewerJS/ 200 0 0 93
2018-02-05 13:38:35 ::1 GET /ViewerJS/images/toolbarButton-pageUp.png - 47596 - ::1 Mozilla/5.0+(Windows+NT+10.0;+WOW64;+Trident/7.0;+rv:11.0)+like+Gecko http://localhost:47596/ViewerJS/ 200 0 0 93
2018-02-05 13:38:35 ::1 GET /ViewerJS/images/toolbarButton-presentation.png - 47596 - ::1 Mozilla/5.0+(Windows+NT+10.0;+WOW64;+Trident/7.0;+rv:11.0)+like+Gecko http://localhost:47596/ViewerJS/ 200 0 0 171
2018-02-05 13:38:35 ::1 GET /ViewerJS/images/toolbarButton-pageDown.png - 47596 - ::1 Mozilla/5.0+(Windows+NT+10.0;+WOW64;+Trident/7.0;+rv:11.0)+like+Gecko http://localhost:47596/ViewerJS/ 200 0 0 131
2018-02-05 13:38:35 ::1 HEAD /https:/ocrdevstorage.blob.core.windows.net/cdn/receiptuploads/gorillaproqc1/qcemployee7.gorilla@gmail.com/116201892549AM_116201892549AM.pdf - 47596 - ::1 Mozilla/5.0+(Windows+NT+10.0;+WOW64;+Trident/7.0;+rv:11.0)+like+Gecko http://localhost:47596/ViewerJS/ 404 0 2 46
2018-02-05 13:38:35 ::1 GET /ViewerJS/images/nlnet.png - 47596 - ::1 Mozilla/5.0+(Windows+NT+10.0;+WOW64;+Trident/7.0;+rv:11.0)+like+Gecko http://localhost:47596/ViewerJS/ 200 0 0 70
2018-02-05 13:38:35 ::1 GET /ViewerJS/images/kogmbh.png - 47596 - ::1 Mozilla/5.0+(Windows+NT+10.0;+WOW64;+Trident/7.0;+rv:11.0)+like+Gecko http://localhost:47596/ViewerJS/ 200 0 0 70
2018-02-05 13:38:35 ::1 GET /ViewerJS/compatibility.js - 47596 - ::1 Mozilla/5.0+(Windows+NT+10.0;+WOW64;+Trident/7.0;+rv:11.0)+like+Gecko http://localhost:47596/ViewerJS/ 200 0 0 150
2018-02-05 13:38:35 ::1 GET /ViewerJS/pdfjsversion.js - 47596 - ::1 Mozilla/5.0+(Windows+NT+10.0;+WOW64;+Trident/7.0;+rv:11.0)+like+Gecko http://localhost:47596/ViewerJS/ 200 0 0 19
2018-02-05 13:38:35 ::1 GET /ViewerJS/ui_utils.js - 47596 - ::1 Mozilla/5.0+(Windows+NT+10.0;+WOW64;+Trident/7.0;+rv:11.0)+like+Gecko http://localhost:47596/ViewerJS/ 200 0 0 71
2018-02-05 13:38:35 ::1 GET /ViewerJS/text_layer_builder.js - 47596 - ::1 Mozilla/5.0+(Windows+NT+10.0;+WOW64;+Trident/7.0;+rv:11.0)+like+Gecko http://localhost:47596/ViewerJS/ 200 0 0 75
2018-02-05 13:38:35 ::1 GET /ViewerJS/pdf.js - 47596 - ::1 Mozilla/5.0+(Windows+NT+10.0;+WOW64;+Trident/7.0;+rv:11.0)+like+Gecko http://localhost:47596/ViewerJS/ 200 0 0 152
2018-02-05 13:38:36 ::1 GET /ViewerJS/pdf.worker.js - 47596 - ::1 Mozilla/5.0+(Windows+NT+10.0;+WOW64;+Trident/7.0;+rv:11.0)+like+Gecko http://localhost:47596/ViewerJS/ 200 0 0 279
2018-02-05 13:38:36 ::1 GET /https:/ocrdevstorage.blob.core.windows.net/cdn/receiptuploads/gorillaproqc1/qcemployee7.gorilla@gmail.com/116201892549AM_116201892549AM.pdf - 47596 - ::1 Mozilla/5.0+(Windows+NT+10.0;+WOW64;+Trident/7.0;+rv:11.0)+like+Gecko - 404 0 2 0
2018-02-05 13:40:53 ::1 GET /Scripts/jquery.qtip.min.map - 47596 - ::1 Mozilla/5.0+(Windows+NT+10.0;+Win64;+x64)+AppleWebKit/537.36+(KHTML,+like+Gecko)+Chrome/63.0.3239.132+Safari/537.36 - 404 0 2 7
2018-02-05 13:41:24 ::1 HEAD /Upload_Files/2017-09-06+(2).pdf - 47596 - ::1 Mozilla/5.0+(Windows+NT+10.0;+Win64;+x64)+AppleWebKit/537.36+(KHTML,+like+Gecko)+Chrome/63.0.3239.132+Safari/537.36 http://localhost:47596/Home/Index 404 0 2 2
2018-02-05 13:41:26 ::1 HEAD /http:/viewerjs.org/demodoc.pdf - 47596 - ::1 Mozilla/5.0+(Windows+NT+10.0;+Win64;+x64)+AppleWebKit/537.36+(KHTML,+like+Gecko)+Chrome/63.0.3239.132+Safari/537.36 http://localhost:47596/ViewerJS/ 404 0 2 1
2018-02-05 13:41:26 ::1 GET /http:/viewerjs.org/demodoc.pdf - 47596 - ::1 Mozilla/5.0+(Windows+NT+10.0;+Win64;+x64)+AppleWebKit/537.36+(KHTML,+like+Gecko)+Chrome/63.0.3239.132+Safari/537.36 http://localhost:47596/ViewerJS/pdf.worker.js 404 0 2 1
2018-02-05 13:41:42 ::1 GET /Scripts/jquery.qtip.min.map - 47596 - ::1 Mozilla/5.0+(Windows+NT+10.0;+Win64;+x64)+AppleWebKit/537.36+(KHTML,+like+Gecko)+Chrome/63.0.3239.132+Safari/537.36 - 404 0 2 6
2018-02-05 13:41:54 ::1 HEAD /Upload_Files/2017-09-06+(2).pdf - 47596 - ::1 Mozilla/5.0+(Windows+NT+10.0;+Win64;+x64)+AppleWebKit/537.36+(KHTML,+like+Gecko)+Chrome/63.0.3239.132+Safari/537.36 http://localhost:47596/Home/Index 404 0 2 1
2018-02-05 13:42:07 ::1 GET /Scripts/jquery.qtip.min.map - 47596 - ::1 Mozilla/5.0+(Windows+NT+10.0;+Win64;+x64)+AppleWebKit/537.36+(KHTML,+like+Gecko)+Chrome/63.0.3239.132+Safari/537.36 - 404 0 2 1
2018-02-05 13:42:39 ::1 GET /Home/Index - 47596 - ::1 Mozilla/5.0+(Windows+NT+10.0;+Win64;+x64)+AppleWebKit/537.36+(KHTML,+like+Gecko)+Chrome/63.0.3239.132+Safari/537.36 - 200 0 0 45
2018-02-05 13:42:39 ::1 GET /Scripts/modernizr-2.6.2.js - 47596 - ::1 Mozilla/5.0+(Windows+NT+10.0;+Win64;+x64)+AppleWebKit/537.36+(KHTML,+like+Gecko)+Chrome/63.0.3239.132+Safari/537.36 http://localhost:47596/Home/Index 200 0 0 16
2018-02-05 13:42:39 ::1 GET /Scripts/jquery-1.8.2.min.js - 47596 - ::1 Mozilla/5.0+(Windows+NT+10.0;+Win64;+x64)+AppleWebKit/537.36+(KHTML,+like+Gecko)+Chrome/63.0.3239.132+Safari/537.36 http://localhost:47596/Home/Index 200 0 0 19
2018-02-05 13:42:39 ::1 GET /Scripts/jquery.mousewheel-3.0.6.pack.js - 47596 - ::1 Mozilla/5.0+(Windows+NT+10.0;+Win64;+x64)+AppleWebKit/537.36+(KHTML,+like+Gecko)+Chrome/63.0.3239.132+Safari/537.36 http://localhost:47596/Home/Index 200 0 0 21
2018-02-05 13:42:39 ::1 GET /Content/site.css - 47596 - ::1 Mozilla/5.0+(Windows+NT+10.0;+Win64;+x64)+AppleWebKit/537.36+(KHTML,+like+Gecko)+Chrome/63.0.3239.132+Safari/537.36 http://localhost:47596/Home/Index 200 0 0 27
2018-02-05 13:42:39 ::1 GET /Content/jquery.fancybox.css - 47596 - ::1 Mozilla/5.0+(Windows+NT+10.0;+Win64;+x64)+AppleWebKit/537.36+(KHTML,+like+Gecko)+Chrome/63.0.3239.132+Safari/537.36 http://localhost:47596/Home/Index 200 0 0 57
2018-02-05 13:42:39 ::1 GET /Scripts/jquery.fancybox.css - 47596 - ::1 Mozilla/5.0+(Windows+NT+10.0;+Win64;+x64)+AppleWebKit/537.36+(KHTML,+like+Gecko)+Chrome/63.0.3239.132+Safari/537.36 http://localhost:47596/Home/Index 200 0 0 14
2018-02-05 13:42:39 ::1 GET /Scripts/jquery.fancybox.js - 47596 - ::1 Mozilla/5.0+(Windows+NT+10.0;+Win64;+x64)+AppleWebKit/537.36+(KHTML,+like+Gecko)+Chrome/63.0.3239.132+Safari/537.36 http://localhost:47596/Home/Index 200 0 0 96
2018-02-05 13:42:39 ::1 GET /Scripts/jQueryRotate.js - 47596 - ::1 Mozilla/5.0+(Windows+NT+10.0;+Win64;+x64)+AppleWebKit/537.36+(KHTML,+like+Gecko)+Chrome/63.0.3239.132+Safari/537.36 http://localhost:47596/Home/Index 200 0 0 38
2018-02-05 13:42:39 ::1 GET /Scripts/jquery.qtip.min.css - 47596 - ::1 Mozilla/5.0+(Windows+NT+10.0;+Win64;+x64)+AppleWebKit/537.36+(KHTML,+like+Gecko)+Chrome/63.0.3239.132+Safari/537.36 http://localhost:47596/Home/Index 200 0 0 70
2018-02-05 13:42:39 ::1 GET /Scripts/jquery.imgcheckbox.js - 47596 - ::1 Mozilla/5.0+(Windows+NT+10.0;+Win64;+x64)+AppleWebKit/537.36+(KHTML,+like+Gecko)+Chrome/63.0.3239.132+Safari/537.36 http://localhost:47596/Home/Index 200 0 0 98
2018-02-05 13:42:39 ::1 GET /Scripts/jquery.twbsPagination.js - 47596 - ::1 Mozilla/5.0+(Windows+NT+10.0;+Win64;+x64)+AppleWebKit/537.36+(KHTML,+like+Gecko)+Chrome/63.0.3239.132+Safari/537.36 http://localhost:47596/Home/Index 200 0 0 120
2018-02-05 13:42:39 ::1 GET /Scripts/jquery.qtip.min.js - 47596 - ::1 Mozilla/5.0+(Windows+NT+10.0;+Win64;+x64)+AppleWebKit/537.36+(KHTML,+like+Gecko)+Chrome/63.0.3239.132+Safari/537.36 http://localhost:47596/Home/Index 200 0 0 148
2018-02-05 13:42:39 ::1 GET /Content/bootstrap.css - 47596 - ::1 Mozilla/5.0+(Windows+NT+10.0;+Win64;+x64)+AppleWebKit/537.36+(KHTML,+like+Gecko)+Chrome/63.0.3239.132+Safari/537.36 http://localhost:47596/Home/Index 200 0 0 256
2018-02-05 13:42:39 ::1 GET /Scripts/bootstrap.js - 47596 - ::1 Mozilla/5.0+(Windows+NT+10.0;+Win64;+x64)+AppleWebKit/537.36+(KHTML,+like+Gecko)+Chrome/63.0.3239.132+Safari/537.36 http://localhost:47596/Home/Index 200 0 0 4
2018-02-05 13:42:39 ::1 GET /Scripts/respond.js - 47596 - ::1 Mozilla/5.0+(Windows+NT+10.0;+Win64;+x64)+AppleWebKit/537.36+(KHTML,+like+Gecko)+Chrome/63.0.3239.132+Safari/537.36 http://localhost:47596/Home/Index 200 0 0 30
2018-02-05 13:42:39 ::1 GET /Upload_Files/2017-09-06+(1).png - 47596 - ::1 Mozilla/5.0+(Windows+NT+10.0;+Win64;+x64)+AppleWebKit/537.36+(KHTML,+like+Gecko)+Chrome/63.0.3239.132+Safari/537.36 http://localhost:47596/Home/Index 200 0 0 43
2018-02-05 13:42:39 ::1 GET /Upload_Files/2017-09-06(1).png - 47596 - ::1 Mozilla/5.0+(Windows+NT+10.0;+Win64;+x64)+AppleWebKit/537.36+(KHTML,+like+Gecko)+Chrome/63.0.3239.132+Safari/537.36 http://localhost:47596/Home/Index 200 0 0 53
2018-02-05 13:42:39 ::1 GET /Upload_Files/2017-09-06+(2).png - 47596 - ::1 Mozilla/5.0+(Windows+NT+10.0;+Win64;+x64)+AppleWebKit/537.36+(KHTML,+like+Gecko)+Chrome/63.0.3239.132+Safari/537.36 http://localhost:47596/Home/Index 200 0 0 95
2018-02-05 13:42:39 ::1 GET /Upload_Files/2017-09-06.png - 47596 - ::1 Mozilla/5.0+(Windows+NT+10.0;+Win64;+x64)+AppleWebKit/537.36+(KHTML,+like+Gecko)+Chrome/63.0.3239.132+Safari/537.36 http://localhost:47596/Home/Index 200 0 0 96
2018-02-05 13:42:39 ::1 GET /Upload_Files/2017-09-06(2).png - 47596 - ::1 Mozilla/5.0+(Windows+NT+10.0;+Win64;+x64)+AppleWebKit/537.36+(KHTML,+like+Gecko)+Chrome/63.0.3239.132+Safari/537.36 http://localhost:47596/Home/Index 200 0 0 109
2018-02-05 13:42:39 ::1 GET /Upload_Files/21062016105940.jpg - 47596 - ::1 Mozilla/5.0+(Windows+NT+10.0;+Win64;+x64)+AppleWebKit/537.36+(KHTML,+like+Gecko)+Chrome/63.0.3239.132+Safari/537.36 http://localhost:47596/Home/Index 200 0 0 58
2018-02-05 13:42:39 ::1 GET /Upload_Files/35138662_REPAYMENT.png - 47596 - ::1 Mozilla/5.0+(Windows+NT+10.0;+Win64;+x64)+AppleWebKit/537.36+(KHTML,+like+Gecko)+Chrome/63.0.3239.132+Safari/537.36 http://localhost:47596/Home/Index 200 0 0 65
2018-02-05 13:42:39 ::1 GET /Upload_Files/911201751215AM_911201751215AM.png - 47596 - ::1 Mozilla/5.0+(Windows+NT+10.0;+Win64;+x64)+AppleWebKit/537.36+(KHTML,+like+Gecko)+Chrome/63.0.3239.132+Safari/537.36 http://localhost:47596/Home/Index 200 0 0 68
2018-02-05 13:42:39 ::1 GET /Upload_Files/98201793914AM_98201793914AM.png - 47596 - ::1 Mozilla/5.0+(Windows+NT+10.0;+Win64;+x64)+AppleWebKit/537.36+(KHTML,+like+Gecko)+Chrome/63.0.3239.132+Safari/537.36 http://localhost:47596/Home/Index 200 0 0 81
2018-02-05 13:42:39 ::1 GET /Upload_Files/2017-09-06+(3).png - 47596 - ::1 Mozilla/5.0+(Windows+NT+10.0;+Win64;+x64)+AppleWebKit/537.36+(KHTML,+like+Gecko)+Chrome/63.0.3239.132+Safari/537.36 http://localhost:47596/Home/Index 200 0 0 480
2018-02-05 13:42:39 ::1 GET /Upload_Files/98201795312AM_98201795312AM.png - 47596 - ::1 Mozilla/5.0+(Windows+NT+10.0;+Win64;+x64)+AppleWebKit/537.36+(KHTML,+like+Gecko)+Chrome/63.0.3239.132+Safari/537.36 http://localhost:47596/Home/Index 200 0 0 46
2018-02-05 13:42:39 ::1 GET /Upload_Files/98201784251AM_98201784251AM.png - 47596 - ::1 Mozilla/5.0+(Windows+NT+10.0;+Win64;+x64)+AppleWebKit/537.36+(KHTML,+like+Gecko)+Chrome/63.0.3239.132+Safari/537.36 http://localhost:47596/Home/Index 200 0 0 133
2018-02-05 13:42:40 ::1 GET /Upload_Files/ExifTest.jpg - 47596 - ::1 Mozilla/5.0+(Windows+NT+10.0;+Win64;+x64)+AppleWebKit/537.36+(KHTML,+like+Gecko)+Chrome/63.0.3239.132+Safari/537.36 http://localhost:47596/Home/Index 200 0 0 348
2018-02-05 13:42:40 ::1 GET /Upload_Files/Photo+Aug+31,+1+19+08+PM.png - 47596 - ::1 Mozilla/5.0+(Windows+NT+10.0;+Win64;+x64)+AppleWebKit/537.36+(KHTML,+like+Gecko)+Chrome/63.0.3239.132+Safari/537.36 http://localhost:47596/Home/Index 200 0 0 230
2018-02-05 13:42:40 ::1 GET /Upload_Files/Photo+Aug+10,+10+28+12+AM+(1).jpg - 47596 - ::1 Mozilla/5.0+(Windows+NT+10.0;+Win64;+x64)+AppleWebKit/537.36+(KHTML,+like+Gecko)+Chrome/63.0.3239.132+Safari/537.36 http://localhost:47596/Home/Index 200 0 0 436
2018-02-05 13:42:40 ::1 GET /Upload_Files/Photo+Aug+10,+10+28+12+AM.jpg - 47596 - ::1 Mozilla/5.0+(Windows+NT+10.0;+Win64;+x64)+AppleWebKit/537.36+(KHTML,+like+Gecko)+Chrome/63.0.3239.132+Safari/537.36 http://localhost:47596/Home/Index 200 0 0 388
2018-02-05 13:42:40 ::1 GET /Upload_Files/Photo+Aug+10,+10+28+12+AM+(2).jpg - 47596 - ::1 Mozilla/5.0+(Windows+NT+10.0;+Win64;+x64)+AppleWebKit/537.36+(KHTML,+like+Gecko)+Chrome/63.0.3239.132+Safari/537.36 http://localhost:47596/Home/Index 200 0 0 419
2018-02-05 13:42:40 ::1 GET /Upload_Files/Thumb_PhotoAug11122531PM.png - 47596 - ::1 Mozilla/5.0+(Windows+NT+10.0;+Win64;+x64)+AppleWebKit/537.36+(KHTML,+like+Gecko)+Chrome/63.0.3239.132+Safari/537.36 http://localhost:47596/Home/Index 200 0 0 45
2018-02-05 13:42:40 ::1 GET /Upload_Files/PhotoAug3111908PM.png - 47596 - ::1 Mozilla/5.0+(Windows+NT+10.0;+Win64;+x64)+AppleWebKit/537.36+(KHTML,+like+Gecko)+Chrome/63.0.3239.132+Safari/537.36 http://localhost:47596/Home/Index 200 0 0 86
2018-02-05 13:42:40 ::1 GET /Upload_Files/PhotoAug0,72304PM.jpg - 47596 - ::1 Mozilla/5.0+(Windows+NT+10.0;+Win64;+x64)+AppleWebKit/537.36+(KHTML,+like+Gecko)+Chrome/63.0.3239.132+Safari/537.36 http://localhost:47596/Home/Index 200 0 0 311
2018-02-05 13:42:40 ::1 GET /Upload_Files/Photo+Jul+28,+3+16+26+PM.jpg - 47596 - ::1 Mozilla/5.0+(Windows+NT+10.0;+Win64;+x64)+AppleWebKit/537.36+(KHTML,+like+Gecko)+Chrome/63.0.3239.132+Safari/537.36 http://localhost:47596/Home/Index 200 0 0 362
2018-02-05 13:42:40 ::1 GET /Upload_Files/PhotoAug11122531PM.png - 47596 - ::1 Mozilla/5.0+(Windows+NT+10.0;+Win64;+x64)+AppleWebKit/537.36+(KHTML,+like+Gecko)+Chrome/63.0.3239.132+Safari/537.36 http://localhost:47596/Home/Index 200 0 0 239
2018-02-05 13:42:40 ::1 GET /Upload_Files/Photo+Aug+09,+3+17+15+PM.jpg - 47596 - ::1 Mozilla/5.0+(Windows+NT+10.0;+Win64;+x64)+AppleWebKit/537.36+(KHTML,+like+Gecko)+Chrome/63.0.3239.132+Safari/537.36 http://localhost:47596/Home/Index 200 0 0 779
2018-02-05 13:42:40 ::1 GET /favicon.ico - 47596 - ::1 Mozilla/5.0+(Windows+NT+10.0;+Win64;+x64)+AppleWebKit/537.36+(KHTML,+like+Gecko)+Chrome/63.0.3239.132+Safari/537.36 http://localhost:47596/Home/Index 200 0 0 36
2018-02-05 13:42:40 ::1 GET /__browserLink/requestData/d1cbac69e7f5462e880cfefdae2bab83 version=2 47596 - ::1 Mozilla/5.0+(Windows+NT+10.0;+Win64;+x64)+AppleWebKit/537.36+(KHTML,+like+Gecko)+Chrome/63.0.3239.132+Safari/537.36 http://localhost:47596/Home/Index 200 0 0 31
2018-02-05 13:42:43 ::1 GET /Scripts/jquery.qtip.min.map - 47596 - ::1 Mozilla/5.0+(Windows+NT+10.0;+Win64;+x64)+AppleWebKit/537.36+(KHTML,+like+Gecko)+Chrome/63.0.3239.132+Safari/537.36 - 404 0 2 5
2018-02-05 13:43:18 ::1 GET /Scripts/jquery.qtip.min.map - 47596 - ::1 Mozilla/5.0+(Windows+NT+10.0;+Win64;+x64)+AppleWebKit/537.36+(KHTML,+like+Gecko)+Chrome/63.0.3239.132+Safari/537.36 - 404 0 2 2
2018-02-05 13:44:05 ::1 GET /Scripts/jquery.qtip.min.map - 47596 - ::1 Mozilla/5.0+(Windows+NT+10.0;+Win64;+x64)+AppleWebKit/537.36+(KHTML,+like+Gecko)+Chrome/63.0.3239.132+Safari/537.36 - 404 0 2 2
2018-02-05 13:44:25 ::1 GET /Home/Index - 47596 - ::1 Mozilla/5.0+(Windows+NT+10.0;+Win64;+x64)+AppleWebKit/537.36+(KHTML,+like+Gecko)+Chrome/63.0.3239.132+Safari/537.36 - 200 0 0 28
2018-02-05 13:44:25 ::1 GET /Scripts/jquery.fancybox.js - 47596 - ::1 Mozilla/5.0+(Windows+NT+10.0;+Win64;+x64)+AppleWebKit/537.36+(KHTML,+like+Gecko)+Chrome/63.0.3239.132+Safari/537.36 http://localhost:47596/Home/Index 304 0 0 7
2018-02-05 13:44:25 ::1 GET /favicon.ico - 47596 - ::1 Mozilla/5.0+(Windows+NT+10.0;+Win64;+x64)+AppleWebKit/537.36+(KHTML,+like+Gecko)+Chrome/63.0.3239.132+Safari/537.36 http://localhost:47596/Home/Index 200 0 0 19
2018-02-05 13:44:25 ::1 GET /__browserLink/requestData/2d627f5737614862becc69ce94075d7e version=2 47596 - ::1 Mozilla/5.0+(Windows+NT+10.0;+Win64;+x64)+AppleWebKit/537.36+(KHTML,+like+Gecko)+Chrome/63.0.3239.132+Safari/537.36 http://localhost:47596/Home/Index 200 0 0 16
2018-02-05 13:44:30 ::1 GET /Scripts/jquery.qtip.min.map - 47596 - ::1 Mozilla/5.0+(Windows+NT+10.0;+Win64;+x64)+AppleWebKit/537.36+(KHTML,+like+Gecko)+Chrome/63.0.3239.132+Safari/537.36 - 404 0 2 2
2018-02-05 13:44:56 ::1 HEAD /http:/viewerjs.org/demodoc.pdf - 47596 - ::1 Mozilla/5.0+(Windows+NT+10.0;+Win64;+x64)+AppleWebKit/537.36+(KHTML,+like+Gecko)+Chrome/63.0.3239.132+Safari/537.36 http://localhost:47596/ViewerJS/ 404 0 2 15
2018-02-05 13:44:56 ::1 GET /http:/viewerjs.org/demodoc.pdf - 47596 - ::1 Mozilla/5.0+(Windows+NT+10.0;+Win64;+x64)+AppleWebKit/537.36+(KHTML,+like+Gecko)+Chrome/63.0.3239.132+Safari/537.36 http://localhost:47596/ViewerJS/pdf.worker.js 404 0 2 0
2018-02-05 13:45:02 ::1 HEAD /http:/viewerjs.org/demodoc.pdf - 47596 - ::1 Mozilla/5.0+(Windows+NT+10.0;+Win64;+x64)+AppleWebKit/537.36+(KHTML,+like+Gecko)+Chrome/63.0.3239.132+Safari/537.36 http://localhost:47596/ViewerJS/ 404 0 2 6
2018-02-05 13:45:02 ::1 GET /http:/viewerjs.org/demodoc.pdf - 47596 - ::1 Mozilla/5.0+(Windows+NT+10.0;+Win64;+x64)+AppleWebKit/537.36+(KHTML,+like+Gecko)+Chrome/63.0.3239.132+Safari/537.36 http://localhost:47596/ViewerJS/pdf.worker.js 404 0 2 1
2018-02-05 13:45:06 ::1 GET /Scripts/jquery.qtip.min.map - 47596 - ::1 Mozilla/5.0+(Windows+NT+10.0;+Win64;+x64)+AppleWebKit/537.36+(KHTML,+like+Gecko)+Chrome/63.0.3239.132+Safari/537.36 - 404 0 2 1
2018-02-05 13:46:10 ::1 HEAD /http:/viewerjs.org/demodoc.pdf - 47596 - ::1 Mozilla/5.0+(Windows+NT+10.0;+Win64;+x64)+AppleWebKit/537.36+(KHTML,+like+Gecko)+Chrome/63.0.3239.132+Safari/537.36 http://localhost:47596/ViewerJS/ 404 0 2 6
2018-02-05 13:46:10 ::1 GET /http:/viewerjs.org/demodoc.pdf - 47596 - ::1 Mozilla/5.0+(Windows+NT+10.0;+Win64;+x64)+AppleWebKit/537.36+(KHTML,+like+Gecko)+Chrome/63.0.3239.132+Safari/537.36 http://localhost:47596/ViewerJS/pdf.worker.js 404 0 2 1
2018-02-05 13:46:20 ::1 GET /Scripts/jquery.qtip.min.map - 47596 - ::1 Mozilla/5.0+(Windows+NT+10.0;+Win64;+x64)+AppleWebKit/537.36+(KHTML,+like+Gecko)+Chrome/63.0.3239.132+Safari/537.36 - 404 0 2 1
2018-02-05 13:46:49 ::1 HEAD /http:/viewerjs.org/demodoc.pdf - 47596 - ::1 Mozilla/5.0+(Windows+NT+10.0;+Win64;+x64)+AppleWebKit/537.36+(KHTML,+like+Gecko)+Chrome/63.0.3239.132+Safari/537.36 http://localhost:47596/ViewerJS/ 404 0 2 29
2018-02-05 13:46:49 ::1 GET /http:/viewerjs.org/demodoc.pdf - 47596 - ::1 Mozilla/5.0+(Windows+NT+10.0;+Win64;+x64)+AppleWebKit/537.36+(KHTML,+like+Gecko)+Chrome/63.0.3239.132+Safari/537.36 http://localhost:47596/ViewerJS/pdf.worker.js 404 0 2 1
2018-02-05 13:46:54 ::1 GET /Scripts/jquery.qtip.min.map - 47596 - ::1 Mozilla/5.0+(Windows+NT+10.0;+Win64;+x64)+AppleWebKit/537.36+(KHTML,+like+Gecko)+Chrome/63.0.3239.132+Safari/537.36 - 404 0 2 1
2018-02-05 13:47:10 ::1 GET /Scripts/jquery.qtip.min.map - 47596 - ::1 Mozilla/5.0+(Windows+NT+10.0;+Win64;+x64)+AppleWebKit/537.36+(KHTML,+like+Gecko)+Chrome/63.0.3239.132+Safari/537.36 - 404 0 2 1
2018-02-05 13:47:20 ::1 HEAD /http:/viewerjs.org/demodoc.pdf - 47596 - ::1 Mozilla/5.0+(Windows+NT+10.0;+Win64;+x64)+AppleWebKit/537.36+(KHTML,+like+Gecko)+Chrome/63.0.3239.132+Safari/537.36 http://localhost:47596/ViewerJS/ 404 0 2 41
2018-02-05 13:47:20 ::1 GET /http:/viewerjs.org/demodoc.pdf - 47596 - ::1 Mozilla/5.0+(Windows+NT+10.0;+Win64;+x64)+AppleWebKit/537.36+(KHTML,+like+Gecko)+Chrome/63.0.3239.132+Safari/537.36 http://localhost:47596/ViewerJS/pdf.worker.js 404 0 2 1
2018-02-05 13:47:27 ::1 GET /Scripts/jquery.qtip.min.map - 47596 - ::1 Mozilla/5.0+(Windows+NT+10.0;+Win64;+x64)+AppleWebKit/537.36+(KHTML,+like+Gecko)+Chrome/63.0.3239.132+Safari/537.36 - 404 0 2 2
2018-02-05 13:48:13 ::1 GET /Scripts/jquery.qtip.min.map - 47596 - ::1 Mozilla/5.0+(Windows+NT+10.0;+Win64;+x64)+AppleWebKit/537.36+(KHTML,+like+Gecko)+Chrome/63.0.3239.132+Safari/537.36 - 404 0 2 2
2018-02-05 13:49:17 ::1 HEAD /http:/viewerjs.org/demodoc.pdf - 47596 - ::1 Mozilla/5.0+(Windows+NT+10.0;+Win64;+x64)+AppleWebKit/537.36+(KHTML,+like+Gecko)+Chrome/63.0.3239.132+Safari/537.36 http://localhost:47596/ViewerJS/ 404 0 2 11
2018-02-05 13:49:17 ::1 GET /http:/viewerjs.org/demodoc.pdf - 47596 - ::1 Mozilla/5.0+(Windows+NT+10.0;+Win64;+x64)+AppleWebKit/537.36+(KHTML,+like+Gecko)+Chrome/63.0.3239.132+Safari/537.36 http://localhost:47596/ViewerJS/pdf.worker.js 404 0 2 2
2018-02-05 13:49:53 ::1 GET /Home/Index - 47596 - ::1 Mozilla/5.0+(Windows+NT+10.0;+Win64;+x64)+AppleWebKit/537.36+(KHTML,+like+Gecko)+Chrome/63.0.3239.132+Safari/537.36 - 200 0 0 164
2018-02-05 13:49:53 ::1 GET /Scripts/modernizr-2.6.2.js - 47596 - ::1 Mozilla/5.0+(Windows+NT+10.0;+Win64;+x64)+AppleWebKit/537.36+(KHTML,+like+Gecko)+Chrome/63.0.3239.132+Safari/537.36 http://localhost:47596/Home/Index 200 0 0 8
2018-02-05 13:49:53 ::1 GET /Content/site.css - 47596 - ::1 Mozilla/5.0+(Windows+NT+10.0;+Win64;+x64)+AppleWebKit/537.36+(KHTML,+like+Gecko)+Chrome/63.0.3239.132+Safari/537.36 http://localhost:47596/Home/Index 200 0 0 69
2018-02-05 13:49:53 ::1 GET /Scripts/jquery.fancybox.css - 47596 - ::1 Mozilla/5.0+(Windows+NT+10.0;+Win64;+x64)+AppleWebKit/537.36+(KHTML,+like+Gecko)+Chrome/63.0.3239.132+Safari/537.36 http://localhost:47596/Home/Index 200 0 0 59
2018-02-05 13:49:53 ::1 GET /Scripts/jquery.qtip.min.css - 47596 - ::1 Mozilla/5.0+(Windows+NT+10.0;+Win64;+x64)+AppleWebKit/537.36+(KHTML,+like+Gecko)+Chrome/63.0.3239.132+Safari/537.36 http://localhost:47596/Home/Index 200 0 0 71
2018-02-05 13:49:53 ::1 GET /Scripts/jquery.mousewheel-3.0.6.pack.js - 47596 - ::1 Mozilla/5.0+(Windows+NT+10.0;+Win64;+x64)+AppleWebKit/537.36+(KHTML,+like+Gecko)+Chrome/63.0.3239.132+Safari/537.36 http://localhost:47596/Home/Index 200 0 0 27
2018-02-05 13:49:53 ::1 GET /Scripts/jquery.fancybox.js - 47596 - ::1 Mozilla/5.0+(Windows+NT+10.0;+Win64;+x64)+AppleWebKit/537.36+(KHTML,+like+Gecko)+Chrome/63.0.3239.132+Safari/537.36 http://localhost:47596/Home/Index 200 0 0 34
2018-02-05 13:49:53 ::1 GET /Scripts/jquery.twbsPagination.js - 47596 - ::1 Mozilla/5.0+(Windows+NT+10.0;+Win64;+x64)+AppleWebKit/537.36+(KHTML,+like+Gecko)+Chrome/63.0.3239.132+Safari/537.36 http://localhost:47596/Home/Index 200 0 0 40
2018-02-05 13:49:53 ::1 GET /Content/jquery.fancybox.css - 47596 - ::1 Mozilla/5.0+(Windows+NT+10.0;+Win64;+x64)+AppleWebKit/537.36+(KHTML,+like+Gecko)+Chrome/63.0.3239.132+Safari/537.36 http://localhost:47596/Home/Index 200 0 0 139
2018-02-05 13:49:53 ::1 GET /Content/bootstrap.css - 47596 - ::1 Mozilla/5.0+(Windows+NT+10.0;+Win64;+x64)+AppleWebKit/537.36+(KHTML,+like+Gecko)+Chrome/63.0.3239.132+Safari/537.36 http://localhost:47596/Home/Index 200 0 0 289
2018-02-05 13:49:53 ::1 GET /Scripts/jQueryRotate.js - 47596 - ::1 Mozilla/5.0+(Windows+NT+10.0;+Win64;+x64)+AppleWebKit/537.36+(KHTML,+like+Gecko)+Chrome/63.0.3239.132+Safari/537.36 http://localhost:47596/Home/Index 200 0 0 250
2018-02-05 13:49:53 ::1 GET /Scripts/jquery.qtip.min.js - 47596 - ::1 Mozilla/5.0+(Windows+NT+10.0;+Win64;+x64)+AppleWebKit/537.36+(KHTML,+like+Gecko)+Chrome/63.0.3239.132+Safari/537.36 http://localhost:47596/Home/Index 200 0 0 292
2018-02-05 13:49:53 ::1 GET /Scripts/jquery.imgcheckbox.js - 47596 - ::1 Mozilla/5.0+(Windows+NT+10.0;+Win64;+x64)+AppleWebKit/537.36+(KHTML,+like+Gecko)+Chrome/63.0.3239.132+Safari/537.36 http://localhost:47596/Home/Index 200 0 0 78
2018-02-05 13:49:53 ::1 GET /Scripts/jquery-1.8.2.min.js - 47596 - ::1 Mozilla/5.0+(Windows+NT+10.0;+Win64;+x64)+AppleWebKit/537.36+(KHTML,+like+Gecko)+Chrome/63.0.3239.132+Safari/537.36 http://localhost:47596/Home/Index 200 0 0 374
2018-02-05 13:49:53 ::1 GET /Scripts/respond.js - 47596 - ::1 Mozilla/5.0+(Windows+NT+10.0;+Win64;+x64)+AppleWebKit/537.36+(KHTML,+like+Gecko)+Chrome/63.0.3239.132+Safari/537.36 http://localhost:47596/Home/Index 200 0 0 145
2018-02-05 13:49:53 ::1 GET /Scripts/bootstrap.js - 47596 - ::1 Mozilla/5.0+(Windows+NT+10.0;+Win64;+x64)+AppleWebKit/537.36+(KHTML,+like+Gecko)+Chrome/63.0.3239.132+Safari/537.36 http://localhost:47596/Home/Index 200 0 0 167
2018-02-05 13:49:53 ::1 GET /Upload_Files/2017-09-06(1).png - 47596 - ::1 Mozilla/5.0+(Windows+NT+10.0;+Win64;+x64)+AppleWebKit/537.36+(KHTML,+like+Gecko)+Chrome/63.0.3239.132+Safari/537.36 http://localhost:47596/Home/Index 200 0 0 71
2018-02-05 13:49:53 ::1 GET /Upload_Files/2017-09-06+(2).png - 47596 - ::1 Mozilla/5.0+(Windows+NT+10.0;+Win64;+x64)+AppleWebKit/537.36+(KHTML,+like+Gecko)+Chrome/63.0.3239.132+Safari/537.36 http://localhost:47596/Home/Index 200 0 0 83
2018-02-05 13:49:53 ::1 GET /Upload_Files/2017-09-06+(1).png - 47596 - ::1 Mozilla/5.0+(Windows+NT+10.0;+Win64;+x64)+AppleWebKit/537.36+(KHTML,+like+Gecko)+Chrome/63.0.3239.132+Safari/537.36 http://localhost:47596/Home/Index 200 0 0 140
2018-02-05 13:49:53 ::1 GET /Scripts/jquery.qtip.min.map - 47596 - ::1 Mozilla/5.0+(Windows+NT+10.0;+Win64;+x64)+AppleWebKit/537.36+(KHTML,+like+Gecko)+Chrome/63.0.3239.132+Safari/537.36 - 404 0 2 59
2018-02-05 13:49:53 ::1 GET /Upload_Files/35138662_REPAYMENT.png - 47596 - ::1 Mozilla/5.0+(Windows+NT+10.0;+Win64;+x64)+AppleWebKit/537.36+(KHTML,+like+Gecko)+Chrome/63.0.3239.132+Safari/537.36 http://localhost:47596/Home/Index 200 0 0 79
2018-02-05 13:49:53 ::1 GET /Upload_Files/2017-09-06(2).png - 47596 - ::1 Mozilla/5.0+(Windows+NT+10.0;+Win64;+x64)+AppleWebKit/537.36+(KHTML,+like+Gecko)+Chrome/63.0.3239.132+Safari/537.36 http://localhost:47596/Home/Index 200 0 0 86
2018-02-05 13:49:53 ::1 GET /Upload_Files/2017-09-06.png - 47596 - ::1 Mozilla/5.0+(Windows+NT+10.0;+Win64;+x64)+AppleWebKit/537.36+(KHTML,+like+Gecko)+Chrome/63.0.3239.132+Safari/537.36 http://localhost:47596/Home/Index 200 0 0 95
2018-02-05 13:49:53 ::1 GET /Upload_Files/21062016105940.jpg - 47596 - ::1 Mozilla/5.0+(Windows+NT+10.0;+Win64;+x64)+AppleWebKit/537.36+(KHTML,+like+Gecko)+Chrome/63.0.3239.132+Safari/537.36 http://localhost:47596/Home/Index 200 0 0 108
2018-02-05 13:49:54 ::1 GET /Upload_Files/911201751215AM_911201751215AM.png - 47596 - ::1 Mozilla/5.0+(Windows+NT+10.0;+Win64;+x64)+AppleWebKit/537.36+(KHTML,+like+Gecko)+Chrome/63.0.3239.132+Safari/537.36 http://localhost:47596/Home/Index 200 0 0 40
2018-02-05 13:49:54 ::1 GET /Upload_Files/2017-09-06+(3).png - 47596 - ::1 Mozilla/5.0+(Windows+NT+10.0;+Win64;+x64)+AppleWebKit/537.36+(KHTML,+like+Gecko)+Chrome/63.0.3239.132+Safari/537.36 http://localhost:47596/Home/Index 200 0 0 576
2018-02-05 13:49:54 ::1 GET /Upload_Files/98201795312AM_98201795312AM.png - 47596 - ::1 Mozilla/5.0+(Windows+NT+10.0;+Win64;+x64)+AppleWebKit/537.36+(KHTML,+like+Gecko)+Chrome/63.0.3239.132+Safari/537.36 http://localhost:47596/Home/Index 200 0 0 44
2018-02-05 13:49:54 ::1 GET /Upload_Files/98201793914AM_98201793914AM.png - 47596 - ::1 Mozilla/5.0+(Windows+NT+10.0;+Win64;+x64)+AppleWebKit/537.36+(KHTML,+like+Gecko)+Chrome/63.0.3239.132+Safari/537.36 http://localhost:47596/Home/Index 200 0 0 64
2018-02-05 13:49:54 ::1 GET /Upload_Files/98201784251AM_98201784251AM.png - 47596 - ::1 Mozilla/5.0+(Windows+NT+10.0;+Win64;+x64)+AppleWebKit/537.36+(KHTML,+like+Gecko)+Chrome/63.0.3239.132+Safari/537.36 http://localhost:47596/Home/Index 200 0 0 182
2018-02-05 13:49:54 ::1 GET /Upload_Files/ExifTest.jpg - 47596 - ::1 Mozilla/5.0+(Windows+NT+10.0;+Win64;+x64)+AppleWebKit/537.36+(KHTML,+like+Gecko)+Chrome/63.0.3239.132+Safari/537.36 http://localhost:47596/Home/Index 200 0 0 460
2018-02-05 13:49:54 ::1 GET /Upload_Files/Photo+Aug+10,+10+28+12+AM+(1).jpg - 47596 - ::1 Mozilla/5.0+(Windows+NT+10.0;+Win64;+x64)+AppleWebKit/537.36+(KHTML,+like+Gecko)+Chrome/63.0.3239.132+Safari/537.36 http://localhost:47596/Home/Index 200 0 0 526
2018-02-05 13:49:54 ::1 GET /Upload_Files/Photo+Aug+31,+1+19+08+PM.png - 47596 - ::1 Mozilla/5.0+(Windows+NT+10.0;+Win64;+x64)+AppleWebKit/537.36+(KHTML,+like+Gecko)+Chrome/63.0.3239.132+Safari/537.36 http://localhost:47596/Home/Index 200 0 0 387
2018-02-05 13:49:54 ::1 GET /Upload_Files/Photo+Aug+10,+10+28+12+AM+(2).jpg - 47596 - ::1 Mozilla/5.0+(Windows+NT+10.0;+Win64;+x64)+AppleWebKit/537.36+(KHTML,+like+Gecko)+Chrome/63.0.3239.132+Safari/537.36 http://localhost:47596/Home/Index 200 0 0 521
2018-02-05 13:49:54 ::1 GET /Upload_Files/PhotoAug11122531PM.png - 47596 - ::1 Mozilla/5.0+(Windows+NT+10.0;+Win64;+x64)+AppleWebKit/537.36+(KHTML,+like+Gecko)+Chrome/63.0.3239.132+Safari/537.36 http://localhost:47596/Home/Index 200 0 0 65
2018-02-05 13:49:54 ::1 GET /Upload_Files/Photo+Aug+10,+10+28+12+AM.jpg - 47596 - ::1 Mozilla/5.0+(Windows+NT+10.0;+Win64;+x64)+AppleWebKit/537.36+(KHTML,+like+Gecko)+Chrome/63.0.3239.132+Safari/537.36 http://localhost:47596/Home/Index 200 0 0 565
2018-02-05 13:49:55 ::1 GET /Upload_Files/Photo+Aug+09,+3+17+15+PM.jpg - 47596 - ::1 Mozilla/5.0+(Windows+NT+10.0;+Win64;+x64)+AppleWebKit/537.36+(KHTML,+like+Gecko)+Chrome/63.0.3239.132+Safari/537.36 http://localhost:47596/Home/Index 200 0 0 851
2018-02-05 13:49:55 ::1 GET /Upload_Files/Thumb_PhotoAug11122531PM.png - 47596 - ::1 Mozilla/5.0+(Windows+NT+10.0;+Win64;+x64)+AppleWebKit/537.36+(KHTML,+like+Gecko)+Chrome/63.0.3239.132+Safari/537.36 http://localhost:47596/Home/Index 200 0 0 55
2018-02-05 13:49:55 ::1 GET /Upload_Files/PhotoAug3111908PM.png - 47596 - ::1 Mozilla/5.0+(Windows+NT+10.0;+Win64;+x64)+AppleWebKit/537.36+(KHTML,+like+Gecko)+Chrome/63.0.3239.132+Safari/537.36 http://localhost:47596/Home/Index 200 0 0 172
2018-02-05 13:49:55 ::1 GET /Upload_Files/PhotoAug0,72304PM.jpg - 47596 - ::1 Mozilla/5.0+(Windows+NT+10.0;+Win64;+x64)+AppleWebKit/537.36+(KHTML,+like+Gecko)+Chrome/63.0.3239.132+Safari/537.36 http://localhost:47596/Home/Index 200 0 0 390
2018-02-05 13:49:55 ::1 GET /Upload_Files/Photo+Jul+28,+3+16+26+PM.jpg - 47596 - ::1 Mozilla/5.0+(Windows+NT+10.0;+Win64;+x64)+AppleWebKit/537.36+(KHTML,+like+Gecko)+Chrome/63.0.3239.132+Safari/537.36 http://localhost:47596/Home/Index 200 0 0 496
2018-02-05 13:49:55 ::1 GET /__browserLink/requestData/f6cec3f206014f15be7eaf9d72ecbc63 version=2 47596 - ::1 Mozilla/5.0+(Windows+NT+10.0;+Win64;+x64)+AppleWebKit/537.36+(KHTML,+like+Gecko)+Chrome/63.0.3239.132+Safari/537.36 http://localhost:47596/Home/Index 200 0 0 20
2018-02-05 13:50:28 ::1 HEAD /Upload_Files/2017-09-06+(2).pdf - 47596 - ::1 Mozilla/5.0+(Windows+NT+10.0;+Win64;+x64)+AppleWebKit/537.36+(KHTML,+like+Gecko)+Chrome/63.0.3239.132+Safari/537.36 http://localhost:47596/Home/Index 404 0 2 2
2018-02-05 13:50:28 ::1 HEAD /http:/viewerjs.org/demodoc.pdf - 47596 - ::1 Mozilla/5.0+(Windows+NT+10.0;+Win64;+x64)+AppleWebKit/537.36+(KHTML,+like+Gecko)+Chrome/63.0.3239.132+Safari/537.36 http://localhost:47596/ViewerJS/ 404 0 2 17
2018-02-05 13:50:28 ::1 GET /http:/viewerjs.org/demodoc.pdf - 47596 - ::1 Mozilla/5.0+(Windows+NT+10.0;+Win64;+x64)+AppleWebKit/537.36+(KHTML,+like+Gecko)+Chrome/63.0.3239.132+Safari/537.36 http://localhost:47596/ViewerJS/pdf.worker.js 404 0 2 1
2018-02-05 13:50:36 ::1 GET /Scripts/jquery.qtip.min.map - 47596 - ::1 Mozilla/5.0+(Windows+NT+10.0;+Win64;+x64)+AppleWebKit/537.36+(KHTML,+like+Gecko)+Chrome/63.0.3239.132+Safari/537.36 - 404 0 2 2
2018-02-05 13:50:54 ::1 GET /http:/viewerjs.org/demodoc.pdf - 47596 - ::1 Mozilla/5.0+(Windows+NT+10.0;+Win64;+x64)+AppleWebKit/537.36+(KHTML,+like+Gecko)+Chrome/63.0.3239.132+Safari/537.36 - 404 0 2 14
2018-02-05 13:51:44 ::1 HEAD /Upload_Files/2017-09-06+(2).pdf - 47596 - ::1 Mozilla/5.0+(Windows+NT+10.0;+Win64;+x64)+AppleWebKit/537.36+(KHTML,+like+Gecko)+Chrome/63.0.3239.132+Safari/537.36 http://localhost:47596/Home/Index 404 0 2 7
2018-02-05 13:51:47 ::1 HEAD /http:/viewerjs.org/demodoc.pdf - 47596 - ::1 Mozilla/5.0+(Windows+NT+10.0;+Win64;+x64)+AppleWebKit/537.36+(KHTML,+like+Gecko)+Chrome/63.0.3239.132+Safari/537.36 http://localhost:47596/ViewerJS/ 404 0 2 33
2018-02-05 13:51:47 ::1 GET /http:/viewerjs.org/demodoc.pdf - 47596 - ::1 Mozilla/5.0+(Windows+NT+10.0;+Win64;+x64)+AppleWebKit/537.36+(KHTML,+like+Gecko)+Chrome/63.0.3239.132+Safari/537.36 http://localhost:47596/ViewerJS/pdf.worker.js 404 0 2 0
2018-02-05 13:52:23 ::1 GET /Scripts/jquery.qtip.min.map - 47596 - ::1 Mozilla/5.0+(Windows+NT+10.0;+Win64;+x64)+AppleWebKit/537.36+(KHTML,+like+Gecko)+Chrome/63.0.3239.132+Safari/537.36 - 404 0 2 1
2018-02-05 13:52:33 ::1 HEAD /Upload_Files/2017-09-06+(2).pdf - 47596 - ::1 Mozilla/5.0+(Windows+NT+10.0;+Win64;+x64)+AppleWebKit/537.36+(KHTML,+like+Gecko)+Chrome/63.0.3239.132+Safari/537.36 http://localhost:47596/Home/Index 404 0 2 1
2018-02-05 13:52:38 ::1 GET /Scripts/jquery.qtip.min.map - 47596 - ::1 Mozilla/5.0+(Windows+NT+10.0;+Win64;+x64)+AppleWebKit/537.36+(KHTML,+like+Gecko)+Chrome/63.0.3239.132+Safari/537.36 - 404 0 2 2
2018-02-05 13:52:47 ::1 HEAD /Upload_Files/2017-09-06+(2).pdf - 47596 - ::1 Mozilla/5.0+(Windows+NT+10.0;+Win64;+x64)+AppleWebKit/537.36+(KHTML,+like+Gecko)+Chrome/63.0.3239.132+Safari/537.36 http://localhost:47596/Home/Index 404 0 2 1
2018-02-05 13:52:47 ::1 HEAD /.pdf - 47596 - ::1 Mozilla/5.0+(Windows+NT+10.0;+Win64;+x64)+AppleWebKit/537.36+(KHTML,+like+Gecko)+Chrome/63.0.3239.132+Safari/537.36 http://localhost:47596/ViewerJS/ 404 0 2 2
2018-02-05 13:52:47 ::1 GET /.pdf - 47596 - ::1 Mozilla/5.0+(Windows+NT+10.0;+Win64;+x64)+AppleWebKit/537.36+(KHTML,+like+Gecko)+Chrome/63.0.3239.132+Safari/537.36 http://localhost:47596/ViewerJS/pdf.worker.js 404 0 2 2
#Software: Microsoft Internet Information Services 8.0
#Version: 1.0
#Date: 2018-02-05 16:14:26
#Fields: date time s-ip cs-method cs-uri-stem cs-uri-query s-port cs-username c-ip cs(User-Agent) cs(Referer) sc-status sc-substatus sc-win32-status time-taken
2018-02-05 16:14:26 ::1 GET / - 47596 - ::1 Mozilla/5.0+(Windows+NT+10.0;+Win64;+x64)+AppleWebKit/537.36+(KHTML,+like+Gecko)+Chrome/63.0.3239.132+Safari/537.36 - 200 0 0 33135
2018-02-05 16:14:26 ::1 GET /Scripts/jquery.fancybox.js - 47596 - ::1 Mozilla/5.0+(Windows+NT+10.0;+Win64;+x64)+AppleWebKit/537.36+(KHTML,+like+Gecko)+Chrome/63.0.3239.132+Safari/537.36 http://localhost:47596/ 304 0 0 223
2018-02-05 16:14:28 ::1 GET /__browserLink/requestData/611e5d3f20f74e6e8b6bbf24beeb1a0c version=2 47596 - ::1 Mozilla/5.0+(Windows+NT+10.0;+Win64;+x64)+AppleWebKit/537.36+(KHTML,+like+Gecko)+Chrome/63.0.3239.132+Safari/537.36 http://localhost:47596/ 200 0 0 132
2018-02-05 16:15:02 ::1 GET /Scripts/jquery.qtip.min.map - 47596 - ::1 Mozilla/5.0+(Windows+NT+10.0;+Win64;+x64)+AppleWebKit/537.36+(KHTML,+like+Gecko)+Chrome/63.0.3239.132+Safari/537.36 - 404 0 2 6
2018-02-05 16:15:28 ::1 HEAD /Upload_Files/2017-09-06+(2).pdf - 47596 - ::1 Mozilla/5.0+(Windows+NT+10.0;+Win64;+x64)+AppleWebKit/537.36+(KHTML,+like+Gecko)+Chrome/63.0.3239.132+Safari/537.36 http://localhost:47596/ 404 0 2 2
2018-02-05 16:15:31 ::1 HEAD /https:/gktestworkspacestorage.blob.core.windows.net/test/119201833652AM_119201833652AM.pdf - 47596 - ::1 Mozilla/5.0+(Windows+NT+10.0;+Win64;+x64)+AppleWebKit/537.36+(KHTML,+like+Gecko)+Chrome/63.0.3239.132+Safari/537.36 http://localhost:47596/ViewerJS/ 404 0 2 7
2018-02-05 16:15:31 ::1 GET /https:/gktestworkspacestorage.blob.core.windows.net/test/119201833652AM_119201833652AM.pdf - 47596 - ::1 Mozilla/5.0+(Windows+NT+10.0;+Win64;+x64)+AppleWebKit/537.36+(KHTML,+like+Gecko)+Chrome/63.0.3239.132+Safari/537.36 http://localhost:47596/ViewerJS/pdf.worker.js 404 0 2 1
2018-02-05 16:17:12 ::1 HEAD /Upload_Files/2017-09-06+(2).pdf - 47596 - ::1 Mozilla/5.0+(Windows+NT+10.0;+Win64;+x64)+AppleWebKit/537.36+(KHTML,+like+Gecko)+Chrome/63.0.3239.132+Safari/537.36 http://localhost:47596/ 404 0 2 10
2018-02-05 16:17:16 ::1 HEAD /https:/gktestworkspacestorage.blob.core.windows.net/test/119201833652AM_119201833652AM.pdf - 47596 - ::1 Mozilla/5.0+(Windows+NT+10.0;+Win64;+x64)+AppleWebKit/537.36+(KHTML,+like+Gecko)+Chrome/63.0.3239.132+Safari/537.36 http://localhost:47596/ViewerJS/ 404 0 2 9
2018-02-05 16:17:16 ::1 GET /https:/gktestworkspacestorage.blob.core.windows.net/test/119201833652AM_119201833652AM.pdf - 47596 - ::1 Mozilla/5.0+(Windows+NT+10.0;+Win64;+x64)+AppleWebKit/537.36+(KHTML,+like+Gecko)+Chrome/63.0.3239.132+Safari/537.36 http://localhost:47596/ViewerJS/pdf.worker.js 404 0 2 2
2018-02-05 16:18:15 ::1 GET /Scripts/jquery.qtip.min.map - 47596 - ::1 Mozilla/5.0+(Windows+NT+10.0;+Win64;+x64)+AppleWebKit/537.36+(KHTML,+like+Gecko)+Chrome/63.0.3239.132+Safari/537.36 - 404 0 2 2
2018-02-05 16:19:45 ::1 GET /Scripts/jquery.qtip.min.map - 47596 - ::1 Mozilla/5.0+(Windows+NT+10.0;+Win64;+x64)+AppleWebKit/537.36+(KHTML,+like+Gecko)+Chrome/63.0.3239.132+Safari/537.36 - 404 0 2 9
2018-02-05 16:19:59 ::1 HEAD /Upload_Files/2017-09-06+(2).pdf - 47596 - ::1 Mozilla/5.0+(Windows+NT+10.0;+Win64;+x64)+AppleWebKit/537.36+(KHTML,+like+Gecko)+Chrome/63.0.3239.132+Safari/537.36 http://localhost:47596/ 404 0 2 2
2018-02-05 16:19:59 ::1 HEAD /https:/gktestworkspacestorage.blob.core.windows.net/test/119201833652AM_119201833652AM.pdf - 47596 - ::1 Mozilla/5.0+(Windows+NT+10.0;+Win64;+x64)+AppleWebKit/537.36+(KHTML,+like+Gecko)+Chrome/63.0.3239.132+Safari/537.36 http://localhost:47596/ViewerJS/ 404 0 2 25
2018-02-05 16:19:59 ::1 GET /https:/gktestworkspacestorage.blob.core.windows.net/test/119201833652AM_119201833652AM.pdf - 47596 - ::1 Mozilla/5.0+(Windows+NT+10.0;+Win64;+x64)+AppleWebKit/537.36+(KHTML,+like+Gecko)+Chrome/63.0.3239.132+Safari/537.36 http://localhost:47596/ViewerJS/pdf.worker.js 404 0 2 3
2018-02-05 16:20:27 ::1 GET /Scripts/jquery.qtip.min.map - 47596 - ::1 Mozilla/5.0+(Windows+NT+10.0;+Win64;+x64)+AppleWebKit/537.36+(KHTML,+like+Gecko)+Chrome/63.0.3239.132+Safari/537.36 - 404 0 2 1
2018-02-05 16:20:52 ::1 HEAD /ViewerJS/https:/gktestworkspacestorage.blob.core.windows.net/test/119201833652AM_119201833652AM.pdf - 47596 - ::1 Mozilla/5.0+(Windows+NT+10.0;+Win64;+x64)+AppleWebKit/537.36+(KHTML,+like+Gecko)+Chrome/63.0.3239.132+Safari/537.36 http://localhost:47596/ 404 0 2 2
2018-02-05 16:20:53 ::1 HEAD /Upload_Files/2017-09-06+(2).pdf - 47596 - ::1 Mozilla/5.0+(Windows+NT+10.0;+Win64;+x64)+AppleWebKit/537.36+(KHTML,+like+Gecko)+Chrome/63.0.3239.132+Safari/537.36 http://localhost:47596/ 404 0 2 12
2018-02-05 16:20:55 ::1 GET /ViewerJS/https:/gktestworkspacestorage.blob.core.windows.net/test/119201833652AM_119201833652AM.pdf - 47596 - ::1 Mozilla/5.0+(Windows+NT+10.0;+Win64;+x64)+AppleWebKit/537.36+(KHTML,+like+Gecko)+Chrome/63.0.3239.132+Safari/537.36 http://localhost:47596/ 404 0 2 19
2018-02-05 16:21:33 ::1 HEAD /Upload_Files/2017-09-06+(2).pdf - 47596 - ::1 Mozilla/5.0+(Windows+NT+10.0;+Win64;+x64)+AppleWebKit/537.36+(KHTML,+like+Gecko)+Chrome/63.0.3239.132+Safari/537.36 http://localhost:47596/ 404 0 2 3
2018-02-05 16:22:34 ::1 GET /Scripts/jquery.qtip.min.map - 47596 - ::1 Mozilla/5.0+(Windows+NT+10.0;+Win64;+x64)+AppleWebKit/537.36+(KHTML,+like+Gecko)+Chrome/63.0.3239.132+Safari/537.36 - 404 0 2 6
2018-02-05 16:23:00 ::1 HEAD /Upload_Files/2017-09-06+(2).pdf - 47596 - ::1 Mozilla/5.0+(Windows+NT+10.0;+Win64;+x64)+AppleWebKit/537.36+(KHTML,+like+Gecko)+Chrome/63.0.3239.132+Safari/537.36 http://localhost:47596/ 404 0 2 2
2018-02-05 16:23:12 ::1 GET /Scripts/jquery.qtip.min.map - 47596 - ::1 Mozilla/5.0+(Windows+NT+10.0;+Win64;+x64)+AppleWebKit/537.36+(KHTML,+like+Gecko)+Chrome/63.0.3239.132+Safari/537.36 - 404 0 2 3
2018-02-05 16:23:27 ::1 HEAD /Upload_Files/2017-09-06+(2).pdf - 47596 - ::1 Mozilla/5.0+(Windows+NT+10.0;+Win64;+x64)+AppleWebKit/537.36+(KHTML,+like+Gecko)+Chrome/63.0.3239.132+Safari/537.36 http://localhost:47596/ 404 0 2 9
2018-02-05 16:23:29 ::1 HEAD /https:/gktestworkspacestorage.blob.core.windows.net/test/119201833652AM_119201833652AM.pdf - 47596 - ::1 Mozilla/5.0+(Windows+NT+10.0;+Win64;+x64)+AppleWebKit/537.36+(KHTML,+like+Gecko)+Chrome/63.0.3239.132+Safari/537.36 http://localhost:47596/ViewerJS/ 404 0 2 21
2018-02-05 16:23:29 ::1 GET /https:/gktestworkspacestorage.blob.core.windows.net/test/119201833652AM_119201833652AM.pdf - 47596 - ::1 Mozilla/5.0+(Windows+NT+10.0;+Win64;+x64)+AppleWebKit/537.36+(KHTML,+like+Gecko)+Chrome/63.0.3239.132+Safari/537.36 http://localhost:47596/ViewerJS/pdf.worker.js 404 0 2 1
2018-02-05 16:28:59 ::1 GET /Scripts/jquery.qtip.min.map - 47596 - ::1 Mozilla/5.0+(Windows+NT+10.0;+Win64;+x64)+AppleWebKit/537.36+(KHTML,+like+Gecko)+Chrome/63.0.3239.132+Safari/537.36 - 404 0 2 6
2018-02-05 16:29:08 ::1 HEAD /Upload_Files/2017-09-06+(2).pdf - 47596 - ::1 Mozilla/5.0+(Windows+NT+10.0;+Win64;+x64)+AppleWebKit/537.36+(KHTML,+like+Gecko)+Chrome/63.0.3239.132+Safari/537.36 http://localhost:47596/ 404 0 2 2
