#Software: Microsoft Internet Information Services 8.0
#Version: 1.0
#Date: 2018-02-01 12:27:27
#Fields: date time s-ip cs-method cs-uri-stem cs-uri-query s-port cs-username c-ip cs(User-Agent) cs(Referer) sc-status sc-substatus sc-win32-status time-taken
2018-02-01 12:27:27 ::1 GET /Home/Index - 47596 - ::1 Mozilla/5.0+(Windows+NT+10.0;+WOW64;+Trident/7.0;+rv:11.0)+like+Gecko - 200 0 0 15395
2018-02-01 12:27:27 ::1 GET /Home/Index - 47596 - ::1 Mozilla/5.0+(Windows+NT+10.0;+Win64;+x64)+AppleWebKit/537.36+(KHTML,+like+Gecko)+Chrome/63.0.3239.132+Safari/537.36 - 200 0 0 56134
2018-02-01 12:27:33 ::1 GET /__browserLink/requestData/8160ec8d7ecc44a0920da325033ac1a3 version=2 47596 - ::1 Mozilla/5.0+(Windows+NT+10.0;+Win64;+x64)+AppleWebKit/537.36+(KHTML,+like+Gecko)+Chrome/63.0.3239.132+Safari/537.36 http://localhost:47596/Home/Index 200 0 0 813
2018-02-01 12:27:34 ::1 GET /__browserLink/requestData/87c556f9cb18463cbeee865479d70e2f version=2 47596 - ::1 Mozilla/5.0+(Windows+NT+10.0;+WOW64;+Trident/7.0;+rv:11.0)+like+Gecko http://localhost:47596/Home/Index 200 0 0 26
2018-02-01 12:32:37 ::1 GET /Scripts/jquery.qtip.min.map - 47596 - ::1 Mozilla/5.0+(Windows+NT+10.0;+WOW64;+Trident/7.0;+rv:11.0)+like+Gecko - 404 0 2 36
2018-02-01 12:32:44 ::1 HEAD /Upload_Files/35138662_REPAYMENT.pdf - 47596 - ::1 Mozilla/5.0+(Windows+NT+10.0;+WOW64;+Trident/7.0;+rv:11.0)+like+Gecko http://localhost:47596/Home/Index 200 0 0 159
2018-02-01 12:32:44 ::1 HEAD /Upload_Files/911201751215AM_911201751215AM.pdf - 47596 - ::1 Mozilla/5.0+(Windows+NT+10.0;+WOW64;+Trident/7.0;+rv:11.0)+like+Gecko http://localhost:47596/Home/Index 404 0 2 1
2018-02-01 12:33:02 ::1 GET /Scripts/jquery.qtip.min.map - 47596 - ::1 Mozilla/5.0+(Windows+NT+10.0;+WOW64;+Trident/7.0;+rv:11.0)+like+Gecko - 404 0 2 96
2018-02-01 12:33:44 ::1 HEAD /Upload_Files/35138662_REPAYMENT.pdf - 47596 - ::1 Mozilla/5.0+(Windows+NT+10.0;+WOW64;+Trident/7.0;+rv:11.0)+like+Gecko http://localhost:47596/Home/Index 200 0 0 4
2018-02-01 12:34:05 ::1 HEAD /Upload_Files/911201751215AM_911201751215AM.pdf - 47596 - ::1 Mozilla/5.0+(Windows+NT+10.0;+WOW64;+Trident/7.0;+rv:11.0)+like+Gecko http://localhost:47596/Home/Index 404 0 2 2
2018-02-01 12:34:16 ::1 HEAD /Upload_Files/98201784251AM_98201784251AM.pdf - 47596 - ::1 Mozilla/5.0+(Windows+NT+10.0;+WOW64;+Trident/7.0;+rv:11.0)+like+Gecko http://localhost:47596/Home/Index 404 0 2 3
2018-02-01 12:34:18 ::1 HEAD /Upload_Files/35138662_REPAYMENT.pdf - 47596 - ::1 Mozilla/5.0+(Windows+NT+10.0;+WOW64;+Trident/7.0;+rv:11.0)+like+Gecko http://localhost:47596/Home/Index 200 0 0 1
2018-02-01 12:34:22 ::1 HEAD /Upload_Files/2017-09-06.pdf - 47596 - ::1 Mozilla/5.0+(Windows+NT+10.0;+WOW64;+Trident/7.0;+rv:11.0)+like+Gecko http://localhost:47596/Home/Index 404 0 2 2
2018-02-01 12:34:23 ::1 HEAD /Upload_Files/2017-09-06(2).pdf - 47596 - ::1 Mozilla/5.0+(Windows+NT+10.0;+WOW64;+Trident/7.0;+rv:11.0)+like+Gecko http://localhost:47596/Home/Index 404 0 2 2
2018-02-01 12:34:36 ::1 GET /Scripts/jquery.qtip.min.map - 47596 - ::1 Mozilla/5.0+(Windows+NT+10.0;+WOW64;+Trident/7.0;+rv:11.0)+like+Gecko - 404 0 2 23
2018-02-01 12:36:11 ::1 GET /Scripts/jquery.qtip.min.map - 47596 - ::1 Mozilla/5.0+(Windows+NT+10.0;+WOW64;+Trident/7.0;+rv:11.0)+like+Gecko - 404 0 2 42
2018-02-01 12:37:07 ::1 GET /Scripts/jquery.qtip.min.map - 47596 - ::1 Mozilla/5.0+(Windows+NT+10.0;+WOW64;+Trident/7.0;+rv:11.0)+like+Gecko - 404 0 2 62
2018-02-01 12:38:22 ::1 GET /Scripts/jquery.qtip.min.map - 47596 - ::1 Mozilla/5.0+(Windows+NT+10.0;+WOW64;+Trident/7.0;+rv:11.0)+like+Gecko - 404 0 2 64
2018-02-01 12:38:33 ::1 HEAD /Upload_Files/2017-09-06(2).pdf - 47596 - ::1 Mozilla/5.0+(Windows+NT+10.0;+WOW64;+Trident/7.0;+rv:11.0)+like+Gecko http://localhost:47596/Home/Index 404 0 2 1
#Software: Microsoft Internet Information Services 8.0
#Version: 1.0
#Date: 2018-02-01 17:02:49
#Fields: date time s-ip cs-method cs-uri-stem cs-uri-query s-port cs-username c-ip cs(User-Agent) cs(Referer) sc-status sc-substatus sc-win32-status time-taken
2018-02-01 17:02:49 ::1 GET /Home/Index - 47596 - ::1 Mozilla/5.0+(Windows+NT+10.0;+WOW64;+Trident/7.0;+rv:11.0)+like+Gecko - 200 0 0 2733
2018-02-01 17:02:49 ::1 GET /Content/bootstrap.css - 47596 - ::1 Mozilla/5.0+(Windows+NT+10.0;+WOW64;+Trident/7.0;+rv:11.0)+like+Gecko http://localhost:47596/Home/Index 304 0 0 74
2018-02-01 17:02:49 ::1 GET /Content/site.css - 47596 - ::1 Mozilla/5.0+(Windows+NT+10.0;+WOW64;+Trident/7.0;+rv:11.0)+like+Gecko http://localhost:47596/Home/Index 304 0 0 34
2018-02-01 17:02:49 ::1 GET /Scripts/modernizr-2.6.2.js - 47596 - ::1 Mozilla/5.0+(Windows+NT+10.0;+WOW64;+Trident/7.0;+rv:11.0)+like+Gecko http://localhost:47596/Home/Index 304 0 0 4
2018-02-01 17:02:51 ::1 GET /Scripts/jquery-1.8.2.min.js - 47596 - ::1 Mozilla/5.0+(Windows+NT+10.0;+WOW64;+Trident/7.0;+rv:11.0)+like+Gecko http://localhost:47596/Home/Index 304 0 0 341
2018-02-01 17:02:51 ::1 GET /Scripts/jquery.mousewheel-3.0.6.pack.js - 47596 - ::1 Mozilla/5.0+(Windows+NT+10.0;+WOW64;+Trident/7.0;+rv:11.0)+like+Gecko http://localhost:47596/Home/Index 304 0 0 58
2018-02-01 17:02:51 ::1 GET /Scripts/jquery.fancybox.js - 47596 - ::1 Mozilla/5.0+(Windows+NT+10.0;+WOW64;+Trident/7.0;+rv:11.0)+like+Gecko http://localhost:47596/Home/Index 200 0 0 476
2018-02-01 17:02:53 ::1 GET /Scripts/jQueryRotate.js - 47596 - ::1 Mozilla/5.0+(Windows+NT+10.0;+WOW64;+Trident/7.0;+rv:11.0)+like+Gecko http://localhost:47596/Home/Index 304 0 0 99
2018-02-01 17:02:53 ::1 GET /Scripts/jquery.twbsPagination.js - 47596 - ::1 Mozilla/5.0+(Windows+NT+10.0;+WOW64;+Trident/7.0;+rv:11.0)+like+Gecko http://localhost:47596/Home/Index 304 0 0 61
2018-02-01 17:02:53 ::1 GET /Content/jquery.fancybox.css - 47596 - ::1 Mozilla/5.0+(Windows+NT+10.0;+WOW64;+Trident/7.0;+rv:11.0)+like+Gecko http://localhost:47596/Home/Index 304 0 0 97
2018-02-01 17:02:53 ::1 GET /Scripts/jquery.fancybox.css - 47596 - ::1 Mozilla/5.0+(Windows+NT+10.0;+WOW64;+Trident/7.0;+rv:11.0)+like+Gecko http://localhost:47596/Home/Index 304 0 0 94
2018-02-01 17:02:53 ::1 GET /Scripts/jquery.qtip.min.js - 47596 - ::1 Mozilla/5.0+(Windows+NT+10.0;+WOW64;+Trident/7.0;+rv:11.0)+like+Gecko http://localhost:47596/Home/Index 304 0 0 120
2018-02-01 17:02:53 ::1 GET /Scripts/jquery.qtip.min.css - 47596 - ::1 Mozilla/5.0+(Windows+NT+10.0;+WOW64;+Trident/7.0;+rv:11.0)+like+Gecko http://localhost:47596/Home/Index 304 0 0 177
2018-02-01 17:02:53 ::1 GET /Scripts/jquery.imgcheckbox.js - 47596 - ::1 Mozilla/5.0+(Windows+NT+10.0;+WOW64;+Trident/7.0;+rv:11.0)+like+Gecko http://localhost:47596/Home/Index 304 0 0 42
2018-02-01 17:02:54 ::1 GET /Upload_Files/2017-09-06(1).png - 47596 - ::1 Mozilla/5.0+(Windows+NT+10.0;+WOW64;+Trident/7.0;+rv:11.0)+like+Gecko http://localhost:47596/Home/Index 304 0 0 258
2018-02-01 17:02:54 ::1 GET /Upload_Files/2017-09-06+(1).png - 47596 - ::1 Mozilla/5.0+(Windows+NT+10.0;+WOW64;+Trident/7.0;+rv:11.0)+like+Gecko http://localhost:47596/Home/Index 304 0 0 346
2018-02-01 17:02:54 ::1 GET /Upload_Files/2017-09-06+(2).png - 47596 - ::1 Mozilla/5.0+(Windows+NT+10.0;+WOW64;+Trident/7.0;+rv:11.0)+like+Gecko http://localhost:47596/Home/Index 304 0 0 343
2018-02-01 17:02:54 ::1 GET /Upload_Files/2017-09-06.png - 47596 - ::1 Mozilla/5.0+(Windows+NT+10.0;+WOW64;+Trident/7.0;+rv:11.0)+like+Gecko http://localhost:47596/Home/Index 304 0 0 84
2018-02-01 17:02:54 ::1 GET /Upload_Files/35138662_REPAYMENT.png - 47596 - ::1 Mozilla/5.0+(Windows+NT+10.0;+WOW64;+Trident/7.0;+rv:11.0)+like+Gecko http://localhost:47596/Home/Index 304 0 0 263
2018-02-01 17:02:54 ::1 GET /Upload_Files/2017-09-06+(3).png - 47596 - ::1 Mozilla/5.0+(Windows+NT+10.0;+WOW64;+Trident/7.0;+rv:11.0)+like+Gecko http://localhost:47596/Home/Index 304 0 0 607
2018-02-01 17:02:54 ::1 GET /Upload_Files/2017-09-06(2).png - 47596 - ::1 Mozilla/5.0+(Windows+NT+10.0;+WOW64;+Trident/7.0;+rv:11.0)+like+Gecko http://localhost:47596/Home/Index 304 0 0 391
2018-02-01 17:02:54 ::1 GET /Upload_Files/21062016105940.jpg - 47596 - ::1 Mozilla/5.0+(Windows+NT+10.0;+WOW64;+Trident/7.0;+rv:11.0)+like+Gecko http://localhost:47596/Home/Index 304 0 0 390
2018-02-01 17:02:54 ::1 GET /Upload_Files/98201795312AM_98201795312AM.png - 47596 - ::1 Mozilla/5.0+(Windows+NT+10.0;+WOW64;+Trident/7.0;+rv:11.0)+like+Gecko http://localhost:47596/Home/Index 304 0 0 591
2018-02-01 17:02:54 ::1 GET /Upload_Files/98201793914AM_98201793914AM.png - 47596 - ::1 Mozilla/5.0+(Windows+NT+10.0;+WOW64;+Trident/7.0;+rv:11.0)+like+Gecko http://localhost:47596/Home/Index 304 0 0 676
2018-02-01 17:02:55 ::1 GET /Upload_Files/911201751215AM_911201751215AM.png - 47596 - ::1 Mozilla/5.0+(Windows+NT+10.0;+WOW64;+Trident/7.0;+rv:11.0)+like+Gecko http://localhost:47596/Home/Index 304 0 0 1138
2018-02-01 17:02:55 ::1 GET /Upload_Files/98201784251AM_98201784251AM.png - 47596 - ::1 Mozilla/5.0+(Windows+NT+10.0;+WOW64;+Trident/7.0;+rv:11.0)+like+Gecko http://localhost:47596/Home/Index 304 0 0 1121
2018-02-01 17:02:55 ::1 GET /Scripts/bootstrap.js - 47596 - ::1 Mozilla/5.0+(Windows+NT+10.0;+WOW64;+Trident/7.0;+rv:11.0)+like+Gecko http://localhost:47596/Home/Index 304 0 0 895
2018-02-01 17:02:55 ::1 GET /Upload_Files/Photo+Aug+09,+3+17+15+PM.jpg - 47596 - ::1 Mozilla/5.0+(Windows+NT+10.0;+WOW64;+Trident/7.0;+rv:11.0)+like+Gecko http://localhost:47596/Home/Index 304 0 0 732
2018-02-01 17:02:55 ::1 GET /Upload_Files/Photo+Aug+10,+10+28+12+AM+(1).jpg - 47596 - ::1 Mozilla/5.0+(Windows+NT+10.0;+WOW64;+Trident/7.0;+rv:11.0)+like+Gecko http://localhost:47596/Home/Index 304 0 0 913
2018-02-01 17:02:56 ::1 GET /Upload_Files/Photo+Aug+10,+10+28+12+AM+(2).jpg - 47596 - ::1 Mozilla/5.0+(Windows+NT+10.0;+WOW64;+Trident/7.0;+rv:11.0)+like+Gecko http://localhost:47596/Home/Index 304 0 0 1311
2018-02-01 17:02:56 ::1 GET /Upload_Files/Photo+Aug+10,+10+28+12+AM.jpg - 47596 - ::1 Mozilla/5.0+(Windows+NT+10.0;+WOW64;+Trident/7.0;+rv:11.0)+like+Gecko http://localhost:47596/Home/Index 304 0 0 1275
2018-02-01 17:02:56 ::1 GET /Upload_Files/ExifTest.jpg - 47596 - ::1 Mozilla/5.0+(Windows+NT+10.0;+WOW64;+Trident/7.0;+rv:11.0)+like+Gecko http://localhost:47596/Home/Index 304 0 0 1841
2018-02-01 17:02:56 ::1 GET /Upload_Files/PhotoAug3111908PM.png - 47596 - ::1 Mozilla/5.0+(Windows+NT+10.0;+WOW64;+Trident/7.0;+rv:11.0)+like+Gecko http://localhost:47596/Home/Index 304 0 0 676
2018-02-01 17:02:56 ::1 GET /Upload_Files/Photo+Jul+28,+3+16+26+PM.jpg - 47596 - ::1 Mozilla/5.0+(Windows+NT+10.0;+WOW64;+Trident/7.0;+rv:11.0)+like+Gecko http://localhost:47596/Home/Index 304 0 0 1290
2018-02-01 17:02:56 ::1 GET /Upload_Files/Thumb_PhotoAug11122531PM.png - 47596 - ::1 Mozilla/5.0+(Windows+NT+10.0;+WOW64;+Trident/7.0;+rv:11.0)+like+Gecko http://localhost:47596/Home/Index 304 0 0 604
2018-02-01 17:02:56 ::1 GET /Upload_Files/Photo+Aug+31,+1+19+08+PM.png - 47596 - ::1 Mozilla/5.0+(Windows+NT+10.0;+WOW64;+Trident/7.0;+rv:11.0)+like+Gecko http://localhost:47596/Home/Index 304 0 0 1649
2018-02-01 17:02:56 ::1 GET /Upload_Files/PhotoAug11122531PM.png - 47596 - ::1 Mozilla/5.0+(Windows+NT+10.0;+WOW64;+Trident/7.0;+rv:11.0)+like+Gecko http://localhost:47596/Home/Index 304 0 0 1259
2018-02-01 17:02:56 ::1 GET /Scripts/respond.js - 47596 - ::1 Mozilla/5.0+(Windows+NT+10.0;+WOW64;+Trident/7.0;+rv:11.0)+like+Gecko http://localhost:47596/Home/Index 304 0 0 299
2018-02-01 17:02:56 ::1 GET /Upload_Files/PhotoAug0,72304PM.jpg - 47596 - ::1 Mozilla/5.0+(Windows+NT+10.0;+WOW64;+Trident/7.0;+rv:11.0)+like+Gecko http://localhost:47596/Home/Index 304 0 0 1833
2018-02-01 17:03:00 ::1 GET /__browserLink/requestData/979a84ed850444e0a2286acc51906785 version=2 47596 - ::1 Mozilla/5.0+(Windows+NT+10.0;+WOW64;+Trident/7.0;+rv:11.0)+like+Gecko http://localhost:47596/Home/Index 200 0 0 1138
2018-02-01 17:03:22 ::1 HEAD /ViewerJS/Upload_Files/35138662_REPAYMENT.pdf - 47596 - ::1 Mozilla/5.0+(Windows+NT+10.0;+WOW64;+Trident/7.0;+rv:11.0)+like+Gecko http://localhost:47596/Home/Index 404 0 2 27
2018-02-01 17:03:22 ::1 HEAD /ViewerJS/Upload_Files/911201751215AM_911201751215AM.pdf - 47596 - ::1 Mozilla/5.0+(Windows+NT+10.0;+WOW64;+Trident/7.0;+rv:11.0)+like+Gecko http://localhost:47596/Home/Index 404 0 2 1
2018-02-01 17:03:46 ::1 GET /Scripts/jquery.qtip.min.map - 47596 - ::1 Mozilla/5.0+(Windows+NT+10.0;+WOW64;+Trident/7.0;+rv:11.0)+like+Gecko - 404 0 2 5
2018-02-01 17:05:05 ::1 HEAD /ViewerJS/ViewerJS/ - 47596 - ::1 Mozilla/5.0+(Windows+NT+10.0;+WOW64;+Trident/7.0;+rv:11.0)+like+Gecko http://localhost:47596/Home/Index 404 0 0 2712
2018-02-01 17:05:05 ::1 GET /ViewerJS/ - 47596 - ::1 Mozilla/5.0+(Windows+NT+10.0;+WOW64;+Trident/7.0;+rv:11.0)+like+Gecko http://localhost:47596/Home/Index 200 0 0 597
2018-02-01 17:05:11 ::1 HEAD /ViewerJS/Upload_Files/2017-09-06+(2).pdf - 47596 - ::1 Mozilla/5.0+(Windows+NT+10.0;+WOW64;+Trident/7.0;+rv:11.0)+like+Gecko http://localhost:47596/Home/Index 404 0 2 5
2018-02-01 17:05:15 ::1 GET /ViewerJS/images/toolbarButton-menuArrows.png - 47596 - ::1 Mozilla/5.0+(Windows+NT+10.0;+WOW64;+Trident/7.0;+rv:11.0)+like+Gecko http://localhost:47596/ViewerJS/ 200 0 0 51
2018-02-01 17:05:15 ::1 GET /ViewerJS/images/toolbarButton-zoomOut.png - 47596 - ::1 Mozilla/5.0+(Windows+NT+10.0;+WOW64;+Trident/7.0;+rv:11.0)+like+Gecko http://localhost:47596/ViewerJS/ 200 0 0 76
2018-02-01 17:05:15 ::1 GET /ViewerJS/images/toolbarButton-download.png - 47596 - ::1 Mozilla/5.0+(Windows+NT+10.0;+WOW64;+Trident/7.0;+rv:11.0)+like+Gecko http://localhost:47596/ViewerJS/ 200 0 0 142
2018-02-01 17:05:15 ::1 GET /ViewerJS/images/texture.png - 47596 - ::1 Mozilla/5.0+(Windows+NT+10.0;+WOW64;+Trident/7.0;+rv:11.0)+like+Gecko http://localhost:47596/ViewerJS/ 200 0 0 150
2018-02-01 17:05:15 ::1 GET /ViewerJS/images/toolbarButton-fullscreen.png - 47596 - ::1 Mozilla/5.0+(Windows+NT+10.0;+WOW64;+Trident/7.0;+rv:11.0)+like+Gecko http://localhost:47596/ViewerJS/ 200 0 0 167
2018-02-01 17:05:15 ::1 GET /ViewerJS/images/toolbarButton-presentation.png - 47596 - ::1 Mozilla/5.0+(Windows+NT+10.0;+WOW64;+Trident/7.0;+rv:11.0)+like+Gecko http://localhost:47596/ViewerJS/ 200 0 0 168
2018-02-01 17:05:15 ::1 GET /ViewerJS/images/toolbarButton-zoomIn.png - 47596 - ::1 Mozilla/5.0+(Windows+NT+10.0;+WOW64;+Trident/7.0;+rv:11.0)+like+Gecko http://localhost:47596/ViewerJS/ 200 0 0 159
2018-02-01 17:05:15 ::1 GET /ViewerJS/images/toolbarButton-pageUp.png - 47596 - ::1 Mozilla/5.0+(Windows+NT+10.0;+WOW64;+Trident/7.0;+rv:11.0)+like+Gecko http://localhost:47596/ViewerJS/ 200 0 0 121
2018-02-01 17:05:15 ::1 GET /ViewerJS/images/toolbarButton-pageDown.png - 47596 - ::1 Mozilla/5.0+(Windows+NT+10.0;+WOW64;+Trident/7.0;+rv:11.0)+like+Gecko http://localhost:47596/ViewerJS/ 200 0 0 218
2018-02-01 17:05:17 ::1 GET /ViewerJS/images/kogmbh.png - 47596 - ::1 Mozilla/5.0+(Windows+NT+10.0;+WOW64;+Trident/7.0;+rv:11.0)+like+Gecko http://localhost:47596/ViewerJS/ 200 0 0 11
2018-02-01 17:05:17 ::1 GET /ViewerJS/images/nlnet.png - 47596 - ::1 Mozilla/5.0+(Windows+NT+10.0;+WOW64;+Trident/7.0;+rv:11.0)+like+Gecko http://localhost:47596/ViewerJS/ 200 0 0 132
2018-02-01 17:05:17 ::1 GET /ViewerJS/compatibility.js - 47596 - ::1 Mozilla/5.0+(Windows+NT+10.0;+WOW64;+Trident/7.0;+rv:11.0)+like+Gecko http://localhost:47596/ViewerJS/ 200 0 0 147
2018-02-01 17:05:17 ::1 GET /ViewerJS/pdfjsversion.js - 47596 - ::1 Mozilla/5.0+(Windows+NT+10.0;+WOW64;+Trident/7.0;+rv:11.0)+like+Gecko http://localhost:47596/ViewerJS/ 200 0 0 45
2018-02-01 17:05:17 ::1 GET /ViewerJS/text_layer_builder.js - 47596 - ::1 Mozilla/5.0+(Windows+NT+10.0;+WOW64;+Trident/7.0;+rv:11.0)+like+Gecko http://localhost:47596/ViewerJS/ 200 0 0 96
2018-02-01 17:05:17 ::1 GET /ViewerJS/ui_utils.js - 47596 - ::1 Mozilla/5.0+(Windows+NT+10.0;+WOW64;+Trident/7.0;+rv:11.0)+like+Gecko http://localhost:47596/ViewerJS/ 200 0 0 136
2018-02-01 17:05:17 ::1 GET /ViewerJS/pdf.js - 47596 - ::1 Mozilla/5.0+(Windows+NT+10.0;+WOW64;+Trident/7.0;+rv:11.0)+like+Gecko http://localhost:47596/ViewerJS/ 200 0 0 270
2018-02-01 17:05:18 ::1 GET /ViewerJS/pdf.worker.js - 47596 - ::1 Mozilla/5.0+(Windows+NT+10.0;+WOW64;+Trident/7.0;+rv:11.0)+like+Gecko http://localhost:47596/ViewerJS/ 200 0 0 394
2018-02-01 17:05:53 ::1 HEAD /ViewerJS/Upload_Files/2017-09-06+(3).pdf - 47596 - ::1 Mozilla/5.0+(Windows+NT+10.0;+WOW64;+Trident/7.0;+rv:11.0)+like+Gecko http://localhost:47596/Home/Index 404 0 2 2
2018-02-01 17:05:54 ::1 HEAD /ViewerJS/Upload_Files/2017-09-06(1).pdf - 47596 - ::1 Mozilla/5.0+(Windows+NT+10.0;+WOW64;+Trident/7.0;+rv:11.0)+like+Gecko http://localhost:47596/Home/Index 404 0 2 1
2018-02-01 17:05:56 ::1 HEAD /ViewerJS/ViewerJS/ - 47596 - ::1 Mozilla/5.0+(Windows+NT+10.0;+WOW64;+Trident/7.0;+rv:11.0)+like+Gecko http://localhost:47596/Home/Index 404 0 0 34
2018-02-01 17:06:33 ::1 GET /Home/Index - 47596 - ::1 Mozilla/5.0+(Windows+NT+10.0;+Win64;+x64)+AppleWebKit/537.36+(KHTML,+like+Gecko)+Chrome/63.0.3239.132+Safari/537.36 - 200 0 0 94
2018-02-01 17:06:33 ::1 GET /Content/site.css - 47596 - ::1 Mozilla/5.0+(Windows+NT+10.0;+Win64;+x64)+AppleWebKit/537.36+(KHTML,+like+Gecko)+Chrome/63.0.3239.132+Safari/537.36 http://localhost:47596/Home/Index 200 0 0 53
2018-02-01 17:06:33 ::1 GET /Scripts/jquery.mousewheel-3.0.6.pack.js - 47596 - ::1 Mozilla/5.0+(Windows+NT+10.0;+Win64;+x64)+AppleWebKit/537.36+(KHTML,+like+Gecko)+Chrome/63.0.3239.132+Safari/537.36 http://localhost:47596/Home/Index 200 0 0 79
2018-02-01 17:06:33 ::1 GET /Scripts/modernizr-2.6.2.js - 47596 - ::1 Mozilla/5.0+(Windows+NT+10.0;+Win64;+x64)+AppleWebKit/537.36+(KHTML,+like+Gecko)+Chrome/63.0.3239.132+Safari/537.36 http://localhost:47596/Home/Index 200 0 0 120
2018-02-01 17:06:33 ::1 GET /Scripts/jquery.fancybox.css - 47596 - ::1 Mozilla/5.0+(Windows+NT+10.0;+Win64;+x64)+AppleWebKit/537.36+(KHTML,+like+Gecko)+Chrome/63.0.3239.132+Safari/537.36 http://localhost:47596/Home/Index 200 0 0 72
2018-02-01 17:06:33 ::1 GET /Scripts/jquery-1.8.2.min.js - 47596 - ::1 Mozilla/5.0+(Windows+NT+10.0;+Win64;+x64)+AppleWebKit/537.36+(KHTML,+like+Gecko)+Chrome/63.0.3239.132+Safari/537.36 http://localhost:47596/Home/Index 200 0 0 159
2018-02-01 17:06:33 ::1 GET /Scripts/jquery.qtip.min.css - 47596 - ::1 Mozilla/5.0+(Windows+NT+10.0;+Win64;+x64)+AppleWebKit/537.36+(KHTML,+like+Gecko)+Chrome/63.0.3239.132+Safari/537.36 http://localhost:47596/Home/Index 200 0 0 70
2018-02-01 17:06:33 ::1 GET /Scripts/jquery.twbsPagination.js - 47596 - ::1 Mozilla/5.0+(Windows+NT+10.0;+Win64;+x64)+AppleWebKit/537.36+(KHTML,+like+Gecko)+Chrome/63.0.3239.132+Safari/537.36 http://localhost:47596/Home/Index 200 0 0 71
2018-02-01 17:06:33 ::1 GET /Scripts/jquery.imgcheckbox.js - 47596 - ::1 Mozilla/5.0+(Windows+NT+10.0;+Win64;+x64)+AppleWebKit/537.36+(KHTML,+like+Gecko)+Chrome/63.0.3239.132+Safari/537.36 http://localhost:47596/Home/Index 200 0 0 50
2018-02-01 17:06:33 ::1 GET /Scripts/jQueryRotate.js - 47596 - ::1 Mozilla/5.0+(Windows+NT+10.0;+Win64;+x64)+AppleWebKit/537.36+(KHTML,+like+Gecko)+Chrome/63.0.3239.132+Safari/537.36 http://localhost:47596/Home/Index 200 0 0 153
2018-02-01 17:06:33 ::1 GET /Scripts/jquery.qtip.min.js - 47596 - ::1 Mozilla/5.0+(Windows+NT+10.0;+Win64;+x64)+AppleWebKit/537.36+(KHTML,+like+Gecko)+Chrome/63.0.3239.132+Safari/537.36 http://localhost:47596/Home/Index 200 0 0 122
2018-02-01 17:06:33 ::1 GET /Content/jquery.fancybox.css - 47596 - ::1 Mozilla/5.0+(Windows+NT+10.0;+Win64;+x64)+AppleWebKit/537.36+(KHTML,+like+Gecko)+Chrome/63.0.3239.132+Safari/537.36 http://localhost:47596/Home/Index 200 0 0 285
2018-02-01 17:06:33 ::1 GET /Content/bootstrap.css - 47596 - ::1 Mozilla/5.0+(Windows+NT+10.0;+Win64;+x64)+AppleWebKit/537.36+(KHTML,+like+Gecko)+Chrome/63.0.3239.132+Safari/537.36 http://localhost:47596/Home/Index 200 0 0 350
2018-02-01 17:06:33 ::1 GET /Scripts/bootstrap.js - 47596 - ::1 Mozilla/5.0+(Windows+NT+10.0;+Win64;+x64)+AppleWebKit/537.36+(KHTML,+like+Gecko)+Chrome/63.0.3239.132+Safari/537.36 http://localhost:47596/Home/Index 200 0 0 121
2018-02-01 17:06:33 ::1 GET /Scripts/jquery.fancybox.js - 47596 - ::1 Mozilla/5.0+(Windows+NT+10.0;+Win64;+x64)+AppleWebKit/537.36+(KHTML,+like+Gecko)+Chrome/63.0.3239.132+Safari/537.36 http://localhost:47596/Home/Index 200 0 0 689
2018-02-01 17:06:34 ::1 GET /Upload_Files/2017-09-06+(1).png - 47596 - ::1 Mozilla/5.0+(Windows+NT+10.0;+Win64;+x64)+AppleWebKit/537.36+(KHTML,+like+Gecko)+Chrome/63.0.3239.132+Safari/537.36 http://localhost:47596/Home/Index 200 0 0 65
2018-02-01 17:06:34 ::1 GET /Upload_Files/2017-09-06(2).png - 47596 - ::1 Mozilla/5.0+(Windows+NT+10.0;+Win64;+x64)+AppleWebKit/537.36+(KHTML,+like+Gecko)+Chrome/63.0.3239.132+Safari/537.36 http://localhost:47596/Home/Index 200 0 0 66
2018-02-01 17:06:34 ::1 GET /Upload_Files/2017-09-06(1).png - 47596 - ::1 Mozilla/5.0+(Windows+NT+10.0;+Win64;+x64)+AppleWebKit/537.36+(KHTML,+like+Gecko)+Chrome/63.0.3239.132+Safari/537.36 http://localhost:47596/Home/Index 200 0 0 131
2018-02-01 17:06:34 ::1 GET /Scripts/respond.js - 47596 - ::1 Mozilla/5.0+(Windows+NT+10.0;+Win64;+x64)+AppleWebKit/537.36+(KHTML,+like+Gecko)+Chrome/63.0.3239.132+Safari/537.36 http://localhost:47596/Home/Index 200 0 0 168
2018-02-01 17:06:34 ::1 GET /Upload_Files/2017-09-06+(2).png - 47596 - ::1 Mozilla/5.0+(Windows+NT+10.0;+Win64;+x64)+AppleWebKit/537.36+(KHTML,+like+Gecko)+Chrome/63.0.3239.132+Safari/537.36 http://localhost:47596/Home/Index 200 0 0 145
2018-02-01 17:06:34 ::1 GET /Upload_Files/2017-09-06.png - 47596 - ::1 Mozilla/5.0+(Windows+NT+10.0;+Win64;+x64)+AppleWebKit/537.36+(KHTML,+like+Gecko)+Chrome/63.0.3239.132+Safari/537.36 http://localhost:47596/Home/Index 200 0 0 84
2018-02-01 17:06:34 ::1 GET /Upload_Files/21062016105940.jpg - 47596 - ::1 Mozilla/5.0+(Windows+NT+10.0;+Win64;+x64)+AppleWebKit/537.36+(KHTML,+like+Gecko)+Chrome/63.0.3239.132+Safari/537.36 http://localhost:47596/Home/Index 200 0 0 123
2018-02-01 17:06:34 ::1 GET /Upload_Files/911201751215AM_911201751215AM.png - 47596 - ::1 Mozilla/5.0+(Windows+NT+10.0;+Win64;+x64)+AppleWebKit/537.36+(KHTML,+like+Gecko)+Chrome/63.0.3239.132+Safari/537.36 http://localhost:47596/Home/Index 200 0 0 57
2018-02-01 17:06:34 ::1 GET /Upload_Files/98201793914AM_98201793914AM.png - 47596 - ::1 Mozilla/5.0+(Windows+NT+10.0;+Win64;+x64)+AppleWebKit/537.36+(KHTML,+like+Gecko)+Chrome/63.0.3239.132+Safari/537.36 http://localhost:47596/Home/Index 200 0 0 57
2018-02-01 17:06:34 ::1 GET /Upload_Files/35138662_REPAYMENT.png - 47596 - ::1 Mozilla/5.0+(Windows+NT+10.0;+Win64;+x64)+AppleWebKit/537.36+(KHTML,+like+Gecko)+Chrome/63.0.3239.132+Safari/537.36 http://localhost:47596/Home/Index 200 0 0 150
2018-02-01 17:06:34 ::1 GET /Upload_Files/98201784251AM_98201784251AM.png - 47596 - ::1 Mozilla/5.0+(Windows+NT+10.0;+Win64;+x64)+AppleWebKit/537.36+(KHTML,+like+Gecko)+Chrome/63.0.3239.132+Safari/537.36 http://localhost:47596/Home/Index 200 0 0 162
2018-02-01 17:06:34 ::1 GET /Upload_Files/98201795312AM_98201795312AM.png - 47596 - ::1 Mozilla/5.0+(Windows+NT+10.0;+Win64;+x64)+AppleWebKit/537.36+(KHTML,+like+Gecko)+Chrome/63.0.3239.132+Safari/537.36 http://localhost:47596/Home/Index 200 0 0 158
2018-02-01 17:06:35 ::1 GET /Upload_Files/2017-09-06+(3).png - 47596 - ::1 Mozilla/5.0+(Windows+NT+10.0;+Win64;+x64)+AppleWebKit/537.36+(KHTML,+like+Gecko)+Chrome/63.0.3239.132+Safari/537.36 http://localhost:47596/Home/Index 200 0 0 1141
2018-02-01 17:06:35 ::1 HEAD /ViewerJS/Upload_Files/2017-09-06+(1).pdf - 47596 - ::1 Mozilla/5.0+(Windows+NT+10.0;+Win64;+x64)+AppleWebKit/537.36+(KHTML,+like+Gecko)+Chrome/63.0.3239.132+Safari/537.36 http://localhost:47596/Home/Index 404 0 2 5
2018-02-01 17:06:35 ::1 HEAD /ViewerJS/Upload_Files/2017-09-06+(2).pdf - 47596 - ::1 Mozilla/5.0+(Windows+NT+10.0;+Win64;+x64)+AppleWebKit/537.36+(KHTML,+like+Gecko)+Chrome/63.0.3239.132+Safari/537.36 http://localhost:47596/Home/Index 404 0 2 5
2018-02-01 17:06:37 ::1 GET /Upload_Files/Photo+Aug+31,+1+19+08+PM.png - 47596 - ::1 Mozilla/5.0+(Windows+NT+10.0;+Win64;+x64)+AppleWebKit/537.36+(KHTML,+like+Gecko)+Chrome/63.0.3239.132+Safari/537.36 http://localhost:47596/Home/Index 200 0 0 713
2018-02-01 17:06:37 ::1 GET /Upload_Files/Photo+Aug+10,+10+28+12+AM+(2).jpg - 47596 - ::1 Mozilla/5.0+(Windows+NT+10.0;+Win64;+x64)+AppleWebKit/537.36+(KHTML,+like+Gecko)+Chrome/63.0.3239.132+Safari/537.36 http://localhost:47596/Home/Index 200 0 0 2318
2018-02-01 17:06:37 ::1 GET /Upload_Files/ExifTest.jpg - 47596 - ::1 Mozilla/5.0+(Windows+NT+10.0;+Win64;+x64)+AppleWebKit/537.36+(KHTML,+like+Gecko)+Chrome/63.0.3239.132+Safari/537.36 http://localhost:47596/Home/Index 200 0 0 2672
2018-02-01 17:06:37 ::1 GET /Upload_Files/Photo+Aug+10,+10+28+12+AM.jpg - 47596 - ::1 Mozilla/5.0+(Windows+NT+10.0;+Win64;+x64)+AppleWebKit/537.36+(KHTML,+like+Gecko)+Chrome/63.0.3239.132+Safari/537.36 http://localhost:47596/Home/Index 200 0 0 2320
2018-02-01 17:06:37 ::1 GET /Upload_Files/Photo+Aug+10,+10+28+12+AM+(1).jpg - 47596 - ::1 Mozilla/5.0+(Windows+NT+10.0;+Win64;+x64)+AppleWebKit/537.36+(KHTML,+like+Gecko)+Chrome/63.0.3239.132+Safari/537.36 http://localhost:47596/Home/Index 200 0 0 2320
2018-02-01 17:06:37 ::1 GET /Upload_Files/Photo+Aug+09,+3+17+15+PM.jpg - 47596 - ::1 Mozilla/5.0+(Windows+NT+10.0;+Win64;+x64)+AppleWebKit/537.36+(KHTML,+like+Gecko)+Chrome/63.0.3239.132+Safari/537.36 http://localhost:47596/Home/Index 200 0 0 2972
2018-02-01 17:06:37 ::1 GET /Upload_Files/Thumb_PhotoAug11122531PM.png - 47596 - ::1 Mozilla/5.0+(Windows+NT+10.0;+Win64;+x64)+AppleWebKit/537.36+(KHTML,+like+Gecko)+Chrome/63.0.3239.132+Safari/537.36 http://localhost:47596/Home/Index 200 0 0 81
2018-02-01 17:06:38 ::1 GET /Upload_Files/PhotoAug11122531PM.png - 47596 - ::1 Mozilla/5.0+(Windows+NT+10.0;+Win64;+x64)+AppleWebKit/537.36+(KHTML,+like+Gecko)+Chrome/63.0.3239.132+Safari/537.36 http://localhost:47596/Home/Index 200 0 0 332
2018-02-01 17:06:38 ::1 GET /Upload_Files/PhotoAug3111908PM.png - 47596 - ::1 Mozilla/5.0+(Windows+NT+10.0;+Win64;+x64)+AppleWebKit/537.36+(KHTML,+like+Gecko)+Chrome/63.0.3239.132+Safari/537.36 http://localhost:47596/Home/Index 200 0 0 654
2018-02-01 17:06:38 ::1 GET /Upload_Files/Photo+Jul+28,+3+16+26+PM.jpg - 47596 - ::1 Mozilla/5.0+(Windows+NT+10.0;+Win64;+x64)+AppleWebKit/537.36+(KHTML,+like+Gecko)+Chrome/63.0.3239.132+Safari/537.36 http://localhost:47596/Home/Index 200 0 0 1447
2018-02-01 17:06:38 ::1 GET /Upload_Files/PhotoAug0,72304PM.jpg - 47596 - ::1 Mozilla/5.0+(Windows+NT+10.0;+Win64;+x64)+AppleWebKit/537.36+(KHTML,+like+Gecko)+Chrome/63.0.3239.132+Safari/537.36 http://localhost:47596/Home/Index 200 0 0 1210
2018-02-01 17:06:39 ::1 GET /__browserLink/requestData/c60fad718f1745949dcab57bfc34804b version=2 47596 - ::1 Mozilla/5.0+(Windows+NT+10.0;+Win64;+x64)+AppleWebKit/537.36+(KHTML,+like+Gecko)+Chrome/63.0.3239.132+Safari/537.36 http://localhost:47596/Home/Index 200 0 0 241
2018-02-01 17:06:41 ::1 HEAD /ViewerJS/Upload_Files/2017-09-06+(1).pdf - 47596 - ::1 Mozilla/5.0+(Windows+NT+10.0;+Win64;+x64)+AppleWebKit/537.36+(KHTML,+like+Gecko)+Chrome/63.0.3239.132+Safari/537.36 http://localhost:47596/Home/Index 404 0 2 2
2018-02-01 17:06:41 ::1 HEAD /ViewerJS/Upload_Files/2017-09-06+(2).pdf - 47596 - ::1 Mozilla/5.0+(Windows+NT+10.0;+Win64;+x64)+AppleWebKit/537.36+(KHTML,+like+Gecko)+Chrome/63.0.3239.132+Safari/537.36 http://localhost:47596/Home/Index 404 0 2 3
2018-02-01 17:06:50 ::1 GET /Scripts/jquery.qtip.min.map - 47596 - ::1 Mozilla/5.0+(Windows+NT+10.0;+WOW64;+Trident/7.0;+rv:11.0)+like+Gecko - 404 0 2 16
2018-02-01 17:07:11 ::1 GET /Scripts/jquery.qtip.min.map - 47596 - ::1 Mozilla/5.0+(Windows+NT+10.0;+Win64;+x64)+AppleWebKit/537.36+(KHTML,+like+Gecko)+Chrome/63.0.3239.132+Safari/537.36 - 404 0 2 4
2018-02-01 17:07:11 ::1 GET /Content/bootstrap.css.map - 47596 - ::1 Mozilla/5.0+(Windows+NT+10.0;+Win64;+x64)+AppleWebKit/537.36+(KHTML,+like+Gecko)+Chrome/63.0.3239.132+Safari/537.36 - 200 0 0 267
2018-02-01 17:07:54 ::1 HEAD /ViewerJS/ViewerJS/ - 47596 - ::1 Mozilla/5.0+(Windows+NT+10.0;+Win64;+x64)+AppleWebKit/537.36+(KHTML,+like+Gecko)+Chrome/63.0.3239.132+Safari/537.36 http://localhost:47596/Home/Index 404 0 0 35
2018-02-01 17:07:54 ::1 HEAD /ViewerJS/Upload_Files/2017-09-06+(2).pdf - 47596 - ::1 Mozilla/5.0+(Windows+NT+10.0;+Win64;+x64)+AppleWebKit/537.36+(KHTML,+like+Gecko)+Chrome/63.0.3239.132+Safari/537.36 http://localhost:47596/Home/Index 404 0 2 3
2018-02-01 17:07:54 ::1 GET /ViewerJS/ - 47596 - ::1 Mozilla/5.0+(Windows+NT+10.0;+Win64;+x64)+AppleWebKit/537.36+(KHTML,+like+Gecko)+Chrome/63.0.3239.132+Safari/537.36 http://localhost:47596/Home/Index 200 0 0 203
2018-02-01 17:07:54 ::1 GET /ViewerJS/images/toolbarButton-pageDown.png - 47596 - ::1 Mozilla/5.0+(Windows+NT+10.0;+Win64;+x64)+AppleWebKit/537.36+(KHTML,+like+Gecko)+Chrome/63.0.3239.132+Safari/537.36 http://localhost:47596/ViewerJS/ 200 0 0 148
2018-02-01 17:07:54 ::1 GET /ViewerJS/images/toolbarButton-pageUp.png - 47596 - ::1 Mozilla/5.0+(Windows+NT+10.0;+Win64;+x64)+AppleWebKit/537.36+(KHTML,+like+Gecko)+Chrome/63.0.3239.132+Safari/537.36 http://localhost:47596/ViewerJS/ 200 0 0 149
2018-02-01 17:07:54 ::1 GET /ViewerJS/images/toolbarButton-fullscreen.png - 47596 - ::1 Mozilla/5.0+(Windows+NT+10.0;+Win64;+x64)+AppleWebKit/537.36+(KHTML,+like+Gecko)+Chrome/63.0.3239.132+Safari/537.36 http://localhost:47596/ViewerJS/ 200 0 0 170
2018-02-01 17:07:54 ::1 GET /ViewerJS/images/toolbarButton-download.png - 47596 - ::1 Mozilla/5.0+(Windows+NT+10.0;+Win64;+x64)+AppleWebKit/537.36+(KHTML,+like+Gecko)+Chrome/63.0.3239.132+Safari/537.36 http://localhost:47596/ViewerJS/ 200 0 0 165
2018-02-01 17:07:54 ::1 GET /ViewerJS/images/texture.png - 47596 - ::1 Mozilla/5.0+(Windows+NT+10.0;+Win64;+x64)+AppleWebKit/537.36+(KHTML,+like+Gecko)+Chrome/63.0.3239.132+Safari/537.36 http://localhost:47596/ViewerJS/ 200 0 0 183
2018-02-01 17:07:54 ::1 GET /ViewerJS/images/toolbarButton-presentation.png - 47596 - ::1 Mozilla/5.0+(Windows+NT+10.0;+Win64;+x64)+AppleWebKit/537.36+(KHTML,+like+Gecko)+Chrome/63.0.3239.132+Safari/537.36 http://localhost:47596/ViewerJS/ 200 0 0 177
2018-02-01 17:07:54 ::1 GET /ViewerJS/images/toolbarButton-menuArrows.png - 47596 - ::1 Mozilla/5.0+(Windows+NT+10.0;+Win64;+x64)+AppleWebKit/537.36+(KHTML,+like+Gecko)+Chrome/63.0.3239.132+Safari/537.36 http://localhost:47596/ViewerJS/ 200 0 0 46
2018-02-01 17:07:54 ::1 GET /ViewerJS/images/toolbarButton-zoomIn.png - 47596 - ::1 Mozilla/5.0+(Windows+NT+10.0;+Win64;+x64)+AppleWebKit/537.36+(KHTML,+like+Gecko)+Chrome/63.0.3239.132+Safari/537.36 http://localhost:47596/ViewerJS/ 200 0 0 48
2018-02-01 17:07:54 ::1 GET /ViewerJS/images/toolbarButton-zoomOut.png - 47596 - ::1 Mozilla/5.0+(Windows+NT+10.0;+Win64;+x64)+AppleWebKit/537.36+(KHTML,+like+Gecko)+Chrome/63.0.3239.132+Safari/537.36 http://localhost:47596/ViewerJS/ 200 0 0 45
2018-02-01 17:07:55 ::1 GET /ViewerJS/images/nlnet.png - 47596 - ::1 Mozilla/5.0+(Windows+NT+10.0;+Win64;+x64)+AppleWebKit/537.36+(KHTML,+like+Gecko)+Chrome/63.0.3239.132+Safari/537.36 http://localhost:47596/ViewerJS/ 200 0 0 11
2018-02-01 17:07:55 ::1 GET /ViewerJS/images/kogmbh.png - 47596 - ::1 Mozilla/5.0+(Windows+NT+10.0;+Win64;+x64)+AppleWebKit/537.36+(KHTML,+like+Gecko)+Chrome/63.0.3239.132+Safari/537.36 http://localhost:47596/ViewerJS/ 200 0 0 13
2018-02-01 17:07:55 ::1 GET /ViewerJS/compatibility.js - 47596 - ::1 Mozilla/5.0+(Windows+NT+10.0;+Win64;+x64)+AppleWebKit/537.36+(KHTML,+like+Gecko)+Chrome/63.0.3239.132+Safari/537.36 http://localhost:47596/ViewerJS/ 200 0 0 62
2018-02-01 17:07:55 ::1 GET /ViewerJS/pdfjsversion.js - 47596 - ::1 Mozilla/5.0+(Windows+NT+10.0;+Win64;+x64)+AppleWebKit/537.36+(KHTML,+like+Gecko)+Chrome/63.0.3239.132+Safari/537.36 http://localhost:47596/ViewerJS/ 200 0 0 19
2018-02-01 17:07:55 ::1 GET /ViewerJS/text_layer_builder.js - 47596 - ::1 Mozilla/5.0+(Windows+NT+10.0;+Win64;+x64)+AppleWebKit/537.36+(KHTML,+like+Gecko)+Chrome/63.0.3239.132+Safari/537.36 http://localhost:47596/ViewerJS/ 200 0 0 58
2018-02-01 17:07:55 ::1 GET /ViewerJS/ui_utils.js - 47596 - ::1 Mozilla/5.0+(Windows+NT+10.0;+Win64;+x64)+AppleWebKit/537.36+(KHTML,+like+Gecko)+Chrome/63.0.3239.132+Safari/537.36 http://localhost:47596/ViewerJS/ 200 0 0 63
2018-02-01 17:07:55 ::1 GET /ViewerJS/pdf.js - 47596 - ::1 Mozilla/5.0+(Windows+NT+10.0;+Win64;+x64)+AppleWebKit/537.36+(KHTML,+like+Gecko)+Chrome/63.0.3239.132+Safari/537.36 http://localhost:47596/ViewerJS/ 200 0 0 345
2018-02-01 17:07:56 ::1 GET /ViewerJS/pdf.worker.js - 47596 - ::1 Mozilla/5.0+(Windows+NT+10.0;+Win64;+x64)+AppleWebKit/537.36+(KHTML,+like+Gecko)+Chrome/63.0.3239.132+Safari/537.36 http://localhost:47596/ViewerJS/ 200 0 0 517
2018-02-01 17:08:58 ::1 HEAD /ViewerJS/Upload_Files/2017-09-06+(3).pdf - 47596 - ::1 Mozilla/5.0+(Windows+NT+10.0;+Win64;+x64)+AppleWebKit/537.36+(KHTML,+like+Gecko)+Chrome/63.0.3239.132+Safari/537.36 http://localhost:47596/Home/Index 404 0 2 3
2018-02-01 17:09:00 ::1 HEAD /ViewerJS/ViewerJS/ - 47596 - ::1 Mozilla/5.0+(Windows+NT+10.0;+Win64;+x64)+AppleWebKit/537.36+(KHTML,+like+Gecko)+Chrome/63.0.3239.132+Safari/537.36 http://localhost:47596/Home/Index 404 0 0 47
2018-02-01 17:09:11 ::1 HEAD /ViewerJS/ViewerJS/ - 47596 - ::1 Mozilla/5.0+(Windows+NT+10.0;+Win64;+x64)+AppleWebKit/537.36+(KHTML,+like+Gecko)+Chrome/63.0.3239.132+Safari/537.36 http://localhost:47596/Home/Index 404 0 0 184
2018-02-01 17:09:11 ::1 HEAD /ViewerJS/Upload_Files/2017-09-06+(2).pdf - 47596 - ::1 Mozilla/5.0+(Windows+NT+10.0;+Win64;+x64)+AppleWebKit/537.36+(KHTML,+like+Gecko)+Chrome/63.0.3239.132+Safari/537.36 http://localhost:47596/Home/Index 404 0 2 7
2018-02-01 17:09:20 ::1 HEAD /ViewerJS/Upload_Files/2017-09-06+(3).pdf - 47596 - ::1 Mozilla/5.0+(Windows+NT+10.0;+Win64;+x64)+AppleWebKit/537.36+(KHTML,+like+Gecko)+Chrome/63.0.3239.132+Safari/537.36 http://localhost:47596/Home/Index 404 0 2 2
2018-02-01 17:09:22 ::1 HEAD /ViewerJS/ViewerJS/ - 47596 - ::1 Mozilla/5.0+(Windows+NT+10.0;+Win64;+x64)+AppleWebKit/537.36+(KHTML,+like+Gecko)+Chrome/63.0.3239.132+Safari/537.36 http://localhost:47596/Home/Index 404 0 0 38
2018-02-01 17:10:21 ::1 HEAD /ViewerJS/Upload_Files/35138662_REPAYMENT.pdf - 47596 - ::1 Mozilla/5.0+(Windows+NT+10.0;+Win64;+x64)+AppleWebKit/537.36+(KHTML,+like+Gecko)+Chrome/63.0.3239.132+Safari/537.36 http://localhost:47596/Home/Index 404 0 2 5
2018-02-01 17:10:21 ::1 HEAD /ViewerJS/Upload_Files/911201751215AM_911201751215AM.pdf - 47596 - ::1 Mozilla/5.0+(Windows+NT+10.0;+Win64;+x64)+AppleWebKit/537.36+(KHTML,+like+Gecko)+Chrome/63.0.3239.132+Safari/537.36 http://localhost:47596/Home/Index 404 0 2 3
